Not searching for unused variables given on the command line.
-- Found ament_cmake: 2.8.6 (/Users/runner/work/pixi_rosdistro/pixi_rosdistro/install/share/ament_cmake/cmake)
-- Found ament_cmake_pytest: 2.8.6 (/Users/runner/work/pixi_rosdistro/pixi_rosdistro/install/share/ament_cmake_pytest/cmake)
-- Found ament_lint_auto: 0.20.3 (/Users/runner/work/pixi_rosdistro/pixi_rosdistro/install/share/ament_lint_auto/cmake)
-- Found ament_cmake_mypy: 0.20.3 (/Users/runner/work/pixi_rosdistro/pixi_rosdistro/install/share/ament_cmake_mypy/cmake)
-- Added test 'mypy' to statically type check Python code.
-- Added test 'copyright' to check source files copyright and LICENSE
-- Added test 'flake8' to check Python code syntax and style conventions
-- Configured 'flake8' exclude dirs and/or files: 
-- Added test 'lint_cmake' to check CMake code style
-- Added test 'pep257' to check Python code against some of the docstring style conventions in PEP 257
-- Added test 'xmllint' to check XML markup files
-- Configuring done (1.0s)
-- Generating done (0.1s)
-- Build files have been written to: /Users/runner/work/pixi_rosdistro/pixi_rosdistro/build/rosidl_adapter
[1/2] cd /Users/runner/work/pixi_rosdistro/pixi_rosdistro/build/rosidl_adapter && /Users/runner/work/pixi_rosdistro/pixi_rosdistro/.pixi/envs/default/bin/cmake -E copy_directory /Users/runner/work/pixi_rosdistro/pixi_rosdistro/src/ros2/rosidl/rosidl_adapter/rosidl_adapter /Users/runner/work/pixi_rosdistro/pixi_rosdistro/build/rosidl_adapter/ament_cmake_python/rosidl_adapter/rosidl_adapter && /Users/runner/work/pixi_rosdistro/pixi_rosdistro/.pixi/envs/default/bin/cmake -E copy_if_different /Users/runner/work/pixi_rosdistro/pixi_rosdistro/src/ros2/rosidl/rosidl_adapter/setup.cfg /Users/runner/work/pixi_rosdistro/pixi_rosdistro/build/rosidl_adapter/ament_cmake_python/rosidl_adapter/setup.cfg
[2/2] cd /Users/runner/work/pixi_rosdistro/pixi_rosdistro/build/rosidl_adapter/ament_cmake_python/rosidl_adapter && /Users/runner/work/pixi_rosdistro/pixi_rosdistro/.pixi/envs/default/bin/python3 setup.py egg_info
running egg_info
creating rosidl_adapter.egg-info
writing rosidl_adapter.egg-info/PKG-INFO
writing dependency_links to rosidl_adapter.egg-info/dependency_links.txt
writing entry points to rosidl_adapter.egg-info/entry_points.txt
writing top-level names to rosidl_adapter.egg-info/top_level.txt
writing manifest file 'rosidl_adapter.egg-info/SOURCES.txt'
reading manifest file 'rosidl_adapter.egg-info/SOURCES.txt'
writing manifest file 'rosidl_adapter.egg-info/SOURCES.txt'
-- Install configuration: "Release"
-- Installing: /Users/runner/work/pixi_rosdistro/pixi_rosdistro/install/share/rosidl_adapter/environment/pythonpath.sh
-- Installing: /Users/runner/work/pixi_rosdistro/pixi_rosdistro/install/share/rosidl_adapter/environment/pythonpath.dsv
-- Installing: /Users/runner/work/pixi_rosdistro/pixi_rosdistro/install/share/ament_index/resource_index/package_run_dependencies/rosidl_adapter
-- Installing: /Users/runner/work/pixi_rosdistro/pixi_rosdistro/install/share/ament_index/resource_index/parent_prefix_path/rosidl_adapter
-- Installing: /Users/runner/work/pixi_rosdistro/pixi_rosdistro/install/share/rosidl_adapter/environment/ament_prefix_path.sh
-- Installing: /Users/runner/work/pixi_rosdistro/pixi_rosdistro/install/share/rosidl_adapter/environment/ament_prefix_path.dsv
-- Installing: /Users/runner/work/pixi_rosdistro/pixi_rosdistro/install/share/rosidl_adapter/environment/path.sh
-- Installing: /Users/runner/work/pixi_rosdistro/pixi_rosdistro/install/share/rosidl_adapter/environment/path.dsv
-- Installing: /Users/runner/work/pixi_rosdistro/pixi_rosdistro/install/share/rosidl_adapter/local_setup.bash
-- Installing: /Users/runner/work/pixi_rosdistro/pixi_rosdistro/install/share/rosidl_adapter/local_setup.fish
-- Installing: /Users/runner/work/pixi_rosdistro/pixi_rosdistro/install/share/rosidl_adapter/local_setup.sh
-- Installing: /Users/runner/work/pixi_rosdistro/pixi_rosdistro/install/share/rosidl_adapter/local_setup.zsh
-- Installing: /Users/runner/work/pixi_rosdistro/pixi_rosdistro/install/share/rosidl_adapter/local_setup.dsv
-- Installing: /Users/runner/work/pixi_rosdistro/pixi_rosdistro/install/share/rosidl_adapter/package.dsv
-- Installing: /Users/runner/work/pixi_rosdistro/pixi_rosdistro/install/share/ament_index/resource_index/packages/rosidl_adapter
-- Installing: /Users/runner/work/pixi_rosdistro/pixi_rosdistro/install/lib/python3.12/site-packages/rosidl_adapter-5.1.3-py3.12.egg-info
-- Installing: /Users/runner/work/pixi_rosdistro/pixi_rosdistro/install/lib/python3.12/site-packages/rosidl_adapter-5.1.3-py3.12.egg-info/PKG-INFO
-- Installing: /Users/runner/work/pixi_rosdistro/pixi_rosdistro/install/lib/python3.12/site-packages/rosidl_adapter-5.1.3-py3.12.egg-info/SOURCES.txt
-- Installing: /Users/runner/work/pixi_rosdistro/pixi_rosdistro/install/lib/python3.12/site-packages/rosidl_adapter-5.1.3-py3.12.egg-info/entry_points.txt
-- Installing: /Users/runner/work/pixi_rosdistro/pixi_rosdistro/install/lib/python3.12/site-packages/rosidl_adapter-5.1.3-py3.12.egg-info/top_level.txt
-- Installing: /Users/runner/work/pixi_rosdistro/pixi_rosdistro/install/lib/python3.12/site-packages/rosidl_adapter-5.1.3-py3.12.egg-info/dependency_links.txt
-- Installing: /Users/runner/work/pixi_rosdistro/pixi_rosdistro/install/lib/python3.12/site-packages/rosidl_adapter
-- Installing: /Users/runner/work/pixi_rosdistro/pixi_rosdistro/install/lib/python3.12/site-packages/rosidl_adapter/msg
-- Installing: /Users/runner/work/pixi_rosdistro/pixi_rosdistro/install/lib/python3.12/site-packages/rosidl_adapter/msg/__init__.py
-- Installing: /Users/runner/work/pixi_rosdistro/pixi_rosdistro/install/lib/python3.12/site-packages/rosidl_adapter/__init__.py
-- Installing: /Users/runner/work/pixi_rosdistro/pixi_rosdistro/install/lib/python3.12/site-packages/rosidl_adapter/parser.py
-- Installing: /Users/runner/work/pixi_rosdistro/pixi_rosdistro/install/lib/python3.12/site-packages/rosidl_adapter/action
-- Installing: /Users/runner/work/pixi_rosdistro/pixi_rosdistro/install/lib/python3.12/site-packages/rosidl_adapter/action/__init__.py
-- Installing: /Users/runner/work/pixi_rosdistro/pixi_rosdistro/install/lib/python3.12/site-packages/rosidl_adapter/cli.py
-- Installing: /Users/runner/work/pixi_rosdistro/pixi_rosdistro/install/lib/python3.12/site-packages/rosidl_adapter/py.typed
-- Installing: /Users/runner/work/pixi_rosdistro/pixi_rosdistro/install/lib/python3.12/site-packages/rosidl_adapter/main.py
-- Installing: /Users/runner/work/pixi_rosdistro/pixi_rosdistro/install/lib/python3.12/site-packages/rosidl_adapter/resource
-- Installing: /Users/runner/work/pixi_rosdistro/pixi_rosdistro/install/lib/python3.12/site-packages/rosidl_adapter/resource/msg.idl.em
-- Installing: /Users/runner/work/pixi_rosdistro/pixi_rosdistro/install/lib/python3.12/site-packages/rosidl_adapter/resource/__init__.py
-- Installing: /Users/runner/work/pixi_rosdistro/pixi_rosdistro/install/lib/python3.12/site-packages/rosidl_adapter/resource/struct.idl.em
-- Installing: /Users/runner/work/pixi_rosdistro/pixi_rosdistro/install/lib/python3.12/site-packages/rosidl_adapter/resource/srv.idl.em
-- Installing: /Users/runner/work/pixi_rosdistro/pixi_rosdistro/install/lib/python3.12/site-packages/rosidl_adapter/resource/action.idl.em
-- Installing: /Users/runner/work/pixi_rosdistro/pixi_rosdistro/install/lib/python3.12/site-packages/rosidl_adapter/__main__.py
-- Installing: /Users/runner/work/pixi_rosdistro/pixi_rosdistro/install/lib/python3.12/site-packages/rosidl_adapter/srv
-- Installing: /Users/runner/work/pixi_rosdistro/pixi_rosdistro/install/lib/python3.12/site-packages/rosidl_adapter/srv/__init__.py
Listing '/Users/runner/work/pixi_rosdistro/pixi_rosdistro/install/lib/python3.12/site-packages/rosidl_adapter'...
Compiling '/Users/runner/work/pixi_rosdistro/pixi_rosdistro/install/lib/python3.12/site-packages/rosidl_adapter/__init__.py'...
Compiling '/Users/runner/work/pixi_rosdistro/pixi_rosdistro/install/lib/python3.12/site-packages/rosidl_adapter/__main__.py'...
Listing '/Users/runner/work/pixi_rosdistro/pixi_rosdistro/install/lib/python3.12/site-packages/rosidl_adapter/action'...
Compiling '/Users/runner/work/pixi_rosdistro/pixi_rosdistro/install/lib/python3.12/site-packages/rosidl_adapter/action/__init__.py'...
Compiling '/Users/runner/work/pixi_rosdistro/pixi_rosdistro/install/lib/python3.12/site-packages/rosidl_adapter/cli.py'...
Compiling '/Users/runner/work/pixi_rosdistro/pixi_rosdistro/install/lib/python3.12/site-packages/rosidl_adapter/main.py'...
Listing '/Users/runner/work/pixi_rosdistro/pixi_rosdistro/install/lib/python3.12/site-packages/rosidl_adapter/msg'...
Compiling '/Users/runner/work/pixi_rosdistro/pixi_rosdistro/install/lib/python3.12/site-packages/rosidl_adapter/msg/__init__.py'...
Compiling '/Users/runner/work/pixi_rosdistro/pixi_rosdistro/install/lib/python3.12/site-packages/rosidl_adapter/parser.py'...
Listing '/Users/runner/work/pixi_rosdistro/pixi_rosdistro/install/lib/python3.12/site-packages/rosidl_adapter/resource'...
Compiling '/Users/runner/work/pixi_rosdistro/pixi_rosdistro/install/lib/python3.12/site-packages/rosidl_adapter/resource/__init__.py'...
Listing '/Users/runner/work/pixi_rosdistro/pixi_rosdistro/install/lib/python3.12/site-packages/rosidl_adapter/srv'...
Compiling '/Users/runner/work/pixi_rosdistro/pixi_rosdistro/install/lib/python3.12/site-packages/rosidl_adapter/srv/__init__.py'...
-- Installing: /Users/runner/work/pixi_rosdistro/pixi_rosdistro/install/share/rosidl_adapter/cmake/rosidl_adapter-extras.cmake
-- Installing: /Users/runner/work/pixi_rosdistro/pixi_rosdistro/install/share/rosidl_adapter/cmake/rosidl_adapterConfig.cmake
-- Installing: /Users/runner/work/pixi_rosdistro/pixi_rosdistro/install/share/rosidl_adapter/cmake/rosidl_adapterConfig-version.cmake
-- Installing: /Users/runner/work/pixi_rosdistro/pixi_rosdistro/install/share/rosidl_adapter/package.xml
-- Up-to-date: /Users/runner/work/pixi_rosdistro/pixi_rosdistro/install/share/rosidl_adapter/cmake
-- Installing: /Users/runner/work/pixi_rosdistro/pixi_rosdistro/install/share/rosidl_adapter/cmake/rosidl_adapt_interfaces.cmake
-- Installing: /Users/runner/work/pixi_rosdistro/pixi_rosdistro/install/lib/rosidl_adapter/msg2idl.py
-- Installing: /Users/runner/work/pixi_rosdistro/pixi_rosdistro/install/lib/rosidl_adapter/srv2idl.py
-- Installing: /Users/runner/work/pixi_rosdistro/pixi_rosdistro/install/lib/rosidl_adapter/action2idl.py
