[2.492s] Invoking command in '/home/runner/work/pixi_rosdistro/pixi_rosdistro/build/mcap_vendor': AMENT_PREFIX_PATH=/home/runner/work/pixi_rosdistro/pixi_rosdistro/install CMAKE_PREFIX_PATH=/home/runner/work/pixi_rosdistro/pixi_rosdistro/install:${CMAKE_PREFIX_PATH} LD_LIBRARY_PATH=/home/runner/work/pixi_rosdistro/pixi_rosdistro/install/lib PATH=/home/runner/work/pixi_rosdistro/pixi_rosdistro/install/bin:/opt/microsoft/powershell/7:${PATH} PIXI_PROMPT=(ros2_rolling) PKG_CONFIG_PATH=/home/runner/work/pixi_rosdistro/pixi_rosdistro/install/lib/pkgconfig PSModulePath=/home/runner/.local/share/powershell/Modules:${PSModulePath} PYTHONPATH=/home/runner/work/pixi_rosdistro/pixi_rosdistro/install/lib/python3.12/site-packages /home/runner/work/pixi_rosdistro/pixi_rosdistro/.pixi/envs/default/bin/cmake /home/runner/work/pixi_rosdistro/pixi_rosdistro/src/ros2/rosbag2/mcap_vendor -GNinja --no-warn-unused-cli -DCMAKE_BUILD_TYPE=Release -DCMAKE_BUILD_WITH_INSTALL_RPATH:bool=TRUE -DCMAKE_POLICY_VERSION_MINIMUM=3.5 -Wno-deprecated -DSTACK_DETAILS_AUTO_DETECT:bool=FALSE -DSTACK_DETAILS_BFD:bool=FALSE -DTRACETOOLS_DISABLED=ON -DCMAKE_INSTALL_PREFIX=/home/runner/work/pixi_rosdistro/pixi_rosdistro/install
[2.569s] Not searching for unused variables given on the command line.
[2.569s] -- The C compiler identification is GNU 14.3.0
[2.698s] -- The CXX compiler identification is GNU 14.3.0
[2.711s] -- Detecting C compiler ABI info
[2.845s] -- Detecting C compiler ABI info - done
[2.879s] -- Check for working C compiler: /home/runner/work/pixi_rosdistro/pixi_rosdistro/.pixi/envs/default/bin/x86_64-conda-linux-gnu-cc - skipped
[2.880s] -- Detecting C compile features
[2.880s] -- Detecting C compile features - done
[2.900s] -- Detecting CXX compiler ABI info
[3.065s] -- Detecting CXX compiler ABI info - done
[3.102s] -- Check for working CXX compiler: /home/runner/work/pixi_rosdistro/pixi_rosdistro/.pixi/envs/default/bin/x86_64-conda-linux-gnu-c++ - skipped
[3.103s] -- Detecting CXX compile features
[3.105s] -- Detecting CXX compile features - done
[3.119s] -- Found ament_cmake: 2.8.6 (/home/runner/work/pixi_rosdistro/pixi_rosdistro/install/share/ament_cmake/cmake)
[3.352s] -- Found lz4_cmake_module: 0.33.0 (/home/runner/work/pixi_rosdistro/pixi_rosdistro/install/share/lz4_cmake_module/cmake)
[3.359s] -- Found lz4: /home/runner/work/pixi_rosdistro/pixi_rosdistro/.pixi/envs/default/lib/liblz4.so (found version "1.10.0")
[3.360s] -- Found zstd_cmake_module: 0.33.0 (/home/runner/work/pixi_rosdistro/pixi_rosdistro/install/share/zstd_cmake_module/cmake)
[3.370s] -- Found zstd: /home/runner/work/pixi_rosdistro/pixi_rosdistro/.pixi/envs/default/lib/libzstd.so (found version "1.5.7")
[4.329s] -- Configuring done (1.8s)
[4.345s] -- Generating done (0.0s)
[4.348s] -- Build files have been written to: /home/runner/work/pixi_rosdistro/pixi_rosdistro/build/mcap_vendor
[4.357s] Invoked command in '/home/runner/work/pixi_rosdistro/pixi_rosdistro/build/mcap_vendor' returned '0': AMENT_PREFIX_PATH=/home/runner/work/pixi_rosdistro/pixi_rosdistro/install CMAKE_PREFIX_PATH=/home/runner/work/pixi_rosdistro/pixi_rosdistro/install:${CMAKE_PREFIX_PATH} LD_LIBRARY_PATH=/home/runner/work/pixi_rosdistro/pixi_rosdistro/install/lib PATH=/home/runner/work/pixi_rosdistro/pixi_rosdistro/install/bin:/opt/microsoft/powershell/7:${PATH} PIXI_PROMPT=(ros2_rolling) PKG_CONFIG_PATH=/home/runner/work/pixi_rosdistro/pixi_rosdistro/install/lib/pkgconfig PSModulePath=/home/runner/.local/share/powershell/Modules:${PSModulePath} PYTHONPATH=/home/runner/work/pixi_rosdistro/pixi_rosdistro/install/lib/python3.12/site-packages /home/runner/work/pixi_rosdistro/pixi_rosdistro/.pixi/envs/default/bin/cmake /home/runner/work/pixi_rosdistro/pixi_rosdistro/src/ros2/rosbag2/mcap_vendor -GNinja --no-warn-unused-cli -DCMAKE_BUILD_TYPE=Release -DCMAKE_BUILD_WITH_INSTALL_RPATH:bool=TRUE -DCMAKE_POLICY_VERSION_MINIMUM=3.5 -Wno-deprecated -DSTACK_DETAILS_AUTO_DETECT:bool=FALSE -DSTACK_DETAILS_BFD:bool=FALSE -DTRACETOOLS_DISABLED=ON -DCMAKE_INSTALL_PREFIX=/home/runner/work/pixi_rosdistro/pixi_rosdistro/install
[4.358s] Invoking command in '/home/runner/work/pixi_rosdistro/pixi_rosdistro/build/mcap_vendor': AMENT_PREFIX_PATH=/home/runner/work/pixi_rosdistro/pixi_rosdistro/install CMAKE_PREFIX_PATH=/home/runner/work/pixi_rosdistro/pixi_rosdistro/install:${CMAKE_PREFIX_PATH} LD_LIBRARY_PATH=/home/runner/work/pixi_rosdistro/pixi_rosdistro/install/lib PATH=/home/runner/work/pixi_rosdistro/pixi_rosdistro/install/bin:/opt/microsoft/powershell/7:${PATH} PIXI_PROMPT=(ros2_rolling) PKG_CONFIG_PATH=/home/runner/work/pixi_rosdistro/pixi_rosdistro/install/lib/pkgconfig PSModulePath=/home/runner/.local/share/powershell/Modules:${PSModulePath} PYTHONPATH=/home/runner/work/pixi_rosdistro/pixi_rosdistro/install/lib/python3.12/site-packages /home/runner/work/pixi_rosdistro/pixi_rosdistro/.pixi/envs/default/bin/cmake --build /home/runner/work/pixi_rosdistro/pixi_rosdistro/build/mcap_vendor -- -j4 -l4
[4.775s] [1/2] Building CXX object CMakeFiles/mcap.dir/src/main.cpp.o
[4.852s] [2/2] Linking CXX shared library libmcap.so
[4.857s] Invoked command in '/home/runner/work/pixi_rosdistro/pixi_rosdistro/build/mcap_vendor' returned '0': AMENT_PREFIX_PATH=/home/runner/work/pixi_rosdistro/pixi_rosdistro/install CMAKE_PREFIX_PATH=/home/runner/work/pixi_rosdistro/pixi_rosdistro/install:${CMAKE_PREFIX_PATH} LD_LIBRARY_PATH=/home/runner/work/pixi_rosdistro/pixi_rosdistro/install/lib PATH=/home/runner/work/pixi_rosdistro/pixi_rosdistro/install/bin:/opt/microsoft/powershell/7:${PATH} PIXI_PROMPT=(ros2_rolling) PKG_CONFIG_PATH=/home/runner/work/pixi_rosdistro/pixi_rosdistro/install/lib/pkgconfig PSModulePath=/home/runner/.local/share/powershell/Modules:${PSModulePath} PYTHONPATH=/home/runner/work/pixi_rosdistro/pixi_rosdistro/install/lib/python3.12/site-packages /home/runner/work/pixi_rosdistro/pixi_rosdistro/.pixi/envs/default/bin/cmake --build /home/runner/work/pixi_rosdistro/pixi_rosdistro/build/mcap_vendor -- -j4 -l4
[4.858s] Invoking command in '/home/runner/work/pixi_rosdistro/pixi_rosdistro/build/mcap_vendor': AMENT_PREFIX_PATH=/home/runner/work/pixi_rosdistro/pixi_rosdistro/install CMAKE_PREFIX_PATH=/home/runner/work/pixi_rosdistro/pixi_rosdistro/install:${CMAKE_PREFIX_PATH} LD_LIBRARY_PATH=/home/runner/work/pixi_rosdistro/pixi_rosdistro/install/lib PATH=/home/runner/work/pixi_rosdistro/pixi_rosdistro/install/bin:/opt/microsoft/powershell/7:${PATH} PIXI_PROMPT=(ros2_rolling) PKG_CONFIG_PATH=/home/runner/work/pixi_rosdistro/pixi_rosdistro/install/lib/pkgconfig PSModulePath=/home/runner/.local/share/powershell/Modules:${PSModulePath} PYTHONPATH=/home/runner/work/pixi_rosdistro/pixi_rosdistro/install/lib/python3.12/site-packages /home/runner/work/pixi_rosdistro/pixi_rosdistro/.pixi/envs/default/bin/cmake --install /home/runner/work/pixi_rosdistro/pixi_rosdistro/build/mcap_vendor
[4.865s] -- Install configuration: "Release"
[4.865s] -- Installing: /home/runner/work/pixi_rosdistro/pixi_rosdistro/install/include/mcap_vendor/mcap/crc32.hpp
[4.866s] -- Installing: /home/runner/work/pixi_rosdistro/pixi_rosdistro/install/include/mcap_vendor/mcap/errors.hpp
[4.866s] -- Installing: /home/runner/work/pixi_rosdistro/pixi_rosdistro/install/include/mcap_vendor/mcap/internal.hpp
[4.867s] -- Installing: /home/runner/work/pixi_rosdistro/pixi_rosdistro/install/include/mcap_vendor/mcap/intervaltree.hpp
[4.868s] -- Installing: /home/runner/work/pixi_rosdistro/pixi_rosdistro/install/include/mcap_vendor/mcap/mcap.hpp
[4.868s] -- Installing: /home/runner/work/pixi_rosdistro/pixi_rosdistro/install/include/mcap_vendor/mcap/read_job_queue.hpp
[4.868s] -- Installing: /home/runner/work/pixi_rosdistro/pixi_rosdistro/install/include/mcap_vendor/mcap/reader.hpp
[4.868s] -- Installing: /home/runner/work/pixi_rosdistro/pixi_rosdistro/install/include/mcap_vendor/mcap/types.hpp
[4.869s] -- Installing: /home/runner/work/pixi_rosdistro/pixi_rosdistro/install/include/mcap_vendor/mcap/visibility.hpp
[4.869s] -- Installing: /home/runner/work/pixi_rosdistro/pixi_rosdistro/install/include/mcap_vendor/mcap/writer.hpp
[4.869s] -- Installing: /home/runner/work/pixi_rosdistro/pixi_rosdistro/install/lib/libmcap.so
[4.871s] -- Installing: /home/runner/work/pixi_rosdistro/pixi_rosdistro/install/share/mcap_vendor/environment/library_path.sh
[4.871s] -- Installing: /home/runner/work/pixi_rosdistro/pixi_rosdistro/install/share/mcap_vendor/environment/library_path.dsv
[4.872s] -- Installing: /home/runner/work/pixi_rosdistro/pixi_rosdistro/install/share/ament_index/resource_index/package_run_dependencies/mcap_vendor
[4.872s] -- Installing: /home/runner/work/pixi_rosdistro/pixi_rosdistro/install/share/ament_index/resource_index/parent_prefix_path/mcap_vendor
[4.875s] -- Installing: /home/runner/work/pixi_rosdistro/pixi_rosdistro/install/share/mcap_vendor/environment/ament_prefix_path.sh
[4.875s] -- Installing: /home/runner/work/pixi_rosdistro/pixi_rosdistro/install/share/mcap_vendor/environment/ament_prefix_path.dsv
[4.875s] -- Installing: /home/runner/work/pixi_rosdistro/pixi_rosdistro/install/share/mcap_vendor/environment/path.sh
[4.875s] -- Installing: /home/runner/work/pixi_rosdistro/pixi_rosdistro/install/share/mcap_vendor/environment/path.dsv
[4.875s] -- Installing: /home/runner/work/pixi_rosdistro/pixi_rosdistro/install/share/mcap_vendor/local_setup.bash
[4.875s] -- Installing: /home/runner/work/pixi_rosdistro/pixi_rosdistro/install/share/mcap_vendor/local_setup.fish
[4.876s] -- Installing: /home/runner/work/pixi_rosdistro/pixi_rosdistro/install/share/mcap_vendor/local_setup.sh
[4.876s] -- Installing: /home/runner/work/pixi_rosdistro/pixi_rosdistro/install/share/mcap_vendor/local_setup.zsh
[4.876s] -- Installing: /home/runner/work/pixi_rosdistro/pixi_rosdistro/install/share/mcap_vendor/local_setup.dsv
[4.876s] -- Installing: /home/runner/work/pixi_rosdistro/pixi_rosdistro/install/share/mcap_vendor/package.dsv
[4.876s] -- Installing: /home/runner/work/pixi_rosdistro/pixi_rosdistro/install/share/ament_index/resource_index/packages/mcap_vendor
[4.876s] -- Installing: /home/runner/work/pixi_rosdistro/pixi_rosdistro/install/share/mcap_vendor/cmake/mcapExport.cmake
[4.876s] -- Installing: /home/runner/work/pixi_rosdistro/pixi_rosdistro/install/share/mcap_vendor/cmake/mcapExport-release.cmake
[4.877s] -- Installing: /home/runner/work/pixi_rosdistro/pixi_rosdistro/install/share/mcap_vendor/cmake/ament_cmake_export_include_directories-extras.cmake
[4.877s] -- Installing: /home/runner/work/pixi_rosdistro/pixi_rosdistro/install/share/mcap_vendor/cmake/ament_cmake_export_targets-extras.cmake
[4.878s] -- Installing: /home/runner/work/pixi_rosdistro/pixi_rosdistro/install/share/mcap_vendor/cmake/ament_cmake_export_dependencies-extras.cmake
[4.878s] -- Installing: /home/runner/work/pixi_rosdistro/pixi_rosdistro/install/share/mcap_vendor/cmake/mcap_vendorConfig.cmake
[4.879s] -- Installing: /home/runner/work/pixi_rosdistro/pixi_rosdistro/install/share/mcap_vendor/cmake/mcap_vendorConfig-version.cmake
[4.879s] -- Installing: /home/runner/work/pixi_rosdistro/pixi_rosdistro/install/share/mcap_vendor/package.xml
[4.881s] Invoked command in '/home/runner/work/pixi_rosdistro/pixi_rosdistro/build/mcap_vendor' returned '0': AMENT_PREFIX_PATH=/home/runner/work/pixi_rosdistro/pixi_rosdistro/install CMAKE_PREFIX_PATH=/home/runner/work/pixi_rosdistro/pixi_rosdistro/install:${CMAKE_PREFIX_PATH} LD_LIBRARY_PATH=/home/runner/work/pixi_rosdistro/pixi_rosdistro/install/lib PATH=/home/runner/work/pixi_rosdistro/pixi_rosdistro/install/bin:/opt/microsoft/powershell/7:${PATH} PIXI_PROMPT=(ros2_rolling) PKG_CONFIG_PATH=/home/runner/work/pixi_rosdistro/pixi_rosdistro/install/lib/pkgconfig PSModulePath=/home/runner/.local/share/powershell/Modules:${PSModulePath} PYTHONPATH=/home/runner/work/pixi_rosdistro/pixi_rosdistro/install/lib/python3.12/site-packages /home/runner/work/pixi_rosdistro/pixi_rosdistro/.pixi/envs/default/bin/cmake --install /home/runner/work/pixi_rosdistro/pixi_rosdistro/build/mcap_vendor
