[0.448s] Invoking command in '/Users/runner/work/pixi_rosdistro/pixi_rosdistro/src/ament/ament_index/ament_index_python': AMENT_PREFIX_PATH=/Users/runner/work/pixi_rosdistro/pixi_rosdistro/install CMAKE_PREFIX_PATH=/Users/runner/work/pixi_rosdistro/pixi_rosdistro/install PATH=/Users/runner/work/pixi_rosdistro/pixi_rosdistro/install/bin:${PATH} PIXI_PROMPT=(ros2_rolling) PYTHONPATH=/Users/runner/work/pixi_rosdistro/pixi_rosdistro/build/ament_index_python/prefix_override:/Users/runner/work/pixi_rosdistro/pixi_rosdistro/.pixi/envs/default/lib/python3.12/site-packages/colcon_core/task/python/colcon_distutils_commands:/Users/runner/work/pixi_rosdistro/pixi_rosdistro/install/lib/python3.12/site-packages:/Users/runner/work/pixi_rosdistro/pixi_rosdistro/install/lib/python3.12/site-packages ROS_DOMAIN_ID=44 SHLVL=3 _=/usr/bin/env /Users/runner/work/pixi_rosdistro/pixi_rosdistro/.pixi/envs/default/bin/python3.12 -W ignore:setup.py install is deprecated -W ignore:easy_install command is deprecated setup.py egg_info --egg-base ../../../../build/ament_index_python build --build-base /Users/runner/work/pixi_rosdistro/pixi_rosdistro/build/ament_index_python/build install --record /Users/runner/work/pixi_rosdistro/pixi_rosdistro/build/ament_index_python/install.log --single-version-externally-managed install_data
[0.625s] running egg_info
[0.629s] creating ../../../../build/ament_index_python/ament_index_python.egg-info
[0.630s] writing ../../../../build/ament_index_python/ament_index_python.egg-info/PKG-INFO
[0.632s] writing dependency_links to ../../../../build/ament_index_python/ament_index_python.egg-info/dependency_links.txt
[0.632s] writing entry points to ../../../../build/ament_index_python/ament_index_python.egg-info/entry_points.txt
[0.632s] writing requirements to ../../../../build/ament_index_python/ament_index_python.egg-info/requires.txt
[0.632s] writing top-level names to ../../../../build/ament_index_python/ament_index_python.egg-info/top_level.txt
[0.632s] writing manifest file '../../../../build/ament_index_python/ament_index_python.egg-info/SOURCES.txt'
[0.642s] reading manifest file '../../../../build/ament_index_python/ament_index_python.egg-info/SOURCES.txt'
[0.642s] writing manifest file '../../../../build/ament_index_python/ament_index_python.egg-info/SOURCES.txt'
[0.643s] running build
[0.643s] running build_py
[0.643s] creating /Users/runner/work/pixi_rosdistro/pixi_rosdistro/build/ament_index_python/build/lib/ament_index_python
[0.643s] copying ament_index_python/search_paths.py -> /Users/runner/work/pixi_rosdistro/pixi_rosdistro/build/ament_index_python/build/lib/ament_index_python
[0.643s] copying ament_index_python/constants.py -> /Users/runner/work/pixi_rosdistro/pixi_rosdistro/build/ament_index_python/build/lib/ament_index_python
[0.644s] copying ament_index_python/__init__.py -> /Users/runner/work/pixi_rosdistro/pixi_rosdistro/build/ament_index_python/build/lib/ament_index_python
[0.644s] copying ament_index_python/packages.py -> /Users/runner/work/pixi_rosdistro/pixi_rosdistro/build/ament_index_python/build/lib/ament_index_python
[0.644s] copying ament_index_python/cli.py -> /Users/runner/work/pixi_rosdistro/pixi_rosdistro/build/ament_index_python/build/lib/ament_index_python
[0.645s] copying ament_index_python/resources.py -> /Users/runner/work/pixi_rosdistro/pixi_rosdistro/build/ament_index_python/build/lib/ament_index_python
[0.646s] copying ament_index_python/py.typed -> /Users/runner/work/pixi_rosdistro/pixi_rosdistro/build/ament_index_python/build/lib/ament_index_python
[0.646s] running install
[0.654s] running install_lib
[0.658s] creating /Users/runner/work/pixi_rosdistro/pixi_rosdistro/install/lib/python3.12/site-packages/ament_index_python
[0.658s] copying /Users/runner/work/pixi_rosdistro/pixi_rosdistro/build/ament_index_python/build/lib/ament_index_python/search_paths.py -> /Users/runner/work/pixi_rosdistro/pixi_rosdistro/install/lib/python3.12/site-packages/ament_index_python
[0.658s] copying /Users/runner/work/pixi_rosdistro/pixi_rosdistro/build/ament_index_python/build/lib/ament_index_python/constants.py -> /Users/runner/work/pixi_rosdistro/pixi_rosdistro/install/lib/python3.12/site-packages/ament_index_python
[0.658s] copying /Users/runner/work/pixi_rosdistro/pixi_rosdistro/build/ament_index_python/build/lib/ament_index_python/__init__.py -> /Users/runner/work/pixi_rosdistro/pixi_rosdistro/install/lib/python3.12/site-packages/ament_index_python
[0.658s] copying /Users/runner/work/pixi_rosdistro/pixi_rosdistro/build/ament_index_python/build/lib/ament_index_python/packages.py -> /Users/runner/work/pixi_rosdistro/pixi_rosdistro/install/lib/python3.12/site-packages/ament_index_python
[0.658s] copying /Users/runner/work/pixi_rosdistro/pixi_rosdistro/build/ament_index_python/build/lib/ament_index_python/cli.py -> /Users/runner/work/pixi_rosdistro/pixi_rosdistro/install/lib/python3.12/site-packages/ament_index_python
[0.658s] copying /Users/runner/work/pixi_rosdistro/pixi_rosdistro/build/ament_index_python/build/lib/ament_index_python/py.typed -> /Users/runner/work/pixi_rosdistro/pixi_rosdistro/install/lib/python3.12/site-packages/ament_index_python
[0.658s] copying /Users/runner/work/pixi_rosdistro/pixi_rosdistro/build/ament_index_python/build/lib/ament_index_python/resources.py -> /Users/runner/work/pixi_rosdistro/pixi_rosdistro/install/lib/python3.12/site-packages/ament_index_python
[0.658s] byte-compiling /Users/runner/work/pixi_rosdistro/pixi_rosdistro/install/lib/python3.12/site-packages/ament_index_python/search_paths.py to search_paths.cpython-312.pyc
[0.658s] byte-compiling /Users/runner/work/pixi_rosdistro/pixi_rosdistro/install/lib/python3.12/site-packages/ament_index_python/constants.py to constants.cpython-312.pyc
[0.659s] byte-compiling /Users/runner/work/pixi_rosdistro/pixi_rosdistro/install/lib/python3.12/site-packages/ament_index_python/__init__.py to __init__.cpython-312.pyc
[0.659s] byte-compiling /Users/runner/work/pixi_rosdistro/pixi_rosdistro/install/lib/python3.12/site-packages/ament_index_python/packages.py to packages.cpython-312.pyc
[0.659s] byte-compiling /Users/runner/work/pixi_rosdistro/pixi_rosdistro/install/lib/python3.12/site-packages/ament_index_python/cli.py to cli.cpython-312.pyc
[0.660s] byte-compiling /Users/runner/work/pixi_rosdistro/pixi_rosdistro/install/lib/python3.12/site-packages/ament_index_python/resources.py to resources.cpython-312.pyc
[0.662s] running install_data
[0.662s] copying package.xml -> /Users/runner/work/pixi_rosdistro/pixi_rosdistro/install/share/ament_index_python
[0.662s] creating /Users/runner/work/pixi_rosdistro/pixi_rosdistro/install/share/ament_index_python/environment
[0.662s] copying completion/ament_index-argcomplete.bash -> /Users/runner/work/pixi_rosdistro/pixi_rosdistro/install/share/ament_index_python/environment
[0.664s] copying completion/ament_index-argcomplete.zsh -> /Users/runner/work/pixi_rosdistro/pixi_rosdistro/install/share/ament_index_python/environment
[0.664s] copying resource/ament_index_python -> /Users/runner/work/pixi_rosdistro/pixi_rosdistro/install/share/ament_index/resource_index/packages
[0.664s] running install_egg_info
[0.670s] Copying ../../../../build/ament_index_python/ament_index_python.egg-info to /Users/runner/work/pixi_rosdistro/pixi_rosdistro/install/lib/python3.12/site-packages/ament_index_python-1.13.2-py3.12.egg-info
[0.670s] running install_scripts
[0.682s] Installing ament_index script to /Users/runner/work/pixi_rosdistro/pixi_rosdistro/install/bin
[0.682s] writing list of installed files to '/Users/runner/work/pixi_rosdistro/pixi_rosdistro/build/ament_index_python/install.log'
[0.699s] Invoked command in '/Users/runner/work/pixi_rosdistro/pixi_rosdistro/src/ament/ament_index/ament_index_python' returned '0': AMENT_PREFIX_PATH=/Users/runner/work/pixi_rosdistro/pixi_rosdistro/install CMAKE_PREFIX_PATH=/Users/runner/work/pixi_rosdistro/pixi_rosdistro/install PATH=/Users/runner/work/pixi_rosdistro/pixi_rosdistro/install/bin:${PATH} PIXI_PROMPT=(ros2_rolling) PYTHONPATH=/Users/runner/work/pixi_rosdistro/pixi_rosdistro/build/ament_index_python/prefix_override:/Users/runner/work/pixi_rosdistro/pixi_rosdistro/.pixi/envs/default/lib/python3.12/site-packages/colcon_core/task/python/colcon_distutils_commands:/Users/runner/work/pixi_rosdistro/pixi_rosdistro/install/lib/python3.12/site-packages:/Users/runner/work/pixi_rosdistro/pixi_rosdistro/install/lib/python3.12/site-packages ROS_DOMAIN_ID=44 SHLVL=3 _=/usr/bin/env /Users/runner/work/pixi_rosdistro/pixi_rosdistro/.pixi/envs/default/bin/python3.12 -W ignore:setup.py install is deprecated -W ignore:easy_install command is deprecated setup.py egg_info --egg-base ../../../../build/ament_index_python build --build-base /Users/runner/work/pixi_rosdistro/pixi_rosdistro/build/ament_index_python/build install --record /Users/runner/work/pixi_rosdistro/pixi_rosdistro/build/ament_index_python/install.log --single-version-externally-managed install_data
