[2.608s] Invoking command in '/home/runner/work/pixi_rosdistro/pixi_rosdistro/build/qt_gui_py_common': AMENT_PREFIX_PATH=/home/runner/work/pixi_rosdistro/pixi_rosdistro/install CMAKE_PREFIX_PATH=/home/runner/work/pixi_rosdistro/pixi_rosdistro/install:${CMAKE_PREFIX_PATH} LD_LIBRARY_PATH=/home/runner/work/pixi_rosdistro/pixi_rosdistro/install/lib PATH=/home/runner/work/pixi_rosdistro/pixi_rosdistro/install/bin:/opt/microsoft/powershell/7:${PATH} PIXI_PROMPT=(ros2_rolling) PKG_CONFIG_PATH=/home/runner/work/pixi_rosdistro/pixi_rosdistro/install/lib/pkgconfig PSModulePath=/home/runner/.local/share/powershell/Modules:${PSModulePath} PYTHONPATH=/home/runner/work/pixi_rosdistro/pixi_rosdistro/install/lib/python3.12/site-packages /home/runner/work/pixi_rosdistro/pixi_rosdistro/.pixi/envs/default/bin/cmake /home/runner/work/pixi_rosdistro/pixi_rosdistro/src/ros-visualization/qt_gui_core/qt_gui_py_common -GNinja --no-warn-unused-cli -DCMAKE_BUILD_TYPE=Release -DCMAKE_BUILD_WITH_INSTALL_RPATH:bool=TRUE -DCMAKE_POLICY_VERSION_MINIMUM=3.5 -Wno-deprecated -DSTACK_DETAILS_AUTO_DETECT:bool=FALSE -DSTACK_DETAILS_BFD:bool=FALSE -DTRACETOOLS_DISABLED=ON -DCMAKE_INSTALL_PREFIX=/home/runner/work/pixi_rosdistro/pixi_rosdistro/install
[2.716s] Not searching for unused variables given on the command line.
[2.716s] -- The C compiler identification is GNU 14.3.0
[2.851s] -- The CXX compiler identification is GNU 14.3.0
[2.866s] -- Detecting C compiler ABI info
[3.052s] -- Detecting C compiler ABI info - done
[3.100s] -- Check for working C compiler: /home/runner/work/pixi_rosdistro/pixi_rosdistro/.pixi/envs/default/bin/x86_64-conda-linux-gnu-cc - skipped
[3.100s] -- Detecting C compile features
[3.100s] -- Detecting C compile features - done
[3.123s] -- Detecting CXX compiler ABI info
[3.459s] -- Detecting CXX compiler ABI info - done
[3.496s] -- Check for working CXX compiler: /home/runner/work/pixi_rosdistro/pixi_rosdistro/.pixi/envs/default/bin/x86_64-conda-linux-gnu-c++ - skipped
[3.496s] -- Detecting CXX compile features
[3.498s] -- Detecting CXX compile features - done
[3.514s] -- Found ament_cmake: 2.8.6 (/home/runner/work/pixi_rosdistro/pixi_rosdistro/install/share/ament_cmake/cmake)
[4.006s] -- Found ament_lint_auto: 0.20.3 (/home/runner/work/pixi_rosdistro/pixi_rosdistro/install/share/ament_lint_auto/cmake)
[4.176s] -- Added test 'flake8' to check Python code syntax and style conventions
[4.176s] -- Configured 'flake8' exclude dirs and/or files: 
[4.177s] -- Added test 'lint_cmake' to check CMake code style
[4.178s] -- Added test 'pep257' to check Python code against some of the docstring style conventions in PEP 257
[4.181s] -- Added test 'xmllint' to check XML markup files
[4.182s] -- Configuring done (1.6s)
[4.196s] -- Generating done (0.0s)
[4.199s] -- Build files have been written to: /home/runner/work/pixi_rosdistro/pixi_rosdistro/build/qt_gui_py_common
[4.210s] Invoked command in '/home/runner/work/pixi_rosdistro/pixi_rosdistro/build/qt_gui_py_common' returned '0': AMENT_PREFIX_PATH=/home/runner/work/pixi_rosdistro/pixi_rosdistro/install CMAKE_PREFIX_PATH=/home/runner/work/pixi_rosdistro/pixi_rosdistro/install:${CMAKE_PREFIX_PATH} LD_LIBRARY_PATH=/home/runner/work/pixi_rosdistro/pixi_rosdistro/install/lib PATH=/home/runner/work/pixi_rosdistro/pixi_rosdistro/install/bin:/opt/microsoft/powershell/7:${PATH} PIXI_PROMPT=(ros2_rolling) PKG_CONFIG_PATH=/home/runner/work/pixi_rosdistro/pixi_rosdistro/install/lib/pkgconfig PSModulePath=/home/runner/.local/share/powershell/Modules:${PSModulePath} PYTHONPATH=/home/runner/work/pixi_rosdistro/pixi_rosdistro/install/lib/python3.12/site-packages /home/runner/work/pixi_rosdistro/pixi_rosdistro/.pixi/envs/default/bin/cmake /home/runner/work/pixi_rosdistro/pixi_rosdistro/src/ros-visualization/qt_gui_core/qt_gui_py_common -GNinja --no-warn-unused-cli -DCMAKE_BUILD_TYPE=Release -DCMAKE_BUILD_WITH_INSTALL_RPATH:bool=TRUE -DCMAKE_POLICY_VERSION_MINIMUM=3.5 -Wno-deprecated -DSTACK_DETAILS_AUTO_DETECT:bool=FALSE -DSTACK_DETAILS_BFD:bool=FALSE -DTRACETOOLS_DISABLED=ON -DCMAKE_INSTALL_PREFIX=/home/runner/work/pixi_rosdistro/pixi_rosdistro/install
[4.211s] Invoking command in '/home/runner/work/pixi_rosdistro/pixi_rosdistro/build/qt_gui_py_common': AMENT_PREFIX_PATH=/home/runner/work/pixi_rosdistro/pixi_rosdistro/install CMAKE_PREFIX_PATH=/home/runner/work/pixi_rosdistro/pixi_rosdistro/install:${CMAKE_PREFIX_PATH} LD_LIBRARY_PATH=/home/runner/work/pixi_rosdistro/pixi_rosdistro/install/lib PATH=/home/runner/work/pixi_rosdistro/pixi_rosdistro/install/bin:/opt/microsoft/powershell/7:${PATH} PIXI_PROMPT=(ros2_rolling) PKG_CONFIG_PATH=/home/runner/work/pixi_rosdistro/pixi_rosdistro/install/lib/pkgconfig PSModulePath=/home/runner/.local/share/powershell/Modules:${PSModulePath} PYTHONPATH=/home/runner/work/pixi_rosdistro/pixi_rosdistro/install/lib/python3.12/site-packages /home/runner/work/pixi_rosdistro/pixi_rosdistro/.pixi/envs/default/bin/cmake --build /home/runner/work/pixi_rosdistro/pixi_rosdistro/build/qt_gui_py_common -- -j4 -l4
[4.236s] [1/2] cd /home/runner/work/pixi_rosdistro/pixi_rosdistro/build/qt_gui_py_common && /home/runner/work/pixi_rosdistro/pixi_rosdistro/.pixi/envs/default/bin/cmake -E copy_directory /home/runner/work/pixi_rosdistro/pixi_rosdistro/src/ros-visualization/qt_gui_core/qt_gui_py_common/src/qt_gui_py_common /home/runner/work/pixi_rosdistro/pixi_rosdistro/build/qt_gui_py_common/ament_cmake_python/qt_gui_py_common/qt_gui_py_common
[4.566s] [2/2] cd /home/runner/work/pixi_rosdistro/pixi_rosdistro/build/qt_gui_py_common/ament_cmake_python/qt_gui_py_common && /home/runner/work/pixi_rosdistro/pixi_rosdistro/.pixi/envs/default/bin/python3 setup.py egg_info
[4.566s] running egg_info
[4.566s] creating qt_gui_py_common.egg-info
[4.566s] writing qt_gui_py_common.egg-info/PKG-INFO
[4.566s] writing dependency_links to qt_gui_py_common.egg-info/dependency_links.txt
[4.566s] writing top-level names to qt_gui_py_common.egg-info/top_level.txt
[4.566s] writing manifest file 'qt_gui_py_common.egg-info/SOURCES.txt'
[4.567s] reading manifest file 'qt_gui_py_common.egg-info/SOURCES.txt'
[4.567s] writing manifest file 'qt_gui_py_common.egg-info/SOURCES.txt'
[4.569s] Invoked command in '/home/runner/work/pixi_rosdistro/pixi_rosdistro/build/qt_gui_py_common' returned '0': AMENT_PREFIX_PATH=/home/runner/work/pixi_rosdistro/pixi_rosdistro/install CMAKE_PREFIX_PATH=/home/runner/work/pixi_rosdistro/pixi_rosdistro/install:${CMAKE_PREFIX_PATH} LD_LIBRARY_PATH=/home/runner/work/pixi_rosdistro/pixi_rosdistro/install/lib PATH=/home/runner/work/pixi_rosdistro/pixi_rosdistro/install/bin:/opt/microsoft/powershell/7:${PATH} PIXI_PROMPT=(ros2_rolling) PKG_CONFIG_PATH=/home/runner/work/pixi_rosdistro/pixi_rosdistro/install/lib/pkgconfig PSModulePath=/home/runner/.local/share/powershell/Modules:${PSModulePath} PYTHONPATH=/home/runner/work/pixi_rosdistro/pixi_rosdistro/install/lib/python3.12/site-packages /home/runner/work/pixi_rosdistro/pixi_rosdistro/.pixi/envs/default/bin/cmake --build /home/runner/work/pixi_rosdistro/pixi_rosdistro/build/qt_gui_py_common -- -j4 -l4
[4.570s] Invoking command in '/home/runner/work/pixi_rosdistro/pixi_rosdistro/build/qt_gui_py_common': AMENT_PREFIX_PATH=/home/runner/work/pixi_rosdistro/pixi_rosdistro/install CMAKE_PREFIX_PATH=/home/runner/work/pixi_rosdistro/pixi_rosdistro/install:${CMAKE_PREFIX_PATH} LD_LIBRARY_PATH=/home/runner/work/pixi_rosdistro/pixi_rosdistro/install/lib PATH=/home/runner/work/pixi_rosdistro/pixi_rosdistro/install/bin:/opt/microsoft/powershell/7:${PATH} PIXI_PROMPT=(ros2_rolling) PKG_CONFIG_PATH=/home/runner/work/pixi_rosdistro/pixi_rosdistro/install/lib/pkgconfig PSModulePath=/home/runner/.local/share/powershell/Modules:${PSModulePath} PYTHONPATH=/home/runner/work/pixi_rosdistro/pixi_rosdistro/install/lib/python3.12/site-packages /home/runner/work/pixi_rosdistro/pixi_rosdistro/.pixi/envs/default/bin/cmake --install /home/runner/work/pixi_rosdistro/pixi_rosdistro/build/qt_gui_py_common
[4.580s] -- Install configuration: "Release"
[4.580s] -- Installing: /home/runner/work/pixi_rosdistro/pixi_rosdistro/install/share/qt_gui_py_common/environment/pythonpath.sh
[4.583s] -- Installing: /home/runner/work/pixi_rosdistro/pixi_rosdistro/install/share/qt_gui_py_common/environment/pythonpath.dsv
[4.583s] -- Installing: /home/runner/work/pixi_rosdistro/pixi_rosdistro/install/share/qt_gui_py_common/resource
[4.583s] -- Installing: /home/runner/work/pixi_rosdistro/pixi_rosdistro/install/share/qt_gui_py_common/resource/simple_settings_dialog.ui
[4.583s] -- Installing: /home/runner/work/pixi_rosdistro/pixi_rosdistro/install/share/ament_index/resource_index/package_run_dependencies/qt_gui_py_common
[4.583s] -- Installing: /home/runner/work/pixi_rosdistro/pixi_rosdistro/install/share/ament_index/resource_index/parent_prefix_path/qt_gui_py_common
[4.583s] -- Installing: /home/runner/work/pixi_rosdistro/pixi_rosdistro/install/share/qt_gui_py_common/environment/ament_prefix_path.sh
[4.583s] -- Installing: /home/runner/work/pixi_rosdistro/pixi_rosdistro/install/share/qt_gui_py_common/environment/ament_prefix_path.dsv
[4.583s] -- Installing: /home/runner/work/pixi_rosdistro/pixi_rosdistro/install/share/qt_gui_py_common/environment/path.sh
[4.584s] -- Installing: /home/runner/work/pixi_rosdistro/pixi_rosdistro/install/share/qt_gui_py_common/environment/path.dsv
[4.584s] -- Installing: /home/runner/work/pixi_rosdistro/pixi_rosdistro/install/share/qt_gui_py_common/local_setup.bash
[4.585s] -- Installing: /home/runner/work/pixi_rosdistro/pixi_rosdistro/install/share/qt_gui_py_common/local_setup.fish
[4.585s] -- Installing: /home/runner/work/pixi_rosdistro/pixi_rosdistro/install/share/qt_gui_py_common/local_setup.sh
[4.586s] -- Installing: /home/runner/work/pixi_rosdistro/pixi_rosdistro/install/share/qt_gui_py_common/local_setup.zsh
[4.586s] -- Installing: /home/runner/work/pixi_rosdistro/pixi_rosdistro/install/share/qt_gui_py_common/local_setup.dsv
[4.587s] -- Installing: /home/runner/work/pixi_rosdistro/pixi_rosdistro/install/share/qt_gui_py_common/package.dsv
[4.587s] -- Installing: /home/runner/work/pixi_rosdistro/pixi_rosdistro/install/share/ament_index/resource_index/packages/qt_gui_py_common
[4.588s] -- Installing: /home/runner/work/pixi_rosdistro/pixi_rosdistro/install/lib/python3.12/site-packages/qt_gui_py_common-2.10.3-py3.12.egg-info
[4.591s] -- Installing: /home/runner/work/pixi_rosdistro/pixi_rosdistro/install/lib/python3.12/site-packages/qt_gui_py_common-2.10.3-py3.12.egg-info/dependency_links.txt
[4.591s] -- Installing: /home/runner/work/pixi_rosdistro/pixi_rosdistro/install/lib/python3.12/site-packages/qt_gui_py_common-2.10.3-py3.12.egg-info/top_level.txt
[4.591s] -- Installing: /home/runner/work/pixi_rosdistro/pixi_rosdistro/install/lib/python3.12/site-packages/qt_gui_py_common-2.10.3-py3.12.egg-info/PKG-INFO
[4.591s] -- Installing: /home/runner/work/pixi_rosdistro/pixi_rosdistro/install/lib/python3.12/site-packages/qt_gui_py_common-2.10.3-py3.12.egg-info/SOURCES.txt
[4.591s] -- Installing: /home/runner/work/pixi_rosdistro/pixi_rosdistro/install/lib/python3.12/site-packages/qt_gui_py_common
[4.591s] -- Installing: /home/runner/work/pixi_rosdistro/pixi_rosdistro/install/lib/python3.12/site-packages/qt_gui_py_common/__init__.py
[4.591s] -- Installing: /home/runner/work/pixi_rosdistro/pixi_rosdistro/install/lib/python3.12/site-packages/qt_gui_py_common/simple_settings_dialog.py
[4.591s] -- Installing: /home/runner/work/pixi_rosdistro/pixi_rosdistro/install/lib/python3.12/site-packages/qt_gui_py_common/console_text_edit.py
[4.592s] -- Installing: /home/runner/work/pixi_rosdistro/pixi_rosdistro/install/lib/python3.12/site-packages/qt_gui_py_common/exclusive_options_group.py
[4.592s] -- Installing: /home/runner/work/pixi_rosdistro/pixi_rosdistro/install/lib/python3.12/site-packages/qt_gui_py_common/worker_thread.py
[4.592s] -- Installing: /home/runner/work/pixi_rosdistro/pixi_rosdistro/install/lib/python3.12/site-packages/qt_gui_py_common/checkbox_group.py
[4.647s] Listing '/home/runner/work/pixi_rosdistro/pixi_rosdistro/install/lib/python3.12/site-packages/qt_gui_py_common'...
[4.647s] Compiling '/home/runner/work/pixi_rosdistro/pixi_rosdistro/install/lib/python3.12/site-packages/qt_gui_py_common/__init__.py'...
[4.648s] Compiling '/home/runner/work/pixi_rosdistro/pixi_rosdistro/install/lib/python3.12/site-packages/qt_gui_py_common/checkbox_group.py'...
[4.648s] Compiling '/home/runner/work/pixi_rosdistro/pixi_rosdistro/install/lib/python3.12/site-packages/qt_gui_py_common/console_text_edit.py'...
[4.648s] Compiling '/home/runner/work/pixi_rosdistro/pixi_rosdistro/install/lib/python3.12/site-packages/qt_gui_py_common/exclusive_options_group.py'...
[4.648s] Compiling '/home/runner/work/pixi_rosdistro/pixi_rosdistro/install/lib/python3.12/site-packages/qt_gui_py_common/simple_settings_dialog.py'...
[4.648s] Compiling '/home/runner/work/pixi_rosdistro/pixi_rosdistro/install/lib/python3.12/site-packages/qt_gui_py_common/worker_thread.py'...
[4.656s] -- Installing: /home/runner/work/pixi_rosdistro/pixi_rosdistro/install/share/qt_gui_py_common/cmake/qt_gui_py_commonConfig.cmake
[4.656s] -- Installing: /home/runner/work/pixi_rosdistro/pixi_rosdistro/install/share/qt_gui_py_common/cmake/qt_gui_py_commonConfig-version.cmake
[4.657s] -- Installing: /home/runner/work/pixi_rosdistro/pixi_rosdistro/install/share/qt_gui_py_common/package.xml
[4.659s] Invoked command in '/home/runner/work/pixi_rosdistro/pixi_rosdistro/build/qt_gui_py_common' returned '0': AMENT_PREFIX_PATH=/home/runner/work/pixi_rosdistro/pixi_rosdistro/install CMAKE_PREFIX_PATH=/home/runner/work/pixi_rosdistro/pixi_rosdistro/install:${CMAKE_PREFIX_PATH} LD_LIBRARY_PATH=/home/runner/work/pixi_rosdistro/pixi_rosdistro/install/lib PATH=/home/runner/work/pixi_rosdistro/pixi_rosdistro/install/bin:/opt/microsoft/powershell/7:${PATH} PIXI_PROMPT=(ros2_rolling) PKG_CONFIG_PATH=/home/runner/work/pixi_rosdistro/pixi_rosdistro/install/lib/pkgconfig PSModulePath=/home/runner/.local/share/powershell/Modules:${PSModulePath} PYTHONPATH=/home/runner/work/pixi_rosdistro/pixi_rosdistro/install/lib/python3.12/site-packages /home/runner/work/pixi_rosdistro/pixi_rosdistro/.pixi/envs/default/bin/cmake --install /home/runner/work/pixi_rosdistro/pixi_rosdistro/build/qt_gui_py_common
