[2.433s] Invoking command in '/Users/runner/work/pixi_rosdistro/pixi_rosdistro/build/rcl_logging_noop': AMENT_PREFIX_PATH=/Users/runner/work/pixi_rosdistro/pixi_rosdistro/install CMAKE_PREFIX_PATH=/Users/runner/work/pixi_rosdistro/pixi_rosdistro/install DYLD_LIBRARY_PATH=/Users/runner/work/pixi_rosdistro/pixi_rosdistro/install/lib:/Users/runner/work/pixi_rosdistro/pixi_rosdistro/install/opt/mimick_vendor/lib:/Users/runner/work/pixi_rosdistro/pixi_rosdistro/install/opt/zenoh_cpp_vendor/lib PATH=/Users/runner/work/pixi_rosdistro/pixi_rosdistro/install/bin:${PATH} PIXI_PROMPT=(ros2_rolling) PKG_CONFIG_PATH=/Users/runner/work/pixi_rosdistro/pixi_rosdistro/install/lib/pkgconfig PYTHONPATH=/Users/runner/work/pixi_rosdistro/pixi_rosdistro/install/lib/python3.14/site-packages ROS_PYTHON_VERSION=3 SHLVL=3 _=/usr/bin/env /Users/runner/work/pixi_rosdistro/pixi_rosdistro/.pixi/envs/default/bin/cmake /Users/runner/work/pixi_rosdistro/pixi_rosdistro/src/ros2/rcl_logging/rcl_logging_noop -GNinja --no-warn-unused-cli -DCMAKE_BUILD_TYPE=Release -DCMAKE_BUILD_WITH_INSTALL_RPATH:bool=TRUE -DCMAKE_POLICY_VERSION_MINIMUM=3.5 -Wno-deprecated -DSTACK_DETAILS_AUTO_DETECT:bool=FALSE -DSTACK_DETAILS_BFD:bool=FALSE -DCMAKE_INSTALL_PREFIX=/Users/runner/work/pixi_rosdistro/pixi_rosdistro/install
[2.845s] Not searching for unused variables given on the command line.
[2.845s] -- The C compiler identification is AppleClang 17.0.0.17000013
[3.071s] -- The CXX compiler identification is AppleClang 17.0.0.17000013
[3.126s] -- Detecting C compiler ABI info
[3.645s] -- Detecting C compiler ABI info - done
[3.694s] -- Check for working C compiler: /usr/bin/cc - skipped
[3.694s] -- Detecting C compile features
[3.695s] -- Detecting C compile features - done
[3.701s] -- Detecting CXX compiler ABI info
[4.302s] -- Detecting CXX compiler ABI info - done
[4.345s] -- Check for working CXX compiler: /usr/bin/c++ - skipped
[4.345s] -- Detecting CXX compile features
[4.345s] -- Detecting CXX compile features - done
[4.357s] -- Found ament_cmake_ros: 0.15.6 (/Users/runner/work/pixi_rosdistro/pixi_rosdistro/install/share/ament_cmake_ros/cmake)
[4.923s] -- Found rcl_logging_interface: 3.4.1 (/Users/runner/work/pixi_rosdistro/pixi_rosdistro/install/share/rcl_logging_interface/cmake)
[4.950s] -- Found ament_lint_auto: 0.20.3 (/Users/runner/work/pixi_rosdistro/pixi_rosdistro/install/share/ament_lint_auto/cmake)
[5.147s] -- Added test 'copyright' to check source files copyright and LICENSE
[5.150s] -- Added test 'cppcheck' to perform static code analysis on C / C++ code
[5.150s] -- Configured cppcheck include dirs: 
[5.151s] -- Configured cppcheck exclude dirs and/or files: 
[5.152s] -- Added test 'cpplint' to check C / C++ code against the Google style
[5.153s] -- Configured cpplint exclude dirs and/or files: 
[5.154s] -- Added test 'lint_cmake' to check CMake code style
[5.156s] -- Added test 'uncrustify' to check C / C++ code style
[5.156s] -- Configured uncrustify additional arguments: 
[5.158s] -- Added test 'xmllint' to check XML markup files
[5.185s] -- Configuring done (2.7s)
[5.220s] -- Generating done (0.0s)
[5.228s] -- Build files have been written to: /Users/runner/work/pixi_rosdistro/pixi_rosdistro/build/rcl_logging_noop
[5.252s] Invoked command in '/Users/runner/work/pixi_rosdistro/pixi_rosdistro/build/rcl_logging_noop' returned '0': AMENT_PREFIX_PATH=/Users/runner/work/pixi_rosdistro/pixi_rosdistro/install CMAKE_PREFIX_PATH=/Users/runner/work/pixi_rosdistro/pixi_rosdistro/install DYLD_LIBRARY_PATH=/Users/runner/work/pixi_rosdistro/pixi_rosdistro/install/lib:/Users/runner/work/pixi_rosdistro/pixi_rosdistro/install/opt/mimick_vendor/lib:/Users/runner/work/pixi_rosdistro/pixi_rosdistro/install/opt/zenoh_cpp_vendor/lib PATH=/Users/runner/work/pixi_rosdistro/pixi_rosdistro/install/bin:${PATH} PIXI_PROMPT=(ros2_rolling) PKG_CONFIG_PATH=/Users/runner/work/pixi_rosdistro/pixi_rosdistro/install/lib/pkgconfig PYTHONPATH=/Users/runner/work/pixi_rosdistro/pixi_rosdistro/install/lib/python3.14/site-packages ROS_PYTHON_VERSION=3 SHLVL=3 _=/usr/bin/env /Users/runner/work/pixi_rosdistro/pixi_rosdistro/.pixi/envs/default/bin/cmake /Users/runner/work/pixi_rosdistro/pixi_rosdistro/src/ros2/rcl_logging/rcl_logging_noop -GNinja --no-warn-unused-cli -DCMAKE_BUILD_TYPE=Release -DCMAKE_BUILD_WITH_INSTALL_RPATH:bool=TRUE -DCMAKE_POLICY_VERSION_MINIMUM=3.5 -Wno-deprecated -DSTACK_DETAILS_AUTO_DETECT:bool=FALSE -DSTACK_DETAILS_BFD:bool=FALSE -DCMAKE_INSTALL_PREFIX=/Users/runner/work/pixi_rosdistro/pixi_rosdistro/install
[5.257s] Invoking command in '/Users/runner/work/pixi_rosdistro/pixi_rosdistro/build/rcl_logging_noop': AMENT_PREFIX_PATH=/Users/runner/work/pixi_rosdistro/pixi_rosdistro/install CMAKE_PREFIX_PATH=/Users/runner/work/pixi_rosdistro/pixi_rosdistro/install DYLD_LIBRARY_PATH=/Users/runner/work/pixi_rosdistro/pixi_rosdistro/install/lib:/Users/runner/work/pixi_rosdistro/pixi_rosdistro/install/opt/mimick_vendor/lib:/Users/runner/work/pixi_rosdistro/pixi_rosdistro/install/opt/zenoh_cpp_vendor/lib PATH=/Users/runner/work/pixi_rosdistro/pixi_rosdistro/install/bin:${PATH} PIXI_PROMPT=(ros2_rolling) PKG_CONFIG_PATH=/Users/runner/work/pixi_rosdistro/pixi_rosdistro/install/lib/pkgconfig PYTHONPATH=/Users/runner/work/pixi_rosdistro/pixi_rosdistro/install/lib/python3.14/site-packages ROS_PYTHON_VERSION=3 SHLVL=3 _=/usr/bin/env /Users/runner/work/pixi_rosdistro/pixi_rosdistro/.pixi/envs/default/bin/cmake --build /Users/runner/work/pixi_rosdistro/pixi_rosdistro/build/rcl_logging_noop -- -j3 -l3
[5.604s] [1/2] Building CXX object CMakeFiles/rcl_logging_noop.dir/src/rcl_logging_noop.cpp.o
[5.691s] [2/2] Linking CXX shared library librcl_logging_noop.dylib
[5.693s] Invoked command in '/Users/runner/work/pixi_rosdistro/pixi_rosdistro/build/rcl_logging_noop' returned '0': AMENT_PREFIX_PATH=/Users/runner/work/pixi_rosdistro/pixi_rosdistro/install CMAKE_PREFIX_PATH=/Users/runner/work/pixi_rosdistro/pixi_rosdistro/install DYLD_LIBRARY_PATH=/Users/runner/work/pixi_rosdistro/pixi_rosdistro/install/lib:/Users/runner/work/pixi_rosdistro/pixi_rosdistro/install/opt/mimick_vendor/lib:/Users/runner/work/pixi_rosdistro/pixi_rosdistro/install/opt/zenoh_cpp_vendor/lib PATH=/Users/runner/work/pixi_rosdistro/pixi_rosdistro/install/bin:${PATH} PIXI_PROMPT=(ros2_rolling) PKG_CONFIG_PATH=/Users/runner/work/pixi_rosdistro/pixi_rosdistro/install/lib/pkgconfig PYTHONPATH=/Users/runner/work/pixi_rosdistro/pixi_rosdistro/install/lib/python3.14/site-packages ROS_PYTHON_VERSION=3 SHLVL=3 _=/usr/bin/env /Users/runner/work/pixi_rosdistro/pixi_rosdistro/.pixi/envs/default/bin/cmake --build /Users/runner/work/pixi_rosdistro/pixi_rosdistro/build/rcl_logging_noop -- -j3 -l3
[5.697s] Invoking command in '/Users/runner/work/pixi_rosdistro/pixi_rosdistro/build/rcl_logging_noop': AMENT_PREFIX_PATH=/Users/runner/work/pixi_rosdistro/pixi_rosdistro/install CMAKE_PREFIX_PATH=/Users/runner/work/pixi_rosdistro/pixi_rosdistro/install DYLD_LIBRARY_PATH=/Users/runner/work/pixi_rosdistro/pixi_rosdistro/install/lib:/Users/runner/work/pixi_rosdistro/pixi_rosdistro/install/opt/mimick_vendor/lib:/Users/runner/work/pixi_rosdistro/pixi_rosdistro/install/opt/zenoh_cpp_vendor/lib PATH=/Users/runner/work/pixi_rosdistro/pixi_rosdistro/install/bin:${PATH} PIXI_PROMPT=(ros2_rolling) PKG_CONFIG_PATH=/Users/runner/work/pixi_rosdistro/pixi_rosdistro/install/lib/pkgconfig PYTHONPATH=/Users/runner/work/pixi_rosdistro/pixi_rosdistro/install/lib/python3.14/site-packages ROS_PYTHON_VERSION=3 SHLVL=3 _=/usr/bin/env /Users/runner/work/pixi_rosdistro/pixi_rosdistro/.pixi/envs/default/bin/cmake --install /Users/runner/work/pixi_rosdistro/pixi_rosdistro/build/rcl_logging_noop
[5.723s] -- Install configuration: "Release"
[5.723s] -- Installing: /Users/runner/work/pixi_rosdistro/pixi_rosdistro/install/lib/librcl_logging_noop.dylib
[5.724s] -- Installing: /Users/runner/work/pixi_rosdistro/pixi_rosdistro/install/share/rcl_logging_noop/environment/library_path.sh
[5.724s] -- Installing: /Users/runner/work/pixi_rosdistro/pixi_rosdistro/install/share/rcl_logging_noop/environment/library_path.dsv
[5.724s] -- Installing: /Users/runner/work/pixi_rosdistro/pixi_rosdistro/install/share/ament_index/resource_index/package_run_dependencies/rcl_logging_noop
[5.724s] -- Installing: /Users/runner/work/pixi_rosdistro/pixi_rosdistro/install/share/ament_index/resource_index/parent_prefix_path/rcl_logging_noop
[5.725s] -- Installing: /Users/runner/work/pixi_rosdistro/pixi_rosdistro/install/share/rcl_logging_noop/environment/ament_prefix_path.sh
[5.725s] -- Installing: /Users/runner/work/pixi_rosdistro/pixi_rosdistro/install/share/rcl_logging_noop/environment/ament_prefix_path.dsv
[5.725s] -- Installing: /Users/runner/work/pixi_rosdistro/pixi_rosdistro/install/share/rcl_logging_noop/environment/path.sh
[5.726s] -- Installing: /Users/runner/work/pixi_rosdistro/pixi_rosdistro/install/share/rcl_logging_noop/environment/path.dsv
[5.726s] -- Installing: /Users/runner/work/pixi_rosdistro/pixi_rosdistro/install/share/rcl_logging_noop/local_setup.bash
[5.726s] -- Installing: /Users/runner/work/pixi_rosdistro/pixi_rosdistro/install/share/rcl_logging_noop/local_setup.fish
[5.727s] -- Installing: /Users/runner/work/pixi_rosdistro/pixi_rosdistro/install/share/rcl_logging_noop/local_setup.sh
[5.727s] -- Installing: /Users/runner/work/pixi_rosdistro/pixi_rosdistro/install/share/rcl_logging_noop/local_setup.zsh
[5.727s] -- Installing: /Users/runner/work/pixi_rosdistro/pixi_rosdistro/install/share/rcl_logging_noop/local_setup.dsv
[5.728s] -- Installing: /Users/runner/work/pixi_rosdistro/pixi_rosdistro/install/share/rcl_logging_noop/package.dsv
[5.728s] -- Installing: /Users/runner/work/pixi_rosdistro/pixi_rosdistro/install/share/ament_index/resource_index/packages/rcl_logging_noop
[5.728s] -- Installing: /Users/runner/work/pixi_rosdistro/pixi_rosdistro/install/share/rcl_logging_noop/cmake/rcl_logging_noopExport.cmake
[5.728s] -- Installing: /Users/runner/work/pixi_rosdistro/pixi_rosdistro/install/share/rcl_logging_noop/cmake/rcl_logging_noopExport-release.cmake
[5.729s] -- Installing: /Users/runner/work/pixi_rosdistro/pixi_rosdistro/install/share/rcl_logging_noop/cmake/ament_cmake_export_dependencies-extras.cmake
[5.729s] -- Installing: /Users/runner/work/pixi_rosdistro/pixi_rosdistro/install/share/rcl_logging_noop/cmake/ament_cmake_export_libraries-extras.cmake
[5.729s] -- Installing: /Users/runner/work/pixi_rosdistro/pixi_rosdistro/install/share/rcl_logging_noop/cmake/ament_cmake_export_targets-extras.cmake
[5.729s] -- Installing: /Users/runner/work/pixi_rosdistro/pixi_rosdistro/install/share/rcl_logging_noop/cmake/rcl_logging_noopConfig.cmake
[5.729s] -- Installing: /Users/runner/work/pixi_rosdistro/pixi_rosdistro/install/share/rcl_logging_noop/cmake/rcl_logging_noopConfig-version.cmake
[5.730s] -- Installing: /Users/runner/work/pixi_rosdistro/pixi_rosdistro/install/share/rcl_logging_noop/package.xml
[5.732s] Invoked command in '/Users/runner/work/pixi_rosdistro/pixi_rosdistro/build/rcl_logging_noop' returned '0': AMENT_PREFIX_PATH=/Users/runner/work/pixi_rosdistro/pixi_rosdistro/install CMAKE_PREFIX_PATH=/Users/runner/work/pixi_rosdistro/pixi_rosdistro/install DYLD_LIBRARY_PATH=/Users/runner/work/pixi_rosdistro/pixi_rosdistro/install/lib:/Users/runner/work/pixi_rosdistro/pixi_rosdistro/install/opt/mimick_vendor/lib:/Users/runner/work/pixi_rosdistro/pixi_rosdistro/install/opt/zenoh_cpp_vendor/lib PATH=/Users/runner/work/pixi_rosdistro/pixi_rosdistro/install/bin:${PATH} PIXI_PROMPT=(ros2_rolling) PKG_CONFIG_PATH=/Users/runner/work/pixi_rosdistro/pixi_rosdistro/install/lib/pkgconfig PYTHONPATH=/Users/runner/work/pixi_rosdistro/pixi_rosdistro/install/lib/python3.14/site-packages ROS_PYTHON_VERSION=3 SHLVL=3 _=/usr/bin/env /Users/runner/work/pixi_rosdistro/pixi_rosdistro/.pixi/envs/default/bin/cmake --install /Users/runner/work/pixi_rosdistro/pixi_rosdistro/build/rcl_logging_noop
