[1.827s] Invoking command in '/home/runner/work/pixi_rosdistro/pixi_rosdistro/build/zenoh_cpp_vendor': AMENT_PREFIX_PATH=/home/runner/work/pixi_rosdistro/pixi_rosdistro/install CMAKE_PREFIX_PATH=/home/runner/work/pixi_rosdistro/pixi_rosdistro/install:${CMAKE_PREFIX_PATH} LD_LIBRARY_PATH=/home/runner/work/pixi_rosdistro/pixi_rosdistro/install/lib PATH=/home/runner/work/pixi_rosdistro/pixi_rosdistro/install/bin:/opt/microsoft/powershell/7:${PATH} PIXI_PROMPT=(ros2_rolling) PKG_CONFIG_PATH=/home/runner/work/pixi_rosdistro/pixi_rosdistro/install/lib/pkgconfig PSModulePath=/home/runner/.local/share/powershell/Modules:${PSModulePath} PYTHONPATH=/home/runner/work/pixi_rosdistro/pixi_rosdistro/install/lib/python3.12/site-packages /home/runner/work/pixi_rosdistro/pixi_rosdistro/.pixi/envs/default/bin/cmake /home/runner/work/pixi_rosdistro/pixi_rosdistro/src/ros2/rmw_zenoh/zenoh_cpp_vendor -GNinja --no-warn-unused-cli -DCMAKE_BUILD_TYPE=Release -DCMAKE_BUILD_WITH_INSTALL_RPATH:bool=TRUE -DCMAKE_POLICY_VERSION_MINIMUM=3.5 -Wno-deprecated -DSTACK_DETAILS_AUTO_DETECT:bool=FALSE -DSTACK_DETAILS_BFD:bool=FALSE -DCMAKE_INSTALL_PREFIX=/home/runner/work/pixi_rosdistro/pixi_rosdistro/install
[1.883s] Not searching for unused variables given on the command line.
[1.883s] -- The C compiler identification is GNU 14.3.0
[2.005s] -- The CXX compiler identification is GNU 14.3.0
[2.020s] -- Detecting C compiler ABI info
[2.132s] -- Detecting C compiler ABI info - done
[2.156s] -- Check for working C compiler: /home/runner/work/pixi_rosdistro/pixi_rosdistro/.pixi/envs/default/bin/x86_64-conda-linux-gnu-cc - skipped
[2.157s] -- Detecting C compile features
[2.157s] -- Detecting C compile features - done
[2.171s] -- Detecting CXX compiler ABI info
[2.317s] -- Detecting CXX compiler ABI info - done
[2.354s] -- Check for working CXX compiler: /home/runner/work/pixi_rosdistro/pixi_rosdistro/.pixi/envs/default/bin/x86_64-conda-linux-gnu-c++ - skipped
[2.355s] -- Detecting CXX compile features
[2.357s] -- Detecting CXX compile features - done
[2.372s] -- Found ament_cmake: 2.8.6 (/home/runner/work/pixi_rosdistro/pixi_rosdistro/install/share/ament_cmake/cmake)
[2.601s] -- Found ament_cmake_vendor_package: 2.8.6 (/home/runner/work/pixi_rosdistro/pixi_rosdistro/install/share/ament_cmake_vendor_package/cmake)
[2.753s] -- Configuring done (0.9s)
[2.769s] -- Generating done (0.0s)
[2.773s] -- Build files have been written to: /home/runner/work/pixi_rosdistro/pixi_rosdistro/build/zenoh_cpp_vendor
[2.782s] Invoked command in '/home/runner/work/pixi_rosdistro/pixi_rosdistro/build/zenoh_cpp_vendor' returned '0': AMENT_PREFIX_PATH=/home/runner/work/pixi_rosdistro/pixi_rosdistro/install CMAKE_PREFIX_PATH=/home/runner/work/pixi_rosdistro/pixi_rosdistro/install:${CMAKE_PREFIX_PATH} LD_LIBRARY_PATH=/home/runner/work/pixi_rosdistro/pixi_rosdistro/install/lib PATH=/home/runner/work/pixi_rosdistro/pixi_rosdistro/install/bin:/opt/microsoft/powershell/7:${PATH} PIXI_PROMPT=(ros2_rolling) PKG_CONFIG_PATH=/home/runner/work/pixi_rosdistro/pixi_rosdistro/install/lib/pkgconfig PSModulePath=/home/runner/.local/share/powershell/Modules:${PSModulePath} PYTHONPATH=/home/runner/work/pixi_rosdistro/pixi_rosdistro/install/lib/python3.12/site-packages /home/runner/work/pixi_rosdistro/pixi_rosdistro/.pixi/envs/default/bin/cmake /home/runner/work/pixi_rosdistro/pixi_rosdistro/src/ros2/rmw_zenoh/zenoh_cpp_vendor -GNinja --no-warn-unused-cli -DCMAKE_BUILD_TYPE=Release -DCMAKE_BUILD_WITH_INSTALL_RPATH:bool=TRUE -DCMAKE_POLICY_VERSION_MINIMUM=3.5 -Wno-deprecated -DSTACK_DETAILS_AUTO_DETECT:bool=FALSE -DSTACK_DETAILS_BFD:bool=FALSE -DCMAKE_INSTALL_PREFIX=/home/runner/work/pixi_rosdistro/pixi_rosdistro/install
[2.783s] Invoking command in '/home/runner/work/pixi_rosdistro/pixi_rosdistro/build/zenoh_cpp_vendor': AMENT_PREFIX_PATH=/home/runner/work/pixi_rosdistro/pixi_rosdistro/install CMAKE_PREFIX_PATH=/home/runner/work/pixi_rosdistro/pixi_rosdistro/install:${CMAKE_PREFIX_PATH} LD_LIBRARY_PATH=/home/runner/work/pixi_rosdistro/pixi_rosdistro/install/lib PATH=/home/runner/work/pixi_rosdistro/pixi_rosdistro/install/bin:/opt/microsoft/powershell/7:${PATH} PIXI_PROMPT=(ros2_rolling) PKG_CONFIG_PATH=/home/runner/work/pixi_rosdistro/pixi_rosdistro/install/lib/pkgconfig PSModulePath=/home/runner/.local/share/powershell/Modules:${PSModulePath} PYTHONPATH=/home/runner/work/pixi_rosdistro/pixi_rosdistro/install/lib/python3.12/site-packages /home/runner/work/pixi_rosdistro/pixi_rosdistro/.pixi/envs/default/bin/cmake --build /home/runner/work/pixi_rosdistro/pixi_rosdistro/build/zenoh_cpp_vendor -- -j4 -l4
[2.809s] [1/16] Creating directories for 'zenoh_c_vendor'
[3.731s] [2/16] Performing download step for 'zenoh_c_vendor'
[3.731s] === ./zenoh_c_vendor (git) ===
[3.731s] hint: Using 'master' as the name for the initial branch. This default branch name
[3.732s] hint: will change to "main" in Git 3.0. To configure the initial branch name
[3.732s] hint: to use in all of your new repositories, which will suppress this warning,
[3.732s] hint: call:
[3.732s] hint:
[3.732s] hint: 	git config --global init.defaultBranch <name>
[3.732s] hint:
[3.732s] hint: Names commonly chosen instead of 'master' are 'main', 'trunk' and
[3.732s] hint: 'development'. The just-created branch can be renamed via this command:
[3.732s] hint:
[3.732s] hint: 	git branch -m <name>
[3.732s] hint:
[3.733s] hint: Disable this message with "git config set advice.defaultBranchName false"
[3.733s] Initialized empty Git repository in /home/runner/work/pixi_rosdistro/pixi_rosdistro/build/zenoh_cpp_vendor/zenoh_c_vendor-prefix/src/zenoh_c_vendor/.git/
[3.735s] 
[3.735s] From https://github.com/eclipse-zenoh/zenoh-c
[3.735s]  * branch            c1a477d3f5efc3abc0f0cf95e0773225d00dea3b -> FETCH_HEAD
[3.735s] Note: switching to 'c1a477d3f5efc3abc0f0cf95e0773225d00dea3b'.
[3.735s] 
[3.735s] You are in 'detached HEAD' state. You can look around, make experimental
[3.735s] changes and commit them, and you can discard any commits you make in this
[3.736s] state without impacting any branches by switching back to a branch.
[3.736s] 
[3.736s] If you want to create a new branch to retain commits you create, you may
[3.736s] do so (now or later) by using -c with the switch command. Example:
[3.736s] 
[3.736s]   git switch -c <new-branch-name>
[3.736s] 
[3.736s] Or undo this operation with:
[3.736s] 
[3.736s]   git switch -
[3.737s] 
[3.737s] Turn off this advice by setting config variable advice.detachedHead to false
[3.740s] 
[3.740s] HEAD is now at c1a477d build: Sync  with eclipse-zenoh/zenoh@f9af463 from 2026-03-22 (#1239)
[3.740s] 
[3.748s] [3/16] No update_disconnected step for 'zenoh_c_vendor'
[3.762s] [4/16] No patch_disconnected step for 'zenoh_c_vendor'
[4.827s] [5/16] Performing configure step for 'zenoh_c_vendor'
[4.827s] loading initial cache file /home/runner/work/pixi_rosdistro/pixi_rosdistro/build/zenoh_cpp_vendor/zenoh_c_vendor-config.cmake
[4.827s] -- The C compiler identification is GNU 14.3.0
[4.827s] -- The CXX compiler identification is GNU 14.3.0
[4.827s] -- Detecting C compiler ABI info
[4.827s] -- Detecting C compiler ABI info - done
[4.827s] -- Check for working C compiler: /home/runner/work/pixi_rosdistro/pixi_rosdistro/.pixi/envs/default/bin/x86_64-conda-linux-gnu-cc - skipped
[4.827s] -- Detecting C compile features
[4.827s] -- Detecting C compile features - done
[4.827s] -- Detecting CXX compiler ABI info
[4.827s] -- Detecting CXX compiler ABI info - done
[4.828s] -- Check for working CXX compiler: /home/runner/work/pixi_rosdistro/pixi_rosdistro/.pixi/envs/default/bin/x86_64-conda-linux-gnu-c++ - skipped
[4.828s] -- Detecting CXX compile features
[4.828s] -- Detecting CXX compile features - done
[4.828s] -- CMAKE_BUILD_TYPE = Release
[4.828s] -- ZENOHC_BUILD_WITH_SHARED_MEMORY = FALSE
[4.828s] -- ZENOHC_BUILD_WITH_UNSTABLE_API = TRUE
[4.828s] -- ZENOHC_BUILD_TESTS_WITH_CXX = FALSE
[4.828s] -- ZENOHC_CUSTOM_TARGET = 
[4.828s] -- ENV{CARGO_BUILD_TARGET} = 
[4.828s] -- ZENOHC_CARGO_CHANNEL = 
[4.828s] -- ZENOHC_MSRV_1_75 = TRUE
[4.828s] -- Due to ZENOHC_MSRV_1_75 setting the ZENOHC_COPY_SOURCE_CARGO_LOCK and ZENOHC_BUILD_IN_SOURCE_TREE cache variables are forcibly set to FALSE to avoid build failures due to incompatible source Cargo.lock file
[4.828s] -- ZENOHC_COPY_SOURCE_CARGO_LOCK = FALSE
[4.829s] -- ZENOHC_BUILD_IN_SOURCE_TREE = FALSE
[4.829s] -- ZENOHC_CARGO_FLAGS = --features=shared-memory zenoh/transport_serial
[4.829s] -- BUILD_SHARED_LIBS = ON
[4.829s] -- ZENOHC_TREAT_WARNING_AS_ERROR = OFF
[4.829s] -- project_version = 1.8.0
[4.829s] -- Mode: Non-IDE
[4.829s] -- Configuring Cargo.toml in /home/runner/work/pixi_rosdistro/pixi_rosdistro/build/zenoh_cpp_vendor/zenoh_c_vendor-prefix/src/zenoh_c_vendor-build/debug for zenohc
[4.829s] -- Configuring Cargo.toml in /home/runner/work/pixi_rosdistro/pixi_rosdistro/build/zenoh_cpp_vendor/zenoh_c_vendor-prefix/src/zenoh_c_vendor-build/release for zenohc
[4.829s] -- Due to ZENOHC_CARGO_FLAGS setting ZENOHC_BUILD_WITH_SHARED_MEMORY = TRUE
[4.829s] -- cargo_flags = --release;--manifest-path=/home/runner/work/pixi_rosdistro/pixi_rosdistro/build/zenoh_cpp_vendor/zenoh_c_vendor-prefix/src/zenoh_c_vendor-build/release/Cargo.toml;--features=shared-memory zenoh/transport_serial;--features=unstable
[4.829s] -- libs = /home/runner/work/pixi_rosdistro/pixi_rosdistro/build/zenoh_cpp_vendor/zenoh_c_vendor-prefix/src/zenoh_c_vendor-build/release/target/release/libzenohc.so;/home/runner/work/pixi_rosdistro/pixi_rosdistro/build/zenoh_cpp_vendor/zenoh_c_vendor-prefix/src/zenoh_c_vendor-build/release/target/release/libzenohc.a
[4.829s] -- NATIVE_STATIC_LIBS = rt;pthread;m;dl
[4.829s] -- zenoh-c install
[4.829s] -- CMAKE_INSTALL_PREFIX = /home/runner/work/pixi_rosdistro/pixi_rosdistro/install/opt/zenoh_cpp_vendor
[4.829s] -- zenoh-c tests
[4.830s] -- Performing Test CMAKE_HAVE_LIBC_PTHREAD
[4.830s] -- Performing Test CMAKE_HAVE_LIBC_PTHREAD - Failed
[4.830s] -- Looking for pthread_create in pthreads
[4.830s] -- Looking for pthread_create in pthreads - not found
[4.830s] -- Looking for pthread_create in pthread
[4.830s] -- Looking for pthread_create in pthread - found
[4.830s] -- Found Threads: TRUE
[4.830s] -- zenoh-c examples
[4.830s] -- Configuring done (0.9s)
[4.830s] -- Generating done (0.1s)
[4.830s] -- Build files have been written to: /home/runner/work/pixi_rosdistro/pixi_rosdistro/build/zenoh_cpp_vendor/zenoh_c_vendor-prefix/src/zenoh_c_vendor-build
[451.504s] [6/16] Performing build step for 'zenoh_c_vendor'
[451.504s] [0/1] Generating release/target/release/libzenohc.so, release/target/release/libzenohc.a
[451.504s] "RUSTFLAGS = $$RUSTFLAGS"
[451.504s] "cargo build --release --manifest-path=/home/runner/work/pixi_rosdistro/pixi_rosdistro/build/zenoh_cpp_vendor/zenoh_c_vendor-prefix/src/zenoh_c_vendor-build/release/Cargo.toml --features=shared-memory zenoh/transport_serial --features=unstable"
[451.504s]     Updating crates.io index
[451.504s]     Updating git repository `https://github.com/eclipse-zenoh/zenoh.git`
[451.504s] From https://github.com/eclipse-zenoh/zenoh
[451.505s]  * [new branch]        main       -> origin/main
[451.505s]      Locking 487 packages to latest compatible versions
[451.505s]       Adding async-lock v3.4.1 (available: v3.4.2)
[451.505s]       Adding base64ct v1.6.0 (available: v1.8.3)
[451.505s]       Adding clap v4.5.60 (available: v4.6.0)
[451.505s]       Adding clap_builder v4.5.60 (available: v4.6.0)
[451.505s]       Adding clap_lex v1.0.0 (available: v1.1.0)
[451.505s]       Adding ctor v0.4.3 (available: v0.8.0)
[451.505s]       Adding derive_more v2.0.1 (available: v2.1.1)
[451.506s]       Adding derive_more-impl v2.0.1 (available: v2.1.1)
[451.506s]       Adding evalexpr v11.3.1 (available: v13.1.0)
[451.506s]       Adding generic-array v0.14.7 (available: v0.14.9)
[451.506s]       Adding home v0.5.9 (available: v0.5.12)
[451.506s]       Adding idna_adapter v1.2.0 (available: v1.2.1)
[451.507s]       Adding indexmap v2.11.4 (available: v2.13.0)
[451.507s]       Adding json5 v0.4.1 (available: v1.3.1)
[451.507s]       Adding litemap v0.7.4 (available: v0.7.5)
[451.507s]       Adding pest v2.8.0 (available: v2.8.6)
[451.507s]       Adding pest_derive v2.8.0 (available: v2.8.6)
[451.507s]       Adding pest_generator v2.8.0 (available: v2.8.6)
[451.507s]       Adding pest_meta v2.8.0 (available: v2.8.6)
[451.507s]       Adding phf v0.11.3 (available: v0.13.1)
[451.507s]       Adding potential_utf v0.1.0 (available: v0.1.5)
[451.507s]       Adding proc-macro-crate v3.4.0 (available: v3.5.0)
[451.508s]       Adding prost v0.14.1 (available: v0.14.3)
[451.508s]       Adding prost-derive v0.14.1 (available: v0.14.3)
[451.508s]       Adding rand v0.9.2 (available: v0.10.0)
[451.508s]       Adding rustc-hash v2.1.1 (available: v2.1.2)
[451.508s]       Adding security-framework v3.6.0 (available: v3.7.0)
[451.508s]       Adding serde_spanned v1.0.1 (available: v1.1.1)
[451.508s]       Adding serde_with v3.14.1 (available: v3.18.0)
[451.508s]       Adding serde_with_macros v3.14.1 (available: v3.18.0)
[451.509s]       Adding spin v0.9.8 (available: v0.10.0)
[451.509s]       Adding static_init v1.0.3 (available: v1.0.4)
[451.509s]       Adding tempfile v3.24.0 (available: v3.27.0)
[451.509s]       Adding time v0.3.41 (available: v0.3.47)
[451.509s]       Adding time-core v0.1.4 (available: v0.1.8)
[451.509s]       Adding time-macros v0.2.22 (available: v0.2.27)
[451.509s]       Adding tinystr v0.8.0 (available: v0.8.3)
[451.509s]       Adding tls-listener v0.11.0 (available: v0.11.2)
[451.509s]       Adding toml v0.9.6 (available: v0.9.12+spec-1.1.0)
[451.509s]       Adding toml_datetime v0.7.1 (available: v0.7.5+spec-1.1.0)
[451.509s]       Adding toml_edit v0.23.5 (available: v0.23.10+spec-1.0.0)
[451.510s]       Adding toml_parser v1.0.2 (available: v1.1.2+spec-1.1.0)
[451.510s]       Adding toml_writer v1.0.2 (available: v1.1.1+spec-1.1.0)
[451.510s]       Adding unwrap-infallible v0.1.5 (available: v1.0.0)
[451.510s]       Adding unzip-n v0.1.2 (available: v0.1.4)
[451.510s]       Adding uuid v1.20.0 (available: v1.23.0)
[451.510s]       Adding zerofrom v0.1.5 (available: v0.1.7)
[451.510s]  Downloading crates ...
[451.510s]   Downloaded buddy_system_allocator v0.10.0
[451.510s]   Downloaded adler2 v2.0.1
[451.510s]   Downloaded advisory-lock v0.3.0
[451.511s]   Downloaded anstyle-parse v0.2.7
[451.511s]   Downloaded generic-array v0.14.7
[451.511s]   Downloaded git-version v0.3.9
[451.511s]   Downloaded block-buffer v0.10.4
[451.511s]   Downloaded getrandom v0.3.4
[451.511s]   Downloaded fnv v1.0.7
[451.511s]   Downloaded idna_adapter v1.2.0
[451.511s]   Downloaded futures-macro v0.3.32
[451.511s]   Downloaded icu_provider_macros v1.5.0
[451.511s]   Downloaded inout v0.1.4
[451.511s]   Downloaded http v1.4.0
[451.512s]   Downloaded icu_locid v1.5.0
[451.512s]   Downloaded hex v0.4.3
[451.512s]   Downloaded prometheus-client-derive-encode v0.5.0
[451.512s]   Downloaded ipnetwork v0.20.0
[451.512s]   Downloaded rustc_version v0.4.1
[451.512s]   Downloaded rusticata-macros v4.1.0
[451.512s]   Downloaded secrecy v0.8.0
[451.512s]   Downloaded quote v1.0.45
[451.512s]   Downloaded rand_chacha v0.9.0
[451.512s]   Downloaded signature v2.2.0
[451.512s]   Downloaded siphasher v1.0.2
[451.513s]   Downloaded subtle v2.6.1
[451.513s]   Downloaded shellexpand v3.1.2
[451.513s]   Downloaded tinyvec_macros v0.1.1
[451.513s]   Downloaded token-cell v2.1.1
[451.513s]   Downloaded tracing-serde v0.2.0
[451.513s]   Downloaded utf-8 v0.7.6
[451.513s]   Downloaded yoke-derive v0.7.5
[451.513s]   Downloaded unescaper v0.1.8
[451.513s]   Downloaded unwrap-infallible v0.1.5
[451.514s]   Downloaded yoke v0.7.5
[451.514s]   Downloaded version_check v0.9.5
[451.514s]   Downloaded tracing-log v0.2.0
[451.514s]   Downloaded zerofrom-derive v0.1.7
[451.514s]   Downloaded tokio-util v0.7.18
[451.514s]   Downloaded zerovec-derive v0.10.3
[451.514s]   Downloaded zmij v1.0.21
[451.514s]   Downloaded tracing-subscriber v0.3.23
[451.514s]   Downloaded winnow v0.7.15
[451.514s]   Downloaded pest v2.8.0
[451.514s]   Downloaded libm v0.2.16
[451.515s]   Downloaded zerovec v0.10.4
[451.515s]   Downloaded itertools v0.14.0
[451.515s]   Downloaded idna v1.1.0
[451.515s]   Downloaded syn v1.0.109
[451.515s]   Downloaded regex-syntax v0.8.10
[451.515s]   Downloaded nix v0.26.4
[451.515s]   Downloaded webpki-roots v1.0.6
[451.515s]   Downloaded syn v2.0.117
[451.515s]   Downloaded zerocopy v0.8.48
[451.515s]   Downloaded nix v0.29.0
[451.516s]   Downloaded rustls v0.23.37
[451.516s]   Downloaded tracing v0.1.44
[451.516s]   Downloaded icu_properties_data v1.5.1
[451.516s]   Downloaded rustix v1.1.4
[451.516s]   Downloaded hashbrown v0.16.1
[451.516s]   Downloaded num-bigint-dig v0.8.6
[451.516s]   Downloaded quinn-proto v0.11.14
[451.516s]   Downloaded num-bigint v0.4.6
[451.516s]   Downloaded regex-automata v0.4.14
[451.516s]   Downloaded nom v7.1.3
[451.516s]   Downloaded indexmap v2.11.4
[451.517s]   Downloaded hashbrown v0.15.5
[451.517s]   Downloaded zeroize v1.8.2
[451.517s]   Downloaded unsafe-libyaml v0.2.11
[451.517s]   Downloaded unicode-ident v1.0.24
[451.517s]   Downloaded typenum v1.19.0
[451.517s]   Downloaded toml v0.9.6
[451.517s]   Downloaded serialport v4.9.0
[451.517s]   Downloaded mio v1.2.0
[451.517s]   Downloaded minimal-lexical v0.2.1
[451.517s]   Downloaded chrono v0.4.44
[451.517s]   Downloaded sha3 v0.10.8
[451.518s]   Downloaded cbindgen v0.29.2
[451.518s]   Downloaded petgraph v0.8.3
[451.518s]   Downloaded z-serial v0.3.1
[451.518s]   Downloaded libc v0.2.184
[451.518s]   Downloaded tracing-core v0.1.36
[451.518s]   Downloaded tokio v1.50.0
[451.518s]   Downloaded talc v4.4.3
[451.518s]   Downloaded serde_with v3.14.1
[451.518s]   Downloaded quinn v0.11.9
[451.518s]   Downloaded memchr v2.8.0
[451.519s]   Downloaded tinyvec v1.11.0
[451.519s]   Downloaded time v0.3.41
[451.519s]   Downloaded serde_json v1.0.149
[451.519s]   Downloaded portable-atomic v1.13.1
[451.519s]   Downloaded icu_collections v1.5.0
[451.519s]   Downloaded hashbrown v0.14.5
[451.519s]   Downloaded zerofrom v0.1.5
[451.519s]   Downloaded x509-parser v0.18.1
[451.519s]   Downloaded serde_core v1.0.228
[451.520s]   Downloaded schemars v0.9.0
[451.520s]   Downloaded regex v1.12.3
[451.520s]   Downloaded futures-util v0.3.32
[451.520s]   Downloaded clap_builder v4.5.60
[451.520s]   Downloaded tracing-attributes v0.1.31
[451.520s]   Downloaded tls-listener v0.11.0
[451.520s]   Downloaded socket2 v0.6.3
[451.520s]   Downloaded socket2 v0.5.10
[451.520s]   Downloaded ron v0.12.1
[451.520s]   Downloaded aho-corasick v1.1.4
[451.521s]   Downloaded ring v0.17.14
[451.521s]   Downloaded vec_map v0.8.2
[451.521s]   Downloaded validated_struct_macros v2.2.0
[451.521s]   Downloaded validated_struct v2.2.0
[451.521s]   Downloaded uuid v1.20.0
[451.521s]   Downloaded url v2.5.8
[451.521s]   Downloaded stabby-abi v72.1.1
[451.521s]   Downloaded miniz_oxide v0.8.9
[451.521s]   Downloaded writeable v0.5.5
[451.521s]   Downloaded ucd-trie v0.1.7
[451.522s]   Downloaded toml_edit v0.23.5
[451.522s]   Downloaded static_init v1.0.3
[451.522s]   Downloaded serde_derive v1.0.228
[451.522s]   Downloaded serde v1.0.228
[451.522s]   Downloaded schemars v1.2.1
[451.522s]   Downloaded ryu v1.0.23
[451.522s]   Downloaded proc-macro2 v1.0.106
[451.522s]   Downloaded untrusted v0.9.0
[451.522s]   Downloaded unicode-xid v0.2.6
[451.523s]   Downloaded tungstenite v0.24.0
[451.523s]   Downloaded toml_parser v1.0.2
[451.523s]   Downloaded rand v0.9.2
[451.523s]   Downloaded pest_derive v2.8.0
[451.523s]   Downloaded log v0.4.29
[451.523s]   Downloaded icu_normalizer v1.5.0
[451.523s]   Downloaded uhlc v0.8.2
[451.523s]   Downloaded toml_datetime v0.7.1
[451.523s]   Downloaded tokio-tungstenite v0.24.0
[451.523s]   Downloaded tokio-rustls v0.26.4
[451.523s]   Downloaded tinystr v0.8.0
[451.524s]   Downloaded tinystr v0.7.6
[451.524s]   Downloaded time-macros v0.2.22
[451.524s]   Downloaded tempfile v3.24.0
[451.524s]   Downloaded spin v0.9.8
[451.524s]   Downloaded rustls-webpki v0.103.10
[451.524s]   Downloaded rsa v0.9.10
[451.524s]   Downloaded parking_lot v0.12.5
[451.524s]   Downloaded num-traits v0.2.19
[451.524s]   Downloaded nonempty-collections v0.3.1
[451.524s]   Downloaded write16 v1.0.0
[451.524s]   Downloaded utf8parse v0.2.2
[451.525s]   Downloaded utf8_iter v1.0.4
[451.525s]   Downloaded utf16_iter v1.0.5
[451.525s]   Downloaded unzip-n v0.1.2
[451.525s]   Downloaded tokio-serial v5.4.5
[451.525s]   Downloaded sharded-slab v0.1.7
[451.525s]   Downloaded serde_yaml v0.9.34+deprecated
[451.525s]   Downloaded rand v0.8.5
[451.525s]   Downloaded icu_properties v1.5.1
[451.525s]   Downloaded crossbeam-channel v0.5.15
[451.525s]   Downloaded asn1-rs v0.7.1
[451.525s]   Downloaded aes v0.8.4
[451.526s]   Downloaded typeid v1.0.3
[451.526s]   Downloaded twox-hash v1.6.3
[451.526s]   Downloaded stabby v72.1.1
[451.526s]   Downloaded spin v0.10.0
[451.526s]   Downloaded rand_core v0.9.5
[451.526s]   Downloaded prometheus-client v0.24.1
[451.526s]   Downloaded toml_writer v1.0.2
[451.526s]   Downloaded tokio-macros v2.6.1
[451.526s]   Downloaded thread-priority v1.2.0
[451.527s]   Downloaded thiserror-impl v1.0.69
[451.527s]   Downloaded thiserror v2.0.18
[451.527s]   Downloaded synstructure v0.13.2
[451.527s]   Downloaded stabby-macros v72.1.1
[451.527s]   Downloaded shlex v1.3.0
[451.527s]   Downloaded pest_meta v2.8.0
[451.527s]   Downloaded flate2 v1.1.9
[451.527s]   Downloaded der v0.7.10
[451.527s]   Downloaded base64 v0.22.1
[451.527s]   Downloaded thread_local v1.1.9
[451.527s]   Downloaded thiserror-impl v2.0.18
[451.528s]   Downloaded thiserror v1.0.69
[451.528s]   Downloaded slab v0.4.12
[451.528s]   Downloaded once_cell v1.21.4
[451.528s]   Downloaded icu_normalizer_data v1.5.1
[451.528s]   Downloaded derive_more-impl v2.0.1
[451.528s]   Downloaded time-core v0.1.4
[451.528s]   Downloaded static_assertions v1.1.0
[451.528s]   Downloaded stable_deref_trait v1.2.1
[451.528s]   Downloaded spki v0.7.3
[451.528s]   Downloaded smallvec v1.15.1
[451.529s]   Downloaded serde_with_macros v3.14.1
[451.529s]   Downloaded rustls-platform-verifier v0.6.2
[451.529s]   Downloaded pkcs1 v0.7.5
[451.529s]   Downloaded phf v0.11.3
[451.529s]   Downloaded parking_lot_core v0.9.12
[451.529s]   Downloaded lz4_flex v0.10.0
[451.529s]   Downloaded keccak v0.1.6
[451.529s]   Downloaded flume v0.11.1
[451.529s]   Downloaded cc v1.2.58
[451.529s]   Downloaded schemars_derive v1.2.1
[451.529s]   Downloaded rand_core v0.6.4
[451.530s]   Downloaded quinn-udp v0.5.14
[451.530s]   Downloaded pnet_datalink v0.35.0
[451.530s]   Downloaded flume v0.12.0
[451.530s]   Downloaded der-parser v10.0.0
[451.530s]   Downloaded darling_core v0.21.3
[451.530s]   Downloaded const_format v0.2.35
[451.530s]   Downloaded clap v4.5.60
[451.530s]   Downloaded strsim v0.11.1
[451.530s]   Downloaded linux-raw-sys v0.12.1
[451.530s]   Downloaded static_init_macro v1.0.4
[451.530s]   Downloaded simd-adler32 v0.3.9
[451.531s]   Downloaded sha2 v0.10.9
[451.531s]   Downloaded serde_derive_internals v0.29.1
[451.531s]   Downloaded rustls-pki-types v1.14.0
[451.531s]   Downloaded rustls-pemfile v2.2.0
[451.531s]   Downloaded prost v0.14.1
[451.531s]   Downloaded pin-project-lite v0.2.17
[451.531s]   Downloaded phf_macros v0.11.3
[451.531s]   Downloaded phf v0.13.1
[451.531s]   Downloaded pest_generator v2.8.0
[451.532s]   Downloaded nu-ansi-term v0.50.3
[451.532s]   Downloaded mio-serial v5.0.6
[451.532s]   Downloaded icu_locid_transform_data v1.5.1
[451.532s]   Downloaded crossbeam-epoch v0.9.18
[451.532s]   Downloaded arc-swap v1.9.0
[451.532s]   Downloaded pkcs8 v0.10.2
[451.532s]   Downloaded pem-rfc7468 v0.7.0
[451.532s]   Downloaded paste v1.0.15
[451.532s]   Downloaded num_cpus v1.17.0
[451.532s]   Downloaded no-std-net v0.6.0
[451.533s]   Downloaded libloading v0.8.9
[451.533s]   Downloaded icu_locid_transform v1.5.0
[451.533s]   Downloaded hashbrown v0.12.3
[451.533s]   Downloaded futures v0.3.32
[451.533s]   Downloaded evalexpr v11.3.1
[451.533s]   Downloaded derive_more v2.0.1
[451.533s]   Downloaded const-oid v0.9.6
[451.533s]   Downloaded anyhow v1.0.102
[451.533s]   Downloaded sha1 v0.10.6
[451.533s]   Downloaded serde_spanned v1.0.1
[451.534s]   Downloaded semver v1.0.27
[451.534s]   Downloaded rustversion v1.0.22
[451.534s]   Downloaded rustls-native-certs v0.8.3
[451.534s]   Downloaded prost-derive v0.14.1
[451.534s]   Downloaded phf_macros v0.13.1
[451.534s]   Downloaded openssl-probe v0.2.1
[451.534s]   Downloaded oid-registry v0.8.1
[451.534s]   Downloaded nanorand v0.7.0
[451.534s]   Downloaded litemap v0.7.4
[451.534s]   Downloaded percent-encoding v2.3.2
[451.535s]   Downloaded num-integer v0.1.46
[451.535s]   Downloaded itoa v1.0.18
[451.535s]   Downloaded indexmap v1.9.3
[451.535s]   Downloaded iana-time-zone v0.1.65
[451.535s]   Downloaded darling v0.21.3
[451.535s]   Downloaded crossbeam-utils v0.8.21
[451.535s]   Downloaded parking v2.2.1
[451.535s]   Downloaded lock_api v0.4.14
[451.535s]   Downloaded crc32fast v1.5.0
[451.535s]   Downloaded const_format_proc_macros v0.2.34
[451.535s]   Downloaded scopeguard v1.2.0
[451.536s]   Downloaded ppv-lite86 v0.2.21
[451.536s]   Downloaded phf_generator v0.13.1
[451.536s]   Downloaded num-conv v0.1.0
[451.536s]   Downloaded lazy_static v1.5.0
[451.536s]   Downloaded keyed-set v1.1.0
[451.536s]   Downloaded event-listener v5.4.1
[451.536s]   Downloaded ref-cast v1.0.25
[451.536s]   Downloaded pnet_sys v0.35.0
[451.536s]   Downloaded option-ext v0.2.0
[451.536s]   Downloaded fastbloom v0.14.1
[451.536s]   Downloaded bytes v1.11.1
[451.537s]   Downloaded async-lock v3.4.1
[451.537s]   Downloaded rustc-hash v2.1.1
[451.537s]   Downloaded ringbuffer-spsc v0.1.15
[451.537s]   Downloaded ref-cast-impl v1.0.25
[451.537s]   Downloaded rand_chacha v0.3.1
[451.537s]   Downloaded pnet_base v0.35.0
[451.537s]   Downloaded phf_shared v0.13.1
[451.537s]   Downloaded phf_shared v0.11.3
[451.537s]   Downloaded phf_generator v0.11.3
[451.538s]   Downloaded num-iter v0.1.45
[451.538s]   Downloaded matchers v0.2.0
[451.538s]   Downloaded lru-slab v0.1.2
[451.538s]   Downloaded sha2-const-stable v0.1.0
[451.538s]   Downloaded leb128 v0.2.5
[451.538s]   Downloaded json5 v0.4.1
[451.538s]   Downloaded futures-executor v0.3.32
[451.538s]   Downloaded futures-channel v0.3.32
[451.538s]   Downloaded fixedbitset v0.5.7
[451.538s]   Downloaded dirs v6.0.0
[451.538s]   Downloaded digest v0.10.7
[451.539s]   Downloaded icu_provider v1.5.0
[451.539s]   Downloaded humantime v2.3.0
[451.539s]   Downloaded httparse v1.10.1
[451.539s]   Downloaded fs_extra v1.3.0
[451.539s]   Downloaded foldhash v0.2.0
[451.539s]   Downloaded foldhash v0.1.5
[451.539s]   Downloaded either v1.15.0
[451.539s]   Downloaded dtoa v1.0.11
[451.539s]   Downloaded displaydoc v0.2.5
[451.539s]   Downloaded data-encoding v2.10.0
[451.540s]   Downloaded concurrent-queue v2.5.0
[451.540s]   Downloaded cipher v0.4.4
[451.540s]   Downloaded proc-macro-crate v3.4.0
[451.540s]   Downloaded powerfmt v0.2.0
[451.540s]   Downloaded potential_utf v0.1.0
[451.540s]   Downloaded is_terminal_polyfill v1.70.2
[451.540s]   Downloaded ident_case v1.0.1
[451.540s]   Downloaded home v0.5.9
[451.540s]   Downloaded event-listener-strategy v0.5.4
[451.540s]   Downloaded dtor v0.0.6
[451.541s]   Downloaded darling_macro v0.21.3
[451.541s]   Downloaded ctor-proc-macro v0.0.6
[451.541s]   Downloaded crypto-common v0.1.7
[451.541s]   Downloaded crossbeam-deque v0.8.6
[451.541s]   Downloaded cobs v0.2.3
[451.541s]   Downloaded byteorder v1.5.0
[451.541s]   Downloaded futures-sink v0.3.32
[451.541s]   Downloaded futures-core v0.3.32
[451.541s]   Downloaded find-msvc-tools v0.1.9
[451.541s]   Downloaded fastrand v2.3.0
[451.541s]   Downloaded bitflags v1.3.2
[451.542s]   Downloaded async-trait v0.1.89
[451.542s]   Downloaded heck v0.5.0
[451.542s]   Downloaded futures-io v0.3.32
[451.542s]   Downloaded crossbeam v0.8.4
[451.542s]   Downloaded cfg_aliases v0.2.1
[451.542s]   Downloaded autocfg v1.5.0
[451.542s]   Downloaded colorchoice v1.0.5
[451.542s]   Downloaded git-version-macro v0.3.9
[451.542s]   Downloaded form_urlencoded v1.2.2
[451.542s]   Downloaded equivalent v1.0.2
[451.542s]   Downloaded dyn-clone v1.0.20
[451.543s]   Downloaded dirs-sys v0.5.0
[451.543s]   Downloaded ctor v0.4.3
[451.543s]   Downloaded cfg_aliases v0.1.1
[451.543s]   Downloaded hmac v0.12.1
[451.543s]   Downloaded futures-task v0.3.32
[451.543s]   Downloaded fs2 v0.4.3
[451.543s]   Downloaded crossbeam-queue v0.3.12
[451.543s]   Downloaded clap_lex v1.0.0
[451.543s]   Downloaded cfg-if v1.0.4
[451.543s]   Downloaded errno v0.3.14
[451.543s]   Downloaded dtor-proc-macro v0.0.5
[451.544s]   Downloaded cpufeatures v0.2.17
[451.544s]   Downloaded bincode v1.3.3
[451.544s]   Downloaded asn1-rs-impl v0.2.0
[451.544s]   Downloaded ahash v0.8.12
[451.544s]   Downloaded getrandom v0.2.17
[451.544s]   Downloaded deranged v0.4.0
[451.544s]   Downloaded bitflags v2.11.0
[451.544s]   Downloaded base64ct v1.6.0
[451.544s]   Downloaded asn1-rs-derive v0.6.0
[451.545s]   Downloaded array-init v2.1.0
[451.545s]   Downloaded allocator-api2 v0.2.21
[451.545s]   Downloaded anstream v0.6.21
[451.545s]   Downloaded anstyle-query v1.1.5
[451.545s]   Downloaded anstyle v1.0.14
[451.545s]    Compiling proc-macro2 v1.0.106
[451.545s]    Compiling quote v1.0.45
[451.545s]    Compiling unicode-ident v1.0.24
[451.545s]    Compiling libc v0.2.184
[451.545s]    Compiling serde_core v1.0.228
[451.545s]    Compiling cfg-if v1.0.4
[451.546s]    Compiling zerocopy v0.8.48
[451.546s]    Compiling version_check v0.9.5
[451.546s]    Compiling serde v1.0.228
[451.546s]    Compiling memchr v2.8.0
[451.546s]    Compiling getrandom v0.3.4
[451.546s]    Compiling syn v2.0.117
[451.546s]    Compiling getrandom v0.2.17
[451.546s]    Compiling once_cell v1.21.4
[451.546s]    Compiling thiserror v2.0.18
[451.546s]    Compiling serde_derive v1.0.228
[451.547s]    Compiling thiserror-impl v2.0.18
[451.547s]    Compiling rand_core v0.6.4
[451.547s]    Compiling ppv-lite86 v0.2.21
[451.547s]    Compiling synstructure v0.13.2
[451.547s]    Compiling rand_chacha v0.3.1
[451.547s]    Compiling rustversion v1.0.22
[451.547s]    Compiling allocator-api2 v0.2.21
[451.547s]    Compiling rand v0.8.5
[451.547s]    Compiling itoa v1.0.18
[451.547s]    Compiling tokio-macros v2.6.1
[451.547s]    Compiling zmij v1.0.21
[451.548s]    Compiling ahash v0.8.12
[451.548s]    Compiling foldhash v0.2.0
[451.548s]    Compiling libm v0.2.16
[451.548s]    Compiling equivalent v1.0.2
[451.548s]    Compiling serde_json v1.0.149
[451.548s]    Compiling hashbrown v0.16.1
[451.548s]    Compiling displaydoc v0.2.5
[451.548s]    Compiling crossbeam-utils v0.8.21
[451.548s]    Compiling anyhow v1.0.102
[451.548s]    Compiling portable-atomic v1.13.1
[451.548s]    Compiling ref-cast v1.0.25
[451.548s]    Compiling either v1.15.0
[451.549s]    Compiling tracing-attributes v0.1.31
[451.549s]    Compiling cfg_aliases v0.2.1
[451.549s]    Compiling autocfg v1.5.0
[451.549s]    Compiling num-traits v0.2.19
[451.549s]    Compiling ref-cast-impl v1.0.25
[451.549s]    Compiling paste v1.0.15
[451.549s]    Compiling serde_derive_internals v0.29.1
[451.549s]    Compiling find-msvc-tools v0.1.9
[451.549s]    Compiling typeid v1.0.3
[451.549s]    Compiling shlex v1.3.0
[451.550s]    Compiling schemars_derive v1.2.1
[451.550s]    Compiling syn v1.0.109
[451.550s]    Compiling cc v1.2.58
[451.550s]    Compiling hashbrown v0.14.5
[451.550s]    Compiling zenoh-result v1.8.0 (https://github.com/eclipse-zenoh/zenoh.git?branch=main#4516a38c)
[451.550s]    Compiling dyn-clone v1.0.20
[451.550s]    Compiling token-cell v2.1.1
[451.550s]    Compiling keyed-set v1.1.0
[451.550s]    Compiling ring v0.17.14
[451.550s]    Compiling futures-macro v0.3.32
[451.551s]    Compiling schemars v1.2.1
[451.551s]    Compiling zenoh-macros v1.8.0 (https://github.com/eclipse-zenoh/zenoh.git?branch=main#4516a38c)
[451.551s]    Compiling typenum v1.19.0
[451.551s]    Compiling generic-array v0.14.7
[451.551s]    Compiling log v0.4.29
[451.551s]    Compiling zenoh-keyexpr v1.8.0 (https://github.com/eclipse-zenoh/zenoh.git?branch=main#4516a38c)
[451.551s]    Compiling indexmap v2.11.4
[451.551s]    Compiling winnow v0.7.15
[451.551s]    Compiling toml_datetime v0.7.1
[451.551s]    Compiling toml_parser v1.0.2
[451.551s]    Compiling semver v1.0.27
[451.552s]    Compiling rustc_version v0.4.1
[451.552s]    Compiling pin-project-lite v0.2.17
[451.552s]    Compiling rustls v0.23.37
[451.552s]    Compiling strsim v0.11.1
[451.552s]    Compiling nix v0.29.0
[451.552s]    Compiling zerofrom-derive v0.1.7
[451.552s]    Compiling ucd-trie v0.1.7
[451.552s]    Compiling cfg_aliases v0.1.1
[451.552s]    Compiling pest v2.8.0
[451.552s]    Compiling scopeguard v1.2.0
[451.553s]    Compiling time-core v0.1.4
[451.553s]    Compiling unicode-xid v0.2.6
[451.553s]    Compiling num-conv v0.1.0
[451.553s]    Compiling const_format_proc_macros v0.2.34
[451.553s]    Compiling pest_meta v2.8.0
[451.553s]    Compiling time-macros v0.2.22
[451.553s]    Compiling stabby-abi v72.1.1
[451.553s]    Compiling toml_edit v0.23.5
[451.553s]    Compiling yoke-derive v0.7.5
[451.553s]    Compiling ident_case v1.0.1
[451.553s]    Compiling fnv v1.0.7
[451.554s]    Compiling stabby-macros v72.1.1
[451.554s]    Compiling darling_core v0.21.3
[451.554s]    Compiling proc-macro-crate v3.4.0
[451.554s]    Compiling pest_generator v2.8.0
[451.554s]    Compiling static_init_macro v1.0.4
[451.554s]    Compiling static_init v1.0.3
[451.554s]    Compiling darling_macro v0.21.3
[451.554s]    Compiling pest_derive v2.8.0
[451.554s]    Compiling zerovec-derive v0.10.3
[451.554s]    Compiling async-trait v0.1.89
[451.554s]    Compiling bytes v1.11.1
[451.554s]    Compiling stabby v72.1.1
[451.555s]    Compiling darling v0.21.3
[451.555s]    Compiling unzip-n v0.1.2
[451.555s]    Compiling zeroize v1.8.2
[451.555s]    Compiling serde_with_macros v3.14.1
[451.555s]    Compiling lock_api v0.4.14
[451.555s]    Compiling asn1-rs-derive v0.6.0
[451.555s]    Compiling asn1-rs-impl v0.2.0
[451.555s]    Compiling bitflags v2.11.0
[451.555s]    Compiling spin v0.9.8
[451.556s]    Compiling mio v1.2.0
[451.556s]    Compiling socket2 v0.6.3
[451.556s]    Compiling validated_struct_macros v2.2.0
[451.556s]    Compiling quinn-udp v0.5.14
[451.556s]    Compiling zenoh-shm v1.8.0 (https://github.com/eclipse-zenoh/zenoh.git?branch=main#4516a38c)
[451.556s]    Compiling oid-registry v0.8.1
[451.556s]    Compiling tokio v1.50.0
[451.556s]    Compiling lazy_static v1.5.0
[451.556s]    Compiling quinn v0.11.9
[451.556s]    Compiling tracing-core v0.1.36
[451.556s]    Compiling futures-core v0.3.32
[451.557s]    Compiling icu_locid_transform_data v1.5.1
[451.557s]    Compiling futures-sink v0.3.32
[451.557s]    Compiling subtle v2.6.1
[451.557s]    Compiling icu_provider_macros v1.5.0
[451.557s]    Compiling siphasher v1.0.2
[451.557s]    Compiling icu_properties_data v1.5.1
[451.557s]    Compiling tracing v0.1.44
[451.557s]    Compiling slab v0.4.12
[451.557s]    Compiling icu_normalizer_data v1.5.1
[451.557s]    Compiling futures-channel v0.3.32
[451.557s]    Compiling rustls-pki-types v1.14.0
[451.558s]    Compiling smallvec v1.15.1
[451.558s]    Compiling futures-task v0.3.32
[451.558s]    Compiling futures-io v0.3.32
[451.558s]    Compiling futures-util v0.3.32
[451.558s]    Compiling ron v0.12.1
[451.558s]    Compiling untrusted v0.9.0
[451.558s]    Compiling bitflags v1.3.2
[451.558s]    Compiling zenoh-runtime v1.8.0 (https://github.com/eclipse-zenoh/zenoh.git?branch=main#4516a38c)
[451.558s]    Compiling zenoh-core v1.8.0 (https://github.com/eclipse-zenoh/zenoh.git?branch=main#4516a38c)
[451.558s]    Compiling zenoh-collections v1.8.0 (https://github.com/eclipse-zenoh/zenoh.git?branch=main#4516a38c)
[451.559s]    Compiling aho-corasick v1.1.4
[451.559s]    Compiling rustls-webpki v0.103.10
[451.559s]    Compiling powerfmt v0.2.0
[451.559s]    Compiling regex-syntax v0.8.10
[451.559s]    Compiling deranged v0.4.0
[451.559s]    Compiling zenoh-buffers v1.8.0 (https://github.com/eclipse-zenoh/zenoh.git?branch=main#4516a38c)
[451.559s]    Compiling regex-automata v0.4.14
[451.559s]    Compiling num-integer v0.1.46
[451.559s]    Compiling zerofrom v0.1.5
[451.559s]    Compiling minimal-lexical v0.2.1
[451.560s]    Compiling humantime v2.3.0
[451.560s]    Compiling option-ext v0.2.0
[451.560s]    Compiling httparse v1.10.1
[451.560s]    Compiling thiserror v1.0.69
[451.560s]    Compiling const-oid v0.9.6
[451.560s]    Compiling stable_deref_trait v1.2.1
[451.560s]    Compiling nom v7.1.3
[451.560s]    Compiling dirs-sys v0.5.0
[451.560s]    Compiling yoke v0.7.5
[451.560s]    Compiling time v0.3.41
[451.560s]    Compiling futures-executor v0.3.32
[451.561s]    Compiling const_format v0.2.35
[451.561s]    Compiling rand_core v0.9.5
[451.561s]    Compiling serde_spanned v1.0.1
[451.561s]    Compiling spin v0.10.0
[451.561s]    Compiling sha2-const-stable v0.1.0
[451.561s]    Compiling static_assertions v1.1.0
[451.561s]    Compiling no-std-net v0.6.0
[451.561s]    Compiling toml_writer v1.0.2
[451.561s]    Compiling pnet_base v0.35.0
[451.561s]    Compiling toml v0.9.6
[451.561s]    Compiling uhlc v0.8.2
[451.561s]    Compiling rand_chacha v0.9.0
[451.562s]    Compiling futures v0.3.32
[451.562s]    Compiling rusticata-macros v4.1.0
[451.562s]    Compiling zerovec v0.10.4
[451.562s]    Compiling dirs v6.0.0
[451.562s]    Compiling matchers v0.2.0
[451.562s]    Compiling crypto-common v0.1.7
[451.562s]    Compiling crossbeam-queue v0.3.12
[451.562s]    Compiling crossbeam-channel v0.5.15
[451.562s]    Compiling tracing-log v0.2.0
[451.562s]    Compiling tracing-serde v0.2.0
[451.563s]    Compiling sharded-slab v0.1.7
[451.563s]    Compiling ipnetwork v0.20.0
[451.563s]    Compiling thiserror-impl v1.0.69
[451.563s]    Compiling nanorand v0.7.0
[451.563s]    Compiling pnet_sys v0.35.0
[451.563s]    Compiling libloading v0.8.9
[451.563s]    Compiling thread_local v1.1.9
[451.563s]    Compiling nu-ansi-term v0.50.3
[451.563s]    Compiling home v0.5.9
[451.563s]    Compiling openssl-probe v0.2.1
[451.563s]    Compiling rustls-native-certs v0.8.3
[451.564s]    Compiling tracing-subscriber v0.3.23
[451.564s]    Compiling pnet_datalink v0.35.0
[451.564s]    Compiling flume v0.11.1
[451.564s]    Compiling shellexpand v3.1.2
[451.564s]    Compiling asn1-rs v0.7.1
[451.564s]    Compiling rand v0.9.2
[451.564s]    Compiling zenoh-protocol v1.8.0 (https://github.com/eclipse-zenoh/zenoh.git?branch=main#4516a38c)
[451.564s]    Compiling thread-priority v1.2.0
[451.564s]    Compiling serde_with v3.14.1
[451.564s]    Compiling json5 v0.4.1
[451.565s]    Compiling nonempty-collections v0.3.1
[451.565s]    Compiling ryu v1.0.23
[451.565s]    Compiling tinyvec_macros v0.1.1
[451.565s]    Compiling unsafe-libyaml v0.2.11
[451.565s]    Compiling data-encoding v2.10.0
[451.565s]    Compiling rustc-hash v2.1.1
[451.565s]    Compiling serde_yaml v0.9.34+deprecated
[451.565s]    Compiling tinyvec v1.11.0
[451.565s]    Compiling validated_struct v2.2.0
[451.565s]    Compiling fastbloom v0.14.1
[451.565s]    Compiling zenoh-util v1.8.0 (https://github.com/eclipse-zenoh/zenoh.git?branch=main#4516a38c)
[451.566s]    Compiling rustls-platform-verifier v0.6.2
[451.566s]    Compiling tinystr v0.7.6
[451.566s]    Compiling num-bigint v0.4.6
[451.566s]    Compiling block-buffer v0.10.4
[451.566s]    Compiling buddy_system_allocator v0.10.0
[451.566s]    Compiling secrecy v0.8.0
[451.566s]    Compiling advisory-lock v0.3.0
[451.566s]    Compiling num_cpus v1.17.0
[451.566s]    Compiling lru-slab v0.1.2
[451.567s]    Compiling writeable v0.5.5
[451.567s]    Compiling talc v4.4.3
[451.567s]    Compiling litemap v0.7.4
[451.567s]    Compiling icu_locid v1.5.0
[451.567s]    Compiling zenoh-config v1.8.0 (https://github.com/eclipse-zenoh/zenoh.git?branch=main#4516a38c)
[451.567s]    Compiling quinn-proto v0.11.14
[451.567s]    Compiling der-parser v10.0.0
[451.567s]    Compiling digest v0.10.7
[451.567s]    Compiling tokio-util v0.7.18
[451.567s]    Compiling x509-parser v0.18.1
[451.567s]    Compiling icu_provider v1.5.0
[451.567s]    Compiling zenoh-codec v1.8.0 (https://github.com/eclipse-zenoh/zenoh.git?branch=main#4516a38c)
[451.568s]    Compiling rustls-pemfile v2.2.0
[451.568s]    Compiling webpki-roots v1.0.6
[451.568s]    Compiling socket2 v0.5.10
[451.568s]    Compiling base64 v0.22.1
[451.568s]    Compiling num-bigint-dig v0.8.6
[451.568s]    Compiling zenoh-link-commons v1.8.0 (https://github.com/eclipse-zenoh/zenoh.git?branch=main#4516a38c)
[451.568s]    Compiling icu_locid_transform v1.5.0
[451.568s]    Compiling icu_collections v1.5.0
[451.568s]    Compiling fastrand v2.3.0
[451.569s]    Compiling icu_properties v1.5.1
[451.569s]    Compiling concurrent-queue v2.5.0
[451.571s]    Compiling write16 v1.0.0
[451.571s]    Compiling base64ct v1.6.0
[451.571s]    Compiling crc32fast v1.5.0
[451.571s]    Compiling utf8_iter v1.0.4
[451.571s]    Compiling rustix v1.1.4
[451.571s]    Compiling cpufeatures v0.2.17
[451.571s]    Compiling parking v2.2.1
[451.571s]    Compiling utf16_iter v1.0.5
[451.572s]    Compiling event-listener v5.4.1
[451.572s]    Compiling icu_normalizer v1.5.0
[451.572s]    Compiling nix v0.26.4
[451.572s]    Compiling unescaper v0.1.8
[451.572s]    Compiling serialport v4.9.0
[451.572s]    Compiling pem-rfc7468 v0.7.0
[451.572s]    Compiling phf_shared v0.13.1
[451.572s]    Compiling git-version-macro v0.3.9
[451.572s]    Compiling mio-serial v5.0.6
[451.572s]    Compiling phf_generator v0.13.1
[451.572s]    Compiling der v0.7.10
[451.573s]    Compiling idna_adapter v1.2.0
[451.573s]    Compiling sha1 v0.10.6
[451.573s]    Compiling tokio-rustls v0.26.4
[451.573s]    Compiling http v1.4.0
[451.573s]    Compiling itertools v0.14.0
[451.573s]    Compiling uuid v1.20.0
[451.573s]    Compiling utf-8 v0.7.6
[451.573s]    Compiling percent-encoding v2.3.2
[451.573s]    Compiling utf8parse v0.2.2
[451.573s]    Compiling byteorder v1.5.0
[451.574s]    Compiling form_urlencoded v1.2.2
[451.574s]    Compiling anstyle-parse v0.2.7
[451.576s]    Compiling tls-listener v0.11.0
[451.576s]    Compiling idna v1.1.0
[451.577s]    Compiling tungstenite v0.24.0
[451.577s]    Compiling spki v0.7.3
[451.577s]    Compiling phf_macros v0.13.1
[451.577s]    Compiling tokio-serial v5.4.5
[451.577s]    Compiling inout v0.1.4
[451.577s]    Compiling crossbeam-epoch v0.9.18
[451.577s]    Compiling zenoh v1.8.0 (https://github.com/eclipse-zenoh/zenoh.git?branch=main#4516a38c)
[451.577s]    Compiling arc-swap v1.9.0
[451.577s]    Compiling is_terminal_polyfill v1.70.2
[451.578s]    Compiling anstyle v1.0.14
[451.578s]    Compiling cobs v0.2.3
[451.578s]    Compiling anstyle-query v1.1.5
[451.578s]    Compiling colorchoice v1.0.5
[451.578s]    Compiling z-serial v0.3.1
[451.578s]    Compiling anstream v0.6.21
[451.578s]    Compiling zenoh-sync v1.8.0 (https://github.com/eclipse-zenoh/zenoh.git?branch=main#4516a38c)
[451.578s]    Compiling crossbeam-deque v0.8.6
[451.578s]    Compiling cipher v0.4.4
[451.578s]    Compiling pkcs8 v0.10.2
[451.579s]    Compiling tokio-tungstenite v0.24.0
[451.579s]    Compiling url v2.5.8
[451.579s]    Compiling prost-derive v0.14.1
[451.579s]    Compiling twox-hash v1.6.3
[451.579s]    Compiling num-iter v0.1.45
[451.579s]    Compiling derive_more-impl v2.0.1
[451.579s]    Compiling keccak v0.1.6
[451.579s]    Compiling linux-raw-sys v0.12.1
[451.579s]    Compiling clap_lex v1.0.0
[451.579s]    Compiling sha3 v0.10.8
[451.579s]    Compiling clap_builder v4.5.60
[451.579s]    Compiling lz4_flex v0.10.0
[451.580s]    Compiling zenoh-link-ws v1.8.0 (https://github.com/eclipse-zenoh/zenoh.git?branch=main#4516a38c)
[451.580s]    Compiling pkcs1 v0.7.5
[451.580s]    Compiling aes v0.8.4
[451.580s]    Compiling crossbeam v0.8.4
[451.580s]    Compiling zenoh-link-udp v1.8.0 (https://github.com/eclipse-zenoh/zenoh.git?branch=main#4516a38c)
[451.580s]    Compiling zenoh-link-serial v1.8.0 (https://github.com/eclipse-zenoh/zenoh.git?branch=main#4516a38c)
[451.580s]    Compiling zenoh-link-tls v1.8.0 (https://github.com/eclipse-zenoh/zenoh.git?branch=main#4516a38c)
[451.580s]    Compiling zenoh-link-unixsock_stream v1.8.0 (https://github.com/eclipse-zenoh/zenoh.git?branch=main#4516a38c)
[451.580s]    Compiling zenoh-link-quic v1.8.0 (https://github.com/eclipse-zenoh/zenoh.git?branch=main#4516a38c)
[451.580s]    Compiling zenoh-link-tcp v1.8.0 (https://github.com/eclipse-zenoh/zenoh.git?branch=main#4516a38c)
[451.581s]    Compiling signature v2.2.0
[451.581s]    Compiling hmac v0.12.1
[451.581s]    Compiling phf_shared v0.11.3
[451.581s]    Compiling array-init v2.1.0
[451.581s]    Compiling foldhash v0.1.5
[451.581s]    Compiling adler2 v2.0.1
[451.581s]    Compiling simd-adler32 v0.3.9
[451.581s]    Compiling hashbrown v0.15.5
[451.581s]    Compiling miniz_oxide v0.8.9
[451.582s]    Compiling phf_generator v0.11.3
[451.582s]    Compiling ringbuffer-spsc v0.1.15
[451.582s]    Compiling zenoh-link v1.8.0 (https://github.com/eclipse-zenoh/zenoh.git?branch=main#4516a38c)
[451.582s]    Compiling zenoh-crypto v1.8.0 (https://github.com/eclipse-zenoh/zenoh.git?branch=main#4516a38c)
[451.582s]    Compiling rsa v0.9.10
[451.582s]    Compiling tempfile v3.24.0
[451.582s]    Compiling git-version v0.3.9
[451.582s]    Compiling event-listener-strategy v0.5.4
[451.582s]    Compiling zenoh-task v1.8.0 (https://github.com/eclipse-zenoh/zenoh.git?branch=main#4516a38c)
[451.583s]    Compiling fixedbitset v0.5.7
[451.583s]    Compiling cbindgen v0.29.2
[451.583s]    Compiling petgraph v0.8.3
[451.583s]    Compiling zenoh-transport v1.8.0 (https://github.com/eclipse-zenoh/zenoh.git?branch=main#4516a38c)
[451.583s]    Compiling async-lock v3.4.1
[451.583s]    Compiling zenoh-plugin-trait v1.8.0 (https://github.com/eclipse-zenoh/zenoh.git?branch=main#4516a38c)
[451.583s]    Compiling flate2 v1.1.9
[451.583s]    Compiling phf_macros v0.11.3
[451.583s]    Compiling clap v4.5.60
[451.583s]    Compiling derive_more v2.0.1
[451.583s]    Compiling prost v0.14.1
[451.584s]    Compiling phf v0.13.1
[451.584s]    Compiling tinystr v0.8.0
[451.584s]    Compiling potential_utf v0.1.0
[451.584s]    Compiling heck v0.5.0
[451.584s]    Compiling vec_map v0.8.2
[451.584s]    Compiling zenoh-pinned-deps-1-75 v1.8.0 (https://github.com/eclipse-zenoh/zenoh.git?branch=main#4516a38c)
[451.584s]    Compiling phf v0.11.3
[451.584s]    Compiling regex v1.12.3
[451.584s]    Compiling fs2 v0.4.3
[451.584s]    Compiling fs_extra v1.3.0
[451.584s]    Compiling evalexpr v11.3.1
[451.585s]    Compiling dtor-proc-macro v0.0.5
[451.585s]    Compiling dtor v0.0.6
[451.585s]    Compiling bincode v1.3.3
[451.585s]    Compiling leb128 v0.2.5
[451.585s]    Compiling ctor-proc-macro v0.0.6
[451.585s]    Compiling iana-time-zone v0.1.65
[451.585s]    Compiling ctor v0.4.3
[451.585s]    Compiling chrono v0.4.44
[451.585s]    Compiling flume v0.12.0
[451.585s]    Compiling unwrap-infallible v0.1.5
[451.586s]    Compiling zenoh-c v1.8.0 (/home/runner/work/pixi_rosdistro/pixi_rosdistro/build/zenoh_cpp_vendor/zenoh_c_vendor-prefix/src/zenoh_c_vendor-build/release)
[451.586s]    Compiling zenoh-ext v1.8.0 (https://github.com/eclipse-zenoh/zenoh.git?branch=main#4516a38c)
[451.586s] warning: zenoh-c@1.8.0: Copying Cargo.lock from /home/runner/work/pixi_rosdistro/pixi_rosdistro/build/zenoh_cpp_vendor/zenoh_c_vendor-prefix/src/zenoh_c_vendor-build/release/Cargo.lock to /home/runner/work/pixi_rosdistro/pixi_rosdistro/build/zenoh_cpp_vendor/zenoh_c_vendor-prefix/src/zenoh_c_vendor/build-resources/opaque-types/Cargo.lock
[451.586s] warning: zenoh-c@1.8.0: Successfully copied Cargo.lock
[451.586s] warning: zenoh-c@1.8.0: OPAQUE_TYPES_BUILD_DIR = /home/runner/work/pixi_rosdistro/pixi_rosdistro/build/zenoh_cpp_vendor/zenoh_c_vendor-prefix/src/zenoh_c_vendor-build/opaque-types
[451.586s]     Finished `release` profile [optimized] target(s) in 7m 26s
[451.592s] [7/16] Performing install step for 'zenoh_c_vendor'
[451.594s] [0/1] Install the project...
[451.594s] -- Install configuration: "Release"
[451.594s] -- Installing: /home/runner/work/pixi_rosdistro/pixi_rosdistro/build/zenoh_cpp_vendor/zenoh_c_vendor-prefix/install/include
[451.594s] -- Installing: /home/runner/work/pixi_rosdistro/pixi_rosdistro/build/zenoh_cpp_vendor/zenoh_c_vendor-prefix/install/include/zenoh.h
[451.594s] -- Installing: /home/runner/work/pixi_rosdistro/pixi_rosdistro/build/zenoh_cpp_vendor/zenoh_c_vendor-prefix/install/include/zenoh_commons.h
[451.594s] -- Installing: /home/runner/work/pixi_rosdistro/pixi_rosdistro/build/zenoh_cpp_vendor/zenoh_c_vendor-prefix/install/include/zenoh_concrete.h
[451.594s] -- Installing: /home/runner/work/pixi_rosdistro/pixi_rosdistro/build/zenoh_cpp_vendor/zenoh_c_vendor-prefix/install/include/zenoh_memory.h
[451.594s] -- Installing: /home/runner/work/pixi_rosdistro/pixi_rosdistro/build/zenoh_cpp_vendor/zenoh_c_vendor-prefix/install/include/zenoh_constants.h
[451.594s] -- Installing: /home/runner/work/pixi_rosdistro/pixi_rosdistro/build/zenoh_cpp_vendor/zenoh_c_vendor-prefix/install/include/zenoh_configure.h
[451.594s] -- Installing: /home/runner/work/pixi_rosdistro/pixi_rosdistro/build/zenoh_cpp_vendor/zenoh_c_vendor-prefix/install/include/zenoh_opaque.h
[451.594s] -- Installing: /home/runner/work/pixi_rosdistro/pixi_rosdistro/build/zenoh_cpp_vendor/zenoh_c_vendor-prefix/install/include/zenoh_macros.h
[451.595s] -- Installing: /home/runner/work/pixi_rosdistro/pixi_rosdistro/build/zenoh_cpp_vendor/zenoh_c_vendor-prefix/install/lib/libzenohc.so
[451.595s] -- Installing: /home/runner/work/pixi_rosdistro/pixi_rosdistro/build/zenoh_cpp_vendor/zenoh_c_vendor-prefix/install/lib/pkgconfig/zenohc.pc
[451.595s] -- Installing: /home/runner/work/pixi_rosdistro/pixi_rosdistro/build/zenoh_cpp_vendor/zenoh_c_vendor-prefix/install/lib/libzenohc.a
[451.595s] -- Installing: /home/runner/work/pixi_rosdistro/pixi_rosdistro/build/zenoh_cpp_vendor/zenoh_c_vendor-prefix/install/lib/cmake/zenohc/zenohcConfig.cmake
[451.595s] -- Installing: /home/runner/work/pixi_rosdistro/pixi_rosdistro/build/zenoh_cpp_vendor/zenoh_c_vendor-prefix/install/lib/cmake/zenohc/zenohcConfigVersion.cmake
[451.613s] [8/16] Completed 'zenoh_c_vendor'
[451.626s] [9/16] Creating directories for 'zenoh_cpp_vendor'
[456.846s] [10/16] Performing download step for 'zenoh_cpp_vendor'
[456.847s] === ./zenoh_cpp_vendor (git) ===
[456.847s] hint: Using 'master' as the name for the initial branch. This default branch name
[456.847s] hint: will change to "main" in Git 3.0. To configure the initial branch name
[456.847s] hint: to use in all of your new repositories, which will suppress this warning,
[456.847s] hint: call:
[456.847s] hint:
[456.848s] hint: 	git config --global init.defaultBranch <name>
[456.848s] hint:
[456.848s] hint: Names commonly chosen instead of 'master' are 'main', 'trunk' and
[456.848s] hint: 'development'. The just-created branch can be renamed via this command:
[456.848s] hint:
[456.849s] hint: 	git branch -m <name>
[456.849s] hint:
[456.849s] hint: Disable this message with "git config set advice.defaultBranchName false"
[456.849s] Initialized empty Git repository in /home/runner/work/pixi_rosdistro/pixi_rosdistro/build/zenoh_cpp_vendor/zenoh_cpp_vendor-prefix/src/zenoh_cpp_vendor/.git/
[456.849s] 
[456.849s] From https://github.com/eclipse-zenoh/zenoh-cpp
[456.849s]  * branch            776c59651a61dc53689dd68beace147e67a83a27 -> FETCH_HEAD
[456.849s] Note: switching to '776c59651a61dc53689dd68beace147e67a83a27'.
[456.849s] 
[456.850s] You are in 'detached HEAD' state. You can look around, make experimental
[456.850s] changes and commit them, and you can discard any commits you make in this
[456.850s] state without impacting any branches by switching back to a branch.
[456.850s] 
[456.850s] If you want to create a new branch to retain commits you create, you may
[456.851s] do so (now or later) by using -c with the switch command. Example:
[456.851s] 
[456.851s]   git switch -c <new-branch-name>
[456.851s] 
[456.851s] Or undo this operation with:
[456.851s] 
[456.851s]   git switch -
[456.851s] 
[456.851s] Turn off this advice by setting config variable advice.detachedHead to false
[456.851s] 
[456.851s] HEAD is now at 776c596 chore: Merge release/1.8.0 into main (#756)
[456.852s] Submodule 'zenoh-c' (https://github.com/eclipse-zenoh/zenoh-c.git) registered for path 'zenoh-c'
[456.852s] Submodule 'zenoh-pico' (https://github.com/eclipse-zenoh/zenoh-pico.git) registered for path 'zenoh-pico'
[456.852s] Cloning into '/home/runner/work/pixi_rosdistro/pixi_rosdistro/build/zenoh_cpp_vendor/zenoh_cpp_vendor-prefix/src/zenoh_cpp_vendor/zenoh-c'...
[456.852s] Cloning into '/home/runner/work/pixi_rosdistro/pixi_rosdistro/build/zenoh_cpp_vendor/zenoh_cpp_vendor-prefix/src/zenoh_cpp_vendor/zenoh-pico'...
[456.852s] Submodule path 'zenoh-c': checked out '3b4924ae21eabb8c31de91c3128edc0f99122164'
[456.852s] Submodule path 'zenoh-pico': checked out '7e6e0320e3466a67a43f4bffa7ba8bc9788e7de0'
[456.869s] [11/16] No update_disconnected step for 'zenoh_cpp_vendor'
[456.886s] [12/16] No patch_disconnected step for 'zenoh_cpp_vendor'
[457.544s] [13/16] Performing configure step for 'zenoh_cpp_vendor'
[457.544s] loading initial cache file /home/runner/work/pixi_rosdistro/pixi_rosdistro/build/zenoh_cpp_vendor/zenoh_cpp_vendor-config.cmake
[457.544s] -- The C compiler identification is GNU 14.3.0
[457.544s] -- The CXX compiler identification is GNU 14.3.0
[457.544s] -- Detecting C compiler ABI info
[457.544s] -- Detecting C compiler ABI info - done
[457.545s] -- Check for working C compiler: /home/runner/work/pixi_rosdistro/pixi_rosdistro/.pixi/envs/default/bin/x86_64-conda-linux-gnu-cc - skipped
[457.545s] -- Detecting C compile features
[457.545s] -- Detecting C compile features - done
[457.545s] -- Detecting CXX compiler ABI info
[457.545s] -- Detecting CXX compiler ABI info - done
[457.545s] -- Check for working CXX compiler: /home/runner/work/pixi_rosdistro/pixi_rosdistro/.pixi/envs/default/bin/x86_64-conda-linux-gnu-c++ - skipped
[457.545s] -- Detecting CXX compile features
[457.545s] -- Detecting CXX compile features - done
[457.545s] -- project_version = 1.8.0
[457.545s] -- ZENOHCXX_ZENOHC = OFF
[457.545s] -- ZENOHCXX_ZENOHPICO = OFF
[457.545s] -- ZENOHCXX_EXAMPLES_PROTOBUF = ON
[457.545s] -- ZENOHCXX_ENABLE_TESTS = ON
[457.545s] -- ZENOHCXX_ENABLE_EXAMPLES = ON
[457.546s] -- CMAKE_BUILD_TYPE = Release
[457.546s] -- CMAKE_INSTALL_PREFIX = /home/runner/work/pixi_rosdistro/pixi_rosdistro/install/opt/zenoh_cpp_vendor
[457.546s] -- zenoh-cxx tests
[457.546s] -- zenoh-cxx docs
[457.546s] -- Could NOT find Doxygen (missing: DOXYGEN_EXECUTABLE) 
[457.546s] -- Doxygen not found, skipping docs
[457.546s] -- Configuring done (0.6s)
[457.546s] -- Generating done (0.0s)
[457.546s] -- Build files have been written to: /home/runner/work/pixi_rosdistro/pixi_rosdistro/build/zenoh_cpp_vendor/zenoh_cpp_vendor-prefix/src/zenoh_cpp_vendor-build
[457.563s] [14/16] Performing build step for 'zenoh_cpp_vendor'
[457.563s] ninja: no work to do.
[457.605s] [15/16] Performing install step for 'zenoh_cpp_vendor'
[457.605s] [0/1] Install the project...
[457.605s] -- Install configuration: "Release"
[457.605s] -- Installing: /home/runner/work/pixi_rosdistro/pixi_rosdistro/build/zenoh_cpp_vendor/zenoh_cpp_vendor-prefix/install/include
[457.605s] -- Installing: /home/runner/work/pixi_rosdistro/pixi_rosdistro/build/zenoh_cpp_vendor/zenoh_cpp_vendor-prefix/install/include/zenoh.hxx
[457.605s] -- Installing: /home/runner/work/pixi_rosdistro/pixi_rosdistro/build/zenoh_cpp_vendor/zenoh_cpp_vendor-prefix/install/include/zenoh
[457.605s] -- Installing: /home/runner/work/pixi_rosdistro/pixi_rosdistro/build/zenoh_cpp_vendor/zenoh_cpp_vendor-prefix/install/include/zenoh/api.hxx
[457.605s] -- Installing: /home/runner/work/pixi_rosdistro/pixi_rosdistro/build/zenoh_cpp_vendor/zenoh_cpp_vendor-prefix/install/include/zenoh/zenohc.hxx
[457.606s] -- Installing: /home/runner/work/pixi_rosdistro/pixi_rosdistro/build/zenoh_cpp_vendor/zenoh_cpp_vendor-prefix/install/include/zenoh/api
[457.606s] -- Installing: /home/runner/work/pixi_rosdistro/pixi_rosdistro/build/zenoh_cpp_vendor/zenoh_cpp_vendor-prefix/install/include/zenoh/api/encoding.hxx
[457.606s] -- Installing: /home/runner/work/pixi_rosdistro/pixi_rosdistro/build/zenoh_cpp_vendor/zenoh_cpp_vendor-prefix/install/include/zenoh/api/cancellation.hxx
[457.606s] -- Installing: /home/runner/work/pixi_rosdistro/pixi_rosdistro/build/zenoh_cpp_vendor/zenoh_cpp_vendor-prefix/install/include/zenoh/api/config.hxx
[457.606s] -- Installing: /home/runner/work/pixi_rosdistro/pixi_rosdistro/build/zenoh_cpp_vendor/zenoh_cpp_vendor-prefix/install/include/zenoh/api/source_info.hxx
[457.606s] -- Installing: /home/runner/work/pixi_rosdistro/pixi_rosdistro/build/zenoh_cpp_vendor/zenoh_cpp_vendor-prefix/install/include/zenoh/api/queryable.hxx
[457.606s] -- Installing: /home/runner/work/pixi_rosdistro/pixi_rosdistro/build/zenoh_cpp_vendor/zenoh_cpp_vendor-prefix/install/include/zenoh/api/id.hxx
[457.606s] -- Installing: /home/runner/work/pixi_rosdistro/pixi_rosdistro/build/zenoh_cpp_vendor/zenoh_cpp_vendor-prefix/install/include/zenoh/api/timestamp.hxx
[457.606s] -- Installing: /home/runner/work/pixi_rosdistro/pixi_rosdistro/build/zenoh_cpp_vendor/zenoh_cpp_vendor-prefix/install/include/zenoh/api/sample.hxx
[457.607s] -- Installing: /home/runner/work/pixi_rosdistro/pixi_rosdistro/build/zenoh_cpp_vendor/zenoh_cpp_vendor-prefix/install/include/zenoh/api/channels.hxx
[457.607s] -- Installing: /home/runner/work/pixi_rosdistro/pixi_rosdistro/build/zenoh_cpp_vendor/zenoh_cpp_vendor-prefix/install/include/zenoh/api/transport_event.hxx
[457.607s] -- Installing: /home/runner/work/pixi_rosdistro/pixi_rosdistro/build/zenoh_cpp_vendor/zenoh_cpp_vendor-prefix/install/include/zenoh/api/logging.hxx
[457.607s] -- Installing: /home/runner/work/pixi_rosdistro/pixi_rosdistro/build/zenoh_cpp_vendor/zenoh_cpp_vendor-prefix/install/include/zenoh/api/base.hxx
[457.607s] -- Installing: /home/runner/work/pixi_rosdistro/pixi_rosdistro/build/zenoh_cpp_vendor/zenoh_cpp_vendor-prefix/install/include/zenoh/api/ext
[457.607s] -- Installing: /home/runner/work/pixi_rosdistro/pixi_rosdistro/build/zenoh_cpp_vendor/zenoh_cpp_vendor-prefix/install/include/zenoh/api/ext/advanced_publisher.hxx
[457.607s] -- Installing: /home/runner/work/pixi_rosdistro/pixi_rosdistro/build/zenoh_cpp_vendor/zenoh_cpp_vendor-prefix/install/include/zenoh/api/ext/miss.hxx
[457.607s] -- Installing: /home/runner/work/pixi_rosdistro/pixi_rosdistro/build/zenoh_cpp_vendor/zenoh_cpp_vendor-prefix/install/include/zenoh/api/ext/querying_subscriber.hxx
[457.607s] -- Installing: /home/runner/work/pixi_rosdistro/pixi_rosdistro/build/zenoh_cpp_vendor/zenoh_cpp_vendor-prefix/install/include/zenoh/api/ext/advanced_subscriber.hxx
[457.607s] -- Installing: /home/runner/work/pixi_rosdistro/pixi_rosdistro/build/zenoh_cpp_vendor/zenoh_cpp_vendor-prefix/install/include/zenoh/api/ext/session_ext.hxx
[457.608s] -- Installing: /home/runner/work/pixi_rosdistro/pixi_rosdistro/build/zenoh_cpp_vendor/zenoh_cpp_vendor-prefix/install/include/zenoh/api/ext/publication_cache.hxx
[457.608s] -- Installing: /home/runner/work/pixi_rosdistro/pixi_rosdistro/build/zenoh_cpp_vendor/zenoh_cpp_vendor-prefix/install/include/zenoh/api/ext/serialization.hxx
[457.608s] -- Installing: /home/runner/work/pixi_rosdistro/pixi_rosdistro/build/zenoh_cpp_vendor/zenoh_cpp_vendor-prefix/install/include/zenoh/api/query.hxx
[457.608s] -- Installing: /home/runner/work/pixi_rosdistro/pixi_rosdistro/build/zenoh_cpp_vendor/zenoh_cpp_vendor-prefix/install/include/zenoh/api/transport.hxx
[457.608s] -- Installing: /home/runner/work/pixi_rosdistro/pixi_rosdistro/build/zenoh_cpp_vendor/zenoh_cpp_vendor-prefix/install/include/zenoh/api/querier.hxx
[457.608s] -- Installing: /home/runner/work/pixi_rosdistro/pixi_rosdistro/build/zenoh_cpp_vendor/zenoh_cpp_vendor-prefix/install/include/zenoh/api/enums.hxx
[457.608s] -- Installing: /home/runner/work/pixi_rosdistro/pixi_rosdistro/build/zenoh_cpp_vendor/zenoh_cpp_vendor-prefix/install/include/zenoh/api/publisher.hxx
[457.608s] -- Installing: /home/runner/work/pixi_rosdistro/pixi_rosdistro/build/zenoh_cpp_vendor/zenoh_cpp_vendor-prefix/install/include/zenoh/api/subscriber.hxx
[457.608s] -- Installing: /home/runner/work/pixi_rosdistro/pixi_rosdistro/build/zenoh_cpp_vendor/zenoh_cpp_vendor-prefix/install/include/zenoh/api/bytes.hxx
[457.608s] -- Installing: /home/runner/work/pixi_rosdistro/pixi_rosdistro/build/zenoh_cpp_vendor/zenoh_cpp_vendor-prefix/install/include/zenoh/api/query_consolidation.hxx
[457.608s] -- Installing: /home/runner/work/pixi_rosdistro/pixi_rosdistro/build/zenoh_cpp_vendor/zenoh_cpp_vendor-prefix/install/include/zenoh/api/liveliness.hxx
[457.608s] -- Installing: /home/runner/work/pixi_rosdistro/pixi_rosdistro/build/zenoh_cpp_vendor/zenoh_cpp_vendor-prefix/install/include/zenoh/api/transport_events_listener.hxx
[457.609s] -- Installing: /home/runner/work/pixi_rosdistro/pixi_rosdistro/build/zenoh_cpp_vendor/zenoh_cpp_vendor-prefix/install/include/zenoh/api/scout.hxx
[457.609s] -- Installing: /home/runner/work/pixi_rosdistro/pixi_rosdistro/build/zenoh_cpp_vendor/zenoh_cpp_vendor-prefix/install/include/zenoh/api/link_events_listener.hxx
[457.609s] -- Installing: /home/runner/work/pixi_rosdistro/pixi_rosdistro/build/zenoh_cpp_vendor/zenoh_cpp_vendor-prefix/install/include/zenoh/api/link_event.hxx
[457.609s] -- Installing: /home/runner/work/pixi_rosdistro/pixi_rosdistro/build/zenoh_cpp_vendor/zenoh_cpp_vendor-prefix/install/include/zenoh/api/hello.hxx
[457.609s] -- Installing: /home/runner/work/pixi_rosdistro/pixi_rosdistro/build/zenoh_cpp_vendor/zenoh_cpp_vendor-prefix/install/include/zenoh/api/reply.hxx
[457.609s] -- Installing: /home/runner/work/pixi_rosdistro/pixi_rosdistro/build/zenoh_cpp_vendor/zenoh_cpp_vendor-prefix/install/include/zenoh/api/closures.hxx
[457.609s] -- Installing: /home/runner/work/pixi_rosdistro/pixi_rosdistro/build/zenoh_cpp_vendor/zenoh_cpp_vendor-prefix/install/include/zenoh/api/link.hxx
[457.609s] -- Installing: /home/runner/work/pixi_rosdistro/pixi_rosdistro/build/zenoh_cpp_vendor/zenoh_cpp_vendor-prefix/install/include/zenoh/api/matching.hxx
[457.609s] -- Installing: /home/runner/work/pixi_rosdistro/pixi_rosdistro/build/zenoh_cpp_vendor/zenoh_cpp_vendor-prefix/install/include/zenoh/api/shm
[457.609s] -- Installing: /home/runner/work/pixi_rosdistro/pixi_rosdistro/build/zenoh_cpp_vendor/zenoh_cpp_vendor-prefix/install/include/zenoh/api/shm/common
[457.609s] -- Installing: /home/runner/work/pixi_rosdistro/pixi_rosdistro/build/zenoh_cpp_vendor/zenoh_cpp_vendor-prefix/install/include/zenoh/api/shm/common/types.hxx
[457.609s] -- Installing: /home/runner/work/pixi_rosdistro/pixi_rosdistro/build/zenoh_cpp_vendor/zenoh_cpp_vendor-prefix/install/include/zenoh/api/shm/common/common.hxx
[457.610s] -- Installing: /home/runner/work/pixi_rosdistro/pixi_rosdistro/build/zenoh_cpp_vendor/zenoh_cpp_vendor-prefix/install/include/zenoh/api/shm/buffer
[457.610s] -- Installing: /home/runner/work/pixi_rosdistro/pixi_rosdistro/build/zenoh_cpp_vendor/zenoh_cpp_vendor-prefix/install/include/zenoh/api/shm/buffer/buffer.hxx
[457.610s] -- Installing: /home/runner/work/pixi_rosdistro/pixi_rosdistro/build/zenoh_cpp_vendor/zenoh_cpp_vendor-prefix/install/include/zenoh/api/shm/buffer/zshm.hxx
[457.610s] -- Installing: /home/runner/work/pixi_rosdistro/pixi_rosdistro/build/zenoh_cpp_vendor/zenoh_cpp_vendor-prefix/install/include/zenoh/api/shm/buffer/zshmmut.hxx
[457.610s] -- Installing: /home/runner/work/pixi_rosdistro/pixi_rosdistro/build/zenoh_cpp_vendor/zenoh_cpp_vendor-prefix/install/include/zenoh/api/shm/cleanup.hxx
[457.610s] -- Installing: /home/runner/work/pixi_rosdistro/pixi_rosdistro/build/zenoh_cpp_vendor/zenoh_cpp_vendor-prefix/install/include/zenoh/api/shm/client_storage
[457.610s] -- Installing: /home/runner/work/pixi_rosdistro/pixi_rosdistro/build/zenoh_cpp_vendor/zenoh_cpp_vendor-prefix/install/include/zenoh/api/shm/client_storage/client_storage.hxx
[457.610s] -- Installing: /home/runner/work/pixi_rosdistro/pixi_rosdistro/build/zenoh_cpp_vendor/zenoh_cpp_vendor-prefix/install/include/zenoh/api/shm/shm.hxx
[457.610s] -- Installing: /home/runner/work/pixi_rosdistro/pixi_rosdistro/build/zenoh_cpp_vendor/zenoh_cpp_vendor-prefix/install/include/zenoh/api/shm/protocol_implementations
[457.610s] -- Installing: /home/runner/work/pixi_rosdistro/pixi_rosdistro/build/zenoh_cpp_vendor/zenoh_cpp_vendor-prefix/install/include/zenoh/api/shm/protocol_implementations/protocol_implementations.hxx
[457.611s] -- Installing: /home/runner/work/pixi_rosdistro/pixi_rosdistro/build/zenoh_cpp_vendor/zenoh_cpp_vendor-prefix/install/include/zenoh/api/shm/protocol_implementations/posix
[457.611s] -- Installing: /home/runner/work/pixi_rosdistro/pixi_rosdistro/build/zenoh_cpp_vendor/zenoh_cpp_vendor-prefix/install/include/zenoh/api/shm/protocol_implementations/posix/posix_shm_client.hxx
[457.611s] -- Installing: /home/runner/work/pixi_rosdistro/pixi_rosdistro/build/zenoh_cpp_vendor/zenoh_cpp_vendor-prefix/install/include/zenoh/api/shm/protocol_implementations/posix/posix_shm_provider.hxx
[457.611s] -- Installing: /home/runner/work/pixi_rosdistro/pixi_rosdistro/build/zenoh_cpp_vendor/zenoh_cpp_vendor-prefix/install/include/zenoh/api/shm/protocol_implementations/posix/posix.hxx
[457.611s] -- Installing: /home/runner/work/pixi_rosdistro/pixi_rosdistro/build/zenoh_cpp_vendor/zenoh_cpp_vendor-prefix/install/include/zenoh/api/shm/provider
[457.611s] -- Installing: /home/runner/work/pixi_rosdistro/pixi_rosdistro/build/zenoh_cpp_vendor/zenoh_cpp_vendor-prefix/install/include/zenoh/api/shm/provider/types_impl.hxx
[457.611s] -- Installing: /home/runner/work/pixi_rosdistro/pixi_rosdistro/build/zenoh_cpp_vendor/zenoh_cpp_vendor-prefix/install/include/zenoh/api/shm/provider/provider.hxx
[457.611s] -- Installing: /home/runner/work/pixi_rosdistro/pixi_rosdistro/build/zenoh_cpp_vendor/zenoh_cpp_vendor-prefix/install/include/zenoh/api/shm/provider/types.hxx
[457.611s] -- Installing: /home/runner/work/pixi_rosdistro/pixi_rosdistro/build/zenoh_cpp_vendor/zenoh_cpp_vendor-prefix/install/include/zenoh/api/shm/provider/precomputed_layout.hxx
[457.611s] -- Installing: /home/runner/work/pixi_rosdistro/pixi_rosdistro/build/zenoh_cpp_vendor/zenoh_cpp_vendor-prefix/install/include/zenoh/api/shm/provider/shm_provider.hxx
[457.611s] -- Installing: /home/runner/work/pixi_rosdistro/pixi_rosdistro/build/zenoh_cpp_vendor/zenoh_cpp_vendor-prefix/install/include/zenoh/api/shm/provider/chunk.hxx
[457.612s] -- Installing: /home/runner/work/pixi_rosdistro/pixi_rosdistro/build/zenoh_cpp_vendor/zenoh_cpp_vendor-prefix/install/include/zenoh/api/shm/provider/shm_provider_backend.hxx
[457.612s] -- Installing: /home/runner/work/pixi_rosdistro/pixi_rosdistro/build/zenoh_cpp_vendor/zenoh_cpp_vendor-prefix/install/include/zenoh/api/shm/client
[457.612s] -- Installing: /home/runner/work/pixi_rosdistro/pixi_rosdistro/build/zenoh_cpp_vendor/zenoh_cpp_vendor-prefix/install/include/zenoh/api/shm/client/shm_client.hxx
[457.612s] -- Installing: /home/runner/work/pixi_rosdistro/pixi_rosdistro/build/zenoh_cpp_vendor/zenoh_cpp_vendor-prefix/install/include/zenoh/api/shm/client/shm_segment.hxx
[457.612s] -- Installing: /home/runner/work/pixi_rosdistro/pixi_rosdistro/build/zenoh_cpp_vendor/zenoh_cpp_vendor-prefix/install/include/zenoh/api/shm/client/client.hxx
[457.612s] -- Installing: /home/runner/work/pixi_rosdistro/pixi_rosdistro/build/zenoh_cpp_vendor/zenoh_cpp_vendor-prefix/install/include/zenoh/api/interop.hxx
[457.612s] -- Installing: /home/runner/work/pixi_rosdistro/pixi_rosdistro/build/zenoh_cpp_vendor/zenoh_cpp_vendor-prefix/install/include/zenoh/api/session.hxx
[457.612s] -- Installing: /home/runner/work/pixi_rosdistro/pixi_rosdistro/build/zenoh_cpp_vendor/zenoh_cpp_vendor-prefix/install/include/zenoh/api/keyexpr.hxx
[457.612s] -- Installing: /home/runner/work/pixi_rosdistro/pixi_rosdistro/build/zenoh_cpp_vendor/zenoh_cpp_vendor-prefix/install/include/zenoh/detail
[457.613s] -- Installing: /home/runner/work/pixi_rosdistro/pixi_rosdistro/build/zenoh_cpp_vendor/zenoh_cpp_vendor-prefix/install/include/zenoh/detail/availability_checks.hxx
[457.613s] -- Installing: /home/runner/work/pixi_rosdistro/pixi_rosdistro/build/zenoh_cpp_vendor/zenoh_cpp_vendor-prefix/install/include/zenoh/detail/commons.hxx
[457.613s] -- Installing: /home/runner/work/pixi_rosdistro/pixi_rosdistro/build/zenoh_cpp_vendor/zenoh_cpp_vendor-prefix/install/include/zenoh/detail/closures_concrete.hxx
[457.613s] -- Installing: /home/runner/work/pixi_rosdistro/pixi_rosdistro/build/zenoh_cpp_vendor/zenoh_cpp_vendor-prefix/install/include/zenoh/detail/closures.hxx
[457.613s] -- Installing: /home/runner/work/pixi_rosdistro/pixi_rosdistro/build/zenoh_cpp_vendor/zenoh_cpp_vendor-prefix/install/lib/pkgconfig/zenohcxx.pc
[457.613s] -- Installing: /home/runner/work/pixi_rosdistro/pixi_rosdistro/build/zenoh_cpp_vendor/zenoh_cpp_vendor-prefix/install/lib/cmake/zenohcxx/zenohcxxConfig.cmake
[457.613s] -- Installing: /home/runner/work/pixi_rosdistro/pixi_rosdistro/build/zenoh_cpp_vendor/zenoh_cpp_vendor-prefix/install/lib/cmake/zenohcxx/zenohcxxConfigVersion.cmake
[457.622s] [16/16] Completed 'zenoh_cpp_vendor'
[457.623s] Invoked command in '/home/runner/work/pixi_rosdistro/pixi_rosdistro/build/zenoh_cpp_vendor' returned '0': AMENT_PREFIX_PATH=/home/runner/work/pixi_rosdistro/pixi_rosdistro/install CMAKE_PREFIX_PATH=/home/runner/work/pixi_rosdistro/pixi_rosdistro/install:${CMAKE_PREFIX_PATH} LD_LIBRARY_PATH=/home/runner/work/pixi_rosdistro/pixi_rosdistro/install/lib PATH=/home/runner/work/pixi_rosdistro/pixi_rosdistro/install/bin:/opt/microsoft/powershell/7:${PATH} PIXI_PROMPT=(ros2_rolling) PKG_CONFIG_PATH=/home/runner/work/pixi_rosdistro/pixi_rosdistro/install/lib/pkgconfig PSModulePath=/home/runner/.local/share/powershell/Modules:${PSModulePath} PYTHONPATH=/home/runner/work/pixi_rosdistro/pixi_rosdistro/install/lib/python3.12/site-packages ROS_DOMAIN_ID=59 /home/runner/work/pixi_rosdistro/pixi_rosdistro/.pixi/envs/default/bin/cmake --build /home/runner/work/pixi_rosdistro/pixi_rosdistro/build/zenoh_cpp_vendor -- -j4 -l4
[457.625s] Invoking command in '/home/runner/work/pixi_rosdistro/pixi_rosdistro/build/zenoh_cpp_vendor': AMENT_PREFIX_PATH=/home/runner/work/pixi_rosdistro/pixi_rosdistro/install CMAKE_PREFIX_PATH=/home/runner/work/pixi_rosdistro/pixi_rosdistro/install:${CMAKE_PREFIX_PATH} LD_LIBRARY_PATH=/home/runner/work/pixi_rosdistro/pixi_rosdistro/install/lib PATH=/home/runner/work/pixi_rosdistro/pixi_rosdistro/install/bin:/opt/microsoft/powershell/7:${PATH} PIXI_PROMPT=(ros2_rolling) PKG_CONFIG_PATH=/home/runner/work/pixi_rosdistro/pixi_rosdistro/install/lib/pkgconfig PSModulePath=/home/runner/.local/share/powershell/Modules:${PSModulePath} PYTHONPATH=/home/runner/work/pixi_rosdistro/pixi_rosdistro/install/lib/python3.12/site-packages ROS_DOMAIN_ID=59 /home/runner/work/pixi_rosdistro/pixi_rosdistro/.pixi/envs/default/bin/cmake --install /home/runner/work/pixi_rosdistro/pixi_rosdistro/build/zenoh_cpp_vendor
[457.630s] -- Install configuration: "Release"
[457.632s] -- Installing: /home/runner/work/pixi_rosdistro/pixi_rosdistro/install/opt/zenoh_cpp_vendor
[457.632s] -- Installing: /home/runner/work/pixi_rosdistro/pixi_rosdistro/install/opt/zenoh_cpp_vendor/include
[457.632s] -- Installing: /home/runner/work/pixi_rosdistro/pixi_rosdistro/install/opt/zenoh_cpp_vendor/include/zenoh.h
[457.632s] -- Installing: /home/runner/work/pixi_rosdistro/pixi_rosdistro/install/opt/zenoh_cpp_vendor/include/zenoh_commons.h
[457.632s] -- Installing: /home/runner/work/pixi_rosdistro/pixi_rosdistro/install/opt/zenoh_cpp_vendor/include/zenoh_concrete.h
[457.632s] -- Installing: /home/runner/work/pixi_rosdistro/pixi_rosdistro/install/opt/zenoh_cpp_vendor/include/zenoh_memory.h
[457.632s] -- Installing: /home/runner/work/pixi_rosdistro/pixi_rosdistro/install/opt/zenoh_cpp_vendor/include/zenoh_constants.h
[457.632s] -- Installing: /home/runner/work/pixi_rosdistro/pixi_rosdistro/install/opt/zenoh_cpp_vendor/include/zenoh_configure.h
[457.632s] -- Installing: /home/runner/work/pixi_rosdistro/pixi_rosdistro/install/opt/zenoh_cpp_vendor/include/zenoh_opaque.h
[457.633s] -- Installing: /home/runner/work/pixi_rosdistro/pixi_rosdistro/install/opt/zenoh_cpp_vendor/include/zenoh_macros.h
[457.633s] -- Installing: /home/runner/work/pixi_rosdistro/pixi_rosdistro/install/opt/zenoh_cpp_vendor/lib
[457.633s] -- Installing: /home/runner/work/pixi_rosdistro/pixi_rosdistro/install/opt/zenoh_cpp_vendor/lib/libzenohc.so
[457.647s] -- Installing: /home/runner/work/pixi_rosdistro/pixi_rosdistro/install/opt/zenoh_cpp_vendor/lib/cmake
[457.647s] -- Installing: /home/runner/work/pixi_rosdistro/pixi_rosdistro/install/opt/zenoh_cpp_vendor/lib/cmake/zenohc
[457.647s] -- Installing: /home/runner/work/pixi_rosdistro/pixi_rosdistro/install/opt/zenoh_cpp_vendor/lib/cmake/zenohc/zenohcConfigVersion.cmake
[457.647s] -- Installing: /home/runner/work/pixi_rosdistro/pixi_rosdistro/install/opt/zenoh_cpp_vendor/lib/cmake/zenohc/zenohcConfig.cmake
[457.647s] -- Installing: /home/runner/work/pixi_rosdistro/pixi_rosdistro/install/opt/zenoh_cpp_vendor/lib/pkgconfig
[457.647s] -- Installing: /home/runner/work/pixi_rosdistro/pixi_rosdistro/install/opt/zenoh_cpp_vendor/lib/pkgconfig/zenohc.pc
[457.648s] -- Installing: /home/runner/work/pixi_rosdistro/pixi_rosdistro/install/opt/zenoh_cpp_vendor/lib/libzenohc.a
[457.691s] -- Installing: /home/runner/work/pixi_rosdistro/pixi_rosdistro/install/share/zenoh_cpp_vendor/environment/vendor_package.bat
[457.691s] -- Installing: /home/runner/work/pixi_rosdistro/pixi_rosdistro/install/share/zenoh_cpp_vendor/environment/vendor_package.dsv
[457.691s] -- Installing: /home/runner/work/pixi_rosdistro/pixi_rosdistro/install/share/zenoh_cpp_vendor/environment/vendor_package.sh
[457.692s] -- Installing: /home/runner/work/pixi_rosdistro/pixi_rosdistro/install/share/ament_index/resource_index/vendor_packages/zenoh_cpp_vendor
[457.692s] -- Up-to-date: /home/runner/work/pixi_rosdistro/pixi_rosdistro/install/opt/zenoh_cpp_vendor
[457.692s] -- Up-to-date: /home/runner/work/pixi_rosdistro/pixi_rosdistro/install/opt/zenoh_cpp_vendor/include
[457.692s] -- Installing: /home/runner/work/pixi_rosdistro/pixi_rosdistro/install/opt/zenoh_cpp_vendor/include/zenoh.hxx
[457.692s] -- Installing: /home/runner/work/pixi_rosdistro/pixi_rosdistro/install/opt/zenoh_cpp_vendor/include/zenoh
[457.692s] -- Installing: /home/runner/work/pixi_rosdistro/pixi_rosdistro/install/opt/zenoh_cpp_vendor/include/zenoh/api.hxx
[457.692s] -- Installing: /home/runner/work/pixi_rosdistro/pixi_rosdistro/install/opt/zenoh_cpp_vendor/include/zenoh/zenohc.hxx
[457.693s] -- Installing: /home/runner/work/pixi_rosdistro/pixi_rosdistro/install/opt/zenoh_cpp_vendor/include/zenoh/api
[457.693s] -- Installing: /home/runner/work/pixi_rosdistro/pixi_rosdistro/install/opt/zenoh_cpp_vendor/include/zenoh/api/encoding.hxx
[457.693s] -- Installing: /home/runner/work/pixi_rosdistro/pixi_rosdistro/install/opt/zenoh_cpp_vendor/include/zenoh/api/cancellation.hxx
[457.693s] -- Installing: /home/runner/work/pixi_rosdistro/pixi_rosdistro/install/opt/zenoh_cpp_vendor/include/zenoh/api/config.hxx
[457.693s] -- Installing: /home/runner/work/pixi_rosdistro/pixi_rosdistro/install/opt/zenoh_cpp_vendor/include/zenoh/api/source_info.hxx
[457.693s] -- Installing: /home/runner/work/pixi_rosdistro/pixi_rosdistro/install/opt/zenoh_cpp_vendor/include/zenoh/api/queryable.hxx
[457.694s] -- Installing: /home/runner/work/pixi_rosdistro/pixi_rosdistro/install/opt/zenoh_cpp_vendor/include/zenoh/api/id.hxx
[457.694s] -- Installing: /home/runner/work/pixi_rosdistro/pixi_rosdistro/install/opt/zenoh_cpp_vendor/include/zenoh/api/timestamp.hxx
[457.694s] -- Installing: /home/runner/work/pixi_rosdistro/pixi_rosdistro/install/opt/zenoh_cpp_vendor/include/zenoh/api/sample.hxx
[457.694s] -- Installing: /home/runner/work/pixi_rosdistro/pixi_rosdistro/install/opt/zenoh_cpp_vendor/include/zenoh/api/channels.hxx
[457.694s] -- Installing: /home/runner/work/pixi_rosdistro/pixi_rosdistro/install/opt/zenoh_cpp_vendor/include/zenoh/api/transport_event.hxx
[457.694s] -- Installing: /home/runner/work/pixi_rosdistro/pixi_rosdistro/install/opt/zenoh_cpp_vendor/include/zenoh/api/logging.hxx
[457.695s] -- Installing: /home/runner/work/pixi_rosdistro/pixi_rosdistro/install/opt/zenoh_cpp_vendor/include/zenoh/api/base.hxx
[457.695s] -- Installing: /home/runner/work/pixi_rosdistro/pixi_rosdistro/install/opt/zenoh_cpp_vendor/include/zenoh/api/ext
[457.695s] -- Installing: /home/runner/work/pixi_rosdistro/pixi_rosdistro/install/opt/zenoh_cpp_vendor/include/zenoh/api/ext/advanced_publisher.hxx
[457.696s] -- Installing: /home/runner/work/pixi_rosdistro/pixi_rosdistro/install/opt/zenoh_cpp_vendor/include/zenoh/api/ext/miss.hxx
[457.696s] -- Installing: /home/runner/work/pixi_rosdistro/pixi_rosdistro/install/opt/zenoh_cpp_vendor/include/zenoh/api/ext/querying_subscriber.hxx
[457.696s] -- Installing: /home/runner/work/pixi_rosdistro/pixi_rosdistro/install/opt/zenoh_cpp_vendor/include/zenoh/api/ext/advanced_subscriber.hxx
[457.696s] -- Installing: /home/runner/work/pixi_rosdistro/pixi_rosdistro/install/opt/zenoh_cpp_vendor/include/zenoh/api/ext/session_ext.hxx
[457.696s] -- Installing: /home/runner/work/pixi_rosdistro/pixi_rosdistro/install/opt/zenoh_cpp_vendor/include/zenoh/api/ext/publication_cache.hxx
[457.697s] -- Installing: /home/runner/work/pixi_rosdistro/pixi_rosdistro/install/opt/zenoh_cpp_vendor/include/zenoh/api/ext/serialization.hxx
[457.697s] -- Installing: /home/runner/work/pixi_rosdistro/pixi_rosdistro/install/opt/zenoh_cpp_vendor/include/zenoh/api/query.hxx
[457.697s] -- Installing: /home/runner/work/pixi_rosdistro/pixi_rosdistro/install/opt/zenoh_cpp_vendor/include/zenoh/api/transport.hxx
[457.697s] -- Installing: /home/runner/work/pixi_rosdistro/pixi_rosdistro/install/opt/zenoh_cpp_vendor/include/zenoh/api/querier.hxx
[457.697s] -- Installing: /home/runner/work/pixi_rosdistro/pixi_rosdistro/install/opt/zenoh_cpp_vendor/include/zenoh/api/enums.hxx
[457.698s] -- Installing: /home/runner/work/pixi_rosdistro/pixi_rosdistro/install/opt/zenoh_cpp_vendor/include/zenoh/api/publisher.hxx
[457.698s] -- Installing: /home/runner/work/pixi_rosdistro/pixi_rosdistro/install/opt/zenoh_cpp_vendor/include/zenoh/api/subscriber.hxx
[457.698s] -- Installing: /home/runner/work/pixi_rosdistro/pixi_rosdistro/install/opt/zenoh_cpp_vendor/include/zenoh/api/bytes.hxx
[457.698s] -- Installing: /home/runner/work/pixi_rosdistro/pixi_rosdistro/install/opt/zenoh_cpp_vendor/include/zenoh/api/query_consolidation.hxx
[457.698s] -- Installing: /home/runner/work/pixi_rosdistro/pixi_rosdistro/install/opt/zenoh_cpp_vendor/include/zenoh/api/liveliness.hxx
[457.699s] -- Installing: /home/runner/work/pixi_rosdistro/pixi_rosdistro/install/opt/zenoh_cpp_vendor/include/zenoh/api/transport_events_listener.hxx
[457.699s] -- Installing: /home/runner/work/pixi_rosdistro/pixi_rosdistro/install/opt/zenoh_cpp_vendor/include/zenoh/api/scout.hxx
[457.699s] -- Installing: /home/runner/work/pixi_rosdistro/pixi_rosdistro/install/opt/zenoh_cpp_vendor/include/zenoh/api/link_events_listener.hxx
[457.699s] -- Installing: /home/runner/work/pixi_rosdistro/pixi_rosdistro/install/opt/zenoh_cpp_vendor/include/zenoh/api/link_event.hxx
[457.699s] -- Installing: /home/runner/work/pixi_rosdistro/pixi_rosdistro/install/opt/zenoh_cpp_vendor/include/zenoh/api/hello.hxx
[457.700s] -- Installing: /home/runner/work/pixi_rosdistro/pixi_rosdistro/install/opt/zenoh_cpp_vendor/include/zenoh/api/reply.hxx
[457.700s] -- Installing: /home/runner/work/pixi_rosdistro/pixi_rosdistro/install/opt/zenoh_cpp_vendor/include/zenoh/api/closures.hxx
[457.700s] -- Installing: /home/runner/work/pixi_rosdistro/pixi_rosdistro/install/opt/zenoh_cpp_vendor/include/zenoh/api/link.hxx
[457.700s] -- Installing: /home/runner/work/pixi_rosdistro/pixi_rosdistro/install/opt/zenoh_cpp_vendor/include/zenoh/api/matching.hxx
[457.701s] -- Installing: /home/runner/work/pixi_rosdistro/pixi_rosdistro/install/opt/zenoh_cpp_vendor/include/zenoh/api/shm
[457.701s] -- Installing: /home/runner/work/pixi_rosdistro/pixi_rosdistro/install/opt/zenoh_cpp_vendor/include/zenoh/api/shm/common
[457.701s] -- Installing: /home/runner/work/pixi_rosdistro/pixi_rosdistro/install/opt/zenoh_cpp_vendor/include/zenoh/api/shm/common/types.hxx
[457.701s] -- Installing: /home/runner/work/pixi_rosdistro/pixi_rosdistro/install/opt/zenoh_cpp_vendor/include/zenoh/api/shm/common/common.hxx
[457.701s] -- Installing: /home/runner/work/pixi_rosdistro/pixi_rosdistro/install/opt/zenoh_cpp_vendor/include/zenoh/api/shm/buffer
[457.702s] -- Installing: /home/runner/work/pixi_rosdistro/pixi_rosdistro/install/opt/zenoh_cpp_vendor/include/zenoh/api/shm/buffer/buffer.hxx
[457.702s] -- Installing: /home/runner/work/pixi_rosdistro/pixi_rosdistro/install/opt/zenoh_cpp_vendor/include/zenoh/api/shm/buffer/zshm.hxx
[457.702s] -- Installing: /home/runner/work/pixi_rosdistro/pixi_rosdistro/install/opt/zenoh_cpp_vendor/include/zenoh/api/shm/buffer/zshmmut.hxx
[457.702s] -- Installing: /home/runner/work/pixi_rosdistro/pixi_rosdistro/install/opt/zenoh_cpp_vendor/include/zenoh/api/shm/cleanup.hxx
[457.702s] -- Installing: /home/runner/work/pixi_rosdistro/pixi_rosdistro/install/opt/zenoh_cpp_vendor/include/zenoh/api/shm/client_storage
[457.704s] -- Installing: /home/runner/work/pixi_rosdistro/pixi_rosdistro/install/opt/zenoh_cpp_vendor/include/zenoh/api/shm/client_storage/client_storage.hxx
[457.704s] -- Installing: /home/runner/work/pixi_rosdistro/pixi_rosdistro/install/opt/zenoh_cpp_vendor/include/zenoh/api/shm/shm.hxx
[457.704s] -- Installing: /home/runner/work/pixi_rosdistro/pixi_rosdistro/install/opt/zenoh_cpp_vendor/include/zenoh/api/shm/protocol_implementations
[457.706s] -- Installing: /home/runner/work/pixi_rosdistro/pixi_rosdistro/install/opt/zenoh_cpp_vendor/include/zenoh/api/shm/protocol_implementations/protocol_implementations.hxx
[457.706s] -- Installing: /home/runner/work/pixi_rosdistro/pixi_rosdistro/install/opt/zenoh_cpp_vendor/include/zenoh/api/shm/protocol_implementations/posix
[457.706s] -- Installing: /home/runner/work/pixi_rosdistro/pixi_rosdistro/install/opt/zenoh_cpp_vendor/include/zenoh/api/shm/protocol_implementations/posix/posix_shm_client.hxx
[457.706s] -- Installing: /home/runner/work/pixi_rosdistro/pixi_rosdistro/install/opt/zenoh_cpp_vendor/include/zenoh/api/shm/protocol_implementations/posix/posix_shm_provider.hxx
[457.706s] -- Installing: /home/runner/work/pixi_rosdistro/pixi_rosdistro/install/opt/zenoh_cpp_vendor/include/zenoh/api/shm/protocol_implementations/posix/posix.hxx
[457.706s] -- Installing: /home/runner/work/pixi_rosdistro/pixi_rosdistro/install/opt/zenoh_cpp_vendor/include/zenoh/api/shm/provider
[457.706s] -- Installing: /home/runner/work/pixi_rosdistro/pixi_rosdistro/install/opt/zenoh_cpp_vendor/include/zenoh/api/shm/provider/types_impl.hxx
[457.707s] -- Installing: /home/runner/work/pixi_rosdistro/pixi_rosdistro/install/opt/zenoh_cpp_vendor/include/zenoh/api/shm/provider/provider.hxx
[457.707s] -- Installing: /home/runner/work/pixi_rosdistro/pixi_rosdistro/install/opt/zenoh_cpp_vendor/include/zenoh/api/shm/provider/types.hxx
[457.707s] -- Installing: /home/runner/work/pixi_rosdistro/pixi_rosdistro/install/opt/zenoh_cpp_vendor/include/zenoh/api/shm/provider/precomputed_layout.hxx
[457.707s] -- Installing: /home/runner/work/pixi_rosdistro/pixi_rosdistro/install/opt/zenoh_cpp_vendor/include/zenoh/api/shm/provider/shm_provider.hxx
[457.707s] -- Installing: /home/runner/work/pixi_rosdistro/pixi_rosdistro/install/opt/zenoh_cpp_vendor/include/zenoh/api/shm/provider/chunk.hxx
[457.707s] -- Installing: /home/runner/work/pixi_rosdistro/pixi_rosdistro/install/opt/zenoh_cpp_vendor/include/zenoh/api/shm/provider/shm_provider_backend.hxx
[457.707s] -- Installing: /home/runner/work/pixi_rosdistro/pixi_rosdistro/install/opt/zenoh_cpp_vendor/include/zenoh/api/shm/client
[457.708s] -- Installing: /home/runner/work/pixi_rosdistro/pixi_rosdistro/install/opt/zenoh_cpp_vendor/include/zenoh/api/shm/client/shm_client.hxx
[457.708s] -- Installing: /home/runner/work/pixi_rosdistro/pixi_rosdistro/install/opt/zenoh_cpp_vendor/include/zenoh/api/shm/client/shm_segment.hxx
[457.708s] -- Installing: /home/runner/work/pixi_rosdistro/pixi_rosdistro/install/opt/zenoh_cpp_vendor/include/zenoh/api/shm/client/client.hxx
[457.708s] -- Installing: /home/runner/work/pixi_rosdistro/pixi_rosdistro/install/opt/zenoh_cpp_vendor/include/zenoh/api/interop.hxx
[457.708s] -- Installing: /home/runner/work/pixi_rosdistro/pixi_rosdistro/install/opt/zenoh_cpp_vendor/include/zenoh/api/session.hxx
[457.708s] -- Installing: /home/runner/work/pixi_rosdistro/pixi_rosdistro/install/opt/zenoh_cpp_vendor/include/zenoh/api/keyexpr.hxx
[457.708s] -- Installing: /home/runner/work/pixi_rosdistro/pixi_rosdistro/install/opt/zenoh_cpp_vendor/include/zenoh/detail
[457.708s] -- Installing: /home/runner/work/pixi_rosdistro/pixi_rosdistro/install/opt/zenoh_cpp_vendor/include/zenoh/detail/availability_checks.hxx
[457.708s] -- Installing: /home/runner/work/pixi_rosdistro/pixi_rosdistro/install/opt/zenoh_cpp_vendor/include/zenoh/detail/commons.hxx
[457.709s] -- Installing: /home/runner/work/pixi_rosdistro/pixi_rosdistro/install/opt/zenoh_cpp_vendor/include/zenoh/detail/closures_concrete.hxx
[457.709s] -- Installing: /home/runner/work/pixi_rosdistro/pixi_rosdistro/install/opt/zenoh_cpp_vendor/include/zenoh/detail/closures.hxx
[457.709s] -- Up-to-date: /home/runner/work/pixi_rosdistro/pixi_rosdistro/install/opt/zenoh_cpp_vendor/lib
[457.709s] -- Up-to-date: /home/runner/work/pixi_rosdistro/pixi_rosdistro/install/opt/zenoh_cpp_vendor/lib/cmake
[457.709s] -- Installing: /home/runner/work/pixi_rosdistro/pixi_rosdistro/install/opt/zenoh_cpp_vendor/lib/cmake/zenohcxx
[457.710s] -- Installing: /home/runner/work/pixi_rosdistro/pixi_rosdistro/install/opt/zenoh_cpp_vendor/lib/cmake/zenohcxx/zenohcxxConfig.cmake
[457.710s] -- Installing: /home/runner/work/pixi_rosdistro/pixi_rosdistro/install/opt/zenoh_cpp_vendor/lib/cmake/zenohcxx/zenohcxxConfigVersion.cmake
[457.710s] -- Up-to-date: /home/runner/work/pixi_rosdistro/pixi_rosdistro/install/opt/zenoh_cpp_vendor/lib/pkgconfig
[457.710s] -- Installing: /home/runner/work/pixi_rosdistro/pixi_rosdistro/install/opt/zenoh_cpp_vendor/lib/pkgconfig/zenohcxx.pc
[457.710s] -- Installing: /home/runner/work/pixi_rosdistro/pixi_rosdistro/install/share/ament_index/resource_index/package_run_dependencies/zenoh_cpp_vendor
[457.711s] -- Installing: /home/runner/work/pixi_rosdistro/pixi_rosdistro/install/share/ament_index/resource_index/parent_prefix_path/zenoh_cpp_vendor
[457.711s] -- Installing: /home/runner/work/pixi_rosdistro/pixi_rosdistro/install/share/zenoh_cpp_vendor/environment/ament_prefix_path.sh
[457.711s] -- Installing: /home/runner/work/pixi_rosdistro/pixi_rosdistro/install/share/zenoh_cpp_vendor/environment/ament_prefix_path.dsv
[457.711s] -- Installing: /home/runner/work/pixi_rosdistro/pixi_rosdistro/install/share/zenoh_cpp_vendor/environment/path.sh
[457.711s] -- Installing: /home/runner/work/pixi_rosdistro/pixi_rosdistro/install/share/zenoh_cpp_vendor/environment/path.dsv
[457.711s] -- Installing: /home/runner/work/pixi_rosdistro/pixi_rosdistro/install/share/zenoh_cpp_vendor/local_setup.bash
[457.711s] -- Installing: /home/runner/work/pixi_rosdistro/pixi_rosdistro/install/share/zenoh_cpp_vendor/local_setup.fish
[457.712s] -- Installing: /home/runner/work/pixi_rosdistro/pixi_rosdistro/install/share/zenoh_cpp_vendor/local_setup.sh
[457.712s] -- Installing: /home/runner/work/pixi_rosdistro/pixi_rosdistro/install/share/zenoh_cpp_vendor/local_setup.zsh
[457.712s] -- Installing: /home/runner/work/pixi_rosdistro/pixi_rosdistro/install/share/zenoh_cpp_vendor/local_setup.dsv
[457.712s] -- Installing: /home/runner/work/pixi_rosdistro/pixi_rosdistro/install/share/zenoh_cpp_vendor/package.dsv
[457.712s] -- Installing: /home/runner/work/pixi_rosdistro/pixi_rosdistro/install/share/ament_index/resource_index/packages/zenoh_cpp_vendor
[457.712s] -- Installing: /home/runner/work/pixi_rosdistro/pixi_rosdistro/install/share/zenoh_cpp_vendor/cmake/vendor_package_cmake_prefix.cmake
[457.713s] -- Installing: /home/runner/work/pixi_rosdistro/pixi_rosdistro/install/share/zenoh_cpp_vendor/cmake/ament_cmake_export_dependencies-extras.cmake
[457.713s] -- Installing: /home/runner/work/pixi_rosdistro/pixi_rosdistro/install/share/zenoh_cpp_vendor/cmake/zenoh_cpp_vendorConfig.cmake
[457.713s] -- Installing: /home/runner/work/pixi_rosdistro/pixi_rosdistro/install/share/zenoh_cpp_vendor/cmake/zenoh_cpp_vendorConfig-version.cmake
[457.713s] -- Installing: /home/runner/work/pixi_rosdistro/pixi_rosdistro/install/share/zenoh_cpp_vendor/package.xml
[457.715s] Invoked command in '/home/runner/work/pixi_rosdistro/pixi_rosdistro/build/zenoh_cpp_vendor' returned '0': AMENT_PREFIX_PATH=/home/runner/work/pixi_rosdistro/pixi_rosdistro/install CMAKE_PREFIX_PATH=/home/runner/work/pixi_rosdistro/pixi_rosdistro/install:${CMAKE_PREFIX_PATH} LD_LIBRARY_PATH=/home/runner/work/pixi_rosdistro/pixi_rosdistro/install/lib PATH=/home/runner/work/pixi_rosdistro/pixi_rosdistro/install/bin:/opt/microsoft/powershell/7:${PATH} PIXI_PROMPT=(ros2_rolling) PKG_CONFIG_PATH=/home/runner/work/pixi_rosdistro/pixi_rosdistro/install/lib/pkgconfig PSModulePath=/home/runner/.local/share/powershell/Modules:${PSModulePath} PYTHONPATH=/home/runner/work/pixi_rosdistro/pixi_rosdistro/install/lib/python3.12/site-packages ROS_DOMAIN_ID=59 /home/runner/work/pixi_rosdistro/pixi_rosdistro/.pixi/envs/default/bin/cmake --install /home/runner/work/pixi_rosdistro/pixi_rosdistro/build/zenoh_cpp_vendor
