[0.497s] Invoking command in '/Users/runner/work/pixi_rosdistro/pixi_rosdistro/src/ros2/rpyutils': AMENT_PREFIX_PATH=/Users/runner/work/pixi_rosdistro/pixi_rosdistro/install CMAKE_PREFIX_PATH=/Users/runner/work/pixi_rosdistro/pixi_rosdistro/install PATH=/Users/runner/work/pixi_rosdistro/pixi_rosdistro/install/bin:${PATH} PIXI_PROMPT=(ros2_rolling) PYTHONPATH=/Users/runner/work/pixi_rosdistro/pixi_rosdistro/build/rpyutils/prefix_override:/Users/runner/work/pixi_rosdistro/pixi_rosdistro/.pixi/envs/default/lib/python3.12/site-packages/colcon_core/task/python/colcon_distutils_commands:/Users/runner/work/pixi_rosdistro/pixi_rosdistro/install/lib/python3.12/site-packages:/Users/runner/work/pixi_rosdistro/pixi_rosdistro/install/lib/python3.12/site-packages SHLVL=3 _=/usr/bin/env /Users/runner/work/pixi_rosdistro/pixi_rosdistro/.pixi/envs/default/bin/python3.12 -W ignore:setup.py install is deprecated -W ignore:easy_install command is deprecated setup.py egg_info --egg-base ../../../build/rpyutils build --build-base /Users/runner/work/pixi_rosdistro/pixi_rosdistro/build/rpyutils/build install --record /Users/runner/work/pixi_rosdistro/pixi_rosdistro/build/rpyutils/install.log --single-version-externally-managed install_data
[0.682s] running egg_info
[0.691s] creating ../../../build/rpyutils/rpyutils.egg-info
[0.692s] writing ../../../build/rpyutils/rpyutils.egg-info/PKG-INFO
[0.692s] writing dependency_links to ../../../build/rpyutils/rpyutils.egg-info/dependency_links.txt
[0.692s] writing requirements to ../../../build/rpyutils/rpyutils.egg-info/requires.txt
[0.692s] writing top-level names to ../../../build/rpyutils/rpyutils.egg-info/top_level.txt
[0.692s] writing manifest file '../../../build/rpyutils/rpyutils.egg-info/SOURCES.txt'
[0.706s] reading manifest file '../../../build/rpyutils/rpyutils.egg-info/SOURCES.txt'
[0.706s] adding license file 'LICENSE'
[0.706s] writing manifest file '../../../build/rpyutils/rpyutils.egg-info/SOURCES.txt'
[0.706s] running build
[0.706s] running build_py
[0.707s] creating /Users/runner/work/pixi_rosdistro/pixi_rosdistro/build/rpyutils/build/lib/rpyutils
[0.707s] copying rpyutils/__init__.py -> /Users/runner/work/pixi_rosdistro/pixi_rosdistro/build/rpyutils/build/lib/rpyutils
[0.707s] copying rpyutils/add_dll_directories.py -> /Users/runner/work/pixi_rosdistro/pixi_rosdistro/build/rpyutils/build/lib/rpyutils
[0.707s] copying rpyutils/import_c_library.py -> /Users/runner/work/pixi_rosdistro/pixi_rosdistro/build/rpyutils/build/lib/rpyutils
[0.708s] copying rpyutils/py.typed -> /Users/runner/work/pixi_rosdistro/pixi_rosdistro/build/rpyutils/build/lib/rpyutils
[0.708s] running install
[0.714s] running install_lib
[0.722s] creating /Users/runner/work/pixi_rosdistro/pixi_rosdistro/install/lib/python3.12/site-packages/rpyutils
[0.722s] copying /Users/runner/work/pixi_rosdistro/pixi_rosdistro/build/rpyutils/build/lib/rpyutils/__init__.py -> /Users/runner/work/pixi_rosdistro/pixi_rosdistro/install/lib/python3.12/site-packages/rpyutils
[0.723s] copying /Users/runner/work/pixi_rosdistro/pixi_rosdistro/build/rpyutils/build/lib/rpyutils/add_dll_directories.py -> /Users/runner/work/pixi_rosdistro/pixi_rosdistro/install/lib/python3.12/site-packages/rpyutils
[0.723s] copying /Users/runner/work/pixi_rosdistro/pixi_rosdistro/build/rpyutils/build/lib/rpyutils/py.typed -> /Users/runner/work/pixi_rosdistro/pixi_rosdistro/install/lib/python3.12/site-packages/rpyutils
[0.724s] copying /Users/runner/work/pixi_rosdistro/pixi_rosdistro/build/rpyutils/build/lib/rpyutils/import_c_library.py -> /Users/runner/work/pixi_rosdistro/pixi_rosdistro/install/lib/python3.12/site-packages/rpyutils
[0.724s] byte-compiling /Users/runner/work/pixi_rosdistro/pixi_rosdistro/install/lib/python3.12/site-packages/rpyutils/__init__.py to __init__.cpython-312.pyc
[0.725s] byte-compiling /Users/runner/work/pixi_rosdistro/pixi_rosdistro/install/lib/python3.12/site-packages/rpyutils/add_dll_directories.py to add_dll_directories.cpython-312.pyc
[0.725s] byte-compiling /Users/runner/work/pixi_rosdistro/pixi_rosdistro/install/lib/python3.12/site-packages/rpyutils/import_c_library.py to import_c_library.cpython-312.pyc
[0.726s] running install_data
[0.726s] copying package.xml -> /Users/runner/work/pixi_rosdistro/pixi_rosdistro/install/share/rpyutils
[0.728s] copying resource/rpyutils -> /Users/runner/work/pixi_rosdistro/pixi_rosdistro/install/share/ament_index/resource_index/packages
[0.729s] running install_egg_info
[0.736s] Copying ../../../build/rpyutils/rpyutils.egg-info to /Users/runner/work/pixi_rosdistro/pixi_rosdistro/install/lib/python3.12/site-packages/rpyutils-0.7.1-py3.12.egg-info
[0.740s] running install_scripts
[0.753s] writing list of installed files to '/Users/runner/work/pixi_rosdistro/pixi_rosdistro/build/rpyutils/install.log'
[0.769s] Invoked command in '/Users/runner/work/pixi_rosdistro/pixi_rosdistro/src/ros2/rpyutils' returned '0': AMENT_PREFIX_PATH=/Users/runner/work/pixi_rosdistro/pixi_rosdistro/install CMAKE_PREFIX_PATH=/Users/runner/work/pixi_rosdistro/pixi_rosdistro/install PATH=/Users/runner/work/pixi_rosdistro/pixi_rosdistro/install/bin:${PATH} PIXI_PROMPT=(ros2_rolling) PYTHONPATH=/Users/runner/work/pixi_rosdistro/pixi_rosdistro/build/rpyutils/prefix_override:/Users/runner/work/pixi_rosdistro/pixi_rosdistro/.pixi/envs/default/lib/python3.12/site-packages/colcon_core/task/python/colcon_distutils_commands:/Users/runner/work/pixi_rosdistro/pixi_rosdistro/install/lib/python3.12/site-packages:/Users/runner/work/pixi_rosdistro/pixi_rosdistro/install/lib/python3.12/site-packages SHLVL=3 _=/usr/bin/env /Users/runner/work/pixi_rosdistro/pixi_rosdistro/.pixi/envs/default/bin/python3.12 -W ignore:setup.py install is deprecated -W ignore:easy_install command is deprecated setup.py egg_info --egg-base ../../../build/rpyutils build --build-base /Users/runner/work/pixi_rosdistro/pixi_rosdistro/build/rpyutils/build install --record /Users/runner/work/pixi_rosdistro/pixi_rosdistro/build/rpyutils/install.log --single-version-externally-managed install_data
