[7.094s] Invoking command in 'D:\a\pixi_rosdistro\pixi_rosdistro\build\rosidl_typesupport_interface': AMENT_PREFIX_PATH=D:\a\pixi_rosdistro\pixi_rosdistro\install CMAKE_PREFIX_PATH=D:\a\pixi_rosdistro\pixi_rosdistro\install;D:\a\pixi_rosdistro\pixi_rosdistro\.pixi\envs\default\Library PATH=D:\a\pixi_rosdistro\pixi_rosdistro\install\Scripts;D:\a\pixi_rosdistro\pixi_rosdistro\install\bin;%PATH% PIXI_PROMPT=(ros2_rolling) PKG_CONFIG_PATH=D:\a\pixi_rosdistro\pixi_rosdistro\install\lib\pkgconfig PROMPT=$P$G PYTHONPATH=D:\a\pixi_rosdistro\pixi_rosdistro\install\Lib\site-packages D:\a\pixi_rosdistro\pixi_rosdistro\.pixi\envs\default\Library\bin\cmake.EXE D:\a\pixi_rosdistro\pixi_rosdistro\src\ros2\rosidl\rosidl_typesupport_interface -GNinja --no-warn-unused-cli -DCMAKE_BUILD_TYPE=Release -DCMAKE_BUILD_WITH_INSTALL_RPATH:bool=TRUE -DCMAKE_POLICY_VERSION_MINIMUM=3.5 -Wno-deprecated -DSTACK_DETAILS_AUTO_DETECT:bool=FALSE -DSTACK_DETAILS_BFD:bool=FALSE -DCMAKE_MSVC_DEBUG_INFORMATION_FORMAT=Embedded -DCMAKE_CXX_FLAGS=/MP /FS /EHsc -DCMAKE_C_FLAGS=/MP /FS -DCMAKE_INSTALL_PREFIX=D:\a\pixi_rosdistro\pixi_rosdistro\install
[7.235s] Not searching for unused variables given on the command line.
[7.235s] -- Found ament_cmake: 2.8.6 (D:/a/pixi_rosdistro/pixi_rosdistro/install/share/ament_cmake/cmake)
[8.578s] -- Found ament_lint_auto: 0.20.3 (D:/a/pixi_rosdistro/pixi_rosdistro/install/share/ament_lint_auto/cmake)
[9.375s] -- The C compiler identification is MSVC 19.44.35225.0
[9.719s] -- The CXX compiler identification is MSVC 19.44.35225.0
[9.735s] -- Detecting C compiler ABI info
[10.547s] -- Detecting C compiler ABI info - done
[10.594s] -- Check for working C compiler: C:/Program Files/Microsoft Visual Studio/2022/Enterprise/VC/Tools/MSVC/14.44.35207/bin/Hostx64/x64/cl.exe - skipped
[10.594s] -- Detecting C compile features
[10.594s] -- Detecting C compile features - done
[10.610s] -- Detecting CXX compiler ABI info
[11.344s] -- Detecting CXX compiler ABI info - done
[11.391s] -- Check for working CXX compiler: C:/Program Files/Microsoft Visual Studio/2022/Enterprise/VC/Tools/MSVC/14.44.35207/bin/Hostx64/x64/cl.exe - skipped
[11.391s] -- Detecting CXX compile features
[11.485s] -- Detecting CXX compile features - done
[11.485s] -- Found gtest sources under 'D:/a/pixi_rosdistro/pixi_rosdistro/install/src/gtest_vendor': C++ tests using 'Google Test' will be built
[11.485s] -- Added test 'copyright' to check source files copyright and LICENSE
[11.485s] -- Added test 'cppcheck' to perform static code analysis on C / C++ code
[11.485s] -- Configured cppcheck include dirs: $<BUILD_INTERFACE:D:/a/pixi_rosdistro/pixi_rosdistro/src/ros2/rosidl/rosidl_typesupport_interface/include>
[11.485s] -- Configured cppcheck exclude dirs and/or files: 
[11.485s] -- Added test 'cpplint' to check C / C++ code against the Google style
[11.485s] -- Configured cpplint exclude dirs and/or files: 
[11.485s] -- Added test 'lint_cmake' to check CMake code style
[11.485s] -- Added test 'uncrustify' to check C / C++ code style
[11.485s] -- Configured uncrustify additional arguments: 
[11.500s] -- Added test 'xmllint' to check XML markup files
[11.516s] -- Configuring done (4.4s)
[11.563s] -- Generating done (0.1s)
[11.594s] -- Build files have been written to: D:/a/pixi_rosdistro/pixi_rosdistro/build/rosidl_typesupport_interface
[11.594s] Invoked command in 'D:\a\pixi_rosdistro\pixi_rosdistro\build\rosidl_typesupport_interface' returned '0': AMENT_PREFIX_PATH=D:\a\pixi_rosdistro\pixi_rosdistro\install CMAKE_PREFIX_PATH=D:\a\pixi_rosdistro\pixi_rosdistro\install;D:\a\pixi_rosdistro\pixi_rosdistro\.pixi\envs\default\Library PATH=D:\a\pixi_rosdistro\pixi_rosdistro\install\Scripts;D:\a\pixi_rosdistro\pixi_rosdistro\install\bin;%PATH% PIXI_PROMPT=(ros2_rolling) PKG_CONFIG_PATH=D:\a\pixi_rosdistro\pixi_rosdistro\install\lib\pkgconfig PROMPT=$P$G PYTHONPATH=D:\a\pixi_rosdistro\pixi_rosdistro\install\Lib\site-packages ROS_DOMAIN_ID=37 D:\a\pixi_rosdistro\pixi_rosdistro\.pixi\envs\default\Library\bin\cmake.EXE D:\a\pixi_rosdistro\pixi_rosdistro\src\ros2\rosidl\rosidl_typesupport_interface -GNinja --no-warn-unused-cli -DCMAKE_BUILD_TYPE=Release -DCMAKE_BUILD_WITH_INSTALL_RPATH:bool=TRUE -DCMAKE_POLICY_VERSION_MINIMUM=3.5 -Wno-deprecated -DSTACK_DETAILS_AUTO_DETECT:bool=FALSE -DSTACK_DETAILS_BFD:bool=FALSE -DCMAKE_MSVC_DEBUG_INFORMATION_FORMAT=Embedded -DCMAKE_CXX_FLAGS=/MP /FS /EHsc -DCMAKE_C_FLAGS=/MP /FS -DCMAKE_INSTALL_PREFIX=D:\a\pixi_rosdistro\pixi_rosdistro\install
[11.610s] Invoking command in 'D:\a\pixi_rosdistro\pixi_rosdistro\build\rosidl_typesupport_interface': AMENT_PREFIX_PATH=D:\a\pixi_rosdistro\pixi_rosdistro\install CMAKE_PREFIX_PATH=D:\a\pixi_rosdistro\pixi_rosdistro\install;D:\a\pixi_rosdistro\pixi_rosdistro\.pixi\envs\default\Library PATH=D:\a\pixi_rosdistro\pixi_rosdistro\install\Scripts;D:\a\pixi_rosdistro\pixi_rosdistro\install\bin;%PATH% PIXI_PROMPT=(ros2_rolling) PKG_CONFIG_PATH=D:\a\pixi_rosdistro\pixi_rosdistro\install\lib\pkgconfig PROMPT=$P$G PYTHONPATH=D:\a\pixi_rosdistro\pixi_rosdistro\install\Lib\site-packages ROS_DOMAIN_ID=37 D:\a\pixi_rosdistro\pixi_rosdistro\.pixi\envs\default\Library\bin\cmake.EXE --build D:\a\pixi_rosdistro\pixi_rosdistro\build\rosidl_typesupport_interface -- -j4 -l4
[12.125s] [1/6] Building CXX object gtest\CMakeFiles\gtest_main.dir\src\gtest_main.cc.obj
[12.157s] [2/6] Building CXX object CMakeFiles\test_macros.dir\test\test_macros.cpp.obj
[13.157s] [3/6] Building CXX object gtest\CMakeFiles\gtest.dir\src\gtest-all.cc.obj
[13.250s] [4/6] Linking CXX static library gtest\gtest.lib
[13.297s] [5/6] Linking CXX static library gtest\gtest_main.lib
[13.500s] [6/6] Linking CXX executable test_macros.exe
[13.516s] Invoked command in 'D:\a\pixi_rosdistro\pixi_rosdistro\build\rosidl_typesupport_interface' returned '0': AMENT_PREFIX_PATH=D:\a\pixi_rosdistro\pixi_rosdistro\install CMAKE_PREFIX_PATH=D:\a\pixi_rosdistro\pixi_rosdistro\install;D:\a\pixi_rosdistro\pixi_rosdistro\.pixi\envs\default\Library PATH=D:\a\pixi_rosdistro\pixi_rosdistro\install\Scripts;D:\a\pixi_rosdistro\pixi_rosdistro\install\bin;%PATH% PIXI_PROMPT=(ros2_rolling) PKG_CONFIG_PATH=D:\a\pixi_rosdistro\pixi_rosdistro\install\lib\pkgconfig PROMPT=$P$G PYTHONPATH=D:\a\pixi_rosdistro\pixi_rosdistro\install\Lib\site-packages ROS_DOMAIN_ID=37 D:\a\pixi_rosdistro\pixi_rosdistro\.pixi\envs\default\Library\bin\cmake.EXE --build D:\a\pixi_rosdistro\pixi_rosdistro\build\rosidl_typesupport_interface -- -j4 -l4
[13.516s] Invoking command in 'D:\a\pixi_rosdistro\pixi_rosdistro\build\rosidl_typesupport_interface': AMENT_PREFIX_PATH=D:\a\pixi_rosdistro\pixi_rosdistro\install CMAKE_PREFIX_PATH=D:\a\pixi_rosdistro\pixi_rosdistro\install;D:\a\pixi_rosdistro\pixi_rosdistro\.pixi\envs\default\Library PATH=D:\a\pixi_rosdistro\pixi_rosdistro\install\Scripts;D:\a\pixi_rosdistro\pixi_rosdistro\install\bin;%PATH% PIXI_PROMPT=(ros2_rolling) PKG_CONFIG_PATH=D:\a\pixi_rosdistro\pixi_rosdistro\install\lib\pkgconfig PROMPT=$P$G PYTHONPATH=D:\a\pixi_rosdistro\pixi_rosdistro\install\Lib\site-packages ROS_DOMAIN_ID=37 D:\a\pixi_rosdistro\pixi_rosdistro\.pixi\envs\default\Library\bin\cmake.EXE --install D:\a\pixi_rosdistro\pixi_rosdistro\build\rosidl_typesupport_interface
[13.547s] -- Install configuration: "Release"
[13.547s] -- Installing: D:/a/pixi_rosdistro/pixi_rosdistro/install/share/ament_index/resource_index/package_run_dependencies/rosidl_typesupport_interface
[13.547s] -- Installing: D:/a/pixi_rosdistro/pixi_rosdistro/install/share/ament_index/resource_index/parent_prefix_path/rosidl_typesupport_interface
[13.547s] -- Installing: D:/a/pixi_rosdistro/pixi_rosdistro/install/share/rosidl_typesupport_interface/environment/ament_prefix_path.bat
[13.563s] -- Installing: D:/a/pixi_rosdistro/pixi_rosdistro/install/share/rosidl_typesupport_interface/environment/ament_prefix_path.dsv
[13.563s] -- Installing: D:/a/pixi_rosdistro/pixi_rosdistro/install/share/rosidl_typesupport_interface/environment/path.bat
[13.563s] -- Installing: D:/a/pixi_rosdistro/pixi_rosdistro/install/share/rosidl_typesupport_interface/environment/path.dsv
[13.563s] -- Installing: D:/a/pixi_rosdistro/pixi_rosdistro/install/share/rosidl_typesupport_interface/local_setup.bat
[13.563s] -- Installing: D:/a/pixi_rosdistro/pixi_rosdistro/install/share/rosidl_typesupport_interface/local_setup.dsv
[13.563s] -- Installing: D:/a/pixi_rosdistro/pixi_rosdistro/install/share/rosidl_typesupport_interface/package.dsv
[13.563s] -- Installing: D:/a/pixi_rosdistro/pixi_rosdistro/install/share/ament_index/resource_index/packages/rosidl_typesupport_interface
[13.563s] -- Installing: D:/a/pixi_rosdistro/pixi_rosdistro/install/share/rosidl_typesupport_interface/cmake/rosidl_typesupport_interfaceExport.cmake
[13.563s] -- Installing: D:/a/pixi_rosdistro/pixi_rosdistro/install/share/rosidl_typesupport_interface/cmake/ament_cmake_export_include_directories-extras.cmake
[13.563s] -- Installing: D:/a/pixi_rosdistro/pixi_rosdistro/install/share/rosidl_typesupport_interface/cmake/ament_cmake_export_targets-extras.cmake
[13.563s] -- Installing: D:/a/pixi_rosdistro/pixi_rosdistro/install/share/rosidl_typesupport_interface/cmake/rosidl_typesupport_interfaceConfig.cmake
[13.563s] -- Installing: D:/a/pixi_rosdistro/pixi_rosdistro/install/share/rosidl_typesupport_interface/cmake/rosidl_typesupport_interfaceConfig-version.cmake
[13.563s] -- Installing: D:/a/pixi_rosdistro/pixi_rosdistro/install/share/rosidl_typesupport_interface/package.xml
[13.563s] -- Installing: D:/a/pixi_rosdistro/pixi_rosdistro/install/include/rosidl_typesupport_interface
[13.563s] -- Installing: D:/a/pixi_rosdistro/pixi_rosdistro/install/include/rosidl_typesupport_interface/rosidl_typesupport_interface
[13.563s] -- Installing: D:/a/pixi_rosdistro/pixi_rosdistro/install/include/rosidl_typesupport_interface/rosidl_typesupport_interface/macros.h
[13.578s] Invoked command in 'D:\a\pixi_rosdistro\pixi_rosdistro\build\rosidl_typesupport_interface' returned '0': AMENT_PREFIX_PATH=D:\a\pixi_rosdistro\pixi_rosdistro\install CMAKE_PREFIX_PATH=D:\a\pixi_rosdistro\pixi_rosdistro\install;D:\a\pixi_rosdistro\pixi_rosdistro\.pixi\envs\default\Library PATH=D:\a\pixi_rosdistro\pixi_rosdistro\install\Scripts;D:\a\pixi_rosdistro\pixi_rosdistro\install\bin;%PATH% PIXI_PROMPT=(ros2_rolling) PKG_CONFIG_PATH=D:\a\pixi_rosdistro\pixi_rosdistro\install\lib\pkgconfig PROMPT=$P$G PYTHONPATH=D:\a\pixi_rosdistro\pixi_rosdistro\install\Lib\site-packages ROS_DOMAIN_ID=37 D:\a\pixi_rosdistro\pixi_rosdistro\.pixi\envs\default\Library\bin\cmake.EXE --install D:\a\pixi_rosdistro\pixi_rosdistro\build\rosidl_typesupport_interface
