[10.991s] Invoking command in '/home/runner/work/pixi_rosdistro/pixi_rosdistro/src/ament/ament_package': PATH=/opt/microsoft/powershell/7:${PATH} PIXI_PROMPT=(ros2_rolling) PSModulePath=/home/runner/.local/share/powershell/Modules:${PSModulePath} PYTHONPATH=/home/runner/work/pixi_rosdistro/pixi_rosdistro/build/ament_package/prefix_override:/home/runner/work/pixi_rosdistro/pixi_rosdistro/.pixi/envs/default/lib/python3.14/site-packages/colcon_core/task/python/colcon_distutils_commands:/home/runner/work/pixi_rosdistro/pixi_rosdistro/install/lib/python3.14/site-packages: ROS_DOMAIN_ID=70 /home/runner/work/pixi_rosdistro/pixi_rosdistro/.pixi/envs/default/bin/python3.14 -W ignore:setup.py install is deprecated -W ignore:easy_install command is deprecated setup.py egg_info --egg-base ../../../build/ament_package build --build-base /home/runner/work/pixi_rosdistro/pixi_rosdistro/build/ament_package/build install --record /home/runner/work/pixi_rosdistro/pixi_rosdistro/build/ament_package/install.log --single-version-externally-managed install_data
[11.205s] running egg_info
[11.211s] creating ../../../build/ament_package/ament_package.egg-info
[11.211s] writing ../../../build/ament_package/ament_package.egg-info/PKG-INFO
[11.212s] writing dependency_links to ../../../build/ament_package/ament_package.egg-info/dependency_links.txt
[11.212s] writing requirements to ../../../build/ament_package/ament_package.egg-info/requires.txt
[11.212s] writing top-level names to ../../../build/ament_package/ament_package.egg-info/top_level.txt
[11.213s] writing manifest file '../../../build/ament_package/ament_package.egg-info/SOURCES.txt'
[11.229s] reading manifest file '../../../build/ament_package/ament_package.egg-info/SOURCES.txt'
[11.230s] adding license file 'LICENSE'
[11.231s] writing manifest file '../../../build/ament_package/ament_package.egg-info/SOURCES.txt'
[11.233s] running build
[11.233s] running build_py
[11.233s] creating /home/runner/work/pixi_rosdistro/pixi_rosdistro/build/ament_package/build/lib/ament_package
[11.233s] copying ament_package/__init__.py -> /home/runner/work/pixi_rosdistro/pixi_rosdistro/build/ament_package/build/lib/ament_package
[11.233s] copying ament_package/templates.py -> /home/runner/work/pixi_rosdistro/pixi_rosdistro/build/ament_package/build/lib/ament_package
[11.233s] creating /home/runner/work/pixi_rosdistro/pixi_rosdistro/build/ament_package/build/lib/ament_package/template
[11.234s] copying ament_package/template/__init__.py -> /home/runner/work/pixi_rosdistro/pixi_rosdistro/build/ament_package/build/lib/ament_package/template
[11.234s] creating /home/runner/work/pixi_rosdistro/pixi_rosdistro/build/ament_package/build/lib/ament_package/template/environment_hook
[11.234s] copying ament_package/template/environment_hook/__init__.py -> /home/runner/work/pixi_rosdistro/pixi_rosdistro/build/ament_package/build/lib/ament_package/template/environment_hook
[11.234s] creating /home/runner/work/pixi_rosdistro/pixi_rosdistro/build/ament_package/build/lib/ament_package/template/package_level
[11.234s] copying ament_package/template/package_level/__init__.py -> /home/runner/work/pixi_rosdistro/pixi_rosdistro/build/ament_package/build/lib/ament_package/template/package_level
[11.234s] creating /home/runner/work/pixi_rosdistro/pixi_rosdistro/build/ament_package/build/lib/ament_package/template/prefix_level
[11.235s] copying ament_package/template/prefix_level/__init__.py -> /home/runner/work/pixi_rosdistro/pixi_rosdistro/build/ament_package/build/lib/ament_package/template/prefix_level
[11.235s] copying ament_package/template/prefix_level/_local_setup_util.py -> /home/runner/work/pixi_rosdistro/pixi_rosdistro/build/ament_package/build/lib/ament_package/template/prefix_level
[11.236s] copying ament_package/template/environment_hook/__init__.py -> /home/runner/work/pixi_rosdistro/pixi_rosdistro/build/ament_package/build/lib/ament_package/template/environment_hook
[11.236s] copying ament_package/template/environment_hook/pythonpath.sh.in -> /home/runner/work/pixi_rosdistro/pixi_rosdistro/build/ament_package/build/lib/ament_package/template/environment_hook
[11.237s] copying ament_package/template/environment_hook/pkg_config_path.sh -> /home/runner/work/pixi_rosdistro/pixi_rosdistro/build/ament_package/build/lib/ament_package/template/environment_hook
[11.237s] copying ament_package/template/environment_hook/ament_prefix_path.bat -> /home/runner/work/pixi_rosdistro/pixi_rosdistro/build/ament_package/build/lib/ament_package/template/environment_hook
[11.239s] copying ament_package/template/environment_hook/ament_prefix_path.sh -> /home/runner/work/pixi_rosdistro/pixi_rosdistro/build/ament_package/build/lib/ament_package/template/environment_hook
[11.239s] copying ament_package/template/environment_hook/path.sh -> /home/runner/work/pixi_rosdistro/pixi_rosdistro/build/ament_package/build/lib/ament_package/template/environment_hook
[11.240s] copying ament_package/template/environment_hook/path.bat -> /home/runner/work/pixi_rosdistro/pixi_rosdistro/build/ament_package/build/lib/ament_package/template/environment_hook
[11.240s] copying ament_package/template/environment_hook/pythonpath.bat.in -> /home/runner/work/pixi_rosdistro/pixi_rosdistro/build/ament_package/build/lib/ament_package/template/environment_hook
[11.240s] copying ament_package/template/environment_hook/library_path.sh -> /home/runner/work/pixi_rosdistro/pixi_rosdistro/build/ament_package/build/lib/ament_package/template/environment_hook
[11.241s] copying ament_package/template/environment_hook/pkg_config_path.bat -> /home/runner/work/pixi_rosdistro/pixi_rosdistro/build/ament_package/build/lib/ament_package/template/environment_hook
[11.243s] copying ament_package/template/package_level/__init__.py -> /home/runner/work/pixi_rosdistro/pixi_rosdistro/build/ament_package/build/lib/ament_package/template/package_level
[11.243s] copying ament_package/template/package_level/local_setup.bat.in -> /home/runner/work/pixi_rosdistro/pixi_rosdistro/build/ament_package/build/lib/ament_package/template/package_level
[11.243s] copying ament_package/template/package_level/local_setup.zsh.in -> /home/runner/work/pixi_rosdistro/pixi_rosdistro/build/ament_package/build/lib/ament_package/template/package_level
[11.243s] copying ament_package/template/package_level/local_setup.sh.in -> /home/runner/work/pixi_rosdistro/pixi_rosdistro/build/ament_package/build/lib/ament_package/template/package_level
[11.243s] copying ament_package/template/package_level/local_setup.bash.in -> /home/runner/work/pixi_rosdistro/pixi_rosdistro/build/ament_package/build/lib/ament_package/template/package_level
[11.243s] copying ament_package/template/package_level/local_setup.fish.in -> /home/runner/work/pixi_rosdistro/pixi_rosdistro/build/ament_package/build/lib/ament_package/template/package_level
[11.243s] copying ament_package/template/prefix_level/local_setup.zsh -> /home/runner/work/pixi_rosdistro/pixi_rosdistro/build/ament_package/build/lib/ament_package/template/prefix_level
[11.244s] copying ament_package/template/prefix_level/__init__.py -> /home/runner/work/pixi_rosdistro/pixi_rosdistro/build/ament_package/build/lib/ament_package/template/prefix_level
[11.244s] copying ament_package/template/prefix_level/local_setup.bat.in -> /home/runner/work/pixi_rosdistro/pixi_rosdistro/build/ament_package/build/lib/ament_package/template/prefix_level
[11.244s] copying ament_package/template/prefix_level/setup.bat.in -> /home/runner/work/pixi_rosdistro/pixi_rosdistro/build/ament_package/build/lib/ament_package/template/prefix_level
[11.244s] copying ament_package/template/prefix_level/setup.fish -> /home/runner/work/pixi_rosdistro/pixi_rosdistro/build/ament_package/build/lib/ament_package/template/prefix_level
[11.244s] copying ament_package/template/prefix_level/local_setup.sh.in -> /home/runner/work/pixi_rosdistro/pixi_rosdistro/build/ament_package/build/lib/ament_package/template/prefix_level
[11.244s] copying ament_package/template/prefix_level/setup.sh.in -> /home/runner/work/pixi_rosdistro/pixi_rosdistro/build/ament_package/build/lib/ament_package/template/prefix_level
[11.244s] copying ament_package/template/prefix_level/setup.bash -> /home/runner/work/pixi_rosdistro/pixi_rosdistro/build/ament_package/build/lib/ament_package/template/prefix_level
[11.244s] copying ament_package/template/prefix_level/setup.zsh -> /home/runner/work/pixi_rosdistro/pixi_rosdistro/build/ament_package/build/lib/ament_package/template/prefix_level
[11.244s] copying ament_package/template/prefix_level/_local_setup_util.py -> /home/runner/work/pixi_rosdistro/pixi_rosdistro/build/ament_package/build/lib/ament_package/template/prefix_level
[11.244s] copying ament_package/template/prefix_level/local_setup.bash -> /home/runner/work/pixi_rosdistro/pixi_rosdistro/build/ament_package/build/lib/ament_package/template/prefix_level
[11.244s] copying ament_package/template/prefix_level/local_setup.fish.in -> /home/runner/work/pixi_rosdistro/pixi_rosdistro/build/ament_package/build/lib/ament_package/template/prefix_level
[11.244s] running install
[11.251s] running install_lib
[11.258s] creating /home/runner/work/pixi_rosdistro/pixi_rosdistro/install/lib/python3.14/site-packages/ament_package
[11.258s] copying /home/runner/work/pixi_rosdistro/pixi_rosdistro/build/ament_package/build/lib/ament_package/__init__.py -> /home/runner/work/pixi_rosdistro/pixi_rosdistro/install/lib/python3.14/site-packages/ament_package
[11.259s] copying /home/runner/work/pixi_rosdistro/pixi_rosdistro/build/ament_package/build/lib/ament_package/templates.py -> /home/runner/work/pixi_rosdistro/pixi_rosdistro/install/lib/python3.14/site-packages/ament_package
[11.259s] creating /home/runner/work/pixi_rosdistro/pixi_rosdistro/install/lib/python3.14/site-packages/ament_package/template
[11.260s] copying /home/runner/work/pixi_rosdistro/pixi_rosdistro/build/ament_package/build/lib/ament_package/template/__init__.py -> /home/runner/work/pixi_rosdistro/pixi_rosdistro/install/lib/python3.14/site-packages/ament_package/template
[11.260s] creating /home/runner/work/pixi_rosdistro/pixi_rosdistro/install/lib/python3.14/site-packages/ament_package/template/environment_hook
[11.260s] copying /home/runner/work/pixi_rosdistro/pixi_rosdistro/build/ament_package/build/lib/ament_package/template/environment_hook/__init__.py -> /home/runner/work/pixi_rosdistro/pixi_rosdistro/install/lib/python3.14/site-packages/ament_package/template/environment_hook
[11.260s] copying /home/runner/work/pixi_rosdistro/pixi_rosdistro/build/ament_package/build/lib/ament_package/template/environment_hook/pythonpath.sh.in -> /home/runner/work/pixi_rosdistro/pixi_rosdistro/install/lib/python3.14/site-packages/ament_package/template/environment_hook
[11.260s] copying /home/runner/work/pixi_rosdistro/pixi_rosdistro/build/ament_package/build/lib/ament_package/template/environment_hook/pkg_config_path.sh -> /home/runner/work/pixi_rosdistro/pixi_rosdistro/install/lib/python3.14/site-packages/ament_package/template/environment_hook
[11.260s] copying /home/runner/work/pixi_rosdistro/pixi_rosdistro/build/ament_package/build/lib/ament_package/template/environment_hook/ament_prefix_path.bat -> /home/runner/work/pixi_rosdistro/pixi_rosdistro/install/lib/python3.14/site-packages/ament_package/template/environment_hook
[11.261s] copying /home/runner/work/pixi_rosdistro/pixi_rosdistro/build/ament_package/build/lib/ament_package/template/environment_hook/ament_prefix_path.sh -> /home/runner/work/pixi_rosdistro/pixi_rosdistro/install/lib/python3.14/site-packages/ament_package/template/environment_hook
[11.261s] copying /home/runner/work/pixi_rosdistro/pixi_rosdistro/build/ament_package/build/lib/ament_package/template/environment_hook/path.sh -> /home/runner/work/pixi_rosdistro/pixi_rosdistro/install/lib/python3.14/site-packages/ament_package/template/environment_hook
[11.261s] copying /home/runner/work/pixi_rosdistro/pixi_rosdistro/build/ament_package/build/lib/ament_package/template/environment_hook/path.bat -> /home/runner/work/pixi_rosdistro/pixi_rosdistro/install/lib/python3.14/site-packages/ament_package/template/environment_hook
[11.262s] copying /home/runner/work/pixi_rosdistro/pixi_rosdistro/build/ament_package/build/lib/ament_package/template/environment_hook/pythonpath.bat.in -> /home/runner/work/pixi_rosdistro/pixi_rosdistro/install/lib/python3.14/site-packages/ament_package/template/environment_hook
[11.264s] copying /home/runner/work/pixi_rosdistro/pixi_rosdistro/build/ament_package/build/lib/ament_package/template/environment_hook/library_path.sh -> /home/runner/work/pixi_rosdistro/pixi_rosdistro/install/lib/python3.14/site-packages/ament_package/template/environment_hook
[11.264s] copying /home/runner/work/pixi_rosdistro/pixi_rosdistro/build/ament_package/build/lib/ament_package/template/environment_hook/pkg_config_path.bat -> /home/runner/work/pixi_rosdistro/pixi_rosdistro/install/lib/python3.14/site-packages/ament_package/template/environment_hook
[11.264s] creating /home/runner/work/pixi_rosdistro/pixi_rosdistro/install/lib/python3.14/site-packages/ament_package/template/package_level
[11.264s] copying /home/runner/work/pixi_rosdistro/pixi_rosdistro/build/ament_package/build/lib/ament_package/template/package_level/__init__.py -> /home/runner/work/pixi_rosdistro/pixi_rosdistro/install/lib/python3.14/site-packages/ament_package/template/package_level
[11.264s] copying /home/runner/work/pixi_rosdistro/pixi_rosdistro/build/ament_package/build/lib/ament_package/template/package_level/local_setup.bat.in -> /home/runner/work/pixi_rosdistro/pixi_rosdistro/install/lib/python3.14/site-packages/ament_package/template/package_level
[11.264s] copying /home/runner/work/pixi_rosdistro/pixi_rosdistro/build/ament_package/build/lib/ament_package/template/package_level/local_setup.zsh.in -> /home/runner/work/pixi_rosdistro/pixi_rosdistro/install/lib/python3.14/site-packages/ament_package/template/package_level
[11.264s] copying /home/runner/work/pixi_rosdistro/pixi_rosdistro/build/ament_package/build/lib/ament_package/template/package_level/local_setup.sh.in -> /home/runner/work/pixi_rosdistro/pixi_rosdistro/install/lib/python3.14/site-packages/ament_package/template/package_level
[11.264s] copying /home/runner/work/pixi_rosdistro/pixi_rosdistro/build/ament_package/build/lib/ament_package/template/package_level/local_setup.bash.in -> /home/runner/work/pixi_rosdistro/pixi_rosdistro/install/lib/python3.14/site-packages/ament_package/template/package_level
[11.264s] copying /home/runner/work/pixi_rosdistro/pixi_rosdistro/build/ament_package/build/lib/ament_package/template/package_level/local_setup.fish.in -> /home/runner/work/pixi_rosdistro/pixi_rosdistro/install/lib/python3.14/site-packages/ament_package/template/package_level
[11.265s] creating /home/runner/work/pixi_rosdistro/pixi_rosdistro/install/lib/python3.14/site-packages/ament_package/template/prefix_level
[11.265s] copying /home/runner/work/pixi_rosdistro/pixi_rosdistro/build/ament_package/build/lib/ament_package/template/prefix_level/local_setup.zsh -> /home/runner/work/pixi_rosdistro/pixi_rosdistro/install/lib/python3.14/site-packages/ament_package/template/prefix_level
[11.265s] copying /home/runner/work/pixi_rosdistro/pixi_rosdistro/build/ament_package/build/lib/ament_package/template/prefix_level/__init__.py -> /home/runner/work/pixi_rosdistro/pixi_rosdistro/install/lib/python3.14/site-packages/ament_package/template/prefix_level
[11.265s] copying /home/runner/work/pixi_rosdistro/pixi_rosdistro/build/ament_package/build/lib/ament_package/template/prefix_level/local_setup.bat.in -> /home/runner/work/pixi_rosdistro/pixi_rosdistro/install/lib/python3.14/site-packages/ament_package/template/prefix_level
[11.265s] copying /home/runner/work/pixi_rosdistro/pixi_rosdistro/build/ament_package/build/lib/ament_package/template/prefix_level/setup.bat.in -> /home/runner/work/pixi_rosdistro/pixi_rosdistro/install/lib/python3.14/site-packages/ament_package/template/prefix_level
[11.265s] copying /home/runner/work/pixi_rosdistro/pixi_rosdistro/build/ament_package/build/lib/ament_package/template/prefix_level/setup.fish -> /home/runner/work/pixi_rosdistro/pixi_rosdistro/install/lib/python3.14/site-packages/ament_package/template/prefix_level
[11.265s] copying /home/runner/work/pixi_rosdistro/pixi_rosdistro/build/ament_package/build/lib/ament_package/template/prefix_level/local_setup.sh.in -> /home/runner/work/pixi_rosdistro/pixi_rosdistro/install/lib/python3.14/site-packages/ament_package/template/prefix_level
[11.265s] copying /home/runner/work/pixi_rosdistro/pixi_rosdistro/build/ament_package/build/lib/ament_package/template/prefix_level/setup.sh.in -> /home/runner/work/pixi_rosdistro/pixi_rosdistro/install/lib/python3.14/site-packages/ament_package/template/prefix_level
[11.265s] copying /home/runner/work/pixi_rosdistro/pixi_rosdistro/build/ament_package/build/lib/ament_package/template/prefix_level/setup.bash -> /home/runner/work/pixi_rosdistro/pixi_rosdistro/install/lib/python3.14/site-packages/ament_package/template/prefix_level
[11.265s] copying /home/runner/work/pixi_rosdistro/pixi_rosdistro/build/ament_package/build/lib/ament_package/template/prefix_level/setup.zsh -> /home/runner/work/pixi_rosdistro/pixi_rosdistro/install/lib/python3.14/site-packages/ament_package/template/prefix_level
[11.265s] copying /home/runner/work/pixi_rosdistro/pixi_rosdistro/build/ament_package/build/lib/ament_package/template/prefix_level/_local_setup_util.py -> /home/runner/work/pixi_rosdistro/pixi_rosdistro/install/lib/python3.14/site-packages/ament_package/template/prefix_level
[11.265s] copying /home/runner/work/pixi_rosdistro/pixi_rosdistro/build/ament_package/build/lib/ament_package/template/prefix_level/local_setup.bash -> /home/runner/work/pixi_rosdistro/pixi_rosdistro/install/lib/python3.14/site-packages/ament_package/template/prefix_level
[11.266s] copying /home/runner/work/pixi_rosdistro/pixi_rosdistro/build/ament_package/build/lib/ament_package/template/prefix_level/local_setup.fish.in -> /home/runner/work/pixi_rosdistro/pixi_rosdistro/install/lib/python3.14/site-packages/ament_package/template/prefix_level
[11.266s] byte-compiling /home/runner/work/pixi_rosdistro/pixi_rosdistro/install/lib/python3.14/site-packages/ament_package/__init__.py to __init__.cpython-314.pyc
[11.267s] byte-compiling /home/runner/work/pixi_rosdistro/pixi_rosdistro/install/lib/python3.14/site-packages/ament_package/templates.py to templates.cpython-314.pyc
[11.267s] byte-compiling /home/runner/work/pixi_rosdistro/pixi_rosdistro/install/lib/python3.14/site-packages/ament_package/template/__init__.py to __init__.cpython-314.pyc
[11.268s] byte-compiling /home/runner/work/pixi_rosdistro/pixi_rosdistro/install/lib/python3.14/site-packages/ament_package/template/environment_hook/__init__.py to __init__.cpython-314.pyc
[11.268s] byte-compiling /home/runner/work/pixi_rosdistro/pixi_rosdistro/install/lib/python3.14/site-packages/ament_package/template/package_level/__init__.py to __init__.cpython-314.pyc
[11.268s] byte-compiling /home/runner/work/pixi_rosdistro/pixi_rosdistro/install/lib/python3.14/site-packages/ament_package/template/prefix_level/__init__.py to __init__.cpython-314.pyc
[11.268s] byte-compiling /home/runner/work/pixi_rosdistro/pixi_rosdistro/install/lib/python3.14/site-packages/ament_package/template/prefix_level/_local_setup_util.py to _local_setup_util.cpython-314.pyc
[11.273s] running install_data
[11.273s] copying package.xml -> /home/runner/work/pixi_rosdistro/pixi_rosdistro/install/share/ament_package
[11.273s] copying resource/ament_package -> /home/runner/work/pixi_rosdistro/pixi_rosdistro/install/share/ament_index/resource_index/packages
[11.274s] running install_egg_info
[11.282s] Copying ../../../build/ament_package/ament_package.egg-info to /home/runner/work/pixi_rosdistro/pixi_rosdistro/install/lib/python3.14/site-packages/ament_package-0.18.2-py3.14.egg-info
[11.282s] running install_scripts
[11.354s] writing list of installed files to '/home/runner/work/pixi_rosdistro/pixi_rosdistro/build/ament_package/install.log'
[11.366s] Invoked command in '/home/runner/work/pixi_rosdistro/pixi_rosdistro/src/ament/ament_package' returned '0': PATH=/opt/microsoft/powershell/7:${PATH} PIXI_PROMPT=(ros2_rolling) PSModulePath=/home/runner/.local/share/powershell/Modules:${PSModulePath} PYTHONPATH=/home/runner/work/pixi_rosdistro/pixi_rosdistro/build/ament_package/prefix_override:/home/runner/work/pixi_rosdistro/pixi_rosdistro/.pixi/envs/default/lib/python3.14/site-packages/colcon_core/task/python/colcon_distutils_commands:/home/runner/work/pixi_rosdistro/pixi_rosdistro/install/lib/python3.14/site-packages: ROS_DOMAIN_ID=70 /home/runner/work/pixi_rosdistro/pixi_rosdistro/.pixi/envs/default/bin/python3.14 -W ignore:setup.py install is deprecated -W ignore:easy_install command is deprecated setup.py egg_info --egg-base ../../../build/ament_package build --build-base /home/runner/work/pixi_rosdistro/pixi_rosdistro/build/ament_package/build install --record /home/runner/work/pixi_rosdistro/pixi_rosdistro/build/ament_package/install.log --single-version-externally-managed install_data
