[12.770s] Invoking command in '/home/runner/work/pixi_rosdistro/pixi_rosdistro/src/ros2/demos/action_tutorials/action_tutorials_py': AMENT_PREFIX_PATH=/home/runner/work/pixi_rosdistro/pixi_rosdistro/install CMAKE_PREFIX_PATH=/home/runner/work/pixi_rosdistro/pixi_rosdistro/install:${CMAKE_PREFIX_PATH} LD_LIBRARY_PATH=/home/runner/work/pixi_rosdistro/pixi_rosdistro/install/lib PATH=/home/runner/work/pixi_rosdistro/pixi_rosdistro/install/bin:/opt/microsoft/powershell/7:${PATH} PIXI_PROMPT=(ros2_rolling) PKG_CONFIG_PATH=/home/runner/work/pixi_rosdistro/pixi_rosdistro/install/lib/pkgconfig PSModulePath=/home/runner/.local/share/powershell/Modules:${PSModulePath} PYTHONPATH=/home/runner/work/pixi_rosdistro/pixi_rosdistro/build/action_tutorials_py/prefix_override:/home/runner/work/pixi_rosdistro/pixi_rosdistro/.pixi/envs/default/lib/python3.12/site-packages/colcon_core/task/python/colcon_distutils_commands:/home/runner/work/pixi_rosdistro/pixi_rosdistro/install/lib/python3.12/site-packages:/home/runner/work/pixi_rosdistro/pixi_rosdistro/install/lib/python3.12/site-packages ROS_DOMAIN_ID=24 /home/runner/work/pixi_rosdistro/pixi_rosdistro/.pixi/envs/default/bin/python3.12 -W ignore:setup.py install is deprecated -W ignore:easy_install command is deprecated setup.py egg_info --egg-base ../../../../../build/action_tutorials_py build --build-base /home/runner/work/pixi_rosdistro/pixi_rosdistro/build/action_tutorials_py/build install --record /home/runner/work/pixi_rosdistro/pixi_rosdistro/build/action_tutorials_py/install.log --single-version-externally-managed install_data
[13.085s] running egg_info
[13.105s] creating ../../../../../build/action_tutorials_py/action_tutorials_py.egg-info
[13.105s] writing ../../../../../build/action_tutorials_py/action_tutorials_py.egg-info/PKG-INFO
[13.106s] writing dependency_links to ../../../../../build/action_tutorials_py/action_tutorials_py.egg-info/dependency_links.txt
[13.106s] writing entry points to ../../../../../build/action_tutorials_py/action_tutorials_py.egg-info/entry_points.txt
[13.107s] writing requirements to ../../../../../build/action_tutorials_py/action_tutorials_py.egg-info/requires.txt
[13.109s] writing top-level names to ../../../../../build/action_tutorials_py/action_tutorials_py.egg-info/top_level.txt
[13.109s] writing manifest file '../../../../../build/action_tutorials_py/action_tutorials_py.egg-info/SOURCES.txt'
[13.148s] reading manifest file '../../../../../build/action_tutorials_py/action_tutorials_py.egg-info/SOURCES.txt'
[13.150s] writing manifest file '../../../../../build/action_tutorials_py/action_tutorials_py.egg-info/SOURCES.txt'
[13.151s] running build
[13.151s] running build_py
[13.154s] creating /home/runner/work/pixi_rosdistro/pixi_rosdistro/build/action_tutorials_py/build/lib/action_tutorials_py
[13.154s] copying action_tutorials_py/__init__.py -> /home/runner/work/pixi_rosdistro/pixi_rosdistro/build/action_tutorials_py/build/lib/action_tutorials_py
[13.154s] copying action_tutorials_py/fibonacci_action_client.py -> /home/runner/work/pixi_rosdistro/pixi_rosdistro/build/action_tutorials_py/build/lib/action_tutorials_py
[13.154s] copying action_tutorials_py/fibonacci_action_server.py -> /home/runner/work/pixi_rosdistro/pixi_rosdistro/build/action_tutorials_py/build/lib/action_tutorials_py
[13.154s] running install
[13.162s] running install_lib
[13.182s] creating /home/runner/work/pixi_rosdistro/pixi_rosdistro/install/lib/python3.12/site-packages/action_tutorials_py
[13.183s] copying /home/runner/work/pixi_rosdistro/pixi_rosdistro/build/action_tutorials_py/build/lib/action_tutorials_py/__init__.py -> /home/runner/work/pixi_rosdistro/pixi_rosdistro/install/lib/python3.12/site-packages/action_tutorials_py
[13.184s] copying /home/runner/work/pixi_rosdistro/pixi_rosdistro/build/action_tutorials_py/build/lib/action_tutorials_py/fibonacci_action_client.py -> /home/runner/work/pixi_rosdistro/pixi_rosdistro/install/lib/python3.12/site-packages/action_tutorials_py
[13.184s] copying /home/runner/work/pixi_rosdistro/pixi_rosdistro/build/action_tutorials_py/build/lib/action_tutorials_py/fibonacci_action_server.py -> /home/runner/work/pixi_rosdistro/pixi_rosdistro/install/lib/python3.12/site-packages/action_tutorials_py
[13.185s] byte-compiling /home/runner/work/pixi_rosdistro/pixi_rosdistro/install/lib/python3.12/site-packages/action_tutorials_py/__init__.py to __init__.cpython-312.pyc
[13.187s] byte-compiling /home/runner/work/pixi_rosdistro/pixi_rosdistro/install/lib/python3.12/site-packages/action_tutorials_py/fibonacci_action_client.py to fibonacci_action_client.cpython-312.pyc
[13.187s] byte-compiling /home/runner/work/pixi_rosdistro/pixi_rosdistro/install/lib/python3.12/site-packages/action_tutorials_py/fibonacci_action_server.py to fibonacci_action_server.cpython-312.pyc
[13.189s] running install_data
[13.189s] copying resource/action_tutorials_py -> /home/runner/work/pixi_rosdistro/pixi_rosdistro/install/share/ament_index/resource_index/packages
[13.190s] copying package.xml -> /home/runner/work/pixi_rosdistro/pixi_rosdistro/install/share/action_tutorials_py
[13.190s] running install_egg_info
[13.213s] Copying ../../../../../build/action_tutorials_py/action_tutorials_py.egg-info to /home/runner/work/pixi_rosdistro/pixi_rosdistro/install/lib/python3.12/site-packages/action_tutorials_py-0.37.7-py3.12.egg-info
[13.217s] running install_scripts
[13.260s] Installing fibonacci_action_client script to /home/runner/work/pixi_rosdistro/pixi_rosdistro/install/lib/action_tutorials_py
[13.260s] Installing fibonacci_action_server script to /home/runner/work/pixi_rosdistro/pixi_rosdistro/install/lib/action_tutorials_py
[13.261s] writing list of installed files to '/home/runner/work/pixi_rosdistro/pixi_rosdistro/build/action_tutorials_py/install.log'
[13.296s] Invoked command in '/home/runner/work/pixi_rosdistro/pixi_rosdistro/src/ros2/demos/action_tutorials/action_tutorials_py' returned '0': AMENT_PREFIX_PATH=/home/runner/work/pixi_rosdistro/pixi_rosdistro/install CMAKE_PREFIX_PATH=/home/runner/work/pixi_rosdistro/pixi_rosdistro/install:${CMAKE_PREFIX_PATH} LD_LIBRARY_PATH=/home/runner/work/pixi_rosdistro/pixi_rosdistro/install/lib PATH=/home/runner/work/pixi_rosdistro/pixi_rosdistro/install/bin:/opt/microsoft/powershell/7:${PATH} PIXI_PROMPT=(ros2_rolling) PKG_CONFIG_PATH=/home/runner/work/pixi_rosdistro/pixi_rosdistro/install/lib/pkgconfig PSModulePath=/home/runner/.local/share/powershell/Modules:${PSModulePath} PYTHONPATH=/home/runner/work/pixi_rosdistro/pixi_rosdistro/build/action_tutorials_py/prefix_override:/home/runner/work/pixi_rosdistro/pixi_rosdistro/.pixi/envs/default/lib/python3.12/site-packages/colcon_core/task/python/colcon_distutils_commands:/home/runner/work/pixi_rosdistro/pixi_rosdistro/install/lib/python3.12/site-packages:/home/runner/work/pixi_rosdistro/pixi_rosdistro/install/lib/python3.12/site-packages ROS_DOMAIN_ID=24 /home/runner/work/pixi_rosdistro/pixi_rosdistro/.pixi/envs/default/bin/python3.12 -W ignore:setup.py install is deprecated -W ignore:easy_install command is deprecated setup.py egg_info --egg-base ../../../../../build/action_tutorials_py build --build-base /home/runner/work/pixi_rosdistro/pixi_rosdistro/build/action_tutorials_py/build install --record /home/runner/work/pixi_rosdistro/pixi_rosdistro/build/action_tutorials_py/install.log --single-version-externally-managed install_data
