[4.786s] Invoking command in '/home/runner/work/pixi_rosdistro/pixi_rosdistro/build/rcl_lifecycle': AMENT_PREFIX_PATH=/home/runner/work/pixi_rosdistro/pixi_rosdistro/install CMAKE_PREFIX_PATH=/home/runner/work/pixi_rosdistro/pixi_rosdistro/install:${CMAKE_PREFIX_PATH} LD_LIBRARY_PATH=/home/runner/work/pixi_rosdistro/pixi_rosdistro/install/lib PATH=/home/runner/work/pixi_rosdistro/pixi_rosdistro/install/bin:/opt/microsoft/powershell/7:${PATH} PIXI_PROMPT=(ros2_rolling) PKG_CONFIG_PATH=/home/runner/work/pixi_rosdistro/pixi_rosdistro/install/lib/pkgconfig PSModulePath=/home/runner/.local/share/powershell/Modules:${PSModulePath} PYTHONPATH=/home/runner/work/pixi_rosdistro/pixi_rosdistro/install/lib/python3.12/site-packages ROS_DOMAIN_ID=44 /home/runner/work/pixi_rosdistro/pixi_rosdistro/.pixi/envs/default/bin/cmake /home/runner/work/pixi_rosdistro/pixi_rosdistro/src/ros2/rcl/rcl_lifecycle -GNinja --no-warn-unused-cli -DCMAKE_BUILD_TYPE=Release -DCMAKE_BUILD_WITH_INSTALL_RPATH:bool=TRUE -DCMAKE_POLICY_VERSION_MINIMUM=3.5 -Wno-deprecated -DSTACK_DETAILS_AUTO_DETECT:bool=FALSE -DSTACK_DETAILS_BFD:bool=FALSE -DCMAKE_INSTALL_PREFIX=/home/runner/work/pixi_rosdistro/pixi_rosdistro/install
[4.871s] Not searching for unused variables given on the command line.
[4.871s] -- The C compiler identification is GNU 14.3.0
[5.010s] -- The CXX compiler identification is GNU 14.3.0
[5.024s] -- Detecting C compiler ABI info
[5.150s] -- Detecting C compiler ABI info - done
[5.184s] -- Check for working C compiler: /home/runner/work/pixi_rosdistro/pixi_rosdistro/.pixi/envs/default/bin/x86_64-conda-linux-gnu-cc - skipped
[5.185s] -- Detecting C compile features
[5.185s] -- Detecting C compile features - done
[5.200s] -- Detecting CXX compiler ABI info
[5.389s] -- Detecting CXX compiler ABI info - done
[5.428s] -- Check for working CXX compiler: /home/runner/work/pixi_rosdistro/pixi_rosdistro/.pixi/envs/default/bin/x86_64-conda-linux-gnu-c++ - skipped
[5.429s] -- Detecting CXX compile features
[5.431s] -- Detecting CXX compile features - done
[5.446s] -- Found ament_cmake_ros: 0.15.6 (/home/runner/work/pixi_rosdistro/pixi_rosdistro/install/share/ament_cmake_ros/cmake)
[5.764s] -- Found lifecycle_msgs: 2.4.3 (/home/runner/work/pixi_rosdistro/pixi_rosdistro/install/share/lifecycle_msgs/cmake)
[5.799s] -- Found rosidl_generator_c: 5.1.3 (/home/runner/work/pixi_rosdistro/pixi_rosdistro/install/share/rosidl_generator_c/cmake)
[5.808s] -- Found rosidl_generator_cpp: 5.1.3 (/home/runner/work/pixi_rosdistro/pixi_rosdistro/install/share/rosidl_generator_cpp/cmake)
[5.827s] -- Using all available rosidl_typesupport_c: rosidl_typesupport_fastrtps_c;rosidl_typesupport_introspection_c
[5.842s] -- Using all available rosidl_typesupport_cpp: rosidl_typesupport_fastrtps_cpp;rosidl_typesupport_introspection_cpp
[5.941s] -- Found rcl: 10.4.1 (/home/runner/work/pixi_rosdistro/pixi_rosdistro/install/share/rcl/cmake)
[6.006s] -- Found rmw_implementation_cmake: 7.9.1 (/home/runner/work/pixi_rosdistro/pixi_rosdistro/install/share/rmw_implementation_cmake/cmake)
[6.010s] -- Found rmw_fastrtps_cpp: 9.4.5 (/home/runner/work/pixi_rosdistro/pixi_rosdistro/install/share/rmw_fastrtps_cpp/cmake)
[6.055s] -- Using RMW implementation 'rmw_fastrtps_cpp' as default
[6.083s] -- Found tracetools: 8.10.1 (/home/runner/work/pixi_rosdistro/pixi_rosdistro/install/share/tracetools/cmake)
[6.087s] -- Found ament_lint_auto: 0.20.3 (/home/runner/work/pixi_rosdistro/pixi_rosdistro/install/share/ament_lint_auto/cmake)
[6.254s] -- Found gtest sources under '/home/runner/work/pixi_rosdistro/pixi_rosdistro/install/src/gtest_vendor': C++ tests using 'Google Test' will be built
[6.258s] -- Performing Test CMAKE_HAVE_LIBC_PTHREAD
[6.388s] -- Performing Test CMAKE_HAVE_LIBC_PTHREAD - Failed
[6.388s] -- Check if compiler accepts -pthread
[6.513s] -- Check if compiler accepts -pthread - yes
[6.516s] -- Found Threads: TRUE
[6.516s] -- Found gtest sources under '/home/runner/work/pixi_rosdistro/pixi_rosdistro/install/src/gtest_vendor': C++ tests using 'Google Test' will be built
[6.519s] -- Found gtest sources under '/home/runner/work/pixi_rosdistro/pixi_rosdistro/install/src/gtest_vendor': C++ tests using 'Google Test' will be built
[6.523s] -- Found gtest sources under '/home/runner/work/pixi_rosdistro/pixi_rosdistro/install/src/gtest_vendor': C++ tests using 'Google Test' will be built
[6.531s] -- Added test 'copyright' to check source files copyright and LICENSE
[6.533s] -- Added test 'cppcheck' to perform static code analysis on C / C++ code
[6.534s] -- Configured cppcheck include dirs: $<BUILD_INTERFACE:/home/runner/work/pixi_rosdistro/pixi_rosdistro/src/ros2/rcl/rcl_lifecycle/include>
[6.534s] -- Configured cppcheck exclude dirs and/or files: 
[6.536s] -- Added test 'cpplint' to check C / C++ code against the Google style
[6.536s] -- Configured cpplint exclude dirs and/or files: 
[6.537s] -- Added test 'lint_cmake' to check CMake code style
[6.539s] -- Added test 'uncrustify' to check C / C++ code style
[6.540s] -- Configured uncrustify additional arguments: 
[6.540s] -- Added test 'xmllint' to check XML markup files
[6.544s] -- Configuring done (1.8s)
[6.583s] -- Generating done (0.0s)
[6.612s] -- Build files have been written to: /home/runner/work/pixi_rosdistro/pixi_rosdistro/build/rcl_lifecycle
[6.628s] Invoked command in '/home/runner/work/pixi_rosdistro/pixi_rosdistro/build/rcl_lifecycle' returned '0': AMENT_PREFIX_PATH=/home/runner/work/pixi_rosdistro/pixi_rosdistro/install CMAKE_PREFIX_PATH=/home/runner/work/pixi_rosdistro/pixi_rosdistro/install:${CMAKE_PREFIX_PATH} LD_LIBRARY_PATH=/home/runner/work/pixi_rosdistro/pixi_rosdistro/install/lib PATH=/home/runner/work/pixi_rosdistro/pixi_rosdistro/install/bin:/opt/microsoft/powershell/7:${PATH} PIXI_PROMPT=(ros2_rolling) PKG_CONFIG_PATH=/home/runner/work/pixi_rosdistro/pixi_rosdistro/install/lib/pkgconfig PSModulePath=/home/runner/.local/share/powershell/Modules:${PSModulePath} PYTHONPATH=/home/runner/work/pixi_rosdistro/pixi_rosdistro/install/lib/python3.12/site-packages ROS_DOMAIN_ID=44 /home/runner/work/pixi_rosdistro/pixi_rosdistro/.pixi/envs/default/bin/cmake /home/runner/work/pixi_rosdistro/pixi_rosdistro/src/ros2/rcl/rcl_lifecycle -GNinja --no-warn-unused-cli -DCMAKE_BUILD_TYPE=Release -DCMAKE_BUILD_WITH_INSTALL_RPATH:bool=TRUE -DCMAKE_POLICY_VERSION_MINIMUM=3.5 -Wno-deprecated -DSTACK_DETAILS_AUTO_DETECT:bool=FALSE -DSTACK_DETAILS_BFD:bool=FALSE -DCMAKE_INSTALL_PREFIX=/home/runner/work/pixi_rosdistro/pixi_rosdistro/install
[6.629s] Invoking command in '/home/runner/work/pixi_rosdistro/pixi_rosdistro/build/rcl_lifecycle': AMENT_PREFIX_PATH=/home/runner/work/pixi_rosdistro/pixi_rosdistro/install CMAKE_PREFIX_PATH=/home/runner/work/pixi_rosdistro/pixi_rosdistro/install:${CMAKE_PREFIX_PATH} LD_LIBRARY_PATH=/home/runner/work/pixi_rosdistro/pixi_rosdistro/install/lib PATH=/home/runner/work/pixi_rosdistro/pixi_rosdistro/install/bin:/opt/microsoft/powershell/7:${PATH} PIXI_PROMPT=(ros2_rolling) PKG_CONFIG_PATH=/home/runner/work/pixi_rosdistro/pixi_rosdistro/install/lib/pkgconfig PSModulePath=/home/runner/.local/share/powershell/Modules:${PSModulePath} PYTHONPATH=/home/runner/work/pixi_rosdistro/pixi_rosdistro/install/lib/python3.12/site-packages ROS_DOMAIN_ID=44 /home/runner/work/pixi_rosdistro/pixi_rosdistro/.pixi/envs/default/bin/cmake --build /home/runner/work/pixi_rosdistro/pixi_rosdistro/build/rcl_lifecycle -- -j4 -l4
[6.651s] [1/18] Generating rcl_lifecycle/version.h
[6.867s] [2/18] Building C object CMakeFiles/rcl_lifecycle.dir/src/com_interface.c.o
[7.028s] [3/18] Building C object CMakeFiles/rcl_lifecycle.dir/src/default_state_machine.c.o
[7.180s] [4/18] Building C object CMakeFiles/rcl_lifecycle.dir/src/rcl_lifecycle.c.o
[7.364s] [5/18] Building C object CMakeFiles/rcl_lifecycle.dir/src/transition_map.c.o
[7.870s] [6/18] Building CXX object gtest/CMakeFiles/gtest.dir/src/gtest-all.cc.o
[8.143s] [7/18] Building CXX object gtest/CMakeFiles/gtest_main.dir/src/gtest_main.cc.o
[8.176s] [8/18] Linking C shared library librcl_lifecycle.so
[8.625s] [9/18] Building CXX object CMakeFiles/test_default_state_machine.dir/test/test_default_state_machine.cpp.o
[9.062s] [10/18] Building CXX object CMakeFiles/test_multiple_instances.dir/test/test_multiple_instances.cpp.o
[9.586s] [11/18] Building CXX object CMakeFiles/test_rcl_lifecycle.dir/test/test_rcl_lifecycle.cpp.o
[10.057s] [12/18] Building CXX object CMakeFiles/test_transition_map.dir/test/test_transition_map.cpp.o
[10.074s] [13/18] Linking CXX static library gtest/libgtest.a
[10.082s] [14/18] Linking CXX static library gtest/libgtest_main.a
[10.191s] [15/18] Linking CXX executable test_default_state_machine
[10.313s] [16/18] Linking CXX executable test_multiple_instances
[10.409s] [17/18] Linking CXX executable test_rcl_lifecycle
[10.534s] [18/18] Linking CXX executable test_transition_map
[10.538s] Invoked command in '/home/runner/work/pixi_rosdistro/pixi_rosdistro/build/rcl_lifecycle' returned '0': AMENT_PREFIX_PATH=/home/runner/work/pixi_rosdistro/pixi_rosdistro/install CMAKE_PREFIX_PATH=/home/runner/work/pixi_rosdistro/pixi_rosdistro/install:${CMAKE_PREFIX_PATH} LD_LIBRARY_PATH=/home/runner/work/pixi_rosdistro/pixi_rosdistro/install/lib PATH=/home/runner/work/pixi_rosdistro/pixi_rosdistro/install/bin:/opt/microsoft/powershell/7:${PATH} PIXI_PROMPT=(ros2_rolling) PKG_CONFIG_PATH=/home/runner/work/pixi_rosdistro/pixi_rosdistro/install/lib/pkgconfig PSModulePath=/home/runner/.local/share/powershell/Modules:${PSModulePath} PYTHONPATH=/home/runner/work/pixi_rosdistro/pixi_rosdistro/install/lib/python3.12/site-packages ROS_DOMAIN_ID=44 /home/runner/work/pixi_rosdistro/pixi_rosdistro/.pixi/envs/default/bin/cmake --build /home/runner/work/pixi_rosdistro/pixi_rosdistro/build/rcl_lifecycle -- -j4 -l4
[10.539s] Invoking command in '/home/runner/work/pixi_rosdistro/pixi_rosdistro/build/rcl_lifecycle': AMENT_PREFIX_PATH=/home/runner/work/pixi_rosdistro/pixi_rosdistro/install CMAKE_PREFIX_PATH=/home/runner/work/pixi_rosdistro/pixi_rosdistro/install:${CMAKE_PREFIX_PATH} LD_LIBRARY_PATH=/home/runner/work/pixi_rosdistro/pixi_rosdistro/install/lib PATH=/home/runner/work/pixi_rosdistro/pixi_rosdistro/install/bin:/opt/microsoft/powershell/7:${PATH} PIXI_PROMPT=(ros2_rolling) PKG_CONFIG_PATH=/home/runner/work/pixi_rosdistro/pixi_rosdistro/install/lib/pkgconfig PSModulePath=/home/runner/.local/share/powershell/Modules:${PSModulePath} PYTHONPATH=/home/runner/work/pixi_rosdistro/pixi_rosdistro/install/lib/python3.12/site-packages ROS_DOMAIN_ID=44 /home/runner/work/pixi_rosdistro/pixi_rosdistro/.pixi/envs/default/bin/cmake --install /home/runner/work/pixi_rosdistro/pixi_rosdistro/build/rcl_lifecycle
[10.548s] -- Install configuration: "Release"
[10.548s] -- Installing: /home/runner/work/pixi_rosdistro/pixi_rosdistro/install/lib/librcl_lifecycle.so
[10.550s] -- Installing: /home/runner/work/pixi_rosdistro/pixi_rosdistro/install/share/rcl_lifecycle/environment/library_path.sh
[10.550s] -- Installing: /home/runner/work/pixi_rosdistro/pixi_rosdistro/install/share/rcl_lifecycle/environment/library_path.dsv
[10.550s] -- Installing: /home/runner/work/pixi_rosdistro/pixi_rosdistro/install/include/rcl_lifecycle/rcl_lifecycle/version.h
[10.550s] -- Installing: /home/runner/work/pixi_rosdistro/pixi_rosdistro/install/share/ament_index/resource_index/package_run_dependencies/rcl_lifecycle
[10.550s] -- Installing: /home/runner/work/pixi_rosdistro/pixi_rosdistro/install/share/ament_index/resource_index/parent_prefix_path/rcl_lifecycle
[10.551s] -- Installing: /home/runner/work/pixi_rosdistro/pixi_rosdistro/install/share/rcl_lifecycle/environment/ament_prefix_path.sh
[10.551s] -- Installing: /home/runner/work/pixi_rosdistro/pixi_rosdistro/install/share/rcl_lifecycle/environment/ament_prefix_path.dsv
[10.552s] -- Installing: /home/runner/work/pixi_rosdistro/pixi_rosdistro/install/share/rcl_lifecycle/environment/path.sh
[10.552s] -- Installing: /home/runner/work/pixi_rosdistro/pixi_rosdistro/install/share/rcl_lifecycle/environment/path.dsv
[10.553s] -- Installing: /home/runner/work/pixi_rosdistro/pixi_rosdistro/install/share/rcl_lifecycle/local_setup.bash
[10.555s] -- Installing: /home/runner/work/pixi_rosdistro/pixi_rosdistro/install/share/rcl_lifecycle/local_setup.fish
[10.555s] -- Installing: /home/runner/work/pixi_rosdistro/pixi_rosdistro/install/share/rcl_lifecycle/local_setup.sh
[10.555s] -- Installing: /home/runner/work/pixi_rosdistro/pixi_rosdistro/install/share/rcl_lifecycle/local_setup.zsh
[10.555s] -- Installing: /home/runner/work/pixi_rosdistro/pixi_rosdistro/install/share/rcl_lifecycle/local_setup.dsv
[10.555s] -- Installing: /home/runner/work/pixi_rosdistro/pixi_rosdistro/install/share/rcl_lifecycle/package.dsv
[10.555s] -- Installing: /home/runner/work/pixi_rosdistro/pixi_rosdistro/install/share/ament_index/resource_index/packages/rcl_lifecycle
[10.555s] -- Installing: /home/runner/work/pixi_rosdistro/pixi_rosdistro/install/share/rcl_lifecycle/cmake/rcl_lifecycleExport.cmake
[10.556s] -- Installing: /home/runner/work/pixi_rosdistro/pixi_rosdistro/install/share/rcl_lifecycle/cmake/rcl_lifecycleExport-release.cmake
[10.556s] -- Installing: /home/runner/work/pixi_rosdistro/pixi_rosdistro/install/share/rcl_lifecycle/cmake/ament_cmake_export_include_directories-extras.cmake
[10.557s] -- Installing: /home/runner/work/pixi_rosdistro/pixi_rosdistro/install/share/rcl_lifecycle/cmake/ament_cmake_export_libraries-extras.cmake
[10.557s] -- Installing: /home/runner/work/pixi_rosdistro/pixi_rosdistro/install/share/rcl_lifecycle/cmake/ament_cmake_export_targets-extras.cmake
[10.558s] -- Installing: /home/runner/work/pixi_rosdistro/pixi_rosdistro/install/share/rcl_lifecycle/cmake/ament_cmake_export_dependencies-extras.cmake
[10.558s] -- Installing: /home/runner/work/pixi_rosdistro/pixi_rosdistro/install/share/rcl_lifecycle/cmake/rcl_lifecycleConfig.cmake
[10.558s] -- Installing: /home/runner/work/pixi_rosdistro/pixi_rosdistro/install/share/rcl_lifecycle/cmake/rcl_lifecycleConfig-version.cmake
[10.560s] -- Installing: /home/runner/work/pixi_rosdistro/pixi_rosdistro/install/share/rcl_lifecycle/package.xml
[10.560s] -- Up-to-date: /home/runner/work/pixi_rosdistro/pixi_rosdistro/install/include/rcl_lifecycle
[10.560s] -- Up-to-date: /home/runner/work/pixi_rosdistro/pixi_rosdistro/install/include/rcl_lifecycle/rcl_lifecycle
[10.560s] -- Installing: /home/runner/work/pixi_rosdistro/pixi_rosdistro/install/include/rcl_lifecycle/rcl_lifecycle/rcl_lifecycle.h
[10.560s] -- Installing: /home/runner/work/pixi_rosdistro/pixi_rosdistro/install/include/rcl_lifecycle/rcl_lifecycle/default_state_machine.h
[10.560s] -- Installing: /home/runner/work/pixi_rosdistro/pixi_rosdistro/install/include/rcl_lifecycle/rcl_lifecycle/visibility_control.h
[10.561s] -- Installing: /home/runner/work/pixi_rosdistro/pixi_rosdistro/install/include/rcl_lifecycle/rcl_lifecycle/transition_map.h
[10.561s] -- Installing: /home/runner/work/pixi_rosdistro/pixi_rosdistro/install/include/rcl_lifecycle/rcl_lifecycle/data_types.h
[10.565s] Invoked command in '/home/runner/work/pixi_rosdistro/pixi_rosdistro/build/rcl_lifecycle' returned '0': AMENT_PREFIX_PATH=/home/runner/work/pixi_rosdistro/pixi_rosdistro/install CMAKE_PREFIX_PATH=/home/runner/work/pixi_rosdistro/pixi_rosdistro/install:${CMAKE_PREFIX_PATH} LD_LIBRARY_PATH=/home/runner/work/pixi_rosdistro/pixi_rosdistro/install/lib PATH=/home/runner/work/pixi_rosdistro/pixi_rosdistro/install/bin:/opt/microsoft/powershell/7:${PATH} PIXI_PROMPT=(ros2_rolling) PKG_CONFIG_PATH=/home/runner/work/pixi_rosdistro/pixi_rosdistro/install/lib/pkgconfig PSModulePath=/home/runner/.local/share/powershell/Modules:${PSModulePath} PYTHONPATH=/home/runner/work/pixi_rosdistro/pixi_rosdistro/install/lib/python3.12/site-packages ROS_DOMAIN_ID=44 /home/runner/work/pixi_rosdistro/pixi_rosdistro/.pixi/envs/default/bin/cmake --install /home/runner/work/pixi_rosdistro/pixi_rosdistro/build/rcl_lifecycle
