[16.141s] Invoking command in 'D:\a\pixi_rosdistro\pixi_rosdistro\build\rmw_cyclonedds_cpp': AMENT_PREFIX_PATH=D:\a\pixi_rosdistro\pixi_rosdistro\install CMAKE_PREFIX_PATH=D:\a\pixi_rosdistro\pixi_rosdistro\install;D:\a\pixi_rosdistro\pixi_rosdistro\.pixi\envs\default\Library PATH=D:\a\pixi_rosdistro\pixi_rosdistro\install\Scripts;D:\a\pixi_rosdistro\pixi_rosdistro\install\bin;D:\a\pixi_rosdistro\pixi_rosdistro\install\opt\mimick_vendor\lib;%PATH% PIXI_PROMPT=(ros2_rolling) PKG_CONFIG_PATH=D:\a\pixi_rosdistro\pixi_rosdistro\install\lib\pkgconfig PROMPT=$P$G PYTHONPATH=D:\a\pixi_rosdistro\pixi_rosdistro\install\Lib\site-packages ROS_AUTOMATIC_DISCOVERY_RANGE=SUBNET ROS_PYTHON_VERSION=3 D:\a\pixi_rosdistro\pixi_rosdistro\.pixi\envs\default\Library\bin\cmake.EXE D:\a\pixi_rosdistro\pixi_rosdistro\src\ros2\rmw_cyclonedds\rmw_cyclonedds_cpp -GNinja --no-warn-unused-cli -DCMAKE_BUILD_TYPE=Release -DCMAKE_BUILD_WITH_INSTALL_RPATH:bool=TRUE -DCMAKE_POLICY_VERSION_MINIMUM=3.5 -Wno-deprecated -DSTACK_DETAILS_AUTO_DETECT:bool=FALSE -DSTACK_DETAILS_BFD:bool=FALSE -DCMAKE_INSTALL_PREFIX=D:\a\pixi_rosdistro\pixi_rosdistro\install
[16.461s] Not searching for unused variables given on the command line.
[16.461s] -- The C compiler identification is MSVC 19.44.35225.0
[16.740s] -- The CXX compiler identification is MSVC 19.44.35225.0
[16.760s] -- Detecting C compiler ABI info
[17.399s] -- Detecting C compiler ABI info - done
[17.417s] -- Check for working C compiler: C:/Program Files/Microsoft Visual Studio/2022/Enterprise/VC/Tools/MSVC/14.44.35207/bin/Hostx64/x64/cl.exe - skipped
[17.417s] -- Detecting C compile features
[17.418s] -- Detecting C compile features - done
[17.426s] -- Detecting CXX compiler ABI info
[18.073s] -- Detecting CXX compiler ABI info - done
[18.101s] -- Check for working CXX compiler: C:/Program Files/Microsoft Visual Studio/2022/Enterprise/VC/Tools/MSVC/14.44.35207/bin/Hostx64/x64/cl.exe - skipped
[18.102s] -- Detecting CXX compile features
[18.103s] -- Detecting CXX compile features - done
[18.111s] -- Found ament_cmake_ros_core: 0.15.6 (D:/a/pixi_rosdistro/pixi_rosdistro/install/share/ament_cmake_ros_core/cmake)
[18.819s] -- Found rcutils: 7.0.7 (D:/a/pixi_rosdistro/pixi_rosdistro/install/share/rcutils/cmake)
[18.911s] -- Found rcpputils: 2.14.3 (D:/a/pixi_rosdistro/pixi_rosdistro/install/share/rcpputils/cmake)
[18.923s] -- Found tracetools: 8.10.1 (D:/a/pixi_rosdistro/pixi_rosdistro/install/share/tracetools/cmake)
[18.939s] -- Cyclone DDS is NOT compiled with support for shared memory
[18.942s] -- Found rmw: 7.9.1 (D:/a/pixi_rosdistro/pixi_rosdistro/install/share/rmw/cmake)
[18.991s] -- Found rmw_dds_common: 6.0.0 (D:/a/pixi_rosdistro/pixi_rosdistro/install/share/rmw_dds_common/cmake)
[19.049s] -- Found rosidl_generator_c: 5.1.3 (D:/a/pixi_rosdistro/pixi_rosdistro/install/share/rosidl_generator_c/cmake)
[19.089s] -- Found rosidl_generator_cpp: 5.1.3 (D:/a/pixi_rosdistro/pixi_rosdistro/install/share/rosidl_generator_cpp/cmake)
[19.112s] -- Using all available rosidl_typesupport_c: rosidl_typesupport_fastrtps_c;rosidl_typesupport_introspection_c
[19.163s] -- Using all available rosidl_typesupport_cpp: rosidl_typesupport_fastrtps_cpp;rosidl_typesupport_introspection_cpp
[19.228s] -- Found ament_lint_auto: 0.20.3 (D:/a/pixi_rosdistro/pixi_rosdistro/install/share/ament_lint_auto/cmake)
[19.568s] -- Added test 'copyright' to check source files copyright and LICENSE
[19.572s] -- Added test 'cppcheck' to perform static code analysis on C / C++ code
[19.573s] -- Configured cppcheck include dirs: 
[19.573s] -- Configured cppcheck exclude dirs and/or files: 
[19.581s] -- Added test 'cpplint' to check C / C++ code against the Google style
[19.582s] -- Configured cpplint exclude dirs and/or files: 
[19.588s] -- Added test 'lint_cmake' to check CMake code style
[19.598s] -- Added test 'uncrustify' to check C / C++ code style
[19.598s] -- Configured uncrustify additional arguments: 
[19.603s] -- Added test 'xmllint' to check XML markup files
[19.618s] -- Configuring done (3.4s)
[19.664s] -- Generating done (0.0s)
[19.691s] -- Build files have been written to: D:/a/pixi_rosdistro/pixi_rosdistro/build/rmw_cyclonedds_cpp
[19.704s] Invoked command in 'D:\a\pixi_rosdistro\pixi_rosdistro\build\rmw_cyclonedds_cpp' returned '0': AMENT_PREFIX_PATH=D:\a\pixi_rosdistro\pixi_rosdistro\install CMAKE_PREFIX_PATH=D:\a\pixi_rosdistro\pixi_rosdistro\install;D:\a\pixi_rosdistro\pixi_rosdistro\.pixi\envs\default\Library PATH=D:\a\pixi_rosdistro\pixi_rosdistro\install\Scripts;D:\a\pixi_rosdistro\pixi_rosdistro\install\bin;D:\a\pixi_rosdistro\pixi_rosdistro\install\opt\mimick_vendor\lib;%PATH% PIXI_PROMPT=(ros2_rolling) PKG_CONFIG_PATH=D:\a\pixi_rosdistro\pixi_rosdistro\install\lib\pkgconfig PROMPT=$P$G PYTHONPATH=D:\a\pixi_rosdistro\pixi_rosdistro\install\Lib\site-packages ROS_AUTOMATIC_DISCOVERY_RANGE=SUBNET ROS_PYTHON_VERSION=3 D:\a\pixi_rosdistro\pixi_rosdistro\.pixi\envs\default\Library\bin\cmake.EXE D:\a\pixi_rosdistro\pixi_rosdistro\src\ros2\rmw_cyclonedds\rmw_cyclonedds_cpp -GNinja --no-warn-unused-cli -DCMAKE_BUILD_TYPE=Release -DCMAKE_BUILD_WITH_INSTALL_RPATH:bool=TRUE -DCMAKE_POLICY_VERSION_MINIMUM=3.5 -Wno-deprecated -DSTACK_DETAILS_AUTO_DETECT:bool=FALSE -DSTACK_DETAILS_BFD:bool=FALSE -DCMAKE_INSTALL_PREFIX=D:\a\pixi_rosdistro\pixi_rosdistro\install
[19.706s] Invoking command in 'D:\a\pixi_rosdistro\pixi_rosdistro\build\rmw_cyclonedds_cpp': AMENT_PREFIX_PATH=D:\a\pixi_rosdistro\pixi_rosdistro\install CMAKE_PREFIX_PATH=D:\a\pixi_rosdistro\pixi_rosdistro\install;D:\a\pixi_rosdistro\pixi_rosdistro\.pixi\envs\default\Library PATH=D:\a\pixi_rosdistro\pixi_rosdistro\install\Scripts;D:\a\pixi_rosdistro\pixi_rosdistro\install\bin;D:\a\pixi_rosdistro\pixi_rosdistro\install\opt\mimick_vendor\lib;%PATH% PIXI_PROMPT=(ros2_rolling) PKG_CONFIG_PATH=D:\a\pixi_rosdistro\pixi_rosdistro\install\lib\pkgconfig PROMPT=$P$G PYTHONPATH=D:\a\pixi_rosdistro\pixi_rosdistro\install\Lib\site-packages ROS_AUTOMATIC_DISCOVERY_RANGE=SUBNET ROS_PYTHON_VERSION=3 D:\a\pixi_rosdistro\pixi_rosdistro\.pixi\envs\default\Library\bin\cmake.EXE --build D:\a\pixi_rosdistro\pixi_rosdistro\build\rmw_cyclonedds_cpp -- -j4 -l4
[20.134s] [1/12] Building CXX object CMakeFiles\rmw_cyclonedds_cpp.dir\src\rmw_get_network_flow_endpoints.cpp.obj
[20.996s] [2/12] Building CXX object CMakeFiles\rmw_cyclonedds_cpp.dir\src\serdata.cpp.obj
[21.134s] [3/12] Building CXX object CMakeFiles\rmw_cyclonedds_cpp.dir\src\rmw_node.cpp.obj
[21.478s] [4/12] Building CXX object CMakeFiles\rmw_cyclonedds_cpp.dir\src\serdes.cpp.obj
[21.840s] [5/12] Building CXX object CMakeFiles\rmw_cyclonedds_cpp.dir\src\u16string.cpp.obj
[22.238s] [6/12] Building CXX object CMakeFiles\rmw_cyclonedds_cpp.dir\src\exception.cpp.obj
[22.635s] [7/12] Building CXX object CMakeFiles\rmw_cyclonedds_cpp.dir\src\demangle.cpp.obj
[23.025s] [8/12] Building CXX object CMakeFiles\rmw_cyclonedds_cpp.dir\src\deserialization_exception.cpp.obj
[23.914s] [9/12] Building CXX object CMakeFiles\rmw_cyclonedds_cpp.dir\src\Serialization.cpp.obj
[24.487s] [10/12] Building CXX object CMakeFiles\rmw_cyclonedds_cpp.dir\src\TypeSupport2.cpp.obj
[24.914s] [11/12] Building CXX object CMakeFiles\rmw_cyclonedds_cpp.dir\src\TypeSupport.cpp.obj
[25.129s] [12/12] Linking CXX shared library rmw_cyclonedds_cpp.dll
[25.136s] Invoked command in 'D:\a\pixi_rosdistro\pixi_rosdistro\build\rmw_cyclonedds_cpp' returned '0': AMENT_PREFIX_PATH=D:\a\pixi_rosdistro\pixi_rosdistro\install CMAKE_PREFIX_PATH=D:\a\pixi_rosdistro\pixi_rosdistro\install;D:\a\pixi_rosdistro\pixi_rosdistro\.pixi\envs\default\Library PATH=D:\a\pixi_rosdistro\pixi_rosdistro\install\Scripts;D:\a\pixi_rosdistro\pixi_rosdistro\install\bin;D:\a\pixi_rosdistro\pixi_rosdistro\install\opt\mimick_vendor\lib;%PATH% PIXI_PROMPT=(ros2_rolling) PKG_CONFIG_PATH=D:\a\pixi_rosdistro\pixi_rosdistro\install\lib\pkgconfig PROMPT=$P$G PYTHONPATH=D:\a\pixi_rosdistro\pixi_rosdistro\install\Lib\site-packages ROS_AUTOMATIC_DISCOVERY_RANGE=SUBNET ROS_PYTHON_VERSION=3 D:\a\pixi_rosdistro\pixi_rosdistro\.pixi\envs\default\Library\bin\cmake.EXE --build D:\a\pixi_rosdistro\pixi_rosdistro\build\rmw_cyclonedds_cpp -- -j4 -l4
[25.138s] Invoking command in 'D:\a\pixi_rosdistro\pixi_rosdistro\build\rmw_cyclonedds_cpp': AMENT_PREFIX_PATH=D:\a\pixi_rosdistro\pixi_rosdistro\install CMAKE_PREFIX_PATH=D:\a\pixi_rosdistro\pixi_rosdistro\install;D:\a\pixi_rosdistro\pixi_rosdistro\.pixi\envs\default\Library PATH=D:\a\pixi_rosdistro\pixi_rosdistro\install\Scripts;D:\a\pixi_rosdistro\pixi_rosdistro\install\bin;D:\a\pixi_rosdistro\pixi_rosdistro\install\opt\mimick_vendor\lib;%PATH% PIXI_PROMPT=(ros2_rolling) PKG_CONFIG_PATH=D:\a\pixi_rosdistro\pixi_rosdistro\install\lib\pkgconfig PROMPT=$P$G PYTHONPATH=D:\a\pixi_rosdistro\pixi_rosdistro\install\Lib\site-packages ROS_AUTOMATIC_DISCOVERY_RANGE=SUBNET ROS_PYTHON_VERSION=3 D:\a\pixi_rosdistro\pixi_rosdistro\.pixi\envs\default\Library\bin\cmake.EXE --install D:\a\pixi_rosdistro\pixi_rosdistro\build\rmw_cyclonedds_cpp
[25.169s] -- Install configuration: "Release"
[25.170s] -- Installing: D:/a/pixi_rosdistro/pixi_rosdistro/install/share/ament_index/resource_index/rmw_typesupport_c/rmw_cyclonedds_cpp
[25.171s] -- Installing: D:/a/pixi_rosdistro/pixi_rosdistro/install/share/ament_index/resource_index/rmw_typesupport_cpp/rmw_cyclonedds_cpp
[25.173s] -- Installing: D:/a/pixi_rosdistro/pixi_rosdistro/install/share/ament_index/resource_index/rmw_typesupport/rmw_cyclonedds_cpp
[25.174s] -- Installing: D:/a/pixi_rosdistro/pixi_rosdistro/install/share/ament_index/resource_index/package_run_dependencies/rmw_cyclonedds_cpp
[25.175s] -- Installing: D:/a/pixi_rosdistro/pixi_rosdistro/install/share/ament_index/resource_index/parent_prefix_path/rmw_cyclonedds_cpp
[25.176s] -- Installing: D:/a/pixi_rosdistro/pixi_rosdistro/install/share/rmw_cyclonedds_cpp/environment/ament_prefix_path.bat
[25.177s] -- Installing: D:/a/pixi_rosdistro/pixi_rosdistro/install/share/rmw_cyclonedds_cpp/environment/ament_prefix_path.dsv
[25.178s] -- Installing: D:/a/pixi_rosdistro/pixi_rosdistro/install/share/rmw_cyclonedds_cpp/environment/path.bat
[25.179s] -- Installing: D:/a/pixi_rosdistro/pixi_rosdistro/install/share/rmw_cyclonedds_cpp/environment/path.dsv
[25.180s] -- Installing: D:/a/pixi_rosdistro/pixi_rosdistro/install/share/rmw_cyclonedds_cpp/local_setup.bat
[25.181s] -- Installing: D:/a/pixi_rosdistro/pixi_rosdistro/install/share/rmw_cyclonedds_cpp/local_setup.dsv
[25.182s] -- Installing: D:/a/pixi_rosdistro/pixi_rosdistro/install/share/rmw_cyclonedds_cpp/package.dsv
[25.183s] -- Installing: D:/a/pixi_rosdistro/pixi_rosdistro/install/share/ament_index/resource_index/packages/rmw_cyclonedds_cpp
[25.185s] -- Installing: D:/a/pixi_rosdistro/pixi_rosdistro/install/share/rmw_cyclonedds_cpp/cmake/export_rmw_cyclonedds_cppExport.cmake
[25.186s] -- Installing: D:/a/pixi_rosdistro/pixi_rosdistro/install/share/rmw_cyclonedds_cpp/cmake/export_rmw_cyclonedds_cppExport-release.cmake
[25.187s] -- Installing: D:/a/pixi_rosdistro/pixi_rosdistro/install/share/rmw_cyclonedds_cpp/cmake/ament_cmake_export_dependencies-extras.cmake
[25.188s] -- Installing: D:/a/pixi_rosdistro/pixi_rosdistro/install/share/rmw_cyclonedds_cpp/cmake/ament_cmake_export_targets-extras.cmake
[25.189s] -- Installing: D:/a/pixi_rosdistro/pixi_rosdistro/install/share/rmw_cyclonedds_cpp/cmake/rmw_cyclonedds_cppConfig.cmake
[25.190s] -- Installing: D:/a/pixi_rosdistro/pixi_rosdistro/install/share/rmw_cyclonedds_cpp/cmake/rmw_cyclonedds_cppConfig-version.cmake
[25.191s] -- Installing: D:/a/pixi_rosdistro/pixi_rosdistro/install/share/rmw_cyclonedds_cpp/package.xml
[25.192s] -- Installing: D:/a/pixi_rosdistro/pixi_rosdistro/install/lib/rmw_cyclonedds_cpp.lib
[25.193s] -- Installing: D:/a/pixi_rosdistro/pixi_rosdistro/install/bin/rmw_cyclonedds_cpp.dll
[25.196s] -- Installing: D:/a/pixi_rosdistro/pixi_rosdistro/install/share/ament_index/resource_index/rmw_output_patterns/rmw_cyclonedds_cpp
[25.206s] Invoked command in 'D:\a\pixi_rosdistro\pixi_rosdistro\build\rmw_cyclonedds_cpp' returned '0': AMENT_PREFIX_PATH=D:\a\pixi_rosdistro\pixi_rosdistro\install CMAKE_PREFIX_PATH=D:\a\pixi_rosdistro\pixi_rosdistro\install;D:\a\pixi_rosdistro\pixi_rosdistro\.pixi\envs\default\Library PATH=D:\a\pixi_rosdistro\pixi_rosdistro\install\Scripts;D:\a\pixi_rosdistro\pixi_rosdistro\install\bin;D:\a\pixi_rosdistro\pixi_rosdistro\install\opt\mimick_vendor\lib;%PATH% PIXI_PROMPT=(ros2_rolling) PKG_CONFIG_PATH=D:\a\pixi_rosdistro\pixi_rosdistro\install\lib\pkgconfig PROMPT=$P$G PYTHONPATH=D:\a\pixi_rosdistro\pixi_rosdistro\install\Lib\site-packages ROS_AUTOMATIC_DISCOVERY_RANGE=SUBNET ROS_PYTHON_VERSION=3 D:\a\pixi_rosdistro\pixi_rosdistro\.pixi\envs\default\Library\bin\cmake.EXE --install D:\a\pixi_rosdistro\pixi_rosdistro\build\rmw_cyclonedds_cpp
