[1.695s] Invoking command in '/home/runner/work/pixi_rosdistro/pixi_rosdistro/build/foonathan_memory_vendor': AMENT_PREFIX_PATH=/home/runner/work/pixi_rosdistro/pixi_rosdistro/install CMAKE_PREFIX_PATH=/home/runner/work/pixi_rosdistro/pixi_rosdistro/install:${CMAKE_PREFIX_PATH} LD_LIBRARY_PATH=/home/runner/work/pixi_rosdistro/pixi_rosdistro/install/lib PATH=/home/runner/work/pixi_rosdistro/pixi_rosdistro/install/bin:/opt/microsoft/powershell/7:${PATH} PIXI_PROMPT=(ros2_rolling) PSModulePath=/home/runner/.local/share/powershell/Modules:${PSModulePath} PYTHONPATH=/home/runner/work/pixi_rosdistro/pixi_rosdistro/install/lib/python3.12/site-packages ROS_DOMAIN_ID=96 /home/runner/work/pixi_rosdistro/pixi_rosdistro/.pixi/envs/default/bin/cmake /home/runner/work/pixi_rosdistro/pixi_rosdistro/src/eProsima/foonathan_memory_vendor -GNinja --no-warn-unused-cli -DCMAKE_BUILD_TYPE=Release -DCMAKE_BUILD_WITH_INSTALL_RPATH:bool=TRUE -DCMAKE_POLICY_VERSION_MINIMUM=3.5 -Wno-deprecated -DSTACK_DETAILS_AUTO_DETECT:bool=FALSE -DSTACK_DETAILS_BFD:bool=FALSE -DCMAKE_INSTALL_PREFIX=/home/runner/work/pixi_rosdistro/pixi_rosdistro/install
[1.781s] Not searching for unused variables given on the command line.
[1.781s] -- The C compiler identification is GNU 14.3.0
[1.908s] -- The CXX compiler identification is GNU 14.3.0
[1.922s] -- Detecting C compiler ABI info
[2.073s] -- Detecting C compiler ABI info - done
[2.107s] -- Check for working C compiler: /home/runner/work/pixi_rosdistro/pixi_rosdistro/.pixi/envs/default/bin/x86_64-conda-linux-gnu-cc - skipped
[2.108s] -- Detecting C compile features
[2.108s] -- Detecting C compile features - done
[2.129s] -- Detecting CXX compiler ABI info
[2.292s] -- Detecting CXX compiler ABI info - done
[2.328s] -- Check for working CXX compiler: /home/runner/work/pixi_rosdistro/pixi_rosdistro/.pixi/envs/default/bin/x86_64-conda-linux-gnu-c++ - skipped
[2.328s] -- Detecting CXX compile features
[2.330s] -- Detecting CXX compile features - done
[2.377s] foonathan_memory not found.
[2.736s] -- Configuring done (1.0s)
[2.753s] -- Generating done (0.0s)
[2.754s] -- Build files have been written to: /home/runner/work/pixi_rosdistro/pixi_rosdistro/build/foonathan_memory_vendor
[2.763s] Invoked command in '/home/runner/work/pixi_rosdistro/pixi_rosdistro/build/foonathan_memory_vendor' returned '0': AMENT_PREFIX_PATH=/home/runner/work/pixi_rosdistro/pixi_rosdistro/install CMAKE_PREFIX_PATH=/home/runner/work/pixi_rosdistro/pixi_rosdistro/install:${CMAKE_PREFIX_PATH} LD_LIBRARY_PATH=/home/runner/work/pixi_rosdistro/pixi_rosdistro/install/lib PATH=/home/runner/work/pixi_rosdistro/pixi_rosdistro/install/bin:/opt/microsoft/powershell/7:${PATH} PIXI_PROMPT=(ros2_rolling) PSModulePath=/home/runner/.local/share/powershell/Modules:${PSModulePath} PYTHONPATH=/home/runner/work/pixi_rosdistro/pixi_rosdistro/install/lib/python3.12/site-packages ROS_DOMAIN_ID=96 /home/runner/work/pixi_rosdistro/pixi_rosdistro/.pixi/envs/default/bin/cmake /home/runner/work/pixi_rosdistro/pixi_rosdistro/src/eProsima/foonathan_memory_vendor -GNinja --no-warn-unused-cli -DCMAKE_BUILD_TYPE=Release -DCMAKE_BUILD_WITH_INSTALL_RPATH:bool=TRUE -DCMAKE_POLICY_VERSION_MINIMUM=3.5 -Wno-deprecated -DSTACK_DETAILS_AUTO_DETECT:bool=FALSE -DSTACK_DETAILS_BFD:bool=FALSE -DCMAKE_INSTALL_PREFIX=/home/runner/work/pixi_rosdistro/pixi_rosdistro/install
[2.764s] Invoking command in '/home/runner/work/pixi_rosdistro/pixi_rosdistro/build/foonathan_memory_vendor': AMENT_PREFIX_PATH=/home/runner/work/pixi_rosdistro/pixi_rosdistro/install CMAKE_PREFIX_PATH=/home/runner/work/pixi_rosdistro/pixi_rosdistro/install:${CMAKE_PREFIX_PATH} LD_LIBRARY_PATH=/home/runner/work/pixi_rosdistro/pixi_rosdistro/install/lib PATH=/home/runner/work/pixi_rosdistro/pixi_rosdistro/install/bin:/opt/microsoft/powershell/7:${PATH} PIXI_PROMPT=(ros2_rolling) PSModulePath=/home/runner/.local/share/powershell/Modules:${PSModulePath} PYTHONPATH=/home/runner/work/pixi_rosdistro/pixi_rosdistro/install/lib/python3.12/site-packages ROS_DOMAIN_ID=96 /home/runner/work/pixi_rosdistro/pixi_rosdistro/.pixi/envs/default/bin/cmake --build /home/runner/work/pixi_rosdistro/pixi_rosdistro/build/foonathan_memory_vendor -- -j4 -l4
[2.800s] [1/8] Creating directories for 'foo_mem-ext'
[3.406s] [2/8] Performing download step (git clone) for 'foo_mem-ext'
[3.406s] Cloning into 'foo_mem-ext'...
[3.406s] HEAD is now at 1de8562 Avoid using `__func__`
[3.419s] [3/8] No update step for 'foo_mem-ext'
[3.438s] [4/8] No patch step for 'foo_mem-ext'
[22.851s] [5/8] Performing configure step for 'foo_mem-ext'
[22.853s] -- The C compiler identification is GNU 14.3.0
[22.853s] -- The CXX compiler identification is GNU 14.3.0
[22.854s] -- Detecting C compiler ABI info
[22.854s] -- Detecting C compiler ABI info - done
[22.854s] -- Check for working C compiler: /home/runner/work/pixi_rosdistro/pixi_rosdistro/.pixi/envs/default/bin/x86_64-conda-linux-gnu-cc - skipped
[22.854s] -- Detecting C compile features
[22.854s] -- Detecting C compile features - done
[22.854s] -- Detecting CXX compiler ABI info
[22.854s] -- Detecting CXX compiler ABI info - done
[22.854s] -- Check for working CXX compiler: /home/runner/work/pixi_rosdistro/pixi_rosdistro/.pixi/envs/default/bin/x86_64-conda-linux-gnu-c++ - skipped
[22.854s] -- Detecting CXX compile features
[22.854s] -- Detecting CXX compile features - done
[22.855s] -- Performing Test HAVE_CXX_ATOMIC_NOFLAG
[22.855s] -- Performing Test HAVE_CXX_ATOMIC_NOFLAG - Success
[22.855s] -- Getting container node sizes
[22.855s] -- Configuring done (19.4s)
[22.855s] -- Generating done (0.0s)
[22.855s] -- Build files have been written to: /home/runner/work/pixi_rosdistro/pixi_rosdistro/build/foonathan_memory_vendor/foo_mem-ext-prefix/src/foo_mem-ext-build
[24.196s] [6/8] Performing build step for 'foo_mem-ext'
[24.196s] [1/22] Building CXX object src/CMakeFiles/foonathan_memory.dir/detail/align.cpp.o
[24.196s] [2/22] Building CXX object src/CMakeFiles/foonathan_memory.dir/detail/free_list_array.cpp.o
[24.196s] [3/22] Building CXX object src/CMakeFiles/foonathan_memory.dir/detail/debug_helpers.cpp.o
[24.196s] [4/22] Building CXX object src/CMakeFiles/foonathan_memory.dir/detail/assert.cpp.o
[24.196s] [5/22] Building CXX object src/CMakeFiles/foonathan_memory.dir/detail/small_free_list.cpp.o
[24.196s] [6/22] Building CXX object src/CMakeFiles/foonathan_memory.dir/debugging.cpp.o
[24.196s] [7/22] Building CXX object src/CMakeFiles/foonathan_memory.dir/detail/free_list.cpp.o
[24.196s] [8/22] Building CXX object src/CMakeFiles/foonathan_memory.dir/error.cpp.o
[24.197s] [9/22] Building CXX object src/CMakeFiles/foonathan_memory.dir/memory_arena.cpp.o
[24.197s] [10/22] Building CXX object src/CMakeFiles/foonathan_memory.dir/heap_allocator.cpp.o
[24.197s] [11/22] Building CXX object src/CMakeFiles/foonathan_memory.dir/iteration_allocator.cpp.o
[24.197s] [12/22] Building CXX object src/CMakeFiles/foonathan_memory.dir/malloc_allocator.cpp.o
[24.197s] [13/22] Building CXX object src/CMakeFiles/foonathan_memory.dir/memory_pool.cpp.o
[24.197s] [14/22] Building CXX object src/CMakeFiles/foonathan_memory.dir/memory_pool_collection.cpp.o
[24.197s] [15/22] Building CXX object src/CMakeFiles/foonathan_memory.dir/memory_stack.cpp.o
[24.197s] [16/22] Building CXX object src/CMakeFiles/foonathan_memory.dir/new_allocator.cpp.o
[24.197s] [17/22] Building CXX object src/CMakeFiles/foonathan_memory.dir/static_allocator.cpp.o
[24.198s] [18/22] Building CXX object src/CMakeFiles/foonathan_memory.dir/temporary_allocator.cpp.o
[24.198s] [19/22] Building CXX object src/CMakeFiles/foonathan_memory.dir/virtual_memory.cpp.o
[24.198s] [20/22] Linking CXX static library src/libfoonathan_memory-0.7.4.a
[24.198s] [21/22] Building CXX object tool/CMakeFiles/foonathan_memory_node_size_debugger.dir/node_size_debugger.cpp.o
[24.198s] [22/22] Linking CXX executable tool/nodesize_dbg
[24.239s] [7/8] Performing install step for 'foo_mem-ext'
[24.240s] [0/1] Install the project...
[24.240s] -- Install configuration: "Release"
[24.240s] -- Installing: /home/runner/work/pixi_rosdistro/pixi_rosdistro/build/foonathan_memory_vendor/foo_mem_ext_prj_install/lib/libfoonathan_memory-0.7.4.a
[24.240s] -- Installing: /home/runner/work/pixi_rosdistro/pixi_rosdistro/build/foonathan_memory_vendor/foo_mem_ext_prj_install/include/foonathan/memory/config_impl.hpp
[24.240s] -- Installing: /home/runner/work/pixi_rosdistro/pixi_rosdistro/build/foonathan_memory_vendor/foo_mem_ext_prj_install/include/foonathan/memory/detail/container_node_sizes_impl.hpp
[24.240s] -- Installing: /home/runner/work/pixi_rosdistro/pixi_rosdistro/build/foonathan_memory_vendor/foo_mem_ext_prj_install/include/foonathan/memory/aligned_allocator.hpp
[24.240s] -- Installing: /home/runner/work/pixi_rosdistro/pixi_rosdistro/build/foonathan_memory_vendor/foo_mem_ext_prj_install/include/foonathan/memory/allocator_storage.hpp
[24.241s] -- Installing: /home/runner/work/pixi_rosdistro/pixi_rosdistro/build/foonathan_memory_vendor/foo_mem_ext_prj_install/include/foonathan/memory/allocator_traits.hpp
[24.241s] -- Installing: /home/runner/work/pixi_rosdistro/pixi_rosdistro/build/foonathan_memory_vendor/foo_mem_ext_prj_install/include/foonathan/memory/config.hpp
[24.241s] -- Installing: /home/runner/work/pixi_rosdistro/pixi_rosdistro/build/foonathan_memory_vendor/foo_mem_ext_prj_install/include/foonathan/memory/container.hpp
[24.241s] -- Installing: /home/runner/work/pixi_rosdistro/pixi_rosdistro/build/foonathan_memory_vendor/foo_mem_ext_prj_install/include/foonathan/memory/debugging.hpp
[24.241s] -- Installing: /home/runner/work/pixi_rosdistro/pixi_rosdistro/build/foonathan_memory_vendor/foo_mem_ext_prj_install/include/foonathan/memory/default_allocator.hpp
[24.241s] -- Installing: /home/runner/work/pixi_rosdistro/pixi_rosdistro/build/foonathan_memory_vendor/foo_mem_ext_prj_install/include/foonathan/memory/deleter.hpp
[24.241s] -- Installing: /home/runner/work/pixi_rosdistro/pixi_rosdistro/build/foonathan_memory_vendor/foo_mem_ext_prj_install/include/foonathan/memory/error.hpp
[24.241s] -- Installing: /home/runner/work/pixi_rosdistro/pixi_rosdistro/build/foonathan_memory_vendor/foo_mem_ext_prj_install/include/foonathan/memory/fallback_allocator.hpp
[24.241s] -- Installing: /home/runner/work/pixi_rosdistro/pixi_rosdistro/build/foonathan_memory_vendor/foo_mem_ext_prj_install/include/foonathan/memory/malloc_allocator.hpp
[24.241s] -- Installing: /home/runner/work/pixi_rosdistro/pixi_rosdistro/build/foonathan_memory_vendor/foo_mem_ext_prj_install/include/foonathan/memory/heap_allocator.hpp
[24.241s] -- Installing: /home/runner/work/pixi_rosdistro/pixi_rosdistro/build/foonathan_memory_vendor/foo_mem_ext_prj_install/include/foonathan/memory/iteration_allocator.hpp
[24.242s] -- Installing: /home/runner/work/pixi_rosdistro/pixi_rosdistro/build/foonathan_memory_vendor/foo_mem_ext_prj_install/include/foonathan/memory/joint_allocator.hpp
[24.242s] -- Installing: /home/runner/work/pixi_rosdistro/pixi_rosdistro/build/foonathan_memory_vendor/foo_mem_ext_prj_install/include/foonathan/memory/memory_arena.hpp
[24.242s] -- Installing: /home/runner/work/pixi_rosdistro/pixi_rosdistro/build/foonathan_memory_vendor/foo_mem_ext_prj_install/include/foonathan/memory/memory_pool.hpp
[24.242s] -- Installing: /home/runner/work/pixi_rosdistro/pixi_rosdistro/build/foonathan_memory_vendor/foo_mem_ext_prj_install/include/foonathan/memory/memory_pool_collection.hpp
[24.242s] -- Installing: /home/runner/work/pixi_rosdistro/pixi_rosdistro/build/foonathan_memory_vendor/foo_mem_ext_prj_install/include/foonathan/memory/memory_pool_type.hpp
[24.242s] -- Installing: /home/runner/work/pixi_rosdistro/pixi_rosdistro/build/foonathan_memory_vendor/foo_mem_ext_prj_install/include/foonathan/memory/memory_resource_adapter.hpp
[24.244s] -- Installing: /home/runner/work/pixi_rosdistro/pixi_rosdistro/build/foonathan_memory_vendor/foo_mem_ext_prj_install/include/foonathan/memory/memory_stack.hpp
[24.245s] -- Installing: /home/runner/work/pixi_rosdistro/pixi_rosdistro/build/foonathan_memory_vendor/foo_mem_ext_prj_install/include/foonathan/memory/namespace_alias.hpp
[24.245s] -- Installing: /home/runner/work/pixi_rosdistro/pixi_rosdistro/build/foonathan_memory_vendor/foo_mem_ext_prj_install/include/foonathan/memory/new_allocator.hpp
[24.245s] -- Installing: /home/runner/work/pixi_rosdistro/pixi_rosdistro/build/foonathan_memory_vendor/foo_mem_ext_prj_install/include/foonathan/memory/segregator.hpp
[24.245s] -- Installing: /home/runner/work/pixi_rosdistro/pixi_rosdistro/build/foonathan_memory_vendor/foo_mem_ext_prj_install/include/foonathan/memory/smart_ptr.hpp
[24.245s] -- Installing: /home/runner/work/pixi_rosdistro/pixi_rosdistro/build/foonathan_memory_vendor/foo_mem_ext_prj_install/include/foonathan/memory/static_allocator.hpp
[24.245s] -- Installing: /home/runner/work/pixi_rosdistro/pixi_rosdistro/build/foonathan_memory_vendor/foo_mem_ext_prj_install/include/foonathan/memory/std_allocator.hpp
[24.245s] -- Installing: /home/runner/work/pixi_rosdistro/pixi_rosdistro/build/foonathan_memory_vendor/foo_mem_ext_prj_install/include/foonathan/memory/temporary_allocator.hpp
[24.245s] -- Installing: /home/runner/work/pixi_rosdistro/pixi_rosdistro/build/foonathan_memory_vendor/foo_mem_ext_prj_install/include/foonathan/memory/threading.hpp
[24.245s] -- Installing: /home/runner/work/pixi_rosdistro/pixi_rosdistro/build/foonathan_memory_vendor/foo_mem_ext_prj_install/include/foonathan/memory/tracking.hpp
[24.245s] -- Installing: /home/runner/work/pixi_rosdistro/pixi_rosdistro/build/foonathan_memory_vendor/foo_mem_ext_prj_install/include/foonathan/memory/virtual_memory.hpp
[24.245s] -- Installing: /home/runner/work/pixi_rosdistro/pixi_rosdistro/build/foonathan_memory_vendor/foo_mem_ext_prj_install/include/foonathan/memory/container_node_sizes_impl.hpp
[24.246s] -- Installing: /home/runner/work/pixi_rosdistro/pixi_rosdistro/build/foonathan_memory_vendor/foo_mem_ext_prj_install/include/foonathan/memory/detail/align.hpp
[24.246s] -- Installing: /home/runner/work/pixi_rosdistro/pixi_rosdistro/build/foonathan_memory_vendor/foo_mem_ext_prj_install/include/foonathan/memory/detail/assert.hpp
[24.246s] -- Installing: /home/runner/work/pixi_rosdistro/pixi_rosdistro/build/foonathan_memory_vendor/foo_mem_ext_prj_install/include/foonathan/memory/detail/container_node_sizes.hpp
[24.246s] -- Installing: /home/runner/work/pixi_rosdistro/pixi_rosdistro/build/foonathan_memory_vendor/foo_mem_ext_prj_install/include/foonathan/memory/detail/debug_helpers.hpp
[24.246s] -- Installing: /home/runner/work/pixi_rosdistro/pixi_rosdistro/build/foonathan_memory_vendor/foo_mem_ext_prj_install/include/foonathan/memory/detail/ebo_storage.hpp
[24.246s] -- Installing: /home/runner/work/pixi_rosdistro/pixi_rosdistro/build/foonathan_memory_vendor/foo_mem_ext_prj_install/include/foonathan/memory/detail/free_list.hpp
[24.246s] -- Installing: /home/runner/work/pixi_rosdistro/pixi_rosdistro/build/foonathan_memory_vendor/foo_mem_ext_prj_install/include/foonathan/memory/detail/free_list_array.hpp
[24.246s] -- Installing: /home/runner/work/pixi_rosdistro/pixi_rosdistro/build/foonathan_memory_vendor/foo_mem_ext_prj_install/include/foonathan/memory/detail/ilog2.hpp
[24.246s] -- Installing: /home/runner/work/pixi_rosdistro/pixi_rosdistro/build/foonathan_memory_vendor/foo_mem_ext_prj_install/include/foonathan/memory/detail/lowlevel_allocator.hpp
[24.246s] -- Installing: /home/runner/work/pixi_rosdistro/pixi_rosdistro/build/foonathan_memory_vendor/foo_mem_ext_prj_install/include/foonathan/memory/detail/memory_stack.hpp
[24.246s] -- Installing: /home/runner/work/pixi_rosdistro/pixi_rosdistro/build/foonathan_memory_vendor/foo_mem_ext_prj_install/include/foonathan/memory/detail/small_free_list.hpp
[24.247s] -- Installing: /home/runner/work/pixi_rosdistro/pixi_rosdistro/build/foonathan_memory_vendor/foo_mem_ext_prj_install/include/foonathan/memory/detail/utility.hpp
[24.247s] -- Installing: /home/runner/work/pixi_rosdistro/pixi_rosdistro/build/foonathan_memory_vendor/foo_mem_ext_prj_install/lib/foonathan_memory/cmake/foonathan_memory-config-version.cmake
[24.247s] -- Installing: /home/runner/work/pixi_rosdistro/pixi_rosdistro/build/foonathan_memory_vendor/foo_mem_ext_prj_install/bin/nodesize_dbg
[24.247s] -- Installing: /home/runner/work/pixi_rosdistro/pixi_rosdistro/build/foonathan_memory_vendor/foo_mem_ext_prj_install/share/foonathan_memory/LICENSE
[24.247s] -- Installing: /home/runner/work/pixi_rosdistro/pixi_rosdistro/build/foonathan_memory_vendor/foo_mem_ext_prj_install/share/foonathan_memory/README.md
[24.247s] -- Installing: /home/runner/work/pixi_rosdistro/pixi_rosdistro/build/foonathan_memory_vendor/foo_mem_ext_prj_install/lib/foonathan_memory/cmake/foonathan_memory-config.cmake
[24.247s] -- Installing: /home/runner/work/pixi_rosdistro/pixi_rosdistro/build/foonathan_memory_vendor/foo_mem_ext_prj_install/lib/foonathan_memory/cmake/foonathan_memory-config-release.cmake
[24.266s] [8/8] Completed 'foo_mem-ext'
[24.269s] Invoked command in '/home/runner/work/pixi_rosdistro/pixi_rosdistro/build/foonathan_memory_vendor' returned '0': AMENT_PREFIX_PATH=/home/runner/work/pixi_rosdistro/pixi_rosdistro/install CMAKE_PREFIX_PATH=/home/runner/work/pixi_rosdistro/pixi_rosdistro/install:${CMAKE_PREFIX_PATH} LD_LIBRARY_PATH=/home/runner/work/pixi_rosdistro/pixi_rosdistro/install/lib PATH=/home/runner/work/pixi_rosdistro/pixi_rosdistro/install/bin:/opt/microsoft/powershell/7:${PATH} PIXI_PROMPT=(ros2_rolling) PSModulePath=/home/runner/.local/share/powershell/Modules:${PSModulePath} PYTHONPATH=/home/runner/work/pixi_rosdistro/pixi_rosdistro/install/lib/python3.12/site-packages ROS_DOMAIN_ID=96 /home/runner/work/pixi_rosdistro/pixi_rosdistro/.pixi/envs/default/bin/cmake --build /home/runner/work/pixi_rosdistro/pixi_rosdistro/build/foonathan_memory_vendor -- -j4 -l4
[24.270s] Invoking command in '/home/runner/work/pixi_rosdistro/pixi_rosdistro/build/foonathan_memory_vendor': AMENT_PREFIX_PATH=/home/runner/work/pixi_rosdistro/pixi_rosdistro/install CMAKE_PREFIX_PATH=/home/runner/work/pixi_rosdistro/pixi_rosdistro/install:${CMAKE_PREFIX_PATH} LD_LIBRARY_PATH=/home/runner/work/pixi_rosdistro/pixi_rosdistro/install/lib PATH=/home/runner/work/pixi_rosdistro/pixi_rosdistro/install/bin:/opt/microsoft/powershell/7:${PATH} PIXI_PROMPT=(ros2_rolling) PSModulePath=/home/runner/.local/share/powershell/Modules:${PSModulePath} PYTHONPATH=/home/runner/work/pixi_rosdistro/pixi_rosdistro/install/lib/python3.12/site-packages ROS_DOMAIN_ID=96 /home/runner/work/pixi_rosdistro/pixi_rosdistro/.pixi/envs/default/bin/cmake --install /home/runner/work/pixi_rosdistro/pixi_rosdistro/build/foonathan_memory_vendor
[24.282s] -- Install configuration: "Release"
[24.282s] -- Up-to-date: /home/runner/work/pixi_rosdistro/pixi_rosdistro/install
[24.282s] -- Up-to-date: /home/runner/work/pixi_rosdistro/pixi_rosdistro/install/share
[24.282s] -- Installing: /home/runner/work/pixi_rosdistro/pixi_rosdistro/install/share/foonathan_memory
[24.282s] -- Installing: /home/runner/work/pixi_rosdistro/pixi_rosdistro/install/share/foonathan_memory/LICENSE
[24.282s] -- Installing: /home/runner/work/pixi_rosdistro/pixi_rosdistro/install/share/foonathan_memory/README.md
[24.282s] -- Up-to-date: /home/runner/work/pixi_rosdistro/pixi_rosdistro/install/include
[24.282s] -- Installing: /home/runner/work/pixi_rosdistro/pixi_rosdistro/install/include/foonathan
[24.282s] -- Installing: /home/runner/work/pixi_rosdistro/pixi_rosdistro/install/include/foonathan/memory
[24.282s] -- Installing: /home/runner/work/pixi_rosdistro/pixi_rosdistro/install/include/foonathan/memory/namespace_alias.hpp
[24.282s] -- Installing: /home/runner/work/pixi_rosdistro/pixi_rosdistro/install/include/foonathan/memory/tracking.hpp
[24.283s] -- Installing: /home/runner/work/pixi_rosdistro/pixi_rosdistro/install/include/foonathan/memory/allocator_storage.hpp
[24.283s] -- Installing: /home/runner/work/pixi_rosdistro/pixi_rosdistro/install/include/foonathan/memory/container.hpp
[24.283s] -- Installing: /home/runner/work/pixi_rosdistro/pixi_rosdistro/install/include/foonathan/memory/deleter.hpp
[24.283s] -- Installing: /home/runner/work/pixi_rosdistro/pixi_rosdistro/install/include/foonathan/memory/smart_ptr.hpp
[24.283s] -- Installing: /home/runner/work/pixi_rosdistro/pixi_rosdistro/install/include/foonathan/memory/container_node_sizes_impl.hpp
[24.283s] -- Installing: /home/runner/work/pixi_rosdistro/pixi_rosdistro/install/include/foonathan/memory/allocator_traits.hpp
[24.283s] -- Installing: /home/runner/work/pixi_rosdistro/pixi_rosdistro/install/include/foonathan/memory/config.hpp
[24.284s] -- Installing: /home/runner/work/pixi_rosdistro/pixi_rosdistro/install/include/foonathan/memory/fallback_allocator.hpp
[24.284s] -- Installing: /home/runner/work/pixi_rosdistro/pixi_rosdistro/install/include/foonathan/memory/config_impl.hpp
[24.284s] -- Installing: /home/runner/work/pixi_rosdistro/pixi_rosdistro/install/include/foonathan/memory/memory_arena.hpp
[24.285s] -- Installing: /home/runner/work/pixi_rosdistro/pixi_rosdistro/install/include/foonathan/memory/segregator.hpp
[24.285s] -- Installing: /home/runner/work/pixi_rosdistro/pixi_rosdistro/install/include/foonathan/memory/memory_pool_type.hpp
[24.285s] -- Installing: /home/runner/work/pixi_rosdistro/pixi_rosdistro/install/include/foonathan/memory/joint_allocator.hpp
[24.286s] -- Installing: /home/runner/work/pixi_rosdistro/pixi_rosdistro/install/include/foonathan/memory/temporary_allocator.hpp
[24.286s] -- Installing: /home/runner/work/pixi_rosdistro/pixi_rosdistro/install/include/foonathan/memory/memory_pool.hpp
[24.287s] -- Installing: /home/runner/work/pixi_rosdistro/pixi_rosdistro/install/include/foonathan/memory/threading.hpp
[24.287s] -- Installing: /home/runner/work/pixi_rosdistro/pixi_rosdistro/install/include/foonathan/memory/debugging.hpp
[24.287s] -- Installing: /home/runner/work/pixi_rosdistro/pixi_rosdistro/install/include/foonathan/memory/malloc_allocator.hpp
[24.288s] -- Installing: /home/runner/work/pixi_rosdistro/pixi_rosdistro/install/include/foonathan/memory/error.hpp
[24.288s] -- Installing: /home/runner/work/pixi_rosdistro/pixi_rosdistro/install/include/foonathan/memory/memory_resource_adapter.hpp
[24.288s] -- Installing: /home/runner/work/pixi_rosdistro/pixi_rosdistro/install/include/foonathan/memory/static_allocator.hpp
[24.289s] -- Installing: /home/runner/work/pixi_rosdistro/pixi_rosdistro/install/include/foonathan/memory/aligned_allocator.hpp
[24.289s] -- Installing: /home/runner/work/pixi_rosdistro/pixi_rosdistro/install/include/foonathan/memory/memory_stack.hpp
[24.289s] -- Installing: /home/runner/work/pixi_rosdistro/pixi_rosdistro/install/include/foonathan/memory/new_allocator.hpp
[24.289s] -- Installing: /home/runner/work/pixi_rosdistro/pixi_rosdistro/install/include/foonathan/memory/heap_allocator.hpp
[24.292s] -- Installing: /home/runner/work/pixi_rosdistro/pixi_rosdistro/install/include/foonathan/memory/default_allocator.hpp
[24.292s] -- Installing: /home/runner/work/pixi_rosdistro/pixi_rosdistro/install/include/foonathan/memory/memory_pool_collection.hpp
[24.293s] -- Installing: /home/runner/work/pixi_rosdistro/pixi_rosdistro/install/include/foonathan/memory/iteration_allocator.hpp
[24.293s] -- Installing: /home/runner/work/pixi_rosdistro/pixi_rosdistro/install/include/foonathan/memory/std_allocator.hpp
[24.293s] -- Installing: /home/runner/work/pixi_rosdistro/pixi_rosdistro/install/include/foonathan/memory/detail
[24.293s] -- Installing: /home/runner/work/pixi_rosdistro/pixi_rosdistro/install/include/foonathan/memory/detail/free_list.hpp
[24.293s] -- Installing: /home/runner/work/pixi_rosdistro/pixi_rosdistro/install/include/foonathan/memory/detail/free_list_array.hpp
[24.293s] -- Installing: /home/runner/work/pixi_rosdistro/pixi_rosdistro/install/include/foonathan/memory/detail/align.hpp
[24.294s] -- Installing: /home/runner/work/pixi_rosdistro/pixi_rosdistro/install/include/foonathan/memory/detail/ebo_storage.hpp
[24.294s] -- Installing: /home/runner/work/pixi_rosdistro/pixi_rosdistro/install/include/foonathan/memory/detail/assert.hpp
[24.294s] -- Installing: /home/runner/work/pixi_rosdistro/pixi_rosdistro/install/include/foonathan/memory/detail/small_free_list.hpp
[24.294s] -- Installing: /home/runner/work/pixi_rosdistro/pixi_rosdistro/install/include/foonathan/memory/detail/utility.hpp
[24.294s] -- Installing: /home/runner/work/pixi_rosdistro/pixi_rosdistro/install/include/foonathan/memory/detail/container_node_sizes_impl.hpp
[24.294s] -- Installing: /home/runner/work/pixi_rosdistro/pixi_rosdistro/install/include/foonathan/memory/detail/debug_helpers.hpp
[24.294s] -- Installing: /home/runner/work/pixi_rosdistro/pixi_rosdistro/install/include/foonathan/memory/detail/lowlevel_allocator.hpp
[24.294s] -- Installing: /home/runner/work/pixi_rosdistro/pixi_rosdistro/install/include/foonathan/memory/detail/ilog2.hpp
[24.294s] -- Installing: /home/runner/work/pixi_rosdistro/pixi_rosdistro/install/include/foonathan/memory/detail/memory_stack.hpp
[24.294s] -- Installing: /home/runner/work/pixi_rosdistro/pixi_rosdistro/install/include/foonathan/memory/detail/container_node_sizes.hpp
[24.295s] -- Installing: /home/runner/work/pixi_rosdistro/pixi_rosdistro/install/include/foonathan/memory/virtual_memory.hpp
[24.295s] -- Up-to-date: /home/runner/work/pixi_rosdistro/pixi_rosdistro/install/lib
[24.295s] -- Installing: /home/runner/work/pixi_rosdistro/pixi_rosdistro/install/lib/foonathan_memory
[24.295s] -- Installing: /home/runner/work/pixi_rosdistro/pixi_rosdistro/install/lib/foonathan_memory/cmake
[24.297s] -- Installing: /home/runner/work/pixi_rosdistro/pixi_rosdistro/install/lib/foonathan_memory/cmake/foonathan_memory-config-release.cmake
[24.298s] -- Installing: /home/runner/work/pixi_rosdistro/pixi_rosdistro/install/lib/foonathan_memory/cmake/foonathan_memory-config.cmake
[24.298s] -- Installing: /home/runner/work/pixi_rosdistro/pixi_rosdistro/install/lib/foonathan_memory/cmake/foonathan_memory-config-version.cmake
[24.298s] -- Installing: /home/runner/work/pixi_rosdistro/pixi_rosdistro/install/lib/libfoonathan_memory-0.7.4.a
[24.298s] -- Up-to-date: /home/runner/work/pixi_rosdistro/pixi_rosdistro/install/bin
[24.298s] -- Installing: /home/runner/work/pixi_rosdistro/pixi_rosdistro/install/bin/nodesize_dbg
[24.298s] -- Installing: /home/runner/work/pixi_rosdistro/pixi_rosdistro/install/share/foonathan_memory_vendor/package.xml
[24.298s] -- Installing: /home/runner/work/pixi_rosdistro/pixi_rosdistro/install/share/foonathan_memory_vendor/cmake/foonathan_memory_vendorConfig.cmake
[24.299s] -- Installing: /home/runner/work/pixi_rosdistro/pixi_rosdistro/install/share/foonathan_memory_vendor/cmake/foonathan_memory_vendorConfig-version.cmake
[24.301s] Invoked command in '/home/runner/work/pixi_rosdistro/pixi_rosdistro/build/foonathan_memory_vendor' returned '0': AMENT_PREFIX_PATH=/home/runner/work/pixi_rosdistro/pixi_rosdistro/install CMAKE_PREFIX_PATH=/home/runner/work/pixi_rosdistro/pixi_rosdistro/install:${CMAKE_PREFIX_PATH} LD_LIBRARY_PATH=/home/runner/work/pixi_rosdistro/pixi_rosdistro/install/lib PATH=/home/runner/work/pixi_rosdistro/pixi_rosdistro/install/bin:/opt/microsoft/powershell/7:${PATH} PIXI_PROMPT=(ros2_rolling) PSModulePath=/home/runner/.local/share/powershell/Modules:${PSModulePath} PYTHONPATH=/home/runner/work/pixi_rosdistro/pixi_rosdistro/install/lib/python3.12/site-packages ROS_DOMAIN_ID=96 /home/runner/work/pixi_rosdistro/pixi_rosdistro/.pixi/envs/default/bin/cmake --install /home/runner/work/pixi_rosdistro/pixi_rosdistro/build/foonathan_memory_vendor
