[11.585s] Invoking command in '/home/runner/work/pixi_rosdistro/pixi_rosdistro/src/ros-visualization/rqt/rqt_gui_py': AMENT_PREFIX_PATH=/home/runner/work/pixi_rosdistro/pixi_rosdistro/install CMAKE_PREFIX_PATH=/home/runner/work/pixi_rosdistro/pixi_rosdistro/install:${CMAKE_PREFIX_PATH} LD_LIBRARY_PATH=/home/runner/work/pixi_rosdistro/pixi_rosdistro/install/lib PATH=/home/runner/work/pixi_rosdistro/pixi_rosdistro/install/bin:/opt/microsoft/powershell/7:${PATH} PIXI_PROMPT=(ros2_rolling) PKG_CONFIG_PATH=/home/runner/work/pixi_rosdistro/pixi_rosdistro/install/lib/pkgconfig PSModulePath=/home/runner/.local/share/powershell/Modules:${PSModulePath} PYTHONPATH=/home/runner/work/pixi_rosdistro/pixi_rosdistro/build/rqt_gui_py/prefix_override:/home/runner/work/pixi_rosdistro/pixi_rosdistro/.pixi/envs/default/lib/python3.12/site-packages/colcon_core/task/python/colcon_distutils_commands:/home/runner/work/pixi_rosdistro/pixi_rosdistro/install/lib/python3.12/site-packages:/home/runner/work/pixi_rosdistro/pixi_rosdistro/install/lib/python3.12/site-packages ROS_DOMAIN_ID=67 /home/runner/work/pixi_rosdistro/pixi_rosdistro/.pixi/envs/default/bin/python3.12 -W ignore:setup.py install is deprecated -W ignore:easy_install command is deprecated setup.py egg_info --egg-base ../../../../build/rqt_gui_py build --build-base /home/runner/work/pixi_rosdistro/pixi_rosdistro/build/rqt_gui_py/build install --record /home/runner/work/pixi_rosdistro/pixi_rosdistro/build/rqt_gui_py/install.log --single-version-externally-managed install_data
[11.846s] running egg_info
[11.858s] creating ../../../../build/rqt_gui_py/rqt_gui_py.egg-info
[11.860s] writing ../../../../build/rqt_gui_py/rqt_gui_py.egg-info/PKG-INFO
[11.860s] writing dependency_links to ../../../../build/rqt_gui_py/rqt_gui_py.egg-info/dependency_links.txt
[11.860s] writing requirements to ../../../../build/rqt_gui_py/rqt_gui_py.egg-info/requires.txt
[11.860s] writing top-level names to ../../../../build/rqt_gui_py/rqt_gui_py.egg-info/top_level.txt
[11.860s] writing manifest file '../../../../build/rqt_gui_py/rqt_gui_py.egg-info/SOURCES.txt'
[11.887s] reading manifest file '../../../../build/rqt_gui_py/rqt_gui_py.egg-info/SOURCES.txt'
[11.889s] writing manifest file '../../../../build/rqt_gui_py/rqt_gui_py.egg-info/SOURCES.txt'
[11.889s] running build
[11.890s] running build_py
[11.890s] creating /home/runner/work/pixi_rosdistro/pixi_rosdistro/build/rqt_gui_py/build/lib/rqt_gui_py
[11.893s] copying src/rqt_gui_py/rclpy_spinner.py -> /home/runner/work/pixi_rosdistro/pixi_rosdistro/build/rqt_gui_py/build/lib/rqt_gui_py
[11.893s] copying src/rqt_gui_py/__init__.py -> /home/runner/work/pixi_rosdistro/pixi_rosdistro/build/rqt_gui_py/build/lib/rqt_gui_py
[11.893s] copying src/rqt_gui_py/plugin.py -> /home/runner/work/pixi_rosdistro/pixi_rosdistro/build/rqt_gui_py/build/lib/rqt_gui_py
[11.893s] copying src/rqt_gui_py/ros_py_plugin_provider.py -> /home/runner/work/pixi_rosdistro/pixi_rosdistro/build/rqt_gui_py/build/lib/rqt_gui_py
[11.893s] running install
[11.901s] running install_lib
[11.913s] creating /home/runner/work/pixi_rosdistro/pixi_rosdistro/install/lib/python3.12/site-packages/rqt_gui_py
[11.916s] copying /home/runner/work/pixi_rosdistro/pixi_rosdistro/build/rqt_gui_py/build/lib/rqt_gui_py/rclpy_spinner.py -> /home/runner/work/pixi_rosdistro/pixi_rosdistro/install/lib/python3.12/site-packages/rqt_gui_py
[11.916s] copying /home/runner/work/pixi_rosdistro/pixi_rosdistro/build/rqt_gui_py/build/lib/rqt_gui_py/__init__.py -> /home/runner/work/pixi_rosdistro/pixi_rosdistro/install/lib/python3.12/site-packages/rqt_gui_py
[11.916s] copying /home/runner/work/pixi_rosdistro/pixi_rosdistro/build/rqt_gui_py/build/lib/rqt_gui_py/plugin.py -> /home/runner/work/pixi_rosdistro/pixi_rosdistro/install/lib/python3.12/site-packages/rqt_gui_py
[11.916s] copying /home/runner/work/pixi_rosdistro/pixi_rosdistro/build/rqt_gui_py/build/lib/rqt_gui_py/ros_py_plugin_provider.py -> /home/runner/work/pixi_rosdistro/pixi_rosdistro/install/lib/python3.12/site-packages/rqt_gui_py
[11.916s] byte-compiling /home/runner/work/pixi_rosdistro/pixi_rosdistro/install/lib/python3.12/site-packages/rqt_gui_py/rclpy_spinner.py to rclpy_spinner.cpython-312.pyc
[11.916s] byte-compiling /home/runner/work/pixi_rosdistro/pixi_rosdistro/install/lib/python3.12/site-packages/rqt_gui_py/__init__.py to __init__.cpython-312.pyc
[11.917s] byte-compiling /home/runner/work/pixi_rosdistro/pixi_rosdistro/install/lib/python3.12/site-packages/rqt_gui_py/plugin.py to plugin.cpython-312.pyc
[11.917s] byte-compiling /home/runner/work/pixi_rosdistro/pixi_rosdistro/install/lib/python3.12/site-packages/rqt_gui_py/ros_py_plugin_provider.py to ros_py_plugin_provider.cpython-312.pyc
[11.918s] running install_data
[11.919s] copying resource/rqt_gui_py -> /home/runner/work/pixi_rosdistro/pixi_rosdistro/install/share/ament_index/resource_index/packages
[11.919s] copying package.xml -> /home/runner/work/pixi_rosdistro/pixi_rosdistro/install/share/rqt_gui_py
[11.920s] copying plugin.xml -> /home/runner/work/pixi_rosdistro/pixi_rosdistro/install/share/rqt_gui_py
[11.920s] running install_egg_info
[11.933s] Copying ../../../../build/rqt_gui_py/rqt_gui_py.egg-info to /home/runner/work/pixi_rosdistro/pixi_rosdistro/install/lib/python3.12/site-packages/rqt_gui_py-1.10.2-py3.12.egg-info
[11.936s] running install_scripts
[11.959s] writing list of installed files to '/home/runner/work/pixi_rosdistro/pixi_rosdistro/build/rqt_gui_py/install.log'
[11.987s] Invoked command in '/home/runner/work/pixi_rosdistro/pixi_rosdistro/src/ros-visualization/rqt/rqt_gui_py' returned '0': AMENT_PREFIX_PATH=/home/runner/work/pixi_rosdistro/pixi_rosdistro/install CMAKE_PREFIX_PATH=/home/runner/work/pixi_rosdistro/pixi_rosdistro/install:${CMAKE_PREFIX_PATH} LD_LIBRARY_PATH=/home/runner/work/pixi_rosdistro/pixi_rosdistro/install/lib PATH=/home/runner/work/pixi_rosdistro/pixi_rosdistro/install/bin:/opt/microsoft/powershell/7:${PATH} PIXI_PROMPT=(ros2_rolling) PKG_CONFIG_PATH=/home/runner/work/pixi_rosdistro/pixi_rosdistro/install/lib/pkgconfig PSModulePath=/home/runner/.local/share/powershell/Modules:${PSModulePath} PYTHONPATH=/home/runner/work/pixi_rosdistro/pixi_rosdistro/build/rqt_gui_py/prefix_override:/home/runner/work/pixi_rosdistro/pixi_rosdistro/.pixi/envs/default/lib/python3.12/site-packages/colcon_core/task/python/colcon_distutils_commands:/home/runner/work/pixi_rosdistro/pixi_rosdistro/install/lib/python3.12/site-packages:/home/runner/work/pixi_rosdistro/pixi_rosdistro/install/lib/python3.12/site-packages ROS_DOMAIN_ID=67 /home/runner/work/pixi_rosdistro/pixi_rosdistro/.pixi/envs/default/bin/python3.12 -W ignore:setup.py install is deprecated -W ignore:easy_install command is deprecated setup.py egg_info --egg-base ../../../../build/rqt_gui_py build --build-base /home/runner/work/pixi_rosdistro/pixi_rosdistro/build/rqt_gui_py/build install --record /home/runner/work/pixi_rosdistro/pixi_rosdistro/build/rqt_gui_py/install.log --single-version-externally-managed install_data
