[1.185s] Invoking command in '/Users/runner/work/pixi_rosdistro/pixi_rosdistro/build/rmw_connextddsmicro': AMENT_PREFIX_PATH=/Users/runner/work/pixi_rosdistro/pixi_rosdistro/install CMAKE_PREFIX_PATH=/Users/runner/work/pixi_rosdistro/pixi_rosdistro/install DYLD_LIBRARY_PATH=/Users/runner/work/pixi_rosdistro/pixi_rosdistro/install/lib:/Users/runner/work/pixi_rosdistro/pixi_rosdistro/install/opt/mimick_vendor/lib PATH=/Users/runner/work/pixi_rosdistro/pixi_rosdistro/install/bin:${PATH} PIXI_PROMPT=(ros2_rolling) PKG_CONFIG_PATH=/Users/runner/work/pixi_rosdistro/pixi_rosdistro/install/lib/pkgconfig PYTHONPATH=/Users/runner/work/pixi_rosdistro/pixi_rosdistro/install/lib/python3.12/site-packages ROS_PYTHON_VERSION=3 SHLVL=3 _=/usr/bin/env /Users/runner/work/pixi_rosdistro/pixi_rosdistro/.pixi/envs/default/bin/cmake /Users/runner/work/pixi_rosdistro/pixi_rosdistro/src/ros2/rmw_connextdds/rmw_connextddsmicro -GNinja --no-warn-unused-cli -DCMAKE_BUILD_TYPE=Release -DCMAKE_BUILD_WITH_INSTALL_RPATH:bool=TRUE -DCMAKE_POLICY_VERSION_MINIMUM=3.5 -Wno-deprecated -DSTACK_DETAILS_AUTO_DETECT:bool=FALSE -DSTACK_DETAILS_BFD:bool=FALSE -DCMAKE_INSTALL_PREFIX=/Users/runner/work/pixi_rosdistro/pixi_rosdistro/install
[1.429s] Not searching for unused variables given on the command line.
[1.429s] -- The C compiler identification is AppleClang 17.0.0.17000013
[1.634s] -- The CXX compiler identification is AppleClang 17.0.0.17000013
[1.686s] -- Detecting C compiler ABI info
[1.994s] -- Detecting C compiler ABI info - done
[2.033s] -- Check for working C compiler: /usr/bin/cc - skipped
[2.033s] -- Detecting C compile features
[2.035s] -- Detecting C compile features - done
[2.039s] -- Detecting CXX compiler ABI info
[2.571s] -- Detecting CXX compiler ABI info - done
[2.614s] -- Check for working CXX compiler: /usr/bin/c++ - skipped
[2.615s] -- Detecting CXX compile features
[2.615s] -- Detecting CXX compile features - done
[2.624s] -- Found ament_cmake: 2.8.6 (/Users/runner/work/pixi_rosdistro/pixi_rosdistro/install/share/ament_cmake/cmake)
[3.030s] -- Found rmw_connextdds_common: 1.2.4 (/Users/runner/work/pixi_rosdistro/pixi_rosdistro/install/share/rmw_connextdds_common/cmake)
[3.164s] -- Found rosidl_generator_c: 5.1.3 (/Users/runner/work/pixi_rosdistro/pixi_rosdistro/install/share/rosidl_generator_c/cmake)
[3.188s] -- Found rosidl_generator_cpp: 5.1.3 (/Users/runner/work/pixi_rosdistro/pixi_rosdistro/install/share/rosidl_generator_cpp/cmake)
[3.199s] -- Using all available rosidl_typesupport_c: rosidl_typesupport_fastrtps_c;rosidl_typesupport_introspection_c
[3.261s] -- Using all available rosidl_typesupport_cpp: rosidl_typesupport_fastrtps_cpp;rosidl_typesupport_introspection_cpp
[3.318s] -- Loaded RTI Connext DDS environment:
[3.318s] -- - RTI Connext DDS Professional:
[3.319s] --   - Found: false
[3.319s] --   - Version: 
[3.319s] --   - Directory: 
[3.319s] --   - Architecture: 
[3.319s] -- - RTI Connext DDS Micro:
[3.319s] --   - Found: false
[3.319s] --   - Version: 
[3.319s] --   - Directory: 
[3.319s] --   - Architecture: 
[3.322s] -- Common RMW implementation not found. Skipping rmw_connextddsmicro.
[3.454s] -- Configuring done (2.2s)
[3.491s] -- Generating done (0.0s)
[3.515s] -- Build files have been written to: /Users/runner/work/pixi_rosdistro/pixi_rosdistro/build/rmw_connextddsmicro
[3.521s] Invoked command in '/Users/runner/work/pixi_rosdistro/pixi_rosdistro/build/rmw_connextddsmicro' returned '0': AMENT_PREFIX_PATH=/Users/runner/work/pixi_rosdistro/pixi_rosdistro/install CMAKE_PREFIX_PATH=/Users/runner/work/pixi_rosdistro/pixi_rosdistro/install DYLD_LIBRARY_PATH=/Users/runner/work/pixi_rosdistro/pixi_rosdistro/install/lib:/Users/runner/work/pixi_rosdistro/pixi_rosdistro/install/opt/mimick_vendor/lib PATH=/Users/runner/work/pixi_rosdistro/pixi_rosdistro/install/bin:${PATH} PIXI_PROMPT=(ros2_rolling) PKG_CONFIG_PATH=/Users/runner/work/pixi_rosdistro/pixi_rosdistro/install/lib/pkgconfig PYTHONPATH=/Users/runner/work/pixi_rosdistro/pixi_rosdistro/install/lib/python3.12/site-packages ROS_PYTHON_VERSION=3 SHLVL=3 _=/usr/bin/env /Users/runner/work/pixi_rosdistro/pixi_rosdistro/.pixi/envs/default/bin/cmake /Users/runner/work/pixi_rosdistro/pixi_rosdistro/src/ros2/rmw_connextdds/rmw_connextddsmicro -GNinja --no-warn-unused-cli -DCMAKE_BUILD_TYPE=Release -DCMAKE_BUILD_WITH_INSTALL_RPATH:bool=TRUE -DCMAKE_POLICY_VERSION_MINIMUM=3.5 -Wno-deprecated -DSTACK_DETAILS_AUTO_DETECT:bool=FALSE -DSTACK_DETAILS_BFD:bool=FALSE -DCMAKE_INSTALL_PREFIX=/Users/runner/work/pixi_rosdistro/pixi_rosdistro/install
[3.522s] Invoking command in '/Users/runner/work/pixi_rosdistro/pixi_rosdistro/build/rmw_connextddsmicro': AMENT_PREFIX_PATH=/Users/runner/work/pixi_rosdistro/pixi_rosdistro/install CMAKE_PREFIX_PATH=/Users/runner/work/pixi_rosdistro/pixi_rosdistro/install DYLD_LIBRARY_PATH=/Users/runner/work/pixi_rosdistro/pixi_rosdistro/install/lib:/Users/runner/work/pixi_rosdistro/pixi_rosdistro/install/opt/mimick_vendor/lib PATH=/Users/runner/work/pixi_rosdistro/pixi_rosdistro/install/bin:${PATH} PIXI_PROMPT=(ros2_rolling) PKG_CONFIG_PATH=/Users/runner/work/pixi_rosdistro/pixi_rosdistro/install/lib/pkgconfig PYTHONPATH=/Users/runner/work/pixi_rosdistro/pixi_rosdistro/install/lib/python3.12/site-packages ROS_PYTHON_VERSION=3 SHLVL=3 _=/usr/bin/env /Users/runner/work/pixi_rosdistro/pixi_rosdistro/.pixi/envs/default/bin/cmake --build /Users/runner/work/pixi_rosdistro/pixi_rosdistro/build/rmw_connextddsmicro -- -j3 -l3
[3.561s] ninja: no work to do.
[3.564s] Invoked command in '/Users/runner/work/pixi_rosdistro/pixi_rosdistro/build/rmw_connextddsmicro' returned '0': AMENT_PREFIX_PATH=/Users/runner/work/pixi_rosdistro/pixi_rosdistro/install CMAKE_PREFIX_PATH=/Users/runner/work/pixi_rosdistro/pixi_rosdistro/install DYLD_LIBRARY_PATH=/Users/runner/work/pixi_rosdistro/pixi_rosdistro/install/lib:/Users/runner/work/pixi_rosdistro/pixi_rosdistro/install/opt/mimick_vendor/lib PATH=/Users/runner/work/pixi_rosdistro/pixi_rosdistro/install/bin:${PATH} PIXI_PROMPT=(ros2_rolling) PKG_CONFIG_PATH=/Users/runner/work/pixi_rosdistro/pixi_rosdistro/install/lib/pkgconfig PYTHONPATH=/Users/runner/work/pixi_rosdistro/pixi_rosdistro/install/lib/python3.12/site-packages ROS_PYTHON_VERSION=3 SHLVL=3 _=/usr/bin/env /Users/runner/work/pixi_rosdistro/pixi_rosdistro/.pixi/envs/default/bin/cmake --build /Users/runner/work/pixi_rosdistro/pixi_rosdistro/build/rmw_connextddsmicro -- -j3 -l3
[3.569s] Invoking command in '/Users/runner/work/pixi_rosdistro/pixi_rosdistro/build/rmw_connextddsmicro': AMENT_PREFIX_PATH=/Users/runner/work/pixi_rosdistro/pixi_rosdistro/install CMAKE_PREFIX_PATH=/Users/runner/work/pixi_rosdistro/pixi_rosdistro/install DYLD_LIBRARY_PATH=/Users/runner/work/pixi_rosdistro/pixi_rosdistro/install/lib:/Users/runner/work/pixi_rosdistro/pixi_rosdistro/install/opt/mimick_vendor/lib PATH=/Users/runner/work/pixi_rosdistro/pixi_rosdistro/install/bin:${PATH} PIXI_PROMPT=(ros2_rolling) PKG_CONFIG_PATH=/Users/runner/work/pixi_rosdistro/pixi_rosdistro/install/lib/pkgconfig PYTHONPATH=/Users/runner/work/pixi_rosdistro/pixi_rosdistro/install/lib/python3.12/site-packages ROS_PYTHON_VERSION=3 SHLVL=3 _=/usr/bin/env /Users/runner/work/pixi_rosdistro/pixi_rosdistro/.pixi/envs/default/bin/cmake --install /Users/runner/work/pixi_rosdistro/pixi_rosdistro/build/rmw_connextddsmicro
[3.591s] -- Install configuration: "Release"
[3.592s] -- Installing: /Users/runner/work/pixi_rosdistro/pixi_rosdistro/install/share/ament_index/resource_index/package_run_dependencies/rmw_connextddsmicro
[3.593s] -- Installing: /Users/runner/work/pixi_rosdistro/pixi_rosdistro/install/share/ament_index/resource_index/parent_prefix_path/rmw_connextddsmicro
[3.593s] -- Installing: /Users/runner/work/pixi_rosdistro/pixi_rosdistro/install/share/rmw_connextddsmicro/environment/ament_prefix_path.sh
[3.596s] -- Installing: /Users/runner/work/pixi_rosdistro/pixi_rosdistro/install/share/rmw_connextddsmicro/environment/ament_prefix_path.dsv
[3.596s] -- Installing: /Users/runner/work/pixi_rosdistro/pixi_rosdistro/install/share/rmw_connextddsmicro/environment/path.sh
[3.596s] -- Installing: /Users/runner/work/pixi_rosdistro/pixi_rosdistro/install/share/rmw_connextddsmicro/environment/path.dsv
[3.596s] -- Installing: /Users/runner/work/pixi_rosdistro/pixi_rosdistro/install/share/rmw_connextddsmicro/local_setup.bash
[3.596s] -- Installing: /Users/runner/work/pixi_rosdistro/pixi_rosdistro/install/share/rmw_connextddsmicro/local_setup.fish
[3.596s] -- Installing: /Users/runner/work/pixi_rosdistro/pixi_rosdistro/install/share/rmw_connextddsmicro/local_setup.sh
[3.596s] -- Installing: /Users/runner/work/pixi_rosdistro/pixi_rosdistro/install/share/rmw_connextddsmicro/local_setup.zsh
[3.597s] -- Installing: /Users/runner/work/pixi_rosdistro/pixi_rosdistro/install/share/rmw_connextddsmicro/local_setup.dsv
[3.597s] -- Installing: /Users/runner/work/pixi_rosdistro/pixi_rosdistro/install/share/rmw_connextddsmicro/package.dsv
[3.597s] -- Installing: /Users/runner/work/pixi_rosdistro/pixi_rosdistro/install/share/ament_index/resource_index/packages/rmw_connextddsmicro
[3.597s] -- Installing: /Users/runner/work/pixi_rosdistro/pixi_rosdistro/install/share/rmw_connextddsmicro/cmake/rmw_connextddsmicroConfig.cmake
[3.598s] -- Installing: /Users/runner/work/pixi_rosdistro/pixi_rosdistro/install/share/rmw_connextddsmicro/cmake/rmw_connextddsmicroConfig-version.cmake
[3.599s] -- Installing: /Users/runner/work/pixi_rosdistro/pixi_rosdistro/install/share/rmw_connextddsmicro/package.xml
[3.600s] Invoked command in '/Users/runner/work/pixi_rosdistro/pixi_rosdistro/build/rmw_connextddsmicro' returned '0': AMENT_PREFIX_PATH=/Users/runner/work/pixi_rosdistro/pixi_rosdistro/install CMAKE_PREFIX_PATH=/Users/runner/work/pixi_rosdistro/pixi_rosdistro/install DYLD_LIBRARY_PATH=/Users/runner/work/pixi_rosdistro/pixi_rosdistro/install/lib:/Users/runner/work/pixi_rosdistro/pixi_rosdistro/install/opt/mimick_vendor/lib PATH=/Users/runner/work/pixi_rosdistro/pixi_rosdistro/install/bin:${PATH} PIXI_PROMPT=(ros2_rolling) PKG_CONFIG_PATH=/Users/runner/work/pixi_rosdistro/pixi_rosdistro/install/lib/pkgconfig PYTHONPATH=/Users/runner/work/pixi_rosdistro/pixi_rosdistro/install/lib/python3.12/site-packages ROS_PYTHON_VERSION=3 SHLVL=3 _=/usr/bin/env /Users/runner/work/pixi_rosdistro/pixi_rosdistro/.pixi/envs/default/bin/cmake --install /Users/runner/work/pixi_rosdistro/pixi_rosdistro/build/rmw_connextddsmicro
