[8.069s] Invoking command in '/home/runner/work/pixi_rosdistro/pixi_rosdistro/src/ament/ament_package': PATH=/opt/microsoft/powershell/7:${PATH} PIXI_PROMPT=(ros2_rolling) PSModulePath=/home/runner/.local/share/powershell/Modules:${PSModulePath} PYTHONPATH=/home/runner/work/pixi_rosdistro/pixi_rosdistro/build/ament_package/prefix_override:/home/runner/work/pixi_rosdistro/pixi_rosdistro/.pixi/envs/default/lib/python3.12/site-packages/colcon_core/task/python/colcon_distutils_commands:/home/runner/work/pixi_rosdistro/pixi_rosdistro/install/lib/python3.12/site-packages: ROS_DOMAIN_ID=44 /home/runner/work/pixi_rosdistro/pixi_rosdistro/.pixi/envs/default/bin/python3.12 -W ignore:setup.py install is deprecated -W ignore:easy_install command is deprecated setup.py egg_info --egg-base ../../../build/ament_package build --build-base /home/runner/work/pixi_rosdistro/pixi_rosdistro/build/ament_package/build install --record /home/runner/work/pixi_rosdistro/pixi_rosdistro/build/ament_package/install.log --single-version-externally-managed install_data
[8.281s] running egg_info
[8.285s] creating ../../../build/ament_package/ament_package.egg-info
[8.286s] writing ../../../build/ament_package/ament_package.egg-info/PKG-INFO
[8.286s] writing dependency_links to ../../../build/ament_package/ament_package.egg-info/dependency_links.txt
[8.287s] writing requirements to ../../../build/ament_package/ament_package.egg-info/requires.txt
[8.287s] writing top-level names to ../../../build/ament_package/ament_package.egg-info/top_level.txt
[8.287s] writing manifest file '../../../build/ament_package/ament_package.egg-info/SOURCES.txt'
[8.302s] reading manifest file '../../../build/ament_package/ament_package.egg-info/SOURCES.txt'
[8.304s] adding license file 'LICENSE'
[8.304s] writing manifest file '../../../build/ament_package/ament_package.egg-info/SOURCES.txt'
[8.304s] running build
[8.304s] running build_py
[8.305s] creating /home/runner/work/pixi_rosdistro/pixi_rosdistro/build/ament_package/build/lib/ament_package
[8.305s] copying ament_package/__init__.py -> /home/runner/work/pixi_rosdistro/pixi_rosdistro/build/ament_package/build/lib/ament_package
[8.305s] copying ament_package/templates.py -> /home/runner/work/pixi_rosdistro/pixi_rosdistro/build/ament_package/build/lib/ament_package
[8.305s] creating /home/runner/work/pixi_rosdistro/pixi_rosdistro/build/ament_package/build/lib/ament_package/template
[8.308s] copying ament_package/template/__init__.py -> /home/runner/work/pixi_rosdistro/pixi_rosdistro/build/ament_package/build/lib/ament_package/template
[8.308s] creating /home/runner/work/pixi_rosdistro/pixi_rosdistro/build/ament_package/build/lib/ament_package/template/environment_hook
[8.308s] copying ament_package/template/environment_hook/__init__.py -> /home/runner/work/pixi_rosdistro/pixi_rosdistro/build/ament_package/build/lib/ament_package/template/environment_hook
[8.308s] creating /home/runner/work/pixi_rosdistro/pixi_rosdistro/build/ament_package/build/lib/ament_package/template/package_level
[8.308s] copying ament_package/template/package_level/__init__.py -> /home/runner/work/pixi_rosdistro/pixi_rosdistro/build/ament_package/build/lib/ament_package/template/package_level
[8.309s] creating /home/runner/work/pixi_rosdistro/pixi_rosdistro/build/ament_package/build/lib/ament_package/template/prefix_level
[8.309s] copying ament_package/template/prefix_level/__init__.py -> /home/runner/work/pixi_rosdistro/pixi_rosdistro/build/ament_package/build/lib/ament_package/template/prefix_level
[8.309s] copying ament_package/template/prefix_level/_local_setup_util.py -> /home/runner/work/pixi_rosdistro/pixi_rosdistro/build/ament_package/build/lib/ament_package/template/prefix_level
[8.309s] copying ament_package/template/environment_hook/__init__.py -> /home/runner/work/pixi_rosdistro/pixi_rosdistro/build/ament_package/build/lib/ament_package/template/environment_hook
[8.310s] copying ament_package/template/environment_hook/pythonpath.sh.in -> /home/runner/work/pixi_rosdistro/pixi_rosdistro/build/ament_package/build/lib/ament_package/template/environment_hook
[8.310s] copying ament_package/template/environment_hook/pkg_config_path.sh -> /home/runner/work/pixi_rosdistro/pixi_rosdistro/build/ament_package/build/lib/ament_package/template/environment_hook
[8.310s] copying ament_package/template/environment_hook/ament_prefix_path.bat -> /home/runner/work/pixi_rosdistro/pixi_rosdistro/build/ament_package/build/lib/ament_package/template/environment_hook
[8.311s] copying ament_package/template/environment_hook/ament_prefix_path.sh -> /home/runner/work/pixi_rosdistro/pixi_rosdistro/build/ament_package/build/lib/ament_package/template/environment_hook
[8.311s] copying ament_package/template/environment_hook/path.sh -> /home/runner/work/pixi_rosdistro/pixi_rosdistro/build/ament_package/build/lib/ament_package/template/environment_hook
[8.311s] copying ament_package/template/environment_hook/path.bat -> /home/runner/work/pixi_rosdistro/pixi_rosdistro/build/ament_package/build/lib/ament_package/template/environment_hook
[8.312s] copying ament_package/template/environment_hook/pythonpath.bat.in -> /home/runner/work/pixi_rosdistro/pixi_rosdistro/build/ament_package/build/lib/ament_package/template/environment_hook
[8.312s] copying ament_package/template/environment_hook/library_path.sh -> /home/runner/work/pixi_rosdistro/pixi_rosdistro/build/ament_package/build/lib/ament_package/template/environment_hook
[8.312s] copying ament_package/template/environment_hook/pkg_config_path.bat -> /home/runner/work/pixi_rosdistro/pixi_rosdistro/build/ament_package/build/lib/ament_package/template/environment_hook
[8.313s] copying ament_package/template/package_level/__init__.py -> /home/runner/work/pixi_rosdistro/pixi_rosdistro/build/ament_package/build/lib/ament_package/template/package_level
[8.313s] copying ament_package/template/package_level/local_setup.bat.in -> /home/runner/work/pixi_rosdistro/pixi_rosdistro/build/ament_package/build/lib/ament_package/template/package_level
[8.313s] copying ament_package/template/package_level/local_setup.zsh.in -> /home/runner/work/pixi_rosdistro/pixi_rosdistro/build/ament_package/build/lib/ament_package/template/package_level
[8.314s] copying ament_package/template/package_level/local_setup.sh.in -> /home/runner/work/pixi_rosdistro/pixi_rosdistro/build/ament_package/build/lib/ament_package/template/package_level
[8.314s] copying ament_package/template/package_level/local_setup.bash.in -> /home/runner/work/pixi_rosdistro/pixi_rosdistro/build/ament_package/build/lib/ament_package/template/package_level
[8.315s] copying ament_package/template/package_level/local_setup.fish.in -> /home/runner/work/pixi_rosdistro/pixi_rosdistro/build/ament_package/build/lib/ament_package/template/package_level
[8.315s] copying ament_package/template/prefix_level/local_setup.zsh -> /home/runner/work/pixi_rosdistro/pixi_rosdistro/build/ament_package/build/lib/ament_package/template/prefix_level
[8.315s] copying ament_package/template/prefix_level/__init__.py -> /home/runner/work/pixi_rosdistro/pixi_rosdistro/build/ament_package/build/lib/ament_package/template/prefix_level
[8.316s] copying ament_package/template/prefix_level/local_setup.bat.in -> /home/runner/work/pixi_rosdistro/pixi_rosdistro/build/ament_package/build/lib/ament_package/template/prefix_level
[8.316s] copying ament_package/template/prefix_level/setup.bat.in -> /home/runner/work/pixi_rosdistro/pixi_rosdistro/build/ament_package/build/lib/ament_package/template/prefix_level
[8.319s] copying ament_package/template/prefix_level/setup.fish -> /home/runner/work/pixi_rosdistro/pixi_rosdistro/build/ament_package/build/lib/ament_package/template/prefix_level
[8.319s] copying ament_package/template/prefix_level/local_setup.sh.in -> /home/runner/work/pixi_rosdistro/pixi_rosdistro/build/ament_package/build/lib/ament_package/template/prefix_level
[8.319s] copying ament_package/template/prefix_level/setup.sh.in -> /home/runner/work/pixi_rosdistro/pixi_rosdistro/build/ament_package/build/lib/ament_package/template/prefix_level
[8.319s] copying ament_package/template/prefix_level/setup.bash -> /home/runner/work/pixi_rosdistro/pixi_rosdistro/build/ament_package/build/lib/ament_package/template/prefix_level
[8.319s] copying ament_package/template/prefix_level/setup.zsh -> /home/runner/work/pixi_rosdistro/pixi_rosdistro/build/ament_package/build/lib/ament_package/template/prefix_level
[8.320s] copying ament_package/template/prefix_level/_local_setup_util.py -> /home/runner/work/pixi_rosdistro/pixi_rosdistro/build/ament_package/build/lib/ament_package/template/prefix_level
[8.320s] copying ament_package/template/prefix_level/local_setup.bash -> /home/runner/work/pixi_rosdistro/pixi_rosdistro/build/ament_package/build/lib/ament_package/template/prefix_level
[8.320s] copying ament_package/template/prefix_level/local_setup.fish.in -> /home/runner/work/pixi_rosdistro/pixi_rosdistro/build/ament_package/build/lib/ament_package/template/prefix_level
[8.320s] running install
[8.329s] running install_lib
[8.335s] creating /home/runner/work/pixi_rosdistro/pixi_rosdistro/install/lib/python3.12/site-packages/ament_package
[8.335s] copying /home/runner/work/pixi_rosdistro/pixi_rosdistro/build/ament_package/build/lib/ament_package/__init__.py -> /home/runner/work/pixi_rosdistro/pixi_rosdistro/install/lib/python3.12/site-packages/ament_package
[8.335s] copying /home/runner/work/pixi_rosdistro/pixi_rosdistro/build/ament_package/build/lib/ament_package/templates.py -> /home/runner/work/pixi_rosdistro/pixi_rosdistro/install/lib/python3.12/site-packages/ament_package
[8.336s] creating /home/runner/work/pixi_rosdistro/pixi_rosdistro/install/lib/python3.12/site-packages/ament_package/template
[8.338s] copying /home/runner/work/pixi_rosdistro/pixi_rosdistro/build/ament_package/build/lib/ament_package/template/__init__.py -> /home/runner/work/pixi_rosdistro/pixi_rosdistro/install/lib/python3.12/site-packages/ament_package/template
[8.338s] creating /home/runner/work/pixi_rosdistro/pixi_rosdistro/install/lib/python3.12/site-packages/ament_package/template/environment_hook
[8.338s] copying /home/runner/work/pixi_rosdistro/pixi_rosdistro/build/ament_package/build/lib/ament_package/template/environment_hook/__init__.py -> /home/runner/work/pixi_rosdistro/pixi_rosdistro/install/lib/python3.12/site-packages/ament_package/template/environment_hook
[8.338s] copying /home/runner/work/pixi_rosdistro/pixi_rosdistro/build/ament_package/build/lib/ament_package/template/environment_hook/pythonpath.sh.in -> /home/runner/work/pixi_rosdistro/pixi_rosdistro/install/lib/python3.12/site-packages/ament_package/template/environment_hook
[8.339s] copying /home/runner/work/pixi_rosdistro/pixi_rosdistro/build/ament_package/build/lib/ament_package/template/environment_hook/pkg_config_path.sh -> /home/runner/work/pixi_rosdistro/pixi_rosdistro/install/lib/python3.12/site-packages/ament_package/template/environment_hook
[8.339s] copying /home/runner/work/pixi_rosdistro/pixi_rosdistro/build/ament_package/build/lib/ament_package/template/environment_hook/ament_prefix_path.bat -> /home/runner/work/pixi_rosdistro/pixi_rosdistro/install/lib/python3.12/site-packages/ament_package/template/environment_hook
[8.339s] copying /home/runner/work/pixi_rosdistro/pixi_rosdistro/build/ament_package/build/lib/ament_package/template/environment_hook/ament_prefix_path.sh -> /home/runner/work/pixi_rosdistro/pixi_rosdistro/install/lib/python3.12/site-packages/ament_package/template/environment_hook
[8.339s] copying /home/runner/work/pixi_rosdistro/pixi_rosdistro/build/ament_package/build/lib/ament_package/template/environment_hook/path.sh -> /home/runner/work/pixi_rosdistro/pixi_rosdistro/install/lib/python3.12/site-packages/ament_package/template/environment_hook
[8.339s] copying /home/runner/work/pixi_rosdistro/pixi_rosdistro/build/ament_package/build/lib/ament_package/template/environment_hook/path.bat -> /home/runner/work/pixi_rosdistro/pixi_rosdistro/install/lib/python3.12/site-packages/ament_package/template/environment_hook
[8.339s] copying /home/runner/work/pixi_rosdistro/pixi_rosdistro/build/ament_package/build/lib/ament_package/template/environment_hook/pythonpath.bat.in -> /home/runner/work/pixi_rosdistro/pixi_rosdistro/install/lib/python3.12/site-packages/ament_package/template/environment_hook
[8.339s] copying /home/runner/work/pixi_rosdistro/pixi_rosdistro/build/ament_package/build/lib/ament_package/template/environment_hook/library_path.sh -> /home/runner/work/pixi_rosdistro/pixi_rosdistro/install/lib/python3.12/site-packages/ament_package/template/environment_hook
[8.340s] copying /home/runner/work/pixi_rosdistro/pixi_rosdistro/build/ament_package/build/lib/ament_package/template/environment_hook/pkg_config_path.bat -> /home/runner/work/pixi_rosdistro/pixi_rosdistro/install/lib/python3.12/site-packages/ament_package/template/environment_hook
[8.340s] creating /home/runner/work/pixi_rosdistro/pixi_rosdistro/install/lib/python3.12/site-packages/ament_package/template/package_level
[8.340s] copying /home/runner/work/pixi_rosdistro/pixi_rosdistro/build/ament_package/build/lib/ament_package/template/package_level/__init__.py -> /home/runner/work/pixi_rosdistro/pixi_rosdistro/install/lib/python3.12/site-packages/ament_package/template/package_level
[8.343s] copying /home/runner/work/pixi_rosdistro/pixi_rosdistro/build/ament_package/build/lib/ament_package/template/package_level/local_setup.bat.in -> /home/runner/work/pixi_rosdistro/pixi_rosdistro/install/lib/python3.12/site-packages/ament_package/template/package_level
[8.344s] copying /home/runner/work/pixi_rosdistro/pixi_rosdistro/build/ament_package/build/lib/ament_package/template/package_level/local_setup.zsh.in -> /home/runner/work/pixi_rosdistro/pixi_rosdistro/install/lib/python3.12/site-packages/ament_package/template/package_level
[8.344s] copying /home/runner/work/pixi_rosdistro/pixi_rosdistro/build/ament_package/build/lib/ament_package/template/package_level/local_setup.sh.in -> /home/runner/work/pixi_rosdistro/pixi_rosdistro/install/lib/python3.12/site-packages/ament_package/template/package_level
[8.344s] copying /home/runner/work/pixi_rosdistro/pixi_rosdistro/build/ament_package/build/lib/ament_package/template/package_level/local_setup.bash.in -> /home/runner/work/pixi_rosdistro/pixi_rosdistro/install/lib/python3.12/site-packages/ament_package/template/package_level
[8.344s] copying /home/runner/work/pixi_rosdistro/pixi_rosdistro/build/ament_package/build/lib/ament_package/template/package_level/local_setup.fish.in -> /home/runner/work/pixi_rosdistro/pixi_rosdistro/install/lib/python3.12/site-packages/ament_package/template/package_level
[8.344s] creating /home/runner/work/pixi_rosdistro/pixi_rosdistro/install/lib/python3.12/site-packages/ament_package/template/prefix_level
[8.345s] copying /home/runner/work/pixi_rosdistro/pixi_rosdistro/build/ament_package/build/lib/ament_package/template/prefix_level/local_setup.zsh -> /home/runner/work/pixi_rosdistro/pixi_rosdistro/install/lib/python3.12/site-packages/ament_package/template/prefix_level
[8.345s] copying /home/runner/work/pixi_rosdistro/pixi_rosdistro/build/ament_package/build/lib/ament_package/template/prefix_level/__init__.py -> /home/runner/work/pixi_rosdistro/pixi_rosdistro/install/lib/python3.12/site-packages/ament_package/template/prefix_level
[8.345s] copying /home/runner/work/pixi_rosdistro/pixi_rosdistro/build/ament_package/build/lib/ament_package/template/prefix_level/local_setup.bat.in -> /home/runner/work/pixi_rosdistro/pixi_rosdistro/install/lib/python3.12/site-packages/ament_package/template/prefix_level
[8.345s] copying /home/runner/work/pixi_rosdistro/pixi_rosdistro/build/ament_package/build/lib/ament_package/template/prefix_level/setup.bat.in -> /home/runner/work/pixi_rosdistro/pixi_rosdistro/install/lib/python3.12/site-packages/ament_package/template/prefix_level
[8.345s] copying /home/runner/work/pixi_rosdistro/pixi_rosdistro/build/ament_package/build/lib/ament_package/template/prefix_level/setup.fish -> /home/runner/work/pixi_rosdistro/pixi_rosdistro/install/lib/python3.12/site-packages/ament_package/template/prefix_level
[8.345s] copying /home/runner/work/pixi_rosdistro/pixi_rosdistro/build/ament_package/build/lib/ament_package/template/prefix_level/local_setup.sh.in -> /home/runner/work/pixi_rosdistro/pixi_rosdistro/install/lib/python3.12/site-packages/ament_package/template/prefix_level
[8.345s] copying /home/runner/work/pixi_rosdistro/pixi_rosdistro/build/ament_package/build/lib/ament_package/template/prefix_level/setup.sh.in -> /home/runner/work/pixi_rosdistro/pixi_rosdistro/install/lib/python3.12/site-packages/ament_package/template/prefix_level
[8.346s] copying /home/runner/work/pixi_rosdistro/pixi_rosdistro/build/ament_package/build/lib/ament_package/template/prefix_level/setup.bash -> /home/runner/work/pixi_rosdistro/pixi_rosdistro/install/lib/python3.12/site-packages/ament_package/template/prefix_level
[8.346s] copying /home/runner/work/pixi_rosdistro/pixi_rosdistro/build/ament_package/build/lib/ament_package/template/prefix_level/setup.zsh -> /home/runner/work/pixi_rosdistro/pixi_rosdistro/install/lib/python3.12/site-packages/ament_package/template/prefix_level
[8.346s] copying /home/runner/work/pixi_rosdistro/pixi_rosdistro/build/ament_package/build/lib/ament_package/template/prefix_level/_local_setup_util.py -> /home/runner/work/pixi_rosdistro/pixi_rosdistro/install/lib/python3.12/site-packages/ament_package/template/prefix_level
[8.346s] copying /home/runner/work/pixi_rosdistro/pixi_rosdistro/build/ament_package/build/lib/ament_package/template/prefix_level/local_setup.bash -> /home/runner/work/pixi_rosdistro/pixi_rosdistro/install/lib/python3.12/site-packages/ament_package/template/prefix_level
[8.346s] copying /home/runner/work/pixi_rosdistro/pixi_rosdistro/build/ament_package/build/lib/ament_package/template/prefix_level/local_setup.fish.in -> /home/runner/work/pixi_rosdistro/pixi_rosdistro/install/lib/python3.12/site-packages/ament_package/template/prefix_level
[8.349s] byte-compiling /home/runner/work/pixi_rosdistro/pixi_rosdistro/install/lib/python3.12/site-packages/ament_package/__init__.py to __init__.cpython-312.pyc
[8.350s] byte-compiling /home/runner/work/pixi_rosdistro/pixi_rosdistro/install/lib/python3.12/site-packages/ament_package/templates.py to templates.cpython-312.pyc
[8.350s] byte-compiling /home/runner/work/pixi_rosdistro/pixi_rosdistro/install/lib/python3.12/site-packages/ament_package/template/__init__.py to __init__.cpython-312.pyc
[8.350s] byte-compiling /home/runner/work/pixi_rosdistro/pixi_rosdistro/install/lib/python3.12/site-packages/ament_package/template/environment_hook/__init__.py to __init__.cpython-312.pyc
[8.351s] byte-compiling /home/runner/work/pixi_rosdistro/pixi_rosdistro/install/lib/python3.12/site-packages/ament_package/template/package_level/__init__.py to __init__.cpython-312.pyc
[8.351s] byte-compiling /home/runner/work/pixi_rosdistro/pixi_rosdistro/install/lib/python3.12/site-packages/ament_package/template/prefix_level/__init__.py to __init__.cpython-312.pyc
[8.351s] byte-compiling /home/runner/work/pixi_rosdistro/pixi_rosdistro/install/lib/python3.12/site-packages/ament_package/template/prefix_level/_local_setup_util.py to _local_setup_util.cpython-312.pyc
[8.352s] running install_data
[8.354s] copying package.xml -> /home/runner/work/pixi_rosdistro/pixi_rosdistro/install/share/ament_package
[8.354s] copying resource/ament_package -> /home/runner/work/pixi_rosdistro/pixi_rosdistro/install/share/ament_index/resource_index/packages
[8.354s] running install_egg_info
[8.362s] Copying ../../../build/ament_package/ament_package.egg-info to /home/runner/work/pixi_rosdistro/pixi_rosdistro/install/lib/python3.12/site-packages/ament_package-0.18.2-py3.12.egg-info
[8.363s] running install_scripts
[8.380s] writing list of installed files to '/home/runner/work/pixi_rosdistro/pixi_rosdistro/build/ament_package/install.log'
[8.431s] Invoked command in '/home/runner/work/pixi_rosdistro/pixi_rosdistro/src/ament/ament_package' returned '0': PATH=/opt/microsoft/powershell/7:${PATH} PIXI_PROMPT=(ros2_rolling) PSModulePath=/home/runner/.local/share/powershell/Modules:${PSModulePath} PYTHONPATH=/home/runner/work/pixi_rosdistro/pixi_rosdistro/build/ament_package/prefix_override:/home/runner/work/pixi_rosdistro/pixi_rosdistro/.pixi/envs/default/lib/python3.12/site-packages/colcon_core/task/python/colcon_distutils_commands:/home/runner/work/pixi_rosdistro/pixi_rosdistro/install/lib/python3.12/site-packages: ROS_DOMAIN_ID=44 /home/runner/work/pixi_rosdistro/pixi_rosdistro/.pixi/envs/default/bin/python3.12 -W ignore:setup.py install is deprecated -W ignore:easy_install command is deprecated setup.py egg_info --egg-base ../../../build/ament_package build --build-base /home/runner/work/pixi_rosdistro/pixi_rosdistro/build/ament_package/build install --record /home/runner/work/pixi_rosdistro/pixi_rosdistro/build/ament_package/install.log --single-version-externally-managed install_data
