[4.987s] Invoking command in '/home/runner/work/pixi_rosdistro/pixi_rosdistro/build/rosidl_typesupport_fastrtps_c': AMENT_PREFIX_PATH=/home/runner/work/pixi_rosdistro/pixi_rosdistro/install CMAKE_PREFIX_PATH=/home/runner/work/pixi_rosdistro/pixi_rosdistro/install:${CMAKE_PREFIX_PATH} LD_LIBRARY_PATH=/home/runner/work/pixi_rosdistro/pixi_rosdistro/install/lib PATH=/home/runner/work/pixi_rosdistro/pixi_rosdistro/install/bin:/opt/microsoft/powershell/7:${PATH} PIXI_PROMPT=(ros2_rolling) PKG_CONFIG_PATH=/home/runner/work/pixi_rosdistro/pixi_rosdistro/install/lib/pkgconfig PSModulePath=/home/runner/.local/share/powershell/Modules:${PSModulePath} PYTHONPATH=/home/runner/work/pixi_rosdistro/pixi_rosdistro/install/lib/python3.12/site-packages ROS_DOMAIN_ID=2 /home/runner/work/pixi_rosdistro/pixi_rosdistro/.pixi/envs/default/bin/cmake /home/runner/work/pixi_rosdistro/pixi_rosdistro/src/ros2/rosidl_typesupport_fastrtps/rosidl_typesupport_fastrtps_c -GNinja --no-warn-unused-cli -DCMAKE_BUILD_TYPE=Release -DCMAKE_BUILD_WITH_INSTALL_RPATH:bool=TRUE -DCMAKE_POLICY_VERSION_MINIMUM=3.5 -Wno-deprecated -DSTACK_DETAILS_AUTO_DETECT:bool=FALSE -DSTACK_DETAILS_BFD:bool=FALSE -DCMAKE_INSTALL_PREFIX=/home/runner/work/pixi_rosdistro/pixi_rosdistro/install
[5.157s] Not searching for unused variables given on the command line.
[5.157s] -- The C compiler identification is GNU 14.3.0
[5.404s] -- The CXX compiler identification is GNU 14.3.0
[5.424s] -- Detecting C compiler ABI info
[5.643s] -- Detecting C compiler ABI info - done
[5.675s] -- Check for working C compiler: /home/runner/work/pixi_rosdistro/pixi_rosdistro/.pixi/envs/default/bin/x86_64-conda-linux-gnu-cc - skipped
[5.676s] -- Detecting C compile features
[5.676s] -- Detecting C compile features - done
[5.717s] -- Detecting CXX compiler ABI info
[6.002s] -- Detecting CXX compiler ABI info - done
[6.049s] -- Check for working CXX compiler: /home/runner/work/pixi_rosdistro/pixi_rosdistro/.pixi/envs/default/bin/x86_64-conda-linux-gnu-c++ - skipped
[6.049s] -- Detecting CXX compile features
[6.050s] -- Detecting CXX compile features - done
[6.076s] -- Found ament_cmake: 2.8.6 (/home/runner/work/pixi_rosdistro/pixi_rosdistro/install/share/ament_cmake/cmake)
[6.411s] -- Found ament_cmake_ros_core: 0.15.6 (/home/runner/work/pixi_rosdistro/pixi_rosdistro/install/share/ament_cmake_ros_core/cmake)
[6.416s] -- Found rosidl_runtime_c: 5.1.3 (/home/runner/work/pixi_rosdistro/pixi_rosdistro/install/share/rosidl_runtime_c/cmake)
[6.683s] -- Found ament_cmake_gtest: 2.8.6 (/home/runner/work/pixi_rosdistro/pixi_rosdistro/install/share/ament_cmake_gtest/cmake)
[6.683s] -- Found ament_lint_auto: 0.20.3 (/home/runner/work/pixi_rosdistro/pixi_rosdistro/install/share/ament_lint_auto/cmake)
[6.691s] -- Found performance_test_fixture: 0.4.1 (/home/runner/work/pixi_rosdistro/pixi_rosdistro/install/share/performance_test_fixture/cmake)
[7.764s] -- Added test 'copyright' to check source files copyright and LICENSE
[7.775s] -- Added test 'cppcheck' to perform static code analysis on C / C++ code
[7.775s] -- Configured cppcheck include dirs: /home/runner/work/pixi_rosdistro/pixi_rosdistro/install/include;$<BUILD_INTERFACE:/home/runner/work/pixi_rosdistro/pixi_rosdistro/src/ros2/rosidl_typesupport_fastrtps/rosidl_typesupport_fastrtps_c/include>
[7.775s] -- Configured cppcheck exclude dirs and/or files: 
[7.780s] -- Added test 'cpplint' to check C / C++ code against the Google style
[7.781s] -- Configured cpplint exclude dirs and/or files: 
[7.785s] -- Added test 'flake8' to check Python code syntax and style conventions
[7.786s] -- Configured 'flake8' exclude dirs and/or files: 
[7.795s] -- Added test 'lint_cmake' to check CMake code style
[7.795s] -- Added test 'pep257' to check Python code against some of the docstring style conventions in PEP 257
[7.806s] -- Added test 'uncrustify' to check C / C++ code style
[7.807s] -- Configured uncrustify additional arguments: 
[7.812s] -- Added test 'xmllint' to check XML markup files
[7.824s] -- Configuring done (2.8s)
[7.865s] -- Generating done (0.0s)
[7.882s] -- Build files have been written to: /home/runner/work/pixi_rosdistro/pixi_rosdistro/build/rosidl_typesupport_fastrtps_c
[7.894s] Invoked command in '/home/runner/work/pixi_rosdistro/pixi_rosdistro/build/rosidl_typesupport_fastrtps_c' returned '0': AMENT_PREFIX_PATH=/home/runner/work/pixi_rosdistro/pixi_rosdistro/install CMAKE_PREFIX_PATH=/home/runner/work/pixi_rosdistro/pixi_rosdistro/install:${CMAKE_PREFIX_PATH} LD_LIBRARY_PATH=/home/runner/work/pixi_rosdistro/pixi_rosdistro/install/lib PATH=/home/runner/work/pixi_rosdistro/pixi_rosdistro/install/bin:/opt/microsoft/powershell/7:${PATH} PIXI_PROMPT=(ros2_rolling) PKG_CONFIG_PATH=/home/runner/work/pixi_rosdistro/pixi_rosdistro/install/lib/pkgconfig PSModulePath=/home/runner/.local/share/powershell/Modules:${PSModulePath} PYTHONPATH=/home/runner/work/pixi_rosdistro/pixi_rosdistro/install/lib/python3.12/site-packages ROS_DOMAIN_ID=2 /home/runner/work/pixi_rosdistro/pixi_rosdistro/.pixi/envs/default/bin/cmake /home/runner/work/pixi_rosdistro/pixi_rosdistro/src/ros2/rosidl_typesupport_fastrtps/rosidl_typesupport_fastrtps_c -GNinja --no-warn-unused-cli -DCMAKE_BUILD_TYPE=Release -DCMAKE_BUILD_WITH_INSTALL_RPATH:bool=TRUE -DCMAKE_POLICY_VERSION_MINIMUM=3.5 -Wno-deprecated -DSTACK_DETAILS_AUTO_DETECT:bool=FALSE -DSTACK_DETAILS_BFD:bool=FALSE -DCMAKE_INSTALL_PREFIX=/home/runner/work/pixi_rosdistro/pixi_rosdistro/install
[7.895s] Invoking command in '/home/runner/work/pixi_rosdistro/pixi_rosdistro/build/rosidl_typesupport_fastrtps_c': AMENT_PREFIX_PATH=/home/runner/work/pixi_rosdistro/pixi_rosdistro/install CMAKE_PREFIX_PATH=/home/runner/work/pixi_rosdistro/pixi_rosdistro/install:${CMAKE_PREFIX_PATH} LD_LIBRARY_PATH=/home/runner/work/pixi_rosdistro/pixi_rosdistro/install/lib PATH=/home/runner/work/pixi_rosdistro/pixi_rosdistro/install/bin:/opt/microsoft/powershell/7:${PATH} PIXI_PROMPT=(ros2_rolling) PKG_CONFIG_PATH=/home/runner/work/pixi_rosdistro/pixi_rosdistro/install/lib/pkgconfig PSModulePath=/home/runner/.local/share/powershell/Modules:${PSModulePath} PYTHONPATH=/home/runner/work/pixi_rosdistro/pixi_rosdistro/install/lib/python3.12/site-packages ROS_DOMAIN_ID=2 /home/runner/work/pixi_rosdistro/pixi_rosdistro/.pixi/envs/default/bin/cmake --build /home/runner/work/pixi_rosdistro/pixi_rosdistro/build/rosidl_typesupport_fastrtps_c -- -j4 -l4
[8.169s] [1/4] Building CXX object CMakeFiles/rosidl_typesupport_fastrtps_c.dir/src/identifier.cpp.o
[8.200s] [2/4] cd /home/runner/work/pixi_rosdistro/pixi_rosdistro/build/rosidl_typesupport_fastrtps_c && /home/runner/work/pixi_rosdistro/pixi_rosdistro/.pixi/envs/default/bin/cmake -E copy_directory /home/runner/work/pixi_rosdistro/pixi_rosdistro/src/ros2/rosidl_typesupport_fastrtps/rosidl_typesupport_fastrtps_c/rosidl_typesupport_fastrtps_c /home/runner/work/pixi_rosdistro/pixi_rosdistro/build/rosidl_typesupport_fastrtps_c/ament_cmake_python/rosidl_typesupport_fastrtps_c/rosidl_typesupport_fastrtps_c && /home/runner/work/pixi_rosdistro/pixi_rosdistro/.pixi/envs/default/bin/cmake -E copy_if_different /home/runner/work/pixi_rosdistro/pixi_rosdistro/src/ros2/rosidl_typesupport_fastrtps/rosidl_typesupport_fastrtps_c/setup.cfg /home/runner/work/pixi_rosdistro/pixi_rosdistro/build/rosidl_typesupport_fastrtps_c/ament_cmake_python/rosidl_typesupport_fastrtps_c/setup.cfg
[8.291s] [3/4] Linking CXX shared library librosidl_typesupport_fastrtps_c.so
[8.640s] [4/4] cd /home/runner/work/pixi_rosdistro/pixi_rosdistro/build/rosidl_typesupport_fastrtps_c/ament_cmake_python/rosidl_typesupport_fastrtps_c && /home/runner/work/pixi_rosdistro/pixi_rosdistro/.pixi/envs/default/bin/python3 setup.py egg_info
[8.640s] running egg_info
[8.640s] creating rosidl_typesupport_fastrtps_c.egg-info
[8.640s] writing rosidl_typesupport_fastrtps_c.egg-info/PKG-INFO
[8.640s] writing dependency_links to rosidl_typesupport_fastrtps_c.egg-info/dependency_links.txt
[8.640s] writing entry points to rosidl_typesupport_fastrtps_c.egg-info/entry_points.txt
[8.640s] writing top-level names to rosidl_typesupport_fastrtps_c.egg-info/top_level.txt
[8.640s] writing manifest file 'rosidl_typesupport_fastrtps_c.egg-info/SOURCES.txt'
[8.640s] reading manifest file 'rosidl_typesupport_fastrtps_c.egg-info/SOURCES.txt'
[8.641s] writing manifest file 'rosidl_typesupport_fastrtps_c.egg-info/SOURCES.txt'
[8.641s] Invoked command in '/home/runner/work/pixi_rosdistro/pixi_rosdistro/build/rosidl_typesupport_fastrtps_c' returned '0': AMENT_PREFIX_PATH=/home/runner/work/pixi_rosdistro/pixi_rosdistro/install CMAKE_PREFIX_PATH=/home/runner/work/pixi_rosdistro/pixi_rosdistro/install:${CMAKE_PREFIX_PATH} LD_LIBRARY_PATH=/home/runner/work/pixi_rosdistro/pixi_rosdistro/install/lib PATH=/home/runner/work/pixi_rosdistro/pixi_rosdistro/install/bin:/opt/microsoft/powershell/7:${PATH} PIXI_PROMPT=(ros2_rolling) PKG_CONFIG_PATH=/home/runner/work/pixi_rosdistro/pixi_rosdistro/install/lib/pkgconfig PSModulePath=/home/runner/.local/share/powershell/Modules:${PSModulePath} PYTHONPATH=/home/runner/work/pixi_rosdistro/pixi_rosdistro/install/lib/python3.12/site-packages ROS_DOMAIN_ID=2 /home/runner/work/pixi_rosdistro/pixi_rosdistro/.pixi/envs/default/bin/cmake --build /home/runner/work/pixi_rosdistro/pixi_rosdistro/build/rosidl_typesupport_fastrtps_c -- -j4 -l4
[8.645s] Invoking command in '/home/runner/work/pixi_rosdistro/pixi_rosdistro/build/rosidl_typesupport_fastrtps_c': AMENT_PREFIX_PATH=/home/runner/work/pixi_rosdistro/pixi_rosdistro/install CMAKE_PREFIX_PATH=/home/runner/work/pixi_rosdistro/pixi_rosdistro/install:${CMAKE_PREFIX_PATH} LD_LIBRARY_PATH=/home/runner/work/pixi_rosdistro/pixi_rosdistro/install/lib PATH=/home/runner/work/pixi_rosdistro/pixi_rosdistro/install/bin:/opt/microsoft/powershell/7:${PATH} PIXI_PROMPT=(ros2_rolling) PKG_CONFIG_PATH=/home/runner/work/pixi_rosdistro/pixi_rosdistro/install/lib/pkgconfig PSModulePath=/home/runner/.local/share/powershell/Modules:${PSModulePath} PYTHONPATH=/home/runner/work/pixi_rosdistro/pixi_rosdistro/install/lib/python3.12/site-packages ROS_DOMAIN_ID=2 /home/runner/work/pixi_rosdistro/pixi_rosdistro/.pixi/envs/default/bin/cmake --install /home/runner/work/pixi_rosdistro/pixi_rosdistro/build/rosidl_typesupport_fastrtps_c
[8.652s] -- Install configuration: "Release"
[8.652s] -- Installing: /home/runner/work/pixi_rosdistro/pixi_rosdistro/install/share/rosidl_typesupport_fastrtps_c/environment/pythonpath.sh
[8.653s] -- Installing: /home/runner/work/pixi_rosdistro/pixi_rosdistro/install/share/rosidl_typesupport_fastrtps_c/environment/pythonpath.dsv
[8.654s] -- Installing: /home/runner/work/pixi_rosdistro/pixi_rosdistro/install/share/rosidl_typesupport_fastrtps_c/environment/library_path.sh
[8.654s] -- Installing: /home/runner/work/pixi_rosdistro/pixi_rosdistro/install/share/rosidl_typesupport_fastrtps_c/environment/library_path.dsv
[8.654s] -- Installing: /home/runner/work/pixi_rosdistro/pixi_rosdistro/install/share/ament_index/resource_index/rosidl_typesupport_c/rosidl_typesupport_fastrtps_c
[8.654s] -- Installing: /home/runner/work/pixi_rosdistro/pixi_rosdistro/install/share/ament_index/resource_index/package_run_dependencies/rosidl_typesupport_fastrtps_c
[8.654s] -- Installing: /home/runner/work/pixi_rosdistro/pixi_rosdistro/install/share/ament_index/resource_index/parent_prefix_path/rosidl_typesupport_fastrtps_c
[8.655s] -- Installing: /home/runner/work/pixi_rosdistro/pixi_rosdistro/install/share/rosidl_typesupport_fastrtps_c/environment/ament_prefix_path.sh
[8.655s] -- Installing: /home/runner/work/pixi_rosdistro/pixi_rosdistro/install/share/rosidl_typesupport_fastrtps_c/environment/ament_prefix_path.dsv
[8.656s] -- Installing: /home/runner/work/pixi_rosdistro/pixi_rosdistro/install/share/rosidl_typesupport_fastrtps_c/environment/path.sh
[8.656s] -- Installing: /home/runner/work/pixi_rosdistro/pixi_rosdistro/install/share/rosidl_typesupport_fastrtps_c/environment/path.dsv
[8.658s] -- Installing: /home/runner/work/pixi_rosdistro/pixi_rosdistro/install/share/rosidl_typesupport_fastrtps_c/local_setup.bash
[8.658s] -- Installing: /home/runner/work/pixi_rosdistro/pixi_rosdistro/install/share/rosidl_typesupport_fastrtps_c/local_setup.fish
[8.658s] -- Installing: /home/runner/work/pixi_rosdistro/pixi_rosdistro/install/share/rosidl_typesupport_fastrtps_c/local_setup.sh
[8.658s] -- Installing: /home/runner/work/pixi_rosdistro/pixi_rosdistro/install/share/rosidl_typesupport_fastrtps_c/local_setup.zsh
[8.658s] -- Installing: /home/runner/work/pixi_rosdistro/pixi_rosdistro/install/share/rosidl_typesupport_fastrtps_c/local_setup.dsv
[8.659s] -- Installing: /home/runner/work/pixi_rosdistro/pixi_rosdistro/install/share/rosidl_typesupport_fastrtps_c/package.dsv
[8.659s] -- Installing: /home/runner/work/pixi_rosdistro/pixi_rosdistro/install/share/ament_index/resource_index/packages/rosidl_typesupport_fastrtps_c
[8.659s] -- Installing: /home/runner/work/pixi_rosdistro/pixi_rosdistro/install/lib/python3.12/site-packages/rosidl_typesupport_fastrtps_c-3.9.3-py3.12.egg-info
[8.659s] -- Installing: /home/runner/work/pixi_rosdistro/pixi_rosdistro/install/lib/python3.12/site-packages/rosidl_typesupport_fastrtps_c-3.9.3-py3.12.egg-info/entry_points.txt
[8.659s] -- Installing: /home/runner/work/pixi_rosdistro/pixi_rosdistro/install/lib/python3.12/site-packages/rosidl_typesupport_fastrtps_c-3.9.3-py3.12.egg-info/dependency_links.txt
[8.660s] -- Installing: /home/runner/work/pixi_rosdistro/pixi_rosdistro/install/lib/python3.12/site-packages/rosidl_typesupport_fastrtps_c-3.9.3-py3.12.egg-info/top_level.txt
[8.660s] -- Installing: /home/runner/work/pixi_rosdistro/pixi_rosdistro/install/lib/python3.12/site-packages/rosidl_typesupport_fastrtps_c-3.9.3-py3.12.egg-info/PKG-INFO
[8.662s] -- Installing: /home/runner/work/pixi_rosdistro/pixi_rosdistro/install/lib/python3.12/site-packages/rosidl_typesupport_fastrtps_c-3.9.3-py3.12.egg-info/SOURCES.txt
[8.662s] -- Installing: /home/runner/work/pixi_rosdistro/pixi_rosdistro/install/lib/python3.12/site-packages/rosidl_typesupport_fastrtps_c
[8.662s] -- Installing: /home/runner/work/pixi_rosdistro/pixi_rosdistro/install/lib/python3.12/site-packages/rosidl_typesupport_fastrtps_c/__init__.py
[8.662s] -- Installing: /home/runner/work/pixi_rosdistro/pixi_rosdistro/install/lib/python3.12/site-packages/rosidl_typesupport_fastrtps_c/cli.py
[8.747s] Listing '/home/runner/work/pixi_rosdistro/pixi_rosdistro/install/lib/python3.12/site-packages/rosidl_typesupport_fastrtps_c'...
[8.747s] Compiling '/home/runner/work/pixi_rosdistro/pixi_rosdistro/install/lib/python3.12/site-packages/rosidl_typesupport_fastrtps_c/__init__.py'...
[8.747s] Compiling '/home/runner/work/pixi_rosdistro/pixi_rosdistro/install/lib/python3.12/site-packages/rosidl_typesupport_fastrtps_c/cli.py'...
[8.755s] -- Installing: /home/runner/work/pixi_rosdistro/pixi_rosdistro/install/share/rosidl_typesupport_fastrtps_c/cmake/rosidl_typesupport_fastrtps_cExport.cmake
[8.756s] -- Installing: /home/runner/work/pixi_rosdistro/pixi_rosdistro/install/share/rosidl_typesupport_fastrtps_c/cmake/rosidl_typesupport_fastrtps_cExport-release.cmake
[8.756s] -- Installing: /home/runner/work/pixi_rosdistro/pixi_rosdistro/install/share/rosidl_typesupport_fastrtps_c/cmake/rosidl_typesupport_fastrtps_c-extras.cmake
[8.756s] -- Installing: /home/runner/work/pixi_rosdistro/pixi_rosdistro/install/share/rosidl_typesupport_fastrtps_c/cmake/ament_cmake_export_dependencies-extras.cmake
[8.757s] -- Installing: /home/runner/work/pixi_rosdistro/pixi_rosdistro/install/share/rosidl_typesupport_fastrtps_c/cmake/ament_cmake_export_include_directories-extras.cmake
[8.757s] -- Installing: /home/runner/work/pixi_rosdistro/pixi_rosdistro/install/share/rosidl_typesupport_fastrtps_c/cmake/ament_cmake_export_libraries-extras.cmake
[8.758s] -- Installing: /home/runner/work/pixi_rosdistro/pixi_rosdistro/install/share/rosidl_typesupport_fastrtps_c/cmake/ament_cmake_export_targets-extras.cmake
[8.758s] -- Installing: /home/runner/work/pixi_rosdistro/pixi_rosdistro/install/share/rosidl_typesupport_fastrtps_c/cmake/rosidl_typesupport_fastrtps_cConfig.cmake
[8.759s] -- Installing: /home/runner/work/pixi_rosdistro/pixi_rosdistro/install/share/rosidl_typesupport_fastrtps_c/cmake/rosidl_typesupport_fastrtps_cConfig-version.cmake
[8.759s] -- Installing: /home/runner/work/pixi_rosdistro/pixi_rosdistro/install/share/rosidl_typesupport_fastrtps_c/package.xml
[8.760s] -- Installing: /home/runner/work/pixi_rosdistro/pixi_rosdistro/install/lib/rosidl_typesupport_fastrtps_c/rosidl_typesupport_fastrtps_c
[8.760s] -- Up-to-date: /home/runner/work/pixi_rosdistro/pixi_rosdistro/install/share/rosidl_typesupport_fastrtps_c/cmake
[8.762s] -- Installing: /home/runner/work/pixi_rosdistro/pixi_rosdistro/install/share/rosidl_typesupport_fastrtps_c/cmake/rosidl_typesupport_fastrtps_c_generate_interfaces.cmake
[8.762s] -- Installing: /home/runner/work/pixi_rosdistro/pixi_rosdistro/install/share/rosidl_typesupport_fastrtps_c/resource
[8.762s] -- Installing: /home/runner/work/pixi_rosdistro/pixi_rosdistro/install/share/rosidl_typesupport_fastrtps_c/resource/rosidl_typesupport_fastrtps_c__visibility_control.h.in
[8.762s] -- Installing: /home/runner/work/pixi_rosdistro/pixi_rosdistro/install/share/rosidl_typesupport_fastrtps_c/resource/msg__type_support_c.cpp.em
[8.763s] -- Installing: /home/runner/work/pixi_rosdistro/pixi_rosdistro/install/share/rosidl_typesupport_fastrtps_c/resource/msg__rosidl_typesupport_fastrtps_c.h.em
[8.763s] -- Installing: /home/runner/work/pixi_rosdistro/pixi_rosdistro/install/share/rosidl_typesupport_fastrtps_c/resource/srv__type_support_c.cpp.em
[8.763s] -- Installing: /home/runner/work/pixi_rosdistro/pixi_rosdistro/install/share/rosidl_typesupport_fastrtps_c/resource/idl__rosidl_typesupport_fastrtps_c.h.em
[8.763s] -- Installing: /home/runner/work/pixi_rosdistro/pixi_rosdistro/install/share/rosidl_typesupport_fastrtps_c/resource/idl__type_support_c.cpp.em
[8.763s] -- Installing: /home/runner/work/pixi_rosdistro/pixi_rosdistro/install/share/rosidl_typesupport_fastrtps_c/resource/srv__rosidl_typesupport_fastrtps_c.h.em
[8.763s] -- Installing: /home/runner/work/pixi_rosdistro/pixi_rosdistro/install/include/rosidl_typesupport_fastrtps_c
[8.763s] -- Installing: /home/runner/work/pixi_rosdistro/pixi_rosdistro/install/include/rosidl_typesupport_fastrtps_c/rosidl_typesupport_fastrtps_c
[8.764s] -- Installing: /home/runner/work/pixi_rosdistro/pixi_rosdistro/install/include/rosidl_typesupport_fastrtps_c/rosidl_typesupport_fastrtps_c/serialization_helpers.hpp
[8.764s] -- Installing: /home/runner/work/pixi_rosdistro/pixi_rosdistro/install/include/rosidl_typesupport_fastrtps_c/rosidl_typesupport_fastrtps_c/identifier.h
[8.765s] -- Installing: /home/runner/work/pixi_rosdistro/pixi_rosdistro/install/include/rosidl_typesupport_fastrtps_c/rosidl_typesupport_fastrtps_c/visibility_control.h
[8.765s] -- Installing: /home/runner/work/pixi_rosdistro/pixi_rosdistro/install/lib/librosidl_typesupport_fastrtps_c.so
[8.771s] Invoked command in '/home/runner/work/pixi_rosdistro/pixi_rosdistro/build/rosidl_typesupport_fastrtps_c' returned '0': AMENT_PREFIX_PATH=/home/runner/work/pixi_rosdistro/pixi_rosdistro/install CMAKE_PREFIX_PATH=/home/runner/work/pixi_rosdistro/pixi_rosdistro/install:${CMAKE_PREFIX_PATH} LD_LIBRARY_PATH=/home/runner/work/pixi_rosdistro/pixi_rosdistro/install/lib PATH=/home/runner/work/pixi_rosdistro/pixi_rosdistro/install/bin:/opt/microsoft/powershell/7:${PATH} PIXI_PROMPT=(ros2_rolling) PKG_CONFIG_PATH=/home/runner/work/pixi_rosdistro/pixi_rosdistro/install/lib/pkgconfig PSModulePath=/home/runner/.local/share/powershell/Modules:${PSModulePath} PYTHONPATH=/home/runner/work/pixi_rosdistro/pixi_rosdistro/install/lib/python3.12/site-packages ROS_DOMAIN_ID=2 /home/runner/work/pixi_rosdistro/pixi_rosdistro/.pixi/envs/default/bin/cmake --install /home/runner/work/pixi_rosdistro/pixi_rosdistro/build/rosidl_typesupport_fastrtps_c
