[5.335s] Invoking command in '/home/runner/work/pixi_rosdistro/pixi_rosdistro/build/demo_nodes_cpp': AMENT_PREFIX_PATH=/home/runner/work/pixi_rosdistro/pixi_rosdistro/install CMAKE_PREFIX_PATH=/home/runner/work/pixi_rosdistro/pixi_rosdistro/install:${CMAKE_PREFIX_PATH} LD_LIBRARY_PATH=/home/runner/work/pixi_rosdistro/pixi_rosdistro/install/lib PATH=/home/runner/work/pixi_rosdistro/pixi_rosdistro/install/bin:/opt/microsoft/powershell/7:${PATH} PIXI_PROMPT=(ros2_rolling) PKG_CONFIG_PATH=/home/runner/work/pixi_rosdistro/pixi_rosdistro/install/lib/pkgconfig PSModulePath=/home/runner/.local/share/powershell/Modules:${PSModulePath} PYTHONPATH=/home/runner/work/pixi_rosdistro/pixi_rosdistro/install/lib/python3.12/site-packages /home/runner/work/pixi_rosdistro/pixi_rosdistro/.pixi/envs/default/bin/cmake /home/runner/work/pixi_rosdistro/pixi_rosdistro/src/ros2/demos/demo_nodes_cpp -GNinja --no-warn-unused-cli -DCMAKE_BUILD_TYPE=Release -DCMAKE_BUILD_WITH_INSTALL_RPATH:bool=TRUE -DCMAKE_POLICY_VERSION_MINIMUM=3.5 -Wno-deprecated -DSTACK_DETAILS_AUTO_DETECT:bool=FALSE -DSTACK_DETAILS_BFD:bool=FALSE -DCMAKE_INSTALL_PREFIX=/home/runner/work/pixi_rosdistro/pixi_rosdistro/install
[5.424s] Not searching for unused variables given on the command line.
[5.424s] -- The C compiler identification is GNU 14.3.0
[5.560s] -- The CXX compiler identification is GNU 14.3.0
[5.575s] -- Detecting C compiler ABI info
[5.710s] -- Detecting C compiler ABI info - done
[5.739s] -- Check for working C compiler: /home/runner/work/pixi_rosdistro/pixi_rosdistro/.pixi/envs/default/bin/x86_64-conda-linux-gnu-cc - skipped
[5.740s] -- Detecting C compile features
[5.740s] -- Detecting C compile features - done
[5.765s] -- Detecting CXX compiler ABI info
[5.940s] -- Detecting CXX compiler ABI info - done
[5.970s] -- Check for working CXX compiler: /home/runner/work/pixi_rosdistro/pixi_rosdistro/.pixi/envs/default/bin/x86_64-conda-linux-gnu-c++ - skipped
[5.970s] -- Detecting CXX compile features
[5.972s] -- Detecting CXX compile features - done
[5.988s] -- Found ament_cmake: 2.8.6 (/home/runner/work/pixi_rosdistro/pixi_rosdistro/install/share/ament_cmake/cmake)
[6.299s] -- Found example_interfaces: 0.14.1 (/home/runner/work/pixi_rosdistro/pixi_rosdistro/install/share/example_interfaces/cmake)
[6.346s] -- Found rosidl_generator_c: 5.1.3 (/home/runner/work/pixi_rosdistro/pixi_rosdistro/install/share/rosidl_generator_c/cmake)
[6.357s] -- Found rosidl_generator_cpp: 5.1.3 (/home/runner/work/pixi_rosdistro/pixi_rosdistro/install/share/rosidl_generator_cpp/cmake)
[6.377s] -- Using all available rosidl_typesupport_c: rosidl_typesupport_fastrtps_c;rosidl_typesupport_introspection_c
[6.399s] -- Using all available rosidl_typesupport_cpp: rosidl_typesupport_fastrtps_cpp;rosidl_typesupport_introspection_cpp
[6.558s] -- Found rcl: 10.4.1 (/home/runner/work/pixi_rosdistro/pixi_rosdistro/install/share/rcl/cmake)
[6.623s] -- Found rmw_implementation_cmake: 7.9.1 (/home/runner/work/pixi_rosdistro/pixi_rosdistro/install/share/rmw_implementation_cmake/cmake)
[6.628s] -- Found rmw_fastrtps_cpp: 9.4.5 (/home/runner/work/pixi_rosdistro/pixi_rosdistro/install/share/rmw_fastrtps_cpp/cmake)
[6.683s] -- Using RMW implementation 'rmw_fastrtps_cpp' as default
[6.723s] -- Found rclcpp: 31.0.1 (/home/runner/work/pixi_rosdistro/pixi_rosdistro/install/share/rclcpp/cmake)
[6.817s] -- Found rclcpp_components: 31.0.1 (/home/runner/work/pixi_rosdistro/pixi_rosdistro/install/share/rclcpp_components/cmake)
[6.881s] -- Setting executor of one_off_timer to rclcpp::executors::SingleThreadedExecutor
[6.881s] -- Setting executor non-default value rclcpp::executors::SingleThreadedExecutor
[6.881s] -- Setting executor of reuse_timer to rclcpp::executors::SingleThreadedExecutor
[6.881s] -- Setting executor non-default value rclcpp::executors::SingleThreadedExecutor
[6.881s] -- Setting executor of list_parameters to rclcpp::executors::SingleThreadedExecutor
[6.881s] -- Setting executor non-default value rclcpp::executors::SingleThreadedExecutor
[6.881s] -- Setting executor of parameter_blackboard to rclcpp::executors::SingleThreadedExecutor
[6.881s] -- Setting executor non-default value rclcpp::executors::SingleThreadedExecutor
[6.881s] -- Setting executor of set_and_get_parameters to rclcpp::executors::SingleThreadedExecutor
[6.881s] -- Setting executor non-default value rclcpp::executors::SingleThreadedExecutor
[6.881s] -- Setting executor of parameter_events_async to rclcpp::executors::SingleThreadedExecutor
[6.881s] -- Setting executor non-default value rclcpp::executors::SingleThreadedExecutor
[6.882s] -- Setting executor of even_parameters_node to rclcpp::executors::SingleThreadedExecutor
[6.882s] -- Setting executor non-default value rclcpp::executors::SingleThreadedExecutor
[6.882s] -- Setting executor of set_parameters_callback to rclcpp::executors::SingleThreadedExecutor
[6.882s] -- Setting executor non-default value rclcpp::executors::SingleThreadedExecutor
[6.882s] -- Setting executor of add_two_ints_server to rclcpp::executors::SingleThreadedExecutor
[6.883s] -- Setting executor non-default value rclcpp::executors::SingleThreadedExecutor
[6.883s] -- Setting executor of add_two_ints_client_async to rclcpp::executors::SingleThreadedExecutor
[6.883s] -- Setting executor non-default value rclcpp::executors::SingleThreadedExecutor
[6.884s] -- Setting executor of introspection_service to rclcpp::executors::SingleThreadedExecutor
[6.884s] -- Setting executor non-default value rclcpp::executors::SingleThreadedExecutor
[6.885s] -- Setting executor of introspection_client to rclcpp::executors::SingleThreadedExecutor
[6.885s] -- Setting executor non-default value rclcpp::executors::SingleThreadedExecutor
[6.886s] -- Setting executor of content_filtering_publisher to rclcpp::executors::SingleThreadedExecutor
[6.886s] -- Setting executor non-default value rclcpp::executors::SingleThreadedExecutor
[6.886s] -- Setting executor of content_filtering_subscriber to rclcpp::executors::SingleThreadedExecutor
[6.886s] -- Setting executor non-default value rclcpp::executors::SingleThreadedExecutor
[6.886s] -- Setting executor of talker to rclcpp::executors::SingleThreadedExecutor
[6.886s] -- Setting executor non-default value rclcpp::executors::SingleThreadedExecutor
[6.889s] -- Setting executor of talker_loaned_message to rclcpp::executors::SingleThreadedExecutor
[6.890s] -- Setting executor non-default value rclcpp::executors::SingleThreadedExecutor
[6.890s] -- Setting executor of talker_serialized_message to rclcpp::executors::SingleThreadedExecutor
[6.890s] -- Setting executor non-default value rclcpp::executors::SingleThreadedExecutor
[6.890s] -- Setting executor of listener to rclcpp::executors::SingleThreadedExecutor
[6.890s] -- Setting executor non-default value rclcpp::executors::SingleThreadedExecutor
[6.890s] -- Setting executor of listener_serialized_message to rclcpp::executors::SingleThreadedExecutor
[6.890s] -- Setting executor non-default value rclcpp::executors::SingleThreadedExecutor
[6.890s] -- Setting executor of listener_best_effort to rclcpp::executors::SingleThreadedExecutor
[6.890s] -- Setting executor non-default value rclcpp::executors::SingleThreadedExecutor
[6.892s] -- Found ament_lint_auto: 0.20.3 (/home/runner/work/pixi_rosdistro/pixi_rosdistro/install/share/ament_lint_auto/cmake)
[7.128s] -- Added test 'copyright' to check source files copyright and LICENSE
[7.135s] -- Added test 'cppcheck' to perform static code analysis on C / C++ code
[7.137s] -- Configured cppcheck include dirs: $<BUILD_INTERFACE:/home/runner/work/pixi_rosdistro/pixi_rosdistro/src/ros2/demos/demo_nodes_cpp/include>
[7.137s] -- Configured cppcheck exclude dirs and/or files: 
[7.144s] -- Added test 'cpplint' to check C / C++ code against the Google style
[7.144s] -- Configured cpplint exclude dirs and/or files: 
[7.145s] -- Added test 'flake8' to check Python code syntax and style conventions
[7.146s] -- Configured 'flake8' exclude dirs and/or files: 
[7.148s] -- Added test 'lint_cmake' to check CMake code style
[7.149s] -- Added test 'pep257' to check Python code against some of the docstring style conventions in PEP 257
[7.156s] -- Added test 'uncrustify' to check C / C++ code style
[7.156s] -- Configured uncrustify additional arguments: 
[7.158s] -- Added test 'xmllint' to check XML markup files
[7.160s] -- Configuring done (1.8s)
[7.421s] -- Generating done (0.3s)
[7.572s] -- Build files have been written to: /home/runner/work/pixi_rosdistro/pixi_rosdistro/build/demo_nodes_cpp
[7.600s] Invoked command in '/home/runner/work/pixi_rosdistro/pixi_rosdistro/build/demo_nodes_cpp' returned '0': AMENT_PREFIX_PATH=/home/runner/work/pixi_rosdistro/pixi_rosdistro/install CMAKE_PREFIX_PATH=/home/runner/work/pixi_rosdistro/pixi_rosdistro/install:${CMAKE_PREFIX_PATH} LD_LIBRARY_PATH=/home/runner/work/pixi_rosdistro/pixi_rosdistro/install/lib PATH=/home/runner/work/pixi_rosdistro/pixi_rosdistro/install/bin:/opt/microsoft/powershell/7:${PATH} PIXI_PROMPT=(ros2_rolling) PKG_CONFIG_PATH=/home/runner/work/pixi_rosdistro/pixi_rosdistro/install/lib/pkgconfig PSModulePath=/home/runner/.local/share/powershell/Modules:${PSModulePath} PYTHONPATH=/home/runner/work/pixi_rosdistro/pixi_rosdistro/install/lib/python3.12/site-packages /home/runner/work/pixi_rosdistro/pixi_rosdistro/.pixi/envs/default/bin/cmake /home/runner/work/pixi_rosdistro/pixi_rosdistro/src/ros2/demos/demo_nodes_cpp -GNinja --no-warn-unused-cli -DCMAKE_BUILD_TYPE=Release -DCMAKE_BUILD_WITH_INSTALL_RPATH:bool=TRUE -DCMAKE_POLICY_VERSION_MINIMUM=3.5 -Wno-deprecated -DSTACK_DETAILS_AUTO_DETECT:bool=FALSE -DSTACK_DETAILS_BFD:bool=FALSE -DCMAKE_INSTALL_PREFIX=/home/runner/work/pixi_rosdistro/pixi_rosdistro/install
[7.601s] Invoking command in '/home/runner/work/pixi_rosdistro/pixi_rosdistro/build/demo_nodes_cpp': AMENT_PREFIX_PATH=/home/runner/work/pixi_rosdistro/pixi_rosdistro/install CMAKE_PREFIX_PATH=/home/runner/work/pixi_rosdistro/pixi_rosdistro/install:${CMAKE_PREFIX_PATH} LD_LIBRARY_PATH=/home/runner/work/pixi_rosdistro/pixi_rosdistro/install/lib PATH=/home/runner/work/pixi_rosdistro/pixi_rosdistro/install/bin:/opt/microsoft/powershell/7:${PATH} PIXI_PROMPT=(ros2_rolling) PKG_CONFIG_PATH=/home/runner/work/pixi_rosdistro/pixi_rosdistro/install/lib/pkgconfig PSModulePath=/home/runner/.local/share/powershell/Modules:${PSModulePath} PYTHONPATH=/home/runner/work/pixi_rosdistro/pixi_rosdistro/install/lib/python3.12/site-packages /home/runner/work/pixi_rosdistro/pixi_rosdistro/.pixi/envs/default/bin/cmake --build /home/runner/work/pixi_rosdistro/pixi_rosdistro/build/demo_nodes_cpp -- -j4 -l4
[14.197s] [1/96] Building CXX object CMakeFiles/one_off_timer_library.dir/src/timers/one_off_timer.cpp.o
[20.659s] [2/96] Building CXX object CMakeFiles/reuse_timer_library.dir/src/timers/reuse_timer.cpp.o
[27.787s] [3/96] Building CXX object CMakeFiles/list_parameters_library.dir/src/parameters/list_parameters.cpp.o
[34.123s] [4/96] Building CXX object CMakeFiles/parameter_blackboard_library.dir/src/parameters/parameter_blackboard.cpp.o
[42.021s] [5/96] Building CXX object CMakeFiles/set_and_get_parameters_library.dir/src/parameters/set_and_get_parameters.cpp.o
[59.759s] [6/96] Building CXX object CMakeFiles/parameter_events_async_library.dir/src/parameters/parameter_events_async.cpp.o
[66.129s] [7/96] Building CXX object CMakeFiles/even_parameters_node_library.dir/src/parameters/even_parameters_node.cpp.o
[73.528s] [8/96] Building CXX object CMakeFiles/set_parameters_callback_library.dir/src/parameters/set_parameters_callback.cpp.o
[81.753s] [9/96] Building CXX object CMakeFiles/add_two_ints_server_library.dir/src/services/add_two_ints_server.cpp.o
[90.707s] [10/96] Building CXX object CMakeFiles/add_two_ints_client_async_library.dir/src/services/add_two_ints_client_async.cpp.o
[99.337s] [11/96] Building CXX object CMakeFiles/introspection_service_library.dir/src/services/introspection_service.cpp.o
[109.539s] [12/96] Building CXX object CMakeFiles/introspection_client_library.dir/src/services/introspection_client.cpp.o
[119.523s] [13/96] Building CXX object CMakeFiles/content_filtering_publisher_library.dir/src/topics/content_filtering_publisher.cpp.o
[135.602s] [14/96] Building CXX object CMakeFiles/content_filtering_subscriber_library.dir/src/topics/content_filtering_subscriber.cpp.o
[146.285s] [15/96] Building CXX object CMakeFiles/talker_library.dir/src/topics/talker.cpp.o
[159.400s] [16/96] Building CXX object CMakeFiles/talker_loaned_message_library.dir/src/topics/talker_loaned_message.cpp.o
[169.021s] [17/96] Building CXX object CMakeFiles/talker_serialized_message_library.dir/src/topics/talker_serialized_message.cpp.o
[186.791s] [18/96] Building CXX object CMakeFiles/listener_library.dir/src/topics/listener.cpp.o
[204.771s] [19/96] Building CXX object CMakeFiles/listener_serialized_message_library.dir/src/topics/listener_serialized_message.cpp.o
[221.588s] [20/96] Building CXX object CMakeFiles/listener_best_effort_library.dir/src/topics/listener_best_effort.cpp.o
[240.994s] [21/96] Building CXX object CMakeFiles/allocator_tutorial.dir/src/topics/allocator_tutorial_pmr.cpp.o
[249.383s] [22/96] Building CXX object CMakeFiles/add_two_ints_client.dir/src/services/add_two_ints_client.cpp.o
[256.204s] [23/96] Building CXX object CMakeFiles/list_parameters_async.dir/src/parameters/list_parameters_async.cpp.o
[272.761s] [24/96] Building CXX object CMakeFiles/parameter_events.dir/src/parameters/parameter_events.cpp.o
[293.404s] [25/96] Building CXX object CMakeFiles/parameter_event_handler.dir/src/parameters/parameter_event_handler.cpp.o
[300.438s] [26/96] Building CXX object CMakeFiles/set_and_get_parameters_async.dir/src/parameters/set_and_get_parameters_async.cpp.o
[318.200s] [27/96] Building CXX object CMakeFiles/matched_event_detect.dir/src/events/matched_event_detect.cpp.o
[338.034s] [28/96] Building CXX object CMakeFiles/use_logger_service.dir/src/logging/use_logger_service.cpp.o
[338.136s] [29/96] Linking CXX shared library libone_off_timer_library.so
[344.775s] [30/96] Building CXX object CMakeFiles/one_off_timer.dir/rclcpp_components/node_main_one_off_timer.cpp.o
[344.878s] [31/96] Linking CXX shared library libreuse_timer_library.so
[351.325s] [32/96] Building CXX object CMakeFiles/reuse_timer.dir/rclcpp_components/node_main_reuse_timer.cpp.o
[351.441s] [33/96] Linking CXX shared library liblist_parameters_library.so
[358.065s] [34/96] Building CXX object CMakeFiles/list_parameters.dir/rclcpp_components/node_main_list_parameters.cpp.o
[358.163s] [35/96] Linking CXX shared library libparameter_blackboard_library.so
[364.559s] [36/96] Building CXX object CMakeFiles/parameter_blackboard.dir/rclcpp_components/node_main_parameter_blackboard.cpp.o
[364.685s] [37/96] Linking CXX shared library libset_and_get_parameters_library.so
[371.017s] [38/96] Building CXX object CMakeFiles/set_and_get_parameters.dir/rclcpp_components/node_main_set_and_get_parameters.cpp.o
[371.161s] [39/96] Linking CXX shared library libparameter_events_async_library.so
[377.661s] [40/96] Building CXX object CMakeFiles/parameter_events_async.dir/rclcpp_components/node_main_parameter_events_async.cpp.o
[377.764s] [41/96] Linking CXX shared library libeven_parameters_node_library.so
[384.386s] [42/96] Building CXX object CMakeFiles/even_parameters_node.dir/rclcpp_components/node_main_even_parameters_node.cpp.o
[384.483s] [43/96] Linking CXX shared library libset_parameters_callback_library.so
[390.617s] [44/96] Building CXX object CMakeFiles/set_parameters_callback.dir/rclcpp_components/node_main_set_parameters_callback.cpp.o
[390.735s] [45/96] Linking CXX shared library libadd_two_ints_server_library.so
[397.098s] [46/96] Building CXX object CMakeFiles/add_two_ints_server.dir/rclcpp_components/node_main_add_two_ints_server.cpp.o
[397.209s] [47/96] Linking CXX shared library libadd_two_ints_client_async_library.so
[403.819s] [48/96] Building CXX object CMakeFiles/add_two_ints_client_async.dir/rclcpp_components/node_main_add_two_ints_client_async.cpp.o
[403.936s] [49/96] Linking CXX shared library libintrospection_service_library.so
[410.812s] [50/96] Building CXX object CMakeFiles/introspection_service.dir/rclcpp_components/node_main_introspection_service.cpp.o
[410.922s] [51/96] Linking CXX shared library libintrospection_client_library.so
[417.676s] [52/96] Building CXX object CMakeFiles/introspection_client.dir/rclcpp_components/node_main_introspection_client.cpp.o
[417.795s] [53/96] Linking CXX shared library libcontent_filtering_publisher_library.so
[424.257s] [54/96] Building CXX object CMakeFiles/content_filtering_publisher.dir/rclcpp_components/node_main_content_filtering_publisher.cpp.o
[424.393s] [55/96] Linking CXX shared library libcontent_filtering_subscriber_library.so
[430.838s] [56/96] Building CXX object CMakeFiles/content_filtering_subscriber.dir/rclcpp_components/node_main_content_filtering_subscriber.cpp.o
[430.962s] [57/96] Linking CXX shared library libtalker_library.so
[437.736s] [58/96] Building CXX object CMakeFiles/talker.dir/rclcpp_components/node_main_talker.cpp.o
[437.855s] [59/96] Linking CXX shared library libtalker_loaned_message_library.so
[444.251s] [60/96] Building CXX object CMakeFiles/talker_loaned_message.dir/rclcpp_components/node_main_talker_loaned_message.cpp.o
[444.362s] [61/96] Linking CXX shared library libtalker_serialized_message_library.so
[450.681s] [62/96] Building CXX object CMakeFiles/talker_serialized_message.dir/rclcpp_components/node_main_talker_serialized_message.cpp.o
[450.829s] [63/96] Linking CXX shared library liblistener_library.so
[457.246s] [64/96] Building CXX object CMakeFiles/listener.dir/rclcpp_components/node_main_listener.cpp.o
[457.390s] [65/96] Linking CXX shared library liblistener_serialized_message_library.so
[463.898s] [66/96] Building CXX object CMakeFiles/listener_serialized_message.dir/rclcpp_components/node_main_listener_serialized_message.cpp.o
[464.043s] [67/96] Linking CXX shared library liblistener_best_effort_library.so
[470.587s] [68/96] Building CXX object CMakeFiles/listener_best_effort.dir/rclcpp_components/node_main_listener_best_effort.cpp.o
[470.743s] [69/96] Linking CXX executable allocator_tutorial
[470.858s] [70/96] Linking CXX executable add_two_ints_client
[470.968s] [71/96] Linking CXX executable list_parameters_async
[471.100s] [72/96] Linking CXX executable parameter_events
[471.259s] [73/96] Linking CXX executable parameter_event_handler
[471.372s] [74/96] Linking CXX executable set_and_get_parameters_async
[471.525s] [75/96] Linking CXX executable matched_event_detect
[471.680s] [76/96] Linking CXX executable use_logger_service
[471.783s] [77/96] Linking CXX executable one_off_timer
[471.886s] [78/96] Linking CXX executable reuse_timer
[472.012s] [79/96] Linking CXX executable list_parameters
[472.123s] [80/96] Linking CXX executable parameter_blackboard
[472.233s] [81/96] Linking CXX executable set_and_get_parameters
[472.340s] [82/96] Linking CXX executable parameter_events_async
[472.447s] [83/96] Linking CXX executable even_parameters_node
[472.561s] [84/96] Linking CXX executable set_parameters_callback
[472.672s] [85/96] Linking CXX executable add_two_ints_server
[472.782s] [86/96] Linking CXX executable add_two_ints_client_async
[472.891s] [87/96] Linking CXX executable introspection_service
[473.006s] [88/96] Linking CXX executable introspection_client
[473.112s] [89/96] Linking CXX executable content_filtering_publisher
[473.225s] [90/96] Linking CXX executable content_filtering_subscriber
[473.338s] [91/96] Linking CXX executable talker
[473.443s] [92/96] Linking CXX executable talker_loaned_message
[473.551s] [93/96] Linking CXX executable talker_serialized_message
[473.653s] [94/96] Linking CXX executable listener
[473.747s] [95/96] Linking CXX executable listener_serialized_message
[473.845s] [96/96] Linking CXX executable listener_best_effort
[473.849s] Invoked command in '/home/runner/work/pixi_rosdistro/pixi_rosdistro/build/demo_nodes_cpp' returned '0': AMENT_PREFIX_PATH=/home/runner/work/pixi_rosdistro/pixi_rosdistro/install CMAKE_PREFIX_PATH=/home/runner/work/pixi_rosdistro/pixi_rosdistro/install:${CMAKE_PREFIX_PATH} LD_LIBRARY_PATH=/home/runner/work/pixi_rosdistro/pixi_rosdistro/install/lib PATH=/home/runner/work/pixi_rosdistro/pixi_rosdistro/install/bin:/opt/microsoft/powershell/7:${PATH} PIXI_PROMPT=(ros2_rolling) PKG_CONFIG_PATH=/home/runner/work/pixi_rosdistro/pixi_rosdistro/install/lib/pkgconfig PSModulePath=/home/runner/.local/share/powershell/Modules:${PSModulePath} PYTHONPATH=/home/runner/work/pixi_rosdistro/pixi_rosdistro/install/lib/python3.12/site-packages ROS_DOMAIN_ID=73 /home/runner/work/pixi_rosdistro/pixi_rosdistro/.pixi/envs/default/bin/cmake --build /home/runner/work/pixi_rosdistro/pixi_rosdistro/build/demo_nodes_cpp -- -j4 -l4
[473.850s] Invoking command in '/home/runner/work/pixi_rosdistro/pixi_rosdistro/build/demo_nodes_cpp': AMENT_PREFIX_PATH=/home/runner/work/pixi_rosdistro/pixi_rosdistro/install CMAKE_PREFIX_PATH=/home/runner/work/pixi_rosdistro/pixi_rosdistro/install:${CMAKE_PREFIX_PATH} LD_LIBRARY_PATH=/home/runner/work/pixi_rosdistro/pixi_rosdistro/install/lib PATH=/home/runner/work/pixi_rosdistro/pixi_rosdistro/install/bin:/opt/microsoft/powershell/7:${PATH} PIXI_PROMPT=(ros2_rolling) PKG_CONFIG_PATH=/home/runner/work/pixi_rosdistro/pixi_rosdistro/install/lib/pkgconfig PSModulePath=/home/runner/.local/share/powershell/Modules:${PSModulePath} PYTHONPATH=/home/runner/work/pixi_rosdistro/pixi_rosdistro/install/lib/python3.12/site-packages ROS_DOMAIN_ID=73 /home/runner/work/pixi_rosdistro/pixi_rosdistro/.pixi/envs/default/bin/cmake --install /home/runner/work/pixi_rosdistro/pixi_rosdistro/build/demo_nodes_cpp
[473.861s] -- Install configuration: "Release"
[473.861s] -- Installing: /home/runner/work/pixi_rosdistro/pixi_rosdistro/install/lib/demo_nodes_cpp/allocator_tutorial
[473.863s] -- Installing: /home/runner/work/pixi_rosdistro/pixi_rosdistro/install/lib/demo_nodes_cpp/add_two_ints_client
[473.864s] -- Installing: /home/runner/work/pixi_rosdistro/pixi_rosdistro/install/lib/demo_nodes_cpp/list_parameters_async
[473.864s] -- Installing: /home/runner/work/pixi_rosdistro/pixi_rosdistro/install/lib/demo_nodes_cpp/parameter_events
[473.865s] -- Installing: /home/runner/work/pixi_rosdistro/pixi_rosdistro/install/lib/demo_nodes_cpp/parameter_event_handler
[473.866s] -- Installing: /home/runner/work/pixi_rosdistro/pixi_rosdistro/install/lib/demo_nodes_cpp/set_and_get_parameters_async
[473.867s] -- Installing: /home/runner/work/pixi_rosdistro/pixi_rosdistro/install/lib/demo_nodes_cpp/matched_event_detect
[473.868s] -- Installing: /home/runner/work/pixi_rosdistro/pixi_rosdistro/install/lib/demo_nodes_cpp/use_logger_service
[473.871s] -- Installing: /home/runner/work/pixi_rosdistro/pixi_rosdistro/install/lib/libone_off_timer_library.so
[473.873s] -- Installing: /home/runner/work/pixi_rosdistro/pixi_rosdistro/install/lib/demo_nodes_cpp/one_off_timer
[473.874s] -- Installing: /home/runner/work/pixi_rosdistro/pixi_rosdistro/install/lib/libreuse_timer_library.so
[473.874s] -- Installing: /home/runner/work/pixi_rosdistro/pixi_rosdistro/install/lib/demo_nodes_cpp/reuse_timer
[473.874s] -- Installing: /home/runner/work/pixi_rosdistro/pixi_rosdistro/install/lib/liblist_parameters_library.so
[473.874s] -- Installing: /home/runner/work/pixi_rosdistro/pixi_rosdistro/install/lib/demo_nodes_cpp/list_parameters
[473.875s] -- Installing: /home/runner/work/pixi_rosdistro/pixi_rosdistro/install/lib/libparameter_blackboard_library.so
[473.875s] -- Installing: /home/runner/work/pixi_rosdistro/pixi_rosdistro/install/lib/demo_nodes_cpp/parameter_blackboard
[473.876s] -- Installing: /home/runner/work/pixi_rosdistro/pixi_rosdistro/install/lib/libset_and_get_parameters_library.so
[473.877s] -- Installing: /home/runner/work/pixi_rosdistro/pixi_rosdistro/install/lib/demo_nodes_cpp/set_and_get_parameters
[473.877s] -- Installing: /home/runner/work/pixi_rosdistro/pixi_rosdistro/install/lib/libparameter_events_async_library.so
[473.879s] -- Installing: /home/runner/work/pixi_rosdistro/pixi_rosdistro/install/lib/demo_nodes_cpp/parameter_events_async
[473.880s] -- Installing: /home/runner/work/pixi_rosdistro/pixi_rosdistro/install/lib/libeven_parameters_node_library.so
[473.881s] -- Installing: /home/runner/work/pixi_rosdistro/pixi_rosdistro/install/lib/demo_nodes_cpp/even_parameters_node
[473.881s] -- Installing: /home/runner/work/pixi_rosdistro/pixi_rosdistro/install/lib/libset_parameters_callback_library.so
[473.881s] -- Installing: /home/runner/work/pixi_rosdistro/pixi_rosdistro/install/lib/demo_nodes_cpp/set_parameters_callback
[473.881s] -- Installing: /home/runner/work/pixi_rosdistro/pixi_rosdistro/install/lib/libadd_two_ints_server_library.so
[473.882s] -- Installing: /home/runner/work/pixi_rosdistro/pixi_rosdistro/install/lib/demo_nodes_cpp/add_two_ints_server
[473.883s] -- Installing: /home/runner/work/pixi_rosdistro/pixi_rosdistro/install/lib/libadd_two_ints_client_async_library.so
[473.884s] -- Installing: /home/runner/work/pixi_rosdistro/pixi_rosdistro/install/lib/demo_nodes_cpp/add_two_ints_client_async
[473.884s] -- Installing: /home/runner/work/pixi_rosdistro/pixi_rosdistro/install/lib/libintrospection_service_library.so
[473.885s] -- Installing: /home/runner/work/pixi_rosdistro/pixi_rosdistro/install/lib/demo_nodes_cpp/introspection_service
[473.885s] -- Installing: /home/runner/work/pixi_rosdistro/pixi_rosdistro/install/lib/libintrospection_client_library.so
[473.886s] -- Installing: /home/runner/work/pixi_rosdistro/pixi_rosdistro/install/lib/demo_nodes_cpp/introspection_client
[473.886s] -- Installing: /home/runner/work/pixi_rosdistro/pixi_rosdistro/install/lib/libcontent_filtering_publisher_library.so
[473.887s] -- Installing: /home/runner/work/pixi_rosdistro/pixi_rosdistro/install/lib/demo_nodes_cpp/content_filtering_publisher
[473.887s] -- Installing: /home/runner/work/pixi_rosdistro/pixi_rosdistro/install/lib/libcontent_filtering_subscriber_library.so
[473.888s] -- Installing: /home/runner/work/pixi_rosdistro/pixi_rosdistro/install/lib/demo_nodes_cpp/content_filtering_subscriber
[473.889s] -- Installing: /home/runner/work/pixi_rosdistro/pixi_rosdistro/install/lib/libtalker_library.so
[473.889s] -- Installing: /home/runner/work/pixi_rosdistro/pixi_rosdistro/install/lib/demo_nodes_cpp/talker
[473.890s] -- Installing: /home/runner/work/pixi_rosdistro/pixi_rosdistro/install/lib/libtalker_loaned_message_library.so
[473.891s] -- Installing: /home/runner/work/pixi_rosdistro/pixi_rosdistro/install/lib/demo_nodes_cpp/talker_loaned_message
[473.891s] -- Installing: /home/runner/work/pixi_rosdistro/pixi_rosdistro/install/lib/libtalker_serialized_message_library.so
[473.892s] -- Installing: /home/runner/work/pixi_rosdistro/pixi_rosdistro/install/lib/demo_nodes_cpp/talker_serialized_message
[473.892s] -- Installing: /home/runner/work/pixi_rosdistro/pixi_rosdistro/install/lib/liblistener_library.so
[473.893s] -- Installing: /home/runner/work/pixi_rosdistro/pixi_rosdistro/install/lib/demo_nodes_cpp/listener
[473.894s] -- Installing: /home/runner/work/pixi_rosdistro/pixi_rosdistro/install/lib/liblistener_serialized_message_library.so
[473.895s] -- Installing: /home/runner/work/pixi_rosdistro/pixi_rosdistro/install/lib/demo_nodes_cpp/listener_serialized_message
[473.895s] -- Installing: /home/runner/work/pixi_rosdistro/pixi_rosdistro/install/lib/liblistener_best_effort_library.so
[473.897s] -- Installing: /home/runner/work/pixi_rosdistro/pixi_rosdistro/install/lib/demo_nodes_cpp/listener_best_effort
[473.897s] -- Installing: /home/runner/work/pixi_rosdistro/pixi_rosdistro/install/share/demo_nodes_cpp//launch
[473.898s] -- Installing: /home/runner/work/pixi_rosdistro/pixi_rosdistro/install/share/demo_nodes_cpp//launch/services
[473.898s] -- Installing: /home/runner/work/pixi_rosdistro/pixi_rosdistro/install/share/demo_nodes_cpp//launch/services/add_two_ints_async_launch.xml
[473.898s] -- Installing: /home/runner/work/pixi_rosdistro/pixi_rosdistro/install/share/demo_nodes_cpp//launch/services/add_two_ints_async_launch.py
[473.898s] -- Installing: /home/runner/work/pixi_rosdistro/pixi_rosdistro/install/share/demo_nodes_cpp//launch/services/add_two_ints_launch.py
[473.898s] -- Installing: /home/runner/work/pixi_rosdistro/pixi_rosdistro/install/share/demo_nodes_cpp//launch/services/add_two_ints_launch.xml
[473.899s] -- Installing: /home/runner/work/pixi_rosdistro/pixi_rosdistro/install/share/demo_nodes_cpp//launch/services/introspect_services_launch.py
[473.899s] -- Installing: /home/runner/work/pixi_rosdistro/pixi_rosdistro/install/share/demo_nodes_cpp//launch/topics
[473.900s] -- Installing: /home/runner/work/pixi_rosdistro/pixi_rosdistro/install/share/demo_nodes_cpp//launch/topics/talker_listener_best_effort_launch.xml
[473.900s] -- Installing: /home/runner/work/pixi_rosdistro/pixi_rosdistro/install/share/demo_nodes_cpp//launch/topics/talker_listener_launch.yaml
[473.901s] -- Installing: /home/runner/work/pixi_rosdistro/pixi_rosdistro/install/share/demo_nodes_cpp//launch/topics/talker_listener_launch.xml
[473.901s] -- Installing: /home/runner/work/pixi_rosdistro/pixi_rosdistro/install/share/demo_nodes_cpp//launch/topics/talker_listener_best_effort_launch.py
[473.901s] -- Installing: /home/runner/work/pixi_rosdistro/pixi_rosdistro/install/share/demo_nodes_cpp//launch/topics/talker_listener_launch.py
[473.901s] -- Installing: /home/runner/work/pixi_rosdistro/pixi_rosdistro/install/share/demo_nodes_cpp//launch/topics/talker_listener_best_effort_launch.yaml
[473.903s] -- Installing: /home/runner/work/pixi_rosdistro/pixi_rosdistro/install/share/ament_index/resource_index/package_run_dependencies/demo_nodes_cpp
[473.904s] -- Installing: /home/runner/work/pixi_rosdistro/pixi_rosdistro/install/share/ament_index/resource_index/parent_prefix_path/demo_nodes_cpp
[473.904s] -- Installing: /home/runner/work/pixi_rosdistro/pixi_rosdistro/install/share/demo_nodes_cpp/environment/ament_prefix_path.sh
[473.904s] -- Installing: /home/runner/work/pixi_rosdistro/pixi_rosdistro/install/share/demo_nodes_cpp/environment/ament_prefix_path.dsv
[473.904s] -- Installing: /home/runner/work/pixi_rosdistro/pixi_rosdistro/install/share/demo_nodes_cpp/environment/path.sh
[473.904s] -- Installing: /home/runner/work/pixi_rosdistro/pixi_rosdistro/install/share/demo_nodes_cpp/environment/path.dsv
[473.904s] -- Installing: /home/runner/work/pixi_rosdistro/pixi_rosdistro/install/share/demo_nodes_cpp/local_setup.bash
[473.909s] -- Installing: /home/runner/work/pixi_rosdistro/pixi_rosdistro/install/share/demo_nodes_cpp/local_setup.fish
[473.909s] -- Installing: /home/runner/work/pixi_rosdistro/pixi_rosdistro/install/share/demo_nodes_cpp/local_setup.sh
[473.910s] -- Installing: /home/runner/work/pixi_rosdistro/pixi_rosdistro/install/share/demo_nodes_cpp/local_setup.zsh
[473.910s] -- Installing: /home/runner/work/pixi_rosdistro/pixi_rosdistro/install/share/demo_nodes_cpp/local_setup.dsv
[473.910s] -- Installing: /home/runner/work/pixi_rosdistro/pixi_rosdistro/install/share/demo_nodes_cpp/package.dsv
[473.910s] -- Installing: /home/runner/work/pixi_rosdistro/pixi_rosdistro/install/share/ament_index/resource_index/packages/demo_nodes_cpp
[473.910s] -- Installing: /home/runner/work/pixi_rosdistro/pixi_rosdistro/install/share/ament_index/resource_index/rclcpp_components/demo_nodes_cpp
[473.910s] -- Installing: /home/runner/work/pixi_rosdistro/pixi_rosdistro/install/share/demo_nodes_cpp/cmake/demo_nodes_cppConfig.cmake
[473.910s] -- Installing: /home/runner/work/pixi_rosdistro/pixi_rosdistro/install/share/demo_nodes_cpp/cmake/demo_nodes_cppConfig-version.cmake
[473.910s] -- Installing: /home/runner/work/pixi_rosdistro/pixi_rosdistro/install/share/demo_nodes_cpp/package.xml
[473.910s] Invoked command in '/home/runner/work/pixi_rosdistro/pixi_rosdistro/build/demo_nodes_cpp' returned '0': AMENT_PREFIX_PATH=/home/runner/work/pixi_rosdistro/pixi_rosdistro/install CMAKE_PREFIX_PATH=/home/runner/work/pixi_rosdistro/pixi_rosdistro/install:${CMAKE_PREFIX_PATH} LD_LIBRARY_PATH=/home/runner/work/pixi_rosdistro/pixi_rosdistro/install/lib PATH=/home/runner/work/pixi_rosdistro/pixi_rosdistro/install/bin:/opt/microsoft/powershell/7:${PATH} PIXI_PROMPT=(ros2_rolling) PKG_CONFIG_PATH=/home/runner/work/pixi_rosdistro/pixi_rosdistro/install/lib/pkgconfig PSModulePath=/home/runner/.local/share/powershell/Modules:${PSModulePath} PYTHONPATH=/home/runner/work/pixi_rosdistro/pixi_rosdistro/install/lib/python3.12/site-packages ROS_DOMAIN_ID=73 /home/runner/work/pixi_rosdistro/pixi_rosdistro/.pixi/envs/default/bin/cmake --install /home/runner/work/pixi_rosdistro/pixi_rosdistro/build/demo_nodes_cpp
