[0.682s] Invoking command in '/Users/runner/work/pixi_rosdistro/pixi_rosdistro/build/spdlog_vendor': AMENT_PREFIX_PATH=/Users/runner/work/pixi_rosdistro/pixi_rosdistro/install CMAKE_PREFIX_PATH=/Users/runner/work/pixi_rosdistro/pixi_rosdistro/install PATH=/Users/runner/work/pixi_rosdistro/pixi_rosdistro/install/bin:${PATH} PIXI_PROMPT=(ros2_rolling) PKG_CONFIG_PATH=/Users/runner/work/pixi_rosdistro/pixi_rosdistro/install/lib/pkgconfig PYTHONPATH=/Users/runner/work/pixi_rosdistro/pixi_rosdistro/install/lib/python3.12/site-packages SHLVL=3 _=/usr/bin/env /Users/runner/work/pixi_rosdistro/pixi_rosdistro/.pixi/envs/default/bin/cmake /Users/runner/work/pixi_rosdistro/pixi_rosdistro/src/ros2/spdlog_vendor -GNinja --no-warn-unused-cli -DCMAKE_BUILD_TYPE=Release -DCMAKE_BUILD_WITH_INSTALL_RPATH:bool=TRUE -DCMAKE_POLICY_VERSION_MINIMUM=3.5 -Wno-deprecated -DSTACK_DETAILS_AUTO_DETECT:bool=FALSE -DSTACK_DETAILS_BFD:bool=FALSE -DCMAKE_INSTALL_PREFIX=/Users/runner/work/pixi_rosdistro/pixi_rosdistro/install
[1.083s] Not searching for unused variables given on the command line.
[1.083s] -- The CXX compiler identification is AppleClang 17.0.0.17000013
[1.201s] -- Detecting CXX compiler ABI info
[1.661s] -- Detecting CXX compiler ABI info - done
[1.717s] -- Check for working CXX compiler: /usr/bin/c++ - skipped
[1.717s] -- Detecting CXX compile features
[1.717s] -- Detecting CXX compile features - done
[1.732s] -- Found ament_cmake: 2.8.6 (/Users/runner/work/pixi_rosdistro/pixi_rosdistro/install/share/ament_cmake/cmake)
[2.366s] -- Found ament_cmake_vendor_package: 2.8.6 (/Users/runner/work/pixi_rosdistro/pixi_rosdistro/install/share/ament_cmake_vendor_package/cmake)
[2.393s] -- Performing Test CMAKE_HAVE_LIBC_PTHREAD
[2.910s] -- Performing Test CMAKE_HAVE_LIBC_PTHREAD - Success
[2.911s] -- Found Threads: TRUE
[2.943s] -- Skipping vendor package build for 'spdlog_vendor', which is already satisfied
[2.951s] -- Found ament_lint_auto: 0.20.3 (/Users/runner/work/pixi_rosdistro/pixi_rosdistro/install/share/ament_lint_auto/cmake)
[3.294s] -- Added test 'copyright' to check source files copyright and LICENSE
[3.310s] -- Added test 'lint_cmake' to check CMake code style
[3.316s] -- Added test 'xmllint' to check XML markup files
[3.320s] -- Configuring done (2.6s)
[3.350s] -- Generating done (0.0s)
[3.369s] -- Build files have been written to: /Users/runner/work/pixi_rosdistro/pixi_rosdistro/build/spdlog_vendor
[3.374s] Invoked command in '/Users/runner/work/pixi_rosdistro/pixi_rosdistro/build/spdlog_vendor' returned '0': AMENT_PREFIX_PATH=/Users/runner/work/pixi_rosdistro/pixi_rosdistro/install CMAKE_PREFIX_PATH=/Users/runner/work/pixi_rosdistro/pixi_rosdistro/install PATH=/Users/runner/work/pixi_rosdistro/pixi_rosdistro/install/bin:${PATH} PIXI_PROMPT=(ros2_rolling) PKG_CONFIG_PATH=/Users/runner/work/pixi_rosdistro/pixi_rosdistro/install/lib/pkgconfig PYTHONPATH=/Users/runner/work/pixi_rosdistro/pixi_rosdistro/install/lib/python3.12/site-packages SHLVL=3 _=/usr/bin/env /Users/runner/work/pixi_rosdistro/pixi_rosdistro/.pixi/envs/default/bin/cmake /Users/runner/work/pixi_rosdistro/pixi_rosdistro/src/ros2/spdlog_vendor -GNinja --no-warn-unused-cli -DCMAKE_BUILD_TYPE=Release -DCMAKE_BUILD_WITH_INSTALL_RPATH:bool=TRUE -DCMAKE_POLICY_VERSION_MINIMUM=3.5 -Wno-deprecated -DSTACK_DETAILS_AUTO_DETECT:bool=FALSE -DSTACK_DETAILS_BFD:bool=FALSE -DCMAKE_INSTALL_PREFIX=/Users/runner/work/pixi_rosdistro/pixi_rosdistro/install
[3.374s] Invoking command in '/Users/runner/work/pixi_rosdistro/pixi_rosdistro/build/spdlog_vendor': AMENT_PREFIX_PATH=/Users/runner/work/pixi_rosdistro/pixi_rosdistro/install CMAKE_PREFIX_PATH=/Users/runner/work/pixi_rosdistro/pixi_rosdistro/install PATH=/Users/runner/work/pixi_rosdistro/pixi_rosdistro/install/bin:${PATH} PIXI_PROMPT=(ros2_rolling) PKG_CONFIG_PATH=/Users/runner/work/pixi_rosdistro/pixi_rosdistro/install/lib/pkgconfig PYTHONPATH=/Users/runner/work/pixi_rosdistro/pixi_rosdistro/install/lib/python3.12/site-packages SHLVL=3 _=/usr/bin/env /Users/runner/work/pixi_rosdistro/pixi_rosdistro/.pixi/envs/default/bin/cmake --build /Users/runner/work/pixi_rosdistro/pixi_rosdistro/build/spdlog_vendor -- -j3 -l3
[3.397s] ninja: no work to do.
[3.400s] Invoked command in '/Users/runner/work/pixi_rosdistro/pixi_rosdistro/build/spdlog_vendor' returned '0': AMENT_PREFIX_PATH=/Users/runner/work/pixi_rosdistro/pixi_rosdistro/install CMAKE_PREFIX_PATH=/Users/runner/work/pixi_rosdistro/pixi_rosdistro/install PATH=/Users/runner/work/pixi_rosdistro/pixi_rosdistro/install/bin:${PATH} PIXI_PROMPT=(ros2_rolling) PKG_CONFIG_PATH=/Users/runner/work/pixi_rosdistro/pixi_rosdistro/install/lib/pkgconfig PYTHONPATH=/Users/runner/work/pixi_rosdistro/pixi_rosdistro/install/lib/python3.12/site-packages SHLVL=3 _=/usr/bin/env /Users/runner/work/pixi_rosdistro/pixi_rosdistro/.pixi/envs/default/bin/cmake --build /Users/runner/work/pixi_rosdistro/pixi_rosdistro/build/spdlog_vendor -- -j3 -l3
[3.401s] Invoking command in '/Users/runner/work/pixi_rosdistro/pixi_rosdistro/build/spdlog_vendor': AMENT_PREFIX_PATH=/Users/runner/work/pixi_rosdistro/pixi_rosdistro/install CMAKE_PREFIX_PATH=/Users/runner/work/pixi_rosdistro/pixi_rosdistro/install PATH=/Users/runner/work/pixi_rosdistro/pixi_rosdistro/install/bin:${PATH} PIXI_PROMPT=(ros2_rolling) PKG_CONFIG_PATH=/Users/runner/work/pixi_rosdistro/pixi_rosdistro/install/lib/pkgconfig PYTHONPATH=/Users/runner/work/pixi_rosdistro/pixi_rosdistro/install/lib/python3.12/site-packages SHLVL=3 _=/usr/bin/env /Users/runner/work/pixi_rosdistro/pixi_rosdistro/.pixi/envs/default/bin/cmake --install /Users/runner/work/pixi_rosdistro/pixi_rosdistro/build/spdlog_vendor
[3.430s] -- Install configuration: "Release"
[3.430s] -- Installing: /Users/runner/work/pixi_rosdistro/pixi_rosdistro/install/share/ament_index/resource_index/package_run_dependencies/spdlog_vendor
[3.430s] -- Installing: /Users/runner/work/pixi_rosdistro/pixi_rosdistro/install/share/ament_index/resource_index/parent_prefix_path/spdlog_vendor
[3.431s] -- Installing: /Users/runner/work/pixi_rosdistro/pixi_rosdistro/install/share/spdlog_vendor/environment/ament_prefix_path.sh
[3.431s] -- Installing: /Users/runner/work/pixi_rosdistro/pixi_rosdistro/install/share/spdlog_vendor/environment/ament_prefix_path.dsv
[3.432s] -- Installing: /Users/runner/work/pixi_rosdistro/pixi_rosdistro/install/share/spdlog_vendor/environment/path.sh
[3.432s] -- Installing: /Users/runner/work/pixi_rosdistro/pixi_rosdistro/install/share/spdlog_vendor/environment/path.dsv
[3.432s] -- Installing: /Users/runner/work/pixi_rosdistro/pixi_rosdistro/install/share/spdlog_vendor/local_setup.bash
[3.432s] -- Installing: /Users/runner/work/pixi_rosdistro/pixi_rosdistro/install/share/spdlog_vendor/local_setup.fish
[3.432s] -- Installing: /Users/runner/work/pixi_rosdistro/pixi_rosdistro/install/share/spdlog_vendor/local_setup.sh
[3.433s] -- Installing: /Users/runner/work/pixi_rosdistro/pixi_rosdistro/install/share/spdlog_vendor/local_setup.zsh
[3.434s] -- Installing: /Users/runner/work/pixi_rosdistro/pixi_rosdistro/install/share/spdlog_vendor/local_setup.dsv
[3.434s] -- Installing: /Users/runner/work/pixi_rosdistro/pixi_rosdistro/install/share/spdlog_vendor/package.dsv
[3.435s] -- Installing: /Users/runner/work/pixi_rosdistro/pixi_rosdistro/install/share/ament_index/resource_index/packages/spdlog_vendor
[3.435s] -- Installing: /Users/runner/work/pixi_rosdistro/pixi_rosdistro/install/share/spdlog_vendor/cmake/spdlog_vendorConfig.cmake
[3.436s] -- Installing: /Users/runner/work/pixi_rosdistro/pixi_rosdistro/install/share/spdlog_vendor/cmake/spdlog_vendorConfig-version.cmake
[3.436s] -- Installing: /Users/runner/work/pixi_rosdistro/pixi_rosdistro/install/share/spdlog_vendor/package.xml
[3.443s] Invoked command in '/Users/runner/work/pixi_rosdistro/pixi_rosdistro/build/spdlog_vendor' returned '0': AMENT_PREFIX_PATH=/Users/runner/work/pixi_rosdistro/pixi_rosdistro/install CMAKE_PREFIX_PATH=/Users/runner/work/pixi_rosdistro/pixi_rosdistro/install PATH=/Users/runner/work/pixi_rosdistro/pixi_rosdistro/install/bin:${PATH} PIXI_PROMPT=(ros2_rolling) PKG_CONFIG_PATH=/Users/runner/work/pixi_rosdistro/pixi_rosdistro/install/lib/pkgconfig PYTHONPATH=/Users/runner/work/pixi_rosdistro/pixi_rosdistro/install/lib/python3.12/site-packages SHLVL=3 _=/usr/bin/env /Users/runner/work/pixi_rosdistro/pixi_rosdistro/.pixi/envs/default/bin/cmake --install /Users/runner/work/pixi_rosdistro/pixi_rosdistro/build/spdlog_vendor
