[3.895s] Invoking command in '/home/runner/work/pixi_rosdistro/pixi_rosdistro/build/resource_retriever': AMENT_PREFIX_PATH=/home/runner/work/pixi_rosdistro/pixi_rosdistro/install CMAKE_PREFIX_PATH=/home/runner/work/pixi_rosdistro/pixi_rosdistro/install:${CMAKE_PREFIX_PATH} LD_LIBRARY_PATH=/home/runner/work/pixi_rosdistro/pixi_rosdistro/install/lib PATH=/home/runner/work/pixi_rosdistro/pixi_rosdistro/install/bin:/opt/microsoft/powershell/7:${PATH} PIXI_PROMPT=(ros2_rolling) PKG_CONFIG_PATH=/home/runner/work/pixi_rosdistro/pixi_rosdistro/install/lib/pkgconfig PSModulePath=/home/runner/.local/share/powershell/Modules:${PSModulePath} PYTHONPATH=/home/runner/work/pixi_rosdistro/pixi_rosdistro/install/lib/python3.12/site-packages /home/runner/work/pixi_rosdistro/pixi_rosdistro/.pixi/envs/default/bin/cmake /home/runner/work/pixi_rosdistro/pixi_rosdistro/src/ros/resource_retriever/resource_retriever -GNinja --no-warn-unused-cli -DCMAKE_BUILD_TYPE=Release -DCMAKE_BUILD_WITH_INSTALL_RPATH:bool=TRUE -DCMAKE_POLICY_VERSION_MINIMUM=3.5 -Wno-deprecated -DSTACK_DETAILS_AUTO_DETECT:bool=FALSE -DSTACK_DETAILS_BFD:bool=FALSE -DTRACETOOLS_DISABLED=ON -DCMAKE_INSTALL_PREFIX=/home/runner/work/pixi_rosdistro/pixi_rosdistro/install
[3.976s] Not searching for unused variables given on the command line.
[3.976s] -- The C compiler identification is GNU 14.3.0
[4.113s] -- The CXX compiler identification is GNU 14.3.0
[4.125s] -- Detecting C compiler ABI info
[4.258s] -- Detecting C compiler ABI info - done
[4.291s] -- Check for working C compiler: /home/runner/work/pixi_rosdistro/pixi_rosdistro/.pixi/envs/default/bin/x86_64-conda-linux-gnu-cc - skipped
[4.292s] -- Detecting C compile features
[4.292s] -- Detecting C compile features - done
[4.310s] -- Detecting CXX compiler ABI info
[4.481s] -- Detecting CXX compiler ABI info - done
[4.525s] -- Check for working CXX compiler: /home/runner/work/pixi_rosdistro/pixi_rosdistro/.pixi/envs/default/bin/x86_64-conda-linux-gnu-c++ - skipped
[4.525s] -- Detecting CXX compile features
[4.527s] -- Detecting CXX compile features - done
[4.541s] -- Found ament_cmake_ros: 0.15.6 (/home/runner/work/pixi_rosdistro/pixi_rosdistro/install/share/ament_cmake_ros/cmake)
[4.781s] -- Found ament_index_cpp: 1.13.2 (/home/runner/work/pixi_rosdistro/pixi_rosdistro/install/share/ament_index_cpp/cmake)
[5.308s] -- Found CURL: /home/runner/work/pixi_rosdistro/pixi_rosdistro/.pixi/envs/default/lib/libcurl.so (found version "8.18.0")
[5.449s] -- Found ament_lint_auto: 0.20.3 (/home/runner/work/pixi_rosdistro/pixi_rosdistro/install/share/ament_lint_auto/cmake)
[5.576s] -- Found gtest sources under '/home/runner/work/pixi_rosdistro/pixi_rosdistro/install/src/gtest_vendor': C++ tests using 'Google Test' will be built
[5.579s] -- Performing Test CMAKE_HAVE_LIBC_PTHREAD
[5.713s] -- Performing Test CMAKE_HAVE_LIBC_PTHREAD - Failed
[5.713s] -- Check if compiler accepts -pthread
[5.849s] -- Check if compiler accepts -pthread - yes
[5.850s] -- Found Threads: TRUE
[6.042s] -- Added test 'copyright' to check source files copyright and LICENSE
[6.045s] -- Added test 'cppcheck' to perform static code analysis on C / C++ code
[6.046s] -- Configured cppcheck include dirs: $<BUILD_INTERFACE:/home/runner/work/pixi_rosdistro/pixi_rosdistro/src/ros/resource_retriever/resource_retriever/include>
[6.046s] -- Configured cppcheck exclude dirs and/or files: 
[6.048s] -- Added test 'cpplint' to check C / C++ code against the Google style
[6.048s] -- Configured cpplint exclude dirs and/or files: 
[6.049s] -- Added test 'flake8' to check Python code syntax and style conventions
[6.050s] -- Configured 'flake8' exclude dirs and/or files: 
[6.051s] -- Added test 'lint_cmake' to check CMake code style
[6.052s] -- Added test 'pep257' to check Python code against some of the docstring style conventions in PEP 257
[6.054s] -- Added test 'uncrustify' to check C / C++ code style
[6.054s] -- Configured uncrustify additional arguments: 
[6.055s] -- Added test 'xmllint' to check XML markup files
[6.057s] -- Configuring done (2.2s)
[6.073s] -- Generating done (0.0s)
[6.077s] -- Build files have been written to: /home/runner/work/pixi_rosdistro/pixi_rosdistro/build/resource_retriever
[6.084s] Invoked command in '/home/runner/work/pixi_rosdistro/pixi_rosdistro/build/resource_retriever' returned '0': AMENT_PREFIX_PATH=/home/runner/work/pixi_rosdistro/pixi_rosdistro/install CMAKE_PREFIX_PATH=/home/runner/work/pixi_rosdistro/pixi_rosdistro/install:${CMAKE_PREFIX_PATH} LD_LIBRARY_PATH=/home/runner/work/pixi_rosdistro/pixi_rosdistro/install/lib PATH=/home/runner/work/pixi_rosdistro/pixi_rosdistro/install/bin:/opt/microsoft/powershell/7:${PATH} PIXI_PROMPT=(ros2_rolling) PKG_CONFIG_PATH=/home/runner/work/pixi_rosdistro/pixi_rosdistro/install/lib/pkgconfig PSModulePath=/home/runner/.local/share/powershell/Modules:${PSModulePath} PYTHONPATH=/home/runner/work/pixi_rosdistro/pixi_rosdistro/install/lib/python3.12/site-packages /home/runner/work/pixi_rosdistro/pixi_rosdistro/.pixi/envs/default/bin/cmake /home/runner/work/pixi_rosdistro/pixi_rosdistro/src/ros/resource_retriever/resource_retriever -GNinja --no-warn-unused-cli -DCMAKE_BUILD_TYPE=Release -DCMAKE_BUILD_WITH_INSTALL_RPATH:bool=TRUE -DCMAKE_POLICY_VERSION_MINIMUM=3.5 -Wno-deprecated -DSTACK_DETAILS_AUTO_DETECT:bool=FALSE -DSTACK_DETAILS_BFD:bool=FALSE -DTRACETOOLS_DISABLED=ON -DCMAKE_INSTALL_PREFIX=/home/runner/work/pixi_rosdistro/pixi_rosdistro/install
[6.085s] Invoking command in '/home/runner/work/pixi_rosdistro/pixi_rosdistro/build/resource_retriever': AMENT_PREFIX_PATH=/home/runner/work/pixi_rosdistro/pixi_rosdistro/install CMAKE_PREFIX_PATH=/home/runner/work/pixi_rosdistro/pixi_rosdistro/install:${CMAKE_PREFIX_PATH} LD_LIBRARY_PATH=/home/runner/work/pixi_rosdistro/pixi_rosdistro/install/lib PATH=/home/runner/work/pixi_rosdistro/pixi_rosdistro/install/bin:/opt/microsoft/powershell/7:${PATH} PIXI_PROMPT=(ros2_rolling) PKG_CONFIG_PATH=/home/runner/work/pixi_rosdistro/pixi_rosdistro/install/lib/pkgconfig PSModulePath=/home/runner/.local/share/powershell/Modules:${PSModulePath} PYTHONPATH=/home/runner/work/pixi_rosdistro/pixi_rosdistro/install/lib/python3.12/site-packages /home/runner/work/pixi_rosdistro/pixi_rosdistro/.pixi/envs/default/bin/cmake --build /home/runner/work/pixi_rosdistro/pixi_rosdistro/build/resource_retriever -- -j4 -l4
[6.297s] [1/13] Building CXX object CMakeFiles/resource_retriever.dir/src/retriever.cpp.o
[6.536s] [2/13] Building CXX object CMakeFiles/resource_retriever.dir/src/plugins/retriever_plugin.cpp.o
[6.823s] [3/13] Building CXX object CMakeFiles/resource_retriever.dir/src/plugins/filesystem_retriever.cpp.o
[7.032s] [4/13] Building CXX object CMakeFiles/resource_retriever.dir/src/plugins/curl_retriever.cpp.o
[7.454s] [5/13] Building CXX object gtest/CMakeFiles/gtest.dir/src/gtest-all.cc.o
[7.690s] [6/13] Building CXX object gtest/CMakeFiles/gtest_main.dir/src/gtest_main.cc.o
[7.749s] [7/13] Linking CXX shared library libresource_retriever.so
[8.113s] [8/13] Building CXX object CMakeFiles/resource_retriever_test.dir/test/test.cpp.o
[8.121s] [9/13] cd /home/runner/work/pixi_rosdistro/pixi_rosdistro/build/resource_retriever && /home/runner/work/pixi_rosdistro/pixi_rosdistro/.pixi/envs/default/bin/cmake -E copy_directory /home/runner/work/pixi_rosdistro/pixi_rosdistro/src/ros/resource_retriever/resource_retriever/src/resource_retriever /home/runner/work/pixi_rosdistro/pixi_rosdistro/build/resource_retriever/ament_cmake_python/resource_retriever/resource_retriever
[8.142s] [10/13] Linking CXX static library gtest/libgtest.a
[8.153s] [11/13] Linking CXX static library gtest/libgtest_main.a
[8.244s] [12/13] Linking CXX executable resource_retriever_test
[8.473s] [13/13] cd /home/runner/work/pixi_rosdistro/pixi_rosdistro/build/resource_retriever/ament_cmake_python/resource_retriever && /home/runner/work/pixi_rosdistro/pixi_rosdistro/.pixi/envs/default/bin/python3 setup.py egg_info
[8.473s] running egg_info
[8.473s] creating resource_retriever.egg-info
[8.474s] writing resource_retriever.egg-info/PKG-INFO
[8.474s] writing dependency_links to resource_retriever.egg-info/dependency_links.txt
[8.474s] writing top-level names to resource_retriever.egg-info/top_level.txt
[8.474s] writing manifest file 'resource_retriever.egg-info/SOURCES.txt'
[8.474s] reading manifest file 'resource_retriever.egg-info/SOURCES.txt'
[8.474s] writing manifest file 'resource_retriever.egg-info/SOURCES.txt'
[8.475s] Invoked command in '/home/runner/work/pixi_rosdistro/pixi_rosdistro/build/resource_retriever' returned '0': AMENT_PREFIX_PATH=/home/runner/work/pixi_rosdistro/pixi_rosdistro/install CMAKE_PREFIX_PATH=/home/runner/work/pixi_rosdistro/pixi_rosdistro/install:${CMAKE_PREFIX_PATH} LD_LIBRARY_PATH=/home/runner/work/pixi_rosdistro/pixi_rosdistro/install/lib PATH=/home/runner/work/pixi_rosdistro/pixi_rosdistro/install/bin:/opt/microsoft/powershell/7:${PATH} PIXI_PROMPT=(ros2_rolling) PKG_CONFIG_PATH=/home/runner/work/pixi_rosdistro/pixi_rosdistro/install/lib/pkgconfig PSModulePath=/home/runner/.local/share/powershell/Modules:${PSModulePath} PYTHONPATH=/home/runner/work/pixi_rosdistro/pixi_rosdistro/install/lib/python3.12/site-packages /home/runner/work/pixi_rosdistro/pixi_rosdistro/.pixi/envs/default/bin/cmake --build /home/runner/work/pixi_rosdistro/pixi_rosdistro/build/resource_retriever -- -j4 -l4
[8.477s] Invoking command in '/home/runner/work/pixi_rosdistro/pixi_rosdistro/build/resource_retriever': AMENT_PREFIX_PATH=/home/runner/work/pixi_rosdistro/pixi_rosdistro/install CMAKE_PREFIX_PATH=/home/runner/work/pixi_rosdistro/pixi_rosdistro/install:${CMAKE_PREFIX_PATH} LD_LIBRARY_PATH=/home/runner/work/pixi_rosdistro/pixi_rosdistro/install/lib PATH=/home/runner/work/pixi_rosdistro/pixi_rosdistro/install/bin:/opt/microsoft/powershell/7:${PATH} PIXI_PROMPT=(ros2_rolling) PKG_CONFIG_PATH=/home/runner/work/pixi_rosdistro/pixi_rosdistro/install/lib/pkgconfig PSModulePath=/home/runner/.local/share/powershell/Modules:${PSModulePath} PYTHONPATH=/home/runner/work/pixi_rosdistro/pixi_rosdistro/install/lib/python3.12/site-packages /home/runner/work/pixi_rosdistro/pixi_rosdistro/.pixi/envs/default/bin/cmake --install /home/runner/work/pixi_rosdistro/pixi_rosdistro/build/resource_retriever
[8.484s] -- Install configuration: "Release"
[8.484s] -- Installing: /home/runner/work/pixi_rosdistro/pixi_rosdistro/install/share/resource_retriever/environment/library_path.sh
[8.484s] -- Installing: /home/runner/work/pixi_rosdistro/pixi_rosdistro/install/share/resource_retriever/environment/library_path.dsv
[8.485s] -- Installing: /home/runner/work/pixi_rosdistro/pixi_rosdistro/install/share/resource_retriever/environment/pythonpath.sh
[8.485s] -- Installing: /home/runner/work/pixi_rosdistro/pixi_rosdistro/install/share/resource_retriever/environment/pythonpath.dsv
[8.485s] -- Installing: /home/runner/work/pixi_rosdistro/pixi_rosdistro/install/share/resource_retriever/test/test.txt
[8.485s] -- Installing: /home/runner/work/pixi_rosdistro/pixi_rosdistro/install/lib/libresource_retriever.so
[8.486s] -- Installing: /home/runner/work/pixi_rosdistro/pixi_rosdistro/install/include/resource_retriever
[8.486s] -- Installing: /home/runner/work/pixi_rosdistro/pixi_rosdistro/install/include/resource_retriever/resource_retriever
[8.486s] -- Installing: /home/runner/work/pixi_rosdistro/pixi_rosdistro/install/include/resource_retriever/resource_retriever/visibility_control.hpp
[8.486s] -- Installing: /home/runner/work/pixi_rosdistro/pixi_rosdistro/install/include/resource_retriever/resource_retriever/exception.hpp
[8.487s] -- Installing: /home/runner/work/pixi_rosdistro/pixi_rosdistro/install/include/resource_retriever/resource_retriever/resource.hpp
[8.487s] -- Installing: /home/runner/work/pixi_rosdistro/pixi_rosdistro/install/include/resource_retriever/resource_retriever/plugins
[8.487s] -- Installing: /home/runner/work/pixi_rosdistro/pixi_rosdistro/install/include/resource_retriever/resource_retriever/plugins/retriever_plugin.hpp
[8.488s] -- Installing: /home/runner/work/pixi_rosdistro/pixi_rosdistro/install/include/resource_retriever/resource_retriever/plugins/filesystem_retriever.hpp
[8.488s] -- Installing: /home/runner/work/pixi_rosdistro/pixi_rosdistro/install/include/resource_retriever/resource_retriever/plugins/curl_retriever.hpp
[8.488s] -- Installing: /home/runner/work/pixi_rosdistro/pixi_rosdistro/install/include/resource_retriever/resource_retriever/retriever.hpp
[8.488s] -- Installing: /home/runner/work/pixi_rosdistro/pixi_rosdistro/install/share/ament_index/resource_index/package_run_dependencies/resource_retriever
[8.488s] -- Installing: /home/runner/work/pixi_rosdistro/pixi_rosdistro/install/share/ament_index/resource_index/parent_prefix_path/resource_retriever
[8.489s] -- Installing: /home/runner/work/pixi_rosdistro/pixi_rosdistro/install/share/resource_retriever/environment/ament_prefix_path.sh
[8.489s] -- Installing: /home/runner/work/pixi_rosdistro/pixi_rosdistro/install/share/resource_retriever/environment/ament_prefix_path.dsv
[8.489s] -- Installing: /home/runner/work/pixi_rosdistro/pixi_rosdistro/install/share/resource_retriever/environment/path.sh
[8.489s] -- Installing: /home/runner/work/pixi_rosdistro/pixi_rosdistro/install/share/resource_retriever/environment/path.dsv
[8.489s] -- Installing: /home/runner/work/pixi_rosdistro/pixi_rosdistro/install/share/resource_retriever/local_setup.bash
[8.489s] -- Installing: /home/runner/work/pixi_rosdistro/pixi_rosdistro/install/share/resource_retriever/local_setup.fish
[8.490s] -- Installing: /home/runner/work/pixi_rosdistro/pixi_rosdistro/install/share/resource_retriever/local_setup.sh
[8.490s] -- Installing: /home/runner/work/pixi_rosdistro/pixi_rosdistro/install/share/resource_retriever/local_setup.zsh
[8.490s] -- Installing: /home/runner/work/pixi_rosdistro/pixi_rosdistro/install/share/resource_retriever/local_setup.dsv
[8.490s] -- Installing: /home/runner/work/pixi_rosdistro/pixi_rosdistro/install/share/resource_retriever/package.dsv
[8.490s] -- Installing: /home/runner/work/pixi_rosdistro/pixi_rosdistro/install/share/ament_index/resource_index/packages/resource_retriever
[8.491s] -- Installing: /home/runner/work/pixi_rosdistro/pixi_rosdistro/install/share/resource_retriever/cmake/resource_retrieverExport.cmake
[8.491s] -- Installing: /home/runner/work/pixi_rosdistro/pixi_rosdistro/install/share/resource_retriever/cmake/resource_retrieverExport-release.cmake
[8.491s] -- Installing: /home/runner/work/pixi_rosdistro/pixi_rosdistro/install/lib/python3.12/site-packages/resource_retriever-3.9.2-py3.12.egg-info
[8.491s] -- Installing: /home/runner/work/pixi_rosdistro/pixi_rosdistro/install/lib/python3.12/site-packages/resource_retriever-3.9.2-py3.12.egg-info/dependency_links.txt
[8.491s] -- Installing: /home/runner/work/pixi_rosdistro/pixi_rosdistro/install/lib/python3.12/site-packages/resource_retriever-3.9.2-py3.12.egg-info/top_level.txt
[8.492s] -- Installing: /home/runner/work/pixi_rosdistro/pixi_rosdistro/install/lib/python3.12/site-packages/resource_retriever-3.9.2-py3.12.egg-info/PKG-INFO
[8.492s] -- Installing: /home/runner/work/pixi_rosdistro/pixi_rosdistro/install/lib/python3.12/site-packages/resource_retriever-3.9.2-py3.12.egg-info/SOURCES.txt
[8.492s] -- Installing: /home/runner/work/pixi_rosdistro/pixi_rosdistro/install/lib/python3.12/site-packages/resource_retriever
[8.492s] -- Installing: /home/runner/work/pixi_rosdistro/pixi_rosdistro/install/lib/python3.12/site-packages/resource_retriever/__init__.py
[8.535s] Listing '/home/runner/work/pixi_rosdistro/pixi_rosdistro/install/lib/python3.12/site-packages/resource_retriever'...
[8.535s] Compiling '/home/runner/work/pixi_rosdistro/pixi_rosdistro/install/lib/python3.12/site-packages/resource_retriever/__init__.py'...
[8.543s] -- Installing: /home/runner/work/pixi_rosdistro/pixi_rosdistro/install/share/resource_retriever/cmake/ament_cmake_export_include_directories-extras.cmake
[8.543s] -- Installing: /home/runner/work/pixi_rosdistro/pixi_rosdistro/install/share/resource_retriever/cmake/ament_cmake_export_targets-extras.cmake
[8.543s] -- Installing: /home/runner/work/pixi_rosdistro/pixi_rosdistro/install/share/resource_retriever/cmake/resource_retrieverConfig.cmake
[8.543s] -- Installing: /home/runner/work/pixi_rosdistro/pixi_rosdistro/install/share/resource_retriever/cmake/resource_retrieverConfig-version.cmake
[8.543s] -- Installing: /home/runner/work/pixi_rosdistro/pixi_rosdistro/install/share/resource_retriever/package.xml
[8.551s] Invoked command in '/home/runner/work/pixi_rosdistro/pixi_rosdistro/build/resource_retriever' returned '0': AMENT_PREFIX_PATH=/home/runner/work/pixi_rosdistro/pixi_rosdistro/install CMAKE_PREFIX_PATH=/home/runner/work/pixi_rosdistro/pixi_rosdistro/install:${CMAKE_PREFIX_PATH} LD_LIBRARY_PATH=/home/runner/work/pixi_rosdistro/pixi_rosdistro/install/lib PATH=/home/runner/work/pixi_rosdistro/pixi_rosdistro/install/bin:/opt/microsoft/powershell/7:${PATH} PIXI_PROMPT=(ros2_rolling) PKG_CONFIG_PATH=/home/runner/work/pixi_rosdistro/pixi_rosdistro/install/lib/pkgconfig PSModulePath=/home/runner/.local/share/powershell/Modules:${PSModulePath} PYTHONPATH=/home/runner/work/pixi_rosdistro/pixi_rosdistro/install/lib/python3.12/site-packages /home/runner/work/pixi_rosdistro/pixi_rosdistro/.pixi/envs/default/bin/cmake --install /home/runner/work/pixi_rosdistro/pixi_rosdistro/build/resource_retriever
