[2.320s] Invoking command in 'D:\a\pixi_rosdistro\pixi_rosdistro\src\ament\ament_lint\ament_pycodestyle': AMENT_PREFIX_PATH=D:\a\pixi_rosdistro\pixi_rosdistro\install CMAKE_PREFIX_PATH=D:\a\pixi_rosdistro\pixi_rosdistro\install;D:\a\pixi_rosdistro\pixi_rosdistro\.pixi\envs\default\Library PATH=D:\a\pixi_rosdistro\pixi_rosdistro\install\Scripts;%PATH% PIXI_PROMPT=(ros2_rolling) PROMPT=$P$G PYTHONPATH=D:\a\pixi_rosdistro\pixi_rosdistro\build\ament_pycodestyle\prefix_override;D:\a\pixi_rosdistro\pixi_rosdistro\.pixi\envs\default\Lib\site-packages\colcon_core\task\python\colcon_distutils_commands;D:\a\pixi_rosdistro\pixi_rosdistro\install\Lib\site-packages;D:\a\pixi_rosdistro\pixi_rosdistro\install\Lib\site-packages D:\a\pixi_rosdistro\pixi_rosdistro\.pixi\envs\default\python.exe -W ignore:setup.py install is deprecated -W ignore:easy_install command is deprecated setup.py egg_info --egg-base ..\..\..\..\build\ament_pycodestyle build --build-base D:\a\pixi_rosdistro\pixi_rosdistro\build\ament_pycodestyle\build install --record D:\a\pixi_rosdistro\pixi_rosdistro\build\ament_pycodestyle\install.log --single-version-externally-managed install_data
[2.829s] running egg_info
[2.849s] creating ..\..\..\..\build\ament_pycodestyle\ament_pycodestyle.egg-info
[2.850s] writing ..\..\..\..\build\ament_pycodestyle\ament_pycodestyle.egg-info\PKG-INFO
[2.853s] writing dependency_links to ..\..\..\..\build\ament_pycodestyle\ament_pycodestyle.egg-info\dependency_links.txt
[2.854s] writing entry points to ..\..\..\..\build\ament_pycodestyle\ament_pycodestyle.egg-info\entry_points.txt
[2.855s] writing requirements to ..\..\..\..\build\ament_pycodestyle\ament_pycodestyle.egg-info\requires.txt
[2.856s] writing top-level names to ..\..\..\..\build\ament_pycodestyle\ament_pycodestyle.egg-info\top_level.txt
[2.857s] writing manifest file '..\..\..\..\build\ament_pycodestyle\ament_pycodestyle.egg-info\SOURCES.txt'
[2.902s] reading manifest file '..\..\..\..\build\ament_pycodestyle\ament_pycodestyle.egg-info\SOURCES.txt'
[2.904s] writing manifest file '..\..\..\..\build\ament_pycodestyle\ament_pycodestyle.egg-info\SOURCES.txt'
[2.905s] running build
[2.905s] running build_py
[2.906s] creating D:\a\pixi_rosdistro\pixi_rosdistro\build\ament_pycodestyle\build\lib\ament_pycodestyle
[2.906s] copying ament_pycodestyle\main.py -> D:\a\pixi_rosdistro\pixi_rosdistro\build\ament_pycodestyle\build\lib\ament_pycodestyle
[2.907s] copying ament_pycodestyle\__init__.py -> D:\a\pixi_rosdistro\pixi_rosdistro\build\ament_pycodestyle\build\lib\ament_pycodestyle
[2.908s] copying ament_pycodestyle\py.typed -> D:\a\pixi_rosdistro\pixi_rosdistro\build\ament_pycodestyle\build\lib\ament_pycodestyle
[2.909s] creating D:\a\pixi_rosdistro\pixi_rosdistro\build\ament_pycodestyle\build\lib\ament_pycodestyle\configuration
[2.910s] copying ament_pycodestyle\configuration\ament_pycodestyle.ini -> D:\a\pixi_rosdistro\pixi_rosdistro\build\ament_pycodestyle\build\lib\ament_pycodestyle\configuration
[2.911s] running install
[2.914s] running install_lib
[2.931s] creating D:\a\pixi_rosdistro\pixi_rosdistro\install\Lib\site-packages\ament_pycodestyle
[2.931s] creating D:\a\pixi_rosdistro\pixi_rosdistro\install\Lib\site-packages\ament_pycodestyle\configuration
[2.932s] copying D:\a\pixi_rosdistro\pixi_rosdistro\build\ament_pycodestyle\build\lib\ament_pycodestyle\configuration\ament_pycodestyle.ini -> D:\a\pixi_rosdistro\pixi_rosdistro\install\Lib\site-packages\ament_pycodestyle\configuration
[2.932s] copying D:\a\pixi_rosdistro\pixi_rosdistro\build\ament_pycodestyle\build\lib\ament_pycodestyle\main.py -> D:\a\pixi_rosdistro\pixi_rosdistro\install\Lib\site-packages\ament_pycodestyle
[2.933s] copying D:\a\pixi_rosdistro\pixi_rosdistro\build\ament_pycodestyle\build\lib\ament_pycodestyle\py.typed -> D:\a\pixi_rosdistro\pixi_rosdistro\install\Lib\site-packages\ament_pycodestyle
[2.934s] copying D:\a\pixi_rosdistro\pixi_rosdistro\build\ament_pycodestyle\build\lib\ament_pycodestyle\__init__.py -> D:\a\pixi_rosdistro\pixi_rosdistro\install\Lib\site-packages\ament_pycodestyle
[2.936s] byte-compiling D:\a\pixi_rosdistro\pixi_rosdistro\install\Lib\site-packages\ament_pycodestyle\main.py to main.cpython-314.pyc
[2.938s] byte-compiling D:\a\pixi_rosdistro\pixi_rosdistro\install\Lib\site-packages\ament_pycodestyle\__init__.py to __init__.cpython-314.pyc
[2.939s] running install_data
[2.940s] copying package.xml -> D:\a\pixi_rosdistro\pixi_rosdistro\install\share\ament_pycodestyle
[2.941s] copying resource\ament_pycodestyle -> D:\a\pixi_rosdistro\pixi_rosdistro\install\share\ament_index\resource_index\packages
[2.942s] running install_egg_info
[2.960s] Copying ..\..\..\..\build\ament_pycodestyle\ament_pycodestyle.egg-info to D:\a\pixi_rosdistro\pixi_rosdistro\install\Lib\site-packages\ament_pycodestyle-0.20.3-py3.14.egg-info
[2.966s] running install_scripts
[3.004s] Installing ament_pycodestyle-script.py script to D:\a\pixi_rosdistro\pixi_rosdistro\install\Scripts
[3.005s] Installing ament_pycodestyle.exe script to D:\a\pixi_rosdistro\pixi_rosdistro\install\Scripts
[3.006s] writing list of installed files to 'D:\a\pixi_rosdistro\pixi_rosdistro\build\ament_pycodestyle\install.log'
[3.079s] Invoked command in 'D:\a\pixi_rosdistro\pixi_rosdistro\src\ament\ament_lint\ament_pycodestyle' returned '0': AMENT_PREFIX_PATH=D:\a\pixi_rosdistro\pixi_rosdistro\install CMAKE_PREFIX_PATH=D:\a\pixi_rosdistro\pixi_rosdistro\install;D:\a\pixi_rosdistro\pixi_rosdistro\.pixi\envs\default\Library PATH=D:\a\pixi_rosdistro\pixi_rosdistro\install\Scripts;%PATH% PIXI_PROMPT=(ros2_rolling) PROMPT=$P$G PYTHONPATH=D:\a\pixi_rosdistro\pixi_rosdistro\build\ament_pycodestyle\prefix_override;D:\a\pixi_rosdistro\pixi_rosdistro\.pixi\envs\default\Lib\site-packages\colcon_core\task\python\colcon_distutils_commands;D:\a\pixi_rosdistro\pixi_rosdistro\install\Lib\site-packages;D:\a\pixi_rosdistro\pixi_rosdistro\install\Lib\site-packages D:\a\pixi_rosdistro\pixi_rosdistro\.pixi\envs\default\python.exe -W ignore:setup.py install is deprecated -W ignore:easy_install command is deprecated setup.py egg_info --egg-base ..\..\..\..\build\ament_pycodestyle build --build-base D:\a\pixi_rosdistro\pixi_rosdistro\build\ament_pycodestyle\build install --record D:\a\pixi_rosdistro\pixi_rosdistro\build\ament_pycodestyle\install.log --single-version-externally-managed install_data
