[0.251s] Invoking command in '/Users/runner/work/pixi_rosdistro/pixi_rosdistro/build/ament_cmake_ros_core': AMENT_PREFIX_PATH=/Users/runner/work/pixi_rosdistro/pixi_rosdistro/install CMAKE_PREFIX_PATH=/Users/runner/work/pixi_rosdistro/pixi_rosdistro/install PATH=/Users/runner/work/pixi_rosdistro/pixi_rosdistro/install/bin:${PATH} PIXI_PROMPT=(ros2_rolling) PKG_CONFIG_PATH=/Users/runner/work/pixi_rosdistro/pixi_rosdistro/install/lib/pkgconfig PYTHONPATH=/Users/runner/work/pixi_rosdistro/pixi_rosdistro/install/lib/python3.12/site-packages ROS_DOMAIN_ID=137 SHLVL=3 _=/usr/bin/env /Users/runner/work/pixi_rosdistro/pixi_rosdistro/.pixi/envs/default/bin/cmake /Users/runner/work/pixi_rosdistro/pixi_rosdistro/src/ros2/ament_cmake_ros/ament_cmake_ros_core -GNinja --no-warn-unused-cli -DCMAKE_BUILD_TYPE=Release -DCMAKE_BUILD_WITH_INSTALL_RPATH:bool=TRUE -DCMAKE_POLICY_VERSION_MINIMUM=3.5 -Wno-deprecated -DSTACK_DETAILS_AUTO_DETECT:bool=FALSE -DSTACK_DETAILS_BFD:bool=FALSE -DTRACETOOLS_DISABLED=ON -DCMAKE_INSTALL_PREFIX=/Users/runner/work/pixi_rosdistro/pixi_rosdistro/install
[0.340s] Not searching for unused variables given on the command line.
[0.340s] -- Found ament_cmake_core: 2.8.6 (/Users/runner/work/pixi_rosdistro/pixi_rosdistro/install/share/ament_cmake_core/cmake)
[0.479s] -- Found Python3: /Users/runner/work/pixi_rosdistro/pixi_rosdistro/.pixi/envs/default/bin/python3 (found version "3.12.13") found components: Interpreter
[0.543s] -- Found ament_cmake_export_dependencies: 2.8.6 (/Users/runner/work/pixi_rosdistro/pixi_rosdistro/install/share/ament_cmake_export_dependencies/cmake)
[0.631s] -- Configuring done (0.4s)
[0.641s] -- Generating done (0.0s)
[0.644s] -- Build files have been written to: /Users/runner/work/pixi_rosdistro/pixi_rosdistro/build/ament_cmake_ros_core
[0.647s] Invoked command in '/Users/runner/work/pixi_rosdistro/pixi_rosdistro/build/ament_cmake_ros_core' returned '0': AMENT_PREFIX_PATH=/Users/runner/work/pixi_rosdistro/pixi_rosdistro/install CMAKE_PREFIX_PATH=/Users/runner/work/pixi_rosdistro/pixi_rosdistro/install PATH=/Users/runner/work/pixi_rosdistro/pixi_rosdistro/install/bin:${PATH} PIXI_PROMPT=(ros2_rolling) PKG_CONFIG_PATH=/Users/runner/work/pixi_rosdistro/pixi_rosdistro/install/lib/pkgconfig PYTHONPATH=/Users/runner/work/pixi_rosdistro/pixi_rosdistro/install/lib/python3.12/site-packages ROS_DOMAIN_ID=137 SHLVL=3 _=/usr/bin/env /Users/runner/work/pixi_rosdistro/pixi_rosdistro/.pixi/envs/default/bin/cmake /Users/runner/work/pixi_rosdistro/pixi_rosdistro/src/ros2/ament_cmake_ros/ament_cmake_ros_core -GNinja --no-warn-unused-cli -DCMAKE_BUILD_TYPE=Release -DCMAKE_BUILD_WITH_INSTALL_RPATH:bool=TRUE -DCMAKE_POLICY_VERSION_MINIMUM=3.5 -Wno-deprecated -DSTACK_DETAILS_AUTO_DETECT:bool=FALSE -DSTACK_DETAILS_BFD:bool=FALSE -DTRACETOOLS_DISABLED=ON -DCMAKE_INSTALL_PREFIX=/Users/runner/work/pixi_rosdistro/pixi_rosdistro/install
[0.647s] Invoking command in '/Users/runner/work/pixi_rosdistro/pixi_rosdistro/build/ament_cmake_ros_core': AMENT_PREFIX_PATH=/Users/runner/work/pixi_rosdistro/pixi_rosdistro/install CMAKE_PREFIX_PATH=/Users/runner/work/pixi_rosdistro/pixi_rosdistro/install PATH=/Users/runner/work/pixi_rosdistro/pixi_rosdistro/install/bin:${PATH} PIXI_PROMPT=(ros2_rolling) PKG_CONFIG_PATH=/Users/runner/work/pixi_rosdistro/pixi_rosdistro/install/lib/pkgconfig PYTHONPATH=/Users/runner/work/pixi_rosdistro/pixi_rosdistro/install/lib/python3.12/site-packages ROS_DOMAIN_ID=137 SHLVL=3 _=/usr/bin/env /Users/runner/work/pixi_rosdistro/pixi_rosdistro/.pixi/envs/default/bin/cmake --build /Users/runner/work/pixi_rosdistro/pixi_rosdistro/build/ament_cmake_ros_core -- -j3 -l3
[0.662s] ninja: no work to do.
[0.665s] Invoked command in '/Users/runner/work/pixi_rosdistro/pixi_rosdistro/build/ament_cmake_ros_core' returned '0': AMENT_PREFIX_PATH=/Users/runner/work/pixi_rosdistro/pixi_rosdistro/install CMAKE_PREFIX_PATH=/Users/runner/work/pixi_rosdistro/pixi_rosdistro/install PATH=/Users/runner/work/pixi_rosdistro/pixi_rosdistro/install/bin:${PATH} PIXI_PROMPT=(ros2_rolling) PKG_CONFIG_PATH=/Users/runner/work/pixi_rosdistro/pixi_rosdistro/install/lib/pkgconfig PYTHONPATH=/Users/runner/work/pixi_rosdistro/pixi_rosdistro/install/lib/python3.12/site-packages ROS_DOMAIN_ID=137 SHLVL=3 _=/usr/bin/env /Users/runner/work/pixi_rosdistro/pixi_rosdistro/.pixi/envs/default/bin/cmake --build /Users/runner/work/pixi_rosdistro/pixi_rosdistro/build/ament_cmake_ros_core -- -j3 -l3
[0.666s] Invoking command in '/Users/runner/work/pixi_rosdistro/pixi_rosdistro/build/ament_cmake_ros_core': AMENT_PREFIX_PATH=/Users/runner/work/pixi_rosdistro/pixi_rosdistro/install CMAKE_PREFIX_PATH=/Users/runner/work/pixi_rosdistro/pixi_rosdistro/install PATH=/Users/runner/work/pixi_rosdistro/pixi_rosdistro/install/bin:${PATH} PIXI_PROMPT=(ros2_rolling) PKG_CONFIG_PATH=/Users/runner/work/pixi_rosdistro/pixi_rosdistro/install/lib/pkgconfig PYTHONPATH=/Users/runner/work/pixi_rosdistro/pixi_rosdistro/install/lib/python3.12/site-packages ROS_DOMAIN_ID=137 SHLVL=3 _=/usr/bin/env /Users/runner/work/pixi_rosdistro/pixi_rosdistro/.pixi/envs/default/bin/cmake --install /Users/runner/work/pixi_rosdistro/pixi_rosdistro/build/ament_cmake_ros_core
[0.679s] -- Install configuration: "Release"
[0.679s] -- Installing: /Users/runner/work/pixi_rosdistro/pixi_rosdistro/install/share/ament_index/resource_index/package_run_dependencies/ament_cmake_ros_core
[0.679s] -- Installing: /Users/runner/work/pixi_rosdistro/pixi_rosdistro/install/share/ament_index/resource_index/parent_prefix_path/ament_cmake_ros_core
[0.679s] -- Installing: /Users/runner/work/pixi_rosdistro/pixi_rosdistro/install/share/ament_cmake_ros_core/environment/ament_prefix_path.sh
[0.679s] -- Installing: /Users/runner/work/pixi_rosdistro/pixi_rosdistro/install/share/ament_cmake_ros_core/environment/ament_prefix_path.dsv
[0.679s] -- Installing: /Users/runner/work/pixi_rosdistro/pixi_rosdistro/install/share/ament_cmake_ros_core/environment/path.sh
[0.679s] -- Installing: /Users/runner/work/pixi_rosdistro/pixi_rosdistro/install/share/ament_cmake_ros_core/environment/path.dsv
[0.680s] -- Installing: /Users/runner/work/pixi_rosdistro/pixi_rosdistro/install/share/ament_cmake_ros_core/local_setup.bash
[0.680s] -- Installing: /Users/runner/work/pixi_rosdistro/pixi_rosdistro/install/share/ament_cmake_ros_core/local_setup.fish
[0.680s] -- Installing: /Users/runner/work/pixi_rosdistro/pixi_rosdistro/install/share/ament_cmake_ros_core/local_setup.sh
[0.680s] -- Installing: /Users/runner/work/pixi_rosdistro/pixi_rosdistro/install/share/ament_cmake_ros_core/local_setup.zsh
[0.680s] -- Installing: /Users/runner/work/pixi_rosdistro/pixi_rosdistro/install/share/ament_cmake_ros_core/local_setup.dsv
[0.681s] -- Installing: /Users/runner/work/pixi_rosdistro/pixi_rosdistro/install/share/ament_cmake_ros_core/package.dsv
[0.681s] -- Installing: /Users/runner/work/pixi_rosdistro/pixi_rosdistro/install/share/ament_index/resource_index/packages/ament_cmake_ros_core
[0.681s] -- Installing: /Users/runner/work/pixi_rosdistro/pixi_rosdistro/install/share/ament_cmake_ros_core/cmake/ament_cmake_ros_core-extras.cmake
[0.681s] -- Installing: /Users/runner/work/pixi_rosdistro/pixi_rosdistro/install/share/ament_cmake_ros_core/cmake/ament_cmake_export_dependencies-extras.cmake
[0.682s] -- Installing: /Users/runner/work/pixi_rosdistro/pixi_rosdistro/install/share/ament_cmake_ros_core/cmake/ament_cmake_ros_coreConfig.cmake
[0.682s] -- Installing: /Users/runner/work/pixi_rosdistro/pixi_rosdistro/install/share/ament_cmake_ros_core/cmake/ament_cmake_ros_coreConfig-version.cmake
[0.682s] -- Installing: /Users/runner/work/pixi_rosdistro/pixi_rosdistro/install/share/ament_cmake_ros_core/package.xml
[0.682s] -- Up-to-date: /Users/runner/work/pixi_rosdistro/pixi_rosdistro/install/share/ament_cmake_ros_core/cmake
[0.682s] -- Installing: /Users/runner/work/pixi_rosdistro/pixi_rosdistro/install/share/ament_cmake_ros_core/cmake/build_shared_libs.cmake
[0.684s] Invoked command in '/Users/runner/work/pixi_rosdistro/pixi_rosdistro/build/ament_cmake_ros_core' returned '0': AMENT_PREFIX_PATH=/Users/runner/work/pixi_rosdistro/pixi_rosdistro/install CMAKE_PREFIX_PATH=/Users/runner/work/pixi_rosdistro/pixi_rosdistro/install PATH=/Users/runner/work/pixi_rosdistro/pixi_rosdistro/install/bin:${PATH} PIXI_PROMPT=(ros2_rolling) PKG_CONFIG_PATH=/Users/runner/work/pixi_rosdistro/pixi_rosdistro/install/lib/pkgconfig PYTHONPATH=/Users/runner/work/pixi_rosdistro/pixi_rosdistro/install/lib/python3.12/site-packages ROS_DOMAIN_ID=137 SHLVL=3 _=/usr/bin/env /Users/runner/work/pixi_rosdistro/pixi_rosdistro/.pixi/envs/default/bin/cmake --install /Users/runner/work/pixi_rosdistro/pixi_rosdistro/build/ament_cmake_ros_core
