[1.099s] Invoking command in 'D:\a\pixi_rosdistro\pixi_rosdistro\src\ament\ament_lint\ament_pep257': AMENT_PREFIX_PATH=D:\a\pixi_rosdistro\pixi_rosdistro\install CMAKE_PREFIX_PATH=D:\a\pixi_rosdistro\pixi_rosdistro\install;D:\a\pixi_rosdistro\pixi_rosdistro\.pixi\envs\default\Library PATH=D:\a\pixi_rosdistro\pixi_rosdistro\install\Scripts;%PATH% PIXI_PROMPT=(ros2_rolling) PROMPT=$P$G PYTHONPATH=D:\a\pixi_rosdistro\pixi_rosdistro\build\ament_pep257\prefix_override;D:\a\pixi_rosdistro\pixi_rosdistro\.pixi\envs\default\Lib\site-packages\colcon_core\task\python\colcon_distutils_commands;D:\a\pixi_rosdistro\pixi_rosdistro\install\Lib\site-packages;D:\a\pixi_rosdistro\pixi_rosdistro\install\Lib\site-packages ROS_DOMAIN_ID=118 D:\a\pixi_rosdistro\pixi_rosdistro\.pixi\envs\default\python.exe -W ignore:setup.py install is deprecated -W ignore:easy_install command is deprecated setup.py egg_info --egg-base ..\..\..\..\build\ament_pep257 build --build-base D:\a\pixi_rosdistro\pixi_rosdistro\build\ament_pep257\build install --record D:\a\pixi_rosdistro\pixi_rosdistro\build\ament_pep257\install.log --single-version-externally-managed install_data
[1.517s] running egg_info
[1.533s] creating ..\..\..\..\build\ament_pep257\ament_pep257.egg-info
[1.534s] writing ..\..\..\..\build\ament_pep257\ament_pep257.egg-info\PKG-INFO
[1.535s] writing dependency_links to ..\..\..\..\build\ament_pep257\ament_pep257.egg-info\dependency_links.txt
[1.536s] writing entry points to ..\..\..\..\build\ament_pep257\ament_pep257.egg-info\entry_points.txt
[1.537s] writing requirements to ..\..\..\..\build\ament_pep257\ament_pep257.egg-info\requires.txt
[1.537s] writing top-level names to ..\..\..\..\build\ament_pep257\ament_pep257.egg-info\top_level.txt
[1.539s] writing manifest file '..\..\..\..\build\ament_pep257\ament_pep257.egg-info\SOURCES.txt'
[1.575s] reading manifest file '..\..\..\..\build\ament_pep257\ament_pep257.egg-info\SOURCES.txt'
[1.577s] writing manifest file '..\..\..\..\build\ament_pep257\ament_pep257.egg-info\SOURCES.txt'
[1.577s] running build
[1.577s] running build_py
[1.578s] creating D:\a\pixi_rosdistro\pixi_rosdistro\build\ament_pep257\build\lib\ament_pep257
[1.579s] copying ament_pep257\main.py -> D:\a\pixi_rosdistro\pixi_rosdistro\build\ament_pep257\build\lib\ament_pep257
[1.580s] copying ament_pep257\pytest_marker.py -> D:\a\pixi_rosdistro\pixi_rosdistro\build\ament_pep257\build\lib\ament_pep257
[1.581s] copying ament_pep257\__init__.py -> D:\a\pixi_rosdistro\pixi_rosdistro\build\ament_pep257\build\lib\ament_pep257
[1.582s] copying ament_pep257\py.typed -> D:\a\pixi_rosdistro\pixi_rosdistro\build\ament_pep257\build\lib\ament_pep257
[1.583s] running install
[1.585s] running install_lib
[1.602s] creating D:\a\pixi_rosdistro\pixi_rosdistro\install\Lib\site-packages\ament_pep257
[1.602s] copying D:\a\pixi_rosdistro\pixi_rosdistro\build\ament_pep257\build\lib\ament_pep257\main.py -> D:\a\pixi_rosdistro\pixi_rosdistro\install\Lib\site-packages\ament_pep257
[1.603s] copying D:\a\pixi_rosdistro\pixi_rosdistro\build\ament_pep257\build\lib\ament_pep257\py.typed -> D:\a\pixi_rosdistro\pixi_rosdistro\install\Lib\site-packages\ament_pep257
[1.603s] copying D:\a\pixi_rosdistro\pixi_rosdistro\build\ament_pep257\build\lib\ament_pep257\pytest_marker.py -> D:\a\pixi_rosdistro\pixi_rosdistro\install\Lib\site-packages\ament_pep257
[1.604s] copying D:\a\pixi_rosdistro\pixi_rosdistro\build\ament_pep257\build\lib\ament_pep257\__init__.py -> D:\a\pixi_rosdistro\pixi_rosdistro\install\Lib\site-packages\ament_pep257
[1.606s] byte-compiling D:\a\pixi_rosdistro\pixi_rosdistro\install\Lib\site-packages\ament_pep257\main.py to main.cpython-314.pyc
[1.610s] byte-compiling D:\a\pixi_rosdistro\pixi_rosdistro\install\Lib\site-packages\ament_pep257\pytest_marker.py to pytest_marker.cpython-314.pyc
[1.611s] byte-compiling D:\a\pixi_rosdistro\pixi_rosdistro\install\Lib\site-packages\ament_pep257\__init__.py to __init__.cpython-314.pyc
[1.612s] running install_data
[1.612s] copying package.xml -> D:\a\pixi_rosdistro\pixi_rosdistro\install\share\ament_pep257
[1.613s] copying resource\ament_pep257 -> D:\a\pixi_rosdistro\pixi_rosdistro\install\share\ament_index\resource_index\packages
[1.634s] running install_egg_info
[1.652s] Copying ..\..\..\..\build\ament_pep257\ament_pep257.egg-info to D:\a\pixi_rosdistro\pixi_rosdistro\install\Lib\site-packages\ament_pep257-0.20.3-py3.14.egg-info
[1.663s] running install_scripts
[1.752s] Installing ament_pep257-script.py script to D:\a\pixi_rosdistro\pixi_rosdistro\install\Scripts
[1.753s] Installing ament_pep257.exe script to D:\a\pixi_rosdistro\pixi_rosdistro\install\Scripts
[1.754s] writing list of installed files to 'D:\a\pixi_rosdistro\pixi_rosdistro\build\ament_pep257\install.log'
[1.804s] Invoked command in 'D:\a\pixi_rosdistro\pixi_rosdistro\src\ament\ament_lint\ament_pep257' returned '0': AMENT_PREFIX_PATH=D:\a\pixi_rosdistro\pixi_rosdistro\install CMAKE_PREFIX_PATH=D:\a\pixi_rosdistro\pixi_rosdistro\install;D:\a\pixi_rosdistro\pixi_rosdistro\.pixi\envs\default\Library PATH=D:\a\pixi_rosdistro\pixi_rosdistro\install\Scripts;%PATH% PIXI_PROMPT=(ros2_rolling) PROMPT=$P$G PYTHONPATH=D:\a\pixi_rosdistro\pixi_rosdistro\build\ament_pep257\prefix_override;D:\a\pixi_rosdistro\pixi_rosdistro\.pixi\envs\default\Lib\site-packages\colcon_core\task\python\colcon_distutils_commands;D:\a\pixi_rosdistro\pixi_rosdistro\install\Lib\site-packages;D:\a\pixi_rosdistro\pixi_rosdistro\install\Lib\site-packages ROS_DOMAIN_ID=118 D:\a\pixi_rosdistro\pixi_rosdistro\.pixi\envs\default\python.exe -W ignore:setup.py install is deprecated -W ignore:easy_install command is deprecated setup.py egg_info --egg-base ..\..\..\..\build\ament_pep257 build --build-base D:\a\pixi_rosdistro\pixi_rosdistro\build\ament_pep257\build install --record D:\a\pixi_rosdistro\pixi_rosdistro\build\ament_pep257\install.log --single-version-externally-managed install_data
