[4.518s] Invoking command in '/home/runner/work/pixi_rosdistro/pixi_rosdistro/build/stereo_msgs': AMENT_PREFIX_PATH=/home/runner/work/pixi_rosdistro/pixi_rosdistro/install CMAKE_PREFIX_PATH=/home/runner/work/pixi_rosdistro/pixi_rosdistro/install:${CMAKE_PREFIX_PATH} LD_LIBRARY_PATH=/home/runner/work/pixi_rosdistro/pixi_rosdistro/install/lib PATH=/home/runner/work/pixi_rosdistro/pixi_rosdistro/install/bin:/opt/microsoft/powershell/7:${PATH} PIXI_PROMPT=(ros2_rolling) PKG_CONFIG_PATH=/home/runner/work/pixi_rosdistro/pixi_rosdistro/install/lib/pkgconfig PSModulePath=/home/runner/.local/share/powershell/Modules:${PSModulePath} PYTHONPATH=/home/runner/work/pixi_rosdistro/pixi_rosdistro/install/lib/python3.12/site-packages ROS_DOMAIN_ID=8 /home/runner/work/pixi_rosdistro/pixi_rosdistro/.pixi/envs/default/bin/cmake /home/runner/work/pixi_rosdistro/pixi_rosdistro/src/ros2/common_interfaces/stereo_msgs -GNinja --no-warn-unused-cli -DCMAKE_BUILD_TYPE=Release -DCMAKE_BUILD_WITH_INSTALL_RPATH:bool=TRUE -DCMAKE_POLICY_VERSION_MINIMUM=3.5 -Wno-deprecated -DSTACK_DETAILS_AUTO_DETECT:bool=FALSE -DSTACK_DETAILS_BFD:bool=FALSE -DCMAKE_INSTALL_PREFIX=/home/runner/work/pixi_rosdistro/pixi_rosdistro/install
[4.605s] Not searching for unused variables given on the command line.
[4.605s] -- The C compiler identification is GNU 14.3.0
[4.752s] -- The CXX compiler identification is GNU 14.3.0
[4.766s] -- Detecting C compiler ABI info
[4.893s] -- Detecting C compiler ABI info - done
[4.935s] -- Check for working C compiler: /home/runner/work/pixi_rosdistro/pixi_rosdistro/.pixi/envs/default/bin/x86_64-conda-linux-gnu-cc - skipped
[4.935s] -- Detecting C compile features
[4.935s] -- Detecting C compile features - done
[4.957s] -- Detecting CXX compiler ABI info
[5.133s] -- Detecting CXX compiler ABI info - done
[5.171s] -- Check for working CXX compiler: /home/runner/work/pixi_rosdistro/pixi_rosdistro/.pixi/envs/default/bin/x86_64-conda-linux-gnu-c++ - skipped
[5.171s] -- Detecting CXX compile features
[5.173s] -- Detecting CXX compile features - done
[5.189s] -- Found ament_cmake: 2.8.6 (/home/runner/work/pixi_rosdistro/pixi_rosdistro/install/share/ament_cmake/cmake)
[5.602s] -- Found rosidl_default_generators: 1.8.1 (/home/runner/work/pixi_rosdistro/pixi_rosdistro/install/share/rosidl_default_generators/cmake)
[5.611s] -- Using all available rosidl_typesupport_c: rosidl_typesupport_fastrtps_c;rosidl_typesupport_introspection_c
[5.656s] -- Using all available rosidl_typesupport_cpp: rosidl_typesupport_fastrtps_cpp;rosidl_typesupport_introspection_cpp
[5.713s] -- Found rosidl_adapter: 5.1.3 (/home/runner/work/pixi_rosdistro/pixi_rosdistro/install/share/rosidl_adapter/cmake)
[5.717s] -- Found sensor_msgs: 5.9.1 (/home/runner/work/pixi_rosdistro/pixi_rosdistro/install/share/sensor_msgs/cmake)
[6.047s] -- Found Python3: /home/runner/work/pixi_rosdistro/pixi_rosdistro/.pixi/envs/default/bin/python3 (found version "3.12.13") found components: Interpreter
[6.748s] -- Found ament_cmake_cppcheck: 0.20.3 (/home/runner/work/pixi_rosdistro/pixi_rosdistro/install/share/ament_cmake_cppcheck/cmake)
[6.751s] -- Found ament_cmake_cpplint: 0.20.3 (/home/runner/work/pixi_rosdistro/pixi_rosdistro/install/share/ament_cmake_cpplint/cmake)
[6.754s] -- Found ament_cmake_uncrustify: 0.20.3 (/home/runner/work/pixi_rosdistro/pixi_rosdistro/install/share/ament_cmake_uncrustify/cmake)
[6.758s] -- Found ament_cmake_ros_core: 0.15.6 (/home/runner/work/pixi_rosdistro/pixi_rosdistro/install/share/ament_cmake_ros_core/cmake)
[7.363s] -- Using all available rosidl_typesupport_c: rosidl_typesupport_fastrtps_c;rosidl_typesupport_introspection_c
[8.279s] -- Using all available rosidl_typesupport_cpp: rosidl_typesupport_fastrtps_cpp;rosidl_typesupport_introspection_cpp
[8.959s] -- Found Python3: /home/runner/work/pixi_rosdistro/pixi_rosdistro/.pixi/envs/default/bin/python3 (found version "3.12.13") found components: Interpreter Development NumPy Development.Module Development.Embed
[9.024s] -- Found ament_cmake_flake8: 0.20.3 (/home/runner/work/pixi_rosdistro/pixi_rosdistro/install/share/ament_cmake_flake8/cmake)
[9.025s] -- Found ament_cmake_pep257: 0.20.3 (/home/runner/work/pixi_rosdistro/pixi_rosdistro/install/share/ament_cmake_pep257/cmake)
[9.025s] -- Found ament_cmake_mypy: 0.20.3 (/home/runner/work/pixi_rosdistro/pixi_rosdistro/install/share/ament_cmake_mypy/cmake)
[9.090s] -- Found Python3: /home/runner/work/pixi_rosdistro/pixi_rosdistro/.pixi/envs/default/bin/python3 (found version "3.12.13") found components: Interpreter
[9.107s] -- Configuring done (4.6s)
[9.192s] -- Generating done (0.1s)
[9.236s] -- Build files have been written to: /home/runner/work/pixi_rosdistro/pixi_rosdistro/build/stereo_msgs
[9.256s] Invoked command in '/home/runner/work/pixi_rosdistro/pixi_rosdistro/build/stereo_msgs' returned '0': AMENT_PREFIX_PATH=/home/runner/work/pixi_rosdistro/pixi_rosdistro/install CMAKE_PREFIX_PATH=/home/runner/work/pixi_rosdistro/pixi_rosdistro/install:${CMAKE_PREFIX_PATH} LD_LIBRARY_PATH=/home/runner/work/pixi_rosdistro/pixi_rosdistro/install/lib PATH=/home/runner/work/pixi_rosdistro/pixi_rosdistro/install/bin:/opt/microsoft/powershell/7:${PATH} PIXI_PROMPT=(ros2_rolling) PKG_CONFIG_PATH=/home/runner/work/pixi_rosdistro/pixi_rosdistro/install/lib/pkgconfig PSModulePath=/home/runner/.local/share/powershell/Modules:${PSModulePath} PYTHONPATH=/home/runner/work/pixi_rosdistro/pixi_rosdistro/install/lib/python3.12/site-packages ROS_DOMAIN_ID=8 /home/runner/work/pixi_rosdistro/pixi_rosdistro/.pixi/envs/default/bin/cmake /home/runner/work/pixi_rosdistro/pixi_rosdistro/src/ros2/common_interfaces/stereo_msgs -GNinja --no-warn-unused-cli -DCMAKE_BUILD_TYPE=Release -DCMAKE_BUILD_WITH_INSTALL_RPATH:bool=TRUE -DCMAKE_POLICY_VERSION_MINIMUM=3.5 -Wno-deprecated -DSTACK_DETAILS_AUTO_DETECT:bool=FALSE -DSTACK_DETAILS_BFD:bool=FALSE -DCMAKE_INSTALL_PREFIX=/home/runner/work/pixi_rosdistro/pixi_rosdistro/install
[9.257s] Invoking command in '/home/runner/work/pixi_rosdistro/pixi_rosdistro/build/stereo_msgs': AMENT_PREFIX_PATH=/home/runner/work/pixi_rosdistro/pixi_rosdistro/install CMAKE_PREFIX_PATH=/home/runner/work/pixi_rosdistro/pixi_rosdistro/install:${CMAKE_PREFIX_PATH} LD_LIBRARY_PATH=/home/runner/work/pixi_rosdistro/pixi_rosdistro/install/lib PATH=/home/runner/work/pixi_rosdistro/pixi_rosdistro/install/bin:/opt/microsoft/powershell/7:${PATH} PIXI_PROMPT=(ros2_rolling) PKG_CONFIG_PATH=/home/runner/work/pixi_rosdistro/pixi_rosdistro/install/lib/pkgconfig PSModulePath=/home/runner/.local/share/powershell/Modules:${PSModulePath} PYTHONPATH=/home/runner/work/pixi_rosdistro/pixi_rosdistro/install/lib/python3.12/site-packages ROS_DOMAIN_ID=8 /home/runner/work/pixi_rosdistro/pixi_rosdistro/.pixi/envs/default/bin/cmake --build /home/runner/work/pixi_rosdistro/pixi_rosdistro/build/stereo_msgs -- -j4 -l4
[9.704s] [1/37] Generating type hashes for ROS interfaces
[10.191s] [2/37] Generating C code for ROS interfaces
[10.284s] [3/37] Building C object CMakeFiles/stereo_msgs__rosidl_generator_c.dir/rosidl_generator_c/stereo_msgs/msg/detail/disparity_image__description.c.o
[10.454s] [4/37] Building C object CMakeFiles/stereo_msgs__rosidl_generator_c.dir/rosidl_generator_c/stereo_msgs/msg/detail/disparity_image__functions.c.o
[10.582s] [5/37] Building C object CMakeFiles/stereo_msgs__rosidl_generator_c.dir/rosidl_generator_c/stereo_msgs/msg/detail/disparity_image__type_support.c.o
[10.982s] [6/37] Generating C type support for eProsima Fast-RTPS
[11.443s] [7/37] Generating C introspection for ROS interfaces
[11.873s] [8/37] Generating C type support dispatch for ROS interfaces
[12.365s] [9/37] Generating C++ code for ROS interfaces
[12.830s] [10/37] Generating C++ type support for eProsima Fast-RTPS
[13.293s] [11/37] Generating C++ introspection for ROS interfaces
[13.743s] [12/37] Generating C++ type support dispatch for ROS interfaces
[13.773s] [13/37] Linking C shared library libstereo_msgs__rosidl_generator_c.so
[14.066s] [14/37] Building CXX object CMakeFiles/stereo_msgs__rosidl_typesupport_fastrtps_c.dir/rosidl_typesupport_fastrtps_c/stereo_msgs/msg/detail/disparity_image__type_support_c.cpp.o
[14.167s] [15/37] Building C object CMakeFiles/stereo_msgs__rosidl_typesupport_introspection_c.dir/rosidl_typesupport_introspection_c/stereo_msgs/msg/detail/disparity_image__type_support.c.o
[14.338s] [16/37] Building CXX object CMakeFiles/stereo_msgs__rosidl_typesupport_c.dir/rosidl_typesupport_c/stereo_msgs/msg/disparity_image__type_support.cpp.o
[14.629s] [17/37] Building CXX object CMakeFiles/stereo_msgs__rosidl_typesupport_fastrtps_cpp.dir/rosidl_typesupport_fastrtps_cpp/stereo_msgs/msg/detail/dds_fastrtps/disparity_image__type_support.cpp.o
[14.888s] [18/37] Building CXX object CMakeFiles/stereo_msgs__rosidl_typesupport_introspection_cpp.dir/rosidl_typesupport_introspection_cpp/stereo_msgs/msg/detail/disparity_image__type_support.cpp.o
[15.136s] [19/37] Building CXX object CMakeFiles/stereo_msgs__rosidl_typesupport_cpp.dir/rosidl_typesupport_cpp/stereo_msgs/msg/disparity_image__type_support.cpp.o
[15.203s] [20/37] Linking CXX shared library libstereo_msgs__rosidl_typesupport_fastrtps_c.so
[15.234s] [21/37] Linking C shared library libstereo_msgs__rosidl_typesupport_introspection_c.so
[15.292s] [22/37] Linking CXX shared library libstereo_msgs__rosidl_typesupport_c.so
[15.361s] [23/37] Linking CXX shared library libstereo_msgs__rosidl_typesupport_fastrtps_cpp.so
[15.423s] [24/37] Linking CXX shared library libstereo_msgs__rosidl_typesupport_introspection_cpp.so
[15.477s] [25/37] Linking CXX shared library libstereo_msgs__rosidl_typesupport_cpp.so
[16.180s] [26/37] Generating Python code for ROS interfaces
[16.644s] [27/37] Generating Rust code for ROS interfaces
[16.865s] [28/37] Building C object CMakeFiles/stereo_msgs__rosidl_generator_py.dir/rosidl_generator_py/stereo_msgs/msg/_disparity_image_s.c.o
[16.914s] [29/37] Linking C shared library libstereo_msgs__rosidl_generator_py.so
[17.163s] [30/37] Building C object CMakeFiles/stereo_msgs_s__rosidl_typesupport_fastrtps_c.dir/rosidl_generator_py/stereo_msgs/_stereo_msgs_s.ep.rosidl_typesupport_fastrtps_c.c.o
[17.377s] [31/37] Building C object CMakeFiles/stereo_msgs_s__rosidl_typesupport_introspection_c.dir/rosidl_generator_py/stereo_msgs/_stereo_msgs_s.ep.rosidl_typesupport_introspection_c.c.o
[17.542s] [32/37] Building C object CMakeFiles/stereo_msgs_s__rosidl_typesupport_c.dir/rosidl_generator_py/stereo_msgs/_stereo_msgs_s.ep.rosidl_typesupport_c.c.o
[17.550s] [33/37] cd /home/runner/work/pixi_rosdistro/pixi_rosdistro/build/stereo_msgs && /home/runner/work/pixi_rosdistro/pixi_rosdistro/.pixi/envs/default/bin/cmake -E copy_directory /home/runner/work/pixi_rosdistro/pixi_rosdistro/build/stereo_msgs/rosidl_generator_py/stereo_msgs /home/runner/work/pixi_rosdistro/pixi_rosdistro/build/stereo_msgs/ament_cmake_python/stereo_msgs/stereo_msgs
[17.578s] [34/37] Linking C shared module rosidl_generator_py/stereo_msgs/stereo_msgs_s__rosidl_typesupport_fastrtps_c.so
[17.608s] [35/37] Linking C shared module rosidl_generator_py/stereo_msgs/stereo_msgs_s__rosidl_typesupport_introspection_c.so
[17.636s] [36/37] Linking C shared module rosidl_generator_py/stereo_msgs/stereo_msgs_s__rosidl_typesupport_c.so
[17.946s] [37/37] cd /home/runner/work/pixi_rosdistro/pixi_rosdistro/build/stereo_msgs/ament_cmake_python/stereo_msgs && /home/runner/work/pixi_rosdistro/pixi_rosdistro/.pixi/envs/default/bin/python3 setup.py egg_info
[17.946s] running egg_info
[17.947s] creating stereo_msgs.egg-info
[17.947s] writing stereo_msgs.egg-info/PKG-INFO
[17.947s] writing dependency_links to stereo_msgs.egg-info/dependency_links.txt
[17.947s] writing top-level names to stereo_msgs.egg-info/top_level.txt
[17.947s] writing manifest file 'stereo_msgs.egg-info/SOURCES.txt'
[17.947s] reading manifest file 'stereo_msgs.egg-info/SOURCES.txt'
[17.947s] writing manifest file 'stereo_msgs.egg-info/SOURCES.txt'
[17.950s] Invoked command in '/home/runner/work/pixi_rosdistro/pixi_rosdistro/build/stereo_msgs' returned '0': AMENT_PREFIX_PATH=/home/runner/work/pixi_rosdistro/pixi_rosdistro/install CMAKE_PREFIX_PATH=/home/runner/work/pixi_rosdistro/pixi_rosdistro/install:${CMAKE_PREFIX_PATH} LD_LIBRARY_PATH=/home/runner/work/pixi_rosdistro/pixi_rosdistro/install/lib PATH=/home/runner/work/pixi_rosdistro/pixi_rosdistro/install/bin:/opt/microsoft/powershell/7:${PATH} PIXI_PROMPT=(ros2_rolling) PKG_CONFIG_PATH=/home/runner/work/pixi_rosdistro/pixi_rosdistro/install/lib/pkgconfig PSModulePath=/home/runner/.local/share/powershell/Modules:${PSModulePath} PYTHONPATH=/home/runner/work/pixi_rosdistro/pixi_rosdistro/install/lib/python3.12/site-packages ROS_DOMAIN_ID=8 /home/runner/work/pixi_rosdistro/pixi_rosdistro/.pixi/envs/default/bin/cmake --build /home/runner/work/pixi_rosdistro/pixi_rosdistro/build/stereo_msgs -- -j4 -l4
[17.952s] Invoking command in '/home/runner/work/pixi_rosdistro/pixi_rosdistro/build/stereo_msgs': AMENT_PREFIX_PATH=/home/runner/work/pixi_rosdistro/pixi_rosdistro/install CMAKE_PREFIX_PATH=/home/runner/work/pixi_rosdistro/pixi_rosdistro/install:${CMAKE_PREFIX_PATH} LD_LIBRARY_PATH=/home/runner/work/pixi_rosdistro/pixi_rosdistro/install/lib PATH=/home/runner/work/pixi_rosdistro/pixi_rosdistro/install/bin:/opt/microsoft/powershell/7:${PATH} PIXI_PROMPT=(ros2_rolling) PKG_CONFIG_PATH=/home/runner/work/pixi_rosdistro/pixi_rosdistro/install/lib/pkgconfig PSModulePath=/home/runner/.local/share/powershell/Modules:${PSModulePath} PYTHONPATH=/home/runner/work/pixi_rosdistro/pixi_rosdistro/install/lib/python3.12/site-packages ROS_DOMAIN_ID=8 /home/runner/work/pixi_rosdistro/pixi_rosdistro/.pixi/envs/default/bin/cmake --install /home/runner/work/pixi_rosdistro/pixi_rosdistro/build/stereo_msgs
[17.962s] -- Install configuration: "Release"
[17.962s] -- Installing: /home/runner/work/pixi_rosdistro/pixi_rosdistro/install/share/ament_index/resource_index/rosidl_interfaces/stereo_msgs
[17.962s] -- Installing: /home/runner/work/pixi_rosdistro/pixi_rosdistro/install/share/stereo_msgs/msg/DisparityImage.json
[17.963s] -- Installing: /home/runner/work/pixi_rosdistro/pixi_rosdistro/install/include/stereo_msgs/stereo_msgs
[17.963s] -- Installing: /home/runner/work/pixi_rosdistro/pixi_rosdistro/install/include/stereo_msgs/stereo_msgs/msg
[17.963s] -- Installing: /home/runner/work/pixi_rosdistro/pixi_rosdistro/install/include/stereo_msgs/stereo_msgs/msg/rosidl_generator_c__visibility_control.h
[17.966s] -- Installing: /home/runner/work/pixi_rosdistro/pixi_rosdistro/install/include/stereo_msgs/stereo_msgs/msg/disparity_image.h
[17.966s] -- Installing: /home/runner/work/pixi_rosdistro/pixi_rosdistro/install/include/stereo_msgs/stereo_msgs/msg/detail
[17.966s] -- Installing: /home/runner/work/pixi_rosdistro/pixi_rosdistro/install/include/stereo_msgs/stereo_msgs/msg/detail/disparity_image__type_support.h
[17.966s] -- Installing: /home/runner/work/pixi_rosdistro/pixi_rosdistro/install/include/stereo_msgs/stereo_msgs/msg/detail/disparity_image__description.c
[17.966s] -- Installing: /home/runner/work/pixi_rosdistro/pixi_rosdistro/install/include/stereo_msgs/stereo_msgs/msg/detail/disparity_image__functions.c
[17.966s] -- Installing: /home/runner/work/pixi_rosdistro/pixi_rosdistro/install/include/stereo_msgs/stereo_msgs/msg/detail/disparity_image__type_support.c
[17.967s] -- Installing: /home/runner/work/pixi_rosdistro/pixi_rosdistro/install/include/stereo_msgs/stereo_msgs/msg/detail/disparity_image__struct.h
[17.967s] -- Installing: /home/runner/work/pixi_rosdistro/pixi_rosdistro/install/include/stereo_msgs/stereo_msgs/msg/detail/disparity_image__functions.h
[17.967s] -- Installing: /home/runner/work/pixi_rosdistro/pixi_rosdistro/install/share/stereo_msgs/environment/library_path.sh
[17.967s] -- Installing: /home/runner/work/pixi_rosdistro/pixi_rosdistro/install/share/stereo_msgs/environment/library_path.dsv
[17.967s] -- Installing: /home/runner/work/pixi_rosdistro/pixi_rosdistro/install/lib/libstereo_msgs__rosidl_generator_c.so
[17.967s] -- Up-to-date: /home/runner/work/pixi_rosdistro/pixi_rosdistro/install/include/stereo_msgs/stereo_msgs
[17.968s] -- Up-to-date: /home/runner/work/pixi_rosdistro/pixi_rosdistro/install/include/stereo_msgs/stereo_msgs/msg
[17.968s] -- Installing: /home/runner/work/pixi_rosdistro/pixi_rosdistro/install/include/stereo_msgs/stereo_msgs/msg/rosidl_typesupport_fastrtps_c__visibility_control.h
[17.968s] -- Up-to-date: /home/runner/work/pixi_rosdistro/pixi_rosdistro/install/include/stereo_msgs/stereo_msgs/msg/detail
[17.969s] -- Installing: /home/runner/work/pixi_rosdistro/pixi_rosdistro/install/include/stereo_msgs/stereo_msgs/msg/detail/disparity_image__rosidl_typesupport_fastrtps_c.h
[17.969s] -- Installing: /home/runner/work/pixi_rosdistro/pixi_rosdistro/install/lib/libstereo_msgs__rosidl_typesupport_fastrtps_c.so
[17.970s] -- Up-to-date: /home/runner/work/pixi_rosdistro/pixi_rosdistro/install/include/stereo_msgs/stereo_msgs
[17.971s] -- Up-to-date: /home/runner/work/pixi_rosdistro/pixi_rosdistro/install/include/stereo_msgs/stereo_msgs/msg
[17.971s] -- Installing: /home/runner/work/pixi_rosdistro/pixi_rosdistro/install/include/stereo_msgs/stereo_msgs/msg/rosidl_typesupport_introspection_c__visibility_control.h
[17.971s] -- Up-to-date: /home/runner/work/pixi_rosdistro/pixi_rosdistro/install/include/stereo_msgs/stereo_msgs/msg/detail
[17.971s] -- Installing: /home/runner/work/pixi_rosdistro/pixi_rosdistro/install/include/stereo_msgs/stereo_msgs/msg/detail/disparity_image__rosidl_typesupport_introspection_c.h
[17.971s] -- Installing: /home/runner/work/pixi_rosdistro/pixi_rosdistro/install/include/stereo_msgs/stereo_msgs/msg/detail/disparity_image__type_support.c
[17.971s] -- Installing: /home/runner/work/pixi_rosdistro/pixi_rosdistro/install/lib/libstereo_msgs__rosidl_typesupport_introspection_c.so
[17.972s] -- Installing: /home/runner/work/pixi_rosdistro/pixi_rosdistro/install/lib/libstereo_msgs__rosidl_typesupport_c.so
[17.972s] -- Up-to-date: /home/runner/work/pixi_rosdistro/pixi_rosdistro/install/include/stereo_msgs/stereo_msgs
[17.972s] -- Up-to-date: /home/runner/work/pixi_rosdistro/pixi_rosdistro/install/include/stereo_msgs/stereo_msgs/msg
[17.973s] -- Installing: /home/runner/work/pixi_rosdistro/pixi_rosdistro/install/include/stereo_msgs/stereo_msgs/msg/rosidl_generator_cpp__visibility_control.hpp
[17.973s] -- Installing: /home/runner/work/pixi_rosdistro/pixi_rosdistro/install/include/stereo_msgs/stereo_msgs/msg/disparity_image.hpp
[17.973s] -- Up-to-date: /home/runner/work/pixi_rosdistro/pixi_rosdistro/install/include/stereo_msgs/stereo_msgs/msg/detail
[17.974s] -- Installing: /home/runner/work/pixi_rosdistro/pixi_rosdistro/install/include/stereo_msgs/stereo_msgs/msg/detail/disparity_image__traits.hpp
[17.976s] -- Installing: /home/runner/work/pixi_rosdistro/pixi_rosdistro/install/include/stereo_msgs/stereo_msgs/msg/detail/disparity_image__builder.hpp
[17.976s] -- Installing: /home/runner/work/pixi_rosdistro/pixi_rosdistro/install/include/stereo_msgs/stereo_msgs/msg/detail/disparity_image__type_support.hpp
[17.976s] -- Installing: /home/runner/work/pixi_rosdistro/pixi_rosdistro/install/include/stereo_msgs/stereo_msgs/msg/detail/disparity_image__struct.hpp
[17.976s] -- Up-to-date: /home/runner/work/pixi_rosdistro/pixi_rosdistro/install/include/stereo_msgs/stereo_msgs
[17.976s] -- Up-to-date: /home/runner/work/pixi_rosdistro/pixi_rosdistro/install/include/stereo_msgs/stereo_msgs/msg
[17.976s] -- Installing: /home/runner/work/pixi_rosdistro/pixi_rosdistro/install/include/stereo_msgs/stereo_msgs/msg/rosidl_typesupport_fastrtps_cpp__visibility_control.h
[17.977s] -- Up-to-date: /home/runner/work/pixi_rosdistro/pixi_rosdistro/install/include/stereo_msgs/stereo_msgs/msg/detail
[17.977s] -- Installing: /home/runner/work/pixi_rosdistro/pixi_rosdistro/install/include/stereo_msgs/stereo_msgs/msg/detail/disparity_image__rosidl_typesupport_fastrtps_cpp.hpp
[17.977s] -- Installing: /home/runner/work/pixi_rosdistro/pixi_rosdistro/install/include/stereo_msgs/stereo_msgs/msg/detail/dds_fastrtps
[17.977s] -- Installing: /home/runner/work/pixi_rosdistro/pixi_rosdistro/install/lib/libstereo_msgs__rosidl_typesupport_fastrtps_cpp.so
[17.977s] -- Up-to-date: /home/runner/work/pixi_rosdistro/pixi_rosdistro/install/include/stereo_msgs/stereo_msgs
[17.977s] -- Up-to-date: /home/runner/work/pixi_rosdistro/pixi_rosdistro/install/include/stereo_msgs/stereo_msgs/msg
[17.977s] -- Up-to-date: /home/runner/work/pixi_rosdistro/pixi_rosdistro/install/include/stereo_msgs/stereo_msgs/msg/detail
[17.977s] -- Installing: /home/runner/work/pixi_rosdistro/pixi_rosdistro/install/include/stereo_msgs/stereo_msgs/msg/detail/disparity_image__type_support.cpp
[17.978s] -- Installing: /home/runner/work/pixi_rosdistro/pixi_rosdistro/install/include/stereo_msgs/stereo_msgs/msg/detail/disparity_image__rosidl_typesupport_introspection_cpp.hpp
[17.978s] -- Installing: /home/runner/work/pixi_rosdistro/pixi_rosdistro/install/lib/libstereo_msgs__rosidl_typesupport_introspection_cpp.so
[17.978s] -- Installing: /home/runner/work/pixi_rosdistro/pixi_rosdistro/install/lib/libstereo_msgs__rosidl_typesupport_cpp.so
[17.979s] -- Installing: /home/runner/work/pixi_rosdistro/pixi_rosdistro/install/share/stereo_msgs/environment/pythonpath.sh
[17.979s] -- Installing: /home/runner/work/pixi_rosdistro/pixi_rosdistro/install/share/stereo_msgs/environment/pythonpath.dsv
[17.980s] -- Installing: /home/runner/work/pixi_rosdistro/pixi_rosdistro/install/lib/python3.12/site-packages/stereo_msgs/stereo_msgs_s__rosidl_typesupport_fastrtps_c.so
[17.981s] -- Installing: /home/runner/work/pixi_rosdistro/pixi_rosdistro/install/lib/python3.12/site-packages/stereo_msgs/stereo_msgs_s__rosidl_typesupport_introspection_c.so
[17.981s] -- Installing: /home/runner/work/pixi_rosdistro/pixi_rosdistro/install/lib/python3.12/site-packages/stereo_msgs/stereo_msgs_s__rosidl_typesupport_c.so
[17.982s] -- Installing: /home/runner/work/pixi_rosdistro/pixi_rosdistro/install/lib/libstereo_msgs__rosidl_generator_py.so
[17.982s] -- Installing: /home/runner/work/pixi_rosdistro/pixi_rosdistro/install/share/ament_index/resource_index/rust_packages/stereo_msgs
[17.983s] -- Installing: /home/runner/work/pixi_rosdistro/pixi_rosdistro/install/share/stereo_msgs/rust
[17.983s] -- Installing: /home/runner/work/pixi_rosdistro/pixi_rosdistro/install/share/stereo_msgs/rust/Cargo.toml
[17.985s] -- Installing: /home/runner/work/pixi_rosdistro/pixi_rosdistro/install/share/stereo_msgs/rust/build.rs
[17.985s] -- Installing: /home/runner/work/pixi_rosdistro/pixi_rosdistro/install/share/stereo_msgs/rust/src
[17.985s] -- Installing: /home/runner/work/pixi_rosdistro/pixi_rosdistro/install/share/stereo_msgs/rust/src/msg.rs
[17.985s] -- Installing: /home/runner/work/pixi_rosdistro/pixi_rosdistro/install/share/stereo_msgs/rust/src/msg
[17.985s] -- Installing: /home/runner/work/pixi_rosdistro/pixi_rosdistro/install/share/stereo_msgs/rust/src/msg/rmw.rs
[17.986s] -- Installing: /home/runner/work/pixi_rosdistro/pixi_rosdistro/install/share/stereo_msgs/rust/src/lib.rs
[17.986s] -- Installing: /home/runner/work/pixi_rosdistro/pixi_rosdistro/install/share/stereo_msgs/msg/DisparityImage.idl
[17.986s] -- Installing: /home/runner/work/pixi_rosdistro/pixi_rosdistro/install/share/stereo_msgs/msg/DisparityImage.msg
[17.986s] -- Installing: /home/runner/work/pixi_rosdistro/pixi_rosdistro/install/share/ament_index/resource_index/package_run_dependencies/stereo_msgs
[17.987s] -- Installing: /home/runner/work/pixi_rosdistro/pixi_rosdistro/install/share/ament_index/resource_index/parent_prefix_path/stereo_msgs
[17.987s] -- Installing: /home/runner/work/pixi_rosdistro/pixi_rosdistro/install/share/stereo_msgs/environment/ament_prefix_path.sh
[17.987s] -- Installing: /home/runner/work/pixi_rosdistro/pixi_rosdistro/install/share/stereo_msgs/environment/ament_prefix_path.dsv
[17.988s] -- Installing: /home/runner/work/pixi_rosdistro/pixi_rosdistro/install/share/stereo_msgs/environment/path.sh
[17.988s] -- Installing: /home/runner/work/pixi_rosdistro/pixi_rosdistro/install/share/stereo_msgs/environment/path.dsv
[17.989s] -- Installing: /home/runner/work/pixi_rosdistro/pixi_rosdistro/install/share/stereo_msgs/local_setup.bash
[17.989s] -- Installing: /home/runner/work/pixi_rosdistro/pixi_rosdistro/install/share/stereo_msgs/local_setup.fish
[17.990s] -- Installing: /home/runner/work/pixi_rosdistro/pixi_rosdistro/install/share/stereo_msgs/local_setup.sh
[17.990s] -- Installing: /home/runner/work/pixi_rosdistro/pixi_rosdistro/install/share/stereo_msgs/local_setup.zsh
[17.990s] -- Installing: /home/runner/work/pixi_rosdistro/pixi_rosdistro/install/share/stereo_msgs/local_setup.dsv
[17.991s] -- Installing: /home/runner/work/pixi_rosdistro/pixi_rosdistro/install/share/stereo_msgs/package.dsv
[17.991s] -- Installing: /home/runner/work/pixi_rosdistro/pixi_rosdistro/install/share/ament_index/resource_index/packages/stereo_msgs
[17.992s] -- Installing: /home/runner/work/pixi_rosdistro/pixi_rosdistro/install/share/stereo_msgs/cmake/export_stereo_msgs__rosidl_generator_cExport.cmake
[17.994s] -- Installing: /home/runner/work/pixi_rosdistro/pixi_rosdistro/install/share/stereo_msgs/cmake/export_stereo_msgs__rosidl_generator_cExport-release.cmake
[17.994s] -- Installing: /home/runner/work/pixi_rosdistro/pixi_rosdistro/install/share/stereo_msgs/cmake/export_stereo_msgs__rosidl_typesupport_fastrtps_cExport.cmake
[17.994s] -- Installing: /home/runner/work/pixi_rosdistro/pixi_rosdistro/install/share/stereo_msgs/cmake/export_stereo_msgs__rosidl_typesupport_fastrtps_cExport-release.cmake
[17.994s] -- Installing: /home/runner/work/pixi_rosdistro/pixi_rosdistro/install/share/stereo_msgs/cmake/stereo_msgs__rosidl_typesupport_introspection_cExport.cmake
[17.994s] -- Installing: /home/runner/work/pixi_rosdistro/pixi_rosdistro/install/share/stereo_msgs/cmake/stereo_msgs__rosidl_typesupport_introspection_cExport-release.cmake
[17.994s] -- Installing: /home/runner/work/pixi_rosdistro/pixi_rosdistro/install/share/stereo_msgs/cmake/stereo_msgs__rosidl_typesupport_cExport.cmake
[17.995s] -- Installing: /home/runner/work/pixi_rosdistro/pixi_rosdistro/install/share/stereo_msgs/cmake/stereo_msgs__rosidl_typesupport_cExport-release.cmake
[17.995s] -- Installing: /home/runner/work/pixi_rosdistro/pixi_rosdistro/install/share/stereo_msgs/cmake/export_stereo_msgs__rosidl_generator_cppExport.cmake
[17.995s] -- Installing: /home/runner/work/pixi_rosdistro/pixi_rosdistro/install/share/stereo_msgs/cmake/export_stereo_msgs__rosidl_typesupport_fastrtps_cppExport.cmake
[17.995s] -- Installing: /home/runner/work/pixi_rosdistro/pixi_rosdistro/install/share/stereo_msgs/cmake/export_stereo_msgs__rosidl_typesupport_fastrtps_cppExport-release.cmake
[17.996s] -- Installing: /home/runner/work/pixi_rosdistro/pixi_rosdistro/install/share/stereo_msgs/cmake/stereo_msgs__rosidl_typesupport_introspection_cppExport.cmake
[17.996s] -- Installing: /home/runner/work/pixi_rosdistro/pixi_rosdistro/install/share/stereo_msgs/cmake/stereo_msgs__rosidl_typesupport_introspection_cppExport-release.cmake
[17.997s] -- Installing: /home/runner/work/pixi_rosdistro/pixi_rosdistro/install/share/stereo_msgs/cmake/stereo_msgs__rosidl_typesupport_cppExport.cmake
[17.997s] -- Installing: /home/runner/work/pixi_rosdistro/pixi_rosdistro/install/share/stereo_msgs/cmake/stereo_msgs__rosidl_typesupport_cppExport-release.cmake
[17.998s] -- Installing: /home/runner/work/pixi_rosdistro/pixi_rosdistro/install/share/stereo_msgs/cmake/export_stereo_msgs__rosidl_generator_pyExport.cmake
[17.998s] -- Installing: /home/runner/work/pixi_rosdistro/pixi_rosdistro/install/share/stereo_msgs/cmake/export_stereo_msgs__rosidl_generator_pyExport-release.cmake
[17.999s] -- Installing: /home/runner/work/pixi_rosdistro/pixi_rosdistro/install/lib/python3.12/site-packages/stereo_msgs-5.9.1-py3.12.egg-info
[17.999s] -- Installing: /home/runner/work/pixi_rosdistro/pixi_rosdistro/install/lib/python3.12/site-packages/stereo_msgs-5.9.1-py3.12.egg-info/dependency_links.txt
[18.002s] -- Installing: /home/runner/work/pixi_rosdistro/pixi_rosdistro/install/lib/python3.12/site-packages/stereo_msgs-5.9.1-py3.12.egg-info/top_level.txt
[18.002s] -- Installing: /home/runner/work/pixi_rosdistro/pixi_rosdistro/install/lib/python3.12/site-packages/stereo_msgs-5.9.1-py3.12.egg-info/PKG-INFO
[18.002s] -- Installing: /home/runner/work/pixi_rosdistro/pixi_rosdistro/install/lib/python3.12/site-packages/stereo_msgs-5.9.1-py3.12.egg-info/SOURCES.txt
[18.002s] -- Up-to-date: /home/runner/work/pixi_rosdistro/pixi_rosdistro/install/lib/python3.12/site-packages/stereo_msgs
[18.002s] -- Installing: /home/runner/work/pixi_rosdistro/pixi_rosdistro/install/lib/python3.12/site-packages/stereo_msgs/__init__.py
[18.003s] -- Installing: /home/runner/work/pixi_rosdistro/pixi_rosdistro/install/lib/python3.12/site-packages/stereo_msgs/_stereo_msgs_s.ep.rosidl_typesupport_fastrtps_c.c
[18.003s] -- Installing: /home/runner/work/pixi_rosdistro/pixi_rosdistro/install/lib/python3.12/site-packages/stereo_msgs/msg
[18.003s] -- Installing: /home/runner/work/pixi_rosdistro/pixi_rosdistro/install/lib/python3.12/site-packages/stereo_msgs/msg/__init__.py
[18.003s] -- Installing: /home/runner/work/pixi_rosdistro/pixi_rosdistro/install/lib/python3.12/site-packages/stereo_msgs/msg/_disparity_image_s.c
[18.003s] -- Installing: /home/runner/work/pixi_rosdistro/pixi_rosdistro/install/lib/python3.12/site-packages/stereo_msgs/msg/_disparity_image.py
[18.003s] -- Up-to-date: /home/runner/work/pixi_rosdistro/pixi_rosdistro/install/lib/python3.12/site-packages/stereo_msgs/stereo_msgs_s__rosidl_typesupport_introspection_c.so
[18.003s] -- Installing: /home/runner/work/pixi_rosdistro/pixi_rosdistro/install/lib/python3.12/site-packages/stereo_msgs/py.typed
[18.003s] -- Installing: /home/runner/work/pixi_rosdistro/pixi_rosdistro/install/lib/python3.12/site-packages/stereo_msgs/_stereo_msgs_s.ep.rosidl_typesupport_introspection_c.c
[18.003s] -- Installing: /home/runner/work/pixi_rosdistro/pixi_rosdistro/install/lib/python3.12/site-packages/stereo_msgs/_stereo_msgs_s.ep.rosidl_typesupport_c.c
[18.003s] -- Up-to-date: /home/runner/work/pixi_rosdistro/pixi_rosdistro/install/lib/python3.12/site-packages/stereo_msgs/stereo_msgs_s__rosidl_typesupport_c.so
[18.003s] -- Up-to-date: /home/runner/work/pixi_rosdistro/pixi_rosdistro/install/lib/python3.12/site-packages/stereo_msgs/stereo_msgs_s__rosidl_typesupport_fastrtps_c.so
[18.059s] Listing '/home/runner/work/pixi_rosdistro/pixi_rosdistro/install/lib/python3.12/site-packages/stereo_msgs'...
[18.059s] Compiling '/home/runner/work/pixi_rosdistro/pixi_rosdistro/install/lib/python3.12/site-packages/stereo_msgs/__init__.py'...
[18.060s] Listing '/home/runner/work/pixi_rosdistro/pixi_rosdistro/install/lib/python3.12/site-packages/stereo_msgs/msg'...
[18.060s] Compiling '/home/runner/work/pixi_rosdistro/pixi_rosdistro/install/lib/python3.12/site-packages/stereo_msgs/msg/__init__.py'...
[18.060s] Compiling '/home/runner/work/pixi_rosdistro/pixi_rosdistro/install/lib/python3.12/site-packages/stereo_msgs/msg/_disparity_image.py'...
[18.068s] -- Installing: /home/runner/work/pixi_rosdistro/pixi_rosdistro/install/share/stereo_msgs/cmake/rosidl_cmake-extras.cmake
[18.068s] -- Installing: /home/runner/work/pixi_rosdistro/pixi_rosdistro/install/share/stereo_msgs/cmake/ament_cmake_export_dependencies-extras.cmake
[18.069s] -- Installing: /home/runner/work/pixi_rosdistro/pixi_rosdistro/install/share/stereo_msgs/cmake/ament_cmake_export_include_directories-extras.cmake
[18.069s] -- Installing: /home/runner/work/pixi_rosdistro/pixi_rosdistro/install/share/stereo_msgs/cmake/ament_cmake_export_libraries-extras.cmake
[18.069s] -- Installing: /home/runner/work/pixi_rosdistro/pixi_rosdistro/install/share/stereo_msgs/cmake/ament_cmake_export_targets-extras.cmake
[18.070s] -- Installing: /home/runner/work/pixi_rosdistro/pixi_rosdistro/install/share/stereo_msgs/cmake/rosidl_cmake_export_typesupport_targets-extras.cmake
[18.070s] -- Installing: /home/runner/work/pixi_rosdistro/pixi_rosdistro/install/share/stereo_msgs/cmake/rosidl_cmake_export_typesupport_libraries-extras.cmake
[18.070s] -- Installing: /home/runner/work/pixi_rosdistro/pixi_rosdistro/install/share/stereo_msgs/cmake/rosidl_cmake_aggregate_target-extras.cmake
[18.070s] -- Installing: /home/runner/work/pixi_rosdistro/pixi_rosdistro/install/share/stereo_msgs/cmake/stereo_msgsConfig.cmake
[18.071s] -- Installing: /home/runner/work/pixi_rosdistro/pixi_rosdistro/install/share/stereo_msgs/cmake/stereo_msgsConfig-version.cmake
[18.071s] -- Installing: /home/runner/work/pixi_rosdistro/pixi_rosdistro/install/share/stereo_msgs/package.xml
[18.074s] Invoked command in '/home/runner/work/pixi_rosdistro/pixi_rosdistro/build/stereo_msgs' returned '0': AMENT_PREFIX_PATH=/home/runner/work/pixi_rosdistro/pixi_rosdistro/install CMAKE_PREFIX_PATH=/home/runner/work/pixi_rosdistro/pixi_rosdistro/install:${CMAKE_PREFIX_PATH} LD_LIBRARY_PATH=/home/runner/work/pixi_rosdistro/pixi_rosdistro/install/lib PATH=/home/runner/work/pixi_rosdistro/pixi_rosdistro/install/bin:/opt/microsoft/powershell/7:${PATH} PIXI_PROMPT=(ros2_rolling) PKG_CONFIG_PATH=/home/runner/work/pixi_rosdistro/pixi_rosdistro/install/lib/pkgconfig PSModulePath=/home/runner/.local/share/powershell/Modules:${PSModulePath} PYTHONPATH=/home/runner/work/pixi_rosdistro/pixi_rosdistro/install/lib/python3.12/site-packages ROS_DOMAIN_ID=8 /home/runner/work/pixi_rosdistro/pixi_rosdistro/.pixi/envs/default/bin/cmake --install /home/runner/work/pixi_rosdistro/pixi_rosdistro/build/stereo_msgs
