[3.173s] Invoking command in '/home/runner/work/pixi_rosdistro/pixi_rosdistro/build/rcutils': AMENT_PREFIX_PATH=/home/runner/work/pixi_rosdistro/pixi_rosdistro/install CMAKE_PREFIX_PATH=/home/runner/work/pixi_rosdistro/pixi_rosdistro/install:${CMAKE_PREFIX_PATH} LD_LIBRARY_PATH=/home/runner/work/pixi_rosdistro/pixi_rosdistro/install/lib PATH=/home/runner/work/pixi_rosdistro/pixi_rosdistro/install/bin:/opt/microsoft/powershell/7:${PATH} PIXI_PROMPT=(ros2_rolling) PKG_CONFIG_PATH=/home/runner/work/pixi_rosdistro/pixi_rosdistro/install/lib/pkgconfig PSModulePath=/home/runner/.local/share/powershell/Modules:${PSModulePath} PYTHONPATH=/home/runner/work/pixi_rosdistro/pixi_rosdistro/install/lib/python3.12/site-packages ROS_DOMAIN_ID=42 /home/runner/work/pixi_rosdistro/pixi_rosdistro/.pixi/envs/default/bin/cmake /home/runner/work/pixi_rosdistro/pixi_rosdistro/src/ros2/rcutils -GNinja --no-warn-unused-cli -DCMAKE_BUILD_TYPE=Release -DCMAKE_BUILD_WITH_INSTALL_RPATH:bool=TRUE -DCMAKE_POLICY_VERSION_MINIMUM=3.5 -Wno-deprecated -DSTACK_DETAILS_AUTO_DETECT:bool=FALSE -DSTACK_DETAILS_BFD:bool=FALSE -DCMAKE_INSTALL_PREFIX=/home/runner/work/pixi_rosdistro/pixi_rosdistro/install
[3.251s] Not searching for unused variables given on the command line.
[3.251s] -- The C compiler identification is GNU 14.3.0
[3.381s] -- The CXX compiler identification is GNU 14.3.0
[3.396s] -- Detecting C compiler ABI info
[3.614s] -- Detecting C compiler ABI info - done
[3.650s] -- Check for working C compiler: /home/runner/work/pixi_rosdistro/pixi_rosdistro/.pixi/envs/default/bin/x86_64-conda-linux-gnu-cc - skipped
[3.651s] -- Detecting C compile features
[3.653s] -- Detecting C compile features - done
[3.674s] -- Detecting CXX compiler ABI info
[3.955s] -- Detecting CXX compiler ABI info - done
[3.994s] -- Check for working CXX compiler: /home/runner/work/pixi_rosdistro/pixi_rosdistro/.pixi/envs/default/bin/x86_64-conda-linux-gnu-c++ - skipped
[3.996s] -- Detecting CXX compile features
[3.997s] -- Detecting CXX compile features - done
[4.011s] -- Found ament_cmake: 2.8.6 (/home/runner/work/pixi_rosdistro/pixi_rosdistro/install/share/ament_cmake/cmake)
[4.329s] -- Found ament_cmake_ros_core: 0.15.6 (/home/runner/work/pixi_rosdistro/pixi_rosdistro/install/share/ament_cmake_ros_core/cmake)
[4.331s] -- Performing Test USES_GLIBC
[4.694s] -- Performing Test USES_GLIBC - Failed
[4.694s] -- Looking for __atomic_load_8 in atomic
[4.717s] -- Looking for __atomic_load_8 in atomic - found
[4.720s] -- Found performance_test_fixture: 0.4.1 (/home/runner/work/pixi_rosdistro/pixi_rosdistro/install/share/performance_test_fixture/cmake)
[5.263s] -- Found ament_cmake_gmock: 2.8.6 (/home/runner/work/pixi_rosdistro/pixi_rosdistro/install/share/ament_cmake_gmock/cmake)
[5.264s] -- Found ament_cmake_gtest: 2.8.6 (/home/runner/work/pixi_rosdistro/pixi_rosdistro/install/share/ament_cmake_gtest/cmake)
[5.269s] -- Found ament_lint_auto: 0.20.3 (/home/runner/work/pixi_rosdistro/pixi_rosdistro/install/share/ament_lint_auto/cmake)
[5.415s] -- Found gtest sources under '/home/runner/work/pixi_rosdistro/pixi_rosdistro/install/src/gtest_vendor': C++ tests using 'Google Test' will be built
[5.418s] -- Check if compiler accepts -pthread
[5.572s] -- Check if compiler accepts -pthread - yes
[5.573s] -- Found Threads: TRUE
[5.577s] -- Found gmock sources under '/home/runner/work/pixi_rosdistro/pixi_rosdistro/install/src/gmock_vendor': C++ tests using 'Google Mock' will be built
[5.618s] -- Performing Test is_no_as_needed_supported
[5.788s] -- Performing Test is_no_as_needed_supported - Success
[5.824s] -- Performance tests are disabled by default, so Google Benchmark tests will be skipped. To enable these tests, set the CMake variable 'AMENT_RUN_PERFORMANCE_TESTS'.
[5.833s] -- Added test 'copyright' to check source files copyright and LICENSE
[5.844s] -- Added test 'cpplint' to check C / C++ code against the Google style
[5.844s] -- Configured cpplint exclude dirs and/or files: 
[5.847s] -- Added test 'flake8' to check Python code syntax and style conventions
[5.847s] -- Configured 'flake8' exclude dirs and/or files: 
[5.851s] -- Added test 'lint_cmake' to check CMake code style
[5.854s] -- Added test 'pep257' to check Python code against some of the docstring style conventions in PEP 257
[5.872s] -- Added test 'uncrustify' to check C / C++ code style
[5.872s] -- Configured uncrustify additional arguments: 
[5.873s] -- Added test 'xmllint' to check XML markup files
[5.879s] -- Configuring done (2.7s)
[5.987s] -- Generating done (0.1s)
[6.026s] -- Build files have been written to: /home/runner/work/pixi_rosdistro/pixi_rosdistro/build/rcutils
[6.041s] Invoked command in '/home/runner/work/pixi_rosdistro/pixi_rosdistro/build/rcutils' returned '0': AMENT_PREFIX_PATH=/home/runner/work/pixi_rosdistro/pixi_rosdistro/install CMAKE_PREFIX_PATH=/home/runner/work/pixi_rosdistro/pixi_rosdistro/install:${CMAKE_PREFIX_PATH} LD_LIBRARY_PATH=/home/runner/work/pixi_rosdistro/pixi_rosdistro/install/lib PATH=/home/runner/work/pixi_rosdistro/pixi_rosdistro/install/bin:/opt/microsoft/powershell/7:${PATH} PIXI_PROMPT=(ros2_rolling) PKG_CONFIG_PATH=/home/runner/work/pixi_rosdistro/pixi_rosdistro/install/lib/pkgconfig PSModulePath=/home/runner/.local/share/powershell/Modules:${PSModulePath} PYTHONPATH=/home/runner/work/pixi_rosdistro/pixi_rosdistro/install/lib/python3.12/site-packages ROS_DOMAIN_ID=42 /home/runner/work/pixi_rosdistro/pixi_rosdistro/.pixi/envs/default/bin/cmake /home/runner/work/pixi_rosdistro/pixi_rosdistro/src/ros2/rcutils -GNinja --no-warn-unused-cli -DCMAKE_BUILD_TYPE=Release -DCMAKE_BUILD_WITH_INSTALL_RPATH:bool=TRUE -DCMAKE_POLICY_VERSION_MINIMUM=3.5 -Wno-deprecated -DSTACK_DETAILS_AUTO_DETECT:bool=FALSE -DSTACK_DETAILS_BFD:bool=FALSE -DCMAKE_INSTALL_PREFIX=/home/runner/work/pixi_rosdistro/pixi_rosdistro/install
[6.042s] Invoking command in '/home/runner/work/pixi_rosdistro/pixi_rosdistro/build/rcutils': AMENT_PREFIX_PATH=/home/runner/work/pixi_rosdistro/pixi_rosdistro/install CMAKE_PREFIX_PATH=/home/runner/work/pixi_rosdistro/pixi_rosdistro/install:${CMAKE_PREFIX_PATH} LD_LIBRARY_PATH=/home/runner/work/pixi_rosdistro/pixi_rosdistro/install/lib PATH=/home/runner/work/pixi_rosdistro/pixi_rosdistro/install/bin:/opt/microsoft/powershell/7:${PATH} PIXI_PROMPT=(ros2_rolling) PKG_CONFIG_PATH=/home/runner/work/pixi_rosdistro/pixi_rosdistro/install/lib/pkgconfig PSModulePath=/home/runner/.local/share/powershell/Modules:${PSModulePath} PYTHONPATH=/home/runner/work/pixi_rosdistro/pixi_rosdistro/install/lib/python3.12/site-packages ROS_DOMAIN_ID=42 /home/runner/work/pixi_rosdistro/pixi_rosdistro/.pixi/envs/default/bin/cmake --build /home/runner/work/pixi_rosdistro/pixi_rosdistro/build/rcutils -- -j4 -l4
[6.197s] [1/134] Building C object CMakeFiles/rcutils.dir/src/allocator.c.o
[6.340s] [2/134] Building C object CMakeFiles/rcutils.dir/src/array_list.c.o
[6.475s] [3/134] Building C object CMakeFiles/rcutils.dir/src/base64.c.o
[6.610s] [4/134] Building C object CMakeFiles/rcutils.dir/src/char_array.c.o
[6.734s] [5/134] Building C object CMakeFiles/rcutils.dir/src/cmdline_parser.c.o
[6.904s] [6/134] Building C object CMakeFiles/rcutils.dir/src/env.c.o
[7.040s] [7/134] Building C object CMakeFiles/rcutils.dir/src/error_handling.c.o
[7.287s] [8/134] Building C object CMakeFiles/rcutils.dir/src/filesystem.c.o
[7.449s] [9/134] Building C object CMakeFiles/rcutils.dir/src/find.c.o
[7.573s] [10/134] Building C object CMakeFiles/rcutils.dir/src/format_string.c.o
[7.716s] [11/134] Building C object CMakeFiles/rcutils.dir/src/hash_map.c.o
[7.861s] [12/134] Building C object CMakeFiles/rcutils.dir/src/join.c.o
[8.004s] [13/134] Building C object CMakeFiles/rcutils.dir/src/logging.c.o
[8.150s] [14/134] Building C object CMakeFiles/rcutils.dir/src/process.c.o
[8.300s] [15/134] Building C object CMakeFiles/rcutils.dir/src/qsort.c.o
[8.455s] [16/134] Building C object CMakeFiles/rcutils.dir/src/repl_str.c.o
[8.575s] [17/134] Building C object CMakeFiles/rcutils.dir/src/sha256.c.o
[8.752s] [18/134] Building C object CMakeFiles/rcutils.dir/src/shared_library.c.o
[8.882s] [19/134] Building C object CMakeFiles/rcutils.dir/src/snprintf.c.o
[9.026s] [20/134] Building C object CMakeFiles/rcutils.dir/src/split.c.o
[9.182s] [21/134] Building C object CMakeFiles/rcutils.dir/src/strcasecmp.c.o
[9.320s] [22/134] Building C object CMakeFiles/rcutils.dir/src/strdup.c.o
[9.455s] [23/134] Building C object CMakeFiles/rcutils.dir/src/strerror.c.o
[9.637s] [24/134] Building C object CMakeFiles/rcutils.dir/src/string_array.c.o
[9.815s] [25/134] Building C object CMakeFiles/rcutils.dir/src/string_map.c.o
[9.924s] [26/134] Building C object CMakeFiles/rcutils.dir/src/strnlen.c.o
[10.089s] [27/134] Building C object CMakeFiles/rcutils.dir/src/testing/fault_injection.c.o
[10.276s] [28/134] Building C object CMakeFiles/rcutils.dir/src/time.c.o
[10.420s] [29/134] Building C object CMakeFiles/rcutils.dir/src/time_unix.c.o
[10.566s] [30/134] Building C object CMakeFiles/rcutils.dir/src/uint8_array.c.o
[10.687s] [31/134] Building C object CMakeFiles/dummy_shared_library_preloaded.dir/test/dummy_shared_library/dummy_shared_library.c.o
[11.181s] [32/134] Building CXX object gtest/CMakeFiles/gtest.dir/src/gtest-all.cc.o
[11.464s] [33/134] Building CXX object gtest/CMakeFiles/gtest_main.dir/src/gtest_main.cc.o
[12.161s] [34/134] Building CXX object gmock/CMakeFiles/gmock.dir/home/runner/work/pixi_rosdistro/pixi_rosdistro/install/src/gtest_vendor/src/gtest-all.cc.o
[12.675s] [35/134] Building CXX object gmock/CMakeFiles/gmock.dir/src/gmock-all.cc.o
[13.010s] [36/134] Building CXX object gmock/CMakeFiles/gmock_main.dir/src/gmock_main.cc.o
[13.033s] [37/134] Linking C shared library librcutils.so
[13.465s] [38/134] Building CXX object CMakeFiles/test_logging.dir/test/test_logging.cpp.o
[13.684s] [39/134] Building CXX object CMakeFiles/test_logging_long_messages.dir/test/test_logging_long_messages.cpp.o
[14.197s] [40/134] Building CXX object CMakeFiles/test_logging_macros.dir/test/test_logging_macros.cpp.o
[14.328s] [41/134] Building C object CMakeFiles/test_logging_macros_c.dir/test/test_logging_macros.c.o
[14.973s] [42/134] Building CXX object CMakeFiles/test_allocator.dir/test/test_allocator.cpp.o
[15.332s] [43/134] Building CXX object CMakeFiles/test_char_array.dir/test/test_char_array.cpp.o
[15.485s] [44/134] Building C object CMakeFiles/test_atomics_executable.dir/test/test_atomics.c.o
[15.946s] [45/134] Building CXX object CMakeFiles/test_error_handling.dir/test/test_error_handling.cpp.o
[16.413s] [46/134] Building CXX object CMakeFiles/test_error_handling_helpers.dir/test/test_error_handling_helpers.cpp.o
[16.735s] [47/134] Building CXX object CMakeFiles/test_split.dir/test/test_split.cpp.o
[17.052s] [48/134] Building CXX object CMakeFiles/test_join.dir/test/test_join.cpp.o
[17.393s] [49/134] Building CXX object CMakeFiles/test_find.dir/test/test_find.cpp.o
[17.785s] [50/134] Building CXX object CMakeFiles/test_strerror.dir/test/test_strerror.cpp.o
[18.183s] [51/134] Building CXX object CMakeFiles/test_string_array.dir/test/test_string_array.cpp.o
[18.487s] [52/134] Building CXX object CMakeFiles/test_env.dir/test/test_env.cpp.o
[19.047s] [53/134] Building CXX object CMakeFiles/test_filesystem.dir/test/test_filesystem.cpp.o
[19.347s] [54/134] Building CXX object CMakeFiles/test_strdup.dir/test/test_strdup.cpp.o
[19.830s] [55/134] Building CXX object CMakeFiles/test_format_string.dir/test/test_format_string.cpp.o
[20.383s] [56/134] Building CXX object CMakeFiles/test_string_map.dir/test/test_string_map.cpp.o
[20.769s] [57/134] Building CXX object CMakeFiles/test_isalnum_no_locale.dir/test/test_isalnum_no_locale.cpp.o
[21.130s] [58/134] Building CXX object CMakeFiles/test_repl_str.dir/test/test_repl_str.cpp.o
[21.451s] [59/134] Building CXX object CMakeFiles/test_sha256.dir/test/test_sha256.cpp.o
[21.835s] [60/134] Building CXX object CMakeFiles/test_shared_library_in_run_paths.dir/test/test_shared_library.cpp.o
[21.975s] [61/134] Building C object CMakeFiles/dummy_shared_library_in_run_paths.dir/test/dummy_shared_library/dummy_shared_library.c.o
[22.361s] [62/134] Building CXX object CMakeFiles/test_shared_library_in_load_paths.dir/test/test_shared_library.cpp.o
[22.480s] [63/134] Building C object CMakeFiles/dummy_shared_library_in_load_paths.dir/test/dummy_shared_library/dummy_shared_library.c.o
[22.902s] [64/134] Building CXX object CMakeFiles/test_shared_library_preloaded.dir/test/test_shared_library.cpp.o
[22.923s] [65/134] Linking C shared library test_libraries/libdummy_shared_library_preloaded.so
[23.419s] [66/134] Building CXX object CMakeFiles/test_time.dir/test/test_time.cpp.o
[23.760s] [67/134] Building CXX object CMakeFiles/test_snprintf.dir/test/test_snprintf.cpp.o
[24.161s] [68/134] Building CXX object CMakeFiles/test_strcasecmp.dir/test/test_strcasecmp.cpp.o
[24.451s] [69/134] Building CXX object CMakeFiles/test_uint8_array.dir/test/test_uint8_array.cpp.o
[24.850s] [70/134] Building CXX object CMakeFiles/test_array_list.dir/test/test_array_list.cpp.o
[25.505s] [71/134] Building CXX object CMakeFiles/test_hash_map.dir/test/test_hash_map.cpp.o
[25.861s] [72/134] Building CXX object CMakeFiles/test_cmdline_parser.dir/test/test_cmdline_parser.cpp.o
[26.187s] [73/134] Building CXX object CMakeFiles/test_process.dir/test/test_process.cpp.o
[26.525s] [74/134] Building CXX object CMakeFiles/test_logging_custom_env.dir/test/test_logging_custom_env.cpp.o
[26.919s] [75/134] Building CXX object CMakeFiles/test_logging_custom_env2.dir/test/test_logging_custom_env.cpp.o
[27.243s] [76/134] Building CXX object CMakeFiles/test_logging_bad_env.dir/test/test_logging_bad_env.cpp.o
[27.551s] [77/134] Building CXX object CMakeFiles/test_logging_bad_env2.dir/test/test_logging_bad_env.cpp.o
[27.876s] [78/134] Building CXX object CMakeFiles/test_logging_bad_env3.dir/test/test_logging_bad_env.cpp.o
[28.364s] [79/134] Building CXX object CMakeFiles/test_logging_enable_for.dir/test/test_logging_enable_for.cpp.o
[28.770s] [80/134] Building CXX object CMakeFiles/test_logging_console_output_handler.dir/test/test_logging_console_output_handler.cpp.o
[29.094s] [81/134] Building CXX object CMakeFiles/test_macros.dir/test/test_macros.cpp.o
[29.364s] [82/134] Building CXX object CMakeFiles/benchmark_logging.dir/test/benchmark/benchmark_logging.cpp.o
[29.653s] [83/134] Building CXX object CMakeFiles/benchmark_err_handle.dir/test/benchmark/benchmark_error_handling.cpp.o
[29.994s] [84/134] Building CXX object CMakeFiles/test_base64.dir/test/test_base64.cpp.o
[30.015s] [85/134] Linking CXX static library gtest/libgtest.a
[30.027s] [86/134] Linking CXX static library gtest/libgtest_main.a
[30.046s] [87/134] Linking CXX static library gmock/libgmock.a
[30.055s] [88/134] Linking CXX static library gmock/libgmock_main.a
[30.155s] [89/134] Linking CXX executable test_logging
[30.216s] [90/134] Linking CXX executable test_logging_long_messages
[30.322s] [91/134] Linking CXX executable test_logging_macros
[30.342s] [92/134] Linking C executable test_logging_macros_c
[30.423s] [93/134] Linking CXX executable test_allocator
[30.498s] [94/134] Linking CXX executable test_char_array
[30.517s] [95/134] Linking C executable test_atomics_executable
[30.616s] [96/134] Linking CXX executable test_error_handling
[30.712s] [97/134] Linking CXX executable test_error_handling_helpers
[30.781s] [98/134] Linking CXX executable test_split
[30.848s] [99/134] Linking CXX executable test_join
[30.913s] [100/134] Linking CXX executable test_find
[31.002s] [101/134] Linking CXX executable test_strerror
[31.105s] [102/134] Linking CXX executable test_string_array
[31.256s] [103/134] Linking CXX executable test_env
[31.373s] [104/134] Linking CXX executable test_filesystem
[31.519s] [105/134] Linking CXX executable test_strdup
[31.644s] [106/134] Linking CXX executable test_format_string
[31.822s] [107/134] Linking CXX executable test_string_map
[32.031s] [108/134] Linking CXX executable test_isalnum_no_locale
[32.129s] [109/134] Linking CXX executable test_repl_str
[32.208s] [110/134] Linking CXX executable test_sha256
[32.300s] [111/134] Linking CXX executable test_shared_library_in_run_paths
[32.319s] [112/134] Linking C shared library libdummy_shared_library_in_run_paths.so
[32.415s] [113/134] Linking CXX executable test_shared_library_in_load_paths
[32.433s] [114/134] Linking C shared library test_libraries/libdummy_shared_library_in_load_paths.so
[32.529s] [115/134] Linking CXX executable test_shared_library_preloaded
[32.626s] [116/134] Linking CXX executable test_time
[32.726s] [117/134] Linking CXX executable test_snprintf
[32.829s] [118/134] Linking CXX executable test_strcasecmp
[32.982s] [119/134] Linking CXX executable test_uint8_array
[33.104s] [120/134] Linking CXX executable test_array_list
[33.223s] [121/134] Linking CXX executable test_hash_map
[33.319s] [122/134] Linking CXX executable test_cmdline_parser
[33.423s] [123/134] Linking CXX executable test_process
[33.518s] [124/134] Linking CXX executable test_logging_custom_env
[33.612s] [125/134] Linking CXX executable test_logging_custom_env2
[33.703s] [126/134] Linking CXX executable test_logging_bad_env
[33.795s] [127/134] Linking CXX executable test_logging_bad_env2
[33.886s] [128/134] Linking CXX executable test_logging_bad_env3
[33.981s] [129/134] Linking CXX executable test_logging_enable_for
[34.069s] [130/134] Linking CXX executable test_logging_console_output_handler
[34.156s] [131/134] Linking CXX executable test_macros
[34.219s] [132/134] Linking CXX executable benchmark_logging
[34.284s] [133/134] Linking CXX executable benchmark_err_handle
[34.386s] [134/134] Linking CXX executable test_base64
[34.389s] Invoked command in '/home/runner/work/pixi_rosdistro/pixi_rosdistro/build/rcutils' returned '0': AMENT_PREFIX_PATH=/home/runner/work/pixi_rosdistro/pixi_rosdistro/install CMAKE_PREFIX_PATH=/home/runner/work/pixi_rosdistro/pixi_rosdistro/install:${CMAKE_PREFIX_PATH} LD_LIBRARY_PATH=/home/runner/work/pixi_rosdistro/pixi_rosdistro/install/lib PATH=/home/runner/work/pixi_rosdistro/pixi_rosdistro/install/bin:/opt/microsoft/powershell/7:${PATH} PIXI_PROMPT=(ros2_rolling) PKG_CONFIG_PATH=/home/runner/work/pixi_rosdistro/pixi_rosdistro/install/lib/pkgconfig PSModulePath=/home/runner/.local/share/powershell/Modules:${PSModulePath} PYTHONPATH=/home/runner/work/pixi_rosdistro/pixi_rosdistro/install/lib/python3.12/site-packages ROS_DOMAIN_ID=42 /home/runner/work/pixi_rosdistro/pixi_rosdistro/.pixi/envs/default/bin/cmake --build /home/runner/work/pixi_rosdistro/pixi_rosdistro/build/rcutils -- -j4 -l4
[34.395s] Invoking command in '/home/runner/work/pixi_rosdistro/pixi_rosdistro/build/rcutils': AMENT_PREFIX_PATH=/home/runner/work/pixi_rosdistro/pixi_rosdistro/install CMAKE_PREFIX_PATH=/home/runner/work/pixi_rosdistro/pixi_rosdistro/install:${CMAKE_PREFIX_PATH} LD_LIBRARY_PATH=/home/runner/work/pixi_rosdistro/pixi_rosdistro/install/lib PATH=/home/runner/work/pixi_rosdistro/pixi_rosdistro/install/bin:/opt/microsoft/powershell/7:${PATH} PIXI_PROMPT=(ros2_rolling) PKG_CONFIG_PATH=/home/runner/work/pixi_rosdistro/pixi_rosdistro/install/lib/pkgconfig PSModulePath=/home/runner/.local/share/powershell/Modules:${PSModulePath} PYTHONPATH=/home/runner/work/pixi_rosdistro/pixi_rosdistro/install/lib/python3.12/site-packages ROS_DOMAIN_ID=42 /home/runner/work/pixi_rosdistro/pixi_rosdistro/.pixi/envs/default/bin/cmake --install /home/runner/work/pixi_rosdistro/pixi_rosdistro/build/rcutils
[34.402s] -- Install configuration: "Release"
[34.403s] -- Installing: /home/runner/work/pixi_rosdistro/pixi_rosdistro/install/lib/librcutils.so
[34.404s] -- Installing: /home/runner/work/pixi_rosdistro/pixi_rosdistro/install/share/rcutils/environment/library_path.sh
[34.404s] -- Installing: /home/runner/work/pixi_rosdistro/pixi_rosdistro/install/share/rcutils/environment/library_path.dsv
[34.405s] -- Installing: /home/runner/work/pixi_rosdistro/pixi_rosdistro/install/share/ament_index/resource_index/package_run_dependencies/rcutils
[34.406s] -- Installing: /home/runner/work/pixi_rosdistro/pixi_rosdistro/install/share/ament_index/resource_index/parent_prefix_path/rcutils
[34.406s] -- Installing: /home/runner/work/pixi_rosdistro/pixi_rosdistro/install/share/rcutils/environment/ament_prefix_path.sh
[34.407s] -- Installing: /home/runner/work/pixi_rosdistro/pixi_rosdistro/install/share/rcutils/environment/ament_prefix_path.dsv
[34.408s] -- Installing: /home/runner/work/pixi_rosdistro/pixi_rosdistro/install/share/rcutils/environment/path.sh
[34.408s] -- Installing: /home/runner/work/pixi_rosdistro/pixi_rosdistro/install/share/rcutils/environment/path.dsv
[34.408s] -- Installing: /home/runner/work/pixi_rosdistro/pixi_rosdistro/install/share/rcutils/local_setup.bash
[34.409s] -- Installing: /home/runner/work/pixi_rosdistro/pixi_rosdistro/install/share/rcutils/local_setup.fish
[34.409s] -- Installing: /home/runner/work/pixi_rosdistro/pixi_rosdistro/install/share/rcutils/local_setup.sh
[34.409s] -- Installing: /home/runner/work/pixi_rosdistro/pixi_rosdistro/install/share/rcutils/local_setup.zsh
[34.409s] -- Installing: /home/runner/work/pixi_rosdistro/pixi_rosdistro/install/share/rcutils/local_setup.dsv
[34.410s] -- Installing: /home/runner/work/pixi_rosdistro/pixi_rosdistro/install/share/rcutils/package.dsv
[34.410s] -- Installing: /home/runner/work/pixi_rosdistro/pixi_rosdistro/install/share/ament_index/resource_index/packages/rcutils
[34.411s] -- Installing: /home/runner/work/pixi_rosdistro/pixi_rosdistro/install/share/rcutils/cmake/rcutilsExport.cmake
[34.411s] -- Installing: /home/runner/work/pixi_rosdistro/pixi_rosdistro/install/share/rcutils/cmake/rcutilsExport-release.cmake
[34.412s] -- Installing: /home/runner/work/pixi_rosdistro/pixi_rosdistro/install/share/rcutils/cmake/ament_cmake_export_link_flags-extras.cmake
[34.413s] -- Installing: /home/runner/work/pixi_rosdistro/pixi_rosdistro/install/share/rcutils/cmake/ament_cmake_export_include_directories-extras.cmake
[34.413s] -- Installing: /home/runner/work/pixi_rosdistro/pixi_rosdistro/install/share/rcutils/cmake/ament_cmake_export_libraries-extras.cmake
[34.413s] -- Installing: /home/runner/work/pixi_rosdistro/pixi_rosdistro/install/share/rcutils/cmake/ament_cmake_export_targets-extras.cmake
[34.414s] -- Installing: /home/runner/work/pixi_rosdistro/pixi_rosdistro/install/share/rcutils/cmake/ament_cmake_export_dependencies-extras.cmake
[34.414s] -- Installing: /home/runner/work/pixi_rosdistro/pixi_rosdistro/install/share/rcutils/cmake/rcutilsConfig.cmake
[34.415s] -- Installing: /home/runner/work/pixi_rosdistro/pixi_rosdistro/install/share/rcutils/cmake/rcutilsConfig-version.cmake
[34.417s] -- Installing: /home/runner/work/pixi_rosdistro/pixi_rosdistro/install/share/rcutils/package.xml
[34.417s] -- Installing: /home/runner/work/pixi_rosdistro/pixi_rosdistro/install/include/rcutils
[34.417s] -- Installing: /home/runner/work/pixi_rosdistro/pixi_rosdistro/install/include/rcutils/rcutils
[34.418s] -- Installing: /home/runner/work/pixi_rosdistro/pixi_rosdistro/install/include/rcutils/rcutils/strcasecmp.h
[34.418s] -- Installing: /home/runner/work/pixi_rosdistro/pixi_rosdistro/install/include/rcutils/rcutils/macros.h
[34.418s] -- Installing: /home/runner/work/pixi_rosdistro/pixi_rosdistro/install/include/rcutils/rcutils/visibility_control_macros.h
[34.418s] -- Installing: /home/runner/work/pixi_rosdistro/pixi_rosdistro/install/include/rcutils/rcutils/logging.h
[34.418s] -- Installing: /home/runner/work/pixi_rosdistro/pixi_rosdistro/install/include/rcutils/rcutils/types
[34.418s] -- Installing: /home/runner/work/pixi_rosdistro/pixi_rosdistro/install/include/rcutils/rcutils/types/char_array.h
[34.418s] -- Installing: /home/runner/work/pixi_rosdistro/pixi_rosdistro/install/include/rcutils/rcutils/types/string_map.h
[34.418s] -- Installing: /home/runner/work/pixi_rosdistro/pixi_rosdistro/install/include/rcutils/rcutils/types/array_list.h
[34.419s] -- Installing: /home/runner/work/pixi_rosdistro/pixi_rosdistro/install/include/rcutils/rcutils/types/rcutils_ret.h
[34.419s] -- Installing: /home/runner/work/pixi_rosdistro/pixi_rosdistro/install/include/rcutils/rcutils/types/hash_map.h
[34.419s] -- Installing: /home/runner/work/pixi_rosdistro/pixi_rosdistro/install/include/rcutils/rcutils/types/string_array.h
[34.420s] -- Installing: /home/runner/work/pixi_rosdistro/pixi_rosdistro/install/include/rcutils/rcutils/types/uint8_array.h
[34.420s] -- Installing: /home/runner/work/pixi_rosdistro/pixi_rosdistro/install/include/rcutils/rcutils/qsort.h
[34.421s] -- Installing: /home/runner/work/pixi_rosdistro/pixi_rosdistro/install/include/rcutils/rcutils/process.h
[34.421s] -- Installing: /home/runner/work/pixi_rosdistro/pixi_rosdistro/install/include/rcutils/rcutils/testing
[34.421s] -- Installing: /home/runner/work/pixi_rosdistro/pixi_rosdistro/install/include/rcutils/rcutils/testing/fault_injection.h
[34.422s] -- Installing: /home/runner/work/pixi_rosdistro/pixi_rosdistro/install/include/rcutils/rcutils/strdup.h
[34.422s] -- Installing: /home/runner/work/pixi_rosdistro/pixi_rosdistro/install/include/rcutils/rcutils/allocator.h
[34.423s] -- Installing: /home/runner/work/pixi_rosdistro/pixi_rosdistro/install/include/rcutils/rcutils/filesystem.h
[34.423s] -- Installing: /home/runner/work/pixi_rosdistro/pixi_rosdistro/install/include/rcutils/rcutils/strerror.h
[34.424s] -- Installing: /home/runner/work/pixi_rosdistro/pixi_rosdistro/install/include/rcutils/rcutils/shared_library.h
[34.426s] -- Installing: /home/runner/work/pixi_rosdistro/pixi_rosdistro/install/include/rcutils/rcutils/stdatomic_helper
[34.426s] -- Installing: /home/runner/work/pixi_rosdistro/pixi_rosdistro/install/include/rcutils/rcutils/stdatomic_helper/gcc
[34.426s] -- Installing: /home/runner/work/pixi_rosdistro/pixi_rosdistro/install/include/rcutils/rcutils/stdatomic_helper/gcc/stdatomic.h
[34.427s] -- Installing: /home/runner/work/pixi_rosdistro/pixi_rosdistro/install/include/rcutils/rcutils/stdatomic_helper/win32
[34.427s] -- Installing: /home/runner/work/pixi_rosdistro/pixi_rosdistro/install/include/rcutils/rcutils/stdatomic_helper/win32/stdatomic.h
[34.427s] -- Installing: /home/runner/work/pixi_rosdistro/pixi_rosdistro/install/include/rcutils/rcutils/base64.h
[34.427s] -- Installing: /home/runner/work/pixi_rosdistro/pixi_rosdistro/install/include/rcutils/rcutils/logging_macros.h
[34.427s] -- Installing: /home/runner/work/pixi_rosdistro/pixi_rosdistro/install/include/rcutils/rcutils/env.h
[34.427s] -- Installing: /home/runner/work/pixi_rosdistro/pixi_rosdistro/install/include/rcutils/rcutils/join.h
[34.427s] -- Installing: /home/runner/work/pixi_rosdistro/pixi_rosdistro/install/include/rcutils/rcutils/sha256.h
[34.427s] -- Installing: /home/runner/work/pixi_rosdistro/pixi_rosdistro/install/include/rcutils/rcutils/stdatomic_helper.h
[34.428s] -- Installing: /home/runner/work/pixi_rosdistro/pixi_rosdistro/install/include/rcutils/rcutils/visibility_control.h
[34.428s] -- Installing: /home/runner/work/pixi_rosdistro/pixi_rosdistro/install/include/rcutils/rcutils/error_handling.h
[34.429s] -- Installing: /home/runner/work/pixi_rosdistro/pixi_rosdistro/install/include/rcutils/rcutils/strnlen.h
[34.429s] -- Installing: /home/runner/work/pixi_rosdistro/pixi_rosdistro/install/include/rcutils/rcutils/snprintf.h
[34.429s] -- Installing: /home/runner/work/pixi_rosdistro/pixi_rosdistro/install/include/rcutils/rcutils/time.h
[34.430s] -- Installing: /home/runner/work/pixi_rosdistro/pixi_rosdistro/install/include/rcutils/rcutils/find.h
[34.430s] -- Installing: /home/runner/work/pixi_rosdistro/pixi_rosdistro/install/include/rcutils/rcutils/types.h
[34.431s] -- Installing: /home/runner/work/pixi_rosdistro/pixi_rosdistro/install/include/rcutils/rcutils/cmdline_parser.h
[34.431s] -- Installing: /home/runner/work/pixi_rosdistro/pixi_rosdistro/install/include/rcutils/rcutils/isalnum_no_locale.h
[34.432s] -- Installing: /home/runner/work/pixi_rosdistro/pixi_rosdistro/install/include/rcutils/rcutils/repl_str.h
[34.432s] -- Installing: /home/runner/work/pixi_rosdistro/pixi_rosdistro/install/include/rcutils/rcutils/format_string.h
[34.433s] -- Installing: /home/runner/work/pixi_rosdistro/pixi_rosdistro/install/include/rcutils/rcutils/split.h
[34.435s] Invoked command in '/home/runner/work/pixi_rosdistro/pixi_rosdistro/build/rcutils' returned '0': AMENT_PREFIX_PATH=/home/runner/work/pixi_rosdistro/pixi_rosdistro/install CMAKE_PREFIX_PATH=/home/runner/work/pixi_rosdistro/pixi_rosdistro/install:${CMAKE_PREFIX_PATH} LD_LIBRARY_PATH=/home/runner/work/pixi_rosdistro/pixi_rosdistro/install/lib PATH=/home/runner/work/pixi_rosdistro/pixi_rosdistro/install/bin:/opt/microsoft/powershell/7:${PATH} PIXI_PROMPT=(ros2_rolling) PKG_CONFIG_PATH=/home/runner/work/pixi_rosdistro/pixi_rosdistro/install/lib/pkgconfig PSModulePath=/home/runner/.local/share/powershell/Modules:${PSModulePath} PYTHONPATH=/home/runner/work/pixi_rosdistro/pixi_rosdistro/install/lib/python3.12/site-packages ROS_DOMAIN_ID=42 /home/runner/work/pixi_rosdistro/pixi_rosdistro/.pixi/envs/default/bin/cmake --install /home/runner/work/pixi_rosdistro/pixi_rosdistro/build/rcutils
