[16.625s] Invoking command in 'D:\a\pixi_rosdistro\pixi_rosdistro\build\rmw_fastrtps_cpp': AMENT_PREFIX_PATH=D:\a\pixi_rosdistro\pixi_rosdistro\install CMAKE_PREFIX_PATH=D:\a\pixi_rosdistro\pixi_rosdistro\install;D:\a\pixi_rosdistro\pixi_rosdistro\.pixi\envs\default\Library PATH=D:\a\pixi_rosdistro\pixi_rosdistro\install\Scripts;D:\a\pixi_rosdistro\pixi_rosdistro\install\bin;D:\a\pixi_rosdistro\pixi_rosdistro\install\opt\mimick_vendor\lib;%PATH% PIXI_PROMPT=(ros2_rolling) PKG_CONFIG_PATH=D:\a\pixi_rosdistro\pixi_rosdistro\install\lib\pkgconfig PROMPT=$P$G PYTHONPATH=D:\a\pixi_rosdistro\pixi_rosdistro\install\Lib\site-packages ROS_AUTOMATIC_DISCOVERY_RANGE=SUBNET ROS_PYTHON_VERSION=3 D:\a\pixi_rosdistro\pixi_rosdistro\.pixi\envs\default\Library\bin\cmake.EXE D:\a\pixi_rosdistro\pixi_rosdistro\src\ros2\rmw_fastrtps\rmw_fastrtps_cpp -GNinja --no-warn-unused-cli -DCMAKE_BUILD_TYPE=Release -DCMAKE_BUILD_WITH_INSTALL_RPATH:bool=TRUE -DCMAKE_POLICY_VERSION_MINIMUM=3.5 -Wno-deprecated -DSTACK_DETAILS_AUTO_DETECT:bool=FALSE -DSTACK_DETAILS_BFD:bool=FALSE -DCMAKE_MSVC_DEBUG_INFORMATION_FORMAT=Embedded -DCMAKE_INSTALL_PREFIX=D:\a\pixi_rosdistro\pixi_rosdistro\install
[16.938s] Not searching for unused variables given on the command line.
[16.938s] -- The C compiler identification is MSVC 19.44.35225.0
[17.203s] -- The CXX compiler identification is MSVC 19.44.35225.0
[17.219s] -- Detecting C compiler ABI info
[17.875s] -- Detecting C compiler ABI info - done
[17.891s] -- Check for working C compiler: C:/Program Files/Microsoft Visual Studio/2022/Enterprise/VC/Tools/MSVC/14.44.35207/bin/Hostx64/x64/cl.exe - skipped
[17.906s] -- Detecting C compile features
[17.906s] -- Detecting C compile features - done
[17.906s] -- Detecting CXX compiler ABI info
[18.547s] -- Detecting CXX compiler ABI info - done
[18.578s] -- Check for working CXX compiler: C:/Program Files/Microsoft Visual Studio/2022/Enterprise/VC/Tools/MSVC/14.44.35207/bin/Hostx64/x64/cl.exe - skipped
[18.578s] -- Detecting CXX compile features
[18.578s] -- Detecting CXX compile features - done
[18.594s] -- Found ament_cmake_ros_core: 0.15.6 (D:/a/pixi_rosdistro/pixi_rosdistro/install/share/ament_cmake_ros_core/cmake)
[19.250s] -- Found rcpputils: 2.14.3 (D:/a/pixi_rosdistro/pixi_rosdistro/install/share/rcpputils/cmake)
[19.359s] -- Found rmw_dds_common: 6.0.0 (D:/a/pixi_rosdistro/pixi_rosdistro/install/share/rmw_dds_common/cmake)
[19.438s] -- Found rosidl_generator_c: 5.1.3 (D:/a/pixi_rosdistro/pixi_rosdistro/install/share/rosidl_generator_c/cmake)
[19.453s] -- Found rosidl_generator_cpp: 5.1.3 (D:/a/pixi_rosdistro/pixi_rosdistro/install/share/rosidl_generator_cpp/cmake)
[19.469s] -- Using all available rosidl_typesupport_c: rosidl_typesupport_fastrtps_c;rosidl_typesupport_introspection_c
[19.500s] -- Using all available rosidl_typesupport_cpp: rosidl_typesupport_fastrtps_cpp;rosidl_typesupport_introspection_cpp
[19.578s] -- Found rmw_fastrtps_shared_cpp: 9.4.5 (D:/a/pixi_rosdistro/pixi_rosdistro/install/share/rmw_fastrtps_shared_cpp/cmake)
[19.609s] -- Found tracetools: 8.10.1 (D:/a/pixi_rosdistro/pixi_rosdistro/install/share/tracetools/cmake)
[19.625s] -- Found rosidl_dynamic_typesupport_fastrtps: 0.5.1 (D:/a/pixi_rosdistro/pixi_rosdistro/install/share/rosidl_dynamic_typesupport_fastrtps/cmake)
[19.641s] -- Found ament_lint_auto: 0.20.3 (D:/a/pixi_rosdistro/pixi_rosdistro/install/share/ament_lint_auto/cmake)
[20.250s] -- Found gtest sources under 'D:/a/pixi_rosdistro/pixi_rosdistro/install/src/gtest_vendor': C++ tests using 'Google Test' will be built
[20.281s] -- Added test 'copyright' to check source files copyright and LICENSE
[20.297s] -- Added test 'cppcheck' to perform static code analysis on C / C++ code
[20.297s] -- Configured cppcheck include dirs: $<BUILD_INTERFACE:D:/a/pixi_rosdistro/pixi_rosdistro/src/ros2/rmw_fastrtps/rmw_fastrtps_cpp/include>
[20.297s] -- Configured cppcheck exclude dirs and/or files: 
[20.297s] -- Added test 'cpplint' to check C / C++ code against the Google style
[20.297s] -- Configured cpplint exclude dirs and/or files: 
[20.313s] -- Added test 'lint_cmake' to check CMake code style
[20.313s] -- Added test 'uncrustify' to check C / C++ code style
[20.313s] -- Configured uncrustify additional arguments: 
[20.328s] -- Added test 'xmllint' to check XML markup files
[20.344s] -- Configuring done (3.7s)
[20.453s] -- Generating done (0.1s)
[20.547s] -- Build files have been written to: D:/a/pixi_rosdistro/pixi_rosdistro/build/rmw_fastrtps_cpp
[20.563s] Invoked command in 'D:\a\pixi_rosdistro\pixi_rosdistro\build\rmw_fastrtps_cpp' returned '0': AMENT_PREFIX_PATH=D:\a\pixi_rosdistro\pixi_rosdistro\install CMAKE_PREFIX_PATH=D:\a\pixi_rosdistro\pixi_rosdistro\install;D:\a\pixi_rosdistro\pixi_rosdistro\.pixi\envs\default\Library PATH=D:\a\pixi_rosdistro\pixi_rosdistro\install\Scripts;D:\a\pixi_rosdistro\pixi_rosdistro\install\bin;D:\a\pixi_rosdistro\pixi_rosdistro\install\opt\mimick_vendor\lib;%PATH% PIXI_PROMPT=(ros2_rolling) PKG_CONFIG_PATH=D:\a\pixi_rosdistro\pixi_rosdistro\install\lib\pkgconfig PROMPT=$P$G PYTHONPATH=D:\a\pixi_rosdistro\pixi_rosdistro\install\Lib\site-packages ROS_AUTOMATIC_DISCOVERY_RANGE=SUBNET ROS_PYTHON_VERSION=3 D:\a\pixi_rosdistro\pixi_rosdistro\.pixi\envs\default\Library\bin\cmake.EXE D:\a\pixi_rosdistro\pixi_rosdistro\src\ros2\rmw_fastrtps\rmw_fastrtps_cpp -GNinja --no-warn-unused-cli -DCMAKE_BUILD_TYPE=Release -DCMAKE_BUILD_WITH_INSTALL_RPATH:bool=TRUE -DCMAKE_POLICY_VERSION_MINIMUM=3.5 -Wno-deprecated -DSTACK_DETAILS_AUTO_DETECT:bool=FALSE -DSTACK_DETAILS_BFD:bool=FALSE -DCMAKE_MSVC_DEBUG_INFORMATION_FORMAT=Embedded -DCMAKE_INSTALL_PREFIX=D:\a\pixi_rosdistro\pixi_rosdistro\install
[20.578s] Invoking command in 'D:\a\pixi_rosdistro\pixi_rosdistro\build\rmw_fastrtps_cpp': AMENT_PREFIX_PATH=D:\a\pixi_rosdistro\pixi_rosdistro\install CMAKE_PREFIX_PATH=D:\a\pixi_rosdistro\pixi_rosdistro\install;D:\a\pixi_rosdistro\pixi_rosdistro\.pixi\envs\default\Library PATH=D:\a\pixi_rosdistro\pixi_rosdistro\install\Scripts;D:\a\pixi_rosdistro\pixi_rosdistro\install\bin;D:\a\pixi_rosdistro\pixi_rosdistro\install\opt\mimick_vendor\lib;%PATH% PIXI_PROMPT=(ros2_rolling) PKG_CONFIG_PATH=D:\a\pixi_rosdistro\pixi_rosdistro\install\lib\pkgconfig PROMPT=$P$G PYTHONPATH=D:\a\pixi_rosdistro\pixi_rosdistro\install\Lib\site-packages ROS_AUTOMATIC_DISCOVERY_RANGE=SUBNET ROS_PYTHON_VERSION=3 D:\a\pixi_rosdistro\pixi_rosdistro\.pixi\envs\default\Library\bin\cmake.EXE --build D:\a\pixi_rosdistro\pixi_rosdistro\build\rmw_fastrtps_cpp -- -j4 -l4
[21.391s] [1/54] Building CXX object CMakeFiles\rmw_fastrtps_cpp.dir\src\get_client.cpp.obj
[21.469s] [2/54] Building CXX object CMakeFiles\rmw_fastrtps_cpp.dir\src\get_participant.cpp.obj
[21.547s] [3/54] Building CXX object CMakeFiles\rmw_fastrtps_cpp.dir\src\get_publisher.cpp.obj
[21.844s] [4/54] Building CXX object CMakeFiles\rmw_fastrtps_cpp.dir\src\identifier.cpp.obj
[22.234s] [5/54] Building CXX object CMakeFiles\rmw_fastrtps_cpp.dir\src\get_service.cpp.obj
[22.250s] [6/54] Building CXX object CMakeFiles\rmw_fastrtps_cpp.dir\src\get_subscriber.cpp.obj
[22.703s] [7/54] Building CXX object CMakeFiles\rmw_fastrtps_cpp.dir\src\rmw_logging.cpp.obj
[22.828s] [8/54] Building CXX object CMakeFiles\rmw_fastrtps_cpp.dir\src\init_rmw_context_impl.cpp.obj
[23.328s] [9/54] Building CXX object CMakeFiles\rmw_fastrtps_cpp.dir\src\publisher.cpp.obj
[24.391s] [10/54] Building CXX object CMakeFiles\rmw_fastrtps_cpp.dir\src\rmw_client.cpp.obj
[24.688s] [11/54] Building CXX object CMakeFiles\rmw_fastrtps_cpp.dir\src\rmw_compare_gids_equal.cpp.obj
[25.125s] [12/54] Building CXX object CMakeFiles\rmw_fastrtps_cpp.dir\src\rmw_count.cpp.obj
[25.688s] [13/54] Building CXX object CMakeFiles\rmw_fastrtps_cpp.dir\src\rmw_dynamic_message_type_support.cpp.obj
[25.938s] [14/54] Building CXX object CMakeFiles\rmw_fastrtps_cpp.dir\src\rmw_event.cpp.obj
[26.359s] [15/54] Building CXX object CMakeFiles\rmw_fastrtps_cpp.dir\src\rmw_features.cpp.obj
[26.641s] [16/54] Building CXX object CMakeFiles\rmw_fastrtps_cpp.dir\src\rmw_get_gid_for_client.cpp.obj
[26.922s] [17/54] Building CXX object CMakeFiles\rmw_fastrtps_cpp.dir\src\rmw_get_gid_for_publisher.cpp.obj
[27.188s] [18/54] Building CXX object CMakeFiles\rmw_fastrtps_cpp.dir\src\rmw_get_implementation_identifier.cpp.obj
[27.469s] [19/54] Building CXX object CMakeFiles\rmw_fastrtps_cpp.dir\src\rmw_get_serialization_format.cpp.obj
[27.781s] [20/54] Building CXX object CMakeFiles\rmw_fastrtps_cpp.dir\src\rmw_get_service_endpoint_info.cpp.obj
[28.188s] [21/54] Building CXX object CMakeFiles\rmw_fastrtps_cpp.dir\src\rmw_get_topic_endpoint_info.cpp.obj
[28.656s] [22/54] Building CXX object CMakeFiles\rmw_fastrtps_cpp.dir\src\rmw_guard_condition.cpp.obj
[29.531s] [23/54] Building CXX object CMakeFiles\rmw_fastrtps_cpp.dir\src\rmw_init.cpp.obj
[30.016s] [24/54] Building CXX object CMakeFiles\rmw_fastrtps_cpp.dir\src\rmw_node.cpp.obj
[30.359s] [25/54] Building CXX object CMakeFiles\rmw_fastrtps_cpp.dir\src\rmw_node_info_and_types.cpp.obj
[30.750s] [26/54] Building CXX object CMakeFiles\rmw_fastrtps_cpp.dir\src\rmw_node_names.cpp.obj
[31.266s] [27/54] Building CXX object CMakeFiles\rmw_fastrtps_cpp.dir\src\rmw_publish.cpp.obj
[32.078s] [28/54] Building CXX object CMakeFiles\rmw_fastrtps_cpp.dir\src\rmw_publisher.cpp.obj
[32.406s] [29/54] Building CXX object CMakeFiles\rmw_fastrtps_cpp.dir\src\rmw_qos.cpp.obj
[32.703s] [30/54] Building CXX object CMakeFiles\rmw_fastrtps_cpp.dir\src\rmw_request.cpp.obj
[32.938s] [31/54] Building CXX object CMakeFiles\rmw_fastrtps_cpp.dir\src\rmw_response.cpp.obj
[33.672s] [32/54] Building CXX object CMakeFiles\rmw_fastrtps_cpp.dir\src\rmw_serialize.cpp.obj
[34.797s] [33/54] Building CXX object CMakeFiles\rmw_fastrtps_cpp.dir\src\rmw_service.cpp.obj
[35.047s] [34/54] Building CXX object CMakeFiles\rmw_fastrtps_cpp.dir\src\rmw_service_names_and_types.cpp.obj
[35.547s] [35/54] Building CXX object CMakeFiles\rmw_fastrtps_cpp.dir\src\rmw_service_server_is_available.cpp.obj
[36.344s] [36/54] Building CXX object CMakeFiles\rmw_fastrtps_cpp.dir\src\rmw_subscription.cpp.obj
[36.641s] [37/54] Building CXX object CMakeFiles\rmw_fastrtps_cpp.dir\src\rmw_take.cpp.obj
[37.125s] [38/54] Building CXX object CMakeFiles\rmw_fastrtps_cpp.dir\src\rmw_topic_names_and_types.cpp.obj
[37.391s] [39/54] Building CXX object CMakeFiles\rmw_fastrtps_cpp.dir\src\rmw_trigger_guard_condition.cpp.obj
[37.719s] [40/54] Building CXX object CMakeFiles\rmw_fastrtps_cpp.dir\src\rmw_wait.cpp.obj
[38.016s] [41/54] Building CXX object CMakeFiles\rmw_fastrtps_cpp.dir\src\rmw_wait_set.cpp.obj
[38.172s] [42/54] Building CXX object CMakeFiles\rmw_fastrtps_cpp.dir\src\serialization_format.cpp.obj
[39.078s] [43/54] Building CXX object CMakeFiles\rmw_fastrtps_cpp.dir\src\subscription.cpp.obj
[39.828s] [44/54] Building CXX object CMakeFiles\rmw_fastrtps_cpp.dir\src\type_support_common.cpp.obj
[40.125s] [45/54] Building CXX object CMakeFiles\rmw_fastrtps_cpp.dir\src\rmw_get_endpoint_network_flow.cpp.obj
[41.484s] [46/54] Building CXX object gtest\CMakeFiles\gtest.dir\src\gtest-all.cc.obj
[41.969s] [47/54] Building CXX object gtest\CMakeFiles\gtest_main.dir\src\gtest_main.cc.obj
[42.219s] [48/54] Linking CXX shared library rmw_fastrtps_cpp.dll
[43.172s] [49/54] Building CXX object CMakeFiles\test_get_native_entities.dir\test\test_get_native_entities.cpp.obj
[43.828s] [50/54] Building CXX object CMakeFiles\test_logging.dir\test\test_logging.cpp.obj
[43.891s] [51/54] Linking CXX static library gtest\gtest.lib
[43.953s] [52/54] Linking CXX static library gtest\gtest_main.lib
[44.156s] [53/54] Linking CXX executable test_get_native_entities.exe
[44.344s] [54/54] Linking CXX executable test_logging.exe
[44.344s] Invoked command in 'D:\a\pixi_rosdistro\pixi_rosdistro\build\rmw_fastrtps_cpp' returned '0': AMENT_PREFIX_PATH=D:\a\pixi_rosdistro\pixi_rosdistro\install CMAKE_PREFIX_PATH=D:\a\pixi_rosdistro\pixi_rosdistro\install;D:\a\pixi_rosdistro\pixi_rosdistro\.pixi\envs\default\Library PATH=D:\a\pixi_rosdistro\pixi_rosdistro\install\Scripts;D:\a\pixi_rosdistro\pixi_rosdistro\install\bin;D:\a\pixi_rosdistro\pixi_rosdistro\install\opt\mimick_vendor\lib;%PATH% PIXI_PROMPT=(ros2_rolling) PKG_CONFIG_PATH=D:\a\pixi_rosdistro\pixi_rosdistro\install\lib\pkgconfig PROMPT=$P$G PYTHONPATH=D:\a\pixi_rosdistro\pixi_rosdistro\install\Lib\site-packages ROS_AUTOMATIC_DISCOVERY_RANGE=SUBNET ROS_PYTHON_VERSION=3 D:\a\pixi_rosdistro\pixi_rosdistro\.pixi\envs\default\Library\bin\cmake.EXE --build D:\a\pixi_rosdistro\pixi_rosdistro\build\rmw_fastrtps_cpp -- -j4 -l4
[44.359s] Invoking command in 'D:\a\pixi_rosdistro\pixi_rosdistro\build\rmw_fastrtps_cpp': AMENT_PREFIX_PATH=D:\a\pixi_rosdistro\pixi_rosdistro\install CMAKE_PREFIX_PATH=D:\a\pixi_rosdistro\pixi_rosdistro\install;D:\a\pixi_rosdistro\pixi_rosdistro\.pixi\envs\default\Library PATH=D:\a\pixi_rosdistro\pixi_rosdistro\install\Scripts;D:\a\pixi_rosdistro\pixi_rosdistro\install\bin;D:\a\pixi_rosdistro\pixi_rosdistro\install\opt\mimick_vendor\lib;%PATH% PIXI_PROMPT=(ros2_rolling) PKG_CONFIG_PATH=D:\a\pixi_rosdistro\pixi_rosdistro\install\lib\pkgconfig PROMPT=$P$G PYTHONPATH=D:\a\pixi_rosdistro\pixi_rosdistro\install\Lib\site-packages ROS_AUTOMATIC_DISCOVERY_RANGE=SUBNET ROS_PYTHON_VERSION=3 D:\a\pixi_rosdistro\pixi_rosdistro\.pixi\envs\default\Library\bin\cmake.EXE --install D:\a\pixi_rosdistro\pixi_rosdistro\build\rmw_fastrtps_cpp
[44.391s] -- Install configuration: "Release"
[44.391s] -- Installing: D:/a/pixi_rosdistro/pixi_rosdistro/install/share/ament_index/resource_index/rmw_typesupport_c/rmw_fastrtps_cpp
[44.391s] -- Installing: D:/a/pixi_rosdistro/pixi_rosdistro/install/share/ament_index/resource_index/rmw_typesupport_cpp/rmw_fastrtps_cpp
[44.391s] -- Installing: D:/a/pixi_rosdistro/pixi_rosdistro/install/share/ament_index/resource_index/rmw_typesupport/rmw_fastrtps_cpp
[44.391s] -- Installing: D:/a/pixi_rosdistro/pixi_rosdistro/install/share/ament_index/resource_index/package_run_dependencies/rmw_fastrtps_cpp
[44.391s] -- Installing: D:/a/pixi_rosdistro/pixi_rosdistro/install/share/ament_index/resource_index/parent_prefix_path/rmw_fastrtps_cpp
[44.391s] -- Installing: D:/a/pixi_rosdistro/pixi_rosdistro/install/share/rmw_fastrtps_cpp/environment/ament_prefix_path.bat
[44.391s] -- Installing: D:/a/pixi_rosdistro/pixi_rosdistro/install/share/rmw_fastrtps_cpp/environment/ament_prefix_path.dsv
[44.391s] -- Installing: D:/a/pixi_rosdistro/pixi_rosdistro/install/share/rmw_fastrtps_cpp/environment/path.bat
[44.391s] -- Installing: D:/a/pixi_rosdistro/pixi_rosdistro/install/share/rmw_fastrtps_cpp/environment/path.dsv
[44.391s] -- Installing: D:/a/pixi_rosdistro/pixi_rosdistro/install/share/rmw_fastrtps_cpp/local_setup.bat
[44.391s] -- Installing: D:/a/pixi_rosdistro/pixi_rosdistro/install/share/rmw_fastrtps_cpp/local_setup.dsv
[44.391s] -- Installing: D:/a/pixi_rosdistro/pixi_rosdistro/install/share/rmw_fastrtps_cpp/package.dsv
[44.391s] -- Installing: D:/a/pixi_rosdistro/pixi_rosdistro/install/share/ament_index/resource_index/packages/rmw_fastrtps_cpp
[44.406s] -- Installing: D:/a/pixi_rosdistro/pixi_rosdistro/install/share/rmw_fastrtps_cpp/cmake/rmw_fastrtps_cppExport.cmake
[44.406s] -- Installing: D:/a/pixi_rosdistro/pixi_rosdistro/install/share/rmw_fastrtps_cpp/cmake/rmw_fastrtps_cppExport-release.cmake
[44.406s] -- Installing: D:/a/pixi_rosdistro/pixi_rosdistro/install/share/rmw_fastrtps_cpp/cmake/ament_cmake_export_include_directories-extras.cmake
[44.406s] -- Installing: D:/a/pixi_rosdistro/pixi_rosdistro/install/share/rmw_fastrtps_cpp/cmake/ament_cmake_export_libraries-extras.cmake
[44.406s] -- Installing: D:/a/pixi_rosdistro/pixi_rosdistro/install/share/rmw_fastrtps_cpp/cmake/ament_cmake_export_targets-extras.cmake
[44.406s] -- Installing: D:/a/pixi_rosdistro/pixi_rosdistro/install/share/rmw_fastrtps_cpp/cmake/ament_cmake_export_dependencies-extras.cmake
[44.406s] -- Installing: D:/a/pixi_rosdistro/pixi_rosdistro/install/share/rmw_fastrtps_cpp/cmake/rmw_fastrtps_cpp-extras.cmake
[44.406s] -- Installing: D:/a/pixi_rosdistro/pixi_rosdistro/install/share/rmw_fastrtps_cpp/cmake/rmw_fastrtps_cppConfig.cmake
[44.406s] -- Installing: D:/a/pixi_rosdistro/pixi_rosdistro/install/share/rmw_fastrtps_cpp/cmake/rmw_fastrtps_cppConfig-version.cmake
[44.406s] -- Installing: D:/a/pixi_rosdistro/pixi_rosdistro/install/share/rmw_fastrtps_cpp/package.xml
[44.406s] -- Installing: D:/a/pixi_rosdistro/pixi_rosdistro/install/include/rmw_fastrtps_cpp
[44.406s] -- Installing: D:/a/pixi_rosdistro/pixi_rosdistro/install/include/rmw_fastrtps_cpp/rmw_fastrtps_cpp
[44.406s] -- Installing: D:/a/pixi_rosdistro/pixi_rosdistro/install/include/rmw_fastrtps_cpp/rmw_fastrtps_cpp/get_client.hpp
[44.406s] -- Installing: D:/a/pixi_rosdistro/pixi_rosdistro/install/include/rmw_fastrtps_cpp/rmw_fastrtps_cpp/get_participant.hpp
[44.406s] -- Installing: D:/a/pixi_rosdistro/pixi_rosdistro/install/include/rmw_fastrtps_cpp/rmw_fastrtps_cpp/get_publisher.hpp
[44.406s] -- Installing: D:/a/pixi_rosdistro/pixi_rosdistro/install/include/rmw_fastrtps_cpp/rmw_fastrtps_cpp/get_service.hpp
[44.406s] -- Installing: D:/a/pixi_rosdistro/pixi_rosdistro/install/include/rmw_fastrtps_cpp/rmw_fastrtps_cpp/get_subscriber.hpp
[44.422s] -- Installing: D:/a/pixi_rosdistro/pixi_rosdistro/install/include/rmw_fastrtps_cpp/rmw_fastrtps_cpp/identifier.hpp
[44.422s] -- Installing: D:/a/pixi_rosdistro/pixi_rosdistro/install/include/rmw_fastrtps_cpp/rmw_fastrtps_cpp/init_rmw_context_impl.hpp
[44.422s] -- Installing: D:/a/pixi_rosdistro/pixi_rosdistro/install/include/rmw_fastrtps_cpp/rmw_fastrtps_cpp/MessageTypeSupport.hpp
[44.422s] -- Installing: D:/a/pixi_rosdistro/pixi_rosdistro/install/include/rmw_fastrtps_cpp/rmw_fastrtps_cpp/publisher.hpp
[44.422s] -- Installing: D:/a/pixi_rosdistro/pixi_rosdistro/install/include/rmw_fastrtps_cpp/rmw_fastrtps_cpp/serialization_format.hpp
[44.422s] -- Installing: D:/a/pixi_rosdistro/pixi_rosdistro/install/include/rmw_fastrtps_cpp/rmw_fastrtps_cpp/ServiceTypeSupport.hpp
[44.422s] -- Installing: D:/a/pixi_rosdistro/pixi_rosdistro/install/include/rmw_fastrtps_cpp/rmw_fastrtps_cpp/subscription.hpp
[44.422s] -- Installing: D:/a/pixi_rosdistro/pixi_rosdistro/install/include/rmw_fastrtps_cpp/rmw_fastrtps_cpp/TypeSupport.hpp
[44.422s] -- Installing: D:/a/pixi_rosdistro/pixi_rosdistro/install/include/rmw_fastrtps_cpp/rmw_fastrtps_cpp/visibility_control.h
[44.422s] -- Installing: D:/a/pixi_rosdistro/pixi_rosdistro/install/lib/rmw_fastrtps_cpp.lib
[44.422s] -- Installing: D:/a/pixi_rosdistro/pixi_rosdistro/install/bin/rmw_fastrtps_cpp.dll
[44.438s] Invoked command in 'D:\a\pixi_rosdistro\pixi_rosdistro\build\rmw_fastrtps_cpp' returned '0': AMENT_PREFIX_PATH=D:\a\pixi_rosdistro\pixi_rosdistro\install CMAKE_PREFIX_PATH=D:\a\pixi_rosdistro\pixi_rosdistro\install;D:\a\pixi_rosdistro\pixi_rosdistro\.pixi\envs\default\Library PATH=D:\a\pixi_rosdistro\pixi_rosdistro\install\Scripts;D:\a\pixi_rosdistro\pixi_rosdistro\install\bin;D:\a\pixi_rosdistro\pixi_rosdistro\install\opt\mimick_vendor\lib;%PATH% PIXI_PROMPT=(ros2_rolling) PKG_CONFIG_PATH=D:\a\pixi_rosdistro\pixi_rosdistro\install\lib\pkgconfig PROMPT=$P$G PYTHONPATH=D:\a\pixi_rosdistro\pixi_rosdistro\install\Lib\site-packages ROS_AUTOMATIC_DISCOVERY_RANGE=SUBNET ROS_PYTHON_VERSION=3 D:\a\pixi_rosdistro\pixi_rosdistro\.pixi\envs\default\Library\bin\cmake.EXE --install D:\a\pixi_rosdistro\pixi_rosdistro\build\rmw_fastrtps_cpp
