[0.062s] Invoking command in '/Users/runner/work/pixi_rosdistro/pixi_rosdistro/build/ament_cmake_export_dependencies': AMENT_PREFIX_PATH=/Users/runner/work/pixi_rosdistro/pixi_rosdistro/install CMAKE_PREFIX_PATH=/Users/runner/work/pixi_rosdistro/pixi_rosdistro/install PATH=/Users/runner/work/pixi_rosdistro/pixi_rosdistro/install/bin:${PATH} PIXI_PROMPT=(ros2_rolling) PYTHONPATH=/Users/runner/work/pixi_rosdistro/pixi_rosdistro/install/lib/python3.12/site-packages SHLVL=3 _=/usr/bin/env /Users/runner/work/pixi_rosdistro/pixi_rosdistro/.pixi/envs/default/bin/cmake /Users/runner/work/pixi_rosdistro/pixi_rosdistro/src/ament/ament_cmake/ament_cmake_export_dependencies -GNinja --no-warn-unused-cli -DCMAKE_BUILD_TYPE=Release -DCMAKE_BUILD_WITH_INSTALL_RPATH:bool=TRUE -DCMAKE_POLICY_VERSION_MINIMUM=3.5 -Wno-deprecated -DSTACK_DETAILS_AUTO_DETECT:bool=FALSE -DSTACK_DETAILS_BFD:bool=FALSE -DCMAKE_INSTALL_PREFIX=/Users/runner/work/pixi_rosdistro/pixi_rosdistro/install
[0.241s] Not searching for unused variables given on the command line.
[0.242s] -- Found ament_cmake_core: 2.8.6 (/Users/runner/work/pixi_rosdistro/pixi_rosdistro/install/share/ament_cmake_core/cmake)
[0.421s] -- Found Python3: /Users/runner/work/pixi_rosdistro/pixi_rosdistro/.pixi/envs/default/bin/python3 (found version "3.12.13") found components: Interpreter
[0.625s] -- Configuring done (0.5s)
[0.643s] -- Generating done (0.0s)
[0.649s] -- Build files have been written to: /Users/runner/work/pixi_rosdistro/pixi_rosdistro/build/ament_cmake_export_dependencies
[0.654s] Invoked command in '/Users/runner/work/pixi_rosdistro/pixi_rosdistro/build/ament_cmake_export_dependencies' returned '0': AMENT_PREFIX_PATH=/Users/runner/work/pixi_rosdistro/pixi_rosdistro/install CMAKE_PREFIX_PATH=/Users/runner/work/pixi_rosdistro/pixi_rosdistro/install PATH=/Users/runner/work/pixi_rosdistro/pixi_rosdistro/install/bin:${PATH} PIXI_PROMPT=(ros2_rolling) PYTHONPATH=/Users/runner/work/pixi_rosdistro/pixi_rosdistro/install/lib/python3.12/site-packages ROS_DOMAIN_ID=151 SHLVL=3 _=/usr/bin/env /Users/runner/work/pixi_rosdistro/pixi_rosdistro/.pixi/envs/default/bin/cmake /Users/runner/work/pixi_rosdistro/pixi_rosdistro/src/ament/ament_cmake/ament_cmake_export_dependencies -GNinja --no-warn-unused-cli -DCMAKE_BUILD_TYPE=Release -DCMAKE_BUILD_WITH_INSTALL_RPATH:bool=TRUE -DCMAKE_POLICY_VERSION_MINIMUM=3.5 -Wno-deprecated -DSTACK_DETAILS_AUTO_DETECT:bool=FALSE -DSTACK_DETAILS_BFD:bool=FALSE -DCMAKE_INSTALL_PREFIX=/Users/runner/work/pixi_rosdistro/pixi_rosdistro/install
[0.655s] Invoking command in '/Users/runner/work/pixi_rosdistro/pixi_rosdistro/build/ament_cmake_export_dependencies': AMENT_PREFIX_PATH=/Users/runner/work/pixi_rosdistro/pixi_rosdistro/install CMAKE_PREFIX_PATH=/Users/runner/work/pixi_rosdistro/pixi_rosdistro/install PATH=/Users/runner/work/pixi_rosdistro/pixi_rosdistro/install/bin:${PATH} PIXI_PROMPT=(ros2_rolling) PYTHONPATH=/Users/runner/work/pixi_rosdistro/pixi_rosdistro/install/lib/python3.12/site-packages ROS_DOMAIN_ID=151 SHLVL=3 _=/usr/bin/env /Users/runner/work/pixi_rosdistro/pixi_rosdistro/.pixi/envs/default/bin/cmake --build /Users/runner/work/pixi_rosdistro/pixi_rosdistro/build/ament_cmake_export_dependencies -- -j3 -l3
[0.681s] ninja: no work to do.
[0.688s] Invoked command in '/Users/runner/work/pixi_rosdistro/pixi_rosdistro/build/ament_cmake_export_dependencies' returned '0': AMENT_PREFIX_PATH=/Users/runner/work/pixi_rosdistro/pixi_rosdistro/install CMAKE_PREFIX_PATH=/Users/runner/work/pixi_rosdistro/pixi_rosdistro/install PATH=/Users/runner/work/pixi_rosdistro/pixi_rosdistro/install/bin:${PATH} PIXI_PROMPT=(ros2_rolling) PYTHONPATH=/Users/runner/work/pixi_rosdistro/pixi_rosdistro/install/lib/python3.12/site-packages ROS_DOMAIN_ID=151 SHLVL=3 _=/usr/bin/env /Users/runner/work/pixi_rosdistro/pixi_rosdistro/.pixi/envs/default/bin/cmake --build /Users/runner/work/pixi_rosdistro/pixi_rosdistro/build/ament_cmake_export_dependencies -- -j3 -l3
[0.692s] Invoking command in '/Users/runner/work/pixi_rosdistro/pixi_rosdistro/build/ament_cmake_export_dependencies': AMENT_PREFIX_PATH=/Users/runner/work/pixi_rosdistro/pixi_rosdistro/install CMAKE_PREFIX_PATH=/Users/runner/work/pixi_rosdistro/pixi_rosdistro/install PATH=/Users/runner/work/pixi_rosdistro/pixi_rosdistro/install/bin:${PATH} PIXI_PROMPT=(ros2_rolling) PYTHONPATH=/Users/runner/work/pixi_rosdistro/pixi_rosdistro/install/lib/python3.12/site-packages ROS_DOMAIN_ID=151 SHLVL=3 _=/usr/bin/env /Users/runner/work/pixi_rosdistro/pixi_rosdistro/.pixi/envs/default/bin/cmake --install /Users/runner/work/pixi_rosdistro/pixi_rosdistro/build/ament_cmake_export_dependencies
[0.712s] -- Install configuration: "Release"
[0.712s] -- Installing: /Users/runner/work/pixi_rosdistro/pixi_rosdistro/install/share/ament_index/resource_index/package_run_dependencies/ament_cmake_export_dependencies
[0.713s] -- Installing: /Users/runner/work/pixi_rosdistro/pixi_rosdistro/install/share/ament_index/resource_index/parent_prefix_path/ament_cmake_export_dependencies
[0.717s] -- Installing: /Users/runner/work/pixi_rosdistro/pixi_rosdistro/install/share/ament_cmake_export_dependencies/environment/ament_prefix_path.sh
[0.718s] -- Installing: /Users/runner/work/pixi_rosdistro/pixi_rosdistro/install/share/ament_cmake_export_dependencies/environment/ament_prefix_path.dsv
[0.718s] -- Installing: /Users/runner/work/pixi_rosdistro/pixi_rosdistro/install/share/ament_cmake_export_dependencies/environment/path.sh
[0.720s] -- Installing: /Users/runner/work/pixi_rosdistro/pixi_rosdistro/install/share/ament_cmake_export_dependencies/environment/path.dsv
[0.720s] -- Installing: /Users/runner/work/pixi_rosdistro/pixi_rosdistro/install/share/ament_cmake_export_dependencies/local_setup.bash
[0.720s] -- Installing: /Users/runner/work/pixi_rosdistro/pixi_rosdistro/install/share/ament_cmake_export_dependencies/local_setup.fish
[0.721s] -- Installing: /Users/runner/work/pixi_rosdistro/pixi_rosdistro/install/share/ament_cmake_export_dependencies/local_setup.sh
[0.721s] -- Installing: /Users/runner/work/pixi_rosdistro/pixi_rosdistro/install/share/ament_cmake_export_dependencies/local_setup.zsh
[0.722s] -- Installing: /Users/runner/work/pixi_rosdistro/pixi_rosdistro/install/share/ament_cmake_export_dependencies/local_setup.dsv
[0.722s] -- Installing: /Users/runner/work/pixi_rosdistro/pixi_rosdistro/install/share/ament_cmake_export_dependencies/package.dsv
[0.722s] -- Installing: /Users/runner/work/pixi_rosdistro/pixi_rosdistro/install/share/ament_index/resource_index/packages/ament_cmake_export_dependencies
[0.724s] -- Installing: /Users/runner/work/pixi_rosdistro/pixi_rosdistro/install/share/ament_cmake_export_dependencies/cmake/ament_cmake_export_dependencies-extras.cmake
[0.725s] -- Installing: /Users/runner/work/pixi_rosdistro/pixi_rosdistro/install/share/ament_cmake_export_dependencies/cmake/ament_cmake_export_dependenciesConfig.cmake
[0.725s] -- Installing: /Users/runner/work/pixi_rosdistro/pixi_rosdistro/install/share/ament_cmake_export_dependencies/cmake/ament_cmake_export_dependenciesConfig-version.cmake
[0.725s] -- Installing: /Users/runner/work/pixi_rosdistro/pixi_rosdistro/install/share/ament_cmake_export_dependencies/package.xml
[0.726s] -- Up-to-date: /Users/runner/work/pixi_rosdistro/pixi_rosdistro/install/share/ament_cmake_export_dependencies/cmake
[0.726s] -- Installing: /Users/runner/work/pixi_rosdistro/pixi_rosdistro/install/share/ament_cmake_export_dependencies/cmake/ament_cmake_export_dependencies_package_hook.cmake
[0.726s] -- Installing: /Users/runner/work/pixi_rosdistro/pixi_rosdistro/install/share/ament_cmake_export_dependencies/cmake/ament_cmake_export_dependencies-extras.cmake.in
[0.726s] -- Installing: /Users/runner/work/pixi_rosdistro/pixi_rosdistro/install/share/ament_cmake_export_dependencies/cmake/ament_export_dependencies.cmake
[0.729s] Invoked command in '/Users/runner/work/pixi_rosdistro/pixi_rosdistro/build/ament_cmake_export_dependencies' returned '0': AMENT_PREFIX_PATH=/Users/runner/work/pixi_rosdistro/pixi_rosdistro/install CMAKE_PREFIX_PATH=/Users/runner/work/pixi_rosdistro/pixi_rosdistro/install PATH=/Users/runner/work/pixi_rosdistro/pixi_rosdistro/install/bin:${PATH} PIXI_PROMPT=(ros2_rolling) PYTHONPATH=/Users/runner/work/pixi_rosdistro/pixi_rosdistro/install/lib/python3.12/site-packages ROS_DOMAIN_ID=151 SHLVL=3 _=/usr/bin/env /Users/runner/work/pixi_rosdistro/pixi_rosdistro/.pixi/envs/default/bin/cmake --install /Users/runner/work/pixi_rosdistro/pixi_rosdistro/build/ament_cmake_export_dependencies
