[12.226s] Invoking command in '/home/runner/work/pixi_rosdistro/pixi_rosdistro/src/ros-visualization/rqt_msg': AMENT_PREFIX_PATH=/home/runner/work/pixi_rosdistro/pixi_rosdistro/install CMAKE_PREFIX_PATH=/home/runner/work/pixi_rosdistro/pixi_rosdistro/install:${CMAKE_PREFIX_PATH} LD_LIBRARY_PATH=/home/runner/work/pixi_rosdistro/pixi_rosdistro/install/lib PATH=/home/runner/work/pixi_rosdistro/pixi_rosdistro/install/bin:/opt/microsoft/powershell/7:${PATH} PIXI_PROMPT=(ros2_rolling) PKG_CONFIG_PATH=/home/runner/work/pixi_rosdistro/pixi_rosdistro/install/lib/pkgconfig PSModulePath=/home/runner/.local/share/powershell/Modules:${PSModulePath} PYTHONPATH=/home/runner/work/pixi_rosdistro/pixi_rosdistro/build/rqt_msg/prefix_override:/home/runner/work/pixi_rosdistro/pixi_rosdistro/.pixi/envs/default/lib/python3.12/site-packages/colcon_core/task/python/colcon_distutils_commands:/home/runner/work/pixi_rosdistro/pixi_rosdistro/install/lib/python3.12/site-packages:/home/runner/work/pixi_rosdistro/pixi_rosdistro/install/lib/python3.12/site-packages ROS_DOMAIN_ID=64 /home/runner/work/pixi_rosdistro/pixi_rosdistro/.pixi/envs/default/bin/python3.12 -W ignore:setup.py install is deprecated -W ignore:easy_install command is deprecated setup.py egg_info --egg-base ../../../build/rqt_msg build --build-base /home/runner/work/pixi_rosdistro/pixi_rosdistro/build/rqt_msg/build install --record /home/runner/work/pixi_rosdistro/pixi_rosdistro/build/rqt_msg/install.log --single-version-externally-managed install_data
[12.515s] running egg_info
[12.531s] creating ../../../build/rqt_msg/rqt_msg.egg-info
[12.531s] writing ../../../build/rqt_msg/rqt_msg.egg-info/PKG-INFO
[12.532s] writing dependency_links to ../../../build/rqt_msg/rqt_msg.egg-info/dependency_links.txt
[12.533s] writing entry points to ../../../build/rqt_msg/rqt_msg.egg-info/entry_points.txt
[12.535s] writing requirements to ../../../build/rqt_msg/rqt_msg.egg-info/requires.txt
[12.536s] writing top-level names to ../../../build/rqt_msg/rqt_msg.egg-info/top_level.txt
[12.536s] writing manifest file '../../../build/rqt_msg/rqt_msg.egg-info/SOURCES.txt'
[12.570s] reading manifest file '../../../build/rqt_msg/rqt_msg.egg-info/SOURCES.txt'
[12.571s] writing manifest file '../../../build/rqt_msg/rqt_msg.egg-info/SOURCES.txt'
[12.571s] running build
[12.571s] running build_py
[12.572s] creating /home/runner/work/pixi_rosdistro/pixi_rosdistro/build/rqt_msg/build/lib/rqt_msg
[12.572s] copying src/rqt_msg/messages.py -> /home/runner/work/pixi_rosdistro/pixi_rosdistro/build/rqt_msg/build/lib/rqt_msg
[12.577s] copying src/rqt_msg/main.py -> /home/runner/work/pixi_rosdistro/pixi_rosdistro/build/rqt_msg/build/lib/rqt_msg
[12.577s] copying src/rqt_msg/__init__.py -> /home/runner/work/pixi_rosdistro/pixi_rosdistro/build/rqt_msg/build/lib/rqt_msg
[12.577s] copying src/rqt_msg/messages_tree_view.py -> /home/runner/work/pixi_rosdistro/pixi_rosdistro/build/rqt_msg/build/lib/rqt_msg
[12.577s] copying src/rqt_msg/messages_tree_model.py -> /home/runner/work/pixi_rosdistro/pixi_rosdistro/build/rqt_msg/build/lib/rqt_msg
[12.578s] copying src/rqt_msg/messages_widget.py -> /home/runner/work/pixi_rosdistro/pixi_rosdistro/build/rqt_msg/build/lib/rqt_msg
[12.578s] running install
[12.591s] running install_lib
[12.625s] creating /home/runner/work/pixi_rosdistro/pixi_rosdistro/install/lib/python3.12/site-packages/rqt_msg
[12.626s] copying /home/runner/work/pixi_rosdistro/pixi_rosdistro/build/rqt_msg/build/lib/rqt_msg/messages.py -> /home/runner/work/pixi_rosdistro/pixi_rosdistro/install/lib/python3.12/site-packages/rqt_msg
[12.630s] copying /home/runner/work/pixi_rosdistro/pixi_rosdistro/build/rqt_msg/build/lib/rqt_msg/main.py -> /home/runner/work/pixi_rosdistro/pixi_rosdistro/install/lib/python3.12/site-packages/rqt_msg
[12.630s] copying /home/runner/work/pixi_rosdistro/pixi_rosdistro/build/rqt_msg/build/lib/rqt_msg/__init__.py -> /home/runner/work/pixi_rosdistro/pixi_rosdistro/install/lib/python3.12/site-packages/rqt_msg
[12.630s] copying /home/runner/work/pixi_rosdistro/pixi_rosdistro/build/rqt_msg/build/lib/rqt_msg/messages_tree_view.py -> /home/runner/work/pixi_rosdistro/pixi_rosdistro/install/lib/python3.12/site-packages/rqt_msg
[12.630s] copying /home/runner/work/pixi_rosdistro/pixi_rosdistro/build/rqt_msg/build/lib/rqt_msg/messages_tree_model.py -> /home/runner/work/pixi_rosdistro/pixi_rosdistro/install/lib/python3.12/site-packages/rqt_msg
[12.631s] copying /home/runner/work/pixi_rosdistro/pixi_rosdistro/build/rqt_msg/build/lib/rqt_msg/messages_widget.py -> /home/runner/work/pixi_rosdistro/pixi_rosdistro/install/lib/python3.12/site-packages/rqt_msg
[12.631s] byte-compiling /home/runner/work/pixi_rosdistro/pixi_rosdistro/install/lib/python3.12/site-packages/rqt_msg/messages.py to messages.cpython-312.pyc
[12.632s] byte-compiling /home/runner/work/pixi_rosdistro/pixi_rosdistro/install/lib/python3.12/site-packages/rqt_msg/main.py to main.cpython-312.pyc
[12.637s] byte-compiling /home/runner/work/pixi_rosdistro/pixi_rosdistro/install/lib/python3.12/site-packages/rqt_msg/__init__.py to __init__.cpython-312.pyc
[12.637s] byte-compiling /home/runner/work/pixi_rosdistro/pixi_rosdistro/install/lib/python3.12/site-packages/rqt_msg/messages_tree_view.py to messages_tree_view.cpython-312.pyc
[12.637s] byte-compiling /home/runner/work/pixi_rosdistro/pixi_rosdistro/install/lib/python3.12/site-packages/rqt_msg/messages_tree_model.py to messages_tree_model.cpython-312.pyc
[12.637s] byte-compiling /home/runner/work/pixi_rosdistro/pixi_rosdistro/install/lib/python3.12/site-packages/rqt_msg/messages_widget.py to messages_widget.cpython-312.pyc
[12.640s] running install_data
[12.646s] copying resource/rqt_msg -> /home/runner/work/pixi_rosdistro/pixi_rosdistro/install/share/ament_index/resource_index/packages
[12.646s] creating /home/runner/work/pixi_rosdistro/pixi_rosdistro/install/share/rqt_msg/resource
[12.646s] copying resource/messages.ui -> /home/runner/work/pixi_rosdistro/pixi_rosdistro/install/share/rqt_msg/resource
[12.646s] copying package.xml -> /home/runner/work/pixi_rosdistro/pixi_rosdistro/install/share/rqt_msg
[12.647s] copying plugin.xml -> /home/runner/work/pixi_rosdistro/pixi_rosdistro/install/share/rqt_msg
[12.647s] running install_egg_info
[12.675s] Copying ../../../build/rqt_msg/rqt_msg.egg-info to /home/runner/work/pixi_rosdistro/pixi_rosdistro/install/lib/python3.12/site-packages/rqt_msg-1.7.1-py3.12.egg-info
[12.677s] running install_scripts
[12.714s] Installing rqt_msg script to /home/runner/work/pixi_rosdistro/pixi_rosdistro/install/lib/rqt_msg
[12.715s] writing list of installed files to '/home/runner/work/pixi_rosdistro/pixi_rosdistro/build/rqt_msg/install.log'
[12.740s] Invoked command in '/home/runner/work/pixi_rosdistro/pixi_rosdistro/src/ros-visualization/rqt_msg' returned '0': AMENT_PREFIX_PATH=/home/runner/work/pixi_rosdistro/pixi_rosdistro/install CMAKE_PREFIX_PATH=/home/runner/work/pixi_rosdistro/pixi_rosdistro/install:${CMAKE_PREFIX_PATH} LD_LIBRARY_PATH=/home/runner/work/pixi_rosdistro/pixi_rosdistro/install/lib PATH=/home/runner/work/pixi_rosdistro/pixi_rosdistro/install/bin:/opt/microsoft/powershell/7:${PATH} PIXI_PROMPT=(ros2_rolling) PKG_CONFIG_PATH=/home/runner/work/pixi_rosdistro/pixi_rosdistro/install/lib/pkgconfig PSModulePath=/home/runner/.local/share/powershell/Modules:${PSModulePath} PYTHONPATH=/home/runner/work/pixi_rosdistro/pixi_rosdistro/build/rqt_msg/prefix_override:/home/runner/work/pixi_rosdistro/pixi_rosdistro/.pixi/envs/default/lib/python3.12/site-packages/colcon_core/task/python/colcon_distutils_commands:/home/runner/work/pixi_rosdistro/pixi_rosdistro/install/lib/python3.12/site-packages:/home/runner/work/pixi_rosdistro/pixi_rosdistro/install/lib/python3.12/site-packages ROS_DOMAIN_ID=64 /home/runner/work/pixi_rosdistro/pixi_rosdistro/.pixi/envs/default/bin/python3.12 -W ignore:setup.py install is deprecated -W ignore:easy_install command is deprecated setup.py egg_info --egg-base ../../../build/rqt_msg build --build-base /home/runner/work/pixi_rosdistro/pixi_rosdistro/build/rqt_msg/build install --record /home/runner/work/pixi_rosdistro/pixi_rosdistro/build/rqt_msg/install.log --single-version-externally-managed install_data
