Not searching for unused variables given on the command line.
-- The C compiler identification is AppleClang 17.0.0.17000013
-- The CXX compiler identification is AppleClang 17.0.0.17000013
-- Detecting C compiler ABI info
-- Detecting C compiler ABI info - done
-- Check for working C compiler: /usr/bin/cc - skipped
-- Detecting C compile features
-- Detecting C compile features - done
-- Detecting CXX compiler ABI info
-- Detecting CXX compiler ABI info - done
-- Check for working CXX compiler: /usr/bin/c++ - skipped
-- Detecting CXX compile features
-- Detecting CXX compile features - done
-- Found ament_cmake: 2.8.6 (/Users/runner/work/pixi_rosdistro/pixi_rosdistro/install/share/ament_cmake/cmake)
-- Found ament_cmake_ros_core: 0.15.6 (/Users/runner/work/pixi_rosdistro/pixi_rosdistro/install/share/ament_cmake_ros_core/cmake)
-- Found rcutils: 7.0.7 (/Users/runner/work/pixi_rosdistro/pixi_rosdistro/install/share/rcutils/cmake)
-- Found rosidl_dynamic_typesupport: 0.4.0 (/Users/runner/work/pixi_rosdistro/pixi_rosdistro/install/share/rosidl_dynamic_typesupport/cmake)
-- Found ament_lint_auto: 0.20.3 (/Users/runner/work/pixi_rosdistro/pixi_rosdistro/install/share/ament_lint_auto/cmake)
-- Found gmock sources under '/Users/runner/work/pixi_rosdistro/pixi_rosdistro/install/src/gmock_vendor': C++ tests using 'Google Mock' will be built
-- Found ament_cmake_gtest: 2.8.6 (/Users/runner/work/pixi_rosdistro/pixi_rosdistro/install/share/ament_cmake_gtest/cmake)
-- Found gtest sources under '/Users/runner/work/pixi_rosdistro/pixi_rosdistro/install/src/gtest_vendor': C++ tests using 'Google Test' will be built
-- Performing Test CMAKE_HAVE_LIBC_PTHREAD
-- Performing Test CMAKE_HAVE_LIBC_PTHREAD - Success
-- Found Threads: TRUE
-- Added test 'copyright' to check source files copyright and LICENSE
-- Added test 'cpplint' to check C / C++ code against the Google style
-- Configured cpplint exclude dirs and/or files: 
-- Added test 'lint_cmake' to check CMake code style
-- Added test 'uncrustify' to check C / C++ code style
-- Configured uncrustify additional arguments: 
-- Added test 'xmllint' to check XML markup files
-- Configuring done (1.9s)
-- Generating done (0.1s)
-- Build files have been written to: /Users/runner/work/pixi_rosdistro/pixi_rosdistro/build/rmw
[1/90] Building C object CMakeFiles/rmw.dir/src/allocators.c.o
[2/90] Building C object CMakeFiles/rmw.dir/src/convert_rcutils_ret_to_rmw_ret.c.o
[3/90] Building C object CMakeFiles/rmw.dir/src/discovery_options.c.o
[4/90] Building C object CMakeFiles/rmw.dir/src/enclave.c.o
[5/90] Building C object CMakeFiles/rmw.dir/src/event.c.o
[6/90] Building C object CMakeFiles/rmw.dir/src/init.c.o
[7/90] Building C object CMakeFiles/rmw.dir/src/init_options.c.o
[8/90] Building C object CMakeFiles/rmw.dir/src/message_sequence.c.o
[9/90] Building C object CMakeFiles/rmw.dir/src/names_and_types.c.o
[10/90] Building C object CMakeFiles/rmw.dir/src/network_flow_endpoint_array.c.o
[11/90] Building C object CMakeFiles/rmw.dir/src/network_flow_endpoint.c.o
[12/90] Building C object CMakeFiles/rmw.dir/src/publisher_options.c.o
[13/90] Building C object CMakeFiles/rmw.dir/src/qos_string_conversions.c.o
[14/90] Building C object CMakeFiles/rmw.dir/src/sanity_checks.c.o
[15/90] Building C object CMakeFiles/rmw.dir/src/security_options.c.o
[16/90] Building C object CMakeFiles/rmw.dir/src/service_endpoint_info_array.c.o
[17/90] Building C object CMakeFiles/rmw.dir/src/service_endpoint_info.c.o
[18/90] Building C object CMakeFiles/rmw.dir/src/subscription_content_filter_options.c.o
[19/90] Building C object CMakeFiles/rmw.dir/src/subscription_options.c.o
[20/90] Building C object CMakeFiles/rmw.dir/src/time.c.o
[21/90] Building C object CMakeFiles/rmw.dir/src/topic_endpoint_info_array.c.o
[22/90] Building C object CMakeFiles/rmw.dir/src/topic_endpoint_info.c.o
[23/90] Building C object CMakeFiles/rmw.dir/src/types.c.o
[24/90] Building C object CMakeFiles/rmw.dir/src/validate_full_topic_name.c.o
[25/90] Building C object CMakeFiles/rmw.dir/src/validate_namespace.c.o
[26/90] Building C object CMakeFiles/rmw.dir/src/validate_node_name.c.o
[27/90] Building CXX object gmock/CMakeFiles/gmock.dir/Users/runner/work/pixi_rosdistro/pixi_rosdistro/install/src/gtest_vendor/src/gtest-all.cc.o
[28/90] Building CXX object gmock/CMakeFiles/gmock.dir/src/gmock-all.cc.o
[29/90] Building CXX object gmock/CMakeFiles/gmock_main.dir/src/gmock_main.cc.o
[30/90] Building CXX object gtest/CMakeFiles/gtest.dir/src/gtest-all.cc.o
[31/90] Building CXX object gtest/CMakeFiles/gtest_main.dir/src/gtest_main.cc.o
[32/90] Linking C shared library librmw.dylib
[33/90] Building CXX object test/CMakeFiles/test_allocators.dir/test_allocators.cpp.o
[34/90] Building CXX object test/CMakeFiles/test_convert_rcutils_ret_to_rmw_ret.dir/test_convert_rcutils_ret_to_rmw_ret.cpp.o
[35/90] Building CXX object test/CMakeFiles/test_discovery_options.dir/test_discovery_options.cpp.o
[36/90] Building CXX object test/CMakeFiles/test_event.dir/test_event.cpp.o
[37/90] Building CXX object test/CMakeFiles/test_enclave.dir/test_enclave.cpp.o
[38/90] Building CXX object test/CMakeFiles/test_init_options.dir/test_init_options.cpp.o
[39/90] Building CXX object test/CMakeFiles/test_init.dir/test_init.cpp.o
[40/90] Building CXX object test/CMakeFiles/test_message_sequence.dir/test_message_sequence.cpp.o
[41/90] Building CXX object test/CMakeFiles/test_names_and_types.dir/test_names_and_types.cpp.o
[42/90] Building CXX object test/CMakeFiles/test_publisher_options.dir/test_publisher_options.cpp.o
[43/90] Building CXX object test/CMakeFiles/test_qos_string_conversions.dir/test_qos_string_conversions.cpp.o
[44/90] Building CXX object test/CMakeFiles/test_sanity_checks.dir/test_sanity_checks.cpp.o
[45/90] Building CXX object test/CMakeFiles/test_security_options.dir/test_security_options.cpp.o
[46/90] Building CXX object test/CMakeFiles/test_serialized_message.dir/test_serialized_message.cpp.o
[47/90] Building CXX object test/CMakeFiles/test_subscription_options.dir/test_subscription_options.cpp.o
[48/90] Building CXX object test/CMakeFiles/test_time.dir/test_time.cpp.o
[49/90] Building CXX object test/CMakeFiles/test_types.dir/test_types.cpp.o
[50/90] Building CXX object test/CMakeFiles/test_validate_full_topic_name.dir/test_validate_full_topic_name.cpp.o
[51/90] Building CXX object test/CMakeFiles/test_validate_node_name.dir/test_validate_node_name.cpp.o
[52/90] Building CXX object test/CMakeFiles/test_validate_namespace.dir/test_validate_namespace.cpp.o
[53/90] Building CXX object test/CMakeFiles/test_topic_endpoint_info_array.dir/test_topic_endpoint_info_array.cpp.o
[54/90] Building CXX object test/CMakeFiles/test_topic_endpoint_info.dir/test_topic_endpoint_info.cpp.o
[55/90] Building CXX object test/CMakeFiles/test_service_endpoint_info.dir/test_service_endpoint_info.cpp.o
[56/90] Building CXX object test/CMakeFiles/test_service_endpoint_info_array.dir/test_service_endpoint_info_array.cpp.o
[57/90] Building CXX object test/CMakeFiles/test_network_flow_endpoint.dir/test_network_flow_endpoint.cpp.o
[58/90] Building CXX object test/CMakeFiles/test_network_flow_endpoint_array.dir/test_network_flow_endpoint_array.cpp.o
[59/90] Building CXX object test/CMakeFiles/test_subscription_content_filter_options.dir/test_subscription_content_filter_options.cpp.o
[60/90] Linking CXX static library gmock/libgmock.a
[61/90] Linking CXX static library gmock/libgmock_main.a
[62/90] Linking CXX static library gtest/libgtest.a
[63/90] Linking CXX static library gtest/libgtest_main.a
[64/90] Linking CXX executable test/test_allocators
[65/90] Linking CXX executable test/test_convert_rcutils_ret_to_rmw_ret
[66/90] Linking CXX executable test/test_discovery_options
[67/90] Linking CXX executable test/test_event
[68/90] Linking CXX executable test/test_enclave
[69/90] Linking CXX executable test/test_init_options
[70/90] Linking CXX executable test/test_init
[71/90] Linking CXX executable test/test_message_sequence
[72/90] Linking CXX executable test/test_names_and_types
[73/90] Linking CXX executable test/test_publisher_options
[74/90] Linking CXX executable test/test_qos_string_conversions
[75/90] Linking CXX executable test/test_sanity_checks
[76/90] Linking CXX executable test/test_security_options
[77/90] Linking CXX executable test/test_serialized_message
[78/90] Linking CXX executable test/test_subscription_options
[79/90] Linking CXX executable test/test_time
[80/90] Linking CXX executable test/test_types
[81/90] Linking CXX executable test/test_validate_full_topic_name
[82/90] Linking CXX executable test/test_validate_node_name
[83/90] Linking CXX executable test/test_validate_namespace
[84/90] Linking CXX executable test/test_topic_endpoint_info_array
[85/90] Linking CXX executable test/test_topic_endpoint_info
[86/90] Linking CXX executable test/test_service_endpoint_info
[87/90] Linking CXX executable test/test_service_endpoint_info_array
[88/90] Linking CXX executable test/test_network_flow_endpoint
[89/90] Linking CXX executable test/test_network_flow_endpoint_array
[90/90] Linking CXX executable test/test_subscription_content_filter_options
-- Install configuration: "Release"
-- Installing: /Users/runner/work/pixi_rosdistro/pixi_rosdistro/install/share/rmw/environment/library_path.sh
-- Installing: /Users/runner/work/pixi_rosdistro/pixi_rosdistro/install/share/rmw/environment/library_path.dsv
-- Installing: /Users/runner/work/pixi_rosdistro/pixi_rosdistro/install/share/ament_index/resource_index/package_run_dependencies/rmw
-- Installing: /Users/runner/work/pixi_rosdistro/pixi_rosdistro/install/share/ament_index/resource_index/parent_prefix_path/rmw
-- Installing: /Users/runner/work/pixi_rosdistro/pixi_rosdistro/install/share/rmw/environment/ament_prefix_path.sh
-- Installing: /Users/runner/work/pixi_rosdistro/pixi_rosdistro/install/share/rmw/environment/ament_prefix_path.dsv
-- Installing: /Users/runner/work/pixi_rosdistro/pixi_rosdistro/install/share/rmw/environment/path.sh
-- Installing: /Users/runner/work/pixi_rosdistro/pixi_rosdistro/install/share/rmw/environment/path.dsv
-- Installing: /Users/runner/work/pixi_rosdistro/pixi_rosdistro/install/share/rmw/local_setup.bash
-- Installing: /Users/runner/work/pixi_rosdistro/pixi_rosdistro/install/share/rmw/local_setup.fish
-- Installing: /Users/runner/work/pixi_rosdistro/pixi_rosdistro/install/share/rmw/local_setup.sh
-- Installing: /Users/runner/work/pixi_rosdistro/pixi_rosdistro/install/share/rmw/local_setup.zsh
-- Installing: /Users/runner/work/pixi_rosdistro/pixi_rosdistro/install/share/rmw/local_setup.dsv
-- Installing: /Users/runner/work/pixi_rosdistro/pixi_rosdistro/install/share/rmw/package.dsv
-- Installing: /Users/runner/work/pixi_rosdistro/pixi_rosdistro/install/share/ament_index/resource_index/packages/rmw
-- Installing: /Users/runner/work/pixi_rosdistro/pixi_rosdistro/install/share/rmw/cmake/rmwExport.cmake
-- Installing: /Users/runner/work/pixi_rosdistro/pixi_rosdistro/install/share/rmw/cmake/rmwExport-release.cmake
-- Installing: /Users/runner/work/pixi_rosdistro/pixi_rosdistro/install/share/rmw/cmake/rmw-extras.cmake
-- Installing: /Users/runner/work/pixi_rosdistro/pixi_rosdistro/install/share/rmw/cmake/ament_cmake_export_dependencies-extras.cmake
-- Installing: /Users/runner/work/pixi_rosdistro/pixi_rosdistro/install/share/rmw/cmake/ament_cmake_export_include_directories-extras.cmake
-- Installing: /Users/runner/work/pixi_rosdistro/pixi_rosdistro/install/share/rmw/cmake/ament_cmake_export_libraries-extras.cmake
-- Installing: /Users/runner/work/pixi_rosdistro/pixi_rosdistro/install/share/rmw/cmake/ament_cmake_export_targets-extras.cmake
-- Installing: /Users/runner/work/pixi_rosdistro/pixi_rosdistro/install/share/rmw/cmake/rmwConfig.cmake
-- Installing: /Users/runner/work/pixi_rosdistro/pixi_rosdistro/install/share/rmw/cmake/rmwConfig-version.cmake
-- Installing: /Users/runner/work/pixi_rosdistro/pixi_rosdistro/install/share/rmw/package.xml
-- Up-to-date: /Users/runner/work/pixi_rosdistro/pixi_rosdistro/install/share/rmw/cmake
-- Installing: /Users/runner/work/pixi_rosdistro/pixi_rosdistro/install/share/rmw/cmake/register_rmw_implementation.cmake
-- Installing: /Users/runner/work/pixi_rosdistro/pixi_rosdistro/install/share/rmw/cmake/configure_rmw_library.cmake
-- Installing: /Users/runner/work/pixi_rosdistro/pixi_rosdistro/install/share/rmw/cmake/get_rmw_typesupport.cmake
-- Installing: /Users/runner/work/pixi_rosdistro/pixi_rosdistro/install/include/rmw
-- Installing: /Users/runner/work/pixi_rosdistro/pixi_rosdistro/install/include/rmw/rmw
-- Installing: /Users/runner/work/pixi_rosdistro/pixi_rosdistro/install/include/rmw/rmw/time.h
-- Installing: /Users/runner/work/pixi_rosdistro/pixi_rosdistro/install/include/rmw/rmw/dynamic_message_type_support.h
-- Installing: /Users/runner/work/pixi_rosdistro/pixi_rosdistro/install/include/rmw/rmw/impl
-- Installing: /Users/runner/work/pixi_rosdistro/pixi_rosdistro/install/include/rmw/rmw/impl/config.h
-- Installing: /Users/runner/work/pixi_rosdistro/pixi_rosdistro/install/include/rmw/rmw/impl/cpp
-- Installing: /Users/runner/work/pixi_rosdistro/pixi_rosdistro/install/include/rmw/rmw/impl/cpp/macros.hpp
-- Installing: /Users/runner/work/pixi_rosdistro/pixi_rosdistro/install/include/rmw/rmw/impl/cpp/key_value.hpp
-- Installing: /Users/runner/work/pixi_rosdistro/pixi_rosdistro/install/include/rmw/rmw/impl/cpp/demangle.hpp
-- Installing: /Users/runner/work/pixi_rosdistro/pixi_rosdistro/install/include/rmw/rmw/serialized_message.h
-- Installing: /Users/runner/work/pixi_rosdistro/pixi_rosdistro/install/include/rmw/rmw/discovery_options.h
-- Installing: /Users/runner/work/pixi_rosdistro/pixi_rosdistro/install/include/rmw/rmw/qos_profiles.h
-- Installing: /Users/runner/work/pixi_rosdistro/pixi_rosdistro/install/include/rmw/rmw/subscription_options.h
-- Installing: /Users/runner/work/pixi_rosdistro/pixi_rosdistro/install/include/rmw/rmw/names_and_types.h
-- Installing: /Users/runner/work/pixi_rosdistro/pixi_rosdistro/install/include/rmw/rmw/rmw.h
-- Installing: /Users/runner/work/pixi_rosdistro/pixi_rosdistro/install/include/rmw/rmw/features.h
-- Installing: /Users/runner/work/pixi_rosdistro/pixi_rosdistro/install/include/rmw/rmw/event.h
-- Installing: /Users/runner/work/pixi_rosdistro/pixi_rosdistro/install/include/rmw/rmw/types.h
-- Installing: /Users/runner/work/pixi_rosdistro/pixi_rosdistro/install/include/rmw/rmw/init_options.h
-- Installing: /Users/runner/work/pixi_rosdistro/pixi_rosdistro/install/include/rmw/rmw/visibility_control.h
-- Installing: /Users/runner/work/pixi_rosdistro/pixi_rosdistro/install/include/rmw/rmw/get_network_flow_endpoints.h
-- Installing: /Users/runner/work/pixi_rosdistro/pixi_rosdistro/install/include/rmw/rmw/events_statuses
-- Installing: /Users/runner/work/pixi_rosdistro/pixi_rosdistro/install/include/rmw/rmw/events_statuses/liveliness_lost.h
-- Installing: /Users/runner/work/pixi_rosdistro/pixi_rosdistro/install/include/rmw/rmw/events_statuses/matched.h
-- Installing: /Users/runner/work/pixi_rosdistro/pixi_rosdistro/install/include/rmw/rmw/events_statuses/incompatible_type.h
-- Installing: /Users/runner/work/pixi_rosdistro/pixi_rosdistro/install/include/rmw/rmw/events_statuses/message_lost.h
-- Installing: /Users/runner/work/pixi_rosdistro/pixi_rosdistro/install/include/rmw/rmw/events_statuses/liveliness_changed.h
-- Installing: /Users/runner/work/pixi_rosdistro/pixi_rosdistro/install/include/rmw/rmw/events_statuses/incompatible_qos.h
-- Installing: /Users/runner/work/pixi_rosdistro/pixi_rosdistro/install/include/rmw/rmw/events_statuses/events_statuses.h
-- Installing: /Users/runner/work/pixi_rosdistro/pixi_rosdistro/install/include/rmw/rmw/events_statuses/requested_deadline_missed.h
-- Installing: /Users/runner/work/pixi_rosdistro/pixi_rosdistro/install/include/rmw/rmw/events_statuses/offered_deadline_missed.h
-- Installing: /Users/runner/work/pixi_rosdistro/pixi_rosdistro/install/include/rmw/rmw/network_flow_endpoint.h
-- Installing: /Users/runner/work/pixi_rosdistro/pixi_rosdistro/install/include/rmw/rmw/convert_rcutils_ret_to_rmw_ret.h
-- Installing: /Users/runner/work/pixi_rosdistro/pixi_rosdistro/install/include/rmw/rmw/subscription_content_filter_options.h
-- Installing: /Users/runner/work/pixi_rosdistro/pixi_rosdistro/install/include/rmw/rmw/security_options.h
-- Installing: /Users/runner/work/pixi_rosdistro/pixi_rosdistro/install/include/rmw/rmw/domain_id.h
-- Installing: /Users/runner/work/pixi_rosdistro/pixi_rosdistro/install/include/rmw/rmw/qos_policy_kind.h
-- Installing: /Users/runner/work/pixi_rosdistro/pixi_rosdistro/install/include/rmw/rmw/message_sequence.h
-- Installing: /Users/runner/work/pixi_rosdistro/pixi_rosdistro/install/include/rmw/rmw/get_topic_endpoint_info.h
-- Installing: /Users/runner/work/pixi_rosdistro/pixi_rosdistro/install/include/rmw/rmw/macros.h
-- Installing: /Users/runner/work/pixi_rosdistro/pixi_rosdistro/install/include/rmw/rmw/validate_full_topic_name.h
-- Installing: /Users/runner/work/pixi_rosdistro/pixi_rosdistro/install/include/rmw/rmw/topic_endpoint_info.h
-- Installing: /Users/runner/work/pixi_rosdistro/pixi_rosdistro/install/include/rmw/rmw/service_endpoint_info_array.h
-- Installing: /Users/runner/work/pixi_rosdistro/pixi_rosdistro/install/include/rmw/rmw/allocators.h
-- Installing: /Users/runner/work/pixi_rosdistro/pixi_rosdistro/install/include/rmw/rmw/ret_types.h
-- Installing: /Users/runner/work/pixi_rosdistro/pixi_rosdistro/install/include/rmw/rmw/qos_string_conversions.h
-- Installing: /Users/runner/work/pixi_rosdistro/pixi_rosdistro/install/include/rmw/rmw/get_service_endpoint_info.h
-- Installing: /Users/runner/work/pixi_rosdistro/pixi_rosdistro/install/include/rmw/rmw/sanity_checks.h
-- Installing: /Users/runner/work/pixi_rosdistro/pixi_rosdistro/install/include/rmw/rmw/validate_node_name.h
-- Installing: /Users/runner/work/pixi_rosdistro/pixi_rosdistro/install/include/rmw/rmw/incompatible_qos_events_statuses.h
-- Installing: /Users/runner/work/pixi_rosdistro/pixi_rosdistro/install/include/rmw/rmw/publisher_options.h
-- Installing: /Users/runner/work/pixi_rosdistro/pixi_rosdistro/install/include/rmw/rmw/network_flow_endpoint_array.h
-- Installing: /Users/runner/work/pixi_rosdistro/pixi_rosdistro/install/include/rmw/rmw/error_handling.h
-- Installing: /Users/runner/work/pixi_rosdistro/pixi_rosdistro/install/include/rmw/rmw/get_node_info_and_types.h
-- Installing: /Users/runner/work/pixi_rosdistro/pixi_rosdistro/install/include/rmw/rmw/validate_namespace.h
-- Installing: /Users/runner/work/pixi_rosdistro/pixi_rosdistro/install/include/rmw/rmw/event_callback_type.h
-- Installing: /Users/runner/work/pixi_rosdistro/pixi_rosdistro/install/include/rmw/rmw/init.h
-- Installing: /Users/runner/work/pixi_rosdistro/pixi_rosdistro/install/include/rmw/rmw/get_topic_names_and_types.h
-- Installing: /Users/runner/work/pixi_rosdistro/pixi_rosdistro/install/include/rmw/rmw/topic_endpoint_info_array.h
-- Installing: /Users/runner/work/pixi_rosdistro/pixi_rosdistro/install/include/rmw/rmw/enclave.h
-- Installing: /Users/runner/work/pixi_rosdistro/pixi_rosdistro/install/include/rmw/rmw/service_endpoint_info.h
-- Installing: /Users/runner/work/pixi_rosdistro/pixi_rosdistro/install/include/rmw/rmw/get_service_names_and_types.h
-- Installing: /Users/runner/work/pixi_rosdistro/pixi_rosdistro/install/include/rmw/rmw/check_type_identifiers_match.h
-- Installing: /Users/runner/work/pixi_rosdistro/pixi_rosdistro/install/lib/librmw.dylib
