Not searching for unused variables given on the command line.
-- The C compiler identification is AppleClang 17.0.0.17000013
-- The CXX compiler identification is AppleClang 17.0.0.17000013
-- Detecting C compiler ABI info
-- Detecting C compiler ABI info - done
-- Check for working C compiler: /usr/bin/cc - skipped
-- Detecting C compile features
-- Detecting C compile features - done
-- Detecting CXX compiler ABI info
-- Detecting CXX compiler ABI info - done
-- Check for working CXX compiler: /usr/bin/c++ - skipped
-- Detecting CXX compile features
-- Detecting CXX compile features - done
-- Found ament_cmake: 2.8.6 (/Users/runner/work/pixi_rosdistro/pixi_rosdistro/install/share/ament_cmake/cmake)
-- Found builtin_interfaces: 2.4.3 (/Users/runner/work/pixi_rosdistro/pixi_rosdistro/install/share/builtin_interfaces/cmake)
-- Found rosidl_generator_c: 5.1.3 (/Users/runner/work/pixi_rosdistro/pixi_rosdistro/install/share/rosidl_generator_c/cmake)
-- Found rosidl_generator_cpp: 5.1.3 (/Users/runner/work/pixi_rosdistro/pixi_rosdistro/install/share/rosidl_generator_cpp/cmake)
-- Using all available rosidl_typesupport_c: rosidl_typesupport_fastrtps_c;rosidl_typesupport_introspection_c
-- Using all available rosidl_typesupport_cpp: rosidl_typesupport_fastrtps_cpp;rosidl_typesupport_introspection_cpp
-- Found rosidl_default_generators: 1.8.1 (/Users/runner/work/pixi_rosdistro/pixi_rosdistro/install/share/rosidl_default_generators/cmake)
-- Found rosidl_adapter: 5.1.3 (/Users/runner/work/pixi_rosdistro/pixi_rosdistro/install/share/rosidl_adapter/cmake)
-- Found Python3: /Users/runner/work/pixi_rosdistro/pixi_rosdistro/.pixi/envs/default/bin/python3 (found version "3.12.13") found components: Interpreter
-- Found ament_cmake_cppcheck: 0.20.3 (/Users/runner/work/pixi_rosdistro/pixi_rosdistro/install/share/ament_cmake_cppcheck/cmake)
-- Found ament_cmake_cpplint: 0.20.3 (/Users/runner/work/pixi_rosdistro/pixi_rosdistro/install/share/ament_cmake_cpplint/cmake)
-- Found ament_cmake_uncrustify: 0.20.3 (/Users/runner/work/pixi_rosdistro/pixi_rosdistro/install/share/ament_cmake_uncrustify/cmake)
-- Found ament_cmake_ros_core: 0.15.6 (/Users/runner/work/pixi_rosdistro/pixi_rosdistro/install/share/ament_cmake_ros_core/cmake)
-- Using all available rosidl_typesupport_c: rosidl_typesupport_fastrtps_c;rosidl_typesupport_introspection_c
-- Using all available rosidl_typesupport_cpp: rosidl_typesupport_fastrtps_cpp;rosidl_typesupport_introspection_cpp
-- Found Python3: /Users/runner/work/pixi_rosdistro/pixi_rosdistro/.pixi/envs/default/bin/python3 (found version "3.12.13") found components: Interpreter Development NumPy Development.Module Development.Embed
-- Found ament_cmake_flake8: 0.20.3 (/Users/runner/work/pixi_rosdistro/pixi_rosdistro/install/share/ament_cmake_flake8/cmake)
-- Found ament_cmake_pep257: 0.20.3 (/Users/runner/work/pixi_rosdistro/pixi_rosdistro/install/share/ament_cmake_pep257/cmake)
-- Found ament_cmake_mypy: 0.20.3 (/Users/runner/work/pixi_rosdistro/pixi_rosdistro/install/share/ament_cmake_mypy/cmake)
-- Found Python3: /Users/runner/work/pixi_rosdistro/pixi_rosdistro/.pixi/envs/default/bin/python3 (found version "3.12.13") found components: Interpreter
-- Found ament_lint_auto: 0.20.3 (/Users/runner/work/pixi_rosdistro/pixi_rosdistro/install/share/ament_lint_auto/cmake)
-- Added test 'copyright' to check source files copyright and LICENSE
-- Added test 'lint_cmake' to check CMake code style
-- Added test 'xmllint' to check XML markup files
-- Configuring done (8.2s)
-- Generating done (0.2s)
-- Build files have been written to: /Users/runner/work/pixi_rosdistro/pixi_rosdistro/build/rosbag2_interfaces
[1/237] Generating type hashes for ROS interfaces
[2/237] Generating C code for ROS interfaces
[3/237] Building C object CMakeFiles/rosbag2_interfaces__rosidl_generator_c.dir/rosidl_generator_c/rosbag2_interfaces/msg/detail/read_split_event__description.c.o
[4/237] Building C object CMakeFiles/rosbag2_interfaces__rosidl_generator_c.dir/rosidl_generator_c/rosbag2_interfaces/msg/detail/read_split_event__functions.c.o
[5/237] Building C object CMakeFiles/rosbag2_interfaces__rosidl_generator_c.dir/rosidl_generator_c/rosbag2_interfaces/msg/detail/read_split_event__type_support.c.o
[6/237] Building C object CMakeFiles/rosbag2_interfaces__rosidl_generator_c.dir/rosidl_generator_c/rosbag2_interfaces/msg/detail/write_split_event__description.c.o
[7/237] Building C object CMakeFiles/rosbag2_interfaces__rosidl_generator_c.dir/rosidl_generator_c/rosbag2_interfaces/msg/detail/write_split_event__functions.c.o
[8/237] Building C object CMakeFiles/rosbag2_interfaces__rosidl_generator_c.dir/rosidl_generator_c/rosbag2_interfaces/msg/detail/write_split_event__type_support.c.o
[9/237] Building C object CMakeFiles/rosbag2_interfaces__rosidl_generator_c.dir/rosidl_generator_c/rosbag2_interfaces/msg/detail/messages_lost_event_topic_stat__description.c.o
[10/237] Building C object CMakeFiles/rosbag2_interfaces__rosidl_generator_c.dir/rosidl_generator_c/rosbag2_interfaces/msg/detail/messages_lost_event_topic_stat__functions.c.o
[11/237] Building C object CMakeFiles/rosbag2_interfaces__rosidl_generator_c.dir/rosidl_generator_c/rosbag2_interfaces/msg/detail/messages_lost_event_topic_stat__type_support.c.o
[12/237] Building C object CMakeFiles/rosbag2_interfaces__rosidl_generator_c.dir/rosidl_generator_c/rosbag2_interfaces/msg/detail/messages_lost_event__description.c.o
[13/237] Building C object CMakeFiles/rosbag2_interfaces__rosidl_generator_c.dir/rosidl_generator_c/rosbag2_interfaces/msg/detail/messages_lost_event__functions.c.o
[14/237] Building C object CMakeFiles/rosbag2_interfaces__rosidl_generator_c.dir/rosidl_generator_c/rosbag2_interfaces/msg/detail/messages_lost_event__type_support.c.o
[15/237] Building C object CMakeFiles/rosbag2_interfaces__rosidl_generator_c.dir/rosidl_generator_c/rosbag2_interfaces/srv/detail/burst__description.c.o
[16/237] Building C object CMakeFiles/rosbag2_interfaces__rosidl_generator_c.dir/rosidl_generator_c/rosbag2_interfaces/srv/detail/burst__functions.c.o
[17/237] Building C object CMakeFiles/rosbag2_interfaces__rosidl_generator_c.dir/rosidl_generator_c/rosbag2_interfaces/srv/detail/burst__type_support.c.o
[18/237] Building C object CMakeFiles/rosbag2_interfaces__rosidl_generator_c.dir/rosidl_generator_c/rosbag2_interfaces/srv/detail/get_rate__description.c.o
[19/237] Building C object CMakeFiles/rosbag2_interfaces__rosidl_generator_c.dir/rosidl_generator_c/rosbag2_interfaces/srv/detail/get_rate__functions.c.o
[20/237] Building C object CMakeFiles/rosbag2_interfaces__rosidl_generator_c.dir/rosidl_generator_c/rosbag2_interfaces/srv/detail/get_rate__type_support.c.o
[21/237] Building C object CMakeFiles/rosbag2_interfaces__rosidl_generator_c.dir/rosidl_generator_c/rosbag2_interfaces/srv/detail/is_discovery_running__description.c.o
[22/237] Building C object CMakeFiles/rosbag2_interfaces__rosidl_generator_c.dir/rosidl_generator_c/rosbag2_interfaces/srv/detail/is_discovery_running__functions.c.o
[23/237] Building C object CMakeFiles/rosbag2_interfaces__rosidl_generator_c.dir/rosidl_generator_c/rosbag2_interfaces/srv/detail/is_discovery_running__type_support.c.o
[24/237] Building C object CMakeFiles/rosbag2_interfaces__rosidl_generator_c.dir/rosidl_generator_c/rosbag2_interfaces/srv/detail/is_paused__description.c.o
[25/237] Building C object CMakeFiles/rosbag2_interfaces__rosidl_generator_c.dir/rosidl_generator_c/rosbag2_interfaces/srv/detail/is_paused__functions.c.o
[26/237] Building C object CMakeFiles/rosbag2_interfaces__rosidl_generator_c.dir/rosidl_generator_c/rosbag2_interfaces/srv/detail/is_paused__type_support.c.o
[27/237] Building C object CMakeFiles/rosbag2_interfaces__rosidl_generator_c.dir/rosidl_generator_c/rosbag2_interfaces/srv/detail/pause__description.c.o
[28/237] Building C object CMakeFiles/rosbag2_interfaces__rosidl_generator_c.dir/rosidl_generator_c/rosbag2_interfaces/srv/detail/pause__functions.c.o
[29/237] Building C object CMakeFiles/rosbag2_interfaces__rosidl_generator_c.dir/rosidl_generator_c/rosbag2_interfaces/srv/detail/pause__type_support.c.o
[30/237] Building C object CMakeFiles/rosbag2_interfaces__rosidl_generator_c.dir/rosidl_generator_c/rosbag2_interfaces/srv/detail/play__description.c.o
[31/237] Building C object CMakeFiles/rosbag2_interfaces__rosidl_generator_c.dir/rosidl_generator_c/rosbag2_interfaces/srv/detail/play__functions.c.o
[32/237] Building C object CMakeFiles/rosbag2_interfaces__rosidl_generator_c.dir/rosidl_generator_c/rosbag2_interfaces/srv/detail/play__type_support.c.o
[33/237] Building C object CMakeFiles/rosbag2_interfaces__rosidl_generator_c.dir/rosidl_generator_c/rosbag2_interfaces/srv/detail/play_next__description.c.o
[34/237] Building C object CMakeFiles/rosbag2_interfaces__rosidl_generator_c.dir/rosidl_generator_c/rosbag2_interfaces/srv/detail/play_next__functions.c.o
[35/237] Building C object CMakeFiles/rosbag2_interfaces__rosidl_generator_c.dir/rosidl_generator_c/rosbag2_interfaces/srv/detail/play_next__type_support.c.o
[36/237] Building C object CMakeFiles/rosbag2_interfaces__rosidl_generator_c.dir/rosidl_generator_c/rosbag2_interfaces/srv/detail/record__description.c.o
[37/237] Building C object CMakeFiles/rosbag2_interfaces__rosidl_generator_c.dir/rosidl_generator_c/rosbag2_interfaces/srv/detail/record__functions.c.o
[38/237] Building C object CMakeFiles/rosbag2_interfaces__rosidl_generator_c.dir/rosidl_generator_c/rosbag2_interfaces/srv/detail/record__type_support.c.o
[39/237] Building C object CMakeFiles/rosbag2_interfaces__rosidl_generator_c.dir/rosidl_generator_c/rosbag2_interfaces/srv/detail/resume__description.c.o
[40/237] Building C object CMakeFiles/rosbag2_interfaces__rosidl_generator_c.dir/rosidl_generator_c/rosbag2_interfaces/srv/detail/resume__functions.c.o
[41/237] Building C object CMakeFiles/rosbag2_interfaces__rosidl_generator_c.dir/rosidl_generator_c/rosbag2_interfaces/srv/detail/resume__type_support.c.o
[42/237] Building C object CMakeFiles/rosbag2_interfaces__rosidl_generator_c.dir/rosidl_generator_c/rosbag2_interfaces/srv/detail/seek__description.c.o
[43/237] Building C object CMakeFiles/rosbag2_interfaces__rosidl_generator_c.dir/rosidl_generator_c/rosbag2_interfaces/srv/detail/seek__functions.c.o
[44/237] Building C object CMakeFiles/rosbag2_interfaces__rosidl_generator_c.dir/rosidl_generator_c/rosbag2_interfaces/srv/detail/seek__type_support.c.o
[45/237] Building C object CMakeFiles/rosbag2_interfaces__rosidl_generator_c.dir/rosidl_generator_c/rosbag2_interfaces/srv/detail/set_rate__description.c.o
[46/237] Building C object CMakeFiles/rosbag2_interfaces__rosidl_generator_c.dir/rosidl_generator_c/rosbag2_interfaces/srv/detail/set_rate__functions.c.o
[47/237] Building C object CMakeFiles/rosbag2_interfaces__rosidl_generator_c.dir/rosidl_generator_c/rosbag2_interfaces/srv/detail/set_rate__type_support.c.o
[48/237] Building C object CMakeFiles/rosbag2_interfaces__rosidl_generator_c.dir/rosidl_generator_c/rosbag2_interfaces/srv/detail/snapshot__description.c.o
[49/237] Building C object CMakeFiles/rosbag2_interfaces__rosidl_generator_c.dir/rosidl_generator_c/rosbag2_interfaces/srv/detail/snapshot__functions.c.o
[50/237] Building C object CMakeFiles/rosbag2_interfaces__rosidl_generator_c.dir/rosidl_generator_c/rosbag2_interfaces/srv/detail/snapshot__type_support.c.o
[51/237] Building C object CMakeFiles/rosbag2_interfaces__rosidl_generator_c.dir/rosidl_generator_c/rosbag2_interfaces/srv/detail/split_bagfile__description.c.o
[52/237] Building C object CMakeFiles/rosbag2_interfaces__rosidl_generator_c.dir/rosidl_generator_c/rosbag2_interfaces/srv/detail/split_bagfile__functions.c.o
[53/237] Building C object CMakeFiles/rosbag2_interfaces__rosidl_generator_c.dir/rosidl_generator_c/rosbag2_interfaces/srv/detail/split_bagfile__type_support.c.o
[54/237] Building C object CMakeFiles/rosbag2_interfaces__rosidl_generator_c.dir/rosidl_generator_c/rosbag2_interfaces/srv/detail/start_discovery__description.c.o
[55/237] Building C object CMakeFiles/rosbag2_interfaces__rosidl_generator_c.dir/rosidl_generator_c/rosbag2_interfaces/srv/detail/start_discovery__functions.c.o
[56/237] Building C object CMakeFiles/rosbag2_interfaces__rosidl_generator_c.dir/rosidl_generator_c/rosbag2_interfaces/srv/detail/start_discovery__type_support.c.o
[57/237] Building C object CMakeFiles/rosbag2_interfaces__rosidl_generator_c.dir/rosidl_generator_c/rosbag2_interfaces/srv/detail/stop__description.c.o
[58/237] Building C object CMakeFiles/rosbag2_interfaces__rosidl_generator_c.dir/rosidl_generator_c/rosbag2_interfaces/srv/detail/stop__functions.c.o
[59/237] Building C object CMakeFiles/rosbag2_interfaces__rosidl_generator_c.dir/rosidl_generator_c/rosbag2_interfaces/srv/detail/stop__type_support.c.o
[60/237] Building C object CMakeFiles/rosbag2_interfaces__rosidl_generator_c.dir/rosidl_generator_c/rosbag2_interfaces/srv/detail/stop_discovery__description.c.o
[61/237] Building C object CMakeFiles/rosbag2_interfaces__rosidl_generator_c.dir/rosidl_generator_c/rosbag2_interfaces/srv/detail/stop_discovery__functions.c.o
[62/237] Building C object CMakeFiles/rosbag2_interfaces__rosidl_generator_c.dir/rosidl_generator_c/rosbag2_interfaces/srv/detail/stop_discovery__type_support.c.o
[63/237] Building C object CMakeFiles/rosbag2_interfaces__rosidl_generator_c.dir/rosidl_generator_c/rosbag2_interfaces/srv/detail/toggle_paused__description.c.o
[64/237] Building C object CMakeFiles/rosbag2_interfaces__rosidl_generator_c.dir/rosidl_generator_c/rosbag2_interfaces/srv/detail/toggle_paused__functions.c.o
[65/237] Building C object CMakeFiles/rosbag2_interfaces__rosidl_generator_c.dir/rosidl_generator_c/rosbag2_interfaces/srv/detail/toggle_paused__type_support.c.o
[66/237] Generating C type support for eProsima Fast-RTPS
[67/237] Generating C++ code for ROS interfaces
[68/237] Generating C++ type support for eProsima Fast-RTPS
[69/237] Generating C introspection for ROS interfaces
[70/237] Generating C type support dispatch for ROS interfaces
[71/237] Generating C++ introspection for ROS interfaces
[72/237] Generating C++ type support dispatch for ROS interfaces
[73/237] Linking C shared library librosbag2_interfaces__rosidl_generator_c.dylib
ld: warning: -undefined error is deprecated
[74/237] Building CXX object CMakeFiles/rosbag2_interfaces__rosidl_typesupport_fastrtps_c.dir/rosidl_typesupport_fastrtps_c/rosbag2_interfaces/msg/detail/read_split_event__type_support_c.cpp.o
[75/237] Building CXX object CMakeFiles/rosbag2_interfaces__rosidl_typesupport_fastrtps_c.dir/rosidl_typesupport_fastrtps_c/rosbag2_interfaces/msg/detail/write_split_event__type_support_c.cpp.o
[76/237] Building CXX object CMakeFiles/rosbag2_interfaces__rosidl_typesupport_fastrtps_c.dir/rosidl_typesupport_fastrtps_c/rosbag2_interfaces/msg/detail/messages_lost_event_topic_stat__type_support_c.cpp.o
[77/237] Building CXX object CMakeFiles/rosbag2_interfaces__rosidl_typesupport_fastrtps_c.dir/rosidl_typesupport_fastrtps_c/rosbag2_interfaces/msg/detail/messages_lost_event__type_support_c.cpp.o
[78/237] Building CXX object CMakeFiles/rosbag2_interfaces__rosidl_typesupport_fastrtps_c.dir/rosidl_typesupport_fastrtps_c/rosbag2_interfaces/srv/detail/burst__type_support_c.cpp.o
[79/237] Building CXX object CMakeFiles/rosbag2_interfaces__rosidl_typesupport_fastrtps_c.dir/rosidl_typesupport_fastrtps_c/rosbag2_interfaces/srv/detail/get_rate__type_support_c.cpp.o
[80/237] Building CXX object CMakeFiles/rosbag2_interfaces__rosidl_typesupport_fastrtps_c.dir/rosidl_typesupport_fastrtps_c/rosbag2_interfaces/srv/detail/is_discovery_running__type_support_c.cpp.o
[81/237] Building CXX object CMakeFiles/rosbag2_interfaces__rosidl_typesupport_fastrtps_c.dir/rosidl_typesupport_fastrtps_c/rosbag2_interfaces/srv/detail/is_paused__type_support_c.cpp.o
[82/237] Building CXX object CMakeFiles/rosbag2_interfaces__rosidl_typesupport_fastrtps_c.dir/rosidl_typesupport_fastrtps_c/rosbag2_interfaces/srv/detail/pause__type_support_c.cpp.o
[83/237] Building CXX object CMakeFiles/rosbag2_interfaces__rosidl_typesupport_fastrtps_c.dir/rosidl_typesupport_fastrtps_c/rosbag2_interfaces/srv/detail/play__type_support_c.cpp.o
[84/237] Building CXX object CMakeFiles/rosbag2_interfaces__rosidl_typesupport_fastrtps_c.dir/rosidl_typesupport_fastrtps_c/rosbag2_interfaces/srv/detail/play_next__type_support_c.cpp.o
[85/237] Building CXX object CMakeFiles/rosbag2_interfaces__rosidl_typesupport_fastrtps_c.dir/rosidl_typesupport_fastrtps_c/rosbag2_interfaces/srv/detail/record__type_support_c.cpp.o
[86/237] Building CXX object CMakeFiles/rosbag2_interfaces__rosidl_typesupport_fastrtps_c.dir/rosidl_typesupport_fastrtps_c/rosbag2_interfaces/srv/detail/resume__type_support_c.cpp.o
[87/237] Building CXX object CMakeFiles/rosbag2_interfaces__rosidl_typesupport_fastrtps_c.dir/rosidl_typesupport_fastrtps_c/rosbag2_interfaces/srv/detail/seek__type_support_c.cpp.o
[88/237] Building CXX object CMakeFiles/rosbag2_interfaces__rosidl_typesupport_fastrtps_c.dir/rosidl_typesupport_fastrtps_c/rosbag2_interfaces/srv/detail/set_rate__type_support_c.cpp.o
[89/237] Building CXX object CMakeFiles/rosbag2_interfaces__rosidl_typesupport_fastrtps_c.dir/rosidl_typesupport_fastrtps_c/rosbag2_interfaces/srv/detail/snapshot__type_support_c.cpp.o
[90/237] Building CXX object CMakeFiles/rosbag2_interfaces__rosidl_typesupport_fastrtps_c.dir/rosidl_typesupport_fastrtps_c/rosbag2_interfaces/srv/detail/split_bagfile__type_support_c.cpp.o
[91/237] Building CXX object CMakeFiles/rosbag2_interfaces__rosidl_typesupport_fastrtps_c.dir/rosidl_typesupport_fastrtps_c/rosbag2_interfaces/srv/detail/start_discovery__type_support_c.cpp.o
[92/237] Building CXX object CMakeFiles/rosbag2_interfaces__rosidl_typesupport_fastrtps_c.dir/rosidl_typesupport_fastrtps_c/rosbag2_interfaces/srv/detail/stop__type_support_c.cpp.o
[93/237] Building CXX object CMakeFiles/rosbag2_interfaces__rosidl_typesupport_fastrtps_c.dir/rosidl_typesupport_fastrtps_c/rosbag2_interfaces/srv/detail/stop_discovery__type_support_c.cpp.o
[94/237] Building CXX object CMakeFiles/rosbag2_interfaces__rosidl_typesupport_fastrtps_c.dir/rosidl_typesupport_fastrtps_c/rosbag2_interfaces/srv/detail/toggle_paused__type_support_c.cpp.o
[95/237] Building C object CMakeFiles/rosbag2_interfaces__rosidl_typesupport_introspection_c.dir/rosidl_typesupport_introspection_c/rosbag2_interfaces/msg/detail/read_split_event__type_support.c.o
[96/237] Building C object CMakeFiles/rosbag2_interfaces__rosidl_typesupport_introspection_c.dir/rosidl_typesupport_introspection_c/rosbag2_interfaces/msg/detail/write_split_event__type_support.c.o
[97/237] Building C object CMakeFiles/rosbag2_interfaces__rosidl_typesupport_introspection_c.dir/rosidl_typesupport_introspection_c/rosbag2_interfaces/msg/detail/messages_lost_event_topic_stat__type_support.c.o
[98/237] Building C object CMakeFiles/rosbag2_interfaces__rosidl_typesupport_introspection_c.dir/rosidl_typesupport_introspection_c/rosbag2_interfaces/msg/detail/messages_lost_event__type_support.c.o
[99/237] Building C object CMakeFiles/rosbag2_interfaces__rosidl_typesupport_introspection_c.dir/rosidl_typesupport_introspection_c/rosbag2_interfaces/srv/detail/burst__type_support.c.o
[100/237] Building C object CMakeFiles/rosbag2_interfaces__rosidl_typesupport_introspection_c.dir/rosidl_typesupport_introspection_c/rosbag2_interfaces/srv/detail/get_rate__type_support.c.o
[101/237] Building C object CMakeFiles/rosbag2_interfaces__rosidl_typesupport_introspection_c.dir/rosidl_typesupport_introspection_c/rosbag2_interfaces/srv/detail/is_discovery_running__type_support.c.o
[102/237] Building C object CMakeFiles/rosbag2_interfaces__rosidl_typesupport_introspection_c.dir/rosidl_typesupport_introspection_c/rosbag2_interfaces/srv/detail/is_paused__type_support.c.o
[103/237] Building C object CMakeFiles/rosbag2_interfaces__rosidl_typesupport_introspection_c.dir/rosidl_typesupport_introspection_c/rosbag2_interfaces/srv/detail/pause__type_support.c.o
[104/237] Building C object CMakeFiles/rosbag2_interfaces__rosidl_typesupport_introspection_c.dir/rosidl_typesupport_introspection_c/rosbag2_interfaces/srv/detail/play__type_support.c.o
[105/237] Building C object CMakeFiles/rosbag2_interfaces__rosidl_typesupport_introspection_c.dir/rosidl_typesupport_introspection_c/rosbag2_interfaces/srv/detail/play_next__type_support.c.o
[106/237] Building C object CMakeFiles/rosbag2_interfaces__rosidl_typesupport_introspection_c.dir/rosidl_typesupport_introspection_c/rosbag2_interfaces/srv/detail/record__type_support.c.o
[107/237] Building C object CMakeFiles/rosbag2_interfaces__rosidl_typesupport_introspection_c.dir/rosidl_typesupport_introspection_c/rosbag2_interfaces/srv/detail/resume__type_support.c.o
[108/237] Building C object CMakeFiles/rosbag2_interfaces__rosidl_typesupport_introspection_c.dir/rosidl_typesupport_introspection_c/rosbag2_interfaces/srv/detail/seek__type_support.c.o
[109/237] Building C object CMakeFiles/rosbag2_interfaces__rosidl_typesupport_introspection_c.dir/rosidl_typesupport_introspection_c/rosbag2_interfaces/srv/detail/set_rate__type_support.c.o
[110/237] Building C object CMakeFiles/rosbag2_interfaces__rosidl_typesupport_introspection_c.dir/rosidl_typesupport_introspection_c/rosbag2_interfaces/srv/detail/snapshot__type_support.c.o
[111/237] Building C object CMakeFiles/rosbag2_interfaces__rosidl_typesupport_introspection_c.dir/rosidl_typesupport_introspection_c/rosbag2_interfaces/srv/detail/split_bagfile__type_support.c.o
[112/237] Building C object CMakeFiles/rosbag2_interfaces__rosidl_typesupport_introspection_c.dir/rosidl_typesupport_introspection_c/rosbag2_interfaces/srv/detail/start_discovery__type_support.c.o
[113/237] Building C object CMakeFiles/rosbag2_interfaces__rosidl_typesupport_introspection_c.dir/rosidl_typesupport_introspection_c/rosbag2_interfaces/srv/detail/stop__type_support.c.o
[114/237] Building C object CMakeFiles/rosbag2_interfaces__rosidl_typesupport_introspection_c.dir/rosidl_typesupport_introspection_c/rosbag2_interfaces/srv/detail/stop_discovery__type_support.c.o
[115/237] Building C object CMakeFiles/rosbag2_interfaces__rosidl_typesupport_introspection_c.dir/rosidl_typesupport_introspection_c/rosbag2_interfaces/srv/detail/toggle_paused__type_support.c.o
[116/237] Building CXX object CMakeFiles/rosbag2_interfaces__rosidl_typesupport_c.dir/rosidl_typesupport_c/rosbag2_interfaces/msg/read_split_event__type_support.cpp.o
[117/237] Building CXX object CMakeFiles/rosbag2_interfaces__rosidl_typesupport_c.dir/rosidl_typesupport_c/rosbag2_interfaces/msg/write_split_event__type_support.cpp.o
[118/237] Building CXX object CMakeFiles/rosbag2_interfaces__rosidl_typesupport_c.dir/rosidl_typesupport_c/rosbag2_interfaces/msg/messages_lost_event_topic_stat__type_support.cpp.o
[119/237] Building CXX object CMakeFiles/rosbag2_interfaces__rosidl_typesupport_c.dir/rosidl_typesupport_c/rosbag2_interfaces/msg/messages_lost_event__type_support.cpp.o
[120/237] Building CXX object CMakeFiles/rosbag2_interfaces__rosidl_typesupport_c.dir/rosidl_typesupport_c/rosbag2_interfaces/srv/burst__type_support.cpp.o
[121/237] Building CXX object CMakeFiles/rosbag2_interfaces__rosidl_typesupport_c.dir/rosidl_typesupport_c/rosbag2_interfaces/srv/get_rate__type_support.cpp.o
[122/237] Building CXX object CMakeFiles/rosbag2_interfaces__rosidl_typesupport_c.dir/rosidl_typesupport_c/rosbag2_interfaces/srv/is_discovery_running__type_support.cpp.o
[123/237] Building CXX object CMakeFiles/rosbag2_interfaces__rosidl_typesupport_c.dir/rosidl_typesupport_c/rosbag2_interfaces/srv/is_paused__type_support.cpp.o
[124/237] Building CXX object CMakeFiles/rosbag2_interfaces__rosidl_typesupport_c.dir/rosidl_typesupport_c/rosbag2_interfaces/srv/pause__type_support.cpp.o
[125/237] Building CXX object CMakeFiles/rosbag2_interfaces__rosidl_typesupport_c.dir/rosidl_typesupport_c/rosbag2_interfaces/srv/play__type_support.cpp.o
[126/237] Building CXX object CMakeFiles/rosbag2_interfaces__rosidl_typesupport_c.dir/rosidl_typesupport_c/rosbag2_interfaces/srv/play_next__type_support.cpp.o
[127/237] Building CXX object CMakeFiles/rosbag2_interfaces__rosidl_typesupport_c.dir/rosidl_typesupport_c/rosbag2_interfaces/srv/record__type_support.cpp.o
[128/237] Building CXX object CMakeFiles/rosbag2_interfaces__rosidl_typesupport_c.dir/rosidl_typesupport_c/rosbag2_interfaces/srv/resume__type_support.cpp.o
[129/237] Building CXX object CMakeFiles/rosbag2_interfaces__rosidl_typesupport_c.dir/rosidl_typesupport_c/rosbag2_interfaces/srv/seek__type_support.cpp.o
[130/237] Building CXX object CMakeFiles/rosbag2_interfaces__rosidl_typesupport_c.dir/rosidl_typesupport_c/rosbag2_interfaces/srv/set_rate__type_support.cpp.o
[131/237] Building CXX object CMakeFiles/rosbag2_interfaces__rosidl_typesupport_c.dir/rosidl_typesupport_c/rosbag2_interfaces/srv/snapshot__type_support.cpp.o
[132/237] Building CXX object CMakeFiles/rosbag2_interfaces__rosidl_typesupport_c.dir/rosidl_typesupport_c/rosbag2_interfaces/srv/split_bagfile__type_support.cpp.o
[133/237] Building CXX object CMakeFiles/rosbag2_interfaces__rosidl_typesupport_c.dir/rosidl_typesupport_c/rosbag2_interfaces/srv/start_discovery__type_support.cpp.o
[134/237] Building CXX object CMakeFiles/rosbag2_interfaces__rosidl_typesupport_c.dir/rosidl_typesupport_c/rosbag2_interfaces/srv/stop__type_support.cpp.o
[135/237] Building CXX object CMakeFiles/rosbag2_interfaces__rosidl_typesupport_c.dir/rosidl_typesupport_c/rosbag2_interfaces/srv/stop_discovery__type_support.cpp.o
[136/237] Building CXX object CMakeFiles/rosbag2_interfaces__rosidl_typesupport_c.dir/rosidl_typesupport_c/rosbag2_interfaces/srv/toggle_paused__type_support.cpp.o
[137/237] Building CXX object CMakeFiles/rosbag2_interfaces__rosidl_typesupport_fastrtps_cpp.dir/rosidl_typesupport_fastrtps_cpp/rosbag2_interfaces/msg/detail/dds_fastrtps/read_split_event__type_support.cpp.o
[138/237] Building CXX object CMakeFiles/rosbag2_interfaces__rosidl_typesupport_fastrtps_cpp.dir/rosidl_typesupport_fastrtps_cpp/rosbag2_interfaces/msg/detail/dds_fastrtps/write_split_event__type_support.cpp.o
[139/237] Building CXX object CMakeFiles/rosbag2_interfaces__rosidl_typesupport_fastrtps_cpp.dir/rosidl_typesupport_fastrtps_cpp/rosbag2_interfaces/msg/detail/dds_fastrtps/messages_lost_event_topic_stat__type_support.cpp.o
[140/237] Building CXX object CMakeFiles/rosbag2_interfaces__rosidl_typesupport_fastrtps_cpp.dir/rosidl_typesupport_fastrtps_cpp/rosbag2_interfaces/msg/detail/dds_fastrtps/messages_lost_event__type_support.cpp.o
[141/237] Building CXX object CMakeFiles/rosbag2_interfaces__rosidl_typesupport_fastrtps_cpp.dir/rosidl_typesupport_fastrtps_cpp/rosbag2_interfaces/srv/detail/dds_fastrtps/burst__type_support.cpp.o
[142/237] Building CXX object CMakeFiles/rosbag2_interfaces__rosidl_typesupport_fastrtps_cpp.dir/rosidl_typesupport_fastrtps_cpp/rosbag2_interfaces/srv/detail/dds_fastrtps/get_rate__type_support.cpp.o
[143/237] Building CXX object CMakeFiles/rosbag2_interfaces__rosidl_typesupport_fastrtps_cpp.dir/rosidl_typesupport_fastrtps_cpp/rosbag2_interfaces/srv/detail/dds_fastrtps/is_discovery_running__type_support.cpp.o
[144/237] Building CXX object CMakeFiles/rosbag2_interfaces__rosidl_typesupport_fastrtps_cpp.dir/rosidl_typesupport_fastrtps_cpp/rosbag2_interfaces/srv/detail/dds_fastrtps/is_paused__type_support.cpp.o
[145/237] Building CXX object CMakeFiles/rosbag2_interfaces__rosidl_typesupport_fastrtps_cpp.dir/rosidl_typesupport_fastrtps_cpp/rosbag2_interfaces/srv/detail/dds_fastrtps/pause__type_support.cpp.o
[146/237] Building CXX object CMakeFiles/rosbag2_interfaces__rosidl_typesupport_fastrtps_cpp.dir/rosidl_typesupport_fastrtps_cpp/rosbag2_interfaces/srv/detail/dds_fastrtps/play__type_support.cpp.o
[147/237] Building CXX object CMakeFiles/rosbag2_interfaces__rosidl_typesupport_fastrtps_cpp.dir/rosidl_typesupport_fastrtps_cpp/rosbag2_interfaces/srv/detail/dds_fastrtps/play_next__type_support.cpp.o
[148/237] Building CXX object CMakeFiles/rosbag2_interfaces__rosidl_typesupport_fastrtps_cpp.dir/rosidl_typesupport_fastrtps_cpp/rosbag2_interfaces/srv/detail/dds_fastrtps/record__type_support.cpp.o
[149/237] Building CXX object CMakeFiles/rosbag2_interfaces__rosidl_typesupport_fastrtps_cpp.dir/rosidl_typesupport_fastrtps_cpp/rosbag2_interfaces/srv/detail/dds_fastrtps/resume__type_support.cpp.o
[150/237] Building CXX object CMakeFiles/rosbag2_interfaces__rosidl_typesupport_fastrtps_cpp.dir/rosidl_typesupport_fastrtps_cpp/rosbag2_interfaces/srv/detail/dds_fastrtps/seek__type_support.cpp.o
[151/237] Building CXX object CMakeFiles/rosbag2_interfaces__rosidl_typesupport_fastrtps_cpp.dir/rosidl_typesupport_fastrtps_cpp/rosbag2_interfaces/srv/detail/dds_fastrtps/set_rate__type_support.cpp.o
[152/237] Building CXX object CMakeFiles/rosbag2_interfaces__rosidl_typesupport_fastrtps_cpp.dir/rosidl_typesupport_fastrtps_cpp/rosbag2_interfaces/srv/detail/dds_fastrtps/snapshot__type_support.cpp.o
[153/237] Building CXX object CMakeFiles/rosbag2_interfaces__rosidl_typesupport_fastrtps_cpp.dir/rosidl_typesupport_fastrtps_cpp/rosbag2_interfaces/srv/detail/dds_fastrtps/split_bagfile__type_support.cpp.o
[154/237] Building CXX object CMakeFiles/rosbag2_interfaces__rosidl_typesupport_fastrtps_cpp.dir/rosidl_typesupport_fastrtps_cpp/rosbag2_interfaces/srv/detail/dds_fastrtps/start_discovery__type_support.cpp.o
[155/237] Building CXX object CMakeFiles/rosbag2_interfaces__rosidl_typesupport_fastrtps_cpp.dir/rosidl_typesupport_fastrtps_cpp/rosbag2_interfaces/srv/detail/dds_fastrtps/stop__type_support.cpp.o
[156/237] Building CXX object CMakeFiles/rosbag2_interfaces__rosidl_typesupport_fastrtps_cpp.dir/rosidl_typesupport_fastrtps_cpp/rosbag2_interfaces/srv/detail/dds_fastrtps/stop_discovery__type_support.cpp.o
[157/237] Building CXX object CMakeFiles/rosbag2_interfaces__rosidl_typesupport_fastrtps_cpp.dir/rosidl_typesupport_fastrtps_cpp/rosbag2_interfaces/srv/detail/dds_fastrtps/toggle_paused__type_support.cpp.o
[158/237] Building CXX object CMakeFiles/rosbag2_interfaces__rosidl_typesupport_introspection_cpp.dir/rosidl_typesupport_introspection_cpp/rosbag2_interfaces/msg/detail/read_split_event__type_support.cpp.o
[159/237] Building CXX object CMakeFiles/rosbag2_interfaces__rosidl_typesupport_introspection_cpp.dir/rosidl_typesupport_introspection_cpp/rosbag2_interfaces/msg/detail/write_split_event__type_support.cpp.o
[160/237] Building CXX object CMakeFiles/rosbag2_interfaces__rosidl_typesupport_introspection_cpp.dir/rosidl_typesupport_introspection_cpp/rosbag2_interfaces/msg/detail/messages_lost_event_topic_stat__type_support.cpp.o
[161/237] Building CXX object CMakeFiles/rosbag2_interfaces__rosidl_typesupport_introspection_cpp.dir/rosidl_typesupport_introspection_cpp/rosbag2_interfaces/msg/detail/messages_lost_event__type_support.cpp.o
[162/237] Building CXX object CMakeFiles/rosbag2_interfaces__rosidl_typesupport_introspection_cpp.dir/rosidl_typesupport_introspection_cpp/rosbag2_interfaces/srv/detail/burst__type_support.cpp.o
[163/237] Building CXX object CMakeFiles/rosbag2_interfaces__rosidl_typesupport_introspection_cpp.dir/rosidl_typesupport_introspection_cpp/rosbag2_interfaces/srv/detail/get_rate__type_support.cpp.o
[164/237] Building CXX object CMakeFiles/rosbag2_interfaces__rosidl_typesupport_introspection_cpp.dir/rosidl_typesupport_introspection_cpp/rosbag2_interfaces/srv/detail/is_discovery_running__type_support.cpp.o
[165/237] Building CXX object CMakeFiles/rosbag2_interfaces__rosidl_typesupport_introspection_cpp.dir/rosidl_typesupport_introspection_cpp/rosbag2_interfaces/srv/detail/is_paused__type_support.cpp.o
[166/237] Building CXX object CMakeFiles/rosbag2_interfaces__rosidl_typesupport_introspection_cpp.dir/rosidl_typesupport_introspection_cpp/rosbag2_interfaces/srv/detail/pause__type_support.cpp.o
[167/237] Building CXX object CMakeFiles/rosbag2_interfaces__rosidl_typesupport_introspection_cpp.dir/rosidl_typesupport_introspection_cpp/rosbag2_interfaces/srv/detail/play__type_support.cpp.o
[168/237] Building CXX object CMakeFiles/rosbag2_interfaces__rosidl_typesupport_introspection_cpp.dir/rosidl_typesupport_introspection_cpp/rosbag2_interfaces/srv/detail/play_next__type_support.cpp.o
[169/237] Building CXX object CMakeFiles/rosbag2_interfaces__rosidl_typesupport_introspection_cpp.dir/rosidl_typesupport_introspection_cpp/rosbag2_interfaces/srv/detail/record__type_support.cpp.o
[170/237] Building CXX object CMakeFiles/rosbag2_interfaces__rosidl_typesupport_introspection_cpp.dir/rosidl_typesupport_introspection_cpp/rosbag2_interfaces/srv/detail/resume__type_support.cpp.o
[171/237] Building CXX object CMakeFiles/rosbag2_interfaces__rosidl_typesupport_introspection_cpp.dir/rosidl_typesupport_introspection_cpp/rosbag2_interfaces/srv/detail/seek__type_support.cpp.o
[172/237] Building CXX object CMakeFiles/rosbag2_interfaces__rosidl_typesupport_introspection_cpp.dir/rosidl_typesupport_introspection_cpp/rosbag2_interfaces/srv/detail/set_rate__type_support.cpp.o
[173/237] Building CXX object CMakeFiles/rosbag2_interfaces__rosidl_typesupport_introspection_cpp.dir/rosidl_typesupport_introspection_cpp/rosbag2_interfaces/srv/detail/snapshot__type_support.cpp.o
[174/237] Building CXX object CMakeFiles/rosbag2_interfaces__rosidl_typesupport_introspection_cpp.dir/rosidl_typesupport_introspection_cpp/rosbag2_interfaces/srv/detail/split_bagfile__type_support.cpp.o
[175/237] Building CXX object CMakeFiles/rosbag2_interfaces__rosidl_typesupport_introspection_cpp.dir/rosidl_typesupport_introspection_cpp/rosbag2_interfaces/srv/detail/start_discovery__type_support.cpp.o
[176/237] Building CXX object CMakeFiles/rosbag2_interfaces__rosidl_typesupport_introspection_cpp.dir/rosidl_typesupport_introspection_cpp/rosbag2_interfaces/srv/detail/stop__type_support.cpp.o
[177/237] Building CXX object CMakeFiles/rosbag2_interfaces__rosidl_typesupport_introspection_cpp.dir/rosidl_typesupport_introspection_cpp/rosbag2_interfaces/srv/detail/stop_discovery__type_support.cpp.o
[178/237] Building CXX object CMakeFiles/rosbag2_interfaces__rosidl_typesupport_introspection_cpp.dir/rosidl_typesupport_introspection_cpp/rosbag2_interfaces/srv/detail/toggle_paused__type_support.cpp.o
[179/237] Building CXX object CMakeFiles/rosbag2_interfaces__rosidl_typesupport_cpp.dir/rosidl_typesupport_cpp/rosbag2_interfaces/msg/read_split_event__type_support.cpp.o
[180/237] Building CXX object CMakeFiles/rosbag2_interfaces__rosidl_typesupport_cpp.dir/rosidl_typesupport_cpp/rosbag2_interfaces/msg/write_split_event__type_support.cpp.o
[181/237] Building CXX object CMakeFiles/rosbag2_interfaces__rosidl_typesupport_cpp.dir/rosidl_typesupport_cpp/rosbag2_interfaces/msg/messages_lost_event_topic_stat__type_support.cpp.o
[182/237] Building CXX object CMakeFiles/rosbag2_interfaces__rosidl_typesupport_cpp.dir/rosidl_typesupport_cpp/rosbag2_interfaces/msg/messages_lost_event__type_support.cpp.o
[183/237] Building CXX object CMakeFiles/rosbag2_interfaces__rosidl_typesupport_cpp.dir/rosidl_typesupport_cpp/rosbag2_interfaces/srv/burst__type_support.cpp.o
[184/237] Building CXX object CMakeFiles/rosbag2_interfaces__rosidl_typesupport_cpp.dir/rosidl_typesupport_cpp/rosbag2_interfaces/srv/get_rate__type_support.cpp.o
[185/237] Building CXX object CMakeFiles/rosbag2_interfaces__rosidl_typesupport_cpp.dir/rosidl_typesupport_cpp/rosbag2_interfaces/srv/is_discovery_running__type_support.cpp.o
[186/237] Building CXX object CMakeFiles/rosbag2_interfaces__rosidl_typesupport_cpp.dir/rosidl_typesupport_cpp/rosbag2_interfaces/srv/is_paused__type_support.cpp.o
[187/237] Building CXX object CMakeFiles/rosbag2_interfaces__rosidl_typesupport_cpp.dir/rosidl_typesupport_cpp/rosbag2_interfaces/srv/pause__type_support.cpp.o
[188/237] Building CXX object CMakeFiles/rosbag2_interfaces__rosidl_typesupport_cpp.dir/rosidl_typesupport_cpp/rosbag2_interfaces/srv/play__type_support.cpp.o
[189/237] Building CXX object CMakeFiles/rosbag2_interfaces__rosidl_typesupport_cpp.dir/rosidl_typesupport_cpp/rosbag2_interfaces/srv/play_next__type_support.cpp.o
[190/237] Building CXX object CMakeFiles/rosbag2_interfaces__rosidl_typesupport_cpp.dir/rosidl_typesupport_cpp/rosbag2_interfaces/srv/record__type_support.cpp.o
[191/237] Building CXX object CMakeFiles/rosbag2_interfaces__rosidl_typesupport_cpp.dir/rosidl_typesupport_cpp/rosbag2_interfaces/srv/resume__type_support.cpp.o
[192/237] Building CXX object CMakeFiles/rosbag2_interfaces__rosidl_typesupport_cpp.dir/rosidl_typesupport_cpp/rosbag2_interfaces/srv/seek__type_support.cpp.o
[193/237] Building CXX object CMakeFiles/rosbag2_interfaces__rosidl_typesupport_cpp.dir/rosidl_typesupport_cpp/rosbag2_interfaces/srv/set_rate__type_support.cpp.o
[194/237] Building CXX object CMakeFiles/rosbag2_interfaces__rosidl_typesupport_cpp.dir/rosidl_typesupport_cpp/rosbag2_interfaces/srv/snapshot__type_support.cpp.o
[195/237] Building CXX object CMakeFiles/rosbag2_interfaces__rosidl_typesupport_cpp.dir/rosidl_typesupport_cpp/rosbag2_interfaces/srv/split_bagfile__type_support.cpp.o
[196/237] Building CXX object CMakeFiles/rosbag2_interfaces__rosidl_typesupport_cpp.dir/rosidl_typesupport_cpp/rosbag2_interfaces/srv/start_discovery__type_support.cpp.o
[197/237] Building CXX object CMakeFiles/rosbag2_interfaces__rosidl_typesupport_cpp.dir/rosidl_typesupport_cpp/rosbag2_interfaces/srv/stop__type_support.cpp.o
[198/237] Building CXX object CMakeFiles/rosbag2_interfaces__rosidl_typesupport_cpp.dir/rosidl_typesupport_cpp/rosbag2_interfaces/srv/stop_discovery__type_support.cpp.o
[199/237] Building CXX object CMakeFiles/rosbag2_interfaces__rosidl_typesupport_cpp.dir/rosidl_typesupport_cpp/rosbag2_interfaces/srv/toggle_paused__type_support.cpp.o
[200/237] Linking CXX shared library librosbag2_interfaces__rosidl_typesupport_fastrtps_c.dylib
ld: warning: -undefined error is deprecated
[201/237] Linking CXX shared library librosbag2_interfaces__rosidl_typesupport_fastrtps_cpp.dylib
ld: warning: -undefined error is deprecated
[202/237] Linking C shared library librosbag2_interfaces__rosidl_typesupport_introspection_c.dylib
ld: warning: -undefined error is deprecated
[203/237] Linking CXX shared library librosbag2_interfaces__rosidl_typesupport_c.dylib
ld: warning: -undefined error is deprecated
[204/237] Linking CXX shared library librosbag2_interfaces__rosidl_typesupport_introspection_cpp.dylib
ld: warning: -undefined error is deprecated
[205/237] Linking CXX shared library librosbag2_interfaces__rosidl_typesupport_cpp.dylib
ld: warning: -undefined error is deprecated
[206/237] Generating Python code for ROS interfaces
[207/237] Generating Rust code for ROS interfaces
[208/237] Building C object CMakeFiles/rosbag2_interfaces__rosidl_generator_py.dir/rosidl_generator_py/rosbag2_interfaces/msg/_read_split_event_s.c.o
[209/237] Building C object CMakeFiles/rosbag2_interfaces__rosidl_generator_py.dir/rosidl_generator_py/rosbag2_interfaces/msg/_write_split_event_s.c.o
[210/237] Building C object CMakeFiles/rosbag2_interfaces__rosidl_generator_py.dir/rosidl_generator_py/rosbag2_interfaces/msg/_messages_lost_event_topic_stat_s.c.o
[211/237] Building C object CMakeFiles/rosbag2_interfaces__rosidl_generator_py.dir/rosidl_generator_py/rosbag2_interfaces/msg/_messages_lost_event_s.c.o
[212/237] Building C object CMakeFiles/rosbag2_interfaces__rosidl_generator_py.dir/rosidl_generator_py/rosbag2_interfaces/srv/_burst_s.c.o
[213/237] Building C object CMakeFiles/rosbag2_interfaces__rosidl_generator_py.dir/rosidl_generator_py/rosbag2_interfaces/srv/_get_rate_s.c.o
[214/237] Building C object CMakeFiles/rosbag2_interfaces__rosidl_generator_py.dir/rosidl_generator_py/rosbag2_interfaces/srv/_is_discovery_running_s.c.o
[215/237] Building C object CMakeFiles/rosbag2_interfaces__rosidl_generator_py.dir/rosidl_generator_py/rosbag2_interfaces/srv/_is_paused_s.c.o
[216/237] Building C object CMakeFiles/rosbag2_interfaces__rosidl_generator_py.dir/rosidl_generator_py/rosbag2_interfaces/srv/_pause_s.c.o
[217/237] Building C object CMakeFiles/rosbag2_interfaces__rosidl_generator_py.dir/rosidl_generator_py/rosbag2_interfaces/srv/_play_s.c.o
[218/237] Building C object CMakeFiles/rosbag2_interfaces__rosidl_generator_py.dir/rosidl_generator_py/rosbag2_interfaces/srv/_play_next_s.c.o
[219/237] Building C object CMakeFiles/rosbag2_interfaces__rosidl_generator_py.dir/rosidl_generator_py/rosbag2_interfaces/srv/_record_s.c.o
[220/237] Building C object CMakeFiles/rosbag2_interfaces__rosidl_generator_py.dir/rosidl_generator_py/rosbag2_interfaces/srv/_resume_s.c.o
[221/237] Building C object CMakeFiles/rosbag2_interfaces__rosidl_generator_py.dir/rosidl_generator_py/rosbag2_interfaces/srv/_seek_s.c.o
[222/237] Building C object CMakeFiles/rosbag2_interfaces__rosidl_generator_py.dir/rosidl_generator_py/rosbag2_interfaces/srv/_set_rate_s.c.o
[223/237] Building C object CMakeFiles/rosbag2_interfaces__rosidl_generator_py.dir/rosidl_generator_py/rosbag2_interfaces/srv/_snapshot_s.c.o
[224/237] Building C object CMakeFiles/rosbag2_interfaces__rosidl_generator_py.dir/rosidl_generator_py/rosbag2_interfaces/srv/_split_bagfile_s.c.o
[225/237] Building C object CMakeFiles/rosbag2_interfaces__rosidl_generator_py.dir/rosidl_generator_py/rosbag2_interfaces/srv/_start_discovery_s.c.o
[226/237] Building C object CMakeFiles/rosbag2_interfaces__rosidl_generator_py.dir/rosidl_generator_py/rosbag2_interfaces/srv/_stop_s.c.o
[227/237] Building C object CMakeFiles/rosbag2_interfaces__rosidl_generator_py.dir/rosidl_generator_py/rosbag2_interfaces/srv/_stop_discovery_s.c.o
[228/237] Building C object CMakeFiles/rosbag2_interfaces__rosidl_generator_py.dir/rosidl_generator_py/rosbag2_interfaces/srv/_toggle_paused_s.c.o
[229/237] Linking C shared library librosbag2_interfaces__rosidl_generator_py.dylib
ld: warning: -undefined error is deprecated
[230/237] Building C object CMakeFiles/rosbag2_interfaces_s__rosidl_typesupport_fastrtps_c.dir/rosidl_generator_py/rosbag2_interfaces/_rosbag2_interfaces_s.ep.rosidl_typesupport_fastrtps_c.c.o
[231/237] Building C object CMakeFiles/rosbag2_interfaces_s__rosidl_typesupport_introspection_c.dir/rosidl_generator_py/rosbag2_interfaces/_rosbag2_interfaces_s.ep.rosidl_typesupport_introspection_c.c.o
[232/237] Building C object CMakeFiles/rosbag2_interfaces_s__rosidl_typesupport_c.dir/rosidl_generator_py/rosbag2_interfaces/_rosbag2_interfaces_s.ep.rosidl_typesupport_c.c.o
[233/237] cd /Users/runner/work/pixi_rosdistro/pixi_rosdistro/build/rosbag2_interfaces && /Users/runner/work/pixi_rosdistro/pixi_rosdistro/.pixi/envs/default/bin/cmake -E copy_directory /Users/runner/work/pixi_rosdistro/pixi_rosdistro/build/rosbag2_interfaces/rosidl_generator_py/rosbag2_interfaces /Users/runner/work/pixi_rosdistro/pixi_rosdistro/build/rosbag2_interfaces/ament_cmake_python/rosbag2_interfaces/rosbag2_interfaces
[234/237] Linking C shared module rosidl_generator_py/rosbag2_interfaces/rosbag2_interfaces_s__rosidl_typesupport_fastrtps_c.so
[235/237] Linking C shared module rosidl_generator_py/rosbag2_interfaces/rosbag2_interfaces_s__rosidl_typesupport_introspection_c.so
[236/237] Linking C shared module rosidl_generator_py/rosbag2_interfaces/rosbag2_interfaces_s__rosidl_typesupport_c.so
[237/237] cd /Users/runner/work/pixi_rosdistro/pixi_rosdistro/build/rosbag2_interfaces/ament_cmake_python/rosbag2_interfaces && /Users/runner/work/pixi_rosdistro/pixi_rosdistro/.pixi/envs/default/bin/python3 setup.py egg_info
running egg_info
creating rosbag2_interfaces.egg-info
writing rosbag2_interfaces.egg-info/PKG-INFO
writing dependency_links to rosbag2_interfaces.egg-info/dependency_links.txt
writing top-level names to rosbag2_interfaces.egg-info/top_level.txt
writing manifest file 'rosbag2_interfaces.egg-info/SOURCES.txt'
reading manifest file 'rosbag2_interfaces.egg-info/SOURCES.txt'
writing manifest file 'rosbag2_interfaces.egg-info/SOURCES.txt'
