[0.761s] Invoking command in '/Users/runner/work/pixi_rosdistro/pixi_rosdistro/build/composition_interfaces': AMENT_PREFIX_PATH=/Users/runner/work/pixi_rosdistro/pixi_rosdistro/install CMAKE_PREFIX_PATH=/Users/runner/work/pixi_rosdistro/pixi_rosdistro/install DYLD_LIBRARY_PATH=/Users/runner/work/pixi_rosdistro/pixi_rosdistro/install/lib:/Users/runner/work/pixi_rosdistro/pixi_rosdistro/install/opt/mimick_vendor/lib PATH=/Users/runner/work/pixi_rosdistro/pixi_rosdistro/install/bin:${PATH} PIXI_PROMPT=(ros2_rolling) PKG_CONFIG_PATH=/Users/runner/work/pixi_rosdistro/pixi_rosdistro/install/lib/pkgconfig PYTHONPATH=/Users/runner/work/pixi_rosdistro/pixi_rosdistro/install/lib/python3.12/site-packages ROS_PYTHON_VERSION=3 SHLVL=3 _=/usr/bin/env /Users/runner/work/pixi_rosdistro/pixi_rosdistro/.pixi/envs/default/bin/cmake /Users/runner/work/pixi_rosdistro/pixi_rosdistro/src/ros2/rcl_interfaces/composition_interfaces -GNinja --no-warn-unused-cli -DCMAKE_BUILD_TYPE=Release -DCMAKE_BUILD_WITH_INSTALL_RPATH:bool=TRUE -DCMAKE_POLICY_VERSION_MINIMUM=3.5 -Wno-deprecated -DSTACK_DETAILS_AUTO_DETECT:bool=FALSE -DSTACK_DETAILS_BFD:bool=FALSE -DCMAKE_INSTALL_PREFIX=/Users/runner/work/pixi_rosdistro/pixi_rosdistro/install
[1.034s] Not searching for unused variables given on the command line.
[1.034s] -- The C compiler identification is AppleClang 17.0.0.17000013
[1.199s] -- The CXX compiler identification is AppleClang 17.0.0.17000013
[1.242s] -- Detecting C compiler ABI info
[1.561s] -- Detecting C compiler ABI info - done
[1.606s] -- Check for working C compiler: /usr/bin/cc - skipped
[1.606s] -- Detecting C compile features
[1.608s] -- Detecting C compile features - done
[1.612s] -- Detecting CXX compiler ABI info
[1.975s] -- Detecting CXX compiler ABI info - done
[2.021s] -- Check for working CXX compiler: /usr/bin/c++ - skipped
[2.021s] -- Detecting CXX compile features
[2.022s] -- Detecting CXX compile features - done
[2.031s] -- Found ament_cmake: 2.8.6 (/Users/runner/work/pixi_rosdistro/pixi_rosdistro/install/share/ament_cmake/cmake)
[2.378s] -- Found rosidl_default_generators: 1.8.1 (/Users/runner/work/pixi_rosdistro/pixi_rosdistro/install/share/rosidl_default_generators/cmake)
[2.396s] -- Using all available rosidl_typesupport_c: rosidl_typesupport_fastrtps_c;rosidl_typesupport_introspection_c
[2.502s] -- Using all available rosidl_typesupport_cpp: rosidl_typesupport_fastrtps_cpp;rosidl_typesupport_introspection_cpp
[2.595s] -- Found rosidl_adapter: 5.1.3 (/Users/runner/work/pixi_rosdistro/pixi_rosdistro/install/share/rosidl_adapter/cmake)
[2.607s] -- Found rcl_interfaces: 2.4.3 (/Users/runner/work/pixi_rosdistro/pixi_rosdistro/install/share/rcl_interfaces/cmake)
[2.922s] -- Found Python3: /Users/runner/work/pixi_rosdistro/pixi_rosdistro/.pixi/envs/default/bin/python3 (found version "3.12.13") found components: Interpreter
[3.544s] -- Found ament_cmake_cppcheck: 0.20.3 (/Users/runner/work/pixi_rosdistro/pixi_rosdistro/install/share/ament_cmake_cppcheck/cmake)
[3.559s] -- Found ament_cmake_cpplint: 0.20.3 (/Users/runner/work/pixi_rosdistro/pixi_rosdistro/install/share/ament_cmake_cpplint/cmake)
[3.563s] -- Found ament_cmake_uncrustify: 0.20.3 (/Users/runner/work/pixi_rosdistro/pixi_rosdistro/install/share/ament_cmake_uncrustify/cmake)
[3.578s] -- Found ament_cmake_ros_core: 0.15.6 (/Users/runner/work/pixi_rosdistro/pixi_rosdistro/install/share/ament_cmake_ros_core/cmake)
[4.042s] -- Using all available rosidl_typesupport_c: rosidl_typesupport_fastrtps_c;rosidl_typesupport_introspection_c
[4.608s] -- Using all available rosidl_typesupport_cpp: rosidl_typesupport_fastrtps_cpp;rosidl_typesupport_introspection_cpp
[4.984s] -- Found Python3: /Users/runner/work/pixi_rosdistro/pixi_rosdistro/.pixi/envs/default/bin/python3 (found version "3.12.13") found components: Interpreter Development NumPy Development.Module Development.Embed
[5.023s] -- Found ament_cmake_flake8: 0.20.3 (/Users/runner/work/pixi_rosdistro/pixi_rosdistro/install/share/ament_cmake_flake8/cmake)
[5.030s] -- Found ament_cmake_pep257: 0.20.3 (/Users/runner/work/pixi_rosdistro/pixi_rosdistro/install/share/ament_cmake_pep257/cmake)
[5.039s] -- Found ament_cmake_mypy: 0.20.3 (/Users/runner/work/pixi_rosdistro/pixi_rosdistro/install/share/ament_cmake_mypy/cmake)
[5.072s] -- Found Python3: /Users/runner/work/pixi_rosdistro/pixi_rosdistro/.pixi/envs/default/bin/python3 (found version "3.12.13") found components: Interpreter
[5.081s] -- Configuring done (4.3s)
[5.213s] -- Generating done (0.1s)
[5.246s] -- Build files have been written to: /Users/runner/work/pixi_rosdistro/pixi_rosdistro/build/composition_interfaces
[5.248s] Invoked command in '/Users/runner/work/pixi_rosdistro/pixi_rosdistro/build/composition_interfaces' returned '0': AMENT_PREFIX_PATH=/Users/runner/work/pixi_rosdistro/pixi_rosdistro/install CMAKE_PREFIX_PATH=/Users/runner/work/pixi_rosdistro/pixi_rosdistro/install DYLD_LIBRARY_PATH=/Users/runner/work/pixi_rosdistro/pixi_rosdistro/install/lib:/Users/runner/work/pixi_rosdistro/pixi_rosdistro/install/opt/mimick_vendor/lib PATH=/Users/runner/work/pixi_rosdistro/pixi_rosdistro/install/bin:${PATH} PIXI_PROMPT=(ros2_rolling) PKG_CONFIG_PATH=/Users/runner/work/pixi_rosdistro/pixi_rosdistro/install/lib/pkgconfig PYTHONPATH=/Users/runner/work/pixi_rosdistro/pixi_rosdistro/install/lib/python3.12/site-packages ROS_PYTHON_VERSION=3 SHLVL=3 _=/usr/bin/env /Users/runner/work/pixi_rosdistro/pixi_rosdistro/.pixi/envs/default/bin/cmake /Users/runner/work/pixi_rosdistro/pixi_rosdistro/src/ros2/rcl_interfaces/composition_interfaces -GNinja --no-warn-unused-cli -DCMAKE_BUILD_TYPE=Release -DCMAKE_BUILD_WITH_INSTALL_RPATH:bool=TRUE -DCMAKE_POLICY_VERSION_MINIMUM=3.5 -Wno-deprecated -DSTACK_DETAILS_AUTO_DETECT:bool=FALSE -DSTACK_DETAILS_BFD:bool=FALSE -DCMAKE_INSTALL_PREFIX=/Users/runner/work/pixi_rosdistro/pixi_rosdistro/install
[5.249s] Invoking command in '/Users/runner/work/pixi_rosdistro/pixi_rosdistro/build/composition_interfaces': AMENT_PREFIX_PATH=/Users/runner/work/pixi_rosdistro/pixi_rosdistro/install CMAKE_PREFIX_PATH=/Users/runner/work/pixi_rosdistro/pixi_rosdistro/install DYLD_LIBRARY_PATH=/Users/runner/work/pixi_rosdistro/pixi_rosdistro/install/lib:/Users/runner/work/pixi_rosdistro/pixi_rosdistro/install/opt/mimick_vendor/lib PATH=/Users/runner/work/pixi_rosdistro/pixi_rosdistro/install/bin:${PATH} PIXI_PROMPT=(ros2_rolling) PKG_CONFIG_PATH=/Users/runner/work/pixi_rosdistro/pixi_rosdistro/install/lib/pkgconfig PYTHONPATH=/Users/runner/work/pixi_rosdistro/pixi_rosdistro/install/lib/python3.12/site-packages ROS_PYTHON_VERSION=3 SHLVL=3 _=/usr/bin/env /Users/runner/work/pixi_rosdistro/pixi_rosdistro/.pixi/envs/default/bin/cmake --build /Users/runner/work/pixi_rosdistro/pixi_rosdistro/build/composition_interfaces -- -j3 -l3
[5.591s] [1/57] Generating type hashes for ROS interfaces
[6.121s] [2/57] Generating C code for ROS interfaces
[6.279s] [3/57] Building C object CMakeFiles/composition_interfaces__rosidl_generator_c.dir/rosidl_generator_c/composition_interfaces/srv/detail/load_node__description.c.o
[6.635s] [4/57] Building C object CMakeFiles/composition_interfaces__rosidl_generator_c.dir/rosidl_generator_c/composition_interfaces/srv/detail/load_node__functions.c.o
[6.795s] [5/57] Building C object CMakeFiles/composition_interfaces__rosidl_generator_c.dir/rosidl_generator_c/composition_interfaces/srv/detail/load_node__type_support.c.o
[7.174s] [6/57] Building C object CMakeFiles/composition_interfaces__rosidl_generator_c.dir/rosidl_generator_c/composition_interfaces/srv/detail/list_nodes__description.c.o
[7.420s] [7/57] Building C object CMakeFiles/composition_interfaces__rosidl_generator_c.dir/rosidl_generator_c/composition_interfaces/srv/detail/list_nodes__functions.c.o
[7.685s] [8/57] Building C object CMakeFiles/composition_interfaces__rosidl_generator_c.dir/rosidl_generator_c/composition_interfaces/srv/detail/list_nodes__type_support.c.o
[7.926s] [9/57] Building C object CMakeFiles/composition_interfaces__rosidl_generator_c.dir/rosidl_generator_c/composition_interfaces/srv/detail/unload_node__description.c.o
[8.170s] [10/57] Building C object CMakeFiles/composition_interfaces__rosidl_generator_c.dir/rosidl_generator_c/composition_interfaces/srv/detail/unload_node__functions.c.o
[8.360s] [11/57] Building C object CMakeFiles/composition_interfaces__rosidl_generator_c.dir/rosidl_generator_c/composition_interfaces/srv/detail/unload_node__type_support.c.o
[8.917s] [12/57] Generating C type support for eProsima Fast-RTPS
[9.359s] [13/57] Generating C introspection for ROS interfaces
[9.734s] [14/57] Generating C type support dispatch for ROS interfaces
[10.227s] [15/57] Generating C++ code for ROS interfaces
[10.762s] [16/57] Generating C++ type support for eProsima Fast-RTPS
[11.206s] [17/57] Generating C++ introspection for ROS interfaces
[11.617s] [18/57] Generating C++ type support dispatch for ROS interfaces
[11.691s] [19/57] Linking C shared library libcomposition_interfaces__rosidl_generator_c.dylib
[11.691s] ld: warning: -undefined error is deprecated
[12.036s] [20/57] Building CXX object CMakeFiles/composition_interfaces__rosidl_typesupport_fastrtps_c.dir/rosidl_typesupport_fastrtps_c/composition_interfaces/srv/detail/load_node__type_support_c.cpp.o
[12.393s] [21/57] Building CXX object CMakeFiles/composition_interfaces__rosidl_typesupport_fastrtps_c.dir/rosidl_typesupport_fastrtps_c/composition_interfaces/srv/detail/list_nodes__type_support_c.cpp.o
[12.714s] [22/57] Building CXX object CMakeFiles/composition_interfaces__rosidl_typesupport_fastrtps_c.dir/rosidl_typesupport_fastrtps_c/composition_interfaces/srv/detail/unload_node__type_support_c.cpp.o
[12.967s] [23/57] Building C object CMakeFiles/composition_interfaces__rosidl_typesupport_introspection_c.dir/rosidl_typesupport_introspection_c/composition_interfaces/srv/detail/load_node__type_support.c.o
[13.191s] [24/57] Building C object CMakeFiles/composition_interfaces__rosidl_typesupport_introspection_c.dir/rosidl_typesupport_introspection_c/composition_interfaces/srv/detail/list_nodes__type_support.c.o
[13.415s] [25/57] Building C object CMakeFiles/composition_interfaces__rosidl_typesupport_introspection_c.dir/rosidl_typesupport_introspection_c/composition_interfaces/srv/detail/unload_node__type_support.c.o
[13.575s] [26/57] Building CXX object CMakeFiles/composition_interfaces__rosidl_typesupport_c.dir/rosidl_typesupport_c/composition_interfaces/srv/load_node__type_support.cpp.o
[13.727s] [27/57] Building CXX object CMakeFiles/composition_interfaces__rosidl_typesupport_c.dir/rosidl_typesupport_c/composition_interfaces/srv/list_nodes__type_support.cpp.o
[13.894s] [28/57] Building CXX object CMakeFiles/composition_interfaces__rosidl_typesupport_c.dir/rosidl_typesupport_c/composition_interfaces/srv/unload_node__type_support.cpp.o
[14.237s] [29/57] Building CXX object CMakeFiles/composition_interfaces__rosidl_typesupport_fastrtps_cpp.dir/rosidl_typesupport_fastrtps_cpp/composition_interfaces/srv/detail/dds_fastrtps/load_node__type_support.cpp.o
[14.557s] [30/57] Building CXX object CMakeFiles/composition_interfaces__rosidl_typesupport_fastrtps_cpp.dir/rosidl_typesupport_fastrtps_cpp/composition_interfaces/srv/detail/dds_fastrtps/list_nodes__type_support.cpp.o
[14.842s] [31/57] Building CXX object CMakeFiles/composition_interfaces__rosidl_typesupport_fastrtps_cpp.dir/rosidl_typesupport_fastrtps_cpp/composition_interfaces/srv/detail/dds_fastrtps/unload_node__type_support.cpp.o
[15.133s] [32/57] Building CXX object CMakeFiles/composition_interfaces__rosidl_typesupport_introspection_cpp.dir/rosidl_typesupport_introspection_cpp/composition_interfaces/srv/detail/load_node__type_support.cpp.o
[15.538s] [33/57] Building CXX object CMakeFiles/composition_interfaces__rosidl_typesupport_introspection_cpp.dir/rosidl_typesupport_introspection_cpp/composition_interfaces/srv/detail/list_nodes__type_support.cpp.o
[15.800s] [34/57] Building CXX object CMakeFiles/composition_interfaces__rosidl_typesupport_introspection_cpp.dir/rosidl_typesupport_introspection_cpp/composition_interfaces/srv/detail/unload_node__type_support.cpp.o
[16.560s] [35/57] Building CXX object CMakeFiles/composition_interfaces__rosidl_typesupport_cpp.dir/rosidl_typesupport_cpp/composition_interfaces/srv/load_node__type_support.cpp.o
[16.835s] [36/57] Building CXX object CMakeFiles/composition_interfaces__rosidl_typesupport_cpp.dir/rosidl_typesupport_cpp/composition_interfaces/srv/list_nodes__type_support.cpp.o
[17.177s] [37/57] Building CXX object CMakeFiles/composition_interfaces__rosidl_typesupport_cpp.dir/rosidl_typesupport_cpp/composition_interfaces/srv/unload_node__type_support.cpp.o
[17.257s] [38/57] Linking CXX shared library libcomposition_interfaces__rosidl_typesupport_fastrtps_c.dylib
[17.257s] ld: warning: -undefined error is deprecated
[17.356s] [39/57] Linking C shared library libcomposition_interfaces__rosidl_typesupport_introspection_c.dylib
[17.356s] ld: warning: -undefined error is deprecated
[17.467s] [40/57] Linking CXX shared library libcomposition_interfaces__rosidl_typesupport_c.dylib
[17.468s] ld: warning: -undefined error is deprecated
[17.534s] [41/57] Linking CXX shared library libcomposition_interfaces__rosidl_typesupport_fastrtps_cpp.dylib
[17.534s] ld: warning: -undefined error is deprecated
[17.599s] [42/57] Linking CXX shared library libcomposition_interfaces__rosidl_typesupport_introspection_cpp.dylib
[17.599s] ld: warning: -undefined error is deprecated
[17.666s] [43/57] Linking CXX shared library libcomposition_interfaces__rosidl_typesupport_cpp.dylib
[17.666s] ld: warning: -undefined error is deprecated
[18.627s] [44/57] Generating Python code for ROS interfaces
[19.044s] [45/57] Generating Rust code for ROS interfaces
[19.350s] [46/57] Building C object CMakeFiles/composition_interfaces__rosidl_generator_py.dir/rosidl_generator_py/composition_interfaces/srv/_load_node_s.c.o
[19.633s] [47/57] Building C object CMakeFiles/composition_interfaces__rosidl_generator_py.dir/rosidl_generator_py/composition_interfaces/srv/_list_nodes_s.c.o
[19.817s] [48/57] Building C object CMakeFiles/composition_interfaces__rosidl_generator_py.dir/rosidl_generator_py/composition_interfaces/srv/_unload_node_s.c.o
[19.909s] [49/57] Linking C shared library libcomposition_interfaces__rosidl_generator_py.dylib
[19.909s] ld: warning: -undefined error is deprecated
[20.127s] [50/57] Building C object CMakeFiles/composition_interfaces_s__rosidl_typesupport_fastrtps_c.dir/rosidl_generator_py/composition_interfaces/_composition_interfaces_s.ep.rosidl_typesupport_fastrtps_c.c.o
[20.460s] [51/57] Building C object CMakeFiles/composition_interfaces_s__rosidl_typesupport_introspection_c.dir/rosidl_generator_py/composition_interfaces/_composition_interfaces_s.ep.rosidl_typesupport_introspection_c.c.o
[20.664s] [52/57] Building C object CMakeFiles/composition_interfaces_s__rosidl_typesupport_c.dir/rosidl_generator_py/composition_interfaces/_composition_interfaces_s.ep.rosidl_typesupport_c.c.o
[20.693s] [53/57] cd /Users/runner/work/pixi_rosdistro/pixi_rosdistro/build/composition_interfaces && /Users/runner/work/pixi_rosdistro/pixi_rosdistro/.pixi/envs/default/bin/cmake -E copy_directory /Users/runner/work/pixi_rosdistro/pixi_rosdistro/build/composition_interfaces/rosidl_generator_py/composition_interfaces /Users/runner/work/pixi_rosdistro/pixi_rosdistro/build/composition_interfaces/ament_cmake_python/composition_interfaces/composition_interfaces
[20.764s] [54/57] Linking C shared module rosidl_generator_py/composition_interfaces/composition_interfaces_s__rosidl_typesupport_fastrtps_c.so
[20.859s] [55/57] Linking C shared module rosidl_generator_py/composition_interfaces/composition_interfaces_s__rosidl_typesupport_introspection_c.so
[20.931s] [56/57] Linking C shared module rosidl_generator_py/composition_interfaces/composition_interfaces_s__rosidl_typesupport_c.so
[21.165s] [57/57] cd /Users/runner/work/pixi_rosdistro/pixi_rosdistro/build/composition_interfaces/ament_cmake_python/composition_interfaces && /Users/runner/work/pixi_rosdistro/pixi_rosdistro/.pixi/envs/default/bin/python3 setup.py egg_info
[21.165s] running egg_info
[21.165s] creating composition_interfaces.egg-info
[21.165s] writing composition_interfaces.egg-info/PKG-INFO
[21.165s] writing dependency_links to composition_interfaces.egg-info/dependency_links.txt
[21.165s] writing top-level names to composition_interfaces.egg-info/top_level.txt
[21.165s] writing manifest file 'composition_interfaces.egg-info/SOURCES.txt'
[21.165s] reading manifest file 'composition_interfaces.egg-info/SOURCES.txt'
[21.165s] writing manifest file 'composition_interfaces.egg-info/SOURCES.txt'
[21.189s] Invoked command in '/Users/runner/work/pixi_rosdistro/pixi_rosdistro/build/composition_interfaces' returned '0': AMENT_PREFIX_PATH=/Users/runner/work/pixi_rosdistro/pixi_rosdistro/install CMAKE_PREFIX_PATH=/Users/runner/work/pixi_rosdistro/pixi_rosdistro/install DYLD_LIBRARY_PATH=/Users/runner/work/pixi_rosdistro/pixi_rosdistro/install/lib:/Users/runner/work/pixi_rosdistro/pixi_rosdistro/install/opt/mimick_vendor/lib PATH=/Users/runner/work/pixi_rosdistro/pixi_rosdistro/install/bin:${PATH} PIXI_PROMPT=(ros2_rolling) PKG_CONFIG_PATH=/Users/runner/work/pixi_rosdistro/pixi_rosdistro/install/lib/pkgconfig PYTHONPATH=/Users/runner/work/pixi_rosdistro/pixi_rosdistro/install/lib/python3.12/site-packages ROS_DOMAIN_ID=72 ROS_PYTHON_VERSION=3 SHLVL=3 _=/usr/bin/env /Users/runner/work/pixi_rosdistro/pixi_rosdistro/.pixi/envs/default/bin/cmake --build /Users/runner/work/pixi_rosdistro/pixi_rosdistro/build/composition_interfaces -- -j3 -l3
[21.192s] Invoking command in '/Users/runner/work/pixi_rosdistro/pixi_rosdistro/build/composition_interfaces': AMENT_PREFIX_PATH=/Users/runner/work/pixi_rosdistro/pixi_rosdistro/install CMAKE_PREFIX_PATH=/Users/runner/work/pixi_rosdistro/pixi_rosdistro/install DYLD_LIBRARY_PATH=/Users/runner/work/pixi_rosdistro/pixi_rosdistro/install/lib:/Users/runner/work/pixi_rosdistro/pixi_rosdistro/install/opt/mimick_vendor/lib PATH=/Users/runner/work/pixi_rosdistro/pixi_rosdistro/install/bin:${PATH} PIXI_PROMPT=(ros2_rolling) PKG_CONFIG_PATH=/Users/runner/work/pixi_rosdistro/pixi_rosdistro/install/lib/pkgconfig PYTHONPATH=/Users/runner/work/pixi_rosdistro/pixi_rosdistro/install/lib/python3.12/site-packages ROS_DOMAIN_ID=72 ROS_PYTHON_VERSION=3 SHLVL=3 _=/usr/bin/env /Users/runner/work/pixi_rosdistro/pixi_rosdistro/.pixi/envs/default/bin/cmake --install /Users/runner/work/pixi_rosdistro/pixi_rosdistro/build/composition_interfaces
[21.214s] -- Install configuration: "Release"
[21.214s] -- Installing: /Users/runner/work/pixi_rosdistro/pixi_rosdistro/install/share/ament_index/resource_index/rosidl_interfaces/composition_interfaces
[21.214s] -- Installing: /Users/runner/work/pixi_rosdistro/pixi_rosdistro/install/share/composition_interfaces/srv/LoadNode.json
[21.214s] -- Installing: /Users/runner/work/pixi_rosdistro/pixi_rosdistro/install/share/composition_interfaces/srv/ListNodes.json
[21.215s] -- Installing: /Users/runner/work/pixi_rosdistro/pixi_rosdistro/install/share/composition_interfaces/srv/UnloadNode.json
[21.215s] -- Installing: /Users/runner/work/pixi_rosdistro/pixi_rosdistro/install/include/composition_interfaces/composition_interfaces
[21.215s] -- Installing: /Users/runner/work/pixi_rosdistro/pixi_rosdistro/install/include/composition_interfaces/composition_interfaces/msg
[21.215s] -- Installing: /Users/runner/work/pixi_rosdistro/pixi_rosdistro/install/include/composition_interfaces/composition_interfaces/msg/rosidl_generator_c__visibility_control.h
[21.215s] -- Installing: /Users/runner/work/pixi_rosdistro/pixi_rosdistro/install/include/composition_interfaces/composition_interfaces/srv
[21.215s] -- Installing: /Users/runner/work/pixi_rosdistro/pixi_rosdistro/install/include/composition_interfaces/composition_interfaces/srv/list_nodes.h
[21.215s] -- Installing: /Users/runner/work/pixi_rosdistro/pixi_rosdistro/install/include/composition_interfaces/composition_interfaces/srv/unload_node.h
[21.215s] -- Installing: /Users/runner/work/pixi_rosdistro/pixi_rosdistro/install/include/composition_interfaces/composition_interfaces/srv/detail
[21.215s] -- Installing: /Users/runner/work/pixi_rosdistro/pixi_rosdistro/install/include/composition_interfaces/composition_interfaces/srv/detail/load_node__functions.c
[21.215s] -- Installing: /Users/runner/work/pixi_rosdistro/pixi_rosdistro/install/include/composition_interfaces/composition_interfaces/srv/detail/list_nodes__functions.h
[21.215s] -- Installing: /Users/runner/work/pixi_rosdistro/pixi_rosdistro/install/include/composition_interfaces/composition_interfaces/srv/detail/unload_node__description.c
[21.215s] -- Installing: /Users/runner/work/pixi_rosdistro/pixi_rosdistro/install/include/composition_interfaces/composition_interfaces/srv/detail/list_nodes__description.c
[21.215s] -- Installing: /Users/runner/work/pixi_rosdistro/pixi_rosdistro/install/include/composition_interfaces/composition_interfaces/srv/detail/unload_node__type_support.c
[21.215s] -- Installing: /Users/runner/work/pixi_rosdistro/pixi_rosdistro/install/include/composition_interfaces/composition_interfaces/srv/detail/load_node__type_support.c
[21.219s] -- Installing: /Users/runner/work/pixi_rosdistro/pixi_rosdistro/install/include/composition_interfaces/composition_interfaces/srv/detail/list_nodes__type_support.c
[21.219s] -- Installing: /Users/runner/work/pixi_rosdistro/pixi_rosdistro/install/include/composition_interfaces/composition_interfaces/srv/detail/unload_node__functions.c
[21.221s] -- Installing: /Users/runner/work/pixi_rosdistro/pixi_rosdistro/install/include/composition_interfaces/composition_interfaces/srv/detail/load_node__functions.h
[21.221s] -- Installing: /Users/runner/work/pixi_rosdistro/pixi_rosdistro/install/include/composition_interfaces/composition_interfaces/srv/detail/list_nodes__functions.c
[21.221s] -- Installing: /Users/runner/work/pixi_rosdistro/pixi_rosdistro/install/include/composition_interfaces/composition_interfaces/srv/detail/list_nodes__struct.h
[21.221s] -- Installing: /Users/runner/work/pixi_rosdistro/pixi_rosdistro/install/include/composition_interfaces/composition_interfaces/srv/detail/unload_node__struct.h
[21.222s] -- Installing: /Users/runner/work/pixi_rosdistro/pixi_rosdistro/install/include/composition_interfaces/composition_interfaces/srv/detail/load_node__description.c
[21.222s] -- Installing: /Users/runner/work/pixi_rosdistro/pixi_rosdistro/install/include/composition_interfaces/composition_interfaces/srv/detail/unload_node__type_support.h
[21.222s] -- Installing: /Users/runner/work/pixi_rosdistro/pixi_rosdistro/install/include/composition_interfaces/composition_interfaces/srv/detail/load_node__struct.h
[21.222s] -- Installing: /Users/runner/work/pixi_rosdistro/pixi_rosdistro/install/include/composition_interfaces/composition_interfaces/srv/detail/unload_node__functions.h
[21.222s] -- Installing: /Users/runner/work/pixi_rosdistro/pixi_rosdistro/install/include/composition_interfaces/composition_interfaces/srv/detail/list_nodes__type_support.h
[21.222s] -- Installing: /Users/runner/work/pixi_rosdistro/pixi_rosdistro/install/include/composition_interfaces/composition_interfaces/srv/detail/load_node__type_support.h
[21.222s] -- Installing: /Users/runner/work/pixi_rosdistro/pixi_rosdistro/install/include/composition_interfaces/composition_interfaces/srv/load_node.h
[21.222s] -- Installing: /Users/runner/work/pixi_rosdistro/pixi_rosdistro/install/share/composition_interfaces/environment/library_path.sh
[21.222s] -- Installing: /Users/runner/work/pixi_rosdistro/pixi_rosdistro/install/share/composition_interfaces/environment/library_path.dsv
[21.222s] -- Installing: /Users/runner/work/pixi_rosdistro/pixi_rosdistro/install/lib/libcomposition_interfaces__rosidl_generator_c.dylib
[21.223s] -- Up-to-date: /Users/runner/work/pixi_rosdistro/pixi_rosdistro/install/include/composition_interfaces/composition_interfaces
[21.223s] -- Up-to-date: /Users/runner/work/pixi_rosdistro/pixi_rosdistro/install/include/composition_interfaces/composition_interfaces/msg
[21.223s] -- Installing: /Users/runner/work/pixi_rosdistro/pixi_rosdistro/install/include/composition_interfaces/composition_interfaces/msg/rosidl_typesupport_fastrtps_c__visibility_control.h
[21.223s] -- Up-to-date: /Users/runner/work/pixi_rosdistro/pixi_rosdistro/install/include/composition_interfaces/composition_interfaces/srv
[21.223s] -- Up-to-date: /Users/runner/work/pixi_rosdistro/pixi_rosdistro/install/include/composition_interfaces/composition_interfaces/srv/detail
[21.223s] -- Installing: /Users/runner/work/pixi_rosdistro/pixi_rosdistro/install/include/composition_interfaces/composition_interfaces/srv/detail/list_nodes__rosidl_typesupport_fastrtps_c.h
[21.223s] -- Installing: /Users/runner/work/pixi_rosdistro/pixi_rosdistro/install/include/composition_interfaces/composition_interfaces/srv/detail/load_node__rosidl_typesupport_fastrtps_c.h
[21.223s] -- Installing: /Users/runner/work/pixi_rosdistro/pixi_rosdistro/install/include/composition_interfaces/composition_interfaces/srv/detail/unload_node__rosidl_typesupport_fastrtps_c.h
[21.224s] -- Installing: /Users/runner/work/pixi_rosdistro/pixi_rosdistro/install/lib/libcomposition_interfaces__rosidl_typesupport_fastrtps_c.dylib
[21.224s] -- Up-to-date: /Users/runner/work/pixi_rosdistro/pixi_rosdistro/install/include/composition_interfaces/composition_interfaces
[21.224s] -- Up-to-date: /Users/runner/work/pixi_rosdistro/pixi_rosdistro/install/include/composition_interfaces/composition_interfaces/msg
[21.224s] -- Installing: /Users/runner/work/pixi_rosdistro/pixi_rosdistro/install/include/composition_interfaces/composition_interfaces/msg/rosidl_typesupport_introspection_c__visibility_control.h
[21.224s] -- Up-to-date: /Users/runner/work/pixi_rosdistro/pixi_rosdistro/install/include/composition_interfaces/composition_interfaces/srv
[21.224s] -- Up-to-date: /Users/runner/work/pixi_rosdistro/pixi_rosdistro/install/include/composition_interfaces/composition_interfaces/srv/detail
[21.224s] -- Installing: /Users/runner/work/pixi_rosdistro/pixi_rosdistro/install/include/composition_interfaces/composition_interfaces/srv/detail/unload_node__rosidl_typesupport_introspection_c.h
[21.224s] -- Installing: /Users/runner/work/pixi_rosdistro/pixi_rosdistro/install/include/composition_interfaces/composition_interfaces/srv/detail/unload_node__type_support.c
[21.224s] -- Installing: /Users/runner/work/pixi_rosdistro/pixi_rosdistro/install/include/composition_interfaces/composition_interfaces/srv/detail/load_node__type_support.c
[21.224s] -- Installing: /Users/runner/work/pixi_rosdistro/pixi_rosdistro/install/include/composition_interfaces/composition_interfaces/srv/detail/list_nodes__type_support.c
[21.224s] -- Installing: /Users/runner/work/pixi_rosdistro/pixi_rosdistro/install/include/composition_interfaces/composition_interfaces/srv/detail/load_node__rosidl_typesupport_introspection_c.h
[21.224s] -- Installing: /Users/runner/work/pixi_rosdistro/pixi_rosdistro/install/include/composition_interfaces/composition_interfaces/srv/detail/list_nodes__rosidl_typesupport_introspection_c.h
[21.225s] -- Installing: /Users/runner/work/pixi_rosdistro/pixi_rosdistro/install/lib/libcomposition_interfaces__rosidl_typesupport_introspection_c.dylib
[21.225s] -- Installing: /Users/runner/work/pixi_rosdistro/pixi_rosdistro/install/lib/libcomposition_interfaces__rosidl_typesupport_c.dylib
[21.225s] -- Up-to-date: /Users/runner/work/pixi_rosdistro/pixi_rosdistro/install/include/composition_interfaces/composition_interfaces
[21.225s] -- Up-to-date: /Users/runner/work/pixi_rosdistro/pixi_rosdistro/install/include/composition_interfaces/composition_interfaces/msg
[21.225s] -- Installing: /Users/runner/work/pixi_rosdistro/pixi_rosdistro/install/include/composition_interfaces/composition_interfaces/msg/rosidl_generator_cpp__visibility_control.hpp
[21.225s] -- Up-to-date: /Users/runner/work/pixi_rosdistro/pixi_rosdistro/install/include/composition_interfaces/composition_interfaces/srv
[21.225s] -- Installing: /Users/runner/work/pixi_rosdistro/pixi_rosdistro/install/include/composition_interfaces/composition_interfaces/srv/load_node.hpp
[21.225s] -- Installing: /Users/runner/work/pixi_rosdistro/pixi_rosdistro/install/include/composition_interfaces/composition_interfaces/srv/list_nodes.hpp
[21.225s] -- Up-to-date: /Users/runner/work/pixi_rosdistro/pixi_rosdistro/install/include/composition_interfaces/composition_interfaces/srv/detail
[21.225s] -- Installing: /Users/runner/work/pixi_rosdistro/pixi_rosdistro/install/include/composition_interfaces/composition_interfaces/srv/detail/list_nodes__type_support.hpp
[21.225s] -- Installing: /Users/runner/work/pixi_rosdistro/pixi_rosdistro/install/include/composition_interfaces/composition_interfaces/srv/detail/unload_node__builder.hpp
[21.225s] -- Installing: /Users/runner/work/pixi_rosdistro/pixi_rosdistro/install/include/composition_interfaces/composition_interfaces/srv/detail/list_nodes__traits.hpp
[21.225s] -- Installing: /Users/runner/work/pixi_rosdistro/pixi_rosdistro/install/include/composition_interfaces/composition_interfaces/srv/detail/load_node__type_support.hpp
[21.226s] -- Installing: /Users/runner/work/pixi_rosdistro/pixi_rosdistro/install/include/composition_interfaces/composition_interfaces/srv/detail/unload_node__struct.hpp
[21.226s] -- Installing: /Users/runner/work/pixi_rosdistro/pixi_rosdistro/install/include/composition_interfaces/composition_interfaces/srv/detail/unload_node__type_support.hpp
[21.226s] -- Installing: /Users/runner/work/pixi_rosdistro/pixi_rosdistro/install/include/composition_interfaces/composition_interfaces/srv/detail/load_node__builder.hpp
[21.226s] -- Installing: /Users/runner/work/pixi_rosdistro/pixi_rosdistro/install/include/composition_interfaces/composition_interfaces/srv/detail/load_node__struct.hpp
[21.226s] -- Installing: /Users/runner/work/pixi_rosdistro/pixi_rosdistro/install/include/composition_interfaces/composition_interfaces/srv/detail/list_nodes__struct.hpp
[21.226s] -- Installing: /Users/runner/work/pixi_rosdistro/pixi_rosdistro/install/include/composition_interfaces/composition_interfaces/srv/detail/unload_node__traits.hpp
[21.226s] -- Installing: /Users/runner/work/pixi_rosdistro/pixi_rosdistro/install/include/composition_interfaces/composition_interfaces/srv/detail/load_node__traits.hpp
[21.226s] -- Installing: /Users/runner/work/pixi_rosdistro/pixi_rosdistro/install/include/composition_interfaces/composition_interfaces/srv/detail/list_nodes__builder.hpp
[21.226s] -- Installing: /Users/runner/work/pixi_rosdistro/pixi_rosdistro/install/include/composition_interfaces/composition_interfaces/srv/unload_node.hpp
[21.227s] -- Up-to-date: /Users/runner/work/pixi_rosdistro/pixi_rosdistro/install/include/composition_interfaces/composition_interfaces
[21.227s] -- Up-to-date: /Users/runner/work/pixi_rosdistro/pixi_rosdistro/install/include/composition_interfaces/composition_interfaces/msg
[21.227s] -- Installing: /Users/runner/work/pixi_rosdistro/pixi_rosdistro/install/include/composition_interfaces/composition_interfaces/msg/rosidl_typesupport_fastrtps_cpp__visibility_control.h
[21.227s] -- Up-to-date: /Users/runner/work/pixi_rosdistro/pixi_rosdistro/install/include/composition_interfaces/composition_interfaces/srv
[21.227s] -- Up-to-date: /Users/runner/work/pixi_rosdistro/pixi_rosdistro/install/include/composition_interfaces/composition_interfaces/srv/detail
[21.231s] -- Installing: /Users/runner/work/pixi_rosdistro/pixi_rosdistro/install/include/composition_interfaces/composition_interfaces/srv/detail/list_nodes__rosidl_typesupport_fastrtps_cpp.hpp
[21.232s] -- Installing: /Users/runner/work/pixi_rosdistro/pixi_rosdistro/install/include/composition_interfaces/composition_interfaces/srv/detail/unload_node__rosidl_typesupport_fastrtps_cpp.hpp
[21.232s] -- Installing: /Users/runner/work/pixi_rosdistro/pixi_rosdistro/install/include/composition_interfaces/composition_interfaces/srv/detail/dds_fastrtps
[21.232s] -- Installing: /Users/runner/work/pixi_rosdistro/pixi_rosdistro/install/include/composition_interfaces/composition_interfaces/srv/detail/load_node__rosidl_typesupport_fastrtps_cpp.hpp
[21.232s] -- Installing: /Users/runner/work/pixi_rosdistro/pixi_rosdistro/install/lib/libcomposition_interfaces__rosidl_typesupport_fastrtps_cpp.dylib
[21.232s] -- Up-to-date: /Users/runner/work/pixi_rosdistro/pixi_rosdistro/install/include/composition_interfaces/composition_interfaces
[21.233s] -- Up-to-date: /Users/runner/work/pixi_rosdistro/pixi_rosdistro/install/include/composition_interfaces/composition_interfaces/srv
[21.233s] -- Up-to-date: /Users/runner/work/pixi_rosdistro/pixi_rosdistro/install/include/composition_interfaces/composition_interfaces/srv/detail
[21.233s] -- Installing: /Users/runner/work/pixi_rosdistro/pixi_rosdistro/install/include/composition_interfaces/composition_interfaces/srv/detail/list_nodes__rosidl_typesupport_introspection_cpp.hpp
[21.233s] -- Installing: /Users/runner/work/pixi_rosdistro/pixi_rosdistro/install/include/composition_interfaces/composition_interfaces/srv/detail/load_node__type_support.cpp
[21.233s] -- Installing: /Users/runner/work/pixi_rosdistro/pixi_rosdistro/install/include/composition_interfaces/composition_interfaces/srv/detail/unload_node__rosidl_typesupport_introspection_cpp.hpp
[21.233s] -- Installing: /Users/runner/work/pixi_rosdistro/pixi_rosdistro/install/include/composition_interfaces/composition_interfaces/srv/detail/unload_node__type_support.cpp
[21.233s] -- Installing: /Users/runner/work/pixi_rosdistro/pixi_rosdistro/install/include/composition_interfaces/composition_interfaces/srv/detail/load_node__rosidl_typesupport_introspection_cpp.hpp
[21.233s] -- Installing: /Users/runner/work/pixi_rosdistro/pixi_rosdistro/install/include/composition_interfaces/composition_interfaces/srv/detail/list_nodes__type_support.cpp
[21.233s] -- Installing: /Users/runner/work/pixi_rosdistro/pixi_rosdistro/install/lib/libcomposition_interfaces__rosidl_typesupport_introspection_cpp.dylib
[21.233s] -- Installing: /Users/runner/work/pixi_rosdistro/pixi_rosdistro/install/lib/libcomposition_interfaces__rosidl_typesupport_cpp.dylib
[21.233s] -- Installing: /Users/runner/work/pixi_rosdistro/pixi_rosdistro/install/share/composition_interfaces/environment/pythonpath.sh
[21.233s] -- Installing: /Users/runner/work/pixi_rosdistro/pixi_rosdistro/install/share/composition_interfaces/environment/pythonpath.dsv
[21.235s] -- Installing: /Users/runner/work/pixi_rosdistro/pixi_rosdistro/install/lib/python3.12/site-packages/composition_interfaces/composition_interfaces_s__rosidl_typesupport_fastrtps_c.so
[21.235s] -- Installing: /Users/runner/work/pixi_rosdistro/pixi_rosdistro/install/lib/python3.12/site-packages/composition_interfaces/composition_interfaces_s__rosidl_typesupport_introspection_c.so
[21.235s] -- Installing: /Users/runner/work/pixi_rosdistro/pixi_rosdistro/install/lib/python3.12/site-packages/composition_interfaces/composition_interfaces_s__rosidl_typesupport_c.so
[21.235s] -- Installing: /Users/runner/work/pixi_rosdistro/pixi_rosdistro/install/lib/libcomposition_interfaces__rosidl_generator_py.dylib
[21.236s] -- Installing: /Users/runner/work/pixi_rosdistro/pixi_rosdistro/install/share/ament_index/resource_index/rust_packages/composition_interfaces
[21.240s] -- Installing: /Users/runner/work/pixi_rosdistro/pixi_rosdistro/install/share/composition_interfaces/rust
[21.240s] -- Installing: /Users/runner/work/pixi_rosdistro/pixi_rosdistro/install/share/composition_interfaces/rust/Cargo.toml
[21.240s] -- Installing: /Users/runner/work/pixi_rosdistro/pixi_rosdistro/install/share/composition_interfaces/rust/build.rs
[21.240s] -- Installing: /Users/runner/work/pixi_rosdistro/pixi_rosdistro/install/share/composition_interfaces/rust/src
[21.241s] -- Installing: /Users/runner/work/pixi_rosdistro/pixi_rosdistro/install/share/composition_interfaces/rust/src/lib.rs
[21.241s] -- Installing: /Users/runner/work/pixi_rosdistro/pixi_rosdistro/install/share/composition_interfaces/rust/src/srv.rs
[21.241s] -- Installing: /Users/runner/work/pixi_rosdistro/pixi_rosdistro/install/share/composition_interfaces/rust/src/srv
[21.241s] -- Installing: /Users/runner/work/pixi_rosdistro/pixi_rosdistro/install/share/composition_interfaces/rust/src/srv/rmw.rs
[21.241s] -- Installing: /Users/runner/work/pixi_rosdistro/pixi_rosdistro/install/share/composition_interfaces/srv/LoadNode.idl
[21.241s] -- Installing: /Users/runner/work/pixi_rosdistro/pixi_rosdistro/install/share/composition_interfaces/srv/ListNodes.idl
[21.241s] -- Installing: /Users/runner/work/pixi_rosdistro/pixi_rosdistro/install/share/composition_interfaces/srv/UnloadNode.idl
[21.241s] -- Installing: /Users/runner/work/pixi_rosdistro/pixi_rosdistro/install/share/composition_interfaces/srv/LoadNode.srv
[21.241s] -- Installing: /Users/runner/work/pixi_rosdistro/pixi_rosdistro/install/share/composition_interfaces/srv/ListNodes.srv
[21.241s] -- Installing: /Users/runner/work/pixi_rosdistro/pixi_rosdistro/install/share/composition_interfaces/srv/UnloadNode.srv
[21.244s] -- Installing: /Users/runner/work/pixi_rosdistro/pixi_rosdistro/install/share/ament_index/resource_index/package_run_dependencies/composition_interfaces
[21.244s] -- Installing: /Users/runner/work/pixi_rosdistro/pixi_rosdistro/install/share/ament_index/resource_index/parent_prefix_path/composition_interfaces
[21.245s] -- Installing: /Users/runner/work/pixi_rosdistro/pixi_rosdistro/install/share/composition_interfaces/environment/ament_prefix_path.sh
[21.245s] -- Installing: /Users/runner/work/pixi_rosdistro/pixi_rosdistro/install/share/composition_interfaces/environment/ament_prefix_path.dsv
[21.245s] -- Installing: /Users/runner/work/pixi_rosdistro/pixi_rosdistro/install/share/composition_interfaces/environment/path.sh
[21.246s] -- Installing: /Users/runner/work/pixi_rosdistro/pixi_rosdistro/install/share/composition_interfaces/environment/path.dsv
[21.248s] -- Installing: /Users/runner/work/pixi_rosdistro/pixi_rosdistro/install/share/composition_interfaces/local_setup.bash
[21.248s] -- Installing: /Users/runner/work/pixi_rosdistro/pixi_rosdistro/install/share/composition_interfaces/local_setup.fish
[21.248s] -- Installing: /Users/runner/work/pixi_rosdistro/pixi_rosdistro/install/share/composition_interfaces/local_setup.sh
[21.249s] -- Installing: /Users/runner/work/pixi_rosdistro/pixi_rosdistro/install/share/composition_interfaces/local_setup.zsh
[21.249s] -- Installing: /Users/runner/work/pixi_rosdistro/pixi_rosdistro/install/share/composition_interfaces/local_setup.dsv
[21.249s] -- Installing: /Users/runner/work/pixi_rosdistro/pixi_rosdistro/install/share/composition_interfaces/package.dsv
[21.249s] -- Installing: /Users/runner/work/pixi_rosdistro/pixi_rosdistro/install/share/ament_index/resource_index/packages/composition_interfaces
[21.249s] -- Installing: /Users/runner/work/pixi_rosdistro/pixi_rosdistro/install/share/composition_interfaces/cmake/export_composition_interfaces__rosidl_generator_cExport.cmake
[21.249s] -- Installing: /Users/runner/work/pixi_rosdistro/pixi_rosdistro/install/share/composition_interfaces/cmake/export_composition_interfaces__rosidl_generator_cExport-release.cmake
[21.249s] -- Installing: /Users/runner/work/pixi_rosdistro/pixi_rosdistro/install/share/composition_interfaces/cmake/export_composition_interfaces__rosidl_typesupport_fastrtps_cExport.cmake
[21.249s] -- Installing: /Users/runner/work/pixi_rosdistro/pixi_rosdistro/install/share/composition_interfaces/cmake/export_composition_interfaces__rosidl_typesupport_fastrtps_cExport-release.cmake
[21.249s] -- Installing: /Users/runner/work/pixi_rosdistro/pixi_rosdistro/install/share/composition_interfaces/cmake/composition_interfaces__rosidl_typesupport_introspection_cExport.cmake
[21.249s] -- Installing: /Users/runner/work/pixi_rosdistro/pixi_rosdistro/install/share/composition_interfaces/cmake/composition_interfaces__rosidl_typesupport_introspection_cExport-release.cmake
[21.250s] -- Installing: /Users/runner/work/pixi_rosdistro/pixi_rosdistro/install/share/composition_interfaces/cmake/composition_interfaces__rosidl_typesupport_cExport.cmake
[21.250s] -- Installing: /Users/runner/work/pixi_rosdistro/pixi_rosdistro/install/share/composition_interfaces/cmake/composition_interfaces__rosidl_typesupport_cExport-release.cmake
[21.250s] -- Installing: /Users/runner/work/pixi_rosdistro/pixi_rosdistro/install/share/composition_interfaces/cmake/export_composition_interfaces__rosidl_generator_cppExport.cmake
[21.250s] -- Installing: /Users/runner/work/pixi_rosdistro/pixi_rosdistro/install/share/composition_interfaces/cmake/export_composition_interfaces__rosidl_typesupport_fastrtps_cppExport.cmake
[21.250s] -- Installing: /Users/runner/work/pixi_rosdistro/pixi_rosdistro/install/share/composition_interfaces/cmake/export_composition_interfaces__rosidl_typesupport_fastrtps_cppExport-release.cmake
[21.251s] -- Installing: /Users/runner/work/pixi_rosdistro/pixi_rosdistro/install/share/composition_interfaces/cmake/composition_interfaces__rosidl_typesupport_introspection_cppExport.cmake
[21.251s] -- Installing: /Users/runner/work/pixi_rosdistro/pixi_rosdistro/install/share/composition_interfaces/cmake/composition_interfaces__rosidl_typesupport_introspection_cppExport-release.cmake
[21.251s] -- Installing: /Users/runner/work/pixi_rosdistro/pixi_rosdistro/install/share/composition_interfaces/cmake/composition_interfaces__rosidl_typesupport_cppExport.cmake
[21.253s] -- Installing: /Users/runner/work/pixi_rosdistro/pixi_rosdistro/install/share/composition_interfaces/cmake/composition_interfaces__rosidl_typesupport_cppExport-release.cmake
[21.253s] -- Installing: /Users/runner/work/pixi_rosdistro/pixi_rosdistro/install/share/composition_interfaces/cmake/export_composition_interfaces__rosidl_generator_pyExport.cmake
[21.253s] -- Installing: /Users/runner/work/pixi_rosdistro/pixi_rosdistro/install/share/composition_interfaces/cmake/export_composition_interfaces__rosidl_generator_pyExport-release.cmake
[21.253s] -- Installing: /Users/runner/work/pixi_rosdistro/pixi_rosdistro/install/lib/python3.12/site-packages/composition_interfaces-2.4.3-py3.12.egg-info
[21.253s] -- Installing: /Users/runner/work/pixi_rosdistro/pixi_rosdistro/install/lib/python3.12/site-packages/composition_interfaces-2.4.3-py3.12.egg-info/PKG-INFO
[21.253s] -- Installing: /Users/runner/work/pixi_rosdistro/pixi_rosdistro/install/lib/python3.12/site-packages/composition_interfaces-2.4.3-py3.12.egg-info/SOURCES.txt
[21.254s] -- Installing: /Users/runner/work/pixi_rosdistro/pixi_rosdistro/install/lib/python3.12/site-packages/composition_interfaces-2.4.3-py3.12.egg-info/top_level.txt
[21.254s] -- Installing: /Users/runner/work/pixi_rosdistro/pixi_rosdistro/install/lib/python3.12/site-packages/composition_interfaces-2.4.3-py3.12.egg-info/dependency_links.txt
[21.254s] -- Up-to-date: /Users/runner/work/pixi_rosdistro/pixi_rosdistro/install/lib/python3.12/site-packages/composition_interfaces
[21.254s] -- Installing: /Users/runner/work/pixi_rosdistro/pixi_rosdistro/install/lib/python3.12/site-packages/composition_interfaces/__init__.py
[21.254s] -- Installing: /Users/runner/work/pixi_rosdistro/pixi_rosdistro/install/lib/python3.12/site-packages/composition_interfaces/_composition_interfaces_s.ep.rosidl_typesupport_fastrtps_c.c
[21.254s] -- Up-to-date: /Users/runner/work/pixi_rosdistro/pixi_rosdistro/install/lib/python3.12/site-packages/composition_interfaces/composition_interfaces_s__rosidl_typesupport_fastrtps_c.so
[21.254s] -- Installing: /Users/runner/work/pixi_rosdistro/pixi_rosdistro/install/lib/python3.12/site-packages/composition_interfaces/_composition_interfaces_s.ep.rosidl_typesupport_c.c
[21.254s] -- Installing: /Users/runner/work/pixi_rosdistro/pixi_rosdistro/install/lib/python3.12/site-packages/composition_interfaces/py.typed
[21.254s] -- Up-to-date: /Users/runner/work/pixi_rosdistro/pixi_rosdistro/install/lib/python3.12/site-packages/composition_interfaces/composition_interfaces_s__rosidl_typesupport_introspection_c.so
[21.254s] -- Up-to-date: /Users/runner/work/pixi_rosdistro/pixi_rosdistro/install/lib/python3.12/site-packages/composition_interfaces/composition_interfaces_s__rosidl_typesupport_c.so
[21.254s] -- Installing: /Users/runner/work/pixi_rosdistro/pixi_rosdistro/install/lib/python3.12/site-packages/composition_interfaces/srv
[21.254s] -- Installing: /Users/runner/work/pixi_rosdistro/pixi_rosdistro/install/lib/python3.12/site-packages/composition_interfaces/srv/_load_node_s.c
[21.254s] -- Installing: /Users/runner/work/pixi_rosdistro/pixi_rosdistro/install/lib/python3.12/site-packages/composition_interfaces/srv/_unload_node.py
[21.254s] -- Installing: /Users/runner/work/pixi_rosdistro/pixi_rosdistro/install/lib/python3.12/site-packages/composition_interfaces/srv/__init__.py
[21.254s] -- Installing: /Users/runner/work/pixi_rosdistro/pixi_rosdistro/install/lib/python3.12/site-packages/composition_interfaces/srv/_list_nodes_s.c
[21.254s] -- Installing: /Users/runner/work/pixi_rosdistro/pixi_rosdistro/install/lib/python3.12/site-packages/composition_interfaces/srv/_list_nodes.py
[21.254s] -- Installing: /Users/runner/work/pixi_rosdistro/pixi_rosdistro/install/lib/python3.12/site-packages/composition_interfaces/srv/_unload_node_s.c
[21.254s] -- Installing: /Users/runner/work/pixi_rosdistro/pixi_rosdistro/install/lib/python3.12/site-packages/composition_interfaces/srv/_load_node.py
[21.254s] -- Installing: /Users/runner/work/pixi_rosdistro/pixi_rosdistro/install/lib/python3.12/site-packages/composition_interfaces/_composition_interfaces_s.ep.rosidl_typesupport_introspection_c.c
[21.301s] Listing '/Users/runner/work/pixi_rosdistro/pixi_rosdistro/install/lib/python3.12/site-packages/composition_interfaces'...
[21.301s] Compiling '/Users/runner/work/pixi_rosdistro/pixi_rosdistro/install/lib/python3.12/site-packages/composition_interfaces/__init__.py'...
[21.301s] Listing '/Users/runner/work/pixi_rosdistro/pixi_rosdistro/install/lib/python3.12/site-packages/composition_interfaces/srv'...
[21.301s] Compiling '/Users/runner/work/pixi_rosdistro/pixi_rosdistro/install/lib/python3.12/site-packages/composition_interfaces/srv/__init__.py'...
[21.301s] Compiling '/Users/runner/work/pixi_rosdistro/pixi_rosdistro/install/lib/python3.12/site-packages/composition_interfaces/srv/_list_nodes.py'...
[21.301s] Compiling '/Users/runner/work/pixi_rosdistro/pixi_rosdistro/install/lib/python3.12/site-packages/composition_interfaces/srv/_load_node.py'...
[21.301s] Compiling '/Users/runner/work/pixi_rosdistro/pixi_rosdistro/install/lib/python3.12/site-packages/composition_interfaces/srv/_unload_node.py'...
[21.302s] -- Installing: /Users/runner/work/pixi_rosdistro/pixi_rosdistro/install/share/composition_interfaces/cmake/rosidl_cmake-extras.cmake
[21.304s] -- Installing: /Users/runner/work/pixi_rosdistro/pixi_rosdistro/install/share/composition_interfaces/cmake/ament_cmake_export_dependencies-extras.cmake
[21.305s] -- Installing: /Users/runner/work/pixi_rosdistro/pixi_rosdistro/install/share/composition_interfaces/cmake/ament_cmake_export_include_directories-extras.cmake
[21.305s] -- Installing: /Users/runner/work/pixi_rosdistro/pixi_rosdistro/install/share/composition_interfaces/cmake/ament_cmake_export_libraries-extras.cmake
[21.306s] -- Installing: /Users/runner/work/pixi_rosdistro/pixi_rosdistro/install/share/composition_interfaces/cmake/ament_cmake_export_targets-extras.cmake
[21.306s] -- Installing: /Users/runner/work/pixi_rosdistro/pixi_rosdistro/install/share/composition_interfaces/cmake/rosidl_cmake_export_typesupport_targets-extras.cmake
[21.306s] -- Installing: /Users/runner/work/pixi_rosdistro/pixi_rosdistro/install/share/composition_interfaces/cmake/rosidl_cmake_export_typesupport_libraries-extras.cmake
[21.306s] -- Installing: /Users/runner/work/pixi_rosdistro/pixi_rosdistro/install/share/composition_interfaces/cmake/rosidl_cmake_aggregate_target-extras.cmake
[21.306s] -- Installing: /Users/runner/work/pixi_rosdistro/pixi_rosdistro/install/share/composition_interfaces/cmake/composition_interfacesConfig.cmake
[21.306s] -- Installing: /Users/runner/work/pixi_rosdistro/pixi_rosdistro/install/share/composition_interfaces/cmake/composition_interfacesConfig-version.cmake
[21.306s] -- Installing: /Users/runner/work/pixi_rosdistro/pixi_rosdistro/install/share/composition_interfaces/package.xml
[21.313s] Invoked command in '/Users/runner/work/pixi_rosdistro/pixi_rosdistro/build/composition_interfaces' returned '0': AMENT_PREFIX_PATH=/Users/runner/work/pixi_rosdistro/pixi_rosdistro/install CMAKE_PREFIX_PATH=/Users/runner/work/pixi_rosdistro/pixi_rosdistro/install DYLD_LIBRARY_PATH=/Users/runner/work/pixi_rosdistro/pixi_rosdistro/install/lib:/Users/runner/work/pixi_rosdistro/pixi_rosdistro/install/opt/mimick_vendor/lib PATH=/Users/runner/work/pixi_rosdistro/pixi_rosdistro/install/bin:${PATH} PIXI_PROMPT=(ros2_rolling) PKG_CONFIG_PATH=/Users/runner/work/pixi_rosdistro/pixi_rosdistro/install/lib/pkgconfig PYTHONPATH=/Users/runner/work/pixi_rosdistro/pixi_rosdistro/install/lib/python3.12/site-packages ROS_DOMAIN_ID=72 ROS_PYTHON_VERSION=3 SHLVL=3 _=/usr/bin/env /Users/runner/work/pixi_rosdistro/pixi_rosdistro/.pixi/envs/default/bin/cmake --install /Users/runner/work/pixi_rosdistro/pixi_rosdistro/build/composition_interfaces
