[1.821s] Invoking command in '/home/runner/work/pixi_rosdistro/pixi_rosdistro/build/ament_cmake_cpplint': AMENT_PREFIX_PATH=/home/runner/work/pixi_rosdistro/pixi_rosdistro/install CMAKE_PREFIX_PATH=/home/runner/work/pixi_rosdistro/pixi_rosdistro/install:${CMAKE_PREFIX_PATH} LD_LIBRARY_PATH=/home/runner/work/pixi_rosdistro/pixi_rosdistro/install/lib PATH=/home/runner/work/pixi_rosdistro/pixi_rosdistro/install/bin:/opt/microsoft/powershell/7:${PATH} PIXI_PROMPT=(ros2_rolling) PSModulePath=/home/runner/.local/share/powershell/Modules:${PSModulePath} PYTHONPATH=/home/runner/work/pixi_rosdistro/pixi_rosdistro/install/lib/python3.12/site-packages /home/runner/work/pixi_rosdistro/pixi_rosdistro/.pixi/envs/default/bin/cmake /home/runner/work/pixi_rosdistro/pixi_rosdistro/src/ament/ament_lint/ament_cmake_cpplint -GNinja --no-warn-unused-cli -DCMAKE_BUILD_TYPE=Release -DCMAKE_BUILD_WITH_INSTALL_RPATH:bool=TRUE -DCMAKE_POLICY_VERSION_MINIMUM=3.5 -Wno-deprecated -DSTACK_DETAILS_AUTO_DETECT:bool=FALSE -DSTACK_DETAILS_BFD:bool=FALSE -DCMAKE_INSTALL_PREFIX=/home/runner/work/pixi_rosdistro/pixi_rosdistro/install
[1.867s] Not searching for unused variables given on the command line.
[1.867s] -- Found ament_cmake_core: 2.8.6 (/home/runner/work/pixi_rosdistro/pixi_rosdistro/install/share/ament_cmake_core/cmake)
[2.031s] -- Found Python3: /home/runner/work/pixi_rosdistro/pixi_rosdistro/.pixi/envs/default/bin/python3 (found version "3.12.13") found components: Interpreter
[2.125s] -- Found ament_cmake_test: 2.8.6 (/home/runner/work/pixi_rosdistro/pixi_rosdistro/install/share/ament_cmake_test/cmake)
[2.323s] -- Found ament_cmake_copyright: 0.20.3 (/home/runner/work/pixi_rosdistro/pixi_rosdistro/install/share/ament_cmake_copyright/cmake)
[2.330s] -- Found ament_cmake_lint_cmake: 0.20.3 (/home/runner/work/pixi_rosdistro/pixi_rosdistro/install/share/ament_cmake_lint_cmake/cmake)
[2.336s] -- Configuring done (0.5s)
[2.350s] -- Generating done (0.0s)
[2.357s] -- Build files have been written to: /home/runner/work/pixi_rosdistro/pixi_rosdistro/build/ament_cmake_cpplint
[2.361s] Invoked command in '/home/runner/work/pixi_rosdistro/pixi_rosdistro/build/ament_cmake_cpplint' returned '0': AMENT_PREFIX_PATH=/home/runner/work/pixi_rosdistro/pixi_rosdistro/install CMAKE_PREFIX_PATH=/home/runner/work/pixi_rosdistro/pixi_rosdistro/install:${CMAKE_PREFIX_PATH} LD_LIBRARY_PATH=/home/runner/work/pixi_rosdistro/pixi_rosdistro/install/lib PATH=/home/runner/work/pixi_rosdistro/pixi_rosdistro/install/bin:/opt/microsoft/powershell/7:${PATH} PIXI_PROMPT=(ros2_rolling) PSModulePath=/home/runner/.local/share/powershell/Modules:${PSModulePath} PYTHONPATH=/home/runner/work/pixi_rosdistro/pixi_rosdistro/install/lib/python3.12/site-packages ROS_DOMAIN_ID=56 /home/runner/work/pixi_rosdistro/pixi_rosdistro/.pixi/envs/default/bin/cmake /home/runner/work/pixi_rosdistro/pixi_rosdistro/src/ament/ament_lint/ament_cmake_cpplint -GNinja --no-warn-unused-cli -DCMAKE_BUILD_TYPE=Release -DCMAKE_BUILD_WITH_INSTALL_RPATH:bool=TRUE -DCMAKE_POLICY_VERSION_MINIMUM=3.5 -Wno-deprecated -DSTACK_DETAILS_AUTO_DETECT:bool=FALSE -DSTACK_DETAILS_BFD:bool=FALSE -DCMAKE_INSTALL_PREFIX=/home/runner/work/pixi_rosdistro/pixi_rosdistro/install
[2.362s] Invoking command in '/home/runner/work/pixi_rosdistro/pixi_rosdistro/build/ament_cmake_cpplint': AMENT_PREFIX_PATH=/home/runner/work/pixi_rosdistro/pixi_rosdistro/install CMAKE_PREFIX_PATH=/home/runner/work/pixi_rosdistro/pixi_rosdistro/install:${CMAKE_PREFIX_PATH} LD_LIBRARY_PATH=/home/runner/work/pixi_rosdistro/pixi_rosdistro/install/lib PATH=/home/runner/work/pixi_rosdistro/pixi_rosdistro/install/bin:/opt/microsoft/powershell/7:${PATH} PIXI_PROMPT=(ros2_rolling) PSModulePath=/home/runner/.local/share/powershell/Modules:${PSModulePath} PYTHONPATH=/home/runner/work/pixi_rosdistro/pixi_rosdistro/install/lib/python3.12/site-packages ROS_DOMAIN_ID=56 /home/runner/work/pixi_rosdistro/pixi_rosdistro/.pixi/envs/default/bin/cmake --build /home/runner/work/pixi_rosdistro/pixi_rosdistro/build/ament_cmake_cpplint -- -j4 -l4
[2.385s] ninja: no work to do.
[2.388s] Invoked command in '/home/runner/work/pixi_rosdistro/pixi_rosdistro/build/ament_cmake_cpplint' returned '0': AMENT_PREFIX_PATH=/home/runner/work/pixi_rosdistro/pixi_rosdistro/install CMAKE_PREFIX_PATH=/home/runner/work/pixi_rosdistro/pixi_rosdistro/install:${CMAKE_PREFIX_PATH} LD_LIBRARY_PATH=/home/runner/work/pixi_rosdistro/pixi_rosdistro/install/lib PATH=/home/runner/work/pixi_rosdistro/pixi_rosdistro/install/bin:/opt/microsoft/powershell/7:${PATH} PIXI_PROMPT=(ros2_rolling) PSModulePath=/home/runner/.local/share/powershell/Modules:${PSModulePath} PYTHONPATH=/home/runner/work/pixi_rosdistro/pixi_rosdistro/install/lib/python3.12/site-packages ROS_DOMAIN_ID=56 /home/runner/work/pixi_rosdistro/pixi_rosdistro/.pixi/envs/default/bin/cmake --build /home/runner/work/pixi_rosdistro/pixi_rosdistro/build/ament_cmake_cpplint -- -j4 -l4
[2.388s] Invoking command in '/home/runner/work/pixi_rosdistro/pixi_rosdistro/build/ament_cmake_cpplint': AMENT_PREFIX_PATH=/home/runner/work/pixi_rosdistro/pixi_rosdistro/install CMAKE_PREFIX_PATH=/home/runner/work/pixi_rosdistro/pixi_rosdistro/install:${CMAKE_PREFIX_PATH} LD_LIBRARY_PATH=/home/runner/work/pixi_rosdistro/pixi_rosdistro/install/lib PATH=/home/runner/work/pixi_rosdistro/pixi_rosdistro/install/bin:/opt/microsoft/powershell/7:${PATH} PIXI_PROMPT=(ros2_rolling) PSModulePath=/home/runner/.local/share/powershell/Modules:${PSModulePath} PYTHONPATH=/home/runner/work/pixi_rosdistro/pixi_rosdistro/install/lib/python3.12/site-packages ROS_DOMAIN_ID=56 /home/runner/work/pixi_rosdistro/pixi_rosdistro/.pixi/envs/default/bin/cmake --install /home/runner/work/pixi_rosdistro/pixi_rosdistro/build/ament_cmake_cpplint
[2.401s] -- Install configuration: "Release"
[2.401s] -- Installing: /home/runner/work/pixi_rosdistro/pixi_rosdistro/install/share/ament_index/resource_index/package_run_dependencies/ament_cmake_cpplint
[2.401s] -- Installing: /home/runner/work/pixi_rosdistro/pixi_rosdistro/install/share/ament_index/resource_index/parent_prefix_path/ament_cmake_cpplint
[2.401s] -- Installing: /home/runner/work/pixi_rosdistro/pixi_rosdistro/install/share/ament_cmake_cpplint/environment/ament_prefix_path.sh
[2.402s] -- Installing: /home/runner/work/pixi_rosdistro/pixi_rosdistro/install/share/ament_cmake_cpplint/environment/ament_prefix_path.dsv
[2.402s] -- Installing: /home/runner/work/pixi_rosdistro/pixi_rosdistro/install/share/ament_cmake_cpplint/environment/path.sh
[2.402s] -- Installing: /home/runner/work/pixi_rosdistro/pixi_rosdistro/install/share/ament_cmake_cpplint/environment/path.dsv
[2.402s] -- Installing: /home/runner/work/pixi_rosdistro/pixi_rosdistro/install/share/ament_cmake_cpplint/local_setup.bash
[2.403s] -- Installing: /home/runner/work/pixi_rosdistro/pixi_rosdistro/install/share/ament_cmake_cpplint/local_setup.fish
[2.403s] -- Installing: /home/runner/work/pixi_rosdistro/pixi_rosdistro/install/share/ament_cmake_cpplint/local_setup.sh
[2.405s] -- Installing: /home/runner/work/pixi_rosdistro/pixi_rosdistro/install/share/ament_cmake_cpplint/local_setup.zsh
[2.405s] -- Installing: /home/runner/work/pixi_rosdistro/pixi_rosdistro/install/share/ament_cmake_cpplint/local_setup.dsv
[2.405s] -- Installing: /home/runner/work/pixi_rosdistro/pixi_rosdistro/install/share/ament_cmake_cpplint/package.dsv
[2.405s] -- Installing: /home/runner/work/pixi_rosdistro/pixi_rosdistro/install/share/ament_index/resource_index/packages/ament_cmake_cpplint
[2.405s] -- Installing: /home/runner/work/pixi_rosdistro/pixi_rosdistro/install/share/ament_cmake_cpplint/cmake/ament_cmake_cpplint-extras.cmake
[2.405s] -- Installing: /home/runner/work/pixi_rosdistro/pixi_rosdistro/install/share/ament_cmake_cpplint/cmake/ament_cmake_cpplintConfig.cmake
[2.406s] -- Installing: /home/runner/work/pixi_rosdistro/pixi_rosdistro/install/share/ament_cmake_cpplint/cmake/ament_cmake_cpplintConfig-version.cmake
[2.406s] -- Installing: /home/runner/work/pixi_rosdistro/pixi_rosdistro/install/share/ament_cmake_cpplint/package.xml
[2.406s] -- Up-to-date: /home/runner/work/pixi_rosdistro/pixi_rosdistro/install/share/ament_cmake_cpplint/cmake
[2.406s] -- Installing: /home/runner/work/pixi_rosdistro/pixi_rosdistro/install/share/ament_cmake_cpplint/cmake/ament_cpplint.cmake
[2.406s] -- Installing: /home/runner/work/pixi_rosdistro/pixi_rosdistro/install/share/ament_cmake_cpplint/cmake/ament_cmake_cpplint_lint_hook.cmake
[2.409s] Invoked command in '/home/runner/work/pixi_rosdistro/pixi_rosdistro/build/ament_cmake_cpplint' returned '0': AMENT_PREFIX_PATH=/home/runner/work/pixi_rosdistro/pixi_rosdistro/install CMAKE_PREFIX_PATH=/home/runner/work/pixi_rosdistro/pixi_rosdistro/install:${CMAKE_PREFIX_PATH} LD_LIBRARY_PATH=/home/runner/work/pixi_rosdistro/pixi_rosdistro/install/lib PATH=/home/runner/work/pixi_rosdistro/pixi_rosdistro/install/bin:/opt/microsoft/powershell/7:${PATH} PIXI_PROMPT=(ros2_rolling) PSModulePath=/home/runner/.local/share/powershell/Modules:${PSModulePath} PYTHONPATH=/home/runner/work/pixi_rosdistro/pixi_rosdistro/install/lib/python3.12/site-packages ROS_DOMAIN_ID=56 /home/runner/work/pixi_rosdistro/pixi_rosdistro/.pixi/envs/default/bin/cmake --install /home/runner/work/pixi_rosdistro/pixi_rosdistro/build/ament_cmake_cpplint
