[43.813s] Invoking command in 'D:\a\pixi_rosdistro\pixi_rosdistro\build\pluginlib': AMENT_PREFIX_PATH=D:\a\pixi_rosdistro\pixi_rosdistro\install CMAKE_PREFIX_PATH=D:\a\pixi_rosdistro\pixi_rosdistro\install;D:\a\pixi_rosdistro\pixi_rosdistro\.pixi\envs\default\Library PATH=D:\a\pixi_rosdistro\pixi_rosdistro\install\Scripts;D:\a\pixi_rosdistro\pixi_rosdistro\install\bin;D:\a\pixi_rosdistro\pixi_rosdistro\install\opt\mimick_vendor\lib;%PATH% PIXI_PROMPT=(ros2_rolling) PKG_CONFIG_PATH=D:\a\pixi_rosdistro\pixi_rosdistro\install\lib\pkgconfig PROMPT=$P$G PYTHONPATH=D:\a\pixi_rosdistro\pixi_rosdistro\install\Lib\site-packages ROS_DOMAIN_ID=49 D:\a\pixi_rosdistro\pixi_rosdistro\.pixi\envs\default\Library\bin\cmake.EXE D:\a\pixi_rosdistro\pixi_rosdistro\src\ros\pluginlib\pluginlib -GNinja --no-warn-unused-cli -DCMAKE_BUILD_TYPE=Release -DCMAKE_BUILD_WITH_INSTALL_RPATH:bool=TRUE -DCMAKE_POLICY_VERSION_MINIMUM=3.5 -Wno-deprecated -DSTACK_DETAILS_AUTO_DETECT:bool=FALSE -DSTACK_DETAILS_BFD:bool=FALSE -DCMAKE_MSVC_DEBUG_INFORMATION_FORMAT=Embedded -DCMAKE_INSTALL_PREFIX=D:\a\pixi_rosdistro\pixi_rosdistro\install
[44.563s] Not searching for unused variables given on the command line.
[44.563s] -- The C compiler identification is MSVC 19.44.35225.0
[45.250s] -- The CXX compiler identification is MSVC 19.44.35225.0
[45.282s] -- Detecting C compiler ABI info
[46.750s] -- Detecting C compiler ABI info - done
[46.782s] -- Check for working C compiler: C:/Program Files/Microsoft Visual Studio/2022/Enterprise/VC/Tools/MSVC/14.44.35207/bin/Hostx64/x64/cl.exe - skipped
[46.782s] -- Detecting C compile features
[46.797s] -- Detecting C compile features - done
[46.797s] -- Detecting CXX compiler ABI info
[47.797s] -- Detecting CXX compiler ABI info - done
[47.891s] -- Check for working CXX compiler: C:/Program Files/Microsoft Visual Studio/2022/Enterprise/VC/Tools/MSVC/14.44.35207/bin/Hostx64/x64/cl.exe - skipped
[47.891s] -- Detecting CXX compile features
[47.891s] -- Detecting CXX compile features - done
[47.891s] -- Found ament_cmake: 2.8.6 (D:/a/pixi_rosdistro/pixi_rosdistro/install/share/ament_cmake/cmake)
[49.297s] -- Found ament_index_cpp: 1.13.2 (D:/a/pixi_rosdistro/pixi_rosdistro/install/share/ament_index_cpp/cmake)
[49.297s] -- Found class_loader: 2.9.2 (D:/a/pixi_rosdistro/pixi_rosdistro/install/share/class_loader/cmake)
[49.375s] -- Found ament_lint_auto: 0.20.3 (D:/a/pixi_rosdistro/pixi_rosdistro/install/share/ament_lint_auto/cmake)
[49.891s] -- Found gtest sources under 'D:/a/pixi_rosdistro/pixi_rosdistro/install/src/gtest_vendor': C++ tests using 'Google Test' will be built
[49.922s] -- Added test 'copyright' to check source files copyright and LICENSE
[49.938s] -- Added test 'cppcheck' to perform static code analysis on C / C++ code
[49.938s] -- Configured cppcheck include dirs: $<BUILD_INTERFACE:D:/a/pixi_rosdistro/pixi_rosdistro/src/ros/pluginlib/pluginlib/include>;$<BUILD_INTERFACE:D:/a/pixi_rosdistro/pixi_rosdistro/src/ros/pluginlib/pluginlib/test/include>
[49.938s] -- Configured cppcheck exclude dirs and/or files: 
[49.938s] -- Added test 'cpplint' to check C / C++ code against the Google style
[49.938s] -- Configured cpplint exclude dirs and/or files: 
[49.954s] -- Added test 'lint_cmake' to check CMake code style
[49.969s] -- Added test 'uncrustify' to check C / C++ code style
[49.969s] -- Configured uncrustify additional arguments: 
[49.969s] -- Added test 'xmllint' to check XML markup files
[49.985s] -- Configuring done (6.1s)
[50.329s] -- Generating done (0.3s)
[50.360s] -- Build files have been written to: D:/a/pixi_rosdistro/pixi_rosdistro/build/pluginlib
[50.391s] Invoked command in 'D:\a\pixi_rosdistro\pixi_rosdistro\build\pluginlib' returned '0': AMENT_PREFIX_PATH=D:\a\pixi_rosdistro\pixi_rosdistro\install CMAKE_PREFIX_PATH=D:\a\pixi_rosdistro\pixi_rosdistro\install;D:\a\pixi_rosdistro\pixi_rosdistro\.pixi\envs\default\Library PATH=D:\a\pixi_rosdistro\pixi_rosdistro\install\Scripts;D:\a\pixi_rosdistro\pixi_rosdistro\install\bin;D:\a\pixi_rosdistro\pixi_rosdistro\install\opt\mimick_vendor\lib;%PATH% PIXI_PROMPT=(ros2_rolling) PKG_CONFIG_PATH=D:\a\pixi_rosdistro\pixi_rosdistro\install\lib\pkgconfig PROMPT=$P$G PYTHONPATH=D:\a\pixi_rosdistro\pixi_rosdistro\install\Lib\site-packages ROS_DOMAIN_ID=49 D:\a\pixi_rosdistro\pixi_rosdistro\.pixi\envs\default\Library\bin\cmake.EXE D:\a\pixi_rosdistro\pixi_rosdistro\src\ros\pluginlib\pluginlib -GNinja --no-warn-unused-cli -DCMAKE_BUILD_TYPE=Release -DCMAKE_BUILD_WITH_INSTALL_RPATH:bool=TRUE -DCMAKE_POLICY_VERSION_MINIMUM=3.5 -Wno-deprecated -DSTACK_DETAILS_AUTO_DETECT:bool=FALSE -DSTACK_DETAILS_BFD:bool=FALSE -DCMAKE_MSVC_DEBUG_INFORMATION_FORMAT=Embedded -DCMAKE_INSTALL_PREFIX=D:\a\pixi_rosdistro\pixi_rosdistro\install
[50.391s] Invoking command in 'D:\a\pixi_rosdistro\pixi_rosdistro\build\pluginlib': AMENT_PREFIX_PATH=D:\a\pixi_rosdistro\pixi_rosdistro\install CMAKE_PREFIX_PATH=D:\a\pixi_rosdistro\pixi_rosdistro\install;D:\a\pixi_rosdistro\pixi_rosdistro\.pixi\envs\default\Library PATH=D:\a\pixi_rosdistro\pixi_rosdistro\install\Scripts;D:\a\pixi_rosdistro\pixi_rosdistro\install\bin;D:\a\pixi_rosdistro\pixi_rosdistro\install\opt\mimick_vendor\lib;%PATH% PIXI_PROMPT=(ros2_rolling) PKG_CONFIG_PATH=D:\a\pixi_rosdistro\pixi_rosdistro\install\lib\pkgconfig PROMPT=$P$G PYTHONPATH=D:\a\pixi_rosdistro\pixi_rosdistro\install\Lib\site-packages ROS_DOMAIN_ID=49 D:\a\pixi_rosdistro\pixi_rosdistro\.pixi\envs\default\Library\bin\cmake.EXE --build D:\a\pixi_rosdistro\pixi_rosdistro\build\pluginlib -- -j4 -l4
[51.719s] [1/12] Building CXX object gtest\CMakeFiles\gtest_main.dir\src\gtest_main.cc.obj
[52.297s] [2/12] Building CXX object CMakeFiles\list_plugins.dir\src\list_plugins.cpp.obj
[53.375s] [3/12] Building CXX object gtest\CMakeFiles\gtest.dir\src\gtest-all.cc.obj
[54.188s] [4/12] Building CXX object CMakeFiles\test_plugins.dir\test\test_plugins.cpp.obj
[55.032s] [5/12] Building CXX object CMakeFiles\pluginlib_unique_ptr_test.dir\test\unique_ptr_test.cpp.obj
[56.157s] [6/12] Building CXX object CMakeFiles\pluginlib_utest.dir\test\utest.cpp.obj
[56.672s] [7/12] Linking CXX static library gtest\gtest.lib
[56.672s] [8/12] Linking CXX static library gtest\gtest_main.lib
[56.860s] [9/12] Linking CXX executable list_plugins.exe
[57.079s] [10/12] Linking CXX shared library test_plugins.dll
[57.297s] [11/12] Linking CXX executable pluginlib_unique_ptr_test.exe
[57.563s] [12/12] Linking CXX executable pluginlib_utest.exe
[57.579s] Invoked command in 'D:\a\pixi_rosdistro\pixi_rosdistro\build\pluginlib' returned '0': AMENT_PREFIX_PATH=D:\a\pixi_rosdistro\pixi_rosdistro\install CMAKE_PREFIX_PATH=D:\a\pixi_rosdistro\pixi_rosdistro\install;D:\a\pixi_rosdistro\pixi_rosdistro\.pixi\envs\default\Library PATH=D:\a\pixi_rosdistro\pixi_rosdistro\install\Scripts;D:\a\pixi_rosdistro\pixi_rosdistro\install\bin;D:\a\pixi_rosdistro\pixi_rosdistro\install\opt\mimick_vendor\lib;%PATH% PIXI_PROMPT=(ros2_rolling) PKG_CONFIG_PATH=D:\a\pixi_rosdistro\pixi_rosdistro\install\lib\pkgconfig PROMPT=$P$G PYTHONPATH=D:\a\pixi_rosdistro\pixi_rosdistro\install\Lib\site-packages ROS_DOMAIN_ID=49 D:\a\pixi_rosdistro\pixi_rosdistro\.pixi\envs\default\Library\bin\cmake.EXE --build D:\a\pixi_rosdistro\pixi_rosdistro\build\pluginlib -- -j4 -l4
[57.579s] Invoking command in 'D:\a\pixi_rosdistro\pixi_rosdistro\build\pluginlib': AMENT_PREFIX_PATH=D:\a\pixi_rosdistro\pixi_rosdistro\install CMAKE_PREFIX_PATH=D:\a\pixi_rosdistro\pixi_rosdistro\install;D:\a\pixi_rosdistro\pixi_rosdistro\.pixi\envs\default\Library PATH=D:\a\pixi_rosdistro\pixi_rosdistro\install\Scripts;D:\a\pixi_rosdistro\pixi_rosdistro\install\bin;D:\a\pixi_rosdistro\pixi_rosdistro\install\opt\mimick_vendor\lib;%PATH% PIXI_PROMPT=(ros2_rolling) PKG_CONFIG_PATH=D:\a\pixi_rosdistro\pixi_rosdistro\install\lib\pkgconfig PROMPT=$P$G PYTHONPATH=D:\a\pixi_rosdistro\pixi_rosdistro\install\Lib\site-packages ROS_DOMAIN_ID=49 D:\a\pixi_rosdistro\pixi_rosdistro\.pixi\envs\default\Library\bin\cmake.EXE --install D:\a\pixi_rosdistro\pixi_rosdistro\build\pluginlib
[57.610s] -- Install configuration: "Release"
[57.610s] -- Installing: D:/a/pixi_rosdistro/pixi_rosdistro/install/lib/pluginlib/list_plugins.exe
[57.610s] -- Installing: D:/a/pixi_rosdistro/pixi_rosdistro/install/share/pluginlib/cmake
[57.625s] -- Installing: D:/a/pixi_rosdistro/pixi_rosdistro/install/share/pluginlib/cmake/blank.in
[57.625s] -- Installing: D:/a/pixi_rosdistro/pixi_rosdistro/install/share/pluginlib/cmake/pluginlib_enable_plugin_testing.cmake
[57.625s] -- Installing: D:/a/pixi_rosdistro/pixi_rosdistro/install/share/pluginlib/cmake/pluginlib_export_plugin_description_file.cmake
[57.625s] -- Installing: D:/a/pixi_rosdistro/pixi_rosdistro/install/share/pluginlib/cmake/pluginlib_package_hook.cmake
[57.625s] -- Installing: D:/a/pixi_rosdistro/pixi_rosdistro/install/include/pluginlib
[57.625s] -- Installing: D:/a/pixi_rosdistro/pixi_rosdistro/install/include/pluginlib/pluginlib
[57.625s] -- Installing: D:/a/pixi_rosdistro/pixi_rosdistro/install/include/pluginlib/pluginlib/class_desc.hpp
[57.625s] -- Installing: D:/a/pixi_rosdistro/pixi_rosdistro/install/include/pluginlib/pluginlib/class_list_macros.hpp
[57.625s] -- Installing: D:/a/pixi_rosdistro/pixi_rosdistro/install/include/pluginlib/pluginlib/class_loader.hpp
[57.625s] -- Installing: D:/a/pixi_rosdistro/pixi_rosdistro/install/include/pluginlib/pluginlib/class_loader_base.hpp
[57.625s] -- Installing: D:/a/pixi_rosdistro/pixi_rosdistro/install/include/pluginlib/pluginlib/class_loader_imp.hpp
[57.625s] -- Installing: D:/a/pixi_rosdistro/pixi_rosdistro/install/include/pluginlib/pluginlib/exceptions.hpp
[57.625s] -- Installing: D:/a/pixi_rosdistro/pixi_rosdistro/install/share/ament_index/resource_index/package_run_dependencies/pluginlib
[57.625s] -- Installing: D:/a/pixi_rosdistro/pixi_rosdistro/install/share/ament_index/resource_index/parent_prefix_path/pluginlib
[57.625s] -- Installing: D:/a/pixi_rosdistro/pixi_rosdistro/install/share/pluginlib/environment/ament_prefix_path.bat
[57.625s] -- Installing: D:/a/pixi_rosdistro/pixi_rosdistro/install/share/pluginlib/environment/ament_prefix_path.dsv
[57.625s] -- Installing: D:/a/pixi_rosdistro/pixi_rosdistro/install/share/pluginlib/environment/path.bat
[57.625s] -- Installing: D:/a/pixi_rosdistro/pixi_rosdistro/install/share/pluginlib/environment/path.dsv
[57.641s] -- Installing: D:/a/pixi_rosdistro/pixi_rosdistro/install/share/pluginlib/local_setup.bat
[57.641s] -- Installing: D:/a/pixi_rosdistro/pixi_rosdistro/install/share/pluginlib/local_setup.dsv
[57.641s] -- Installing: D:/a/pixi_rosdistro/pixi_rosdistro/install/share/pluginlib/package.dsv
[57.641s] -- Installing: D:/a/pixi_rosdistro/pixi_rosdistro/install/share/ament_index/resource_index/packages/pluginlib
[57.641s] -- Installing: D:/a/pixi_rosdistro/pixi_rosdistro/install/share/pluginlib/cmake/export_pluginlibExport.cmake
[57.641s] -- Installing: D:/a/pixi_rosdistro/pixi_rosdistro/install/share/pluginlib/cmake/pluginlib-extras.cmake
[57.641s] -- Installing: D:/a/pixi_rosdistro/pixi_rosdistro/install/share/pluginlib/cmake/ament_cmake_export_dependencies-extras.cmake
[57.641s] -- Installing: D:/a/pixi_rosdistro/pixi_rosdistro/install/share/pluginlib/cmake/ament_cmake_export_include_directories-extras.cmake
[57.641s] -- Installing: D:/a/pixi_rosdistro/pixi_rosdistro/install/share/pluginlib/cmake/ament_cmake_export_targets-extras.cmake
[57.641s] -- Installing: D:/a/pixi_rosdistro/pixi_rosdistro/install/share/pluginlib/cmake/pluginlibConfig.cmake
[57.641s] -- Installing: D:/a/pixi_rosdistro/pixi_rosdistro/install/share/pluginlib/cmake/pluginlibConfig-version.cmake
[57.641s] -- Installing: D:/a/pixi_rosdistro/pixi_rosdistro/install/share/pluginlib/package.xml
[57.657s] Invoked command in 'D:\a\pixi_rosdistro\pixi_rosdistro\build\pluginlib' returned '0': AMENT_PREFIX_PATH=D:\a\pixi_rosdistro\pixi_rosdistro\install CMAKE_PREFIX_PATH=D:\a\pixi_rosdistro\pixi_rosdistro\install;D:\a\pixi_rosdistro\pixi_rosdistro\.pixi\envs\default\Library PATH=D:\a\pixi_rosdistro\pixi_rosdistro\install\Scripts;D:\a\pixi_rosdistro\pixi_rosdistro\install\bin;D:\a\pixi_rosdistro\pixi_rosdistro\install\opt\mimick_vendor\lib;%PATH% PIXI_PROMPT=(ros2_rolling) PKG_CONFIG_PATH=D:\a\pixi_rosdistro\pixi_rosdistro\install\lib\pkgconfig PROMPT=$P$G PYTHONPATH=D:\a\pixi_rosdistro\pixi_rosdistro\install\Lib\site-packages ROS_DOMAIN_ID=49 D:\a\pixi_rosdistro\pixi_rosdistro\.pixi\envs\default\Library\bin\cmake.EXE --install D:\a\pixi_rosdistro\pixi_rosdistro\build\pluginlib
