[1.769s] Invoking command in '/home/runner/work/pixi_rosdistro/pixi_rosdistro/build/ament_cmake_xmllint': AMENT_PREFIX_PATH=/home/runner/work/pixi_rosdistro/pixi_rosdistro/install CMAKE_PREFIX_PATH=/home/runner/work/pixi_rosdistro/pixi_rosdistro/install:${CMAKE_PREFIX_PATH} LD_LIBRARY_PATH=/home/runner/work/pixi_rosdistro/pixi_rosdistro/install/lib PATH=/home/runner/work/pixi_rosdistro/pixi_rosdistro/install/bin:/opt/microsoft/powershell/7:${PATH} PIXI_PROMPT=(ros2_rolling) PSModulePath=/home/runner/.local/share/powershell/Modules:${PSModulePath} PYTHONPATH=/home/runner/work/pixi_rosdistro/pixi_rosdistro/install/lib/python3.12/site-packages ROS_DOMAIN_ID=20 /home/runner/work/pixi_rosdistro/pixi_rosdistro/.pixi/envs/default/bin/cmake /home/runner/work/pixi_rosdistro/pixi_rosdistro/src/ament/ament_lint/ament_cmake_xmllint -GNinja --no-warn-unused-cli -DCMAKE_BUILD_TYPE=Release -DCMAKE_BUILD_WITH_INSTALL_RPATH:bool=TRUE -DCMAKE_POLICY_VERSION_MINIMUM=3.5 -Wno-deprecated -DSTACK_DETAILS_AUTO_DETECT:bool=FALSE -DSTACK_DETAILS_BFD:bool=FALSE -DCMAKE_INSTALL_PREFIX=/home/runner/work/pixi_rosdistro/pixi_rosdistro/install
[1.991s] Not searching for unused variables given on the command line.
[1.991s] -- Found ament_cmake_core: 2.8.6 (/home/runner/work/pixi_rosdistro/pixi_rosdistro/install/share/ament_cmake_core/cmake)
[1.991s] -- Found Python3: /home/runner/work/pixi_rosdistro/pixi_rosdistro/.pixi/envs/default/bin/python3 (found version "3.12.13") found components: Interpreter
[2.074s] -- Found ament_cmake_test: 2.8.6 (/home/runner/work/pixi_rosdistro/pixi_rosdistro/install/share/ament_cmake_test/cmake)
[2.213s] -- Found ament_cmake_copyright: 0.20.3 (/home/runner/work/pixi_rosdistro/pixi_rosdistro/install/share/ament_cmake_copyright/cmake)
[2.216s] -- Found ament_cmake_lint_cmake: 0.20.3 (/home/runner/work/pixi_rosdistro/pixi_rosdistro/install/share/ament_cmake_lint_cmake/cmake)
[2.220s] -- Configuring done (0.4s)
[2.230s] -- Generating done (0.0s)
[2.234s] -- Build files have been written to: /home/runner/work/pixi_rosdistro/pixi_rosdistro/build/ament_cmake_xmllint
[2.237s] Invoked command in '/home/runner/work/pixi_rosdistro/pixi_rosdistro/build/ament_cmake_xmllint' returned '0': AMENT_PREFIX_PATH=/home/runner/work/pixi_rosdistro/pixi_rosdistro/install CMAKE_PREFIX_PATH=/home/runner/work/pixi_rosdistro/pixi_rosdistro/install:${CMAKE_PREFIX_PATH} LD_LIBRARY_PATH=/home/runner/work/pixi_rosdistro/pixi_rosdistro/install/lib PATH=/home/runner/work/pixi_rosdistro/pixi_rosdistro/install/bin:/opt/microsoft/powershell/7:${PATH} PIXI_PROMPT=(ros2_rolling) PSModulePath=/home/runner/.local/share/powershell/Modules:${PSModulePath} PYTHONPATH=/home/runner/work/pixi_rosdistro/pixi_rosdistro/install/lib/python3.12/site-packages ROS_DOMAIN_ID=20 /home/runner/work/pixi_rosdistro/pixi_rosdistro/.pixi/envs/default/bin/cmake /home/runner/work/pixi_rosdistro/pixi_rosdistro/src/ament/ament_lint/ament_cmake_xmllint -GNinja --no-warn-unused-cli -DCMAKE_BUILD_TYPE=Release -DCMAKE_BUILD_WITH_INSTALL_RPATH:bool=TRUE -DCMAKE_POLICY_VERSION_MINIMUM=3.5 -Wno-deprecated -DSTACK_DETAILS_AUTO_DETECT:bool=FALSE -DSTACK_DETAILS_BFD:bool=FALSE -DCMAKE_INSTALL_PREFIX=/home/runner/work/pixi_rosdistro/pixi_rosdistro/install
[2.238s] Invoking command in '/home/runner/work/pixi_rosdistro/pixi_rosdistro/build/ament_cmake_xmllint': AMENT_PREFIX_PATH=/home/runner/work/pixi_rosdistro/pixi_rosdistro/install CMAKE_PREFIX_PATH=/home/runner/work/pixi_rosdistro/pixi_rosdistro/install:${CMAKE_PREFIX_PATH} LD_LIBRARY_PATH=/home/runner/work/pixi_rosdistro/pixi_rosdistro/install/lib PATH=/home/runner/work/pixi_rosdistro/pixi_rosdistro/install/bin:/opt/microsoft/powershell/7:${PATH} PIXI_PROMPT=(ros2_rolling) PSModulePath=/home/runner/.local/share/powershell/Modules:${PSModulePath} PYTHONPATH=/home/runner/work/pixi_rosdistro/pixi_rosdistro/install/lib/python3.12/site-packages ROS_DOMAIN_ID=20 /home/runner/work/pixi_rosdistro/pixi_rosdistro/.pixi/envs/default/bin/cmake --build /home/runner/work/pixi_rosdistro/pixi_rosdistro/build/ament_cmake_xmllint -- -j4 -l4
[2.255s] ninja: no work to do.
[2.256s] Invoked command in '/home/runner/work/pixi_rosdistro/pixi_rosdistro/build/ament_cmake_xmllint' returned '0': AMENT_PREFIX_PATH=/home/runner/work/pixi_rosdistro/pixi_rosdistro/install CMAKE_PREFIX_PATH=/home/runner/work/pixi_rosdistro/pixi_rosdistro/install:${CMAKE_PREFIX_PATH} LD_LIBRARY_PATH=/home/runner/work/pixi_rosdistro/pixi_rosdistro/install/lib PATH=/home/runner/work/pixi_rosdistro/pixi_rosdistro/install/bin:/opt/microsoft/powershell/7:${PATH} PIXI_PROMPT=(ros2_rolling) PSModulePath=/home/runner/.local/share/powershell/Modules:${PSModulePath} PYTHONPATH=/home/runner/work/pixi_rosdistro/pixi_rosdistro/install/lib/python3.12/site-packages ROS_DOMAIN_ID=20 /home/runner/work/pixi_rosdistro/pixi_rosdistro/.pixi/envs/default/bin/cmake --build /home/runner/work/pixi_rosdistro/pixi_rosdistro/build/ament_cmake_xmllint -- -j4 -l4
[2.258s] Invoking command in '/home/runner/work/pixi_rosdistro/pixi_rosdistro/build/ament_cmake_xmllint': AMENT_PREFIX_PATH=/home/runner/work/pixi_rosdistro/pixi_rosdistro/install CMAKE_PREFIX_PATH=/home/runner/work/pixi_rosdistro/pixi_rosdistro/install:${CMAKE_PREFIX_PATH} LD_LIBRARY_PATH=/home/runner/work/pixi_rosdistro/pixi_rosdistro/install/lib PATH=/home/runner/work/pixi_rosdistro/pixi_rosdistro/install/bin:/opt/microsoft/powershell/7:${PATH} PIXI_PROMPT=(ros2_rolling) PSModulePath=/home/runner/.local/share/powershell/Modules:${PSModulePath} PYTHONPATH=/home/runner/work/pixi_rosdistro/pixi_rosdistro/install/lib/python3.12/site-packages ROS_DOMAIN_ID=20 /home/runner/work/pixi_rosdistro/pixi_rosdistro/.pixi/envs/default/bin/cmake --install /home/runner/work/pixi_rosdistro/pixi_rosdistro/build/ament_cmake_xmllint
[2.266s] -- Install configuration: "Release"
[2.266s] -- Installing: /home/runner/work/pixi_rosdistro/pixi_rosdistro/install/share/ament_index/resource_index/package_run_dependencies/ament_cmake_xmllint
[2.267s] -- Installing: /home/runner/work/pixi_rosdistro/pixi_rosdistro/install/share/ament_index/resource_index/parent_prefix_path/ament_cmake_xmllint
[2.267s] -- Installing: /home/runner/work/pixi_rosdistro/pixi_rosdistro/install/share/ament_cmake_xmllint/environment/ament_prefix_path.sh
[2.268s] -- Installing: /home/runner/work/pixi_rosdistro/pixi_rosdistro/install/share/ament_cmake_xmllint/environment/ament_prefix_path.dsv
[2.270s] -- Installing: /home/runner/work/pixi_rosdistro/pixi_rosdistro/install/share/ament_cmake_xmllint/environment/path.sh
[2.270s] -- Installing: /home/runner/work/pixi_rosdistro/pixi_rosdistro/install/share/ament_cmake_xmllint/environment/path.dsv
[2.270s] -- Installing: /home/runner/work/pixi_rosdistro/pixi_rosdistro/install/share/ament_cmake_xmllint/local_setup.bash
[2.270s] -- Installing: /home/runner/work/pixi_rosdistro/pixi_rosdistro/install/share/ament_cmake_xmllint/local_setup.fish
[2.270s] -- Installing: /home/runner/work/pixi_rosdistro/pixi_rosdistro/install/share/ament_cmake_xmllint/local_setup.sh
[2.270s] -- Installing: /home/runner/work/pixi_rosdistro/pixi_rosdistro/install/share/ament_cmake_xmllint/local_setup.zsh
[2.270s] -- Installing: /home/runner/work/pixi_rosdistro/pixi_rosdistro/install/share/ament_cmake_xmllint/local_setup.dsv
[2.271s] -- Installing: /home/runner/work/pixi_rosdistro/pixi_rosdistro/install/share/ament_cmake_xmllint/package.dsv
[2.271s] -- Installing: /home/runner/work/pixi_rosdistro/pixi_rosdistro/install/share/ament_index/resource_index/packages/ament_cmake_xmllint
[2.272s] -- Installing: /home/runner/work/pixi_rosdistro/pixi_rosdistro/install/share/ament_cmake_xmllint/cmake/ament_cmake_xmllint-extras.cmake
[2.272s] -- Installing: /home/runner/work/pixi_rosdistro/pixi_rosdistro/install/share/ament_cmake_xmllint/cmake/ament_cmake_xmllintConfig.cmake
[2.273s] -- Installing: /home/runner/work/pixi_rosdistro/pixi_rosdistro/install/share/ament_cmake_xmllint/cmake/ament_cmake_xmllintConfig-version.cmake
[2.273s] -- Installing: /home/runner/work/pixi_rosdistro/pixi_rosdistro/install/share/ament_cmake_xmllint/package.xml
[2.275s] -- Up-to-date: /home/runner/work/pixi_rosdistro/pixi_rosdistro/install/share/ament_cmake_xmllint/cmake
[2.275s] -- Installing: /home/runner/work/pixi_rosdistro/pixi_rosdistro/install/share/ament_cmake_xmllint/cmake/ament_xmllint.cmake
[2.275s] -- Installing: /home/runner/work/pixi_rosdistro/pixi_rosdistro/install/share/ament_cmake_xmllint/cmake/ament_cmake_xmllint_lint_hook.cmake
[2.280s] Invoked command in '/home/runner/work/pixi_rosdistro/pixi_rosdistro/build/ament_cmake_xmllint' returned '0': AMENT_PREFIX_PATH=/home/runner/work/pixi_rosdistro/pixi_rosdistro/install CMAKE_PREFIX_PATH=/home/runner/work/pixi_rosdistro/pixi_rosdistro/install:${CMAKE_PREFIX_PATH} LD_LIBRARY_PATH=/home/runner/work/pixi_rosdistro/pixi_rosdistro/install/lib PATH=/home/runner/work/pixi_rosdistro/pixi_rosdistro/install/bin:/opt/microsoft/powershell/7:${PATH} PIXI_PROMPT=(ros2_rolling) PSModulePath=/home/runner/.local/share/powershell/Modules:${PSModulePath} PYTHONPATH=/home/runner/work/pixi_rosdistro/pixi_rosdistro/install/lib/python3.12/site-packages ROS_DOMAIN_ID=20 /home/runner/work/pixi_rosdistro/pixi_rosdistro/.pixi/envs/default/bin/cmake --install /home/runner/work/pixi_rosdistro/pixi_rosdistro/build/ament_cmake_xmllint
