[3.926s] Invoking command in '/home/runner/work/pixi_rosdistro/pixi_rosdistro/build/spdlog_vendor': AMENT_PREFIX_PATH=/home/runner/work/pixi_rosdistro/pixi_rosdistro/install CMAKE_PREFIX_PATH=/home/runner/work/pixi_rosdistro/pixi_rosdistro/install:${CMAKE_PREFIX_PATH} LD_LIBRARY_PATH=/home/runner/work/pixi_rosdistro/pixi_rosdistro/install/lib PATH=/home/runner/work/pixi_rosdistro/pixi_rosdistro/install/bin:/opt/microsoft/powershell/7:${PATH} PIXI_PROMPT=(ros2_rolling) PKG_CONFIG_PATH=/home/runner/work/pixi_rosdistro/pixi_rosdistro/install/lib/pkgconfig PSModulePath=/home/runner/.local/share/powershell/Modules:${PSModulePath} PYTHONPATH=/home/runner/work/pixi_rosdistro/pixi_rosdistro/install/lib/python3.14/site-packages /home/runner/work/pixi_rosdistro/pixi_rosdistro/.pixi/envs/default/bin/cmake /home/runner/work/pixi_rosdistro/pixi_rosdistro/src/ros2/spdlog_vendor -GNinja --no-warn-unused-cli -DCMAKE_BUILD_TYPE=Release -DCMAKE_BUILD_WITH_INSTALL_RPATH:bool=TRUE -DCMAKE_POLICY_VERSION_MINIMUM=3.5 -Wno-deprecated -DSTACK_DETAILS_AUTO_DETECT:bool=FALSE -DSTACK_DETAILS_BFD:bool=FALSE -DCMAKE_INSTALL_PREFIX=/home/runner/work/pixi_rosdistro/pixi_rosdistro/install
[4.250s] Not searching for unused variables given on the command line.
[4.250s] -- The CXX compiler identification is GNU 14.3.0
[4.286s] -- Detecting CXX compiler ABI info
[4.652s] -- Detecting CXX compiler ABI info - done
[4.726s] -- Check for working CXX compiler: /home/runner/work/pixi_rosdistro/pixi_rosdistro/.pixi/envs/default/bin/x86_64-conda-linux-gnu-c++ - skipped
[4.727s] -- Detecting CXX compile features
[4.731s] -- Detecting CXX compile features - done
[4.770s] -- Found ament_cmake: 2.8.6 (/home/runner/work/pixi_rosdistro/pixi_rosdistro/install/share/ament_cmake/cmake)
[5.157s] -- Found ament_cmake_vendor_package: 2.8.6 (/home/runner/work/pixi_rosdistro/pixi_rosdistro/install/share/ament_cmake_vendor_package/cmake)
[5.163s] -- Performing Test CMAKE_HAVE_LIBC_PTHREAD
[5.460s] -- Performing Test CMAKE_HAVE_LIBC_PTHREAD - Failed
[5.461s] -- Looking for pthread_create in pthreads
[5.799s] -- Looking for pthread_create in pthreads - not found
[5.799s] -- Looking for pthread_create in pthread
[6.286s] -- Looking for pthread_create in pthread - found
[6.292s] -- Found Threads: TRUE
[6.298s] -- Skipping vendor package build for 'spdlog_vendor', which is already satisfied
[6.303s] -- Found ament_lint_auto: 0.20.3 (/home/runner/work/pixi_rosdistro/pixi_rosdistro/install/share/ament_lint_auto/cmake)
[6.692s] -- Added test 'copyright' to check source files copyright and LICENSE
[6.710s] -- Added test 'lint_cmake' to check CMake code style
[6.727s] -- Added test 'xmllint' to check XML markup files
[6.732s] -- Configuring done (2.8s)
[6.762s] -- Generating done (0.0s)
[6.770s] -- Build files have been written to: /home/runner/work/pixi_rosdistro/pixi_rosdistro/build/spdlog_vendor
[6.781s] Invoked command in '/home/runner/work/pixi_rosdistro/pixi_rosdistro/build/spdlog_vendor' returned '0': AMENT_PREFIX_PATH=/home/runner/work/pixi_rosdistro/pixi_rosdistro/install CMAKE_PREFIX_PATH=/home/runner/work/pixi_rosdistro/pixi_rosdistro/install:${CMAKE_PREFIX_PATH} LD_LIBRARY_PATH=/home/runner/work/pixi_rosdistro/pixi_rosdistro/install/lib PATH=/home/runner/work/pixi_rosdistro/pixi_rosdistro/install/bin:/opt/microsoft/powershell/7:${PATH} PIXI_PROMPT=(ros2_rolling) PKG_CONFIG_PATH=/home/runner/work/pixi_rosdistro/pixi_rosdistro/install/lib/pkgconfig PSModulePath=/home/runner/.local/share/powershell/Modules:${PSModulePath} PYTHONPATH=/home/runner/work/pixi_rosdistro/pixi_rosdistro/install/lib/python3.14/site-packages /home/runner/work/pixi_rosdistro/pixi_rosdistro/.pixi/envs/default/bin/cmake /home/runner/work/pixi_rosdistro/pixi_rosdistro/src/ros2/spdlog_vendor -GNinja --no-warn-unused-cli -DCMAKE_BUILD_TYPE=Release -DCMAKE_BUILD_WITH_INSTALL_RPATH:bool=TRUE -DCMAKE_POLICY_VERSION_MINIMUM=3.5 -Wno-deprecated -DSTACK_DETAILS_AUTO_DETECT:bool=FALSE -DSTACK_DETAILS_BFD:bool=FALSE -DCMAKE_INSTALL_PREFIX=/home/runner/work/pixi_rosdistro/pixi_rosdistro/install
[6.783s] Invoking command in '/home/runner/work/pixi_rosdistro/pixi_rosdistro/build/spdlog_vendor': AMENT_PREFIX_PATH=/home/runner/work/pixi_rosdistro/pixi_rosdistro/install CMAKE_PREFIX_PATH=/home/runner/work/pixi_rosdistro/pixi_rosdistro/install:${CMAKE_PREFIX_PATH} LD_LIBRARY_PATH=/home/runner/work/pixi_rosdistro/pixi_rosdistro/install/lib PATH=/home/runner/work/pixi_rosdistro/pixi_rosdistro/install/bin:/opt/microsoft/powershell/7:${PATH} PIXI_PROMPT=(ros2_rolling) PKG_CONFIG_PATH=/home/runner/work/pixi_rosdistro/pixi_rosdistro/install/lib/pkgconfig PSModulePath=/home/runner/.local/share/powershell/Modules:${PSModulePath} PYTHONPATH=/home/runner/work/pixi_rosdistro/pixi_rosdistro/install/lib/python3.14/site-packages /home/runner/work/pixi_rosdistro/pixi_rosdistro/.pixi/envs/default/bin/cmake --build /home/runner/work/pixi_rosdistro/pixi_rosdistro/build/spdlog_vendor -- -j4 -l4
[6.809s] ninja: no work to do.
[6.811s] Invoked command in '/home/runner/work/pixi_rosdistro/pixi_rosdistro/build/spdlog_vendor' returned '0': AMENT_PREFIX_PATH=/home/runner/work/pixi_rosdistro/pixi_rosdistro/install CMAKE_PREFIX_PATH=/home/runner/work/pixi_rosdistro/pixi_rosdistro/install:${CMAKE_PREFIX_PATH} LD_LIBRARY_PATH=/home/runner/work/pixi_rosdistro/pixi_rosdistro/install/lib PATH=/home/runner/work/pixi_rosdistro/pixi_rosdistro/install/bin:/opt/microsoft/powershell/7:${PATH} PIXI_PROMPT=(ros2_rolling) PKG_CONFIG_PATH=/home/runner/work/pixi_rosdistro/pixi_rosdistro/install/lib/pkgconfig PSModulePath=/home/runner/.local/share/powershell/Modules:${PSModulePath} PYTHONPATH=/home/runner/work/pixi_rosdistro/pixi_rosdistro/install/lib/python3.14/site-packages /home/runner/work/pixi_rosdistro/pixi_rosdistro/.pixi/envs/default/bin/cmake --build /home/runner/work/pixi_rosdistro/pixi_rosdistro/build/spdlog_vendor -- -j4 -l4
[6.813s] Invoking command in '/home/runner/work/pixi_rosdistro/pixi_rosdistro/build/spdlog_vendor': AMENT_PREFIX_PATH=/home/runner/work/pixi_rosdistro/pixi_rosdistro/install CMAKE_PREFIX_PATH=/home/runner/work/pixi_rosdistro/pixi_rosdistro/install:${CMAKE_PREFIX_PATH} LD_LIBRARY_PATH=/home/runner/work/pixi_rosdistro/pixi_rosdistro/install/lib PATH=/home/runner/work/pixi_rosdistro/pixi_rosdistro/install/bin:/opt/microsoft/powershell/7:${PATH} PIXI_PROMPT=(ros2_rolling) PKG_CONFIG_PATH=/home/runner/work/pixi_rosdistro/pixi_rosdistro/install/lib/pkgconfig PSModulePath=/home/runner/.local/share/powershell/Modules:${PSModulePath} PYTHONPATH=/home/runner/work/pixi_rosdistro/pixi_rosdistro/install/lib/python3.14/site-packages /home/runner/work/pixi_rosdistro/pixi_rosdistro/.pixi/envs/default/bin/cmake --install /home/runner/work/pixi_rosdistro/pixi_rosdistro/build/spdlog_vendor
[6.830s] -- Install configuration: "Release"
[6.834s] -- Installing: /home/runner/work/pixi_rosdistro/pixi_rosdistro/install/share/ament_index/resource_index/package_run_dependencies/spdlog_vendor
[6.834s] -- Installing: /home/runner/work/pixi_rosdistro/pixi_rosdistro/install/share/ament_index/resource_index/parent_prefix_path/spdlog_vendor
[6.835s] -- Installing: /home/runner/work/pixi_rosdistro/pixi_rosdistro/install/share/spdlog_vendor/environment/ament_prefix_path.sh
[6.835s] -- Installing: /home/runner/work/pixi_rosdistro/pixi_rosdistro/install/share/spdlog_vendor/environment/ament_prefix_path.dsv
[6.835s] -- Installing: /home/runner/work/pixi_rosdistro/pixi_rosdistro/install/share/spdlog_vendor/environment/path.sh
[6.835s] -- Installing: /home/runner/work/pixi_rosdistro/pixi_rosdistro/install/share/spdlog_vendor/environment/path.dsv
[6.835s] -- Installing: /home/runner/work/pixi_rosdistro/pixi_rosdistro/install/share/spdlog_vendor/local_setup.bash
[6.835s] -- Installing: /home/runner/work/pixi_rosdistro/pixi_rosdistro/install/share/spdlog_vendor/local_setup.fish
[6.835s] -- Installing: /home/runner/work/pixi_rosdistro/pixi_rosdistro/install/share/spdlog_vendor/local_setup.sh
[6.837s] -- Installing: /home/runner/work/pixi_rosdistro/pixi_rosdistro/install/share/spdlog_vendor/local_setup.zsh
[6.840s] -- Installing: /home/runner/work/pixi_rosdistro/pixi_rosdistro/install/share/spdlog_vendor/local_setup.dsv
[6.840s] -- Installing: /home/runner/work/pixi_rosdistro/pixi_rosdistro/install/share/spdlog_vendor/package.dsv
[6.840s] -- Installing: /home/runner/work/pixi_rosdistro/pixi_rosdistro/install/share/ament_index/resource_index/packages/spdlog_vendor
[6.840s] -- Installing: /home/runner/work/pixi_rosdistro/pixi_rosdistro/install/share/spdlog_vendor/cmake/spdlog_vendorConfig.cmake
[6.840s] -- Installing: /home/runner/work/pixi_rosdistro/pixi_rosdistro/install/share/spdlog_vendor/cmake/spdlog_vendorConfig-version.cmake
[6.840s] -- Installing: /home/runner/work/pixi_rosdistro/pixi_rosdistro/install/share/spdlog_vendor/package.xml
[6.845s] Invoked command in '/home/runner/work/pixi_rosdistro/pixi_rosdistro/build/spdlog_vendor' returned '0': AMENT_PREFIX_PATH=/home/runner/work/pixi_rosdistro/pixi_rosdistro/install CMAKE_PREFIX_PATH=/home/runner/work/pixi_rosdistro/pixi_rosdistro/install:${CMAKE_PREFIX_PATH} LD_LIBRARY_PATH=/home/runner/work/pixi_rosdistro/pixi_rosdistro/install/lib PATH=/home/runner/work/pixi_rosdistro/pixi_rosdistro/install/bin:/opt/microsoft/powershell/7:${PATH} PIXI_PROMPT=(ros2_rolling) PKG_CONFIG_PATH=/home/runner/work/pixi_rosdistro/pixi_rosdistro/install/lib/pkgconfig PSModulePath=/home/runner/.local/share/powershell/Modules:${PSModulePath} PYTHONPATH=/home/runner/work/pixi_rosdistro/pixi_rosdistro/install/lib/python3.14/site-packages /home/runner/work/pixi_rosdistro/pixi_rosdistro/.pixi/envs/default/bin/cmake --install /home/runner/work/pixi_rosdistro/pixi_rosdistro/build/spdlog_vendor
