running egg_info
creating ../../../../build/topic_monitor/topic_monitor.egg-info
writing ../../../../build/topic_monitor/topic_monitor.egg-info/PKG-INFO
writing dependency_links to ../../../../build/topic_monitor/topic_monitor.egg-info/dependency_links.txt
writing entry points to ../../../../build/topic_monitor/topic_monitor.egg-info/entry_points.txt
writing requirements to ../../../../build/topic_monitor/topic_monitor.egg-info/requires.txt
writing top-level names to ../../../../build/topic_monitor/topic_monitor.egg-info/top_level.txt
writing manifest file '../../../../build/topic_monitor/topic_monitor.egg-info/SOURCES.txt'
reading manifest file '../../../../build/topic_monitor/topic_monitor.egg-info/SOURCES.txt'
writing manifest file '../../../../build/topic_monitor/topic_monitor.egg-info/SOURCES.txt'
running build
running build_py
creating /home/runner/work/pixi_rosdistro/pixi_rosdistro/build/topic_monitor/build/lib/topic_monitor
copying topic_monitor/__init__.py -> /home/runner/work/pixi_rosdistro/pixi_rosdistro/build/topic_monitor/build/lib/topic_monitor
creating /home/runner/work/pixi_rosdistro/pixi_rosdistro/build/topic_monitor/build/lib/topic_monitor/scripts
copying topic_monitor/scripts/__init__.py -> /home/runner/work/pixi_rosdistro/pixi_rosdistro/build/topic_monitor/build/lib/topic_monitor/scripts
copying topic_monitor/scripts/data_publisher.py -> /home/runner/work/pixi_rosdistro/pixi_rosdistro/build/topic_monitor/build/lib/topic_monitor/scripts
copying topic_monitor/scripts/topic_monitor.py -> /home/runner/work/pixi_rosdistro/pixi_rosdistro/build/topic_monitor/build/lib/topic_monitor/scripts
running install
running install_lib
creating /home/runner/work/pixi_rosdistro/pixi_rosdistro/install/lib/python3.12/site-packages/topic_monitor
copying /home/runner/work/pixi_rosdistro/pixi_rosdistro/build/topic_monitor/build/lib/topic_monitor/__init__.py -> /home/runner/work/pixi_rosdistro/pixi_rosdistro/install/lib/python3.12/site-packages/topic_monitor
creating /home/runner/work/pixi_rosdistro/pixi_rosdistro/install/lib/python3.12/site-packages/topic_monitor/scripts
copying /home/runner/work/pixi_rosdistro/pixi_rosdistro/build/topic_monitor/build/lib/topic_monitor/scripts/__init__.py -> /home/runner/work/pixi_rosdistro/pixi_rosdistro/install/lib/python3.12/site-packages/topic_monitor/scripts
copying /home/runner/work/pixi_rosdistro/pixi_rosdistro/build/topic_monitor/build/lib/topic_monitor/scripts/data_publisher.py -> /home/runner/work/pixi_rosdistro/pixi_rosdistro/install/lib/python3.12/site-packages/topic_monitor/scripts
copying /home/runner/work/pixi_rosdistro/pixi_rosdistro/build/topic_monitor/build/lib/topic_monitor/scripts/topic_monitor.py -> /home/runner/work/pixi_rosdistro/pixi_rosdistro/install/lib/python3.12/site-packages/topic_monitor/scripts
byte-compiling /home/runner/work/pixi_rosdistro/pixi_rosdistro/install/lib/python3.12/site-packages/topic_monitor/__init__.py to __init__.cpython-312.pyc
byte-compiling /home/runner/work/pixi_rosdistro/pixi_rosdistro/install/lib/python3.12/site-packages/topic_monitor/scripts/__init__.py to __init__.cpython-312.pyc
byte-compiling /home/runner/work/pixi_rosdistro/pixi_rosdistro/install/lib/python3.12/site-packages/topic_monitor/scripts/data_publisher.py to data_publisher.cpython-312.pyc
byte-compiling /home/runner/work/pixi_rosdistro/pixi_rosdistro/install/lib/python3.12/site-packages/topic_monitor/scripts/topic_monitor.py to topic_monitor.cpython-312.pyc
running install_data
copying resource/topic_monitor -> /home/runner/work/pixi_rosdistro/pixi_rosdistro/install/share/ament_index/resource_index/packages
copying package.xml -> /home/runner/work/pixi_rosdistro/pixi_rosdistro/install/share/topic_monitor
creating /home/runner/work/pixi_rosdistro/pixi_rosdistro/install/share/topic_monitor/launch
copying launch/fragmentation_demo_launch.py -> /home/runner/work/pixi_rosdistro/pixi_rosdistro/install/share/topic_monitor/launch
copying launch/reliability_demo_launch.py -> /home/runner/work/pixi_rosdistro/pixi_rosdistro/install/share/topic_monitor/launch
copying launch/depth_demo_launch.py -> /home/runner/work/pixi_rosdistro/pixi_rosdistro/install/share/topic_monitor/launch
running install_egg_info
Copying ../../../../build/topic_monitor/topic_monitor.egg-info to /home/runner/work/pixi_rosdistro/pixi_rosdistro/install/lib/python3.12/site-packages/topic_monitor-0.37.7-py3.12.egg-info
running install_scripts
Installing data_publisher script to /home/runner/work/pixi_rosdistro/pixi_rosdistro/install/lib/topic_monitor
Installing topic_monitor script to /home/runner/work/pixi_rosdistro/pixi_rosdistro/install/lib/topic_monitor
writing list of installed files to '/home/runner/work/pixi_rosdistro/pixi_rosdistro/build/topic_monitor/install.log'
