Not searching for unused variables given on the command line.
-- The C compiler identification is GNU 14.3.0
-- The CXX compiler identification is GNU 14.3.0
-- Detecting C compiler ABI info
-- Detecting C compiler ABI info - done
-- Check for working C compiler: /home/runner/work/pixi_rosdistro/pixi_rosdistro/.pixi/envs/default/bin/x86_64-conda-linux-gnu-cc - skipped
-- Detecting C compile features
-- Detecting C compile features - done
-- Detecting CXX compiler ABI info
-- Detecting CXX compiler ABI info - done
-- Check for working CXX compiler: /home/runner/work/pixi_rosdistro/pixi_rosdistro/.pixi/envs/default/bin/x86_64-conda-linux-gnu-c++ - skipped
-- Detecting CXX compile features
-- Detecting CXX compile features - done
-- Found ament_cmake: 2.8.6 (/home/runner/work/pixi_rosdistro/pixi_rosdistro/install/share/ament_cmake/cmake)
-- Found builtin_interfaces: 2.4.3 (/home/runner/work/pixi_rosdistro/pixi_rosdistro/install/share/builtin_interfaces/cmake)
-- Found rosidl_generator_c: 5.1.3 (/home/runner/work/pixi_rosdistro/pixi_rosdistro/install/share/rosidl_generator_c/cmake)
-- Found rosidl_generator_cpp: 5.1.3 (/home/runner/work/pixi_rosdistro/pixi_rosdistro/install/share/rosidl_generator_cpp/cmake)
-- Using all available rosidl_typesupport_c: rosidl_typesupport_fastrtps_c;rosidl_typesupport_introspection_c
-- Using all available rosidl_typesupport_cpp: rosidl_typesupport_fastrtps_cpp;rosidl_typesupport_introspection_cpp
-- Found geometry_msgs: 5.9.1 (/home/runner/work/pixi_rosdistro/pixi_rosdistro/install/share/geometry_msgs/cmake)
-- Found rosidl_default_generators: 1.8.1 (/home/runner/work/pixi_rosdistro/pixi_rosdistro/install/share/rosidl_default_generators/cmake)
-- Found rosidl_adapter: 5.1.3 (/home/runner/work/pixi_rosdistro/pixi_rosdistro/install/share/rosidl_adapter/cmake)
-- Found Python3: /home/runner/work/pixi_rosdistro/pixi_rosdistro/.pixi/envs/default/bin/python3 (found version "3.12.13") found components: Interpreter
-- Found ament_cmake_cppcheck: 0.20.3 (/home/runner/work/pixi_rosdistro/pixi_rosdistro/install/share/ament_cmake_cppcheck/cmake)
-- Found ament_cmake_cpplint: 0.20.3 (/home/runner/work/pixi_rosdistro/pixi_rosdistro/install/share/ament_cmake_cpplint/cmake)
-- Found ament_cmake_uncrustify: 0.20.3 (/home/runner/work/pixi_rosdistro/pixi_rosdistro/install/share/ament_cmake_uncrustify/cmake)
-- Found ament_cmake_ros_core: 0.15.6 (/home/runner/work/pixi_rosdistro/pixi_rosdistro/install/share/ament_cmake_ros_core/cmake)
-- Using all available rosidl_typesupport_c: rosidl_typesupport_fastrtps_c;rosidl_typesupport_introspection_c
-- Using all available rosidl_typesupport_cpp: rosidl_typesupport_fastrtps_cpp;rosidl_typesupport_introspection_cpp
-- Found Python3: /home/runner/work/pixi_rosdistro/pixi_rosdistro/.pixi/envs/default/bin/python3 (found version "3.12.13") found components: Interpreter Development NumPy Development.Module Development.Embed
-- Found ament_cmake_flake8: 0.20.3 (/home/runner/work/pixi_rosdistro/pixi_rosdistro/install/share/ament_cmake_flake8/cmake)
-- Found ament_cmake_pep257: 0.20.3 (/home/runner/work/pixi_rosdistro/pixi_rosdistro/install/share/ament_cmake_pep257/cmake)
-- Found ament_cmake_mypy: 0.20.3 (/home/runner/work/pixi_rosdistro/pixi_rosdistro/install/share/ament_cmake_mypy/cmake)
-- Found Python3: /home/runner/work/pixi_rosdistro/pixi_rosdistro/.pixi/envs/default/bin/python3 (found version "3.12.13") found components: Interpreter
-- Configuring done (4.5s)
-- Generating done (0.1s)
-- Build files have been written to: /home/runner/work/pixi_rosdistro/pixi_rosdistro/build/nav_msgs
[1/147] Generating type hashes for ROS interfaces
[2/147] Generating C code for ROS interfaces
[3/147] Building C object CMakeFiles/nav_msgs__rosidl_generator_c.dir/rosidl_generator_c/nav_msgs/msg/detail/goals__description.c.o
[4/147] Building C object CMakeFiles/nav_msgs__rosidl_generator_c.dir/rosidl_generator_c/nav_msgs/msg/detail/goals__functions.c.o
[5/147] Building C object CMakeFiles/nav_msgs__rosidl_generator_c.dir/rosidl_generator_c/nav_msgs/msg/detail/goals__type_support.c.o
[6/147] Building C object CMakeFiles/nav_msgs__rosidl_generator_c.dir/rosidl_generator_c/nav_msgs/msg/detail/grid_cells__description.c.o
[7/147] Building C object CMakeFiles/nav_msgs__rosidl_generator_c.dir/rosidl_generator_c/nav_msgs/msg/detail/grid_cells__functions.c.o
[8/147] Building C object CMakeFiles/nav_msgs__rosidl_generator_c.dir/rosidl_generator_c/nav_msgs/msg/detail/grid_cells__type_support.c.o
[9/147] Building C object CMakeFiles/nav_msgs__rosidl_generator_c.dir/rosidl_generator_c/nav_msgs/msg/detail/map_meta_data__description.c.o
[10/147] Building C object CMakeFiles/nav_msgs__rosidl_generator_c.dir/rosidl_generator_c/nav_msgs/msg/detail/map_meta_data__functions.c.o
[11/147] Building C object CMakeFiles/nav_msgs__rosidl_generator_c.dir/rosidl_generator_c/nav_msgs/msg/detail/map_meta_data__type_support.c.o
[12/147] Building C object CMakeFiles/nav_msgs__rosidl_generator_c.dir/rosidl_generator_c/nav_msgs/msg/detail/occupancy_grid__description.c.o
[13/147] Building C object CMakeFiles/nav_msgs__rosidl_generator_c.dir/rosidl_generator_c/nav_msgs/msg/detail/occupancy_grid__functions.c.o
[14/147] Building C object CMakeFiles/nav_msgs__rosidl_generator_c.dir/rosidl_generator_c/nav_msgs/msg/detail/occupancy_grid__type_support.c.o
[15/147] Building C object CMakeFiles/nav_msgs__rosidl_generator_c.dir/rosidl_generator_c/nav_msgs/msg/detail/odometry__description.c.o
[16/147] Building C object CMakeFiles/nav_msgs__rosidl_generator_c.dir/rosidl_generator_c/nav_msgs/msg/detail/odometry__functions.c.o
[17/147] Building C object CMakeFiles/nav_msgs__rosidl_generator_c.dir/rosidl_generator_c/nav_msgs/msg/detail/odometry__type_support.c.o
[18/147] Building C object CMakeFiles/nav_msgs__rosidl_generator_c.dir/rosidl_generator_c/nav_msgs/msg/detail/path__description.c.o
[19/147] Building C object CMakeFiles/nav_msgs__rosidl_generator_c.dir/rosidl_generator_c/nav_msgs/msg/detail/path__functions.c.o
[20/147] Building C object CMakeFiles/nav_msgs__rosidl_generator_c.dir/rosidl_generator_c/nav_msgs/msg/detail/path__type_support.c.o
[21/147] Building C object CMakeFiles/nav_msgs__rosidl_generator_c.dir/rosidl_generator_c/nav_msgs/msg/detail/trajectory__description.c.o
[22/147] Building C object CMakeFiles/nav_msgs__rosidl_generator_c.dir/rosidl_generator_c/nav_msgs/msg/detail/trajectory__functions.c.o
[23/147] Building C object CMakeFiles/nav_msgs__rosidl_generator_c.dir/rosidl_generator_c/nav_msgs/msg/detail/trajectory__type_support.c.o
[24/147] Building C object CMakeFiles/nav_msgs__rosidl_generator_c.dir/rosidl_generator_c/nav_msgs/msg/detail/trajectory_point__description.c.o
[25/147] Building C object CMakeFiles/nav_msgs__rosidl_generator_c.dir/rosidl_generator_c/nav_msgs/msg/detail/trajectory_point__functions.c.o
[26/147] Building C object CMakeFiles/nav_msgs__rosidl_generator_c.dir/rosidl_generator_c/nav_msgs/msg/detail/trajectory_point__type_support.c.o
[27/147] Building C object CMakeFiles/nav_msgs__rosidl_generator_c.dir/rosidl_generator_c/nav_msgs/srv/detail/get_map__description.c.o
[28/147] Building C object CMakeFiles/nav_msgs__rosidl_generator_c.dir/rosidl_generator_c/nav_msgs/srv/detail/get_map__functions.c.o
[29/147] Building C object CMakeFiles/nav_msgs__rosidl_generator_c.dir/rosidl_generator_c/nav_msgs/srv/detail/get_map__type_support.c.o
[30/147] Building C object CMakeFiles/nav_msgs__rosidl_generator_c.dir/rosidl_generator_c/nav_msgs/srv/detail/get_plan__description.c.o
[31/147] Building C object CMakeFiles/nav_msgs__rosidl_generator_c.dir/rosidl_generator_c/nav_msgs/srv/detail/get_plan__functions.c.o
[32/147] Building C object CMakeFiles/nav_msgs__rosidl_generator_c.dir/rosidl_generator_c/nav_msgs/srv/detail/get_plan__type_support.c.o
[33/147] Building C object CMakeFiles/nav_msgs__rosidl_generator_c.dir/rosidl_generator_c/nav_msgs/srv/detail/load_map__description.c.o
[34/147] Building C object CMakeFiles/nav_msgs__rosidl_generator_c.dir/rosidl_generator_c/nav_msgs/srv/detail/load_map__functions.c.o
[35/147] Building C object CMakeFiles/nav_msgs__rosidl_generator_c.dir/rosidl_generator_c/nav_msgs/srv/detail/load_map__type_support.c.o
[36/147] Building C object CMakeFiles/nav_msgs__rosidl_generator_c.dir/rosidl_generator_c/nav_msgs/srv/detail/set_map__description.c.o
[37/147] Building C object CMakeFiles/nav_msgs__rosidl_generator_c.dir/rosidl_generator_c/nav_msgs/srv/detail/set_map__functions.c.o
[38/147] Building C object CMakeFiles/nav_msgs__rosidl_generator_c.dir/rosidl_generator_c/nav_msgs/srv/detail/set_map__type_support.c.o
[39/147] Generating C type support for eProsima Fast-RTPS
[40/147] Generating C++ code for ROS interfaces
[41/147] Generating C++ type support for eProsima Fast-RTPS
[42/147] Generating C introspection for ROS interfaces
[43/147] Generating C type support dispatch for ROS interfaces
[44/147] Generating C++ introspection for ROS interfaces
[45/147] Generating C++ type support dispatch for ROS interfaces
[46/147] Linking C shared library libnav_msgs__rosidl_generator_c.so
[47/147] Building CXX object CMakeFiles/nav_msgs__rosidl_typesupport_fastrtps_c.dir/rosidl_typesupport_fastrtps_c/nav_msgs/msg/detail/goals__type_support_c.cpp.o
[48/147] Building CXX object CMakeFiles/nav_msgs__rosidl_typesupport_fastrtps_c.dir/rosidl_typesupport_fastrtps_c/nav_msgs/msg/detail/grid_cells__type_support_c.cpp.o
[49/147] Building CXX object CMakeFiles/nav_msgs__rosidl_typesupport_fastrtps_c.dir/rosidl_typesupport_fastrtps_c/nav_msgs/msg/detail/map_meta_data__type_support_c.cpp.o
[50/147] Building CXX object CMakeFiles/nav_msgs__rosidl_typesupport_fastrtps_c.dir/rosidl_typesupport_fastrtps_c/nav_msgs/msg/detail/occupancy_grid__type_support_c.cpp.o
[51/147] Building CXX object CMakeFiles/nav_msgs__rosidl_typesupport_fastrtps_c.dir/rosidl_typesupport_fastrtps_c/nav_msgs/msg/detail/odometry__type_support_c.cpp.o
[52/147] Building CXX object CMakeFiles/nav_msgs__rosidl_typesupport_fastrtps_c.dir/rosidl_typesupport_fastrtps_c/nav_msgs/msg/detail/path__type_support_c.cpp.o
[53/147] Building CXX object CMakeFiles/nav_msgs__rosidl_typesupport_fastrtps_c.dir/rosidl_typesupport_fastrtps_c/nav_msgs/msg/detail/trajectory__type_support_c.cpp.o
[54/147] Building CXX object CMakeFiles/nav_msgs__rosidl_typesupport_fastrtps_c.dir/rosidl_typesupport_fastrtps_c/nav_msgs/msg/detail/trajectory_point__type_support_c.cpp.o
[55/147] Building CXX object CMakeFiles/nav_msgs__rosidl_typesupport_fastrtps_c.dir/rosidl_typesupport_fastrtps_c/nav_msgs/srv/detail/get_map__type_support_c.cpp.o
[56/147] Building CXX object CMakeFiles/nav_msgs__rosidl_typesupport_fastrtps_c.dir/rosidl_typesupport_fastrtps_c/nav_msgs/srv/detail/get_plan__type_support_c.cpp.o
[57/147] Building CXX object CMakeFiles/nav_msgs__rosidl_typesupport_fastrtps_c.dir/rosidl_typesupport_fastrtps_c/nav_msgs/srv/detail/load_map__type_support_c.cpp.o
[58/147] Building CXX object CMakeFiles/nav_msgs__rosidl_typesupport_fastrtps_c.dir/rosidl_typesupport_fastrtps_c/nav_msgs/srv/detail/set_map__type_support_c.cpp.o
[59/147] Building C object CMakeFiles/nav_msgs__rosidl_typesupport_introspection_c.dir/rosidl_typesupport_introspection_c/nav_msgs/msg/detail/goals__type_support.c.o
[60/147] Building C object CMakeFiles/nav_msgs__rosidl_typesupport_introspection_c.dir/rosidl_typesupport_introspection_c/nav_msgs/msg/detail/grid_cells__type_support.c.o
[61/147] Building C object CMakeFiles/nav_msgs__rosidl_typesupport_introspection_c.dir/rosidl_typesupport_introspection_c/nav_msgs/msg/detail/map_meta_data__type_support.c.o
[62/147] Building C object CMakeFiles/nav_msgs__rosidl_typesupport_introspection_c.dir/rosidl_typesupport_introspection_c/nav_msgs/msg/detail/occupancy_grid__type_support.c.o
[63/147] Building C object CMakeFiles/nav_msgs__rosidl_typesupport_introspection_c.dir/rosidl_typesupport_introspection_c/nav_msgs/msg/detail/odometry__type_support.c.o
[64/147] Building C object CMakeFiles/nav_msgs__rosidl_typesupport_introspection_c.dir/rosidl_typesupport_introspection_c/nav_msgs/msg/detail/path__type_support.c.o
[65/147] Building C object CMakeFiles/nav_msgs__rosidl_typesupport_introspection_c.dir/rosidl_typesupport_introspection_c/nav_msgs/msg/detail/trajectory__type_support.c.o
[66/147] Building C object CMakeFiles/nav_msgs__rosidl_typesupport_introspection_c.dir/rosidl_typesupport_introspection_c/nav_msgs/msg/detail/trajectory_point__type_support.c.o
[67/147] Building C object CMakeFiles/nav_msgs__rosidl_typesupport_introspection_c.dir/rosidl_typesupport_introspection_c/nav_msgs/srv/detail/get_map__type_support.c.o
[68/147] Building C object CMakeFiles/nav_msgs__rosidl_typesupport_introspection_c.dir/rosidl_typesupport_introspection_c/nav_msgs/srv/detail/get_plan__type_support.c.o
[69/147] Building C object CMakeFiles/nav_msgs__rosidl_typesupport_introspection_c.dir/rosidl_typesupport_introspection_c/nav_msgs/srv/detail/load_map__type_support.c.o
[70/147] Building C object CMakeFiles/nav_msgs__rosidl_typesupport_introspection_c.dir/rosidl_typesupport_introspection_c/nav_msgs/srv/detail/set_map__type_support.c.o
[71/147] Building CXX object CMakeFiles/nav_msgs__rosidl_typesupport_c.dir/rosidl_typesupport_c/nav_msgs/msg/goals__type_support.cpp.o
[72/147] Building CXX object CMakeFiles/nav_msgs__rosidl_typesupport_c.dir/rosidl_typesupport_c/nav_msgs/msg/grid_cells__type_support.cpp.o
[73/147] Building CXX object CMakeFiles/nav_msgs__rosidl_typesupport_c.dir/rosidl_typesupport_c/nav_msgs/msg/map_meta_data__type_support.cpp.o
[74/147] Building CXX object CMakeFiles/nav_msgs__rosidl_typesupport_c.dir/rosidl_typesupport_c/nav_msgs/msg/occupancy_grid__type_support.cpp.o
[75/147] Building CXX object CMakeFiles/nav_msgs__rosidl_typesupport_c.dir/rosidl_typesupport_c/nav_msgs/msg/odometry__type_support.cpp.o
[76/147] Building CXX object CMakeFiles/nav_msgs__rosidl_typesupport_c.dir/rosidl_typesupport_c/nav_msgs/msg/path__type_support.cpp.o
[77/147] Building CXX object CMakeFiles/nav_msgs__rosidl_typesupport_c.dir/rosidl_typesupport_c/nav_msgs/msg/trajectory__type_support.cpp.o
[78/147] Building CXX object CMakeFiles/nav_msgs__rosidl_typesupport_c.dir/rosidl_typesupport_c/nav_msgs/msg/trajectory_point__type_support.cpp.o
[79/147] Building CXX object CMakeFiles/nav_msgs__rosidl_typesupport_c.dir/rosidl_typesupport_c/nav_msgs/srv/get_map__type_support.cpp.o
[80/147] Building CXX object CMakeFiles/nav_msgs__rosidl_typesupport_c.dir/rosidl_typesupport_c/nav_msgs/srv/get_plan__type_support.cpp.o
[81/147] Building CXX object CMakeFiles/nav_msgs__rosidl_typesupport_c.dir/rosidl_typesupport_c/nav_msgs/srv/load_map__type_support.cpp.o
[82/147] Building CXX object CMakeFiles/nav_msgs__rosidl_typesupport_c.dir/rosidl_typesupport_c/nav_msgs/srv/set_map__type_support.cpp.o
[83/147] Building CXX object CMakeFiles/nav_msgs__rosidl_typesupport_fastrtps_cpp.dir/rosidl_typesupport_fastrtps_cpp/nav_msgs/msg/detail/dds_fastrtps/goals__type_support.cpp.o
[84/147] Building CXX object CMakeFiles/nav_msgs__rosidl_typesupport_fastrtps_cpp.dir/rosidl_typesupport_fastrtps_cpp/nav_msgs/msg/detail/dds_fastrtps/grid_cells__type_support.cpp.o
[85/147] Building CXX object CMakeFiles/nav_msgs__rosidl_typesupport_fastrtps_cpp.dir/rosidl_typesupport_fastrtps_cpp/nav_msgs/msg/detail/dds_fastrtps/map_meta_data__type_support.cpp.o
[86/147] Building CXX object CMakeFiles/nav_msgs__rosidl_typesupport_fastrtps_cpp.dir/rosidl_typesupport_fastrtps_cpp/nav_msgs/msg/detail/dds_fastrtps/occupancy_grid__type_support.cpp.o
[87/147] Building CXX object CMakeFiles/nav_msgs__rosidl_typesupport_fastrtps_cpp.dir/rosidl_typesupport_fastrtps_cpp/nav_msgs/msg/detail/dds_fastrtps/odometry__type_support.cpp.o
[88/147] Building CXX object CMakeFiles/nav_msgs__rosidl_typesupport_fastrtps_cpp.dir/rosidl_typesupport_fastrtps_cpp/nav_msgs/msg/detail/dds_fastrtps/path__type_support.cpp.o
[89/147] Building CXX object CMakeFiles/nav_msgs__rosidl_typesupport_fastrtps_cpp.dir/rosidl_typesupport_fastrtps_cpp/nav_msgs/msg/detail/dds_fastrtps/trajectory__type_support.cpp.o
[90/147] Building CXX object CMakeFiles/nav_msgs__rosidl_typesupport_fastrtps_cpp.dir/rosidl_typesupport_fastrtps_cpp/nav_msgs/msg/detail/dds_fastrtps/trajectory_point__type_support.cpp.o
[91/147] Building CXX object CMakeFiles/nav_msgs__rosidl_typesupport_fastrtps_cpp.dir/rosidl_typesupport_fastrtps_cpp/nav_msgs/srv/detail/dds_fastrtps/get_map__type_support.cpp.o
[92/147] Building CXX object CMakeFiles/nav_msgs__rosidl_typesupport_fastrtps_cpp.dir/rosidl_typesupport_fastrtps_cpp/nav_msgs/srv/detail/dds_fastrtps/get_plan__type_support.cpp.o
[93/147] Building CXX object CMakeFiles/nav_msgs__rosidl_typesupport_fastrtps_cpp.dir/rosidl_typesupport_fastrtps_cpp/nav_msgs/srv/detail/dds_fastrtps/load_map__type_support.cpp.o
[94/147] Building CXX object CMakeFiles/nav_msgs__rosidl_typesupport_fastrtps_cpp.dir/rosidl_typesupport_fastrtps_cpp/nav_msgs/srv/detail/dds_fastrtps/set_map__type_support.cpp.o
[95/147] Building CXX object CMakeFiles/nav_msgs__rosidl_typesupport_introspection_cpp.dir/rosidl_typesupport_introspection_cpp/nav_msgs/msg/detail/goals__type_support.cpp.o
[96/147] Building CXX object CMakeFiles/nav_msgs__rosidl_typesupport_introspection_cpp.dir/rosidl_typesupport_introspection_cpp/nav_msgs/msg/detail/grid_cells__type_support.cpp.o
[97/147] Building CXX object CMakeFiles/nav_msgs__rosidl_typesupport_introspection_cpp.dir/rosidl_typesupport_introspection_cpp/nav_msgs/msg/detail/map_meta_data__type_support.cpp.o
[98/147] Building CXX object CMakeFiles/nav_msgs__rosidl_typesupport_introspection_cpp.dir/rosidl_typesupport_introspection_cpp/nav_msgs/msg/detail/occupancy_grid__type_support.cpp.o
[99/147] Building CXX object CMakeFiles/nav_msgs__rosidl_typesupport_introspection_cpp.dir/rosidl_typesupport_introspection_cpp/nav_msgs/msg/detail/odometry__type_support.cpp.o
[100/147] Building CXX object CMakeFiles/nav_msgs__rosidl_typesupport_introspection_cpp.dir/rosidl_typesupport_introspection_cpp/nav_msgs/msg/detail/path__type_support.cpp.o
[101/147] Building CXX object CMakeFiles/nav_msgs__rosidl_typesupport_introspection_cpp.dir/rosidl_typesupport_introspection_cpp/nav_msgs/msg/detail/trajectory__type_support.cpp.o
[102/147] Building CXX object CMakeFiles/nav_msgs__rosidl_typesupport_introspection_cpp.dir/rosidl_typesupport_introspection_cpp/nav_msgs/msg/detail/trajectory_point__type_support.cpp.o
[103/147] Building CXX object CMakeFiles/nav_msgs__rosidl_typesupport_introspection_cpp.dir/rosidl_typesupport_introspection_cpp/nav_msgs/srv/detail/get_map__type_support.cpp.o
[104/147] Building CXX object CMakeFiles/nav_msgs__rosidl_typesupport_introspection_cpp.dir/rosidl_typesupport_introspection_cpp/nav_msgs/srv/detail/get_plan__type_support.cpp.o
[105/147] Building CXX object CMakeFiles/nav_msgs__rosidl_typesupport_introspection_cpp.dir/rosidl_typesupport_introspection_cpp/nav_msgs/srv/detail/load_map__type_support.cpp.o
[106/147] Building CXX object CMakeFiles/nav_msgs__rosidl_typesupport_introspection_cpp.dir/rosidl_typesupport_introspection_cpp/nav_msgs/srv/detail/set_map__type_support.cpp.o
[107/147] Building CXX object CMakeFiles/nav_msgs__rosidl_typesupport_cpp.dir/rosidl_typesupport_cpp/nav_msgs/msg/goals__type_support.cpp.o
[108/147] Building CXX object CMakeFiles/nav_msgs__rosidl_typesupport_cpp.dir/rosidl_typesupport_cpp/nav_msgs/msg/grid_cells__type_support.cpp.o
[109/147] Building CXX object CMakeFiles/nav_msgs__rosidl_typesupport_cpp.dir/rosidl_typesupport_cpp/nav_msgs/msg/map_meta_data__type_support.cpp.o
[110/147] Building CXX object CMakeFiles/nav_msgs__rosidl_typesupport_cpp.dir/rosidl_typesupport_cpp/nav_msgs/msg/occupancy_grid__type_support.cpp.o
[111/147] Building CXX object CMakeFiles/nav_msgs__rosidl_typesupport_cpp.dir/rosidl_typesupport_cpp/nav_msgs/msg/odometry__type_support.cpp.o
[112/147] Building CXX object CMakeFiles/nav_msgs__rosidl_typesupport_cpp.dir/rosidl_typesupport_cpp/nav_msgs/msg/path__type_support.cpp.o
[113/147] Building CXX object CMakeFiles/nav_msgs__rosidl_typesupport_cpp.dir/rosidl_typesupport_cpp/nav_msgs/msg/trajectory__type_support.cpp.o
[114/147] Building CXX object CMakeFiles/nav_msgs__rosidl_typesupport_cpp.dir/rosidl_typesupport_cpp/nav_msgs/msg/trajectory_point__type_support.cpp.o
[115/147] Building CXX object CMakeFiles/nav_msgs__rosidl_typesupport_cpp.dir/rosidl_typesupport_cpp/nav_msgs/srv/get_map__type_support.cpp.o
[116/147] Building CXX object CMakeFiles/nav_msgs__rosidl_typesupport_cpp.dir/rosidl_typesupport_cpp/nav_msgs/srv/get_plan__type_support.cpp.o
[117/147] Building CXX object CMakeFiles/nav_msgs__rosidl_typesupport_cpp.dir/rosidl_typesupport_cpp/nav_msgs/srv/load_map__type_support.cpp.o
[118/147] Building CXX object CMakeFiles/nav_msgs__rosidl_typesupport_cpp.dir/rosidl_typesupport_cpp/nav_msgs/srv/set_map__type_support.cpp.o
[119/147] Linking CXX shared library libnav_msgs__rosidl_typesupport_fastrtps_c.so
[120/147] Linking CXX shared library libnav_msgs__rosidl_typesupport_fastrtps_cpp.so
[121/147] Linking C shared library libnav_msgs__rosidl_typesupport_introspection_c.so
[122/147] Linking CXX shared library libnav_msgs__rosidl_typesupport_c.so
[123/147] Linking CXX shared library libnav_msgs__rosidl_typesupport_introspection_cpp.so
[124/147] Linking CXX shared library libnav_msgs__rosidl_typesupport_cpp.so
[125/147] Generating Python code for ROS interfaces
[126/147] Generating Rust code for ROS interfaces
[127/147] Building C object CMakeFiles/nav_msgs__rosidl_generator_py.dir/rosidl_generator_py/nav_msgs/msg/_goals_s.c.o
[128/147] Building C object CMakeFiles/nav_msgs__rosidl_generator_py.dir/rosidl_generator_py/nav_msgs/msg/_grid_cells_s.c.o
[129/147] Building C object CMakeFiles/nav_msgs__rosidl_generator_py.dir/rosidl_generator_py/nav_msgs/msg/_map_meta_data_s.c.o
[130/147] Building C object CMakeFiles/nav_msgs__rosidl_generator_py.dir/rosidl_generator_py/nav_msgs/msg/_occupancy_grid_s.c.o
[131/147] Building C object CMakeFiles/nav_msgs__rosidl_generator_py.dir/rosidl_generator_py/nav_msgs/msg/_odometry_s.c.o
[132/147] Building C object CMakeFiles/nav_msgs__rosidl_generator_py.dir/rosidl_generator_py/nav_msgs/msg/_path_s.c.o
[133/147] Building C object CMakeFiles/nav_msgs__rosidl_generator_py.dir/rosidl_generator_py/nav_msgs/msg/_trajectory_s.c.o
[134/147] Building C object CMakeFiles/nav_msgs__rosidl_generator_py.dir/rosidl_generator_py/nav_msgs/msg/_trajectory_point_s.c.o
[135/147] Building C object CMakeFiles/nav_msgs__rosidl_generator_py.dir/rosidl_generator_py/nav_msgs/srv/_get_map_s.c.o
[136/147] Building C object CMakeFiles/nav_msgs__rosidl_generator_py.dir/rosidl_generator_py/nav_msgs/srv/_get_plan_s.c.o
[137/147] Building C object CMakeFiles/nav_msgs__rosidl_generator_py.dir/rosidl_generator_py/nav_msgs/srv/_load_map_s.c.o
[138/147] Building C object CMakeFiles/nav_msgs__rosidl_generator_py.dir/rosidl_generator_py/nav_msgs/srv/_set_map_s.c.o
[139/147] Linking C shared library libnav_msgs__rosidl_generator_py.so
[140/147] Building C object CMakeFiles/nav_msgs_s__rosidl_typesupport_fastrtps_c.dir/rosidl_generator_py/nav_msgs/_nav_msgs_s.ep.rosidl_typesupport_fastrtps_c.c.o
[141/147] Building C object CMakeFiles/nav_msgs_s__rosidl_typesupport_introspection_c.dir/rosidl_generator_py/nav_msgs/_nav_msgs_s.ep.rosidl_typesupport_introspection_c.c.o
[142/147] Building C object CMakeFiles/nav_msgs_s__rosidl_typesupport_c.dir/rosidl_generator_py/nav_msgs/_nav_msgs_s.ep.rosidl_typesupport_c.c.o
[143/147] cd /home/runner/work/pixi_rosdistro/pixi_rosdistro/build/nav_msgs && /home/runner/work/pixi_rosdistro/pixi_rosdistro/.pixi/envs/default/bin/cmake -E copy_directory /home/runner/work/pixi_rosdistro/pixi_rosdistro/build/nav_msgs/rosidl_generator_py/nav_msgs /home/runner/work/pixi_rosdistro/pixi_rosdistro/build/nav_msgs/ament_cmake_python/nav_msgs/nav_msgs
[144/147] Linking C shared module rosidl_generator_py/nav_msgs/nav_msgs_s__rosidl_typesupport_fastrtps_c.so
[145/147] Linking C shared module rosidl_generator_py/nav_msgs/nav_msgs_s__rosidl_typesupport_introspection_c.so
[146/147] Linking C shared module rosidl_generator_py/nav_msgs/nav_msgs_s__rosidl_typesupport_c.so
[147/147] cd /home/runner/work/pixi_rosdistro/pixi_rosdistro/build/nav_msgs/ament_cmake_python/nav_msgs && /home/runner/work/pixi_rosdistro/pixi_rosdistro/.pixi/envs/default/bin/python3 setup.py egg_info
running egg_info
creating nav_msgs.egg-info
writing nav_msgs.egg-info/PKG-INFO
writing dependency_links to nav_msgs.egg-info/dependency_links.txt
writing top-level names to nav_msgs.egg-info/top_level.txt
writing manifest file 'nav_msgs.egg-info/SOURCES.txt'
reading manifest file 'nav_msgs.egg-info/SOURCES.txt'
writing manifest file 'nav_msgs.egg-info/SOURCES.txt'
