[0.658s] Invoking command in '/Users/runner/work/pixi_rosdistro/pixi_rosdistro/src/ament/ament_lint/ament_pycodestyle': AMENT_PREFIX_PATH=/Users/runner/work/pixi_rosdistro/pixi_rosdistro/install CMAKE_PREFIX_PATH=/Users/runner/work/pixi_rosdistro/pixi_rosdistro/install PATH=/Users/runner/work/pixi_rosdistro/pixi_rosdistro/install/bin:${PATH} PIXI_PROMPT=(ros2_rolling) PYTHONPATH=/Users/runner/work/pixi_rosdistro/pixi_rosdistro/build/ament_pycodestyle/prefix_override:/Users/runner/work/pixi_rosdistro/pixi_rosdistro/.pixi/envs/default/lib/python3.12/site-packages/colcon_core/task/python/colcon_distutils_commands:/Users/runner/work/pixi_rosdistro/pixi_rosdistro/install/lib/python3.12/site-packages:/Users/runner/work/pixi_rosdistro/pixi_rosdistro/install/lib/python3.12/site-packages SHLVL=3 _=/usr/bin/env /Users/runner/work/pixi_rosdistro/pixi_rosdistro/.pixi/envs/default/bin/python3.12 -W ignore:setup.py install is deprecated -W ignore:easy_install command is deprecated setup.py egg_info --egg-base ../../../../build/ament_pycodestyle build --build-base /Users/runner/work/pixi_rosdistro/pixi_rosdistro/build/ament_pycodestyle/build install --record /Users/runner/work/pixi_rosdistro/pixi_rosdistro/build/ament_pycodestyle/install.log --single-version-externally-managed install_data
[0.896s] running egg_info
[0.904s] creating ../../../../build/ament_pycodestyle/ament_pycodestyle.egg-info
[0.905s] writing ../../../../build/ament_pycodestyle/ament_pycodestyle.egg-info/PKG-INFO
[0.905s] writing dependency_links to ../../../../build/ament_pycodestyle/ament_pycodestyle.egg-info/dependency_links.txt
[0.905s] writing entry points to ../../../../build/ament_pycodestyle/ament_pycodestyle.egg-info/entry_points.txt
[0.906s] writing requirements to ../../../../build/ament_pycodestyle/ament_pycodestyle.egg-info/requires.txt
[0.906s] writing top-level names to ../../../../build/ament_pycodestyle/ament_pycodestyle.egg-info/top_level.txt
[0.906s] writing manifest file '../../../../build/ament_pycodestyle/ament_pycodestyle.egg-info/SOURCES.txt'
[0.923s] reading manifest file '../../../../build/ament_pycodestyle/ament_pycodestyle.egg-info/SOURCES.txt'
[0.924s] writing manifest file '../../../../build/ament_pycodestyle/ament_pycodestyle.egg-info/SOURCES.txt'
[0.925s] running build
[0.925s] running build_py
[0.925s] creating /Users/runner/work/pixi_rosdistro/pixi_rosdistro/build/ament_pycodestyle/build/lib/ament_pycodestyle
[0.925s] copying ament_pycodestyle/__init__.py -> /Users/runner/work/pixi_rosdistro/pixi_rosdistro/build/ament_pycodestyle/build/lib/ament_pycodestyle
[0.926s] copying ament_pycodestyle/main.py -> /Users/runner/work/pixi_rosdistro/pixi_rosdistro/build/ament_pycodestyle/build/lib/ament_pycodestyle
[0.931s] copying ament_pycodestyle/py.typed -> /Users/runner/work/pixi_rosdistro/pixi_rosdistro/build/ament_pycodestyle/build/lib/ament_pycodestyle
[0.931s] creating /Users/runner/work/pixi_rosdistro/pixi_rosdistro/build/ament_pycodestyle/build/lib/ament_pycodestyle/configuration
[0.931s] copying ament_pycodestyle/configuration/ament_pycodestyle.ini -> /Users/runner/work/pixi_rosdistro/pixi_rosdistro/build/ament_pycodestyle/build/lib/ament_pycodestyle/configuration
[0.933s] running install
[0.942s] running install_lib
[0.945s] creating /Users/runner/work/pixi_rosdistro/pixi_rosdistro/install/lib/python3.12/site-packages/ament_pycodestyle
[0.945s] creating /Users/runner/work/pixi_rosdistro/pixi_rosdistro/install/lib/python3.12/site-packages/ament_pycodestyle/configuration
[0.945s] copying /Users/runner/work/pixi_rosdistro/pixi_rosdistro/build/ament_pycodestyle/build/lib/ament_pycodestyle/configuration/ament_pycodestyle.ini -> /Users/runner/work/pixi_rosdistro/pixi_rosdistro/install/lib/python3.12/site-packages/ament_pycodestyle/configuration
[0.945s] copying /Users/runner/work/pixi_rosdistro/pixi_rosdistro/build/ament_pycodestyle/build/lib/ament_pycodestyle/__init__.py -> /Users/runner/work/pixi_rosdistro/pixi_rosdistro/install/lib/python3.12/site-packages/ament_pycodestyle
[0.946s] copying /Users/runner/work/pixi_rosdistro/pixi_rosdistro/build/ament_pycodestyle/build/lib/ament_pycodestyle/py.typed -> /Users/runner/work/pixi_rosdistro/pixi_rosdistro/install/lib/python3.12/site-packages/ament_pycodestyle
[0.947s] copying /Users/runner/work/pixi_rosdistro/pixi_rosdistro/build/ament_pycodestyle/build/lib/ament_pycodestyle/main.py -> /Users/runner/work/pixi_rosdistro/pixi_rosdistro/install/lib/python3.12/site-packages/ament_pycodestyle
[0.951s] byte-compiling /Users/runner/work/pixi_rosdistro/pixi_rosdistro/install/lib/python3.12/site-packages/ament_pycodestyle/__init__.py to __init__.cpython-312.pyc
[0.951s] byte-compiling /Users/runner/work/pixi_rosdistro/pixi_rosdistro/install/lib/python3.12/site-packages/ament_pycodestyle/main.py to main.cpython-312.pyc
[0.953s] running install_data
[0.953s] copying package.xml -> /Users/runner/work/pixi_rosdistro/pixi_rosdistro/install/share/ament_pycodestyle
[0.957s] copying resource/ament_pycodestyle -> /Users/runner/work/pixi_rosdistro/pixi_rosdistro/install/share/ament_index/resource_index/packages
[0.957s] running install_egg_info
[0.964s] Copying ../../../../build/ament_pycodestyle/ament_pycodestyle.egg-info to /Users/runner/work/pixi_rosdistro/pixi_rosdistro/install/lib/python3.12/site-packages/ament_pycodestyle-0.20.3-py3.12.egg-info
[0.965s] running install_scripts
[0.983s] Installing ament_pycodestyle script to /Users/runner/work/pixi_rosdistro/pixi_rosdistro/install/bin
[0.985s] writing list of installed files to '/Users/runner/work/pixi_rosdistro/pixi_rosdistro/build/ament_pycodestyle/install.log'
[1.005s] Invoked command in '/Users/runner/work/pixi_rosdistro/pixi_rosdistro/src/ament/ament_lint/ament_pycodestyle' returned '0': AMENT_PREFIX_PATH=/Users/runner/work/pixi_rosdistro/pixi_rosdistro/install CMAKE_PREFIX_PATH=/Users/runner/work/pixi_rosdistro/pixi_rosdistro/install PATH=/Users/runner/work/pixi_rosdistro/pixi_rosdistro/install/bin:${PATH} PIXI_PROMPT=(ros2_rolling) PYTHONPATH=/Users/runner/work/pixi_rosdistro/pixi_rosdistro/build/ament_pycodestyle/prefix_override:/Users/runner/work/pixi_rosdistro/pixi_rosdistro/.pixi/envs/default/lib/python3.12/site-packages/colcon_core/task/python/colcon_distutils_commands:/Users/runner/work/pixi_rosdistro/pixi_rosdistro/install/lib/python3.12/site-packages:/Users/runner/work/pixi_rosdistro/pixi_rosdistro/install/lib/python3.12/site-packages SHLVL=3 _=/usr/bin/env /Users/runner/work/pixi_rosdistro/pixi_rosdistro/.pixi/envs/default/bin/python3.12 -W ignore:setup.py install is deprecated -W ignore:easy_install command is deprecated setup.py egg_info --egg-base ../../../../build/ament_pycodestyle build --build-base /Users/runner/work/pixi_rosdistro/pixi_rosdistro/build/ament_pycodestyle/build install --record /Users/runner/work/pixi_rosdistro/pixi_rosdistro/build/ament_pycodestyle/install.log --single-version-externally-managed install_data
