[5.370s] Invoking command in '/home/runner/work/pixi_rosdistro/pixi_rosdistro/build/rosidl_runtime_c': AMENT_PREFIX_PATH=/home/runner/work/pixi_rosdistro/pixi_rosdistro/install CMAKE_PREFIX_PATH=/home/runner/work/pixi_rosdistro/pixi_rosdistro/install:${CMAKE_PREFIX_PATH} LD_LIBRARY_PATH=/home/runner/work/pixi_rosdistro/pixi_rosdistro/install/lib PATH=/home/runner/work/pixi_rosdistro/pixi_rosdistro/install/bin:/opt/microsoft/powershell/7:${PATH} PIXI_PROMPT=(ros2_rolling) PKG_CONFIG_PATH=/home/runner/work/pixi_rosdistro/pixi_rosdistro/install/lib/pkgconfig PSModulePath=/home/runner/.local/share/powershell/Modules:${PSModulePath} PYTHONPATH=/home/runner/work/pixi_rosdistro/pixi_rosdistro/install/lib/python3.12/site-packages /home/runner/work/pixi_rosdistro/pixi_rosdistro/.pixi/envs/default/bin/cmake /home/runner/work/pixi_rosdistro/pixi_rosdistro/src/ros2/rosidl/rosidl_runtime_c -GNinja --no-warn-unused-cli -DCMAKE_BUILD_TYPE=Release -DCMAKE_BUILD_WITH_INSTALL_RPATH:bool=TRUE -DCMAKE_POLICY_VERSION_MINIMUM=3.5 -Wno-deprecated -DSTACK_DETAILS_AUTO_DETECT:bool=FALSE -DSTACK_DETAILS_BFD:bool=FALSE -DTRACETOOLS_DISABLED=ON -DCMAKE_INSTALL_PREFIX=/home/runner/work/pixi_rosdistro/pixi_rosdistro/install
[5.577s] Not searching for unused variables given on the command line.
[5.577s] -- The C compiler identification is GNU 14.3.0
[5.627s] -- Detecting C compiler ABI info
[5.851s] -- Detecting C compiler ABI info - done
[5.939s] -- Check for working C compiler: /home/runner/work/pixi_rosdistro/pixi_rosdistro/.pixi/envs/default/bin/x86_64-conda-linux-gnu-cc - skipped
[5.941s] -- Detecting C compile features
[5.942s] -- Detecting C compile features - done
[5.966s] -- Found ament_cmake: 2.8.6 (/home/runner/work/pixi_rosdistro/pixi_rosdistro/install/share/ament_cmake/cmake)
[6.450s] -- Found ament_cmake_ros_core: 0.15.6 (/home/runner/work/pixi_rosdistro/pixi_rosdistro/install/share/ament_cmake_ros_core/cmake)
[6.454s] -- Found rcutils: 7.0.7 (/home/runner/work/pixi_rosdistro/pixi_rosdistro/install/share/rcutils/cmake)
[6.464s] -- Found rosidl_typesupport_interface: 5.1.3 (/home/runner/work/pixi_rosdistro/pixi_rosdistro/install/share/rosidl_typesupport_interface/cmake)
[6.483s] -- Found ament_lint_auto: 0.20.3 (/home/runner/work/pixi_rosdistro/pixi_rosdistro/install/share/ament_lint_auto/cmake)
[6.483s] -- Found performance_test_fixture: 0.4.1 (/home/runner/work/pixi_rosdistro/pixi_rosdistro/install/share/performance_test_fixture/cmake)
[7.494s] -- The CXX compiler identification is GNU 14.3.0
[7.509s] -- Detecting CXX compiler ABI info
[7.823s] -- Detecting CXX compiler ABI info - done
[7.882s] -- Check for working CXX compiler: /home/runner/work/pixi_rosdistro/pixi_rosdistro/.pixi/envs/default/bin/x86_64-conda-linux-gnu-c++ - skipped
[7.882s] -- Detecting CXX compile features
[7.883s] -- Detecting CXX compile features - done
[7.912s] -- Found gtest sources under '/home/runner/work/pixi_rosdistro/pixi_rosdistro/install/src/gtest_vendor': C++ tests using 'Google Test' will be built
[7.919s] -- Check if compiler accepts -pthread
[8.132s] -- Check if compiler accepts -pthread - yes
[8.152s] -- Found Threads: TRUE
[8.229s] -- Performance tests are disabled by default, so Google Benchmark tests will be skipped. To enable these tests, set the CMake variable 'AMENT_RUN_PERFORMANCE_TESTS'.
[8.246s] -- Added test 'copyright' to check source files copyright and LICENSE
[8.261s] -- Added test 'cppcheck' to perform static code analysis on C / C++ code
[8.262s] -- Configured cppcheck include dirs: /home/runner/work/pixi_rosdistro/pixi_rosdistro/install/include;$<BUILD_INTERFACE:/home/runner/work/pixi_rosdistro/pixi_rosdistro/src/ros2/rosidl/rosidl_runtime_c/include>
[8.262s] -- Configured cppcheck exclude dirs and/or files: /home/runner/work/pixi_rosdistro/pixi_rosdistro/src/ros2/rosidl/rosidl_runtime_c/include/rosidl_runtime_c/type_description/field__functions.h;/home/runner/work/pixi_rosdistro/pixi_rosdistro/src/ros2/rosidl/rosidl_runtime_c/include/rosidl_runtime_c/type_description/field__struct.h;/home/runner/work/pixi_rosdistro/pixi_rosdistro/src/ros2/rosidl/rosidl_runtime_c/include/rosidl_runtime_c/type_description/field_type__functions.h;/home/runner/work/pixi_rosdistro/pixi_rosdistro/src/ros2/rosidl/rosidl_runtime_c/include/rosidl_runtime_c/type_description/field_type__struct.h;/home/runner/work/pixi_rosdistro/pixi_rosdistro/src/ros2/rosidl/rosidl_runtime_c/include/rosidl_runtime_c/type_description/individual_type_description__functions.h;/home/runner/work/pixi_rosdistro/pixi_rosdistro/src/ros2/rosidl/rosidl_runtime_c/include/rosidl_runtime_c/type_description/individual_type_description__struct.h;/home/runner/work/pixi_rosdistro/pixi_rosdistro/src/ros2/rosidl/rosidl_runtime_c/include/rosidl_runtime_c/type_description/key_value__functions.h;/home/runner/work/pixi_rosdistro/pixi_rosdistro/src/ros2/rosidl/rosidl_runtime_c/include/rosidl_runtime_c/type_description/key_value__struct.h;/home/runner/work/pixi_rosdistro/pixi_rosdistro/src/ros2/rosidl/rosidl_runtime_c/include/rosidl_runtime_c/type_description/type_description__functions.h;/home/runner/work/pixi_rosdistro/pixi_rosdistro/src/ros2/rosidl/rosidl_runtime_c/include/rosidl_runtime_c/type_description/type_description__struct.h;/home/runner/work/pixi_rosdistro/pixi_rosdistro/src/ros2/rosidl/rosidl_runtime_c/include/rosidl_runtime_c/type_description/type_source__functions.h;/home/runner/work/pixi_rosdistro/pixi_rosdistro/src/ros2/rosidl/rosidl_runtime_c/include/rosidl_runtime_c/type_description/type_source__struct.h;/home/runner/work/pixi_rosdistro/pixi_rosdistro/src/ros2/rosidl/rosidl_runtime_c/src/type_description/field__description.c;/home/runner/work/pixi_rosdistro/pixi_rosdistro/src/ros2/rosidl/rosidl_runtime_c/src/type_description/field__functions.c;/home/runner/work/pixi_rosdistro/pixi_rosdistro/src/ros2/rosidl/rosidl_runtime_c/src/type_description/field_type__description.c;/home/runner/work/pixi_rosdistro/pixi_rosdistro/src/ros2/rosidl/rosidl_runtime_c/src/type_description/field_type__functions.c;/home/runner/work/pixi_rosdistro/pixi_rosdistro/src/ros2/rosidl/rosidl_runtime_c/src/type_description/individual_type_description__description.c;/home/runner/work/pixi_rosdistro/pixi_rosdistro/src/ros2/rosidl/rosidl_runtime_c/src/type_description/individual_type_description__functions.c;/home/runner/work/pixi_rosdistro/pixi_rosdistro/src/ros2/rosidl/rosidl_runtime_c/src/type_description/key_value__description.c;/home/runner/work/pixi_rosdistro/pixi_rosdistro/src/ros2/rosidl/rosidl_runtime_c/src/type_description/key_value__functions.c;/home/runner/work/pixi_rosdistro/pixi_rosdistro/src/ros2/rosidl/rosidl_runtime_c/src/type_description/type_description__description.c;/home/runner/work/pixi_rosdistro/pixi_rosdistro/src/ros2/rosidl/rosidl_runtime_c/src/type_description/type_description__functions.c;/home/runner/work/pixi_rosdistro/pixi_rosdistro/src/ros2/rosidl/rosidl_runtime_c/src/type_description/type_source__description.c;/home/runner/work/pixi_rosdistro/pixi_rosdistro/src/ros2/rosidl/rosidl_runtime_c/src/type_description/type_source__functions.c
[8.270s] -- Added test 'cpplint' to check C / C++ code against the Google style
[8.270s] -- Configured cpplint exclude dirs and/or files: /home/runner/work/pixi_rosdistro/pixi_rosdistro/src/ros2/rosidl/rosidl_runtime_c/include/rosidl_runtime_c/type_description/field__functions.h;/home/runner/work/pixi_rosdistro/pixi_rosdistro/src/ros2/rosidl/rosidl_runtime_c/include/rosidl_runtime_c/type_description/field__struct.h;/home/runner/work/pixi_rosdistro/pixi_rosdistro/src/ros2/rosidl/rosidl_runtime_c/include/rosidl_runtime_c/type_description/field_type__functions.h;/home/runner/work/pixi_rosdistro/pixi_rosdistro/src/ros2/rosidl/rosidl_runtime_c/include/rosidl_runtime_c/type_description/field_type__struct.h;/home/runner/work/pixi_rosdistro/pixi_rosdistro/src/ros2/rosidl/rosidl_runtime_c/include/rosidl_runtime_c/type_description/individual_type_description__functions.h;/home/runner/work/pixi_rosdistro/pixi_rosdistro/src/ros2/rosidl/rosidl_runtime_c/include/rosidl_runtime_c/type_description/individual_type_description__struct.h;/home/runner/work/pixi_rosdistro/pixi_rosdistro/src/ros2/rosidl/rosidl_runtime_c/include/rosidl_runtime_c/type_description/key_value__functions.h;/home/runner/work/pixi_rosdistro/pixi_rosdistro/src/ros2/rosidl/rosidl_runtime_c/include/rosidl_runtime_c/type_description/key_value__struct.h;/home/runner/work/pixi_rosdistro/pixi_rosdistro/src/ros2/rosidl/rosidl_runtime_c/include/rosidl_runtime_c/type_description/type_description__functions.h;/home/runner/work/pixi_rosdistro/pixi_rosdistro/src/ros2/rosidl/rosidl_runtime_c/include/rosidl_runtime_c/type_description/type_description__struct.h;/home/runner/work/pixi_rosdistro/pixi_rosdistro/src/ros2/rosidl/rosidl_runtime_c/include/rosidl_runtime_c/type_description/type_source__functions.h;/home/runner/work/pixi_rosdistro/pixi_rosdistro/src/ros2/rosidl/rosidl_runtime_c/include/rosidl_runtime_c/type_description/type_source__struct.h;/home/runner/work/pixi_rosdistro/pixi_rosdistro/src/ros2/rosidl/rosidl_runtime_c/src/type_description/field__description.c;/home/runner/work/pixi_rosdistro/pixi_rosdistro/src/ros2/rosidl/rosidl_runtime_c/src/type_description/field__functions.c;/home/runner/work/pixi_rosdistro/pixi_rosdistro/src/ros2/rosidl/rosidl_runtime_c/src/type_description/field_type__description.c;/home/runner/work/pixi_rosdistro/pixi_rosdistro/src/ros2/rosidl/rosidl_runtime_c/src/type_description/field_type__functions.c;/home/runner/work/pixi_rosdistro/pixi_rosdistro/src/ros2/rosidl/rosidl_runtime_c/src/type_description/individual_type_description__description.c;/home/runner/work/pixi_rosdistro/pixi_rosdistro/src/ros2/rosidl/rosidl_runtime_c/src/type_description/individual_type_description__functions.c;/home/runner/work/pixi_rosdistro/pixi_rosdistro/src/ros2/rosidl/rosidl_runtime_c/src/type_description/key_value__description.c;/home/runner/work/pixi_rosdistro/pixi_rosdistro/src/ros2/rosidl/rosidl_runtime_c/src/type_description/key_value__functions.c;/home/runner/work/pixi_rosdistro/pixi_rosdistro/src/ros2/rosidl/rosidl_runtime_c/src/type_description/type_description__description.c;/home/runner/work/pixi_rosdistro/pixi_rosdistro/src/ros2/rosidl/rosidl_runtime_c/src/type_description/type_description__functions.c;/home/runner/work/pixi_rosdistro/pixi_rosdistro/src/ros2/rosidl/rosidl_runtime_c/src/type_description/type_source__description.c;/home/runner/work/pixi_rosdistro/pixi_rosdistro/src/ros2/rosidl/rosidl_runtime_c/src/type_description/type_source__functions.c
[8.274s] -- Added test 'lint_cmake' to check CMake code style
[8.282s] -- Added test 'uncrustify' to check C / C++ code style
[8.283s] -- Configured uncrustify additional arguments: 
[8.285s] -- Added test 'xmllint' to check XML markup files
[8.289s] -- Configuring done (2.9s)
[8.375s] -- Generating done (0.1s)
[8.386s] -- Build files have been written to: /home/runner/work/pixi_rosdistro/pixi_rosdistro/build/rosidl_runtime_c
[8.394s] Invoked command in '/home/runner/work/pixi_rosdistro/pixi_rosdistro/build/rosidl_runtime_c' returned '0': AMENT_PREFIX_PATH=/home/runner/work/pixi_rosdistro/pixi_rosdistro/install CMAKE_PREFIX_PATH=/home/runner/work/pixi_rosdistro/pixi_rosdistro/install:${CMAKE_PREFIX_PATH} LD_LIBRARY_PATH=/home/runner/work/pixi_rosdistro/pixi_rosdistro/install/lib PATH=/home/runner/work/pixi_rosdistro/pixi_rosdistro/install/bin:/opt/microsoft/powershell/7:${PATH} PIXI_PROMPT=(ros2_rolling) PKG_CONFIG_PATH=/home/runner/work/pixi_rosdistro/pixi_rosdistro/install/lib/pkgconfig PSModulePath=/home/runner/.local/share/powershell/Modules:${PSModulePath} PYTHONPATH=/home/runner/work/pixi_rosdistro/pixi_rosdistro/install/lib/python3.12/site-packages /home/runner/work/pixi_rosdistro/pixi_rosdistro/.pixi/envs/default/bin/cmake /home/runner/work/pixi_rosdistro/pixi_rosdistro/src/ros2/rosidl/rosidl_runtime_c -GNinja --no-warn-unused-cli -DCMAKE_BUILD_TYPE=Release -DCMAKE_BUILD_WITH_INSTALL_RPATH:bool=TRUE -DCMAKE_POLICY_VERSION_MINIMUM=3.5 -Wno-deprecated -DSTACK_DETAILS_AUTO_DETECT:bool=FALSE -DSTACK_DETAILS_BFD:bool=FALSE -DTRACETOOLS_DISABLED=ON -DCMAKE_INSTALL_PREFIX=/home/runner/work/pixi_rosdistro/pixi_rosdistro/install
[8.395s] Invoking command in '/home/runner/work/pixi_rosdistro/pixi_rosdistro/build/rosidl_runtime_c': AMENT_PREFIX_PATH=/home/runner/work/pixi_rosdistro/pixi_rosdistro/install CMAKE_PREFIX_PATH=/home/runner/work/pixi_rosdistro/pixi_rosdistro/install:${CMAKE_PREFIX_PATH} LD_LIBRARY_PATH=/home/runner/work/pixi_rosdistro/pixi_rosdistro/install/lib PATH=/home/runner/work/pixi_rosdistro/pixi_rosdistro/install/bin:/opt/microsoft/powershell/7:${PATH} PIXI_PROMPT=(ros2_rolling) PKG_CONFIG_PATH=/home/runner/work/pixi_rosdistro/pixi_rosdistro/install/lib/pkgconfig PSModulePath=/home/runner/.local/share/powershell/Modules:${PSModulePath} PYTHONPATH=/home/runner/work/pixi_rosdistro/pixi_rosdistro/install/lib/python3.12/site-packages /home/runner/work/pixi_rosdistro/pixi_rosdistro/.pixi/envs/default/bin/cmake --build /home/runner/work/pixi_rosdistro/pixi_rosdistro/build/rosidl_runtime_c -- -j4 -l4
[8.635s] [1/43] Building C object CMakeFiles/rosidl_runtime_c.dir/src/message_type_support.c.o
[8.761s] [2/43] Building C object CMakeFiles/rosidl_runtime_c.dir/src/primitives_sequence_functions.c.o
[8.929s] [3/43] Building C object CMakeFiles/rosidl_runtime_c.dir/src/sequence_bound.c.o
[9.068s] [4/43] Building C object CMakeFiles/rosidl_runtime_c.dir/src/service_type_support.c.o
[9.282s] [5/43] Building C object CMakeFiles/rosidl_runtime_c.dir/src/string_functions.c.o
[9.432s] [6/43] Building C object CMakeFiles/rosidl_runtime_c.dir/src/type_hash.c.o
[9.607s] [7/43] Building C object CMakeFiles/rosidl_runtime_c.dir/src/u16string_functions.c.o
[9.782s] [8/43] Building C object CMakeFiles/rosidl_runtime_c.dir/src/type_description_utils.c.o
[9.922s] [9/43] Building C object CMakeFiles/rosidl_runtime_c.dir/src/type_description/field__description.c.o
[10.056s] [10/43] Building C object CMakeFiles/rosidl_runtime_c.dir/src/type_description/field__functions.c.o
[10.237s] [11/43] Building C object CMakeFiles/rosidl_runtime_c.dir/src/type_description/field_type__description.c.o
[10.480s] [12/43] Building C object CMakeFiles/rosidl_runtime_c.dir/src/type_description/field_type__functions.c.o
[10.600s] [13/43] Building C object CMakeFiles/rosidl_runtime_c.dir/src/type_description/individual_type_description__description.c.o
[10.761s] [14/43] Building C object CMakeFiles/rosidl_runtime_c.dir/src/type_description/individual_type_description__functions.c.o
[10.942s] [15/43] Building C object CMakeFiles/rosidl_runtime_c.dir/src/type_description/key_value__description.c.o
[11.160s] [16/43] Building C object CMakeFiles/rosidl_runtime_c.dir/src/type_description/key_value__functions.c.o
[11.312s] [17/43] Building C object CMakeFiles/rosidl_runtime_c.dir/src/type_description/type_description__description.c.o
[11.438s] [18/43] Building C object CMakeFiles/rosidl_runtime_c.dir/src/type_description/type_description__functions.c.o
[11.578s] [19/43] Building C object CMakeFiles/rosidl_runtime_c.dir/src/type_description/type_source__description.c.o
[11.747s] [20/43] Building C object CMakeFiles/rosidl_runtime_c.dir/src/type_description/type_source__functions.c.o
[12.494s] [21/43] Building CXX object gtest/CMakeFiles/gtest.dir/src/gtest-all.cc.o
[12.946s] [22/43] Building CXX object gtest/CMakeFiles/gtest_main.dir/src/gtest_main.cc.o
[13.004s] [23/43] Linking C shared library librosidl_runtime_c.so
[13.386s] [24/43] Building CXX object CMakeFiles/test_message_type_support.dir/test/test_message_type_support.cpp.o
[14.095s] [25/43] Building CXX object CMakeFiles/test_primitives_sequence_functions.dir/test/test_primitives_sequence_functions.cpp.o
[14.678s] [26/43] Building CXX object CMakeFiles/test_sequence_bound.dir/test/test_sequence_bound.cpp.o
[15.054s] [27/43] Building CXX object CMakeFiles/test_service_type_support.dir/test/test_service_type_support.cpp.o
[15.695s] [28/43] Building CXX object CMakeFiles/test_string_functions.dir/test/test_string_functions.cpp.o
[16.114s] [29/43] Building CXX object CMakeFiles/test_type_hash.dir/test/test_type_hash.cpp.o
[16.550s] [30/43] Building CXX object CMakeFiles/test_u16string_functions.dir/test/test_u16string_functions.cpp.o
[16.939s] [31/43] Building CXX object CMakeFiles/test_type_description_utils.dir/test/test_type_description_utils.cpp.o
[17.296s] [32/43] Building CXX object CMakeFiles/benchmark_string_conversion.dir/test/benchmark/benchmark_string_conversion.cpp.o
[17.314s] [33/43] Linking CXX static library gtest/libgtest.a
[17.323s] [34/43] Linking CXX static library gtest/libgtest_main.a
[17.412s] [35/43] Linking CXX executable test_message_type_support
[17.573s] [36/43] Linking CXX executable test_primitives_sequence_functions
[17.697s] [37/43] Linking CXX executable test_sequence_bound
[17.856s] [38/43] Linking CXX executable test_service_type_support
[17.971s] [39/43] Linking CXX executable test_string_functions
[18.075s] [40/43] Linking CXX executable test_type_hash
[18.192s] [41/43] Linking CXX executable test_u16string_functions
[18.378s] [42/43] Linking CXX executable test_type_description_utils
[18.466s] [43/43] Linking CXX executable benchmark_string_conversion
[18.471s] Invoked command in '/home/runner/work/pixi_rosdistro/pixi_rosdistro/build/rosidl_runtime_c' returned '0': AMENT_PREFIX_PATH=/home/runner/work/pixi_rosdistro/pixi_rosdistro/install CMAKE_PREFIX_PATH=/home/runner/work/pixi_rosdistro/pixi_rosdistro/install:${CMAKE_PREFIX_PATH} LD_LIBRARY_PATH=/home/runner/work/pixi_rosdistro/pixi_rosdistro/install/lib PATH=/home/runner/work/pixi_rosdistro/pixi_rosdistro/install/bin:/opt/microsoft/powershell/7:${PATH} PIXI_PROMPT=(ros2_rolling) PKG_CONFIG_PATH=/home/runner/work/pixi_rosdistro/pixi_rosdistro/install/lib/pkgconfig PSModulePath=/home/runner/.local/share/powershell/Modules:${PSModulePath} PYTHONPATH=/home/runner/work/pixi_rosdistro/pixi_rosdistro/install/lib/python3.12/site-packages /home/runner/work/pixi_rosdistro/pixi_rosdistro/.pixi/envs/default/bin/cmake --build /home/runner/work/pixi_rosdistro/pixi_rosdistro/build/rosidl_runtime_c -- -j4 -l4
[18.472s] Invoking command in '/home/runner/work/pixi_rosdistro/pixi_rosdistro/build/rosidl_runtime_c': AMENT_PREFIX_PATH=/home/runner/work/pixi_rosdistro/pixi_rosdistro/install CMAKE_PREFIX_PATH=/home/runner/work/pixi_rosdistro/pixi_rosdistro/install:${CMAKE_PREFIX_PATH} LD_LIBRARY_PATH=/home/runner/work/pixi_rosdistro/pixi_rosdistro/install/lib PATH=/home/runner/work/pixi_rosdistro/pixi_rosdistro/install/bin:/opt/microsoft/powershell/7:${PATH} PIXI_PROMPT=(ros2_rolling) PKG_CONFIG_PATH=/home/runner/work/pixi_rosdistro/pixi_rosdistro/install/lib/pkgconfig PSModulePath=/home/runner/.local/share/powershell/Modules:${PSModulePath} PYTHONPATH=/home/runner/work/pixi_rosdistro/pixi_rosdistro/install/lib/python3.12/site-packages /home/runner/work/pixi_rosdistro/pixi_rosdistro/.pixi/envs/default/bin/cmake --install /home/runner/work/pixi_rosdistro/pixi_rosdistro/build/rosidl_runtime_c
[18.487s] -- Install configuration: "Release"
[18.489s] -- Installing: /home/runner/work/pixi_rosdistro/pixi_rosdistro/install/share/rosidl_runtime_c/environment/library_path.sh
[18.489s] -- Installing: /home/runner/work/pixi_rosdistro/pixi_rosdistro/install/share/rosidl_runtime_c/environment/library_path.dsv
[18.496s] -- Installing: /home/runner/work/pixi_rosdistro/pixi_rosdistro/install/share/ament_index/resource_index/rosidl_runtime_packages/rosidl_runtime_c
[18.496s] -- Installing: /home/runner/work/pixi_rosdistro/pixi_rosdistro/install/include/rosidl_runtime_c
[18.496s] -- Installing: /home/runner/work/pixi_rosdistro/pixi_rosdistro/install/include/rosidl_runtime_c/rosidl_runtime_c
[18.496s] -- Installing: /home/runner/work/pixi_rosdistro/pixi_rosdistro/install/include/rosidl_runtime_c/rosidl_runtime_c/u16string.h
[18.496s] -- Installing: /home/runner/work/pixi_rosdistro/pixi_rosdistro/install/include/rosidl_runtime_c/rosidl_runtime_c/sequence_bound.h
[18.496s] -- Installing: /home/runner/work/pixi_rosdistro/pixi_rosdistro/install/include/rosidl_runtime_c/rosidl_runtime_c/string_functions.h
[18.497s] -- Installing: /home/runner/work/pixi_rosdistro/pixi_rosdistro/install/include/rosidl_runtime_c/rosidl_runtime_c/string.h
[18.498s] -- Installing: /home/runner/work/pixi_rosdistro/pixi_rosdistro/install/include/rosidl_runtime_c/rosidl_runtime_c/primitives_sequence_functions.h
[18.498s] -- Installing: /home/runner/work/pixi_rosdistro/pixi_rosdistro/install/include/rosidl_runtime_c/rosidl_runtime_c/u16string_functions.h
[18.498s] -- Installing: /home/runner/work/pixi_rosdistro/pixi_rosdistro/install/include/rosidl_runtime_c/rosidl_runtime_c/type_description_utils.h
[18.499s] -- Installing: /home/runner/work/pixi_rosdistro/pixi_rosdistro/install/include/rosidl_runtime_c/rosidl_runtime_c/primitives_sequence.h
[18.499s] -- Installing: /home/runner/work/pixi_rosdistro/pixi_rosdistro/install/include/rosidl_runtime_c/rosidl_runtime_c/message_initialization.h
[18.501s] -- Installing: /home/runner/work/pixi_rosdistro/pixi_rosdistro/install/include/rosidl_runtime_c/rosidl_runtime_c/message_type_support_struct.h
[18.501s] -- Installing: /home/runner/work/pixi_rosdistro/pixi_rosdistro/install/include/rosidl_runtime_c/rosidl_runtime_c/visibility_control.h
[18.501s] -- Installing: /home/runner/work/pixi_rosdistro/pixi_rosdistro/install/include/rosidl_runtime_c/rosidl_runtime_c/service_type_support_struct.h
[18.501s] -- Installing: /home/runner/work/pixi_rosdistro/pixi_rosdistro/install/include/rosidl_runtime_c/rosidl_runtime_c/action_type_support_struct.h
[18.502s] -- Installing: /home/runner/work/pixi_rosdistro/pixi_rosdistro/install/include/rosidl_runtime_c/rosidl_runtime_c/string_bound.h
[18.502s] -- Installing: /home/runner/work/pixi_rosdistro/pixi_rosdistro/install/include/rosidl_runtime_c/rosidl_runtime_c/type_hash.h
[18.502s] -- Installing: /home/runner/work/pixi_rosdistro/pixi_rosdistro/install/include/rosidl_runtime_c/rosidl_runtime_c/type_description
[18.502s] -- Installing: /home/runner/work/pixi_rosdistro/pixi_rosdistro/install/include/rosidl_runtime_c/rosidl_runtime_c/type_description/field_type__functions.h
[18.502s] -- Installing: /home/runner/work/pixi_rosdistro/pixi_rosdistro/install/include/rosidl_runtime_c/rosidl_runtime_c/type_description/type_source__struct.h
[18.502s] -- Installing: /home/runner/work/pixi_rosdistro/pixi_rosdistro/install/include/rosidl_runtime_c/rosidl_runtime_c/type_description/field__struct.h
[18.503s] -- Installing: /home/runner/work/pixi_rosdistro/pixi_rosdistro/install/include/rosidl_runtime_c/rosidl_runtime_c/type_description/type_description__struct.h
[18.503s] -- Installing: /home/runner/work/pixi_rosdistro/pixi_rosdistro/install/include/rosidl_runtime_c/rosidl_runtime_c/type_description/field_type__struct.h
[18.504s] -- Installing: /home/runner/work/pixi_rosdistro/pixi_rosdistro/install/include/rosidl_runtime_c/rosidl_runtime_c/type_description/key_value__struct.h
[18.504s] -- Installing: /home/runner/work/pixi_rosdistro/pixi_rosdistro/install/include/rosidl_runtime_c/rosidl_runtime_c/type_description/individual_type_description__functions.h
[18.504s] -- Installing: /home/runner/work/pixi_rosdistro/pixi_rosdistro/install/include/rosidl_runtime_c/rosidl_runtime_c/type_description/key_value__functions.h
[18.505s] -- Installing: /home/runner/work/pixi_rosdistro/pixi_rosdistro/install/include/rosidl_runtime_c/rosidl_runtime_c/type_description/field__functions.h
[18.505s] -- Installing: /home/runner/work/pixi_rosdistro/pixi_rosdistro/install/include/rosidl_runtime_c/rosidl_runtime_c/type_description/type_source__functions.h
[18.506s] -- Installing: /home/runner/work/pixi_rosdistro/pixi_rosdistro/install/include/rosidl_runtime_c/rosidl_runtime_c/type_description/individual_type_description__struct.h
[18.506s] -- Installing: /home/runner/work/pixi_rosdistro/pixi_rosdistro/install/include/rosidl_runtime_c/rosidl_runtime_c/type_description/type_description__functions.h
[18.506s] -- Installing: /home/runner/work/pixi_rosdistro/pixi_rosdistro/install/lib/librosidl_runtime_c.so
[18.506s] -- Installing: /home/runner/work/pixi_rosdistro/pixi_rosdistro/install/share/ament_index/resource_index/package_run_dependencies/rosidl_runtime_c
[18.507s] -- Installing: /home/runner/work/pixi_rosdistro/pixi_rosdistro/install/share/ament_index/resource_index/parent_prefix_path/rosidl_runtime_c
[18.507s] -- Installing: /home/runner/work/pixi_rosdistro/pixi_rosdistro/install/share/rosidl_runtime_c/environment/ament_prefix_path.sh
[18.508s] -- Installing: /home/runner/work/pixi_rosdistro/pixi_rosdistro/install/share/rosidl_runtime_c/environment/ament_prefix_path.dsv
[18.508s] -- Installing: /home/runner/work/pixi_rosdistro/pixi_rosdistro/install/share/rosidl_runtime_c/environment/path.sh
[18.509s] -- Installing: /home/runner/work/pixi_rosdistro/pixi_rosdistro/install/share/rosidl_runtime_c/environment/path.dsv
[18.510s] -- Installing: /home/runner/work/pixi_rosdistro/pixi_rosdistro/install/share/rosidl_runtime_c/local_setup.bash
[18.510s] -- Installing: /home/runner/work/pixi_rosdistro/pixi_rosdistro/install/share/rosidl_runtime_c/local_setup.fish
[18.510s] -- Installing: /home/runner/work/pixi_rosdistro/pixi_rosdistro/install/share/rosidl_runtime_c/local_setup.sh
[18.510s] -- Installing: /home/runner/work/pixi_rosdistro/pixi_rosdistro/install/share/rosidl_runtime_c/local_setup.zsh
[18.511s] -- Installing: /home/runner/work/pixi_rosdistro/pixi_rosdistro/install/share/rosidl_runtime_c/local_setup.dsv
[18.511s] -- Installing: /home/runner/work/pixi_rosdistro/pixi_rosdistro/install/share/rosidl_runtime_c/package.dsv
[18.511s] -- Installing: /home/runner/work/pixi_rosdistro/pixi_rosdistro/install/share/ament_index/resource_index/packages/rosidl_runtime_c
[18.512s] -- Installing: /home/runner/work/pixi_rosdistro/pixi_rosdistro/install/share/rosidl_runtime_c/cmake/rosidl_runtime_cExport.cmake
[18.512s] -- Installing: /home/runner/work/pixi_rosdistro/pixi_rosdistro/install/share/rosidl_runtime_c/cmake/rosidl_runtime_cExport-release.cmake
[18.513s] -- Installing: /home/runner/work/pixi_rosdistro/pixi_rosdistro/install/share/rosidl_runtime_c/cmake/ament_cmake_export_dependencies-extras.cmake
[18.513s] -- Installing: /home/runner/work/pixi_rosdistro/pixi_rosdistro/install/share/rosidl_runtime_c/cmake/ament_cmake_export_include_directories-extras.cmake
[18.514s] -- Installing: /home/runner/work/pixi_rosdistro/pixi_rosdistro/install/share/rosidl_runtime_c/cmake/ament_cmake_export_libraries-extras.cmake
[18.515s] -- Installing: /home/runner/work/pixi_rosdistro/pixi_rosdistro/install/share/rosidl_runtime_c/cmake/ament_cmake_export_targets-extras.cmake
[18.515s] -- Installing: /home/runner/work/pixi_rosdistro/pixi_rosdistro/install/share/rosidl_runtime_c/cmake/rosidl_runtime_cConfig.cmake
[18.515s] -- Installing: /home/runner/work/pixi_rosdistro/pixi_rosdistro/install/share/rosidl_runtime_c/cmake/rosidl_runtime_cConfig-version.cmake
[18.515s] -- Installing: /home/runner/work/pixi_rosdistro/pixi_rosdistro/install/share/rosidl_runtime_c/package.xml
[18.520s] Invoked command in '/home/runner/work/pixi_rosdistro/pixi_rosdistro/build/rosidl_runtime_c' returned '0': AMENT_PREFIX_PATH=/home/runner/work/pixi_rosdistro/pixi_rosdistro/install CMAKE_PREFIX_PATH=/home/runner/work/pixi_rosdistro/pixi_rosdistro/install:${CMAKE_PREFIX_PATH} LD_LIBRARY_PATH=/home/runner/work/pixi_rosdistro/pixi_rosdistro/install/lib PATH=/home/runner/work/pixi_rosdistro/pixi_rosdistro/install/bin:/opt/microsoft/powershell/7:${PATH} PIXI_PROMPT=(ros2_rolling) PKG_CONFIG_PATH=/home/runner/work/pixi_rosdistro/pixi_rosdistro/install/lib/pkgconfig PSModulePath=/home/runner/.local/share/powershell/Modules:${PSModulePath} PYTHONPATH=/home/runner/work/pixi_rosdistro/pixi_rosdistro/install/lib/python3.12/site-packages /home/runner/work/pixi_rosdistro/pixi_rosdistro/.pixi/envs/default/bin/cmake --install /home/runner/work/pixi_rosdistro/pixi_rosdistro/build/rosidl_runtime_c
