[0.591s] Invoking command in '/Users/runner/work/pixi_rosdistro/pixi_rosdistro/src/ament/ament_lint/ament_cppcheck': AMENT_PREFIX_PATH=/Users/runner/work/pixi_rosdistro/pixi_rosdistro/install CMAKE_PREFIX_PATH=/Users/runner/work/pixi_rosdistro/pixi_rosdistro/install PATH=/Users/runner/work/pixi_rosdistro/pixi_rosdistro/install/bin:${PATH} PIXI_PROMPT=(ros2_rolling) PYTHONPATH=/Users/runner/work/pixi_rosdistro/pixi_rosdistro/build/ament_cppcheck/prefix_override:/Users/runner/work/pixi_rosdistro/pixi_rosdistro/.pixi/envs/default/lib/python3.12/site-packages/colcon_core/task/python/colcon_distutils_commands:/Users/runner/work/pixi_rosdistro/pixi_rosdistro/install/lib/python3.12/site-packages:/Users/runner/work/pixi_rosdistro/pixi_rosdistro/install/lib/python3.12/site-packages SHLVL=3 _=/usr/bin/env /Users/runner/work/pixi_rosdistro/pixi_rosdistro/.pixi/envs/default/bin/python3.12 -W ignore:setup.py install is deprecated -W ignore:easy_install command is deprecated setup.py egg_info --egg-base ../../../../build/ament_cppcheck build --build-base /Users/runner/work/pixi_rosdistro/pixi_rosdistro/build/ament_cppcheck/build install --record /Users/runner/work/pixi_rosdistro/pixi_rosdistro/build/ament_cppcheck/install.log --single-version-externally-managed install_data
[0.827s] running egg_info
[0.831s] creating ../../../../build/ament_cppcheck/ament_cppcheck.egg-info
[0.831s] writing ../../../../build/ament_cppcheck/ament_cppcheck.egg-info/PKG-INFO
[0.852s] writing dependency_links to ../../../../build/ament_cppcheck/ament_cppcheck.egg-info/dependency_links.txt
[0.852s] writing entry points to ../../../../build/ament_cppcheck/ament_cppcheck.egg-info/entry_points.txt
[0.853s] writing requirements to ../../../../build/ament_cppcheck/ament_cppcheck.egg-info/requires.txt
[0.853s] writing top-level names to ../../../../build/ament_cppcheck/ament_cppcheck.egg-info/top_level.txt
[0.853s] writing manifest file '../../../../build/ament_cppcheck/ament_cppcheck.egg-info/SOURCES.txt'
[0.865s] reading manifest file '../../../../build/ament_cppcheck/ament_cppcheck.egg-info/SOURCES.txt'
[0.866s] writing manifest file '../../../../build/ament_cppcheck/ament_cppcheck.egg-info/SOURCES.txt'
[0.866s] running build
[0.867s] running build_py
[0.867s] creating /Users/runner/work/pixi_rosdistro/pixi_rosdistro/build/ament_cppcheck/build/lib/ament_cppcheck
[0.868s] copying ament_cppcheck/__init__.py -> /Users/runner/work/pixi_rosdistro/pixi_rosdistro/build/ament_cppcheck/build/lib/ament_cppcheck
[0.868s] copying ament_cppcheck/main.py -> /Users/runner/work/pixi_rosdistro/pixi_rosdistro/build/ament_cppcheck/build/lib/ament_cppcheck
[0.869s] copying ament_cppcheck/py.typed -> /Users/runner/work/pixi_rosdistro/pixi_rosdistro/build/ament_cppcheck/build/lib/ament_cppcheck
[0.869s] running install
[0.875s] running install_lib
[0.884s] creating /Users/runner/work/pixi_rosdistro/pixi_rosdistro/install/lib/python3.12/site-packages/ament_cppcheck
[0.884s] copying /Users/runner/work/pixi_rosdistro/pixi_rosdistro/build/ament_cppcheck/build/lib/ament_cppcheck/__init__.py -> /Users/runner/work/pixi_rosdistro/pixi_rosdistro/install/lib/python3.12/site-packages/ament_cppcheck
[0.885s] copying /Users/runner/work/pixi_rosdistro/pixi_rosdistro/build/ament_cppcheck/build/lib/ament_cppcheck/py.typed -> /Users/runner/work/pixi_rosdistro/pixi_rosdistro/install/lib/python3.12/site-packages/ament_cppcheck
[0.885s] copying /Users/runner/work/pixi_rosdistro/pixi_rosdistro/build/ament_cppcheck/build/lib/ament_cppcheck/main.py -> /Users/runner/work/pixi_rosdistro/pixi_rosdistro/install/lib/python3.12/site-packages/ament_cppcheck
[0.886s] byte-compiling /Users/runner/work/pixi_rosdistro/pixi_rosdistro/install/lib/python3.12/site-packages/ament_cppcheck/__init__.py to __init__.cpython-312.pyc
[0.887s] byte-compiling /Users/runner/work/pixi_rosdistro/pixi_rosdistro/install/lib/python3.12/site-packages/ament_cppcheck/main.py to main.cpython-312.pyc
[0.890s] running install_data
[0.890s] copying package.xml -> /Users/runner/work/pixi_rosdistro/pixi_rosdistro/install/share/ament_cppcheck
[0.891s] copying resource/ament_cppcheck -> /Users/runner/work/pixi_rosdistro/pixi_rosdistro/install/share/ament_index/resource_index/packages
[0.891s] running install_egg_info
[0.898s] Copying ../../../../build/ament_cppcheck/ament_cppcheck.egg-info to /Users/runner/work/pixi_rosdistro/pixi_rosdistro/install/lib/python3.12/site-packages/ament_cppcheck-0.20.3-py3.12.egg-info
[0.901s] running install_scripts
[0.919s] Installing ament_cppcheck script to /Users/runner/work/pixi_rosdistro/pixi_rosdistro/install/bin
[0.919s] writing list of installed files to '/Users/runner/work/pixi_rosdistro/pixi_rosdistro/build/ament_cppcheck/install.log'
[0.943s] Invoked command in '/Users/runner/work/pixi_rosdistro/pixi_rosdistro/src/ament/ament_lint/ament_cppcheck' returned '0': AMENT_PREFIX_PATH=/Users/runner/work/pixi_rosdistro/pixi_rosdistro/install CMAKE_PREFIX_PATH=/Users/runner/work/pixi_rosdistro/pixi_rosdistro/install PATH=/Users/runner/work/pixi_rosdistro/pixi_rosdistro/install/bin:${PATH} PIXI_PROMPT=(ros2_rolling) PYTHONPATH=/Users/runner/work/pixi_rosdistro/pixi_rosdistro/build/ament_cppcheck/prefix_override:/Users/runner/work/pixi_rosdistro/pixi_rosdistro/.pixi/envs/default/lib/python3.12/site-packages/colcon_core/task/python/colcon_distutils_commands:/Users/runner/work/pixi_rosdistro/pixi_rosdistro/install/lib/python3.12/site-packages:/Users/runner/work/pixi_rosdistro/pixi_rosdistro/install/lib/python3.12/site-packages SHLVL=3 _=/usr/bin/env /Users/runner/work/pixi_rosdistro/pixi_rosdistro/.pixi/envs/default/bin/python3.12 -W ignore:setup.py install is deprecated -W ignore:easy_install command is deprecated setup.py egg_info --egg-base ../../../../build/ament_cppcheck build --build-base /Users/runner/work/pixi_rosdistro/pixi_rosdistro/build/ament_cppcheck/build install --record /Users/runner/work/pixi_rosdistro/pixi_rosdistro/build/ament_cppcheck/install.log --single-version-externally-managed install_data
