[0.488s] Invoking command in '/Users/runner/work/pixi_rosdistro/pixi_rosdistro/build/rosidl_generator_rs': AMENT_PREFIX_PATH=/Users/runner/work/pixi_rosdistro/pixi_rosdistro/install CMAKE_PREFIX_PATH=/Users/runner/work/pixi_rosdistro/pixi_rosdistro/install DYLD_LIBRARY_PATH=/Users/runner/work/pixi_rosdistro/pixi_rosdistro/install/lib:/Users/runner/work/pixi_rosdistro/pixi_rosdistro/install/opt/mimick_vendor/lib PATH=/Users/runner/work/pixi_rosdistro/pixi_rosdistro/install/bin:${PATH} PIXI_PROMPT=(ros2_rolling) PKG_CONFIG_PATH=/Users/runner/work/pixi_rosdistro/pixi_rosdistro/install/lib/pkgconfig PYTHONPATH=/Users/runner/work/pixi_rosdistro/pixi_rosdistro/install/lib/python3.14/site-packages ROS_PYTHON_VERSION=3 SHLVL=3 _=/usr/bin/env /Users/runner/work/pixi_rosdistro/pixi_rosdistro/.pixi/envs/default/bin/cmake /Users/runner/work/pixi_rosdistro/pixi_rosdistro/src/ros2-rust/rosidl_rust/rosidl_generator_rs -GNinja --no-warn-unused-cli -DCMAKE_BUILD_TYPE=Release -DCMAKE_BUILD_WITH_INSTALL_RPATH:bool=TRUE -DCMAKE_POLICY_VERSION_MINIMUM=3.5 -Wno-deprecated -DSTACK_DETAILS_AUTO_DETECT:bool=FALSE -DSTACK_DETAILS_BFD:bool=FALSE -DCMAKE_INSTALL_PREFIX=/Users/runner/work/pixi_rosdistro/pixi_rosdistro/install
[0.681s] Not searching for unused variables given on the command line.
[0.681s] -- The C compiler identification is AppleClang 17.0.0.17000013
[0.802s] -- The CXX compiler identification is AppleClang 17.0.0.17000013
[0.841s] -- Detecting C compiler ABI info
[1.189s] -- Detecting C compiler ABI info - done
[1.217s] -- Check for working C compiler: /usr/bin/cc - skipped
[1.218s] -- Detecting C compile features
[1.218s] -- Detecting C compile features - done
[1.223s] -- Detecting CXX compiler ABI info
[1.568s] -- Detecting CXX compiler ABI info - done
[1.613s] -- Check for working CXX compiler: /usr/bin/c++ - skipped
[1.613s] -- Detecting CXX compile features
[1.613s] -- Detecting CXX compile features - done
[1.623s] -- Found ament_cmake: 2.8.6 (/Users/runner/work/pixi_rosdistro/pixi_rosdistro/install/share/ament_cmake/cmake)
[2.233s] -- Configuring done (1.7s)
[2.254s] -- Generating done (0.0s)
[2.259s] -- Build files have been written to: /Users/runner/work/pixi_rosdistro/pixi_rosdistro/build/rosidl_generator_rs
[2.262s] Invoked command in '/Users/runner/work/pixi_rosdistro/pixi_rosdistro/build/rosidl_generator_rs' returned '0': AMENT_PREFIX_PATH=/Users/runner/work/pixi_rosdistro/pixi_rosdistro/install CMAKE_PREFIX_PATH=/Users/runner/work/pixi_rosdistro/pixi_rosdistro/install DYLD_LIBRARY_PATH=/Users/runner/work/pixi_rosdistro/pixi_rosdistro/install/lib:/Users/runner/work/pixi_rosdistro/pixi_rosdistro/install/opt/mimick_vendor/lib PATH=/Users/runner/work/pixi_rosdistro/pixi_rosdistro/install/bin:${PATH} PIXI_PROMPT=(ros2_rolling) PKG_CONFIG_PATH=/Users/runner/work/pixi_rosdistro/pixi_rosdistro/install/lib/pkgconfig PYTHONPATH=/Users/runner/work/pixi_rosdistro/pixi_rosdistro/install/lib/python3.14/site-packages ROS_PYTHON_VERSION=3 SHLVL=3 _=/usr/bin/env /Users/runner/work/pixi_rosdistro/pixi_rosdistro/.pixi/envs/default/bin/cmake /Users/runner/work/pixi_rosdistro/pixi_rosdistro/src/ros2-rust/rosidl_rust/rosidl_generator_rs -GNinja --no-warn-unused-cli -DCMAKE_BUILD_TYPE=Release -DCMAKE_BUILD_WITH_INSTALL_RPATH:bool=TRUE -DCMAKE_POLICY_VERSION_MINIMUM=3.5 -Wno-deprecated -DSTACK_DETAILS_AUTO_DETECT:bool=FALSE -DSTACK_DETAILS_BFD:bool=FALSE -DCMAKE_INSTALL_PREFIX=/Users/runner/work/pixi_rosdistro/pixi_rosdistro/install
[2.265s] Invoking command in '/Users/runner/work/pixi_rosdistro/pixi_rosdistro/build/rosidl_generator_rs': AMENT_PREFIX_PATH=/Users/runner/work/pixi_rosdistro/pixi_rosdistro/install CMAKE_PREFIX_PATH=/Users/runner/work/pixi_rosdistro/pixi_rosdistro/install DYLD_LIBRARY_PATH=/Users/runner/work/pixi_rosdistro/pixi_rosdistro/install/lib:/Users/runner/work/pixi_rosdistro/pixi_rosdistro/install/opt/mimick_vendor/lib PATH=/Users/runner/work/pixi_rosdistro/pixi_rosdistro/install/bin:${PATH} PIXI_PROMPT=(ros2_rolling) PKG_CONFIG_PATH=/Users/runner/work/pixi_rosdistro/pixi_rosdistro/install/lib/pkgconfig PYTHONPATH=/Users/runner/work/pixi_rosdistro/pixi_rosdistro/install/lib/python3.14/site-packages ROS_PYTHON_VERSION=3 SHLVL=3 _=/usr/bin/env /Users/runner/work/pixi_rosdistro/pixi_rosdistro/.pixi/envs/default/bin/cmake --build /Users/runner/work/pixi_rosdistro/pixi_rosdistro/build/rosidl_generator_rs -- -j3 -l3
[2.316s] [1/2] cd /Users/runner/work/pixi_rosdistro/pixi_rosdistro/build/rosidl_generator_rs && /Users/runner/work/pixi_rosdistro/pixi_rosdistro/.pixi/envs/default/bin/cmake -E copy_directory /Users/runner/work/pixi_rosdistro/pixi_rosdistro/src/ros2-rust/rosidl_rust/rosidl_generator_rs/rosidl_generator_rs /Users/runner/work/pixi_rosdistro/pixi_rosdistro/build/rosidl_generator_rs/ament_cmake_python/rosidl_generator_rs/rosidl_generator_rs
[2.540s] [2/2] cd /Users/runner/work/pixi_rosdistro/pixi_rosdistro/build/rosidl_generator_rs/ament_cmake_python/rosidl_generator_rs && /Users/runner/work/pixi_rosdistro/pixi_rosdistro/.pixi/envs/default/bin/python3 setup.py egg_info
[2.540s] running egg_info
[2.540s] creating rosidl_generator_rs.egg-info
[2.540s] writing rosidl_generator_rs.egg-info/PKG-INFO
[2.540s] writing dependency_links to rosidl_generator_rs.egg-info/dependency_links.txt
[2.540s] writing top-level names to rosidl_generator_rs.egg-info/top_level.txt
[2.540s] writing manifest file 'rosidl_generator_rs.egg-info/SOURCES.txt'
[2.540s] reading manifest file 'rosidl_generator_rs.egg-info/SOURCES.txt'
[2.540s] writing manifest file 'rosidl_generator_rs.egg-info/SOURCES.txt'
[2.544s] Invoked command in '/Users/runner/work/pixi_rosdistro/pixi_rosdistro/build/rosidl_generator_rs' returned '0': AMENT_PREFIX_PATH=/Users/runner/work/pixi_rosdistro/pixi_rosdistro/install CMAKE_PREFIX_PATH=/Users/runner/work/pixi_rosdistro/pixi_rosdistro/install DYLD_LIBRARY_PATH=/Users/runner/work/pixi_rosdistro/pixi_rosdistro/install/lib:/Users/runner/work/pixi_rosdistro/pixi_rosdistro/install/opt/mimick_vendor/lib PATH=/Users/runner/work/pixi_rosdistro/pixi_rosdistro/install/bin:${PATH} PIXI_PROMPT=(ros2_rolling) PKG_CONFIG_PATH=/Users/runner/work/pixi_rosdistro/pixi_rosdistro/install/lib/pkgconfig PYTHONPATH=/Users/runner/work/pixi_rosdistro/pixi_rosdistro/install/lib/python3.14/site-packages ROS_PYTHON_VERSION=3 SHLVL=3 _=/usr/bin/env /Users/runner/work/pixi_rosdistro/pixi_rosdistro/.pixi/envs/default/bin/cmake --build /Users/runner/work/pixi_rosdistro/pixi_rosdistro/build/rosidl_generator_rs -- -j3 -l3
[2.545s] Invoking command in '/Users/runner/work/pixi_rosdistro/pixi_rosdistro/build/rosidl_generator_rs': AMENT_PREFIX_PATH=/Users/runner/work/pixi_rosdistro/pixi_rosdistro/install CMAKE_PREFIX_PATH=/Users/runner/work/pixi_rosdistro/pixi_rosdistro/install DYLD_LIBRARY_PATH=/Users/runner/work/pixi_rosdistro/pixi_rosdistro/install/lib:/Users/runner/work/pixi_rosdistro/pixi_rosdistro/install/opt/mimick_vendor/lib PATH=/Users/runner/work/pixi_rosdistro/pixi_rosdistro/install/bin:${PATH} PIXI_PROMPT=(ros2_rolling) PKG_CONFIG_PATH=/Users/runner/work/pixi_rosdistro/pixi_rosdistro/install/lib/pkgconfig PYTHONPATH=/Users/runner/work/pixi_rosdistro/pixi_rosdistro/install/lib/python3.14/site-packages ROS_PYTHON_VERSION=3 SHLVL=3 _=/usr/bin/env /Users/runner/work/pixi_rosdistro/pixi_rosdistro/.pixi/envs/default/bin/cmake --install /Users/runner/work/pixi_rosdistro/pixi_rosdistro/build/rosidl_generator_rs
[2.561s] -- Install configuration: "Release"
[2.562s] -- Installing: /Users/runner/work/pixi_rosdistro/pixi_rosdistro/install/share/ament_index/resource_index/rosidl_generator_packages/rosidl_generator_rs
[2.562s] -- Installing: /Users/runner/work/pixi_rosdistro/pixi_rosdistro/install/share/rosidl_generator_rs/environment/pythonpath.sh
[2.562s] -- Installing: /Users/runner/work/pixi_rosdistro/pixi_rosdistro/install/share/rosidl_generator_rs/environment/pythonpath.dsv
[2.562s] -- Installing: /Users/runner/work/pixi_rosdistro/pixi_rosdistro/install/share/ament_index/resource_index/package_run_dependencies/rosidl_generator_rs
[2.562s] -- Installing: /Users/runner/work/pixi_rosdistro/pixi_rosdistro/install/share/ament_index/resource_index/parent_prefix_path/rosidl_generator_rs
[2.563s] -- Installing: /Users/runner/work/pixi_rosdistro/pixi_rosdistro/install/share/rosidl_generator_rs/environment/ament_prefix_path.sh
[2.563s] -- Installing: /Users/runner/work/pixi_rosdistro/pixi_rosdistro/install/share/rosidl_generator_rs/environment/ament_prefix_path.dsv
[2.563s] -- Installing: /Users/runner/work/pixi_rosdistro/pixi_rosdistro/install/share/rosidl_generator_rs/environment/path.sh
[2.563s] -- Installing: /Users/runner/work/pixi_rosdistro/pixi_rosdistro/install/share/rosidl_generator_rs/environment/path.dsv
[2.563s] -- Installing: /Users/runner/work/pixi_rosdistro/pixi_rosdistro/install/share/rosidl_generator_rs/local_setup.bash
[2.564s] -- Installing: /Users/runner/work/pixi_rosdistro/pixi_rosdistro/install/share/rosidl_generator_rs/local_setup.fish
[2.564s] -- Installing: /Users/runner/work/pixi_rosdistro/pixi_rosdistro/install/share/rosidl_generator_rs/local_setup.sh
[2.564s] -- Installing: /Users/runner/work/pixi_rosdistro/pixi_rosdistro/install/share/rosidl_generator_rs/local_setup.zsh
[2.564s] -- Installing: /Users/runner/work/pixi_rosdistro/pixi_rosdistro/install/share/rosidl_generator_rs/local_setup.dsv
[2.564s] -- Installing: /Users/runner/work/pixi_rosdistro/pixi_rosdistro/install/share/rosidl_generator_rs/package.dsv
[2.564s] -- Installing: /Users/runner/work/pixi_rosdistro/pixi_rosdistro/install/share/ament_index/resource_index/packages/rosidl_generator_rs
[2.565s] -- Installing: /Users/runner/work/pixi_rosdistro/pixi_rosdistro/install/lib/python3.14/site-packages/rosidl_generator_rs-0.4.11-py3.14.egg-info
[2.565s] -- Installing: /Users/runner/work/pixi_rosdistro/pixi_rosdistro/install/lib/python3.14/site-packages/rosidl_generator_rs-0.4.11-py3.14.egg-info/PKG-INFO
[2.565s] -- Installing: /Users/runner/work/pixi_rosdistro/pixi_rosdistro/install/lib/python3.14/site-packages/rosidl_generator_rs-0.4.11-py3.14.egg-info/SOURCES.txt
[2.565s] -- Installing: /Users/runner/work/pixi_rosdistro/pixi_rosdistro/install/lib/python3.14/site-packages/rosidl_generator_rs-0.4.11-py3.14.egg-info/top_level.txt
[2.565s] -- Installing: /Users/runner/work/pixi_rosdistro/pixi_rosdistro/install/lib/python3.14/site-packages/rosidl_generator_rs-0.4.11-py3.14.egg-info/dependency_links.txt
[2.565s] -- Installing: /Users/runner/work/pixi_rosdistro/pixi_rosdistro/install/lib/python3.14/site-packages/rosidl_generator_rs
[2.565s] -- Installing: /Users/runner/work/pixi_rosdistro/pixi_rosdistro/install/lib/python3.14/site-packages/rosidl_generator_rs/__init__.py
[2.608s] Listing '/Users/runner/work/pixi_rosdistro/pixi_rosdistro/install/lib/python3.14/site-packages/rosidl_generator_rs'...
[2.608s] Compiling '/Users/runner/work/pixi_rosdistro/pixi_rosdistro/install/lib/python3.14/site-packages/rosidl_generator_rs/__init__.py'...
[2.613s] -- Installing: /Users/runner/work/pixi_rosdistro/pixi_rosdistro/install/share/rosidl_generator_rs/cmake/rosidl_generator_rs-extras.cmake
[2.613s] -- Installing: /Users/runner/work/pixi_rosdistro/pixi_rosdistro/install/share/rosidl_generator_rs/cmake/register_rs.cmake
[2.614s] -- Installing: /Users/runner/work/pixi_rosdistro/pixi_rosdistro/install/share/rosidl_generator_rs/cmake/ament_cmake_export_dependencies-extras.cmake
[2.614s] -- Installing: /Users/runner/work/pixi_rosdistro/pixi_rosdistro/install/share/rosidl_generator_rs/cmake/rosidl_generator_rsConfig.cmake
[2.614s] -- Installing: /Users/runner/work/pixi_rosdistro/pixi_rosdistro/install/share/rosidl_generator_rs/cmake/rosidl_generator_rsConfig-version.cmake
[2.614s] -- Installing: /Users/runner/work/pixi_rosdistro/pixi_rosdistro/install/share/rosidl_generator_rs/package.xml
[2.615s] -- Up-to-date: /Users/runner/work/pixi_rosdistro/pixi_rosdistro/install/share/rosidl_generator_rs/cmake
[2.615s] -- Installing: /Users/runner/work/pixi_rosdistro/pixi_rosdistro/install/share/rosidl_generator_rs/cmake/rosidl_generator_rs_generate_interfaces.cmake
[2.615s] -- Installing: /Users/runner/work/pixi_rosdistro/pixi_rosdistro/install/share/rosidl_generator_rs/cmake/custom_command.cmake
[2.615s] -- Up-to-date: /Users/runner/work/pixi_rosdistro/pixi_rosdistro/install/share/rosidl_generator_rs/cmake/register_rs.cmake
[2.615s] -- Installing: /Users/runner/work/pixi_rosdistro/pixi_rosdistro/install/lib/rosidl_generator_rs/rosidl_generator_rs
[2.615s] -- Up-to-date: /Users/runner/work/pixi_rosdistro/pixi_rosdistro/install/share/rosidl_generator_rs/cmake
[2.616s] -- Up-to-date: /Users/runner/work/pixi_rosdistro/pixi_rosdistro/install/share/rosidl_generator_rs/cmake/rosidl_generator_rs_generate_interfaces.cmake
[2.616s] -- Up-to-date: /Users/runner/work/pixi_rosdistro/pixi_rosdistro/install/share/rosidl_generator_rs/cmake/custom_command.cmake
[2.616s] -- Up-to-date: /Users/runner/work/pixi_rosdistro/pixi_rosdistro/install/share/rosidl_generator_rs/cmake/register_rs.cmake
[2.616s] -- Installing: /Users/runner/work/pixi_rosdistro/pixi_rosdistro/install/share/rosidl_generator_rs/resource
[2.616s] -- Installing: /Users/runner/work/pixi_rosdistro/pixi_rosdistro/install/share/rosidl_generator_rs/resource/srv.rs.em
[2.616s] -- Installing: /Users/runner/work/pixi_rosdistro/pixi_rosdistro/install/share/rosidl_generator_rs/resource/Cargo.toml.em
[2.616s] -- Installing: /Users/runner/work/pixi_rosdistro/pixi_rosdistro/install/share/rosidl_generator_rs/resource/msg.rs.em
[2.616s] -- Installing: /Users/runner/work/pixi_rosdistro/pixi_rosdistro/install/share/rosidl_generator_rs/resource/msg
[2.616s] -- Installing: /Users/runner/work/pixi_rosdistro/pixi_rosdistro/install/share/rosidl_generator_rs/resource/msg/rmw.rs.em
[2.616s] -- Installing: /Users/runner/work/pixi_rosdistro/pixi_rosdistro/install/share/rosidl_generator_rs/resource/lib.rs.em
[2.617s] -- Installing: /Users/runner/work/pixi_rosdistro/pixi_rosdistro/install/share/rosidl_generator_rs/resource/action
[2.617s] -- Installing: /Users/runner/work/pixi_rosdistro/pixi_rosdistro/install/share/rosidl_generator_rs/resource/action/rmw.rs.em
[2.617s] -- Installing: /Users/runner/work/pixi_rosdistro/pixi_rosdistro/install/share/rosidl_generator_rs/resource/action.rs.em
[2.617s] -- Installing: /Users/runner/work/pixi_rosdistro/pixi_rosdistro/install/share/rosidl_generator_rs/resource/templates
[2.617s] -- Installing: /Users/runner/work/pixi_rosdistro/pixi_rosdistro/install/share/rosidl_generator_rs/resource/templates/msg_rmw.rs.em
[2.617s] -- Installing: /Users/runner/work/pixi_rosdistro/pixi_rosdistro/install/share/rosidl_generator_rs/resource/templates/srv_idiomatic.rs.em
[2.617s] -- Installing: /Users/runner/work/pixi_rosdistro/pixi_rosdistro/install/share/rosidl_generator_rs/resource/templates/srv_rmw.rs.em
[2.617s] -- Installing: /Users/runner/work/pixi_rosdistro/pixi_rosdistro/install/share/rosidl_generator_rs/resource/templates/msg_idiomatic.rs.em
[2.618s] -- Installing: /Users/runner/work/pixi_rosdistro/pixi_rosdistro/install/share/rosidl_generator_rs/resource/build.rs.em
[2.618s] -- Installing: /Users/runner/work/pixi_rosdistro/pixi_rosdistro/install/share/rosidl_generator_rs/resource/srv
[2.618s] -- Installing: /Users/runner/work/pixi_rosdistro/pixi_rosdistro/install/share/rosidl_generator_rs/resource/srv/rmw.rs.em
[2.619s] Invoked command in '/Users/runner/work/pixi_rosdistro/pixi_rosdistro/build/rosidl_generator_rs' returned '0': AMENT_PREFIX_PATH=/Users/runner/work/pixi_rosdistro/pixi_rosdistro/install CMAKE_PREFIX_PATH=/Users/runner/work/pixi_rosdistro/pixi_rosdistro/install DYLD_LIBRARY_PATH=/Users/runner/work/pixi_rosdistro/pixi_rosdistro/install/lib:/Users/runner/work/pixi_rosdistro/pixi_rosdistro/install/opt/mimick_vendor/lib PATH=/Users/runner/work/pixi_rosdistro/pixi_rosdistro/install/bin:${PATH} PIXI_PROMPT=(ros2_rolling) PKG_CONFIG_PATH=/Users/runner/work/pixi_rosdistro/pixi_rosdistro/install/lib/pkgconfig PYTHONPATH=/Users/runner/work/pixi_rosdistro/pixi_rosdistro/install/lib/python3.14/site-packages ROS_PYTHON_VERSION=3 SHLVL=3 _=/usr/bin/env /Users/runner/work/pixi_rosdistro/pixi_rosdistro/.pixi/envs/default/bin/cmake --install /Users/runner/work/pixi_rosdistro/pixi_rosdistro/build/rosidl_generator_rs
