[1.237s] Invoking command in '/home/runner/work/pixi_rosdistro/pixi_rosdistro/build/urdfdom_headers': PATH=/opt/microsoft/powershell/7:${PATH} PIXI_PROMPT=(ros2_rolling) PSModulePath=/home/runner/.local/share/powershell/Modules:${PSModulePath} /home/runner/work/pixi_rosdistro/pixi_rosdistro/.pixi/envs/default/bin/cmake /home/runner/work/pixi_rosdistro/pixi_rosdistro/src/ros/urdfdom_headers -GNinja --no-warn-unused-cli -DCMAKE_BUILD_TYPE=Release -DCMAKE_BUILD_WITH_INSTALL_RPATH:bool=TRUE -DCMAKE_POLICY_VERSION_MINIMUM=3.5 -Wno-deprecated -DSTACK_DETAILS_AUTO_DETECT:bool=FALSE -DSTACK_DETAILS_BFD:bool=FALSE -DTRACETOOLS_DISABLED=ON -DCMAKE_INSTALL_PREFIX=/home/runner/work/pixi_rosdistro/pixi_rosdistro/install
[1.302s] Not searching for unused variables given on the command line.
[1.302s] -- The C compiler identification is GNU 14.3.0
[1.409s] -- The CXX compiler identification is GNU 14.3.0
[1.420s] -- Detecting C compiler ABI info
[1.541s] -- Detecting C compiler ABI info - done
[1.576s] -- Check for working C compiler: /home/runner/work/pixi_rosdistro/pixi_rosdistro/.pixi/envs/default/bin/x86_64-conda-linux-gnu-cc - skipped
[1.576s] -- Detecting C compile features
[1.577s] -- Detecting C compile features - done
[1.599s] -- Detecting CXX compiler ABI info
[1.752s] -- Detecting CXX compiler ABI info - done
[1.790s] -- Check for working CXX compiler: /home/runner/work/pixi_rosdistro/pixi_rosdistro/.pixi/envs/default/bin/x86_64-conda-linux-gnu-c++ - skipped
[1.790s] -- Detecting CXX compile features
[1.791s] -- Detecting CXX compile features - done
[1.803s] -- urdfdom_headers version 2.1.0
[1.808s] -- Configuration successful. Type make install to install urdfdom_headers.
[1.809s] -- Configuring done (0.6s)
[1.818s] -- Generating done (0.0s)
[1.820s] -- Build files have been written to: /home/runner/work/pixi_rosdistro/pixi_rosdistro/build/urdfdom_headers
[1.825s] Invoked command in '/home/runner/work/pixi_rosdistro/pixi_rosdistro/build/urdfdom_headers' returned '0': PATH=/opt/microsoft/powershell/7:${PATH} PIXI_PROMPT=(ros2_rolling) PSModulePath=/home/runner/.local/share/powershell/Modules:${PSModulePath} /home/runner/work/pixi_rosdistro/pixi_rosdistro/.pixi/envs/default/bin/cmake /home/runner/work/pixi_rosdistro/pixi_rosdistro/src/ros/urdfdom_headers -GNinja --no-warn-unused-cli -DCMAKE_BUILD_TYPE=Release -DCMAKE_BUILD_WITH_INSTALL_RPATH:bool=TRUE -DCMAKE_POLICY_VERSION_MINIMUM=3.5 -Wno-deprecated -DSTACK_DETAILS_AUTO_DETECT:bool=FALSE -DSTACK_DETAILS_BFD:bool=FALSE -DTRACETOOLS_DISABLED=ON -DCMAKE_INSTALL_PREFIX=/home/runner/work/pixi_rosdistro/pixi_rosdistro/install
[1.827s] Invoking command in '/home/runner/work/pixi_rosdistro/pixi_rosdistro/build/urdfdom_headers': PATH=/opt/microsoft/powershell/7:${PATH} PIXI_PROMPT=(ros2_rolling) PSModulePath=/home/runner/.local/share/powershell/Modules:${PSModulePath} /home/runner/work/pixi_rosdistro/pixi_rosdistro/.pixi/envs/default/bin/cmake --build /home/runner/work/pixi_rosdistro/pixi_rosdistro/build/urdfdom_headers -- -j4 -l4
[1.836s] ninja: no work to do.
[1.839s] Invoked command in '/home/runner/work/pixi_rosdistro/pixi_rosdistro/build/urdfdom_headers' returned '0': PATH=/opt/microsoft/powershell/7:${PATH} PIXI_PROMPT=(ros2_rolling) PSModulePath=/home/runner/.local/share/powershell/Modules:${PSModulePath} /home/runner/work/pixi_rosdistro/pixi_rosdistro/.pixi/envs/default/bin/cmake --build /home/runner/work/pixi_rosdistro/pixi_rosdistro/build/urdfdom_headers -- -j4 -l4
[1.840s] Invoking command in '/home/runner/work/pixi_rosdistro/pixi_rosdistro/build/urdfdom_headers': PATH=/opt/microsoft/powershell/7:${PATH} PIXI_PROMPT=(ros2_rolling) PSModulePath=/home/runner/.local/share/powershell/Modules:${PSModulePath} /home/runner/work/pixi_rosdistro/pixi_rosdistro/.pixi/envs/default/bin/cmake --install /home/runner/work/pixi_rosdistro/pixi_rosdistro/build/urdfdom_headers
[1.845s] -- Install configuration: "Release"
[1.845s] -- Installing: /home/runner/work/pixi_rosdistro/pixi_rosdistro/install/include/urdfdom_headers
[1.845s] -- Installing: /home/runner/work/pixi_rosdistro/pixi_rosdistro/install/include/urdfdom_headers/urdf_sensor
[1.846s] -- Installing: /home/runner/work/pixi_rosdistro/pixi_rosdistro/install/include/urdfdom_headers/urdf_sensor/sensor.h
[1.846s] -- Installing: /home/runner/work/pixi_rosdistro/pixi_rosdistro/install/include/urdfdom_headers/urdf_sensor/types.h
[1.846s] -- Installing: /home/runner/work/pixi_rosdistro/pixi_rosdistro/install/include/urdfdom_headers/urdf_world
[1.846s] -- Installing: /home/runner/work/pixi_rosdistro/pixi_rosdistro/install/include/urdfdom_headers/urdf_world/world.h
[1.847s] -- Installing: /home/runner/work/pixi_rosdistro/pixi_rosdistro/install/include/urdfdom_headers/urdf_world/types.h
[1.847s] -- Installing: /home/runner/work/pixi_rosdistro/pixi_rosdistro/install/include/urdfdom_headers/urdf_model
[1.847s] -- Installing: /home/runner/work/pixi_rosdistro/pixi_rosdistro/install/include/urdfdom_headers/urdf_model/twist.h
[1.847s] -- Installing: /home/runner/work/pixi_rosdistro/pixi_rosdistro/install/include/urdfdom_headers/urdf_model/utils.h
[1.848s] -- Installing: /home/runner/work/pixi_rosdistro/pixi_rosdistro/install/include/urdfdom_headers/urdf_model/pose.h
[1.848s] -- Installing: /home/runner/work/pixi_rosdistro/pixi_rosdistro/install/include/urdfdom_headers/urdf_model/joint.h
[1.848s] -- Installing: /home/runner/work/pixi_rosdistro/pixi_rosdistro/install/include/urdfdom_headers/urdf_model/color.h
[1.849s] -- Installing: /home/runner/work/pixi_rosdistro/pixi_rosdistro/install/include/urdfdom_headers/urdf_model/model.h
[1.849s] -- Installing: /home/runner/work/pixi_rosdistro/pixi_rosdistro/install/include/urdfdom_headers/urdf_model/link.h
[1.849s] -- Installing: /home/runner/work/pixi_rosdistro/pixi_rosdistro/install/include/urdfdom_headers/urdf_model/types.h
[1.849s] -- Installing: /home/runner/work/pixi_rosdistro/pixi_rosdistro/install/include/urdfdom_headers/urdf_exception
[1.849s] -- Installing: /home/runner/work/pixi_rosdistro/pixi_rosdistro/install/include/urdfdom_headers/urdf_exception/exception.h
[1.849s] -- Installing: /home/runner/work/pixi_rosdistro/pixi_rosdistro/install/lib/urdfdom_headers/cmake/urdfdom_headers-config.cmake
[1.849s] -- Installing: /home/runner/work/pixi_rosdistro/pixi_rosdistro/install/lib/urdfdom_headers/cmake/urdfdom_headers-config-version.cmake
[1.850s] -- Installing: /home/runner/work/pixi_rosdistro/pixi_rosdistro/install/lib/pkgconfig/urdfdom_headers.pc
[1.850s] -- Installing: /home/runner/work/pixi_rosdistro/pixi_rosdistro/install/lib/urdfdom_headers/cmake/urdfdom_headersExport.cmake
[1.851s] Invoked command in '/home/runner/work/pixi_rosdistro/pixi_rosdistro/build/urdfdom_headers' returned '0': PATH=/opt/microsoft/powershell/7:${PATH} PIXI_PROMPT=(ros2_rolling) PSModulePath=/home/runner/.local/share/powershell/Modules:${PSModulePath} /home/runner/work/pixi_rosdistro/pixi_rosdistro/.pixi/envs/default/bin/cmake --install /home/runner/work/pixi_rosdistro/pixi_rosdistro/build/urdfdom_headers
