[8.064s] Invoking command in '/home/runner/work/pixi_rosdistro/pixi_rosdistro/src/ament/ament_package': PATH=/opt/microsoft/powershell/7:${PATH} PIXI_PROMPT=(ros2_rolling) PSModulePath=/home/runner/.local/share/powershell/Modules:${PSModulePath} PYTHONPATH=/home/runner/work/pixi_rosdistro/pixi_rosdistro/build/ament_package/prefix_override:/home/runner/work/pixi_rosdistro/pixi_rosdistro/.pixi/envs/default/lib/python3.12/site-packages/colcon_core/task/python/colcon_distutils_commands:/home/runner/work/pixi_rosdistro/pixi_rosdistro/install/lib/python3.12/site-packages: ROS_DOMAIN_ID=227 /home/runner/work/pixi_rosdistro/pixi_rosdistro/.pixi/envs/default/bin/python3.12 -W ignore:setup.py install is deprecated -W ignore:easy_install command is deprecated setup.py egg_info --egg-base ../../../build/ament_package build --build-base /home/runner/work/pixi_rosdistro/pixi_rosdistro/build/ament_package/build install --record /home/runner/work/pixi_rosdistro/pixi_rosdistro/build/ament_package/install.log --single-version-externally-managed install_data
[8.296s] running egg_info
[8.305s] creating ../../../build/ament_package/ament_package.egg-info
[8.305s] writing ../../../build/ament_package/ament_package.egg-info/PKG-INFO
[8.306s] writing dependency_links to ../../../build/ament_package/ament_package.egg-info/dependency_links.txt
[8.307s] writing requirements to ../../../build/ament_package/ament_package.egg-info/requires.txt
[8.307s] writing top-level names to ../../../build/ament_package/ament_package.egg-info/top_level.txt
[8.307s] writing manifest file '../../../build/ament_package/ament_package.egg-info/SOURCES.txt'
[8.330s] reading manifest file '../../../build/ament_package/ament_package.egg-info/SOURCES.txt'
[8.330s] adding license file 'LICENSE'
[8.331s] writing manifest file '../../../build/ament_package/ament_package.egg-info/SOURCES.txt'
[8.331s] running build
[8.332s] running build_py
[8.332s] creating /home/runner/work/pixi_rosdistro/pixi_rosdistro/build/ament_package/build/lib/ament_package
[8.333s] copying ament_package/__init__.py -> /home/runner/work/pixi_rosdistro/pixi_rosdistro/build/ament_package/build/lib/ament_package
[8.333s] copying ament_package/templates.py -> /home/runner/work/pixi_rosdistro/pixi_rosdistro/build/ament_package/build/lib/ament_package
[8.333s] creating /home/runner/work/pixi_rosdistro/pixi_rosdistro/build/ament_package/build/lib/ament_package/template
[8.333s] copying ament_package/template/__init__.py -> /home/runner/work/pixi_rosdistro/pixi_rosdistro/build/ament_package/build/lib/ament_package/template
[8.334s] creating /home/runner/work/pixi_rosdistro/pixi_rosdistro/build/ament_package/build/lib/ament_package/template/environment_hook
[8.336s] copying ament_package/template/environment_hook/__init__.py -> /home/runner/work/pixi_rosdistro/pixi_rosdistro/build/ament_package/build/lib/ament_package/template/environment_hook
[8.336s] creating /home/runner/work/pixi_rosdistro/pixi_rosdistro/build/ament_package/build/lib/ament_package/template/package_level
[8.336s] copying ament_package/template/package_level/__init__.py -> /home/runner/work/pixi_rosdistro/pixi_rosdistro/build/ament_package/build/lib/ament_package/template/package_level
[8.336s] creating /home/runner/work/pixi_rosdistro/pixi_rosdistro/build/ament_package/build/lib/ament_package/template/prefix_level
[8.336s] copying ament_package/template/prefix_level/__init__.py -> /home/runner/work/pixi_rosdistro/pixi_rosdistro/build/ament_package/build/lib/ament_package/template/prefix_level
[8.336s] copying ament_package/template/prefix_level/_local_setup_util.py -> /home/runner/work/pixi_rosdistro/pixi_rosdistro/build/ament_package/build/lib/ament_package/template/prefix_level
[8.339s] copying ament_package/template/environment_hook/__init__.py -> /home/runner/work/pixi_rosdistro/pixi_rosdistro/build/ament_package/build/lib/ament_package/template/environment_hook
[8.339s] copying ament_package/template/environment_hook/pythonpath.sh.in -> /home/runner/work/pixi_rosdistro/pixi_rosdistro/build/ament_package/build/lib/ament_package/template/environment_hook
[8.339s] copying ament_package/template/environment_hook/pkg_config_path.sh -> /home/runner/work/pixi_rosdistro/pixi_rosdistro/build/ament_package/build/lib/ament_package/template/environment_hook
[8.339s] copying ament_package/template/environment_hook/ament_prefix_path.bat -> /home/runner/work/pixi_rosdistro/pixi_rosdistro/build/ament_package/build/lib/ament_package/template/environment_hook
[8.339s] copying ament_package/template/environment_hook/ament_prefix_path.sh -> /home/runner/work/pixi_rosdistro/pixi_rosdistro/build/ament_package/build/lib/ament_package/template/environment_hook
[8.340s] copying ament_package/template/environment_hook/path.sh -> /home/runner/work/pixi_rosdistro/pixi_rosdistro/build/ament_package/build/lib/ament_package/template/environment_hook
[8.340s] copying ament_package/template/environment_hook/path.bat -> /home/runner/work/pixi_rosdistro/pixi_rosdistro/build/ament_package/build/lib/ament_package/template/environment_hook
[8.340s] copying ament_package/template/environment_hook/pythonpath.bat.in -> /home/runner/work/pixi_rosdistro/pixi_rosdistro/build/ament_package/build/lib/ament_package/template/environment_hook
[8.340s] copying ament_package/template/environment_hook/library_path.sh -> /home/runner/work/pixi_rosdistro/pixi_rosdistro/build/ament_package/build/lib/ament_package/template/environment_hook
[8.340s] copying ament_package/template/environment_hook/pkg_config_path.bat -> /home/runner/work/pixi_rosdistro/pixi_rosdistro/build/ament_package/build/lib/ament_package/template/environment_hook
[8.340s] copying ament_package/template/package_level/__init__.py -> /home/runner/work/pixi_rosdistro/pixi_rosdistro/build/ament_package/build/lib/ament_package/template/package_level
[8.341s] copying ament_package/template/package_level/local_setup.bat.in -> /home/runner/work/pixi_rosdistro/pixi_rosdistro/build/ament_package/build/lib/ament_package/template/package_level
[8.341s] copying ament_package/template/package_level/local_setup.zsh.in -> /home/runner/work/pixi_rosdistro/pixi_rosdistro/build/ament_package/build/lib/ament_package/template/package_level
[8.342s] copying ament_package/template/package_level/local_setup.sh.in -> /home/runner/work/pixi_rosdistro/pixi_rosdistro/build/ament_package/build/lib/ament_package/template/package_level
[8.343s] copying ament_package/template/package_level/local_setup.bash.in -> /home/runner/work/pixi_rosdistro/pixi_rosdistro/build/ament_package/build/lib/ament_package/template/package_level
[8.345s] copying ament_package/template/package_level/local_setup.fish.in -> /home/runner/work/pixi_rosdistro/pixi_rosdistro/build/ament_package/build/lib/ament_package/template/package_level
[8.345s] copying ament_package/template/prefix_level/local_setup.zsh -> /home/runner/work/pixi_rosdistro/pixi_rosdistro/build/ament_package/build/lib/ament_package/template/prefix_level
[8.345s] copying ament_package/template/prefix_level/__init__.py -> /home/runner/work/pixi_rosdistro/pixi_rosdistro/build/ament_package/build/lib/ament_package/template/prefix_level
[8.345s] copying ament_package/template/prefix_level/local_setup.bat.in -> /home/runner/work/pixi_rosdistro/pixi_rosdistro/build/ament_package/build/lib/ament_package/template/prefix_level
[8.345s] copying ament_package/template/prefix_level/setup.bat.in -> /home/runner/work/pixi_rosdistro/pixi_rosdistro/build/ament_package/build/lib/ament_package/template/prefix_level
[8.346s] copying ament_package/template/prefix_level/setup.fish -> /home/runner/work/pixi_rosdistro/pixi_rosdistro/build/ament_package/build/lib/ament_package/template/prefix_level
[8.346s] copying ament_package/template/prefix_level/local_setup.sh.in -> /home/runner/work/pixi_rosdistro/pixi_rosdistro/build/ament_package/build/lib/ament_package/template/prefix_level
[8.347s] copying ament_package/template/prefix_level/setup.sh.in -> /home/runner/work/pixi_rosdistro/pixi_rosdistro/build/ament_package/build/lib/ament_package/template/prefix_level
[8.347s] copying ament_package/template/prefix_level/setup.bash -> /home/runner/work/pixi_rosdistro/pixi_rosdistro/build/ament_package/build/lib/ament_package/template/prefix_level
[8.348s] copying ament_package/template/prefix_level/setup.zsh -> /home/runner/work/pixi_rosdistro/pixi_rosdistro/build/ament_package/build/lib/ament_package/template/prefix_level
[8.349s] copying ament_package/template/prefix_level/_local_setup_util.py -> /home/runner/work/pixi_rosdistro/pixi_rosdistro/build/ament_package/build/lib/ament_package/template/prefix_level
[8.349s] copying ament_package/template/prefix_level/local_setup.bash -> /home/runner/work/pixi_rosdistro/pixi_rosdistro/build/ament_package/build/lib/ament_package/template/prefix_level
[8.349s] copying ament_package/template/prefix_level/local_setup.fish.in -> /home/runner/work/pixi_rosdistro/pixi_rosdistro/build/ament_package/build/lib/ament_package/template/prefix_level
[8.350s] running install
[8.359s] running install_lib
[8.373s] creating /home/runner/work/pixi_rosdistro/pixi_rosdistro/install/lib/python3.12/site-packages/ament_package
[8.373s] copying /home/runner/work/pixi_rosdistro/pixi_rosdistro/build/ament_package/build/lib/ament_package/__init__.py -> /home/runner/work/pixi_rosdistro/pixi_rosdistro/install/lib/python3.12/site-packages/ament_package
[8.373s] copying /home/runner/work/pixi_rosdistro/pixi_rosdistro/build/ament_package/build/lib/ament_package/templates.py -> /home/runner/work/pixi_rosdistro/pixi_rosdistro/install/lib/python3.12/site-packages/ament_package
[8.373s] creating /home/runner/work/pixi_rosdistro/pixi_rosdistro/install/lib/python3.12/site-packages/ament_package/template
[8.373s] copying /home/runner/work/pixi_rosdistro/pixi_rosdistro/build/ament_package/build/lib/ament_package/template/__init__.py -> /home/runner/work/pixi_rosdistro/pixi_rosdistro/install/lib/python3.12/site-packages/ament_package/template
[8.373s] creating /home/runner/work/pixi_rosdistro/pixi_rosdistro/install/lib/python3.12/site-packages/ament_package/template/environment_hook
[8.374s] copying /home/runner/work/pixi_rosdistro/pixi_rosdistro/build/ament_package/build/lib/ament_package/template/environment_hook/__init__.py -> /home/runner/work/pixi_rosdistro/pixi_rosdistro/install/lib/python3.12/site-packages/ament_package/template/environment_hook
[8.374s] copying /home/runner/work/pixi_rosdistro/pixi_rosdistro/build/ament_package/build/lib/ament_package/template/environment_hook/pythonpath.sh.in -> /home/runner/work/pixi_rosdistro/pixi_rosdistro/install/lib/python3.12/site-packages/ament_package/template/environment_hook
[8.374s] copying /home/runner/work/pixi_rosdistro/pixi_rosdistro/build/ament_package/build/lib/ament_package/template/environment_hook/pkg_config_path.sh -> /home/runner/work/pixi_rosdistro/pixi_rosdistro/install/lib/python3.12/site-packages/ament_package/template/environment_hook
[8.374s] copying /home/runner/work/pixi_rosdistro/pixi_rosdistro/build/ament_package/build/lib/ament_package/template/environment_hook/ament_prefix_path.bat -> /home/runner/work/pixi_rosdistro/pixi_rosdistro/install/lib/python3.12/site-packages/ament_package/template/environment_hook
[8.374s] copying /home/runner/work/pixi_rosdistro/pixi_rosdistro/build/ament_package/build/lib/ament_package/template/environment_hook/ament_prefix_path.sh -> /home/runner/work/pixi_rosdistro/pixi_rosdistro/install/lib/python3.12/site-packages/ament_package/template/environment_hook
[8.374s] copying /home/runner/work/pixi_rosdistro/pixi_rosdistro/build/ament_package/build/lib/ament_package/template/environment_hook/path.sh -> /home/runner/work/pixi_rosdistro/pixi_rosdistro/install/lib/python3.12/site-packages/ament_package/template/environment_hook
[8.374s] copying /home/runner/work/pixi_rosdistro/pixi_rosdistro/build/ament_package/build/lib/ament_package/template/environment_hook/path.bat -> /home/runner/work/pixi_rosdistro/pixi_rosdistro/install/lib/python3.12/site-packages/ament_package/template/environment_hook
[8.375s] copying /home/runner/work/pixi_rosdistro/pixi_rosdistro/build/ament_package/build/lib/ament_package/template/environment_hook/pythonpath.bat.in -> /home/runner/work/pixi_rosdistro/pixi_rosdistro/install/lib/python3.12/site-packages/ament_package/template/environment_hook
[8.376s] copying /home/runner/work/pixi_rosdistro/pixi_rosdistro/build/ament_package/build/lib/ament_package/template/environment_hook/library_path.sh -> /home/runner/work/pixi_rosdistro/pixi_rosdistro/install/lib/python3.12/site-packages/ament_package/template/environment_hook
[8.378s] copying /home/runner/work/pixi_rosdistro/pixi_rosdistro/build/ament_package/build/lib/ament_package/template/environment_hook/pkg_config_path.bat -> /home/runner/work/pixi_rosdistro/pixi_rosdistro/install/lib/python3.12/site-packages/ament_package/template/environment_hook
[8.378s] creating /home/runner/work/pixi_rosdistro/pixi_rosdistro/install/lib/python3.12/site-packages/ament_package/template/package_level
[8.378s] copying /home/runner/work/pixi_rosdistro/pixi_rosdistro/build/ament_package/build/lib/ament_package/template/package_level/__init__.py -> /home/runner/work/pixi_rosdistro/pixi_rosdistro/install/lib/python3.12/site-packages/ament_package/template/package_level
[8.378s] copying /home/runner/work/pixi_rosdistro/pixi_rosdistro/build/ament_package/build/lib/ament_package/template/package_level/local_setup.bat.in -> /home/runner/work/pixi_rosdistro/pixi_rosdistro/install/lib/python3.12/site-packages/ament_package/template/package_level
[8.379s] copying /home/runner/work/pixi_rosdistro/pixi_rosdistro/build/ament_package/build/lib/ament_package/template/package_level/local_setup.zsh.in -> /home/runner/work/pixi_rosdistro/pixi_rosdistro/install/lib/python3.12/site-packages/ament_package/template/package_level
[8.379s] copying /home/runner/work/pixi_rosdistro/pixi_rosdistro/build/ament_package/build/lib/ament_package/template/package_level/local_setup.sh.in -> /home/runner/work/pixi_rosdistro/pixi_rosdistro/install/lib/python3.12/site-packages/ament_package/template/package_level
[8.379s] copying /home/runner/work/pixi_rosdistro/pixi_rosdistro/build/ament_package/build/lib/ament_package/template/package_level/local_setup.bash.in -> /home/runner/work/pixi_rosdistro/pixi_rosdistro/install/lib/python3.12/site-packages/ament_package/template/package_level
[8.379s] copying /home/runner/work/pixi_rosdistro/pixi_rosdistro/build/ament_package/build/lib/ament_package/template/package_level/local_setup.fish.in -> /home/runner/work/pixi_rosdistro/pixi_rosdistro/install/lib/python3.12/site-packages/ament_package/template/package_level
[8.379s] creating /home/runner/work/pixi_rosdistro/pixi_rosdistro/install/lib/python3.12/site-packages/ament_package/template/prefix_level
[8.379s] copying /home/runner/work/pixi_rosdistro/pixi_rosdistro/build/ament_package/build/lib/ament_package/template/prefix_level/local_setup.zsh -> /home/runner/work/pixi_rosdistro/pixi_rosdistro/install/lib/python3.12/site-packages/ament_package/template/prefix_level
[8.379s] copying /home/runner/work/pixi_rosdistro/pixi_rosdistro/build/ament_package/build/lib/ament_package/template/prefix_level/__init__.py -> /home/runner/work/pixi_rosdistro/pixi_rosdistro/install/lib/python3.12/site-packages/ament_package/template/prefix_level
[8.380s] copying /home/runner/work/pixi_rosdistro/pixi_rosdistro/build/ament_package/build/lib/ament_package/template/prefix_level/local_setup.bat.in -> /home/runner/work/pixi_rosdistro/pixi_rosdistro/install/lib/python3.12/site-packages/ament_package/template/prefix_level
[8.380s] copying /home/runner/work/pixi_rosdistro/pixi_rosdistro/build/ament_package/build/lib/ament_package/template/prefix_level/setup.bat.in -> /home/runner/work/pixi_rosdistro/pixi_rosdistro/install/lib/python3.12/site-packages/ament_package/template/prefix_level
[8.381s] copying /home/runner/work/pixi_rosdistro/pixi_rosdistro/build/ament_package/build/lib/ament_package/template/prefix_level/setup.fish -> /home/runner/work/pixi_rosdistro/pixi_rosdistro/install/lib/python3.12/site-packages/ament_package/template/prefix_level
[8.381s] copying /home/runner/work/pixi_rosdistro/pixi_rosdistro/build/ament_package/build/lib/ament_package/template/prefix_level/local_setup.sh.in -> /home/runner/work/pixi_rosdistro/pixi_rosdistro/install/lib/python3.12/site-packages/ament_package/template/prefix_level
[8.382s] copying /home/runner/work/pixi_rosdistro/pixi_rosdistro/build/ament_package/build/lib/ament_package/template/prefix_level/setup.sh.in -> /home/runner/work/pixi_rosdistro/pixi_rosdistro/install/lib/python3.12/site-packages/ament_package/template/prefix_level
[8.382s] copying /home/runner/work/pixi_rosdistro/pixi_rosdistro/build/ament_package/build/lib/ament_package/template/prefix_level/setup.bash -> /home/runner/work/pixi_rosdistro/pixi_rosdistro/install/lib/python3.12/site-packages/ament_package/template/prefix_level
[8.384s] copying /home/runner/work/pixi_rosdistro/pixi_rosdistro/build/ament_package/build/lib/ament_package/template/prefix_level/setup.zsh -> /home/runner/work/pixi_rosdistro/pixi_rosdistro/install/lib/python3.12/site-packages/ament_package/template/prefix_level
[8.384s] copying /home/runner/work/pixi_rosdistro/pixi_rosdistro/build/ament_package/build/lib/ament_package/template/prefix_level/_local_setup_util.py -> /home/runner/work/pixi_rosdistro/pixi_rosdistro/install/lib/python3.12/site-packages/ament_package/template/prefix_level
[8.384s] copying /home/runner/work/pixi_rosdistro/pixi_rosdistro/build/ament_package/build/lib/ament_package/template/prefix_level/local_setup.bash -> /home/runner/work/pixi_rosdistro/pixi_rosdistro/install/lib/python3.12/site-packages/ament_package/template/prefix_level
[8.384s] copying /home/runner/work/pixi_rosdistro/pixi_rosdistro/build/ament_package/build/lib/ament_package/template/prefix_level/local_setup.fish.in -> /home/runner/work/pixi_rosdistro/pixi_rosdistro/install/lib/python3.12/site-packages/ament_package/template/prefix_level
[8.385s] byte-compiling /home/runner/work/pixi_rosdistro/pixi_rosdistro/install/lib/python3.12/site-packages/ament_package/__init__.py to __init__.cpython-312.pyc
[8.385s] byte-compiling /home/runner/work/pixi_rosdistro/pixi_rosdistro/install/lib/python3.12/site-packages/ament_package/templates.py to templates.cpython-312.pyc
[8.387s] byte-compiling /home/runner/work/pixi_rosdistro/pixi_rosdistro/install/lib/python3.12/site-packages/ament_package/template/__init__.py to __init__.cpython-312.pyc
[8.387s] byte-compiling /home/runner/work/pixi_rosdistro/pixi_rosdistro/install/lib/python3.12/site-packages/ament_package/template/environment_hook/__init__.py to __init__.cpython-312.pyc
[8.388s] byte-compiling /home/runner/work/pixi_rosdistro/pixi_rosdistro/install/lib/python3.12/site-packages/ament_package/template/package_level/__init__.py to __init__.cpython-312.pyc
[8.388s] byte-compiling /home/runner/work/pixi_rosdistro/pixi_rosdistro/install/lib/python3.12/site-packages/ament_package/template/prefix_level/__init__.py to __init__.cpython-312.pyc
[8.390s] byte-compiling /home/runner/work/pixi_rosdistro/pixi_rosdistro/install/lib/python3.12/site-packages/ament_package/template/prefix_level/_local_setup_util.py to _local_setup_util.cpython-312.pyc
[8.396s] running install_data
[8.396s] copying package.xml -> /home/runner/work/pixi_rosdistro/pixi_rosdistro/install/share/ament_package
[8.396s] copying resource/ament_package -> /home/runner/work/pixi_rosdistro/pixi_rosdistro/install/share/ament_index/resource_index/packages
[8.396s] running install_egg_info
[8.404s] Copying ../../../build/ament_package/ament_package.egg-info to /home/runner/work/pixi_rosdistro/pixi_rosdistro/install/lib/python3.12/site-packages/ament_package-0.18.2-py3.12.egg-info
[8.406s] running install_scripts
[8.452s] writing list of installed files to '/home/runner/work/pixi_rosdistro/pixi_rosdistro/build/ament_package/install.log'
[8.453s] Invoked command in '/home/runner/work/pixi_rosdistro/pixi_rosdistro/src/ament/ament_package' returned '0': PATH=/opt/microsoft/powershell/7:${PATH} PIXI_PROMPT=(ros2_rolling) PSModulePath=/home/runner/.local/share/powershell/Modules:${PSModulePath} PYTHONPATH=/home/runner/work/pixi_rosdistro/pixi_rosdistro/build/ament_package/prefix_override:/home/runner/work/pixi_rosdistro/pixi_rosdistro/.pixi/envs/default/lib/python3.12/site-packages/colcon_core/task/python/colcon_distutils_commands:/home/runner/work/pixi_rosdistro/pixi_rosdistro/install/lib/python3.12/site-packages: ROS_DOMAIN_ID=227 /home/runner/work/pixi_rosdistro/pixi_rosdistro/.pixi/envs/default/bin/python3.12 -W ignore:setup.py install is deprecated -W ignore:easy_install command is deprecated setup.py egg_info --egg-base ../../../build/ament_package build --build-base /home/runner/work/pixi_rosdistro/pixi_rosdistro/build/ament_package/build install --record /home/runner/work/pixi_rosdistro/pixi_rosdistro/build/ament_package/install.log --single-version-externally-managed install_data
