[2.929s] Invoking command in '/home/runner/work/pixi_rosdistro/pixi_rosdistro/src/ament/ament_lint/ament_copyright': AMENT_PREFIX_PATH=/home/runner/work/pixi_rosdistro/pixi_rosdistro/install CMAKE_PREFIX_PATH=/home/runner/work/pixi_rosdistro/pixi_rosdistro/install:${CMAKE_PREFIX_PATH} PATH=/home/runner/work/pixi_rosdistro/pixi_rosdistro/install/bin:/opt/microsoft/powershell/7:${PATH} PIXI_PROMPT=(ros2_rolling) PSModulePath=/home/runner/.local/share/powershell/Modules:${PSModulePath} PYTHONPATH=/home/runner/work/pixi_rosdistro/pixi_rosdistro/build/ament_copyright/prefix_override:/home/runner/work/pixi_rosdistro/pixi_rosdistro/.pixi/envs/default/lib/python3.12/site-packages/colcon_core/task/python/colcon_distutils_commands:/home/runner/work/pixi_rosdistro/pixi_rosdistro/install/lib/python3.12/site-packages:/home/runner/work/pixi_rosdistro/pixi_rosdistro/install/lib/python3.12/site-packages ROS_DOMAIN_ID=98 /home/runner/work/pixi_rosdistro/pixi_rosdistro/.pixi/envs/default/bin/python3.12 -W ignore:setup.py install is deprecated -W ignore:easy_install command is deprecated setup.py egg_info --egg-base ../../../../build/ament_copyright build --build-base /home/runner/work/pixi_rosdistro/pixi_rosdistro/build/ament_copyright/build install --record /home/runner/work/pixi_rosdistro/pixi_rosdistro/build/ament_copyright/install.log --single-version-externally-managed install_data
[3.199s] running egg_info
[3.205s] creating ../../../../build/ament_copyright/ament_copyright.egg-info
[3.207s] writing ../../../../build/ament_copyright/ament_copyright.egg-info/PKG-INFO
[3.207s] writing dependency_links to ../../../../build/ament_copyright/ament_copyright.egg-info/dependency_links.txt
[3.207s] writing entry points to ../../../../build/ament_copyright/ament_copyright.egg-info/entry_points.txt
[3.207s] writing requirements to ../../../../build/ament_copyright/ament_copyright.egg-info/requires.txt
[3.207s] writing top-level names to ../../../../build/ament_copyright/ament_copyright.egg-info/top_level.txt
[3.207s] writing manifest file '../../../../build/ament_copyright/ament_copyright.egg-info/SOURCES.txt'
[3.224s] reading manifest file '../../../../build/ament_copyright/ament_copyright.egg-info/SOURCES.txt'
[3.225s] writing manifest file '../../../../build/ament_copyright/ament_copyright.egg-info/SOURCES.txt'
[3.226s] running build
[3.226s] running build_py
[3.226s] creating /home/runner/work/pixi_rosdistro/pixi_rosdistro/build/ament_copyright/build/lib/ament_copyright
[3.226s] copying ament_copyright/main.py -> /home/runner/work/pixi_rosdistro/pixi_rosdistro/build/ament_copyright/build/lib/ament_copyright
[3.227s] copying ament_copyright/__init__.py -> /home/runner/work/pixi_rosdistro/pixi_rosdistro/build/ament_copyright/build/lib/ament_copyright
[3.228s] copying ament_copyright/parser.py -> /home/runner/work/pixi_rosdistro/pixi_rosdistro/build/ament_copyright/build/lib/ament_copyright
[3.228s] copying ament_copyright/crawler.py -> /home/runner/work/pixi_rosdistro/pixi_rosdistro/build/ament_copyright/build/lib/ament_copyright
[3.228s] copying ament_copyright/licenses.py -> /home/runner/work/pixi_rosdistro/pixi_rosdistro/build/ament_copyright/build/lib/ament_copyright
[3.228s] copying ament_copyright/copyright_names.py -> /home/runner/work/pixi_rosdistro/pixi_rosdistro/build/ament_copyright/build/lib/ament_copyright
[3.228s] copying ament_copyright/pytest_marker.py -> /home/runner/work/pixi_rosdistro/pixi_rosdistro/build/ament_copyright/build/lib/ament_copyright
[3.229s] copying ament_copyright/py.typed -> /home/runner/work/pixi_rosdistro/pixi_rosdistro/build/ament_copyright/build/lib/ament_copyright
[3.229s] creating /home/runner/work/pixi_rosdistro/pixi_rosdistro/build/ament_copyright/build/lib/ament_copyright/template
[3.231s] copying ament_copyright/template/mit_license.txt -> /home/runner/work/pixi_rosdistro/pixi_rosdistro/build/ament_copyright/build/lib/ament_copyright/template
[3.231s] copying ament_copyright/template/mit_header.txt -> /home/runner/work/pixi_rosdistro/pixi_rosdistro/build/ament_copyright/build/lib/ament_copyright/template
[3.231s] copying ament_copyright/template/boost1_contributing.txt -> /home/runner/work/pixi_rosdistro/pixi_rosdistro/build/ament_copyright/build/lib/ament_copyright/template
[3.231s] copying ament_copyright/template/bsd_2clause_contributing.txt -> /home/runner/work/pixi_rosdistro/pixi_rosdistro/build/ament_copyright/build/lib/ament_copyright/template
[3.231s] copying ament_copyright/template/bsd_3clause_contributing.txt -> /home/runner/work/pixi_rosdistro/pixi_rosdistro/build/ament_copyright/build/lib/ament_copyright/template
[3.231s] copying ament_copyright/template/boost1_license.txt -> /home/runner/work/pixi_rosdistro/pixi_rosdistro/build/ament_copyright/build/lib/ament_copyright/template
[3.231s] copying ament_copyright/template/lgplv3_contributing.txt -> /home/runner/work/pixi_rosdistro/pixi_rosdistro/build/ament_copyright/build/lib/ament_copyright/template
[3.232s] copying ament_copyright/template/mit0_contributing.txt -> /home/runner/work/pixi_rosdistro/pixi_rosdistro/build/ament_copyright/build/lib/ament_copyright/template
[3.232s] copying ament_copyright/template/gplv3_header.txt -> /home/runner/work/pixi_rosdistro/pixi_rosdistro/build/ament_copyright/build/lib/ament_copyright/template
[3.232s] copying ament_copyright/template/mit0_header.txt -> /home/runner/work/pixi_rosdistro/pixi_rosdistro/build/ament_copyright/build/lib/ament_copyright/template
[3.232s] copying ament_copyright/template/apache2_contributing.txt -> /home/runner/work/pixi_rosdistro/pixi_rosdistro/build/ament_copyright/build/lib/ament_copyright/template
[3.232s] copying ament_copyright/template/boost1_header.txt -> /home/runner/work/pixi_rosdistro/pixi_rosdistro/build/ament_copyright/build/lib/ament_copyright/template
[3.232s] copying ament_copyright/template/bsd_2clause_header.txt -> /home/runner/work/pixi_rosdistro/pixi_rosdistro/build/ament_copyright/build/lib/ament_copyright/template
[3.235s] copying ament_copyright/template/lgplv3_license.txt -> /home/runner/work/pixi_rosdistro/pixi_rosdistro/build/ament_copyright/build/lib/ament_copyright/template
[3.235s] copying ament_copyright/template/mit_header_0.txt -> /home/runner/work/pixi_rosdistro/pixi_rosdistro/build/ament_copyright/build/lib/ament_copyright/template
[3.235s] copying ament_copyright/template/bsd_3clause_header_0.txt -> /home/runner/work/pixi_rosdistro/pixi_rosdistro/build/ament_copyright/build/lib/ament_copyright/template
[3.235s] copying ament_copyright/template/lgplv3_header.txt -> /home/runner/work/pixi_rosdistro/pixi_rosdistro/build/ament_copyright/build/lib/ament_copyright/template
[3.235s] copying ament_copyright/template/bsd_3clause_header.txt -> /home/runner/work/pixi_rosdistro/pixi_rosdistro/build/ament_copyright/build/lib/ament_copyright/template
[3.235s] copying ament_copyright/template/gplv3_license.txt -> /home/runner/work/pixi_rosdistro/pixi_rosdistro/build/ament_copyright/build/lib/ament_copyright/template
[3.235s] copying ament_copyright/template/apache2_header.txt -> /home/runner/work/pixi_rosdistro/pixi_rosdistro/build/ament_copyright/build/lib/ament_copyright/template
[3.235s] copying ament_copyright/template/bsd_3clause_license.txt -> /home/runner/work/pixi_rosdistro/pixi_rosdistro/build/ament_copyright/build/lib/ament_copyright/template
[3.236s] copying ament_copyright/template/gplv3_contributing.txt -> /home/runner/work/pixi_rosdistro/pixi_rosdistro/build/ament_copyright/build/lib/ament_copyright/template
[3.236s] copying ament_copyright/template/bsd_2clause_license.txt -> /home/runner/work/pixi_rosdistro/pixi_rosdistro/build/ament_copyright/build/lib/ament_copyright/template
[3.236s] copying ament_copyright/template/mit_contributing.txt -> /home/runner/work/pixi_rosdistro/pixi_rosdistro/build/ament_copyright/build/lib/ament_copyright/template
[3.236s] copying ament_copyright/template/mit0_license.txt -> /home/runner/work/pixi_rosdistro/pixi_rosdistro/build/ament_copyright/build/lib/ament_copyright/template
[3.236s] copying ament_copyright/template/apache2_license.txt -> /home/runner/work/pixi_rosdistro/pixi_rosdistro/build/ament_copyright/build/lib/ament_copyright/template
[3.236s] running install
[3.242s] running install_lib
[3.250s] creating /home/runner/work/pixi_rosdistro/pixi_rosdistro/install/lib/python3.12/site-packages/ament_copyright
[3.250s] copying /home/runner/work/pixi_rosdistro/pixi_rosdistro/build/ament_copyright/build/lib/ament_copyright/main.py -> /home/runner/work/pixi_rosdistro/pixi_rosdistro/install/lib/python3.12/site-packages/ament_copyright
[3.250s] copying /home/runner/work/pixi_rosdistro/pixi_rosdistro/build/ament_copyright/build/lib/ament_copyright/__init__.py -> /home/runner/work/pixi_rosdistro/pixi_rosdistro/install/lib/python3.12/site-packages/ament_copyright
[3.250s] copying /home/runner/work/pixi_rosdistro/pixi_rosdistro/build/ament_copyright/build/lib/ament_copyright/parser.py -> /home/runner/work/pixi_rosdistro/pixi_rosdistro/install/lib/python3.12/site-packages/ament_copyright
[3.251s] copying /home/runner/work/pixi_rosdistro/pixi_rosdistro/build/ament_copyright/build/lib/ament_copyright/crawler.py -> /home/runner/work/pixi_rosdistro/pixi_rosdistro/install/lib/python3.12/site-packages/ament_copyright
[3.251s] copying /home/runner/work/pixi_rosdistro/pixi_rosdistro/build/ament_copyright/build/lib/ament_copyright/py.typed -> /home/runner/work/pixi_rosdistro/pixi_rosdistro/install/lib/python3.12/site-packages/ament_copyright
[3.254s] copying /home/runner/work/pixi_rosdistro/pixi_rosdistro/build/ament_copyright/build/lib/ament_copyright/licenses.py -> /home/runner/work/pixi_rosdistro/pixi_rosdistro/install/lib/python3.12/site-packages/ament_copyright
[3.254s] copying /home/runner/work/pixi_rosdistro/pixi_rosdistro/build/ament_copyright/build/lib/ament_copyright/copyright_names.py -> /home/runner/work/pixi_rosdistro/pixi_rosdistro/install/lib/python3.12/site-packages/ament_copyright
[3.254s] creating /home/runner/work/pixi_rosdistro/pixi_rosdistro/install/lib/python3.12/site-packages/ament_copyright/template
[3.254s] copying /home/runner/work/pixi_rosdistro/pixi_rosdistro/build/ament_copyright/build/lib/ament_copyright/template/mit_license.txt -> /home/runner/work/pixi_rosdistro/pixi_rosdistro/install/lib/python3.12/site-packages/ament_copyright/template
[3.254s] copying /home/runner/work/pixi_rosdistro/pixi_rosdistro/build/ament_copyright/build/lib/ament_copyright/template/mit_header.txt -> /home/runner/work/pixi_rosdistro/pixi_rosdistro/install/lib/python3.12/site-packages/ament_copyright/template
[3.254s] copying /home/runner/work/pixi_rosdistro/pixi_rosdistro/build/ament_copyright/build/lib/ament_copyright/template/boost1_contributing.txt -> /home/runner/work/pixi_rosdistro/pixi_rosdistro/install/lib/python3.12/site-packages/ament_copyright/template
[3.254s] copying /home/runner/work/pixi_rosdistro/pixi_rosdistro/build/ament_copyright/build/lib/ament_copyright/template/bsd_2clause_contributing.txt -> /home/runner/work/pixi_rosdistro/pixi_rosdistro/install/lib/python3.12/site-packages/ament_copyright/template
[3.254s] copying /home/runner/work/pixi_rosdistro/pixi_rosdistro/build/ament_copyright/build/lib/ament_copyright/template/bsd_3clause_contributing.txt -> /home/runner/work/pixi_rosdistro/pixi_rosdistro/install/lib/python3.12/site-packages/ament_copyright/template
[3.254s] copying /home/runner/work/pixi_rosdistro/pixi_rosdistro/build/ament_copyright/build/lib/ament_copyright/template/boost1_license.txt -> /home/runner/work/pixi_rosdistro/pixi_rosdistro/install/lib/python3.12/site-packages/ament_copyright/template
[3.255s] copying /home/runner/work/pixi_rosdistro/pixi_rosdistro/build/ament_copyright/build/lib/ament_copyright/template/lgplv3_contributing.txt -> /home/runner/work/pixi_rosdistro/pixi_rosdistro/install/lib/python3.12/site-packages/ament_copyright/template
[3.255s] copying /home/runner/work/pixi_rosdistro/pixi_rosdistro/build/ament_copyright/build/lib/ament_copyright/template/mit0_contributing.txt -> /home/runner/work/pixi_rosdistro/pixi_rosdistro/install/lib/python3.12/site-packages/ament_copyright/template
[3.255s] copying /home/runner/work/pixi_rosdistro/pixi_rosdistro/build/ament_copyright/build/lib/ament_copyright/template/gplv3_header.txt -> /home/runner/work/pixi_rosdistro/pixi_rosdistro/install/lib/python3.12/site-packages/ament_copyright/template
[3.255s] copying /home/runner/work/pixi_rosdistro/pixi_rosdistro/build/ament_copyright/build/lib/ament_copyright/template/mit0_header.txt -> /home/runner/work/pixi_rosdistro/pixi_rosdistro/install/lib/python3.12/site-packages/ament_copyright/template
[3.255s] copying /home/runner/work/pixi_rosdistro/pixi_rosdistro/build/ament_copyright/build/lib/ament_copyright/template/apache2_contributing.txt -> /home/runner/work/pixi_rosdistro/pixi_rosdistro/install/lib/python3.12/site-packages/ament_copyright/template
[3.255s] copying /home/runner/work/pixi_rosdistro/pixi_rosdistro/build/ament_copyright/build/lib/ament_copyright/template/boost1_header.txt -> /home/runner/work/pixi_rosdistro/pixi_rosdistro/install/lib/python3.12/site-packages/ament_copyright/template
[3.255s] copying /home/runner/work/pixi_rosdistro/pixi_rosdistro/build/ament_copyright/build/lib/ament_copyright/template/bsd_2clause_header.txt -> /home/runner/work/pixi_rosdistro/pixi_rosdistro/install/lib/python3.12/site-packages/ament_copyright/template
[3.256s] copying /home/runner/work/pixi_rosdistro/pixi_rosdistro/build/ament_copyright/build/lib/ament_copyright/template/lgplv3_license.txt -> /home/runner/work/pixi_rosdistro/pixi_rosdistro/install/lib/python3.12/site-packages/ament_copyright/template
[3.256s] copying /home/runner/work/pixi_rosdistro/pixi_rosdistro/build/ament_copyright/build/lib/ament_copyright/template/mit_header_0.txt -> /home/runner/work/pixi_rosdistro/pixi_rosdistro/install/lib/python3.12/site-packages/ament_copyright/template
[3.256s] copying /home/runner/work/pixi_rosdistro/pixi_rosdistro/build/ament_copyright/build/lib/ament_copyright/template/bsd_3clause_header_0.txt -> /home/runner/work/pixi_rosdistro/pixi_rosdistro/install/lib/python3.12/site-packages/ament_copyright/template
[3.256s] copying /home/runner/work/pixi_rosdistro/pixi_rosdistro/build/ament_copyright/build/lib/ament_copyright/template/lgplv3_header.txt -> /home/runner/work/pixi_rosdistro/pixi_rosdistro/install/lib/python3.12/site-packages/ament_copyright/template
[3.256s] copying /home/runner/work/pixi_rosdistro/pixi_rosdistro/build/ament_copyright/build/lib/ament_copyright/template/bsd_3clause_header.txt -> /home/runner/work/pixi_rosdistro/pixi_rosdistro/install/lib/python3.12/site-packages/ament_copyright/template
[3.256s] copying /home/runner/work/pixi_rosdistro/pixi_rosdistro/build/ament_copyright/build/lib/ament_copyright/template/gplv3_license.txt -> /home/runner/work/pixi_rosdistro/pixi_rosdistro/install/lib/python3.12/site-packages/ament_copyright/template
[3.259s] copying /home/runner/work/pixi_rosdistro/pixi_rosdistro/build/ament_copyright/build/lib/ament_copyright/template/apache2_header.txt -> /home/runner/work/pixi_rosdistro/pixi_rosdistro/install/lib/python3.12/site-packages/ament_copyright/template
[3.259s] copying /home/runner/work/pixi_rosdistro/pixi_rosdistro/build/ament_copyright/build/lib/ament_copyright/template/bsd_3clause_license.txt -> /home/runner/work/pixi_rosdistro/pixi_rosdistro/install/lib/python3.12/site-packages/ament_copyright/template
[3.259s] copying /home/runner/work/pixi_rosdistro/pixi_rosdistro/build/ament_copyright/build/lib/ament_copyright/template/gplv3_contributing.txt -> /home/runner/work/pixi_rosdistro/pixi_rosdistro/install/lib/python3.12/site-packages/ament_copyright/template
[3.259s] copying /home/runner/work/pixi_rosdistro/pixi_rosdistro/build/ament_copyright/build/lib/ament_copyright/template/bsd_2clause_license.txt -> /home/runner/work/pixi_rosdistro/pixi_rosdistro/install/lib/python3.12/site-packages/ament_copyright/template
[3.259s] copying /home/runner/work/pixi_rosdistro/pixi_rosdistro/build/ament_copyright/build/lib/ament_copyright/template/mit_contributing.txt -> /home/runner/work/pixi_rosdistro/pixi_rosdistro/install/lib/python3.12/site-packages/ament_copyright/template
[3.259s] copying /home/runner/work/pixi_rosdistro/pixi_rosdistro/build/ament_copyright/build/lib/ament_copyright/template/mit0_license.txt -> /home/runner/work/pixi_rosdistro/pixi_rosdistro/install/lib/python3.12/site-packages/ament_copyright/template
[3.259s] copying /home/runner/work/pixi_rosdistro/pixi_rosdistro/build/ament_copyright/build/lib/ament_copyright/template/apache2_license.txt -> /home/runner/work/pixi_rosdistro/pixi_rosdistro/install/lib/python3.12/site-packages/ament_copyright/template
[3.259s] copying /home/runner/work/pixi_rosdistro/pixi_rosdistro/build/ament_copyright/build/lib/ament_copyright/pytest_marker.py -> /home/runner/work/pixi_rosdistro/pixi_rosdistro/install/lib/python3.12/site-packages/ament_copyright
[3.259s] byte-compiling /home/runner/work/pixi_rosdistro/pixi_rosdistro/install/lib/python3.12/site-packages/ament_copyright/main.py to main.cpython-312.pyc
[3.263s] byte-compiling /home/runner/work/pixi_rosdistro/pixi_rosdistro/install/lib/python3.12/site-packages/ament_copyright/__init__.py to __init__.cpython-312.pyc
[3.263s] byte-compiling /home/runner/work/pixi_rosdistro/pixi_rosdistro/install/lib/python3.12/site-packages/ament_copyright/parser.py to parser.cpython-312.pyc
[3.267s] byte-compiling /home/runner/work/pixi_rosdistro/pixi_rosdistro/install/lib/python3.12/site-packages/ament_copyright/crawler.py to crawler.cpython-312.pyc
[3.268s] byte-compiling /home/runner/work/pixi_rosdistro/pixi_rosdistro/install/lib/python3.12/site-packages/ament_copyright/licenses.py to licenses.cpython-312.pyc
[3.268s] byte-compiling /home/runner/work/pixi_rosdistro/pixi_rosdistro/install/lib/python3.12/site-packages/ament_copyright/copyright_names.py to copyright_names.cpython-312.pyc
[3.269s] byte-compiling /home/runner/work/pixi_rosdistro/pixi_rosdistro/install/lib/python3.12/site-packages/ament_copyright/pytest_marker.py to pytest_marker.cpython-312.pyc
[3.269s] running install_data
[3.270s] copying package.xml -> /home/runner/work/pixi_rosdistro/pixi_rosdistro/install/share/ament_copyright
[3.270s] copying resource/ament_copyright -> /home/runner/work/pixi_rosdistro/pixi_rosdistro/install/share/ament_index/resource_index/packages
[3.272s] running install_egg_info
[3.278s] Copying ../../../../build/ament_copyright/ament_copyright.egg-info to /home/runner/work/pixi_rosdistro/pixi_rosdistro/install/lib/python3.12/site-packages/ament_copyright-0.20.3-py3.12.egg-info
[3.279s] running install_scripts
[3.293s] Installing ament_copyright script to /home/runner/work/pixi_rosdistro/pixi_rosdistro/install/bin
[3.294s] writing list of installed files to '/home/runner/work/pixi_rosdistro/pixi_rosdistro/build/ament_copyright/install.log'
[3.320s] Invoked command in '/home/runner/work/pixi_rosdistro/pixi_rosdistro/src/ament/ament_lint/ament_copyright' returned '0': AMENT_PREFIX_PATH=/home/runner/work/pixi_rosdistro/pixi_rosdistro/install CMAKE_PREFIX_PATH=/home/runner/work/pixi_rosdistro/pixi_rosdistro/install:${CMAKE_PREFIX_PATH} PATH=/home/runner/work/pixi_rosdistro/pixi_rosdistro/install/bin:/opt/microsoft/powershell/7:${PATH} PIXI_PROMPT=(ros2_rolling) PSModulePath=/home/runner/.local/share/powershell/Modules:${PSModulePath} PYTHONPATH=/home/runner/work/pixi_rosdistro/pixi_rosdistro/build/ament_copyright/prefix_override:/home/runner/work/pixi_rosdistro/pixi_rosdistro/.pixi/envs/default/lib/python3.12/site-packages/colcon_core/task/python/colcon_distutils_commands:/home/runner/work/pixi_rosdistro/pixi_rosdistro/install/lib/python3.12/site-packages:/home/runner/work/pixi_rosdistro/pixi_rosdistro/install/lib/python3.12/site-packages ROS_DOMAIN_ID=98 /home/runner/work/pixi_rosdistro/pixi_rosdistro/.pixi/envs/default/bin/python3.12 -W ignore:setup.py install is deprecated -W ignore:easy_install command is deprecated setup.py egg_info --egg-base ../../../../build/ament_copyright build --build-base /home/runner/work/pixi_rosdistro/pixi_rosdistro/build/ament_copyright/build install --record /home/runner/work/pixi_rosdistro/pixi_rosdistro/build/ament_copyright/install.log --single-version-externally-managed install_data
