[6.097s] Invoking command in '/home/runner/work/pixi_rosdistro/pixi_rosdistro/build/rclcpp_action': AMENT_PREFIX_PATH=/home/runner/work/pixi_rosdistro/pixi_rosdistro/install CMAKE_PREFIX_PATH=/home/runner/work/pixi_rosdistro/pixi_rosdistro/install:${CMAKE_PREFIX_PATH} LD_LIBRARY_PATH=/home/runner/work/pixi_rosdistro/pixi_rosdistro/install/lib PATH=/home/runner/work/pixi_rosdistro/pixi_rosdistro/install/bin:/opt/microsoft/powershell/7:${PATH} PIXI_PROMPT=(ros2_rolling) PKG_CONFIG_PATH=/home/runner/work/pixi_rosdistro/pixi_rosdistro/install/lib/pkgconfig PSModulePath=/home/runner/.local/share/powershell/Modules:${PSModulePath} PYTHONPATH=/home/runner/work/pixi_rosdistro/pixi_rosdistro/install/lib/python3.12/site-packages ROS_DOMAIN_ID=37 /home/runner/work/pixi_rosdistro/pixi_rosdistro/.pixi/envs/default/bin/cmake /home/runner/work/pixi_rosdistro/pixi_rosdistro/src/ros2/rclcpp/rclcpp_action -GNinja --no-warn-unused-cli -DCMAKE_BUILD_TYPE=Release -DCMAKE_BUILD_WITH_INSTALL_RPATH:bool=TRUE -DCMAKE_POLICY_VERSION_MINIMUM=3.5 -Wno-deprecated -DSTACK_DETAILS_AUTO_DETECT:bool=FALSE -DSTACK_DETAILS_BFD:bool=FALSE -DCMAKE_INSTALL_PREFIX=/home/runner/work/pixi_rosdistro/pixi_rosdistro/install
[6.228s] Not searching for unused variables given on the command line.
[6.228s] -- The C compiler identification is GNU 14.3.0
[6.357s] -- The CXX compiler identification is GNU 14.3.0
[6.373s] -- Detecting C compiler ABI info
[6.516s] -- Detecting C compiler ABI info - done
[6.544s] -- Check for working C compiler: /home/runner/work/pixi_rosdistro/pixi_rosdistro/.pixi/envs/default/bin/x86_64-conda-linux-gnu-cc - skipped
[6.544s] -- Detecting C compile features
[6.544s] -- Detecting C compile features - done
[6.563s] -- Detecting CXX compiler ABI info
[6.716s] -- Detecting CXX compiler ABI info - done
[6.738s] -- Check for working CXX compiler: /home/runner/work/pixi_rosdistro/pixi_rosdistro/.pixi/envs/default/bin/x86_64-conda-linux-gnu-c++ - skipped
[6.738s] -- Detecting CXX compile features
[6.740s] -- Detecting CXX compile features - done
[6.754s] -- Found ament_cmake_ros: 0.15.6 (/home/runner/work/pixi_rosdistro/pixi_rosdistro/install/share/ament_cmake_ros/cmake)
[7.061s] -- Found action_msgs: 2.4.3 (/home/runner/work/pixi_rosdistro/pixi_rosdistro/install/share/action_msgs/cmake)
[7.102s] -- Found rosidl_generator_c: 5.1.3 (/home/runner/work/pixi_rosdistro/pixi_rosdistro/install/share/rosidl_generator_c/cmake)
[7.114s] -- Found rosidl_generator_cpp: 5.1.3 (/home/runner/work/pixi_rosdistro/pixi_rosdistro/install/share/rosidl_generator_cpp/cmake)
[7.137s] -- Using all available rosidl_typesupport_c: rosidl_typesupport_fastrtps_c;rosidl_typesupport_introspection_c
[7.157s] -- Using all available rosidl_typesupport_cpp: rosidl_typesupport_fastrtps_cpp;rosidl_typesupport_introspection_cpp
[7.258s] -- Found rclcpp: 31.0.1 (/home/runner/work/pixi_rosdistro/pixi_rosdistro/install/share/rclcpp/cmake)
[7.332s] -- Found rmw_implementation_cmake: 7.9.1 (/home/runner/work/pixi_rosdistro/pixi_rosdistro/install/share/rmw_implementation_cmake/cmake)
[7.336s] -- Found rmw_fastrtps_cpp: 9.4.5 (/home/runner/work/pixi_rosdistro/pixi_rosdistro/install/share/rmw_fastrtps_cpp/cmake)
[7.387s] -- Using RMW implementation 'rmw_fastrtps_cpp' as default
[7.507s] -- Found rcl_action: 10.4.1 (/home/runner/work/pixi_rosdistro/pixi_rosdistro/install/share/rcl_action/cmake)
[7.520s] -- Found ament_lint_auto: 0.20.3 (/home/runner/work/pixi_rosdistro/pixi_rosdistro/install/share/ament_lint_auto/cmake)
[8.105s] -- Performance tests are disabled by default, so Google Benchmark tests will be skipped. To enable these tests, set the CMake variable 'AMENT_RUN_PERFORMANCE_TESTS'.
[8.113s] -- Found gtest sources under '/home/runner/work/pixi_rosdistro/pixi_rosdistro/install/src/gtest_vendor': C++ tests using 'Google Test' will be built
[8.114s] -- Check if compiler accepts -pthread
[8.233s] -- Check if compiler accepts -pthread - yes
[8.235s] -- Found Threads: TRUE
[8.252s] -- Added test 'copyright' to check source files copyright and LICENSE
[8.256s] -- Added test 'cppcheck' to perform static code analysis on C / C++ code
[8.258s] -- Configured cppcheck include dirs: /home/runner/work/pixi_rosdistro/pixi_rosdistro/install/include/rclcpp;/home/runner/work/pixi_rosdistro/pixi_rosdistro/install/include/builtin_interfaces;/home/runner/work/pixi_rosdistro/pixi_rosdistro/install/include/libstatistics_collector;/home/runner/work/pixi_rosdistro/pixi_rosdistro/install/include/rcl;/home/runner/work/pixi_rosdistro/pixi_rosdistro/install/include/rcl_interfaces;/home/runner/work/pixi_rosdistro/pixi_rosdistro/install/include/rcl_yaml_param_parser;/home/runner/work/pixi_rosdistro/pixi_rosdistro/install/include/rcpputils;/home/runner/work/pixi_rosdistro/pixi_rosdistro/install/include/rcutils;/home/runner/work/pixi_rosdistro/pixi_rosdistro/install/include/rmw;/home/runner/work/pixi_rosdistro/pixi_rosdistro/install/include/rosgraph_msgs;/home/runner/work/pixi_rosdistro/pixi_rosdistro/install/include/rosidl_dynamic_typesupport;/home/runner/work/pixi_rosdistro/pixi_rosdistro/install/include/rosidl_runtime_c;/home/runner/work/pixi_rosdistro/pixi_rosdistro/install/include/rosidl_runtime_cpp;/home/runner/work/pixi_rosdistro/pixi_rosdistro/install/include/rosidl_typesupport_cpp;/home/runner/work/pixi_rosdistro/pixi_rosdistro/install/include/statistics_msgs;/home/runner/work/pixi_rosdistro/pixi_rosdistro/install/include/tracetools;$<BUILD_INTERFACE:/home/runner/work/pixi_rosdistro/pixi_rosdistro/src/ros2/rclcpp/rclcpp_action/include>
[8.259s] -- Configured cppcheck exclude dirs and/or files: 
[8.262s] -- Added test 'cpplint' to check C / C++ code against the Google style
[8.262s] -- Configured cpplint exclude dirs and/or files: 
[8.264s] -- Added test 'lint_cmake' to check CMake code style
[8.268s] -- Added test 'uncrustify' to check C / C++ code style
[8.268s] -- Configured uncrustify additional arguments: 
[8.270s] -- Added test 'xmllint' to check XML markup files
[8.273s] -- Configuring done (2.2s)
[8.355s] -- Generating done (0.1s)
[8.421s] -- Build files have been written to: /home/runner/work/pixi_rosdistro/pixi_rosdistro/build/rclcpp_action
[8.439s] Invoked command in '/home/runner/work/pixi_rosdistro/pixi_rosdistro/build/rclcpp_action' returned '0': AMENT_PREFIX_PATH=/home/runner/work/pixi_rosdistro/pixi_rosdistro/install CMAKE_PREFIX_PATH=/home/runner/work/pixi_rosdistro/pixi_rosdistro/install:${CMAKE_PREFIX_PATH} LD_LIBRARY_PATH=/home/runner/work/pixi_rosdistro/pixi_rosdistro/install/lib PATH=/home/runner/work/pixi_rosdistro/pixi_rosdistro/install/bin:/opt/microsoft/powershell/7:${PATH} PIXI_PROMPT=(ros2_rolling) PKG_CONFIG_PATH=/home/runner/work/pixi_rosdistro/pixi_rosdistro/install/lib/pkgconfig PSModulePath=/home/runner/.local/share/powershell/Modules:${PSModulePath} PYTHONPATH=/home/runner/work/pixi_rosdistro/pixi_rosdistro/install/lib/python3.12/site-packages ROS_DOMAIN_ID=37 /home/runner/work/pixi_rosdistro/pixi_rosdistro/.pixi/envs/default/bin/cmake /home/runner/work/pixi_rosdistro/pixi_rosdistro/src/ros2/rclcpp/rclcpp_action -GNinja --no-warn-unused-cli -DCMAKE_BUILD_TYPE=Release -DCMAKE_BUILD_WITH_INSTALL_RPATH:bool=TRUE -DCMAKE_POLICY_VERSION_MINIMUM=3.5 -Wno-deprecated -DSTACK_DETAILS_AUTO_DETECT:bool=FALSE -DSTACK_DETAILS_BFD:bool=FALSE -DCMAKE_INSTALL_PREFIX=/home/runner/work/pixi_rosdistro/pixi_rosdistro/install
[8.440s] Invoking command in '/home/runner/work/pixi_rosdistro/pixi_rosdistro/build/rclcpp_action': AMENT_PREFIX_PATH=/home/runner/work/pixi_rosdistro/pixi_rosdistro/install CMAKE_PREFIX_PATH=/home/runner/work/pixi_rosdistro/pixi_rosdistro/install:${CMAKE_PREFIX_PATH} LD_LIBRARY_PATH=/home/runner/work/pixi_rosdistro/pixi_rosdistro/install/lib PATH=/home/runner/work/pixi_rosdistro/pixi_rosdistro/install/bin:/opt/microsoft/powershell/7:${PATH} PIXI_PROMPT=(ros2_rolling) PKG_CONFIG_PATH=/home/runner/work/pixi_rosdistro/pixi_rosdistro/install/lib/pkgconfig PSModulePath=/home/runner/.local/share/powershell/Modules:${PSModulePath} PYTHONPATH=/home/runner/work/pixi_rosdistro/pixi_rosdistro/install/lib/python3.12/site-packages ROS_DOMAIN_ID=37 /home/runner/work/pixi_rosdistro/pixi_rosdistro/.pixi/envs/default/bin/cmake --build /home/runner/work/pixi_rosdistro/pixi_rosdistro/build/rclcpp_action -- -j4 -l4
[13.437s] [1/29] Building CXX object CMakeFiles/rclcpp_action.dir/src/client_base.cpp.o
[18.314s] [2/29] Building CXX object CMakeFiles/rclcpp_action.dir/src/create_generic_client.cpp.o
[23.516s] [3/29] Building CXX object CMakeFiles/rclcpp_action.dir/src/generic_client.cpp.o
[24.092s] [4/29] Building CXX object CMakeFiles/rclcpp_action.dir/src/generic_client_goal_handle.cpp.o
[24.578s] [5/29] Building CXX object CMakeFiles/rclcpp_action.dir/src/qos.cpp.o
[30.090s] [6/29] Building CXX object CMakeFiles/rclcpp_action.dir/src/server.cpp.o
[30.601s] [7/29] Building CXX object CMakeFiles/rclcpp_action.dir/src/server_goal_handle.cpp.o
[31.039s] [8/29] Building CXX object CMakeFiles/rclcpp_action.dir/src/types.cpp.o
[31.494s] [9/29] Building CXX object gtest/CMakeFiles/gtest.dir/src/gtest-all.cc.o
[31.797s] [10/29] Building CXX object gtest/CMakeFiles/gtest_main.dir/src/gtest_main.cc.o
[31.906s] [11/29] Linking CXX shared library librclcpp_action.so
[65.098s] [12/29] Building CXX object CMakeFiles/test_client.dir/test/test_client.cpp.o
[94.491s] [13/29] Building CXX object CMakeFiles/test_generic_client.dir/test/test_generic_client.cpp.o
[131.443s] [14/29] Building CXX object CMakeFiles/test_server.dir/test/test_server.cpp.o
[140.671s] [15/29] Building CXX object CMakeFiles/test_server_goal_handle.dir/test/test_server_goal_handle.cpp.o
[141.240s] [16/29] Building CXX object CMakeFiles/test_traits.dir/test/test_traits.cpp.o
[141.897s] [17/29] Building CXX object CMakeFiles/test_types.dir/test/test_types.cpp.o
[153.950s] [18/29] Building CXX object test/benchmark/CMakeFiles/benchmark_action_client.dir/benchmark_action_client.cpp.o
[166.466s] [19/29] Building CXX object test/benchmark/CMakeFiles/benchmark_action_server.dir/benchmark_action_server.cpp.o
[166.487s] [20/29] Linking CXX static library gtest/libgtest.a
[166.501s] [21/29] Linking CXX static library gtest/libgtest_main.a
[166.779s] [22/29] Linking CXX executable test_client
[167.036s] [23/29] Linking CXX executable test_generic_client
[167.320s] [24/29] Linking CXX executable test_server
[167.461s] [25/29] Linking CXX executable test_server_goal_handle
[167.601s] [26/29] Linking CXX executable test_traits
[167.759s] [27/29] Linking CXX executable test_types
[167.873s] [28/29] Linking CXX executable test/benchmark/benchmark_action_client
[168.007s] [29/29] Linking CXX executable test/benchmark/benchmark_action_server
[168.013s] Invoked command in '/home/runner/work/pixi_rosdistro/pixi_rosdistro/build/rclcpp_action' returned '0': AMENT_PREFIX_PATH=/home/runner/work/pixi_rosdistro/pixi_rosdistro/install CMAKE_PREFIX_PATH=/home/runner/work/pixi_rosdistro/pixi_rosdistro/install:${CMAKE_PREFIX_PATH} LD_LIBRARY_PATH=/home/runner/work/pixi_rosdistro/pixi_rosdistro/install/lib PATH=/home/runner/work/pixi_rosdistro/pixi_rosdistro/install/bin:/opt/microsoft/powershell/7:${PATH} PIXI_PROMPT=(ros2_rolling) PKG_CONFIG_PATH=/home/runner/work/pixi_rosdistro/pixi_rosdistro/install/lib/pkgconfig PSModulePath=/home/runner/.local/share/powershell/Modules:${PSModulePath} PYTHONPATH=/home/runner/work/pixi_rosdistro/pixi_rosdistro/install/lib/python3.12/site-packages ROS_DOMAIN_ID=37 /home/runner/work/pixi_rosdistro/pixi_rosdistro/.pixi/envs/default/bin/cmake --build /home/runner/work/pixi_rosdistro/pixi_rosdistro/build/rclcpp_action -- -j4 -l4
[168.014s] Invoking command in '/home/runner/work/pixi_rosdistro/pixi_rosdistro/build/rclcpp_action': AMENT_PREFIX_PATH=/home/runner/work/pixi_rosdistro/pixi_rosdistro/install CMAKE_PREFIX_PATH=/home/runner/work/pixi_rosdistro/pixi_rosdistro/install:${CMAKE_PREFIX_PATH} LD_LIBRARY_PATH=/home/runner/work/pixi_rosdistro/pixi_rosdistro/install/lib PATH=/home/runner/work/pixi_rosdistro/pixi_rosdistro/install/bin:/opt/microsoft/powershell/7:${PATH} PIXI_PROMPT=(ros2_rolling) PKG_CONFIG_PATH=/home/runner/work/pixi_rosdistro/pixi_rosdistro/install/lib/pkgconfig PSModulePath=/home/runner/.local/share/powershell/Modules:${PSModulePath} PYTHONPATH=/home/runner/work/pixi_rosdistro/pixi_rosdistro/install/lib/python3.12/site-packages ROS_DOMAIN_ID=37 /home/runner/work/pixi_rosdistro/pixi_rosdistro/.pixi/envs/default/bin/cmake --install /home/runner/work/pixi_rosdistro/pixi_rosdistro/build/rclcpp_action
[168.021s] -- Install configuration: "Release"
[168.021s] -- Installing: /home/runner/work/pixi_rosdistro/pixi_rosdistro/install/include/rclcpp_action
[168.022s] -- Installing: /home/runner/work/pixi_rosdistro/pixi_rosdistro/install/include/rclcpp_action/rclcpp_action
[168.024s] -- Installing: /home/runner/work/pixi_rosdistro/pixi_rosdistro/install/include/rclcpp_action/rclcpp_action/qos.hpp
[168.024s] -- Installing: /home/runner/work/pixi_rosdistro/pixi_rosdistro/install/include/rclcpp_action/rclcpp_action/client_goal_handle.hpp
[168.024s] -- Installing: /home/runner/work/pixi_rosdistro/pixi_rosdistro/install/include/rclcpp_action/rclcpp_action/client.hpp
[168.024s] -- Installing: /home/runner/work/pixi_rosdistro/pixi_rosdistro/install/include/rclcpp_action/rclcpp_action/client_goal_handle_impl.hpp
[168.024s] -- Installing: /home/runner/work/pixi_rosdistro/pixi_rosdistro/install/include/rclcpp_action/rclcpp_action/visibility_control.hpp
[168.024s] -- Installing: /home/runner/work/pixi_rosdistro/pixi_rosdistro/install/include/rclcpp_action/rclcpp_action/create_client.hpp
[168.024s] -- Installing: /home/runner/work/pixi_rosdistro/pixi_rosdistro/install/include/rclcpp_action/rclcpp_action/server.hpp
[168.025s] -- Installing: /home/runner/work/pixi_rosdistro/pixi_rosdistro/install/include/rclcpp_action/rclcpp_action/client_base.hpp
[168.025s] -- Installing: /home/runner/work/pixi_rosdistro/pixi_rosdistro/install/include/rclcpp_action/rclcpp_action/rclcpp_action.hpp
[168.026s] -- Installing: /home/runner/work/pixi_rosdistro/pixi_rosdistro/install/include/rclcpp_action/rclcpp_action/generic_client.hpp
[168.026s] -- Installing: /home/runner/work/pixi_rosdistro/pixi_rosdistro/install/include/rclcpp_action/rclcpp_action/server_goal_handle.hpp
[168.027s] -- Installing: /home/runner/work/pixi_rosdistro/pixi_rosdistro/install/include/rclcpp_action/rclcpp_action/types.hpp
[168.029s] -- Installing: /home/runner/work/pixi_rosdistro/pixi_rosdistro/install/include/rclcpp_action/rclcpp_action/generic_client_goal_handle.hpp
[168.029s] -- Installing: /home/runner/work/pixi_rosdistro/pixi_rosdistro/install/include/rclcpp_action/rclcpp_action/create_server.hpp
[168.029s] -- Installing: /home/runner/work/pixi_rosdistro/pixi_rosdistro/install/include/rclcpp_action/rclcpp_action/exceptions.hpp
[168.029s] -- Installing: /home/runner/work/pixi_rosdistro/pixi_rosdistro/install/include/rclcpp_action/rclcpp_action/create_generic_client.hpp
[168.029s] -- Installing: /home/runner/work/pixi_rosdistro/pixi_rosdistro/install/lib/librclcpp_action.so
[168.030s] -- Installing: /home/runner/work/pixi_rosdistro/pixi_rosdistro/install/share/rclcpp_action/environment/library_path.sh
[168.030s] -- Installing: /home/runner/work/pixi_rosdistro/pixi_rosdistro/install/share/rclcpp_action/environment/library_path.dsv
[168.031s] -- Installing: /home/runner/work/pixi_rosdistro/pixi_rosdistro/install/share/ament_index/resource_index/package_run_dependencies/rclcpp_action
[168.031s] -- Installing: /home/runner/work/pixi_rosdistro/pixi_rosdistro/install/share/ament_index/resource_index/parent_prefix_path/rclcpp_action
[168.033s] -- Installing: /home/runner/work/pixi_rosdistro/pixi_rosdistro/install/share/rclcpp_action/environment/ament_prefix_path.sh
[168.033s] -- Installing: /home/runner/work/pixi_rosdistro/pixi_rosdistro/install/share/rclcpp_action/environment/ament_prefix_path.dsv
[168.033s] -- Installing: /home/runner/work/pixi_rosdistro/pixi_rosdistro/install/share/rclcpp_action/environment/path.sh
[168.033s] -- Installing: /home/runner/work/pixi_rosdistro/pixi_rosdistro/install/share/rclcpp_action/environment/path.dsv
[168.036s] -- Installing: /home/runner/work/pixi_rosdistro/pixi_rosdistro/install/share/rclcpp_action/local_setup.bash
[168.036s] -- Installing: /home/runner/work/pixi_rosdistro/pixi_rosdistro/install/share/rclcpp_action/local_setup.fish
[168.036s] -- Installing: /home/runner/work/pixi_rosdistro/pixi_rosdistro/install/share/rclcpp_action/local_setup.sh
[168.036s] -- Installing: /home/runner/work/pixi_rosdistro/pixi_rosdistro/install/share/rclcpp_action/local_setup.zsh
[168.036s] -- Installing: /home/runner/work/pixi_rosdistro/pixi_rosdistro/install/share/rclcpp_action/local_setup.dsv
[168.036s] -- Installing: /home/runner/work/pixi_rosdistro/pixi_rosdistro/install/share/rclcpp_action/package.dsv
[168.036s] -- Installing: /home/runner/work/pixi_rosdistro/pixi_rosdistro/install/share/ament_index/resource_index/packages/rclcpp_action
[168.036s] -- Installing: /home/runner/work/pixi_rosdistro/pixi_rosdistro/install/share/rclcpp_action/cmake/rclcpp_actionExport.cmake
[168.036s] -- Installing: /home/runner/work/pixi_rosdistro/pixi_rosdistro/install/share/rclcpp_action/cmake/rclcpp_actionExport-release.cmake
[168.036s] -- Installing: /home/runner/work/pixi_rosdistro/pixi_rosdistro/install/share/rclcpp_action/cmake/ament_cmake_export_include_directories-extras.cmake
[168.037s] -- Installing: /home/runner/work/pixi_rosdistro/pixi_rosdistro/install/share/rclcpp_action/cmake/ament_cmake_export_libraries-extras.cmake
[168.037s] -- Installing: /home/runner/work/pixi_rosdistro/pixi_rosdistro/install/share/rclcpp_action/cmake/ament_cmake_export_targets-extras.cmake
[168.038s] -- Installing: /home/runner/work/pixi_rosdistro/pixi_rosdistro/install/share/rclcpp_action/cmake/ament_cmake_export_dependencies-extras.cmake
[168.038s] -- Installing: /home/runner/work/pixi_rosdistro/pixi_rosdistro/install/share/rclcpp_action/cmake/rclcpp_actionConfig.cmake
[168.040s] -- Installing: /home/runner/work/pixi_rosdistro/pixi_rosdistro/install/share/rclcpp_action/cmake/rclcpp_actionConfig-version.cmake
[168.040s] -- Installing: /home/runner/work/pixi_rosdistro/pixi_rosdistro/install/share/rclcpp_action/package.xml
[168.041s] Invoked command in '/home/runner/work/pixi_rosdistro/pixi_rosdistro/build/rclcpp_action' returned '0': AMENT_PREFIX_PATH=/home/runner/work/pixi_rosdistro/pixi_rosdistro/install CMAKE_PREFIX_PATH=/home/runner/work/pixi_rosdistro/pixi_rosdistro/install:${CMAKE_PREFIX_PATH} LD_LIBRARY_PATH=/home/runner/work/pixi_rosdistro/pixi_rosdistro/install/lib PATH=/home/runner/work/pixi_rosdistro/pixi_rosdistro/install/bin:/opt/microsoft/powershell/7:${PATH} PIXI_PROMPT=(ros2_rolling) PKG_CONFIG_PATH=/home/runner/work/pixi_rosdistro/pixi_rosdistro/install/lib/pkgconfig PSModulePath=/home/runner/.local/share/powershell/Modules:${PSModulePath} PYTHONPATH=/home/runner/work/pixi_rosdistro/pixi_rosdistro/install/lib/python3.12/site-packages ROS_DOMAIN_ID=37 /home/runner/work/pixi_rosdistro/pixi_rosdistro/.pixi/envs/default/bin/cmake --install /home/runner/work/pixi_rosdistro/pixi_rosdistro/build/rclcpp_action
