[0.484s] Invoking command in 'D:\a\pixi_rosdistro\pixi_rosdistro\build\iceoryx_posh': CMAKE_PREFIX_PATH=D:\a\pixi_rosdistro\pixi_rosdistro\install;D:\a\pixi_rosdistro\pixi_rosdistro\.pixi\envs\default\Library PATH=D:\a\pixi_rosdistro\pixi_rosdistro\install\Scripts;D:\a\pixi_rosdistro\pixi_rosdistro\install\bin;%PATH% PIXI_PROMPT=(ros2_rolling) PKG_CONFIG_PATH=D:\a\pixi_rosdistro\pixi_rosdistro\install\lib\pkgconfig PROMPT=$P$G PYTHONPATH=D:\a\pixi_rosdistro\pixi_rosdistro\install\Lib\site-packages D:\a\pixi_rosdistro\pixi_rosdistro\.pixi\envs\default\Library\bin\cmake.EXE D:\a\pixi_rosdistro\pixi_rosdistro\src\eclipse-iceoryx\iceoryx\iceoryx_posh -GNinja --no-warn-unused-cli -DCMAKE_BUILD_TYPE=Release -DCMAKE_BUILD_WITH_INSTALL_RPATH:bool=TRUE -DCMAKE_POLICY_VERSION_MINIMUM=3.5 -Wno-deprecated -DSTACK_DETAILS_AUTO_DETECT:bool=FALSE -DSTACK_DETAILS_BFD:bool=FALSE -DCMAKE_MSVC_DEBUG_INFORMATION_FORMAT=Embedded -DCMAKE_CXX_FLAGS=/MP /FS /EHsc -DCMAKE_C_FLAGS=/MP /FS -DCMAKE_INSTALL_PREFIX=D:\a\pixi_rosdistro\pixi_rosdistro\install
[0.859s] Not searching for unused variables given on the command line.
[0.859s] -- The C compiler identification is MSVC 19.44.35225.0
[1.141s] -- The CXX compiler identification is MSVC 19.44.35225.0
[1.172s] -- Detecting C compiler ABI info
[1.875s] -- Detecting C compiler ABI info - done
[1.906s] -- Check for working C compiler: C:/Program Files/Microsoft Visual Studio/2022/Enterprise/VC/Tools/MSVC/14.44.35207/bin/Hostx64/x64/cl.exe - skipped
[1.906s] -- Detecting C compile features
[1.906s] -- Detecting C compile features - done
[1.922s] -- Detecting CXX compiler ABI info
[2.594s] -- Detecting CXX compiler ABI info - done
[2.625s] -- Check for working CXX compiler: C:/Program Files/Microsoft Visual Studio/2022/Enterprise/VC/Tools/MSVC/14.44.35207/bin/Hostx64/x64/cl.exe - skipped
[2.625s] -- Detecting CXX compile features
[2.625s] -- Detecting CXX compile features - done
[2.625s] -- Performing Test CMAKE_HAVE_LIBC_PTHREAD
[2.844s] -- Performing Test CMAKE_HAVE_LIBC_PTHREAD - Failed
[2.844s] -- Looking for pthread_create in pthreads
[3.609s] -- Looking for pthread_create in pthreads - not found
[3.609s] -- Looking for pthread_create in pthread
[3.609s] -- Looking for pthread_create in pthread - not found
[3.609s] -- Found Threads: TRUE
[3.812s] -- Configuring done (0.2s)
[3.844s] -- Generating done (0.0s)
[3.844s] -- Build files have been written to: D:/a/pixi_rosdistro/pixi_rosdistro/build/iceoryx_posh/dependencies/cpptoml/download
[3.969s] [1/9] Creating directories for 'ext_cpptoml'
[5.750s] [2/9] Performing download step (git clone) for 'ext_cpptoml'
[5.750s] Cloning into 'src'...
[5.750s] HEAD is now at fededad one-char typo
[5.750s] Submodule 'deps/meta-cmake' (https://github.com/meta-toolkit/meta-cmake.git) registered for path 'deps/meta-cmake'
[5.750s] Cloning into 'D:/a/pixi_rosdistro/pixi_rosdistro/build/iceoryx_posh/dependencies/cpptoml/src/deps/meta-cmake'...
[5.750s] Submodule path 'deps/meta-cmake': checked out 'db7ff976c430a6cb6cbd03ae691be04cfaac0a07'
[5.937s] [3/9] Performing update step for 'ext_cpptoml'
[5.937s] -- Already at requested tag: v0.1.1
[6.016s] [4/9] No patch step for 'ext_cpptoml'
[6.094s] [5/9] No configure step for 'ext_cpptoml'
[6.172s] [6/9] No build step for 'ext_cpptoml'
[6.266s] [7/9] No install step for 'ext_cpptoml'
[6.344s] [8/9] No test step for 'ext_cpptoml'
[6.453s] [9/9] Completed 'ext_cpptoml'
[6.500s] -- Applying patch for minimal cmake version to cpptoml
[6.875s] -- The C compiler identification is MSVC 19.44.35225.0
[7.172s] -- The CXX compiler identification is MSVC 19.44.35225.0
[7.187s] -- Detecting C compiler ABI info
[7.766s] -- Detecting C compiler ABI info - done
[7.797s] -- Check for working C compiler: C:/Program Files/Microsoft Visual Studio/2022/Enterprise/VC/Tools/MSVC/14.44.35207/bin/Hostx64/x64/cl.exe - skipped
[7.797s] -- Detecting C compile features
[7.797s] -- Detecting C compile features - done
[7.812s] -- Detecting CXX compiler ABI info
[8.391s] -- Detecting CXX compiler ABI info - done
[8.422s] -- Check for working CXX compiler: C:/Program Files/Microsoft Visual Studio/2022/Enterprise/VC/Tools/MSVC/14.44.35207/bin/Hostx64/x64/cl.exe - skipped
[8.422s] -- Detecting CXX compile features
[8.422s] -- Detecting CXX compile features - done
[8.750s] -- Found Doxygen: C:/Strawberry/c/bin/doxygen.exe (found version "1.10.0") found components: doxygen missing components: dot
[8.844s] -- Configuring done (2.3s)
[8.875s] -- Generating done (0.0s)
[8.875s] -- Build files have been written to: D:/a/pixi_rosdistro/pixi_rosdistro/build/iceoryx_posh/dependencies/cpptoml/build
[8.937s] [0/1] Install the project...
[8.969s] -- Install configuration: "Debug"
[8.984s] -- Installing: D:/a/pixi_rosdistro/pixi_rosdistro/build/iceoryx_posh/dependencies/install/include/cpptoml.h
[8.984s] -- Installing: D:/a/pixi_rosdistro/pixi_rosdistro/build/iceoryx_posh/dependencies/install/lib/cmake/cpptoml/cpptomlTargets.cmake
[8.984s] -- Installing: D:/a/pixi_rosdistro/pixi_rosdistro/build/iceoryx_posh/dependencies/install/lib/cmake/cpptoml/cpptomlConfigVersion.cmake
[8.984s] -- Installing: D:/a/pixi_rosdistro/pixi_rosdistro/build/iceoryx_posh/dependencies/install/lib/cmake/cpptoml/cpptomlConfig.cmake
[9.016s] -- [i] <<<<<<<<<<<<< Start iceoryx_posh configuration: >>>>>>>>>>>>>
[9.016s] -- [i] Using m:n communication!
[9.016s] -- [i] IOX_MAX_PUBLISHERS:512
[9.016s] -- [i] IOX_MAX_SUBSCRIBERS:1024
[9.016s] -- [i] IOX_MAX_INTERFACE_NUMBER:4
[9.016s] -- [i] IOX_MAX_SUBSCRIBERS_PER_PUBLISHER:256
[9.016s] -- [i] IOX_MAX_CHUNKS_ALLOCATED_PER_PUBLISHER_SIMULTANEOUSLY:8
[9.016s] -- [i] IOX_MAX_PUBLISHER_HISTORY:16
[9.016s] -- [i] IOX_MAX_CHUNKS_HELD_PER_SUBSCRIBER_SIMULTANEOUSLY:256
[9.016s] -- [i] <<<<<<<<<<<<<< End iceoryx_posh configuration: >>>>>>>>>>>>>>
[9.094s] -- Configuring done (8.6s)
[9.172s] -- Generating done (0.1s)
[9.187s] -- Build files have been written to: D:/a/pixi_rosdistro/pixi_rosdistro/build/iceoryx_posh
[9.203s] Invoked command in 'D:\a\pixi_rosdistro\pixi_rosdistro\build\iceoryx_posh' returned '0': CMAKE_PREFIX_PATH=D:\a\pixi_rosdistro\pixi_rosdistro\install;D:\a\pixi_rosdistro\pixi_rosdistro\.pixi\envs\default\Library PATH=D:\a\pixi_rosdistro\pixi_rosdistro\install\Scripts;D:\a\pixi_rosdistro\pixi_rosdistro\install\bin;%PATH% PIXI_PROMPT=(ros2_rolling) PKG_CONFIG_PATH=D:\a\pixi_rosdistro\pixi_rosdistro\install\lib\pkgconfig PROMPT=$P$G PYTHONPATH=D:\a\pixi_rosdistro\pixi_rosdistro\install\Lib\site-packages ROS_DOMAIN_ID=146 D:\a\pixi_rosdistro\pixi_rosdistro\.pixi\envs\default\Library\bin\cmake.EXE D:\a\pixi_rosdistro\pixi_rosdistro\src\eclipse-iceoryx\iceoryx\iceoryx_posh -GNinja --no-warn-unused-cli -DCMAKE_BUILD_TYPE=Release -DCMAKE_BUILD_WITH_INSTALL_RPATH:bool=TRUE -DCMAKE_POLICY_VERSION_MINIMUM=3.5 -Wno-deprecated -DSTACK_DETAILS_AUTO_DETECT:bool=FALSE -DSTACK_DETAILS_BFD:bool=FALSE -DCMAKE_MSVC_DEBUG_INFORMATION_FORMAT=Embedded -DCMAKE_CXX_FLAGS=/MP /FS /EHsc -DCMAKE_C_FLAGS=/MP /FS -DCMAKE_INSTALL_PREFIX=D:\a\pixi_rosdistro\pixi_rosdistro\install
[9.203s] Invoking command in 'D:\a\pixi_rosdistro\pixi_rosdistro\build\iceoryx_posh': CMAKE_PREFIX_PATH=D:\a\pixi_rosdistro\pixi_rosdistro\install;D:\a\pixi_rosdistro\pixi_rosdistro\.pixi\envs\default\Library PATH=D:\a\pixi_rosdistro\pixi_rosdistro\install\Scripts;D:\a\pixi_rosdistro\pixi_rosdistro\install\bin;%PATH% PIXI_PROMPT=(ros2_rolling) PKG_CONFIG_PATH=D:\a\pixi_rosdistro\pixi_rosdistro\install\lib\pkgconfig PROMPT=$P$G PYTHONPATH=D:\a\pixi_rosdistro\pixi_rosdistro\install\Lib\site-packages ROS_DOMAIN_ID=146 D:\a\pixi_rosdistro\pixi_rosdistro\.pixi\envs\default\Library\bin\cmake.EXE --build D:\a\pixi_rosdistro\pixi_rosdistro\build\iceoryx_posh -- -j4 -l4
[9.766s] [1/95] Building CXX object CMakeFiles\iceoryx_posh.dir\source\log\posh_logging.cpp.obj
[10.078s] [2/95] Building CXX object CMakeFiles\iceoryx_posh.dir\source\capro\service_description.cpp.obj
[10.156s] [3/95] Building CXX object CMakeFiles\iceoryx_posh.dir\source\capro\capro_message.cpp.obj
[10.406s] [4/95] Building CXX object CMakeFiles\iceoryx_posh.dir\source\mepoo\chunk_header.cpp.obj
[11.156s] [5/95] Building CXX object CMakeFiles\iceoryx_posh.dir\source\mepoo\chunk_management.cpp.obj
[11.891s] [6/95] Building CXX object CMakeFiles\iceoryx_posh.dir\source\mepoo\chunk_settings.cpp.obj
[12.656s] [7/95] Building CXX object CMakeFiles\iceoryx_posh.dir\source\mepoo\mepoo_config.cpp.obj
[13.422s] [8/95] Building CXX object CMakeFiles\iceoryx_posh.dir\source\mepoo\segment_config.cpp.obj
[14.234s] [9/95] Building CXX object CMakeFiles\iceoryx_posh.dir\source\mepoo\memory_manager.cpp.obj
[15.016s] [10/95] Building CXX object CMakeFiles\iceoryx_posh.dir\source\mepoo\mem_pool.cpp.obj
[15.797s] [11/95] Building CXX object CMakeFiles\iceoryx_posh.dir\source\mepoo\shared_chunk.cpp.obj
[16.547s] [12/95] Building CXX object CMakeFiles\iceoryx_posh.dir\source\mepoo\shm_safe_unmanaged_chunk.cpp.obj
[17.391s] [13/95] Building CXX object CMakeFiles\iceoryx_posh.dir\source\mepoo\segment_manager.cpp.obj
[18.203s] [14/95] Building CXX object CMakeFiles\iceoryx_posh.dir\source\mepoo\mepoo_segment.cpp.obj
[18.344s] [15/95] Building CXX object CMakeFiles\iceoryx_posh.dir\source\mepoo\memory_info.cpp.obj
[19.094s] [16/95] Building CXX object CMakeFiles\iceoryx_posh.dir\source\popo\ports\interface_port.cpp.obj
[19.937s] [17/95] Building CXX object CMakeFiles\iceoryx_posh.dir\source\popo\ports\interface_port_data.cpp.obj
[20.719s] [18/95] Building CXX object CMakeFiles\iceoryx_posh.dir\source\popo\ports\base_port_data.cpp.obj
[21.516s] [19/95] Building CXX object CMakeFiles\iceoryx_posh.dir\source\popo\ports\base_port.cpp.obj
[22.453s] [20/95] Building CXX object CMakeFiles\iceoryx_posh.dir\source\popo\ports\publisher_port_data.cpp.obj
[23.344s] [21/95] Building CXX object CMakeFiles\iceoryx_posh.dir\source\popo\ports\publisher_port_user.cpp.obj
[24.203s] [22/95] Building CXX object CMakeFiles\iceoryx_posh.dir\source\popo\ports\publisher_port_roudi.cpp.obj
[25.078s] [23/95] Building CXX object CMakeFiles\iceoryx_posh.dir\source\popo\ports\subscriber_port_user.cpp.obj
[25.922s] [24/95] Building CXX object CMakeFiles\iceoryx_posh.dir\source\popo\ports\subscriber_port_roudi.cpp.obj
[26.734s] [25/95] Building CXX object CMakeFiles\iceoryx_posh.dir\source\popo\ports\subscriber_port_single_producer.cpp.obj
[27.594s] [26/95] Building CXX object CMakeFiles\iceoryx_posh.dir\source\popo\ports\subscriber_port_multi_producer.cpp.obj
[28.359s] [27/95] Building CXX object CMakeFiles\iceoryx_posh.dir\source\popo\ports\subscriber_port_data.cpp.obj
[29.156s] [28/95] Building CXX object CMakeFiles\iceoryx_posh.dir\source\popo\ports\client_port_data.cpp.obj
[30.016s] [29/95] Building CXX object CMakeFiles\iceoryx_posh.dir\source\popo\ports\client_port_roudi.cpp.obj
[30.891s] [30/95] Building CXX object CMakeFiles\iceoryx_posh.dir\source\popo\ports\client_port_user.cpp.obj
[31.781s] [31/95] Building CXX object CMakeFiles\iceoryx_posh.dir\source\popo\ports\server_port_data.cpp.obj
[32.609s] [32/95] Building CXX object CMakeFiles\iceoryx_posh.dir\source\popo\ports\server_port_roudi.cpp.obj
[33.484s] [33/95] Building CXX object CMakeFiles\iceoryx_posh.dir\source\popo\ports\server_port_user.cpp.obj
[34.328s] [34/95] Building CXX object CMakeFiles\iceoryx_posh.dir\source\popo\building_blocks\condition_listener.cpp.obj
[35.125s] [35/95] Building CXX object CMakeFiles\iceoryx_posh.dir\source\popo\building_blocks\condition_notifier.cpp.obj
[35.891s] [36/95] Building CXX object CMakeFiles\iceoryx_posh.dir\source\popo\building_blocks\condition_variable_data.cpp.obj
[36.578s] [37/95] Building CXX object CMakeFiles\iceoryx_posh.dir\source\popo\building_blocks\locking_policy.cpp.obj
[37.391s] [38/95] Building CXX object CMakeFiles\iceoryx_posh.dir\source\popo\building_blocks\unique_port_id.cpp.obj
[38.281s] [39/95] Building CXX object CMakeFiles\iceoryx_posh.dir\source\popo\client_options.cpp.obj
[39.141s] [40/95] Building CXX object CMakeFiles\iceoryx_posh.dir\source\popo\listener.cpp.obj
[39.609s] [41/95] Building CXX object CMakeFiles\iceoryx_posh.dir\source\popo\notification_info.cpp.obj
[40.391s] [42/95] Building CXX object CMakeFiles\iceoryx_posh.dir\source\popo\rpc_header.cpp.obj
[41.156s] [43/95] Building CXX object CMakeFiles\iceoryx_posh.dir\source\popo\publisher_options.cpp.obj
[42.016s] [44/95] Building CXX object CMakeFiles\iceoryx_posh.dir\source\popo\server_options.cpp.obj
[42.875s] [45/95] Building CXX object CMakeFiles\iceoryx_posh.dir\source\popo\subscriber_options.cpp.obj
[43.687s] [46/95] Building CXX object CMakeFiles\iceoryx_posh.dir\source\popo\trigger.cpp.obj
[44.484s] [47/95] Building CXX object CMakeFiles\iceoryx_posh.dir\source\popo\trigger_handle.cpp.obj
[45.406s] [48/95] Building CXX object CMakeFiles\iceoryx_posh.dir\source\popo\user_trigger.cpp.obj
[48.687s] [49/95] Building CXX object CMakeFiles\iceoryx_posh.dir\source\version\version_info.cpp.obj
[49.422s] [50/95] Building CXX object CMakeFiles\iceoryx_posh.dir\source\runtime\ipc_interface_base.cpp.obj
[50.203s] [51/95] Building CXX object CMakeFiles\iceoryx_posh.dir\source\runtime\ipc_interface_user.cpp.obj
[51.078s] [52/95] Building CXX object CMakeFiles\iceoryx_posh.dir\source\runtime\ipc_interface_creator.cpp.obj
[54.391s] [53/95] Building CXX object CMakeFiles\iceoryx_posh.dir\source\runtime\ipc_runtime_interface.cpp.obj
[54.844s] [54/95] Building CXX object CMakeFiles\iceoryx_posh.dir\source\runtime\ipc_message.cpp.obj
[55.219s] [55/95] Building CXX object CMakeFiles\iceoryx_posh.dir\source\runtime\port_config_info.cpp.obj
[56.062s] [56/95] Building CXX object CMakeFiles\iceoryx_posh.dir\source\runtime\posh_runtime.cpp.obj
[57.016s] [57/95] Building CXX object CMakeFiles\iceoryx_posh.dir\source\runtime\posh_runtime_impl.cpp.obj
[57.937s] [58/95] Building CXX object CMakeFiles\iceoryx_posh.dir\source\runtime\posh_runtime_single_process.cpp.obj
[58.844s] [59/95] Building CXX object CMakeFiles\iceoryx_posh.dir\source\runtime\service_discovery.cpp.obj
[59.734s] [60/95] Building CXX object CMakeFiles\iceoryx_posh.dir\source\runtime\node.cpp.obj
[60.625s] [61/95] Building CXX object CMakeFiles\iceoryx_posh.dir\source\runtime\node_data.cpp.obj
[61.406s] [62/95] Building CXX object CMakeFiles\iceoryx_posh.dir\source\runtime\node_property.cpp.obj
[62.344s] [63/95] Building CXX object CMakeFiles\iceoryx_posh.dir\source\runtime\shared_memory_user.cpp.obj
[63.031s] [64/95] Building CXX object CMakeFiles\iceoryx_posh.dir\source\roudi\service_registry.cpp.obj
[63.125s] [65/95] Linking CXX static library iceoryx_posh.lib
[67.359s] [66/95] Building CXX object CMakeFiles\iceoryx_posh_roudi.dir\source\roudi\application\iceoryx_roudi_app.cpp.obj
[71.531s] [67/95] Building CXX object CMakeFiles\iceoryx_posh_roudi.dir\source\roudi\application\roudi_app.cpp.obj
[72.000s] [68/95] Building CXX object CMakeFiles\iceoryx_posh_roudi.dir\source\roudi\memory\memory_block.cpp.obj
[72.812s] [69/95] Building CXX object CMakeFiles\iceoryx_posh_roudi.dir\source\roudi\memory\memory_provider.cpp.obj
[73.594s] [70/95] Building CXX object CMakeFiles\iceoryx_posh_roudi.dir\source\roudi\memory\mempool_collection_memory_block.cpp.obj
[74.391s] [71/95] Building CXX object CMakeFiles\iceoryx_posh_roudi.dir\source\roudi\memory\mempool_segment_manager_memory_block.cpp.obj
[75.281s] [72/95] Building CXX object CMakeFiles\iceoryx_posh_roudi.dir\source\roudi\memory\port_pool_memory_block.cpp.obj
[76.109s] [73/95] Building CXX object CMakeFiles\iceoryx_posh_roudi.dir\source\roudi\memory\posix_shm_memory_provider.cpp.obj
[77.031s] [74/95] Building CXX object CMakeFiles\iceoryx_posh_roudi.dir\source\roudi\memory\default_roudi_memory.cpp.obj
[78.000s] [75/95] Building CXX object CMakeFiles\iceoryx_posh_roudi.dir\source\roudi\memory\roudi_memory_manager.cpp.obj
[78.891s] [76/95] Building CXX object CMakeFiles\iceoryx_posh_roudi.dir\source\roudi\memory\iceoryx_roudi_memory_manager.cpp.obj
[79.875s] [77/95] Building CXX object CMakeFiles\iceoryx_posh_roudi.dir\source\roudi\port_manager.cpp.obj
[80.750s] [78/95] Building CXX object CMakeFiles\iceoryx_posh_roudi.dir\source\roudi\port_pool.cpp.obj
[85.859s] [79/95] Building CXX object CMakeFiles\iceoryx_posh_roudi.dir\source\roudi\roudi.cpp.obj
[89.797s] [80/95] Building CXX object CMakeFiles\iceoryx_posh_roudi.dir\source\roudi\process.cpp.obj
[95.766s] [81/95] Building CXX object CMakeFiles\iceoryx_posh_roudi.dir\source\roudi\process_manager.cpp.obj
[96.859s] [82/95] Building CXX object CMakeFiles\iceoryx_posh_roudi.dir\source\roudi\iceoryx_roudi_components.cpp.obj
[101.422s] [83/95] Building CXX object CMakeFiles\iceoryx_posh_roudi.dir\source\roudi\roudi_cmd_line_parser.cpp.obj
[102.234s] [84/95] Building CXX object CMakeFiles\iceoryx_posh_roudi.dir\source\roudi\roudi_cmd_line_parser_config_file_option.cpp.obj
[103.297s] [85/95] Building CXX object CMakeFiles\iceoryx_posh_roudi.dir\source\roudi\roudi_config.cpp.obj
[103.531s] [86/95] Linking CXX static library iceoryx_posh_roudi.lib
[104.250s] [87/95] Building CXX object CMakeFiles\iceoryx_posh_config.dir\source\log\posh_config_logging.cpp.obj
[105.359s] [88/95] Building CXX object CMakeFiles\iceoryx_posh_config.dir\source\gateway\gateway_config.cpp.obj
[106.297s] [89/95] Building CXX object CMakeFiles\iceoryx_posh_config.dir\source\gateway\toml_gateway_config_parser.cpp.obj
[107.141s] [90/95] Building CXX object CMakeFiles\iceoryx_posh_config.dir\source\roudi\roudi_config_toml_file_provider.cpp.obj
[108.016s] [91/95] Building CXX object CMakeFiles\iceoryx_posh_gateway.dir\source\gateway\gateway_base.cpp.obj
[108.125s] [92/95] Linking CXX static library iceoryx_posh_config.lib
[109.125s] [93/95] Building CXX object CMakeFiles\iox-roudi.dir\source\roudi\application\roudi_main.cpp.obj
[109.547s] [94/95] Linking CXX static library iceoryx_posh_gateway.lib
[110.000s] [95/95] Linking CXX executable iox-roudi.exe
[110.016s] Invoked command in 'D:\a\pixi_rosdistro\pixi_rosdistro\build\iceoryx_posh' returned '0': CMAKE_PREFIX_PATH=D:\a\pixi_rosdistro\pixi_rosdistro\install;D:\a\pixi_rosdistro\pixi_rosdistro\.pixi\envs\default\Library PATH=D:\a\pixi_rosdistro\pixi_rosdistro\install\Scripts;D:\a\pixi_rosdistro\pixi_rosdistro\install\bin;%PATH% PIXI_PROMPT=(ros2_rolling) PKG_CONFIG_PATH=D:\a\pixi_rosdistro\pixi_rosdistro\install\lib\pkgconfig PROMPT=$P$G PYTHONPATH=D:\a\pixi_rosdistro\pixi_rosdistro\install\Lib\site-packages ROS_DOMAIN_ID=146 D:\a\pixi_rosdistro\pixi_rosdistro\.pixi\envs\default\Library\bin\cmake.EXE --build D:\a\pixi_rosdistro\pixi_rosdistro\build\iceoryx_posh -- -j4 -l4
[110.016s] Invoking command in 'D:\a\pixi_rosdistro\pixi_rosdistro\build\iceoryx_posh': CMAKE_PREFIX_PATH=D:\a\pixi_rosdistro\pixi_rosdistro\install;D:\a\pixi_rosdistro\pixi_rosdistro\.pixi\envs\default\Library PATH=D:\a\pixi_rosdistro\pixi_rosdistro\install\Scripts;D:\a\pixi_rosdistro\pixi_rosdistro\install\bin;%PATH% PIXI_PROMPT=(ros2_rolling) PKG_CONFIG_PATH=D:\a\pixi_rosdistro\pixi_rosdistro\install\lib\pkgconfig PROMPT=$P$G PYTHONPATH=D:\a\pixi_rosdistro\pixi_rosdistro\install\Lib\site-packages ROS_DOMAIN_ID=146 D:\a\pixi_rosdistro\pixi_rosdistro\.pixi\envs\default\Library\bin\cmake.EXE --install D:\a\pixi_rosdistro\pixi_rosdistro\build\iceoryx_posh
[110.078s] -- Install configuration: "Release"
[110.078s] -- Installing: D:/a/pixi_rosdistro/pixi_rosdistro/install/include/iceoryx/v2.0.6/iceoryx_versions.hpp
[110.078s] -- Installing: D:/a/pixi_rosdistro/pixi_rosdistro/install/share/doc/iceoryx_posh/LICENSE
[110.078s] -- Installing: D:/a/pixi_rosdistro/pixi_rosdistro/install/share/doc/iceoryx_posh/3rd_party_licenses
[110.078s] -- Installing: D:/a/pixi_rosdistro/pixi_rosdistro/install/share/doc/iceoryx_posh/3rd_party_licenses/cpptoml
[110.078s] -- Installing: D:/a/pixi_rosdistro/pixi_rosdistro/install/share/doc/iceoryx_posh/3rd_party_licenses/cpptoml/LICENSE
[110.078s] -- Installing: D:/a/pixi_rosdistro/pixi_rosdistro/install/etc/roudi_config_example.toml
[110.078s] -- Installing: D:/a/pixi_rosdistro/pixi_rosdistro/install/lib/iceoryx_posh.lib
[110.094s] -- Installing: D:/a/pixi_rosdistro/pixi_rosdistro/install/lib/iceoryx_posh_roudi.lib
[110.109s] -- Installing: D:/a/pixi_rosdistro/pixi_rosdistro/install/lib/iceoryx_posh_gateway.lib
[110.109s] -- Installing: D:/a/pixi_rosdistro/pixi_rosdistro/install/lib/iceoryx_posh_config.lib
[110.125s] -- Installing: D:/a/pixi_rosdistro/pixi_rosdistro/install/bin/iox-roudi.exe
[110.125s] -- Up-to-date: D:/a/pixi_rosdistro/pixi_rosdistro/install/include/iceoryx/v2.0.6
[110.125s] -- Installing: D:/a/pixi_rosdistro/pixi_rosdistro/install/include/iceoryx/v2.0.6/iceoryx_posh
[110.141s] -- Installing: D:/a/pixi_rosdistro/pixi_rosdistro/install/include/iceoryx/v2.0.6/iceoryx_posh/capro
[110.141s] -- Installing: D:/a/pixi_rosdistro/pixi_rosdistro/install/include/iceoryx/v2.0.6/iceoryx_posh/capro/service_description.hpp
[110.141s] -- Installing: D:/a/pixi_rosdistro/pixi_rosdistro/install/include/iceoryx/v2.0.6/iceoryx_posh/gateway
[110.141s] -- Installing: D:/a/pixi_rosdistro/pixi_rosdistro/install/include/iceoryx/v2.0.6/iceoryx_posh/gateway/channel.hpp
[110.141s] -- Installing: D:/a/pixi_rosdistro/pixi_rosdistro/install/include/iceoryx/v2.0.6/iceoryx_posh/gateway/gateway_base.hpp
[110.141s] -- Installing: D:/a/pixi_rosdistro/pixi_rosdistro/install/include/iceoryx/v2.0.6/iceoryx_posh/gateway/gateway_config.hpp
[110.141s] -- Installing: D:/a/pixi_rosdistro/pixi_rosdistro/install/include/iceoryx/v2.0.6/iceoryx_posh/gateway/gateway_discovery.hpp
[110.141s] -- Installing: D:/a/pixi_rosdistro/pixi_rosdistro/install/include/iceoryx/v2.0.6/iceoryx_posh/gateway/gateway_generic.hpp
[110.141s] -- Installing: D:/a/pixi_rosdistro/pixi_rosdistro/install/include/iceoryx/v2.0.6/iceoryx_posh/gateway/toml_gateway_config_parser.hpp
[110.141s] -- Installing: D:/a/pixi_rosdistro/pixi_rosdistro/install/include/iceoryx/v2.0.6/iceoryx_posh/iceoryx_posh_config.hpp
[110.156s] -- Installing: D:/a/pixi_rosdistro/pixi_rosdistro/install/include/iceoryx/v2.0.6/iceoryx_posh/iceoryx_posh_types.hpp
[110.156s] -- Installing: D:/a/pixi_rosdistro/pixi_rosdistro/install/include/iceoryx/v2.0.6/iceoryx_posh/iceoryx_posh_types.inl
[110.156s] -- Installing: D:/a/pixi_rosdistro/pixi_rosdistro/install/include/iceoryx/v2.0.6/iceoryx_posh/internal
[110.156s] -- Installing: D:/a/pixi_rosdistro/pixi_rosdistro/install/include/iceoryx/v2.0.6/iceoryx_posh/internal/capro
[110.156s] -- Installing: D:/a/pixi_rosdistro/pixi_rosdistro/install/include/iceoryx/v2.0.6/iceoryx_posh/internal/capro/capro_message.hpp
[110.156s] -- Installing: D:/a/pixi_rosdistro/pixi_rosdistro/install/include/iceoryx/v2.0.6/iceoryx_posh/internal/capro/capro_message.inl
[110.156s] -- Installing: D:/a/pixi_rosdistro/pixi_rosdistro/install/include/iceoryx/v2.0.6/iceoryx_posh/internal/gateway
[110.156s] -- Installing: D:/a/pixi_rosdistro/pixi_rosdistro/install/include/iceoryx/v2.0.6/iceoryx_posh/internal/gateway/channel.inl
[110.156s] -- Installing: D:/a/pixi_rosdistro/pixi_rosdistro/install/include/iceoryx/v2.0.6/iceoryx_posh/internal/gateway/gateway_generic.inl
[110.156s] -- Installing: D:/a/pixi_rosdistro/pixi_rosdistro/install/include/iceoryx/v2.0.6/iceoryx_posh/internal/log
[110.156s] -- Installing: D:/a/pixi_rosdistro/pixi_rosdistro/install/include/iceoryx/v2.0.6/iceoryx_posh/internal/log/posh_config_logging.hpp
[110.156s] -- Installing: D:/a/pixi_rosdistro/pixi_rosdistro/install/include/iceoryx/v2.0.6/iceoryx_posh/internal/log/posh_logging.hpp
[110.156s] -- Installing: D:/a/pixi_rosdistro/pixi_rosdistro/install/include/iceoryx/v2.0.6/iceoryx_posh/internal/mepoo
[110.172s] -- Installing: D:/a/pixi_rosdistro/pixi_rosdistro/install/include/iceoryx/v2.0.6/iceoryx_posh/internal/mepoo/chunk_management.hpp
[110.172s] -- Installing: D:/a/pixi_rosdistro/pixi_rosdistro/install/include/iceoryx/v2.0.6/iceoryx_posh/internal/mepoo/memory_manager.hpp
[110.172s] -- Installing: D:/a/pixi_rosdistro/pixi_rosdistro/install/include/iceoryx/v2.0.6/iceoryx_posh/internal/mepoo/memory_manager.inl
[110.172s] -- Installing: D:/a/pixi_rosdistro/pixi_rosdistro/install/include/iceoryx/v2.0.6/iceoryx_posh/internal/mepoo/mem_pool.hpp
[110.172s] -- Installing: D:/a/pixi_rosdistro/pixi_rosdistro/install/include/iceoryx/v2.0.6/iceoryx_posh/internal/mepoo/mepoo.hpp
[110.172s] -- Installing: D:/a/pixi_rosdistro/pixi_rosdistro/install/include/iceoryx/v2.0.6/iceoryx_posh/internal/mepoo/mepoo_segment.hpp
[110.172s] -- Installing: D:/a/pixi_rosdistro/pixi_rosdistro/install/include/iceoryx/v2.0.6/iceoryx_posh/internal/mepoo/mepoo_segment.inl
[110.172s] -- Installing: D:/a/pixi_rosdistro/pixi_rosdistro/install/include/iceoryx/v2.0.6/iceoryx_posh/internal/mepoo/segment_manager.hpp
[110.172s] -- Installing: D:/a/pixi_rosdistro/pixi_rosdistro/install/include/iceoryx/v2.0.6/iceoryx_posh/internal/mepoo/segment_manager.inl
[110.172s] -- Installing: D:/a/pixi_rosdistro/pixi_rosdistro/install/include/iceoryx/v2.0.6/iceoryx_posh/internal/mepoo/shared_chunk.hpp
[110.172s] -- Installing: D:/a/pixi_rosdistro/pixi_rosdistro/install/include/iceoryx/v2.0.6/iceoryx_posh/internal/mepoo/shared_pointer.hpp
[110.172s] -- Installing: D:/a/pixi_rosdistro/pixi_rosdistro/install/include/iceoryx/v2.0.6/iceoryx_posh/internal/mepoo/shared_pointer.inl
[110.172s] -- Installing: D:/a/pixi_rosdistro/pixi_rosdistro/install/include/iceoryx/v2.0.6/iceoryx_posh/internal/mepoo/shm_safe_unmanaged_chunk.hpp
[110.187s] -- Installing: D:/a/pixi_rosdistro/pixi_rosdistro/install/include/iceoryx/v2.0.6/iceoryx_posh/internal/mepoo/typed_mem_pool.hpp
[110.187s] -- Installing: D:/a/pixi_rosdistro/pixi_rosdistro/install/include/iceoryx/v2.0.6/iceoryx_posh/internal/mepoo/typed_mem_pool.inl
[110.187s] -- Installing: D:/a/pixi_rosdistro/pixi_rosdistro/install/include/iceoryx/v2.0.6/iceoryx_posh/internal/popo
[110.187s] -- Installing: D:/a/pixi_rosdistro/pixi_rosdistro/install/include/iceoryx/v2.0.6/iceoryx_posh/internal/popo/base_client.hpp
[110.187s] -- Installing: D:/a/pixi_rosdistro/pixi_rosdistro/install/include/iceoryx/v2.0.6/iceoryx_posh/internal/popo/base_client.inl
[110.187s] -- Installing: D:/a/pixi_rosdistro/pixi_rosdistro/install/include/iceoryx/v2.0.6/iceoryx_posh/internal/popo/base_publisher.hpp
[110.187s] -- Installing: D:/a/pixi_rosdistro/pixi_rosdistro/install/include/iceoryx/v2.0.6/iceoryx_posh/internal/popo/base_publisher.inl
[110.187s] -- Installing: D:/a/pixi_rosdistro/pixi_rosdistro/install/include/iceoryx/v2.0.6/iceoryx_posh/internal/popo/base_server.hpp
[110.187s] -- Installing: D:/a/pixi_rosdistro/pixi_rosdistro/install/include/iceoryx/v2.0.6/iceoryx_posh/internal/popo/base_server.inl
[110.187s] -- Installing: D:/a/pixi_rosdistro/pixi_rosdistro/install/include/iceoryx/v2.0.6/iceoryx_posh/internal/popo/base_subscriber.hpp
[110.187s] -- Installing: D:/a/pixi_rosdistro/pixi_rosdistro/install/include/iceoryx/v2.0.6/iceoryx_posh/internal/popo/base_subscriber.inl
[110.187s] -- Installing: D:/a/pixi_rosdistro/pixi_rosdistro/install/include/iceoryx/v2.0.6/iceoryx_posh/internal/popo/building_blocks
[110.203s] -- Installing: D:/a/pixi_rosdistro/pixi_rosdistro/install/include/iceoryx/v2.0.6/iceoryx_posh/internal/popo/building_blocks/chunk_distributor.hpp
[110.203s] -- Installing: D:/a/pixi_rosdistro/pixi_rosdistro/install/include/iceoryx/v2.0.6/iceoryx_posh/internal/popo/building_blocks/chunk_distributor.inl
[110.203s] -- Installing: D:/a/pixi_rosdistro/pixi_rosdistro/install/include/iceoryx/v2.0.6/iceoryx_posh/internal/popo/building_blocks/chunk_distributor_data.hpp
[110.203s] -- Installing: D:/a/pixi_rosdistro/pixi_rosdistro/install/include/iceoryx/v2.0.6/iceoryx_posh/internal/popo/building_blocks/chunk_distributor_data.inl
[110.203s] -- Installing: D:/a/pixi_rosdistro/pixi_rosdistro/install/include/iceoryx/v2.0.6/iceoryx_posh/internal/popo/building_blocks/chunk_queue_data.hpp
[110.203s] -- Installing: D:/a/pixi_rosdistro/pixi_rosdistro/install/include/iceoryx/v2.0.6/iceoryx_posh/internal/popo/building_blocks/chunk_queue_data.inl
[110.203s] -- Installing: D:/a/pixi_rosdistro/pixi_rosdistro/install/include/iceoryx/v2.0.6/iceoryx_posh/internal/popo/building_blocks/chunk_queue_popper.hpp
[110.203s] -- Installing: D:/a/pixi_rosdistro/pixi_rosdistro/install/include/iceoryx/v2.0.6/iceoryx_posh/internal/popo/building_blocks/chunk_queue_popper.inl
[110.203s] -- Installing: D:/a/pixi_rosdistro/pixi_rosdistro/install/include/iceoryx/v2.0.6/iceoryx_posh/internal/popo/building_blocks/chunk_queue_pusher.hpp
[110.203s] -- Installing: D:/a/pixi_rosdistro/pixi_rosdistro/install/include/iceoryx/v2.0.6/iceoryx_posh/internal/popo/building_blocks/chunk_queue_pusher.inl
[110.203s] -- Installing: D:/a/pixi_rosdistro/pixi_rosdistro/install/include/iceoryx/v2.0.6/iceoryx_posh/internal/popo/building_blocks/chunk_receiver.hpp
[110.203s] -- Installing: D:/a/pixi_rosdistro/pixi_rosdistro/install/include/iceoryx/v2.0.6/iceoryx_posh/internal/popo/building_blocks/chunk_receiver.inl
[110.219s] -- Installing: D:/a/pixi_rosdistro/pixi_rosdistro/install/include/iceoryx/v2.0.6/iceoryx_posh/internal/popo/building_blocks/chunk_receiver_data.hpp
[110.219s] -- Installing: D:/a/pixi_rosdistro/pixi_rosdistro/install/include/iceoryx/v2.0.6/iceoryx_posh/internal/popo/building_blocks/chunk_receiver_data.inl
[110.219s] -- Installing: D:/a/pixi_rosdistro/pixi_rosdistro/install/include/iceoryx/v2.0.6/iceoryx_posh/internal/popo/building_blocks/chunk_sender.hpp
[110.219s] -- Installing: D:/a/pixi_rosdistro/pixi_rosdistro/install/include/iceoryx/v2.0.6/iceoryx_posh/internal/popo/building_blocks/chunk_sender.inl
[110.219s] -- Installing: D:/a/pixi_rosdistro/pixi_rosdistro/install/include/iceoryx/v2.0.6/iceoryx_posh/internal/popo/building_blocks/chunk_sender_data.hpp
[110.234s] -- Installing: D:/a/pixi_rosdistro/pixi_rosdistro/install/include/iceoryx/v2.0.6/iceoryx_posh/internal/popo/building_blocks/chunk_sender_data.inl
[110.234s] -- Installing: D:/a/pixi_rosdistro/pixi_rosdistro/install/include/iceoryx/v2.0.6/iceoryx_posh/internal/popo/building_blocks/condition_listener.hpp
[110.234s] -- Installing: D:/a/pixi_rosdistro/pixi_rosdistro/install/include/iceoryx/v2.0.6/iceoryx_posh/internal/popo/building_blocks/condition_notifier.hpp
[110.234s] -- Installing: D:/a/pixi_rosdistro/pixi_rosdistro/install/include/iceoryx/v2.0.6/iceoryx_posh/internal/popo/building_blocks/condition_variable_data.hpp
[110.234s] -- Installing: D:/a/pixi_rosdistro/pixi_rosdistro/install/include/iceoryx/v2.0.6/iceoryx_posh/internal/popo/building_blocks/locking_policy.hpp
[110.234s] -- Installing: D:/a/pixi_rosdistro/pixi_rosdistro/install/include/iceoryx/v2.0.6/iceoryx_posh/internal/popo/building_blocks/typed_unique_id.hpp
[110.234s] -- Installing: D:/a/pixi_rosdistro/pixi_rosdistro/install/include/iceoryx/v2.0.6/iceoryx_posh/internal/popo/building_blocks/unique_port_id.hpp
[110.234s] -- Installing: D:/a/pixi_rosdistro/pixi_rosdistro/install/include/iceoryx/v2.0.6/iceoryx_posh/internal/popo/client_impl.hpp
[110.234s] -- Installing: D:/a/pixi_rosdistro/pixi_rosdistro/install/include/iceoryx/v2.0.6/iceoryx_posh/internal/popo/client_impl.inl
[110.234s] -- Installing: D:/a/pixi_rosdistro/pixi_rosdistro/install/include/iceoryx/v2.0.6/iceoryx_posh/internal/popo/listener.inl
[110.234s] -- Installing: D:/a/pixi_rosdistro/pixi_rosdistro/install/include/iceoryx/v2.0.6/iceoryx_posh/internal/popo/notification_attorney.inl
[110.234s] -- Installing: D:/a/pixi_rosdistro/pixi_rosdistro/install/include/iceoryx/v2.0.6/iceoryx_posh/internal/popo/notification_callback.inl
[110.234s] -- Installing: D:/a/pixi_rosdistro/pixi_rosdistro/install/include/iceoryx/v2.0.6/iceoryx_posh/internal/popo/notification_info.inl
[110.250s] -- Installing: D:/a/pixi_rosdistro/pixi_rosdistro/install/include/iceoryx/v2.0.6/iceoryx_posh/internal/popo/ports
[110.250s] -- Installing: D:/a/pixi_rosdistro/pixi_rosdistro/install/include/iceoryx/v2.0.6/iceoryx_posh/internal/popo/ports/base_port.hpp
[110.250s] -- Installing: D:/a/pixi_rosdistro/pixi_rosdistro/install/include/iceoryx/v2.0.6/iceoryx_posh/internal/popo/ports/base_port.inl
[110.250s] -- Installing: D:/a/pixi_rosdistro/pixi_rosdistro/install/include/iceoryx/v2.0.6/iceoryx_posh/internal/popo/ports/base_port_data.hpp
[110.250s] -- Installing: D:/a/pixi_rosdistro/pixi_rosdistro/install/include/iceoryx/v2.0.6/iceoryx_posh/internal/popo/ports/client_port_data.hpp
[110.250s] -- Installing: D:/a/pixi_rosdistro/pixi_rosdistro/install/include/iceoryx/v2.0.6/iceoryx_posh/internal/popo/ports/client_port_roudi.hpp
[110.266s] -- Installing: D:/a/pixi_rosdistro/pixi_rosdistro/install/include/iceoryx/v2.0.6/iceoryx_posh/internal/popo/ports/client_port_user.hpp
[110.266s] -- Installing: D:/a/pixi_rosdistro/pixi_rosdistro/install/include/iceoryx/v2.0.6/iceoryx_posh/internal/popo/ports/client_port_user.inl
[110.266s] -- Installing: D:/a/pixi_rosdistro/pixi_rosdistro/install/include/iceoryx/v2.0.6/iceoryx_posh/internal/popo/ports/client_server_port_types.hpp
[110.266s] -- Installing: D:/a/pixi_rosdistro/pixi_rosdistro/install/include/iceoryx/v2.0.6/iceoryx_posh/internal/popo/ports/interface_port.hpp
[110.266s] -- Installing: D:/a/pixi_rosdistro/pixi_rosdistro/install/include/iceoryx/v2.0.6/iceoryx_posh/internal/popo/ports/interface_port_data.hpp
[110.266s] -- Installing: D:/a/pixi_rosdistro/pixi_rosdistro/install/include/iceoryx/v2.0.6/iceoryx_posh/internal/popo/ports/publisher_port_data.hpp
[110.266s] -- Installing: D:/a/pixi_rosdistro/pixi_rosdistro/install/include/iceoryx/v2.0.6/iceoryx_posh/internal/popo/ports/publisher_port_roudi.hpp
[110.266s] -- Installing: D:/a/pixi_rosdistro/pixi_rosdistro/install/include/iceoryx/v2.0.6/iceoryx_posh/internal/popo/ports/publisher_port_user.hpp
[110.266s] -- Installing: D:/a/pixi_rosdistro/pixi_rosdistro/install/include/iceoryx/v2.0.6/iceoryx_posh/internal/popo/ports/pub_sub_port_types.hpp
[110.266s] -- Installing: D:/a/pixi_rosdistro/pixi_rosdistro/install/include/iceoryx/v2.0.6/iceoryx_posh/internal/popo/ports/server_port_data.hpp
[110.266s] -- Installing: D:/a/pixi_rosdistro/pixi_rosdistro/install/include/iceoryx/v2.0.6/iceoryx_posh/internal/popo/ports/server_port_roudi.hpp
[110.266s] -- Installing: D:/a/pixi_rosdistro/pixi_rosdistro/install/include/iceoryx/v2.0.6/iceoryx_posh/internal/popo/ports/server_port_user.hpp
[110.312s] -- Installing: D:/a/pixi_rosdistro/pixi_rosdistro/install/include/iceoryx/v2.0.6/iceoryx_posh/internal/popo/ports/server_port_user.inl
[110.312s] -- Installing: D:/a/pixi_rosdistro/pixi_rosdistro/install/include/iceoryx/v2.0.6/iceoryx_posh/internal/popo/ports/subscriber_port_data.hpp
[110.312s] -- Installing: D:/a/pixi_rosdistro/pixi_rosdistro/install/include/iceoryx/v2.0.6/iceoryx_posh/internal/popo/ports/subscriber_port_multi_producer.hpp
[110.312s] -- Installing: D:/a/pixi_rosdistro/pixi_rosdistro/install/include/iceoryx/v2.0.6/iceoryx_posh/internal/popo/ports/subscriber_port_roudi.hpp
[110.312s] -- Installing: D:/a/pixi_rosdistro/pixi_rosdistro/install/include/iceoryx/v2.0.6/iceoryx_posh/internal/popo/ports/subscriber_port_single_producer.hpp
[110.312s] -- Installing: D:/a/pixi_rosdistro/pixi_rosdistro/install/include/iceoryx/v2.0.6/iceoryx_posh/internal/popo/ports/subscriber_port_user.hpp
[110.312s] -- Installing: D:/a/pixi_rosdistro/pixi_rosdistro/install/include/iceoryx/v2.0.6/iceoryx_posh/internal/popo/publisher_impl.hpp
[110.312s] -- Installing: D:/a/pixi_rosdistro/pixi_rosdistro/install/include/iceoryx/v2.0.6/iceoryx_posh/internal/popo/publisher_impl.inl
[110.312s] -- Installing: D:/a/pixi_rosdistro/pixi_rosdistro/install/include/iceoryx/v2.0.6/iceoryx_posh/internal/popo/publisher_interface.hpp
[110.312s] -- Installing: D:/a/pixi_rosdistro/pixi_rosdistro/install/include/iceoryx/v2.0.6/iceoryx_posh/internal/popo/request.inl
[110.312s] -- Installing: D:/a/pixi_rosdistro/pixi_rosdistro/install/include/iceoryx/v2.0.6/iceoryx_posh/internal/popo/request_deleter.hpp
[110.312s] -- Installing: D:/a/pixi_rosdistro/pixi_rosdistro/install/include/iceoryx/v2.0.6/iceoryx_posh/internal/popo/request_deleter.inl
[110.312s] -- Installing: D:/a/pixi_rosdistro/pixi_rosdistro/install/include/iceoryx/v2.0.6/iceoryx_posh/internal/popo/response.inl
[110.312s] -- Installing: D:/a/pixi_rosdistro/pixi_rosdistro/install/include/iceoryx/v2.0.6/iceoryx_posh/internal/popo/response_deleter.hpp
[110.312s] -- Installing: D:/a/pixi_rosdistro/pixi_rosdistro/install/include/iceoryx/v2.0.6/iceoryx_posh/internal/popo/response_deleter.inl
[110.312s] -- Installing: D:/a/pixi_rosdistro/pixi_rosdistro/install/include/iceoryx/v2.0.6/iceoryx_posh/internal/popo/rpc_interface.hpp
[110.312s] -- Installing: D:/a/pixi_rosdistro/pixi_rosdistro/install/include/iceoryx/v2.0.6/iceoryx_posh/internal/popo/sample.inl
[110.312s] -- Installing: D:/a/pixi_rosdistro/pixi_rosdistro/install/include/iceoryx/v2.0.6/iceoryx_posh/internal/popo/sample_deleter.hpp
[110.312s] -- Installing: D:/a/pixi_rosdistro/pixi_rosdistro/install/include/iceoryx/v2.0.6/iceoryx_posh/internal/popo/sample_deleter.inl
[110.312s] -- Installing: D:/a/pixi_rosdistro/pixi_rosdistro/install/include/iceoryx/v2.0.6/iceoryx_posh/internal/popo/server_impl.hpp
[110.312s] -- Installing: D:/a/pixi_rosdistro/pixi_rosdistro/install/include/iceoryx/v2.0.6/iceoryx_posh/internal/popo/server_impl.inl
[110.312s] -- Installing: D:/a/pixi_rosdistro/pixi_rosdistro/install/include/iceoryx/v2.0.6/iceoryx_posh/internal/popo/smart_chunk.hpp
[110.328s] -- Installing: D:/a/pixi_rosdistro/pixi_rosdistro/install/include/iceoryx/v2.0.6/iceoryx_posh/internal/popo/smart_chunk.inl
[110.328s] -- Installing: D:/a/pixi_rosdistro/pixi_rosdistro/install/include/iceoryx/v2.0.6/iceoryx_posh/internal/popo/subscriber_impl.hpp
[110.328s] -- Installing: D:/a/pixi_rosdistro/pixi_rosdistro/install/include/iceoryx/v2.0.6/iceoryx_posh/internal/popo/subscriber_impl.inl
[110.328s] -- Installing: D:/a/pixi_rosdistro/pixi_rosdistro/install/include/iceoryx/v2.0.6/iceoryx_posh/internal/popo/trigger.inl
[110.328s] -- Installing: D:/a/pixi_rosdistro/pixi_rosdistro/install/include/iceoryx/v2.0.6/iceoryx_posh/internal/popo/typed_port_api_trait.hpp
[110.328s] -- Installing: D:/a/pixi_rosdistro/pixi_rosdistro/install/include/iceoryx/v2.0.6/iceoryx_posh/internal/popo/untyped_client_impl.hpp
[110.328s] -- Installing: D:/a/pixi_rosdistro/pixi_rosdistro/install/include/iceoryx/v2.0.6/iceoryx_posh/internal/popo/untyped_client_impl.inl
[110.328s] -- Installing: D:/a/pixi_rosdistro/pixi_rosdistro/install/include/iceoryx/v2.0.6/iceoryx_posh/internal/popo/untyped_publisher_impl.hpp
[110.328s] -- Installing: D:/a/pixi_rosdistro/pixi_rosdistro/install/include/iceoryx/v2.0.6/iceoryx_posh/internal/popo/untyped_publisher_impl.inl
[110.328s] -- Installing: D:/a/pixi_rosdistro/pixi_rosdistro/install/include/iceoryx/v2.0.6/iceoryx_posh/internal/popo/untyped_server_impl.hpp
[110.328s] -- Installing: D:/a/pixi_rosdistro/pixi_rosdistro/install/include/iceoryx/v2.0.6/iceoryx_posh/internal/popo/untyped_server_impl.inl
[110.328s] -- Installing: D:/a/pixi_rosdistro/pixi_rosdistro/install/include/iceoryx/v2.0.6/iceoryx_posh/internal/popo/untyped_subscriber_impl.hpp
[110.328s] -- Installing: D:/a/pixi_rosdistro/pixi_rosdistro/install/include/iceoryx/v2.0.6/iceoryx_posh/internal/popo/untyped_subscriber_impl.inl
[110.328s] -- Installing: D:/a/pixi_rosdistro/pixi_rosdistro/install/include/iceoryx/v2.0.6/iceoryx_posh/internal/popo/used_chunk_list.hpp
[110.328s] -- Installing: D:/a/pixi_rosdistro/pixi_rosdistro/install/include/iceoryx/v2.0.6/iceoryx_posh/internal/popo/used_chunk_list.inl
[110.344s] -- Installing: D:/a/pixi_rosdistro/pixi_rosdistro/install/include/iceoryx/v2.0.6/iceoryx_posh/internal/popo/wait_set.inl
[110.359s] -- Installing: D:/a/pixi_rosdistro/pixi_rosdistro/install/include/iceoryx/v2.0.6/iceoryx_posh/internal/roudi
[110.359s] -- Installing: D:/a/pixi_rosdistro/pixi_rosdistro/install/include/iceoryx/v2.0.6/iceoryx_posh/internal/roudi/introspection
[110.359s] -- Installing: D:/a/pixi_rosdistro/pixi_rosdistro/install/include/iceoryx/v2.0.6/iceoryx_posh/internal/roudi/introspection/fixed_size_container.hpp
[110.359s] -- Installing: D:/a/pixi_rosdistro/pixi_rosdistro/install/include/iceoryx/v2.0.6/iceoryx_posh/internal/roudi/introspection/mempool_introspection.hpp
[110.359s] -- Installing: D:/a/pixi_rosdistro/pixi_rosdistro/install/include/iceoryx/v2.0.6/iceoryx_posh/internal/roudi/introspection/mempool_introspection.inl
[110.359s] -- Installing: D:/a/pixi_rosdistro/pixi_rosdistro/install/include/iceoryx/v2.0.6/iceoryx_posh/internal/roudi/introspection/port_introspection.hpp
[110.359s] -- Installing: D:/a/pixi_rosdistro/pixi_rosdistro/install/include/iceoryx/v2.0.6/iceoryx_posh/internal/roudi/introspection/port_introspection.inl
[110.359s] -- Installing: D:/a/pixi_rosdistro/pixi_rosdistro/install/include/iceoryx/v2.0.6/iceoryx_posh/internal/roudi/introspection/process_introspection.hpp
[110.359s] -- Installing: D:/a/pixi_rosdistro/pixi_rosdistro/install/include/iceoryx/v2.0.6/iceoryx_posh/internal/roudi/introspection/process_introspection.inl
[110.359s] -- Installing: D:/a/pixi_rosdistro/pixi_rosdistro/install/include/iceoryx/v2.0.6/iceoryx_posh/internal/roudi/memory
[110.359s] -- Installing: D:/a/pixi_rosdistro/pixi_rosdistro/install/include/iceoryx/v2.0.6/iceoryx_posh/internal/roudi/memory/generic_memory_block.inl
[110.375s] -- Installing: D:/a/pixi_rosdistro/pixi_rosdistro/install/include/iceoryx/v2.0.6/iceoryx_posh/internal/roudi/memory/mempool_collection_memory_block.hpp
[110.375s] -- Installing: D:/a/pixi_rosdistro/pixi_rosdistro/install/include/iceoryx/v2.0.6/iceoryx_posh/internal/roudi/memory/mempool_segment_manager_memory_block.hpp
[110.375s] -- Installing: D:/a/pixi_rosdistro/pixi_rosdistro/install/include/iceoryx/v2.0.6/iceoryx_posh/internal/roudi/memory/port_pool_memory_block.hpp
[110.375s] -- Installing: D:/a/pixi_rosdistro/pixi_rosdistro/install/include/iceoryx/v2.0.6/iceoryx_posh/internal/roudi/port_manager.hpp
[110.375s] -- Installing: D:/a/pixi_rosdistro/pixi_rosdistro/install/include/iceoryx/v2.0.6/iceoryx_posh/internal/roudi/port_manager.inl
[110.375s] -- Installing: D:/a/pixi_rosdistro/pixi_rosdistro/install/include/iceoryx/v2.0.6/iceoryx_posh/internal/roudi/port_pool_data.hpp
[110.375s] -- Installing: D:/a/pixi_rosdistro/pixi_rosdistro/install/include/iceoryx/v2.0.6/iceoryx_posh/internal/roudi/port_pool_data.inl
[110.375s] -- Installing: D:/a/pixi_rosdistro/pixi_rosdistro/install/include/iceoryx/v2.0.6/iceoryx_posh/internal/roudi/process.hpp
[110.375s] -- Installing: D:/a/pixi_rosdistro/pixi_rosdistro/install/include/iceoryx/v2.0.6/iceoryx_posh/internal/roudi/process_manager.hpp
[110.375s] -- Installing: D:/a/pixi_rosdistro/pixi_rosdistro/install/include/iceoryx/v2.0.6/iceoryx_posh/internal/roudi/roudi.hpp
[110.375s] -- Installing: D:/a/pixi_rosdistro/pixi_rosdistro/install/include/iceoryx/v2.0.6/iceoryx_posh/internal/roudi/service_registry.hpp
[110.375s] -- Installing: D:/a/pixi_rosdistro/pixi_rosdistro/install/include/iceoryx/v2.0.6/iceoryx_posh/internal/runtime
[110.375s] -- Installing: D:/a/pixi_rosdistro/pixi_rosdistro/install/include/iceoryx/v2.0.6/iceoryx_posh/internal/runtime/ipc_interface_base.hpp
[110.375s] -- Installing: D:/a/pixi_rosdistro/pixi_rosdistro/install/include/iceoryx/v2.0.6/iceoryx_posh/internal/runtime/ipc_interface_creator.hpp
[110.375s] -- Installing: D:/a/pixi_rosdistro/pixi_rosdistro/install/include/iceoryx/v2.0.6/iceoryx_posh/internal/runtime/ipc_interface_user.hpp
[110.375s] -- Installing: D:/a/pixi_rosdistro/pixi_rosdistro/install/include/iceoryx/v2.0.6/iceoryx_posh/internal/runtime/ipc_message.hpp
[110.375s] -- Installing: D:/a/pixi_rosdistro/pixi_rosdistro/install/include/iceoryx/v2.0.6/iceoryx_posh/internal/runtime/ipc_message.inl
[110.375s] -- Installing: D:/a/pixi_rosdistro/pixi_rosdistro/install/include/iceoryx/v2.0.6/iceoryx_posh/internal/runtime/ipc_runtime_interface.hpp
[110.391s] -- Installing: D:/a/pixi_rosdistro/pixi_rosdistro/install/include/iceoryx/v2.0.6/iceoryx_posh/internal/runtime/node_data.hpp
[110.391s] -- Installing: D:/a/pixi_rosdistro/pixi_rosdistro/install/include/iceoryx/v2.0.6/iceoryx_posh/internal/runtime/node_property.hpp
[110.391s] -- Installing: D:/a/pixi_rosdistro/pixi_rosdistro/install/include/iceoryx/v2.0.6/iceoryx_posh/internal/runtime/posh_runtime_impl.hpp
[110.391s] -- Installing: D:/a/pixi_rosdistro/pixi_rosdistro/install/include/iceoryx/v2.0.6/iceoryx_posh/internal/runtime/shared_memory_user.hpp
[110.391s] -- Installing: D:/a/pixi_rosdistro/pixi_rosdistro/install/include/iceoryx/v2.0.6/iceoryx_posh/mepoo
[110.391s] -- Installing: D:/a/pixi_rosdistro/pixi_rosdistro/install/include/iceoryx/v2.0.6/iceoryx_posh/mepoo/chunk_header.hpp
[110.391s] -- Installing: D:/a/pixi_rosdistro/pixi_rosdistro/install/include/iceoryx/v2.0.6/iceoryx_posh/mepoo/chunk_settings.hpp
[110.406s] -- Installing: D:/a/pixi_rosdistro/pixi_rosdistro/install/include/iceoryx/v2.0.6/iceoryx_posh/mepoo/memory_info.hpp
[110.406s] -- Installing: D:/a/pixi_rosdistro/pixi_rosdistro/install/include/iceoryx/v2.0.6/iceoryx_posh/mepoo/mepoo_config.hpp
[110.406s] -- Installing: D:/a/pixi_rosdistro/pixi_rosdistro/install/include/iceoryx/v2.0.6/iceoryx_posh/mepoo/segment_config.hpp
[110.406s] -- Installing: D:/a/pixi_rosdistro/pixi_rosdistro/install/include/iceoryx/v2.0.6/iceoryx_posh/popo
[110.406s] -- Installing: D:/a/pixi_rosdistro/pixi_rosdistro/install/include/iceoryx/v2.0.6/iceoryx_posh/popo/client.hpp
[110.406s] -- Installing: D:/a/pixi_rosdistro/pixi_rosdistro/install/include/iceoryx/v2.0.6/iceoryx_posh/popo/client_options.hpp
[110.406s] -- Installing: D:/a/pixi_rosdistro/pixi_rosdistro/install/include/iceoryx/v2.0.6/iceoryx_posh/popo/enum_trigger_type.hpp
[110.406s] -- Installing: D:/a/pixi_rosdistro/pixi_rosdistro/install/include/iceoryx/v2.0.6/iceoryx_posh/popo/listener.hpp
[110.406s] -- Installing: D:/a/pixi_rosdistro/pixi_rosdistro/install/include/iceoryx/v2.0.6/iceoryx_posh/popo/notification_attorney.hpp
[110.422s] -- Installing: D:/a/pixi_rosdistro/pixi_rosdistro/install/include/iceoryx/v2.0.6/iceoryx_posh/popo/notification_callback.hpp
[110.422s] -- Installing: D:/a/pixi_rosdistro/pixi_rosdistro/install/include/iceoryx/v2.0.6/iceoryx_posh/popo/notification_info.hpp
[110.422s] -- Installing: D:/a/pixi_rosdistro/pixi_rosdistro/install/include/iceoryx/v2.0.6/iceoryx_posh/popo/port_queue_policies.hpp
[110.422s] -- Installing: D:/a/pixi_rosdistro/pixi_rosdistro/install/include/iceoryx/v2.0.6/iceoryx_posh/popo/publisher.hpp
[110.422s] -- Installing: D:/a/pixi_rosdistro/pixi_rosdistro/install/include/iceoryx/v2.0.6/iceoryx_posh/popo/publisher_options.hpp
[110.422s] -- Installing: D:/a/pixi_rosdistro/pixi_rosdistro/install/include/iceoryx/v2.0.6/iceoryx_posh/popo/request.hpp
[110.422s] -- Installing: D:/a/pixi_rosdistro/pixi_rosdistro/install/include/iceoryx/v2.0.6/iceoryx_posh/popo/response.hpp
[110.422s] -- Installing: D:/a/pixi_rosdistro/pixi_rosdistro/install/include/iceoryx/v2.0.6/iceoryx_posh/popo/rpc_header.hpp
[110.422s] -- Installing: D:/a/pixi_rosdistro/pixi_rosdistro/install/include/iceoryx/v2.0.6/iceoryx_posh/popo/sample.hpp
[110.422s] -- Installing: D:/a/pixi_rosdistro/pixi_rosdistro/install/include/iceoryx/v2.0.6/iceoryx_posh/popo/server.hpp
[110.422s] -- Installing: D:/a/pixi_rosdistro/pixi_rosdistro/install/include/iceoryx/v2.0.6/iceoryx_posh/popo/server_options.hpp
[110.422s] -- Installing: D:/a/pixi_rosdistro/pixi_rosdistro/install/include/iceoryx/v2.0.6/iceoryx_posh/popo/subscriber.hpp
[110.422s] -- Installing: D:/a/pixi_rosdistro/pixi_rosdistro/install/include/iceoryx/v2.0.6/iceoryx_posh/popo/subscriber_options.hpp
[110.422s] -- Installing: D:/a/pixi_rosdistro/pixi_rosdistro/install/include/iceoryx/v2.0.6/iceoryx_posh/popo/trigger.hpp
[110.422s] -- Installing: D:/a/pixi_rosdistro/pixi_rosdistro/install/include/iceoryx/v2.0.6/iceoryx_posh/popo/trigger_handle.hpp
[110.422s] -- Installing: D:/a/pixi_rosdistro/pixi_rosdistro/install/include/iceoryx/v2.0.6/iceoryx_posh/popo/untyped_client.hpp
[110.422s] -- Installing: D:/a/pixi_rosdistro/pixi_rosdistro/install/include/iceoryx/v2.0.6/iceoryx_posh/popo/untyped_publisher.hpp
[110.437s] -- Installing: D:/a/pixi_rosdistro/pixi_rosdistro/install/include/iceoryx/v2.0.6/iceoryx_posh/popo/untyped_server.hpp
[110.437s] -- Installing: D:/a/pixi_rosdistro/pixi_rosdistro/install/include/iceoryx/v2.0.6/iceoryx_posh/popo/untyped_subscriber.hpp
[110.437s] -- Installing: D:/a/pixi_rosdistro/pixi_rosdistro/install/include/iceoryx/v2.0.6/iceoryx_posh/popo/user_trigger.hpp
[110.437s] -- Installing: D:/a/pixi_rosdistro/pixi_rosdistro/install/include/iceoryx/v2.0.6/iceoryx_posh/popo/wait_set.hpp
[110.437s] -- Installing: D:/a/pixi_rosdistro/pixi_rosdistro/install/include/iceoryx/v2.0.6/iceoryx_posh/roudi
[110.437s] -- Installing: D:/a/pixi_rosdistro/pixi_rosdistro/install/include/iceoryx/v2.0.6/iceoryx_posh/roudi/cmd_line_args.hpp
[110.437s] -- Installing: D:/a/pixi_rosdistro/pixi_rosdistro/install/include/iceoryx/v2.0.6/iceoryx_posh/roudi/iceoryx_roudi_app.hpp
[110.437s] -- Installing: D:/a/pixi_rosdistro/pixi_rosdistro/install/include/iceoryx/v2.0.6/iceoryx_posh/roudi/iceoryx_roudi_components.hpp
[110.437s] -- Installing: D:/a/pixi_rosdistro/pixi_rosdistro/install/include/iceoryx/v2.0.6/iceoryx_posh/roudi/introspection_types.hpp
[110.437s] -- Installing: D:/a/pixi_rosdistro/pixi_rosdistro/install/include/iceoryx/v2.0.6/iceoryx_posh/roudi/memory
[110.437s] -- Installing: D:/a/pixi_rosdistro/pixi_rosdistro/install/include/iceoryx/v2.0.6/iceoryx_posh/roudi/memory/default_roudi_memory.hpp
[110.437s] -- Installing: D:/a/pixi_rosdistro/pixi_rosdistro/install/include/iceoryx/v2.0.6/iceoryx_posh/roudi/memory/generic_memory_block.hpp
[110.469s] -- Installing: D:/a/pixi_rosdistro/pixi_rosdistro/install/include/iceoryx/v2.0.6/iceoryx_posh/roudi/memory/iceoryx_roudi_memory_manager.hpp
[110.469s] -- Installing: D:/a/pixi_rosdistro/pixi_rosdistro/install/include/iceoryx/v2.0.6/iceoryx_posh/roudi/memory/memory_block.hpp
[110.469s] -- Installing: D:/a/pixi_rosdistro/pixi_rosdistro/install/include/iceoryx/v2.0.6/iceoryx_posh/roudi/memory/memory_provider.hpp
[110.469s] -- Installing: D:/a/pixi_rosdistro/pixi_rosdistro/install/include/iceoryx/v2.0.6/iceoryx_posh/roudi/memory/posix_shm_memory_provider.hpp
[110.469s] -- Installing: D:/a/pixi_rosdistro/pixi_rosdistro/install/include/iceoryx/v2.0.6/iceoryx_posh/roudi/memory/roudi_memory_interface.hpp
[110.469s] -- Installing: D:/a/pixi_rosdistro/pixi_rosdistro/install/include/iceoryx/v2.0.6/iceoryx_posh/roudi/memory/roudi_memory_manager.hpp
[110.469s] -- Installing: D:/a/pixi_rosdistro/pixi_rosdistro/install/include/iceoryx/v2.0.6/iceoryx_posh/roudi/port_pool.hpp
[110.469s] -- Installing: D:/a/pixi_rosdistro/pixi_rosdistro/install/include/iceoryx/v2.0.6/iceoryx_posh/roudi/port_pool.inl
[110.469s] -- Installing: D:/a/pixi_rosdistro/pixi_rosdistro/install/include/iceoryx/v2.0.6/iceoryx_posh/roudi/roudi_app.hpp
[110.469s] -- Installing: D:/a/pixi_rosdistro/pixi_rosdistro/install/include/iceoryx/v2.0.6/iceoryx_posh/roudi/roudi_cmd_line_parser.hpp
[110.469s] -- Installing: D:/a/pixi_rosdistro/pixi_rosdistro/install/include/iceoryx/v2.0.6/iceoryx_posh/roudi/roudi_cmd_line_parser_config_file_option.hpp
[110.469s] -- Installing: D:/a/pixi_rosdistro/pixi_rosdistro/install/include/iceoryx/v2.0.6/iceoryx_posh/roudi/roudi_config.hpp
[110.469s] -- Installing: D:/a/pixi_rosdistro/pixi_rosdistro/install/include/iceoryx/v2.0.6/iceoryx_posh/roudi/roudi_config_file_provider.hpp
[110.469s] -- Installing: D:/a/pixi_rosdistro/pixi_rosdistro/install/include/iceoryx/v2.0.6/iceoryx_posh/roudi/roudi_config_toml_file_provider.hpp
[110.469s] -- Installing: D:/a/pixi_rosdistro/pixi_rosdistro/install/include/iceoryx/v2.0.6/iceoryx_posh/runtime
[110.469s] -- Installing: D:/a/pixi_rosdistro/pixi_rosdistro/install/include/iceoryx/v2.0.6/iceoryx_posh/runtime/node.hpp
[110.469s] -- Installing: D:/a/pixi_rosdistro/pixi_rosdistro/install/include/iceoryx/v2.0.6/iceoryx_posh/runtime/port_config_info.hpp
[110.469s] -- Installing: D:/a/pixi_rosdistro/pixi_rosdistro/install/include/iceoryx/v2.0.6/iceoryx_posh/runtime/posh_runtime.hpp
[110.469s] -- Installing: D:/a/pixi_rosdistro/pixi_rosdistro/install/include/iceoryx/v2.0.6/iceoryx_posh/runtime/posh_runtime_single_process.hpp
[110.469s] -- Installing: D:/a/pixi_rosdistro/pixi_rosdistro/install/include/iceoryx/v2.0.6/iceoryx_posh/runtime/service_discovery.hpp
[110.469s] -- Installing: D:/a/pixi_rosdistro/pixi_rosdistro/install/include/iceoryx/v2.0.6/iceoryx_posh/version
[110.469s] -- Installing: D:/a/pixi_rosdistro/pixi_rosdistro/install/include/iceoryx/v2.0.6/iceoryx_posh/version/compatibility_check_level.hpp
[110.469s] -- Installing: D:/a/pixi_rosdistro/pixi_rosdistro/install/include/iceoryx/v2.0.6/iceoryx_posh/version/version_info.hpp
[110.469s] -- Installing: D:/a/pixi_rosdistro/pixi_rosdistro/install/lib/cmake/iceoryx_posh/iceoryx_poshConfigVersion.cmake
[110.469s] -- Installing: D:/a/pixi_rosdistro/pixi_rosdistro/install/lib/cmake/iceoryx_posh/iceoryx_poshConfig.cmake
[110.469s] -- Installing: D:/a/pixi_rosdistro/pixi_rosdistro/install/lib/cmake/iceoryx_posh/iceoryx_poshTargets.cmake
[110.469s] -- Installing: D:/a/pixi_rosdistro/pixi_rosdistro/install/lib/cmake/iceoryx_posh/iceoryx_poshTargets-release.cmake
[110.484s] -- Installing: D:/a/pixi_rosdistro/pixi_rosdistro/install/include/iceoryx/v2.0.6/iceoryx_posh/iceoryx_posh_deployment.hpp
[110.484s] -- Installing: D:/a/pixi_rosdistro/pixi_rosdistro/install/lib/cmake/iceoryx_posh/IceoryxPoshDeployment.cmake
[110.516s] Invoked command in 'D:\a\pixi_rosdistro\pixi_rosdistro\build\iceoryx_posh' returned '0': CMAKE_PREFIX_PATH=D:\a\pixi_rosdistro\pixi_rosdistro\install;D:\a\pixi_rosdistro\pixi_rosdistro\.pixi\envs\default\Library PATH=D:\a\pixi_rosdistro\pixi_rosdistro\install\Scripts;D:\a\pixi_rosdistro\pixi_rosdistro\install\bin;%PATH% PIXI_PROMPT=(ros2_rolling) PKG_CONFIG_PATH=D:\a\pixi_rosdistro\pixi_rosdistro\install\lib\pkgconfig PROMPT=$P$G PYTHONPATH=D:\a\pixi_rosdistro\pixi_rosdistro\install\Lib\site-packages ROS_DOMAIN_ID=146 D:\a\pixi_rosdistro\pixi_rosdistro\.pixi\envs\default\Library\bin\cmake.EXE --install D:\a\pixi_rosdistro\pixi_rosdistro\build\iceoryx_posh
