[2.717s] Invoking command in '/home/runner/work/pixi_rosdistro/pixi_rosdistro/build/tracetools': AMENT_PREFIX_PATH=/home/runner/work/pixi_rosdistro/pixi_rosdistro/install CMAKE_PREFIX_PATH=/home/runner/work/pixi_rosdistro/pixi_rosdistro/install:${CMAKE_PREFIX_PATH} LD_LIBRARY_PATH=/home/runner/work/pixi_rosdistro/pixi_rosdistro/install/lib PATH=/home/runner/work/pixi_rosdistro/pixi_rosdistro/install/bin:/opt/microsoft/powershell/7:${PATH} PIXI_PROMPT=(ros2_rolling) PKG_CONFIG_PATH=/home/runner/work/pixi_rosdistro/pixi_rosdistro/install/lib/pkgconfig PSModulePath=/home/runner/.local/share/powershell/Modules:${PSModulePath} PYTHONPATH=/home/runner/work/pixi_rosdistro/pixi_rosdistro/install/lib/python3.12/site-packages ROS_DOMAIN_ID=63 /home/runner/work/pixi_rosdistro/pixi_rosdistro/.pixi/envs/default/bin/cmake /home/runner/work/pixi_rosdistro/pixi_rosdistro/src/ros2/ros2_tracing/tracetools -GNinja --no-warn-unused-cli -DCMAKE_BUILD_TYPE=Release -DCMAKE_BUILD_WITH_INSTALL_RPATH:bool=TRUE -DCMAKE_POLICY_VERSION_MINIMUM=3.5 -Wno-deprecated -DSTACK_DETAILS_AUTO_DETECT:bool=FALSE -DSTACK_DETAILS_BFD:bool=FALSE -DTRACETOOLS_DISABLED=ON -DCMAKE_INSTALL_PREFIX=/home/runner/work/pixi_rosdistro/pixi_rosdistro/install
[2.804s] Not searching for unused variables given on the command line.
[2.804s] -- The C compiler identification is GNU 14.3.0
[2.950s] -- The CXX compiler identification is GNU 14.3.0
[2.963s] -- Detecting C compiler ABI info
[3.130s] -- Detecting C compiler ABI info - done
[3.168s] -- Check for working C compiler: /home/runner/work/pixi_rosdistro/pixi_rosdistro/.pixi/envs/default/bin/x86_64-conda-linux-gnu-cc - skipped
[3.168s] -- Detecting C compile features
[3.168s] -- Detecting C compile features - done
[3.197s] -- Detecting CXX compiler ABI info
[3.587s] -- Detecting CXX compiler ABI info - done
[3.587s] -- Check for working CXX compiler: /home/runner/work/pixi_rosdistro/pixi_rosdistro/.pixi/envs/default/bin/x86_64-conda-linux-gnu-c++ - skipped
[3.587s] -- Detecting CXX compile features
[3.587s] -- Detecting CXX compile features - done
[3.587s] -- Found ament_cmake: 2.8.6 (/home/runner/work/pixi_rosdistro/pixi_rosdistro/install/share/ament_cmake/cmake)
[3.773s] -- Found ament_cmake_ros_core: 0.15.6 (/home/runner/work/pixi_rosdistro/pixi_rosdistro/install/share/ament_cmake_ros_core/cmake)
[3.778s] -- Found ament_lint_auto: 0.20.3 (/home/runner/work/pixi_rosdistro/pixi_rosdistro/install/share/ament_lint_auto/cmake)
[3.983s] -- Found gtest sources under '/home/runner/work/pixi_rosdistro/pixi_rosdistro/install/src/gtest_vendor': C++ tests using 'Google Test' will be built
[3.996s] -- Performing Test CMAKE_HAVE_LIBC_PTHREAD
[4.231s] -- Performing Test CMAKE_HAVE_LIBC_PTHREAD - Failed
[4.232s] -- Check if compiler accepts -pthread
[4.418s] -- Check if compiler accepts -pthread - yes
[4.420s] -- Found Threads: TRUE
[4.426s] -- Added test 'copyright' to check source files copyright and LICENSE
[4.433s] -- Added test 'cppcheck' to perform static code analysis on C / C++ code
[4.433s] -- Configured cppcheck include dirs: 
[4.433s] -- Configured cppcheck exclude dirs and/or files: 
[4.437s] -- Added test 'cpplint' to check C / C++ code against the Google style
[4.437s] -- Configured cpplint exclude dirs and/or files: 
[4.439s] -- Added test 'lint_cmake' to check CMake code style
[4.443s] -- Added test 'uncrustify' to check C / C++ code style
[4.443s] -- Configured uncrustify additional arguments: 
[4.445s] -- Added test 'xmllint' to check XML markup files
[4.451s] -- Configuring done (1.7s)
[4.479s] -- Generating done (0.0s)
[4.485s] -- Build files have been written to: /home/runner/work/pixi_rosdistro/pixi_rosdistro/build/tracetools
[4.492s] Invoked command in '/home/runner/work/pixi_rosdistro/pixi_rosdistro/build/tracetools' returned '0': AMENT_PREFIX_PATH=/home/runner/work/pixi_rosdistro/pixi_rosdistro/install CMAKE_PREFIX_PATH=/home/runner/work/pixi_rosdistro/pixi_rosdistro/install:${CMAKE_PREFIX_PATH} LD_LIBRARY_PATH=/home/runner/work/pixi_rosdistro/pixi_rosdistro/install/lib PATH=/home/runner/work/pixi_rosdistro/pixi_rosdistro/install/bin:/opt/microsoft/powershell/7:${PATH} PIXI_PROMPT=(ros2_rolling) PKG_CONFIG_PATH=/home/runner/work/pixi_rosdistro/pixi_rosdistro/install/lib/pkgconfig PSModulePath=/home/runner/.local/share/powershell/Modules:${PSModulePath} PYTHONPATH=/home/runner/work/pixi_rosdistro/pixi_rosdistro/install/lib/python3.12/site-packages ROS_DOMAIN_ID=63 /home/runner/work/pixi_rosdistro/pixi_rosdistro/.pixi/envs/default/bin/cmake /home/runner/work/pixi_rosdistro/pixi_rosdistro/src/ros2/ros2_tracing/tracetools -GNinja --no-warn-unused-cli -DCMAKE_BUILD_TYPE=Release -DCMAKE_BUILD_WITH_INSTALL_RPATH:bool=TRUE -DCMAKE_POLICY_VERSION_MINIMUM=3.5 -Wno-deprecated -DSTACK_DETAILS_AUTO_DETECT:bool=FALSE -DSTACK_DETAILS_BFD:bool=FALSE -DTRACETOOLS_DISABLED=ON -DCMAKE_INSTALL_PREFIX=/home/runner/work/pixi_rosdistro/pixi_rosdistro/install
[4.493s] Invoking command in '/home/runner/work/pixi_rosdistro/pixi_rosdistro/build/tracetools': AMENT_PREFIX_PATH=/home/runner/work/pixi_rosdistro/pixi_rosdistro/install CMAKE_PREFIX_PATH=/home/runner/work/pixi_rosdistro/pixi_rosdistro/install:${CMAKE_PREFIX_PATH} LD_LIBRARY_PATH=/home/runner/work/pixi_rosdistro/pixi_rosdistro/install/lib PATH=/home/runner/work/pixi_rosdistro/pixi_rosdistro/install/bin:/opt/microsoft/powershell/7:${PATH} PIXI_PROMPT=(ros2_rolling) PKG_CONFIG_PATH=/home/runner/work/pixi_rosdistro/pixi_rosdistro/install/lib/pkgconfig PSModulePath=/home/runner/.local/share/powershell/Modules:${PSModulePath} PYTHONPATH=/home/runner/work/pixi_rosdistro/pixi_rosdistro/install/lib/python3.12/site-packages ROS_DOMAIN_ID=63 /home/runner/work/pixi_rosdistro/pixi_rosdistro/.pixi/envs/default/bin/cmake --build /home/runner/work/pixi_rosdistro/pixi_rosdistro/build/tracetools -- -j4 -l4
[4.815s] [1/10] Building C object CMakeFiles/tracetools_status.dir/src/status.c.o
[5.678s] [2/10] Building CXX object gtest/CMakeFiles/gtest.dir/src/gtest-all.cc.o
[6.067s] [3/10] Building CXX object gtest/CMakeFiles/gtest_main.dir/src/gtest_main.cc.o
[6.097s] [4/10] Linking C shared library libtracetools_status.so
[6.380s] [5/10] Building C object CMakeFiles/status.dir/src/status_tool.c.o
[8.418s] [6/10] Building CXX object CMakeFiles/test_status.dir/test/test_status.cpp.o
[8.447s] [7/10] Linking CXX static library gtest/libgtest.a
[8.458s] [8/10] Linking CXX static library gtest/libgtest_main.a
[8.475s] [9/10] Linking C executable status
[8.562s] [10/10] Linking CXX executable test_status
[8.564s] Invoked command in '/home/runner/work/pixi_rosdistro/pixi_rosdistro/build/tracetools' returned '0': AMENT_PREFIX_PATH=/home/runner/work/pixi_rosdistro/pixi_rosdistro/install CMAKE_PREFIX_PATH=/home/runner/work/pixi_rosdistro/pixi_rosdistro/install:${CMAKE_PREFIX_PATH} LD_LIBRARY_PATH=/home/runner/work/pixi_rosdistro/pixi_rosdistro/install/lib PATH=/home/runner/work/pixi_rosdistro/pixi_rosdistro/install/bin:/opt/microsoft/powershell/7:${PATH} PIXI_PROMPT=(ros2_rolling) PKG_CONFIG_PATH=/home/runner/work/pixi_rosdistro/pixi_rosdistro/install/lib/pkgconfig PSModulePath=/home/runner/.local/share/powershell/Modules:${PSModulePath} PYTHONPATH=/home/runner/work/pixi_rosdistro/pixi_rosdistro/install/lib/python3.12/site-packages ROS_DOMAIN_ID=63 /home/runner/work/pixi_rosdistro/pixi_rosdistro/.pixi/envs/default/bin/cmake --build /home/runner/work/pixi_rosdistro/pixi_rosdistro/build/tracetools -- -j4 -l4
[8.566s] Invoking command in '/home/runner/work/pixi_rosdistro/pixi_rosdistro/build/tracetools': AMENT_PREFIX_PATH=/home/runner/work/pixi_rosdistro/pixi_rosdistro/install CMAKE_PREFIX_PATH=/home/runner/work/pixi_rosdistro/pixi_rosdistro/install:${CMAKE_PREFIX_PATH} LD_LIBRARY_PATH=/home/runner/work/pixi_rosdistro/pixi_rosdistro/install/lib PATH=/home/runner/work/pixi_rosdistro/pixi_rosdistro/install/bin:/opt/microsoft/powershell/7:${PATH} PIXI_PROMPT=(ros2_rolling) PKG_CONFIG_PATH=/home/runner/work/pixi_rosdistro/pixi_rosdistro/install/lib/pkgconfig PSModulePath=/home/runner/.local/share/powershell/Modules:${PSModulePath} PYTHONPATH=/home/runner/work/pixi_rosdistro/pixi_rosdistro/install/lib/python3.12/site-packages ROS_DOMAIN_ID=63 /home/runner/work/pixi_rosdistro/pixi_rosdistro/.pixi/envs/default/bin/cmake --install /home/runner/work/pixi_rosdistro/pixi_rosdistro/build/tracetools
[8.572s] -- Install configuration: "Release"
[8.572s] -- Installing: /home/runner/work/pixi_rosdistro/pixi_rosdistro/install/lib/libtracetools_status.so
[8.572s] -- Installing: /home/runner/work/pixi_rosdistro/pixi_rosdistro/install/lib/tracetools/status
[8.573s] -- Installing: /home/runner/work/pixi_rosdistro/pixi_rosdistro/install/include/tracetools
[8.573s] -- Installing: /home/runner/work/pixi_rosdistro/pixi_rosdistro/install/include/tracetools/tracetools
[8.573s] -- Installing: /home/runner/work/pixi_rosdistro/pixi_rosdistro/install/include/tracetools/tracetools/status.h
[8.573s] -- Installing: /home/runner/work/pixi_rosdistro/pixi_rosdistro/install/include/tracetools/tracetools/config.h
[8.574s] -- Installing: /home/runner/work/pixi_rosdistro/pixi_rosdistro/install/include/tracetools/tracetools/utils.hpp
[8.574s] -- Installing: /home/runner/work/pixi_rosdistro/pixi_rosdistro/install/include/tracetools/tracetools/visibility_control.h
[8.574s] -- Installing: /home/runner/work/pixi_rosdistro/pixi_rosdistro/install/include/tracetools/tracetools/tracetools.h
[8.574s] -- Installing: /home/runner/work/pixi_rosdistro/pixi_rosdistro/install/share/ament_index/resource_index/package_run_dependencies/tracetools
[8.574s] -- Installing: /home/runner/work/pixi_rosdistro/pixi_rosdistro/install/share/ament_index/resource_index/parent_prefix_path/tracetools
[8.575s] -- Installing: /home/runner/work/pixi_rosdistro/pixi_rosdistro/install/share/tracetools/environment/ament_prefix_path.sh
[8.575s] -- Installing: /home/runner/work/pixi_rosdistro/pixi_rosdistro/install/share/tracetools/environment/ament_prefix_path.dsv
[8.575s] -- Installing: /home/runner/work/pixi_rosdistro/pixi_rosdistro/install/share/tracetools/environment/path.sh
[8.575s] -- Installing: /home/runner/work/pixi_rosdistro/pixi_rosdistro/install/share/tracetools/environment/path.dsv
[8.576s] -- Installing: /home/runner/work/pixi_rosdistro/pixi_rosdistro/install/share/tracetools/local_setup.bash
[8.576s] -- Installing: /home/runner/work/pixi_rosdistro/pixi_rosdistro/install/share/tracetools/local_setup.fish
[8.576s] -- Installing: /home/runner/work/pixi_rosdistro/pixi_rosdistro/install/share/tracetools/local_setup.sh
[8.576s] -- Installing: /home/runner/work/pixi_rosdistro/pixi_rosdistro/install/share/tracetools/local_setup.zsh
[8.577s] -- Installing: /home/runner/work/pixi_rosdistro/pixi_rosdistro/install/share/tracetools/local_setup.dsv
[8.577s] -- Installing: /home/runner/work/pixi_rosdistro/pixi_rosdistro/install/share/tracetools/package.dsv
[8.577s] -- Installing: /home/runner/work/pixi_rosdistro/pixi_rosdistro/install/share/ament_index/resource_index/packages/tracetools
[8.577s] -- Installing: /home/runner/work/pixi_rosdistro/pixi_rosdistro/install/share/tracetools/cmake/tracetools_exportExport.cmake
[8.578s] -- Installing: /home/runner/work/pixi_rosdistro/pixi_rosdistro/install/share/tracetools/cmake/ament_cmake_export_targets-extras.cmake
[8.578s] -- Installing: /home/runner/work/pixi_rosdistro/pixi_rosdistro/install/share/tracetools/cmake/ament_cmake_export_include_directories-extras.cmake
[8.578s] -- Installing: /home/runner/work/pixi_rosdistro/pixi_rosdistro/install/share/tracetools/cmake/tracetoolsConfig.cmake
[8.578s] -- Installing: /home/runner/work/pixi_rosdistro/pixi_rosdistro/install/share/tracetools/cmake/tracetoolsConfig-version.cmake
[8.579s] -- Installing: /home/runner/work/pixi_rosdistro/pixi_rosdistro/install/share/tracetools/package.xml
[8.580s] Invoked command in '/home/runner/work/pixi_rosdistro/pixi_rosdistro/build/tracetools' returned '0': AMENT_PREFIX_PATH=/home/runner/work/pixi_rosdistro/pixi_rosdistro/install CMAKE_PREFIX_PATH=/home/runner/work/pixi_rosdistro/pixi_rosdistro/install:${CMAKE_PREFIX_PATH} LD_LIBRARY_PATH=/home/runner/work/pixi_rosdistro/pixi_rosdistro/install/lib PATH=/home/runner/work/pixi_rosdistro/pixi_rosdistro/install/bin:/opt/microsoft/powershell/7:${PATH} PIXI_PROMPT=(ros2_rolling) PKG_CONFIG_PATH=/home/runner/work/pixi_rosdistro/pixi_rosdistro/install/lib/pkgconfig PSModulePath=/home/runner/.local/share/powershell/Modules:${PSModulePath} PYTHONPATH=/home/runner/work/pixi_rosdistro/pixi_rosdistro/install/lib/python3.12/site-packages ROS_DOMAIN_ID=63 /home/runner/work/pixi_rosdistro/pixi_rosdistro/.pixi/envs/default/bin/cmake --install /home/runner/work/pixi_rosdistro/pixi_rosdistro/build/tracetools
