[3.634s] Invoking command in '/home/runner/work/pixi_rosdistro/pixi_rosdistro/build/urdf_parser_plugin': AMENT_PREFIX_PATH=/home/runner/work/pixi_rosdistro/pixi_rosdistro/install CMAKE_PREFIX_PATH=/home/runner/work/pixi_rosdistro/pixi_rosdistro/install:${CMAKE_PREFIX_PATH} LD_LIBRARY_PATH=/home/runner/work/pixi_rosdistro/pixi_rosdistro/install/lib PATH=/home/runner/work/pixi_rosdistro/pixi_rosdistro/install/bin:/opt/microsoft/powershell/7:${PATH} PIXI_PROMPT=(ros2_rolling) PKG_CONFIG_PATH=/home/runner/work/pixi_rosdistro/pixi_rosdistro/install/lib/pkgconfig PSModulePath=/home/runner/.local/share/powershell/Modules:${PSModulePath} PYTHONPATH=/home/runner/work/pixi_rosdistro/pixi_rosdistro/install/lib/python3.12/site-packages /home/runner/work/pixi_rosdistro/pixi_rosdistro/.pixi/envs/default/bin/cmake /home/runner/work/pixi_rosdistro/pixi_rosdistro/src/ros2/urdf/urdf_parser_plugin -GNinja --no-warn-unused-cli -DCMAKE_BUILD_TYPE=Release -DCMAKE_BUILD_WITH_INSTALL_RPATH:bool=TRUE -DCMAKE_POLICY_VERSION_MINIMUM=3.5 -Wno-deprecated -DSTACK_DETAILS_AUTO_DETECT:bool=FALSE -DSTACK_DETAILS_BFD:bool=FALSE -DTRACETOOLS_DISABLED=ON -DCMAKE_INSTALL_PREFIX=/home/runner/work/pixi_rosdistro/pixi_rosdistro/install
[3.692s] Not searching for unused variables given on the command line.
[3.692s] -- The C compiler identification is GNU 14.3.0
[3.776s] -- The CXX compiler identification is GNU 14.3.0
[3.785s] -- Detecting C compiler ABI info
[3.946s] -- Detecting C compiler ABI info - done
[3.979s] -- Check for working C compiler: /home/runner/work/pixi_rosdistro/pixi_rosdistro/.pixi/envs/default/bin/x86_64-conda-linux-gnu-cc - skipped
[3.981s] -- Detecting C compile features
[3.981s] -- Detecting C compile features - done
[4.000s] -- Detecting CXX compiler ABI info
[4.178s] -- Detecting CXX compiler ABI info - done
[4.200s] -- Check for working CXX compiler: /home/runner/work/pixi_rosdistro/pixi_rosdistro/.pixi/envs/default/bin/x86_64-conda-linux-gnu-c++ - skipped
[4.200s] -- Detecting CXX compile features
[4.201s] -- Detecting CXX compile features - done
[4.210s] -- Found ament_cmake_ros: 0.15.6 (/home/runner/work/pixi_rosdistro/pixi_rosdistro/install/share/ament_cmake_ros/cmake)
[4.500s] -- Found ament_lint_auto: 0.20.3 (/home/runner/work/pixi_rosdistro/pixi_rosdistro/install/share/ament_lint_auto/cmake)
[4.615s] -- Added test 'copyright' to check source files copyright and LICENSE
[4.617s] -- Added test 'cppcheck' to perform static code analysis on C / C++ code
[4.617s] -- Configured cppcheck language: c++
[4.617s] -- Configured cppcheck include dirs: 
[4.617s] -- Configured cppcheck exclude dirs and/or files: 
[4.618s] -- Added test 'cpplint' to check C / C++ code against the Google style
[4.618s] -- Configured cpplint exclude dirs and/or files: 
[4.619s] -- Added test 'lint_cmake' to check CMake code style
[4.620s] -- Added test 'uncrustify' to check C / C++ code style
[4.620s] -- Configured uncrustify additional arguments: LANGUAGE;C++
[4.621s] -- Added test 'xmllint' to check XML markup files
[4.624s] -- Configuring done (1.0s)
[4.636s] -- Generating done (0.0s)
[4.639s] -- Build files have been written to: /home/runner/work/pixi_rosdistro/pixi_rosdistro/build/urdf_parser_plugin
[4.646s] Invoked command in '/home/runner/work/pixi_rosdistro/pixi_rosdistro/build/urdf_parser_plugin' returned '0': AMENT_PREFIX_PATH=/home/runner/work/pixi_rosdistro/pixi_rosdistro/install CMAKE_PREFIX_PATH=/home/runner/work/pixi_rosdistro/pixi_rosdistro/install:${CMAKE_PREFIX_PATH} LD_LIBRARY_PATH=/home/runner/work/pixi_rosdistro/pixi_rosdistro/install/lib PATH=/home/runner/work/pixi_rosdistro/pixi_rosdistro/install/bin:/opt/microsoft/powershell/7:${PATH} PIXI_PROMPT=(ros2_rolling) PKG_CONFIG_PATH=/home/runner/work/pixi_rosdistro/pixi_rosdistro/install/lib/pkgconfig PSModulePath=/home/runner/.local/share/powershell/Modules:${PSModulePath} PYTHONPATH=/home/runner/work/pixi_rosdistro/pixi_rosdistro/install/lib/python3.12/site-packages /home/runner/work/pixi_rosdistro/pixi_rosdistro/.pixi/envs/default/bin/cmake /home/runner/work/pixi_rosdistro/pixi_rosdistro/src/ros2/urdf/urdf_parser_plugin -GNinja --no-warn-unused-cli -DCMAKE_BUILD_TYPE=Release -DCMAKE_BUILD_WITH_INSTALL_RPATH:bool=TRUE -DCMAKE_POLICY_VERSION_MINIMUM=3.5 -Wno-deprecated -DSTACK_DETAILS_AUTO_DETECT:bool=FALSE -DSTACK_DETAILS_BFD:bool=FALSE -DTRACETOOLS_DISABLED=ON -DCMAKE_INSTALL_PREFIX=/home/runner/work/pixi_rosdistro/pixi_rosdistro/install
[4.648s] Invoking command in '/home/runner/work/pixi_rosdistro/pixi_rosdistro/build/urdf_parser_plugin': AMENT_PREFIX_PATH=/home/runner/work/pixi_rosdistro/pixi_rosdistro/install CMAKE_PREFIX_PATH=/home/runner/work/pixi_rosdistro/pixi_rosdistro/install:${CMAKE_PREFIX_PATH} LD_LIBRARY_PATH=/home/runner/work/pixi_rosdistro/pixi_rosdistro/install/lib PATH=/home/runner/work/pixi_rosdistro/pixi_rosdistro/install/bin:/opt/microsoft/powershell/7:${PATH} PIXI_PROMPT=(ros2_rolling) PKG_CONFIG_PATH=/home/runner/work/pixi_rosdistro/pixi_rosdistro/install/lib/pkgconfig PSModulePath=/home/runner/.local/share/powershell/Modules:${PSModulePath} PYTHONPATH=/home/runner/work/pixi_rosdistro/pixi_rosdistro/install/lib/python3.12/site-packages /home/runner/work/pixi_rosdistro/pixi_rosdistro/.pixi/envs/default/bin/cmake --build /home/runner/work/pixi_rosdistro/pixi_rosdistro/build/urdf_parser_plugin -- -j4 -l4
[4.660s] ninja: no work to do.
[4.663s] Invoked command in '/home/runner/work/pixi_rosdistro/pixi_rosdistro/build/urdf_parser_plugin' returned '0': AMENT_PREFIX_PATH=/home/runner/work/pixi_rosdistro/pixi_rosdistro/install CMAKE_PREFIX_PATH=/home/runner/work/pixi_rosdistro/pixi_rosdistro/install:${CMAKE_PREFIX_PATH} LD_LIBRARY_PATH=/home/runner/work/pixi_rosdistro/pixi_rosdistro/install/lib PATH=/home/runner/work/pixi_rosdistro/pixi_rosdistro/install/bin:/opt/microsoft/powershell/7:${PATH} PIXI_PROMPT=(ros2_rolling) PKG_CONFIG_PATH=/home/runner/work/pixi_rosdistro/pixi_rosdistro/install/lib/pkgconfig PSModulePath=/home/runner/.local/share/powershell/Modules:${PSModulePath} PYTHONPATH=/home/runner/work/pixi_rosdistro/pixi_rosdistro/install/lib/python3.12/site-packages /home/runner/work/pixi_rosdistro/pixi_rosdistro/.pixi/envs/default/bin/cmake --build /home/runner/work/pixi_rosdistro/pixi_rosdistro/build/urdf_parser_plugin -- -j4 -l4
[4.664s] Invoking command in '/home/runner/work/pixi_rosdistro/pixi_rosdistro/build/urdf_parser_plugin': AMENT_PREFIX_PATH=/home/runner/work/pixi_rosdistro/pixi_rosdistro/install CMAKE_PREFIX_PATH=/home/runner/work/pixi_rosdistro/pixi_rosdistro/install:${CMAKE_PREFIX_PATH} LD_LIBRARY_PATH=/home/runner/work/pixi_rosdistro/pixi_rosdistro/install/lib PATH=/home/runner/work/pixi_rosdistro/pixi_rosdistro/install/bin:/opt/microsoft/powershell/7:${PATH} PIXI_PROMPT=(ros2_rolling) PKG_CONFIG_PATH=/home/runner/work/pixi_rosdistro/pixi_rosdistro/install/lib/pkgconfig PSModulePath=/home/runner/.local/share/powershell/Modules:${PSModulePath} PYTHONPATH=/home/runner/work/pixi_rosdistro/pixi_rosdistro/install/lib/python3.12/site-packages /home/runner/work/pixi_rosdistro/pixi_rosdistro/.pixi/envs/default/bin/cmake --install /home/runner/work/pixi_rosdistro/pixi_rosdistro/build/urdf_parser_plugin
[4.672s] -- Install configuration: "Release"
[4.672s] -- Installing: /home/runner/work/pixi_rosdistro/pixi_rosdistro/install/include/urdf_parser_plugin
[4.675s] -- Installing: /home/runner/work/pixi_rosdistro/pixi_rosdistro/install/include/urdf_parser_plugin/urdf_parser_plugin
[4.675s] -- Installing: /home/runner/work/pixi_rosdistro/pixi_rosdistro/install/include/urdf_parser_plugin/urdf_parser_plugin/parser.hpp
[4.675s] -- Installing: /home/runner/work/pixi_rosdistro/pixi_rosdistro/install/include/urdf_parser_plugin/urdf_parser_plugin/parser.h
[4.675s] -- Installing: /home/runner/work/pixi_rosdistro/pixi_rosdistro/install/share/ament_index/resource_index/package_run_dependencies/urdf_parser_plugin
[4.675s] -- Installing: /home/runner/work/pixi_rosdistro/pixi_rosdistro/install/share/ament_index/resource_index/parent_prefix_path/urdf_parser_plugin
[4.676s] -- Installing: /home/runner/work/pixi_rosdistro/pixi_rosdistro/install/share/urdf_parser_plugin/environment/ament_prefix_path.sh
[4.676s] -- Installing: /home/runner/work/pixi_rosdistro/pixi_rosdistro/install/share/urdf_parser_plugin/environment/ament_prefix_path.dsv
[4.676s] -- Installing: /home/runner/work/pixi_rosdistro/pixi_rosdistro/install/share/urdf_parser_plugin/environment/path.sh
[4.676s] -- Installing: /home/runner/work/pixi_rosdistro/pixi_rosdistro/install/share/urdf_parser_plugin/environment/path.dsv
[4.676s] -- Installing: /home/runner/work/pixi_rosdistro/pixi_rosdistro/install/share/urdf_parser_plugin/local_setup.bash
[4.676s] -- Installing: /home/runner/work/pixi_rosdistro/pixi_rosdistro/install/share/urdf_parser_plugin/local_setup.fish
[4.676s] -- Installing: /home/runner/work/pixi_rosdistro/pixi_rosdistro/install/share/urdf_parser_plugin/local_setup.sh
[4.676s] -- Installing: /home/runner/work/pixi_rosdistro/pixi_rosdistro/install/share/urdf_parser_plugin/local_setup.zsh
[4.677s] -- Installing: /home/runner/work/pixi_rosdistro/pixi_rosdistro/install/share/urdf_parser_plugin/local_setup.dsv
[4.677s] -- Installing: /home/runner/work/pixi_rosdistro/pixi_rosdistro/install/share/urdf_parser_plugin/package.dsv
[4.677s] -- Installing: /home/runner/work/pixi_rosdistro/pixi_rosdistro/install/share/ament_index/resource_index/packages/urdf_parser_plugin
[4.677s] -- Installing: /home/runner/work/pixi_rosdistro/pixi_rosdistro/install/share/urdf_parser_plugin/cmake/urdf_parser_plugin-exportExport.cmake
[4.677s] -- Installing: /home/runner/work/pixi_rosdistro/pixi_rosdistro/install/share/urdf_parser_plugin/cmake/ament_cmake_export_targets-extras.cmake
[4.678s] -- Installing: /home/runner/work/pixi_rosdistro/pixi_rosdistro/install/share/urdf_parser_plugin/cmake/ament_cmake_export_dependencies-extras.cmake
[4.678s] -- Installing: /home/runner/work/pixi_rosdistro/pixi_rosdistro/install/share/urdf_parser_plugin/cmake/urdf_parser_pluginConfig.cmake
[4.678s] -- Installing: /home/runner/work/pixi_rosdistro/pixi_rosdistro/install/share/urdf_parser_plugin/cmake/urdf_parser_pluginConfig-version.cmake
[4.678s] -- Installing: /home/runner/work/pixi_rosdistro/pixi_rosdistro/install/share/urdf_parser_plugin/package.xml
[4.680s] Invoked command in '/home/runner/work/pixi_rosdistro/pixi_rosdistro/build/urdf_parser_plugin' returned '0': AMENT_PREFIX_PATH=/home/runner/work/pixi_rosdistro/pixi_rosdistro/install CMAKE_PREFIX_PATH=/home/runner/work/pixi_rosdistro/pixi_rosdistro/install:${CMAKE_PREFIX_PATH} LD_LIBRARY_PATH=/home/runner/work/pixi_rosdistro/pixi_rosdistro/install/lib PATH=/home/runner/work/pixi_rosdistro/pixi_rosdistro/install/bin:/opt/microsoft/powershell/7:${PATH} PIXI_PROMPT=(ros2_rolling) PKG_CONFIG_PATH=/home/runner/work/pixi_rosdistro/pixi_rosdistro/install/lib/pkgconfig PSModulePath=/home/runner/.local/share/powershell/Modules:${PSModulePath} PYTHONPATH=/home/runner/work/pixi_rosdistro/pixi_rosdistro/install/lib/python3.12/site-packages /home/runner/work/pixi_rosdistro/pixi_rosdistro/.pixi/envs/default/bin/cmake --install /home/runner/work/pixi_rosdistro/pixi_rosdistro/build/urdf_parser_plugin
