[5.363s] Invoking command in '/home/runner/work/pixi_rosdistro/pixi_rosdistro/build/examples_rclcpp_multithreaded_executor': AMENT_PREFIX_PATH=/home/runner/work/pixi_rosdistro/pixi_rosdistro/install CMAKE_PREFIX_PATH=/home/runner/work/pixi_rosdistro/pixi_rosdistro/install:${CMAKE_PREFIX_PATH} LD_LIBRARY_PATH=/home/runner/work/pixi_rosdistro/pixi_rosdistro/install/lib PATH=/home/runner/work/pixi_rosdistro/pixi_rosdistro/install/bin:/opt/microsoft/powershell/7:${PATH} PIXI_PROMPT=(ros2_rolling) PKG_CONFIG_PATH=/home/runner/work/pixi_rosdistro/pixi_rosdistro/install/lib/pkgconfig PSModulePath=/home/runner/.local/share/powershell/Modules:${PSModulePath} PYTHONPATH=/home/runner/work/pixi_rosdistro/pixi_rosdistro/install/lib/python3.12/site-packages /home/runner/work/pixi_rosdistro/pixi_rosdistro/.pixi/envs/default/bin/cmake /home/runner/work/pixi_rosdistro/pixi_rosdistro/src/ros2/examples/rclcpp/executors/multithreaded_executor -GNinja --no-warn-unused-cli -DCMAKE_BUILD_TYPE=Release -DCMAKE_BUILD_WITH_INSTALL_RPATH:bool=TRUE -DCMAKE_POLICY_VERSION_MINIMUM=3.5 -Wno-deprecated -DSTACK_DETAILS_AUTO_DETECT:bool=FALSE -DSTACK_DETAILS_BFD:bool=FALSE -DCMAKE_INSTALL_PREFIX=/home/runner/work/pixi_rosdistro/pixi_rosdistro/install
[5.442s] Not searching for unused variables given on the command line.
[5.442s] -- The C compiler identification is GNU 14.3.0
[5.569s] -- The CXX compiler identification is GNU 14.3.0
[5.581s] -- Detecting C compiler ABI info
[5.745s] -- Detecting C compiler ABI info - done
[5.773s] -- Check for working C compiler: /home/runner/work/pixi_rosdistro/pixi_rosdistro/.pixi/envs/default/bin/x86_64-conda-linux-gnu-cc - skipped
[5.774s] -- Detecting C compile features
[5.776s] -- Detecting C compile features - done
[5.792s] -- Detecting CXX compiler ABI info
[5.989s] -- Detecting CXX compiler ABI info - done
[6.019s] -- Check for working CXX compiler: /home/runner/work/pixi_rosdistro/pixi_rosdistro/.pixi/envs/default/bin/x86_64-conda-linux-gnu-c++ - skipped
[6.022s] -- Detecting CXX compile features
[6.022s] -- Detecting CXX compile features - done
[6.036s] -- Found ament_cmake: 2.8.6 (/home/runner/work/pixi_rosdistro/pixi_rosdistro/install/share/ament_cmake/cmake)
[6.304s] -- Found rclcpp: 31.0.1 (/home/runner/work/pixi_rosdistro/pixi_rosdistro/install/share/rclcpp/cmake)
[6.342s] -- Found rosidl_generator_c: 5.1.3 (/home/runner/work/pixi_rosdistro/pixi_rosdistro/install/share/rosidl_generator_c/cmake)
[6.352s] -- Found rosidl_generator_cpp: 5.1.3 (/home/runner/work/pixi_rosdistro/pixi_rosdistro/install/share/rosidl_generator_cpp/cmake)
[6.372s] -- Using all available rosidl_typesupport_c: rosidl_typesupport_fastrtps_c;rosidl_typesupport_introspection_c
[6.388s] -- Using all available rosidl_typesupport_cpp: rosidl_typesupport_fastrtps_cpp;rosidl_typesupport_introspection_cpp
[6.497s] -- Found rmw_implementation_cmake: 7.9.1 (/home/runner/work/pixi_rosdistro/pixi_rosdistro/install/share/rmw_implementation_cmake/cmake)
[6.501s] -- Found rmw_fastrtps_cpp: 9.4.5 (/home/runner/work/pixi_rosdistro/pixi_rosdistro/install/share/rmw_fastrtps_cpp/cmake)
[6.546s] -- Using RMW implementation 'rmw_fastrtps_cpp' as default
[6.660s] -- Found std_msgs: 5.9.1 (/home/runner/work/pixi_rosdistro/pixi_rosdistro/install/share/std_msgs/cmake)
[6.685s] -- Found ament_lint_auto: 0.20.3 (/home/runner/work/pixi_rosdistro/pixi_rosdistro/install/share/ament_lint_auto/cmake)
[6.843s] -- Added test 'copyright' to check source files copyright and LICENSE
[6.844s] -- Added test 'cppcheck' to perform static code analysis on C / C++ code
[6.845s] -- Configured cppcheck include dirs: 
[6.847s] -- Configured cppcheck exclude dirs and/or files: 
[6.847s] -- Added test 'cpplint' to check C / C++ code against the Google style
[6.847s] -- Configured cpplint exclude dirs and/or files: 
[6.848s] -- Added test 'lint_cmake' to check CMake code style
[6.849s] -- Added test 'uncrustify' to check C / C++ code style
[6.849s] -- Configured uncrustify additional arguments: 
[6.851s] -- Added test 'xmllint' to check XML markup files
[6.853s] -- Configuring done (1.5s)
[6.880s] -- Generating done (0.0s)
[6.916s] -- Build files have been written to: /home/runner/work/pixi_rosdistro/pixi_rosdistro/build/examples_rclcpp_multithreaded_executor
[6.929s] Invoked command in '/home/runner/work/pixi_rosdistro/pixi_rosdistro/build/examples_rclcpp_multithreaded_executor' returned '0': AMENT_PREFIX_PATH=/home/runner/work/pixi_rosdistro/pixi_rosdistro/install CMAKE_PREFIX_PATH=/home/runner/work/pixi_rosdistro/pixi_rosdistro/install:${CMAKE_PREFIX_PATH} LD_LIBRARY_PATH=/home/runner/work/pixi_rosdistro/pixi_rosdistro/install/lib PATH=/home/runner/work/pixi_rosdistro/pixi_rosdistro/install/bin:/opt/microsoft/powershell/7:${PATH} PIXI_PROMPT=(ros2_rolling) PKG_CONFIG_PATH=/home/runner/work/pixi_rosdistro/pixi_rosdistro/install/lib/pkgconfig PSModulePath=/home/runner/.local/share/powershell/Modules:${PSModulePath} PYTHONPATH=/home/runner/work/pixi_rosdistro/pixi_rosdistro/install/lib/python3.12/site-packages /home/runner/work/pixi_rosdistro/pixi_rosdistro/.pixi/envs/default/bin/cmake /home/runner/work/pixi_rosdistro/pixi_rosdistro/src/ros2/examples/rclcpp/executors/multithreaded_executor -GNinja --no-warn-unused-cli -DCMAKE_BUILD_TYPE=Release -DCMAKE_BUILD_WITH_INSTALL_RPATH:bool=TRUE -DCMAKE_POLICY_VERSION_MINIMUM=3.5 -Wno-deprecated -DSTACK_DETAILS_AUTO_DETECT:bool=FALSE -DSTACK_DETAILS_BFD:bool=FALSE -DCMAKE_INSTALL_PREFIX=/home/runner/work/pixi_rosdistro/pixi_rosdistro/install
[6.932s] Invoking command in '/home/runner/work/pixi_rosdistro/pixi_rosdistro/build/examples_rclcpp_multithreaded_executor': AMENT_PREFIX_PATH=/home/runner/work/pixi_rosdistro/pixi_rosdistro/install CMAKE_PREFIX_PATH=/home/runner/work/pixi_rosdistro/pixi_rosdistro/install:${CMAKE_PREFIX_PATH} LD_LIBRARY_PATH=/home/runner/work/pixi_rosdistro/pixi_rosdistro/install/lib PATH=/home/runner/work/pixi_rosdistro/pixi_rosdistro/install/bin:/opt/microsoft/powershell/7:${PATH} PIXI_PROMPT=(ros2_rolling) PKG_CONFIG_PATH=/home/runner/work/pixi_rosdistro/pixi_rosdistro/install/lib/pkgconfig PSModulePath=/home/runner/.local/share/powershell/Modules:${PSModulePath} PYTHONPATH=/home/runner/work/pixi_rosdistro/pixi_rosdistro/install/lib/python3.12/site-packages /home/runner/work/pixi_rosdistro/pixi_rosdistro/.pixi/envs/default/bin/cmake --build /home/runner/work/pixi_rosdistro/pixi_rosdistro/build/examples_rclcpp_multithreaded_executor -- -j4 -l4
[25.628s] [1/2] Building CXX object CMakeFiles/multithreaded_executor.dir/multithreaded_executor.cpp.o
[25.722s] [2/2] Linking CXX executable multithreaded_executor
[25.724s] Invoked command in '/home/runner/work/pixi_rosdistro/pixi_rosdistro/build/examples_rclcpp_multithreaded_executor' returned '0': AMENT_PREFIX_PATH=/home/runner/work/pixi_rosdistro/pixi_rosdistro/install CMAKE_PREFIX_PATH=/home/runner/work/pixi_rosdistro/pixi_rosdistro/install:${CMAKE_PREFIX_PATH} LD_LIBRARY_PATH=/home/runner/work/pixi_rosdistro/pixi_rosdistro/install/lib PATH=/home/runner/work/pixi_rosdistro/pixi_rosdistro/install/bin:/opt/microsoft/powershell/7:${PATH} PIXI_PROMPT=(ros2_rolling) PKG_CONFIG_PATH=/home/runner/work/pixi_rosdistro/pixi_rosdistro/install/lib/pkgconfig PSModulePath=/home/runner/.local/share/powershell/Modules:${PSModulePath} PYTHONPATH=/home/runner/work/pixi_rosdistro/pixi_rosdistro/install/lib/python3.12/site-packages ROS_DOMAIN_ID=17 /home/runner/work/pixi_rosdistro/pixi_rosdistro/.pixi/envs/default/bin/cmake --build /home/runner/work/pixi_rosdistro/pixi_rosdistro/build/examples_rclcpp_multithreaded_executor -- -j4 -l4
[25.726s] Invoking command in '/home/runner/work/pixi_rosdistro/pixi_rosdistro/build/examples_rclcpp_multithreaded_executor': AMENT_PREFIX_PATH=/home/runner/work/pixi_rosdistro/pixi_rosdistro/install CMAKE_PREFIX_PATH=/home/runner/work/pixi_rosdistro/pixi_rosdistro/install:${CMAKE_PREFIX_PATH} LD_LIBRARY_PATH=/home/runner/work/pixi_rosdistro/pixi_rosdistro/install/lib PATH=/home/runner/work/pixi_rosdistro/pixi_rosdistro/install/bin:/opt/microsoft/powershell/7:${PATH} PIXI_PROMPT=(ros2_rolling) PKG_CONFIG_PATH=/home/runner/work/pixi_rosdistro/pixi_rosdistro/install/lib/pkgconfig PSModulePath=/home/runner/.local/share/powershell/Modules:${PSModulePath} PYTHONPATH=/home/runner/work/pixi_rosdistro/pixi_rosdistro/install/lib/python3.12/site-packages ROS_DOMAIN_ID=17 /home/runner/work/pixi_rosdistro/pixi_rosdistro/.pixi/envs/default/bin/cmake --install /home/runner/work/pixi_rosdistro/pixi_rosdistro/build/examples_rclcpp_multithreaded_executor
[25.735s] -- Install configuration: "Release"
[25.735s] -- Installing: /home/runner/work/pixi_rosdistro/pixi_rosdistro/install/lib/examples_rclcpp_multithreaded_executor/multithreaded_executor
[25.736s] -- Installing: /home/runner/work/pixi_rosdistro/pixi_rosdistro/install/share/ament_index/resource_index/package_run_dependencies/examples_rclcpp_multithreaded_executor
[25.736s] -- Installing: /home/runner/work/pixi_rosdistro/pixi_rosdistro/install/share/ament_index/resource_index/parent_prefix_path/examples_rclcpp_multithreaded_executor
[25.737s] -- Installing: /home/runner/work/pixi_rosdistro/pixi_rosdistro/install/share/examples_rclcpp_multithreaded_executor/environment/ament_prefix_path.sh
[25.737s] -- Installing: /home/runner/work/pixi_rosdistro/pixi_rosdistro/install/share/examples_rclcpp_multithreaded_executor/environment/ament_prefix_path.dsv
[25.739s] -- Installing: /home/runner/work/pixi_rosdistro/pixi_rosdistro/install/share/examples_rclcpp_multithreaded_executor/environment/path.sh
[25.739s] -- Installing: /home/runner/work/pixi_rosdistro/pixi_rosdistro/install/share/examples_rclcpp_multithreaded_executor/environment/path.dsv
[25.739s] -- Installing: /home/runner/work/pixi_rosdistro/pixi_rosdistro/install/share/examples_rclcpp_multithreaded_executor/local_setup.bash
[25.739s] -- Installing: /home/runner/work/pixi_rosdistro/pixi_rosdistro/install/share/examples_rclcpp_multithreaded_executor/local_setup.fish
[25.739s] -- Installing: /home/runner/work/pixi_rosdistro/pixi_rosdistro/install/share/examples_rclcpp_multithreaded_executor/local_setup.sh
[25.739s] -- Installing: /home/runner/work/pixi_rosdistro/pixi_rosdistro/install/share/examples_rclcpp_multithreaded_executor/local_setup.zsh
[25.739s] -- Installing: /home/runner/work/pixi_rosdistro/pixi_rosdistro/install/share/examples_rclcpp_multithreaded_executor/local_setup.dsv
[25.739s] -- Installing: /home/runner/work/pixi_rosdistro/pixi_rosdistro/install/share/examples_rclcpp_multithreaded_executor/package.dsv
[25.739s] -- Installing: /home/runner/work/pixi_rosdistro/pixi_rosdistro/install/share/ament_index/resource_index/packages/examples_rclcpp_multithreaded_executor
[25.740s] -- Installing: /home/runner/work/pixi_rosdistro/pixi_rosdistro/install/share/examples_rclcpp_multithreaded_executor/cmake/examples_rclcpp_multithreaded_executorConfig.cmake
[25.740s] -- Installing: /home/runner/work/pixi_rosdistro/pixi_rosdistro/install/share/examples_rclcpp_multithreaded_executor/cmake/examples_rclcpp_multithreaded_executorConfig-version.cmake
[25.740s] -- Installing: /home/runner/work/pixi_rosdistro/pixi_rosdistro/install/share/examples_rclcpp_multithreaded_executor/package.xml
[25.744s] Invoked command in '/home/runner/work/pixi_rosdistro/pixi_rosdistro/build/examples_rclcpp_multithreaded_executor' returned '0': AMENT_PREFIX_PATH=/home/runner/work/pixi_rosdistro/pixi_rosdistro/install CMAKE_PREFIX_PATH=/home/runner/work/pixi_rosdistro/pixi_rosdistro/install:${CMAKE_PREFIX_PATH} LD_LIBRARY_PATH=/home/runner/work/pixi_rosdistro/pixi_rosdistro/install/lib PATH=/home/runner/work/pixi_rosdistro/pixi_rosdistro/install/bin:/opt/microsoft/powershell/7:${PATH} PIXI_PROMPT=(ros2_rolling) PKG_CONFIG_PATH=/home/runner/work/pixi_rosdistro/pixi_rosdistro/install/lib/pkgconfig PSModulePath=/home/runner/.local/share/powershell/Modules:${PSModulePath} PYTHONPATH=/home/runner/work/pixi_rosdistro/pixi_rosdistro/install/lib/python3.12/site-packages ROS_DOMAIN_ID=17 /home/runner/work/pixi_rosdistro/pixi_rosdistro/.pixi/envs/default/bin/cmake --install /home/runner/work/pixi_rosdistro/pixi_rosdistro/build/examples_rclcpp_multithreaded_executor
