[4.462s] Invoking command in '/home/runner/work/pixi_rosdistro/pixi_rosdistro/build/rosidl_dynamic_typesupport': AMENT_PREFIX_PATH=/home/runner/work/pixi_rosdistro/pixi_rosdistro/install CMAKE_PREFIX_PATH=/home/runner/work/pixi_rosdistro/pixi_rosdistro/install:${CMAKE_PREFIX_PATH} LD_LIBRARY_PATH=/home/runner/work/pixi_rosdistro/pixi_rosdistro/install/lib PATH=/home/runner/work/pixi_rosdistro/pixi_rosdistro/install/bin:/opt/microsoft/powershell/7:${PATH} PIXI_PROMPT=(ros2_rolling) PKG_CONFIG_PATH=/home/runner/work/pixi_rosdistro/pixi_rosdistro/install/lib/pkgconfig PSModulePath=/home/runner/.local/share/powershell/Modules:${PSModulePath} PYTHONPATH=/home/runner/work/pixi_rosdistro/pixi_rosdistro/install/lib/python3.12/site-packages /home/runner/work/pixi_rosdistro/pixi_rosdistro/.pixi/envs/default/bin/cmake /home/runner/work/pixi_rosdistro/pixi_rosdistro/src/ros2/rosidl_dynamic_typesupport -GNinja --no-warn-unused-cli -DCMAKE_BUILD_TYPE=Release -DCMAKE_BUILD_WITH_INSTALL_RPATH:bool=TRUE -DCMAKE_POLICY_VERSION_MINIMUM=3.5 -Wno-deprecated -DSTACK_DETAILS_AUTO_DETECT:bool=FALSE -DSTACK_DETAILS_BFD:bool=FALSE -DCMAKE_INSTALL_PREFIX=/home/runner/work/pixi_rosdistro/pixi_rosdistro/install
[4.622s] Not searching for unused variables given on the command line.
[4.622s] -- The C compiler identification is GNU 14.3.0
[4.891s] -- The CXX compiler identification is GNU 14.3.0
[4.916s] -- Detecting C compiler ABI info
[5.062s] -- Detecting C compiler ABI info - done
[5.092s] -- Check for working C compiler: /home/runner/work/pixi_rosdistro/pixi_rosdistro/.pixi/envs/default/bin/x86_64-conda-linux-gnu-cc - skipped
[5.092s] -- Detecting C compile features
[5.093s] -- Detecting C compile features - done
[5.121s] -- Detecting CXX compiler ABI info
[5.379s] -- Detecting CXX compiler ABI info - done
[5.446s] -- Check for working CXX compiler: /home/runner/work/pixi_rosdistro/pixi_rosdistro/.pixi/envs/default/bin/x86_64-conda-linux-gnu-c++ - skipped
[5.447s] -- Detecting CXX compile features
[5.449s] -- Detecting CXX compile features - done
[5.463s] -- Found ament_cmake: 2.8.6 (/home/runner/work/pixi_rosdistro/pixi_rosdistro/install/share/ament_cmake/cmake)
[5.920s] -- Found ament_cmake_ros_core: 0.15.6 (/home/runner/work/pixi_rosdistro/pixi_rosdistro/install/share/ament_cmake_ros_core/cmake)
[5.925s] -- Found rcutils: 7.0.7 (/home/runner/work/pixi_rosdistro/pixi_rosdistro/install/share/rcutils/cmake)
[5.933s] -- Found rosidl_runtime_c: 5.1.3 (/home/runner/work/pixi_rosdistro/pixi_rosdistro/install/share/rosidl_runtime_c/cmake)
[6.121s] -- Configuring done (1.6s)
[6.153s] -- Generating done (0.0s)
[6.158s] -- Build files have been written to: /home/runner/work/pixi_rosdistro/pixi_rosdistro/build/rosidl_dynamic_typesupport
[6.166s] Invoked command in '/home/runner/work/pixi_rosdistro/pixi_rosdistro/build/rosidl_dynamic_typesupport' returned '0': AMENT_PREFIX_PATH=/home/runner/work/pixi_rosdistro/pixi_rosdistro/install CMAKE_PREFIX_PATH=/home/runner/work/pixi_rosdistro/pixi_rosdistro/install:${CMAKE_PREFIX_PATH} LD_LIBRARY_PATH=/home/runner/work/pixi_rosdistro/pixi_rosdistro/install/lib PATH=/home/runner/work/pixi_rosdistro/pixi_rosdistro/install/bin:/opt/microsoft/powershell/7:${PATH} PIXI_PROMPT=(ros2_rolling) PKG_CONFIG_PATH=/home/runner/work/pixi_rosdistro/pixi_rosdistro/install/lib/pkgconfig PSModulePath=/home/runner/.local/share/powershell/Modules:${PSModulePath} PYTHONPATH=/home/runner/work/pixi_rosdistro/pixi_rosdistro/install/lib/python3.12/site-packages /home/runner/work/pixi_rosdistro/pixi_rosdistro/.pixi/envs/default/bin/cmake /home/runner/work/pixi_rosdistro/pixi_rosdistro/src/ros2/rosidl_dynamic_typesupport -GNinja --no-warn-unused-cli -DCMAKE_BUILD_TYPE=Release -DCMAKE_BUILD_WITH_INSTALL_RPATH:bool=TRUE -DCMAKE_POLICY_VERSION_MINIMUM=3.5 -Wno-deprecated -DSTACK_DETAILS_AUTO_DETECT:bool=FALSE -DSTACK_DETAILS_BFD:bool=FALSE -DCMAKE_INSTALL_PREFIX=/home/runner/work/pixi_rosdistro/pixi_rosdistro/install
[6.168s] Invoking command in '/home/runner/work/pixi_rosdistro/pixi_rosdistro/build/rosidl_dynamic_typesupport': AMENT_PREFIX_PATH=/home/runner/work/pixi_rosdistro/pixi_rosdistro/install CMAKE_PREFIX_PATH=/home/runner/work/pixi_rosdistro/pixi_rosdistro/install:${CMAKE_PREFIX_PATH} LD_LIBRARY_PATH=/home/runner/work/pixi_rosdistro/pixi_rosdistro/install/lib PATH=/home/runner/work/pixi_rosdistro/pixi_rosdistro/install/bin:/opt/microsoft/powershell/7:${PATH} PIXI_PROMPT=(ros2_rolling) PKG_CONFIG_PATH=/home/runner/work/pixi_rosdistro/pixi_rosdistro/install/lib/pkgconfig PSModulePath=/home/runner/.local/share/powershell/Modules:${PSModulePath} PYTHONPATH=/home/runner/work/pixi_rosdistro/pixi_rosdistro/install/lib/python3.12/site-packages /home/runner/work/pixi_rosdistro/pixi_rosdistro/.pixi/envs/default/bin/cmake --build /home/runner/work/pixi_rosdistro/pixi_rosdistro/build/rosidl_dynamic_typesupport -- -j4 -l4
[6.301s] [1/6] Building C object CMakeFiles/rosidl_dynamic_typesupport.dir/src/api/serialization_support.c.o
[6.468s] [2/6] Building C object CMakeFiles/rosidl_dynamic_typesupport.dir/src/api/dynamic_data.c.o
[6.644s] [3/6] Building C object CMakeFiles/rosidl_dynamic_typesupport.dir/src/api/dynamic_type.c.o
[6.772s] [4/6] Building C object CMakeFiles/rosidl_dynamic_typesupport.dir/src/dynamic_message_type_support_struct.c.o
[6.866s] [5/6] Building C object CMakeFiles/rosidl_dynamic_typesupport.dir/src/identifier.c.o
[6.942s] [6/6] Linking C shared library librosidl_dynamic_typesupport.so
[6.942s] Invoked command in '/home/runner/work/pixi_rosdistro/pixi_rosdistro/build/rosidl_dynamic_typesupport' returned '0': AMENT_PREFIX_PATH=/home/runner/work/pixi_rosdistro/pixi_rosdistro/install CMAKE_PREFIX_PATH=/home/runner/work/pixi_rosdistro/pixi_rosdistro/install:${CMAKE_PREFIX_PATH} LD_LIBRARY_PATH=/home/runner/work/pixi_rosdistro/pixi_rosdistro/install/lib PATH=/home/runner/work/pixi_rosdistro/pixi_rosdistro/install/bin:/opt/microsoft/powershell/7:${PATH} PIXI_PROMPT=(ros2_rolling) PKG_CONFIG_PATH=/home/runner/work/pixi_rosdistro/pixi_rosdistro/install/lib/pkgconfig PSModulePath=/home/runner/.local/share/powershell/Modules:${PSModulePath} PYTHONPATH=/home/runner/work/pixi_rosdistro/pixi_rosdistro/install/lib/python3.12/site-packages /home/runner/work/pixi_rosdistro/pixi_rosdistro/.pixi/envs/default/bin/cmake --build /home/runner/work/pixi_rosdistro/pixi_rosdistro/build/rosidl_dynamic_typesupport -- -j4 -l4
[6.943s] Invoking command in '/home/runner/work/pixi_rosdistro/pixi_rosdistro/build/rosidl_dynamic_typesupport': AMENT_PREFIX_PATH=/home/runner/work/pixi_rosdistro/pixi_rosdistro/install CMAKE_PREFIX_PATH=/home/runner/work/pixi_rosdistro/pixi_rosdistro/install:${CMAKE_PREFIX_PATH} LD_LIBRARY_PATH=/home/runner/work/pixi_rosdistro/pixi_rosdistro/install/lib PATH=/home/runner/work/pixi_rosdistro/pixi_rosdistro/install/bin:/opt/microsoft/powershell/7:${PATH} PIXI_PROMPT=(ros2_rolling) PKG_CONFIG_PATH=/home/runner/work/pixi_rosdistro/pixi_rosdistro/install/lib/pkgconfig PSModulePath=/home/runner/.local/share/powershell/Modules:${PSModulePath} PYTHONPATH=/home/runner/work/pixi_rosdistro/pixi_rosdistro/install/lib/python3.12/site-packages /home/runner/work/pixi_rosdistro/pixi_rosdistro/.pixi/envs/default/bin/cmake --install /home/runner/work/pixi_rosdistro/pixi_rosdistro/build/rosidl_dynamic_typesupport
[6.959s] -- Install configuration: "Release"
[6.959s] -- Installing: /home/runner/work/pixi_rosdistro/pixi_rosdistro/install/lib/librosidl_dynamic_typesupport.so
[6.959s] -- Installing: /home/runner/work/pixi_rosdistro/pixi_rosdistro/install/include/rosidl_dynamic_typesupport
[6.961s] -- Installing: /home/runner/work/pixi_rosdistro/pixi_rosdistro/install/include/rosidl_dynamic_typesupport/rosidl_dynamic_typesupport
[6.961s] -- Installing: /home/runner/work/pixi_rosdistro/pixi_rosdistro/install/include/rosidl_dynamic_typesupport/rosidl_dynamic_typesupport/macros.h
[6.963s] -- Installing: /home/runner/work/pixi_rosdistro/pixi_rosdistro/install/include/rosidl_dynamic_typesupport/rosidl_dynamic_typesupport/dynamic_message_type_support_struct.h
[6.963s] -- Installing: /home/runner/work/pixi_rosdistro/pixi_rosdistro/install/include/rosidl_dynamic_typesupport/rosidl_dynamic_typesupport/identifier.h
[6.963s] -- Installing: /home/runner/work/pixi_rosdistro/pixi_rosdistro/install/include/rosidl_dynamic_typesupport/rosidl_dynamic_typesupport/uchar.h
[6.964s] -- Installing: /home/runner/work/pixi_rosdistro/pixi_rosdistro/install/include/rosidl_dynamic_typesupport/rosidl_dynamic_typesupport/visibility_control.h
[6.964s] -- Installing: /home/runner/work/pixi_rosdistro/pixi_rosdistro/install/include/rosidl_dynamic_typesupport/rosidl_dynamic_typesupport/api
[6.964s] -- Installing: /home/runner/work/pixi_rosdistro/pixi_rosdistro/install/include/rosidl_dynamic_typesupport/rosidl_dynamic_typesupport/api/dynamic_data.h
[6.964s] -- Installing: /home/runner/work/pixi_rosdistro/pixi_rosdistro/install/include/rosidl_dynamic_typesupport/rosidl_dynamic_typesupport/api/dynamic_type.h
[6.964s] -- Installing: /home/runner/work/pixi_rosdistro/pixi_rosdistro/install/include/rosidl_dynamic_typesupport/rosidl_dynamic_typesupport/api/serialization_support.h
[6.964s] -- Installing: /home/runner/work/pixi_rosdistro/pixi_rosdistro/install/include/rosidl_dynamic_typesupport/rosidl_dynamic_typesupport/api/serialization_support_interface.h
[6.964s] -- Installing: /home/runner/work/pixi_rosdistro/pixi_rosdistro/install/include/rosidl_dynamic_typesupport/rosidl_dynamic_typesupport/types.h
[6.964s] -- Installing: /home/runner/work/pixi_rosdistro/pixi_rosdistro/install/share/rosidl_dynamic_typesupport/environment/library_path.sh
[6.965s] -- Installing: /home/runner/work/pixi_rosdistro/pixi_rosdistro/install/share/rosidl_dynamic_typesupport/environment/library_path.dsv
[6.969s] -- Installing: /home/runner/work/pixi_rosdistro/pixi_rosdistro/install/share/ament_index/resource_index/package_run_dependencies/rosidl_dynamic_typesupport
[6.969s] -- Installing: /home/runner/work/pixi_rosdistro/pixi_rosdistro/install/share/ament_index/resource_index/parent_prefix_path/rosidl_dynamic_typesupport
[6.969s] -- Installing: /home/runner/work/pixi_rosdistro/pixi_rosdistro/install/share/rosidl_dynamic_typesupport/environment/ament_prefix_path.sh
[6.976s] -- Installing: /home/runner/work/pixi_rosdistro/pixi_rosdistro/install/share/rosidl_dynamic_typesupport/environment/ament_prefix_path.dsv
[6.981s] -- Installing: /home/runner/work/pixi_rosdistro/pixi_rosdistro/install/share/rosidl_dynamic_typesupport/environment/path.sh
[6.981s] -- Installing: /home/runner/work/pixi_rosdistro/pixi_rosdistro/install/share/rosidl_dynamic_typesupport/environment/path.dsv
[6.982s] -- Installing: /home/runner/work/pixi_rosdistro/pixi_rosdistro/install/share/rosidl_dynamic_typesupport/local_setup.bash
[6.982s] -- Installing: /home/runner/work/pixi_rosdistro/pixi_rosdistro/install/share/rosidl_dynamic_typesupport/local_setup.fish
[6.982s] -- Installing: /home/runner/work/pixi_rosdistro/pixi_rosdistro/install/share/rosidl_dynamic_typesupport/local_setup.sh
[6.982s] -- Installing: /home/runner/work/pixi_rosdistro/pixi_rosdistro/install/share/rosidl_dynamic_typesupport/local_setup.zsh
[6.982s] -- Installing: /home/runner/work/pixi_rosdistro/pixi_rosdistro/install/share/rosidl_dynamic_typesupport/local_setup.dsv
[6.982s] -- Installing: /home/runner/work/pixi_rosdistro/pixi_rosdistro/install/share/rosidl_dynamic_typesupport/package.dsv
[6.989s] -- Installing: /home/runner/work/pixi_rosdistro/pixi_rosdistro/install/share/ament_index/resource_index/packages/rosidl_dynamic_typesupport
[6.989s] -- Installing: /home/runner/work/pixi_rosdistro/pixi_rosdistro/install/share/rosidl_dynamic_typesupport/cmake/rosidl_dynamic_typesupport-exportExport.cmake
[6.989s] -- Installing: /home/runner/work/pixi_rosdistro/pixi_rosdistro/install/share/rosidl_dynamic_typesupport/cmake/rosidl_dynamic_typesupport-exportExport-release.cmake
[6.989s] -- Installing: /home/runner/work/pixi_rosdistro/pixi_rosdistro/install/share/rosidl_dynamic_typesupport/cmake/ament_cmake_export_targets-extras.cmake
[6.989s] -- Installing: /home/runner/work/pixi_rosdistro/pixi_rosdistro/install/share/rosidl_dynamic_typesupport/cmake/ament_cmake_export_dependencies-extras.cmake
[6.990s] -- Installing: /home/runner/work/pixi_rosdistro/pixi_rosdistro/install/share/rosidl_dynamic_typesupport/cmake/rosidl_dynamic_typesupportConfig.cmake
[6.990s] -- Installing: /home/runner/work/pixi_rosdistro/pixi_rosdistro/install/share/rosidl_dynamic_typesupport/cmake/rosidl_dynamic_typesupportConfig-version.cmake
[6.990s] -- Installing: /home/runner/work/pixi_rosdistro/pixi_rosdistro/install/share/rosidl_dynamic_typesupport/package.xml
[7.000s] Invoked command in '/home/runner/work/pixi_rosdistro/pixi_rosdistro/build/rosidl_dynamic_typesupport' returned '0': AMENT_PREFIX_PATH=/home/runner/work/pixi_rosdistro/pixi_rosdistro/install CMAKE_PREFIX_PATH=/home/runner/work/pixi_rosdistro/pixi_rosdistro/install:${CMAKE_PREFIX_PATH} LD_LIBRARY_PATH=/home/runner/work/pixi_rosdistro/pixi_rosdistro/install/lib PATH=/home/runner/work/pixi_rosdistro/pixi_rosdistro/install/bin:/opt/microsoft/powershell/7:${PATH} PIXI_PROMPT=(ros2_rolling) PKG_CONFIG_PATH=/home/runner/work/pixi_rosdistro/pixi_rosdistro/install/lib/pkgconfig PSModulePath=/home/runner/.local/share/powershell/Modules:${PSModulePath} PYTHONPATH=/home/runner/work/pixi_rosdistro/pixi_rosdistro/install/lib/python3.12/site-packages /home/runner/work/pixi_rosdistro/pixi_rosdistro/.pixi/envs/default/bin/cmake --install /home/runner/work/pixi_rosdistro/pixi_rosdistro/build/rosidl_dynamic_typesupport
