[1.229s] Invoking command in 'D:\a\pixi_rosdistro\pixi_rosdistro\build\ament_cmake_flake8': AMENT_PREFIX_PATH=D:\a\pixi_rosdistro\pixi_rosdistro\install CMAKE_PREFIX_PATH=D:\a\pixi_rosdistro\pixi_rosdistro\install;D:\a\pixi_rosdistro\pixi_rosdistro\.pixi\envs\default\Library PATH=D:\a\pixi_rosdistro\pixi_rosdistro\install\Scripts;D:\a\pixi_rosdistro\pixi_rosdistro\install\bin;%PATH% PIXI_PROMPT=(ros2_rolling) PROMPT=$P$G PYTHONPATH=D:\a\pixi_rosdistro\pixi_rosdistro\install\Lib\site-packages ROS_DOMAIN_ID=61 D:\a\pixi_rosdistro\pixi_rosdistro\.pixi\envs\default\Library\bin\cmake.EXE D:\a\pixi_rosdistro\pixi_rosdistro\src\ament\ament_lint\ament_cmake_flake8 -GNinja --no-warn-unused-cli -DCMAKE_BUILD_TYPE=Release -DCMAKE_BUILD_WITH_INSTALL_RPATH:bool=TRUE -DCMAKE_POLICY_VERSION_MINIMUM=3.5 -Wno-deprecated -DSTACK_DETAILS_AUTO_DETECT:bool=FALSE -DSTACK_DETAILS_BFD:bool=FALSE -DCMAKE_INSTALL_PREFIX=D:\a\pixi_rosdistro\pixi_rosdistro\install
[1.302s] Not searching for unused variables given on the command line.
[1.302s] -- Found ament_cmake_core: 2.8.6 (D:/a/pixi_rosdistro/pixi_rosdistro/install/share/ament_cmake_core/cmake)
[1.846s] -- Found Python3: D:/a/pixi_rosdistro/pixi_rosdistro/.pixi/envs/default/python.exe (found version "3.14.3") found components: Interpreter
[2.044s] -- Found ament_cmake_test: 2.8.6 (D:/a/pixi_rosdistro/pixi_rosdistro/install/share/ament_cmake_test/cmake)
[2.398s] -- Found ament_cmake_copyright: 0.20.3 (D:/a/pixi_rosdistro/pixi_rosdistro/install/share/ament_cmake_copyright/cmake)
[2.399s] -- Found ament_cmake_lint_cmake: 0.20.3 (D:/a/pixi_rosdistro/pixi_rosdistro/install/share/ament_cmake_lint_cmake/cmake)
[2.399s] -- Configuring done (1.1s)
[2.400s] -- Generating done (0.0s)
[2.401s] -- Build files have been written to: D:/a/pixi_rosdistro/pixi_rosdistro/build/ament_cmake_flake8
[2.402s] Invoked command in 'D:\a\pixi_rosdistro\pixi_rosdistro\build\ament_cmake_flake8' returned '0': AMENT_PREFIX_PATH=D:\a\pixi_rosdistro\pixi_rosdistro\install CMAKE_PREFIX_PATH=D:\a\pixi_rosdistro\pixi_rosdistro\install;D:\a\pixi_rosdistro\pixi_rosdistro\.pixi\envs\default\Library PATH=D:\a\pixi_rosdistro\pixi_rosdistro\install\Scripts;D:\a\pixi_rosdistro\pixi_rosdistro\install\bin;%PATH% PIXI_PROMPT=(ros2_rolling) PROMPT=$P$G PYTHONPATH=D:\a\pixi_rosdistro\pixi_rosdistro\install\Lib\site-packages ROS_DOMAIN_ID=61 D:\a\pixi_rosdistro\pixi_rosdistro\.pixi\envs\default\Library\bin\cmake.EXE D:\a\pixi_rosdistro\pixi_rosdistro\src\ament\ament_lint\ament_cmake_flake8 -GNinja --no-warn-unused-cli -DCMAKE_BUILD_TYPE=Release -DCMAKE_BUILD_WITH_INSTALL_RPATH:bool=TRUE -DCMAKE_POLICY_VERSION_MINIMUM=3.5 -Wno-deprecated -DSTACK_DETAILS_AUTO_DETECT:bool=FALSE -DSTACK_DETAILS_BFD:bool=FALSE -DCMAKE_INSTALL_PREFIX=D:\a\pixi_rosdistro\pixi_rosdistro\install
[2.404s] Invoking command in 'D:\a\pixi_rosdistro\pixi_rosdistro\build\ament_cmake_flake8': AMENT_PREFIX_PATH=D:\a\pixi_rosdistro\pixi_rosdistro\install CMAKE_PREFIX_PATH=D:\a\pixi_rosdistro\pixi_rosdistro\install;D:\a\pixi_rosdistro\pixi_rosdistro\.pixi\envs\default\Library PATH=D:\a\pixi_rosdistro\pixi_rosdistro\install\Scripts;D:\a\pixi_rosdistro\pixi_rosdistro\install\bin;%PATH% PIXI_PROMPT=(ros2_rolling) PROMPT=$P$G PYTHONPATH=D:\a\pixi_rosdistro\pixi_rosdistro\install\Lib\site-packages ROS_DOMAIN_ID=61 D:\a\pixi_rosdistro\pixi_rosdistro\.pixi\envs\default\Library\bin\cmake.EXE --build D:\a\pixi_rosdistro\pixi_rosdistro\build\ament_cmake_flake8 -- -j4 -l4
[2.455s] ninja: no work to do.
[2.463s] Invoked command in 'D:\a\pixi_rosdistro\pixi_rosdistro\build\ament_cmake_flake8' returned '0': AMENT_PREFIX_PATH=D:\a\pixi_rosdistro\pixi_rosdistro\install CMAKE_PREFIX_PATH=D:\a\pixi_rosdistro\pixi_rosdistro\install;D:\a\pixi_rosdistro\pixi_rosdistro\.pixi\envs\default\Library PATH=D:\a\pixi_rosdistro\pixi_rosdistro\install\Scripts;D:\a\pixi_rosdistro\pixi_rosdistro\install\bin;%PATH% PIXI_PROMPT=(ros2_rolling) PROMPT=$P$G PYTHONPATH=D:\a\pixi_rosdistro\pixi_rosdistro\install\Lib\site-packages ROS_DOMAIN_ID=61 D:\a\pixi_rosdistro\pixi_rosdistro\.pixi\envs\default\Library\bin\cmake.EXE --build D:\a\pixi_rosdistro\pixi_rosdistro\build\ament_cmake_flake8 -- -j4 -l4
[2.465s] Invoking command in 'D:\a\pixi_rosdistro\pixi_rosdistro\build\ament_cmake_flake8': AMENT_PREFIX_PATH=D:\a\pixi_rosdistro\pixi_rosdistro\install CMAKE_PREFIX_PATH=D:\a\pixi_rosdistro\pixi_rosdistro\install;D:\a\pixi_rosdistro\pixi_rosdistro\.pixi\envs\default\Library PATH=D:\a\pixi_rosdistro\pixi_rosdistro\install\Scripts;D:\a\pixi_rosdistro\pixi_rosdistro\install\bin;%PATH% PIXI_PROMPT=(ros2_rolling) PROMPT=$P$G PYTHONPATH=D:\a\pixi_rosdistro\pixi_rosdistro\install\Lib\site-packages ROS_DOMAIN_ID=61 D:\a\pixi_rosdistro\pixi_rosdistro\.pixi\envs\default\Library\bin\cmake.EXE --install D:\a\pixi_rosdistro\pixi_rosdistro\build\ament_cmake_flake8
[2.502s] -- Install configuration: "Release"
[2.502s] -- Installing: D:/a/pixi_rosdistro/pixi_rosdistro/install/share/ament_index/resource_index/package_run_dependencies/ament_cmake_flake8
[2.503s] -- Installing: D:/a/pixi_rosdistro/pixi_rosdistro/install/share/ament_index/resource_index/parent_prefix_path/ament_cmake_flake8
[2.505s] -- Installing: D:/a/pixi_rosdistro/pixi_rosdistro/install/share/ament_cmake_flake8/environment/ament_prefix_path.bat
[2.506s] -- Installing: D:/a/pixi_rosdistro/pixi_rosdistro/install/share/ament_cmake_flake8/environment/ament_prefix_path.dsv
[2.507s] -- Installing: D:/a/pixi_rosdistro/pixi_rosdistro/install/share/ament_cmake_flake8/environment/path.bat
[2.507s] -- Installing: D:/a/pixi_rosdistro/pixi_rosdistro/install/share/ament_cmake_flake8/environment/path.dsv
[2.508s] -- Installing: D:/a/pixi_rosdistro/pixi_rosdistro/install/share/ament_cmake_flake8/local_setup.bat
[2.509s] -- Installing: D:/a/pixi_rosdistro/pixi_rosdistro/install/share/ament_cmake_flake8/local_setup.dsv
[2.510s] -- Installing: D:/a/pixi_rosdistro/pixi_rosdistro/install/share/ament_cmake_flake8/package.dsv
[2.511s] -- Installing: D:/a/pixi_rosdistro/pixi_rosdistro/install/share/ament_index/resource_index/packages/ament_cmake_flake8
[2.512s] -- Installing: D:/a/pixi_rosdistro/pixi_rosdistro/install/share/ament_cmake_flake8/cmake/ament_cmake_flake8-extras.cmake
[2.513s] -- Installing: D:/a/pixi_rosdistro/pixi_rosdistro/install/share/ament_cmake_flake8/cmake/ament_cmake_flake8Config.cmake
[2.514s] -- Installing: D:/a/pixi_rosdistro/pixi_rosdistro/install/share/ament_cmake_flake8/cmake/ament_cmake_flake8Config-version.cmake
[2.515s] -- Installing: D:/a/pixi_rosdistro/pixi_rosdistro/install/share/ament_cmake_flake8/package.xml
[2.516s] -- Up-to-date: D:/a/pixi_rosdistro/pixi_rosdistro/install/share/ament_cmake_flake8/cmake
[2.516s] -- Installing: D:/a/pixi_rosdistro/pixi_rosdistro/install/share/ament_cmake_flake8/cmake/ament_cmake_flake8_lint_hook.cmake
[2.517s] -- Installing: D:/a/pixi_rosdistro/pixi_rosdistro/install/share/ament_cmake_flake8/cmake/ament_flake8.cmake
[2.528s] Invoked command in 'D:\a\pixi_rosdistro\pixi_rosdistro\build\ament_cmake_flake8' returned '0': AMENT_PREFIX_PATH=D:\a\pixi_rosdistro\pixi_rosdistro\install CMAKE_PREFIX_PATH=D:\a\pixi_rosdistro\pixi_rosdistro\install;D:\a\pixi_rosdistro\pixi_rosdistro\.pixi\envs\default\Library PATH=D:\a\pixi_rosdistro\pixi_rosdistro\install\Scripts;D:\a\pixi_rosdistro\pixi_rosdistro\install\bin;%PATH% PIXI_PROMPT=(ros2_rolling) PROMPT=$P$G PYTHONPATH=D:\a\pixi_rosdistro\pixi_rosdistro\install\Lib\site-packages ROS_DOMAIN_ID=61 D:\a\pixi_rosdistro\pixi_rosdistro\.pixi\envs\default\Library\bin\cmake.EXE --install D:\a\pixi_rosdistro\pixi_rosdistro\build\ament_cmake_flake8
