[0.691s] Invoking command in '/Users/runner/work/pixi_rosdistro/pixi_rosdistro/build/type_description_interfaces': AMENT_PREFIX_PATH=/Users/runner/work/pixi_rosdistro/pixi_rosdistro/install CMAKE_PREFIX_PATH=/Users/runner/work/pixi_rosdistro/pixi_rosdistro/install DYLD_LIBRARY_PATH=/Users/runner/work/pixi_rosdistro/pixi_rosdistro/install/lib:/Users/runner/work/pixi_rosdistro/pixi_rosdistro/install/opt/mimick_vendor/lib PATH=/Users/runner/work/pixi_rosdistro/pixi_rosdistro/install/bin:${PATH} PIXI_PROMPT=(ros2_rolling) PKG_CONFIG_PATH=/Users/runner/work/pixi_rosdistro/pixi_rosdistro/install/lib/pkgconfig PYTHONPATH=/Users/runner/work/pixi_rosdistro/pixi_rosdistro/install/lib/python3.12/site-packages ROS_PYTHON_VERSION=3 SHLVL=3 _=/usr/bin/env /Users/runner/work/pixi_rosdistro/pixi_rosdistro/.pixi/envs/default/bin/cmake /Users/runner/work/pixi_rosdistro/pixi_rosdistro/src/ros2/rcl_interfaces/type_description_interfaces -GNinja --no-warn-unused-cli -DCMAKE_BUILD_TYPE=Release -DCMAKE_BUILD_WITH_INSTALL_RPATH:bool=TRUE -DCMAKE_POLICY_VERSION_MINIMUM=3.5 -Wno-deprecated -DSTACK_DETAILS_AUTO_DETECT:bool=FALSE -DSTACK_DETAILS_BFD:bool=FALSE -DCMAKE_INSTALL_PREFIX=/Users/runner/work/pixi_rosdistro/pixi_rosdistro/install
[0.883s] Not searching for unused variables given on the command line.
[0.883s] -- The C compiler identification is AppleClang 17.0.0.17000013
[1.031s] -- The CXX compiler identification is AppleClang 17.0.0.17000013
[1.089s] -- Detecting C compiler ABI info
[1.600s] -- Detecting C compiler ABI info - done
[1.646s] -- Check for working C compiler: /usr/bin/cc - skipped
[1.647s] -- Detecting C compile features
[1.647s] -- Detecting C compile features - done
[1.648s] -- Detecting CXX compiler ABI info
[2.459s] -- Detecting CXX compiler ABI info - done
[2.499s] -- Check for working CXX compiler: /usr/bin/c++ - skipped
[2.499s] -- Detecting CXX compile features
[2.499s] -- Detecting CXX compile features - done
[2.509s] -- Found ament_cmake: 2.8.6 (/Users/runner/work/pixi_rosdistro/pixi_rosdistro/install/share/ament_cmake/cmake)
[2.837s] -- Found rosidl_core_generators: 0.4.1 (/Users/runner/work/pixi_rosdistro/pixi_rosdistro/install/share/rosidl_core_generators/cmake)
[2.845s] -- Using all available rosidl_typesupport_c: rosidl_typesupport_fastrtps_c;rosidl_typesupport_introspection_c
[2.937s] -- Using all available rosidl_typesupport_cpp: rosidl_typesupport_fastrtps_cpp;rosidl_typesupport_introspection_cpp
[3.028s] -- Found rosidl_adapter: 5.1.3 (/Users/runner/work/pixi_rosdistro/pixi_rosdistro/install/share/rosidl_adapter/cmake)
[3.221s] -- Found Python3: /Users/runner/work/pixi_rosdistro/pixi_rosdistro/.pixi/envs/default/bin/python3 (found version "3.12.13") found components: Interpreter
[3.846s] -- Found ament_cmake_cppcheck: 0.20.3 (/Users/runner/work/pixi_rosdistro/pixi_rosdistro/install/share/ament_cmake_cppcheck/cmake)
[3.858s] -- Found ament_cmake_cpplint: 0.20.3 (/Users/runner/work/pixi_rosdistro/pixi_rosdistro/install/share/ament_cmake_cpplint/cmake)
[3.863s] -- Found ament_cmake_uncrustify: 0.20.3 (/Users/runner/work/pixi_rosdistro/pixi_rosdistro/install/share/ament_cmake_uncrustify/cmake)
[3.874s] -- Found ament_cmake_ros_core: 0.15.6 (/Users/runner/work/pixi_rosdistro/pixi_rosdistro/install/share/ament_cmake_ros_core/cmake)
[4.364s] -- Using all available rosidl_typesupport_c: rosidl_typesupport_fastrtps_c;rosidl_typesupport_introspection_c
[4.950s] -- Using all available rosidl_typesupport_cpp: rosidl_typesupport_fastrtps_cpp;rosidl_typesupport_introspection_cpp
[5.580s] -- Found Python3: /Users/runner/work/pixi_rosdistro/pixi_rosdistro/.pixi/envs/default/bin/python3 (found version "3.12.13") found components: Interpreter Development NumPy Development.Module Development.Embed
[5.618s] -- Found ament_cmake_flake8: 0.20.3 (/Users/runner/work/pixi_rosdistro/pixi_rosdistro/install/share/ament_cmake_flake8/cmake)
[5.625s] -- Found ament_cmake_pep257: 0.20.3 (/Users/runner/work/pixi_rosdistro/pixi_rosdistro/install/share/ament_cmake_pep257/cmake)
[5.633s] -- Found ament_cmake_mypy: 0.20.3 (/Users/runner/work/pixi_rosdistro/pixi_rosdistro/install/share/ament_cmake_mypy/cmake)
[5.664s] -- Found Python3: /Users/runner/work/pixi_rosdistro/pixi_rosdistro/.pixi/envs/default/bin/python3 (found version "3.12.13") found components: Interpreter
[5.672s] -- Found ament_lint_auto: 0.20.3 (/Users/runner/work/pixi_rosdistro/pixi_rosdistro/install/share/ament_lint_auto/cmake)
[5.730s] -- Added test 'copyright' to check source files copyright and LICENSE
[5.730s] -- Added test 'lint_cmake' to check CMake code style
[5.730s] -- Added test 'xmllint' to check XML markup files
[5.738s] -- Configuring done (5.0s)
[5.820s] -- Generating done (0.1s)
[5.885s] -- Build files have been written to: /Users/runner/work/pixi_rosdistro/pixi_rosdistro/build/type_description_interfaces
[5.890s] Invoked command in '/Users/runner/work/pixi_rosdistro/pixi_rosdistro/build/type_description_interfaces' returned '0': AMENT_PREFIX_PATH=/Users/runner/work/pixi_rosdistro/pixi_rosdistro/install CMAKE_PREFIX_PATH=/Users/runner/work/pixi_rosdistro/pixi_rosdistro/install DYLD_LIBRARY_PATH=/Users/runner/work/pixi_rosdistro/pixi_rosdistro/install/lib:/Users/runner/work/pixi_rosdistro/pixi_rosdistro/install/opt/mimick_vendor/lib PATH=/Users/runner/work/pixi_rosdistro/pixi_rosdistro/install/bin:${PATH} PIXI_PROMPT=(ros2_rolling) PKG_CONFIG_PATH=/Users/runner/work/pixi_rosdistro/pixi_rosdistro/install/lib/pkgconfig PYTHONPATH=/Users/runner/work/pixi_rosdistro/pixi_rosdistro/install/lib/python3.12/site-packages ROS_PYTHON_VERSION=3 SHLVL=3 _=/usr/bin/env /Users/runner/work/pixi_rosdistro/pixi_rosdistro/.pixi/envs/default/bin/cmake /Users/runner/work/pixi_rosdistro/pixi_rosdistro/src/ros2/rcl_interfaces/type_description_interfaces -GNinja --no-warn-unused-cli -DCMAKE_BUILD_TYPE=Release -DCMAKE_BUILD_WITH_INSTALL_RPATH:bool=TRUE -DCMAKE_POLICY_VERSION_MINIMUM=3.5 -Wno-deprecated -DSTACK_DETAILS_AUTO_DETECT:bool=FALSE -DSTACK_DETAILS_BFD:bool=FALSE -DCMAKE_INSTALL_PREFIX=/Users/runner/work/pixi_rosdistro/pixi_rosdistro/install
[5.891s] Invoking command in '/Users/runner/work/pixi_rosdistro/pixi_rosdistro/build/type_description_interfaces': AMENT_PREFIX_PATH=/Users/runner/work/pixi_rosdistro/pixi_rosdistro/install CMAKE_PREFIX_PATH=/Users/runner/work/pixi_rosdistro/pixi_rosdistro/install DYLD_LIBRARY_PATH=/Users/runner/work/pixi_rosdistro/pixi_rosdistro/install/lib:/Users/runner/work/pixi_rosdistro/pixi_rosdistro/install/opt/mimick_vendor/lib PATH=/Users/runner/work/pixi_rosdistro/pixi_rosdistro/install/bin:${PATH} PIXI_PROMPT=(ros2_rolling) PKG_CONFIG_PATH=/Users/runner/work/pixi_rosdistro/pixi_rosdistro/install/lib/pkgconfig PYTHONPATH=/Users/runner/work/pixi_rosdistro/pixi_rosdistro/install/lib/python3.12/site-packages ROS_PYTHON_VERSION=3 SHLVL=3 _=/usr/bin/env /Users/runner/work/pixi_rosdistro/pixi_rosdistro/.pixi/envs/default/bin/cmake --build /Users/runner/work/pixi_rosdistro/pixi_rosdistro/build/type_description_interfaces -- -j3 -l3
[7.309s] [1/97] Generating type hashes for ROS interfaces
[9.123s] [2/97] Generating C code for ROS interfaces
[9.331s] [3/97] Building C object CMakeFiles/type_description_interfaces__rosidl_generator_c.dir/rosidl_generator_c/type_description_interfaces/msg/detail/field__description.c.o
[9.531s] [4/97] Building C object CMakeFiles/type_description_interfaces__rosidl_generator_c.dir/rosidl_generator_c/type_description_interfaces/msg/detail/field__functions.c.o
[9.726s] [5/97] Building C object CMakeFiles/type_description_interfaces__rosidl_generator_c.dir/rosidl_generator_c/type_description_interfaces/msg/detail/field__type_support.c.o
[9.990s] [6/97] Building C object CMakeFiles/type_description_interfaces__rosidl_generator_c.dir/rosidl_generator_c/type_description_interfaces/msg/detail/field_type__description.c.o
[10.184s] [7/97] Building C object CMakeFiles/type_description_interfaces__rosidl_generator_c.dir/rosidl_generator_c/type_description_interfaces/msg/detail/field_type__functions.c.o
[10.383s] [8/97] Building C object CMakeFiles/type_description_interfaces__rosidl_generator_c.dir/rosidl_generator_c/type_description_interfaces/msg/detail/field_type__type_support.c.o
[10.572s] [9/97] Building C object CMakeFiles/type_description_interfaces__rosidl_generator_c.dir/rosidl_generator_c/type_description_interfaces/msg/detail/individual_type_description__description.c.o
[10.832s] [10/97] Building C object CMakeFiles/type_description_interfaces__rosidl_generator_c.dir/rosidl_generator_c/type_description_interfaces/msg/detail/individual_type_description__functions.c.o
[11.026s] [11/97] Building C object CMakeFiles/type_description_interfaces__rosidl_generator_c.dir/rosidl_generator_c/type_description_interfaces/msg/detail/individual_type_description__type_support.c.o
[11.237s] [12/97] Building C object CMakeFiles/type_description_interfaces__rosidl_generator_c.dir/rosidl_generator_c/type_description_interfaces/msg/detail/key_value__description.c.o
[11.471s] [13/97] Building C object CMakeFiles/type_description_interfaces__rosidl_generator_c.dir/rosidl_generator_c/type_description_interfaces/msg/detail/key_value__functions.c.o
[11.673s] [14/97] Building C object CMakeFiles/type_description_interfaces__rosidl_generator_c.dir/rosidl_generator_c/type_description_interfaces/msg/detail/key_value__type_support.c.o
[11.930s] [15/97] Building C object CMakeFiles/type_description_interfaces__rosidl_generator_c.dir/rosidl_generator_c/type_description_interfaces/msg/detail/type_description__description.c.o
[12.180s] [16/97] Building C object CMakeFiles/type_description_interfaces__rosidl_generator_c.dir/rosidl_generator_c/type_description_interfaces/msg/detail/type_description__functions.c.o
[12.404s] [17/97] Building C object CMakeFiles/type_description_interfaces__rosidl_generator_c.dir/rosidl_generator_c/type_description_interfaces/msg/detail/type_description__type_support.c.o
[12.624s] [18/97] Building C object CMakeFiles/type_description_interfaces__rosidl_generator_c.dir/rosidl_generator_c/type_description_interfaces/msg/detail/type_source__description.c.o
[12.842s] [19/97] Building C object CMakeFiles/type_description_interfaces__rosidl_generator_c.dir/rosidl_generator_c/type_description_interfaces/msg/detail/type_source__functions.c.o
[13.092s] [20/97] Building C object CMakeFiles/type_description_interfaces__rosidl_generator_c.dir/rosidl_generator_c/type_description_interfaces/msg/detail/type_source__type_support.c.o
[13.320s] [21/97] Building C object CMakeFiles/type_description_interfaces__rosidl_generator_c.dir/rosidl_generator_c/type_description_interfaces/srv/detail/get_type_description__description.c.o
[13.569s] [22/97] Building C object CMakeFiles/type_description_interfaces__rosidl_generator_c.dir/rosidl_generator_c/type_description_interfaces/srv/detail/get_type_description__functions.c.o
[13.783s] [23/97] Building C object CMakeFiles/type_description_interfaces__rosidl_generator_c.dir/rosidl_generator_c/type_description_interfaces/srv/detail/get_type_description__type_support.c.o
[15.667s] [24/97] Generating C type support for eProsima Fast-RTPS
[16.960s] [25/97] Generating C introspection for ROS interfaces
[18.157s] [26/97] Generating C type support dispatch for ROS interfaces
[19.406s] [27/97] Generating C++ code for ROS interfaces
[20.611s] [28/97] Generating C++ type support for eProsima Fast-RTPS
[21.739s] [29/97] Generating C++ introspection for ROS interfaces
[22.851s] [30/97] Generating C++ type support dispatch for ROS interfaces
[22.916s] [31/97] Linking C shared library libtype_description_interfaces__rosidl_generator_c.dylib
[22.916s] ld: warning: -undefined error is deprecated
[23.228s] [32/97] Building CXX object CMakeFiles/type_description_interfaces__rosidl_typesupport_fastrtps_c.dir/rosidl_typesupport_fastrtps_c/type_description_interfaces/msg/detail/field__type_support_c.cpp.o
[23.610s] [33/97] Building CXX object CMakeFiles/type_description_interfaces__rosidl_typesupport_fastrtps_c.dir/rosidl_typesupport_fastrtps_c/type_description_interfaces/msg/detail/field_type__type_support_c.cpp.o
[23.973s] [34/97] Building CXX object CMakeFiles/type_description_interfaces__rosidl_typesupport_fastrtps_c.dir/rosidl_typesupport_fastrtps_c/type_description_interfaces/msg/detail/individual_type_description__type_support_c.cpp.o
[24.296s] [35/97] Building CXX object CMakeFiles/type_description_interfaces__rosidl_typesupport_fastrtps_c.dir/rosidl_typesupport_fastrtps_c/type_description_interfaces/msg/detail/key_value__type_support_c.cpp.o
[24.686s] [36/97] Building CXX object CMakeFiles/type_description_interfaces__rosidl_typesupport_fastrtps_c.dir/rosidl_typesupport_fastrtps_c/type_description_interfaces/msg/detail/type_description__type_support_c.cpp.o
[24.985s] [37/97] Building CXX object CMakeFiles/type_description_interfaces__rosidl_typesupport_fastrtps_c.dir/rosidl_typesupport_fastrtps_c/type_description_interfaces/msg/detail/type_source__type_support_c.cpp.o
[25.415s] [38/97] Building CXX object CMakeFiles/type_description_interfaces__rosidl_typesupport_fastrtps_c.dir/rosidl_typesupport_fastrtps_c/type_description_interfaces/srv/detail/get_type_description__type_support_c.cpp.o
[25.670s] [39/97] Building C object CMakeFiles/type_description_interfaces__rosidl_typesupport_introspection_c.dir/rosidl_typesupport_introspection_c/type_description_interfaces/msg/detail/field__type_support.c.o
[25.884s] [40/97] Building C object CMakeFiles/type_description_interfaces__rosidl_typesupport_introspection_c.dir/rosidl_typesupport_introspection_c/type_description_interfaces/msg/detail/field_type__type_support.c.o
[26.085s] [41/97] Building C object CMakeFiles/type_description_interfaces__rosidl_typesupport_introspection_c.dir/rosidl_typesupport_introspection_c/type_description_interfaces/msg/detail/individual_type_description__type_support.c.o
[26.281s] [42/97] Building C object CMakeFiles/type_description_interfaces__rosidl_typesupport_introspection_c.dir/rosidl_typesupport_introspection_c/type_description_interfaces/msg/detail/key_value__type_support.c.o
[26.542s] [43/97] Building C object CMakeFiles/type_description_interfaces__rosidl_typesupport_introspection_c.dir/rosidl_typesupport_introspection_c/type_description_interfaces/msg/detail/type_description__type_support.c.o
[26.764s] [44/97] Building C object CMakeFiles/type_description_interfaces__rosidl_typesupport_introspection_c.dir/rosidl_typesupport_introspection_c/type_description_interfaces/msg/detail/type_source__type_support.c.o
[26.991s] [45/97] Building C object CMakeFiles/type_description_interfaces__rosidl_typesupport_introspection_c.dir/rosidl_typesupport_introspection_c/type_description_interfaces/srv/detail/get_type_description__type_support.c.o
[27.230s] [46/97] Building CXX object CMakeFiles/type_description_interfaces__rosidl_typesupport_c.dir/rosidl_typesupport_c/type_description_interfaces/msg/field__type_support.cpp.o
[27.475s] [47/97] Building CXX object CMakeFiles/type_description_interfaces__rosidl_typesupport_c.dir/rosidl_typesupport_c/type_description_interfaces/msg/field_type__type_support.cpp.o
[27.684s] [48/97] Building CXX object CMakeFiles/type_description_interfaces__rosidl_typesupport_c.dir/rosidl_typesupport_c/type_description_interfaces/msg/individual_type_description__type_support.cpp.o
[27.891s] [49/97] Building CXX object CMakeFiles/type_description_interfaces__rosidl_typesupport_c.dir/rosidl_typesupport_c/type_description_interfaces/msg/key_value__type_support.cpp.o
[28.095s] [50/97] Building CXX object CMakeFiles/type_description_interfaces__rosidl_typesupport_c.dir/rosidl_typesupport_c/type_description_interfaces/msg/type_description__type_support.cpp.o
[28.313s] [51/97] Building CXX object CMakeFiles/type_description_interfaces__rosidl_typesupport_c.dir/rosidl_typesupport_c/type_description_interfaces/msg/type_source__type_support.cpp.o
[28.523s] [52/97] Building CXX object CMakeFiles/type_description_interfaces__rosidl_typesupport_c.dir/rosidl_typesupport_c/type_description_interfaces/srv/get_type_description__type_support.cpp.o
[28.868s] [53/97] Building CXX object CMakeFiles/type_description_interfaces__rosidl_typesupport_fastrtps_cpp.dir/rosidl_typesupport_fastrtps_cpp/type_description_interfaces/msg/detail/dds_fastrtps/field__type_support.cpp.o
[29.206s] [54/97] Building CXX object CMakeFiles/type_description_interfaces__rosidl_typesupport_fastrtps_cpp.dir/rosidl_typesupport_fastrtps_cpp/type_description_interfaces/msg/detail/dds_fastrtps/field_type__type_support.cpp.o
[29.598s] [55/97] Building CXX object CMakeFiles/type_description_interfaces__rosidl_typesupport_fastrtps_cpp.dir/rosidl_typesupport_fastrtps_cpp/type_description_interfaces/msg/detail/dds_fastrtps/individual_type_description__type_support.cpp.o
[30.033s] [56/97] Building CXX object CMakeFiles/type_description_interfaces__rosidl_typesupport_fastrtps_cpp.dir/rosidl_typesupport_fastrtps_cpp/type_description_interfaces/msg/detail/dds_fastrtps/key_value__type_support.cpp.o
[30.620s] [57/97] Building CXX object CMakeFiles/type_description_interfaces__rosidl_typesupport_fastrtps_cpp.dir/rosidl_typesupport_fastrtps_cpp/type_description_interfaces/msg/detail/dds_fastrtps/type_description__type_support.cpp.o
[31.059s] [58/97] Building CXX object CMakeFiles/type_description_interfaces__rosidl_typesupport_fastrtps_cpp.dir/rosidl_typesupport_fastrtps_cpp/type_description_interfaces/msg/detail/dds_fastrtps/type_source__type_support.cpp.o
[31.423s] [59/97] Building CXX object CMakeFiles/type_description_interfaces__rosidl_typesupport_fastrtps_cpp.dir/rosidl_typesupport_fastrtps_cpp/type_description_interfaces/srv/detail/dds_fastrtps/get_type_description__type_support.cpp.o
[31.902s] [60/97] Building CXX object CMakeFiles/type_description_interfaces__rosidl_typesupport_introspection_cpp.dir/rosidl_typesupport_introspection_cpp/type_description_interfaces/msg/detail/field__type_support.cpp.o
[32.302s] [61/97] Building CXX object CMakeFiles/type_description_interfaces__rosidl_typesupport_introspection_cpp.dir/rosidl_typesupport_introspection_cpp/type_description_interfaces/msg/detail/field_type__type_support.cpp.o
[32.655s] [62/97] Building CXX object CMakeFiles/type_description_interfaces__rosidl_typesupport_introspection_cpp.dir/rosidl_typesupport_introspection_cpp/type_description_interfaces/msg/detail/individual_type_description__type_support.cpp.o
[32.989s] [63/97] Building CXX object CMakeFiles/type_description_interfaces__rosidl_typesupport_introspection_cpp.dir/rosidl_typesupport_introspection_cpp/type_description_interfaces/msg/detail/key_value__type_support.cpp.o
[33.336s] [64/97] Building CXX object CMakeFiles/type_description_interfaces__rosidl_typesupport_introspection_cpp.dir/rosidl_typesupport_introspection_cpp/type_description_interfaces/msg/detail/type_description__type_support.cpp.o
[33.666s] [65/97] Building CXX object CMakeFiles/type_description_interfaces__rosidl_typesupport_introspection_cpp.dir/rosidl_typesupport_introspection_cpp/type_description_interfaces/msg/detail/type_source__type_support.cpp.o
[34.081s] [66/97] Building CXX object CMakeFiles/type_description_interfaces__rosidl_typesupport_introspection_cpp.dir/rosidl_typesupport_introspection_cpp/type_description_interfaces/srv/detail/get_type_description__type_support.cpp.o
[34.494s] [67/97] Building CXX object CMakeFiles/type_description_interfaces__rosidl_typesupport_cpp.dir/rosidl_typesupport_cpp/type_description_interfaces/msg/field__type_support.cpp.o
[34.837s] [68/97] Building CXX object CMakeFiles/type_description_interfaces__rosidl_typesupport_cpp.dir/rosidl_typesupport_cpp/type_description_interfaces/msg/field_type__type_support.cpp.o
[35.134s] [69/97] Building CXX object CMakeFiles/type_description_interfaces__rosidl_typesupport_cpp.dir/rosidl_typesupport_cpp/type_description_interfaces/msg/individual_type_description__type_support.cpp.o
[35.520s] [70/97] Building CXX object CMakeFiles/type_description_interfaces__rosidl_typesupport_cpp.dir/rosidl_typesupport_cpp/type_description_interfaces/msg/key_value__type_support.cpp.o
[35.894s] [71/97] Building CXX object CMakeFiles/type_description_interfaces__rosidl_typesupport_cpp.dir/rosidl_typesupport_cpp/type_description_interfaces/msg/type_description__type_support.cpp.o
[36.193s] [72/97] Building CXX object CMakeFiles/type_description_interfaces__rosidl_typesupport_cpp.dir/rosidl_typesupport_cpp/type_description_interfaces/msg/type_source__type_support.cpp.o
[36.531s] [73/97] Building CXX object CMakeFiles/type_description_interfaces__rosidl_typesupport_cpp.dir/rosidl_typesupport_cpp/type_description_interfaces/srv/get_type_description__type_support.cpp.o
[36.621s] [74/97] Linking CXX shared library libtype_description_interfaces__rosidl_typesupport_fastrtps_c.dylib
[36.622s] ld: warning: -undefined error is deprecated
[36.689s] [75/97] Linking C shared library libtype_description_interfaces__rosidl_typesupport_introspection_c.dylib
[36.689s] ld: warning: -undefined error is deprecated
[36.776s] [76/97] Linking CXX shared library libtype_description_interfaces__rosidl_typesupport_c.dylib
[36.776s] ld: warning: -undefined error is deprecated
[36.908s] [77/97] Linking CXX shared library libtype_description_interfaces__rosidl_typesupport_fastrtps_cpp.dylib
[36.909s] ld: warning: -undefined error is deprecated
[37.007s] [78/97] Linking CXX shared library libtype_description_interfaces__rosidl_typesupport_introspection_cpp.dylib
[37.007s] ld: warning: -undefined error is deprecated
[37.093s] [79/97] Linking CXX shared library libtype_description_interfaces__rosidl_typesupport_cpp.dylib
[37.093s] ld: warning: -undefined error is deprecated
[39.944s] [80/97] Generating Python code for ROS interfaces
[41.314s] [81/97] Generating Rust code for ROS interfaces
[41.542s] [82/97] Building C object CMakeFiles/type_description_interfaces__rosidl_generator_py.dir/rosidl_generator_py/type_description_interfaces/msg/_field_s.c.o
[41.827s] [83/97] Building C object CMakeFiles/type_description_interfaces__rosidl_generator_py.dir/rosidl_generator_py/type_description_interfaces/msg/_field_type_s.c.o
[42.074s] [84/97] Building C object CMakeFiles/type_description_interfaces__rosidl_generator_py.dir/rosidl_generator_py/type_description_interfaces/msg/_individual_type_description_s.c.o
[42.316s] [85/97] Building C object CMakeFiles/type_description_interfaces__rosidl_generator_py.dir/rosidl_generator_py/type_description_interfaces/msg/_key_value_s.c.o
[42.543s] [86/97] Building C object CMakeFiles/type_description_interfaces__rosidl_generator_py.dir/rosidl_generator_py/type_description_interfaces/msg/_type_description_s.c.o
[42.789s] [87/97] Building C object CMakeFiles/type_description_interfaces__rosidl_generator_py.dir/rosidl_generator_py/type_description_interfaces/msg/_type_source_s.c.o
[43.092s] [88/97] Building C object CMakeFiles/type_description_interfaces__rosidl_generator_py.dir/rosidl_generator_py/type_description_interfaces/srv/_get_type_description_s.c.o
[43.162s] [89/97] Linking C shared library libtype_description_interfaces__rosidl_generator_py.dylib
[43.162s] ld: warning: -undefined error is deprecated
[43.371s] [90/97] Building C object CMakeFiles/type_description_interfaces_s__rosidl_typesupport_fastrtps_c.dir/rosidl_generator_py/type_description_interfaces/_type_description_interfaces_s.ep.rosidl_typesupport_fastrtps_c.c.o
[43.614s] [91/97] Building C object CMakeFiles/type_description_interfaces_s__rosidl_typesupport_introspection_c.dir/rosidl_generator_py/type_description_interfaces/_type_description_interfaces_s.ep.rosidl_typesupport_introspection_c.c.o
[43.841s] [92/97] Building C object CMakeFiles/type_description_interfaces_s__rosidl_typesupport_c.dir/rosidl_generator_py/type_description_interfaces/_type_description_interfaces_s.ep.rosidl_typesupport_c.c.o
[43.882s] [93/97] cd /Users/runner/work/pixi_rosdistro/pixi_rosdistro/build/type_description_interfaces && /Users/runner/work/pixi_rosdistro/pixi_rosdistro/.pixi/envs/default/bin/cmake -E copy_directory /Users/runner/work/pixi_rosdistro/pixi_rosdistro/build/type_description_interfaces/rosidl_generator_py/type_description_interfaces /Users/runner/work/pixi_rosdistro/pixi_rosdistro/build/type_description_interfaces/ament_cmake_python/type_description_interfaces/type_description_interfaces
[43.964s] [94/97] Linking C shared module rosidl_generator_py/type_description_interfaces/type_description_interfaces_s__rosidl_typesupport_fastrtps_c.so
[44.043s] [95/97] Linking C shared module rosidl_generator_py/type_description_interfaces/type_description_interfaces_s__rosidl_typesupport_introspection_c.so
[44.136s] [96/97] Linking C shared module rosidl_generator_py/type_description_interfaces/type_description_interfaces_s__rosidl_typesupport_c.so
[44.344s] [97/97] cd /Users/runner/work/pixi_rosdistro/pixi_rosdistro/build/type_description_interfaces/ament_cmake_python/type_description_interfaces && /Users/runner/work/pixi_rosdistro/pixi_rosdistro/.pixi/envs/default/bin/python3 setup.py egg_info
[44.344s] running egg_info
[44.344s] creating type_description_interfaces.egg-info
[44.344s] writing type_description_interfaces.egg-info/PKG-INFO
[44.344s] writing dependency_links to type_description_interfaces.egg-info/dependency_links.txt
[44.344s] writing top-level names to type_description_interfaces.egg-info/top_level.txt
[44.344s] writing manifest file 'type_description_interfaces.egg-info/SOURCES.txt'
[44.344s] reading manifest file 'type_description_interfaces.egg-info/SOURCES.txt'
[44.345s] writing manifest file 'type_description_interfaces.egg-info/SOURCES.txt'
[44.346s] Invoked command in '/Users/runner/work/pixi_rosdistro/pixi_rosdistro/build/type_description_interfaces' returned '0': AMENT_PREFIX_PATH=/Users/runner/work/pixi_rosdistro/pixi_rosdistro/install CMAKE_PREFIX_PATH=/Users/runner/work/pixi_rosdistro/pixi_rosdistro/install DYLD_LIBRARY_PATH=/Users/runner/work/pixi_rosdistro/pixi_rosdistro/install/lib:/Users/runner/work/pixi_rosdistro/pixi_rosdistro/install/opt/mimick_vendor/lib PATH=/Users/runner/work/pixi_rosdistro/pixi_rosdistro/install/bin:${PATH} PIXI_PROMPT=(ros2_rolling) PKG_CONFIG_PATH=/Users/runner/work/pixi_rosdistro/pixi_rosdistro/install/lib/pkgconfig PYTHONPATH=/Users/runner/work/pixi_rosdistro/pixi_rosdistro/install/lib/python3.12/site-packages ROS_DOMAIN_ID=112 ROS_PYTHON_VERSION=3 SHLVL=3 _=/usr/bin/env /Users/runner/work/pixi_rosdistro/pixi_rosdistro/.pixi/envs/default/bin/cmake --build /Users/runner/work/pixi_rosdistro/pixi_rosdistro/build/type_description_interfaces -- -j3 -l3
[44.350s] Invoking command in '/Users/runner/work/pixi_rosdistro/pixi_rosdistro/build/type_description_interfaces': AMENT_PREFIX_PATH=/Users/runner/work/pixi_rosdistro/pixi_rosdistro/install CMAKE_PREFIX_PATH=/Users/runner/work/pixi_rosdistro/pixi_rosdistro/install DYLD_LIBRARY_PATH=/Users/runner/work/pixi_rosdistro/pixi_rosdistro/install/lib:/Users/runner/work/pixi_rosdistro/pixi_rosdistro/install/opt/mimick_vendor/lib PATH=/Users/runner/work/pixi_rosdistro/pixi_rosdistro/install/bin:${PATH} PIXI_PROMPT=(ros2_rolling) PKG_CONFIG_PATH=/Users/runner/work/pixi_rosdistro/pixi_rosdistro/install/lib/pkgconfig PYTHONPATH=/Users/runner/work/pixi_rosdistro/pixi_rosdistro/install/lib/python3.12/site-packages ROS_DOMAIN_ID=112 ROS_PYTHON_VERSION=3 SHLVL=3 _=/usr/bin/env /Users/runner/work/pixi_rosdistro/pixi_rosdistro/.pixi/envs/default/bin/cmake --install /Users/runner/work/pixi_rosdistro/pixi_rosdistro/build/type_description_interfaces
[44.368s] -- Install configuration: "Release"
[44.368s] -- Installing: /Users/runner/work/pixi_rosdistro/pixi_rosdistro/install/share/ament_index/resource_index/rosidl_interfaces/type_description_interfaces
[44.368s] -- Installing: /Users/runner/work/pixi_rosdistro/pixi_rosdistro/install/share/type_description_interfaces/msg/Field.json
[44.368s] -- Installing: /Users/runner/work/pixi_rosdistro/pixi_rosdistro/install/share/type_description_interfaces/msg/FieldType.json
[44.369s] -- Installing: /Users/runner/work/pixi_rosdistro/pixi_rosdistro/install/share/type_description_interfaces/msg/IndividualTypeDescription.json
[44.376s] -- Installing: /Users/runner/work/pixi_rosdistro/pixi_rosdistro/install/share/type_description_interfaces/msg/KeyValue.json
[44.376s] -- Installing: /Users/runner/work/pixi_rosdistro/pixi_rosdistro/install/share/type_description_interfaces/msg/TypeDescription.json
[44.377s] -- Installing: /Users/runner/work/pixi_rosdistro/pixi_rosdistro/install/share/type_description_interfaces/msg/TypeSource.json
[44.379s] -- Installing: /Users/runner/work/pixi_rosdistro/pixi_rosdistro/install/share/type_description_interfaces/srv/GetTypeDescription.json
[44.383s] -- Installing: /Users/runner/work/pixi_rosdistro/pixi_rosdistro/install/include/type_description_interfaces/type_description_interfaces
[44.383s] -- Installing: /Users/runner/work/pixi_rosdistro/pixi_rosdistro/install/include/type_description_interfaces/type_description_interfaces/msg
[44.383s] -- Installing: /Users/runner/work/pixi_rosdistro/pixi_rosdistro/install/include/type_description_interfaces/type_description_interfaces/msg/rosidl_generator_c__visibility_control.h
[44.383s] -- Installing: /Users/runner/work/pixi_rosdistro/pixi_rosdistro/install/include/type_description_interfaces/type_description_interfaces/msg/individual_type_description.h
[44.383s] -- Installing: /Users/runner/work/pixi_rosdistro/pixi_rosdistro/install/include/type_description_interfaces/type_description_interfaces/msg/field.h
[44.383s] -- Installing: /Users/runner/work/pixi_rosdistro/pixi_rosdistro/install/include/type_description_interfaces/type_description_interfaces/msg/key_value.h
[44.383s] -- Installing: /Users/runner/work/pixi_rosdistro/pixi_rosdistro/install/include/type_description_interfaces/type_description_interfaces/msg/type_description.h
[44.383s] -- Installing: /Users/runner/work/pixi_rosdistro/pixi_rosdistro/install/include/type_description_interfaces/type_description_interfaces/msg/field_type.h
[44.383s] -- Installing: /Users/runner/work/pixi_rosdistro/pixi_rosdistro/install/include/type_description_interfaces/type_description_interfaces/msg/detail
[44.383s] -- Installing: /Users/runner/work/pixi_rosdistro/pixi_rosdistro/install/include/type_description_interfaces/type_description_interfaces/msg/detail/type_source__functions.c
[44.383s] -- Installing: /Users/runner/work/pixi_rosdistro/pixi_rosdistro/install/include/type_description_interfaces/type_description_interfaces/msg/detail/field_type__functions.c
[44.383s] -- Installing: /Users/runner/work/pixi_rosdistro/pixi_rosdistro/install/include/type_description_interfaces/type_description_interfaces/msg/detail/type_source__description.c
[44.383s] -- Installing: /Users/runner/work/pixi_rosdistro/pixi_rosdistro/install/include/type_description_interfaces/type_description_interfaces/msg/detail/field__functions.c
[44.386s] -- Installing: /Users/runner/work/pixi_rosdistro/pixi_rosdistro/install/include/type_description_interfaces/type_description_interfaces/msg/detail/individual_type_description__type_support.c
[44.386s] -- Installing: /Users/runner/work/pixi_rosdistro/pixi_rosdistro/install/include/type_description_interfaces/type_description_interfaces/msg/detail/type_source__type_support.c
[44.387s] -- Installing: /Users/runner/work/pixi_rosdistro/pixi_rosdistro/install/include/type_description_interfaces/type_description_interfaces/msg/detail/field_type__struct.h
[44.387s] -- Installing: /Users/runner/work/pixi_rosdistro/pixi_rosdistro/install/include/type_description_interfaces/type_description_interfaces/msg/detail/key_value__description.c
[44.387s] -- Installing: /Users/runner/work/pixi_rosdistro/pixi_rosdistro/install/include/type_description_interfaces/type_description_interfaces/msg/detail/field__type_support.h
[44.388s] -- Installing: /Users/runner/work/pixi_rosdistro/pixi_rosdistro/install/include/type_description_interfaces/type_description_interfaces/msg/detail/type_description__struct.h
[44.388s] -- Installing: /Users/runner/work/pixi_rosdistro/pixi_rosdistro/install/include/type_description_interfaces/type_description_interfaces/msg/detail/type_description__type_support.h
[44.389s] -- Installing: /Users/runner/work/pixi_rosdistro/pixi_rosdistro/install/include/type_description_interfaces/type_description_interfaces/msg/detail/individual_type_description__functions.h
[44.389s] -- Installing: /Users/runner/work/pixi_rosdistro/pixi_rosdistro/install/include/type_description_interfaces/type_description_interfaces/msg/detail/key_value__functions.h
[44.391s] -- Installing: /Users/runner/work/pixi_rosdistro/pixi_rosdistro/install/include/type_description_interfaces/type_description_interfaces/msg/detail/field_type__type_support.h
[44.391s] -- Installing: /Users/runner/work/pixi_rosdistro/pixi_rosdistro/install/include/type_description_interfaces/type_description_interfaces/msg/detail/type_description__functions.c
[44.395s] -- Installing: /Users/runner/work/pixi_rosdistro/pixi_rosdistro/install/include/type_description_interfaces/type_description_interfaces/msg/detail/key_value__type_support.c
[44.395s] -- Installing: /Users/runner/work/pixi_rosdistro/pixi_rosdistro/install/include/type_description_interfaces/type_description_interfaces/msg/detail/individual_type_description__description.c
[44.395s] -- Installing: /Users/runner/work/pixi_rosdistro/pixi_rosdistro/install/include/type_description_interfaces/type_description_interfaces/msg/detail/field__struct.h
[44.395s] -- Installing: /Users/runner/work/pixi_rosdistro/pixi_rosdistro/install/include/type_description_interfaces/type_description_interfaces/msg/detail/field_type__functions.h
[44.395s] -- Installing: /Users/runner/work/pixi_rosdistro/pixi_rosdistro/install/include/type_description_interfaces/type_description_interfaces/msg/detail/type_source__functions.h
[44.395s] -- Installing: /Users/runner/work/pixi_rosdistro/pixi_rosdistro/install/include/type_description_interfaces/type_description_interfaces/msg/detail/field__type_support.c
[44.396s] -- Installing: /Users/runner/work/pixi_rosdistro/pixi_rosdistro/install/include/type_description_interfaces/type_description_interfaces/msg/detail/key_value__struct.h
[44.396s] -- Installing: /Users/runner/work/pixi_rosdistro/pixi_rosdistro/install/include/type_description_interfaces/type_description_interfaces/msg/detail/individual_type_description__type_support.h
[44.396s] -- Installing: /Users/runner/work/pixi_rosdistro/pixi_rosdistro/install/include/type_description_interfaces/type_description_interfaces/msg/detail/field__functions.h
[44.396s] -- Installing: /Users/runner/work/pixi_rosdistro/pixi_rosdistro/install/include/type_description_interfaces/type_description_interfaces/msg/detail/type_source__struct.h
[44.396s] -- Installing: /Users/runner/work/pixi_rosdistro/pixi_rosdistro/install/include/type_description_interfaces/type_description_interfaces/msg/detail/type_source__type_support.h
[44.396s] -- Installing: /Users/runner/work/pixi_rosdistro/pixi_rosdistro/install/include/type_description_interfaces/type_description_interfaces/msg/detail/type_description__description.c
[44.397s] -- Installing: /Users/runner/work/pixi_rosdistro/pixi_rosdistro/install/include/type_description_interfaces/type_description_interfaces/msg/detail/field_type__type_support.c
[44.397s] -- Installing: /Users/runner/work/pixi_rosdistro/pixi_rosdistro/install/include/type_description_interfaces/type_description_interfaces/msg/detail/key_value__type_support.h
[44.398s] -- Installing: /Users/runner/work/pixi_rosdistro/pixi_rosdistro/install/include/type_description_interfaces/type_description_interfaces/msg/detail/type_description__functions.h
[44.398s] -- Installing: /Users/runner/work/pixi_rosdistro/pixi_rosdistro/install/include/type_description_interfaces/type_description_interfaces/msg/detail/key_value__functions.c
[44.399s] -- Installing: /Users/runner/work/pixi_rosdistro/pixi_rosdistro/install/include/type_description_interfaces/type_description_interfaces/msg/detail/type_description__type_support.c
[44.399s] -- Installing: /Users/runner/work/pixi_rosdistro/pixi_rosdistro/install/include/type_description_interfaces/type_description_interfaces/msg/detail/individual_type_description__functions.c
[44.404s] -- Installing: /Users/runner/work/pixi_rosdistro/pixi_rosdistro/install/include/type_description_interfaces/type_description_interfaces/msg/detail/field__description.c
[44.404s] -- Installing: /Users/runner/work/pixi_rosdistro/pixi_rosdistro/install/include/type_description_interfaces/type_description_interfaces/msg/detail/individual_type_description__struct.h
[44.405s] -- Installing: /Users/runner/work/pixi_rosdistro/pixi_rosdistro/install/include/type_description_interfaces/type_description_interfaces/msg/detail/field_type__description.c
[44.405s] -- Installing: /Users/runner/work/pixi_rosdistro/pixi_rosdistro/install/include/type_description_interfaces/type_description_interfaces/msg/type_source.h
[44.406s] -- Installing: /Users/runner/work/pixi_rosdistro/pixi_rosdistro/install/include/type_description_interfaces/type_description_interfaces/srv
[44.406s] -- Installing: /Users/runner/work/pixi_rosdistro/pixi_rosdistro/install/include/type_description_interfaces/type_description_interfaces/srv/detail
[44.406s] -- Installing: /Users/runner/work/pixi_rosdistro/pixi_rosdistro/install/include/type_description_interfaces/type_description_interfaces/srv/detail/get_type_description__functions.h
[44.406s] -- Installing: /Users/runner/work/pixi_rosdistro/pixi_rosdistro/install/include/type_description_interfaces/type_description_interfaces/srv/detail/get_type_description__type_support.c
[44.407s] -- Installing: /Users/runner/work/pixi_rosdistro/pixi_rosdistro/install/include/type_description_interfaces/type_description_interfaces/srv/detail/get_type_description__description.c
[44.407s] -- Installing: /Users/runner/work/pixi_rosdistro/pixi_rosdistro/install/include/type_description_interfaces/type_description_interfaces/srv/detail/get_type_description__struct.h
[44.411s] -- Installing: /Users/runner/work/pixi_rosdistro/pixi_rosdistro/install/include/type_description_interfaces/type_description_interfaces/srv/detail/get_type_description__type_support.h
[44.411s] -- Installing: /Users/runner/work/pixi_rosdistro/pixi_rosdistro/install/include/type_description_interfaces/type_description_interfaces/srv/detail/get_type_description__functions.c
[44.411s] -- Installing: /Users/runner/work/pixi_rosdistro/pixi_rosdistro/install/include/type_description_interfaces/type_description_interfaces/srv/get_type_description.h
[44.412s] -- Installing: /Users/runner/work/pixi_rosdistro/pixi_rosdistro/install/share/type_description_interfaces/environment/library_path.sh
[44.413s] -- Installing: /Users/runner/work/pixi_rosdistro/pixi_rosdistro/install/share/type_description_interfaces/environment/library_path.dsv
[44.413s] -- Installing: /Users/runner/work/pixi_rosdistro/pixi_rosdistro/install/lib/libtype_description_interfaces__rosidl_generator_c.dylib
[44.413s] -- Up-to-date: /Users/runner/work/pixi_rosdistro/pixi_rosdistro/install/include/type_description_interfaces/type_description_interfaces
[44.414s] -- Up-to-date: /Users/runner/work/pixi_rosdistro/pixi_rosdistro/install/include/type_description_interfaces/type_description_interfaces/msg
[44.414s] -- Up-to-date: /Users/runner/work/pixi_rosdistro/pixi_rosdistro/install/include/type_description_interfaces/type_description_interfaces/msg/detail
[44.414s] -- Installing: /Users/runner/work/pixi_rosdistro/pixi_rosdistro/install/include/type_description_interfaces/type_description_interfaces/msg/detail/type_source__rosidl_typesupport_fastrtps_c.h
[44.414s] -- Installing: /Users/runner/work/pixi_rosdistro/pixi_rosdistro/install/include/type_description_interfaces/type_description_interfaces/msg/detail/type_description__rosidl_typesupport_fastrtps_c.h
[44.415s] -- Installing: /Users/runner/work/pixi_rosdistro/pixi_rosdistro/install/include/type_description_interfaces/type_description_interfaces/msg/detail/field_type__rosidl_typesupport_fastrtps_c.h
[44.416s] -- Installing: /Users/runner/work/pixi_rosdistro/pixi_rosdistro/install/include/type_description_interfaces/type_description_interfaces/msg/detail/key_value__rosidl_typesupport_fastrtps_c.h
[44.416s] -- Installing: /Users/runner/work/pixi_rosdistro/pixi_rosdistro/install/include/type_description_interfaces/type_description_interfaces/msg/detail/individual_type_description__rosidl_typesupport_fastrtps_c.h
[44.417s] -- Installing: /Users/runner/work/pixi_rosdistro/pixi_rosdistro/install/include/type_description_interfaces/type_description_interfaces/msg/detail/field__rosidl_typesupport_fastrtps_c.h
[44.417s] -- Installing: /Users/runner/work/pixi_rosdistro/pixi_rosdistro/install/include/type_description_interfaces/type_description_interfaces/msg/rosidl_typesupport_fastrtps_c__visibility_control.h
[44.417s] -- Up-to-date: /Users/runner/work/pixi_rosdistro/pixi_rosdistro/install/include/type_description_interfaces/type_description_interfaces/srv
[44.417s] -- Up-to-date: /Users/runner/work/pixi_rosdistro/pixi_rosdistro/install/include/type_description_interfaces/type_description_interfaces/srv/detail
[44.417s] -- Installing: /Users/runner/work/pixi_rosdistro/pixi_rosdistro/install/include/type_description_interfaces/type_description_interfaces/srv/detail/get_type_description__rosidl_typesupport_fastrtps_c.h
[44.419s] -- Installing: /Users/runner/work/pixi_rosdistro/pixi_rosdistro/install/lib/libtype_description_interfaces__rosidl_typesupport_fastrtps_c.dylib
[44.422s] -- Up-to-date: /Users/runner/work/pixi_rosdistro/pixi_rosdistro/install/include/type_description_interfaces/type_description_interfaces
[44.422s] -- Up-to-date: /Users/runner/work/pixi_rosdistro/pixi_rosdistro/install/include/type_description_interfaces/type_description_interfaces/msg
[44.422s] -- Up-to-date: /Users/runner/work/pixi_rosdistro/pixi_rosdistro/install/include/type_description_interfaces/type_description_interfaces/msg/detail
[44.422s] -- Installing: /Users/runner/work/pixi_rosdistro/pixi_rosdistro/install/include/type_description_interfaces/type_description_interfaces/msg/detail/individual_type_description__type_support.c
[44.423s] -- Installing: /Users/runner/work/pixi_rosdistro/pixi_rosdistro/install/include/type_description_interfaces/type_description_interfaces/msg/detail/type_source__type_support.c
[44.423s] -- Installing: /Users/runner/work/pixi_rosdistro/pixi_rosdistro/install/include/type_description_interfaces/type_description_interfaces/msg/detail/key_value__type_support.c
[44.423s] -- Installing: /Users/runner/work/pixi_rosdistro/pixi_rosdistro/install/include/type_description_interfaces/type_description_interfaces/msg/detail/field_type__rosidl_typesupport_introspection_c.h
[44.423s] -- Installing: /Users/runner/work/pixi_rosdistro/pixi_rosdistro/install/include/type_description_interfaces/type_description_interfaces/msg/detail/key_value__rosidl_typesupport_introspection_c.h
[44.423s] -- Installing: /Users/runner/work/pixi_rosdistro/pixi_rosdistro/install/include/type_description_interfaces/type_description_interfaces/msg/detail/type_source__rosidl_typesupport_introspection_c.h
[44.423s] -- Installing: /Users/runner/work/pixi_rosdistro/pixi_rosdistro/install/include/type_description_interfaces/type_description_interfaces/msg/detail/individual_type_description__rosidl_typesupport_introspection_c.h
[44.423s] -- Installing: /Users/runner/work/pixi_rosdistro/pixi_rosdistro/install/include/type_description_interfaces/type_description_interfaces/msg/detail/type_description__rosidl_typesupport_introspection_c.h
[44.423s] -- Installing: /Users/runner/work/pixi_rosdistro/pixi_rosdistro/install/include/type_description_interfaces/type_description_interfaces/msg/detail/field__type_support.c
[44.423s] -- Installing: /Users/runner/work/pixi_rosdistro/pixi_rosdistro/install/include/type_description_interfaces/type_description_interfaces/msg/detail/field_type__type_support.c
[44.423s] -- Installing: /Users/runner/work/pixi_rosdistro/pixi_rosdistro/install/include/type_description_interfaces/type_description_interfaces/msg/detail/type_description__type_support.c
[44.423s] -- Installing: /Users/runner/work/pixi_rosdistro/pixi_rosdistro/install/include/type_description_interfaces/type_description_interfaces/msg/detail/field__rosidl_typesupport_introspection_c.h
[44.423s] -- Installing: /Users/runner/work/pixi_rosdistro/pixi_rosdistro/install/include/type_description_interfaces/type_description_interfaces/msg/rosidl_typesupport_introspection_c__visibility_control.h
[44.424s] -- Up-to-date: /Users/runner/work/pixi_rosdistro/pixi_rosdistro/install/include/type_description_interfaces/type_description_interfaces/srv
[44.424s] -- Up-to-date: /Users/runner/work/pixi_rosdistro/pixi_rosdistro/install/include/type_description_interfaces/type_description_interfaces/srv/detail
[44.424s] -- Installing: /Users/runner/work/pixi_rosdistro/pixi_rosdistro/install/include/type_description_interfaces/type_description_interfaces/srv/detail/get_type_description__type_support.c
[44.424s] -- Installing: /Users/runner/work/pixi_rosdistro/pixi_rosdistro/install/include/type_description_interfaces/type_description_interfaces/srv/detail/get_type_description__rosidl_typesupport_introspection_c.h
[44.424s] -- Installing: /Users/runner/work/pixi_rosdistro/pixi_rosdistro/install/lib/libtype_description_interfaces__rosidl_typesupport_introspection_c.dylib
[44.424s] -- Installing: /Users/runner/work/pixi_rosdistro/pixi_rosdistro/install/lib/libtype_description_interfaces__rosidl_typesupport_c.dylib
[44.424s] -- Up-to-date: /Users/runner/work/pixi_rosdistro/pixi_rosdistro/install/include/type_description_interfaces/type_description_interfaces
[44.424s] -- Up-to-date: /Users/runner/work/pixi_rosdistro/pixi_rosdistro/install/include/type_description_interfaces/type_description_interfaces/msg
[44.424s] -- Installing: /Users/runner/work/pixi_rosdistro/pixi_rosdistro/install/include/type_description_interfaces/type_description_interfaces/msg/field_type.hpp
[44.424s] -- Installing: /Users/runner/work/pixi_rosdistro/pixi_rosdistro/install/include/type_description_interfaces/type_description_interfaces/msg/type_source.hpp
[44.424s] -- Installing: /Users/runner/work/pixi_rosdistro/pixi_rosdistro/install/include/type_description_interfaces/type_description_interfaces/msg/type_description.hpp
[44.424s] -- Installing: /Users/runner/work/pixi_rosdistro/pixi_rosdistro/install/include/type_description_interfaces/type_description_interfaces/msg/field.hpp
[44.424s] -- Up-to-date: /Users/runner/work/pixi_rosdistro/pixi_rosdistro/install/include/type_description_interfaces/type_description_interfaces/msg/detail
[44.424s] -- Installing: /Users/runner/work/pixi_rosdistro/pixi_rosdistro/install/include/type_description_interfaces/type_description_interfaces/msg/detail/type_description__struct.hpp
[44.424s] -- Installing: /Users/runner/work/pixi_rosdistro/pixi_rosdistro/install/include/type_description_interfaces/type_description_interfaces/msg/detail/field__type_support.hpp
[44.424s] -- Installing: /Users/runner/work/pixi_rosdistro/pixi_rosdistro/install/include/type_description_interfaces/type_description_interfaces/msg/detail/field__struct.hpp
[44.424s] -- Installing: /Users/runner/work/pixi_rosdistro/pixi_rosdistro/install/include/type_description_interfaces/type_description_interfaces/msg/detail/field_type__struct.hpp
[44.425s] -- Installing: /Users/runner/work/pixi_rosdistro/pixi_rosdistro/install/include/type_description_interfaces/type_description_interfaces/msg/detail/type_source__struct.hpp
[44.425s] -- Installing: /Users/runner/work/pixi_rosdistro/pixi_rosdistro/install/include/type_description_interfaces/type_description_interfaces/msg/detail/type_description__builder.hpp
[44.425s] -- Installing: /Users/runner/work/pixi_rosdistro/pixi_rosdistro/install/include/type_description_interfaces/type_description_interfaces/msg/detail/individual_type_description__struct.hpp
[44.425s] -- Installing: /Users/runner/work/pixi_rosdistro/pixi_rosdistro/install/include/type_description_interfaces/type_description_interfaces/msg/detail/field__builder.hpp
[44.425s] -- Installing: /Users/runner/work/pixi_rosdistro/pixi_rosdistro/install/include/type_description_interfaces/type_description_interfaces/msg/detail/key_value__type_support.hpp
[44.425s] -- Installing: /Users/runner/work/pixi_rosdistro/pixi_rosdistro/install/include/type_description_interfaces/type_description_interfaces/msg/detail/key_value__traits.hpp
[44.425s] -- Installing: /Users/runner/work/pixi_rosdistro/pixi_rosdistro/install/include/type_description_interfaces/type_description_interfaces/msg/detail/type_source__builder.hpp
[44.425s] -- Installing: /Users/runner/work/pixi_rosdistro/pixi_rosdistro/install/include/type_description_interfaces/type_description_interfaces/msg/detail/field_type__builder.hpp
[44.425s] -- Installing: /Users/runner/work/pixi_rosdistro/pixi_rosdistro/install/include/type_description_interfaces/type_description_interfaces/msg/detail/type_description__traits.hpp
[44.425s] -- Installing: /Users/runner/work/pixi_rosdistro/pixi_rosdistro/install/include/type_description_interfaces/type_description_interfaces/msg/detail/individual_type_description__type_support.hpp
[44.425s] -- Installing: /Users/runner/work/pixi_rosdistro/pixi_rosdistro/install/include/type_description_interfaces/type_description_interfaces/msg/detail/individual_type_description__traits.hpp
[44.425s] -- Installing: /Users/runner/work/pixi_rosdistro/pixi_rosdistro/install/include/type_description_interfaces/type_description_interfaces/msg/detail/field__traits.hpp
[44.426s] -- Installing: /Users/runner/work/pixi_rosdistro/pixi_rosdistro/install/include/type_description_interfaces/type_description_interfaces/msg/detail/key_value__builder.hpp
[44.426s] -- Installing: /Users/runner/work/pixi_rosdistro/pixi_rosdistro/install/include/type_description_interfaces/type_description_interfaces/msg/detail/field_type__traits.hpp
[44.426s] -- Installing: /Users/runner/work/pixi_rosdistro/pixi_rosdistro/install/include/type_description_interfaces/type_description_interfaces/msg/detail/type_source__traits.hpp
[44.426s] -- Installing: /Users/runner/work/pixi_rosdistro/pixi_rosdistro/install/include/type_description_interfaces/type_description_interfaces/msg/detail/individual_type_description__builder.hpp
[44.427s] -- Installing: /Users/runner/work/pixi_rosdistro/pixi_rosdistro/install/include/type_description_interfaces/type_description_interfaces/msg/detail/type_description__type_support.hpp
[44.427s] -- Installing: /Users/runner/work/pixi_rosdistro/pixi_rosdistro/install/include/type_description_interfaces/type_description_interfaces/msg/detail/key_value__struct.hpp
[44.428s] -- Installing: /Users/runner/work/pixi_rosdistro/pixi_rosdistro/install/include/type_description_interfaces/type_description_interfaces/msg/detail/type_source__type_support.hpp
[44.428s] -- Installing: /Users/runner/work/pixi_rosdistro/pixi_rosdistro/install/include/type_description_interfaces/type_description_interfaces/msg/detail/field_type__type_support.hpp
[44.428s] -- Installing: /Users/runner/work/pixi_rosdistro/pixi_rosdistro/install/include/type_description_interfaces/type_description_interfaces/msg/rosidl_generator_cpp__visibility_control.hpp
[44.428s] -- Installing: /Users/runner/work/pixi_rosdistro/pixi_rosdistro/install/include/type_description_interfaces/type_description_interfaces/msg/individual_type_description.hpp
[44.429s] -- Installing: /Users/runner/work/pixi_rosdistro/pixi_rosdistro/install/include/type_description_interfaces/type_description_interfaces/msg/key_value.hpp
[44.429s] -- Up-to-date: /Users/runner/work/pixi_rosdistro/pixi_rosdistro/install/include/type_description_interfaces/type_description_interfaces/srv
[44.429s] -- Installing: /Users/runner/work/pixi_rosdistro/pixi_rosdistro/install/include/type_description_interfaces/type_description_interfaces/srv/get_type_description.hpp
[44.429s] -- Up-to-date: /Users/runner/work/pixi_rosdistro/pixi_rosdistro/install/include/type_description_interfaces/type_description_interfaces/srv/detail
[44.429s] -- Installing: /Users/runner/work/pixi_rosdistro/pixi_rosdistro/install/include/type_description_interfaces/type_description_interfaces/srv/detail/get_type_description__struct.hpp
[44.429s] -- Installing: /Users/runner/work/pixi_rosdistro/pixi_rosdistro/install/include/type_description_interfaces/type_description_interfaces/srv/detail/get_type_description__type_support.hpp
[44.430s] -- Installing: /Users/runner/work/pixi_rosdistro/pixi_rosdistro/install/include/type_description_interfaces/type_description_interfaces/srv/detail/get_type_description__traits.hpp
[44.430s] -- Installing: /Users/runner/work/pixi_rosdistro/pixi_rosdistro/install/include/type_description_interfaces/type_description_interfaces/srv/detail/get_type_description__builder.hpp
[44.430s] -- Up-to-date: /Users/runner/work/pixi_rosdistro/pixi_rosdistro/install/include/type_description_interfaces/type_description_interfaces
[44.430s] -- Up-to-date: /Users/runner/work/pixi_rosdistro/pixi_rosdistro/install/include/type_description_interfaces/type_description_interfaces/msg
[44.430s] -- Installing: /Users/runner/work/pixi_rosdistro/pixi_rosdistro/install/include/type_description_interfaces/type_description_interfaces/msg/rosidl_typesupport_fastrtps_cpp__visibility_control.h
[44.430s] -- Up-to-date: /Users/runner/work/pixi_rosdistro/pixi_rosdistro/install/include/type_description_interfaces/type_description_interfaces/msg/detail
[44.430s] -- Installing: /Users/runner/work/pixi_rosdistro/pixi_rosdistro/install/include/type_description_interfaces/type_description_interfaces/msg/detail/type_description__rosidl_typesupport_fastrtps_cpp.hpp
[44.431s] -- Installing: /Users/runner/work/pixi_rosdistro/pixi_rosdistro/install/include/type_description_interfaces/type_description_interfaces/msg/detail/type_source__rosidl_typesupport_fastrtps_cpp.hpp
[44.431s] -- Installing: /Users/runner/work/pixi_rosdistro/pixi_rosdistro/install/include/type_description_interfaces/type_description_interfaces/msg/detail/field_type__rosidl_typesupport_fastrtps_cpp.hpp
[44.431s] -- Installing: /Users/runner/work/pixi_rosdistro/pixi_rosdistro/install/include/type_description_interfaces/type_description_interfaces/msg/detail/individual_type_description__rosidl_typesupport_fastrtps_cpp.hpp
[44.431s] -- Installing: /Users/runner/work/pixi_rosdistro/pixi_rosdistro/install/include/type_description_interfaces/type_description_interfaces/msg/detail/key_value__rosidl_typesupport_fastrtps_cpp.hpp
[44.431s] -- Installing: /Users/runner/work/pixi_rosdistro/pixi_rosdistro/install/include/type_description_interfaces/type_description_interfaces/msg/detail/field__rosidl_typesupport_fastrtps_cpp.hpp
[44.431s] -- Installing: /Users/runner/work/pixi_rosdistro/pixi_rosdistro/install/include/type_description_interfaces/type_description_interfaces/msg/detail/dds_fastrtps
[44.432s] -- Up-to-date: /Users/runner/work/pixi_rosdistro/pixi_rosdistro/install/include/type_description_interfaces/type_description_interfaces/srv
[44.432s] -- Up-to-date: /Users/runner/work/pixi_rosdistro/pixi_rosdistro/install/include/type_description_interfaces/type_description_interfaces/srv/detail
[44.432s] -- Installing: /Users/runner/work/pixi_rosdistro/pixi_rosdistro/install/include/type_description_interfaces/type_description_interfaces/srv/detail/dds_fastrtps
[44.432s] -- Installing: /Users/runner/work/pixi_rosdistro/pixi_rosdistro/install/include/type_description_interfaces/type_description_interfaces/srv/detail/get_type_description__rosidl_typesupport_fastrtps_cpp.hpp
[44.432s] -- Installing: /Users/runner/work/pixi_rosdistro/pixi_rosdistro/install/lib/libtype_description_interfaces__rosidl_typesupport_fastrtps_cpp.dylib
[44.433s] -- Up-to-date: /Users/runner/work/pixi_rosdistro/pixi_rosdistro/install/include/type_description_interfaces/type_description_interfaces
[44.433s] -- Up-to-date: /Users/runner/work/pixi_rosdistro/pixi_rosdistro/install/include/type_description_interfaces/type_description_interfaces/msg
[44.433s] -- Up-to-date: /Users/runner/work/pixi_rosdistro/pixi_rosdistro/install/include/type_description_interfaces/type_description_interfaces/msg/detail
[44.433s] -- Installing: /Users/runner/work/pixi_rosdistro/pixi_rosdistro/install/include/type_description_interfaces/type_description_interfaces/msg/detail/type_source__type_support.cpp
[44.433s] -- Installing: /Users/runner/work/pixi_rosdistro/pixi_rosdistro/install/include/type_description_interfaces/type_description_interfaces/msg/detail/type_source__rosidl_typesupport_introspection_cpp.hpp
[44.434s] -- Installing: /Users/runner/work/pixi_rosdistro/pixi_rosdistro/install/include/type_description_interfaces/type_description_interfaces/msg/detail/field__rosidl_typesupport_introspection_cpp.hpp
[44.435s] -- Installing: /Users/runner/work/pixi_rosdistro/pixi_rosdistro/install/include/type_description_interfaces/type_description_interfaces/msg/detail/field_type__type_support.cpp
[44.435s] -- Installing: /Users/runner/work/pixi_rosdistro/pixi_rosdistro/install/include/type_description_interfaces/type_description_interfaces/msg/detail/individual_type_description__type_support.cpp
[44.435s] -- Installing: /Users/runner/work/pixi_rosdistro/pixi_rosdistro/install/include/type_description_interfaces/type_description_interfaces/msg/detail/key_value__rosidl_typesupport_introspection_cpp.hpp
[44.436s] -- Installing: /Users/runner/work/pixi_rosdistro/pixi_rosdistro/install/include/type_description_interfaces/type_description_interfaces/msg/detail/type_description__type_support.cpp
[44.436s] -- Installing: /Users/runner/work/pixi_rosdistro/pixi_rosdistro/install/include/type_description_interfaces/type_description_interfaces/msg/detail/field_type__rosidl_typesupport_introspection_cpp.hpp
[44.436s] -- Installing: /Users/runner/work/pixi_rosdistro/pixi_rosdistro/install/include/type_description_interfaces/type_description_interfaces/msg/detail/key_value__type_support.cpp
[44.437s] -- Installing: /Users/runner/work/pixi_rosdistro/pixi_rosdistro/install/include/type_description_interfaces/type_description_interfaces/msg/detail/type_description__rosidl_typesupport_introspection_cpp.hpp
[44.437s] -- Installing: /Users/runner/work/pixi_rosdistro/pixi_rosdistro/install/include/type_description_interfaces/type_description_interfaces/msg/detail/individual_type_description__rosidl_typesupport_introspection_cpp.hpp
[44.438s] -- Installing: /Users/runner/work/pixi_rosdistro/pixi_rosdistro/install/include/type_description_interfaces/type_description_interfaces/msg/detail/field__type_support.cpp
[44.438s] -- Up-to-date: /Users/runner/work/pixi_rosdistro/pixi_rosdistro/install/include/type_description_interfaces/type_description_interfaces/srv
[44.438s] -- Up-to-date: /Users/runner/work/pixi_rosdistro/pixi_rosdistro/install/include/type_description_interfaces/type_description_interfaces/srv/detail
[44.438s] -- Installing: /Users/runner/work/pixi_rosdistro/pixi_rosdistro/install/include/type_description_interfaces/type_description_interfaces/srv/detail/get_type_description__rosidl_typesupport_introspection_cpp.hpp
[44.439s] -- Installing: /Users/runner/work/pixi_rosdistro/pixi_rosdistro/install/include/type_description_interfaces/type_description_interfaces/srv/detail/get_type_description__type_support.cpp
[44.441s] -- Installing: /Users/runner/work/pixi_rosdistro/pixi_rosdistro/install/lib/libtype_description_interfaces__rosidl_typesupport_introspection_cpp.dylib
[44.442s] -- Installing: /Users/runner/work/pixi_rosdistro/pixi_rosdistro/install/lib/libtype_description_interfaces__rosidl_typesupport_cpp.dylib
[44.442s] -- Installing: /Users/runner/work/pixi_rosdistro/pixi_rosdistro/install/share/type_description_interfaces/environment/pythonpath.sh
[44.442s] -- Installing: /Users/runner/work/pixi_rosdistro/pixi_rosdistro/install/share/type_description_interfaces/environment/pythonpath.dsv
[44.443s] -- Installing: /Users/runner/work/pixi_rosdistro/pixi_rosdistro/install/lib/python3.12/site-packages/type_description_interfaces/type_description_interfaces_s__rosidl_typesupport_fastrtps_c.so
[44.443s] -- Installing: /Users/runner/work/pixi_rosdistro/pixi_rosdistro/install/lib/python3.12/site-packages/type_description_interfaces/type_description_interfaces_s__rosidl_typesupport_introspection_c.so
[44.445s] -- Installing: /Users/runner/work/pixi_rosdistro/pixi_rosdistro/install/lib/python3.12/site-packages/type_description_interfaces/type_description_interfaces_s__rosidl_typesupport_c.so
[44.445s] -- Installing: /Users/runner/work/pixi_rosdistro/pixi_rosdistro/install/lib/libtype_description_interfaces__rosidl_generator_py.dylib
[44.446s] -- Installing: /Users/runner/work/pixi_rosdistro/pixi_rosdistro/install/share/ament_index/resource_index/rust_packages/type_description_interfaces
[44.446s] -- Installing: /Users/runner/work/pixi_rosdistro/pixi_rosdistro/install/share/type_description_interfaces/rust
[44.447s] -- Installing: /Users/runner/work/pixi_rosdistro/pixi_rosdistro/install/share/type_description_interfaces/rust/Cargo.toml
[44.447s] -- Installing: /Users/runner/work/pixi_rosdistro/pixi_rosdistro/install/share/type_description_interfaces/rust/build.rs
[44.448s] -- Installing: /Users/runner/work/pixi_rosdistro/pixi_rosdistro/install/share/type_description_interfaces/rust/src
[44.448s] -- Installing: /Users/runner/work/pixi_rosdistro/pixi_rosdistro/install/share/type_description_interfaces/rust/src/msg
[44.448s] -- Installing: /Users/runner/work/pixi_rosdistro/pixi_rosdistro/install/share/type_description_interfaces/rust/src/msg/rmw.rs
[44.449s] -- Installing: /Users/runner/work/pixi_rosdistro/pixi_rosdistro/install/share/type_description_interfaces/rust/src/lib.rs
[44.449s] -- Installing: /Users/runner/work/pixi_rosdistro/pixi_rosdistro/install/share/type_description_interfaces/rust/src/srv.rs
[44.450s] -- Installing: /Users/runner/work/pixi_rosdistro/pixi_rosdistro/install/share/type_description_interfaces/rust/src/msg.rs
[44.457s] -- Installing: /Users/runner/work/pixi_rosdistro/pixi_rosdistro/install/share/type_description_interfaces/rust/src/srv
[44.458s] -- Installing: /Users/runner/work/pixi_rosdistro/pixi_rosdistro/install/share/type_description_interfaces/rust/src/srv/rmw.rs
[44.458s] -- Installing: /Users/runner/work/pixi_rosdistro/pixi_rosdistro/install/share/type_description_interfaces/msg/Field.idl
[44.458s] -- Installing: /Users/runner/work/pixi_rosdistro/pixi_rosdistro/install/share/type_description_interfaces/msg/FieldType.idl
[44.458s] -- Installing: /Users/runner/work/pixi_rosdistro/pixi_rosdistro/install/share/type_description_interfaces/msg/IndividualTypeDescription.idl
[44.458s] -- Installing: /Users/runner/work/pixi_rosdistro/pixi_rosdistro/install/share/type_description_interfaces/msg/KeyValue.idl
[44.458s] -- Installing: /Users/runner/work/pixi_rosdistro/pixi_rosdistro/install/share/type_description_interfaces/msg/TypeDescription.idl
[44.459s] -- Installing: /Users/runner/work/pixi_rosdistro/pixi_rosdistro/install/share/type_description_interfaces/msg/TypeSource.idl
[44.459s] -- Installing: /Users/runner/work/pixi_rosdistro/pixi_rosdistro/install/share/type_description_interfaces/srv/GetTypeDescription.idl
[44.461s] -- Installing: /Users/runner/work/pixi_rosdistro/pixi_rosdistro/install/share/type_description_interfaces/msg/Field.msg
[44.463s] -- Installing: /Users/runner/work/pixi_rosdistro/pixi_rosdistro/install/share/type_description_interfaces/msg/FieldType.msg
[44.463s] -- Installing: /Users/runner/work/pixi_rosdistro/pixi_rosdistro/install/share/type_description_interfaces/msg/IndividualTypeDescription.msg
[44.463s] -- Installing: /Users/runner/work/pixi_rosdistro/pixi_rosdistro/install/share/type_description_interfaces/msg/KeyValue.msg
[44.463s] -- Installing: /Users/runner/work/pixi_rosdistro/pixi_rosdistro/install/share/type_description_interfaces/msg/TypeDescription.msg
[44.463s] -- Installing: /Users/runner/work/pixi_rosdistro/pixi_rosdistro/install/share/type_description_interfaces/msg/TypeSource.msg
[44.463s] -- Installing: /Users/runner/work/pixi_rosdistro/pixi_rosdistro/install/share/type_description_interfaces/srv/GetTypeDescription.srv
[44.463s] -- Installing: /Users/runner/work/pixi_rosdistro/pixi_rosdistro/install/share/ament_index/resource_index/package_run_dependencies/type_description_interfaces
[44.463s] -- Installing: /Users/runner/work/pixi_rosdistro/pixi_rosdistro/install/share/ament_index/resource_index/parent_prefix_path/type_description_interfaces
[44.463s] -- Installing: /Users/runner/work/pixi_rosdistro/pixi_rosdistro/install/share/type_description_interfaces/environment/ament_prefix_path.sh
[44.463s] -- Installing: /Users/runner/work/pixi_rosdistro/pixi_rosdistro/install/share/type_description_interfaces/environment/ament_prefix_path.dsv
[44.463s] -- Installing: /Users/runner/work/pixi_rosdistro/pixi_rosdistro/install/share/type_description_interfaces/environment/path.sh
[44.463s] -- Installing: /Users/runner/work/pixi_rosdistro/pixi_rosdistro/install/share/type_description_interfaces/environment/path.dsv
[44.463s] -- Installing: /Users/runner/work/pixi_rosdistro/pixi_rosdistro/install/share/type_description_interfaces/local_setup.bash
[44.463s] -- Installing: /Users/runner/work/pixi_rosdistro/pixi_rosdistro/install/share/type_description_interfaces/local_setup.fish
[44.463s] -- Installing: /Users/runner/work/pixi_rosdistro/pixi_rosdistro/install/share/type_description_interfaces/local_setup.sh
[44.463s] -- Installing: /Users/runner/work/pixi_rosdistro/pixi_rosdistro/install/share/type_description_interfaces/local_setup.zsh
[44.463s] -- Installing: /Users/runner/work/pixi_rosdistro/pixi_rosdistro/install/share/type_description_interfaces/local_setup.dsv
[44.464s] -- Installing: /Users/runner/work/pixi_rosdistro/pixi_rosdistro/install/share/type_description_interfaces/package.dsv
[44.464s] -- Installing: /Users/runner/work/pixi_rosdistro/pixi_rosdistro/install/share/ament_index/resource_index/packages/type_description_interfaces
[44.466s] -- Installing: /Users/runner/work/pixi_rosdistro/pixi_rosdistro/install/share/type_description_interfaces/cmake/export_type_description_interfaces__rosidl_generator_cExport.cmake
[44.466s] -- Installing: /Users/runner/work/pixi_rosdistro/pixi_rosdistro/install/share/type_description_interfaces/cmake/export_type_description_interfaces__rosidl_generator_cExport-release.cmake
[44.466s] -- Installing: /Users/runner/work/pixi_rosdistro/pixi_rosdistro/install/share/type_description_interfaces/cmake/export_type_description_interfaces__rosidl_typesupport_fastrtps_cExport.cmake
[44.466s] -- Installing: /Users/runner/work/pixi_rosdistro/pixi_rosdistro/install/share/type_description_interfaces/cmake/export_type_description_interfaces__rosidl_typesupport_fastrtps_cExport-release.cmake
[44.466s] -- Installing: /Users/runner/work/pixi_rosdistro/pixi_rosdistro/install/share/type_description_interfaces/cmake/type_description_interfaces__rosidl_typesupport_introspection_cExport.cmake
[44.466s] -- Installing: /Users/runner/work/pixi_rosdistro/pixi_rosdistro/install/share/type_description_interfaces/cmake/type_description_interfaces__rosidl_typesupport_introspection_cExport-release.cmake
[44.466s] -- Installing: /Users/runner/work/pixi_rosdistro/pixi_rosdistro/install/share/type_description_interfaces/cmake/type_description_interfaces__rosidl_typesupport_cExport.cmake
[44.466s] -- Installing: /Users/runner/work/pixi_rosdistro/pixi_rosdistro/install/share/type_description_interfaces/cmake/type_description_interfaces__rosidl_typesupport_cExport-release.cmake
[44.466s] -- Installing: /Users/runner/work/pixi_rosdistro/pixi_rosdistro/install/share/type_description_interfaces/cmake/export_type_description_interfaces__rosidl_generator_cppExport.cmake
[44.466s] -- Installing: /Users/runner/work/pixi_rosdistro/pixi_rosdistro/install/share/type_description_interfaces/cmake/export_type_description_interfaces__rosidl_typesupport_fastrtps_cppExport.cmake
[44.466s] -- Installing: /Users/runner/work/pixi_rosdistro/pixi_rosdistro/install/share/type_description_interfaces/cmake/export_type_description_interfaces__rosidl_typesupport_fastrtps_cppExport-release.cmake
[44.466s] -- Installing: /Users/runner/work/pixi_rosdistro/pixi_rosdistro/install/share/type_description_interfaces/cmake/type_description_interfaces__rosidl_typesupport_introspection_cppExport.cmake
[44.468s] -- Installing: /Users/runner/work/pixi_rosdistro/pixi_rosdistro/install/share/type_description_interfaces/cmake/type_description_interfaces__rosidl_typesupport_introspection_cppExport-release.cmake
[44.468s] -- Installing: /Users/runner/work/pixi_rosdistro/pixi_rosdistro/install/share/type_description_interfaces/cmake/type_description_interfaces__rosidl_typesupport_cppExport.cmake
[44.468s] -- Installing: /Users/runner/work/pixi_rosdistro/pixi_rosdistro/install/share/type_description_interfaces/cmake/type_description_interfaces__rosidl_typesupport_cppExport-release.cmake
[44.468s] -- Installing: /Users/runner/work/pixi_rosdistro/pixi_rosdistro/install/share/type_description_interfaces/cmake/export_type_description_interfaces__rosidl_generator_pyExport.cmake
[44.468s] -- Installing: /Users/runner/work/pixi_rosdistro/pixi_rosdistro/install/share/type_description_interfaces/cmake/export_type_description_interfaces__rosidl_generator_pyExport-release.cmake
[44.469s] -- Installing: /Users/runner/work/pixi_rosdistro/pixi_rosdistro/install/lib/python3.12/site-packages/type_description_interfaces-2.4.3-py3.12.egg-info
[44.469s] -- Installing: /Users/runner/work/pixi_rosdistro/pixi_rosdistro/install/lib/python3.12/site-packages/type_description_interfaces-2.4.3-py3.12.egg-info/PKG-INFO
[44.472s] -- Installing: /Users/runner/work/pixi_rosdistro/pixi_rosdistro/install/lib/python3.12/site-packages/type_description_interfaces-2.4.3-py3.12.egg-info/SOURCES.txt
[44.472s] -- Installing: /Users/runner/work/pixi_rosdistro/pixi_rosdistro/install/lib/python3.12/site-packages/type_description_interfaces-2.4.3-py3.12.egg-info/top_level.txt
[44.472s] -- Installing: /Users/runner/work/pixi_rosdistro/pixi_rosdistro/install/lib/python3.12/site-packages/type_description_interfaces-2.4.3-py3.12.egg-info/dependency_links.txt
[44.472s] -- Up-to-date: /Users/runner/work/pixi_rosdistro/pixi_rosdistro/install/lib/python3.12/site-packages/type_description_interfaces
[44.472s] -- Installing: /Users/runner/work/pixi_rosdistro/pixi_rosdistro/install/lib/python3.12/site-packages/type_description_interfaces/msg
[44.472s] -- Installing: /Users/runner/work/pixi_rosdistro/pixi_rosdistro/install/lib/python3.12/site-packages/type_description_interfaces/msg/_individual_type_description.py
[44.472s] -- Installing: /Users/runner/work/pixi_rosdistro/pixi_rosdistro/install/lib/python3.12/site-packages/type_description_interfaces/msg/_field_type_s.c
[44.472s] -- Installing: /Users/runner/work/pixi_rosdistro/pixi_rosdistro/install/lib/python3.12/site-packages/type_description_interfaces/msg/_type_source.py
[44.472s] -- Installing: /Users/runner/work/pixi_rosdistro/pixi_rosdistro/install/lib/python3.12/site-packages/type_description_interfaces/msg/_field.py
[44.472s] -- Installing: /Users/runner/work/pixi_rosdistro/pixi_rosdistro/install/lib/python3.12/site-packages/type_description_interfaces/msg/_type_description_s.c
[44.472s] -- Installing: /Users/runner/work/pixi_rosdistro/pixi_rosdistro/install/lib/python3.12/site-packages/type_description_interfaces/msg/__init__.py
[44.472s] -- Installing: /Users/runner/work/pixi_rosdistro/pixi_rosdistro/install/lib/python3.12/site-packages/type_description_interfaces/msg/_key_value.py
[44.472s] -- Installing: /Users/runner/work/pixi_rosdistro/pixi_rosdistro/install/lib/python3.12/site-packages/type_description_interfaces/msg/_type_source_s.c
[44.473s] -- Installing: /Users/runner/work/pixi_rosdistro/pixi_rosdistro/install/lib/python3.12/site-packages/type_description_interfaces/msg/_field_s.c
[44.473s] -- Installing: /Users/runner/work/pixi_rosdistro/pixi_rosdistro/install/lib/python3.12/site-packages/type_description_interfaces/msg/_individual_type_description_s.c
[44.473s] -- Installing: /Users/runner/work/pixi_rosdistro/pixi_rosdistro/install/lib/python3.12/site-packages/type_description_interfaces/msg/_field_type.py
[44.473s] -- Installing: /Users/runner/work/pixi_rosdistro/pixi_rosdistro/install/lib/python3.12/site-packages/type_description_interfaces/msg/_type_description.py
[44.474s] -- Installing: /Users/runner/work/pixi_rosdistro/pixi_rosdistro/install/lib/python3.12/site-packages/type_description_interfaces/msg/_key_value_s.c
[44.474s] -- Up-to-date: /Users/runner/work/pixi_rosdistro/pixi_rosdistro/install/lib/python3.12/site-packages/type_description_interfaces/type_description_interfaces_s__rosidl_typesupport_introspection_c.so
[44.474s] -- Up-to-date: /Users/runner/work/pixi_rosdistro/pixi_rosdistro/install/lib/python3.12/site-packages/type_description_interfaces/type_description_interfaces_s__rosidl_typesupport_fastrtps_c.so
[44.474s] -- Installing: /Users/runner/work/pixi_rosdistro/pixi_rosdistro/install/lib/python3.12/site-packages/type_description_interfaces/_type_description_interfaces_s.ep.rosidl_typesupport_introspection_c.c
[44.474s] -- Installing: /Users/runner/work/pixi_rosdistro/pixi_rosdistro/install/lib/python3.12/site-packages/type_description_interfaces/_type_description_interfaces_s.ep.rosidl_typesupport_c.c
[44.474s] -- Installing: /Users/runner/work/pixi_rosdistro/pixi_rosdistro/install/lib/python3.12/site-packages/type_description_interfaces/__init__.py
[44.475s] -- Installing: /Users/runner/work/pixi_rosdistro/pixi_rosdistro/install/lib/python3.12/site-packages/type_description_interfaces/_type_description_interfaces_s.ep.rosidl_typesupport_fastrtps_c.c
[44.475s] -- Up-to-date: /Users/runner/work/pixi_rosdistro/pixi_rosdistro/install/lib/python3.12/site-packages/type_description_interfaces/type_description_interfaces_s__rosidl_typesupport_c.so
[44.475s] -- Installing: /Users/runner/work/pixi_rosdistro/pixi_rosdistro/install/lib/python3.12/site-packages/type_description_interfaces/py.typed
[44.475s] -- Installing: /Users/runner/work/pixi_rosdistro/pixi_rosdistro/install/lib/python3.12/site-packages/type_description_interfaces/srv
[44.475s] -- Installing: /Users/runner/work/pixi_rosdistro/pixi_rosdistro/install/lib/python3.12/site-packages/type_description_interfaces/srv/__init__.py
[44.475s] -- Installing: /Users/runner/work/pixi_rosdistro/pixi_rosdistro/install/lib/python3.12/site-packages/type_description_interfaces/srv/_get_type_description_s.c
[44.475s] -- Installing: /Users/runner/work/pixi_rosdistro/pixi_rosdistro/install/lib/python3.12/site-packages/type_description_interfaces/srv/_get_type_description.py
[44.523s] Listing '/Users/runner/work/pixi_rosdistro/pixi_rosdistro/install/lib/python3.12/site-packages/type_description_interfaces'...
[44.523s] Compiling '/Users/runner/work/pixi_rosdistro/pixi_rosdistro/install/lib/python3.12/site-packages/type_description_interfaces/__init__.py'...
[44.523s] Listing '/Users/runner/work/pixi_rosdistro/pixi_rosdistro/install/lib/python3.12/site-packages/type_description_interfaces/msg'...
[44.523s] Compiling '/Users/runner/work/pixi_rosdistro/pixi_rosdistro/install/lib/python3.12/site-packages/type_description_interfaces/msg/__init__.py'...
[44.523s] Compiling '/Users/runner/work/pixi_rosdistro/pixi_rosdistro/install/lib/python3.12/site-packages/type_description_interfaces/msg/_field.py'...
[44.523s] Compiling '/Users/runner/work/pixi_rosdistro/pixi_rosdistro/install/lib/python3.12/site-packages/type_description_interfaces/msg/_field_type.py'...
[44.523s] Compiling '/Users/runner/work/pixi_rosdistro/pixi_rosdistro/install/lib/python3.12/site-packages/type_description_interfaces/msg/_individual_type_description.py'...
[44.524s] Compiling '/Users/runner/work/pixi_rosdistro/pixi_rosdistro/install/lib/python3.12/site-packages/type_description_interfaces/msg/_key_value.py'...
[44.524s] Compiling '/Users/runner/work/pixi_rosdistro/pixi_rosdistro/install/lib/python3.12/site-packages/type_description_interfaces/msg/_type_description.py'...
[44.524s] Compiling '/Users/runner/work/pixi_rosdistro/pixi_rosdistro/install/lib/python3.12/site-packages/type_description_interfaces/msg/_type_source.py'...
[44.524s] Listing '/Users/runner/work/pixi_rosdistro/pixi_rosdistro/install/lib/python3.12/site-packages/type_description_interfaces/srv'...
[44.524s] Compiling '/Users/runner/work/pixi_rosdistro/pixi_rosdistro/install/lib/python3.12/site-packages/type_description_interfaces/srv/__init__.py'...
[44.524s] Compiling '/Users/runner/work/pixi_rosdistro/pixi_rosdistro/install/lib/python3.12/site-packages/type_description_interfaces/srv/_get_type_description.py'...
[44.527s] -- Installing: /Users/runner/work/pixi_rosdistro/pixi_rosdistro/install/share/type_description_interfaces/cmake/rosidl_cmake-extras.cmake
[44.527s] -- Installing: /Users/runner/work/pixi_rosdistro/pixi_rosdistro/install/share/type_description_interfaces/cmake/ament_cmake_export_dependencies-extras.cmake
[44.527s] -- Installing: /Users/runner/work/pixi_rosdistro/pixi_rosdistro/install/share/type_description_interfaces/cmake/ament_cmake_export_include_directories-extras.cmake
[44.527s] -- Installing: /Users/runner/work/pixi_rosdistro/pixi_rosdistro/install/share/type_description_interfaces/cmake/ament_cmake_export_libraries-extras.cmake
[44.527s] -- Installing: /Users/runner/work/pixi_rosdistro/pixi_rosdistro/install/share/type_description_interfaces/cmake/ament_cmake_export_targets-extras.cmake
[44.528s] -- Installing: /Users/runner/work/pixi_rosdistro/pixi_rosdistro/install/share/type_description_interfaces/cmake/rosidl_cmake_export_typesupport_targets-extras.cmake
[44.528s] -- Installing: /Users/runner/work/pixi_rosdistro/pixi_rosdistro/install/share/type_description_interfaces/cmake/rosidl_cmake_export_typesupport_libraries-extras.cmake
[44.528s] -- Installing: /Users/runner/work/pixi_rosdistro/pixi_rosdistro/install/share/type_description_interfaces/cmake/rosidl_cmake_aggregate_target-extras.cmake
[44.528s] -- Installing: /Users/runner/work/pixi_rosdistro/pixi_rosdistro/install/share/type_description_interfaces/cmake/type_description_interfacesConfig.cmake
[44.529s] -- Installing: /Users/runner/work/pixi_rosdistro/pixi_rosdistro/install/share/type_description_interfaces/cmake/type_description_interfacesConfig-version.cmake
[44.529s] -- Installing: /Users/runner/work/pixi_rosdistro/pixi_rosdistro/install/share/type_description_interfaces/package.xml
[44.531s] Invoked command in '/Users/runner/work/pixi_rosdistro/pixi_rosdistro/build/type_description_interfaces' returned '0': AMENT_PREFIX_PATH=/Users/runner/work/pixi_rosdistro/pixi_rosdistro/install CMAKE_PREFIX_PATH=/Users/runner/work/pixi_rosdistro/pixi_rosdistro/install DYLD_LIBRARY_PATH=/Users/runner/work/pixi_rosdistro/pixi_rosdistro/install/lib:/Users/runner/work/pixi_rosdistro/pixi_rosdistro/install/opt/mimick_vendor/lib PATH=/Users/runner/work/pixi_rosdistro/pixi_rosdistro/install/bin:${PATH} PIXI_PROMPT=(ros2_rolling) PKG_CONFIG_PATH=/Users/runner/work/pixi_rosdistro/pixi_rosdistro/install/lib/pkgconfig PYTHONPATH=/Users/runner/work/pixi_rosdistro/pixi_rosdistro/install/lib/python3.12/site-packages ROS_DOMAIN_ID=112 ROS_PYTHON_VERSION=3 SHLVL=3 _=/usr/bin/env /Users/runner/work/pixi_rosdistro/pixi_rosdistro/.pixi/envs/default/bin/cmake --install /Users/runner/work/pixi_rosdistro/pixi_rosdistro/build/type_description_interfaces
