[0.047s] Invoking command in 'D:\a\pixi_rosdistro\pixi_rosdistro\build\iceoryx_hoofs': PIXI_PROMPT=(ros2_rolling) PROMPT=$P$G D:\a\pixi_rosdistro\pixi_rosdistro\.pixi\envs\default\Library\bin\cmake.EXE D:\a\pixi_rosdistro\pixi_rosdistro\src\eclipse-iceoryx\iceoryx\iceoryx_hoofs -GNinja --no-warn-unused-cli -DCMAKE_BUILD_TYPE=Release -DCMAKE_BUILD_WITH_INSTALL_RPATH:bool=TRUE -DCMAKE_POLICY_VERSION_MINIMUM=3.5 -Wno-deprecated -DSTACK_DETAILS_AUTO_DETECT:bool=FALSE -DSTACK_DETAILS_BFD:bool=FALSE -DCMAKE_MSVC_DEBUG_INFORMATION_FORMAT=Embedded -DCMAKE_CXX_FLAGS=/MP /FS /EHsc -DCMAKE_C_FLAGS=/MP /FS -DCMAKE_INSTALL_PREFIX=D:\a\pixi_rosdistro\pixi_rosdistro\install
[0.391s] Not searching for unused variables given on the command line.
[0.391s] -- The C compiler identification is MSVC 19.44.35225.0
[0.672s] -- The CXX compiler identification is MSVC 19.44.35225.0
[0.703s] -- Detecting C compiler ABI info
[1.375s] -- Detecting C compiler ABI info - done
[1.391s] -- Check for working C compiler: C:/Program Files/Microsoft Visual Studio/2022/Enterprise/VC/Tools/MSVC/14.44.35207/bin/Hostx64/x64/cl.exe - skipped
[1.391s] -- Detecting C compile features
[1.391s] -- Detecting C compile features - done
[1.406s] -- Detecting CXX compiler ABI info
[2.062s] -- Detecting CXX compiler ABI info - done
[2.094s] -- Check for working CXX compiler: C:/Program Files/Microsoft Visual Studio/2022/Enterprise/VC/Tools/MSVC/14.44.35207/bin/Hostx64/x64/cl.exe - skipped
[2.094s] -- Detecting CXX compile features
[2.094s] -- Detecting CXX compile features - done
[2.125s] -- Configuring done (2.0s)
[2.172s] -- Generating done (0.1s)
[2.187s] -- Build files have been written to: D:/a/pixi_rosdistro/pixi_rosdistro/build/iceoryx_hoofs
[2.203s] Invoked command in 'D:\a\pixi_rosdistro\pixi_rosdistro\build\iceoryx_hoofs' returned '0': PIXI_PROMPT=(ros2_rolling) PROMPT=$P$G ROS_DOMAIN_ID=150 D:\a\pixi_rosdistro\pixi_rosdistro\.pixi\envs\default\Library\bin\cmake.EXE D:\a\pixi_rosdistro\pixi_rosdistro\src\eclipse-iceoryx\iceoryx\iceoryx_hoofs -GNinja --no-warn-unused-cli -DCMAKE_BUILD_TYPE=Release -DCMAKE_BUILD_WITH_INSTALL_RPATH:bool=TRUE -DCMAKE_POLICY_VERSION_MINIMUM=3.5 -Wno-deprecated -DSTACK_DETAILS_AUTO_DETECT:bool=FALSE -DSTACK_DETAILS_BFD:bool=FALSE -DCMAKE_MSVC_DEBUG_INFORMATION_FORMAT=Embedded -DCMAKE_CXX_FLAGS=/MP /FS /EHsc -DCMAKE_C_FLAGS=/MP /FS -DCMAKE_INSTALL_PREFIX=D:\a\pixi_rosdistro\pixi_rosdistro\install
[2.203s] Invoking command in 'D:\a\pixi_rosdistro\pixi_rosdistro\build\iceoryx_hoofs': PIXI_PROMPT=(ros2_rolling) PROMPT=$P$G ROS_DOMAIN_ID=150 D:\a\pixi_rosdistro\pixi_rosdistro\.pixi\envs\default\Library\bin\cmake.EXE --build D:\a\pixi_rosdistro\pixi_rosdistro\build\iceoryx_hoofs -- -j4 -l4
[2.984s] [1/52] Building CXX object platform\CMakeFiles\iceoryx_platform.dir\win\source\fnctl.cpp.obj
[2.984s] [2/52] Building CXX object platform\CMakeFiles\iceoryx_platform.dir\win\source\file.cpp.obj
[3.703s] [3/52] Building CXX object platform\CMakeFiles\iceoryx_platform.dir\win\source\getopt.cpp.obj
[4.484s] [4/52] Building CXX object platform\CMakeFiles\iceoryx_platform.dir\win\source\handle_translator.cpp.obj
[5.187s] [5/52] Building CXX object platform\CMakeFiles\iceoryx_platform.dir\win\source\ipc_handle_manager.cpp.obj
[5.906s] [6/52] Building CXX object platform\CMakeFiles\iceoryx_platform.dir\win\source\mman.cpp.obj
[6.516s] [7/52] Building CXX object platform\CMakeFiles\iceoryx_platform.dir\win\source\pthread.cpp.obj
[7.125s] [8/52] Building CXX object platform\CMakeFiles\iceoryx_platform.dir\win\source\semaphore.cpp.obj
[7.562s] [9/52] Building CXX object platform\CMakeFiles\iceoryx_platform.dir\win\source\signal.cpp.obj
[8.016s] [10/52] Building CXX object platform\CMakeFiles\iceoryx_platform.dir\win\source\socket.cpp.obj
[8.641s] [11/52] Building CXX object platform\CMakeFiles\iceoryx_platform.dir\win\source\time.cpp.obj
[9.266s] [12/52] Building CXX object platform\CMakeFiles\iceoryx_platform.dir\win\source\unique_system_id.cpp.obj
[9.891s] [13/52] Building CXX object platform\CMakeFiles\iceoryx_platform.dir\win\source\unistd.cpp.obj
[10.625s] [14/52] Building CXX object platform\CMakeFiles\iceoryx_platform.dir\win\source\win32_errorHandling.cpp.obj
[11.156s] [15/52] Building CXX object CMakeFiles\iceoryx_hoofs.dir\source\concurrent\active_object.cpp.obj
[11.641s] [16/52] Building CXX object CMakeFiles\iceoryx_hoofs.dir\source\concurrent\loffli.cpp.obj
[12.344s] [17/52] Building CXX object CMakeFiles\iceoryx_hoofs.dir\source\cxx\deadline_timer.cpp.obj
[12.812s] [18/52] Building CXX object CMakeFiles\iceoryx_hoofs.dir\source\cxx\filesystem.cpp.obj
[13.219s] [19/52] Building CXX object CMakeFiles\iceoryx_hoofs.dir\source\cxx\helplets.cpp.obj
[13.672s] [20/52] Building CXX object CMakeFiles\iceoryx_hoofs.dir\source\cxx\requires.cpp.obj
[14.094s] [21/52] Building CXX object CMakeFiles\iceoryx_hoofs.dir\source\cxx\generic_raii.cpp.obj
[14.359s] [22/52] Building CXX object CMakeFiles\iceoryx_hoofs.dir\source\cxx\unique_id.cpp.obj
[14.922s] [23/52] Building CXX object CMakeFiles\iceoryx_hoofs.dir\source\error_handling\error_handling.cpp.obj
[15.391s] [24/52] Building CXX object CMakeFiles\iceoryx_hoofs.dir\source\file_reader\file_reader.cpp.obj
[15.922s] [25/52] Building CXX object CMakeFiles\iceoryx_hoofs.dir\source\log\logcommon.cpp.obj
[16.422s] [26/52] Building CXX object CMakeFiles\iceoryx_hoofs.dir\source\log\logger.cpp.obj
[16.891s] [27/52] Building CXX object CMakeFiles\iceoryx_hoofs.dir\source\log\logging.cpp.obj
[17.406s] [28/52] Building CXX object CMakeFiles\iceoryx_hoofs.dir\source\log\logging_internal.cpp.obj
[17.906s] [29/52] Building CXX object CMakeFiles\iceoryx_hoofs.dir\source\log\logmanager.cpp.obj
[18.391s] [30/52] Building CXX object CMakeFiles\iceoryx_hoofs.dir\source\log\logstream.cpp.obj
[18.859s] [31/52] Building CXX object CMakeFiles\iceoryx_hoofs.dir\source\posix_wrapper\access_control.cpp.obj
[19.516s] [32/52] Building CXX object CMakeFiles\iceoryx_hoofs.dir\source\posix_wrapper\mutex.cpp.obj
[20.234s] [33/52] Building CXX object CMakeFiles\iceoryx_hoofs.dir\source\posix_wrapper\file_lock.cpp.obj
[20.937s] [34/52] Building CXX object CMakeFiles\iceoryx_hoofs.dir\source\posix_wrapper\semaphore.cpp.obj
[21.734s] [35/52] Building CXX object CMakeFiles\iceoryx_hoofs.dir\source\posix_wrapper\timer.cpp.obj
[22.516s] [36/52] Building CXX object CMakeFiles\iceoryx_hoofs.dir\source\posix_wrapper\shared_memory_object.cpp.obj
[22.937s] [37/52] Building CXX object CMakeFiles\iceoryx_hoofs.dir\source\posix_wrapper\signal_handler.cpp.obj
[23.672s] [38/52] Building CXX object CMakeFiles\iceoryx_hoofs.dir\source\posix_wrapper\signal_watcher.cpp.obj
[24.375s] [39/52] Building CXX object CMakeFiles\iceoryx_hoofs.dir\source\posix_wrapper\message_queue.cpp.obj
[25.156s] [40/52] Building CXX object CMakeFiles\iceoryx_hoofs.dir\source\posix_wrapper\named_pipe.cpp.obj
[25.937s] [41/52] Building CXX object CMakeFiles\iceoryx_hoofs.dir\source\posix_wrapper\unix_domain_socket.cpp.obj
[26.391s] [42/52] Building CXX object CMakeFiles\iceoryx_hoofs.dir\source\posix_wrapper\shared_memory_object\allocator.cpp.obj
[27.187s] [43/52] Building CXX object CMakeFiles\iceoryx_hoofs.dir\source\posix_wrapper\shared_memory_object\memory_map.cpp.obj
[27.953s] [44/52] Building CXX object CMakeFiles\iceoryx_hoofs.dir\source\posix_wrapper\shared_memory_object\shared_memory.cpp.obj
[28.797s] [45/52] Building CXX object CMakeFiles\iceoryx_hoofs.dir\source\posix_wrapper\system_configuration.cpp.obj
[29.781s] [46/52] Building CXX object CMakeFiles\iceoryx_hoofs.dir\source\posix_wrapper\posix_access_rights.cpp.obj
[30.641s] [47/52] Building CXX object CMakeFiles\iceoryx_hoofs.dir\source\posix_wrapper\thread.cpp.obj
[31.406s] [48/52] Building CXX object CMakeFiles\iceoryx_hoofs.dir\source\units\duration.cpp.obj
[31.875s] [49/52] Building CXX object CMakeFiles\iceoryx_hoofs.dir\source\relocatable_pointer\base_relative_pointer.cpp.obj
[32.281s] [50/52] Building CXX object CMakeFiles\iceoryx_hoofs.dir\source\relocatable_pointer\relative_pointer_data.cpp.obj
[32.359s] [51/52] Linking CXX static library platform\iceoryx_platform.lib
[32.437s] [52/52] Linking CXX static library iceoryx_hoofs.lib
[32.453s] Invoked command in 'D:\a\pixi_rosdistro\pixi_rosdistro\build\iceoryx_hoofs' returned '0': PIXI_PROMPT=(ros2_rolling) PROMPT=$P$G ROS_DOMAIN_ID=150 D:\a\pixi_rosdistro\pixi_rosdistro\.pixi\envs\default\Library\bin\cmake.EXE --build D:\a\pixi_rosdistro\pixi_rosdistro\build\iceoryx_hoofs -- -j4 -l4
[32.453s] Invoking command in 'D:\a\pixi_rosdistro\pixi_rosdistro\build\iceoryx_hoofs': PIXI_PROMPT=(ros2_rolling) PROMPT=$P$G ROS_DOMAIN_ID=150 D:\a\pixi_rosdistro\pixi_rosdistro\.pixi\envs\default\Library\bin\cmake.EXE --install D:\a\pixi_rosdistro\pixi_rosdistro\build\iceoryx_hoofs
[32.484s] -- Install configuration: "Release"
[32.484s] -- Installing: D:/a/pixi_rosdistro/pixi_rosdistro/install/include/iceoryx/v2.0.6
[32.484s] -- Installing: D:/a/pixi_rosdistro/pixi_rosdistro/install/include/iceoryx/v2.0.6/iceoryx_hoofs
[32.484s] -- Installing: D:/a/pixi_rosdistro/pixi_rosdistro/install/include/iceoryx/v2.0.6/iceoryx_hoofs/platform
[32.484s] -- Installing: D:/a/pixi_rosdistro/pixi_rosdistro/install/include/iceoryx/v2.0.6/iceoryx_hoofs/platform/acl.hpp
[32.500s] -- Installing: D:/a/pixi_rosdistro/pixi_rosdistro/install/include/iceoryx/v2.0.6/iceoryx_hoofs/platform/dlfcn.hpp
[32.500s] -- Installing: D:/a/pixi_rosdistro/pixi_rosdistro/install/include/iceoryx/v2.0.6/iceoryx_hoofs/platform/errno.hpp
[32.500s] -- Installing: D:/a/pixi_rosdistro/pixi_rosdistro/install/include/iceoryx/v2.0.6/iceoryx_hoofs/platform/fcntl.hpp
[32.500s] -- Installing: D:/a/pixi_rosdistro/pixi_rosdistro/install/include/iceoryx/v2.0.6/iceoryx_hoofs/platform/file.hpp
[32.500s] -- Installing: D:/a/pixi_rosdistro/pixi_rosdistro/install/include/iceoryx/v2.0.6/iceoryx_hoofs/platform/getopt.hpp
[32.500s] -- Installing: D:/a/pixi_rosdistro/pixi_rosdistro/install/include/iceoryx/v2.0.6/iceoryx_hoofs/platform/grp.hpp
[32.500s] -- Installing: D:/a/pixi_rosdistro/pixi_rosdistro/install/include/iceoryx/v2.0.6/iceoryx_hoofs/platform/handle_translator.hpp
[32.500s] -- Installing: D:/a/pixi_rosdistro/pixi_rosdistro/install/include/iceoryx/v2.0.6/iceoryx_hoofs/platform/inet.hpp
[32.500s] -- Installing: D:/a/pixi_rosdistro/pixi_rosdistro/install/include/iceoryx/v2.0.6/iceoryx_hoofs/platform/ipc_handle_manager.hpp
[32.500s] -- Installing: D:/a/pixi_rosdistro/pixi_rosdistro/install/include/iceoryx/v2.0.6/iceoryx_hoofs/platform/mman.hpp
[32.500s] -- Installing: D:/a/pixi_rosdistro/pixi_rosdistro/install/include/iceoryx/v2.0.6/iceoryx_hoofs/platform/mqueue.hpp
[32.500s] -- Installing: D:/a/pixi_rosdistro/pixi_rosdistro/install/include/iceoryx/v2.0.6/iceoryx_hoofs/platform/platform_correction.hpp
[32.500s] -- Installing: D:/a/pixi_rosdistro/pixi_rosdistro/install/include/iceoryx/v2.0.6/iceoryx_hoofs/platform/platform_settings.hpp
[32.500s] -- Installing: D:/a/pixi_rosdistro/pixi_rosdistro/install/include/iceoryx/v2.0.6/iceoryx_hoofs/platform/pthread.hpp
[32.500s] -- Installing: D:/a/pixi_rosdistro/pixi_rosdistro/install/include/iceoryx/v2.0.6/iceoryx_hoofs/platform/pwd.hpp
[32.516s] -- Installing: D:/a/pixi_rosdistro/pixi_rosdistro/install/include/iceoryx/v2.0.6/iceoryx_hoofs/platform/resource.hpp
[32.516s] -- Installing: D:/a/pixi_rosdistro/pixi_rosdistro/install/include/iceoryx/v2.0.6/iceoryx_hoofs/platform/semaphore.hpp
[32.516s] -- Installing: D:/a/pixi_rosdistro/pixi_rosdistro/install/include/iceoryx/v2.0.6/iceoryx_hoofs/platform/signal.hpp
[32.516s] -- Installing: D:/a/pixi_rosdistro/pixi_rosdistro/install/include/iceoryx/v2.0.6/iceoryx_hoofs/platform/socket.hpp
[32.516s] -- Installing: D:/a/pixi_rosdistro/pixi_rosdistro/install/include/iceoryx/v2.0.6/iceoryx_hoofs/platform/stat.hpp
[32.516s] -- Installing: D:/a/pixi_rosdistro/pixi_rosdistro/install/include/iceoryx/v2.0.6/iceoryx_hoofs/platform/time.hpp
[32.516s] -- Installing: D:/a/pixi_rosdistro/pixi_rosdistro/install/include/iceoryx/v2.0.6/iceoryx_hoofs/platform/types.hpp
[32.516s] -- Installing: D:/a/pixi_rosdistro/pixi_rosdistro/install/include/iceoryx/v2.0.6/iceoryx_hoofs/platform/un.hpp
[32.516s] -- Installing: D:/a/pixi_rosdistro/pixi_rosdistro/install/include/iceoryx/v2.0.6/iceoryx_hoofs/platform/unique_system_id.hpp
[32.516s] -- Installing: D:/a/pixi_rosdistro/pixi_rosdistro/install/include/iceoryx/v2.0.6/iceoryx_hoofs/platform/unistd.hpp
[32.516s] -- Installing: D:/a/pixi_rosdistro/pixi_rosdistro/install/include/iceoryx/v2.0.6/iceoryx_hoofs/platform/wait.hpp
[32.516s] -- Installing: D:/a/pixi_rosdistro/pixi_rosdistro/install/include/iceoryx/v2.0.6/iceoryx_hoofs/platform/win32_errorHandling.hpp
[32.516s] -- Installing: D:/a/pixi_rosdistro/pixi_rosdistro/install/include/iceoryx/v2.0.6/iceoryx_hoofs/platform/windows.hpp
[32.516s] -- Installing: D:/a/pixi_rosdistro/pixi_rosdistro/install/lib/iceoryx_hoofs.lib
[32.531s] -- Installing: D:/a/pixi_rosdistro/pixi_rosdistro/install/lib/iceoryx_platform.lib
[32.531s] -- Up-to-date: D:/a/pixi_rosdistro/pixi_rosdistro/install/include/iceoryx/v2.0.6
[32.531s] -- Up-to-date: D:/a/pixi_rosdistro/pixi_rosdistro/install/include/iceoryx/v2.0.6/iceoryx_hoofs
[32.531s] -- Installing: D:/a/pixi_rosdistro/pixi_rosdistro/install/include/iceoryx/v2.0.6/iceoryx_hoofs/concurrent
[32.531s] -- Installing: D:/a/pixi_rosdistro/pixi_rosdistro/install/include/iceoryx/v2.0.6/iceoryx_hoofs/concurrent/lockfree_queue.hpp
[32.531s] -- Installing: D:/a/pixi_rosdistro/pixi_rosdistro/install/include/iceoryx/v2.0.6/iceoryx_hoofs/concurrent/resizeable_lockfree_queue.hpp
[32.531s] -- Installing: D:/a/pixi_rosdistro/pixi_rosdistro/install/include/iceoryx/v2.0.6/iceoryx_hoofs/cxx
[32.531s] -- Installing: D:/a/pixi_rosdistro/pixi_rosdistro/install/include/iceoryx/v2.0.6/iceoryx_hoofs/cxx/.clang-tidy
[32.531s] -- Installing: D:/a/pixi_rosdistro/pixi_rosdistro/install/include/iceoryx/v2.0.6/iceoryx_hoofs/cxx/algorithm.hpp
[32.547s] -- Installing: D:/a/pixi_rosdistro/pixi_rosdistro/install/include/iceoryx/v2.0.6/iceoryx_hoofs/cxx/attributes.hpp
[32.547s] -- Installing: D:/a/pixi_rosdistro/pixi_rosdistro/install/include/iceoryx/v2.0.6/iceoryx_hoofs/cxx/convert.hpp
[32.547s] -- Installing: D:/a/pixi_rosdistro/pixi_rosdistro/install/include/iceoryx/v2.0.6/iceoryx_hoofs/cxx/deadline_timer.hpp
[32.547s] -- Installing: D:/a/pixi_rosdistro/pixi_rosdistro/install/include/iceoryx/v2.0.6/iceoryx_hoofs/cxx/expected.hpp
[32.547s] -- Installing: D:/a/pixi_rosdistro/pixi_rosdistro/install/include/iceoryx/v2.0.6/iceoryx_hoofs/cxx/filesystem.hpp
[32.547s] -- Installing: D:/a/pixi_rosdistro/pixi_rosdistro/install/include/iceoryx/v2.0.6/iceoryx_hoofs/cxx/forward_list.hpp
[32.547s] -- Installing: D:/a/pixi_rosdistro/pixi_rosdistro/install/include/iceoryx/v2.0.6/iceoryx_hoofs/cxx/function.hpp
[32.547s] -- Installing: D:/a/pixi_rosdistro/pixi_rosdistro/install/include/iceoryx/v2.0.6/iceoryx_hoofs/cxx/functional_interface.hpp
[32.547s] -- Installing: D:/a/pixi_rosdistro/pixi_rosdistro/install/include/iceoryx/v2.0.6/iceoryx_hoofs/cxx/function_ref.hpp
[32.547s] -- Installing: D:/a/pixi_rosdistro/pixi_rosdistro/install/include/iceoryx/v2.0.6/iceoryx_hoofs/cxx/generic_raii.hpp
[32.547s] -- Installing: D:/a/pixi_rosdistro/pixi_rosdistro/install/include/iceoryx/v2.0.6/iceoryx_hoofs/cxx/helplets.hpp
[32.547s] -- Installing: D:/a/pixi_rosdistro/pixi_rosdistro/install/include/iceoryx/v2.0.6/iceoryx_hoofs/cxx/list.hpp
[32.547s] -- Installing: D:/a/pixi_rosdistro/pixi_rosdistro/install/include/iceoryx/v2.0.6/iceoryx_hoofs/cxx/method_callback.hpp
[32.547s] -- Installing: D:/a/pixi_rosdistro/pixi_rosdistro/install/include/iceoryx/v2.0.6/iceoryx_hoofs/cxx/newtype.hpp
[32.562s] -- Installing: D:/a/pixi_rosdistro/pixi_rosdistro/install/include/iceoryx/v2.0.6/iceoryx_hoofs/cxx/optional.hpp
[32.562s] -- Installing: D:/a/pixi_rosdistro/pixi_rosdistro/install/include/iceoryx/v2.0.6/iceoryx_hoofs/cxx/poor_mans_heap.hpp
[32.562s] -- Installing: D:/a/pixi_rosdistro/pixi_rosdistro/install/include/iceoryx/v2.0.6/iceoryx_hoofs/cxx/requires.hpp
[32.562s] -- Installing: D:/a/pixi_rosdistro/pixi_rosdistro/install/include/iceoryx/v2.0.6/iceoryx_hoofs/cxx/scoped_static.hpp
[32.562s] -- Installing: D:/a/pixi_rosdistro/pixi_rosdistro/install/include/iceoryx/v2.0.6/iceoryx_hoofs/cxx/serialization.hpp
[32.562s] -- Installing: D:/a/pixi_rosdistro/pixi_rosdistro/install/include/iceoryx/v2.0.6/iceoryx_hoofs/cxx/stack.hpp
[32.562s] -- Installing: D:/a/pixi_rosdistro/pixi_rosdistro/install/include/iceoryx/v2.0.6/iceoryx_hoofs/cxx/string.hpp
[32.562s] -- Installing: D:/a/pixi_rosdistro/pixi_rosdistro/install/include/iceoryx/v2.0.6/iceoryx_hoofs/cxx/types.hpp
[32.562s] -- Installing: D:/a/pixi_rosdistro/pixi_rosdistro/install/include/iceoryx/v2.0.6/iceoryx_hoofs/cxx/type_traits.hpp
[32.578s] -- Installing: D:/a/pixi_rosdistro/pixi_rosdistro/install/include/iceoryx/v2.0.6/iceoryx_hoofs/cxx/unique_ptr.hpp
[32.578s] -- Installing: D:/a/pixi_rosdistro/pixi_rosdistro/install/include/iceoryx/v2.0.6/iceoryx_hoofs/cxx/variant.hpp
[32.578s] -- Installing: D:/a/pixi_rosdistro/pixi_rosdistro/install/include/iceoryx/v2.0.6/iceoryx_hoofs/cxx/variant_queue.hpp
[32.578s] -- Installing: D:/a/pixi_rosdistro/pixi_rosdistro/install/include/iceoryx/v2.0.6/iceoryx_hoofs/cxx/vector.hpp
[32.578s] -- Installing: D:/a/pixi_rosdistro/pixi_rosdistro/install/include/iceoryx/v2.0.6/iceoryx_hoofs/design_pattern
[32.578s] -- Installing: D:/a/pixi_rosdistro/pixi_rosdistro/install/include/iceoryx/v2.0.6/iceoryx_hoofs/design_pattern/creation.hpp
[32.578s] -- Installing: D:/a/pixi_rosdistro/pixi_rosdistro/install/include/iceoryx/v2.0.6/iceoryx_hoofs/error_handling
[32.578s] -- Installing: D:/a/pixi_rosdistro/pixi_rosdistro/install/include/iceoryx/v2.0.6/iceoryx_hoofs/error_handling/error_handling.hpp
[32.578s] -- Installing: D:/a/pixi_rosdistro/pixi_rosdistro/install/include/iceoryx/v2.0.6/iceoryx_hoofs/internal
[32.578s] -- Installing: D:/a/pixi_rosdistro/pixi_rosdistro/install/include/iceoryx/v2.0.6/iceoryx_hoofs/internal/concurrent
[32.578s] -- Installing: D:/a/pixi_rosdistro/pixi_rosdistro/install/include/iceoryx/v2.0.6/iceoryx_hoofs/internal/concurrent/active_object.hpp
[32.594s] -- Installing: D:/a/pixi_rosdistro/pixi_rosdistro/install/include/iceoryx/v2.0.6/iceoryx_hoofs/internal/concurrent/fifo.hpp
[32.594s] -- Installing: D:/a/pixi_rosdistro/pixi_rosdistro/install/include/iceoryx/v2.0.6/iceoryx_hoofs/internal/concurrent/fifo.inl
[32.594s] -- Installing: D:/a/pixi_rosdistro/pixi_rosdistro/install/include/iceoryx/v2.0.6/iceoryx_hoofs/internal/concurrent/lockfree_queue
[32.594s] -- Installing: D:/a/pixi_rosdistro/pixi_rosdistro/install/include/iceoryx/v2.0.6/iceoryx_hoofs/internal/concurrent/lockfree_queue/buffer.hpp
[32.594s] -- Installing: D:/a/pixi_rosdistro/pixi_rosdistro/install/include/iceoryx/v2.0.6/iceoryx_hoofs/internal/concurrent/lockfree_queue/buffer.inl
[32.594s] -- Installing: D:/a/pixi_rosdistro/pixi_rosdistro/install/include/iceoryx/v2.0.6/iceoryx_hoofs/internal/concurrent/lockfree_queue/cyclic_index.hpp
[32.594s] -- Installing: D:/a/pixi_rosdistro/pixi_rosdistro/install/include/iceoryx/v2.0.6/iceoryx_hoofs/internal/concurrent/lockfree_queue/cyclic_index.inl
[32.594s] -- Installing: D:/a/pixi_rosdistro/pixi_rosdistro/install/include/iceoryx/v2.0.6/iceoryx_hoofs/internal/concurrent/lockfree_queue/index_queue.hpp
[32.594s] -- Installing: D:/a/pixi_rosdistro/pixi_rosdistro/install/include/iceoryx/v2.0.6/iceoryx_hoofs/internal/concurrent/lockfree_queue/index_queue.inl
[32.594s] -- Installing: D:/a/pixi_rosdistro/pixi_rosdistro/install/include/iceoryx/v2.0.6/iceoryx_hoofs/internal/concurrent/lockfree_queue/lockfree_queue.inl
[32.594s] -- Installing: D:/a/pixi_rosdistro/pixi_rosdistro/install/include/iceoryx/v2.0.6/iceoryx_hoofs/internal/concurrent/lockfree_queue/resizeable_lockfree_queue.inl
[32.594s] -- Installing: D:/a/pixi_rosdistro/pixi_rosdistro/install/include/iceoryx/v2.0.6/iceoryx_hoofs/internal/concurrent/loffli.hpp
[32.594s] -- Installing: D:/a/pixi_rosdistro/pixi_rosdistro/install/include/iceoryx/v2.0.6/iceoryx_hoofs/internal/concurrent/loffli.inl
[32.609s] -- Installing: D:/a/pixi_rosdistro/pixi_rosdistro/install/include/iceoryx/v2.0.6/iceoryx_hoofs/internal/concurrent/periodic_task.hpp
[32.609s] -- Installing: D:/a/pixi_rosdistro/pixi_rosdistro/install/include/iceoryx/v2.0.6/iceoryx_hoofs/internal/concurrent/periodic_task.inl
[32.609s] -- Installing: D:/a/pixi_rosdistro/pixi_rosdistro/install/include/iceoryx/v2.0.6/iceoryx_hoofs/internal/concurrent/smart_lock.hpp
[32.625s] -- Installing: D:/a/pixi_rosdistro/pixi_rosdistro/install/include/iceoryx/v2.0.6/iceoryx_hoofs/internal/concurrent/smart_lock.inl
[32.625s] -- Installing: D:/a/pixi_rosdistro/pixi_rosdistro/install/include/iceoryx/v2.0.6/iceoryx_hoofs/internal/concurrent/sofi.hpp
[32.625s] -- Installing: D:/a/pixi_rosdistro/pixi_rosdistro/install/include/iceoryx/v2.0.6/iceoryx_hoofs/internal/concurrent/sofi.inl
[32.625s] -- Installing: D:/a/pixi_rosdistro/pixi_rosdistro/install/include/iceoryx/v2.0.6/iceoryx_hoofs/internal/concurrent/taco.hpp
[32.625s] -- Installing: D:/a/pixi_rosdistro/pixi_rosdistro/install/include/iceoryx/v2.0.6/iceoryx_hoofs/internal/concurrent/trigger_queue.hpp
[32.625s] -- Installing: D:/a/pixi_rosdistro/pixi_rosdistro/install/include/iceoryx/v2.0.6/iceoryx_hoofs/internal/concurrent/trigger_queue.inl
[32.625s] -- Installing: D:/a/pixi_rosdistro/pixi_rosdistro/install/include/iceoryx/v2.0.6/iceoryx_hoofs/internal/cxx
[32.625s] -- Installing: D:/a/pixi_rosdistro/pixi_rosdistro/install/include/iceoryx/v2.0.6/iceoryx_hoofs/internal/cxx/.clang-tidy
[32.625s] -- Installing: D:/a/pixi_rosdistro/pixi_rosdistro/install/include/iceoryx/v2.0.6/iceoryx_hoofs/internal/cxx/algorithm.inl
[32.625s] -- Installing: D:/a/pixi_rosdistro/pixi_rosdistro/install/include/iceoryx/v2.0.6/iceoryx_hoofs/internal/cxx/convert.inl
[32.625s] -- Installing: D:/a/pixi_rosdistro/pixi_rosdistro/install/include/iceoryx/v2.0.6/iceoryx_hoofs/internal/cxx/expected.inl
[32.625s] -- Installing: D:/a/pixi_rosdistro/pixi_rosdistro/install/include/iceoryx/v2.0.6/iceoryx_hoofs/internal/cxx/forward_list.inl
[32.625s] -- Installing: D:/a/pixi_rosdistro/pixi_rosdistro/install/include/iceoryx/v2.0.6/iceoryx_hoofs/internal/cxx/functional_interface.inl
[32.625s] -- Installing: D:/a/pixi_rosdistro/pixi_rosdistro/install/include/iceoryx/v2.0.6/iceoryx_hoofs/internal/cxx/function_ref.inl
[32.625s] -- Installing: D:/a/pixi_rosdistro/pixi_rosdistro/install/include/iceoryx/v2.0.6/iceoryx_hoofs/internal/cxx/helplets.inl
[32.625s] -- Installing: D:/a/pixi_rosdistro/pixi_rosdistro/install/include/iceoryx/v2.0.6/iceoryx_hoofs/internal/cxx/list.inl
[32.625s] -- Installing: D:/a/pixi_rosdistro/pixi_rosdistro/install/include/iceoryx/v2.0.6/iceoryx_hoofs/internal/cxx/method_callback.inl
[32.625s] -- Installing: D:/a/pixi_rosdistro/pixi_rosdistro/install/include/iceoryx/v2.0.6/iceoryx_hoofs/internal/cxx/newtype
[32.625s] -- Installing: D:/a/pixi_rosdistro/pixi_rosdistro/install/include/iceoryx/v2.0.6/iceoryx_hoofs/internal/cxx/newtype/assignment.hpp
[32.625s] -- Installing: D:/a/pixi_rosdistro/pixi_rosdistro/install/include/iceoryx/v2.0.6/iceoryx_hoofs/internal/cxx/newtype/comparable.hpp
[32.625s] -- Installing: D:/a/pixi_rosdistro/pixi_rosdistro/install/include/iceoryx/v2.0.6/iceoryx_hoofs/internal/cxx/newtype/constructor.hpp
[32.625s] -- Installing: D:/a/pixi_rosdistro/pixi_rosdistro/install/include/iceoryx/v2.0.6/iceoryx_hoofs/internal/cxx/newtype/convertable.hpp
[32.625s] -- Installing: D:/a/pixi_rosdistro/pixi_rosdistro/install/include/iceoryx/v2.0.6/iceoryx_hoofs/internal/cxx/newtype/internal.hpp
[32.625s] -- Installing: D:/a/pixi_rosdistro/pixi_rosdistro/install/include/iceoryx/v2.0.6/iceoryx_hoofs/internal/cxx/newtype/protected_constructor.hpp
[32.625s] -- Installing: D:/a/pixi_rosdistro/pixi_rosdistro/install/include/iceoryx/v2.0.6/iceoryx_hoofs/internal/cxx/newtype/sortable.hpp
[32.625s] -- Installing: D:/a/pixi_rosdistro/pixi_rosdistro/install/include/iceoryx/v2.0.6/iceoryx_hoofs/internal/cxx/newtype.inl
[32.625s] -- Installing: D:/a/pixi_rosdistro/pixi_rosdistro/install/include/iceoryx/v2.0.6/iceoryx_hoofs/internal/cxx/optional.inl
[32.625s] -- Installing: D:/a/pixi_rosdistro/pixi_rosdistro/install/include/iceoryx/v2.0.6/iceoryx_hoofs/internal/cxx/pair.hpp
[32.625s] -- Installing: D:/a/pixi_rosdistro/pixi_rosdistro/install/include/iceoryx/v2.0.6/iceoryx_hoofs/internal/cxx/poor_mans_heap.inl
[32.641s] -- Installing: D:/a/pixi_rosdistro/pixi_rosdistro/install/include/iceoryx/v2.0.6/iceoryx_hoofs/internal/cxx/reference_counter.hpp
[32.641s] -- Installing: D:/a/pixi_rosdistro/pixi_rosdistro/install/include/iceoryx/v2.0.6/iceoryx_hoofs/internal/cxx/reference_counter.inl
[32.641s] -- Installing: D:/a/pixi_rosdistro/pixi_rosdistro/install/include/iceoryx/v2.0.6/iceoryx_hoofs/internal/cxx/scoped_static.inl
[32.641s] -- Installing: D:/a/pixi_rosdistro/pixi_rosdistro/install/include/iceoryx/v2.0.6/iceoryx_hoofs/internal/cxx/serialization.inl
[32.641s] -- Installing: D:/a/pixi_rosdistro/pixi_rosdistro/install/include/iceoryx/v2.0.6/iceoryx_hoofs/internal/cxx/set.hpp
[32.641s] -- Installing: D:/a/pixi_rosdistro/pixi_rosdistro/install/include/iceoryx/v2.0.6/iceoryx_hoofs/internal/cxx/stack.inl
[32.641s] -- Installing: D:/a/pixi_rosdistro/pixi_rosdistro/install/include/iceoryx/v2.0.6/iceoryx_hoofs/internal/cxx/static_storage.hpp
[32.641s] -- Installing: D:/a/pixi_rosdistro/pixi_rosdistro/install/include/iceoryx/v2.0.6/iceoryx_hoofs/internal/cxx/static_storage.inl
[32.641s] -- Installing: D:/a/pixi_rosdistro/pixi_rosdistro/install/include/iceoryx/v2.0.6/iceoryx_hoofs/internal/cxx/storable_function.hpp
[32.641s] -- Installing: D:/a/pixi_rosdistro/pixi_rosdistro/install/include/iceoryx/v2.0.6/iceoryx_hoofs/internal/cxx/storable_function.inl
[32.641s] -- Installing: D:/a/pixi_rosdistro/pixi_rosdistro/install/include/iceoryx/v2.0.6/iceoryx_hoofs/internal/cxx/string.inl
[32.641s] -- Installing: D:/a/pixi_rosdistro/pixi_rosdistro/install/include/iceoryx/v2.0.6/iceoryx_hoofs/internal/cxx/string_internal.hpp
[32.656s] -- Installing: D:/a/pixi_rosdistro/pixi_rosdistro/install/include/iceoryx/v2.0.6/iceoryx_hoofs/internal/cxx/unique_id.hpp
[32.656s] -- Installing: D:/a/pixi_rosdistro/pixi_rosdistro/install/include/iceoryx/v2.0.6/iceoryx_hoofs/internal/cxx/unique_ptr.inl
[32.656s] -- Installing: D:/a/pixi_rosdistro/pixi_rosdistro/install/include/iceoryx/v2.0.6/iceoryx_hoofs/internal/cxx/variant.inl
[32.656s] -- Installing: D:/a/pixi_rosdistro/pixi_rosdistro/install/include/iceoryx/v2.0.6/iceoryx_hoofs/internal/cxx/variant_internal.hpp
[32.656s] -- Installing: D:/a/pixi_rosdistro/pixi_rosdistro/install/include/iceoryx/v2.0.6/iceoryx_hoofs/internal/cxx/variant_queue.inl
[32.656s] -- Installing: D:/a/pixi_rosdistro/pixi_rosdistro/install/include/iceoryx/v2.0.6/iceoryx_hoofs/internal/cxx/vector.inl
[32.656s] -- Installing: D:/a/pixi_rosdistro/pixi_rosdistro/install/include/iceoryx/v2.0.6/iceoryx_hoofs/internal/design_pattern
[32.656s] -- Installing: D:/a/pixi_rosdistro/pixi_rosdistro/install/include/iceoryx/v2.0.6/iceoryx_hoofs/internal/design_pattern/creation.inl
[32.656s] -- Installing: D:/a/pixi_rosdistro/pixi_rosdistro/install/include/iceoryx/v2.0.6/iceoryx_hoofs/internal/file_reader
[32.656s] -- Installing: D:/a/pixi_rosdistro/pixi_rosdistro/install/include/iceoryx/v2.0.6/iceoryx_hoofs/internal/file_reader/file_reader.hpp
[32.672s] -- Installing: D:/a/pixi_rosdistro/pixi_rosdistro/install/include/iceoryx/v2.0.6/iceoryx_hoofs/internal/graphs
[32.672s] -- Installing: D:/a/pixi_rosdistro/pixi_rosdistro/install/include/iceoryx/v2.0.6/iceoryx_hoofs/internal/graphs/directed_acyclic_graph.hpp
[32.672s] -- Installing: D:/a/pixi_rosdistro/pixi_rosdistro/install/include/iceoryx/v2.0.6/iceoryx_hoofs/internal/graphs/directed_graph.hpp
[32.672s] -- Installing: D:/a/pixi_rosdistro/pixi_rosdistro/install/include/iceoryx/v2.0.6/iceoryx_hoofs/internal/objectpool
[32.672s] -- Installing: D:/a/pixi_rosdistro/pixi_rosdistro/install/include/iceoryx/v2.0.6/iceoryx_hoofs/internal/objectpool/objectpool.hpp
[32.672s] -- Installing: D:/a/pixi_rosdistro/pixi_rosdistro/install/include/iceoryx/v2.0.6/iceoryx_hoofs/internal/posix_wrapper
[32.672s] -- Installing: D:/a/pixi_rosdistro/pixi_rosdistro/install/include/iceoryx/v2.0.6/iceoryx_hoofs/internal/posix_wrapper/access_control.hpp
[32.672s] -- Installing: D:/a/pixi_rosdistro/pixi_rosdistro/install/include/iceoryx/v2.0.6/iceoryx_hoofs/internal/posix_wrapper/ipc_channel.hpp
[32.672s] -- Installing: D:/a/pixi_rosdistro/pixi_rosdistro/install/include/iceoryx/v2.0.6/iceoryx_hoofs/internal/posix_wrapper/message_queue.hpp
[32.672s] -- Installing: D:/a/pixi_rosdistro/pixi_rosdistro/install/include/iceoryx/v2.0.6/iceoryx_hoofs/internal/posix_wrapper/mutex.hpp
[32.672s] -- Installing: D:/a/pixi_rosdistro/pixi_rosdistro/install/include/iceoryx/v2.0.6/iceoryx_hoofs/internal/posix_wrapper/posix_call.inl
[32.687s] -- Installing: D:/a/pixi_rosdistro/pixi_rosdistro/install/include/iceoryx/v2.0.6/iceoryx_hoofs/internal/posix_wrapper/shared_memory_object
[32.687s] -- Installing: D:/a/pixi_rosdistro/pixi_rosdistro/install/include/iceoryx/v2.0.6/iceoryx_hoofs/internal/posix_wrapper/shared_memory_object/allocator.hpp
[32.687s] -- Installing: D:/a/pixi_rosdistro/pixi_rosdistro/install/include/iceoryx/v2.0.6/iceoryx_hoofs/internal/posix_wrapper/shared_memory_object/memory_map.hpp
[32.687s] -- Installing: D:/a/pixi_rosdistro/pixi_rosdistro/install/include/iceoryx/v2.0.6/iceoryx_hoofs/internal/posix_wrapper/shared_memory_object/shared_memory.hpp
[32.687s] -- Installing: D:/a/pixi_rosdistro/pixi_rosdistro/install/include/iceoryx/v2.0.6/iceoryx_hoofs/internal/posix_wrapper/shared_memory_object.hpp
[32.687s] -- Installing: D:/a/pixi_rosdistro/pixi_rosdistro/install/include/iceoryx/v2.0.6/iceoryx_hoofs/internal/posix_wrapper/system_configuration.hpp
[32.687s] -- Installing: D:/a/pixi_rosdistro/pixi_rosdistro/install/include/iceoryx/v2.0.6/iceoryx_hoofs/internal/posix_wrapper/unix_domain_socket.hpp
[32.687s] -- Installing: D:/a/pixi_rosdistro/pixi_rosdistro/install/include/iceoryx/v2.0.6/iceoryx_hoofs/internal/relocatable_pointer
[32.687s] -- Installing: D:/a/pixi_rosdistro/pixi_rosdistro/install/include/iceoryx/v2.0.6/iceoryx_hoofs/internal/relocatable_pointer/atomic_relocatable_pointer.hpp
[32.687s] -- Installing: D:/a/pixi_rosdistro/pixi_rosdistro/install/include/iceoryx/v2.0.6/iceoryx_hoofs/internal/relocatable_pointer/atomic_relocatable_pointer.inl
[32.687s] -- Installing: D:/a/pixi_rosdistro/pixi_rosdistro/install/include/iceoryx/v2.0.6/iceoryx_hoofs/internal/relocatable_pointer/base_relative_pointer.hpp
[32.687s] -- Installing: D:/a/pixi_rosdistro/pixi_rosdistro/install/include/iceoryx/v2.0.6/iceoryx_hoofs/internal/relocatable_pointer/pointer_repository.hpp
[32.687s] -- Installing: D:/a/pixi_rosdistro/pixi_rosdistro/install/include/iceoryx/v2.0.6/iceoryx_hoofs/internal/relocatable_pointer/pointer_repository.inl
[32.687s] -- Installing: D:/a/pixi_rosdistro/pixi_rosdistro/install/include/iceoryx/v2.0.6/iceoryx_hoofs/internal/relocatable_pointer/relative_pointer.hpp
[32.703s] -- Installing: D:/a/pixi_rosdistro/pixi_rosdistro/install/include/iceoryx/v2.0.6/iceoryx_hoofs/internal/relocatable_pointer/relative_pointer.inl
[32.703s] -- Installing: D:/a/pixi_rosdistro/pixi_rosdistro/install/include/iceoryx/v2.0.6/iceoryx_hoofs/internal/relocatable_pointer/relative_pointer_data.hpp
[32.703s] -- Installing: D:/a/pixi_rosdistro/pixi_rosdistro/install/include/iceoryx/v2.0.6/iceoryx_hoofs/internal/relocatable_pointer/relative_pointer_data.inl
[32.703s] -- Installing: D:/a/pixi_rosdistro/pixi_rosdistro/install/include/iceoryx/v2.0.6/iceoryx_hoofs/internal/relocatable_pointer/relocatable_ptr.hpp
[32.703s] -- Installing: D:/a/pixi_rosdistro/pixi_rosdistro/install/include/iceoryx/v2.0.6/iceoryx_hoofs/internal/relocatable_pointer/relocatable_ptr.inl
[32.703s] -- Installing: D:/a/pixi_rosdistro/pixi_rosdistro/install/include/iceoryx/v2.0.6/iceoryx_hoofs/internal/units
[32.719s] -- Installing: D:/a/pixi_rosdistro/pixi_rosdistro/install/include/iceoryx/v2.0.6/iceoryx_hoofs/internal/units/duration.hpp
[32.719s] -- Installing: D:/a/pixi_rosdistro/pixi_rosdistro/install/include/iceoryx/v2.0.6/iceoryx_hoofs/internal/units/duration.inl
[32.719s] -- Installing: D:/a/pixi_rosdistro/pixi_rosdistro/install/include/iceoryx/v2.0.6/iceoryx_hoofs/log
[32.719s] -- Installing: D:/a/pixi_rosdistro/pixi_rosdistro/install/include/iceoryx/v2.0.6/iceoryx_hoofs/log/logcommon.hpp
[32.719s] -- Installing: D:/a/pixi_rosdistro/pixi_rosdistro/install/include/iceoryx/v2.0.6/iceoryx_hoofs/log/logger.hpp
[32.719s] -- Installing: D:/a/pixi_rosdistro/pixi_rosdistro/install/include/iceoryx/v2.0.6/iceoryx_hoofs/log/logging.hpp
[32.719s] -- Installing: D:/a/pixi_rosdistro/pixi_rosdistro/install/include/iceoryx/v2.0.6/iceoryx_hoofs/log/logging_free_function_building_block.hpp
[32.719s] -- Installing: D:/a/pixi_rosdistro/pixi_rosdistro/install/include/iceoryx/v2.0.6/iceoryx_hoofs/log/logmanager.hpp
[32.719s] -- Installing: D:/a/pixi_rosdistro/pixi_rosdistro/install/include/iceoryx/v2.0.6/iceoryx_hoofs/log/logstream.hpp
[32.719s] -- Installing: D:/a/pixi_rosdistro/pixi_rosdistro/install/include/iceoryx/v2.0.6/iceoryx_hoofs/posix_wrapper
[32.719s] -- Installing: D:/a/pixi_rosdistro/pixi_rosdistro/install/include/iceoryx/v2.0.6/iceoryx_hoofs/posix_wrapper/file_lock.hpp
[32.734s] -- Installing: D:/a/pixi_rosdistro/pixi_rosdistro/install/include/iceoryx/v2.0.6/iceoryx_hoofs/posix_wrapper/named_pipe.hpp
[32.734s] -- Installing: D:/a/pixi_rosdistro/pixi_rosdistro/install/include/iceoryx/v2.0.6/iceoryx_hoofs/posix_wrapper/posix_access_rights.hpp
[32.734s] -- Installing: D:/a/pixi_rosdistro/pixi_rosdistro/install/include/iceoryx/v2.0.6/iceoryx_hoofs/posix_wrapper/posix_call.hpp
[32.734s] -- Installing: D:/a/pixi_rosdistro/pixi_rosdistro/install/include/iceoryx/v2.0.6/iceoryx_hoofs/posix_wrapper/semaphore.hpp
[32.734s] -- Installing: D:/a/pixi_rosdistro/pixi_rosdistro/install/include/iceoryx/v2.0.6/iceoryx_hoofs/posix_wrapper/signal_handler.hpp
[32.734s] -- Installing: D:/a/pixi_rosdistro/pixi_rosdistro/install/include/iceoryx/v2.0.6/iceoryx_hoofs/posix_wrapper/signal_watcher.hpp
[32.734s] -- Installing: D:/a/pixi_rosdistro/pixi_rosdistro/install/include/iceoryx/v2.0.6/iceoryx_hoofs/posix_wrapper/thread.hpp
[32.734s] -- Installing: D:/a/pixi_rosdistro/pixi_rosdistro/install/include/iceoryx/v2.0.6/iceoryx_hoofs/posix_wrapper/timer.hpp
[32.734s] -- Installing: D:/a/pixi_rosdistro/pixi_rosdistro/install/lib/cmake/iceoryx_hoofs/iceoryx_hoofsConfigVersion.cmake
[32.750s] -- Installing: D:/a/pixi_rosdistro/pixi_rosdistro/install/lib/cmake/iceoryx_hoofs/iceoryx_hoofsConfig.cmake
[32.750s] -- Installing: D:/a/pixi_rosdistro/pixi_rosdistro/install/lib/cmake/iceoryx_hoofs/iceoryx_hoofsTargets.cmake
[32.750s] -- Installing: D:/a/pixi_rosdistro/pixi_rosdistro/install/lib/cmake/iceoryx_hoofs/iceoryx_hoofsTargets-release.cmake
[32.750s] -- Installing: D:/a/pixi_rosdistro/pixi_rosdistro/install/lib/cmake/iceoryx_hoofs/IceoryxPackageHelper.cmake
[32.750s] -- Installing: D:/a/pixi_rosdistro/pixi_rosdistro/install/lib/cmake/iceoryx_hoofs/IceoryxPlatform.cmake
[32.750s] -- Installing: D:/a/pixi_rosdistro/pixi_rosdistro/install/lib/cmake/iceoryx_hoofs/IceoryxVersion.cmake
[32.750s] -- Installing: D:/a/pixi_rosdistro/pixi_rosdistro/install/share/doc/iceoryx_hoofs/LICENSE
[32.750s] Invoked command in 'D:\a\pixi_rosdistro\pixi_rosdistro\build\iceoryx_hoofs' returned '0': PIXI_PROMPT=(ros2_rolling) PROMPT=$P$G ROS_DOMAIN_ID=150 D:\a\pixi_rosdistro\pixi_rosdistro\.pixi\envs\default\Library\bin\cmake.EXE --install D:\a\pixi_rosdistro\pixi_rosdistro\build\iceoryx_hoofs
