Not searching for unused variables given on the command line.
-- The C compiler identification is MSVC 19.44.35225.0
-- The CXX compiler identification is MSVC 19.44.35225.0
-- Detecting C compiler ABI info
-- Detecting C compiler ABI info - done
-- Check for working C compiler: C:/Program Files/Microsoft Visual Studio/2022/Enterprise/VC/Tools/MSVC/14.44.35207/bin/Hostx64/x64/cl.exe - skipped
-- Detecting C compile features
-- Detecting C compile features - done
-- Detecting CXX compiler ABI info
-- Detecting CXX compiler ABI info - done
-- Check for working CXX compiler: C:/Program Files/Microsoft Visual Studio/2022/Enterprise/VC/Tools/MSVC/14.44.35207/bin/Hostx64/x64/cl.exe - skipped
-- Detecting CXX compile features
-- Detecting CXX compile features - done
-- Found ament_cmake: 2.8.6 (D:/a/pixi_rosdistro/pixi_rosdistro/install/share/ament_cmake/cmake)
-- Found rcpputils: 2.14.3 (D:/a/pixi_rosdistro/pixi_rosdistro/install/share/rcpputils/cmake)
-- Found rmw: 7.9.1 (D:/a/pixi_rosdistro/pixi_rosdistro/install/share/rmw/cmake)
-- Found rmw_security_common: 7.9.1 (D:/a/pixi_rosdistro/pixi_rosdistro/install/share/rmw_security_common/cmake)
-- Found rosidl_default_generators: 1.8.1 (D:/a/pixi_rosdistro/pixi_rosdistro/install/share/rosidl_default_generators/cmake)
-- Using all available rosidl_typesupport_c: rosidl_typesupport_fastrtps_c;rosidl_typesupport_introspection_c
-- Using all available rosidl_typesupport_cpp: rosidl_typesupport_fastrtps_cpp;rosidl_typesupport_introspection_cpp
-- Found rosidl_adapter: 5.1.3 (D:/a/pixi_rosdistro/pixi_rosdistro/install/share/rosidl_adapter/cmake)
-- Found Python3: D:/a/pixi_rosdistro/pixi_rosdistro/.pixi/envs/default/python.exe (found version "3.12.13") found components: Interpreter
-- Found ament_cmake_ros_core: 0.15.6 (D:/a/pixi_rosdistro/pixi_rosdistro/install/share/ament_cmake_ros_core/cmake)
-- Using all available rosidl_typesupport_c: rosidl_typesupport_fastrtps_c;rosidl_typesupport_introspection_c
-- Using all available rosidl_typesupport_cpp: rosidl_typesupport_fastrtps_cpp;rosidl_typesupport_introspection_cpp
-- Found Python3: D:/a/pixi_rosdistro/pixi_rosdistro/.pixi/envs/default/python.exe (found version "3.12.13") found components: Interpreter Development NumPy Development.Module Development.Embed
-- Found Python3: D:/a/pixi_rosdistro/pixi_rosdistro/.pixi/envs/default/python.exe (found version "3.12.13") found components: Interpreter
-- Found ament_lint_auto: 0.20.3 (D:/a/pixi_rosdistro/pixi_rosdistro/install/share/ament_lint_auto/cmake)
-- Found ament_cmake_gmock: 2.8.6 (D:/a/pixi_rosdistro/pixi_rosdistro/install/share/ament_cmake_gmock/cmake)
-- Found gmock sources under 'D:/a/pixi_rosdistro/pixi_rosdistro/install/src/gmock_vendor': C++ tests using 'Google Mock' will be built
-- Found ament_cmake_gtest: 2.8.6 (D:/a/pixi_rosdistro/pixi_rosdistro/install/share/ament_cmake_gtest/cmake)
-- Found gtest sources under 'D:/a/pixi_rosdistro/pixi_rosdistro/install/src/gtest_vendor': C++ tests using 'Google Test' will be built
-- Performance tests are disabled by default, so Google Benchmark tests will be skipped. To enable these tests, set the CMake variable 'AMENT_RUN_PERFORMANCE_TESTS'.
-- Added test 'copyright' to check source files copyright and LICENSE
-- Added test 'cppcheck' to perform static code analysis on C / C++ code
-- Configured cppcheck include dirs: D:/a/pixi_rosdistro/pixi_rosdistro/install/include;$<BUILD_INTERFACE:D:/a/pixi_rosdistro/pixi_rosdistro/src/ros2/rmw_dds_common/rmw_dds_common/include>
-- Configured cppcheck exclude dirs and/or files: 
-- Added test 'cpplint' to check C / C++ code against the Google style
-- Configured cpplint exclude dirs and/or files: 
-- Added test 'lint_cmake' to check CMake code style
-- Added test 'uncrustify' to check C / C++ code style
-- Configured uncrustify additional arguments: 
-- Added test 'xmllint' to check XML markup files
-- Configuring done (10.2s)
-- Generating done (0.2s)
-- Build files have been written to: D:/a/pixi_rosdistro/pixi_rosdistro/build/rmw_dds_common
[1/78] Generating type hashes for ROS interfaces
[2/78] Generating C code for ROS interfaces
[3/78] Building C object CMakeFiles\rmw_dds_common__rosidl_generator_c.dir\rosidl_generator_c\rmw_dds_common\msg\detail\gid__description.c.obj
[4/78] Building C object CMakeFiles\rmw_dds_common__rosidl_generator_c.dir\rosidl_generator_c\rmw_dds_common\msg\detail\gid__functions.c.obj
[5/78] Building C object CMakeFiles\rmw_dds_common__rosidl_generator_c.dir\rosidl_generator_c\rmw_dds_common\msg\detail\gid__type_support.c.obj
[6/78] Building C object CMakeFiles\rmw_dds_common__rosidl_generator_c.dir\rosidl_generator_c\rmw_dds_common\msg\detail\node_entities_info__description.c.obj
[7/78] Building C object CMakeFiles\rmw_dds_common__rosidl_generator_c.dir\rosidl_generator_c\rmw_dds_common\msg\detail\node_entities_info__functions.c.obj
[8/78] Building C object CMakeFiles\rmw_dds_common__rosidl_generator_c.dir\rosidl_generator_c\rmw_dds_common\msg\detail\node_entities_info__type_support.c.obj
[9/78] Building C object CMakeFiles\rmw_dds_common__rosidl_generator_c.dir\rosidl_generator_c\rmw_dds_common\msg\detail\participant_entities_info__description.c.obj
[10/78] Building C object CMakeFiles\rmw_dds_common__rosidl_generator_c.dir\rosidl_generator_c\rmw_dds_common\msg\detail\participant_entities_info__functions.c.obj
[11/78] Building C object CMakeFiles\rmw_dds_common__rosidl_generator_c.dir\rosidl_generator_c\rmw_dds_common\msg\detail\participant_entities_info__type_support.c.obj
[12/78] Generating C type support for eProsima Fast-RTPS
[13/78] Generating C introspection for ROS interfaces
[14/78] Generating C type support dispatch for ROS interfaces
[15/78] Generating C++ code for ROS interfaces
[16/78] Generating C++ type support for eProsima Fast-RTPS
[17/78] Generating C++ introspection for ROS interfaces
[18/78] Generating C++ type support dispatch for ROS interfaces
[19/78] Linking C shared library rmw_dds_common__rosidl_generator_c.dll
[20/78] Building CXX object CMakeFiles\rmw_dds_common__rosidl_typesupport_fastrtps_c.dir\rosidl_typesupport_fastrtps_c\rmw_dds_common\msg\detail\gid__type_support_c.cpp.obj
[21/78] Building CXX object CMakeFiles\rmw_dds_common__rosidl_typesupport_fastrtps_c.dir\rosidl_typesupport_fastrtps_c\rmw_dds_common\msg\detail\node_entities_info__type_support_c.cpp.obj
[22/78] Building CXX object CMakeFiles\rmw_dds_common__rosidl_typesupport_fastrtps_c.dir\rosidl_typesupport_fastrtps_c\rmw_dds_common\msg\detail\participant_entities_info__type_support_c.cpp.obj
[23/78] Building C object CMakeFiles\rmw_dds_common__rosidl_typesupport_introspection_c.dir\rosidl_typesupport_introspection_c\rmw_dds_common\msg\detail\gid__type_support.c.obj
[24/78] Building C object CMakeFiles\rmw_dds_common__rosidl_typesupport_introspection_c.dir\rosidl_typesupport_introspection_c\rmw_dds_common\msg\detail\node_entities_info__type_support.c.obj
[25/78] Building C object CMakeFiles\rmw_dds_common__rosidl_typesupport_introspection_c.dir\rosidl_typesupport_introspection_c\rmw_dds_common\msg\detail\participant_entities_info__type_support.c.obj
[26/78] Building CXX object CMakeFiles\rmw_dds_common__rosidl_typesupport_c.dir\rosidl_typesupport_c\rmw_dds_common\msg\gid__type_support.cpp.obj
[27/78] Building CXX object CMakeFiles\rmw_dds_common__rosidl_typesupport_c.dir\rosidl_typesupport_c\rmw_dds_common\msg\node_entities_info__type_support.cpp.obj
[28/78] Building CXX object CMakeFiles\rmw_dds_common__rosidl_typesupport_c.dir\rosidl_typesupport_c\rmw_dds_common\msg\participant_entities_info__type_support.cpp.obj
[29/78] Building CXX object CMakeFiles\rmw_dds_common__rosidl_typesupport_fastrtps_cpp.dir\rosidl_typesupport_fastrtps_cpp\rmw_dds_common\msg\detail\dds_fastrtps\gid__type_support.cpp.obj
[30/78] Building CXX object CMakeFiles\rmw_dds_common__rosidl_typesupport_fastrtps_cpp.dir\rosidl_typesupport_fastrtps_cpp\rmw_dds_common\msg\detail\dds_fastrtps\node_entities_info__type_support.cpp.obj
[31/78] Building CXX object CMakeFiles\rmw_dds_common__rosidl_typesupport_fastrtps_cpp.dir\rosidl_typesupport_fastrtps_cpp\rmw_dds_common\msg\detail\dds_fastrtps\participant_entities_info__type_support.cpp.obj
[32/78] Building CXX object CMakeFiles\rmw_dds_common__rosidl_typesupport_introspection_cpp.dir\rosidl_typesupport_introspection_cpp\rmw_dds_common\msg\detail\gid__type_support.cpp.obj
[33/78] Building CXX object CMakeFiles\rmw_dds_common__rosidl_typesupport_introspection_cpp.dir\rosidl_typesupport_introspection_cpp\rmw_dds_common\msg\detail\node_entities_info__type_support.cpp.obj
[34/78] Building CXX object CMakeFiles\rmw_dds_common__rosidl_typesupport_introspection_cpp.dir\rosidl_typesupport_introspection_cpp\rmw_dds_common\msg\detail\participant_entities_info__type_support.cpp.obj
[35/78] Building CXX object CMakeFiles\rmw_dds_common__rosidl_typesupport_cpp.dir\rosidl_typesupport_cpp\rmw_dds_common\msg\gid__type_support.cpp.obj
[36/78] Building CXX object CMakeFiles\rmw_dds_common__rosidl_typesupport_cpp.dir\rosidl_typesupport_cpp\rmw_dds_common\msg\node_entities_info__type_support.cpp.obj
[37/78] Building CXX object CMakeFiles\rmw_dds_common__rosidl_typesupport_cpp.dir\rosidl_typesupport_cpp\rmw_dds_common\msg\participant_entities_info__type_support.cpp.obj
[38/78] Linking CXX shared library rmw_dds_common__rosidl_typesupport_fastrtps_c.dll
[39/78] Linking C shared library rmw_dds_common__rosidl_typesupport_introspection_c.dll
[40/78] Linking CXX shared library rmw_dds_common__rosidl_typesupport_c.dll
[41/78] Linking CXX shared library rmw_dds_common__rosidl_typesupport_fastrtps_cpp.dll
[42/78] Linking CXX shared library rmw_dds_common__rosidl_typesupport_introspection_cpp.dll
[43/78] Linking CXX shared library rmw_dds_common__rosidl_typesupport_cpp.dll
[44/78] Generating Python code for ROS interfaces
[45/78] Generating Rust code for ROS interfaces
[46/78] Building CXX object CMakeFiles\rmw_dds_common_library.dir\src\context.cpp.obj
[47/78] Building CXX object CMakeFiles\rmw_dds_common_library.dir\src\gid_utils.cpp.obj
[48/78] Building CXX object CMakeFiles\rmw_dds_common_library.dir\src\graph_cache.cpp.obj
[49/78] Building CXX object CMakeFiles\rmw_dds_common_library.dir\src\qos.cpp.obj
[50/78] Building CXX object CMakeFiles\rmw_dds_common_library.dir\src\time_utils.cpp.obj
[51/78] Building C object CMakeFiles\rmw_dds_common__rosidl_generator_py.dir\rosidl_generator_py\rmw_dds_common\msg\_gid_s.c.obj
[52/78] Building C object CMakeFiles\rmw_dds_common__rosidl_generator_py.dir\rosidl_generator_py\rmw_dds_common\msg\_node_entities_info_s.c.obj
[53/78] Building C object CMakeFiles\rmw_dds_common__rosidl_generator_py.dir\rosidl_generator_py\rmw_dds_common\msg\_participant_entities_info_s.c.obj
[54/78] Building CXX object gmock\CMakeFiles\gmock.dir\D_\a\pixi_rosdistro\pixi_rosdistro\install\src\gtest_vendor\src\gtest-all.cc.obj
[55/78] Building CXX object gmock\CMakeFiles\gmock.dir\src\gmock-all.cc.obj
[56/78] Building CXX object gmock\CMakeFiles\gmock_main.dir\src\gmock_main.cc.obj
[57/78] Linking C shared library rmw_dds_common__rosidl_generator_py.dll
[58/78] Building C object CMakeFiles\rmw_dds_common_s__rosidl_typesupport_fastrtps_c.dir\rosidl_generator_py\rmw_dds_common\_rmw_dds_common_s.ep.rosidl_typesupport_fastrtps_c.c.obj
[59/78] Building C object CMakeFiles\rmw_dds_common_s__rosidl_typesupport_introspection_c.dir\rosidl_generator_py\rmw_dds_common\_rmw_dds_common_s.ep.rosidl_typesupport_introspection_c.c.obj
[60/78] Building C object CMakeFiles\rmw_dds_common_s__rosidl_typesupport_c.dir\rosidl_generator_py\rmw_dds_common\_rmw_dds_common_s.ep.rosidl_typesupport_c.c.obj
[61/78] Linking CXX shared library rmw_dds_common.dll
[62/78] Building CXX object CMakeFiles\test_graph_cache.dir\test\test_graph_cache.cpp.obj
[63/78] Building CXX object CMakeFiles\test_gid_utils.dir\test\test_gid_utils.cpp.obj
[64/78] Building CXX object CMakeFiles\test_qos.dir\test\test_qos.cpp.obj
[65/78] Building CXX object CMakeFiles\test_time_utils.dir\test\test_time_utils.cpp.obj
[66/78] Building CXX object CMakeFiles\benchmark_graph_cache.dir\test\benchmark\benchmark_graph_cache.cpp.obj
[67/78] C:\Windows\system32\cmd.exe /C "cd /D D:\a\pixi_rosdistro\pixi_rosdistro\build\rmw_dds_common && D:\a\pixi_rosdistro\pixi_rosdistro\.pixi\envs\default\Library\bin\cmake.exe -E copy_directory D:/a/pixi_rosdistro/pixi_rosdistro/build/rmw_dds_common/rosidl_generator_py/rmw_dds_common D:/a/pixi_rosdistro/pixi_rosdistro/build/rmw_dds_common/ament_cmake_python/rmw_dds_common/rmw_dds_common"
[68/78] Linking CXX static library gmock\gmock.lib
[69/78] Linking CXX static library gmock\gmock_main.lib
[70/78] Linking C shared module rosidl_generator_py\rmw_dds_common\rmw_dds_common_s__rosidl_typesupport_fastrtps_c.pyd
[71/78] Linking C shared module rosidl_generator_py\rmw_dds_common\rmw_dds_common_s__rosidl_typesupport_introspection_c.pyd
[72/78] Linking C shared module rosidl_generator_py\rmw_dds_common\rmw_dds_common_s__rosidl_typesupport_c.pyd
[73/78] Linking CXX executable test_graph_cache.exe
[74/78] Linking CXX executable test_gid_utils.exe
[75/78] Linking CXX executable test_qos.exe
[76/78] Linking CXX executable test_time_utils.exe
[77/78] Linking CXX executable benchmark_graph_cache.exe
[78/78] C:\Windows\system32\cmd.exe /C "cd /D D:\a\pixi_rosdistro\pixi_rosdistro\build\rmw_dds_common\ament_cmake_python\rmw_dds_common && D:\a\pixi_rosdistro\pixi_rosdistro\.pixi\envs\default\python.exe setup.py egg_info"
running egg_info
creating rmw_dds_common.egg-info
writing rmw_dds_common.egg-info\PKG-INFO
writing dependency_links to rmw_dds_common.egg-info\dependency_links.txt
writing top-level names to rmw_dds_common.egg-info\top_level.txt
writing manifest file 'rmw_dds_common.egg-info\SOURCES.txt'
reading manifest file 'rmw_dds_common.egg-info\SOURCES.txt'
writing manifest file 'rmw_dds_common.egg-info\SOURCES.txt'
-- Install configuration: "Release"
-- Installing: D:/a/pixi_rosdistro/pixi_rosdistro/install/share/ament_index/resource_index/rosidl_interfaces/rmw_dds_common
-- Installing: D:/a/pixi_rosdistro/pixi_rosdistro/install/share/rmw_dds_common/msg/Gid.json
-- Installing: D:/a/pixi_rosdistro/pixi_rosdistro/install/share/rmw_dds_common/msg/NodeEntitiesInfo.json
-- Installing: D:/a/pixi_rosdistro/pixi_rosdistro/install/share/rmw_dds_common/msg/ParticipantEntitiesInfo.json
-- Installing: D:/a/pixi_rosdistro/pixi_rosdistro/install/include/rmw_dds_common/rmw_dds_common
-- Installing: D:/a/pixi_rosdistro/pixi_rosdistro/install/include/rmw_dds_common/rmw_dds_common/msg
-- Installing: D:/a/pixi_rosdistro/pixi_rosdistro/install/include/rmw_dds_common/rmw_dds_common/msg/detail
-- Installing: D:/a/pixi_rosdistro/pixi_rosdistro/install/include/rmw_dds_common/rmw_dds_common/msg/detail/gid__description.c
-- Installing: D:/a/pixi_rosdistro/pixi_rosdistro/install/include/rmw_dds_common/rmw_dds_common/msg/detail/gid__functions.c
-- Installing: D:/a/pixi_rosdistro/pixi_rosdistro/install/include/rmw_dds_common/rmw_dds_common/msg/detail/gid__functions.h
-- Installing: D:/a/pixi_rosdistro/pixi_rosdistro/install/include/rmw_dds_common/rmw_dds_common/msg/detail/gid__struct.h
-- Installing: D:/a/pixi_rosdistro/pixi_rosdistro/install/include/rmw_dds_common/rmw_dds_common/msg/detail/gid__type_support.c
-- Installing: D:/a/pixi_rosdistro/pixi_rosdistro/install/include/rmw_dds_common/rmw_dds_common/msg/detail/gid__type_support.h
-- Installing: D:/a/pixi_rosdistro/pixi_rosdistro/install/include/rmw_dds_common/rmw_dds_common/msg/detail/node_entities_info__description.c
-- Installing: D:/a/pixi_rosdistro/pixi_rosdistro/install/include/rmw_dds_common/rmw_dds_common/msg/detail/node_entities_info__functions.c
-- Installing: D:/a/pixi_rosdistro/pixi_rosdistro/install/include/rmw_dds_common/rmw_dds_common/msg/detail/node_entities_info__functions.h
-- Installing: D:/a/pixi_rosdistro/pixi_rosdistro/install/include/rmw_dds_common/rmw_dds_common/msg/detail/node_entities_info__struct.h
-- Installing: D:/a/pixi_rosdistro/pixi_rosdistro/install/include/rmw_dds_common/rmw_dds_common/msg/detail/node_entities_info__type_support.c
-- Installing: D:/a/pixi_rosdistro/pixi_rosdistro/install/include/rmw_dds_common/rmw_dds_common/msg/detail/node_entities_info__type_support.h
-- Installing: D:/a/pixi_rosdistro/pixi_rosdistro/install/include/rmw_dds_common/rmw_dds_common/msg/detail/participant_entities_info__description.c
-- Installing: D:/a/pixi_rosdistro/pixi_rosdistro/install/include/rmw_dds_common/rmw_dds_common/msg/detail/participant_entities_info__functions.c
-- Installing: D:/a/pixi_rosdistro/pixi_rosdistro/install/include/rmw_dds_common/rmw_dds_common/msg/detail/participant_entities_info__functions.h
-- Installing: D:/a/pixi_rosdistro/pixi_rosdistro/install/include/rmw_dds_common/rmw_dds_common/msg/detail/participant_entities_info__struct.h
-- Installing: D:/a/pixi_rosdistro/pixi_rosdistro/install/include/rmw_dds_common/rmw_dds_common/msg/detail/participant_entities_info__type_support.c
-- Installing: D:/a/pixi_rosdistro/pixi_rosdistro/install/include/rmw_dds_common/rmw_dds_common/msg/detail/participant_entities_info__type_support.h
-- Installing: D:/a/pixi_rosdistro/pixi_rosdistro/install/include/rmw_dds_common/rmw_dds_common/msg/gid.h
-- Installing: D:/a/pixi_rosdistro/pixi_rosdistro/install/include/rmw_dds_common/rmw_dds_common/msg/node_entities_info.h
-- Installing: D:/a/pixi_rosdistro/pixi_rosdistro/install/include/rmw_dds_common/rmw_dds_common/msg/participant_entities_info.h
-- Installing: D:/a/pixi_rosdistro/pixi_rosdistro/install/include/rmw_dds_common/rmw_dds_common/msg/rosidl_generator_c__visibility_control.h
-- Installing: D:/a/pixi_rosdistro/pixi_rosdistro/install/lib/rmw_dds_common__rosidl_generator_c.lib
-- Installing: D:/a/pixi_rosdistro/pixi_rosdistro/install/bin/rmw_dds_common__rosidl_generator_c.dll
-- Up-to-date: D:/a/pixi_rosdistro/pixi_rosdistro/install/include/rmw_dds_common/rmw_dds_common
-- Up-to-date: D:/a/pixi_rosdistro/pixi_rosdistro/install/include/rmw_dds_common/rmw_dds_common/msg
-- Up-to-date: D:/a/pixi_rosdistro/pixi_rosdistro/install/include/rmw_dds_common/rmw_dds_common/msg/detail
-- Installing: D:/a/pixi_rosdistro/pixi_rosdistro/install/include/rmw_dds_common/rmw_dds_common/msg/detail/gid__rosidl_typesupport_fastrtps_c.h
-- Installing: D:/a/pixi_rosdistro/pixi_rosdistro/install/include/rmw_dds_common/rmw_dds_common/msg/detail/node_entities_info__rosidl_typesupport_fastrtps_c.h
-- Installing: D:/a/pixi_rosdistro/pixi_rosdistro/install/include/rmw_dds_common/rmw_dds_common/msg/detail/participant_entities_info__rosidl_typesupport_fastrtps_c.h
-- Installing: D:/a/pixi_rosdistro/pixi_rosdistro/install/include/rmw_dds_common/rmw_dds_common/msg/rosidl_typesupport_fastrtps_c__visibility_control.h
-- Installing: D:/a/pixi_rosdistro/pixi_rosdistro/install/lib/rmw_dds_common__rosidl_typesupport_fastrtps_c.lib
-- Installing: D:/a/pixi_rosdistro/pixi_rosdistro/install/bin/rmw_dds_common__rosidl_typesupport_fastrtps_c.dll
-- Up-to-date: D:/a/pixi_rosdistro/pixi_rosdistro/install/include/rmw_dds_common/rmw_dds_common
-- Up-to-date: D:/a/pixi_rosdistro/pixi_rosdistro/install/include/rmw_dds_common/rmw_dds_common/msg
-- Up-to-date: D:/a/pixi_rosdistro/pixi_rosdistro/install/include/rmw_dds_common/rmw_dds_common/msg/detail
-- Installing: D:/a/pixi_rosdistro/pixi_rosdistro/install/include/rmw_dds_common/rmw_dds_common/msg/detail/gid__rosidl_typesupport_introspection_c.h
-- Installing: D:/a/pixi_rosdistro/pixi_rosdistro/install/include/rmw_dds_common/rmw_dds_common/msg/detail/gid__type_support.c
-- Installing: D:/a/pixi_rosdistro/pixi_rosdistro/install/include/rmw_dds_common/rmw_dds_common/msg/detail/node_entities_info__rosidl_typesupport_introspection_c.h
-- Installing: D:/a/pixi_rosdistro/pixi_rosdistro/install/include/rmw_dds_common/rmw_dds_common/msg/detail/node_entities_info__type_support.c
-- Installing: D:/a/pixi_rosdistro/pixi_rosdistro/install/include/rmw_dds_common/rmw_dds_common/msg/detail/participant_entities_info__rosidl_typesupport_introspection_c.h
-- Installing: D:/a/pixi_rosdistro/pixi_rosdistro/install/include/rmw_dds_common/rmw_dds_common/msg/detail/participant_entities_info__type_support.c
-- Installing: D:/a/pixi_rosdistro/pixi_rosdistro/install/include/rmw_dds_common/rmw_dds_common/msg/rosidl_typesupport_introspection_c__visibility_control.h
-- Installing: D:/a/pixi_rosdistro/pixi_rosdistro/install/lib/rmw_dds_common__rosidl_typesupport_introspection_c.lib
-- Installing: D:/a/pixi_rosdistro/pixi_rosdistro/install/bin/rmw_dds_common__rosidl_typesupport_introspection_c.dll
-- Installing: D:/a/pixi_rosdistro/pixi_rosdistro/install/lib/rmw_dds_common__rosidl_typesupport_c.lib
-- Installing: D:/a/pixi_rosdistro/pixi_rosdistro/install/bin/rmw_dds_common__rosidl_typesupport_c.dll
-- Up-to-date: D:/a/pixi_rosdistro/pixi_rosdistro/install/include/rmw_dds_common/rmw_dds_common
-- Up-to-date: D:/a/pixi_rosdistro/pixi_rosdistro/install/include/rmw_dds_common/rmw_dds_common/msg
-- Up-to-date: D:/a/pixi_rosdistro/pixi_rosdistro/install/include/rmw_dds_common/rmw_dds_common/msg/detail
-- Installing: D:/a/pixi_rosdistro/pixi_rosdistro/install/include/rmw_dds_common/rmw_dds_common/msg/detail/gid__builder.hpp
-- Installing: D:/a/pixi_rosdistro/pixi_rosdistro/install/include/rmw_dds_common/rmw_dds_common/msg/detail/gid__struct.hpp
-- Installing: D:/a/pixi_rosdistro/pixi_rosdistro/install/include/rmw_dds_common/rmw_dds_common/msg/detail/gid__traits.hpp
-- Installing: D:/a/pixi_rosdistro/pixi_rosdistro/install/include/rmw_dds_common/rmw_dds_common/msg/detail/gid__type_support.hpp
-- Installing: D:/a/pixi_rosdistro/pixi_rosdistro/install/include/rmw_dds_common/rmw_dds_common/msg/detail/node_entities_info__builder.hpp
-- Installing: D:/a/pixi_rosdistro/pixi_rosdistro/install/include/rmw_dds_common/rmw_dds_common/msg/detail/node_entities_info__struct.hpp
-- Installing: D:/a/pixi_rosdistro/pixi_rosdistro/install/include/rmw_dds_common/rmw_dds_common/msg/detail/node_entities_info__traits.hpp
-- Installing: D:/a/pixi_rosdistro/pixi_rosdistro/install/include/rmw_dds_common/rmw_dds_common/msg/detail/node_entities_info__type_support.hpp
-- Installing: D:/a/pixi_rosdistro/pixi_rosdistro/install/include/rmw_dds_common/rmw_dds_common/msg/detail/participant_entities_info__builder.hpp
-- Installing: D:/a/pixi_rosdistro/pixi_rosdistro/install/include/rmw_dds_common/rmw_dds_common/msg/detail/participant_entities_info__struct.hpp
-- Installing: D:/a/pixi_rosdistro/pixi_rosdistro/install/include/rmw_dds_common/rmw_dds_common/msg/detail/participant_entities_info__traits.hpp
-- Installing: D:/a/pixi_rosdistro/pixi_rosdistro/install/include/rmw_dds_common/rmw_dds_common/msg/detail/participant_entities_info__type_support.hpp
-- Installing: D:/a/pixi_rosdistro/pixi_rosdistro/install/include/rmw_dds_common/rmw_dds_common/msg/gid.hpp
-- Installing: D:/a/pixi_rosdistro/pixi_rosdistro/install/include/rmw_dds_common/rmw_dds_common/msg/node_entities_info.hpp
-- Installing: D:/a/pixi_rosdistro/pixi_rosdistro/install/include/rmw_dds_common/rmw_dds_common/msg/participant_entities_info.hpp
-- Installing: D:/a/pixi_rosdistro/pixi_rosdistro/install/include/rmw_dds_common/rmw_dds_common/msg/rosidl_generator_cpp__visibility_control.hpp
-- Up-to-date: D:/a/pixi_rosdistro/pixi_rosdistro/install/include/rmw_dds_common/rmw_dds_common
-- Up-to-date: D:/a/pixi_rosdistro/pixi_rosdistro/install/include/rmw_dds_common/rmw_dds_common/msg
-- Up-to-date: D:/a/pixi_rosdistro/pixi_rosdistro/install/include/rmw_dds_common/rmw_dds_common/msg/detail
-- Installing: D:/a/pixi_rosdistro/pixi_rosdistro/install/include/rmw_dds_common/rmw_dds_common/msg/detail/dds_fastrtps
-- Installing: D:/a/pixi_rosdistro/pixi_rosdistro/install/include/rmw_dds_common/rmw_dds_common/msg/detail/gid__rosidl_typesupport_fastrtps_cpp.hpp
-- Installing: D:/a/pixi_rosdistro/pixi_rosdistro/install/include/rmw_dds_common/rmw_dds_common/msg/detail/node_entities_info__rosidl_typesupport_fastrtps_cpp.hpp
-- Installing: D:/a/pixi_rosdistro/pixi_rosdistro/install/include/rmw_dds_common/rmw_dds_common/msg/detail/participant_entities_info__rosidl_typesupport_fastrtps_cpp.hpp
-- Installing: D:/a/pixi_rosdistro/pixi_rosdistro/install/include/rmw_dds_common/rmw_dds_common/msg/rosidl_typesupport_fastrtps_cpp__visibility_control.h
-- Installing: D:/a/pixi_rosdistro/pixi_rosdistro/install/lib/rmw_dds_common__rosidl_typesupport_fastrtps_cpp.lib
-- Installing: D:/a/pixi_rosdistro/pixi_rosdistro/install/bin/rmw_dds_common__rosidl_typesupport_fastrtps_cpp.dll
-- Up-to-date: D:/a/pixi_rosdistro/pixi_rosdistro/install/include/rmw_dds_common/rmw_dds_common
-- Up-to-date: D:/a/pixi_rosdistro/pixi_rosdistro/install/include/rmw_dds_common/rmw_dds_common/msg
-- Up-to-date: D:/a/pixi_rosdistro/pixi_rosdistro/install/include/rmw_dds_common/rmw_dds_common/msg/detail
-- Installing: D:/a/pixi_rosdistro/pixi_rosdistro/install/include/rmw_dds_common/rmw_dds_common/msg/detail/gid__rosidl_typesupport_introspection_cpp.hpp
-- Installing: D:/a/pixi_rosdistro/pixi_rosdistro/install/include/rmw_dds_common/rmw_dds_common/msg/detail/gid__type_support.cpp
-- Installing: D:/a/pixi_rosdistro/pixi_rosdistro/install/include/rmw_dds_common/rmw_dds_common/msg/detail/node_entities_info__rosidl_typesupport_introspection_cpp.hpp
-- Installing: D:/a/pixi_rosdistro/pixi_rosdistro/install/include/rmw_dds_common/rmw_dds_common/msg/detail/node_entities_info__type_support.cpp
-- Installing: D:/a/pixi_rosdistro/pixi_rosdistro/install/include/rmw_dds_common/rmw_dds_common/msg/detail/participant_entities_info__rosidl_typesupport_introspection_cpp.hpp
-- Installing: D:/a/pixi_rosdistro/pixi_rosdistro/install/include/rmw_dds_common/rmw_dds_common/msg/detail/participant_entities_info__type_support.cpp
-- Installing: D:/a/pixi_rosdistro/pixi_rosdistro/install/lib/rmw_dds_common__rosidl_typesupport_introspection_cpp.lib
-- Installing: D:/a/pixi_rosdistro/pixi_rosdistro/install/bin/rmw_dds_common__rosidl_typesupport_introspection_cpp.dll
-- Installing: D:/a/pixi_rosdistro/pixi_rosdistro/install/lib/rmw_dds_common__rosidl_typesupport_cpp.lib
-- Installing: D:/a/pixi_rosdistro/pixi_rosdistro/install/bin/rmw_dds_common__rosidl_typesupport_cpp.dll
-- Installing: D:/a/pixi_rosdistro/pixi_rosdistro/install/share/rmw_dds_common/environment/pythonpath.bat
-- Installing: D:/a/pixi_rosdistro/pixi_rosdistro/install/share/rmw_dds_common/environment/pythonpath.dsv
-- Installing: D:/a/pixi_rosdistro/pixi_rosdistro/install/Lib/site-packages/rmw_dds_common/rmw_dds_common_s__rosidl_typesupport_fastrtps_c.pyd
-- Installing: D:/a/pixi_rosdistro/pixi_rosdistro/install/Lib/site-packages/rmw_dds_common/rmw_dds_common_s__rosidl_typesupport_introspection_c.pyd
-- Installing: D:/a/pixi_rosdistro/pixi_rosdistro/install/Lib/site-packages/rmw_dds_common/rmw_dds_common_s__rosidl_typesupport_c.pyd
-- Installing: D:/a/pixi_rosdistro/pixi_rosdistro/install/lib/rmw_dds_common__rosidl_generator_py.lib
-- Installing: D:/a/pixi_rosdistro/pixi_rosdistro/install/bin/rmw_dds_common__rosidl_generator_py.dll
-- Installing: D:/a/pixi_rosdistro/pixi_rosdistro/install/share/ament_index/resource_index/rust_packages/rmw_dds_common
-- Installing: D:/a/pixi_rosdistro/pixi_rosdistro/install/share/rmw_dds_common/rust
-- Installing: D:/a/pixi_rosdistro/pixi_rosdistro/install/share/rmw_dds_common/rust/build.rs
-- Installing: D:/a/pixi_rosdistro/pixi_rosdistro/install/share/rmw_dds_common/rust/Cargo.toml
-- Installing: D:/a/pixi_rosdistro/pixi_rosdistro/install/share/rmw_dds_common/rust/src
-- Installing: D:/a/pixi_rosdistro/pixi_rosdistro/install/share/rmw_dds_common/rust/src/lib.rs
-- Installing: D:/a/pixi_rosdistro/pixi_rosdistro/install/share/rmw_dds_common/rust/src/msg
-- Installing: D:/a/pixi_rosdistro/pixi_rosdistro/install/share/rmw_dds_common/rust/src/msg/rmw.rs
-- Installing: D:/a/pixi_rosdistro/pixi_rosdistro/install/share/rmw_dds_common/rust/src/msg.rs
-- Installing: D:/a/pixi_rosdistro/pixi_rosdistro/install/share/rmw_dds_common/msg/Gid.idl
-- Installing: D:/a/pixi_rosdistro/pixi_rosdistro/install/share/rmw_dds_common/msg/NodeEntitiesInfo.idl
-- Installing: D:/a/pixi_rosdistro/pixi_rosdistro/install/share/rmw_dds_common/msg/ParticipantEntitiesInfo.idl
-- Installing: D:/a/pixi_rosdistro/pixi_rosdistro/install/share/rmw_dds_common/msg/Gid.msg
-- Installing: D:/a/pixi_rosdistro/pixi_rosdistro/install/share/rmw_dds_common/msg/NodeEntitiesInfo.msg
-- Installing: D:/a/pixi_rosdistro/pixi_rosdistro/install/share/rmw_dds_common/msg/ParticipantEntitiesInfo.msg
-- Installing: D:/a/pixi_rosdistro/pixi_rosdistro/install/lib/rmw_dds_common.lib
-- Installing: D:/a/pixi_rosdistro/pixi_rosdistro/install/bin/rmw_dds_common.dll
-- Up-to-date: D:/a/pixi_rosdistro/pixi_rosdistro/install/include/rmw_dds_common
-- Up-to-date: D:/a/pixi_rosdistro/pixi_rosdistro/install/include/rmw_dds_common/rmw_dds_common
-- Installing: D:/a/pixi_rosdistro/pixi_rosdistro/install/include/rmw_dds_common/rmw_dds_common/context.hpp
-- Installing: D:/a/pixi_rosdistro/pixi_rosdistro/install/include/rmw_dds_common/rmw_dds_common/gid_utils.hpp
-- Installing: D:/a/pixi_rosdistro/pixi_rosdistro/install/include/rmw_dds_common/rmw_dds_common/graph_cache.hpp
-- Installing: D:/a/pixi_rosdistro/pixi_rosdistro/install/include/rmw_dds_common/rmw_dds_common/qos.hpp
-- Installing: D:/a/pixi_rosdistro/pixi_rosdistro/install/include/rmw_dds_common/rmw_dds_common/time_utils.hpp
-- Installing: D:/a/pixi_rosdistro/pixi_rosdistro/install/include/rmw_dds_common/rmw_dds_common/visibility_control.h
-- Installing: D:/a/pixi_rosdistro/pixi_rosdistro/install/share/ament_index/resource_index/package_run_dependencies/rmw_dds_common
-- Installing: D:/a/pixi_rosdistro/pixi_rosdistro/install/share/ament_index/resource_index/parent_prefix_path/rmw_dds_common
-- Installing: D:/a/pixi_rosdistro/pixi_rosdistro/install/share/rmw_dds_common/environment/ament_prefix_path.bat
-- Installing: D:/a/pixi_rosdistro/pixi_rosdistro/install/share/rmw_dds_common/environment/ament_prefix_path.dsv
-- Installing: D:/a/pixi_rosdistro/pixi_rosdistro/install/share/rmw_dds_common/environment/path.bat
-- Installing: D:/a/pixi_rosdistro/pixi_rosdistro/install/share/rmw_dds_common/environment/path.dsv
-- Installing: D:/a/pixi_rosdistro/pixi_rosdistro/install/share/rmw_dds_common/local_setup.bat
-- Installing: D:/a/pixi_rosdistro/pixi_rosdistro/install/share/rmw_dds_common/local_setup.dsv
-- Installing: D:/a/pixi_rosdistro/pixi_rosdistro/install/share/rmw_dds_common/package.dsv
-- Installing: D:/a/pixi_rosdistro/pixi_rosdistro/install/share/ament_index/resource_index/packages/rmw_dds_common
-- Installing: D:/a/pixi_rosdistro/pixi_rosdistro/install/share/rmw_dds_common/cmake/export_rmw_dds_common__rosidl_generator_cExport.cmake
-- Installing: D:/a/pixi_rosdistro/pixi_rosdistro/install/share/rmw_dds_common/cmake/export_rmw_dds_common__rosidl_generator_cExport-release.cmake
-- Installing: D:/a/pixi_rosdistro/pixi_rosdistro/install/share/rmw_dds_common/cmake/export_rmw_dds_common__rosidl_typesupport_fastrtps_cExport.cmake
-- Installing: D:/a/pixi_rosdistro/pixi_rosdistro/install/share/rmw_dds_common/cmake/export_rmw_dds_common__rosidl_typesupport_fastrtps_cExport-release.cmake
-- Installing: D:/a/pixi_rosdistro/pixi_rosdistro/install/share/rmw_dds_common/cmake/rmw_dds_common__rosidl_typesupport_introspection_cExport.cmake
-- Installing: D:/a/pixi_rosdistro/pixi_rosdistro/install/share/rmw_dds_common/cmake/rmw_dds_common__rosidl_typesupport_introspection_cExport-release.cmake
-- Installing: D:/a/pixi_rosdistro/pixi_rosdistro/install/share/rmw_dds_common/cmake/rmw_dds_common__rosidl_typesupport_cExport.cmake
-- Installing: D:/a/pixi_rosdistro/pixi_rosdistro/install/share/rmw_dds_common/cmake/rmw_dds_common__rosidl_typesupport_cExport-release.cmake
-- Installing: D:/a/pixi_rosdistro/pixi_rosdistro/install/share/rmw_dds_common/cmake/export_rmw_dds_common__rosidl_generator_cppExport.cmake
-- Installing: D:/a/pixi_rosdistro/pixi_rosdistro/install/share/rmw_dds_common/cmake/export_rmw_dds_common__rosidl_typesupport_fastrtps_cppExport.cmake
-- Installing: D:/a/pixi_rosdistro/pixi_rosdistro/install/share/rmw_dds_common/cmake/export_rmw_dds_common__rosidl_typesupport_fastrtps_cppExport-release.cmake
-- Installing: D:/a/pixi_rosdistro/pixi_rosdistro/install/share/rmw_dds_common/cmake/rmw_dds_common__rosidl_typesupport_introspection_cppExport.cmake
-- Installing: D:/a/pixi_rosdistro/pixi_rosdistro/install/share/rmw_dds_common/cmake/rmw_dds_common__rosidl_typesupport_introspection_cppExport-release.cmake
-- Installing: D:/a/pixi_rosdistro/pixi_rosdistro/install/share/rmw_dds_common/cmake/rmw_dds_common__rosidl_typesupport_cppExport.cmake
-- Installing: D:/a/pixi_rosdistro/pixi_rosdistro/install/share/rmw_dds_common/cmake/rmw_dds_common__rosidl_typesupport_cppExport-release.cmake
-- Installing: D:/a/pixi_rosdistro/pixi_rosdistro/install/share/rmw_dds_common/cmake/export_rmw_dds_common__rosidl_generator_pyExport.cmake
-- Installing: D:/a/pixi_rosdistro/pixi_rosdistro/install/share/rmw_dds_common/cmake/export_rmw_dds_common__rosidl_generator_pyExport-release.cmake
-- Installing: D:/a/pixi_rosdistro/pixi_rosdistro/install/share/rmw_dds_common/cmake/rmw_dds_common_libraryExport.cmake
-- Installing: D:/a/pixi_rosdistro/pixi_rosdistro/install/share/rmw_dds_common/cmake/rmw_dds_common_libraryExport-release.cmake
-- Installing: D:/a/pixi_rosdistro/pixi_rosdistro/install/Lib/site-packages/rmw_dds_common-6.0.0-py3.12.egg-info
-- Installing: D:/a/pixi_rosdistro/pixi_rosdistro/install/Lib/site-packages/rmw_dds_common-6.0.0-py3.12.egg-info/dependency_links.txt
-- Installing: D:/a/pixi_rosdistro/pixi_rosdistro/install/Lib/site-packages/rmw_dds_common-6.0.0-py3.12.egg-info/PKG-INFO
-- Installing: D:/a/pixi_rosdistro/pixi_rosdistro/install/Lib/site-packages/rmw_dds_common-6.0.0-py3.12.egg-info/SOURCES.txt
-- Installing: D:/a/pixi_rosdistro/pixi_rosdistro/install/Lib/site-packages/rmw_dds_common-6.0.0-py3.12.egg-info/top_level.txt
-- Up-to-date: D:/a/pixi_rosdistro/pixi_rosdistro/install/Lib/site-packages/rmw_dds_common
-- Installing: D:/a/pixi_rosdistro/pixi_rosdistro/install/Lib/site-packages/rmw_dds_common/msg
-- Installing: D:/a/pixi_rosdistro/pixi_rosdistro/install/Lib/site-packages/rmw_dds_common/msg/_gid.py
-- Installing: D:/a/pixi_rosdistro/pixi_rosdistro/install/Lib/site-packages/rmw_dds_common/msg/_gid_s.c
-- Installing: D:/a/pixi_rosdistro/pixi_rosdistro/install/Lib/site-packages/rmw_dds_common/msg/_node_entities_info.py
-- Installing: D:/a/pixi_rosdistro/pixi_rosdistro/install/Lib/site-packages/rmw_dds_common/msg/_node_entities_info_s.c
-- Installing: D:/a/pixi_rosdistro/pixi_rosdistro/install/Lib/site-packages/rmw_dds_common/msg/_participant_entities_info.py
-- Installing: D:/a/pixi_rosdistro/pixi_rosdistro/install/Lib/site-packages/rmw_dds_common/msg/_participant_entities_info_s.c
-- Installing: D:/a/pixi_rosdistro/pixi_rosdistro/install/Lib/site-packages/rmw_dds_common/msg/__init__.py
-- Installing: D:/a/pixi_rosdistro/pixi_rosdistro/install/Lib/site-packages/rmw_dds_common/py.typed
-- Up-to-date: D:/a/pixi_rosdistro/pixi_rosdistro/install/Lib/site-packages/rmw_dds_common/rmw_dds_common_s__rosidl_typesupport_c.pyd
-- Up-to-date: D:/a/pixi_rosdistro/pixi_rosdistro/install/Lib/site-packages/rmw_dds_common/rmw_dds_common_s__rosidl_typesupport_fastrtps_c.pyd
-- Up-to-date: D:/a/pixi_rosdistro/pixi_rosdistro/install/Lib/site-packages/rmw_dds_common/rmw_dds_common_s__rosidl_typesupport_introspection_c.pyd
-- Installing: D:/a/pixi_rosdistro/pixi_rosdistro/install/Lib/site-packages/rmw_dds_common/_rmw_dds_common_s.ep.rosidl_typesupport_c.c
-- Installing: D:/a/pixi_rosdistro/pixi_rosdistro/install/Lib/site-packages/rmw_dds_common/_rmw_dds_common_s.ep.rosidl_typesupport_fastrtps_c.c
-- Installing: D:/a/pixi_rosdistro/pixi_rosdistro/install/Lib/site-packages/rmw_dds_common/_rmw_dds_common_s.ep.rosidl_typesupport_introspection_c.c
-- Installing: D:/a/pixi_rosdistro/pixi_rosdistro/install/Lib/site-packages/rmw_dds_common/__init__.py
Listing 'D:/a/pixi_rosdistro/pixi_rosdistro/install/Lib/site-packages/rmw_dds_common'...
Compiling 'D:/a/pixi_rosdistro/pixi_rosdistro/install/Lib/site-packages/rmw_dds_common\\__init__.py'...
Listing 'D:/a/pixi_rosdistro/pixi_rosdistro/install/Lib/site-packages/rmw_dds_common\\msg'...
Compiling 'D:/a/pixi_rosdistro/pixi_rosdistro/install/Lib/site-packages/rmw_dds_common\\msg\\__init__.py'...
Compiling 'D:/a/pixi_rosdistro/pixi_rosdistro/install/Lib/site-packages/rmw_dds_common\\msg\\_gid.py'...
Compiling 'D:/a/pixi_rosdistro/pixi_rosdistro/install/Lib/site-packages/rmw_dds_common\\msg\\_node_entities_info.py'...
Compiling 'D:/a/pixi_rosdistro/pixi_rosdistro/install/Lib/site-packages/rmw_dds_common\\msg\\_participant_entities_info.py'...
-- Installing: D:/a/pixi_rosdistro/pixi_rosdistro/install/share/rmw_dds_common/cmake/ament_cmake_export_dependencies-extras.cmake
-- Installing: D:/a/pixi_rosdistro/pixi_rosdistro/install/share/rmw_dds_common/cmake/rosidl_cmake-extras.cmake
-- Installing: D:/a/pixi_rosdistro/pixi_rosdistro/install/share/rmw_dds_common/cmake/ament_cmake_export_include_directories-extras.cmake
-- Installing: D:/a/pixi_rosdistro/pixi_rosdistro/install/share/rmw_dds_common/cmake/ament_cmake_export_libraries-extras.cmake
-- Installing: D:/a/pixi_rosdistro/pixi_rosdistro/install/share/rmw_dds_common/cmake/ament_cmake_export_targets-extras.cmake
-- Installing: D:/a/pixi_rosdistro/pixi_rosdistro/install/share/rmw_dds_common/cmake/rosidl_cmake_export_typesupport_targets-extras.cmake
-- Installing: D:/a/pixi_rosdistro/pixi_rosdistro/install/share/rmw_dds_common/cmake/rosidl_cmake_export_typesupport_libraries-extras.cmake
-- Installing: D:/a/pixi_rosdistro/pixi_rosdistro/install/share/rmw_dds_common/cmake/rosidl_cmake_aggregate_target-extras.cmake
-- Installing: D:/a/pixi_rosdistro/pixi_rosdistro/install/share/rmw_dds_common/cmake/rmw_dds_commonConfig.cmake
-- Installing: D:/a/pixi_rosdistro/pixi_rosdistro/install/share/rmw_dds_common/cmake/rmw_dds_commonConfig-version.cmake
-- Installing: D:/a/pixi_rosdistro/pixi_rosdistro/install/share/rmw_dds_common/package.xml
