[11.688s] Invoking command in 'D:\a\pixi_rosdistro\pixi_rosdistro\build\yaml_cpp_vendor': AMENT_PREFIX_PATH=D:\a\pixi_rosdistro\pixi_rosdistro\install CMAKE_PREFIX_PATH=D:\a\pixi_rosdistro\pixi_rosdistro\install;D:\a\pixi_rosdistro\pixi_rosdistro\.pixi\envs\default\Library PATH=D:\a\pixi_rosdistro\pixi_rosdistro\install\Scripts;D:\a\pixi_rosdistro\pixi_rosdistro\install\bin;%PATH% PIXI_PROMPT=(ros2_rolling) PKG_CONFIG_PATH=D:\a\pixi_rosdistro\pixi_rosdistro\install\lib\pkgconfig PROMPT=$P$G PYTHONPATH=D:\a\pixi_rosdistro\pixi_rosdistro\install\Lib\site-packages ROS_DOMAIN_ID=63 D:\a\pixi_rosdistro\pixi_rosdistro\.pixi\envs\default\Library\bin\cmake.EXE D:\a\pixi_rosdistro\pixi_rosdistro\src\ros2\yaml_cpp_vendor -GNinja --no-warn-unused-cli -DCMAKE_BUILD_TYPE=Release -DCMAKE_BUILD_WITH_INSTALL_RPATH:bool=TRUE -DCMAKE_POLICY_VERSION_MINIMUM=3.5 -Wno-deprecated -DSTACK_DETAILS_AUTO_DETECT:bool=FALSE -DSTACK_DETAILS_BFD:bool=FALSE -DCMAKE_MSVC_DEBUG_INFORMATION_FORMAT=Embedded -DCMAKE_INSTALL_PREFIX=D:\a\pixi_rosdistro\pixi_rosdistro\install
[12.016s] Not searching for unused variables given on the command line.
[12.016s] -- The CXX compiler identification is MSVC 19.44.35225.0
[12.047s] -- Detecting CXX compiler ABI info
[12.813s] -- Detecting CXX compiler ABI info - done
[12.844s] -- Check for working CXX compiler: C:/Program Files/Microsoft Visual Studio/2022/Enterprise/VC/Tools/MSVC/14.44.35207/bin/Hostx64/x64/cl.exe - skipped
[12.844s] -- Detecting CXX compile features
[12.844s] -- Detecting CXX compile features - done
[12.860s] -- Found ament_cmake: 2.8.6 (D:/a/pixi_rosdistro/pixi_rosdistro/install/share/ament_cmake/cmake)
[13.735s] -- Found ament_cmake_vendor_package: 2.8.6 (D:/a/pixi_rosdistro/pixi_rosdistro/install/share/ament_cmake_vendor_package/cmake)
[13.985s] -- Configuring done (2.3s)
[14.016s] -- Generating done (0.0s)
[14.032s] -- Build files have been written to: D:/a/pixi_rosdistro/pixi_rosdistro/build/yaml_cpp_vendor
[14.047s] Invoked command in 'D:\a\pixi_rosdistro\pixi_rosdistro\build\yaml_cpp_vendor' returned '0': AMENT_PREFIX_PATH=D:\a\pixi_rosdistro\pixi_rosdistro\install CMAKE_PREFIX_PATH=D:\a\pixi_rosdistro\pixi_rosdistro\install;D:\a\pixi_rosdistro\pixi_rosdistro\.pixi\envs\default\Library PATH=D:\a\pixi_rosdistro\pixi_rosdistro\install\Scripts;D:\a\pixi_rosdistro\pixi_rosdistro\install\bin;%PATH% PIXI_PROMPT=(ros2_rolling) PKG_CONFIG_PATH=D:\a\pixi_rosdistro\pixi_rosdistro\install\lib\pkgconfig PROMPT=$P$G PYTHONPATH=D:\a\pixi_rosdistro\pixi_rosdistro\install\Lib\site-packages ROS_DOMAIN_ID=63 D:\a\pixi_rosdistro\pixi_rosdistro\.pixi\envs\default\Library\bin\cmake.EXE D:\a\pixi_rosdistro\pixi_rosdistro\src\ros2\yaml_cpp_vendor -GNinja --no-warn-unused-cli -DCMAKE_BUILD_TYPE=Release -DCMAKE_BUILD_WITH_INSTALL_RPATH:bool=TRUE -DCMAKE_POLICY_VERSION_MINIMUM=3.5 -Wno-deprecated -DSTACK_DETAILS_AUTO_DETECT:bool=FALSE -DSTACK_DETAILS_BFD:bool=FALSE -DCMAKE_MSVC_DEBUG_INFORMATION_FORMAT=Embedded -DCMAKE_INSTALL_PREFIX=D:\a\pixi_rosdistro\pixi_rosdistro\install
[14.047s] Invoking command in 'D:\a\pixi_rosdistro\pixi_rosdistro\build\yaml_cpp_vendor': AMENT_PREFIX_PATH=D:\a\pixi_rosdistro\pixi_rosdistro\install CMAKE_PREFIX_PATH=D:\a\pixi_rosdistro\pixi_rosdistro\install;D:\a\pixi_rosdistro\pixi_rosdistro\.pixi\envs\default\Library PATH=D:\a\pixi_rosdistro\pixi_rosdistro\install\Scripts;D:\a\pixi_rosdistro\pixi_rosdistro\install\bin;%PATH% PIXI_PROMPT=(ros2_rolling) PKG_CONFIG_PATH=D:\a\pixi_rosdistro\pixi_rosdistro\install\lib\pkgconfig PROMPT=$P$G PYTHONPATH=D:\a\pixi_rosdistro\pixi_rosdistro\install\Lib\site-packages ROS_DOMAIN_ID=63 D:\a\pixi_rosdistro\pixi_rosdistro\.pixi\envs\default\Library\bin\cmake.EXE --build D:\a\pixi_rosdistro\pixi_rosdistro\build\yaml_cpp_vendor -- -j4 -l4
[14.094s] ninja: no work to do.
[14.125s] Invoked command in 'D:\a\pixi_rosdistro\pixi_rosdistro\build\yaml_cpp_vendor' returned '0': AMENT_PREFIX_PATH=D:\a\pixi_rosdistro\pixi_rosdistro\install CMAKE_PREFIX_PATH=D:\a\pixi_rosdistro\pixi_rosdistro\install;D:\a\pixi_rosdistro\pixi_rosdistro\.pixi\envs\default\Library PATH=D:\a\pixi_rosdistro\pixi_rosdistro\install\Scripts;D:\a\pixi_rosdistro\pixi_rosdistro\install\bin;%PATH% PIXI_PROMPT=(ros2_rolling) PKG_CONFIG_PATH=D:\a\pixi_rosdistro\pixi_rosdistro\install\lib\pkgconfig PROMPT=$P$G PYTHONPATH=D:\a\pixi_rosdistro\pixi_rosdistro\install\Lib\site-packages ROS_DOMAIN_ID=63 D:\a\pixi_rosdistro\pixi_rosdistro\.pixi\envs\default\Library\bin\cmake.EXE --build D:\a\pixi_rosdistro\pixi_rosdistro\build\yaml_cpp_vendor -- -j4 -l4
[14.125s] Invoking command in 'D:\a\pixi_rosdistro\pixi_rosdistro\build\yaml_cpp_vendor': AMENT_PREFIX_PATH=D:\a\pixi_rosdistro\pixi_rosdistro\install CMAKE_PREFIX_PATH=D:\a\pixi_rosdistro\pixi_rosdistro\install;D:\a\pixi_rosdistro\pixi_rosdistro\.pixi\envs\default\Library PATH=D:\a\pixi_rosdistro\pixi_rosdistro\install\Scripts;D:\a\pixi_rosdistro\pixi_rosdistro\install\bin;%PATH% PIXI_PROMPT=(ros2_rolling) PKG_CONFIG_PATH=D:\a\pixi_rosdistro\pixi_rosdistro\install\lib\pkgconfig PROMPT=$P$G PYTHONPATH=D:\a\pixi_rosdistro\pixi_rosdistro\install\Lib\site-packages ROS_DOMAIN_ID=63 D:\a\pixi_rosdistro\pixi_rosdistro\.pixi\envs\default\Library\bin\cmake.EXE --install D:\a\pixi_rosdistro\pixi_rosdistro\build\yaml_cpp_vendor
[14.157s] -- Install configuration: "Release"
[14.157s] -- Installing: D:/a/pixi_rosdistro/pixi_rosdistro/install/share/yaml_cpp_vendor/cmake
[14.157s] -- Installing: D:/a/pixi_rosdistro/pixi_rosdistro/install/share/yaml_cpp_vendor/cmake/Modules
[14.172s] -- Installing: D:/a/pixi_rosdistro/pixi_rosdistro/install/share/yaml_cpp_vendor/cmake/Modules/Findyaml-cpp.cmake
[14.172s] -- Installing: D:/a/pixi_rosdistro/pixi_rosdistro/install/share/ament_index/resource_index/package_run_dependencies/yaml_cpp_vendor
[14.172s] -- Installing: D:/a/pixi_rosdistro/pixi_rosdistro/install/share/ament_index/resource_index/parent_prefix_path/yaml_cpp_vendor
[14.172s] -- Installing: D:/a/pixi_rosdistro/pixi_rosdistro/install/share/yaml_cpp_vendor/environment/ament_prefix_path.bat
[14.172s] -- Installing: D:/a/pixi_rosdistro/pixi_rosdistro/install/share/yaml_cpp_vendor/environment/ament_prefix_path.dsv
[14.172s] -- Installing: D:/a/pixi_rosdistro/pixi_rosdistro/install/share/yaml_cpp_vendor/environment/path.bat
[14.172s] -- Installing: D:/a/pixi_rosdistro/pixi_rosdistro/install/share/yaml_cpp_vendor/environment/path.dsv
[14.172s] -- Installing: D:/a/pixi_rosdistro/pixi_rosdistro/install/share/yaml_cpp_vendor/local_setup.bat
[14.172s] -- Installing: D:/a/pixi_rosdistro/pixi_rosdistro/install/share/yaml_cpp_vendor/local_setup.dsv
[14.172s] -- Installing: D:/a/pixi_rosdistro/pixi_rosdistro/install/share/yaml_cpp_vendor/package.dsv
[14.172s] -- Installing: D:/a/pixi_rosdistro/pixi_rosdistro/install/share/ament_index/resource_index/packages/yaml_cpp_vendor
[14.172s] -- Installing: D:/a/pixi_rosdistro/pixi_rosdistro/install/share/yaml_cpp_vendor/cmake/yaml_cpp_vendor-extras.cmake
[14.172s] -- Installing: D:/a/pixi_rosdistro/pixi_rosdistro/install/share/yaml_cpp_vendor/cmake/yaml_cpp_vendorConfig.cmake
[14.172s] -- Installing: D:/a/pixi_rosdistro/pixi_rosdistro/install/share/yaml_cpp_vendor/cmake/yaml_cpp_vendorConfig-version.cmake
[14.172s] -- Installing: D:/a/pixi_rosdistro/pixi_rosdistro/install/share/yaml_cpp_vendor/package.xml
[14.188s] Invoked command in 'D:\a\pixi_rosdistro\pixi_rosdistro\build\yaml_cpp_vendor' returned '0': AMENT_PREFIX_PATH=D:\a\pixi_rosdistro\pixi_rosdistro\install CMAKE_PREFIX_PATH=D:\a\pixi_rosdistro\pixi_rosdistro\install;D:\a\pixi_rosdistro\pixi_rosdistro\.pixi\envs\default\Library PATH=D:\a\pixi_rosdistro\pixi_rosdistro\install\Scripts;D:\a\pixi_rosdistro\pixi_rosdistro\install\bin;%PATH% PIXI_PROMPT=(ros2_rolling) PKG_CONFIG_PATH=D:\a\pixi_rosdistro\pixi_rosdistro\install\lib\pkgconfig PROMPT=$P$G PYTHONPATH=D:\a\pixi_rosdistro\pixi_rosdistro\install\Lib\site-packages ROS_DOMAIN_ID=63 D:\a\pixi_rosdistro\pixi_rosdistro\.pixi\envs\default\Library\bin\cmake.EXE --install D:\a\pixi_rosdistro\pixi_rosdistro\build\yaml_cpp_vendor
