[1.633s] Invoking command in '/home/runner/work/pixi_rosdistro/pixi_rosdistro/build/foonathan_memory_vendor': AMENT_PREFIX_PATH=/home/runner/work/pixi_rosdistro/pixi_rosdistro/install CMAKE_PREFIX_PATH=/home/runner/work/pixi_rosdistro/pixi_rosdistro/install:${CMAKE_PREFIX_PATH} LD_LIBRARY_PATH=/home/runner/work/pixi_rosdistro/pixi_rosdistro/install/lib PATH=/home/runner/work/pixi_rosdistro/pixi_rosdistro/install/bin:/opt/microsoft/powershell/7:${PATH} PIXI_PROMPT=(ros2_rolling) PSModulePath=/home/runner/.local/share/powershell/Modules:${PSModulePath} PYTHONPATH=/home/runner/work/pixi_rosdistro/pixi_rosdistro/install/lib/python3.14/site-packages ROS_DOMAIN_ID=53 /home/runner/work/pixi_rosdistro/pixi_rosdistro/.pixi/envs/default/bin/cmake /home/runner/work/pixi_rosdistro/pixi_rosdistro/src/eProsima/foonathan_memory_vendor -GNinja --no-warn-unused-cli -DCMAKE_BUILD_TYPE=Release -DCMAKE_BUILD_WITH_INSTALL_RPATH:bool=TRUE -DCMAKE_POLICY_VERSION_MINIMUM=3.5 -Wno-deprecated -DSTACK_DETAILS_AUTO_DETECT:bool=FALSE -DSTACK_DETAILS_BFD:bool=FALSE -DCMAKE_INSTALL_PREFIX=/home/runner/work/pixi_rosdistro/pixi_rosdistro/install
[1.698s] Not searching for unused variables given on the command line.
[1.698s] -- The C compiler identification is GNU 14.3.0
[1.793s] -- The CXX compiler identification is GNU 14.3.0
[1.807s] -- Detecting C compiler ABI info
[1.957s] -- Detecting C compiler ABI info - done
[1.979s] -- Check for working C compiler: /home/runner/work/pixi_rosdistro/pixi_rosdistro/.pixi/envs/default/bin/x86_64-conda-linux-gnu-cc - skipped
[1.979s] -- Detecting C compile features
[1.980s] -- Detecting C compile features - done
[1.994s] -- Detecting CXX compiler ABI info
[2.166s] -- Detecting CXX compiler ABI info - done
[2.202s] -- Check for working CXX compiler: /home/runner/work/pixi_rosdistro/pixi_rosdistro/.pixi/envs/default/bin/x86_64-conda-linux-gnu-c++ - skipped
[2.202s] -- Detecting CXX compile features
[2.204s] -- Detecting CXX compile features - done
[2.245s] foonathan_memory not found.
[2.533s] -- Configuring done (0.9s)
[2.533s] -- Generating done (0.0s)
[2.533s] -- Build files have been written to: /home/runner/work/pixi_rosdistro/pixi_rosdistro/build/foonathan_memory_vendor
[2.533s] Invoked command in '/home/runner/work/pixi_rosdistro/pixi_rosdistro/build/foonathan_memory_vendor' returned '0': AMENT_PREFIX_PATH=/home/runner/work/pixi_rosdistro/pixi_rosdistro/install CMAKE_PREFIX_PATH=/home/runner/work/pixi_rosdistro/pixi_rosdistro/install:${CMAKE_PREFIX_PATH} LD_LIBRARY_PATH=/home/runner/work/pixi_rosdistro/pixi_rosdistro/install/lib PATH=/home/runner/work/pixi_rosdistro/pixi_rosdistro/install/bin:/opt/microsoft/powershell/7:${PATH} PIXI_PROMPT=(ros2_rolling) PSModulePath=/home/runner/.local/share/powershell/Modules:${PSModulePath} PYTHONPATH=/home/runner/work/pixi_rosdistro/pixi_rosdistro/install/lib/python3.14/site-packages ROS_DOMAIN_ID=53 /home/runner/work/pixi_rosdistro/pixi_rosdistro/.pixi/envs/default/bin/cmake /home/runner/work/pixi_rosdistro/pixi_rosdistro/src/eProsima/foonathan_memory_vendor -GNinja --no-warn-unused-cli -DCMAKE_BUILD_TYPE=Release -DCMAKE_BUILD_WITH_INSTALL_RPATH:bool=TRUE -DCMAKE_POLICY_VERSION_MINIMUM=3.5 -Wno-deprecated -DSTACK_DETAILS_AUTO_DETECT:bool=FALSE -DSTACK_DETAILS_BFD:bool=FALSE -DCMAKE_INSTALL_PREFIX=/home/runner/work/pixi_rosdistro/pixi_rosdistro/install
[2.534s] Invoking command in '/home/runner/work/pixi_rosdistro/pixi_rosdistro/build/foonathan_memory_vendor': AMENT_PREFIX_PATH=/home/runner/work/pixi_rosdistro/pixi_rosdistro/install CMAKE_PREFIX_PATH=/home/runner/work/pixi_rosdistro/pixi_rosdistro/install:${CMAKE_PREFIX_PATH} LD_LIBRARY_PATH=/home/runner/work/pixi_rosdistro/pixi_rosdistro/install/lib PATH=/home/runner/work/pixi_rosdistro/pixi_rosdistro/install/bin:/opt/microsoft/powershell/7:${PATH} PIXI_PROMPT=(ros2_rolling) PSModulePath=/home/runner/.local/share/powershell/Modules:${PSModulePath} PYTHONPATH=/home/runner/work/pixi_rosdistro/pixi_rosdistro/install/lib/python3.14/site-packages ROS_DOMAIN_ID=53 /home/runner/work/pixi_rosdistro/pixi_rosdistro/.pixi/envs/default/bin/cmake --build /home/runner/work/pixi_rosdistro/pixi_rosdistro/build/foonathan_memory_vendor -- -j4 -l4
[2.555s] [1/8] Creating directories for 'foo_mem-ext'
[3.579s] [2/8] Performing download step (git clone) for 'foo_mem-ext'
[3.579s] Cloning into 'foo_mem-ext'...
[3.579s] HEAD is now at 1de8562 Avoid using `__func__`
[3.591s] [3/8] No update step for 'foo_mem-ext'
[3.602s] [4/8] No patch step for 'foo_mem-ext'
[23.959s] [5/8] Performing configure step for 'foo_mem-ext'
[23.960s] -- The C compiler identification is GNU 14.3.0
[23.960s] -- The CXX compiler identification is GNU 14.3.0
[23.960s] -- Detecting C compiler ABI info
[23.960s] -- Detecting C compiler ABI info - done
[23.960s] -- Check for working C compiler: /home/runner/work/pixi_rosdistro/pixi_rosdistro/.pixi/envs/default/bin/x86_64-conda-linux-gnu-cc - skipped
[23.960s] -- Detecting C compile features
[23.960s] -- Detecting C compile features - done
[23.960s] -- Detecting CXX compiler ABI info
[23.960s] -- Detecting CXX compiler ABI info - done
[23.961s] -- Check for working CXX compiler: /home/runner/work/pixi_rosdistro/pixi_rosdistro/.pixi/envs/default/bin/x86_64-conda-linux-gnu-c++ - skipped
[23.961s] -- Detecting CXX compile features
[23.961s] -- Detecting CXX compile features - done
[23.961s] -- Performing Test HAVE_CXX_ATOMIC_NOFLAG
[23.961s] -- Performing Test HAVE_CXX_ATOMIC_NOFLAG - Success
[23.961s] -- Getting container node sizes
[23.961s] -- Configuring done (20.3s)
[23.962s] -- Generating done (0.0s)
[23.962s] -- Build files have been written to: /home/runner/work/pixi_rosdistro/pixi_rosdistro/build/foonathan_memory_vendor/foo_mem-ext-prefix/src/foo_mem-ext-build
[25.585s] [6/8] Performing build step for 'foo_mem-ext'
[25.585s] [1/22] Building CXX object src/CMakeFiles/foonathan_memory.dir/detail/align.cpp.o
[25.586s] [2/22] Building CXX object src/CMakeFiles/foonathan_memory.dir/detail/assert.cpp.o
[25.586s] [3/22] Building CXX object src/CMakeFiles/foonathan_memory.dir/detail/debug_helpers.cpp.o
[25.586s] [4/22] Building CXX object src/CMakeFiles/foonathan_memory.dir/detail/small_free_list.cpp.o
[25.586s] [5/22] Building CXX object src/CMakeFiles/foonathan_memory.dir/detail/free_list_array.cpp.o
[25.586s] [6/22] Building CXX object src/CMakeFiles/foonathan_memory.dir/debugging.cpp.o
[25.586s] [7/22] Building CXX object src/CMakeFiles/foonathan_memory.dir/error.cpp.o
[25.586s] [8/22] Building CXX object src/CMakeFiles/foonathan_memory.dir/detail/free_list.cpp.o
[25.586s] [9/22] Building CXX object src/CMakeFiles/foonathan_memory.dir/heap_allocator.cpp.o
[25.586s] [10/22] Building CXX object src/CMakeFiles/foonathan_memory.dir/malloc_allocator.cpp.o
[25.586s] [11/22] Building CXX object src/CMakeFiles/foonathan_memory.dir/iteration_allocator.cpp.o
[25.586s] [12/22] Building CXX object src/CMakeFiles/foonathan_memory.dir/memory_pool.cpp.o
[25.587s] [13/22] Building CXX object src/CMakeFiles/foonathan_memory.dir/memory_arena.cpp.o
[25.587s] [14/22] Building CXX object src/CMakeFiles/foonathan_memory.dir/memory_pool_collection.cpp.o
[25.587s] [15/22] Building CXX object src/CMakeFiles/foonathan_memory.dir/static_allocator.cpp.o
[25.587s] [16/22] Building CXX object src/CMakeFiles/foonathan_memory.dir/memory_stack.cpp.o
[25.587s] [17/22] Building CXX object src/CMakeFiles/foonathan_memory.dir/new_allocator.cpp.o
[25.587s] [18/22] Building CXX object src/CMakeFiles/foonathan_memory.dir/temporary_allocator.cpp.o
[25.587s] [19/22] Building CXX object src/CMakeFiles/foonathan_memory.dir/virtual_memory.cpp.o
[25.587s] [20/22] Linking CXX static library src/libfoonathan_memory-0.7.4.a
[25.587s] [21/22] Building CXX object tool/CMakeFiles/foonathan_memory_node_size_debugger.dir/node_size_debugger.cpp.o
[25.588s] [22/22] Linking CXX executable tool/nodesize_dbg
[25.633s] [7/8] Performing install step for 'foo_mem-ext'
[25.633s] [0/1] Install the project...
[25.633s] -- Install configuration: "Release"
[25.633s] -- Installing: /home/runner/work/pixi_rosdistro/pixi_rosdistro/build/foonathan_memory_vendor/foo_mem_ext_prj_install/lib/libfoonathan_memory-0.7.4.a
[25.633s] -- Installing: /home/runner/work/pixi_rosdistro/pixi_rosdistro/build/foonathan_memory_vendor/foo_mem_ext_prj_install/include/foonathan/memory/config_impl.hpp
[25.633s] -- Installing: /home/runner/work/pixi_rosdistro/pixi_rosdistro/build/foonathan_memory_vendor/foo_mem_ext_prj_install/include/foonathan/memory/detail/container_node_sizes_impl.hpp
[25.633s] -- Installing: /home/runner/work/pixi_rosdistro/pixi_rosdistro/build/foonathan_memory_vendor/foo_mem_ext_prj_install/include/foonathan/memory/aligned_allocator.hpp
[25.633s] -- Installing: /home/runner/work/pixi_rosdistro/pixi_rosdistro/build/foonathan_memory_vendor/foo_mem_ext_prj_install/include/foonathan/memory/allocator_storage.hpp
[25.634s] -- Installing: /home/runner/work/pixi_rosdistro/pixi_rosdistro/build/foonathan_memory_vendor/foo_mem_ext_prj_install/include/foonathan/memory/allocator_traits.hpp
[25.634s] -- Installing: /home/runner/work/pixi_rosdistro/pixi_rosdistro/build/foonathan_memory_vendor/foo_mem_ext_prj_install/include/foonathan/memory/config.hpp
[25.634s] -- Installing: /home/runner/work/pixi_rosdistro/pixi_rosdistro/build/foonathan_memory_vendor/foo_mem_ext_prj_install/include/foonathan/memory/container.hpp
[25.634s] -- Installing: /home/runner/work/pixi_rosdistro/pixi_rosdistro/build/foonathan_memory_vendor/foo_mem_ext_prj_install/include/foonathan/memory/debugging.hpp
[25.634s] -- Installing: /home/runner/work/pixi_rosdistro/pixi_rosdistro/build/foonathan_memory_vendor/foo_mem_ext_prj_install/include/foonathan/memory/default_allocator.hpp
[25.634s] -- Installing: /home/runner/work/pixi_rosdistro/pixi_rosdistro/build/foonathan_memory_vendor/foo_mem_ext_prj_install/include/foonathan/memory/deleter.hpp
[25.634s] -- Installing: /home/runner/work/pixi_rosdistro/pixi_rosdistro/build/foonathan_memory_vendor/foo_mem_ext_prj_install/include/foonathan/memory/error.hpp
[25.634s] -- Installing: /home/runner/work/pixi_rosdistro/pixi_rosdistro/build/foonathan_memory_vendor/foo_mem_ext_prj_install/include/foonathan/memory/fallback_allocator.hpp
[25.634s] -- Installing: /home/runner/work/pixi_rosdistro/pixi_rosdistro/build/foonathan_memory_vendor/foo_mem_ext_prj_install/include/foonathan/memory/malloc_allocator.hpp
[25.634s] -- Installing: /home/runner/work/pixi_rosdistro/pixi_rosdistro/build/foonathan_memory_vendor/foo_mem_ext_prj_install/include/foonathan/memory/heap_allocator.hpp
[25.634s] -- Installing: /home/runner/work/pixi_rosdistro/pixi_rosdistro/build/foonathan_memory_vendor/foo_mem_ext_prj_install/include/foonathan/memory/iteration_allocator.hpp
[25.634s] -- Installing: /home/runner/work/pixi_rosdistro/pixi_rosdistro/build/foonathan_memory_vendor/foo_mem_ext_prj_install/include/foonathan/memory/joint_allocator.hpp
[25.634s] -- Installing: /home/runner/work/pixi_rosdistro/pixi_rosdistro/build/foonathan_memory_vendor/foo_mem_ext_prj_install/include/foonathan/memory/memory_arena.hpp
[25.634s] -- Installing: /home/runner/work/pixi_rosdistro/pixi_rosdistro/build/foonathan_memory_vendor/foo_mem_ext_prj_install/include/foonathan/memory/memory_pool.hpp
[25.635s] -- Installing: /home/runner/work/pixi_rosdistro/pixi_rosdistro/build/foonathan_memory_vendor/foo_mem_ext_prj_install/include/foonathan/memory/memory_pool_collection.hpp
[25.635s] -- Installing: /home/runner/work/pixi_rosdistro/pixi_rosdistro/build/foonathan_memory_vendor/foo_mem_ext_prj_install/include/foonathan/memory/memory_pool_type.hpp
[25.635s] -- Installing: /home/runner/work/pixi_rosdistro/pixi_rosdistro/build/foonathan_memory_vendor/foo_mem_ext_prj_install/include/foonathan/memory/memory_resource_adapter.hpp
[25.635s] -- Installing: /home/runner/work/pixi_rosdistro/pixi_rosdistro/build/foonathan_memory_vendor/foo_mem_ext_prj_install/include/foonathan/memory/memory_stack.hpp
[25.635s] -- Installing: /home/runner/work/pixi_rosdistro/pixi_rosdistro/build/foonathan_memory_vendor/foo_mem_ext_prj_install/include/foonathan/memory/namespace_alias.hpp
[25.635s] -- Installing: /home/runner/work/pixi_rosdistro/pixi_rosdistro/build/foonathan_memory_vendor/foo_mem_ext_prj_install/include/foonathan/memory/new_allocator.hpp
[25.635s] -- Installing: /home/runner/work/pixi_rosdistro/pixi_rosdistro/build/foonathan_memory_vendor/foo_mem_ext_prj_install/include/foonathan/memory/segregator.hpp
[25.635s] -- Installing: /home/runner/work/pixi_rosdistro/pixi_rosdistro/build/foonathan_memory_vendor/foo_mem_ext_prj_install/include/foonathan/memory/smart_ptr.hpp
[25.639s] -- Installing: /home/runner/work/pixi_rosdistro/pixi_rosdistro/build/foonathan_memory_vendor/foo_mem_ext_prj_install/include/foonathan/memory/static_allocator.hpp
[25.639s] -- Installing: /home/runner/work/pixi_rosdistro/pixi_rosdistro/build/foonathan_memory_vendor/foo_mem_ext_prj_install/include/foonathan/memory/std_allocator.hpp
[25.639s] -- Installing: /home/runner/work/pixi_rosdistro/pixi_rosdistro/build/foonathan_memory_vendor/foo_mem_ext_prj_install/include/foonathan/memory/temporary_allocator.hpp
[25.639s] -- Installing: /home/runner/work/pixi_rosdistro/pixi_rosdistro/build/foonathan_memory_vendor/foo_mem_ext_prj_install/include/foonathan/memory/threading.hpp
[25.639s] -- Installing: /home/runner/work/pixi_rosdistro/pixi_rosdistro/build/foonathan_memory_vendor/foo_mem_ext_prj_install/include/foonathan/memory/tracking.hpp
[25.639s] -- Installing: /home/runner/work/pixi_rosdistro/pixi_rosdistro/build/foonathan_memory_vendor/foo_mem_ext_prj_install/include/foonathan/memory/virtual_memory.hpp
[25.639s] -- Installing: /home/runner/work/pixi_rosdistro/pixi_rosdistro/build/foonathan_memory_vendor/foo_mem_ext_prj_install/include/foonathan/memory/container_node_sizes_impl.hpp
[25.639s] -- Installing: /home/runner/work/pixi_rosdistro/pixi_rosdistro/build/foonathan_memory_vendor/foo_mem_ext_prj_install/include/foonathan/memory/detail/align.hpp
[25.639s] -- Installing: /home/runner/work/pixi_rosdistro/pixi_rosdistro/build/foonathan_memory_vendor/foo_mem_ext_prj_install/include/foonathan/memory/detail/assert.hpp
[25.639s] -- Installing: /home/runner/work/pixi_rosdistro/pixi_rosdistro/build/foonathan_memory_vendor/foo_mem_ext_prj_install/include/foonathan/memory/detail/container_node_sizes.hpp
[25.639s] -- Installing: /home/runner/work/pixi_rosdistro/pixi_rosdistro/build/foonathan_memory_vendor/foo_mem_ext_prj_install/include/foonathan/memory/detail/debug_helpers.hpp
[25.639s] -- Installing: /home/runner/work/pixi_rosdistro/pixi_rosdistro/build/foonathan_memory_vendor/foo_mem_ext_prj_install/include/foonathan/memory/detail/ebo_storage.hpp
[25.640s] -- Installing: /home/runner/work/pixi_rosdistro/pixi_rosdistro/build/foonathan_memory_vendor/foo_mem_ext_prj_install/include/foonathan/memory/detail/free_list.hpp
[25.640s] -- Installing: /home/runner/work/pixi_rosdistro/pixi_rosdistro/build/foonathan_memory_vendor/foo_mem_ext_prj_install/include/foonathan/memory/detail/free_list_array.hpp
[25.645s] -- Installing: /home/runner/work/pixi_rosdistro/pixi_rosdistro/build/foonathan_memory_vendor/foo_mem_ext_prj_install/include/foonathan/memory/detail/ilog2.hpp
[25.645s] -- Installing: /home/runner/work/pixi_rosdistro/pixi_rosdistro/build/foonathan_memory_vendor/foo_mem_ext_prj_install/include/foonathan/memory/detail/lowlevel_allocator.hpp
[25.645s] -- Installing: /home/runner/work/pixi_rosdistro/pixi_rosdistro/build/foonathan_memory_vendor/foo_mem_ext_prj_install/include/foonathan/memory/detail/memory_stack.hpp
[25.645s] -- Installing: /home/runner/work/pixi_rosdistro/pixi_rosdistro/build/foonathan_memory_vendor/foo_mem_ext_prj_install/include/foonathan/memory/detail/small_free_list.hpp
[25.645s] -- Installing: /home/runner/work/pixi_rosdistro/pixi_rosdistro/build/foonathan_memory_vendor/foo_mem_ext_prj_install/include/foonathan/memory/detail/utility.hpp
[25.646s] -- Installing: /home/runner/work/pixi_rosdistro/pixi_rosdistro/build/foonathan_memory_vendor/foo_mem_ext_prj_install/lib/foonathan_memory/cmake/foonathan_memory-config-version.cmake
[25.646s] -- Installing: /home/runner/work/pixi_rosdistro/pixi_rosdistro/build/foonathan_memory_vendor/foo_mem_ext_prj_install/bin/nodesize_dbg
[25.646s] -- Installing: /home/runner/work/pixi_rosdistro/pixi_rosdistro/build/foonathan_memory_vendor/foo_mem_ext_prj_install/share/foonathan_memory/LICENSE
[25.646s] -- Installing: /home/runner/work/pixi_rosdistro/pixi_rosdistro/build/foonathan_memory_vendor/foo_mem_ext_prj_install/share/foonathan_memory/README.md
[25.646s] -- Installing: /home/runner/work/pixi_rosdistro/pixi_rosdistro/build/foonathan_memory_vendor/foo_mem_ext_prj_install/lib/foonathan_memory/cmake/foonathan_memory-config.cmake
[25.646s] -- Installing: /home/runner/work/pixi_rosdistro/pixi_rosdistro/build/foonathan_memory_vendor/foo_mem_ext_prj_install/lib/foonathan_memory/cmake/foonathan_memory-config-release.cmake
[25.654s] [8/8] Completed 'foo_mem-ext'
[25.657s] Invoked command in '/home/runner/work/pixi_rosdistro/pixi_rosdistro/build/foonathan_memory_vendor' returned '0': AMENT_PREFIX_PATH=/home/runner/work/pixi_rosdistro/pixi_rosdistro/install CMAKE_PREFIX_PATH=/home/runner/work/pixi_rosdistro/pixi_rosdistro/install:${CMAKE_PREFIX_PATH} LD_LIBRARY_PATH=/home/runner/work/pixi_rosdistro/pixi_rosdistro/install/lib PATH=/home/runner/work/pixi_rosdistro/pixi_rosdistro/install/bin:/opt/microsoft/powershell/7:${PATH} PIXI_PROMPT=(ros2_rolling) PSModulePath=/home/runner/.local/share/powershell/Modules:${PSModulePath} PYTHONPATH=/home/runner/work/pixi_rosdistro/pixi_rosdistro/install/lib/python3.14/site-packages ROS_DOMAIN_ID=53 /home/runner/work/pixi_rosdistro/pixi_rosdistro/.pixi/envs/default/bin/cmake --build /home/runner/work/pixi_rosdistro/pixi_rosdistro/build/foonathan_memory_vendor -- -j4 -l4
[25.658s] Invoking command in '/home/runner/work/pixi_rosdistro/pixi_rosdistro/build/foonathan_memory_vendor': AMENT_PREFIX_PATH=/home/runner/work/pixi_rosdistro/pixi_rosdistro/install CMAKE_PREFIX_PATH=/home/runner/work/pixi_rosdistro/pixi_rosdistro/install:${CMAKE_PREFIX_PATH} LD_LIBRARY_PATH=/home/runner/work/pixi_rosdistro/pixi_rosdistro/install/lib PATH=/home/runner/work/pixi_rosdistro/pixi_rosdistro/install/bin:/opt/microsoft/powershell/7:${PATH} PIXI_PROMPT=(ros2_rolling) PSModulePath=/home/runner/.local/share/powershell/Modules:${PSModulePath} PYTHONPATH=/home/runner/work/pixi_rosdistro/pixi_rosdistro/install/lib/python3.14/site-packages ROS_DOMAIN_ID=53 /home/runner/work/pixi_rosdistro/pixi_rosdistro/.pixi/envs/default/bin/cmake --install /home/runner/work/pixi_rosdistro/pixi_rosdistro/build/foonathan_memory_vendor
[25.675s] -- Install configuration: "Release"
[25.676s] -- Up-to-date: /home/runner/work/pixi_rosdistro/pixi_rosdistro/install
[25.676s] -- Up-to-date: /home/runner/work/pixi_rosdistro/pixi_rosdistro/install/share
[25.676s] -- Installing: /home/runner/work/pixi_rosdistro/pixi_rosdistro/install/share/foonathan_memory
[25.676s] -- Installing: /home/runner/work/pixi_rosdistro/pixi_rosdistro/install/share/foonathan_memory/LICENSE
[25.676s] -- Installing: /home/runner/work/pixi_rosdistro/pixi_rosdistro/install/share/foonathan_memory/README.md
[25.679s] -- Up-to-date: /home/runner/work/pixi_rosdistro/pixi_rosdistro/install/include
[25.679s] -- Installing: /home/runner/work/pixi_rosdistro/pixi_rosdistro/install/include/foonathan
[25.679s] -- Installing: /home/runner/work/pixi_rosdistro/pixi_rosdistro/install/include/foonathan/memory
[25.679s] -- Installing: /home/runner/work/pixi_rosdistro/pixi_rosdistro/install/include/foonathan/memory/namespace_alias.hpp
[25.680s] -- Installing: /home/runner/work/pixi_rosdistro/pixi_rosdistro/install/include/foonathan/memory/tracking.hpp
[25.680s] -- Installing: /home/runner/work/pixi_rosdistro/pixi_rosdistro/install/include/foonathan/memory/allocator_storage.hpp
[25.680s] -- Installing: /home/runner/work/pixi_rosdistro/pixi_rosdistro/install/include/foonathan/memory/container.hpp
[25.680s] -- Installing: /home/runner/work/pixi_rosdistro/pixi_rosdistro/install/include/foonathan/memory/deleter.hpp
[25.680s] -- Installing: /home/runner/work/pixi_rosdistro/pixi_rosdistro/install/include/foonathan/memory/smart_ptr.hpp
[25.681s] -- Installing: /home/runner/work/pixi_rosdistro/pixi_rosdistro/install/include/foonathan/memory/container_node_sizes_impl.hpp
[25.681s] -- Installing: /home/runner/work/pixi_rosdistro/pixi_rosdistro/install/include/foonathan/memory/allocator_traits.hpp
[25.681s] -- Installing: /home/runner/work/pixi_rosdistro/pixi_rosdistro/install/include/foonathan/memory/config.hpp
[25.681s] -- Installing: /home/runner/work/pixi_rosdistro/pixi_rosdistro/install/include/foonathan/memory/fallback_allocator.hpp
[25.681s] -- Installing: /home/runner/work/pixi_rosdistro/pixi_rosdistro/install/include/foonathan/memory/config_impl.hpp
[25.681s] -- Installing: /home/runner/work/pixi_rosdistro/pixi_rosdistro/install/include/foonathan/memory/memory_arena.hpp
[25.681s] -- Installing: /home/runner/work/pixi_rosdistro/pixi_rosdistro/install/include/foonathan/memory/segregator.hpp
[25.681s] -- Installing: /home/runner/work/pixi_rosdistro/pixi_rosdistro/install/include/foonathan/memory/memory_pool_type.hpp
[25.681s] -- Installing: /home/runner/work/pixi_rosdistro/pixi_rosdistro/install/include/foonathan/memory/joint_allocator.hpp
[25.685s] -- Installing: /home/runner/work/pixi_rosdistro/pixi_rosdistro/install/include/foonathan/memory/temporary_allocator.hpp
[25.686s] -- Installing: /home/runner/work/pixi_rosdistro/pixi_rosdistro/install/include/foonathan/memory/memory_pool.hpp
[25.686s] -- Installing: /home/runner/work/pixi_rosdistro/pixi_rosdistro/install/include/foonathan/memory/threading.hpp
[25.686s] -- Installing: /home/runner/work/pixi_rosdistro/pixi_rosdistro/install/include/foonathan/memory/debugging.hpp
[25.686s] -- Installing: /home/runner/work/pixi_rosdistro/pixi_rosdistro/install/include/foonathan/memory/malloc_allocator.hpp
[25.686s] -- Installing: /home/runner/work/pixi_rosdistro/pixi_rosdistro/install/include/foonathan/memory/error.hpp
[25.686s] -- Installing: /home/runner/work/pixi_rosdistro/pixi_rosdistro/install/include/foonathan/memory/memory_resource_adapter.hpp
[25.686s] -- Installing: /home/runner/work/pixi_rosdistro/pixi_rosdistro/install/include/foonathan/memory/static_allocator.hpp
[25.687s] -- Installing: /home/runner/work/pixi_rosdistro/pixi_rosdistro/install/include/foonathan/memory/aligned_allocator.hpp
[25.687s] -- Installing: /home/runner/work/pixi_rosdistro/pixi_rosdistro/install/include/foonathan/memory/memory_stack.hpp
[25.689s] -- Installing: /home/runner/work/pixi_rosdistro/pixi_rosdistro/install/include/foonathan/memory/new_allocator.hpp
[25.689s] -- Installing: /home/runner/work/pixi_rosdistro/pixi_rosdistro/install/include/foonathan/memory/heap_allocator.hpp
[25.689s] -- Installing: /home/runner/work/pixi_rosdistro/pixi_rosdistro/install/include/foonathan/memory/default_allocator.hpp
[25.691s] -- Installing: /home/runner/work/pixi_rosdistro/pixi_rosdistro/install/include/foonathan/memory/memory_pool_collection.hpp
[25.691s] -- Installing: /home/runner/work/pixi_rosdistro/pixi_rosdistro/install/include/foonathan/memory/iteration_allocator.hpp
[25.691s] -- Installing: /home/runner/work/pixi_rosdistro/pixi_rosdistro/install/include/foonathan/memory/std_allocator.hpp
[25.691s] -- Installing: /home/runner/work/pixi_rosdistro/pixi_rosdistro/install/include/foonathan/memory/detail
[25.691s] -- Installing: /home/runner/work/pixi_rosdistro/pixi_rosdistro/install/include/foonathan/memory/detail/free_list.hpp
[25.691s] -- Installing: /home/runner/work/pixi_rosdistro/pixi_rosdistro/install/include/foonathan/memory/detail/free_list_array.hpp
[25.691s] -- Installing: /home/runner/work/pixi_rosdistro/pixi_rosdistro/install/include/foonathan/memory/detail/align.hpp
[25.692s] -- Installing: /home/runner/work/pixi_rosdistro/pixi_rosdistro/install/include/foonathan/memory/detail/ebo_storage.hpp
[25.692s] -- Installing: /home/runner/work/pixi_rosdistro/pixi_rosdistro/install/include/foonathan/memory/detail/assert.hpp
[25.692s] -- Installing: /home/runner/work/pixi_rosdistro/pixi_rosdistro/install/include/foonathan/memory/detail/small_free_list.hpp
[25.692s] -- Installing: /home/runner/work/pixi_rosdistro/pixi_rosdistro/install/include/foonathan/memory/detail/utility.hpp
[25.692s] -- Installing: /home/runner/work/pixi_rosdistro/pixi_rosdistro/install/include/foonathan/memory/detail/container_node_sizes_impl.hpp
[25.693s] -- Installing: /home/runner/work/pixi_rosdistro/pixi_rosdistro/install/include/foonathan/memory/detail/debug_helpers.hpp
[25.699s] -- Installing: /home/runner/work/pixi_rosdistro/pixi_rosdistro/install/include/foonathan/memory/detail/lowlevel_allocator.hpp
[25.699s] -- Installing: /home/runner/work/pixi_rosdistro/pixi_rosdistro/install/include/foonathan/memory/detail/ilog2.hpp
[25.699s] -- Installing: /home/runner/work/pixi_rosdistro/pixi_rosdistro/install/include/foonathan/memory/detail/memory_stack.hpp
[25.699s] -- Installing: /home/runner/work/pixi_rosdistro/pixi_rosdistro/install/include/foonathan/memory/detail/container_node_sizes.hpp
[25.700s] -- Installing: /home/runner/work/pixi_rosdistro/pixi_rosdistro/install/include/foonathan/memory/virtual_memory.hpp
[25.700s] -- Up-to-date: /home/runner/work/pixi_rosdistro/pixi_rosdistro/install/lib
[25.700s] -- Installing: /home/runner/work/pixi_rosdistro/pixi_rosdistro/install/lib/foonathan_memory
[25.700s] -- Installing: /home/runner/work/pixi_rosdistro/pixi_rosdistro/install/lib/foonathan_memory/cmake
[25.700s] -- Installing: /home/runner/work/pixi_rosdistro/pixi_rosdistro/install/lib/foonathan_memory/cmake/foonathan_memory-config-release.cmake
[25.700s] -- Installing: /home/runner/work/pixi_rosdistro/pixi_rosdistro/install/lib/foonathan_memory/cmake/foonathan_memory-config.cmake
[25.700s] -- Installing: /home/runner/work/pixi_rosdistro/pixi_rosdistro/install/lib/foonathan_memory/cmake/foonathan_memory-config-version.cmake
[25.700s] -- Installing: /home/runner/work/pixi_rosdistro/pixi_rosdistro/install/lib/libfoonathan_memory-0.7.4.a
[25.700s] -- Up-to-date: /home/runner/work/pixi_rosdistro/pixi_rosdistro/install/bin
[25.701s] -- Installing: /home/runner/work/pixi_rosdistro/pixi_rosdistro/install/bin/nodesize_dbg
[25.701s] -- Installing: /home/runner/work/pixi_rosdistro/pixi_rosdistro/install/share/foonathan_memory_vendor/package.xml
[25.701s] -- Installing: /home/runner/work/pixi_rosdistro/pixi_rosdistro/install/share/foonathan_memory_vendor/cmake/foonathan_memory_vendorConfig.cmake
[25.701s] -- Installing: /home/runner/work/pixi_rosdistro/pixi_rosdistro/install/share/foonathan_memory_vendor/cmake/foonathan_memory_vendorConfig-version.cmake
[25.713s] Invoked command in '/home/runner/work/pixi_rosdistro/pixi_rosdistro/build/foonathan_memory_vendor' returned '0': AMENT_PREFIX_PATH=/home/runner/work/pixi_rosdistro/pixi_rosdistro/install CMAKE_PREFIX_PATH=/home/runner/work/pixi_rosdistro/pixi_rosdistro/install:${CMAKE_PREFIX_PATH} LD_LIBRARY_PATH=/home/runner/work/pixi_rosdistro/pixi_rosdistro/install/lib PATH=/home/runner/work/pixi_rosdistro/pixi_rosdistro/install/bin:/opt/microsoft/powershell/7:${PATH} PIXI_PROMPT=(ros2_rolling) PSModulePath=/home/runner/.local/share/powershell/Modules:${PSModulePath} PYTHONPATH=/home/runner/work/pixi_rosdistro/pixi_rosdistro/install/lib/python3.14/site-packages ROS_DOMAIN_ID=53 /home/runner/work/pixi_rosdistro/pixi_rosdistro/.pixi/envs/default/bin/cmake --install /home/runner/work/pixi_rosdistro/pixi_rosdistro/build/foonathan_memory_vendor
