Not searching for unused variables given on the command line.
-- The C compiler identification is GNU 14.3.0
-- The CXX compiler identification is GNU 14.3.0
-- Detecting C compiler ABI info
-- Detecting C compiler ABI info - done
-- Check for working C compiler: /home/runner/work/pixi_rosdistro/pixi_rosdistro/.pixi/envs/default/bin/x86_64-conda-linux-gnu-cc - skipped
-- Detecting C compile features
-- Detecting C compile features - done
-- Detecting CXX compiler ABI info
-- Detecting CXX compiler ABI info - done
-- Check for working CXX compiler: /home/runner/work/pixi_rosdistro/pixi_rosdistro/.pixi/envs/default/bin/x86_64-conda-linux-gnu-c++ - skipped
-- Detecting CXX compile features
-- Detecting CXX compile features - done
-- Found ament_cmake: 2.8.6 (/home/runner/work/pixi_rosdistro/pixi_rosdistro/install/share/ament_cmake/cmake)
-- Found ament_index_cpp: 1.13.2 (/home/runner/work/pixi_rosdistro/pixi_rosdistro/install/share/ament_index_cpp/cmake)
-- Found nlohmann_json: /home/runner/work/pixi_rosdistro/pixi_rosdistro/.pixi/envs/default/share/cmake/nlohmann_json/nlohmann_jsonConfig.cmake (found version "3.12.0")
-- Found rcpputils: 2.14.3 (/home/runner/work/pixi_rosdistro/pixi_rosdistro/install/share/rcpputils/cmake)
-- Found rosidl_typesupport_fastrtps_c: 3.9.3 (/home/runner/work/pixi_rosdistro/pixi_rosdistro/install/share/rosidl_typesupport_fastrtps_c/cmake)
-- Found rosidl_generator_c: 5.1.3 (/home/runner/work/pixi_rosdistro/pixi_rosdistro/install/share/rosidl_generator_c/cmake)
-- Found rosidl_typesupport_fastrtps_cpp: 3.9.3 (/home/runner/work/pixi_rosdistro/pixi_rosdistro/install/share/rosidl_typesupport_fastrtps_cpp/cmake)
-- Found rosidl_generator_cpp: 5.1.3 (/home/runner/work/pixi_rosdistro/pixi_rosdistro/install/share/rosidl_generator_cpp/cmake)
-- Found rmw_test_fixture: 0.15.6 (/home/runner/work/pixi_rosdistro/pixi_rosdistro/install/share/rmw_test_fixture/cmake)
-- Found tracetools: 8.10.1 (/home/runner/work/pixi_rosdistro/pixi_rosdistro/install/share/tracetools/cmake)
-- Found zenoh_cpp_vendor: 0.10.2 (/home/runner/work/pixi_rosdistro/pixi_rosdistro/install/share/zenoh_cpp_vendor/cmake)
-- defined lib target zenohcxx::zenohc for zenohc::lib
-- Found ament_cmake_copyright: 0.20.3 (/home/runner/work/pixi_rosdistro/pixi_rosdistro/install/share/ament_cmake_copyright/cmake)
-- Found ament_cmake_cpplint: 0.20.3 (/home/runner/work/pixi_rosdistro/pixi_rosdistro/install/share/ament_cmake_cpplint/cmake)
-- Found ament_cmake_lint_cmake: 0.20.3 (/home/runner/work/pixi_rosdistro/pixi_rosdistro/install/share/ament_cmake_lint_cmake/cmake)
-- Found ament_cmake_uncrustify: 0.20.3 (/home/runner/work/pixi_rosdistro/pixi_rosdistro/install/share/ament_cmake_uncrustify/cmake)
-- Found ament_cmake_xmllint: 0.20.3 (/home/runner/work/pixi_rosdistro/pixi_rosdistro/install/share/ament_cmake_xmllint/cmake)
-- Configuring done (1.5s)
-- Generating done (0.0s)
-- Build files have been written to: /home/runner/work/pixi_rosdistro/pixi_rosdistro/build/rmw_zenoh_cpp
[1/45] Building CXX object CMakeFiles/rmw_zenoh_cpp.dir/src/detail/attachment_helpers.cpp.o
[2/45] Building CXX object CMakeFiles/rmw_zenoh_cpp.dir/src/detail/cdr.cpp.o
[3/45] Building CXX object CMakeFiles/rmw_zenoh_cpp.dir/src/detail/event.cpp.o
[4/45] Building CXX object CMakeFiles/rmw_zenoh_cpp.dir/src/detail/identifier.cpp.o
[5/45] Building CXX object CMakeFiles/rmw_zenoh_cpp.dir/src/detail/graph_cache.cpp.o
[6/45] Building CXX object CMakeFiles/rmw_zenoh_cpp.dir/src/detail/guard_condition.cpp.o
[7/45] Building CXX object CMakeFiles/rmw_zenoh_cpp.dir/src/detail/liveliness_utils.cpp.o
[8/45] Building CXX object CMakeFiles/rmw_zenoh_cpp.dir/src/detail/logging.cpp.o
[9/45] Building CXX object CMakeFiles/rmw_zenoh_cpp.dir/src/detail/message_type_support.cpp.o
[10/45] Building CXX object CMakeFiles/rmw_zenoh_cpp.dir/src/detail/qos.cpp.o
[11/45] Building CXX object CMakeFiles/rmw_zenoh_cpp.dir/src/detail/rmw_client_data.cpp.o
[12/45] Building CXX object CMakeFiles/rmw_zenoh_cpp.dir/src/detail/rmw_context_impl_s.cpp.o
[13/45] Building CXX object CMakeFiles/rmw_zenoh_cpp.dir/src/detail/rmw_publisher_data.cpp.o
[14/45] Building CXX object CMakeFiles/rmw_zenoh_cpp.dir/src/detail/rmw_node_data.cpp.o
[15/45] Building CXX object CMakeFiles/rmw_zenoh_cpp.dir/src/detail/rmw_service_data.cpp.o
[16/45] Building CXX object CMakeFiles/rmw_zenoh_cpp.dir/src/detail/rmw_subscription_data.cpp.o
[17/45] Building CXX object CMakeFiles/rmw_zenoh_cpp.dir/src/detail/service_type_support.cpp.o
[18/45] Building CXX object CMakeFiles/rmw_zenoh_cpp.dir/src/detail/simplified_xxhash3.cpp.o
[19/45] Building CXX object CMakeFiles/rmw_zenoh_cpp.dir/src/detail/type_support.cpp.o
[20/45] Building CXX object CMakeFiles/rmw_zenoh_cpp.dir/src/detail/type_support_common.cpp.o
[21/45] Building CXX object CMakeFiles/rmw_zenoh_cpp.dir/src/detail/zenoh_config.cpp.o
[22/45] Building CXX object CMakeFiles/rmw_zenoh_cpp.dir/src/detail/zenoh_utils.cpp.o
[23/45] Building CXX object CMakeFiles/rmw_zenoh_cpp.dir/src/rmw_event.cpp.o
[24/45] Building CXX object CMakeFiles/rmw_zenoh_cpp.dir/src/rmw_get_network_flow_endpoints.cpp.o
[25/45] Building CXX object CMakeFiles/rmw_zenoh_cpp.dir/src/rmw_get_node_info_and_types.cpp.o
[26/45] Building CXX object CMakeFiles/rmw_zenoh_cpp.dir/src/rmw_get_service_endpoint_info.cpp.o
[27/45] Building CXX object CMakeFiles/rmw_zenoh_cpp.dir/src/rmw_get_service_names_and_types.cpp.o
[28/45] Building CXX object CMakeFiles/rmw_zenoh_cpp.dir/src/rmw_get_topic_endpoint_info.cpp.o
[29/45] Building CXX object CMakeFiles/rmw_zenoh_cpp.dir/src/rmw_get_topic_names_and_types.cpp.o
[30/45] Building CXX object CMakeFiles/rmw_zenoh_cpp.dir/src/rmw_init_options.cpp.o
[31/45] Building CXX object CMakeFiles/rmw_zenoh_cpp.dir/src/rmw_init.cpp.o
[32/45] Building CXX object CMakeFiles/rmw_zenoh_cpp.dir/src/rmw_qos.cpp.o
[33/45] Building CXX object CMakeFiles/rmw_zenoh_cpp.dir/src/rmw_zenoh.cpp.o
[34/45] Building CXX object CMakeFiles/rmw_zenoh_cpp_test_fixture.dir/src/detail/logging.cpp.o
[35/45] Building CXX object CMakeFiles/rmw_zenoh_cpp_test_fixture.dir/src/detail/zenoh_config.cpp.o
[36/45] Building CXX object CMakeFiles/rmw_zenoh_cpp_test_fixture.dir/src/rmw_test_fixture.cpp.o
[37/45] Building CXX object CMakeFiles/rmw_zenohd.dir/src/detail/liveliness_utils.cpp.o
[38/45] Building CXX object CMakeFiles/rmw_zenohd.dir/src/detail/logging.cpp.o
[39/45] Building CXX object CMakeFiles/rmw_zenohd.dir/src/detail/qos.cpp.o
[40/45] Building CXX object CMakeFiles/rmw_zenohd.dir/src/detail/simplified_xxhash3.cpp.o
[41/45] Building CXX object CMakeFiles/rmw_zenohd.dir/src/detail/zenoh_config.cpp.o
[42/45] Building CXX object CMakeFiles/rmw_zenohd.dir/src/zenohd/main.cpp.o
[43/45] Linking CXX shared library librmw_zenoh_cpp.so
[44/45] Linking CXX shared library librmw_zenoh_cpp_test_fixture.so
[45/45] Linking CXX executable rmw_zenohd
-- Install configuration: "Release"
-- Installing: /home/runner/work/pixi_rosdistro/pixi_rosdistro/install/share/ament_index/resource_index/rmw_typesupport_c/rmw_zenoh_cpp
-- Installing: /home/runner/work/pixi_rosdistro/pixi_rosdistro/install/share/ament_index/resource_index/rmw_typesupport_cpp/rmw_zenoh_cpp
-- Installing: /home/runner/work/pixi_rosdistro/pixi_rosdistro/install/share/ament_index/resource_index/rmw_typesupport/rmw_zenoh_cpp
-- Installing: /home/runner/work/pixi_rosdistro/pixi_rosdistro/install/lib/librmw_zenoh_cpp.so
-- Installing: /home/runner/work/pixi_rosdistro/pixi_rosdistro/install/lib/librmw_zenoh_cpp_test_fixture.so
-- Installing: /home/runner/work/pixi_rosdistro/pixi_rosdistro/install/share/rmw_zenoh_cpp/config
-- Installing: /home/runner/work/pixi_rosdistro/pixi_rosdistro/install/share/rmw_zenoh_cpp/config/DEFAULT_RMW_ZENOH_SESSION_CONFIG.json5
-- Installing: /home/runner/work/pixi_rosdistro/pixi_rosdistro/install/share/rmw_zenoh_cpp/config/DEFAULT_RMW_ZENOH_ROUTER_CONFIG.json5
-- Up-to-date: /home/runner/work/pixi_rosdistro/pixi_rosdistro/install/include
-- Installing: /home/runner/work/pixi_rosdistro/pixi_rosdistro/install/include/rmw_zenoh_cpp
-- Installing: /home/runner/work/pixi_rosdistro/pixi_rosdistro/install/include/rmw_zenoh_cpp/rmw_zenoh.hpp
-- Installing: /home/runner/work/pixi_rosdistro/pixi_rosdistro/install/lib/rmw_zenoh_cpp/rmw_zenohd
-- Installing: /home/runner/work/pixi_rosdistro/pixi_rosdistro/install/share/ament_index/resource_index/package_run_dependencies/rmw_zenoh_cpp
-- Installing: /home/runner/work/pixi_rosdistro/pixi_rosdistro/install/share/ament_index/resource_index/parent_prefix_path/rmw_zenoh_cpp
-- Installing: /home/runner/work/pixi_rosdistro/pixi_rosdistro/install/share/rmw_zenoh_cpp/environment/ament_prefix_path.sh
-- Installing: /home/runner/work/pixi_rosdistro/pixi_rosdistro/install/share/rmw_zenoh_cpp/environment/ament_prefix_path.dsv
-- Installing: /home/runner/work/pixi_rosdistro/pixi_rosdistro/install/share/rmw_zenoh_cpp/environment/path.sh
-- Installing: /home/runner/work/pixi_rosdistro/pixi_rosdistro/install/share/rmw_zenoh_cpp/environment/path.dsv
-- Installing: /home/runner/work/pixi_rosdistro/pixi_rosdistro/install/share/rmw_zenoh_cpp/local_setup.bash
-- Installing: /home/runner/work/pixi_rosdistro/pixi_rosdistro/install/share/rmw_zenoh_cpp/local_setup.fish
-- Installing: /home/runner/work/pixi_rosdistro/pixi_rosdistro/install/share/rmw_zenoh_cpp/local_setup.sh
-- Installing: /home/runner/work/pixi_rosdistro/pixi_rosdistro/install/share/rmw_zenoh_cpp/local_setup.zsh
-- Installing: /home/runner/work/pixi_rosdistro/pixi_rosdistro/install/share/rmw_zenoh_cpp/local_setup.dsv
-- Installing: /home/runner/work/pixi_rosdistro/pixi_rosdistro/install/share/rmw_zenoh_cpp/package.dsv
-- Installing: /home/runner/work/pixi_rosdistro/pixi_rosdistro/install/share/ament_index/resource_index/packages/rmw_zenoh_cpp
-- Installing: /home/runner/work/pixi_rosdistro/pixi_rosdistro/install/share/rmw_zenoh_cpp/cmake/export_rmw_zenoh_cppExport.cmake
-- Installing: /home/runner/work/pixi_rosdistro/pixi_rosdistro/install/share/rmw_zenoh_cpp/cmake/export_rmw_zenoh_cppExport-release.cmake
-- Installing: /home/runner/work/pixi_rosdistro/pixi_rosdistro/install/share/rmw_zenoh_cpp/cmake/ament_cmake_export_targets-extras.cmake
-- Installing: /home/runner/work/pixi_rosdistro/pixi_rosdistro/install/share/rmw_zenoh_cpp/cmake/rmw_zenoh_cppConfig.cmake
-- Installing: /home/runner/work/pixi_rosdistro/pixi_rosdistro/install/share/rmw_zenoh_cpp/cmake/rmw_zenoh_cppConfig-version.cmake
-- Installing: /home/runner/work/pixi_rosdistro/pixi_rosdistro/install/share/rmw_zenoh_cpp/package.xml
