[0.489s] Invoking command in '/Users/runner/work/pixi_rosdistro/pixi_rosdistro/build/libyaml_vendor': AMENT_PREFIX_PATH=/Users/runner/work/pixi_rosdistro/pixi_rosdistro/install CMAKE_PREFIX_PATH=/Users/runner/work/pixi_rosdistro/pixi_rosdistro/install DYLD_LIBRARY_PATH=/Users/runner/work/pixi_rosdistro/pixi_rosdistro/install/lib PATH=/Users/runner/work/pixi_rosdistro/pixi_rosdistro/install/bin:${PATH} PIXI_PROMPT=(ros2_rolling) PKG_CONFIG_PATH=/Users/runner/work/pixi_rosdistro/pixi_rosdistro/install/lib/pkgconfig PYTHONPATH=/Users/runner/work/pixi_rosdistro/pixi_rosdistro/install/lib/python3.12/site-packages SHLVL=3 _=/usr/bin/env /Users/runner/work/pixi_rosdistro/pixi_rosdistro/.pixi/envs/default/bin/cmake /Users/runner/work/pixi_rosdistro/pixi_rosdistro/src/ros2/libyaml_vendor -GNinja --no-warn-unused-cli -DCMAKE_BUILD_TYPE=Release -DCMAKE_BUILD_WITH_INSTALL_RPATH:bool=TRUE -DCMAKE_POLICY_VERSION_MINIMUM=3.5 -Wno-deprecated -DSTACK_DETAILS_AUTO_DETECT:bool=FALSE -DSTACK_DETAILS_BFD:bool=FALSE -DCMAKE_INSTALL_PREFIX=/Users/runner/work/pixi_rosdistro/pixi_rosdistro/install
[0.843s] Not searching for unused variables given on the command line.
[0.843s] -- The C compiler identification is AppleClang 17.0.0.17000013
[1.025s] -- The CXX compiler identification is AppleClang 17.0.0.17000013
[1.059s] -- Detecting C compiler ABI info
[1.599s] -- Detecting C compiler ABI info - done
[1.644s] -- Check for working C compiler: /usr/bin/cc - skipped
[1.644s] -- Detecting C compile features
[1.644s] -- Detecting C compile features - done
[1.651s] -- Detecting CXX compiler ABI info
[2.031s] -- Detecting CXX compiler ABI info - done
[2.079s] -- Check for working CXX compiler: /usr/bin/c++ - skipped
[2.080s] -- Detecting CXX compile features
[2.081s] -- Detecting CXX compile features - done
[2.099s] -- Found ament_cmake: 2.8.6 (/Users/runner/work/pixi_rosdistro/pixi_rosdistro/install/share/ament_cmake/cmake)
[2.633s] -- Checking for module 'yaml-0.1'
[2.760s] --   Found yaml-0.1, version 0.2.5
[2.849s] -- Found yaml: 1
[2.856s] -- Found ament_lint_auto: 0.20.3 (/Users/runner/work/pixi_rosdistro/pixi_rosdistro/install/share/ament_lint_auto/cmake)
[3.611s] -- Found gtest sources under '/Users/runner/work/pixi_rosdistro/pixi_rosdistro/install/src/gtest_vendor': C++ tests using 'Google Test' will be built
[3.615s] -- Found Threads: TRUE
[3.617s] -- Performance tests are disabled by default, so Google Benchmark tests will be skipped. To enable these tests, set the CMake variable 'AMENT_RUN_PERFORMANCE_TESTS'.
[3.624s] -- Added test 'copyright' to check source files copyright and LICENSE
[3.631s] -- Added test 'cppcheck' to perform static code analysis on C / C++ code
[3.631s] -- Configured cppcheck include dirs: /Users/runner/work/pixi_rosdistro/pixi_rosdistro/install/include
[3.631s] -- Configured cppcheck exclude dirs and/or files: 
[3.637s] -- Added test 'cpplint' to check C / C++ code against the Google style
[3.637s] -- Configured cpplint exclude dirs and/or files: 
[3.645s] -- Added test 'uncrustify' to check C / C++ code style
[3.645s] -- Configured uncrustify additional arguments: 
[3.647s] -- Added test 'xmllint' to check XML markup files
[3.651s] -- Configuring done (3.1s)
[3.733s] -- Generating done (0.1s)
[3.741s] -- Build files have been written to: /Users/runner/work/pixi_rosdistro/pixi_rosdistro/build/libyaml_vendor
[3.745s] Invoked command in '/Users/runner/work/pixi_rosdistro/pixi_rosdistro/build/libyaml_vendor' returned '0': AMENT_PREFIX_PATH=/Users/runner/work/pixi_rosdistro/pixi_rosdistro/install CMAKE_PREFIX_PATH=/Users/runner/work/pixi_rosdistro/pixi_rosdistro/install DYLD_LIBRARY_PATH=/Users/runner/work/pixi_rosdistro/pixi_rosdistro/install/lib PATH=/Users/runner/work/pixi_rosdistro/pixi_rosdistro/install/bin:${PATH} PIXI_PROMPT=(ros2_rolling) PKG_CONFIG_PATH=/Users/runner/work/pixi_rosdistro/pixi_rosdistro/install/lib/pkgconfig PYTHONPATH=/Users/runner/work/pixi_rosdistro/pixi_rosdistro/install/lib/python3.12/site-packages SHLVL=3 _=/usr/bin/env /Users/runner/work/pixi_rosdistro/pixi_rosdistro/.pixi/envs/default/bin/cmake /Users/runner/work/pixi_rosdistro/pixi_rosdistro/src/ros2/libyaml_vendor -GNinja --no-warn-unused-cli -DCMAKE_BUILD_TYPE=Release -DCMAKE_BUILD_WITH_INSTALL_RPATH:bool=TRUE -DCMAKE_POLICY_VERSION_MINIMUM=3.5 -Wno-deprecated -DSTACK_DETAILS_AUTO_DETECT:bool=FALSE -DSTACK_DETAILS_BFD:bool=FALSE -DCMAKE_INSTALL_PREFIX=/Users/runner/work/pixi_rosdistro/pixi_rosdistro/install
[3.750s] Invoking command in '/Users/runner/work/pixi_rosdistro/pixi_rosdistro/build/libyaml_vendor': AMENT_PREFIX_PATH=/Users/runner/work/pixi_rosdistro/pixi_rosdistro/install CMAKE_PREFIX_PATH=/Users/runner/work/pixi_rosdistro/pixi_rosdistro/install DYLD_LIBRARY_PATH=/Users/runner/work/pixi_rosdistro/pixi_rosdistro/install/lib PATH=/Users/runner/work/pixi_rosdistro/pixi_rosdistro/install/bin:${PATH} PIXI_PROMPT=(ros2_rolling) PKG_CONFIG_PATH=/Users/runner/work/pixi_rosdistro/pixi_rosdistro/install/lib/pkgconfig PYTHONPATH=/Users/runner/work/pixi_rosdistro/pixi_rosdistro/install/lib/python3.12/site-packages SHLVL=3 _=/usr/bin/env /Users/runner/work/pixi_rosdistro/pixi_rosdistro/.pixi/envs/default/bin/cmake --build /Users/runner/work/pixi_rosdistro/pixi_rosdistro/build/libyaml_vendor -- -j3 -l3
[4.477s] [1/8] Building CXX object gtest/CMakeFiles/gtest.dir/src/gtest-all.cc.o
[4.791s] [2/8] Building CXX object gtest/CMakeFiles/gtest_main.dir/src/gtest_main.cc.o
[5.134s] [3/8] Building CXX object CMakeFiles/test_yaml_reader.dir/test/test_reader.cpp.o
[5.529s] [4/8] Building CXX object CMakeFiles/benchmark_reader.dir/test/benchmark/benchmark_reader.cpp.o
[5.627s] [5/8] Linking CXX static library gtest/libgtest.a
[5.739s] [6/8] Linking CXX static library gtest/libgtest_main.a
[5.815s] [7/8] Linking CXX executable test_yaml_reader
[5.887s] [8/8] Linking CXX executable benchmark_reader
[5.897s] Invoked command in '/Users/runner/work/pixi_rosdistro/pixi_rosdistro/build/libyaml_vendor' returned '0': AMENT_PREFIX_PATH=/Users/runner/work/pixi_rosdistro/pixi_rosdistro/install CMAKE_PREFIX_PATH=/Users/runner/work/pixi_rosdistro/pixi_rosdistro/install DYLD_LIBRARY_PATH=/Users/runner/work/pixi_rosdistro/pixi_rosdistro/install/lib PATH=/Users/runner/work/pixi_rosdistro/pixi_rosdistro/install/bin:${PATH} PIXI_PROMPT=(ros2_rolling) PKG_CONFIG_PATH=/Users/runner/work/pixi_rosdistro/pixi_rosdistro/install/lib/pkgconfig PYTHONPATH=/Users/runner/work/pixi_rosdistro/pixi_rosdistro/install/lib/python3.12/site-packages SHLVL=3 _=/usr/bin/env /Users/runner/work/pixi_rosdistro/pixi_rosdistro/.pixi/envs/default/bin/cmake --build /Users/runner/work/pixi_rosdistro/pixi_rosdistro/build/libyaml_vendor -- -j3 -l3
[5.898s] Invoking command in '/Users/runner/work/pixi_rosdistro/pixi_rosdistro/build/libyaml_vendor': AMENT_PREFIX_PATH=/Users/runner/work/pixi_rosdistro/pixi_rosdistro/install CMAKE_PREFIX_PATH=/Users/runner/work/pixi_rosdistro/pixi_rosdistro/install DYLD_LIBRARY_PATH=/Users/runner/work/pixi_rosdistro/pixi_rosdistro/install/lib PATH=/Users/runner/work/pixi_rosdistro/pixi_rosdistro/install/bin:${PATH} PIXI_PROMPT=(ros2_rolling) PKG_CONFIG_PATH=/Users/runner/work/pixi_rosdistro/pixi_rosdistro/install/lib/pkgconfig PYTHONPATH=/Users/runner/work/pixi_rosdistro/pixi_rosdistro/install/lib/python3.12/site-packages SHLVL=3 _=/usr/bin/env /Users/runner/work/pixi_rosdistro/pixi_rosdistro/.pixi/envs/default/bin/cmake --install /Users/runner/work/pixi_rosdistro/pixi_rosdistro/build/libyaml_vendor
[5.910s] -- Install configuration: "Release"
[5.910s] -- Installing: /Users/runner/work/pixi_rosdistro/pixi_rosdistro/install/share/libyaml_vendor/cmake
[5.910s] -- Installing: /Users/runner/work/pixi_rosdistro/pixi_rosdistro/install/share/libyaml_vendor/cmake/Modules
[5.911s] -- Installing: /Users/runner/work/pixi_rosdistro/pixi_rosdistro/install/share/libyaml_vendor/cmake/Modules/Findyaml.cmake
[5.911s] -- Installing: /Users/runner/work/pixi_rosdistro/pixi_rosdistro/install/share/ament_index/resource_index/package_run_dependencies/libyaml_vendor
[5.911s] -- Installing: /Users/runner/work/pixi_rosdistro/pixi_rosdistro/install/share/ament_index/resource_index/parent_prefix_path/libyaml_vendor
[5.911s] -- Installing: /Users/runner/work/pixi_rosdistro/pixi_rosdistro/install/share/libyaml_vendor/environment/ament_prefix_path.sh
[5.911s] -- Installing: /Users/runner/work/pixi_rosdistro/pixi_rosdistro/install/share/libyaml_vendor/environment/ament_prefix_path.dsv
[5.911s] -- Installing: /Users/runner/work/pixi_rosdistro/pixi_rosdistro/install/share/libyaml_vendor/environment/path.sh
[5.912s] -- Installing: /Users/runner/work/pixi_rosdistro/pixi_rosdistro/install/share/libyaml_vendor/environment/path.dsv
[5.912s] -- Installing: /Users/runner/work/pixi_rosdistro/pixi_rosdistro/install/share/libyaml_vendor/local_setup.bash
[5.912s] -- Installing: /Users/runner/work/pixi_rosdistro/pixi_rosdistro/install/share/libyaml_vendor/local_setup.fish
[5.912s] -- Installing: /Users/runner/work/pixi_rosdistro/pixi_rosdistro/install/share/libyaml_vendor/local_setup.sh
[5.913s] -- Installing: /Users/runner/work/pixi_rosdistro/pixi_rosdistro/install/share/libyaml_vendor/local_setup.zsh
[5.913s] -- Installing: /Users/runner/work/pixi_rosdistro/pixi_rosdistro/install/share/libyaml_vendor/local_setup.dsv
[5.913s] -- Installing: /Users/runner/work/pixi_rosdistro/pixi_rosdistro/install/share/libyaml_vendor/package.dsv
[5.913s] -- Installing: /Users/runner/work/pixi_rosdistro/pixi_rosdistro/install/share/ament_index/resource_index/packages/libyaml_vendor
[5.913s] -- Installing: /Users/runner/work/pixi_rosdistro/pixi_rosdistro/install/share/libyaml_vendor/cmake/libyaml_vendor-extras.cmake
[5.914s] -- Installing: /Users/runner/work/pixi_rosdistro/pixi_rosdistro/install/share/libyaml_vendor/cmake/libyaml_vendorConfig.cmake
[5.914s] -- Installing: /Users/runner/work/pixi_rosdistro/pixi_rosdistro/install/share/libyaml_vendor/cmake/libyaml_vendorConfig-version.cmake
[5.914s] -- Installing: /Users/runner/work/pixi_rosdistro/pixi_rosdistro/install/share/libyaml_vendor/package.xml
[5.916s] Invoked command in '/Users/runner/work/pixi_rosdistro/pixi_rosdistro/build/libyaml_vendor' returned '0': AMENT_PREFIX_PATH=/Users/runner/work/pixi_rosdistro/pixi_rosdistro/install CMAKE_PREFIX_PATH=/Users/runner/work/pixi_rosdistro/pixi_rosdistro/install DYLD_LIBRARY_PATH=/Users/runner/work/pixi_rosdistro/pixi_rosdistro/install/lib PATH=/Users/runner/work/pixi_rosdistro/pixi_rosdistro/install/bin:${PATH} PIXI_PROMPT=(ros2_rolling) PKG_CONFIG_PATH=/Users/runner/work/pixi_rosdistro/pixi_rosdistro/install/lib/pkgconfig PYTHONPATH=/Users/runner/work/pixi_rosdistro/pixi_rosdistro/install/lib/python3.12/site-packages SHLVL=3 _=/usr/bin/env /Users/runner/work/pixi_rosdistro/pixi_rosdistro/.pixi/envs/default/bin/cmake --install /Users/runner/work/pixi_rosdistro/pixi_rosdistro/build/libyaml_vendor
