[6.186s] Invoking command in '/home/runner/work/pixi_rosdistro/pixi_rosdistro/build/rclcpp_lifecycle': AMENT_PREFIX_PATH=/home/runner/work/pixi_rosdistro/pixi_rosdistro/install CMAKE_PREFIX_PATH=/home/runner/work/pixi_rosdistro/pixi_rosdistro/install:${CMAKE_PREFIX_PATH} LD_LIBRARY_PATH=/home/runner/work/pixi_rosdistro/pixi_rosdistro/install/lib PATH=/home/runner/work/pixi_rosdistro/pixi_rosdistro/install/bin:/opt/microsoft/powershell/7:${PATH} PIXI_PROMPT=(ros2_rolling) PKG_CONFIG_PATH=/home/runner/work/pixi_rosdistro/pixi_rosdistro/install/lib/pkgconfig PSModulePath=/home/runner/.local/share/powershell/Modules:${PSModulePath} PYTHONPATH=/home/runner/work/pixi_rosdistro/pixi_rosdistro/install/lib/python3.12/site-packages /home/runner/work/pixi_rosdistro/pixi_rosdistro/.pixi/envs/default/bin/cmake /home/runner/work/pixi_rosdistro/pixi_rosdistro/src/ros2/rclcpp/rclcpp_lifecycle -GNinja --no-warn-unused-cli -DCMAKE_BUILD_TYPE=Release -DCMAKE_BUILD_WITH_INSTALL_RPATH:bool=TRUE -DCMAKE_POLICY_VERSION_MINIMUM=3.5 -Wno-deprecated -DSTACK_DETAILS_AUTO_DETECT:bool=FALSE -DSTACK_DETAILS_BFD:bool=FALSE -DCMAKE_INSTALL_PREFIX=/home/runner/work/pixi_rosdistro/pixi_rosdistro/install
[6.276s] Not searching for unused variables given on the command line.
[6.277s] -- The C compiler identification is GNU 14.3.0
[6.436s] -- The CXX compiler identification is GNU 14.3.0
[6.448s] -- Detecting C compiler ABI info
[6.576s] -- Detecting C compiler ABI info - done
[6.612s] -- Check for working C compiler: /home/runner/work/pixi_rosdistro/pixi_rosdistro/.pixi/envs/default/bin/x86_64-conda-linux-gnu-cc - skipped
[6.613s] -- Detecting C compile features
[6.614s] -- Detecting C compile features - done
[6.636s] -- Detecting CXX compiler ABI info
[6.822s] -- Detecting CXX compiler ABI info - done
[6.848s] -- Check for working CXX compiler: /home/runner/work/pixi_rosdistro/pixi_rosdistro/.pixi/envs/default/bin/x86_64-conda-linux-gnu-c++ - skipped
[6.849s] -- Detecting CXX compile features
[6.850s] -- Detecting CXX compile features - done
[6.861s] -- Found ament_cmake_ros: 0.15.6 (/home/runner/work/pixi_rosdistro/pixi_rosdistro/install/share/ament_cmake_ros/cmake)
[7.163s] -- Found lifecycle_msgs: 2.4.3 (/home/runner/work/pixi_rosdistro/pixi_rosdistro/install/share/lifecycle_msgs/cmake)
[7.200s] -- Found rosidl_generator_c: 5.1.3 (/home/runner/work/pixi_rosdistro/pixi_rosdistro/install/share/rosidl_generator_c/cmake)
[7.211s] -- Found rosidl_generator_cpp: 5.1.3 (/home/runner/work/pixi_rosdistro/pixi_rosdistro/install/share/rosidl_generator_cpp/cmake)
[7.229s] -- Using all available rosidl_typesupport_c: rosidl_typesupport_fastrtps_c;rosidl_typesupport_introspection_c
[7.251s] -- Using all available rosidl_typesupport_cpp: rosidl_typesupport_fastrtps_cpp;rosidl_typesupport_introspection_cpp
[7.337s] -- Found rcl: 10.4.1 (/home/runner/work/pixi_rosdistro/pixi_rosdistro/install/share/rcl/cmake)
[7.393s] -- Found rmw_implementation_cmake: 7.9.1 (/home/runner/work/pixi_rosdistro/pixi_rosdistro/install/share/rmw_implementation_cmake/cmake)
[7.395s] -- Found rmw_fastrtps_cpp: 9.4.5 (/home/runner/work/pixi_rosdistro/pixi_rosdistro/install/share/rmw_fastrtps_cpp/cmake)
[7.448s] -- Using RMW implementation 'rmw_fastrtps_cpp' as default
[7.491s] -- Found rclcpp: 31.0.1 (/home/runner/work/pixi_rosdistro/pixi_rosdistro/install/share/rclcpp/cmake)
[7.591s] -- Found rcl_lifecycle: 10.4.1 (/home/runner/work/pixi_rosdistro/pixi_rosdistro/install/share/rcl_lifecycle/cmake)
[7.599s] -- Found ament_lint_auto: 0.20.3 (/home/runner/work/pixi_rosdistro/pixi_rosdistro/install/share/ament_lint_auto/cmake)
[8.269s] -- Performance tests are disabled by default, so Google Benchmark tests will be skipped. To enable these tests, set the CMake variable 'AMENT_RUN_PERFORMANCE_TESTS'.
[8.277s] -- Found gtest sources under '/home/runner/work/pixi_rosdistro/pixi_rosdistro/install/src/gtest_vendor': C++ tests using 'Google Test' will be built
[8.281s] -- Check if compiler accepts -pthread
[8.404s] -- Check if compiler accepts -pthread - yes
[8.405s] -- Found Threads: TRUE
[8.441s] -- Added test 'copyright' to check source files copyright and LICENSE
[8.447s] -- Added test 'cpplint' to check C / C++ code against the Google style
[8.447s] -- Configured cpplint exclude dirs and/or files: 
[8.448s] -- Added test 'lint_cmake' to check CMake code style
[8.454s] -- Added test 'uncrustify' to check C / C++ code style
[8.454s] -- Configured uncrustify additional arguments: 
[8.456s] -- Added test 'xmllint' to check XML markup files
[8.461s] -- Configuring done (2.3s)
[8.597s] -- Generating done (0.1s)
[8.691s] -- Build files have been written to: /home/runner/work/pixi_rosdistro/pixi_rosdistro/build/rclcpp_lifecycle
[8.720s] Invoked command in '/home/runner/work/pixi_rosdistro/pixi_rosdistro/build/rclcpp_lifecycle' returned '0': AMENT_PREFIX_PATH=/home/runner/work/pixi_rosdistro/pixi_rosdistro/install CMAKE_PREFIX_PATH=/home/runner/work/pixi_rosdistro/pixi_rosdistro/install:${CMAKE_PREFIX_PATH} LD_LIBRARY_PATH=/home/runner/work/pixi_rosdistro/pixi_rosdistro/install/lib PATH=/home/runner/work/pixi_rosdistro/pixi_rosdistro/install/bin:/opt/microsoft/powershell/7:${PATH} PIXI_PROMPT=(ros2_rolling) PKG_CONFIG_PATH=/home/runner/work/pixi_rosdistro/pixi_rosdistro/install/lib/pkgconfig PSModulePath=/home/runner/.local/share/powershell/Modules:${PSModulePath} PYTHONPATH=/home/runner/work/pixi_rosdistro/pixi_rosdistro/install/lib/python3.12/site-packages /home/runner/work/pixi_rosdistro/pixi_rosdistro/.pixi/envs/default/bin/cmake /home/runner/work/pixi_rosdistro/pixi_rosdistro/src/ros2/rclcpp/rclcpp_lifecycle -GNinja --no-warn-unused-cli -DCMAKE_BUILD_TYPE=Release -DCMAKE_BUILD_WITH_INSTALL_RPATH:bool=TRUE -DCMAKE_POLICY_VERSION_MINIMUM=3.5 -Wno-deprecated -DSTACK_DETAILS_AUTO_DETECT:bool=FALSE -DSTACK_DETAILS_BFD:bool=FALSE -DCMAKE_INSTALL_PREFIX=/home/runner/work/pixi_rosdistro/pixi_rosdistro/install
[8.721s] Invoking command in '/home/runner/work/pixi_rosdistro/pixi_rosdistro/build/rclcpp_lifecycle': AMENT_PREFIX_PATH=/home/runner/work/pixi_rosdistro/pixi_rosdistro/install CMAKE_PREFIX_PATH=/home/runner/work/pixi_rosdistro/pixi_rosdistro/install:${CMAKE_PREFIX_PATH} LD_LIBRARY_PATH=/home/runner/work/pixi_rosdistro/pixi_rosdistro/install/lib PATH=/home/runner/work/pixi_rosdistro/pixi_rosdistro/install/bin:/opt/microsoft/powershell/7:${PATH} PIXI_PROMPT=(ros2_rolling) PKG_CONFIG_PATH=/home/runner/work/pixi_rosdistro/pixi_rosdistro/install/lib/pkgconfig PSModulePath=/home/runner/.local/share/powershell/Modules:${PSModulePath} PYTHONPATH=/home/runner/work/pixi_rosdistro/pixi_rosdistro/install/lib/python3.12/site-packages /home/runner/work/pixi_rosdistro/pixi_rosdistro/.pixi/envs/default/bin/cmake --build /home/runner/work/pixi_rosdistro/pixi_rosdistro/build/rclcpp_lifecycle -- -j4 -l4
[9.652s] [1/41] Building CXX object CMakeFiles/rclcpp_lifecycle.dir/src/lifecycle_node.cpp.o
[10.448s] [2/41] Building CXX object CMakeFiles/rclcpp_lifecycle.dir/src/lifecycle_node_interface_impl.cpp.o
[10.558s] [3/41] Building CXX object CMakeFiles/rclcpp_lifecycle.dir/src/managed_entity.cpp.o
[10.995s] [4/41] Building CXX object CMakeFiles/rclcpp_lifecycle.dir/src/node_interfaces/lifecycle_node_interface.cpp.o
[11.449s] [5/41] Building CXX object CMakeFiles/rclcpp_lifecycle.dir/src/state.cpp.o
[11.897s] [6/41] Building CXX object CMakeFiles/rclcpp_lifecycle.dir/src/transition.cpp.o
[12.363s] [7/41] Building CXX object gtest/CMakeFiles/gtest.dir/src/gtest-all.cc.o
[12.693s] [8/41] Building CXX object gtest/CMakeFiles/gtest_main.dir/src/gtest_main.cc.o
[12.842s] [9/41] Linking CXX shared library librclcpp_lifecycle.so
[13.673s] [10/41] Building CXX object CMakeFiles/benchmark_lifecycle_client.dir/test/benchmark/benchmark_lifecycle_client.cpp.o
[14.545s] [11/41] Building CXX object CMakeFiles/benchmark_lifecycle_node.dir/test/benchmark/benchmark_lifecycle_node.cpp.o
[15.030s] [12/41] Building CXX object CMakeFiles/benchmark_state.dir/test/benchmark/benchmark_state.cpp.o
[15.545s] [13/41] Building CXX object CMakeFiles/benchmark_transition.dir/test/benchmark/benchmark_transition.cpp.o
[16.697s] [14/41] Building CXX object CMakeFiles/test_lifecycle_node.dir/test/test_lifecycle_node.cpp.o
[17.793s] [15/41] Building CXX object CMakeFiles/test_lifecycle_node_errors.dir/test/test_lifecycle_node_errors.cpp.o
[18.823s] [16/41] Building CXX object CMakeFiles/test_lifecycle_publisher.dir/test/test_lifecycle_publisher.cpp.o
[20.187s] [17/41] Building CXX object CMakeFiles/test_lifecycle_service_client.dir/test/test_lifecycle_service_client.cpp.o
[21.446s] [18/41] Building CXX object CMakeFiles/test_client.dir/test/test_client.cpp.o
[22.531s] [19/41] Building CXX object CMakeFiles/test_service.dir/test/test_service.cpp.o
[23.448s] [20/41] Building CXX object CMakeFiles/test_state_machine_info.dir/test/test_state_machine_info.cpp.o
[24.456s] [21/41] Building CXX object CMakeFiles/test_register_custom_callbacks.dir/test/test_register_custom_callbacks.cpp.o
[25.591s] [22/41] Building CXX object CMakeFiles/test_callback_exceptions.dir/test/test_callback_exceptions.cpp.o
[26.643s] [23/41] Building CXX object CMakeFiles/test_state_wrapper.dir/test/test_state_wrapper.cpp.o
[27.887s] [24/41] Building CXX object CMakeFiles/test_transition_wrapper.dir/test/test_transition_wrapper.cpp.o
[27.918s] [25/41] Linking CXX static library gtest/libgtest.a
[27.938s] [26/41] Linking CXX static library gtest/libgtest_main.a
[28.320s] [27/41] Linking CXX executable benchmark_lifecycle_client
[28.546s] [28/41] Linking CXX executable benchmark_lifecycle_node
[28.713s] [29/41] Linking CXX executable benchmark_state
[28.899s] [30/41] Linking CXX executable benchmark_transition
[29.246s] [31/41] Linking CXX executable test_lifecycle_node
[29.446s] [32/41] Linking CXX executable test_lifecycle_node_errors
[29.692s] [33/41] Linking CXX executable test_lifecycle_publisher
[29.955s] [34/41] Linking CXX executable test_lifecycle_service_client
[30.211s] [35/41] Linking CXX executable test_client
[30.539s] [36/41] Linking CXX executable test_service
[30.763s] [37/41] Linking CXX executable test_state_machine_info
[30.993s] [38/41] Linking CXX executable test_register_custom_callbacks
[31.221s] [39/41] Linking CXX executable test_callback_exceptions
[31.425s] [40/41] Linking CXX executable test_state_wrapper
[31.630s] [41/41] Linking CXX executable test_transition_wrapper
[31.638s] Invoked command in '/home/runner/work/pixi_rosdistro/pixi_rosdistro/build/rclcpp_lifecycle' returned '0': AMENT_PREFIX_PATH=/home/runner/work/pixi_rosdistro/pixi_rosdistro/install CMAKE_PREFIX_PATH=/home/runner/work/pixi_rosdistro/pixi_rosdistro/install:${CMAKE_PREFIX_PATH} LD_LIBRARY_PATH=/home/runner/work/pixi_rosdistro/pixi_rosdistro/install/lib PATH=/home/runner/work/pixi_rosdistro/pixi_rosdistro/install/bin:/opt/microsoft/powershell/7:${PATH} PIXI_PROMPT=(ros2_rolling) PKG_CONFIG_PATH=/home/runner/work/pixi_rosdistro/pixi_rosdistro/install/lib/pkgconfig PSModulePath=/home/runner/.local/share/powershell/Modules:${PSModulePath} PYTHONPATH=/home/runner/work/pixi_rosdistro/pixi_rosdistro/install/lib/python3.12/site-packages ROS_DOMAIN_ID=2 /home/runner/work/pixi_rosdistro/pixi_rosdistro/.pixi/envs/default/bin/cmake --build /home/runner/work/pixi_rosdistro/pixi_rosdistro/build/rclcpp_lifecycle -- -j4 -l4
[31.639s] Invoking command in '/home/runner/work/pixi_rosdistro/pixi_rosdistro/build/rclcpp_lifecycle': AMENT_PREFIX_PATH=/home/runner/work/pixi_rosdistro/pixi_rosdistro/install CMAKE_PREFIX_PATH=/home/runner/work/pixi_rosdistro/pixi_rosdistro/install:${CMAKE_PREFIX_PATH} LD_LIBRARY_PATH=/home/runner/work/pixi_rosdistro/pixi_rosdistro/install/lib PATH=/home/runner/work/pixi_rosdistro/pixi_rosdistro/install/bin:/opt/microsoft/powershell/7:${PATH} PIXI_PROMPT=(ros2_rolling) PKG_CONFIG_PATH=/home/runner/work/pixi_rosdistro/pixi_rosdistro/install/lib/pkgconfig PSModulePath=/home/runner/.local/share/powershell/Modules:${PSModulePath} PYTHONPATH=/home/runner/work/pixi_rosdistro/pixi_rosdistro/install/lib/python3.12/site-packages ROS_DOMAIN_ID=2 /home/runner/work/pixi_rosdistro/pixi_rosdistro/.pixi/envs/default/bin/cmake --install /home/runner/work/pixi_rosdistro/pixi_rosdistro/build/rclcpp_lifecycle
[31.649s] -- Install configuration: "Release"
[31.649s] -- Installing: /home/runner/work/pixi_rosdistro/pixi_rosdistro/install/lib/librclcpp_lifecycle.so
[31.650s] -- Installing: /home/runner/work/pixi_rosdistro/pixi_rosdistro/install/include/rclcpp_lifecycle
[31.651s] -- Installing: /home/runner/work/pixi_rosdistro/pixi_rosdistro/install/include/rclcpp_lifecycle/rclcpp_lifecycle
[31.651s] -- Installing: /home/runner/work/pixi_rosdistro/pixi_rosdistro/install/include/rclcpp_lifecycle/rclcpp_lifecycle/transition.hpp
[31.653s] -- Installing: /home/runner/work/pixi_rosdistro/pixi_rosdistro/install/include/rclcpp_lifecycle/rclcpp_lifecycle/managed_entity.hpp
[31.653s] -- Installing: /home/runner/work/pixi_rosdistro/pixi_rosdistro/install/include/rclcpp_lifecycle/rclcpp_lifecycle/lifecycle_publisher.hpp
[31.653s] -- Installing: /home/runner/work/pixi_rosdistro/pixi_rosdistro/install/include/rclcpp_lifecycle/rclcpp_lifecycle/state.hpp
[31.653s] -- Installing: /home/runner/work/pixi_rosdistro/pixi_rosdistro/install/include/rclcpp_lifecycle/rclcpp_lifecycle/node_interfaces
[31.656s] -- Installing: /home/runner/work/pixi_rosdistro/pixi_rosdistro/install/include/rclcpp_lifecycle/rclcpp_lifecycle/node_interfaces/lifecycle_node_interface.hpp
[31.656s] -- Installing: /home/runner/work/pixi_rosdistro/pixi_rosdistro/install/include/rclcpp_lifecycle/rclcpp_lifecycle/type_traits
[31.656s] -- Installing: /home/runner/work/pixi_rosdistro/pixi_rosdistro/install/include/rclcpp_lifecycle/rclcpp_lifecycle/type_traits/is_manageable_node.hpp
[31.656s] -- Installing: /home/runner/work/pixi_rosdistro/pixi_rosdistro/install/include/rclcpp_lifecycle/rclcpp_lifecycle/lifecycle_node_impl.hpp
[31.656s] -- Installing: /home/runner/work/pixi_rosdistro/pixi_rosdistro/install/include/rclcpp_lifecycle/rclcpp_lifecycle/visibility_control.h
[31.656s] -- Installing: /home/runner/work/pixi_rosdistro/pixi_rosdistro/install/include/rclcpp_lifecycle/rclcpp_lifecycle/lifecycle_node.hpp
[31.657s] -- Installing: /home/runner/work/pixi_rosdistro/pixi_rosdistro/install/share/rclcpp_lifecycle/environment/library_path.sh
[31.657s] -- Installing: /home/runner/work/pixi_rosdistro/pixi_rosdistro/install/share/rclcpp_lifecycle/environment/library_path.dsv
[31.657s] -- Installing: /home/runner/work/pixi_rosdistro/pixi_rosdistro/install/share/ament_index/resource_index/package_run_dependencies/rclcpp_lifecycle
[31.657s] -- Installing: /home/runner/work/pixi_rosdistro/pixi_rosdistro/install/share/ament_index/resource_index/parent_prefix_path/rclcpp_lifecycle
[31.658s] -- Installing: /home/runner/work/pixi_rosdistro/pixi_rosdistro/install/share/rclcpp_lifecycle/environment/ament_prefix_path.sh
[31.658s] -- Installing: /home/runner/work/pixi_rosdistro/pixi_rosdistro/install/share/rclcpp_lifecycle/environment/ament_prefix_path.dsv
[31.659s] -- Installing: /home/runner/work/pixi_rosdistro/pixi_rosdistro/install/share/rclcpp_lifecycle/environment/path.sh
[31.660s] -- Installing: /home/runner/work/pixi_rosdistro/pixi_rosdistro/install/share/rclcpp_lifecycle/environment/path.dsv
[31.660s] -- Installing: /home/runner/work/pixi_rosdistro/pixi_rosdistro/install/share/rclcpp_lifecycle/local_setup.bash
[31.662s] -- Installing: /home/runner/work/pixi_rosdistro/pixi_rosdistro/install/share/rclcpp_lifecycle/local_setup.fish
[31.662s] -- Installing: /home/runner/work/pixi_rosdistro/pixi_rosdistro/install/share/rclcpp_lifecycle/local_setup.sh
[31.662s] -- Installing: /home/runner/work/pixi_rosdistro/pixi_rosdistro/install/share/rclcpp_lifecycle/local_setup.zsh
[31.662s] -- Installing: /home/runner/work/pixi_rosdistro/pixi_rosdistro/install/share/rclcpp_lifecycle/local_setup.dsv
[31.662s] -- Installing: /home/runner/work/pixi_rosdistro/pixi_rosdistro/install/share/rclcpp_lifecycle/package.dsv
[31.663s] -- Installing: /home/runner/work/pixi_rosdistro/pixi_rosdistro/install/share/ament_index/resource_index/packages/rclcpp_lifecycle
[31.663s] -- Installing: /home/runner/work/pixi_rosdistro/pixi_rosdistro/install/share/rclcpp_lifecycle/cmake/rclcpp_lifecycleExport.cmake
[31.664s] -- Installing: /home/runner/work/pixi_rosdistro/pixi_rosdistro/install/share/rclcpp_lifecycle/cmake/rclcpp_lifecycleExport-release.cmake
[31.664s] -- Installing: /home/runner/work/pixi_rosdistro/pixi_rosdistro/install/share/rclcpp_lifecycle/cmake/ament_cmake_export_include_directories-extras.cmake
[31.666s] -- Installing: /home/runner/work/pixi_rosdistro/pixi_rosdistro/install/share/rclcpp_lifecycle/cmake/ament_cmake_export_libraries-extras.cmake
[31.666s] -- Installing: /home/runner/work/pixi_rosdistro/pixi_rosdistro/install/share/rclcpp_lifecycle/cmake/ament_cmake_export_targets-extras.cmake
[31.666s] -- Installing: /home/runner/work/pixi_rosdistro/pixi_rosdistro/install/share/rclcpp_lifecycle/cmake/ament_cmake_export_dependencies-extras.cmake
[31.666s] -- Installing: /home/runner/work/pixi_rosdistro/pixi_rosdistro/install/share/rclcpp_lifecycle/cmake/rclcpp_lifecycleConfig.cmake
[31.666s] -- Installing: /home/runner/work/pixi_rosdistro/pixi_rosdistro/install/share/rclcpp_lifecycle/cmake/rclcpp_lifecycleConfig-version.cmake
[31.667s] -- Installing: /home/runner/work/pixi_rosdistro/pixi_rosdistro/install/share/rclcpp_lifecycle/package.xml
[31.670s] Invoked command in '/home/runner/work/pixi_rosdistro/pixi_rosdistro/build/rclcpp_lifecycle' returned '0': AMENT_PREFIX_PATH=/home/runner/work/pixi_rosdistro/pixi_rosdistro/install CMAKE_PREFIX_PATH=/home/runner/work/pixi_rosdistro/pixi_rosdistro/install:${CMAKE_PREFIX_PATH} LD_LIBRARY_PATH=/home/runner/work/pixi_rosdistro/pixi_rosdistro/install/lib PATH=/home/runner/work/pixi_rosdistro/pixi_rosdistro/install/bin:/opt/microsoft/powershell/7:${PATH} PIXI_PROMPT=(ros2_rolling) PKG_CONFIG_PATH=/home/runner/work/pixi_rosdistro/pixi_rosdistro/install/lib/pkgconfig PSModulePath=/home/runner/.local/share/powershell/Modules:${PSModulePath} PYTHONPATH=/home/runner/work/pixi_rosdistro/pixi_rosdistro/install/lib/python3.12/site-packages ROS_DOMAIN_ID=2 /home/runner/work/pixi_rosdistro/pixi_rosdistro/.pixi/envs/default/bin/cmake --install /home/runner/work/pixi_rosdistro/pixi_rosdistro/build/rclcpp_lifecycle
