[4.136s] Invoking command in '/home/runner/work/pixi_rosdistro/pixi_rosdistro/build/rosidl_dynamic_typesupport_fastrtps': AMENT_PREFIX_PATH=/home/runner/work/pixi_rosdistro/pixi_rosdistro/install CMAKE_PREFIX_PATH=/home/runner/work/pixi_rosdistro/pixi_rosdistro/install:${CMAKE_PREFIX_PATH} LD_LIBRARY_PATH=/home/runner/work/pixi_rosdistro/pixi_rosdistro/install/lib PATH=/home/runner/work/pixi_rosdistro/pixi_rosdistro/install/bin:/opt/microsoft/powershell/7:${PATH} PIXI_PROMPT=(ros2_rolling) PKG_CONFIG_PATH=/home/runner/work/pixi_rosdistro/pixi_rosdistro/install/lib/pkgconfig PSModulePath=/home/runner/.local/share/powershell/Modules:${PSModulePath} PYTHONPATH=/home/runner/work/pixi_rosdistro/pixi_rosdistro/install/lib/python3.12/site-packages /home/runner/work/pixi_rosdistro/pixi_rosdistro/.pixi/envs/default/bin/cmake /home/runner/work/pixi_rosdistro/pixi_rosdistro/src/ros2/rosidl_dynamic_typesupport_fastrtps -GNinja --no-warn-unused-cli -DCMAKE_BUILD_TYPE=Release -DCMAKE_BUILD_WITH_INSTALL_RPATH:bool=TRUE -DCMAKE_POLICY_VERSION_MINIMUM=3.5 -Wno-deprecated -DSTACK_DETAILS_AUTO_DETECT:bool=FALSE -DSTACK_DETAILS_BFD:bool=FALSE -DCMAKE_INSTALL_PREFIX=/home/runner/work/pixi_rosdistro/pixi_rosdistro/install
[4.246s] Not searching for unused variables given on the command line.
[4.246s] -- The C compiler identification is GNU 14.3.0
[4.505s] -- The CXX compiler identification is GNU 14.3.0
[4.520s] -- Detecting C compiler ABI info
[4.772s] -- Detecting C compiler ABI info - done
[4.884s] -- Check for working C compiler: /home/runner/work/pixi_rosdistro/pixi_rosdistro/.pixi/envs/default/bin/x86_64-conda-linux-gnu-cc - skipped
[4.884s] -- Detecting C compile features
[4.886s] -- Detecting C compile features - done
[4.950s] -- Detecting CXX compiler ABI info
[5.389s] -- Detecting CXX compiler ABI info - done
[5.461s] -- Check for working CXX compiler: /home/runner/work/pixi_rosdistro/pixi_rosdistro/.pixi/envs/default/bin/x86_64-conda-linux-gnu-c++ - skipped
[5.462s] -- Detecting CXX compile features
[5.464s] -- Detecting CXX compile features - done
[5.477s] -- Found ament_cmake_ros_core: 0.15.6 (/home/runner/work/pixi_rosdistro/pixi_rosdistro/install/share/ament_cmake_ros_core/cmake)
[5.825s] -- Found rcpputils: 2.14.3 (/home/runner/work/pixi_rosdistro/pixi_rosdistro/install/share/rcpputils/cmake)
[5.890s] -- Found rosidl_dynamic_typesupport: 0.4.0 (/home/runner/work/pixi_rosdistro/pixi_rosdistro/install/share/rosidl_dynamic_typesupport/cmake)
[6.086s] -- Configuring done (1.9s)
[6.126s] -- Generating done (0.0s)
[6.138s] -- Build files have been written to: /home/runner/work/pixi_rosdistro/pixi_rosdistro/build/rosidl_dynamic_typesupport_fastrtps
[6.150s] Invoked command in '/home/runner/work/pixi_rosdistro/pixi_rosdistro/build/rosidl_dynamic_typesupport_fastrtps' returned '0': AMENT_PREFIX_PATH=/home/runner/work/pixi_rosdistro/pixi_rosdistro/install CMAKE_PREFIX_PATH=/home/runner/work/pixi_rosdistro/pixi_rosdistro/install:${CMAKE_PREFIX_PATH} LD_LIBRARY_PATH=/home/runner/work/pixi_rosdistro/pixi_rosdistro/install/lib PATH=/home/runner/work/pixi_rosdistro/pixi_rosdistro/install/bin:/opt/microsoft/powershell/7:${PATH} PIXI_PROMPT=(ros2_rolling) PKG_CONFIG_PATH=/home/runner/work/pixi_rosdistro/pixi_rosdistro/install/lib/pkgconfig PSModulePath=/home/runner/.local/share/powershell/Modules:${PSModulePath} PYTHONPATH=/home/runner/work/pixi_rosdistro/pixi_rosdistro/install/lib/python3.12/site-packages ROS_DOMAIN_ID=70 /home/runner/work/pixi_rosdistro/pixi_rosdistro/.pixi/envs/default/bin/cmake /home/runner/work/pixi_rosdistro/pixi_rosdistro/src/ros2/rosidl_dynamic_typesupport_fastrtps -GNinja --no-warn-unused-cli -DCMAKE_BUILD_TYPE=Release -DCMAKE_BUILD_WITH_INSTALL_RPATH:bool=TRUE -DCMAKE_POLICY_VERSION_MINIMUM=3.5 -Wno-deprecated -DSTACK_DETAILS_AUTO_DETECT:bool=FALSE -DSTACK_DETAILS_BFD:bool=FALSE -DCMAKE_INSTALL_PREFIX=/home/runner/work/pixi_rosdistro/pixi_rosdistro/install
[6.151s] Invoking command in '/home/runner/work/pixi_rosdistro/pixi_rosdistro/build/rosidl_dynamic_typesupport_fastrtps': AMENT_PREFIX_PATH=/home/runner/work/pixi_rosdistro/pixi_rosdistro/install CMAKE_PREFIX_PATH=/home/runner/work/pixi_rosdistro/pixi_rosdistro/install:${CMAKE_PREFIX_PATH} LD_LIBRARY_PATH=/home/runner/work/pixi_rosdistro/pixi_rosdistro/install/lib PATH=/home/runner/work/pixi_rosdistro/pixi_rosdistro/install/bin:/opt/microsoft/powershell/7:${PATH} PIXI_PROMPT=(ros2_rolling) PKG_CONFIG_PATH=/home/runner/work/pixi_rosdistro/pixi_rosdistro/install/lib/pkgconfig PSModulePath=/home/runner/.local/share/powershell/Modules:${PSModulePath} PYTHONPATH=/home/runner/work/pixi_rosdistro/pixi_rosdistro/install/lib/python3.12/site-packages ROS_DOMAIN_ID=70 /home/runner/work/pixi_rosdistro/pixi_rosdistro/.pixi/envs/default/bin/cmake --build /home/runner/work/pixi_rosdistro/pixi_rosdistro/build/rosidl_dynamic_typesupport_fastrtps -- -j4 -l4
[6.837s] [1/7] Building CXX object CMakeFiles/rosidl_dynamic_typesupport_fastrtps.dir/src/detail/fastrtps_dynamic_data.cpp.o
[7.369s] [2/7] Building CXX object CMakeFiles/rosidl_dynamic_typesupport_fastrtps.dir/src/detail/fastrtps_dynamic_type.cpp.o
[7.840s] [3/7] Building CXX object CMakeFiles/rosidl_dynamic_typesupport_fastrtps.dir/src/detail/fastrtps_serialization_support.cpp.o
[8.143s] [4/7] Building CXX object CMakeFiles/rosidl_dynamic_typesupport_fastrtps.dir/src/detail/utils.cpp.o
[8.268s] [5/7] Building CXX object CMakeFiles/rosidl_dynamic_typesupport_fastrtps.dir/src/identifier.cpp.o
[8.688s] [6/7] Building CXX object CMakeFiles/rosidl_dynamic_typesupport_fastrtps.dir/src/serialization_support.cpp.o
[8.901s] [7/7] Linking CXX shared library librosidl_dynamic_typesupport_fastrtps.so
[8.906s] Invoked command in '/home/runner/work/pixi_rosdistro/pixi_rosdistro/build/rosidl_dynamic_typesupport_fastrtps' returned '0': AMENT_PREFIX_PATH=/home/runner/work/pixi_rosdistro/pixi_rosdistro/install CMAKE_PREFIX_PATH=/home/runner/work/pixi_rosdistro/pixi_rosdistro/install:${CMAKE_PREFIX_PATH} LD_LIBRARY_PATH=/home/runner/work/pixi_rosdistro/pixi_rosdistro/install/lib PATH=/home/runner/work/pixi_rosdistro/pixi_rosdistro/install/bin:/opt/microsoft/powershell/7:${PATH} PIXI_PROMPT=(ros2_rolling) PKG_CONFIG_PATH=/home/runner/work/pixi_rosdistro/pixi_rosdistro/install/lib/pkgconfig PSModulePath=/home/runner/.local/share/powershell/Modules:${PSModulePath} PYTHONPATH=/home/runner/work/pixi_rosdistro/pixi_rosdistro/install/lib/python3.12/site-packages ROS_DOMAIN_ID=70 /home/runner/work/pixi_rosdistro/pixi_rosdistro/.pixi/envs/default/bin/cmake --build /home/runner/work/pixi_rosdistro/pixi_rosdistro/build/rosidl_dynamic_typesupport_fastrtps -- -j4 -l4
[8.907s] Invoking command in '/home/runner/work/pixi_rosdistro/pixi_rosdistro/build/rosidl_dynamic_typesupport_fastrtps': AMENT_PREFIX_PATH=/home/runner/work/pixi_rosdistro/pixi_rosdistro/install CMAKE_PREFIX_PATH=/home/runner/work/pixi_rosdistro/pixi_rosdistro/install:${CMAKE_PREFIX_PATH} LD_LIBRARY_PATH=/home/runner/work/pixi_rosdistro/pixi_rosdistro/install/lib PATH=/home/runner/work/pixi_rosdistro/pixi_rosdistro/install/bin:/opt/microsoft/powershell/7:${PATH} PIXI_PROMPT=(ros2_rolling) PKG_CONFIG_PATH=/home/runner/work/pixi_rosdistro/pixi_rosdistro/install/lib/pkgconfig PSModulePath=/home/runner/.local/share/powershell/Modules:${PSModulePath} PYTHONPATH=/home/runner/work/pixi_rosdistro/pixi_rosdistro/install/lib/python3.12/site-packages ROS_DOMAIN_ID=70 /home/runner/work/pixi_rosdistro/pixi_rosdistro/.pixi/envs/default/bin/cmake --install /home/runner/work/pixi_rosdistro/pixi_rosdistro/build/rosidl_dynamic_typesupport_fastrtps
[8.919s] -- Install configuration: "Release"
[8.919s] -- Installing: /home/runner/work/pixi_rosdistro/pixi_rosdistro/install/lib/librosidl_dynamic_typesupport_fastrtps.so
[8.920s] -- Installing: /home/runner/work/pixi_rosdistro/pixi_rosdistro/install/include/rosidl_dynamic_typesupport_fastrtps
[8.921s] -- Installing: /home/runner/work/pixi_rosdistro/pixi_rosdistro/install/include/rosidl_dynamic_typesupport_fastrtps/rosidl_dynamic_typesupport_fastrtps
[8.921s] -- Installing: /home/runner/work/pixi_rosdistro/pixi_rosdistro/install/include/rosidl_dynamic_typesupport_fastrtps/rosidl_dynamic_typesupport_fastrtps/identifier.h
[8.922s] -- Installing: /home/runner/work/pixi_rosdistro/pixi_rosdistro/install/include/rosidl_dynamic_typesupport_fastrtps/rosidl_dynamic_typesupport_fastrtps/visibility_control.h
[8.922s] -- Installing: /home/runner/work/pixi_rosdistro/pixi_rosdistro/install/include/rosidl_dynamic_typesupport_fastrtps/rosidl_dynamic_typesupport_fastrtps/serialization_support.h
[8.924s] -- Installing: /home/runner/work/pixi_rosdistro/pixi_rosdistro/install/share/rosidl_dynamic_typesupport_fastrtps/environment/library_path.sh
[8.924s] -- Installing: /home/runner/work/pixi_rosdistro/pixi_rosdistro/install/share/rosidl_dynamic_typesupport_fastrtps/environment/library_path.dsv
[8.926s] -- Installing: /home/runner/work/pixi_rosdistro/pixi_rosdistro/install/share/ament_index/resource_index/package_run_dependencies/rosidl_dynamic_typesupport_fastrtps
[8.926s] -- Installing: /home/runner/work/pixi_rosdistro/pixi_rosdistro/install/share/ament_index/resource_index/parent_prefix_path/rosidl_dynamic_typesupport_fastrtps
[8.926s] -- Installing: /home/runner/work/pixi_rosdistro/pixi_rosdistro/install/share/rosidl_dynamic_typesupport_fastrtps/environment/ament_prefix_path.sh
[8.926s] -- Installing: /home/runner/work/pixi_rosdistro/pixi_rosdistro/install/share/rosidl_dynamic_typesupport_fastrtps/environment/ament_prefix_path.dsv
[8.926s] -- Installing: /home/runner/work/pixi_rosdistro/pixi_rosdistro/install/share/rosidl_dynamic_typesupport_fastrtps/environment/path.sh
[8.927s] -- Installing: /home/runner/work/pixi_rosdistro/pixi_rosdistro/install/share/rosidl_dynamic_typesupport_fastrtps/environment/path.dsv
[8.927s] -- Installing: /home/runner/work/pixi_rosdistro/pixi_rosdistro/install/share/rosidl_dynamic_typesupport_fastrtps/local_setup.bash
[8.927s] -- Installing: /home/runner/work/pixi_rosdistro/pixi_rosdistro/install/share/rosidl_dynamic_typesupport_fastrtps/local_setup.fish
[8.927s] -- Installing: /home/runner/work/pixi_rosdistro/pixi_rosdistro/install/share/rosidl_dynamic_typesupport_fastrtps/local_setup.sh
[8.927s] -- Installing: /home/runner/work/pixi_rosdistro/pixi_rosdistro/install/share/rosidl_dynamic_typesupport_fastrtps/local_setup.zsh
[8.928s] -- Installing: /home/runner/work/pixi_rosdistro/pixi_rosdistro/install/share/rosidl_dynamic_typesupport_fastrtps/local_setup.dsv
[8.928s] -- Installing: /home/runner/work/pixi_rosdistro/pixi_rosdistro/install/share/rosidl_dynamic_typesupport_fastrtps/package.dsv
[8.929s] -- Installing: /home/runner/work/pixi_rosdistro/pixi_rosdistro/install/share/ament_index/resource_index/packages/rosidl_dynamic_typesupport_fastrtps
[8.929s] -- Installing: /home/runner/work/pixi_rosdistro/pixi_rosdistro/install/share/rosidl_dynamic_typesupport_fastrtps/cmake/rosidl_dynamic_typesupport_fastrtps-exportExport.cmake
[8.930s] -- Installing: /home/runner/work/pixi_rosdistro/pixi_rosdistro/install/share/rosidl_dynamic_typesupport_fastrtps/cmake/rosidl_dynamic_typesupport_fastrtps-exportExport-release.cmake
[8.930s] -- Installing: /home/runner/work/pixi_rosdistro/pixi_rosdistro/install/share/rosidl_dynamic_typesupport_fastrtps/cmake/ament_cmake_export_targets-extras.cmake
[8.931s] -- Installing: /home/runner/work/pixi_rosdistro/pixi_rosdistro/install/share/rosidl_dynamic_typesupport_fastrtps/cmake/ament_cmake_export_dependencies-extras.cmake
[8.931s] -- Installing: /home/runner/work/pixi_rosdistro/pixi_rosdistro/install/share/rosidl_dynamic_typesupport_fastrtps/cmake/rosidl_dynamic_typesupport_fastrtpsConfig.cmake
[8.931s] -- Installing: /home/runner/work/pixi_rosdistro/pixi_rosdistro/install/share/rosidl_dynamic_typesupport_fastrtps/cmake/rosidl_dynamic_typesupport_fastrtpsConfig-version.cmake
[8.933s] -- Installing: /home/runner/work/pixi_rosdistro/pixi_rosdistro/install/share/rosidl_dynamic_typesupport_fastrtps/package.xml
[8.934s] Invoked command in '/home/runner/work/pixi_rosdistro/pixi_rosdistro/build/rosidl_dynamic_typesupport_fastrtps' returned '0': AMENT_PREFIX_PATH=/home/runner/work/pixi_rosdistro/pixi_rosdistro/install CMAKE_PREFIX_PATH=/home/runner/work/pixi_rosdistro/pixi_rosdistro/install:${CMAKE_PREFIX_PATH} LD_LIBRARY_PATH=/home/runner/work/pixi_rosdistro/pixi_rosdistro/install/lib PATH=/home/runner/work/pixi_rosdistro/pixi_rosdistro/install/bin:/opt/microsoft/powershell/7:${PATH} PIXI_PROMPT=(ros2_rolling) PKG_CONFIG_PATH=/home/runner/work/pixi_rosdistro/pixi_rosdistro/install/lib/pkgconfig PSModulePath=/home/runner/.local/share/powershell/Modules:${PSModulePath} PYTHONPATH=/home/runner/work/pixi_rosdistro/pixi_rosdistro/install/lib/python3.12/site-packages ROS_DOMAIN_ID=70 /home/runner/work/pixi_rosdistro/pixi_rosdistro/.pixi/envs/default/bin/cmake --install /home/runner/work/pixi_rosdistro/pixi_rosdistro/build/rosidl_dynamic_typesupport_fastrtps
