[0.132s] Invoking command in '/Users/runner/work/pixi_rosdistro/pixi_rosdistro/build/yaml_cpp_vendor': AMENT_PREFIX_PATH=/Users/runner/work/pixi_rosdistro/pixi_rosdistro/install CMAKE_PREFIX_PATH=/Users/runner/work/pixi_rosdistro/pixi_rosdistro/install PATH=/Users/runner/work/pixi_rosdistro/pixi_rosdistro/install/bin:${PATH} PIXI_PROMPT=(ros2_rolling) PKG_CONFIG_PATH=/Users/runner/work/pixi_rosdistro/pixi_rosdistro/install/lib/pkgconfig PYTHONPATH=/Users/runner/work/pixi_rosdistro/pixi_rosdistro/install/lib/python3.12/site-packages SHLVL=3 _=/usr/bin/env /Users/runner/work/pixi_rosdistro/pixi_rosdistro/.pixi/envs/default/bin/cmake /Users/runner/work/pixi_rosdistro/pixi_rosdistro/src/ros2/yaml_cpp_vendor -GNinja --no-warn-unused-cli -DCMAKE_BUILD_TYPE=Release -DCMAKE_BUILD_WITH_INSTALL_RPATH:bool=TRUE -DCMAKE_POLICY_VERSION_MINIMUM=3.5 -Wno-deprecated -DSTACK_DETAILS_AUTO_DETECT:bool=FALSE -DSTACK_DETAILS_BFD:bool=FALSE -DCMAKE_INSTALL_PREFIX=/Users/runner/work/pixi_rosdistro/pixi_rosdistro/install
[0.304s] Not searching for unused variables given on the command line.
[0.304s] -- The CXX compiler identification is AppleClang 17.0.0.17000013
[0.380s] -- Detecting CXX compiler ABI info
[0.647s] -- Detecting CXX compiler ABI info - done
[0.696s] -- Check for working CXX compiler: /usr/bin/c++ - skipped
[0.696s] -- Detecting CXX compile features
[0.696s] -- Detecting CXX compile features - done
[0.701s] -- Found ament_cmake: 2.8.6 (/Users/runner/work/pixi_rosdistro/pixi_rosdistro/install/share/ament_cmake/cmake)
[1.022s] -- Found ament_cmake_vendor_package: 2.8.6 (/Users/runner/work/pixi_rosdistro/pixi_rosdistro/install/share/ament_cmake_vendor_package/cmake)
[1.114s] -- Configuring done (1.0s)
[1.127s] -- Generating done (0.0s)
[1.134s] -- Build files have been written to: /Users/runner/work/pixi_rosdistro/pixi_rosdistro/build/yaml_cpp_vendor
[1.135s] Invoked command in '/Users/runner/work/pixi_rosdistro/pixi_rosdistro/build/yaml_cpp_vendor' returned '0': AMENT_PREFIX_PATH=/Users/runner/work/pixi_rosdistro/pixi_rosdistro/install CMAKE_PREFIX_PATH=/Users/runner/work/pixi_rosdistro/pixi_rosdistro/install PATH=/Users/runner/work/pixi_rosdistro/pixi_rosdistro/install/bin:${PATH} PIXI_PROMPT=(ros2_rolling) PKG_CONFIG_PATH=/Users/runner/work/pixi_rosdistro/pixi_rosdistro/install/lib/pkgconfig PYTHONPATH=/Users/runner/work/pixi_rosdistro/pixi_rosdistro/install/lib/python3.12/site-packages SHLVL=3 _=/usr/bin/env /Users/runner/work/pixi_rosdistro/pixi_rosdistro/.pixi/envs/default/bin/cmake /Users/runner/work/pixi_rosdistro/pixi_rosdistro/src/ros2/yaml_cpp_vendor -GNinja --no-warn-unused-cli -DCMAKE_BUILD_TYPE=Release -DCMAKE_BUILD_WITH_INSTALL_RPATH:bool=TRUE -DCMAKE_POLICY_VERSION_MINIMUM=3.5 -Wno-deprecated -DSTACK_DETAILS_AUTO_DETECT:bool=FALSE -DSTACK_DETAILS_BFD:bool=FALSE -DCMAKE_INSTALL_PREFIX=/Users/runner/work/pixi_rosdistro/pixi_rosdistro/install
[1.140s] Invoking command in '/Users/runner/work/pixi_rosdistro/pixi_rosdistro/build/yaml_cpp_vendor': AMENT_PREFIX_PATH=/Users/runner/work/pixi_rosdistro/pixi_rosdistro/install CMAKE_PREFIX_PATH=/Users/runner/work/pixi_rosdistro/pixi_rosdistro/install PATH=/Users/runner/work/pixi_rosdistro/pixi_rosdistro/install/bin:${PATH} PIXI_PROMPT=(ros2_rolling) PKG_CONFIG_PATH=/Users/runner/work/pixi_rosdistro/pixi_rosdistro/install/lib/pkgconfig PYTHONPATH=/Users/runner/work/pixi_rosdistro/pixi_rosdistro/install/lib/python3.12/site-packages SHLVL=3 _=/usr/bin/env /Users/runner/work/pixi_rosdistro/pixi_rosdistro/.pixi/envs/default/bin/cmake --build /Users/runner/work/pixi_rosdistro/pixi_rosdistro/build/yaml_cpp_vendor -- -j3 -l3
[1.158s] ninja: no work to do.
[1.160s] Invoked command in '/Users/runner/work/pixi_rosdistro/pixi_rosdistro/build/yaml_cpp_vendor' returned '0': AMENT_PREFIX_PATH=/Users/runner/work/pixi_rosdistro/pixi_rosdistro/install CMAKE_PREFIX_PATH=/Users/runner/work/pixi_rosdistro/pixi_rosdistro/install PATH=/Users/runner/work/pixi_rosdistro/pixi_rosdistro/install/bin:${PATH} PIXI_PROMPT=(ros2_rolling) PKG_CONFIG_PATH=/Users/runner/work/pixi_rosdistro/pixi_rosdistro/install/lib/pkgconfig PYTHONPATH=/Users/runner/work/pixi_rosdistro/pixi_rosdistro/install/lib/python3.12/site-packages SHLVL=3 _=/usr/bin/env /Users/runner/work/pixi_rosdistro/pixi_rosdistro/.pixi/envs/default/bin/cmake --build /Users/runner/work/pixi_rosdistro/pixi_rosdistro/build/yaml_cpp_vendor -- -j3 -l3
[1.164s] Invoking command in '/Users/runner/work/pixi_rosdistro/pixi_rosdistro/build/yaml_cpp_vendor': AMENT_PREFIX_PATH=/Users/runner/work/pixi_rosdistro/pixi_rosdistro/install CMAKE_PREFIX_PATH=/Users/runner/work/pixi_rosdistro/pixi_rosdistro/install PATH=/Users/runner/work/pixi_rosdistro/pixi_rosdistro/install/bin:${PATH} PIXI_PROMPT=(ros2_rolling) PKG_CONFIG_PATH=/Users/runner/work/pixi_rosdistro/pixi_rosdistro/install/lib/pkgconfig PYTHONPATH=/Users/runner/work/pixi_rosdistro/pixi_rosdistro/install/lib/python3.12/site-packages SHLVL=3 _=/usr/bin/env /Users/runner/work/pixi_rosdistro/pixi_rosdistro/.pixi/envs/default/bin/cmake --install /Users/runner/work/pixi_rosdistro/pixi_rosdistro/build/yaml_cpp_vendor
[1.181s] -- Install configuration: "Release"
[1.182s] -- Installing: /Users/runner/work/pixi_rosdistro/pixi_rosdistro/install/share/yaml_cpp_vendor/cmake
[1.182s] -- Installing: /Users/runner/work/pixi_rosdistro/pixi_rosdistro/install/share/yaml_cpp_vendor/cmake/Modules
[1.182s] -- Installing: /Users/runner/work/pixi_rosdistro/pixi_rosdistro/install/share/yaml_cpp_vendor/cmake/Modules/Findyaml-cpp.cmake
[1.183s] -- Installing: /Users/runner/work/pixi_rosdistro/pixi_rosdistro/install/share/ament_index/resource_index/package_run_dependencies/yaml_cpp_vendor
[1.184s] -- Installing: /Users/runner/work/pixi_rosdistro/pixi_rosdistro/install/share/ament_index/resource_index/parent_prefix_path/yaml_cpp_vendor
[1.184s] -- Installing: /Users/runner/work/pixi_rosdistro/pixi_rosdistro/install/share/yaml_cpp_vendor/environment/ament_prefix_path.sh
[1.185s] -- Installing: /Users/runner/work/pixi_rosdistro/pixi_rosdistro/install/share/yaml_cpp_vendor/environment/ament_prefix_path.dsv
[1.186s] -- Installing: /Users/runner/work/pixi_rosdistro/pixi_rosdistro/install/share/yaml_cpp_vendor/environment/path.sh
[1.186s] -- Installing: /Users/runner/work/pixi_rosdistro/pixi_rosdistro/install/share/yaml_cpp_vendor/environment/path.dsv
[1.187s] -- Installing: /Users/runner/work/pixi_rosdistro/pixi_rosdistro/install/share/yaml_cpp_vendor/local_setup.bash
[1.188s] -- Installing: /Users/runner/work/pixi_rosdistro/pixi_rosdistro/install/share/yaml_cpp_vendor/local_setup.fish
[1.188s] -- Installing: /Users/runner/work/pixi_rosdistro/pixi_rosdistro/install/share/yaml_cpp_vendor/local_setup.sh
[1.189s] -- Installing: /Users/runner/work/pixi_rosdistro/pixi_rosdistro/install/share/yaml_cpp_vendor/local_setup.zsh
[1.189s] -- Installing: /Users/runner/work/pixi_rosdistro/pixi_rosdistro/install/share/yaml_cpp_vendor/local_setup.dsv
[1.189s] -- Installing: /Users/runner/work/pixi_rosdistro/pixi_rosdistro/install/share/yaml_cpp_vendor/package.dsv
[1.189s] -- Installing: /Users/runner/work/pixi_rosdistro/pixi_rosdistro/install/share/ament_index/resource_index/packages/yaml_cpp_vendor
[1.189s] -- Installing: /Users/runner/work/pixi_rosdistro/pixi_rosdistro/install/share/yaml_cpp_vendor/cmake/yaml_cpp_vendor-extras.cmake
[1.189s] -- Installing: /Users/runner/work/pixi_rosdistro/pixi_rosdistro/install/share/yaml_cpp_vendor/cmake/yaml_cpp_vendorConfig.cmake
[1.190s] -- Installing: /Users/runner/work/pixi_rosdistro/pixi_rosdistro/install/share/yaml_cpp_vendor/cmake/yaml_cpp_vendorConfig-version.cmake
[1.190s] -- Installing: /Users/runner/work/pixi_rosdistro/pixi_rosdistro/install/share/yaml_cpp_vendor/package.xml
[1.195s] Invoked command in '/Users/runner/work/pixi_rosdistro/pixi_rosdistro/build/yaml_cpp_vendor' returned '0': AMENT_PREFIX_PATH=/Users/runner/work/pixi_rosdistro/pixi_rosdistro/install CMAKE_PREFIX_PATH=/Users/runner/work/pixi_rosdistro/pixi_rosdistro/install PATH=/Users/runner/work/pixi_rosdistro/pixi_rosdistro/install/bin:${PATH} PIXI_PROMPT=(ros2_rolling) PKG_CONFIG_PATH=/Users/runner/work/pixi_rosdistro/pixi_rosdistro/install/lib/pkgconfig PYTHONPATH=/Users/runner/work/pixi_rosdistro/pixi_rosdistro/install/lib/python3.12/site-packages SHLVL=3 _=/usr/bin/env /Users/runner/work/pixi_rosdistro/pixi_rosdistro/.pixi/envs/default/bin/cmake --install /Users/runner/work/pixi_rosdistro/pixi_rosdistro/build/yaml_cpp_vendor
