[0.453s] Invoking command in '/Users/runner/work/pixi_rosdistro/pixi_rosdistro/build/rti_connext_dds_cmake_module': AMENT_PREFIX_PATH=/Users/runner/work/pixi_rosdistro/pixi_rosdistro/install CMAKE_PREFIX_PATH=/Users/runner/work/pixi_rosdistro/pixi_rosdistro/install PATH=/Users/runner/work/pixi_rosdistro/pixi_rosdistro/install/bin:${PATH} PIXI_PROMPT=(ros2_rolling) PKG_CONFIG_PATH=/Users/runner/work/pixi_rosdistro/pixi_rosdistro/install/lib/pkgconfig PYTHONPATH=/Users/runner/work/pixi_rosdistro/pixi_rosdistro/install/lib/python3.12/site-packages ROS_DOMAIN_ID=11${ROS_DOMAIN_ID} SHLVL=3 _=/usr/bin/env /Users/runner/work/pixi_rosdistro/pixi_rosdistro/.pixi/envs/default/bin/cmake /Users/runner/work/pixi_rosdistro/pixi_rosdistro/src/ros2/rmw_connextdds/rti_connext_dds_cmake_module -GNinja --no-warn-unused-cli -DCMAKE_BUILD_TYPE=Release -DCMAKE_BUILD_WITH_INSTALL_RPATH:bool=TRUE -DCMAKE_POLICY_VERSION_MINIMUM=3.5 -Wno-deprecated -DSTACK_DETAILS_AUTO_DETECT:bool=FALSE -DSTACK_DETAILS_BFD:bool=FALSE -DCMAKE_INSTALL_PREFIX=/Users/runner/work/pixi_rosdistro/pixi_rosdistro/install
[0.774s] Not searching for unused variables given on the command line.
[0.774s] -- The C compiler identification is AppleClang 17.0.0.17000013
[0.932s] -- The CXX compiler identification is AppleClang 17.0.0.17000013
[0.983s] -- Detecting C compiler ABI info
[1.410s] -- Detecting C compiler ABI info - done
[1.462s] -- Check for working C compiler: /usr/bin/cc - skipped
[1.462s] -- Detecting C compile features
[1.462s] -- Detecting C compile features - done
[1.466s] -- Detecting CXX compiler ABI info
[1.871s] -- Detecting CXX compiler ABI info - done
[1.916s] -- Check for working CXX compiler: /usr/bin/c++ - skipped
[1.917s] -- Detecting CXX compile features
[1.917s] -- Detecting CXX compile features - done
[1.930s] -- Found ament_cmake: 2.8.6 (/Users/runner/work/pixi_rosdistro/pixi_rosdistro/install/share/ament_cmake/cmake)
[2.376s] -- no CONNEXTDDS_DIR nor NDDSHOME specified
[2.377s] -- Invalid CONNEXTDDS_DIR = ''
[2.377s] -- RTI Connext DDS Professional: NOT FOUND
[2.377s] -- Invalid CONNEXTDDS_DIR = ''
[2.377s] -- Invalid RTIMEHOME = ''
[2.377s] -- RTIMEHOME not found
[2.377s] -- RTI Connext DDS Micro: NOT FOUND
[2.377s] -- no environment hook generated
[2.388s] -- Found ament_lint_auto: 0.20.3 (/Users/runner/work/pixi_rosdistro/pixi_rosdistro/install/share/ament_lint_auto/cmake)
[2.655s] -- Added test 'copyright' to check source files copyright and LICENSE
[2.665s] -- Added test 'lint_cmake' to check CMake code style
[2.669s] -- Added test 'xmllint' to check XML markup files
[2.673s] -- Configuring done (2.2s)
[2.709s] -- Generating done (0.0s)
[2.716s] -- Build files have been written to: /Users/runner/work/pixi_rosdistro/pixi_rosdistro/build/rti_connext_dds_cmake_module
[2.718s] Invoked command in '/Users/runner/work/pixi_rosdistro/pixi_rosdistro/build/rti_connext_dds_cmake_module' returned '0': AMENT_PREFIX_PATH=/Users/runner/work/pixi_rosdistro/pixi_rosdistro/install CMAKE_PREFIX_PATH=/Users/runner/work/pixi_rosdistro/pixi_rosdistro/install PATH=/Users/runner/work/pixi_rosdistro/pixi_rosdistro/install/bin:${PATH} PIXI_PROMPT=(ros2_rolling) PKG_CONFIG_PATH=/Users/runner/work/pixi_rosdistro/pixi_rosdistro/install/lib/pkgconfig PYTHONPATH=/Users/runner/work/pixi_rosdistro/pixi_rosdistro/install/lib/python3.12/site-packages ROS_DOMAIN_ID=11${ROS_DOMAIN_ID} SHLVL=3 _=/usr/bin/env /Users/runner/work/pixi_rosdistro/pixi_rosdistro/.pixi/envs/default/bin/cmake /Users/runner/work/pixi_rosdistro/pixi_rosdistro/src/ros2/rmw_connextdds/rti_connext_dds_cmake_module -GNinja --no-warn-unused-cli -DCMAKE_BUILD_TYPE=Release -DCMAKE_BUILD_WITH_INSTALL_RPATH:bool=TRUE -DCMAKE_POLICY_VERSION_MINIMUM=3.5 -Wno-deprecated -DSTACK_DETAILS_AUTO_DETECT:bool=FALSE -DSTACK_DETAILS_BFD:bool=FALSE -DCMAKE_INSTALL_PREFIX=/Users/runner/work/pixi_rosdistro/pixi_rosdistro/install
[2.724s] Invoking command in '/Users/runner/work/pixi_rosdistro/pixi_rosdistro/build/rti_connext_dds_cmake_module': AMENT_PREFIX_PATH=/Users/runner/work/pixi_rosdistro/pixi_rosdistro/install CMAKE_PREFIX_PATH=/Users/runner/work/pixi_rosdistro/pixi_rosdistro/install PATH=/Users/runner/work/pixi_rosdistro/pixi_rosdistro/install/bin:${PATH} PIXI_PROMPT=(ros2_rolling) PKG_CONFIG_PATH=/Users/runner/work/pixi_rosdistro/pixi_rosdistro/install/lib/pkgconfig PYTHONPATH=/Users/runner/work/pixi_rosdistro/pixi_rosdistro/install/lib/python3.12/site-packages ROS_DOMAIN_ID=11${ROS_DOMAIN_ID} SHLVL=3 _=/usr/bin/env /Users/runner/work/pixi_rosdistro/pixi_rosdistro/.pixi/envs/default/bin/cmake --build /Users/runner/work/pixi_rosdistro/pixi_rosdistro/build/rti_connext_dds_cmake_module -- -j3 -l3
[2.744s] ninja: no work to do.
[2.746s] Invoked command in '/Users/runner/work/pixi_rosdistro/pixi_rosdistro/build/rti_connext_dds_cmake_module' returned '0': AMENT_PREFIX_PATH=/Users/runner/work/pixi_rosdistro/pixi_rosdistro/install CMAKE_PREFIX_PATH=/Users/runner/work/pixi_rosdistro/pixi_rosdistro/install PATH=/Users/runner/work/pixi_rosdistro/pixi_rosdistro/install/bin:${PATH} PIXI_PROMPT=(ros2_rolling) PKG_CONFIG_PATH=/Users/runner/work/pixi_rosdistro/pixi_rosdistro/install/lib/pkgconfig PYTHONPATH=/Users/runner/work/pixi_rosdistro/pixi_rosdistro/install/lib/python3.12/site-packages ROS_DOMAIN_ID=11${ROS_DOMAIN_ID} SHLVL=3 _=/usr/bin/env /Users/runner/work/pixi_rosdistro/pixi_rosdistro/.pixi/envs/default/bin/cmake --build /Users/runner/work/pixi_rosdistro/pixi_rosdistro/build/rti_connext_dds_cmake_module -- -j3 -l3
[2.751s] Invoking command in '/Users/runner/work/pixi_rosdistro/pixi_rosdistro/build/rti_connext_dds_cmake_module': AMENT_PREFIX_PATH=/Users/runner/work/pixi_rosdistro/pixi_rosdistro/install CMAKE_PREFIX_PATH=/Users/runner/work/pixi_rosdistro/pixi_rosdistro/install PATH=/Users/runner/work/pixi_rosdistro/pixi_rosdistro/install/bin:${PATH} PIXI_PROMPT=(ros2_rolling) PKG_CONFIG_PATH=/Users/runner/work/pixi_rosdistro/pixi_rosdistro/install/lib/pkgconfig PYTHONPATH=/Users/runner/work/pixi_rosdistro/pixi_rosdistro/install/lib/python3.12/site-packages ROS_DOMAIN_ID=11${ROS_DOMAIN_ID} SHLVL=3 _=/usr/bin/env /Users/runner/work/pixi_rosdistro/pixi_rosdistro/.pixi/envs/default/bin/cmake --install /Users/runner/work/pixi_rosdistro/pixi_rosdistro/build/rti_connext_dds_cmake_module
[2.769s] -- Install configuration: "Release"
[2.769s] -- Installing: /Users/runner/work/pixi_rosdistro/pixi_rosdistro/install/share/rti_connext_dds_cmake_module/cmake/rti_build_helper.cmake
[2.769s] -- Installing: /Users/runner/work/pixi_rosdistro/pixi_rosdistro/install/share/ament_index/resource_index/package_run_dependencies/rti_connext_dds_cmake_module
[2.769s] -- Installing: /Users/runner/work/pixi_rosdistro/pixi_rosdistro/install/share/ament_index/resource_index/parent_prefix_path/rti_connext_dds_cmake_module
[2.770s] -- Installing: /Users/runner/work/pixi_rosdistro/pixi_rosdistro/install/share/rti_connext_dds_cmake_module/environment/ament_prefix_path.sh
[2.771s] -- Installing: /Users/runner/work/pixi_rosdistro/pixi_rosdistro/install/share/rti_connext_dds_cmake_module/environment/ament_prefix_path.dsv
[2.772s] -- Installing: /Users/runner/work/pixi_rosdistro/pixi_rosdistro/install/share/rti_connext_dds_cmake_module/environment/path.sh
[2.772s] -- Installing: /Users/runner/work/pixi_rosdistro/pixi_rosdistro/install/share/rti_connext_dds_cmake_module/environment/path.dsv
[2.772s] -- Installing: /Users/runner/work/pixi_rosdistro/pixi_rosdistro/install/share/rti_connext_dds_cmake_module/local_setup.bash
[2.772s] -- Installing: /Users/runner/work/pixi_rosdistro/pixi_rosdistro/install/share/rti_connext_dds_cmake_module/local_setup.fish
[2.772s] -- Installing: /Users/runner/work/pixi_rosdistro/pixi_rosdistro/install/share/rti_connext_dds_cmake_module/local_setup.sh
[2.772s] -- Installing: /Users/runner/work/pixi_rosdistro/pixi_rosdistro/install/share/rti_connext_dds_cmake_module/local_setup.zsh
[2.776s] -- Installing: /Users/runner/work/pixi_rosdistro/pixi_rosdistro/install/share/rti_connext_dds_cmake_module/local_setup.dsv
[2.777s] -- Installing: /Users/runner/work/pixi_rosdistro/pixi_rosdistro/install/share/rti_connext_dds_cmake_module/package.dsv
[2.777s] -- Installing: /Users/runner/work/pixi_rosdistro/pixi_rosdistro/install/share/ament_index/resource_index/packages/rti_connext_dds_cmake_module
[2.777s] -- Installing: /Users/runner/work/pixi_rosdistro/pixi_rosdistro/install/share/rti_connext_dds_cmake_module/cmake/rti_connext_dds_cmake_module-extras.cmake
[2.777s] -- Installing: /Users/runner/work/pixi_rosdistro/pixi_rosdistro/install/share/rti_connext_dds_cmake_module/cmake/rti_connext_dds_cmake_moduleConfig.cmake
[2.777s] -- Installing: /Users/runner/work/pixi_rosdistro/pixi_rosdistro/install/share/rti_connext_dds_cmake_module/cmake/rti_connext_dds_cmake_moduleConfig-version.cmake
[2.778s] -- Installing: /Users/runner/work/pixi_rosdistro/pixi_rosdistro/install/share/rti_connext_dds_cmake_module/package.xml
[2.779s] Invoked command in '/Users/runner/work/pixi_rosdistro/pixi_rosdistro/build/rti_connext_dds_cmake_module' returned '0': AMENT_PREFIX_PATH=/Users/runner/work/pixi_rosdistro/pixi_rosdistro/install CMAKE_PREFIX_PATH=/Users/runner/work/pixi_rosdistro/pixi_rosdistro/install PATH=/Users/runner/work/pixi_rosdistro/pixi_rosdistro/install/bin:${PATH} PIXI_PROMPT=(ros2_rolling) PKG_CONFIG_PATH=/Users/runner/work/pixi_rosdistro/pixi_rosdistro/install/lib/pkgconfig PYTHONPATH=/Users/runner/work/pixi_rosdistro/pixi_rosdistro/install/lib/python3.12/site-packages ROS_DOMAIN_ID=11${ROS_DOMAIN_ID} SHLVL=3 _=/usr/bin/env /Users/runner/work/pixi_rosdistro/pixi_rosdistro/.pixi/envs/default/bin/cmake --install /Users/runner/work/pixi_rosdistro/pixi_rosdistro/build/rti_connext_dds_cmake_module
