[14.360s] Invoking command in 'D:\a\pixi_rosdistro\pixi_rosdistro\build\tf2_msgs': AMENT_PREFIX_PATH=D:\a\pixi_rosdistro\pixi_rosdistro\install CMAKE_PREFIX_PATH=D:\a\pixi_rosdistro\pixi_rosdistro\install;D:\a\pixi_rosdistro\pixi_rosdistro\.pixi\envs\default\Library PATH=D:\a\pixi_rosdistro\pixi_rosdistro\install\Scripts;D:\a\pixi_rosdistro\pixi_rosdistro\install\bin;D:\a\pixi_rosdistro\pixi_rosdistro\install\opt\mimick_vendor\lib;%PATH% PIXI_PROMPT=(ros2_rolling) PKG_CONFIG_PATH=D:\a\pixi_rosdistro\pixi_rosdistro\install\lib\pkgconfig PROMPT=$P$G PYTHONPATH=D:\a\pixi_rosdistro\pixi_rosdistro\install\Lib\site-packages ROS_AUTOMATIC_DISCOVERY_RANGE=SUBNET ROS_DOMAIN_ID=8 ROS_PYTHON_VERSION=3 D:\a\pixi_rosdistro\pixi_rosdistro\.pixi\envs\default\Library\bin\cmake.EXE D:\a\pixi_rosdistro\pixi_rosdistro\src\ros2\geometry2\tf2_msgs -GNinja --no-warn-unused-cli -DCMAKE_BUILD_TYPE=Release -DCMAKE_BUILD_WITH_INSTALL_RPATH:bool=TRUE -DCMAKE_POLICY_VERSION_MINIMUM=3.5 -Wno-deprecated -DSTACK_DETAILS_AUTO_DETECT:bool=FALSE -DSTACK_DETAILS_BFD:bool=FALSE -DCMAKE_INSTALL_PREFIX=D:\a\pixi_rosdistro\pixi_rosdistro\install
[14.654s] Not searching for unused variables given on the command line.
[14.654s] -- The C compiler identification is MSVC 19.44.35225.0
[14.934s] -- The CXX compiler identification is MSVC 19.44.35225.0
[14.958s] -- Detecting C compiler ABI info
[15.591s] -- Detecting C compiler ABI info - done
[15.609s] -- Check for working C compiler: C:/Program Files/Microsoft Visual Studio/2022/Enterprise/VC/Tools/MSVC/14.44.35207/bin/Hostx64/x64/cl.exe - skipped
[15.610s] -- Detecting C compile features
[15.610s] -- Detecting C compile features - done
[15.619s] -- Detecting CXX compiler ABI info
[16.224s] -- Detecting CXX compiler ABI info - done
[16.251s] -- Check for working CXX compiler: C:/Program Files/Microsoft Visual Studio/2022/Enterprise/VC/Tools/MSVC/14.44.35207/bin/Hostx64/x64/cl.exe - skipped
[16.252s] -- Detecting CXX compile features
[16.253s] -- Detecting CXX compile features - done
[16.265s] -- Found ament_cmake: 2.8.6 (D:/a/pixi_rosdistro/pixi_rosdistro/install/share/ament_cmake/cmake)
[17.041s] -- Found rosidl_default_generators: 1.8.1 (D:/a/pixi_rosdistro/pixi_rosdistro/install/share/rosidl_default_generators/cmake)
[17.055s] -- Using all available rosidl_typesupport_c: rosidl_typesupport_fastrtps_c;rosidl_typesupport_introspection_c
[17.181s] -- Using all available rosidl_typesupport_cpp: rosidl_typesupport_fastrtps_cpp;rosidl_typesupport_introspection_cpp
[17.323s] -- Found rosidl_adapter: 5.1.3 (D:/a/pixi_rosdistro/pixi_rosdistro/install/share/rosidl_adapter/cmake)
[17.341s] -- Found builtin_interfaces: 2.4.3 (D:/a/pixi_rosdistro/pixi_rosdistro/install/share/builtin_interfaces/cmake)
[17.404s] -- Found geometry_msgs: 5.9.1 (D:/a/pixi_rosdistro/pixi_rosdistro/install/share/geometry_msgs/cmake)
[17.894s] -- Found Python3: D:/a/pixi_rosdistro/pixi_rosdistro/.pixi/envs/default/python.exe (found version "3.14.3") found components: Interpreter
[19.257s] -- Found ament_cmake_cppcheck: 0.20.3 (D:/a/pixi_rosdistro/pixi_rosdistro/install/share/ament_cmake_cppcheck/cmake)
[19.270s] -- Found ament_cmake_cpplint: 0.20.3 (D:/a/pixi_rosdistro/pixi_rosdistro/install/share/ament_cmake_cpplint/cmake)
[19.284s] -- Found ament_cmake_uncrustify: 0.20.3 (D:/a/pixi_rosdistro/pixi_rosdistro/install/share/ament_cmake_uncrustify/cmake)
[19.300s] -- Found ament_cmake_ros_core: 0.15.6 (D:/a/pixi_rosdistro/pixi_rosdistro/install/share/ament_cmake_ros_core/cmake)
[20.569s] -- Using all available rosidl_typesupport_c: rosidl_typesupport_fastrtps_c;rosidl_typesupport_introspection_c
[22.122s] -- Using all available rosidl_typesupport_cpp: rosidl_typesupport_fastrtps_cpp;rosidl_typesupport_introspection_cpp
[23.442s] -- Found Python3: D:/a/pixi_rosdistro/pixi_rosdistro/.pixi/envs/default/python.exe (found version "3.14.3") found components: Interpreter Development NumPy Development.Module Development.Embed
[23.566s] -- Found ament_cmake_flake8: 0.20.3 (D:/a/pixi_rosdistro/pixi_rosdistro/install/share/ament_cmake_flake8/cmake)
[23.584s] -- Found ament_cmake_pep257: 0.20.3 (D:/a/pixi_rosdistro/pixi_rosdistro/install/share/ament_cmake_pep257/cmake)
[23.601s] -- Found ament_cmake_mypy: 0.20.3 (D:/a/pixi_rosdistro/pixi_rosdistro/install/share/ament_cmake_mypy/cmake)
[23.728s] -- Found Python3: D:/a/pixi_rosdistro/pixi_rosdistro/.pixi/envs/default/python.exe (found version "3.14.3") found components: Interpreter
[23.768s] -- Configuring done (9.4s)
[23.997s] -- Generating done (0.2s)
[24.084s] -- Build files have been written to: D:/a/pixi_rosdistro/pixi_rosdistro/build/tf2_msgs
[24.112s] Invoked command in 'D:\a\pixi_rosdistro\pixi_rosdistro\build\tf2_msgs' returned '0': AMENT_PREFIX_PATH=D:\a\pixi_rosdistro\pixi_rosdistro\install CMAKE_PREFIX_PATH=D:\a\pixi_rosdistro\pixi_rosdistro\install;D:\a\pixi_rosdistro\pixi_rosdistro\.pixi\envs\default\Library PATH=D:\a\pixi_rosdistro\pixi_rosdistro\install\Scripts;D:\a\pixi_rosdistro\pixi_rosdistro\install\bin;D:\a\pixi_rosdistro\pixi_rosdistro\install\opt\mimick_vendor\lib;%PATH% PIXI_PROMPT=(ros2_rolling) PKG_CONFIG_PATH=D:\a\pixi_rosdistro\pixi_rosdistro\install\lib\pkgconfig PROMPT=$P$G PYTHONPATH=D:\a\pixi_rosdistro\pixi_rosdistro\install\Lib\site-packages ROS_AUTOMATIC_DISCOVERY_RANGE=SUBNET ROS_DOMAIN_ID=8 ROS_PYTHON_VERSION=3 D:\a\pixi_rosdistro\pixi_rosdistro\.pixi\envs\default\Library\bin\cmake.EXE D:\a\pixi_rosdistro\pixi_rosdistro\src\ros2\geometry2\tf2_msgs -GNinja --no-warn-unused-cli -DCMAKE_BUILD_TYPE=Release -DCMAKE_BUILD_WITH_INSTALL_RPATH:bool=TRUE -DCMAKE_POLICY_VERSION_MINIMUM=3.5 -Wno-deprecated -DSTACK_DETAILS_AUTO_DETECT:bool=FALSE -DSTACK_DETAILS_BFD:bool=FALSE -DCMAKE_INSTALL_PREFIX=D:\a\pixi_rosdistro\pixi_rosdistro\install
[24.115s] Invoking command in 'D:\a\pixi_rosdistro\pixi_rosdistro\build\tf2_msgs': AMENT_PREFIX_PATH=D:\a\pixi_rosdistro\pixi_rosdistro\install CMAKE_PREFIX_PATH=D:\a\pixi_rosdistro\pixi_rosdistro\install;D:\a\pixi_rosdistro\pixi_rosdistro\.pixi\envs\default\Library PATH=D:\a\pixi_rosdistro\pixi_rosdistro\install\Scripts;D:\a\pixi_rosdistro\pixi_rosdistro\install\bin;D:\a\pixi_rosdistro\pixi_rosdistro\install\opt\mimick_vendor\lib;%PATH% PIXI_PROMPT=(ros2_rolling) PKG_CONFIG_PATH=D:\a\pixi_rosdistro\pixi_rosdistro\install\lib\pkgconfig PROMPT=$P$G PYTHONPATH=D:\a\pixi_rosdistro\pixi_rosdistro\install\Lib\site-packages ROS_AUTOMATIC_DISCOVERY_RANGE=SUBNET ROS_DOMAIN_ID=8 ROS_PYTHON_VERSION=3 D:\a\pixi_rosdistro\pixi_rosdistro\.pixi\envs\default\Library\bin\cmake.EXE --build D:\a\pixi_rosdistro\pixi_rosdistro\build\tf2_msgs -- -j4 -l4
[24.972s] [1/67] Generating type hashes for ROS interfaces
[25.115s] [2/67] Generating C type support dispatch for ROS interfaces
[25.391s] [3/67] Generating C introspection for ROS interfaces
[25.776s] [4/67] Generating C type support for eProsima Fast-RTPS
[27.128s] [5/67] Generating C code for ROS interfaces
[27.366s] [6/67] Building C object CMakeFiles\tf2_msgs__rosidl_generator_c.dir\rosidl_generator_c\tf2_msgs\msg\detail\tf2_error__description.c.obj
[27.607s] [7/67] Building C object CMakeFiles\tf2_msgs__rosidl_generator_c.dir\rosidl_generator_c\tf2_msgs\msg\detail\tf2_error__functions.c.obj
[27.793s] [8/67] Building C object CMakeFiles\tf2_msgs__rosidl_generator_c.dir\rosidl_generator_c\tf2_msgs\msg\detail\tf2_error__type_support.c.obj
[28.024s] [9/67] Building C object CMakeFiles\tf2_msgs__rosidl_generator_c.dir\rosidl_generator_c\tf2_msgs\msg\detail\tf_message__description.c.obj
[28.288s] [10/67] Building C object CMakeFiles\tf2_msgs__rosidl_generator_c.dir\rosidl_generator_c\tf2_msgs\msg\detail\tf_message__functions.c.obj
[28.494s] [11/67] Building C object CMakeFiles\tf2_msgs__rosidl_generator_c.dir\rosidl_generator_c\tf2_msgs\msg\detail\tf_message__type_support.c.obj
[28.712s] [12/67] Building C object CMakeFiles\tf2_msgs__rosidl_generator_c.dir\rosidl_generator_c\tf2_msgs\srv\detail\frame_graph__description.c.obj
[28.942s] [13/67] Building C object CMakeFiles\tf2_msgs__rosidl_generator_c.dir\rosidl_generator_c\tf2_msgs\srv\detail\frame_graph__functions.c.obj
[29.196s] [14/67] Building C object CMakeFiles\tf2_msgs__rosidl_generator_c.dir\rosidl_generator_c\tf2_msgs\srv\detail\frame_graph__type_support.c.obj
[29.443s] [15/67] Building C object CMakeFiles\tf2_msgs__rosidl_generator_c.dir\rosidl_generator_c\tf2_msgs\action\detail\lookup_transform__description.c.obj
[29.671s] [16/67] Building C object CMakeFiles\tf2_msgs__rosidl_generator_c.dir\rosidl_generator_c\tf2_msgs\action\detail\lookup_transform__functions.c.obj
[29.926s] [17/67] Building C object CMakeFiles\tf2_msgs__rosidl_generator_c.dir\rosidl_generator_c\tf2_msgs\action\detail\lookup_transform__type_support.c.obj
[31.098s] [18/67] Generating C++ code for ROS interfaces
[32.342s] [19/67] Generating C++ type support for eProsima Fast-RTPS
[33.258s] [20/67] Generating C++ introspection for ROS interfaces
[34.065s] [21/67] Generating C++ type support dispatch for ROS interfaces
[34.208s] [22/67] Linking C shared library tf2_msgs__rosidl_generator_c.dll
[34.689s] [23/67] Building CXX object CMakeFiles\tf2_msgs__rosidl_typesupport_fastrtps_c.dir\rosidl_typesupport_fastrtps_c\tf2_msgs\msg\detail\tf2_error__type_support_c.cpp.obj
[35.183s] [24/67] Building CXX object CMakeFiles\tf2_msgs__rosidl_typesupport_fastrtps_c.dir\rosidl_typesupport_fastrtps_c\tf2_msgs\msg\detail\tf_message__type_support_c.cpp.obj
[35.732s] [25/67] Building CXX object CMakeFiles\tf2_msgs__rosidl_typesupport_fastrtps_c.dir\rosidl_typesupport_fastrtps_c\tf2_msgs\srv\detail\frame_graph__type_support_c.cpp.obj
[36.291s] [26/67] Building CXX object CMakeFiles\tf2_msgs__rosidl_typesupport_fastrtps_c.dir\rosidl_typesupport_fastrtps_c\tf2_msgs\action\detail\lookup_transform__type_support_c.cpp.obj
[36.537s] [27/67] Building C object CMakeFiles\tf2_msgs__rosidl_typesupport_introspection_c.dir\rosidl_typesupport_introspection_c\tf2_msgs\msg\detail\tf2_error__type_support.c.obj
[36.784s] [28/67] Building C object CMakeFiles\tf2_msgs__rosidl_typesupport_introspection_c.dir\rosidl_typesupport_introspection_c\tf2_msgs\msg\detail\tf_message__type_support.c.obj
[37.039s] [29/67] Building C object CMakeFiles\tf2_msgs__rosidl_typesupport_introspection_c.dir\rosidl_typesupport_introspection_c\tf2_msgs\srv\detail\frame_graph__type_support.c.obj
[37.587s] [30/67] Building C object CMakeFiles\tf2_msgs__rosidl_typesupport_introspection_c.dir\rosidl_typesupport_introspection_c\tf2_msgs\action\detail\lookup_transform__type_support.c.obj
[37.809s] [31/67] Building CXX object CMakeFiles\tf2_msgs__rosidl_typesupport_c.dir\rosidl_typesupport_c\tf2_msgs\msg\tf2_error__type_support.cpp.obj
[38.008s] [32/67] Building CXX object CMakeFiles\tf2_msgs__rosidl_typesupport_c.dir\rosidl_typesupport_c\tf2_msgs\msg\tf_message__type_support.cpp.obj
[38.217s] [33/67] Building CXX object CMakeFiles\tf2_msgs__rosidl_typesupport_c.dir\rosidl_typesupport_c\tf2_msgs\srv\frame_graph__type_support.cpp.obj
[38.465s] [34/67] Building CXX object CMakeFiles\tf2_msgs__rosidl_typesupport_c.dir\rosidl_typesupport_c\tf2_msgs\action\lookup_transform__type_support.cpp.obj
[38.974s] [35/67] Building CXX object CMakeFiles\tf2_msgs__rosidl_typesupport_fastrtps_cpp.dir\rosidl_typesupport_fastrtps_cpp\tf2_msgs\msg\detail\dds_fastrtps\tf2_error__type_support.cpp.obj
[39.505s] [36/67] Building CXX object CMakeFiles\tf2_msgs__rosidl_typesupport_fastrtps_cpp.dir\rosidl_typesupport_fastrtps_cpp\tf2_msgs\msg\detail\dds_fastrtps\tf_message__type_support.cpp.obj
[40.066s] [37/67] Building CXX object CMakeFiles\tf2_msgs__rosidl_typesupport_fastrtps_cpp.dir\rosidl_typesupport_fastrtps_cpp\tf2_msgs\srv\detail\dds_fastrtps\frame_graph__type_support.cpp.obj
[40.894s] [38/67] Building CXX object CMakeFiles\tf2_msgs__rosidl_typesupport_fastrtps_cpp.dir\rosidl_typesupport_fastrtps_cpp\tf2_msgs\action\detail\dds_fastrtps\lookup_transform__type_support.cpp.obj
[41.342s] [39/67] Building CXX object CMakeFiles\tf2_msgs__rosidl_typesupport_introspection_cpp.dir\rosidl_typesupport_introspection_cpp\tf2_msgs\msg\detail\tf2_error__type_support.cpp.obj
[41.800s] [40/67] Building CXX object CMakeFiles\tf2_msgs__rosidl_typesupport_introspection_cpp.dir\rosidl_typesupport_introspection_cpp\tf2_msgs\msg\detail\tf_message__type_support.cpp.obj
[42.247s] [41/67] Building CXX object CMakeFiles\tf2_msgs__rosidl_typesupport_introspection_cpp.dir\rosidl_typesupport_introspection_cpp\tf2_msgs\srv\detail\frame_graph__type_support.cpp.obj
[42.913s] [42/67] Building CXX object CMakeFiles\tf2_msgs__rosidl_typesupport_introspection_cpp.dir\rosidl_typesupport_introspection_cpp\tf2_msgs\action\detail\lookup_transform__type_support.cpp.obj
[43.348s] [43/67] Building CXX object CMakeFiles\tf2_msgs__rosidl_typesupport_cpp.dir\rosidl_typesupport_cpp\tf2_msgs\msg\tf2_error__type_support.cpp.obj
[43.997s] [44/67] Building CXX object CMakeFiles\tf2_msgs__rosidl_typesupport_cpp.dir\rosidl_typesupport_cpp\tf2_msgs\msg\tf_message__type_support.cpp.obj
[44.424s] [45/67] Building CXX object CMakeFiles\tf2_msgs__rosidl_typesupport_cpp.dir\rosidl_typesupport_cpp\tf2_msgs\srv\frame_graph__type_support.cpp.obj
[45.003s] [46/67] Building CXX object CMakeFiles\tf2_msgs__rosidl_typesupport_cpp.dir\rosidl_typesupport_cpp\tf2_msgs\action\lookup_transform__type_support.cpp.obj
[45.146s] [47/67] Linking CXX shared library tf2_msgs__rosidl_typesupport_fastrtps_c.dll
[45.300s] [48/67] Linking C shared library tf2_msgs__rosidl_typesupport_introspection_c.dll
[45.445s] [49/67] Linking CXX shared library tf2_msgs__rosidl_typesupport_c.dll
[45.603s] [50/67] Linking CXX shared library tf2_msgs__rosidl_typesupport_fastrtps_cpp.dll
[45.754s] [51/67] Linking CXX shared library tf2_msgs__rosidl_typesupport_introspection_cpp.dll
[45.909s] [52/67] Linking CXX shared library tf2_msgs__rosidl_typesupport_cpp.dll
[48.202s] [53/67] Generating Python code for ROS interfaces
[48.903s] [54/67] Generating Rust code for ROS interfaces
[49.280s] [55/67] Building C object CMakeFiles\tf2_msgs__rosidl_generator_py.dir\rosidl_generator_py\tf2_msgs\msg\_tf2_error_s.c.obj
[49.635s] [56/67] Building C object CMakeFiles\tf2_msgs__rosidl_generator_py.dir\rosidl_generator_py\tf2_msgs\msg\_tf_message_s.c.obj
[49.985s] [57/67] Building C object CMakeFiles\tf2_msgs__rosidl_generator_py.dir\rosidl_generator_py\tf2_msgs\srv\_frame_graph_s.c.obj
[50.349s] [58/67] Building C object CMakeFiles\tf2_msgs__rosidl_generator_py.dir\rosidl_generator_py\tf2_msgs\action\_lookup_transform_s.c.obj
[50.489s] [59/67] Linking C shared library tf2_msgs__rosidl_generator_py.dll
[50.878s] [60/67] Building C object CMakeFiles\tf2_msgs_s__rosidl_typesupport_fastrtps_c.dir\rosidl_generator_py\tf2_msgs\_tf2_msgs_s.ep.rosidl_typesupport_fastrtps_c.c.obj
[51.229s] [61/67] Building C object CMakeFiles\tf2_msgs_s__rosidl_typesupport_introspection_c.dir\rosidl_generator_py\tf2_msgs\_tf2_msgs_s.ep.rosidl_typesupport_introspection_c.c.obj
[51.578s] [62/67] Building C object CMakeFiles\tf2_msgs_s__rosidl_typesupport_c.dir\rosidl_generator_py\tf2_msgs\_tf2_msgs_s.ep.rosidl_typesupport_c.c.obj
[51.641s] [63/67] C:\Windows\system32\cmd.exe /C "cd /D D:\a\pixi_rosdistro\pixi_rosdistro\build\tf2_msgs && D:\a\pixi_rosdistro\pixi_rosdistro\.pixi\envs\default\Library\bin\cmake.exe -E copy_directory D:/a/pixi_rosdistro/pixi_rosdistro/build/tf2_msgs/rosidl_generator_py/tf2_msgs D:/a/pixi_rosdistro/pixi_rosdistro/build/tf2_msgs/ament_cmake_python/tf2_msgs/tf2_msgs"
[51.790s] [64/67] Linking C shared module rosidl_generator_py\tf2_msgs\tf2_msgs_s__rosidl_typesupport_fastrtps_c.pyd
[51.929s] [65/67] Linking C shared module rosidl_generator_py\tf2_msgs\tf2_msgs_s__rosidl_typesupport_introspection_c.pyd
[52.048s] [66/67] Linking C shared module rosidl_generator_py\tf2_msgs\tf2_msgs_s__rosidl_typesupport_c.pyd
[52.678s] [67/67] C:\Windows\system32\cmd.exe /C "cd /D D:\a\pixi_rosdistro\pixi_rosdistro\build\tf2_msgs\ament_cmake_python\tf2_msgs && D:\a\pixi_rosdistro\pixi_rosdistro\.pixi\envs\default\python.exe setup.py egg_info"
[52.678s] running egg_info
[52.678s] creating tf2_msgs.egg-info
[52.678s] writing tf2_msgs.egg-info\PKG-INFO
[52.678s] writing dependency_links to tf2_msgs.egg-info\dependency_links.txt
[52.679s] writing top-level names to tf2_msgs.egg-info\top_level.txt
[52.679s] writing manifest file 'tf2_msgs.egg-info\SOURCES.txt'
[52.679s] reading manifest file 'tf2_msgs.egg-info\SOURCES.txt'
[52.679s] writing manifest file 'tf2_msgs.egg-info\SOURCES.txt'
[52.689s] Invoked command in 'D:\a\pixi_rosdistro\pixi_rosdistro\build\tf2_msgs' returned '0': AMENT_PREFIX_PATH=D:\a\pixi_rosdistro\pixi_rosdistro\install CMAKE_PREFIX_PATH=D:\a\pixi_rosdistro\pixi_rosdistro\install;D:\a\pixi_rosdistro\pixi_rosdistro\.pixi\envs\default\Library PATH=D:\a\pixi_rosdistro\pixi_rosdistro\install\Scripts;D:\a\pixi_rosdistro\pixi_rosdistro\install\bin;D:\a\pixi_rosdistro\pixi_rosdistro\install\opt\mimick_vendor\lib;%PATH% PIXI_PROMPT=(ros2_rolling) PKG_CONFIG_PATH=D:\a\pixi_rosdistro\pixi_rosdistro\install\lib\pkgconfig PROMPT=$P$G PYTHONPATH=D:\a\pixi_rosdistro\pixi_rosdistro\install\Lib\site-packages ROS_AUTOMATIC_DISCOVERY_RANGE=SUBNET ROS_DOMAIN_ID=8 ROS_PYTHON_VERSION=3 D:\a\pixi_rosdistro\pixi_rosdistro\.pixi\envs\default\Library\bin\cmake.EXE --build D:\a\pixi_rosdistro\pixi_rosdistro\build\tf2_msgs -- -j4 -l4
[52.692s] Invoking command in 'D:\a\pixi_rosdistro\pixi_rosdistro\build\tf2_msgs': AMENT_PREFIX_PATH=D:\a\pixi_rosdistro\pixi_rosdistro\install CMAKE_PREFIX_PATH=D:\a\pixi_rosdistro\pixi_rosdistro\install;D:\a\pixi_rosdistro\pixi_rosdistro\.pixi\envs\default\Library PATH=D:\a\pixi_rosdistro\pixi_rosdistro\install\Scripts;D:\a\pixi_rosdistro\pixi_rosdistro\install\bin;D:\a\pixi_rosdistro\pixi_rosdistro\install\opt\mimick_vendor\lib;%PATH% PIXI_PROMPT=(ros2_rolling) PKG_CONFIG_PATH=D:\a\pixi_rosdistro\pixi_rosdistro\install\lib\pkgconfig PROMPT=$P$G PYTHONPATH=D:\a\pixi_rosdistro\pixi_rosdistro\install\Lib\site-packages ROS_AUTOMATIC_DISCOVERY_RANGE=SUBNET ROS_DOMAIN_ID=8 ROS_PYTHON_VERSION=3 D:\a\pixi_rosdistro\pixi_rosdistro\.pixi\envs\default\Library\bin\cmake.EXE --install D:\a\pixi_rosdistro\pixi_rosdistro\build\tf2_msgs
[52.725s] -- Install configuration: "Release"
[52.725s] -- Installing: D:/a/pixi_rosdistro/pixi_rosdistro/install/share/ament_index/resource_index/rosidl_interfaces/tf2_msgs
[52.727s] -- Installing: D:/a/pixi_rosdistro/pixi_rosdistro/install/share/tf2_msgs/msg/TF2Error.json
[52.728s] -- Installing: D:/a/pixi_rosdistro/pixi_rosdistro/install/share/tf2_msgs/msg/TFMessage.json
[52.729s] -- Installing: D:/a/pixi_rosdistro/pixi_rosdistro/install/share/tf2_msgs/srv/FrameGraph.json
[52.731s] -- Installing: D:/a/pixi_rosdistro/pixi_rosdistro/install/share/tf2_msgs/action/LookupTransform.json
[52.732s] -- Installing: D:/a/pixi_rosdistro/pixi_rosdistro/install/include/tf2_msgs/tf2_msgs
[52.732s] -- Installing: D:/a/pixi_rosdistro/pixi_rosdistro/install/include/tf2_msgs/tf2_msgs/action
[52.733s] -- Installing: D:/a/pixi_rosdistro/pixi_rosdistro/install/include/tf2_msgs/tf2_msgs/action/detail
[52.734s] -- Installing: D:/a/pixi_rosdistro/pixi_rosdistro/install/include/tf2_msgs/tf2_msgs/action/detail/lookup_transform__description.c
[52.735s] -- Installing: D:/a/pixi_rosdistro/pixi_rosdistro/install/include/tf2_msgs/tf2_msgs/action/detail/lookup_transform__functions.c
[52.736s] -- Installing: D:/a/pixi_rosdistro/pixi_rosdistro/install/include/tf2_msgs/tf2_msgs/action/detail/lookup_transform__functions.h
[52.738s] -- Installing: D:/a/pixi_rosdistro/pixi_rosdistro/install/include/tf2_msgs/tf2_msgs/action/detail/lookup_transform__struct.h
[52.738s] -- Installing: D:/a/pixi_rosdistro/pixi_rosdistro/install/include/tf2_msgs/tf2_msgs/action/detail/lookup_transform__type_support.c
[52.740s] -- Installing: D:/a/pixi_rosdistro/pixi_rosdistro/install/include/tf2_msgs/tf2_msgs/action/detail/lookup_transform__type_support.h
[52.740s] -- Installing: D:/a/pixi_rosdistro/pixi_rosdistro/install/include/tf2_msgs/tf2_msgs/action/lookup_transform.h
[52.741s] -- Installing: D:/a/pixi_rosdistro/pixi_rosdistro/install/include/tf2_msgs/tf2_msgs/msg
[52.742s] -- Installing: D:/a/pixi_rosdistro/pixi_rosdistro/install/include/tf2_msgs/tf2_msgs/msg/detail
[52.743s] -- Installing: D:/a/pixi_rosdistro/pixi_rosdistro/install/include/tf2_msgs/tf2_msgs/msg/detail/tf2_error__description.c
[52.744s] -- Installing: D:/a/pixi_rosdistro/pixi_rosdistro/install/include/tf2_msgs/tf2_msgs/msg/detail/tf2_error__functions.c
[52.744s] -- Installing: D:/a/pixi_rosdistro/pixi_rosdistro/install/include/tf2_msgs/tf2_msgs/msg/detail/tf2_error__functions.h
[52.745s] -- Installing: D:/a/pixi_rosdistro/pixi_rosdistro/install/include/tf2_msgs/tf2_msgs/msg/detail/tf2_error__struct.h
[52.746s] -- Installing: D:/a/pixi_rosdistro/pixi_rosdistro/install/include/tf2_msgs/tf2_msgs/msg/detail/tf2_error__type_support.c
[52.747s] -- Installing: D:/a/pixi_rosdistro/pixi_rosdistro/install/include/tf2_msgs/tf2_msgs/msg/detail/tf2_error__type_support.h
[52.748s] -- Installing: D:/a/pixi_rosdistro/pixi_rosdistro/install/include/tf2_msgs/tf2_msgs/msg/detail/tf_message__description.c
[52.749s] -- Installing: D:/a/pixi_rosdistro/pixi_rosdistro/install/include/tf2_msgs/tf2_msgs/msg/detail/tf_message__functions.c
[52.750s] -- Installing: D:/a/pixi_rosdistro/pixi_rosdistro/install/include/tf2_msgs/tf2_msgs/msg/detail/tf_message__functions.h
[52.750s] -- Installing: D:/a/pixi_rosdistro/pixi_rosdistro/install/include/tf2_msgs/tf2_msgs/msg/detail/tf_message__struct.h
[52.751s] -- Installing: D:/a/pixi_rosdistro/pixi_rosdistro/install/include/tf2_msgs/tf2_msgs/msg/detail/tf_message__type_support.c
[52.752s] -- Installing: D:/a/pixi_rosdistro/pixi_rosdistro/install/include/tf2_msgs/tf2_msgs/msg/detail/tf_message__type_support.h
[52.752s] -- Installing: D:/a/pixi_rosdistro/pixi_rosdistro/install/include/tf2_msgs/tf2_msgs/msg/rosidl_generator_c__visibility_control.h
[52.753s] -- Installing: D:/a/pixi_rosdistro/pixi_rosdistro/install/include/tf2_msgs/tf2_msgs/msg/tf2_error.h
[52.754s] -- Installing: D:/a/pixi_rosdistro/pixi_rosdistro/install/include/tf2_msgs/tf2_msgs/msg/tf_message.h
[52.755s] -- Installing: D:/a/pixi_rosdistro/pixi_rosdistro/install/include/tf2_msgs/tf2_msgs/srv
[52.757s] -- Installing: D:/a/pixi_rosdistro/pixi_rosdistro/install/include/tf2_msgs/tf2_msgs/srv/detail
[52.758s] -- Installing: D:/a/pixi_rosdistro/pixi_rosdistro/install/include/tf2_msgs/tf2_msgs/srv/detail/frame_graph__description.c
[52.759s] -- Installing: D:/a/pixi_rosdistro/pixi_rosdistro/install/include/tf2_msgs/tf2_msgs/srv/detail/frame_graph__functions.c
[52.760s] -- Installing: D:/a/pixi_rosdistro/pixi_rosdistro/install/include/tf2_msgs/tf2_msgs/srv/detail/frame_graph__functions.h
[52.762s] -- Installing: D:/a/pixi_rosdistro/pixi_rosdistro/install/include/tf2_msgs/tf2_msgs/srv/detail/frame_graph__struct.h
[52.763s] -- Installing: D:/a/pixi_rosdistro/pixi_rosdistro/install/include/tf2_msgs/tf2_msgs/srv/detail/frame_graph__type_support.c
[52.764s] -- Installing: D:/a/pixi_rosdistro/pixi_rosdistro/install/include/tf2_msgs/tf2_msgs/srv/detail/frame_graph__type_support.h
[52.765s] -- Installing: D:/a/pixi_rosdistro/pixi_rosdistro/install/include/tf2_msgs/tf2_msgs/srv/frame_graph.h
[52.766s] -- Installing: D:/a/pixi_rosdistro/pixi_rosdistro/install/lib/tf2_msgs__rosidl_generator_c.lib
[52.767s] -- Installing: D:/a/pixi_rosdistro/pixi_rosdistro/install/bin/tf2_msgs__rosidl_generator_c.dll
[52.769s] -- Up-to-date: D:/a/pixi_rosdistro/pixi_rosdistro/install/include/tf2_msgs/tf2_msgs
[52.769s] -- Up-to-date: D:/a/pixi_rosdistro/pixi_rosdistro/install/include/tf2_msgs/tf2_msgs/action
[52.770s] -- Up-to-date: D:/a/pixi_rosdistro/pixi_rosdistro/install/include/tf2_msgs/tf2_msgs/action/detail
[52.770s] -- Installing: D:/a/pixi_rosdistro/pixi_rosdistro/install/include/tf2_msgs/tf2_msgs/action/detail/lookup_transform__rosidl_typesupport_fastrtps_c.h
[52.770s] -- Up-to-date: D:/a/pixi_rosdistro/pixi_rosdistro/install/include/tf2_msgs/tf2_msgs/msg
[52.771s] -- Up-to-date: D:/a/pixi_rosdistro/pixi_rosdistro/install/include/tf2_msgs/tf2_msgs/msg/detail
[52.771s] -- Installing: D:/a/pixi_rosdistro/pixi_rosdistro/install/include/tf2_msgs/tf2_msgs/msg/detail/tf2_error__rosidl_typesupport_fastrtps_c.h
[52.772s] -- Installing: D:/a/pixi_rosdistro/pixi_rosdistro/install/include/tf2_msgs/tf2_msgs/msg/detail/tf_message__rosidl_typesupport_fastrtps_c.h
[52.773s] -- Installing: D:/a/pixi_rosdistro/pixi_rosdistro/install/include/tf2_msgs/tf2_msgs/msg/rosidl_typesupport_fastrtps_c__visibility_control.h
[52.773s] -- Up-to-date: D:/a/pixi_rosdistro/pixi_rosdistro/install/include/tf2_msgs/tf2_msgs/srv
[52.774s] -- Up-to-date: D:/a/pixi_rosdistro/pixi_rosdistro/install/include/tf2_msgs/tf2_msgs/srv/detail
[52.774s] -- Installing: D:/a/pixi_rosdistro/pixi_rosdistro/install/include/tf2_msgs/tf2_msgs/srv/detail/frame_graph__rosidl_typesupport_fastrtps_c.h
[52.775s] -- Installing: D:/a/pixi_rosdistro/pixi_rosdistro/install/lib/tf2_msgs__rosidl_typesupport_fastrtps_c.lib
[52.776s] -- Installing: D:/a/pixi_rosdistro/pixi_rosdistro/install/bin/tf2_msgs__rosidl_typesupport_fastrtps_c.dll
[52.778s] -- Up-to-date: D:/a/pixi_rosdistro/pixi_rosdistro/install/include/tf2_msgs/tf2_msgs
[52.778s] -- Up-to-date: D:/a/pixi_rosdistro/pixi_rosdistro/install/include/tf2_msgs/tf2_msgs/action
[52.778s] -- Up-to-date: D:/a/pixi_rosdistro/pixi_rosdistro/install/include/tf2_msgs/tf2_msgs/action/detail
[52.779s] -- Installing: D:/a/pixi_rosdistro/pixi_rosdistro/install/include/tf2_msgs/tf2_msgs/action/detail/lookup_transform__rosidl_typesupport_introspection_c.h
[52.779s] -- Installing: D:/a/pixi_rosdistro/pixi_rosdistro/install/include/tf2_msgs/tf2_msgs/action/detail/lookup_transform__type_support.c
[52.780s] -- Up-to-date: D:/a/pixi_rosdistro/pixi_rosdistro/install/include/tf2_msgs/tf2_msgs/msg
[52.781s] -- Up-to-date: D:/a/pixi_rosdistro/pixi_rosdistro/install/include/tf2_msgs/tf2_msgs/msg/detail
[52.781s] -- Installing: D:/a/pixi_rosdistro/pixi_rosdistro/install/include/tf2_msgs/tf2_msgs/msg/detail/tf2_error__rosidl_typesupport_introspection_c.h
[52.782s] -- Installing: D:/a/pixi_rosdistro/pixi_rosdistro/install/include/tf2_msgs/tf2_msgs/msg/detail/tf2_error__type_support.c
[52.783s] -- Installing: D:/a/pixi_rosdistro/pixi_rosdistro/install/include/tf2_msgs/tf2_msgs/msg/detail/tf_message__rosidl_typesupport_introspection_c.h
[52.784s] -- Installing: D:/a/pixi_rosdistro/pixi_rosdistro/install/include/tf2_msgs/tf2_msgs/msg/detail/tf_message__type_support.c
[52.785s] -- Installing: D:/a/pixi_rosdistro/pixi_rosdistro/install/include/tf2_msgs/tf2_msgs/msg/rosidl_typesupport_introspection_c__visibility_control.h
[52.786s] -- Up-to-date: D:/a/pixi_rosdistro/pixi_rosdistro/install/include/tf2_msgs/tf2_msgs/srv
[52.787s] -- Up-to-date: D:/a/pixi_rosdistro/pixi_rosdistro/install/include/tf2_msgs/tf2_msgs/srv/detail
[52.787s] -- Installing: D:/a/pixi_rosdistro/pixi_rosdistro/install/include/tf2_msgs/tf2_msgs/srv/detail/frame_graph__rosidl_typesupport_introspection_c.h
[52.788s] -- Installing: D:/a/pixi_rosdistro/pixi_rosdistro/install/include/tf2_msgs/tf2_msgs/srv/detail/frame_graph__type_support.c
[52.789s] -- Installing: D:/a/pixi_rosdistro/pixi_rosdistro/install/lib/tf2_msgs__rosidl_typesupport_introspection_c.lib
[52.790s] -- Installing: D:/a/pixi_rosdistro/pixi_rosdistro/install/bin/tf2_msgs__rosidl_typesupport_introspection_c.dll
[52.791s] -- Installing: D:/a/pixi_rosdistro/pixi_rosdistro/install/lib/tf2_msgs__rosidl_typesupport_c.lib
[52.793s] -- Installing: D:/a/pixi_rosdistro/pixi_rosdistro/install/bin/tf2_msgs__rosidl_typesupport_c.dll
[52.794s] -- Up-to-date: D:/a/pixi_rosdistro/pixi_rosdistro/install/include/tf2_msgs/tf2_msgs
[52.794s] -- Up-to-date: D:/a/pixi_rosdistro/pixi_rosdistro/install/include/tf2_msgs/tf2_msgs/action
[52.795s] -- Up-to-date: D:/a/pixi_rosdistro/pixi_rosdistro/install/include/tf2_msgs/tf2_msgs/action/detail
[52.795s] -- Installing: D:/a/pixi_rosdistro/pixi_rosdistro/install/include/tf2_msgs/tf2_msgs/action/detail/lookup_transform__builder.hpp
[52.796s] -- Installing: D:/a/pixi_rosdistro/pixi_rosdistro/install/include/tf2_msgs/tf2_msgs/action/detail/lookup_transform__struct.hpp
[52.797s] -- Installing: D:/a/pixi_rosdistro/pixi_rosdistro/install/include/tf2_msgs/tf2_msgs/action/detail/lookup_transform__traits.hpp
[52.798s] -- Installing: D:/a/pixi_rosdistro/pixi_rosdistro/install/include/tf2_msgs/tf2_msgs/action/detail/lookup_transform__type_support.hpp
[52.799s] -- Installing: D:/a/pixi_rosdistro/pixi_rosdistro/install/include/tf2_msgs/tf2_msgs/action/lookup_transform.hpp
[52.800s] -- Up-to-date: D:/a/pixi_rosdistro/pixi_rosdistro/install/include/tf2_msgs/tf2_msgs/msg
[52.801s] -- Up-to-date: D:/a/pixi_rosdistro/pixi_rosdistro/install/include/tf2_msgs/tf2_msgs/msg/detail
[52.801s] -- Installing: D:/a/pixi_rosdistro/pixi_rosdistro/install/include/tf2_msgs/tf2_msgs/msg/detail/tf2_error__builder.hpp
[52.802s] -- Installing: D:/a/pixi_rosdistro/pixi_rosdistro/install/include/tf2_msgs/tf2_msgs/msg/detail/tf2_error__struct.hpp
[52.803s] -- Installing: D:/a/pixi_rosdistro/pixi_rosdistro/install/include/tf2_msgs/tf2_msgs/msg/detail/tf2_error__traits.hpp
[52.804s] -- Installing: D:/a/pixi_rosdistro/pixi_rosdistro/install/include/tf2_msgs/tf2_msgs/msg/detail/tf2_error__type_support.hpp
[52.806s] -- Installing: D:/a/pixi_rosdistro/pixi_rosdistro/install/include/tf2_msgs/tf2_msgs/msg/detail/tf_message__builder.hpp
[52.807s] -- Installing: D:/a/pixi_rosdistro/pixi_rosdistro/install/include/tf2_msgs/tf2_msgs/msg/detail/tf_message__struct.hpp
[52.808s] -- Installing: D:/a/pixi_rosdistro/pixi_rosdistro/install/include/tf2_msgs/tf2_msgs/msg/detail/tf_message__traits.hpp
[52.809s] -- Installing: D:/a/pixi_rosdistro/pixi_rosdistro/install/include/tf2_msgs/tf2_msgs/msg/detail/tf_message__type_support.hpp
[52.810s] -- Installing: D:/a/pixi_rosdistro/pixi_rosdistro/install/include/tf2_msgs/tf2_msgs/msg/rosidl_generator_cpp__visibility_control.hpp
[52.811s] -- Installing: D:/a/pixi_rosdistro/pixi_rosdistro/install/include/tf2_msgs/tf2_msgs/msg/tf2_error.hpp
[52.812s] -- Installing: D:/a/pixi_rosdistro/pixi_rosdistro/install/include/tf2_msgs/tf2_msgs/msg/tf_message.hpp
[52.813s] -- Up-to-date: D:/a/pixi_rosdistro/pixi_rosdistro/install/include/tf2_msgs/tf2_msgs/srv
[52.813s] -- Up-to-date: D:/a/pixi_rosdistro/pixi_rosdistro/install/include/tf2_msgs/tf2_msgs/srv/detail
[52.814s] -- Installing: D:/a/pixi_rosdistro/pixi_rosdistro/install/include/tf2_msgs/tf2_msgs/srv/detail/frame_graph__builder.hpp
[52.815s] -- Installing: D:/a/pixi_rosdistro/pixi_rosdistro/install/include/tf2_msgs/tf2_msgs/srv/detail/frame_graph__struct.hpp
[52.816s] -- Installing: D:/a/pixi_rosdistro/pixi_rosdistro/install/include/tf2_msgs/tf2_msgs/srv/detail/frame_graph__traits.hpp
[52.817s] -- Installing: D:/a/pixi_rosdistro/pixi_rosdistro/install/include/tf2_msgs/tf2_msgs/srv/detail/frame_graph__type_support.hpp
[52.818s] -- Installing: D:/a/pixi_rosdistro/pixi_rosdistro/install/include/tf2_msgs/tf2_msgs/srv/frame_graph.hpp
[52.819s] -- Up-to-date: D:/a/pixi_rosdistro/pixi_rosdistro/install/include/tf2_msgs/tf2_msgs
[52.819s] -- Up-to-date: D:/a/pixi_rosdistro/pixi_rosdistro/install/include/tf2_msgs/tf2_msgs/action
[52.820s] -- Up-to-date: D:/a/pixi_rosdistro/pixi_rosdistro/install/include/tf2_msgs/tf2_msgs/action/detail
[52.820s] -- Installing: D:/a/pixi_rosdistro/pixi_rosdistro/install/include/tf2_msgs/tf2_msgs/action/detail/dds_fastrtps
[52.822s] -- Installing: D:/a/pixi_rosdistro/pixi_rosdistro/install/include/tf2_msgs/tf2_msgs/action/detail/lookup_transform__rosidl_typesupport_fastrtps_cpp.hpp
[52.823s] -- Up-to-date: D:/a/pixi_rosdistro/pixi_rosdistro/install/include/tf2_msgs/tf2_msgs/msg
[52.824s] -- Up-to-date: D:/a/pixi_rosdistro/pixi_rosdistro/install/include/tf2_msgs/tf2_msgs/msg/detail
[52.824s] -- Installing: D:/a/pixi_rosdistro/pixi_rosdistro/install/include/tf2_msgs/tf2_msgs/msg/detail/dds_fastrtps
[52.825s] -- Installing: D:/a/pixi_rosdistro/pixi_rosdistro/install/include/tf2_msgs/tf2_msgs/msg/detail/tf2_error__rosidl_typesupport_fastrtps_cpp.hpp
[52.826s] -- Installing: D:/a/pixi_rosdistro/pixi_rosdistro/install/include/tf2_msgs/tf2_msgs/msg/detail/tf_message__rosidl_typesupport_fastrtps_cpp.hpp
[52.827s] -- Installing: D:/a/pixi_rosdistro/pixi_rosdistro/install/include/tf2_msgs/tf2_msgs/msg/rosidl_typesupport_fastrtps_cpp__visibility_control.h
[52.828s] -- Up-to-date: D:/a/pixi_rosdistro/pixi_rosdistro/install/include/tf2_msgs/tf2_msgs/srv
[52.828s] -- Up-to-date: D:/a/pixi_rosdistro/pixi_rosdistro/install/include/tf2_msgs/tf2_msgs/srv/detail
[52.829s] -- Installing: D:/a/pixi_rosdistro/pixi_rosdistro/install/include/tf2_msgs/tf2_msgs/srv/detail/dds_fastrtps
[52.830s] -- Installing: D:/a/pixi_rosdistro/pixi_rosdistro/install/include/tf2_msgs/tf2_msgs/srv/detail/frame_graph__rosidl_typesupport_fastrtps_cpp.hpp
[52.831s] -- Installing: D:/a/pixi_rosdistro/pixi_rosdistro/install/lib/tf2_msgs__rosidl_typesupport_fastrtps_cpp.lib
[52.832s] -- Installing: D:/a/pixi_rosdistro/pixi_rosdistro/install/bin/tf2_msgs__rosidl_typesupport_fastrtps_cpp.dll
[52.834s] -- Up-to-date: D:/a/pixi_rosdistro/pixi_rosdistro/install/include/tf2_msgs/tf2_msgs
[52.834s] -- Up-to-date: D:/a/pixi_rosdistro/pixi_rosdistro/install/include/tf2_msgs/tf2_msgs/action
[52.834s] -- Up-to-date: D:/a/pixi_rosdistro/pixi_rosdistro/install/include/tf2_msgs/tf2_msgs/action/detail
[52.835s] -- Installing: D:/a/pixi_rosdistro/pixi_rosdistro/install/include/tf2_msgs/tf2_msgs/action/detail/lookup_transform__rosidl_typesupport_introspection_cpp.hpp
[52.836s] -- Installing: D:/a/pixi_rosdistro/pixi_rosdistro/install/include/tf2_msgs/tf2_msgs/action/detail/lookup_transform__type_support.cpp
[52.838s] -- Up-to-date: D:/a/pixi_rosdistro/pixi_rosdistro/install/include/tf2_msgs/tf2_msgs/msg
[52.838s] -- Up-to-date: D:/a/pixi_rosdistro/pixi_rosdistro/install/include/tf2_msgs/tf2_msgs/msg/detail
[52.838s] -- Installing: D:/a/pixi_rosdistro/pixi_rosdistro/install/include/tf2_msgs/tf2_msgs/msg/detail/tf2_error__rosidl_typesupport_introspection_cpp.hpp
[52.839s] -- Installing: D:/a/pixi_rosdistro/pixi_rosdistro/install/include/tf2_msgs/tf2_msgs/msg/detail/tf2_error__type_support.cpp
[52.841s] -- Installing: D:/a/pixi_rosdistro/pixi_rosdistro/install/include/tf2_msgs/tf2_msgs/msg/detail/tf_message__rosidl_typesupport_introspection_cpp.hpp
[52.841s] -- Installing: D:/a/pixi_rosdistro/pixi_rosdistro/install/include/tf2_msgs/tf2_msgs/msg/detail/tf_message__type_support.cpp
[52.842s] -- Up-to-date: D:/a/pixi_rosdistro/pixi_rosdistro/install/include/tf2_msgs/tf2_msgs/srv
[52.843s] -- Up-to-date: D:/a/pixi_rosdistro/pixi_rosdistro/install/include/tf2_msgs/tf2_msgs/srv/detail
[52.843s] -- Installing: D:/a/pixi_rosdistro/pixi_rosdistro/install/include/tf2_msgs/tf2_msgs/srv/detail/frame_graph__rosidl_typesupport_introspection_cpp.hpp
[52.844s] -- Installing: D:/a/pixi_rosdistro/pixi_rosdistro/install/include/tf2_msgs/tf2_msgs/srv/detail/frame_graph__type_support.cpp
[52.845s] -- Installing: D:/a/pixi_rosdistro/pixi_rosdistro/install/lib/tf2_msgs__rosidl_typesupport_introspection_cpp.lib
[52.846s] -- Installing: D:/a/pixi_rosdistro/pixi_rosdistro/install/bin/tf2_msgs__rosidl_typesupport_introspection_cpp.dll
[52.847s] -- Installing: D:/a/pixi_rosdistro/pixi_rosdistro/install/lib/tf2_msgs__rosidl_typesupport_cpp.lib
[52.848s] -- Installing: D:/a/pixi_rosdistro/pixi_rosdistro/install/bin/tf2_msgs__rosidl_typesupport_cpp.dll
[52.850s] -- Installing: D:/a/pixi_rosdistro/pixi_rosdistro/install/share/tf2_msgs/environment/pythonpath.bat
[52.851s] -- Installing: D:/a/pixi_rosdistro/pixi_rosdistro/install/share/tf2_msgs/environment/pythonpath.dsv
[52.852s] -- Installing: D:/a/pixi_rosdistro/pixi_rosdistro/install/Lib/site-packages/tf2_msgs/tf2_msgs_s__rosidl_typesupport_fastrtps_c.pyd
[52.854s] -- Installing: D:/a/pixi_rosdistro/pixi_rosdistro/install/Lib/site-packages/tf2_msgs/tf2_msgs_s__rosidl_typesupport_introspection_c.pyd
[52.855s] -- Installing: D:/a/pixi_rosdistro/pixi_rosdistro/install/Lib/site-packages/tf2_msgs/tf2_msgs_s__rosidl_typesupport_c.pyd
[52.856s] -- Installing: D:/a/pixi_rosdistro/pixi_rosdistro/install/lib/tf2_msgs__rosidl_generator_py.lib
[52.857s] -- Installing: D:/a/pixi_rosdistro/pixi_rosdistro/install/bin/tf2_msgs__rosidl_generator_py.dll
[52.858s] -- Installing: D:/a/pixi_rosdistro/pixi_rosdistro/install/share/ament_index/resource_index/rust_packages/tf2_msgs
[52.859s] -- Installing: D:/a/pixi_rosdistro/pixi_rosdistro/install/share/tf2_msgs/rust
[52.860s] -- Installing: D:/a/pixi_rosdistro/pixi_rosdistro/install/share/tf2_msgs/rust/build.rs
[52.860s] -- Installing: D:/a/pixi_rosdistro/pixi_rosdistro/install/share/tf2_msgs/rust/Cargo.toml
[52.861s] -- Installing: D:/a/pixi_rosdistro/pixi_rosdistro/install/share/tf2_msgs/rust/src
[52.863s] -- Installing: D:/a/pixi_rosdistro/pixi_rosdistro/install/share/tf2_msgs/rust/src/action
[52.864s] -- Installing: D:/a/pixi_rosdistro/pixi_rosdistro/install/share/tf2_msgs/rust/src/action/rmw.rs
[52.865s] -- Installing: D:/a/pixi_rosdistro/pixi_rosdistro/install/share/tf2_msgs/rust/src/action.rs
[52.866s] -- Installing: D:/a/pixi_rosdistro/pixi_rosdistro/install/share/tf2_msgs/rust/src/lib.rs
[52.867s] -- Installing: D:/a/pixi_rosdistro/pixi_rosdistro/install/share/tf2_msgs/rust/src/msg
[52.868s] -- Installing: D:/a/pixi_rosdistro/pixi_rosdistro/install/share/tf2_msgs/rust/src/msg/rmw.rs
[52.869s] -- Installing: D:/a/pixi_rosdistro/pixi_rosdistro/install/share/tf2_msgs/rust/src/msg.rs
[52.870s] -- Installing: D:/a/pixi_rosdistro/pixi_rosdistro/install/share/tf2_msgs/rust/src/srv
[52.871s] -- Installing: D:/a/pixi_rosdistro/pixi_rosdistro/install/share/tf2_msgs/rust/src/srv/rmw.rs
[52.872s] -- Installing: D:/a/pixi_rosdistro/pixi_rosdistro/install/share/tf2_msgs/rust/src/srv.rs
[52.873s] -- Installing: D:/a/pixi_rosdistro/pixi_rosdistro/install/share/tf2_msgs/msg/TF2Error.idl
[52.874s] -- Installing: D:/a/pixi_rosdistro/pixi_rosdistro/install/share/tf2_msgs/msg/TFMessage.idl
[52.875s] -- Installing: D:/a/pixi_rosdistro/pixi_rosdistro/install/share/tf2_msgs/srv/FrameGraph.idl
[52.876s] -- Installing: D:/a/pixi_rosdistro/pixi_rosdistro/install/share/tf2_msgs/action/LookupTransform.idl
[52.877s] -- Installing: D:/a/pixi_rosdistro/pixi_rosdistro/install/share/tf2_msgs/msg/TF2Error.msg
[52.878s] -- Installing: D:/a/pixi_rosdistro/pixi_rosdistro/install/share/tf2_msgs/msg/TFMessage.msg
[52.879s] -- Installing: D:/a/pixi_rosdistro/pixi_rosdistro/install/share/tf2_msgs/srv/FrameGraph.srv
[52.880s] -- Installing: D:/a/pixi_rosdistro/pixi_rosdistro/install/share/tf2_msgs/action/LookupTransform.action
[52.880s] -- Installing: D:/a/pixi_rosdistro/pixi_rosdistro/install/share/tf2_msgs/tfmessage_bridge_mapping_rule.yaml
[52.882s] -- Installing: D:/a/pixi_rosdistro/pixi_rosdistro/install/share/ament_index/resource_index/package_run_dependencies/tf2_msgs
[52.883s] -- Installing: D:/a/pixi_rosdistro/pixi_rosdistro/install/share/ament_index/resource_index/parent_prefix_path/tf2_msgs
[52.884s] -- Installing: D:/a/pixi_rosdistro/pixi_rosdistro/install/share/tf2_msgs/environment/ament_prefix_path.bat
[52.885s] -- Installing: D:/a/pixi_rosdistro/pixi_rosdistro/install/share/tf2_msgs/environment/ament_prefix_path.dsv
[52.886s] -- Installing: D:/a/pixi_rosdistro/pixi_rosdistro/install/share/tf2_msgs/environment/path.bat
[52.887s] -- Installing: D:/a/pixi_rosdistro/pixi_rosdistro/install/share/tf2_msgs/environment/path.dsv
[52.892s] -- Installing: D:/a/pixi_rosdistro/pixi_rosdistro/install/share/tf2_msgs/local_setup.bat
[52.919s] -- Installing: D:/a/pixi_rosdistro/pixi_rosdistro/install/share/tf2_msgs/local_setup.dsv
[52.920s] -- Installing: D:/a/pixi_rosdistro/pixi_rosdistro/install/share/tf2_msgs/package.dsv
[52.921s] -- Installing: D:/a/pixi_rosdistro/pixi_rosdistro/install/share/ament_index/resource_index/packages/tf2_msgs
[52.922s] -- Installing: D:/a/pixi_rosdistro/pixi_rosdistro/install/share/tf2_msgs/cmake/export_tf2_msgs__rosidl_generator_cExport.cmake
[52.923s] -- Installing: D:/a/pixi_rosdistro/pixi_rosdistro/install/share/tf2_msgs/cmake/export_tf2_msgs__rosidl_generator_cExport-release.cmake
[52.924s] -- Installing: D:/a/pixi_rosdistro/pixi_rosdistro/install/share/tf2_msgs/cmake/export_tf2_msgs__rosidl_typesupport_fastrtps_cExport.cmake
[52.925s] -- Installing: D:/a/pixi_rosdistro/pixi_rosdistro/install/share/tf2_msgs/cmake/export_tf2_msgs__rosidl_typesupport_fastrtps_cExport-release.cmake
[52.926s] -- Installing: D:/a/pixi_rosdistro/pixi_rosdistro/install/share/tf2_msgs/cmake/tf2_msgs__rosidl_typesupport_introspection_cExport.cmake
[52.927s] -- Installing: D:/a/pixi_rosdistro/pixi_rosdistro/install/share/tf2_msgs/cmake/tf2_msgs__rosidl_typesupport_introspection_cExport-release.cmake
[52.928s] -- Installing: D:/a/pixi_rosdistro/pixi_rosdistro/install/share/tf2_msgs/cmake/tf2_msgs__rosidl_typesupport_cExport.cmake
[52.928s] -- Installing: D:/a/pixi_rosdistro/pixi_rosdistro/install/share/tf2_msgs/cmake/tf2_msgs__rosidl_typesupport_cExport-release.cmake
[52.929s] -- Installing: D:/a/pixi_rosdistro/pixi_rosdistro/install/share/tf2_msgs/cmake/export_tf2_msgs__rosidl_generator_cppExport.cmake
[52.930s] -- Installing: D:/a/pixi_rosdistro/pixi_rosdistro/install/share/tf2_msgs/cmake/export_tf2_msgs__rosidl_typesupport_fastrtps_cppExport.cmake
[52.931s] -- Installing: D:/a/pixi_rosdistro/pixi_rosdistro/install/share/tf2_msgs/cmake/export_tf2_msgs__rosidl_typesupport_fastrtps_cppExport-release.cmake
[52.932s] -- Installing: D:/a/pixi_rosdistro/pixi_rosdistro/install/share/tf2_msgs/cmake/tf2_msgs__rosidl_typesupport_introspection_cppExport.cmake
[52.933s] -- Installing: D:/a/pixi_rosdistro/pixi_rosdistro/install/share/tf2_msgs/cmake/tf2_msgs__rosidl_typesupport_introspection_cppExport-release.cmake
[52.934s] -- Installing: D:/a/pixi_rosdistro/pixi_rosdistro/install/share/tf2_msgs/cmake/tf2_msgs__rosidl_typesupport_cppExport.cmake
[52.935s] -- Installing: D:/a/pixi_rosdistro/pixi_rosdistro/install/share/tf2_msgs/cmake/tf2_msgs__rosidl_typesupport_cppExport-release.cmake
[52.936s] -- Installing: D:/a/pixi_rosdistro/pixi_rosdistro/install/share/tf2_msgs/cmake/export_tf2_msgs__rosidl_generator_pyExport.cmake
[52.937s] -- Installing: D:/a/pixi_rosdistro/pixi_rosdistro/install/share/tf2_msgs/cmake/export_tf2_msgs__rosidl_generator_pyExport-release.cmake
[52.937s] -- Installing: D:/a/pixi_rosdistro/pixi_rosdistro/install/Lib/site-packages/tf2_msgs-0.45.6-py3.14.egg-info
[52.939s] -- Installing: D:/a/pixi_rosdistro/pixi_rosdistro/install/Lib/site-packages/tf2_msgs-0.45.6-py3.14.egg-info/dependency_links.txt
[52.939s] -- Installing: D:/a/pixi_rosdistro/pixi_rosdistro/install/Lib/site-packages/tf2_msgs-0.45.6-py3.14.egg-info/PKG-INFO
[52.940s] -- Installing: D:/a/pixi_rosdistro/pixi_rosdistro/install/Lib/site-packages/tf2_msgs-0.45.6-py3.14.egg-info/SOURCES.txt
[52.941s] -- Installing: D:/a/pixi_rosdistro/pixi_rosdistro/install/Lib/site-packages/tf2_msgs-0.45.6-py3.14.egg-info/top_level.txt
[52.942s] -- Up-to-date: D:/a/pixi_rosdistro/pixi_rosdistro/install/Lib/site-packages/tf2_msgs
[52.942s] -- Installing: D:/a/pixi_rosdistro/pixi_rosdistro/install/Lib/site-packages/tf2_msgs/action
[52.943s] -- Installing: D:/a/pixi_rosdistro/pixi_rosdistro/install/Lib/site-packages/tf2_msgs/action/_lookup_transform.py
[52.944s] -- Installing: D:/a/pixi_rosdistro/pixi_rosdistro/install/Lib/site-packages/tf2_msgs/action/_lookup_transform_s.c
[52.945s] -- Installing: D:/a/pixi_rosdistro/pixi_rosdistro/install/Lib/site-packages/tf2_msgs/action/__init__.py
[52.945s] -- Installing: D:/a/pixi_rosdistro/pixi_rosdistro/install/Lib/site-packages/tf2_msgs/msg
[52.947s] -- Installing: D:/a/pixi_rosdistro/pixi_rosdistro/install/Lib/site-packages/tf2_msgs/msg/_tf2_error.py
[52.948s] -- Installing: D:/a/pixi_rosdistro/pixi_rosdistro/install/Lib/site-packages/tf2_msgs/msg/_tf2_error_s.c
[52.949s] -- Installing: D:/a/pixi_rosdistro/pixi_rosdistro/install/Lib/site-packages/tf2_msgs/msg/_tf_message.py
[52.949s] -- Installing: D:/a/pixi_rosdistro/pixi_rosdistro/install/Lib/site-packages/tf2_msgs/msg/_tf_message_s.c
[52.950s] -- Installing: D:/a/pixi_rosdistro/pixi_rosdistro/install/Lib/site-packages/tf2_msgs/msg/__init__.py
[52.951s] -- Installing: D:/a/pixi_rosdistro/pixi_rosdistro/install/Lib/site-packages/tf2_msgs/py.typed
[52.952s] -- Installing: D:/a/pixi_rosdistro/pixi_rosdistro/install/Lib/site-packages/tf2_msgs/srv
[52.953s] -- Installing: D:/a/pixi_rosdistro/pixi_rosdistro/install/Lib/site-packages/tf2_msgs/srv/_frame_graph.py
[52.953s] -- Installing: D:/a/pixi_rosdistro/pixi_rosdistro/install/Lib/site-packages/tf2_msgs/srv/_frame_graph_s.c
[52.954s] -- Installing: D:/a/pixi_rosdistro/pixi_rosdistro/install/Lib/site-packages/tf2_msgs/srv/__init__.py
[52.955s] -- Up-to-date: D:/a/pixi_rosdistro/pixi_rosdistro/install/Lib/site-packages/tf2_msgs/tf2_msgs_s__rosidl_typesupport_c.pyd
[52.956s] -- Up-to-date: D:/a/pixi_rosdistro/pixi_rosdistro/install/Lib/site-packages/tf2_msgs/tf2_msgs_s__rosidl_typesupport_fastrtps_c.pyd
[52.956s] -- Up-to-date: D:/a/pixi_rosdistro/pixi_rosdistro/install/Lib/site-packages/tf2_msgs/tf2_msgs_s__rosidl_typesupport_introspection_c.pyd
[52.956s] -- Installing: D:/a/pixi_rosdistro/pixi_rosdistro/install/Lib/site-packages/tf2_msgs/_tf2_msgs_s.ep.rosidl_typesupport_c.c
[52.957s] -- Installing: D:/a/pixi_rosdistro/pixi_rosdistro/install/Lib/site-packages/tf2_msgs/_tf2_msgs_s.ep.rosidl_typesupport_fastrtps_c.c
[52.958s] -- Installing: D:/a/pixi_rosdistro/pixi_rosdistro/install/Lib/site-packages/tf2_msgs/_tf2_msgs_s.ep.rosidl_typesupport_introspection_c.c
[52.959s] -- Installing: D:/a/pixi_rosdistro/pixi_rosdistro/install/Lib/site-packages/tf2_msgs/__init__.py
[53.130s] Listing 'D:/a/pixi_rosdistro/pixi_rosdistro/install/Lib/site-packages/tf2_msgs'...
[53.130s] Compiling 'D:/a/pixi_rosdistro/pixi_rosdistro/install/Lib/site-packages/tf2_msgs\\__init__.py'...
[53.130s] Listing 'D:/a/pixi_rosdistro/pixi_rosdistro/install/Lib/site-packages/tf2_msgs\\action'...
[53.130s] Compiling 'D:/a/pixi_rosdistro/pixi_rosdistro/install/Lib/site-packages/tf2_msgs\\action\\__init__.py'...
[53.130s] Compiling 'D:/a/pixi_rosdistro/pixi_rosdistro/install/Lib/site-packages/tf2_msgs\\action\\_lookup_transform.py'...
[53.130s] Listing 'D:/a/pixi_rosdistro/pixi_rosdistro/install/Lib/site-packages/tf2_msgs\\msg'...
[53.130s] Compiling 'D:/a/pixi_rosdistro/pixi_rosdistro/install/Lib/site-packages/tf2_msgs\\msg\\__init__.py'...
[53.130s] Compiling 'D:/a/pixi_rosdistro/pixi_rosdistro/install/Lib/site-packages/tf2_msgs\\msg\\_tf2_error.py'...
[53.131s] Compiling 'D:/a/pixi_rosdistro/pixi_rosdistro/install/Lib/site-packages/tf2_msgs\\msg\\_tf_message.py'...
[53.131s] Listing 'D:/a/pixi_rosdistro/pixi_rosdistro/install/Lib/site-packages/tf2_msgs\\srv'...
[53.131s] Compiling 'D:/a/pixi_rosdistro/pixi_rosdistro/install/Lib/site-packages/tf2_msgs\\srv\\__init__.py'...
[53.131s] Compiling 'D:/a/pixi_rosdistro/pixi_rosdistro/install/Lib/site-packages/tf2_msgs\\srv\\_frame_graph.py'...
[53.143s] -- Installing: D:/a/pixi_rosdistro/pixi_rosdistro/install/share/tf2_msgs/cmake/rosidl_cmake-extras.cmake
[53.144s] -- Installing: D:/a/pixi_rosdistro/pixi_rosdistro/install/share/tf2_msgs/cmake/ament_cmake_export_dependencies-extras.cmake
[53.145s] -- Installing: D:/a/pixi_rosdistro/pixi_rosdistro/install/share/tf2_msgs/cmake/ament_cmake_export_include_directories-extras.cmake
[53.146s] -- Installing: D:/a/pixi_rosdistro/pixi_rosdistro/install/share/tf2_msgs/cmake/ament_cmake_export_libraries-extras.cmake
[53.147s] -- Installing: D:/a/pixi_rosdistro/pixi_rosdistro/install/share/tf2_msgs/cmake/ament_cmake_export_targets-extras.cmake
[53.149s] -- Installing: D:/a/pixi_rosdistro/pixi_rosdistro/install/share/tf2_msgs/cmake/rosidl_cmake_export_typesupport_targets-extras.cmake
[53.150s] -- Installing: D:/a/pixi_rosdistro/pixi_rosdistro/install/share/tf2_msgs/cmake/rosidl_cmake_export_typesupport_libraries-extras.cmake
[53.151s] -- Installing: D:/a/pixi_rosdistro/pixi_rosdistro/install/share/tf2_msgs/cmake/rosidl_cmake_aggregate_target-extras.cmake
[53.151s] -- Installing: D:/a/pixi_rosdistro/pixi_rosdistro/install/share/tf2_msgs/cmake/tf2_msgsConfig.cmake
[53.152s] -- Installing: D:/a/pixi_rosdistro/pixi_rosdistro/install/share/tf2_msgs/cmake/tf2_msgsConfig-version.cmake
[53.153s] -- Installing: D:/a/pixi_rosdistro/pixi_rosdistro/install/share/tf2_msgs/package.xml
[53.161s] Invoked command in 'D:\a\pixi_rosdistro\pixi_rosdistro\build\tf2_msgs' returned '0': AMENT_PREFIX_PATH=D:\a\pixi_rosdistro\pixi_rosdistro\install CMAKE_PREFIX_PATH=D:\a\pixi_rosdistro\pixi_rosdistro\install;D:\a\pixi_rosdistro\pixi_rosdistro\.pixi\envs\default\Library PATH=D:\a\pixi_rosdistro\pixi_rosdistro\install\Scripts;D:\a\pixi_rosdistro\pixi_rosdistro\install\bin;D:\a\pixi_rosdistro\pixi_rosdistro\install\opt\mimick_vendor\lib;%PATH% PIXI_PROMPT=(ros2_rolling) PKG_CONFIG_PATH=D:\a\pixi_rosdistro\pixi_rosdistro\install\lib\pkgconfig PROMPT=$P$G PYTHONPATH=D:\a\pixi_rosdistro\pixi_rosdistro\install\Lib\site-packages ROS_AUTOMATIC_DISCOVERY_RANGE=SUBNET ROS_DOMAIN_ID=8 ROS_PYTHON_VERSION=3 D:\a\pixi_rosdistro\pixi_rosdistro\.pixi\envs\default\Library\bin\cmake.EXE --install D:\a\pixi_rosdistro\pixi_rosdistro\build\tf2_msgs
