[0.389s] Invoking command in '/Users/runner/work/pixi_rosdistro/pixi_rosdistro/build/rosidl_runtime_c': AMENT_PREFIX_PATH=/Users/runner/work/pixi_rosdistro/pixi_rosdistro/install CMAKE_PREFIX_PATH=/Users/runner/work/pixi_rosdistro/pixi_rosdistro/install DYLD_LIBRARY_PATH=/Users/runner/work/pixi_rosdistro/pixi_rosdistro/install/lib:/Users/runner/work/pixi_rosdistro/pixi_rosdistro/install/opt/mimick_vendor/lib PATH=/Users/runner/work/pixi_rosdistro/pixi_rosdistro/install/bin:${PATH} PIXI_PROMPT=(ros2_rolling) PKG_CONFIG_PATH=/Users/runner/work/pixi_rosdistro/pixi_rosdistro/install/lib/pkgconfig PYTHONPATH=/Users/runner/work/pixi_rosdistro/pixi_rosdistro/install/lib/python3.12/site-packages SHLVL=3 _=/usr/bin/env /Users/runner/work/pixi_rosdistro/pixi_rosdistro/.pixi/envs/default/bin/cmake /Users/runner/work/pixi_rosdistro/pixi_rosdistro/src/ros2/rosidl/rosidl_runtime_c -GNinja --no-warn-unused-cli -DCMAKE_BUILD_TYPE=Release -DCMAKE_BUILD_WITH_INSTALL_RPATH:bool=TRUE -DCMAKE_POLICY_VERSION_MINIMUM=3.5 -Wno-deprecated -DSTACK_DETAILS_AUTO_DETECT:bool=FALSE -DSTACK_DETAILS_BFD:bool=FALSE -DCMAKE_INSTALL_PREFIX=/Users/runner/work/pixi_rosdistro/pixi_rosdistro/install
[0.582s] Not searching for unused variables given on the command line.
[0.582s] -- The C compiler identification is AppleClang 17.0.0.17000013
[0.631s] -- Detecting C compiler ABI info
[1.008s] -- Detecting C compiler ABI info - done
[1.047s] -- Check for working C compiler: /usr/bin/cc - skipped
[1.048s] -- Detecting C compile features
[1.048s] -- Detecting C compile features - done
[1.060s] -- Found ament_cmake: 2.8.6 (/Users/runner/work/pixi_rosdistro/pixi_rosdistro/install/share/ament_cmake/cmake)
[1.348s] -- Found ament_cmake_ros_core: 0.15.6 (/Users/runner/work/pixi_rosdistro/pixi_rosdistro/install/share/ament_cmake_ros_core/cmake)
[1.356s] -- Found rcutils: 7.0.7 (/Users/runner/work/pixi_rosdistro/pixi_rosdistro/install/share/rcutils/cmake)
[1.365s] -- Found rosidl_typesupport_interface: 5.1.3 (/Users/runner/work/pixi_rosdistro/pixi_rosdistro/install/share/rosidl_typesupport_interface/cmake)
[1.378s] -- Found ament_lint_auto: 0.20.3 (/Users/runner/work/pixi_rosdistro/pixi_rosdistro/install/share/ament_lint_auto/cmake)
[1.381s] -- Found performance_test_fixture: 0.4.1 (/Users/runner/work/pixi_rosdistro/pixi_rosdistro/install/share/performance_test_fixture/cmake)
[1.993s] -- The CXX compiler identification is AppleClang 17.0.0.17000013
[1.998s] -- Detecting CXX compiler ABI info
[2.340s] -- Detecting CXX compiler ABI info - done
[2.378s] -- Check for working CXX compiler: /usr/bin/c++ - skipped
[2.378s] -- Detecting CXX compile features
[2.378s] -- Detecting CXX compile features - done
[2.384s] -- Found gtest sources under '/Users/runner/work/pixi_rosdistro/pixi_rosdistro/install/src/gtest_vendor': C++ tests using 'Google Test' will be built
[2.386s] -- Found Threads: TRUE
[2.397s] -- Performance tests are disabled by default, so Google Benchmark tests will be skipped. To enable these tests, set the CMake variable 'AMENT_RUN_PERFORMANCE_TESTS'.
[2.403s] -- Added test 'copyright' to check source files copyright and LICENSE
[2.407s] -- Added test 'cppcheck' to perform static code analysis on C / C++ code
[2.407s] -- Configured cppcheck include dirs: /Users/runner/work/pixi_rosdistro/pixi_rosdistro/install/include;$<BUILD_INTERFACE:/Users/runner/work/pixi_rosdistro/pixi_rosdistro/src/ros2/rosidl/rosidl_runtime_c/include>
[2.407s] -- Configured cppcheck exclude dirs and/or files: /Users/runner/work/pixi_rosdistro/pixi_rosdistro/src/ros2/rosidl/rosidl_runtime_c/include/rosidl_runtime_c/type_description/field__functions.h;/Users/runner/work/pixi_rosdistro/pixi_rosdistro/src/ros2/rosidl/rosidl_runtime_c/include/rosidl_runtime_c/type_description/field__struct.h;/Users/runner/work/pixi_rosdistro/pixi_rosdistro/src/ros2/rosidl/rosidl_runtime_c/include/rosidl_runtime_c/type_description/field_type__functions.h;/Users/runner/work/pixi_rosdistro/pixi_rosdistro/src/ros2/rosidl/rosidl_runtime_c/include/rosidl_runtime_c/type_description/field_type__struct.h;/Users/runner/work/pixi_rosdistro/pixi_rosdistro/src/ros2/rosidl/rosidl_runtime_c/include/rosidl_runtime_c/type_description/individual_type_description__functions.h;/Users/runner/work/pixi_rosdistro/pixi_rosdistro/src/ros2/rosidl/rosidl_runtime_c/include/rosidl_runtime_c/type_description/individual_type_description__struct.h;/Users/runner/work/pixi_rosdistro/pixi_rosdistro/src/ros2/rosidl/rosidl_runtime_c/include/rosidl_runtime_c/type_description/key_value__functions.h;/Users/runner/work/pixi_rosdistro/pixi_rosdistro/src/ros2/rosidl/rosidl_runtime_c/include/rosidl_runtime_c/type_description/key_value__struct.h;/Users/runner/work/pixi_rosdistro/pixi_rosdistro/src/ros2/rosidl/rosidl_runtime_c/include/rosidl_runtime_c/type_description/type_description__functions.h;/Users/runner/work/pixi_rosdistro/pixi_rosdistro/src/ros2/rosidl/rosidl_runtime_c/include/rosidl_runtime_c/type_description/type_description__struct.h;/Users/runner/work/pixi_rosdistro/pixi_rosdistro/src/ros2/rosidl/rosidl_runtime_c/include/rosidl_runtime_c/type_description/type_source__functions.h;/Users/runner/work/pixi_rosdistro/pixi_rosdistro/src/ros2/rosidl/rosidl_runtime_c/include/rosidl_runtime_c/type_description/type_source__struct.h;/Users/runner/work/pixi_rosdistro/pixi_rosdistro/src/ros2/rosidl/rosidl_runtime_c/src/type_description/field__description.c;/Users/runner/work/pixi_rosdistro/pixi_rosdistro/src/ros2/rosidl/rosidl_runtime_c/src/type_description/field__functions.c;/Users/runner/work/pixi_rosdistro/pixi_rosdistro/src/ros2/rosidl/rosidl_runtime_c/src/type_description/field_type__description.c;/Users/runner/work/pixi_rosdistro/pixi_rosdistro/src/ros2/rosidl/rosidl_runtime_c/src/type_description/field_type__functions.c;/Users/runner/work/pixi_rosdistro/pixi_rosdistro/src/ros2/rosidl/rosidl_runtime_c/src/type_description/individual_type_description__description.c;/Users/runner/work/pixi_rosdistro/pixi_rosdistro/src/ros2/rosidl/rosidl_runtime_c/src/type_description/individual_type_description__functions.c;/Users/runner/work/pixi_rosdistro/pixi_rosdistro/src/ros2/rosidl/rosidl_runtime_c/src/type_description/key_value__description.c;/Users/runner/work/pixi_rosdistro/pixi_rosdistro/src/ros2/rosidl/rosidl_runtime_c/src/type_description/key_value__functions.c;/Users/runner/work/pixi_rosdistro/pixi_rosdistro/src/ros2/rosidl/rosidl_runtime_c/src/type_description/type_description__description.c;/Users/runner/work/pixi_rosdistro/pixi_rosdistro/src/ros2/rosidl/rosidl_runtime_c/src/type_description/type_description__functions.c;/Users/runner/work/pixi_rosdistro/pixi_rosdistro/src/ros2/rosidl/rosidl_runtime_c/src/type_description/type_source__description.c;/Users/runner/work/pixi_rosdistro/pixi_rosdistro/src/ros2/rosidl/rosidl_runtime_c/src/type_description/type_source__functions.c
[2.410s] -- Added test 'cpplint' to check C / C++ code against the Google style
[2.410s] -- Configured cpplint exclude dirs and/or files: /Users/runner/work/pixi_rosdistro/pixi_rosdistro/src/ros2/rosidl/rosidl_runtime_c/include/rosidl_runtime_c/type_description/field__functions.h;/Users/runner/work/pixi_rosdistro/pixi_rosdistro/src/ros2/rosidl/rosidl_runtime_c/include/rosidl_runtime_c/type_description/field__struct.h;/Users/runner/work/pixi_rosdistro/pixi_rosdistro/src/ros2/rosidl/rosidl_runtime_c/include/rosidl_runtime_c/type_description/field_type__functions.h;/Users/runner/work/pixi_rosdistro/pixi_rosdistro/src/ros2/rosidl/rosidl_runtime_c/include/rosidl_runtime_c/type_description/field_type__struct.h;/Users/runner/work/pixi_rosdistro/pixi_rosdistro/src/ros2/rosidl/rosidl_runtime_c/include/rosidl_runtime_c/type_description/individual_type_description__functions.h;/Users/runner/work/pixi_rosdistro/pixi_rosdistro/src/ros2/rosidl/rosidl_runtime_c/include/rosidl_runtime_c/type_description/individual_type_description__struct.h;/Users/runner/work/pixi_rosdistro/pixi_rosdistro/src/ros2/rosidl/rosidl_runtime_c/include/rosidl_runtime_c/type_description/key_value__functions.h;/Users/runner/work/pixi_rosdistro/pixi_rosdistro/src/ros2/rosidl/rosidl_runtime_c/include/rosidl_runtime_c/type_description/key_value__struct.h;/Users/runner/work/pixi_rosdistro/pixi_rosdistro/src/ros2/rosidl/rosidl_runtime_c/include/rosidl_runtime_c/type_description/type_description__functions.h;/Users/runner/work/pixi_rosdistro/pixi_rosdistro/src/ros2/rosidl/rosidl_runtime_c/include/rosidl_runtime_c/type_description/type_description__struct.h;/Users/runner/work/pixi_rosdistro/pixi_rosdistro/src/ros2/rosidl/rosidl_runtime_c/include/rosidl_runtime_c/type_description/type_source__functions.h;/Users/runner/work/pixi_rosdistro/pixi_rosdistro/src/ros2/rosidl/rosidl_runtime_c/include/rosidl_runtime_c/type_description/type_source__struct.h;/Users/runner/work/pixi_rosdistro/pixi_rosdistro/src/ros2/rosidl/rosidl_runtime_c/src/type_description/field__description.c;/Users/runner/work/pixi_rosdistro/pixi_rosdistro/src/ros2/rosidl/rosidl_runtime_c/src/type_description/field__functions.c;/Users/runner/work/pixi_rosdistro/pixi_rosdistro/src/ros2/rosidl/rosidl_runtime_c/src/type_description/field_type__description.c;/Users/runner/work/pixi_rosdistro/pixi_rosdistro/src/ros2/rosidl/rosidl_runtime_c/src/type_description/field_type__functions.c;/Users/runner/work/pixi_rosdistro/pixi_rosdistro/src/ros2/rosidl/rosidl_runtime_c/src/type_description/individual_type_description__description.c;/Users/runner/work/pixi_rosdistro/pixi_rosdistro/src/ros2/rosidl/rosidl_runtime_c/src/type_description/individual_type_description__functions.c;/Users/runner/work/pixi_rosdistro/pixi_rosdistro/src/ros2/rosidl/rosidl_runtime_c/src/type_description/key_value__description.c;/Users/runner/work/pixi_rosdistro/pixi_rosdistro/src/ros2/rosidl/rosidl_runtime_c/src/type_description/key_value__functions.c;/Users/runner/work/pixi_rosdistro/pixi_rosdistro/src/ros2/rosidl/rosidl_runtime_c/src/type_description/type_description__description.c;/Users/runner/work/pixi_rosdistro/pixi_rosdistro/src/ros2/rosidl/rosidl_runtime_c/src/type_description/type_description__functions.c;/Users/runner/work/pixi_rosdistro/pixi_rosdistro/src/ros2/rosidl/rosidl_runtime_c/src/type_description/type_source__description.c;/Users/runner/work/pixi_rosdistro/pixi_rosdistro/src/ros2/rosidl/rosidl_runtime_c/src/type_description/type_source__functions.c
[2.411s] -- Added test 'lint_cmake' to check CMake code style
[2.415s] -- Added test 'uncrustify' to check C / C++ code style
[2.415s] -- Configured uncrustify additional arguments: 
[2.416s] -- Added test 'xmllint' to check XML markup files
[2.419s] -- Configuring done (2.0s)
[2.479s] -- Generating done (0.1s)
[2.489s] -- Build files have been written to: /Users/runner/work/pixi_rosdistro/pixi_rosdistro/build/rosidl_runtime_c
[2.492s] Invoked command in '/Users/runner/work/pixi_rosdistro/pixi_rosdistro/build/rosidl_runtime_c' returned '0': AMENT_PREFIX_PATH=/Users/runner/work/pixi_rosdistro/pixi_rosdistro/install CMAKE_PREFIX_PATH=/Users/runner/work/pixi_rosdistro/pixi_rosdistro/install DYLD_LIBRARY_PATH=/Users/runner/work/pixi_rosdistro/pixi_rosdistro/install/lib:/Users/runner/work/pixi_rosdistro/pixi_rosdistro/install/opt/mimick_vendor/lib PATH=/Users/runner/work/pixi_rosdistro/pixi_rosdistro/install/bin:${PATH} PIXI_PROMPT=(ros2_rolling) PKG_CONFIG_PATH=/Users/runner/work/pixi_rosdistro/pixi_rosdistro/install/lib/pkgconfig PYTHONPATH=/Users/runner/work/pixi_rosdistro/pixi_rosdistro/install/lib/python3.12/site-packages SHLVL=3 _=/usr/bin/env /Users/runner/work/pixi_rosdistro/pixi_rosdistro/.pixi/envs/default/bin/cmake /Users/runner/work/pixi_rosdistro/pixi_rosdistro/src/ros2/rosidl/rosidl_runtime_c -GNinja --no-warn-unused-cli -DCMAKE_BUILD_TYPE=Release -DCMAKE_BUILD_WITH_INSTALL_RPATH:bool=TRUE -DCMAKE_POLICY_VERSION_MINIMUM=3.5 -Wno-deprecated -DSTACK_DETAILS_AUTO_DETECT:bool=FALSE -DSTACK_DETAILS_BFD:bool=FALSE -DCMAKE_INSTALL_PREFIX=/Users/runner/work/pixi_rosdistro/pixi_rosdistro/install
[2.494s] Invoking command in '/Users/runner/work/pixi_rosdistro/pixi_rosdistro/build/rosidl_runtime_c': AMENT_PREFIX_PATH=/Users/runner/work/pixi_rosdistro/pixi_rosdistro/install CMAKE_PREFIX_PATH=/Users/runner/work/pixi_rosdistro/pixi_rosdistro/install DYLD_LIBRARY_PATH=/Users/runner/work/pixi_rosdistro/pixi_rosdistro/install/lib:/Users/runner/work/pixi_rosdistro/pixi_rosdistro/install/opt/mimick_vendor/lib PATH=/Users/runner/work/pixi_rosdistro/pixi_rosdistro/install/bin:${PATH} PIXI_PROMPT=(ros2_rolling) PKG_CONFIG_PATH=/Users/runner/work/pixi_rosdistro/pixi_rosdistro/install/lib/pkgconfig PYTHONPATH=/Users/runner/work/pixi_rosdistro/pixi_rosdistro/install/lib/python3.12/site-packages SHLVL=3 _=/usr/bin/env /Users/runner/work/pixi_rosdistro/pixi_rosdistro/.pixi/envs/default/bin/cmake --build /Users/runner/work/pixi_rosdistro/pixi_rosdistro/build/rosidl_runtime_c -- -j3 -l3
[2.703s] [1/43] Building C object CMakeFiles/rosidl_runtime_c.dir/src/message_type_support.c.o
[2.920s] [2/43] Building C object CMakeFiles/rosidl_runtime_c.dir/src/primitives_sequence_functions.c.o
[3.123s] [3/43] Building C object CMakeFiles/rosidl_runtime_c.dir/src/sequence_bound.c.o
[3.310s] [4/43] Building C object CMakeFiles/rosidl_runtime_c.dir/src/service_type_support.c.o
[3.494s] [5/43] Building C object CMakeFiles/rosidl_runtime_c.dir/src/string_functions.c.o
[3.683s] [6/43] Building C object CMakeFiles/rosidl_runtime_c.dir/src/type_hash.c.o
[3.867s] [7/43] Building C object CMakeFiles/rosidl_runtime_c.dir/src/u16string_functions.c.o
[4.126s] [8/43] Building C object CMakeFiles/rosidl_runtime_c.dir/src/type_description_utils.c.o
[4.319s] [9/43] Building C object CMakeFiles/rosidl_runtime_c.dir/src/type_description/field__description.c.o
[4.504s] [10/43] Building C object CMakeFiles/rosidl_runtime_c.dir/src/type_description/field__functions.c.o
[4.691s] [11/43] Building C object CMakeFiles/rosidl_runtime_c.dir/src/type_description/field_type__description.c.o
[4.873s] [12/43] Building C object CMakeFiles/rosidl_runtime_c.dir/src/type_description/field_type__functions.c.o
[5.060s] [13/43] Building C object CMakeFiles/rosidl_runtime_c.dir/src/type_description/individual_type_description__description.c.o
[5.243s] [14/43] Building C object CMakeFiles/rosidl_runtime_c.dir/src/type_description/individual_type_description__functions.c.o
[5.446s] [15/43] Building C object CMakeFiles/rosidl_runtime_c.dir/src/type_description/key_value__description.c.o
[5.699s] [16/43] Building C object CMakeFiles/rosidl_runtime_c.dir/src/type_description/key_value__functions.c.o
[5.978s] [17/43] Building C object CMakeFiles/rosidl_runtime_c.dir/src/type_description/type_description__description.c.o
[6.248s] [18/43] Building C object CMakeFiles/rosidl_runtime_c.dir/src/type_description/type_description__functions.c.o
[6.481s] [19/43] Building C object CMakeFiles/rosidl_runtime_c.dir/src/type_description/type_source__description.c.o
[6.707s] [20/43] Building C object CMakeFiles/rosidl_runtime_c.dir/src/type_description/type_source__functions.c.o
[7.342s] [21/43] Building CXX object gtest/CMakeFiles/gtest.dir/src/gtest-all.cc.o
[7.669s] [22/43] Building CXX object gtest/CMakeFiles/gtest_main.dir/src/gtest_main.cc.o
[7.721s] [23/43] Linking C shared library librosidl_runtime_c.dylib
[8.117s] [24/43] Building CXX object CMakeFiles/test_message_type_support.dir/test/test_message_type_support.cpp.o
[8.517s] [25/43] Building CXX object CMakeFiles/test_primitives_sequence_functions.dir/test/test_primitives_sequence_functions.cpp.o
[8.841s] [26/43] Building CXX object CMakeFiles/test_sequence_bound.dir/test/test_sequence_bound.cpp.o
[9.173s] [27/43] Building CXX object CMakeFiles/test_service_type_support.dir/test/test_service_type_support.cpp.o
[9.561s] [28/43] Building CXX object CMakeFiles/test_string_functions.dir/test/test_string_functions.cpp.o
[9.893s] [29/43] Building CXX object CMakeFiles/test_type_hash.dir/test/test_type_hash.cpp.o
[10.270s] [30/43] Building CXX object CMakeFiles/test_u16string_functions.dir/test/test_u16string_functions.cpp.o
[10.691s] [31/43] Building CXX object CMakeFiles/test_type_description_utils.dir/test/test_type_description_utils.cpp.o
[11.042s] [32/43] Building CXX object CMakeFiles/benchmark_string_conversion.dir/test/benchmark/benchmark_string_conversion.cpp.o
[11.192s] [33/43] Linking CXX static library gtest/libgtest.a
[11.295s] [34/43] Linking CXX static library gtest/libgtest_main.a
[11.351s] [35/43] Linking CXX executable test_message_type_support
[11.413s] [36/43] Linking CXX executable test_primitives_sequence_functions
[11.476s] [37/43] Linking CXX executable test_sequence_bound
[11.536s] [38/43] Linking CXX executable test_service_type_support
[11.595s] [39/43] Linking CXX executable test_string_functions
[11.649s] [40/43] Linking CXX executable test_type_hash
[11.705s] [41/43] Linking CXX executable test_u16string_functions
[11.761s] [42/43] Linking CXX executable test_type_description_utils
[11.823s] [43/43] Linking CXX executable benchmark_string_conversion
[11.824s] Invoked command in '/Users/runner/work/pixi_rosdistro/pixi_rosdistro/build/rosidl_runtime_c' returned '0': AMENT_PREFIX_PATH=/Users/runner/work/pixi_rosdistro/pixi_rosdistro/install CMAKE_PREFIX_PATH=/Users/runner/work/pixi_rosdistro/pixi_rosdistro/install DYLD_LIBRARY_PATH=/Users/runner/work/pixi_rosdistro/pixi_rosdistro/install/lib:/Users/runner/work/pixi_rosdistro/pixi_rosdistro/install/opt/mimick_vendor/lib PATH=/Users/runner/work/pixi_rosdistro/pixi_rosdistro/install/bin:${PATH} PIXI_PROMPT=(ros2_rolling) PKG_CONFIG_PATH=/Users/runner/work/pixi_rosdistro/pixi_rosdistro/install/lib/pkgconfig PYTHONPATH=/Users/runner/work/pixi_rosdistro/pixi_rosdistro/install/lib/python3.12/site-packages ROS_DOMAIN_ID=111 SHLVL=3 _=/usr/bin/env /Users/runner/work/pixi_rosdistro/pixi_rosdistro/.pixi/envs/default/bin/cmake --build /Users/runner/work/pixi_rosdistro/pixi_rosdistro/build/rosidl_runtime_c -- -j3 -l3
[11.827s] Invoking command in '/Users/runner/work/pixi_rosdistro/pixi_rosdistro/build/rosidl_runtime_c': AMENT_PREFIX_PATH=/Users/runner/work/pixi_rosdistro/pixi_rosdistro/install CMAKE_PREFIX_PATH=/Users/runner/work/pixi_rosdistro/pixi_rosdistro/install DYLD_LIBRARY_PATH=/Users/runner/work/pixi_rosdistro/pixi_rosdistro/install/lib:/Users/runner/work/pixi_rosdistro/pixi_rosdistro/install/opt/mimick_vendor/lib PATH=/Users/runner/work/pixi_rosdistro/pixi_rosdistro/install/bin:${PATH} PIXI_PROMPT=(ros2_rolling) PKG_CONFIG_PATH=/Users/runner/work/pixi_rosdistro/pixi_rosdistro/install/lib/pkgconfig PYTHONPATH=/Users/runner/work/pixi_rosdistro/pixi_rosdistro/install/lib/python3.12/site-packages ROS_DOMAIN_ID=111 SHLVL=3 _=/usr/bin/env /Users/runner/work/pixi_rosdistro/pixi_rosdistro/.pixi/envs/default/bin/cmake --install /Users/runner/work/pixi_rosdistro/pixi_rosdistro/build/rosidl_runtime_c
[11.840s] -- Install configuration: "Release"
[11.840s] -- Installing: /Users/runner/work/pixi_rosdistro/pixi_rosdistro/install/share/rosidl_runtime_c/environment/library_path.sh
[11.840s] -- Installing: /Users/runner/work/pixi_rosdistro/pixi_rosdistro/install/share/rosidl_runtime_c/environment/library_path.dsv
[11.841s] -- Installing: /Users/runner/work/pixi_rosdistro/pixi_rosdistro/install/share/ament_index/resource_index/rosidl_runtime_packages/rosidl_runtime_c
[11.841s] -- Installing: /Users/runner/work/pixi_rosdistro/pixi_rosdistro/install/include/rosidl_runtime_c
[11.841s] -- Installing: /Users/runner/work/pixi_rosdistro/pixi_rosdistro/install/include/rosidl_runtime_c/rosidl_runtime_c
[11.841s] -- Installing: /Users/runner/work/pixi_rosdistro/pixi_rosdistro/install/include/rosidl_runtime_c/rosidl_runtime_c/message_initialization.h
[11.841s] -- Installing: /Users/runner/work/pixi_rosdistro/pixi_rosdistro/install/include/rosidl_runtime_c/rosidl_runtime_c/service_type_support_struct.h
[11.842s] -- Installing: /Users/runner/work/pixi_rosdistro/pixi_rosdistro/install/include/rosidl_runtime_c/rosidl_runtime_c/visibility_control.h
[11.842s] -- Installing: /Users/runner/work/pixi_rosdistro/pixi_rosdistro/install/include/rosidl_runtime_c/rosidl_runtime_c/action_type_support_struct.h
[11.842s] -- Installing: /Users/runner/work/pixi_rosdistro/pixi_rosdistro/install/include/rosidl_runtime_c/rosidl_runtime_c/message_type_support_struct.h
[11.842s] -- Installing: /Users/runner/work/pixi_rosdistro/pixi_rosdistro/install/include/rosidl_runtime_c/rosidl_runtime_c/u16string.h
[11.842s] -- Installing: /Users/runner/work/pixi_rosdistro/pixi_rosdistro/install/include/rosidl_runtime_c/rosidl_runtime_c/type_hash.h
[11.842s] -- Installing: /Users/runner/work/pixi_rosdistro/pixi_rosdistro/install/include/rosidl_runtime_c/rosidl_runtime_c/sequence_bound.h
[11.843s] -- Installing: /Users/runner/work/pixi_rosdistro/pixi_rosdistro/install/include/rosidl_runtime_c/rosidl_runtime_c/type_description_utils.h
[11.843s] -- Installing: /Users/runner/work/pixi_rosdistro/pixi_rosdistro/install/include/rosidl_runtime_c/rosidl_runtime_c/type_description
[11.843s] -- Installing: /Users/runner/work/pixi_rosdistro/pixi_rosdistro/install/include/rosidl_runtime_c/rosidl_runtime_c/type_description/field_type__struct.h
[11.843s] -- Installing: /Users/runner/work/pixi_rosdistro/pixi_rosdistro/install/include/rosidl_runtime_c/rosidl_runtime_c/type_description/type_description__struct.h
[11.843s] -- Installing: /Users/runner/work/pixi_rosdistro/pixi_rosdistro/install/include/rosidl_runtime_c/rosidl_runtime_c/type_description/individual_type_description__functions.h
[11.843s] -- Installing: /Users/runner/work/pixi_rosdistro/pixi_rosdistro/install/include/rosidl_runtime_c/rosidl_runtime_c/type_description/key_value__functions.h
[11.843s] -- Installing: /Users/runner/work/pixi_rosdistro/pixi_rosdistro/install/include/rosidl_runtime_c/rosidl_runtime_c/type_description/field__struct.h
[11.844s] -- Installing: /Users/runner/work/pixi_rosdistro/pixi_rosdistro/install/include/rosidl_runtime_c/rosidl_runtime_c/type_description/field_type__functions.h
[11.844s] -- Installing: /Users/runner/work/pixi_rosdistro/pixi_rosdistro/install/include/rosidl_runtime_c/rosidl_runtime_c/type_description/type_source__functions.h
[11.844s] -- Installing: /Users/runner/work/pixi_rosdistro/pixi_rosdistro/install/include/rosidl_runtime_c/rosidl_runtime_c/type_description/key_value__struct.h
[11.844s] -- Installing: /Users/runner/work/pixi_rosdistro/pixi_rosdistro/install/include/rosidl_runtime_c/rosidl_runtime_c/type_description/field__functions.h
[11.844s] -- Installing: /Users/runner/work/pixi_rosdistro/pixi_rosdistro/install/include/rosidl_runtime_c/rosidl_runtime_c/type_description/type_source__struct.h
[11.844s] -- Installing: /Users/runner/work/pixi_rosdistro/pixi_rosdistro/install/include/rosidl_runtime_c/rosidl_runtime_c/type_description/type_description__functions.h
[11.845s] -- Installing: /Users/runner/work/pixi_rosdistro/pixi_rosdistro/install/include/rosidl_runtime_c/rosidl_runtime_c/type_description/individual_type_description__struct.h
[11.845s] -- Installing: /Users/runner/work/pixi_rosdistro/pixi_rosdistro/install/include/rosidl_runtime_c/rosidl_runtime_c/string_functions.h
[11.845s] -- Installing: /Users/runner/work/pixi_rosdistro/pixi_rosdistro/install/include/rosidl_runtime_c/rosidl_runtime_c/primitives_sequence.h
[11.845s] -- Installing: /Users/runner/work/pixi_rosdistro/pixi_rosdistro/install/include/rosidl_runtime_c/rosidl_runtime_c/primitives_sequence_functions.h
[11.845s] -- Installing: /Users/runner/work/pixi_rosdistro/pixi_rosdistro/install/include/rosidl_runtime_c/rosidl_runtime_c/u16string_functions.h
[11.846s] -- Installing: /Users/runner/work/pixi_rosdistro/pixi_rosdistro/install/include/rosidl_runtime_c/rosidl_runtime_c/string_bound.h
[11.846s] -- Installing: /Users/runner/work/pixi_rosdistro/pixi_rosdistro/install/include/rosidl_runtime_c/rosidl_runtime_c/string.h
[11.846s] -- Installing: /Users/runner/work/pixi_rosdistro/pixi_rosdistro/install/lib/librosidl_runtime_c.dylib
[11.846s] -- Installing: /Users/runner/work/pixi_rosdistro/pixi_rosdistro/install/share/ament_index/resource_index/package_run_dependencies/rosidl_runtime_c
[11.847s] -- Installing: /Users/runner/work/pixi_rosdistro/pixi_rosdistro/install/share/ament_index/resource_index/parent_prefix_path/rosidl_runtime_c
[11.847s] -- Installing: /Users/runner/work/pixi_rosdistro/pixi_rosdistro/install/share/rosidl_runtime_c/environment/ament_prefix_path.sh
[11.847s] -- Installing: /Users/runner/work/pixi_rosdistro/pixi_rosdistro/install/share/rosidl_runtime_c/environment/ament_prefix_path.dsv
[11.847s] -- Installing: /Users/runner/work/pixi_rosdistro/pixi_rosdistro/install/share/rosidl_runtime_c/environment/path.sh
[11.847s] -- Installing: /Users/runner/work/pixi_rosdistro/pixi_rosdistro/install/share/rosidl_runtime_c/environment/path.dsv
[11.848s] -- Installing: /Users/runner/work/pixi_rosdistro/pixi_rosdistro/install/share/rosidl_runtime_c/local_setup.bash
[11.848s] -- Installing: /Users/runner/work/pixi_rosdistro/pixi_rosdistro/install/share/rosidl_runtime_c/local_setup.fish
[11.848s] -- Installing: /Users/runner/work/pixi_rosdistro/pixi_rosdistro/install/share/rosidl_runtime_c/local_setup.sh
[11.848s] -- Installing: /Users/runner/work/pixi_rosdistro/pixi_rosdistro/install/share/rosidl_runtime_c/local_setup.zsh
[11.848s] -- Installing: /Users/runner/work/pixi_rosdistro/pixi_rosdistro/install/share/rosidl_runtime_c/local_setup.dsv
[11.849s] -- Installing: /Users/runner/work/pixi_rosdistro/pixi_rosdistro/install/share/rosidl_runtime_c/package.dsv
[11.849s] -- Installing: /Users/runner/work/pixi_rosdistro/pixi_rosdistro/install/share/ament_index/resource_index/packages/rosidl_runtime_c
[11.849s] -- Installing: /Users/runner/work/pixi_rosdistro/pixi_rosdistro/install/share/rosidl_runtime_c/cmake/rosidl_runtime_cExport.cmake
[11.849s] -- Installing: /Users/runner/work/pixi_rosdistro/pixi_rosdistro/install/share/rosidl_runtime_c/cmake/rosidl_runtime_cExport-release.cmake
[11.849s] -- Installing: /Users/runner/work/pixi_rosdistro/pixi_rosdistro/install/share/rosidl_runtime_c/cmake/ament_cmake_export_dependencies-extras.cmake
[11.850s] -- Installing: /Users/runner/work/pixi_rosdistro/pixi_rosdistro/install/share/rosidl_runtime_c/cmake/ament_cmake_export_include_directories-extras.cmake
[11.850s] -- Installing: /Users/runner/work/pixi_rosdistro/pixi_rosdistro/install/share/rosidl_runtime_c/cmake/ament_cmake_export_libraries-extras.cmake
[11.850s] -- Installing: /Users/runner/work/pixi_rosdistro/pixi_rosdistro/install/share/rosidl_runtime_c/cmake/ament_cmake_export_targets-extras.cmake
[11.850s] -- Installing: /Users/runner/work/pixi_rosdistro/pixi_rosdistro/install/share/rosidl_runtime_c/cmake/rosidl_runtime_cConfig.cmake
[11.850s] -- Installing: /Users/runner/work/pixi_rosdistro/pixi_rosdistro/install/share/rosidl_runtime_c/cmake/rosidl_runtime_cConfig-version.cmake
[11.851s] -- Installing: /Users/runner/work/pixi_rosdistro/pixi_rosdistro/install/share/rosidl_runtime_c/package.xml
[11.853s] Invoked command in '/Users/runner/work/pixi_rosdistro/pixi_rosdistro/build/rosidl_runtime_c' returned '0': AMENT_PREFIX_PATH=/Users/runner/work/pixi_rosdistro/pixi_rosdistro/install CMAKE_PREFIX_PATH=/Users/runner/work/pixi_rosdistro/pixi_rosdistro/install DYLD_LIBRARY_PATH=/Users/runner/work/pixi_rosdistro/pixi_rosdistro/install/lib:/Users/runner/work/pixi_rosdistro/pixi_rosdistro/install/opt/mimick_vendor/lib PATH=/Users/runner/work/pixi_rosdistro/pixi_rosdistro/install/bin:${PATH} PIXI_PROMPT=(ros2_rolling) PKG_CONFIG_PATH=/Users/runner/work/pixi_rosdistro/pixi_rosdistro/install/lib/pkgconfig PYTHONPATH=/Users/runner/work/pixi_rosdistro/pixi_rosdistro/install/lib/python3.12/site-packages ROS_DOMAIN_ID=111 SHLVL=3 _=/usr/bin/env /Users/runner/work/pixi_rosdistro/pixi_rosdistro/.pixi/envs/default/bin/cmake --install /Users/runner/work/pixi_rosdistro/pixi_rosdistro/build/rosidl_runtime_c
