[5.220s] Invoking command in '/home/runner/work/pixi_rosdistro/pixi_rosdistro/build/unique_identifier_msgs': AMENT_PREFIX_PATH=/home/runner/work/pixi_rosdistro/pixi_rosdistro/install CMAKE_PREFIX_PATH=/home/runner/work/pixi_rosdistro/pixi_rosdistro/install:${CMAKE_PREFIX_PATH} LD_LIBRARY_PATH=/home/runner/work/pixi_rosdistro/pixi_rosdistro/install/lib PATH=/home/runner/work/pixi_rosdistro/pixi_rosdistro/install/bin:/opt/microsoft/powershell/7:${PATH} PIXI_PROMPT=(ros2_rolling) PKG_CONFIG_PATH=/home/runner/work/pixi_rosdistro/pixi_rosdistro/install/lib/pkgconfig PSModulePath=/home/runner/.local/share/powershell/Modules:${PSModulePath} PYTHONPATH=/home/runner/work/pixi_rosdistro/pixi_rosdistro/install/lib/python3.12/site-packages /home/runner/work/pixi_rosdistro/pixi_rosdistro/.pixi/envs/default/bin/cmake /home/runner/work/pixi_rosdistro/pixi_rosdistro/src/ros2/unique_identifier_msgs -GNinja --no-warn-unused-cli -DCMAKE_BUILD_TYPE=Release -DCMAKE_BUILD_WITH_INSTALL_RPATH:bool=TRUE -DCMAKE_POLICY_VERSION_MINIMUM=3.5 -Wno-deprecated -DSTACK_DETAILS_AUTO_DETECT:bool=FALSE -DSTACK_DETAILS_BFD:bool=FALSE -DCMAKE_INSTALL_PREFIX=/home/runner/work/pixi_rosdistro/pixi_rosdistro/install
[5.301s] Not searching for unused variables given on the command line.
[5.301s] -- The C compiler identification is GNU 14.3.0
[5.436s] -- The CXX compiler identification is GNU 14.3.0
[5.447s] -- Detecting C compiler ABI info
[5.617s] -- Detecting C compiler ABI info - done
[5.645s] -- Check for working C compiler: /home/runner/work/pixi_rosdistro/pixi_rosdistro/.pixi/envs/default/bin/x86_64-conda-linux-gnu-cc - skipped
[5.647s] -- Detecting C compile features
[5.647s] -- Detecting C compile features - done
[5.663s] -- Detecting CXX compiler ABI info
[5.914s] -- Detecting CXX compiler ABI info - done
[5.970s] -- Check for working CXX compiler: /home/runner/work/pixi_rosdistro/pixi_rosdistro/.pixi/envs/default/bin/x86_64-conda-linux-gnu-c++ - skipped
[5.970s] -- Detecting CXX compile features
[5.972s] -- Detecting CXX compile features - done
[5.989s] -- Found ament_cmake: 2.8.6 (/home/runner/work/pixi_rosdistro/pixi_rosdistro/install/share/ament_cmake/cmake)
[6.306s] -- Found rosidl_core_generators: 0.4.1 (/home/runner/work/pixi_rosdistro/pixi_rosdistro/install/share/rosidl_core_generators/cmake)
[6.310s] -- Using all available rosidl_typesupport_c: rosidl_typesupport_fastrtps_c;rosidl_typesupport_introspection_c
[6.352s] -- Using all available rosidl_typesupport_cpp: rosidl_typesupport_fastrtps_cpp;rosidl_typesupport_introspection_cpp
[6.391s] -- Found rosidl_adapter: 5.1.3 (/home/runner/work/pixi_rosdistro/pixi_rosdistro/install/share/rosidl_adapter/cmake)
[6.576s] -- Found Python3: /home/runner/work/pixi_rosdistro/pixi_rosdistro/.pixi/envs/default/bin/python3 (found version "3.12.13") found components: Interpreter
[7.393s] -- Found ament_cmake_ros_core: 0.15.6 (/home/runner/work/pixi_rosdistro/pixi_rosdistro/install/share/ament_cmake_ros_core/cmake)
[8.115s] -- Using all available rosidl_typesupport_c: rosidl_typesupport_fastrtps_c;rosidl_typesupport_introspection_c
[8.762s] -- Using all available rosidl_typesupport_cpp: rosidl_typesupport_fastrtps_cpp;rosidl_typesupport_introspection_cpp
[9.755s] -- Found Python3: /home/runner/work/pixi_rosdistro/pixi_rosdistro/.pixi/envs/default/bin/python3 (found version "3.12.13") found components: Interpreter Development NumPy Development.Module Development.Embed
[9.864s] -- Found Python3: /home/runner/work/pixi_rosdistro/pixi_rosdistro/.pixi/envs/default/bin/python3 (found version "3.12.13") found components: Interpreter
[9.867s] -- Found ament_lint_auto: 0.20.3 (/home/runner/work/pixi_rosdistro/pixi_rosdistro/install/share/ament_lint_auto/cmake)
[9.892s] -- Added test 'copyright' to check source files copyright and LICENSE
[9.909s] -- Added test 'lint_cmake' to check CMake code style
[9.917s] -- Added test 'xmllint' to check XML markup files
[9.921s] -- Configuring done (4.7s)
[9.972s] -- Generating done (0.0s)
[9.992s] -- Build files have been written to: /home/runner/work/pixi_rosdistro/pixi_rosdistro/build/unique_identifier_msgs
[10.009s] Invoked command in '/home/runner/work/pixi_rosdistro/pixi_rosdistro/build/unique_identifier_msgs' returned '0': AMENT_PREFIX_PATH=/home/runner/work/pixi_rosdistro/pixi_rosdistro/install CMAKE_PREFIX_PATH=/home/runner/work/pixi_rosdistro/pixi_rosdistro/install:${CMAKE_PREFIX_PATH} LD_LIBRARY_PATH=/home/runner/work/pixi_rosdistro/pixi_rosdistro/install/lib PATH=/home/runner/work/pixi_rosdistro/pixi_rosdistro/install/bin:/opt/microsoft/powershell/7:${PATH} PIXI_PROMPT=(ros2_rolling) PKG_CONFIG_PATH=/home/runner/work/pixi_rosdistro/pixi_rosdistro/install/lib/pkgconfig PSModulePath=/home/runner/.local/share/powershell/Modules:${PSModulePath} PYTHONPATH=/home/runner/work/pixi_rosdistro/pixi_rosdistro/install/lib/python3.12/site-packages /home/runner/work/pixi_rosdistro/pixi_rosdistro/.pixi/envs/default/bin/cmake /home/runner/work/pixi_rosdistro/pixi_rosdistro/src/ros2/unique_identifier_msgs -GNinja --no-warn-unused-cli -DCMAKE_BUILD_TYPE=Release -DCMAKE_BUILD_WITH_INSTALL_RPATH:bool=TRUE -DCMAKE_POLICY_VERSION_MINIMUM=3.5 -Wno-deprecated -DSTACK_DETAILS_AUTO_DETECT:bool=FALSE -DSTACK_DETAILS_BFD:bool=FALSE -DCMAKE_INSTALL_PREFIX=/home/runner/work/pixi_rosdistro/pixi_rosdistro/install
[10.013s] Invoking command in '/home/runner/work/pixi_rosdistro/pixi_rosdistro/build/unique_identifier_msgs': AMENT_PREFIX_PATH=/home/runner/work/pixi_rosdistro/pixi_rosdistro/install CMAKE_PREFIX_PATH=/home/runner/work/pixi_rosdistro/pixi_rosdistro/install:${CMAKE_PREFIX_PATH} LD_LIBRARY_PATH=/home/runner/work/pixi_rosdistro/pixi_rosdistro/install/lib PATH=/home/runner/work/pixi_rosdistro/pixi_rosdistro/install/bin:/opt/microsoft/powershell/7:${PATH} PIXI_PROMPT=(ros2_rolling) PKG_CONFIG_PATH=/home/runner/work/pixi_rosdistro/pixi_rosdistro/install/lib/pkgconfig PSModulePath=/home/runner/.local/share/powershell/Modules:${PSModulePath} PYTHONPATH=/home/runner/work/pixi_rosdistro/pixi_rosdistro/install/lib/python3.12/site-packages /home/runner/work/pixi_rosdistro/pixi_rosdistro/.pixi/envs/default/bin/cmake --build /home/runner/work/pixi_rosdistro/pixi_rosdistro/build/unique_identifier_msgs -- -j4 -l4
[10.302s] [1/37] Generating type hashes for ROS interfaces
[10.652s] [2/37] Generating C code for ROS interfaces
[10.824s] [3/37] Building C object CMakeFiles/unique_identifier_msgs__rosidl_generator_c.dir/rosidl_generator_c/unique_identifier_msgs/msg/detail/uuid__description.c.o
[11.042s] [4/37] Building C object CMakeFiles/unique_identifier_msgs__rosidl_generator_c.dir/rosidl_generator_c/unique_identifier_msgs/msg/detail/uuid__functions.c.o
[11.326s] [5/37] Building C object CMakeFiles/unique_identifier_msgs__rosidl_generator_c.dir/rosidl_generator_c/unique_identifier_msgs/msg/detail/uuid__type_support.c.o
[12.145s] [6/37] Generating C type support for eProsima Fast-RTPS
[12.976s] [7/37] Generating C introspection for ROS interfaces
[13.667s] [8/37] Generating C type support dispatch for ROS interfaces
[14.578s] [9/37] Generating C++ code for ROS interfaces
[15.359s] [10/37] Generating C++ type support for eProsima Fast-RTPS
[15.944s] [11/37] Generating C++ introspection for ROS interfaces
[16.625s] [12/37] Generating C++ type support dispatch for ROS interfaces
[16.677s] [13/37] Linking C shared library libunique_identifier_msgs__rosidl_generator_c.so
[17.197s] [14/37] Building CXX object CMakeFiles/unique_identifier_msgs__rosidl_typesupport_fastrtps_c.dir/rosidl_typesupport_fastrtps_c/unique_identifier_msgs/msg/detail/uuid__type_support_c.cpp.o
[17.411s] [15/37] Building C object CMakeFiles/unique_identifier_msgs__rosidl_typesupport_introspection_c.dir/rosidl_typesupport_introspection_c/unique_identifier_msgs/msg/detail/uuid__type_support.c.o
[17.721s] [16/37] Building CXX object CMakeFiles/unique_identifier_msgs__rosidl_typesupport_c.dir/rosidl_typesupport_c/unique_identifier_msgs/msg/uuid__type_support.cpp.o
[18.405s] [17/37] Building CXX object CMakeFiles/unique_identifier_msgs__rosidl_typesupport_fastrtps_cpp.dir/rosidl_typesupport_fastrtps_cpp/unique_identifier_msgs/msg/detail/dds_fastrtps/uuid__type_support.cpp.o
[19.007s] [18/37] Building CXX object CMakeFiles/unique_identifier_msgs__rosidl_typesupport_introspection_cpp.dir/rosidl_typesupport_introspection_cpp/unique_identifier_msgs/msg/detail/uuid__type_support.cpp.o
[19.571s] [19/37] Building CXX object CMakeFiles/unique_identifier_msgs__rosidl_typesupport_cpp.dir/rosidl_typesupport_cpp/unique_identifier_msgs/msg/uuid__type_support.cpp.o
[19.802s] [20/37] Linking CXX shared library libunique_identifier_msgs__rosidl_typesupport_fastrtps_c.so
[19.876s] [21/37] Linking C shared library libunique_identifier_msgs__rosidl_typesupport_introspection_c.so
[19.999s] [22/37] Linking CXX shared library libunique_identifier_msgs__rosidl_typesupport_c.so
[20.135s] [23/37] Linking CXX shared library libunique_identifier_msgs__rosidl_typesupport_fastrtps_cpp.so
[20.237s] [24/37] Linking CXX shared library libunique_identifier_msgs__rosidl_typesupport_introspection_cpp.so
[20.297s] [25/37] Linking CXX shared library libunique_identifier_msgs__rosidl_typesupport_cpp.so
[21.173s] [26/37] Generating Python code for ROS interfaces
[21.889s] [27/37] Generating Rust code for ROS interfaces
[22.367s] [28/37] Building C object CMakeFiles/unique_identifier_msgs__rosidl_generator_py.dir/rosidl_generator_py/unique_identifier_msgs/msg/_uuid_s.c.o
[22.425s] [29/37] Linking C shared library libunique_identifier_msgs__rosidl_generator_py.so
[22.831s] [30/37] Building C object CMakeFiles/unique_identifier_msgs_s__rosidl_typesupport_fastrtps_c.dir/rosidl_generator_py/unique_identifier_msgs/_unique_identifier_msgs_s.ep.rosidl_typesupport_fastrtps_c.c.o
[23.217s] [31/37] Building C object CMakeFiles/unique_identifier_msgs_s__rosidl_typesupport_introspection_c.dir/rosidl_generator_py/unique_identifier_msgs/_unique_identifier_msgs_s.ep.rosidl_typesupport_introspection_c.c.o
[23.590s] [32/37] Building C object CMakeFiles/unique_identifier_msgs_s__rosidl_typesupport_c.dir/rosidl_generator_py/unique_identifier_msgs/_unique_identifier_msgs_s.ep.rosidl_typesupport_c.c.o
[23.607s] [33/37] cd /home/runner/work/pixi_rosdistro/pixi_rosdistro/build/unique_identifier_msgs && /home/runner/work/pixi_rosdistro/pixi_rosdistro/.pixi/envs/default/bin/cmake -E copy_directory /home/runner/work/pixi_rosdistro/pixi_rosdistro/build/unique_identifier_msgs/rosidl_generator_py/unique_identifier_msgs /home/runner/work/pixi_rosdistro/pixi_rosdistro/build/unique_identifier_msgs/ament_cmake_python/unique_identifier_msgs/unique_identifier_msgs
[23.679s] [34/37] Linking C shared module rosidl_generator_py/unique_identifier_msgs/unique_identifier_msgs_s__rosidl_typesupport_fastrtps_c.so
[23.739s] [35/37] Linking C shared module rosidl_generator_py/unique_identifier_msgs/unique_identifier_msgs_s__rosidl_typesupport_introspection_c.so
[23.778s] [36/37] Linking C shared module rosidl_generator_py/unique_identifier_msgs/unique_identifier_msgs_s__rosidl_typesupport_c.so
[24.507s] [37/37] cd /home/runner/work/pixi_rosdistro/pixi_rosdistro/build/unique_identifier_msgs/ament_cmake_python/unique_identifier_msgs && /home/runner/work/pixi_rosdistro/pixi_rosdistro/.pixi/envs/default/bin/python3 setup.py egg_info
[24.507s] running egg_info
[24.507s] creating unique_identifier_msgs.egg-info
[24.507s] writing unique_identifier_msgs.egg-info/PKG-INFO
[24.507s] writing dependency_links to unique_identifier_msgs.egg-info/dependency_links.txt
[24.507s] writing top-level names to unique_identifier_msgs.egg-info/top_level.txt
[24.507s] writing manifest file 'unique_identifier_msgs.egg-info/SOURCES.txt'
[24.508s] reading manifest file 'unique_identifier_msgs.egg-info/SOURCES.txt'
[24.508s] writing manifest file 'unique_identifier_msgs.egg-info/SOURCES.txt'
[24.513s] Invoked command in '/home/runner/work/pixi_rosdistro/pixi_rosdistro/build/unique_identifier_msgs' returned '0': AMENT_PREFIX_PATH=/home/runner/work/pixi_rosdistro/pixi_rosdistro/install CMAKE_PREFIX_PATH=/home/runner/work/pixi_rosdistro/pixi_rosdistro/install:${CMAKE_PREFIX_PATH} LD_LIBRARY_PATH=/home/runner/work/pixi_rosdistro/pixi_rosdistro/install/lib PATH=/home/runner/work/pixi_rosdistro/pixi_rosdistro/install/bin:/opt/microsoft/powershell/7:${PATH} PIXI_PROMPT=(ros2_rolling) PKG_CONFIG_PATH=/home/runner/work/pixi_rosdistro/pixi_rosdistro/install/lib/pkgconfig PSModulePath=/home/runner/.local/share/powershell/Modules:${PSModulePath} PYTHONPATH=/home/runner/work/pixi_rosdistro/pixi_rosdistro/install/lib/python3.12/site-packages /home/runner/work/pixi_rosdistro/pixi_rosdistro/.pixi/envs/default/bin/cmake --build /home/runner/work/pixi_rosdistro/pixi_rosdistro/build/unique_identifier_msgs -- -j4 -l4
[24.515s] Invoking command in '/home/runner/work/pixi_rosdistro/pixi_rosdistro/build/unique_identifier_msgs': AMENT_PREFIX_PATH=/home/runner/work/pixi_rosdistro/pixi_rosdistro/install CMAKE_PREFIX_PATH=/home/runner/work/pixi_rosdistro/pixi_rosdistro/install:${CMAKE_PREFIX_PATH} LD_LIBRARY_PATH=/home/runner/work/pixi_rosdistro/pixi_rosdistro/install/lib PATH=/home/runner/work/pixi_rosdistro/pixi_rosdistro/install/bin:/opt/microsoft/powershell/7:${PATH} PIXI_PROMPT=(ros2_rolling) PKG_CONFIG_PATH=/home/runner/work/pixi_rosdistro/pixi_rosdistro/install/lib/pkgconfig PSModulePath=/home/runner/.local/share/powershell/Modules:${PSModulePath} PYTHONPATH=/home/runner/work/pixi_rosdistro/pixi_rosdistro/install/lib/python3.12/site-packages /home/runner/work/pixi_rosdistro/pixi_rosdistro/.pixi/envs/default/bin/cmake --install /home/runner/work/pixi_rosdistro/pixi_rosdistro/build/unique_identifier_msgs
[24.532s] -- Install configuration: "Release"
[24.532s] -- Installing: /home/runner/work/pixi_rosdistro/pixi_rosdistro/install/share/ament_index/resource_index/rosidl_interfaces/unique_identifier_msgs
[24.532s] -- Installing: /home/runner/work/pixi_rosdistro/pixi_rosdistro/install/share/unique_identifier_msgs/msg/UUID.json
[24.543s] -- Installing: /home/runner/work/pixi_rosdistro/pixi_rosdistro/install/include/unique_identifier_msgs/unique_identifier_msgs
[24.543s] -- Installing: /home/runner/work/pixi_rosdistro/pixi_rosdistro/install/include/unique_identifier_msgs/unique_identifier_msgs/msg
[24.543s] -- Installing: /home/runner/work/pixi_rosdistro/pixi_rosdistro/install/include/unique_identifier_msgs/unique_identifier_msgs/msg/rosidl_generator_c__visibility_control.h
[24.543s] -- Installing: /home/runner/work/pixi_rosdistro/pixi_rosdistro/install/include/unique_identifier_msgs/unique_identifier_msgs/msg/uuid.h
[24.544s] -- Installing: /home/runner/work/pixi_rosdistro/pixi_rosdistro/install/include/unique_identifier_msgs/unique_identifier_msgs/msg/detail
[24.544s] -- Installing: /home/runner/work/pixi_rosdistro/pixi_rosdistro/install/include/unique_identifier_msgs/unique_identifier_msgs/msg/detail/uuid__type_support.h
[24.544s] -- Installing: /home/runner/work/pixi_rosdistro/pixi_rosdistro/install/include/unique_identifier_msgs/unique_identifier_msgs/msg/detail/uuid__functions.h
[24.544s] -- Installing: /home/runner/work/pixi_rosdistro/pixi_rosdistro/install/include/unique_identifier_msgs/unique_identifier_msgs/msg/detail/uuid__struct.h
[24.544s] -- Installing: /home/runner/work/pixi_rosdistro/pixi_rosdistro/install/include/unique_identifier_msgs/unique_identifier_msgs/msg/detail/uuid__type_support.c
[24.544s] -- Installing: /home/runner/work/pixi_rosdistro/pixi_rosdistro/install/include/unique_identifier_msgs/unique_identifier_msgs/msg/detail/uuid__functions.c
[24.544s] -- Installing: /home/runner/work/pixi_rosdistro/pixi_rosdistro/install/include/unique_identifier_msgs/unique_identifier_msgs/msg/detail/uuid__description.c
[24.544s] -- Installing: /home/runner/work/pixi_rosdistro/pixi_rosdistro/install/share/unique_identifier_msgs/environment/library_path.sh
[24.544s] -- Installing: /home/runner/work/pixi_rosdistro/pixi_rosdistro/install/share/unique_identifier_msgs/environment/library_path.dsv
[24.544s] -- Installing: /home/runner/work/pixi_rosdistro/pixi_rosdistro/install/lib/libunique_identifier_msgs__rosidl_generator_c.so
[24.544s] -- Up-to-date: /home/runner/work/pixi_rosdistro/pixi_rosdistro/install/include/unique_identifier_msgs/unique_identifier_msgs
[24.544s] -- Up-to-date: /home/runner/work/pixi_rosdistro/pixi_rosdistro/install/include/unique_identifier_msgs/unique_identifier_msgs/msg
[24.544s] -- Installing: /home/runner/work/pixi_rosdistro/pixi_rosdistro/install/include/unique_identifier_msgs/unique_identifier_msgs/msg/rosidl_typesupport_fastrtps_c__visibility_control.h
[24.545s] -- Up-to-date: /home/runner/work/pixi_rosdistro/pixi_rosdistro/install/include/unique_identifier_msgs/unique_identifier_msgs/msg/detail
[24.545s] -- Installing: /home/runner/work/pixi_rosdistro/pixi_rosdistro/install/include/unique_identifier_msgs/unique_identifier_msgs/msg/detail/uuid__rosidl_typesupport_fastrtps_c.h
[24.545s] -- Installing: /home/runner/work/pixi_rosdistro/pixi_rosdistro/install/lib/libunique_identifier_msgs__rosidl_typesupport_fastrtps_c.so
[24.545s] -- Up-to-date: /home/runner/work/pixi_rosdistro/pixi_rosdistro/install/include/unique_identifier_msgs/unique_identifier_msgs
[24.545s] -- Up-to-date: /home/runner/work/pixi_rosdistro/pixi_rosdistro/install/include/unique_identifier_msgs/unique_identifier_msgs/msg
[24.545s] -- Installing: /home/runner/work/pixi_rosdistro/pixi_rosdistro/install/include/unique_identifier_msgs/unique_identifier_msgs/msg/rosidl_typesupport_introspection_c__visibility_control.h
[24.545s] -- Up-to-date: /home/runner/work/pixi_rosdistro/pixi_rosdistro/install/include/unique_identifier_msgs/unique_identifier_msgs/msg/detail
[24.545s] -- Installing: /home/runner/work/pixi_rosdistro/pixi_rosdistro/install/include/unique_identifier_msgs/unique_identifier_msgs/msg/detail/uuid__rosidl_typesupport_introspection_c.h
[24.545s] -- Installing: /home/runner/work/pixi_rosdistro/pixi_rosdistro/install/include/unique_identifier_msgs/unique_identifier_msgs/msg/detail/uuid__type_support.c
[24.545s] -- Installing: /home/runner/work/pixi_rosdistro/pixi_rosdistro/install/lib/libunique_identifier_msgs__rosidl_typesupport_introspection_c.so
[24.545s] -- Installing: /home/runner/work/pixi_rosdistro/pixi_rosdistro/install/lib/libunique_identifier_msgs__rosidl_typesupport_c.so
[24.545s] -- Up-to-date: /home/runner/work/pixi_rosdistro/pixi_rosdistro/install/include/unique_identifier_msgs/unique_identifier_msgs
[24.545s] -- Up-to-date: /home/runner/work/pixi_rosdistro/pixi_rosdistro/install/include/unique_identifier_msgs/unique_identifier_msgs/msg
[24.546s] -- Installing: /home/runner/work/pixi_rosdistro/pixi_rosdistro/install/include/unique_identifier_msgs/unique_identifier_msgs/msg/uuid.hpp
[24.554s] -- Installing: /home/runner/work/pixi_rosdistro/pixi_rosdistro/install/include/unique_identifier_msgs/unique_identifier_msgs/msg/rosidl_generator_cpp__visibility_control.hpp
[24.554s] -- Up-to-date: /home/runner/work/pixi_rosdistro/pixi_rosdistro/install/include/unique_identifier_msgs/unique_identifier_msgs/msg/detail
[24.554s] -- Installing: /home/runner/work/pixi_rosdistro/pixi_rosdistro/install/include/unique_identifier_msgs/unique_identifier_msgs/msg/detail/uuid__traits.hpp
[24.554s] -- Installing: /home/runner/work/pixi_rosdistro/pixi_rosdistro/install/include/unique_identifier_msgs/unique_identifier_msgs/msg/detail/uuid__type_support.hpp
[24.554s] -- Installing: /home/runner/work/pixi_rosdistro/pixi_rosdistro/install/include/unique_identifier_msgs/unique_identifier_msgs/msg/detail/uuid__struct.hpp
[24.555s] -- Installing: /home/runner/work/pixi_rosdistro/pixi_rosdistro/install/include/unique_identifier_msgs/unique_identifier_msgs/msg/detail/uuid__builder.hpp
[24.555s] -- Up-to-date: /home/runner/work/pixi_rosdistro/pixi_rosdistro/install/include/unique_identifier_msgs/unique_identifier_msgs
[24.555s] -- Up-to-date: /home/runner/work/pixi_rosdistro/pixi_rosdistro/install/include/unique_identifier_msgs/unique_identifier_msgs/msg
[24.555s] -- Installing: /home/runner/work/pixi_rosdistro/pixi_rosdistro/install/include/unique_identifier_msgs/unique_identifier_msgs/msg/rosidl_typesupport_fastrtps_cpp__visibility_control.h
[24.555s] -- Up-to-date: /home/runner/work/pixi_rosdistro/pixi_rosdistro/install/include/unique_identifier_msgs/unique_identifier_msgs/msg/detail
[24.555s] -- Installing: /home/runner/work/pixi_rosdistro/pixi_rosdistro/install/include/unique_identifier_msgs/unique_identifier_msgs/msg/detail/uuid__rosidl_typesupport_fastrtps_cpp.hpp
[24.555s] -- Installing: /home/runner/work/pixi_rosdistro/pixi_rosdistro/install/include/unique_identifier_msgs/unique_identifier_msgs/msg/detail/dds_fastrtps
[24.555s] -- Installing: /home/runner/work/pixi_rosdistro/pixi_rosdistro/install/lib/libunique_identifier_msgs__rosidl_typesupport_fastrtps_cpp.so
[24.555s] -- Up-to-date: /home/runner/work/pixi_rosdistro/pixi_rosdistro/install/include/unique_identifier_msgs/unique_identifier_msgs
[24.555s] -- Up-to-date: /home/runner/work/pixi_rosdistro/pixi_rosdistro/install/include/unique_identifier_msgs/unique_identifier_msgs/msg
[24.555s] -- Up-to-date: /home/runner/work/pixi_rosdistro/pixi_rosdistro/install/include/unique_identifier_msgs/unique_identifier_msgs/msg/detail
[24.555s] -- Installing: /home/runner/work/pixi_rosdistro/pixi_rosdistro/install/include/unique_identifier_msgs/unique_identifier_msgs/msg/detail/uuid__rosidl_typesupport_introspection_cpp.hpp
[24.555s] -- Installing: /home/runner/work/pixi_rosdistro/pixi_rosdistro/install/include/unique_identifier_msgs/unique_identifier_msgs/msg/detail/uuid__type_support.cpp
[24.556s] -- Installing: /home/runner/work/pixi_rosdistro/pixi_rosdistro/install/lib/libunique_identifier_msgs__rosidl_typesupport_introspection_cpp.so
[24.556s] -- Installing: /home/runner/work/pixi_rosdistro/pixi_rosdistro/install/lib/libunique_identifier_msgs__rosidl_typesupport_cpp.so
[24.556s] -- Installing: /home/runner/work/pixi_rosdistro/pixi_rosdistro/install/share/unique_identifier_msgs/environment/pythonpath.sh
[24.556s] -- Installing: /home/runner/work/pixi_rosdistro/pixi_rosdistro/install/share/unique_identifier_msgs/environment/pythonpath.dsv
[24.556s] -- Installing: /home/runner/work/pixi_rosdistro/pixi_rosdistro/install/lib/python3.12/site-packages/unique_identifier_msgs/unique_identifier_msgs_s__rosidl_typesupport_fastrtps_c.so
[24.556s] -- Installing: /home/runner/work/pixi_rosdistro/pixi_rosdistro/install/lib/python3.12/site-packages/unique_identifier_msgs/unique_identifier_msgs_s__rosidl_typesupport_introspection_c.so
[24.556s] -- Installing: /home/runner/work/pixi_rosdistro/pixi_rosdistro/install/lib/python3.12/site-packages/unique_identifier_msgs/unique_identifier_msgs_s__rosidl_typesupport_c.so
[24.559s] -- Installing: /home/runner/work/pixi_rosdistro/pixi_rosdistro/install/lib/libunique_identifier_msgs__rosidl_generator_py.so
[24.559s] -- Installing: /home/runner/work/pixi_rosdistro/pixi_rosdistro/install/share/ament_index/resource_index/rust_packages/unique_identifier_msgs
[24.559s] -- Installing: /home/runner/work/pixi_rosdistro/pixi_rosdistro/install/share/unique_identifier_msgs/rust
[24.559s] -- Installing: /home/runner/work/pixi_rosdistro/pixi_rosdistro/install/share/unique_identifier_msgs/rust/Cargo.toml
[24.559s] -- Installing: /home/runner/work/pixi_rosdistro/pixi_rosdistro/install/share/unique_identifier_msgs/rust/build.rs
[24.560s] -- Installing: /home/runner/work/pixi_rosdistro/pixi_rosdistro/install/share/unique_identifier_msgs/rust/src
[24.560s] -- Installing: /home/runner/work/pixi_rosdistro/pixi_rosdistro/install/share/unique_identifier_msgs/rust/src/msg.rs
[24.560s] -- Installing: /home/runner/work/pixi_rosdistro/pixi_rosdistro/install/share/unique_identifier_msgs/rust/src/msg
[24.560s] -- Installing: /home/runner/work/pixi_rosdistro/pixi_rosdistro/install/share/unique_identifier_msgs/rust/src/msg/rmw.rs
[24.560s] -- Installing: /home/runner/work/pixi_rosdistro/pixi_rosdistro/install/share/unique_identifier_msgs/rust/src/lib.rs
[24.560s] -- Installing: /home/runner/work/pixi_rosdistro/pixi_rosdistro/install/share/unique_identifier_msgs/msg/UUID.idl
[24.560s] -- Installing: /home/runner/work/pixi_rosdistro/pixi_rosdistro/install/share/unique_identifier_msgs/msg/UUID.msg
[24.560s] -- Installing: /home/runner/work/pixi_rosdistro/pixi_rosdistro/install/share/ament_index/resource_index/package_run_dependencies/unique_identifier_msgs
[24.560s] -- Installing: /home/runner/work/pixi_rosdistro/pixi_rosdistro/install/share/ament_index/resource_index/parent_prefix_path/unique_identifier_msgs
[24.560s] -- Installing: /home/runner/work/pixi_rosdistro/pixi_rosdistro/install/share/unique_identifier_msgs/environment/ament_prefix_path.sh
[24.560s] -- Installing: /home/runner/work/pixi_rosdistro/pixi_rosdistro/install/share/unique_identifier_msgs/environment/ament_prefix_path.dsv
[24.560s] -- Installing: /home/runner/work/pixi_rosdistro/pixi_rosdistro/install/share/unique_identifier_msgs/environment/path.sh
[24.560s] -- Installing: /home/runner/work/pixi_rosdistro/pixi_rosdistro/install/share/unique_identifier_msgs/environment/path.dsv
[24.561s] -- Installing: /home/runner/work/pixi_rosdistro/pixi_rosdistro/install/share/unique_identifier_msgs/local_setup.bash
[24.561s] -- Installing: /home/runner/work/pixi_rosdistro/pixi_rosdistro/install/share/unique_identifier_msgs/local_setup.fish
[24.566s] -- Installing: /home/runner/work/pixi_rosdistro/pixi_rosdistro/install/share/unique_identifier_msgs/local_setup.sh
[24.566s] -- Installing: /home/runner/work/pixi_rosdistro/pixi_rosdistro/install/share/unique_identifier_msgs/local_setup.zsh
[24.566s] -- Installing: /home/runner/work/pixi_rosdistro/pixi_rosdistro/install/share/unique_identifier_msgs/local_setup.dsv
[24.566s] -- Installing: /home/runner/work/pixi_rosdistro/pixi_rosdistro/install/share/unique_identifier_msgs/package.dsv
[24.566s] -- Installing: /home/runner/work/pixi_rosdistro/pixi_rosdistro/install/share/ament_index/resource_index/packages/unique_identifier_msgs
[24.567s] -- Installing: /home/runner/work/pixi_rosdistro/pixi_rosdistro/install/share/unique_identifier_msgs/cmake/export_unique_identifier_msgs__rosidl_generator_cExport.cmake
[24.567s] -- Installing: /home/runner/work/pixi_rosdistro/pixi_rosdistro/install/share/unique_identifier_msgs/cmake/export_unique_identifier_msgs__rosidl_generator_cExport-release.cmake
[24.567s] -- Installing: /home/runner/work/pixi_rosdistro/pixi_rosdistro/install/share/unique_identifier_msgs/cmake/export_unique_identifier_msgs__rosidl_typesupport_fastrtps_cExport.cmake
[24.567s] -- Installing: /home/runner/work/pixi_rosdistro/pixi_rosdistro/install/share/unique_identifier_msgs/cmake/export_unique_identifier_msgs__rosidl_typesupport_fastrtps_cExport-release.cmake
[24.567s] -- Installing: /home/runner/work/pixi_rosdistro/pixi_rosdistro/install/share/unique_identifier_msgs/cmake/unique_identifier_msgs__rosidl_typesupport_introspection_cExport.cmake
[24.567s] -- Installing: /home/runner/work/pixi_rosdistro/pixi_rosdistro/install/share/unique_identifier_msgs/cmake/unique_identifier_msgs__rosidl_typesupport_introspection_cExport-release.cmake
[24.567s] -- Installing: /home/runner/work/pixi_rosdistro/pixi_rosdistro/install/share/unique_identifier_msgs/cmake/unique_identifier_msgs__rosidl_typesupport_cExport.cmake
[24.567s] -- Installing: /home/runner/work/pixi_rosdistro/pixi_rosdistro/install/share/unique_identifier_msgs/cmake/unique_identifier_msgs__rosidl_typesupport_cExport-release.cmake
[24.567s] -- Installing: /home/runner/work/pixi_rosdistro/pixi_rosdistro/install/share/unique_identifier_msgs/cmake/export_unique_identifier_msgs__rosidl_generator_cppExport.cmake
[24.567s] -- Installing: /home/runner/work/pixi_rosdistro/pixi_rosdistro/install/share/unique_identifier_msgs/cmake/export_unique_identifier_msgs__rosidl_typesupport_fastrtps_cppExport.cmake
[24.567s] -- Installing: /home/runner/work/pixi_rosdistro/pixi_rosdistro/install/share/unique_identifier_msgs/cmake/export_unique_identifier_msgs__rosidl_typesupport_fastrtps_cppExport-release.cmake
[24.567s] -- Installing: /home/runner/work/pixi_rosdistro/pixi_rosdistro/install/share/unique_identifier_msgs/cmake/unique_identifier_msgs__rosidl_typesupport_introspection_cppExport.cmake
[24.567s] -- Installing: /home/runner/work/pixi_rosdistro/pixi_rosdistro/install/share/unique_identifier_msgs/cmake/unique_identifier_msgs__rosidl_typesupport_introspection_cppExport-release.cmake
[24.568s] -- Installing: /home/runner/work/pixi_rosdistro/pixi_rosdistro/install/share/unique_identifier_msgs/cmake/unique_identifier_msgs__rosidl_typesupport_cppExport.cmake
[24.568s] -- Installing: /home/runner/work/pixi_rosdistro/pixi_rosdistro/install/share/unique_identifier_msgs/cmake/unique_identifier_msgs__rosidl_typesupport_cppExport-release.cmake
[24.568s] -- Installing: /home/runner/work/pixi_rosdistro/pixi_rosdistro/install/share/unique_identifier_msgs/cmake/export_unique_identifier_msgs__rosidl_generator_pyExport.cmake
[24.570s] -- Installing: /home/runner/work/pixi_rosdistro/pixi_rosdistro/install/share/unique_identifier_msgs/cmake/export_unique_identifier_msgs__rosidl_generator_pyExport-release.cmake
[24.570s] -- Installing: /home/runner/work/pixi_rosdistro/pixi_rosdistro/install/lib/python3.12/site-packages/unique_identifier_msgs-2.8.1-py3.12.egg-info
[24.570s] -- Installing: /home/runner/work/pixi_rosdistro/pixi_rosdistro/install/lib/python3.12/site-packages/unique_identifier_msgs-2.8.1-py3.12.egg-info/dependency_links.txt
[24.570s] -- Installing: /home/runner/work/pixi_rosdistro/pixi_rosdistro/install/lib/python3.12/site-packages/unique_identifier_msgs-2.8.1-py3.12.egg-info/top_level.txt
[24.570s] -- Installing: /home/runner/work/pixi_rosdistro/pixi_rosdistro/install/lib/python3.12/site-packages/unique_identifier_msgs-2.8.1-py3.12.egg-info/PKG-INFO
[24.570s] -- Installing: /home/runner/work/pixi_rosdistro/pixi_rosdistro/install/lib/python3.12/site-packages/unique_identifier_msgs-2.8.1-py3.12.egg-info/SOURCES.txt
[24.571s] -- Up-to-date: /home/runner/work/pixi_rosdistro/pixi_rosdistro/install/lib/python3.12/site-packages/unique_identifier_msgs
[24.571s] -- Installing: /home/runner/work/pixi_rosdistro/pixi_rosdistro/install/lib/python3.12/site-packages/unique_identifier_msgs/__init__.py
[24.571s] -- Installing: /home/runner/work/pixi_rosdistro/pixi_rosdistro/install/lib/python3.12/site-packages/unique_identifier_msgs/_unique_identifier_msgs_s.ep.rosidl_typesupport_introspection_c.c
[24.571s] -- Up-to-date: /home/runner/work/pixi_rosdistro/pixi_rosdistro/install/lib/python3.12/site-packages/unique_identifier_msgs/unique_identifier_msgs_s__rosidl_typesupport_c.so
[24.571s] -- Up-to-date: /home/runner/work/pixi_rosdistro/pixi_rosdistro/install/lib/python3.12/site-packages/unique_identifier_msgs/unique_identifier_msgs_s__rosidl_typesupport_introspection_c.so
[24.571s] -- Installing: /home/runner/work/pixi_rosdistro/pixi_rosdistro/install/lib/python3.12/site-packages/unique_identifier_msgs/_unique_identifier_msgs_s.ep.rosidl_typesupport_c.c
[24.571s] -- Installing: /home/runner/work/pixi_rosdistro/pixi_rosdistro/install/lib/python3.12/site-packages/unique_identifier_msgs/msg
[24.571s] -- Installing: /home/runner/work/pixi_rosdistro/pixi_rosdistro/install/lib/python3.12/site-packages/unique_identifier_msgs/msg/_uuid.py
[24.571s] -- Installing: /home/runner/work/pixi_rosdistro/pixi_rosdistro/install/lib/python3.12/site-packages/unique_identifier_msgs/msg/__init__.py
[24.571s] -- Installing: /home/runner/work/pixi_rosdistro/pixi_rosdistro/install/lib/python3.12/site-packages/unique_identifier_msgs/msg/_uuid_s.c
[24.571s] -- Installing: /home/runner/work/pixi_rosdistro/pixi_rosdistro/install/lib/python3.12/site-packages/unique_identifier_msgs/py.typed
[24.571s] -- Up-to-date: /home/runner/work/pixi_rosdistro/pixi_rosdistro/install/lib/python3.12/site-packages/unique_identifier_msgs/unique_identifier_msgs_s__rosidl_typesupport_fastrtps_c.so
[24.571s] -- Installing: /home/runner/work/pixi_rosdistro/pixi_rosdistro/install/lib/python3.12/site-packages/unique_identifier_msgs/_unique_identifier_msgs_s.ep.rosidl_typesupport_fastrtps_c.c
[24.678s] Listing '/home/runner/work/pixi_rosdistro/pixi_rosdistro/install/lib/python3.12/site-packages/unique_identifier_msgs'...
[24.678s] Compiling '/home/runner/work/pixi_rosdistro/pixi_rosdistro/install/lib/python3.12/site-packages/unique_identifier_msgs/__init__.py'...
[24.678s] Listing '/home/runner/work/pixi_rosdistro/pixi_rosdistro/install/lib/python3.12/site-packages/unique_identifier_msgs/msg'...
[24.678s] Compiling '/home/runner/work/pixi_rosdistro/pixi_rosdistro/install/lib/python3.12/site-packages/unique_identifier_msgs/msg/__init__.py'...
[24.678s] Compiling '/home/runner/work/pixi_rosdistro/pixi_rosdistro/install/lib/python3.12/site-packages/unique_identifier_msgs/msg/_uuid.py'...
[24.696s] -- Installing: /home/runner/work/pixi_rosdistro/pixi_rosdistro/install/share/unique_identifier_msgs/cmake/rosidl_cmake-extras.cmake
[24.696s] -- Installing: /home/runner/work/pixi_rosdistro/pixi_rosdistro/install/share/unique_identifier_msgs/cmake/ament_cmake_export_include_directories-extras.cmake
[24.697s] -- Installing: /home/runner/work/pixi_rosdistro/pixi_rosdistro/install/share/unique_identifier_msgs/cmake/ament_cmake_export_libraries-extras.cmake
[24.699s] -- Installing: /home/runner/work/pixi_rosdistro/pixi_rosdistro/install/share/unique_identifier_msgs/cmake/ament_cmake_export_targets-extras.cmake
[24.699s] -- Installing: /home/runner/work/pixi_rosdistro/pixi_rosdistro/install/share/unique_identifier_msgs/cmake/rosidl_cmake_export_typesupport_targets-extras.cmake
[24.699s] -- Installing: /home/runner/work/pixi_rosdistro/pixi_rosdistro/install/share/unique_identifier_msgs/cmake/ament_cmake_export_dependencies-extras.cmake
[24.699s] -- Installing: /home/runner/work/pixi_rosdistro/pixi_rosdistro/install/share/unique_identifier_msgs/cmake/rosidl_cmake_export_typesupport_libraries-extras.cmake
[24.700s] -- Installing: /home/runner/work/pixi_rosdistro/pixi_rosdistro/install/share/unique_identifier_msgs/cmake/rosidl_cmake_aggregate_target-extras.cmake
[24.700s] -- Installing: /home/runner/work/pixi_rosdistro/pixi_rosdistro/install/share/unique_identifier_msgs/cmake/unique_identifier_msgsConfig.cmake
[24.700s] -- Installing: /home/runner/work/pixi_rosdistro/pixi_rosdistro/install/share/unique_identifier_msgs/cmake/unique_identifier_msgsConfig-version.cmake
[24.700s] -- Installing: /home/runner/work/pixi_rosdistro/pixi_rosdistro/install/share/unique_identifier_msgs/package.xml
[24.700s] -- Installing: /home/runner/work/pixi_rosdistro/pixi_rosdistro/install/share/unique_identifier_msgs/mapping_rules.yaml
[24.705s] Invoked command in '/home/runner/work/pixi_rosdistro/pixi_rosdistro/build/unique_identifier_msgs' returned '0': AMENT_PREFIX_PATH=/home/runner/work/pixi_rosdistro/pixi_rosdistro/install CMAKE_PREFIX_PATH=/home/runner/work/pixi_rosdistro/pixi_rosdistro/install:${CMAKE_PREFIX_PATH} LD_LIBRARY_PATH=/home/runner/work/pixi_rosdistro/pixi_rosdistro/install/lib PATH=/home/runner/work/pixi_rosdistro/pixi_rosdistro/install/bin:/opt/microsoft/powershell/7:${PATH} PIXI_PROMPT=(ros2_rolling) PKG_CONFIG_PATH=/home/runner/work/pixi_rosdistro/pixi_rosdistro/install/lib/pkgconfig PSModulePath=/home/runner/.local/share/powershell/Modules:${PSModulePath} PYTHONPATH=/home/runner/work/pixi_rosdistro/pixi_rosdistro/install/lib/python3.12/site-packages /home/runner/work/pixi_rosdistro/pixi_rosdistro/.pixi/envs/default/bin/cmake --install /home/runner/work/pixi_rosdistro/pixi_rosdistro/build/unique_identifier_msgs
