Not searching for unused variables given on the command line.
-- The C compiler identification is GNU 14.3.0
-- The CXX compiler identification is GNU 14.3.0
-- Detecting C compiler ABI info
-- Detecting C compiler ABI info - done
-- Check for working C compiler: /home/runner/work/pixi_rosdistro/pixi_rosdistro/.pixi/envs/default/bin/x86_64-conda-linux-gnu-cc - skipped
-- Detecting C compile features
-- Detecting C compile features - done
-- Detecting CXX compiler ABI info
-- Detecting CXX compiler ABI info - done
-- Check for working CXX compiler: /home/runner/work/pixi_rosdistro/pixi_rosdistro/.pixi/envs/default/bin/x86_64-conda-linux-gnu-c++ - skipped
-- Detecting CXX compile features
-- Detecting CXX compile features - done
-- Found ament_cmake: 2.8.6 (/home/runner/work/pixi_rosdistro/pixi_rosdistro/install/share/ament_cmake/cmake)
-- Found rclcpp: 31.0.1 (/home/runner/work/pixi_rosdistro/pixi_rosdistro/install/share/rclcpp/cmake)
-- Found rosidl_generator_c: 5.1.3 (/home/runner/work/pixi_rosdistro/pixi_rosdistro/install/share/rosidl_generator_c/cmake)
-- Found rosidl_generator_cpp: 5.1.3 (/home/runner/work/pixi_rosdistro/pixi_rosdistro/install/share/rosidl_generator_cpp/cmake)
-- Using all available rosidl_typesupport_c: rosidl_typesupport_fastrtps_c;rosidl_typesupport_introspection_c
-- Using all available rosidl_typesupport_cpp: rosidl_typesupport_fastrtps_cpp;rosidl_typesupport_introspection_cpp
-- Found rmw_implementation_cmake: 7.9.1 (/home/runner/work/pixi_rosdistro/pixi_rosdistro/install/share/rmw_implementation_cmake/cmake)
-- Found rmw_fastrtps_cpp: 9.4.5 (/home/runner/work/pixi_rosdistro/pixi_rosdistro/install/share/rmw_fastrtps_cpp/cmake)
-- Using RMW implementation 'rmw_fastrtps_cpp' as default
-- Found std_msgs: 5.9.1 (/home/runner/work/pixi_rosdistro/pixi_rosdistro/install/share/std_msgs/cmake)
-- Found ament_lint_auto: 0.20.3 (/home/runner/work/pixi_rosdistro/pixi_rosdistro/install/share/ament_lint_auto/cmake)
-- Added test 'copyright' to check source files copyright and LICENSE
-- Added test 'cppcheck' to perform static code analysis on C / C++ code
-- Configured cppcheck include dirs: 
-- Configured cppcheck exclude dirs and/or files: 
-- Added test 'cpplint' to check C / C++ code against the Google style
-- Configured cpplint exclude dirs and/or files: 
-- Added test 'lint_cmake' to check CMake code style
-- Added test 'uncrustify' to check C / C++ code style
-- Configured uncrustify additional arguments: 
-- Added test 'xmllint' to check XML markup files
-- Configuring done (1.5s)
-- Generating done (0.1s)
-- Build files have been written to: /home/runner/work/pixi_rosdistro/pixi_rosdistro/build/examples_rclcpp_minimal_publisher
[1/12] Building CXX object CMakeFiles/publisher_lambda.dir/lambda.cpp.o
[2/12] Building CXX object CMakeFiles/publisher_member_function.dir/member_function.cpp.o
[3/12] Building CXX object CMakeFiles/publisher_member_function_with_type_adapter.dir/member_function_with_type_adapter.cpp.o
[4/12] Building CXX object CMakeFiles/publisher_member_function_with_unique_network_flow_endpoints.dir/member_function_with_unique_network_flow_endpoints.cpp.o
[5/12] Building CXX object CMakeFiles/publisher_wait_for_all_acked.dir/member_function_with_wait_for_all_acked.cpp.o
[6/12] Building CXX object CMakeFiles/publisher_not_composable.dir/not_composable.cpp.o
[7/12] Linking CXX executable publisher_lambda
[8/12] Linking CXX executable publisher_member_function
[9/12] Linking CXX executable publisher_member_function_with_type_adapter
[10/12] Linking CXX executable publisher_member_function_with_unique_network_flow_endpoints
[11/12] Linking CXX executable publisher_wait_for_all_acked
[12/12] Linking CXX executable publisher_not_composable
-- Install configuration: "Release"
-- Installing: /home/runner/work/pixi_rosdistro/pixi_rosdistro/install/lib/examples_rclcpp_minimal_publisher/publisher_lambda
-- Installing: /home/runner/work/pixi_rosdistro/pixi_rosdistro/install/lib/examples_rclcpp_minimal_publisher/publisher_member_function
-- Installing: /home/runner/work/pixi_rosdistro/pixi_rosdistro/install/lib/examples_rclcpp_minimal_publisher/publisher_member_function_with_type_adapter
-- Installing: /home/runner/work/pixi_rosdistro/pixi_rosdistro/install/lib/examples_rclcpp_minimal_publisher/publisher_member_function_with_unique_network_flow_endpoints
-- Installing: /home/runner/work/pixi_rosdistro/pixi_rosdistro/install/lib/examples_rclcpp_minimal_publisher/publisher_wait_for_all_acked
-- Installing: /home/runner/work/pixi_rosdistro/pixi_rosdistro/install/lib/examples_rclcpp_minimal_publisher/publisher_not_composable
-- Installing: /home/runner/work/pixi_rosdistro/pixi_rosdistro/install/share/ament_index/resource_index/package_run_dependencies/examples_rclcpp_minimal_publisher
-- Installing: /home/runner/work/pixi_rosdistro/pixi_rosdistro/install/share/ament_index/resource_index/parent_prefix_path/examples_rclcpp_minimal_publisher
-- Installing: /home/runner/work/pixi_rosdistro/pixi_rosdistro/install/share/examples_rclcpp_minimal_publisher/environment/ament_prefix_path.sh
-- Installing: /home/runner/work/pixi_rosdistro/pixi_rosdistro/install/share/examples_rclcpp_minimal_publisher/environment/ament_prefix_path.dsv
-- Installing: /home/runner/work/pixi_rosdistro/pixi_rosdistro/install/share/examples_rclcpp_minimal_publisher/environment/path.sh
-- Installing: /home/runner/work/pixi_rosdistro/pixi_rosdistro/install/share/examples_rclcpp_minimal_publisher/environment/path.dsv
-- Installing: /home/runner/work/pixi_rosdistro/pixi_rosdistro/install/share/examples_rclcpp_minimal_publisher/local_setup.bash
-- Installing: /home/runner/work/pixi_rosdistro/pixi_rosdistro/install/share/examples_rclcpp_minimal_publisher/local_setup.fish
-- Installing: /home/runner/work/pixi_rosdistro/pixi_rosdistro/install/share/examples_rclcpp_minimal_publisher/local_setup.sh
-- Installing: /home/runner/work/pixi_rosdistro/pixi_rosdistro/install/share/examples_rclcpp_minimal_publisher/local_setup.zsh
-- Installing: /home/runner/work/pixi_rosdistro/pixi_rosdistro/install/share/examples_rclcpp_minimal_publisher/local_setup.dsv
-- Installing: /home/runner/work/pixi_rosdistro/pixi_rosdistro/install/share/examples_rclcpp_minimal_publisher/package.dsv
-- Installing: /home/runner/work/pixi_rosdistro/pixi_rosdistro/install/share/ament_index/resource_index/packages/examples_rclcpp_minimal_publisher
-- Installing: /home/runner/work/pixi_rosdistro/pixi_rosdistro/install/share/examples_rclcpp_minimal_publisher/cmake/examples_rclcpp_minimal_publisherConfig.cmake
-- Installing: /home/runner/work/pixi_rosdistro/pixi_rosdistro/install/share/examples_rclcpp_minimal_publisher/cmake/examples_rclcpp_minimal_publisherConfig-version.cmake
-- Installing: /home/runner/work/pixi_rosdistro/pixi_rosdistro/install/share/examples_rclcpp_minimal_publisher/package.xml
