[0.935s] Invoking command in '/Users/runner/work/pixi_rosdistro/pixi_rosdistro/build/rosidl_typesupport_introspection_c': AMENT_PREFIX_PATH=/Users/runner/work/pixi_rosdistro/pixi_rosdistro/install CMAKE_PREFIX_PATH=/Users/runner/work/pixi_rosdistro/pixi_rosdistro/install DYLD_LIBRARY_PATH=/Users/runner/work/pixi_rosdistro/pixi_rosdistro/install/lib:/Users/runner/work/pixi_rosdistro/pixi_rosdistro/install/opt/mimick_vendor/lib PATH=/Users/runner/work/pixi_rosdistro/pixi_rosdistro/install/bin:${PATH} PIXI_PROMPT=(ros2_rolling) PKG_CONFIG_PATH=/Users/runner/work/pixi_rosdistro/pixi_rosdistro/install/lib/pkgconfig PYTHONPATH=/Users/runner/work/pixi_rosdistro/pixi_rosdistro/install/lib/python3.12/site-packages SHLVL=3 _=/usr/bin/env /Users/runner/work/pixi_rosdistro/pixi_rosdistro/.pixi/envs/default/bin/cmake /Users/runner/work/pixi_rosdistro/pixi_rosdistro/src/ros2/rosidl/rosidl_typesupport_introspection_c -GNinja --no-warn-unused-cli -DCMAKE_BUILD_TYPE=Release -DCMAKE_BUILD_WITH_INSTALL_RPATH:bool=TRUE -DCMAKE_POLICY_VERSION_MINIMUM=3.5 -Wno-deprecated -DSTACK_DETAILS_AUTO_DETECT:bool=FALSE -DSTACK_DETAILS_BFD:bool=FALSE -DCMAKE_INSTALL_PREFIX=/Users/runner/work/pixi_rosdistro/pixi_rosdistro/install
[1.203s] Not searching for unused variables given on the command line.
[1.203s] -- The C compiler identification is AppleClang 17.0.0.17000013
[1.301s] -- Detecting C compiler ABI info
[1.780s] -- Detecting C compiler ABI info - done
[1.890s] -- Check for working C compiler: /usr/bin/cc - skipped
[1.890s] -- Detecting C compile features
[1.890s] -- Detecting C compile features - done
[1.891s] -- Found ament_cmake: 2.8.6 (/Users/runner/work/pixi_rosdistro/pixi_rosdistro/install/share/ament_cmake/cmake)
[2.371s] -- Found ament_cmake_ros_core: 0.15.6 (/Users/runner/work/pixi_rosdistro/pixi_rosdistro/install/share/ament_cmake_ros_core/cmake)
[2.541s] -- Found ament_lint_auto: 0.20.3 (/Users/runner/work/pixi_rosdistro/pixi_rosdistro/install/share/ament_lint_auto/cmake)
[2.806s] -- Added test 'copyright' to check source files copyright and LICENSE
[2.812s] -- Added test 'cppcheck' to perform static code analysis on C / C++ code
[2.812s] -- Configured cppcheck include dirs: $<BUILD_INTERFACE:/Users/runner/work/pixi_rosdistro/pixi_rosdistro/src/ros2/rosidl/rosidl_typesupport_introspection_c/include>
[2.812s] -- Configured cppcheck exclude dirs and/or files: 
[2.816s] -- Added test 'cpplint' to check C / C++ code against the Google style
[2.816s] -- Configured cpplint exclude dirs and/or files: 
[2.817s] -- Added test 'flake8' to check Python code syntax and style conventions
[2.817s] -- Configured 'flake8' exclude dirs and/or files: 
[2.820s] -- Added test 'lint_cmake' to check CMake code style
[2.823s] -- Added test 'pep257' to check Python code against some of the docstring style conventions in PEP 257
[2.826s] -- Added test 'uncrustify' to check C / C++ code style
[2.826s] -- Configured uncrustify additional arguments: 
[2.827s] -- Added test 'xmllint' to check XML markup files
[2.836s] -- Configuring done (1.9s)
[2.887s] -- Generating done (0.0s)
[2.903s] -- Build files have been written to: /Users/runner/work/pixi_rosdistro/pixi_rosdistro/build/rosidl_typesupport_introspection_c
[2.908s] Invoked command in '/Users/runner/work/pixi_rosdistro/pixi_rosdistro/build/rosidl_typesupport_introspection_c' returned '0': AMENT_PREFIX_PATH=/Users/runner/work/pixi_rosdistro/pixi_rosdistro/install CMAKE_PREFIX_PATH=/Users/runner/work/pixi_rosdistro/pixi_rosdistro/install DYLD_LIBRARY_PATH=/Users/runner/work/pixi_rosdistro/pixi_rosdistro/install/lib:/Users/runner/work/pixi_rosdistro/pixi_rosdistro/install/opt/mimick_vendor/lib PATH=/Users/runner/work/pixi_rosdistro/pixi_rosdistro/install/bin:${PATH} PIXI_PROMPT=(ros2_rolling) PKG_CONFIG_PATH=/Users/runner/work/pixi_rosdistro/pixi_rosdistro/install/lib/pkgconfig PYTHONPATH=/Users/runner/work/pixi_rosdistro/pixi_rosdistro/install/lib/python3.12/site-packages ROS_DOMAIN_ID=113 SHLVL=3 _=/usr/bin/env /Users/runner/work/pixi_rosdistro/pixi_rosdistro/.pixi/envs/default/bin/cmake /Users/runner/work/pixi_rosdistro/pixi_rosdistro/src/ros2/rosidl/rosidl_typesupport_introspection_c -GNinja --no-warn-unused-cli -DCMAKE_BUILD_TYPE=Release -DCMAKE_BUILD_WITH_INSTALL_RPATH:bool=TRUE -DCMAKE_POLICY_VERSION_MINIMUM=3.5 -Wno-deprecated -DSTACK_DETAILS_AUTO_DETECT:bool=FALSE -DSTACK_DETAILS_BFD:bool=FALSE -DCMAKE_INSTALL_PREFIX=/Users/runner/work/pixi_rosdistro/pixi_rosdistro/install
[2.909s] Invoking command in '/Users/runner/work/pixi_rosdistro/pixi_rosdistro/build/rosidl_typesupport_introspection_c': AMENT_PREFIX_PATH=/Users/runner/work/pixi_rosdistro/pixi_rosdistro/install CMAKE_PREFIX_PATH=/Users/runner/work/pixi_rosdistro/pixi_rosdistro/install DYLD_LIBRARY_PATH=/Users/runner/work/pixi_rosdistro/pixi_rosdistro/install/lib:/Users/runner/work/pixi_rosdistro/pixi_rosdistro/install/opt/mimick_vendor/lib PATH=/Users/runner/work/pixi_rosdistro/pixi_rosdistro/install/bin:${PATH} PIXI_PROMPT=(ros2_rolling) PKG_CONFIG_PATH=/Users/runner/work/pixi_rosdistro/pixi_rosdistro/install/lib/pkgconfig PYTHONPATH=/Users/runner/work/pixi_rosdistro/pixi_rosdistro/install/lib/python3.12/site-packages ROS_DOMAIN_ID=113 SHLVL=3 _=/usr/bin/env /Users/runner/work/pixi_rosdistro/pixi_rosdistro/.pixi/envs/default/bin/cmake --build /Users/runner/work/pixi_rosdistro/pixi_rosdistro/build/rosidl_typesupport_introspection_c -- -j3 -l3
[3.188s] [1/4] Building C object CMakeFiles/rosidl_typesupport_introspection_c.dir/src/identifier.c.o
[3.263s] [2/4] cd /Users/runner/work/pixi_rosdistro/pixi_rosdistro/build/rosidl_typesupport_introspection_c && /Users/runner/work/pixi_rosdistro/pixi_rosdistro/.pixi/envs/default/bin/cmake -E copy_directory /Users/runner/work/pixi_rosdistro/pixi_rosdistro/src/ros2/rosidl/rosidl_typesupport_introspection_c/rosidl_typesupport_introspection_c /Users/runner/work/pixi_rosdistro/pixi_rosdistro/build/rosidl_typesupport_introspection_c/ament_cmake_python/rosidl_typesupport_introspection_c/rosidl_typesupport_introspection_c && /Users/runner/work/pixi_rosdistro/pixi_rosdistro/.pixi/envs/default/bin/cmake -E copy_if_different /Users/runner/work/pixi_rosdistro/pixi_rosdistro/src/ros2/rosidl/rosidl_typesupport_introspection_c/setup.cfg /Users/runner/work/pixi_rosdistro/pixi_rosdistro/build/rosidl_typesupport_introspection_c/ament_cmake_python/rosidl_typesupport_introspection_c/setup.cfg
[3.369s] [3/4] Linking C shared library librosidl_typesupport_introspection_c.dylib
[3.918s] [4/4] cd /Users/runner/work/pixi_rosdistro/pixi_rosdistro/build/rosidl_typesupport_introspection_c/ament_cmake_python/rosidl_typesupport_introspection_c && /Users/runner/work/pixi_rosdistro/pixi_rosdistro/.pixi/envs/default/bin/python3 setup.py egg_info
[3.918s] running egg_info
[3.918s] creating rosidl_typesupport_introspection_c.egg-info
[3.918s] writing rosidl_typesupport_introspection_c.egg-info/PKG-INFO
[3.918s] writing dependency_links to rosidl_typesupport_introspection_c.egg-info/dependency_links.txt
[3.918s] writing entry points to rosidl_typesupport_introspection_c.egg-info/entry_points.txt
[3.918s] writing top-level names to rosidl_typesupport_introspection_c.egg-info/top_level.txt
[3.919s] writing manifest file 'rosidl_typesupport_introspection_c.egg-info/SOURCES.txt'
[3.919s] reading manifest file 'rosidl_typesupport_introspection_c.egg-info/SOURCES.txt'
[3.919s] writing manifest file 'rosidl_typesupport_introspection_c.egg-info/SOURCES.txt'
[3.925s] Invoked command in '/Users/runner/work/pixi_rosdistro/pixi_rosdistro/build/rosidl_typesupport_introspection_c' returned '0': AMENT_PREFIX_PATH=/Users/runner/work/pixi_rosdistro/pixi_rosdistro/install CMAKE_PREFIX_PATH=/Users/runner/work/pixi_rosdistro/pixi_rosdistro/install DYLD_LIBRARY_PATH=/Users/runner/work/pixi_rosdistro/pixi_rosdistro/install/lib:/Users/runner/work/pixi_rosdistro/pixi_rosdistro/install/opt/mimick_vendor/lib PATH=/Users/runner/work/pixi_rosdistro/pixi_rosdistro/install/bin:${PATH} PIXI_PROMPT=(ros2_rolling) PKG_CONFIG_PATH=/Users/runner/work/pixi_rosdistro/pixi_rosdistro/install/lib/pkgconfig PYTHONPATH=/Users/runner/work/pixi_rosdistro/pixi_rosdistro/install/lib/python3.12/site-packages ROS_DOMAIN_ID=113 SHLVL=3 _=/usr/bin/env /Users/runner/work/pixi_rosdistro/pixi_rosdistro/.pixi/envs/default/bin/cmake --build /Users/runner/work/pixi_rosdistro/pixi_rosdistro/build/rosidl_typesupport_introspection_c -- -j3 -l3
[3.927s] Invoking command in '/Users/runner/work/pixi_rosdistro/pixi_rosdistro/build/rosidl_typesupport_introspection_c': AMENT_PREFIX_PATH=/Users/runner/work/pixi_rosdistro/pixi_rosdistro/install CMAKE_PREFIX_PATH=/Users/runner/work/pixi_rosdistro/pixi_rosdistro/install DYLD_LIBRARY_PATH=/Users/runner/work/pixi_rosdistro/pixi_rosdistro/install/lib:/Users/runner/work/pixi_rosdistro/pixi_rosdistro/install/opt/mimick_vendor/lib PATH=/Users/runner/work/pixi_rosdistro/pixi_rosdistro/install/bin:${PATH} PIXI_PROMPT=(ros2_rolling) PKG_CONFIG_PATH=/Users/runner/work/pixi_rosdistro/pixi_rosdistro/install/lib/pkgconfig PYTHONPATH=/Users/runner/work/pixi_rosdistro/pixi_rosdistro/install/lib/python3.12/site-packages ROS_DOMAIN_ID=113 SHLVL=3 _=/usr/bin/env /Users/runner/work/pixi_rosdistro/pixi_rosdistro/.pixi/envs/default/bin/cmake --install /Users/runner/work/pixi_rosdistro/pixi_rosdistro/build/rosidl_typesupport_introspection_c
[3.951s] -- Install configuration: "Release"
[3.952s] -- Installing: /Users/runner/work/pixi_rosdistro/pixi_rosdistro/install/share/rosidl_typesupport_introspection_c/environment/pythonpath.sh
[3.952s] -- Installing: /Users/runner/work/pixi_rosdistro/pixi_rosdistro/install/share/rosidl_typesupport_introspection_c/environment/pythonpath.dsv
[3.953s] -- Installing: /Users/runner/work/pixi_rosdistro/pixi_rosdistro/install/share/rosidl_typesupport_introspection_c/environment/library_path.sh
[3.954s] -- Installing: /Users/runner/work/pixi_rosdistro/pixi_rosdistro/install/share/rosidl_typesupport_introspection_c/environment/library_path.dsv
[3.954s] -- Installing: /Users/runner/work/pixi_rosdistro/pixi_rosdistro/install/share/ament_index/resource_index/rosidl_typesupport_c/rosidl_typesupport_introspection_c
[3.955s] -- Installing: /Users/runner/work/pixi_rosdistro/pixi_rosdistro/install/share/ament_index/resource_index/rosidl_runtime_packages/rosidl_typesupport_introspection_c
[3.956s] -- Installing: /Users/runner/work/pixi_rosdistro/pixi_rosdistro/install/share/ament_index/resource_index/package_run_dependencies/rosidl_typesupport_introspection_c
[3.957s] -- Installing: /Users/runner/work/pixi_rosdistro/pixi_rosdistro/install/share/ament_index/resource_index/parent_prefix_path/rosidl_typesupport_introspection_c
[3.958s] -- Installing: /Users/runner/work/pixi_rosdistro/pixi_rosdistro/install/share/rosidl_typesupport_introspection_c/environment/ament_prefix_path.sh
[3.959s] -- Installing: /Users/runner/work/pixi_rosdistro/pixi_rosdistro/install/share/rosidl_typesupport_introspection_c/environment/ament_prefix_path.dsv
[3.959s] -- Installing: /Users/runner/work/pixi_rosdistro/pixi_rosdistro/install/share/rosidl_typesupport_introspection_c/environment/path.sh
[3.959s] -- Installing: /Users/runner/work/pixi_rosdistro/pixi_rosdistro/install/share/rosidl_typesupport_introspection_c/environment/path.dsv
[3.960s] -- Installing: /Users/runner/work/pixi_rosdistro/pixi_rosdistro/install/share/rosidl_typesupport_introspection_c/local_setup.bash
[3.960s] -- Installing: /Users/runner/work/pixi_rosdistro/pixi_rosdistro/install/share/rosidl_typesupport_introspection_c/local_setup.fish
[3.960s] -- Installing: /Users/runner/work/pixi_rosdistro/pixi_rosdistro/install/share/rosidl_typesupport_introspection_c/local_setup.sh
[3.960s] -- Installing: /Users/runner/work/pixi_rosdistro/pixi_rosdistro/install/share/rosidl_typesupport_introspection_c/local_setup.zsh
[3.961s] -- Installing: /Users/runner/work/pixi_rosdistro/pixi_rosdistro/install/share/rosidl_typesupport_introspection_c/local_setup.dsv
[3.961s] -- Installing: /Users/runner/work/pixi_rosdistro/pixi_rosdistro/install/share/rosidl_typesupport_introspection_c/package.dsv
[3.961s] -- Installing: /Users/runner/work/pixi_rosdistro/pixi_rosdistro/install/share/ament_index/resource_index/packages/rosidl_typesupport_introspection_c
[3.962s] -- Installing: /Users/runner/work/pixi_rosdistro/pixi_rosdistro/install/lib/python3.12/site-packages/rosidl_typesupport_introspection_c-5.1.3-py3.12.egg-info
[3.962s] -- Installing: /Users/runner/work/pixi_rosdistro/pixi_rosdistro/install/lib/python3.12/site-packages/rosidl_typesupport_introspection_c-5.1.3-py3.12.egg-info/PKG-INFO
[3.962s] -- Installing: /Users/runner/work/pixi_rosdistro/pixi_rosdistro/install/lib/python3.12/site-packages/rosidl_typesupport_introspection_c-5.1.3-py3.12.egg-info/SOURCES.txt
[3.962s] -- Installing: /Users/runner/work/pixi_rosdistro/pixi_rosdistro/install/lib/python3.12/site-packages/rosidl_typesupport_introspection_c-5.1.3-py3.12.egg-info/entry_points.txt
[3.963s] -- Installing: /Users/runner/work/pixi_rosdistro/pixi_rosdistro/install/lib/python3.12/site-packages/rosidl_typesupport_introspection_c-5.1.3-py3.12.egg-info/top_level.txt
[3.963s] -- Installing: /Users/runner/work/pixi_rosdistro/pixi_rosdistro/install/lib/python3.12/site-packages/rosidl_typesupport_introspection_c-5.1.3-py3.12.egg-info/dependency_links.txt
[3.963s] -- Installing: /Users/runner/work/pixi_rosdistro/pixi_rosdistro/install/lib/python3.12/site-packages/rosidl_typesupport_introspection_c
[3.963s] -- Installing: /Users/runner/work/pixi_rosdistro/pixi_rosdistro/install/lib/python3.12/site-packages/rosidl_typesupport_introspection_c/__init__.py
[3.964s] -- Installing: /Users/runner/work/pixi_rosdistro/pixi_rosdistro/install/lib/python3.12/site-packages/rosidl_typesupport_introspection_c/cli.py
[3.964s] -- Installing: /Users/runner/work/pixi_rosdistro/pixi_rosdistro/install/lib/python3.12/site-packages/rosidl_typesupport_introspection_c/py.typed
[4.019s] Listing '/Users/runner/work/pixi_rosdistro/pixi_rosdistro/install/lib/python3.12/site-packages/rosidl_typesupport_introspection_c'...
[4.019s] Compiling '/Users/runner/work/pixi_rosdistro/pixi_rosdistro/install/lib/python3.12/site-packages/rosidl_typesupport_introspection_c/__init__.py'...
[4.019s] Compiling '/Users/runner/work/pixi_rosdistro/pixi_rosdistro/install/lib/python3.12/site-packages/rosidl_typesupport_introspection_c/cli.py'...
[4.029s] -- Installing: /Users/runner/work/pixi_rosdistro/pixi_rosdistro/install/share/rosidl_typesupport_introspection_c/cmake/rosidl_typesupport_introspection_cExport.cmake
[4.030s] -- Installing: /Users/runner/work/pixi_rosdistro/pixi_rosdistro/install/share/rosidl_typesupport_introspection_c/cmake/rosidl_typesupport_introspection_cExport-release.cmake
[4.031s] -- Installing: /Users/runner/work/pixi_rosdistro/pixi_rosdistro/install/share/rosidl_typesupport_introspection_c/cmake/rosidl_typesupport_introspection_c-extras.cmake
[4.031s] -- Installing: /Users/runner/work/pixi_rosdistro/pixi_rosdistro/install/share/rosidl_typesupport_introspection_c/cmake/ament_cmake_export_dependencies-extras.cmake
[4.035s] -- Installing: /Users/runner/work/pixi_rosdistro/pixi_rosdistro/install/share/rosidl_typesupport_introspection_c/cmake/ament_cmake_export_include_directories-extras.cmake
[4.037s] -- Installing: /Users/runner/work/pixi_rosdistro/pixi_rosdistro/install/share/rosidl_typesupport_introspection_c/cmake/ament_cmake_export_libraries-extras.cmake
[4.037s] -- Installing: /Users/runner/work/pixi_rosdistro/pixi_rosdistro/install/share/rosidl_typesupport_introspection_c/cmake/ament_cmake_export_targets-extras.cmake
[4.038s] -- Installing: /Users/runner/work/pixi_rosdistro/pixi_rosdistro/install/share/rosidl_typesupport_introspection_c/cmake/rosidl_typesupport_introspection_cConfig.cmake
[4.038s] -- Installing: /Users/runner/work/pixi_rosdistro/pixi_rosdistro/install/share/rosidl_typesupport_introspection_c/cmake/rosidl_typesupport_introspection_cConfig-version.cmake
[4.038s] -- Installing: /Users/runner/work/pixi_rosdistro/pixi_rosdistro/install/share/rosidl_typesupport_introspection_c/package.xml
[4.038s] -- Installing: /Users/runner/work/pixi_rosdistro/pixi_rosdistro/install/lib/rosidl_typesupport_introspection_c/rosidl_typesupport_introspection_c
[4.038s] -- Up-to-date: /Users/runner/work/pixi_rosdistro/pixi_rosdistro/install/share/rosidl_typesupport_introspection_c/cmake
[4.038s] -- Installing: /Users/runner/work/pixi_rosdistro/pixi_rosdistro/install/share/rosidl_typesupport_introspection_c/cmake/rosidl_typesupport_introspection_c_generate_interfaces.cmake
[4.038s] -- Installing: /Users/runner/work/pixi_rosdistro/pixi_rosdistro/install/share/rosidl_typesupport_introspection_c/resource
[4.038s] -- Installing: /Users/runner/work/pixi_rosdistro/pixi_rosdistro/install/share/rosidl_typesupport_introspection_c/resource/srv__rosidl_typesupport_introspection_c.h.em
[4.038s] -- Installing: /Users/runner/work/pixi_rosdistro/pixi_rosdistro/install/share/rosidl_typesupport_introspection_c/resource/msg__rosidl_typesupport_introspection_c.h.em
[4.038s] -- Installing: /Users/runner/work/pixi_rosdistro/pixi_rosdistro/install/share/rosidl_typesupport_introspection_c/resource/idl__type_support.c.em
[4.038s] -- Installing: /Users/runner/work/pixi_rosdistro/pixi_rosdistro/install/share/rosidl_typesupport_introspection_c/resource/msg__type_support.c.em
[4.039s] -- Installing: /Users/runner/work/pixi_rosdistro/pixi_rosdistro/install/share/rosidl_typesupport_introspection_c/resource/rosidl_typesupport_introspection_c__visibility_control.h.in
[4.040s] -- Installing: /Users/runner/work/pixi_rosdistro/pixi_rosdistro/install/share/rosidl_typesupport_introspection_c/resource/idl__rosidl_typesupport_introspection_c.h.em
[4.040s] -- Installing: /Users/runner/work/pixi_rosdistro/pixi_rosdistro/install/share/rosidl_typesupport_introspection_c/resource/srv__type_support.c.em
[4.041s] -- Installing: /Users/runner/work/pixi_rosdistro/pixi_rosdistro/install/include/rosidl_typesupport_introspection_c
[4.041s] -- Installing: /Users/runner/work/pixi_rosdistro/pixi_rosdistro/install/include/rosidl_typesupport_introspection_c/rosidl_typesupport_introspection_c
[4.041s] -- Installing: /Users/runner/work/pixi_rosdistro/pixi_rosdistro/install/include/rosidl_typesupport_introspection_c/rosidl_typesupport_introspection_c/visibility_control.h
[4.041s] -- Installing: /Users/runner/work/pixi_rosdistro/pixi_rosdistro/install/include/rosidl_typesupport_introspection_c/rosidl_typesupport_introspection_c/identifier.h
[4.042s] -- Installing: /Users/runner/work/pixi_rosdistro/pixi_rosdistro/install/include/rosidl_typesupport_introspection_c/rosidl_typesupport_introspection_c/service_introspection.h
[4.042s] -- Installing: /Users/runner/work/pixi_rosdistro/pixi_rosdistro/install/include/rosidl_typesupport_introspection_c/rosidl_typesupport_introspection_c/field_types.h
[4.042s] -- Installing: /Users/runner/work/pixi_rosdistro/pixi_rosdistro/install/include/rosidl_typesupport_introspection_c/rosidl_typesupport_introspection_c/message_introspection.h
[4.042s] -- Installing: /Users/runner/work/pixi_rosdistro/pixi_rosdistro/install/lib/librosidl_typesupport_introspection_c.dylib
[4.046s] Invoked command in '/Users/runner/work/pixi_rosdistro/pixi_rosdistro/build/rosidl_typesupport_introspection_c' returned '0': AMENT_PREFIX_PATH=/Users/runner/work/pixi_rosdistro/pixi_rosdistro/install CMAKE_PREFIX_PATH=/Users/runner/work/pixi_rosdistro/pixi_rosdistro/install DYLD_LIBRARY_PATH=/Users/runner/work/pixi_rosdistro/pixi_rosdistro/install/lib:/Users/runner/work/pixi_rosdistro/pixi_rosdistro/install/opt/mimick_vendor/lib PATH=/Users/runner/work/pixi_rosdistro/pixi_rosdistro/install/bin:${PATH} PIXI_PROMPT=(ros2_rolling) PKG_CONFIG_PATH=/Users/runner/work/pixi_rosdistro/pixi_rosdistro/install/lib/pkgconfig PYTHONPATH=/Users/runner/work/pixi_rosdistro/pixi_rosdistro/install/lib/python3.12/site-packages ROS_DOMAIN_ID=113 SHLVL=3 _=/usr/bin/env /Users/runner/work/pixi_rosdistro/pixi_rosdistro/.pixi/envs/default/bin/cmake --install /Users/runner/work/pixi_rosdistro/pixi_rosdistro/build/rosidl_typesupport_introspection_c
