[2.567s] Invoking command in '/home/runner/work/pixi_rosdistro/pixi_rosdistro/build/rosidl_parser': AMENT_PREFIX_PATH=/home/runner/work/pixi_rosdistro/pixi_rosdistro/install CMAKE_PREFIX_PATH=/home/runner/work/pixi_rosdistro/pixi_rosdistro/install:${CMAKE_PREFIX_PATH} LD_LIBRARY_PATH=/home/runner/work/pixi_rosdistro/pixi_rosdistro/install/lib PATH=/home/runner/work/pixi_rosdistro/pixi_rosdistro/install/bin:/opt/microsoft/powershell/7:${PATH} PIXI_PROMPT=(ros2_rolling) PKG_CONFIG_PATH=/home/runner/work/pixi_rosdistro/pixi_rosdistro/install/lib/pkgconfig PSModulePath=/home/runner/.local/share/powershell/Modules:${PSModulePath} PYTHONPATH=/home/runner/work/pixi_rosdistro/pixi_rosdistro/install/lib/python3.12/site-packages ROS_DOMAIN_ID=223 /home/runner/work/pixi_rosdistro/pixi_rosdistro/.pixi/envs/default/bin/cmake /home/runner/work/pixi_rosdistro/pixi_rosdistro/src/ros2/rosidl/rosidl_parser -GNinja --no-warn-unused-cli -DCMAKE_BUILD_TYPE=Release -DCMAKE_BUILD_WITH_INSTALL_RPATH:bool=TRUE -DCMAKE_POLICY_VERSION_MINIMUM=3.5 -Wno-deprecated -DSTACK_DETAILS_AUTO_DETECT:bool=FALSE -DSTACK_DETAILS_BFD:bool=FALSE -DTRACETOOLS_DISABLED=ON -DCMAKE_INSTALL_PREFIX=/home/runner/work/pixi_rosdistro/pixi_rosdistro/install
[2.588s] Not searching for unused variables given on the command line.
[2.588s] -- Found ament_cmake: 2.8.6 (/home/runner/work/pixi_rosdistro/pixi_rosdistro/install/share/ament_cmake/cmake)
[3.023s] -- Found ament_lint_auto: 0.20.3 (/home/runner/work/pixi_rosdistro/pixi_rosdistro/install/share/ament_lint_auto/cmake)
[3.027s] -- Found ament_cmake_mypy: 0.20.3 (/home/runner/work/pixi_rosdistro/pixi_rosdistro/install/share/ament_cmake_mypy/cmake)
[3.207s] -- Added test 'mypy' to statically type check Python code.
[3.208s] -- Added test 'copyright' to check source files copyright and LICENSE
[3.212s] -- Added test 'flake8' to check Python code syntax and style conventions
[3.212s] -- Configured 'flake8' exclude dirs and/or files: 
[3.215s] -- Added test 'lint_cmake' to check CMake code style
[3.215s] -- Added test 'pep257' to check Python code against some of the docstring style conventions in PEP 257
[3.218s] -- Added test 'xmllint' to check XML markup files
[3.453s] -- Configuring done (0.9s)
[3.466s] -- Generating done (0.0s)
[3.469s] -- Build files have been written to: /home/runner/work/pixi_rosdistro/pixi_rosdistro/build/rosidl_parser
[3.473s] Invoked command in '/home/runner/work/pixi_rosdistro/pixi_rosdistro/build/rosidl_parser' returned '0': AMENT_PREFIX_PATH=/home/runner/work/pixi_rosdistro/pixi_rosdistro/install CMAKE_PREFIX_PATH=/home/runner/work/pixi_rosdistro/pixi_rosdistro/install:${CMAKE_PREFIX_PATH} LD_LIBRARY_PATH=/home/runner/work/pixi_rosdistro/pixi_rosdistro/install/lib PATH=/home/runner/work/pixi_rosdistro/pixi_rosdistro/install/bin:/opt/microsoft/powershell/7:${PATH} PIXI_PROMPT=(ros2_rolling) PKG_CONFIG_PATH=/home/runner/work/pixi_rosdistro/pixi_rosdistro/install/lib/pkgconfig PSModulePath=/home/runner/.local/share/powershell/Modules:${PSModulePath} PYTHONPATH=/home/runner/work/pixi_rosdistro/pixi_rosdistro/install/lib/python3.12/site-packages ROS_DOMAIN_ID=223 /home/runner/work/pixi_rosdistro/pixi_rosdistro/.pixi/envs/default/bin/cmake /home/runner/work/pixi_rosdistro/pixi_rosdistro/src/ros2/rosidl/rosidl_parser -GNinja --no-warn-unused-cli -DCMAKE_BUILD_TYPE=Release -DCMAKE_BUILD_WITH_INSTALL_RPATH:bool=TRUE -DCMAKE_POLICY_VERSION_MINIMUM=3.5 -Wno-deprecated -DSTACK_DETAILS_AUTO_DETECT:bool=FALSE -DSTACK_DETAILS_BFD:bool=FALSE -DTRACETOOLS_DISABLED=ON -DCMAKE_INSTALL_PREFIX=/home/runner/work/pixi_rosdistro/pixi_rosdistro/install
[3.474s] Invoking command in '/home/runner/work/pixi_rosdistro/pixi_rosdistro/build/rosidl_parser': AMENT_PREFIX_PATH=/home/runner/work/pixi_rosdistro/pixi_rosdistro/install CMAKE_PREFIX_PATH=/home/runner/work/pixi_rosdistro/pixi_rosdistro/install:${CMAKE_PREFIX_PATH} LD_LIBRARY_PATH=/home/runner/work/pixi_rosdistro/pixi_rosdistro/install/lib PATH=/home/runner/work/pixi_rosdistro/pixi_rosdistro/install/bin:/opt/microsoft/powershell/7:${PATH} PIXI_PROMPT=(ros2_rolling) PKG_CONFIG_PATH=/home/runner/work/pixi_rosdistro/pixi_rosdistro/install/lib/pkgconfig PSModulePath=/home/runner/.local/share/powershell/Modules:${PSModulePath} PYTHONPATH=/home/runner/work/pixi_rosdistro/pixi_rosdistro/install/lib/python3.12/site-packages ROS_DOMAIN_ID=223 /home/runner/work/pixi_rosdistro/pixi_rosdistro/.pixi/envs/default/bin/cmake --build /home/runner/work/pixi_rosdistro/pixi_rosdistro/build/rosidl_parser -- -j4 -l4
[3.495s] [1/2] cd /home/runner/work/pixi_rosdistro/pixi_rosdistro/build/rosidl_parser && /home/runner/work/pixi_rosdistro/pixi_rosdistro/.pixi/envs/default/bin/cmake -E copy_directory /home/runner/work/pixi_rosdistro/pixi_rosdistro/src/ros2/rosidl/rosidl_parser/rosidl_parser /home/runner/work/pixi_rosdistro/pixi_rosdistro/build/rosidl_parser/ament_cmake_python/rosidl_parser/rosidl_parser
[3.777s] [2/2] cd /home/runner/work/pixi_rosdistro/pixi_rosdistro/build/rosidl_parser/ament_cmake_python/rosidl_parser && /home/runner/work/pixi_rosdistro/pixi_rosdistro/.pixi/envs/default/bin/python3 setup.py egg_info
[3.777s] running egg_info
[3.777s] creating rosidl_parser.egg-info
[3.777s] writing rosidl_parser.egg-info/PKG-INFO
[3.777s] writing dependency_links to rosidl_parser.egg-info/dependency_links.txt
[3.777s] writing top-level names to rosidl_parser.egg-info/top_level.txt
[3.777s] writing manifest file 'rosidl_parser.egg-info/SOURCES.txt'
[3.777s] reading manifest file 'rosidl_parser.egg-info/SOURCES.txt'
[3.777s] writing manifest file 'rosidl_parser.egg-info/SOURCES.txt'
[3.778s] Invoked command in '/home/runner/work/pixi_rosdistro/pixi_rosdistro/build/rosidl_parser' returned '0': AMENT_PREFIX_PATH=/home/runner/work/pixi_rosdistro/pixi_rosdistro/install CMAKE_PREFIX_PATH=/home/runner/work/pixi_rosdistro/pixi_rosdistro/install:${CMAKE_PREFIX_PATH} LD_LIBRARY_PATH=/home/runner/work/pixi_rosdistro/pixi_rosdistro/install/lib PATH=/home/runner/work/pixi_rosdistro/pixi_rosdistro/install/bin:/opt/microsoft/powershell/7:${PATH} PIXI_PROMPT=(ros2_rolling) PKG_CONFIG_PATH=/home/runner/work/pixi_rosdistro/pixi_rosdistro/install/lib/pkgconfig PSModulePath=/home/runner/.local/share/powershell/Modules:${PSModulePath} PYTHONPATH=/home/runner/work/pixi_rosdistro/pixi_rosdistro/install/lib/python3.12/site-packages ROS_DOMAIN_ID=223 /home/runner/work/pixi_rosdistro/pixi_rosdistro/.pixi/envs/default/bin/cmake --build /home/runner/work/pixi_rosdistro/pixi_rosdistro/build/rosidl_parser -- -j4 -l4
[3.780s] Invoking command in '/home/runner/work/pixi_rosdistro/pixi_rosdistro/build/rosidl_parser': AMENT_PREFIX_PATH=/home/runner/work/pixi_rosdistro/pixi_rosdistro/install CMAKE_PREFIX_PATH=/home/runner/work/pixi_rosdistro/pixi_rosdistro/install:${CMAKE_PREFIX_PATH} LD_LIBRARY_PATH=/home/runner/work/pixi_rosdistro/pixi_rosdistro/install/lib PATH=/home/runner/work/pixi_rosdistro/pixi_rosdistro/install/bin:/opt/microsoft/powershell/7:${PATH} PIXI_PROMPT=(ros2_rolling) PKG_CONFIG_PATH=/home/runner/work/pixi_rosdistro/pixi_rosdistro/install/lib/pkgconfig PSModulePath=/home/runner/.local/share/powershell/Modules:${PSModulePath} PYTHONPATH=/home/runner/work/pixi_rosdistro/pixi_rosdistro/install/lib/python3.12/site-packages ROS_DOMAIN_ID=223 /home/runner/work/pixi_rosdistro/pixi_rosdistro/.pixi/envs/default/bin/cmake --install /home/runner/work/pixi_rosdistro/pixi_rosdistro/build/rosidl_parser
[3.787s] -- Install configuration: "Release"
[3.788s] -- Installing: /home/runner/work/pixi_rosdistro/pixi_rosdistro/install/share/rosidl_parser/environment/pythonpath.sh
[3.788s] -- Installing: /home/runner/work/pixi_rosdistro/pixi_rosdistro/install/share/rosidl_parser/environment/pythonpath.dsv
[3.788s] -- Installing: /home/runner/work/pixi_rosdistro/pixi_rosdistro/install/share/ament_index/resource_index/package_run_dependencies/rosidl_parser
[3.788s] -- Installing: /home/runner/work/pixi_rosdistro/pixi_rosdistro/install/share/ament_index/resource_index/parent_prefix_path/rosidl_parser
[3.788s] -- Installing: /home/runner/work/pixi_rosdistro/pixi_rosdistro/install/share/rosidl_parser/environment/ament_prefix_path.sh
[3.789s] -- Installing: /home/runner/work/pixi_rosdistro/pixi_rosdistro/install/share/rosidl_parser/environment/ament_prefix_path.dsv
[3.789s] -- Installing: /home/runner/work/pixi_rosdistro/pixi_rosdistro/install/share/rosidl_parser/environment/path.sh
[3.789s] -- Installing: /home/runner/work/pixi_rosdistro/pixi_rosdistro/install/share/rosidl_parser/environment/path.dsv
[3.789s] -- Installing: /home/runner/work/pixi_rosdistro/pixi_rosdistro/install/share/rosidl_parser/local_setup.bash
[3.789s] -- Installing: /home/runner/work/pixi_rosdistro/pixi_rosdistro/install/share/rosidl_parser/local_setup.fish
[3.789s] -- Installing: /home/runner/work/pixi_rosdistro/pixi_rosdistro/install/share/rosidl_parser/local_setup.sh
[3.790s] -- Installing: /home/runner/work/pixi_rosdistro/pixi_rosdistro/install/share/rosidl_parser/local_setup.zsh
[3.790s] -- Installing: /home/runner/work/pixi_rosdistro/pixi_rosdistro/install/share/rosidl_parser/local_setup.dsv
[3.790s] -- Installing: /home/runner/work/pixi_rosdistro/pixi_rosdistro/install/share/rosidl_parser/package.dsv
[3.790s] -- Installing: /home/runner/work/pixi_rosdistro/pixi_rosdistro/install/share/ament_index/resource_index/packages/rosidl_parser
[3.791s] -- Installing: /home/runner/work/pixi_rosdistro/pixi_rosdistro/install/lib/python3.12/site-packages/rosidl_parser-5.1.3-py3.12.egg-info
[3.791s] -- Installing: /home/runner/work/pixi_rosdistro/pixi_rosdistro/install/lib/python3.12/site-packages/rosidl_parser-5.1.3-py3.12.egg-info/dependency_links.txt
[3.791s] -- Installing: /home/runner/work/pixi_rosdistro/pixi_rosdistro/install/lib/python3.12/site-packages/rosidl_parser-5.1.3-py3.12.egg-info/top_level.txt
[3.791s] -- Installing: /home/runner/work/pixi_rosdistro/pixi_rosdistro/install/lib/python3.12/site-packages/rosidl_parser-5.1.3-py3.12.egg-info/PKG-INFO
[3.792s] -- Installing: /home/runner/work/pixi_rosdistro/pixi_rosdistro/install/lib/python3.12/site-packages/rosidl_parser-5.1.3-py3.12.egg-info/SOURCES.txt
[3.792s] -- Installing: /home/runner/work/pixi_rosdistro/pixi_rosdistro/install/lib/python3.12/site-packages/rosidl_parser
[3.792s] -- Installing: /home/runner/work/pixi_rosdistro/pixi_rosdistro/install/lib/python3.12/site-packages/rosidl_parser/__init__.py
[3.792s] -- Installing: /home/runner/work/pixi_rosdistro/pixi_rosdistro/install/lib/python3.12/site-packages/rosidl_parser/grammar.lark
[3.792s] -- Installing: /home/runner/work/pixi_rosdistro/pixi_rosdistro/install/lib/python3.12/site-packages/rosidl_parser/parser.py
[3.793s] -- Installing: /home/runner/work/pixi_rosdistro/pixi_rosdistro/install/lib/python3.12/site-packages/rosidl_parser/py.typed
[3.793s] -- Installing: /home/runner/work/pixi_rosdistro/pixi_rosdistro/install/lib/python3.12/site-packages/rosidl_parser/definition.py
[3.854s] Listing '/home/runner/work/pixi_rosdistro/pixi_rosdistro/install/lib/python3.12/site-packages/rosidl_parser'...
[3.854s] Compiling '/home/runner/work/pixi_rosdistro/pixi_rosdistro/install/lib/python3.12/site-packages/rosidl_parser/__init__.py'...
[3.854s] Compiling '/home/runner/work/pixi_rosdistro/pixi_rosdistro/install/lib/python3.12/site-packages/rosidl_parser/definition.py'...
[3.854s] Compiling '/home/runner/work/pixi_rosdistro/pixi_rosdistro/install/lib/python3.12/site-packages/rosidl_parser/parser.py'...
[3.859s] -- Installing: /home/runner/work/pixi_rosdistro/pixi_rosdistro/install/share/rosidl_parser/cmake/rosidl_parserConfig.cmake
[3.860s] -- Installing: /home/runner/work/pixi_rosdistro/pixi_rosdistro/install/share/rosidl_parser/cmake/rosidl_parserConfig-version.cmake
[3.860s] -- Installing: /home/runner/work/pixi_rosdistro/pixi_rosdistro/install/share/rosidl_parser/package.xml
[3.861s] -- Installing: /home/runner/work/pixi_rosdistro/pixi_rosdistro/install/lib/rosidl_parser/idl2png
[3.863s] Invoked command in '/home/runner/work/pixi_rosdistro/pixi_rosdistro/build/rosidl_parser' returned '0': AMENT_PREFIX_PATH=/home/runner/work/pixi_rosdistro/pixi_rosdistro/install CMAKE_PREFIX_PATH=/home/runner/work/pixi_rosdistro/pixi_rosdistro/install:${CMAKE_PREFIX_PATH} LD_LIBRARY_PATH=/home/runner/work/pixi_rosdistro/pixi_rosdistro/install/lib PATH=/home/runner/work/pixi_rosdistro/pixi_rosdistro/install/bin:/opt/microsoft/powershell/7:${PATH} PIXI_PROMPT=(ros2_rolling) PKG_CONFIG_PATH=/home/runner/work/pixi_rosdistro/pixi_rosdistro/install/lib/pkgconfig PSModulePath=/home/runner/.local/share/powershell/Modules:${PSModulePath} PYTHONPATH=/home/runner/work/pixi_rosdistro/pixi_rosdistro/install/lib/python3.12/site-packages ROS_DOMAIN_ID=223 /home/runner/work/pixi_rosdistro/pixi_rosdistro/.pixi/envs/default/bin/cmake --install /home/runner/work/pixi_rosdistro/pixi_rosdistro/build/rosidl_parser
