[0.042s] Invoking command in '/Users/runner/work/pixi_rosdistro/pixi_rosdistro/build/cyclonedds': CMAKE_PREFIX_PATH=/Users/runner/work/pixi_rosdistro/pixi_rosdistro/install DYLD_LIBRARY_PATH=/Users/runner/work/pixi_rosdistro/pixi_rosdistro/install/lib PATH=/Users/runner/work/pixi_rosdistro/pixi_rosdistro/install/bin:${PATH} PIXI_PROMPT=(ros2_rolling) PKG_CONFIG_PATH=/Users/runner/work/pixi_rosdistro/pixi_rosdistro/install/lib/pkgconfig PYTHONPATH=/Users/runner/work/pixi_rosdistro/pixi_rosdistro/install/lib/python3.12/site-packages SHLVL=3 _=/usr/bin/env /Users/runner/work/pixi_rosdistro/pixi_rosdistro/.pixi/envs/default/bin/cmake /Users/runner/work/pixi_rosdistro/pixi_rosdistro/src/eclipse-cyclonedds/cyclonedds -GNinja --no-warn-unused-cli -DCMAKE_BUILD_TYPE=Release -DCMAKE_BUILD_WITH_INSTALL_RPATH:bool=TRUE -DCMAKE_POLICY_VERSION_MINIMUM=3.5 -Wno-deprecated -DSTACK_DETAILS_AUTO_DETECT:bool=FALSE -DSTACK_DETAILS_BFD:bool=FALSE -DBUILD_IDLC=AUTO -DCMAKE_INSTALL_PREFIX=/Users/runner/work/pixi_rosdistro/pixi_rosdistro/install
[0.272s] Not searching for unused variables given on the command line.
[0.273s] -- The C compiler identification is AppleClang 17.0.0.17000013
[0.331s] -- Detecting C compiler ABI info
[0.737s] -- Detecting C compiler ABI info - done
[0.791s] -- Check for working C compiler: /usr/bin/cc - skipped
[0.791s] -- Detecting C compile features
[0.792s] -- Detecting C compile features - done
[0.846s] -- Looking for getopt.h
[1.179s] -- Looking for getopt.h - found
[2.539s] -- Building with OpenSSL support
[2.601s] -- Looking for stdint.h
[2.976s] -- Looking for stdint.h - found
[2.976s] -- Looking for inttypes.h
[3.319s] -- Looking for inttypes.h - found
[3.319s] -- Looking for sys/types.h
[3.696s] -- Looking for sys/types.h - found
[3.696s] -- Looking for stdint.h
[4.102s] -- Looking for stdint.h - found
[4.102s] -- Looking for stddef.h
[4.499s] -- Looking for stddef.h - found
[4.499s] -- Check size of intmax_t
[4.979s] -- Check size of intmax_t - done
[4.979s] -- Looking for stpcpy
[5.339s] -- Looking for stpcpy - found
[5.340s] -- Looking for strlcpy
[5.903s] -- Looking for strlcpy - found
[5.903s] -- Looking for strlcat
[6.359s] -- Looking for strlcat - found
[6.385s] -- Performing Test COMPILER_HAS_HIDDEN_VISIBILITY
[6.762s] -- Performing Test COMPILER_HAS_HIDDEN_VISIBILITY - Success
[6.763s] -- Performing Test COMPILER_HAS_HIDDEN_INLINE_VISIBILITY
[7.096s] -- Performing Test COMPILER_HAS_HIDDEN_INLINE_VISIBILITY - Success
[7.096s] -- Performing Test COMPILER_HAS_DEPRECATED_ATTR
[7.460s] -- Performing Test COMPILER_HAS_DEPRECATED_ATTR - Success
[7.495s] -- Looking for gethostname
[7.828s] -- Looking for gethostname - found
[7.828s] -- Looking for inet_ntop
[8.220s] -- Looking for inet_ntop - found
[8.220s] -- Looking for inet_pton
[8.619s] -- Looking for inet_pton - found
[8.619s] -- Looking for getaddrinfo
[8.974s] -- Looking for getaddrinfo - found
[8.974s] -- Looking for gethostbyname_r
[9.398s] -- Looking for gethostbyname_r - not found
[9.398s] -- Check size of struct sockaddr_in6
[9.821s] -- Check size of struct sockaddr_in6 - done
[9.827s] -- Performing Test CMAKE_HAVE_LIBC_PTHREAD
[10.185s] -- Performing Test CMAKE_HAVE_LIBC_PTHREAD - Success
[10.186s] -- Found Threads: TRUE
[10.186s] -- Looking for clock_gettime in c
[10.505s] -- Looking for clock_gettime in c - found
[11.177s] -- Configuring done (11.1s)
[11.314s] -- Generating done (0.1s)
[11.332s] -- Build files have been written to: /Users/runner/work/pixi_rosdistro/pixi_rosdistro/build/cyclonedds
[11.335s] Invoked command in '/Users/runner/work/pixi_rosdistro/pixi_rosdistro/build/cyclonedds' returned '0': CMAKE_PREFIX_PATH=/Users/runner/work/pixi_rosdistro/pixi_rosdistro/install DYLD_LIBRARY_PATH=/Users/runner/work/pixi_rosdistro/pixi_rosdistro/install/lib PATH=/Users/runner/work/pixi_rosdistro/pixi_rosdistro/install/bin:${PATH} PIXI_PROMPT=(ros2_rolling) PKG_CONFIG_PATH=/Users/runner/work/pixi_rosdistro/pixi_rosdistro/install/lib/pkgconfig PYTHONPATH=/Users/runner/work/pixi_rosdistro/pixi_rosdistro/install/lib/python3.12/site-packages SHLVL=3 _=/usr/bin/env /Users/runner/work/pixi_rosdistro/pixi_rosdistro/.pixi/envs/default/bin/cmake /Users/runner/work/pixi_rosdistro/pixi_rosdistro/src/eclipse-cyclonedds/cyclonedds -GNinja --no-warn-unused-cli -DCMAKE_BUILD_TYPE=Release -DCMAKE_BUILD_WITH_INSTALL_RPATH:bool=TRUE -DCMAKE_POLICY_VERSION_MINIMUM=3.5 -Wno-deprecated -DSTACK_DETAILS_AUTO_DETECT:bool=FALSE -DSTACK_DETAILS_BFD:bool=FALSE -DBUILD_IDLC=AUTO -DCMAKE_INSTALL_PREFIX=/Users/runner/work/pixi_rosdistro/pixi_rosdistro/install
[11.338s] Invoking command in '/Users/runner/work/pixi_rosdistro/pixi_rosdistro/build/cyclonedds': CMAKE_PREFIX_PATH=/Users/runner/work/pixi_rosdistro/pixi_rosdistro/install DYLD_LIBRARY_PATH=/Users/runner/work/pixi_rosdistro/pixi_rosdistro/install/lib PATH=/Users/runner/work/pixi_rosdistro/pixi_rosdistro/install/bin:${PATH} PIXI_PROMPT=(ros2_rolling) PKG_CONFIG_PATH=/Users/runner/work/pixi_rosdistro/pixi_rosdistro/install/lib/pkgconfig PYTHONPATH=/Users/runner/work/pixi_rosdistro/pixi_rosdistro/install/lib/python3.12/site-packages SHLVL=3 _=/usr/bin/env /Users/runner/work/pixi_rosdistro/pixi_rosdistro/.pixi/envs/default/bin/cmake --build /Users/runner/work/pixi_rosdistro/pixi_rosdistro/build/cyclonedds -- -j3 -l3
[11.446s] [1/264] Generating include/idl/misc.h
[11.476s] [2/264] Generating include/idl/attributes.h
[11.501s] [3/264] Generating include/idl/endian.h
[11.528s] [4/264] Generating include/idl/md5.h
[11.558s] [5/264] Generating src/md5.c
[11.568s] [6/264] 
[11.778s] [7/264] Building C object src/idl/CMakeFiles/idl.dir/src/symbol.c.o
[11.978s] [8/264] Building C object src/idl/CMakeFiles/idl.dir/src/directive.c.o
[12.320s] [9/264] Building C object src/idl/CMakeFiles/idl.dir/src/expression.c.o
[12.522s] [10/264] Building C object src/idl/CMakeFiles/idl.dir/src/file.c.o
[12.725s] [11/264] Building C object src/idl/CMakeFiles/idl.dir/src/processor.c.o
[12.938s] [12/264] Building C object src/idl/CMakeFiles/idl.dir/src/scanner.c.o
[13.193s] [13/264] Building C object src/idl/CMakeFiles/idl.dir/src/string.c.o
[13.462s] [14/264] Building C object src/idl/CMakeFiles/idl.dir/src/annotation.c.o
[13.667s] [15/264] Building C object src/idl/CMakeFiles/idl.dir/src/scope.c.o
[13.879s] [16/264] Building C object src/idl/CMakeFiles/idl.dir/src/tree.c.o
[14.067s] [17/264] Building C object src/idl/CMakeFiles/idl.dir/src/visit.c.o
[14.260s] [18/264] Building C object src/idl/CMakeFiles/idl.dir/src/print.c.o
[14.463s] [19/264] Building C object src/idl/CMakeFiles/idl.dir/src/keylist.c.o
[14.700s] [20/264] Building C object src/idl/CMakeFiles/idl.dir/src/hashid.c.o
[15.052s] [21/264] Building C object src/idl/CMakeFiles/idl.dir/src/parser.c.o
[15.276s] [22/264] Building C object src/idl/CMakeFiles/idl.dir/src/md5.c.o
[15.503s] [23/264] Building C object src/core/CMakeFiles/ddsc.dir/ddsi/src/ddsi_eth.c.o
[15.840s] [24/264] Building C object src/core/CMakeFiles/ddsc.dir/ddsi/src/ddsi_ssl.c.o
[16.238s] [25/264] Building C object src/core/CMakeFiles/ddsc.dir/ddsi/src/ddsi_tcp.c.o
[16.795s] [26/264] Building C object src/core/CMakeFiles/ddsc.dir/ddsi/src/ddsi_tran.c.o
[17.012s] [27/264] Building C object src/core/CMakeFiles/ddsc.dir/ddsi/src/ddsi_udp.c.o
[17.214s] [28/264] Building C object src/core/CMakeFiles/ddsc.dir/ddsi/src/ddsi_raweth.c.o
[17.454s] [29/264] Building C object src/core/CMakeFiles/ddsc.dir/ddsi/src/ddsi_vnet.c.o
[17.677s] [30/264] Building C object src/core/CMakeFiles/ddsc.dir/ddsi/src/ddsi_ipaddr.c.o
[17.924s] [31/264] Building C object src/core/CMakeFiles/ddsc.dir/ddsi/src/ddsi_mcgroup.c.o
[18.273s] [32/264] Building C object src/core/CMakeFiles/ddsc.dir/ddsi/src/ddsi_security_util.c.o
[18.585s] [33/264] Building C object src/core/CMakeFiles/ddsc.dir/ddsi/src/ddsi_security_omg.c.o
[18.794s] [34/264] Building C object src/core/CMakeFiles/ddsc.dir/ddsi/src/ddsi_portmapping.c.o
[19.023s] [35/264] Building C object src/core/CMakeFiles/ddsc.dir/ddsi/src/ddsi_handshake.c.o
[19.249s] [36/264] Building C object src/core/CMakeFiles/ddsc.dir/ddsi/src/ddsi_serdata.c.o
[19.717s] [37/264] Building C object src/core/CMakeFiles/ddsc.dir/ddsi/src/ddsi_serdata_default.c.o
[19.982s] [38/264] Building C object src/core/CMakeFiles/ddsc.dir/ddsi/src/ddsi_serdata_pserop.c.o
[20.240s] [39/264] Building C object src/core/CMakeFiles/ddsc.dir/ddsi/src/ddsi_serdata_plist.c.o
[20.519s] [40/264] Building C object src/core/CMakeFiles/ddsc.dir/ddsi/src/ddsi_sertype.c.o
[20.773s] [41/264] Building C object src/core/CMakeFiles/ddsc.dir/ddsi/src/ddsi_sertype_default.c.o
[21.047s] [42/264] Building C object src/core/CMakeFiles/ddsc.dir/ddsi/src/ddsi_sertype_pserop.c.o
[21.342s] [43/264] Building C object src/core/CMakeFiles/ddsc.dir/ddsi/src/ddsi_sertype_plist.c.o
[21.595s] [44/264] Building C object src/core/CMakeFiles/ddsc.dir/ddsi/src/ddsi_sertopic.c.o
[21.865s] [45/264] Building C object src/core/CMakeFiles/ddsc.dir/ddsi/src/ddsi_statistics.c.o
[22.099s] [46/264] Building C object src/core/CMakeFiles/ddsc.dir/ddsi/src/ddsi_iid.c.o
[22.373s] [47/264] Building C object src/core/CMakeFiles/ddsc.dir/ddsi/src/ddsi_tkmap.c.o
[22.591s] [48/264] Building C object src/core/CMakeFiles/ddsc.dir/ddsi/src/ddsi_vendor.c.o
[22.841s] [49/264] Building C object src/core/CMakeFiles/ddsc.dir/ddsi/src/ddsi_threadmon.c.o
[23.067s] [50/264] Building C object src/core/CMakeFiles/ddsc.dir/ddsi/src/ddsi_rhc.c.o
[23.280s] [51/264] Building C object src/core/CMakeFiles/ddsc.dir/ddsi/src/ddsi_pmd.c.o
[23.495s] [52/264] Building C object src/core/CMakeFiles/ddsc.dir/ddsi/src/ddsi_entity_index.c.o
[23.782s] [53/264] Building C object src/core/CMakeFiles/ddsc.dir/ddsi/src/ddsi_deadline.c.o
[24.053s] [54/264] Building C object src/core/CMakeFiles/ddsc.dir/ddsi/src/ddsi_deliver_locally.c.o
[24.441s] [55/264] Building C object src/core/CMakeFiles/ddsc.dir/ddsi/src/ddsi_plist.c.o
[24.798s] [56/264] Building C object src/core/CMakeFiles/ddsc.dir/ddsi/src/ddsi_cdrstream.c.o
[25.067s] [57/264] Building C object src/core/CMakeFiles/ddsc.dir/ddsi/src/ddsi_config.c.o
[25.293s] [58/264] Building C object src/core/CMakeFiles/ddsc.dir/ddsi/src/ddsi_time.c.o
[25.532s] [59/264] Building C object src/core/CMakeFiles/ddsc.dir/ddsi/src/ddsi_ownip.c.o
[25.779s] [60/264] Building C object src/core/CMakeFiles/ddsc.dir/ddsi/src/ddsi_acknack.c.o
[25.982s] [61/264] Building C object src/core/CMakeFiles/ddsc.dir/ddsi/src/ddsi_list_genptr.c.o
[26.188s] [62/264] Building C object src/core/CMakeFiles/ddsc.dir/ddsi/src/ddsi_wraddrset.c.o
[26.428s] [63/264] Building C object src/core/CMakeFiles/ddsc.dir/ddsi/src/ddsi_typelib.c.o
[26.677s] [64/264] Building C object src/core/CMakeFiles/ddsc.dir/ddsi/src/ddsi_entity.c.o
[26.906s] [65/264] Building C object src/core/CMakeFiles/ddsc.dir/ddsi/src/ddsi_entity_match.c.o
[27.137s] [66/264] Building C object src/core/CMakeFiles/ddsc.dir/ddsi/src/ddsi_participant.c.o
[27.407s] [67/264] Building C object src/core/CMakeFiles/ddsc.dir/ddsi/src/ddsi_proxy_participant.c.o
[27.614s] [68/264] Building C object src/core/CMakeFiles/ddsc.dir/ddsi/src/ddsi_topic.c.o
[27.890s] [69/264] Building C object src/core/CMakeFiles/ddsc.dir/ddsi/src/ddsi_endpoint.c.o
[28.126s] [70/264] Building C object src/core/CMakeFiles/ddsc.dir/ddsi/src/ddsi_proxy_endpoint.c.o
[28.372s] [71/264] Building C object src/core/CMakeFiles/ddsc.dir/ddsi/src/q_addrset.c.o
[28.579s] [72/264] Building C object src/core/CMakeFiles/ddsc.dir/ddsi/src/q_bitset_inlines.c.o
[28.833s] [73/264] Building C object src/core/CMakeFiles/ddsc.dir/ddsi/src/q_bswap.c.o
[29.098s] [74/264] Building C object src/core/CMakeFiles/ddsc.dir/ddsi/src/q_ddsi_discovery.c.o
[29.309s] [75/264] Building C object src/core/CMakeFiles/ddsc.dir/ddsi/src/q_debmon.c.o
[29.524s] [76/264] Building C object src/core/CMakeFiles/ddsc.dir/ddsi/src/q_gc.c.o
[29.844s] [77/264] Building C object src/core/CMakeFiles/ddsc.dir/ddsi/src/q_init.c.o
[30.054s] [78/264] Building C object src/core/CMakeFiles/ddsc.dir/ddsi/src/q_lat_estim.c.o
[30.309s] [79/264] Building C object src/core/CMakeFiles/ddsc.dir/ddsi/src/q_lease.c.o
[30.543s] [80/264] Building C object src/core/CMakeFiles/ddsc.dir/ddsi/src/q_misc.c.o
[30.765s] [81/264] Building C object src/core/CMakeFiles/ddsc.dir/ddsi/src/q_pcap.c.o
[30.972s] [82/264] Building C object src/core/CMakeFiles/ddsc.dir/ddsi/src/q_qosmatch.c.o
[31.294s] [83/264] Building C object src/core/CMakeFiles/ddsc.dir/ddsi/src/q_radmin.c.o
[31.585s] [84/264] Building C object src/core/CMakeFiles/ddsc.dir/ddsi/src/q_receive.c.o
[31.823s] [85/264] Building C object src/core/CMakeFiles/ddsc.dir/ddsi/src/q_sockwaitset.c.o
[32.102s] [86/264] Building C object src/core/CMakeFiles/ddsc.dir/ddsi/src/q_thread.c.o
[32.308s] [87/264] Building C object src/core/CMakeFiles/ddsc.dir/ddsi/src/q_transmit.c.o
[32.510s] [88/264] Building C object src/core/CMakeFiles/ddsc.dir/ddsi/src/q_inverse_uint32_set.c.o
[32.732s] [89/264] Building C object src/core/CMakeFiles/ddsc.dir/ddsi/src/q_whc.c.o
[32.967s] [90/264] Building C object src/core/CMakeFiles/ddsc.dir/ddsi/src/q_xevent.c.o
[33.192s] [91/264] Building C object src/core/CMakeFiles/ddsc.dir/ddsi/src/q_xmsg.c.o
[33.397s] [92/264] Building C object src/core/CMakeFiles/ddsc.dir/ddsi/src/q_freelist.c.o
[33.612s] [93/264] Building C object src/core/CMakeFiles/ddsc.dir/ddsi/src/sysdeps.c.o
[33.907s] [94/264] Building C object src/core/CMakeFiles/ddsc.dir/ddsi/src/ddsi_lifespan.c.o
[34.137s] [95/264] Building C object src/core/CMakeFiles/ddsc.dir/ddsi/src/ddsi_xt_typeinfo.c.o
[34.338s] [96/264] Building C object src/core/CMakeFiles/ddsc.dir/ddsi/src/ddsi_xt_typelookup.c.o
[34.547s] [97/264] Building C object src/core/CMakeFiles/ddsc.dir/ddsi/src/ddsi_xt_typemap.c.o
[34.794s] [98/264] Building C object src/core/CMakeFiles/ddsc.dir/ddsi/src/ddsi_typelookup.c.o
[35.109s] [99/264] Building C object src/core/CMakeFiles/ddsc.dir/ddsi/src/ddsi_typewrap.c.o
[35.393s] [100/264] Building C object src/core/CMakeFiles/ddsc.dir/ddsi/src/ddsi_typebuilder.c.o
[35.623s] [101/264] Building C object src/core/CMakeFiles/ddsc.dir/ddsi/src/ddsi_security_msg.c.o
[35.859s] [102/264] Building C object src/core/CMakeFiles/ddsc.dir/ddsi/src/ddsi_security_exchange.c.o
[36.057s] [103/264] Building C object src/core/CMakeFiles/ddsc.dir/ddsi/src/ddsi_shm_transport.c.o
[36.254s] [104/264] Building C object src/core/CMakeFiles/ddsc.dir/ddsi/defconfig.c.o
[36.480s] [105/264] Building C object src/core/CMakeFiles/ddsc.dir/ddsc/src/dds_alloc.c.o
[36.745s] [106/264] Building C object src/core/CMakeFiles/ddsc.dir/ddsc/src/dds_builtin.c.o
[36.957s] [107/264] Building C object src/core/CMakeFiles/ddsc.dir/ddsc/src/dds_coherent.c.o
[37.179s] [108/264] Building C object src/core/CMakeFiles/ddsc.dir/ddsc/src/dds_participant.c.o
[37.482s] [109/264] Building C object src/core/CMakeFiles/ddsc.dir/ddsc/src/dds_reader.c.o
[37.760s] [110/264] Building C object src/core/CMakeFiles/ddsc.dir/ddsc/src/dds_writer.c.o
[37.991s] [111/264] Building C object src/core/CMakeFiles/ddsc.dir/ddsc/src/dds_init.c.o
[38.239s] [112/264] Building C object src/core/CMakeFiles/ddsc.dir/ddsc/src/dds_publisher.c.o
[38.427s] [113/264] Building C object src/core/CMakeFiles/ddsc.dir/ddsc/src/dds_rhc.c.o
[38.715s] [114/264] Building C object src/core/CMakeFiles/ddsc.dir/ddsc/src/dds_rhc_default.c.o
[38.966s] [115/264] Building C object src/core/CMakeFiles/ddsc.dir/ddsc/src/dds_domain.c.o
[39.215s] [116/264] Building C object src/core/CMakeFiles/ddsc.dir/ddsc/src/dds_instance.c.o
[39.534s] [117/264] Building C object src/core/CMakeFiles/ddsc.dir/ddsc/src/dds_qos.c.o
[39.758s] [118/264] Building C object src/core/CMakeFiles/ddsc.dir/ddsc/src/dds_handles.c.o
[39.984s] [119/264] Building C object src/core/CMakeFiles/ddsc.dir/ddsc/src/dds_entity.c.o
[40.197s] [120/264] Building C object src/core/CMakeFiles/ddsc.dir/ddsc/src/dds_matched.c.o
[40.409s] [121/264] Building C object src/core/CMakeFiles/ddsc.dir/ddsc/src/dds_querycond.c.o
[40.641s] [122/264] Building C object src/core/CMakeFiles/ddsc.dir/ddsc/src/dds_topic.c.o
[40.847s] [123/264] Building C object src/core/CMakeFiles/ddsc.dir/ddsc/src/dds_listener.c.o
[41.051s] [124/264] Building C object src/core/CMakeFiles/ddsc.dir/ddsc/src/dds_read.c.o
[41.266s] [125/264] Building C object src/core/CMakeFiles/ddsc.dir/ddsc/src/dds_waitset.c.o
[41.487s] [126/264] Building C object src/core/CMakeFiles/ddsc.dir/ddsc/src/dds_readcond.c.o
[41.703s] [127/264] Building C object src/core/CMakeFiles/ddsc.dir/ddsc/src/dds_guardcond.c.o
[41.939s] [128/264] Building C object src/core/CMakeFiles/ddsc.dir/ddsc/src/dds_statistics.c.o
[42.188s] [129/264] Building C object src/core/CMakeFiles/ddsc.dir/ddsc/src/dds_subscriber.c.o
[42.441s] [130/264] Building C object src/core/CMakeFiles/ddsc.dir/ddsc/src/dds_write.c.o
[42.775s] [131/264] Building C object src/core/CMakeFiles/ddsc.dir/ddsc/src/dds_whc.c.o
[43.032s] [132/264] Building C object src/core/CMakeFiles/ddsc.dir/ddsc/src/dds_whc_builtintopic.c.o
[43.268s] [133/264] Building C object src/core/CMakeFiles/ddsc.dir/ddsc/src/dds_serdata_builtintopic.c.o
[43.511s] [134/264] Building C object src/core/CMakeFiles/ddsc.dir/ddsc/src/dds_sertype_builtintopic.c.o
[43.719s] [135/264] Building C object src/core/CMakeFiles/ddsc.dir/ddsc/src/dds_data_allocator.c.o
[44.003s] [136/264] Building C object src/core/CMakeFiles/ddsc.dir/ddsc/src/dds_loan.c.o
[44.203s] [137/264] Building C object src/core/CMakeFiles/ddsc.dir/ddsc/src/shm_monitor.c.o
[44.439s] [138/264] Building C object src/core/CMakeFiles/ddsc.dir/__/security/core/src/dds_security_serialize.c.o
[44.789s] [139/264] Building C object src/core/CMakeFiles/ddsc.dir/__/security/core/src/dds_security_utils.c.o
[45.030s] [140/264] Building C object src/core/CMakeFiles/ddsc.dir/__/security/core/src/dds_security_plugins.c.o
[45.234s] [141/264] Building C object src/core/CMakeFiles/ddsc.dir/__/security/core/src/shared_secret.c.o
[45.446s] [142/264] Building C object src/core/CMakeFiles/ddsc.dir/__/security/core/src/dds_security_fsm.c.o
[45.671s] [143/264] Building C object src/core/CMakeFiles/ddsc.dir/__/security/core/src/dds_security_timed_cb.c.o
[45.888s] [144/264] Building C object src/core/CMakeFiles/ddsc.dir/__/ddsrt/src/atomics.c.o
[46.128s] [145/264] Building C object src/core/CMakeFiles/ddsc.dir/__/ddsrt/src/avl.c.o
[46.332s] [146/264] Building C object src/core/CMakeFiles/ddsc.dir/__/ddsrt/src/bswap.c.o
[46.532s] [147/264] Building C object src/core/CMakeFiles/ddsc.dir/__/ddsrt/src/io.c.o
[46.766s] [148/264] Building C object src/core/CMakeFiles/ddsc.dir/__/ddsrt/src/log.c.o
[46.959s] [149/264] Building C object src/core/CMakeFiles/ddsc.dir/__/ddsrt/src/retcode.c.o
[47.161s] [150/264] Building C object src/core/CMakeFiles/ddsc.dir/__/ddsrt/src/strtod.c.o
[47.353s] [151/264] Building C object src/core/CMakeFiles/ddsc.dir/__/ddsrt/src/strtol.c.o
[47.536s] [152/264] Building C object src/core/CMakeFiles/ddsc.dir/__/ddsrt/src/mh3.c.o
[47.749s] [153/264] Building C object src/core/CMakeFiles/ddsc.dir/__/ddsrt/src/environ.c.o
[47.954s] [154/264] Building C object src/core/CMakeFiles/ddsc.dir/__/ddsrt/src/expand_vars.c.o
[48.141s] [155/264] Building C object src/core/CMakeFiles/ddsc.dir/__/ddsrt/src/fibheap.c.o
[48.363s] [156/264] Building C object src/core/CMakeFiles/ddsc.dir/__/ddsrt/src/hopscotch.c.o
[48.553s] [157/264] Building C object src/core/CMakeFiles/ddsc.dir/__/ddsrt/src/circlist.c.o
[48.823s] [158/264] Building C object src/core/CMakeFiles/ddsc.dir/__/ddsrt/src/threads.c.o
[49.058s] [159/264] Building C object src/core/CMakeFiles/ddsc.dir/__/ddsrt/src/string.c.o
[49.292s] [160/264] Building C object src/core/CMakeFiles/ddsc.dir/__/ddsrt/src/sockets.c.o
[49.530s] [161/264] Building C object src/core/CMakeFiles/ddsc.dir/__/ddsrt/src/md5.c.o
[49.752s] [162/264] Building C object src/core/CMakeFiles/ddsc.dir/__/ddsrt/src/xmlparser.c.o
[49.951s] [163/264] Building C object src/core/CMakeFiles/ddsc.dir/__/ddsrt/src/ifaddrs.c.o
[50.143s] [164/264] Building C object src/core/CMakeFiles/ddsc.dir/__/ddsrt/src/cdtors.c.o
[50.426s] [165/264] Building C object src/core/CMakeFiles/ddsc.dir/__/ddsrt/src/random.c.o
[50.661s] [166/264] Building C object src/core/CMakeFiles/ddsc.dir/__/ddsrt/src/time.c.o
[50.865s] [167/264] Building C object src/core/CMakeFiles/ddsc.dir/__/ddsrt/src/ifaddrs/posix/ifaddrs.c.o
[51.075s] [168/264] Building C object src/core/CMakeFiles/ddsc.dir/__/ddsrt/src/sockets/posix/socket.c.o
[51.344s] [169/264] Building C object src/core/CMakeFiles/ddsc.dir/__/ddsrt/src/sockets/posix/gethostname.c.o
[51.565s] [170/264] Building C object src/core/CMakeFiles/ddsc.dir/__/ddsrt/src/heap/posix/heap.c.o
[51.775s] [171/264] Building C object src/core/CMakeFiles/ddsc.dir/__/ddsrt/src/dynlib/posix/dynlib.c.o
[52.000s] [172/264] Building C object src/core/CMakeFiles/ddsc.dir/__/ddsrt/src/environ/posix/environ.c.o
[52.219s] [173/264] Building C object src/core/CMakeFiles/ddsc.dir/__/ddsrt/src/filesystem/posix/filesystem.c.o
[52.488s] [174/264] Building C object src/core/CMakeFiles/ddsc.dir/__/ddsrt/src/process/posix/process.c.o
[52.751s] [175/264] Building C object src/core/CMakeFiles/ddsc.dir/__/ddsrt/src/random/posix/random.c.o
[52.974s] [176/264] Building C object src/core/CMakeFiles/ddsc.dir/__/ddsrt/src/sync/posix/sync.c.o
[53.431s] [177/264] Building C object src/core/CMakeFiles/ddsc.dir/__/ddsrt/src/threads/posix/threads.c.o
[54.044s] [178/264] Building C object src/core/CMakeFiles/ddsc.dir/__/ddsrt/src/netstat/darwin/netstat.c.o
[54.284s] [179/264] Building C object src/core/CMakeFiles/ddsc.dir/__/ddsrt/src/time/darwin/time.c.o
[54.534s] [180/264] Building C object src/core/CMakeFiles/ddsc.dir/__/ddsrt/src/rusage/posix/rusage.c.o
[54.871s] [181/264] Building C object src/tools/idlpp/CMakeFiles/idlpp.dir/src/directive.c.o
[55.120s] [182/264] Building C object src/tools/idlpp/CMakeFiles/idlpp.dir/src/eval.c.o
[55.436s] [183/264] Building C object src/tools/idlpp/CMakeFiles/idlpp.dir/src/expand.c.o
[55.711s] [184/264] Building C object src/tools/idlpp/CMakeFiles/idlpp.dir/src/main.c.o
[55.938s] [185/264] Building C object src/tools/idlpp/CMakeFiles/idlpp.dir/src/mbchar.c.o
[56.234s] [186/264] Building C object src/tools/idlpp/CMakeFiles/idlpp.dir/src/support.c.o
[56.487s] [187/264] Building C object src/tools/idlpp/CMakeFiles/idlpp.dir/src/system.c.o
[56.587s] [188/264] Linking C shared library lib/libcycloneddsidl.0.10.5.dylib
[64.274s] [189/264] Linking C shared library lib/libddsc.0.10.5.dylib
[64.384s] [190/264] Linking C static library lib/libidlpp.a
[64.613s] [191/264] Building C object src/tools/idlc/CMakeFiles/idlc.dir/src/idlc.c.o
[64.825s] [192/264] Building C object src/tools/idlc/CMakeFiles/idlc.dir/src/plugin.c.o
[65.284s] [193/264] Building C object src/tools/idlc/CMakeFiles/idlc.dir/src/options.c.o
[65.513s] [194/264] Building C object src/tools/idlc/CMakeFiles/idlc.dir/src/generator.c.o
[65.842s] [195/264] Building C object src/tools/idlc/CMakeFiles/idlc.dir/src/descriptor.c.o
[66.094s] [196/264] Building C object src/tools/idlc/CMakeFiles/idlc.dir/src/types.c.o
[66.339s] [197/264] Building C object src/tools/idlc/CMakeFiles/idlc.dir/src/descriptor_type_meta.c.o
[66.362s] [198/264] Creating library symlink lib/libcycloneddsidl.0.dylib lib/libcycloneddsidl.dylib
[66.398s] [199/264] Creating library symlink lib/libddsc.0.dylib lib/libddsc.dylib
[66.464s] [200/264] Linking C executable bin/idlc
[66.464s] ld: warning: reducing alignment of section __DATA,__common from 0x8000 to 0x4000 because it exceeds segment maximum alignment
[66.502s] [201/264] Generating ddsperf_types.c, ddsperf_types.h
[66.759s] [202/264] Building C object src/tools/ddsperf/CMakeFiles/ddsperf.dir/ddsperf.c.o
[67.026s] [203/264] Building C object src/tools/ddsperf/CMakeFiles/ddsperf.dir/cputime.c.o
[67.255s] [204/264] Building C object src/tools/ddsperf/CMakeFiles/ddsperf.dir/netload.c.o
[67.457s] [205/264] Building C object src/tools/ddsperf/CMakeFiles/ddsperf.dir/async_listener.c.o
[67.648s] [206/264] Building C object src/tools/ddsperf/CMakeFiles/ddsperf.dir/ddsperf_types.c.o
[67.902s] [207/264] Building C object src/ddsrt/CMakeFiles/ddsrt-internal.dir/src/atomics.c.o
[68.115s] [208/264] Building C object src/ddsrt/CMakeFiles/ddsrt-internal.dir/src/avl.c.o
[68.324s] [209/264] Building C object src/ddsrt/CMakeFiles/ddsrt-internal.dir/src/bswap.c.o
[68.534s] [210/264] Building C object src/ddsrt/CMakeFiles/ddsrt-internal.dir/src/io.c.o
[68.754s] [211/264] Building C object src/ddsrt/CMakeFiles/ddsrt-internal.dir/src/log.c.o
[68.977s] [212/264] Building C object src/ddsrt/CMakeFiles/ddsrt-internal.dir/src/retcode.c.o
[69.216s] [213/264] Building C object src/ddsrt/CMakeFiles/ddsrt-internal.dir/src/strtod.c.o
[69.428s] [214/264] Building C object src/ddsrt/CMakeFiles/ddsrt-internal.dir/src/strtol.c.o
[69.641s] [215/264] Building C object src/ddsrt/CMakeFiles/ddsrt-internal.dir/src/mh3.c.o
[69.857s] [216/264] Building C object src/ddsrt/CMakeFiles/ddsrt-internal.dir/src/environ.c.o
[70.071s] [217/264] Building C object src/ddsrt/CMakeFiles/ddsrt-internal.dir/src/expand_vars.c.o
[70.306s] [218/264] Building C object src/ddsrt/CMakeFiles/ddsrt-internal.dir/src/fibheap.c.o
[70.586s] [219/264] Building C object src/ddsrt/CMakeFiles/ddsrt-internal.dir/src/hopscotch.c.o
[70.769s] [220/264] Building C object src/ddsrt/CMakeFiles/ddsrt-internal.dir/src/circlist.c.o
[71.000s] [221/264] Building C object src/ddsrt/CMakeFiles/ddsrt-internal.dir/src/threads.c.o
[71.197s] [222/264] Building C object src/ddsrt/CMakeFiles/ddsrt-internal.dir/src/string.c.o
[71.401s] [223/264] Building C object src/ddsrt/CMakeFiles/ddsrt-internal.dir/src/sockets.c.o
[71.629s] [224/264] Building C object src/ddsrt/CMakeFiles/ddsrt-internal.dir/src/md5.c.o
[71.834s] [225/264] Building C object src/ddsrt/CMakeFiles/ddsrt-internal.dir/src/xmlparser.c.o
[72.070s] [226/264] Building C object src/ddsrt/CMakeFiles/ddsrt-internal.dir/src/ifaddrs.c.o
[72.273s] [227/264] Building C object src/ddsrt/CMakeFiles/ddsrt-internal.dir/src/cdtors.c.o
[72.507s] [228/264] Building C object src/ddsrt/CMakeFiles/ddsrt-internal.dir/src/random.c.o
[72.706s] [229/264] Building C object src/ddsrt/CMakeFiles/ddsrt-internal.dir/src/time.c.o
[72.917s] [230/264] Building C object src/ddsrt/CMakeFiles/ddsrt-internal.dir/src/ifaddrs/posix/ifaddrs.c.o
[73.136s] [231/264] Building C object src/ddsrt/CMakeFiles/ddsrt-internal.dir/src/sockets/posix/socket.c.o
[73.358s] [232/264] Building C object src/ddsrt/CMakeFiles/ddsrt-internal.dir/src/sockets/posix/gethostname.c.o
[73.576s] [233/264] Building C object src/ddsrt/CMakeFiles/ddsrt-internal.dir/src/heap/posix/heap.c.o
[73.824s] [234/264] Building C object src/ddsrt/CMakeFiles/ddsrt-internal.dir/src/dynlib/posix/dynlib.c.o
[74.044s] [235/264] Building C object src/ddsrt/CMakeFiles/ddsrt-internal.dir/src/environ/posix/environ.c.o
[74.352s] [236/264] Building C object src/ddsrt/CMakeFiles/ddsrt-internal.dir/src/filesystem/posix/filesystem.c.o
[74.571s] [237/264] Building C object src/ddsrt/CMakeFiles/ddsrt-internal.dir/src/process/posix/process.c.o
[74.755s] [238/264] Building C object src/ddsrt/CMakeFiles/ddsrt-internal.dir/src/random/posix/random.c.o
[75.032s] [239/264] Building C object src/ddsrt/CMakeFiles/ddsrt-internal.dir/src/sync/posix/sync.c.o
[75.273s] [240/264] Building C object src/ddsrt/CMakeFiles/ddsrt-internal.dir/src/threads/posix/threads.c.o
[75.485s] [241/264] Building C object src/ddsrt/CMakeFiles/ddsrt-internal.dir/src/netstat/darwin/netstat.c.o
[75.702s] [242/264] Building C object src/ddsrt/CMakeFiles/ddsrt-internal.dir/src/time/darwin/time.c.o
[75.912s] [243/264] Building C object src/ddsrt/CMakeFiles/ddsrt-internal.dir/src/rusage/posix/rusage.c.o
[76.194s] [244/264] Building C object src/security/builtin_plugins/access_control/CMakeFiles/dds_security_ac.dir/src/access_control_objects.c.o
[76.462s] [245/264] Building C object src/security/builtin_plugins/access_control/CMakeFiles/dds_security_ac.dir/src/access_control_parser.c.o
[76.729s] [246/264] Building C object src/security/builtin_plugins/access_control/CMakeFiles/dds_security_ac.dir/src/access_control_utils.c.o
[76.965s] [247/264] Building C object src/security/builtin_plugins/access_control/CMakeFiles/dds_security_ac.dir/src/access_control.c.o
[77.189s] [248/264] Building C object src/security/builtin_plugins/access_control/CMakeFiles/dds_security_ac.dir/__/__/openssl/src/openssl_support.c.o
[77.477s] [249/264] Building C object src/security/builtin_plugins/authentication/CMakeFiles/dds_security_auth.dir/src/authentication.c.o
[77.748s] [250/264] Building C object src/security/builtin_plugins/authentication/CMakeFiles/dds_security_auth.dir/src/auth_utils.c.o
[77.994s] [251/264] Building C object src/security/builtin_plugins/authentication/CMakeFiles/dds_security_auth.dir/__/__/openssl/src/openssl_support.c.o
[78.275s] [252/264] Building C object src/security/builtin_plugins/cryptographic/CMakeFiles/dds_security_crypto.dir/src/crypto_cipher.c.o
[78.519s] [253/264] Building C object src/security/builtin_plugins/cryptographic/CMakeFiles/dds_security_crypto.dir/src/crypto_key_exchange.c.o
[78.760s] [254/264] Building C object src/security/builtin_plugins/cryptographic/CMakeFiles/dds_security_crypto.dir/src/crypto_key_factory.c.o
[78.997s] [255/264] Building C object src/security/builtin_plugins/cryptographic/CMakeFiles/dds_security_crypto.dir/src/crypto_objects.c.o
[79.215s] [256/264] Building C object src/security/builtin_plugins/cryptographic/CMakeFiles/dds_security_crypto.dir/src/crypto_transform.c.o
[79.454s] [257/264] Building C object src/security/builtin_plugins/cryptographic/CMakeFiles/dds_security_crypto.dir/src/crypto_utils.c.o
[79.662s] [258/264] Building C object src/security/builtin_plugins/cryptographic/CMakeFiles/dds_security_crypto.dir/src/cryptography.c.o
[79.936s] [259/264] Building C object src/security/builtin_plugins/cryptographic/CMakeFiles/dds_security_crypto.dir/__/__/openssl/src/openssl_support.c.o
[80.032s] [260/264] Linking C executable bin/ddsperf
[80.172s] [261/264] Linking C static library lib/libddsrt-internal.a
[80.249s] [262/264] Linking C shared library lib/libdds_security_ac.dylib
[80.315s] [263/264] Linking C shared library lib/libdds_security_auth.dylib
[80.386s] [264/264] Linking C shared library lib/libdds_security_crypto.dylib
[80.396s] Invoked command in '/Users/runner/work/pixi_rosdistro/pixi_rosdistro/build/cyclonedds' returned '0': CMAKE_PREFIX_PATH=/Users/runner/work/pixi_rosdistro/pixi_rosdistro/install DYLD_LIBRARY_PATH=/Users/runner/work/pixi_rosdistro/pixi_rosdistro/install/lib PATH=/Users/runner/work/pixi_rosdistro/pixi_rosdistro/install/bin:${PATH} PIXI_PROMPT=(ros2_rolling) PKG_CONFIG_PATH=/Users/runner/work/pixi_rosdistro/pixi_rosdistro/install/lib/pkgconfig PYTHONPATH=/Users/runner/work/pixi_rosdistro/pixi_rosdistro/install/lib/python3.12/site-packages ROS_DOMAIN_ID=2 SHLVL=3 _=/usr/bin/env /Users/runner/work/pixi_rosdistro/pixi_rosdistro/.pixi/envs/default/bin/cmake --build /Users/runner/work/pixi_rosdistro/pixi_rosdistro/build/cyclonedds -- -j3 -l3
[80.414s] Invoking command in '/Users/runner/work/pixi_rosdistro/pixi_rosdistro/build/cyclonedds': CMAKE_PREFIX_PATH=/Users/runner/work/pixi_rosdistro/pixi_rosdistro/install DYLD_LIBRARY_PATH=/Users/runner/work/pixi_rosdistro/pixi_rosdistro/install/lib PATH=/Users/runner/work/pixi_rosdistro/pixi_rosdistro/install/bin:${PATH} PIXI_PROMPT=(ros2_rolling) PKG_CONFIG_PATH=/Users/runner/work/pixi_rosdistro/pixi_rosdistro/install/lib/pkgconfig PYTHONPATH=/Users/runner/work/pixi_rosdistro/pixi_rosdistro/install/lib/python3.12/site-packages ROS_DOMAIN_ID=2 SHLVL=3 _=/usr/bin/env /Users/runner/work/pixi_rosdistro/pixi_rosdistro/.pixi/envs/default/bin/cmake --install /Users/runner/work/pixi_rosdistro/pixi_rosdistro/build/cyclonedds
[80.432s] -- Install configuration: "Release"
[80.433s] -- Installing: /Users/runner/work/pixi_rosdistro/pixi_rosdistro/install/lib/cmake/CycloneDDS/CycloneDDSConfig.cmake
[80.434s] -- Installing: /Users/runner/work/pixi_rosdistro/pixi_rosdistro/install/lib/cmake/CycloneDDS/CycloneDDSConfigVersion.cmake
[80.434s] -- Installing: /Users/runner/work/pixi_rosdistro/pixi_rosdistro/install/lib/cmake/CycloneDDS/CycloneDDSTargets.cmake
[80.435s] -- Installing: /Users/runner/work/pixi_rosdistro/pixi_rosdistro/install/lib/cmake/CycloneDDS/CycloneDDSTargets-release.cmake
[80.435s] -- Installing: /Users/runner/work/pixi_rosdistro/pixi_rosdistro/install/lib/pkgconfig/CycloneDDS.pc
[80.437s] -- Installing: /Users/runner/work/pixi_rosdistro/pixi_rosdistro/install/include/idlc
[80.437s] -- Installing: /Users/runner/work/pixi_rosdistro/pixi_rosdistro/install/include/idlc/options.h
[80.437s] -- Installing: /Users/runner/work/pixi_rosdistro/pixi_rosdistro/install/include/idlc/generator.h
[80.437s] -- Installing: /Users/runner/work/pixi_rosdistro/pixi_rosdistro/install/bin/idlc
[80.437s] -- Installing: /Users/runner/work/pixi_rosdistro/pixi_rosdistro/install/lib/cmake/CycloneDDS/idlc/Generate.cmake
[80.441s] -- Installing: /Users/runner/work/pixi_rosdistro/pixi_rosdistro/install/bin/ddsperf
[80.441s] -- Up-to-date: /Users/runner/work/pixi_rosdistro/pixi_rosdistro/install/include
[80.443s] -- Installing: /Users/runner/work/pixi_rosdistro/pixi_rosdistro/install/include/dds
[80.443s] -- Installing: /Users/runner/work/pixi_rosdistro/pixi_rosdistro/install/include/dds/ddsrt
[80.443s] -- Installing: /Users/runner/work/pixi_rosdistro/pixi_rosdistro/install/include/dds/ddsrt/time.h
[80.443s] -- Installing: /Users/runner/work/pixi_rosdistro/pixi_rosdistro/install/include/dds/ddsrt/filesystem.h
[80.443s] -- Installing: /Users/runner/work/pixi_rosdistro/pixi_rosdistro/install/include/dds/ddsrt/hopscotch.h
[80.443s] -- Installing: /Users/runner/work/pixi_rosdistro/pixi_rosdistro/install/include/dds/ddsrt/align.h
[80.443s] -- Installing: /Users/runner/work/pixi_rosdistro/pixi_rosdistro/install/include/dds/ddsrt/types
[80.443s] -- Installing: /Users/runner/work/pixi_rosdistro/pixi_rosdistro/install/include/dds/ddsrt/types/vxworks.h
[80.443s] -- Installing: /Users/runner/work/pixi_rosdistro/pixi_rosdistro/install/include/dds/ddsrt/types/windows.h
[80.443s] -- Installing: /Users/runner/work/pixi_rosdistro/pixi_rosdistro/install/include/dds/ddsrt/types/posix.h
[80.443s] -- Installing: /Users/runner/work/pixi_rosdistro/pixi_rosdistro/install/include/dds/ddsrt/xmlparser.h
[80.443s] -- Installing: /Users/runner/work/pixi_rosdistro/pixi_rosdistro/install/include/dds/ddsrt/sockets
[80.443s] -- Installing: /Users/runner/work/pixi_rosdistro/pixi_rosdistro/install/include/dds/ddsrt/sockets/windows.h
[80.443s] -- Installing: /Users/runner/work/pixi_rosdistro/pixi_rosdistro/install/include/dds/ddsrt/sockets/posix.h
[80.444s] -- Installing: /Users/runner/work/pixi_rosdistro/pixi_rosdistro/install/include/dds/ddsrt/sync.h
[80.444s] -- Installing: /Users/runner/work/pixi_rosdistro/pixi_rosdistro/install/include/dds/ddsrt/types.h
[80.444s] -- Installing: /Users/runner/work/pixi_rosdistro/pixi_rosdistro/install/include/dds/ddsrt/misc.h
[80.444s] -- Installing: /Users/runner/work/pixi_rosdistro/pixi_rosdistro/install/include/dds/ddsrt/endian.h
[80.444s] -- Installing: /Users/runner/work/pixi_rosdistro/pixi_rosdistro/install/include/dds/ddsrt/mh3.h
[80.444s] -- Installing: /Users/runner/work/pixi_rosdistro/pixi_rosdistro/install/include/dds/ddsrt/md5.h
[80.444s] -- Installing: /Users/runner/work/pixi_rosdistro/pixi_rosdistro/install/include/dds/ddsrt/strtod.h
[80.444s] -- Installing: /Users/runner/work/pixi_rosdistro/pixi_rosdistro/install/include/dds/ddsrt/dynlib.h
[80.445s] -- Installing: /Users/runner/work/pixi_rosdistro/pixi_rosdistro/install/include/dds/ddsrt/countargs.h
[80.445s] -- Installing: /Users/runner/work/pixi_rosdistro/pixi_rosdistro/install/include/dds/ddsrt/iovec.h
[80.446s] -- Installing: /Users/runner/work/pixi_rosdistro/pixi_rosdistro/install/include/dds/ddsrt/attributes.h
[80.446s] -- Installing: /Users/runner/work/pixi_rosdistro/pixi_rosdistro/install/include/dds/ddsrt/threads.h
[80.446s] -- Installing: /Users/runner/work/pixi_rosdistro/pixi_rosdistro/install/include/dds/ddsrt/atomics
[80.446s] -- Installing: /Users/runner/work/pixi_rosdistro/pixi_rosdistro/install/include/dds/ddsrt/atomics/arm.h
[80.446s] -- Installing: /Users/runner/work/pixi_rosdistro/pixi_rosdistro/install/include/dds/ddsrt/atomics/msvc.h
[80.449s] -- Installing: /Users/runner/work/pixi_rosdistro/pixi_rosdistro/install/include/dds/ddsrt/atomics/sun.h
[80.449s] -- Installing: /Users/runner/work/pixi_rosdistro/pixi_rosdistro/install/include/dds/ddsrt/atomics/gcc.h
[80.449s] -- Installing: /Users/runner/work/pixi_rosdistro/pixi_rosdistro/install/include/dds/ddsrt/expand_vars.h
[80.449s] -- Installing: /Users/runner/work/pixi_rosdistro/pixi_rosdistro/install/include/dds/ddsrt/environ.h
[80.449s] -- Installing: /Users/runner/work/pixi_rosdistro/pixi_rosdistro/install/include/dds/ddsrt/filesystem
[80.449s] -- Installing: /Users/runner/work/pixi_rosdistro/pixi_rosdistro/install/include/dds/ddsrt/filesystem/windows.h
[80.449s] -- Installing: /Users/runner/work/pixi_rosdistro/pixi_rosdistro/install/include/dds/ddsrt/filesystem/posix.h
[80.449s] -- Installing: /Users/runner/work/pixi_rosdistro/pixi_rosdistro/install/include/dds/ddsrt/time
[80.449s] -- Installing: /Users/runner/work/pixi_rosdistro/pixi_rosdistro/install/include/dds/ddsrt/time/freertos.h
[80.450s] -- Installing: /Users/runner/work/pixi_rosdistro/pixi_rosdistro/install/include/dds/ddsrt/static_assert.h
[80.450s] -- Installing: /Users/runner/work/pixi_rosdistro/pixi_rosdistro/install/include/dds/ddsrt/sockets.h
[80.450s] -- Installing: /Users/runner/work/pixi_rosdistro/pixi_rosdistro/install/include/dds/ddsrt/atomics.h
[80.450s] -- Installing: /Users/runner/work/pixi_rosdistro/pixi_rosdistro/install/include/dds/ddsrt/avl.h
[80.450s] -- Installing: /Users/runner/work/pixi_rosdistro/pixi_rosdistro/install/include/dds/ddsrt/log.h
[80.450s] -- Installing: /Users/runner/work/pixi_rosdistro/pixi_rosdistro/install/include/dds/ddsrt/threads
[80.450s] -- Installing: /Users/runner/work/pixi_rosdistro/pixi_rosdistro/install/include/dds/ddsrt/threads/windows.h
[80.450s] -- Installing: /Users/runner/work/pixi_rosdistro/pixi_rosdistro/install/include/dds/ddsrt/threads/posix.h
[80.450s] -- Installing: /Users/runner/work/pixi_rosdistro/pixi_rosdistro/install/include/dds/ddsrt/threads/freertos.h
[80.450s] -- Installing: /Users/runner/work/pixi_rosdistro/pixi_rosdistro/install/include/dds/ddsrt/fibheap.h
[80.451s] -- Installing: /Users/runner/work/pixi_rosdistro/pixi_rosdistro/install/include/dds/ddsrt/bswap.h
[80.451s] -- Installing: /Users/runner/work/pixi_rosdistro/pixi_rosdistro/install/include/dds/ddsrt/io.h
[80.451s] -- Installing: /Users/runner/work/pixi_rosdistro/pixi_rosdistro/install/include/dds/ddsrt/sched.h
[80.451s] -- Installing: /Users/runner/work/pixi_rosdistro/pixi_rosdistro/install/include/dds/ddsrt/heap.h
[80.451s] -- Installing: /Users/runner/work/pixi_rosdistro/pixi_rosdistro/install/include/dds/ddsrt/process.h
[80.451s] -- Installing: /Users/runner/work/pixi_rosdistro/pixi_rosdistro/install/include/dds/ddsrt/cdtors.h
[80.451s] -- Installing: /Users/runner/work/pixi_rosdistro/pixi_rosdistro/install/include/dds/ddsrt/circlist.h
[80.453s] -- Installing: /Users/runner/work/pixi_rosdistro/pixi_rosdistro/install/include/dds/ddsrt/sync
[80.453s] -- Installing: /Users/runner/work/pixi_rosdistro/pixi_rosdistro/install/include/dds/ddsrt/sync/windows.h
[80.453s] -- Installing: /Users/runner/work/pixi_rosdistro/pixi_rosdistro/install/include/dds/ddsrt/sync/posix.h
[80.457s] -- Installing: /Users/runner/work/pixi_rosdistro/pixi_rosdistro/install/include/dds/ddsrt/sync/freertos.h
[80.457s] -- Installing: /Users/runner/work/pixi_rosdistro/pixi_rosdistro/install/include/dds/ddsrt/strtol.h
[80.457s] -- Installing: /Users/runner/work/pixi_rosdistro/pixi_rosdistro/install/include/dds/ddsrt/rusage.h
[80.457s] -- Installing: /Users/runner/work/pixi_rosdistro/pixi_rosdistro/install/include/dds/ddsrt/ifaddrs.h
[80.457s] -- Installing: /Users/runner/work/pixi_rosdistro/pixi_rosdistro/install/include/dds/ddsrt/random.h
[80.457s] -- Installing: /Users/runner/work/pixi_rosdistro/pixi_rosdistro/install/include/dds/ddsrt/retcode.h
[80.457s] -- Installing: /Users/runner/work/pixi_rosdistro/pixi_rosdistro/install/include/dds/ddsrt/netstat.h
[80.457s] -- Installing: /Users/runner/work/pixi_rosdistro/pixi_rosdistro/install/include/dds/ddsrt/arch.h
[80.457s] -- Installing: /Users/runner/work/pixi_rosdistro/pixi_rosdistro/install/include/dds/ddsrt/string.h
[80.457s] -- Up-to-date: /Users/runner/work/pixi_rosdistro/pixi_rosdistro/install/include
[80.457s] -- Up-to-date: /Users/runner/work/pixi_rosdistro/pixi_rosdistro/install/include/dds
[80.457s] -- Installing: /Users/runner/work/pixi_rosdistro/pixi_rosdistro/install/include/dds/version.h
[80.457s] -- Installing: /Users/runner/work/pixi_rosdistro/pixi_rosdistro/install/include/dds/config.h
[80.457s] -- Installing: /Users/runner/work/pixi_rosdistro/pixi_rosdistro/install/include/dds/features.h
[80.460s] -- Installing: /Users/runner/work/pixi_rosdistro/pixi_rosdistro/install/include/idl
[80.460s] -- Installing: /Users/runner/work/pixi_rosdistro/pixi_rosdistro/install/include/idl/processor.h
[80.460s] -- Installing: /Users/runner/work/pixi_rosdistro/pixi_rosdistro/install/include/idl/symbol.h
[80.461s] -- Installing: /Users/runner/work/pixi_rosdistro/pixi_rosdistro/install/include/idl/visit.h
[80.461s] -- Installing: /Users/runner/work/pixi_rosdistro/pixi_rosdistro/install/include/idl/file.h
[80.461s] -- Installing: /Users/runner/work/pixi_rosdistro/pixi_rosdistro/install/include/idl/tree.h
[80.461s] -- Installing: /Users/runner/work/pixi_rosdistro/pixi_rosdistro/install/include/idl/stream.h
[80.461s] -- Installing: /Users/runner/work/pixi_rosdistro/pixi_rosdistro/install/include/idl/expression.h
[80.461s] -- Installing: /Users/runner/work/pixi_rosdistro/pixi_rosdistro/install/include/idl/print.h
[80.461s] -- Installing: /Users/runner/work/pixi_rosdistro/pixi_rosdistro/install/include/idl/scope.h
[80.461s] -- Installing: /Users/runner/work/pixi_rosdistro/pixi_rosdistro/install/include/idl/retcode.h
[80.461s] -- Installing: /Users/runner/work/pixi_rosdistro/pixi_rosdistro/install/include/idl/string.h
[80.462s] -- Up-to-date: /Users/runner/work/pixi_rosdistro/pixi_rosdistro/install/include/idl
[80.463s] -- Installing: /Users/runner/work/pixi_rosdistro/pixi_rosdistro/install/include/idl/version.h
[80.463s] -- Installing: /Users/runner/work/pixi_rosdistro/pixi_rosdistro/install/include/idl/export.h
[80.463s] -- Installing: /Users/runner/work/pixi_rosdistro/pixi_rosdistro/install/include/idl/misc.h
[80.463s] -- Installing: /Users/runner/work/pixi_rosdistro/pixi_rosdistro/install/include/idl/endian.h
[80.463s] -- Installing: /Users/runner/work/pixi_rosdistro/pixi_rosdistro/install/include/idl/md5.h
[80.463s] -- Installing: /Users/runner/work/pixi_rosdistro/pixi_rosdistro/install/include/idl/attributes.h
[80.463s] -- Installing: /Users/runner/work/pixi_rosdistro/pixi_rosdistro/install/lib/libcycloneddsidl.0.10.5.dylib
[80.463s] -- Installing: /Users/runner/work/pixi_rosdistro/pixi_rosdistro/install/lib/libcycloneddsidl.0.dylib
[80.463s] -- Installing: /Users/runner/work/pixi_rosdistro/pixi_rosdistro/install/lib/libcycloneddsidl.dylib
[80.463s] -- Up-to-date: /Users/runner/work/pixi_rosdistro/pixi_rosdistro/install/include
[80.463s] -- Up-to-date: /Users/runner/work/pixi_rosdistro/pixi_rosdistro/install/include/dds
[80.464s] -- Installing: /Users/runner/work/pixi_rosdistro/pixi_rosdistro/install/include/dds/security
[80.464s] -- Installing: /Users/runner/work/pixi_rosdistro/pixi_rosdistro/install/include/dds/security/dds_security_api.h
[80.464s] -- Installing: /Users/runner/work/pixi_rosdistro/pixi_rosdistro/install/include/dds/security/dds_security_api_types.h
[80.464s] -- Installing: /Users/runner/work/pixi_rosdistro/pixi_rosdistro/install/include/dds/security/dds_security_api_cryptography.h
[80.464s] -- Installing: /Users/runner/work/pixi_rosdistro/pixi_rosdistro/install/include/dds/security/dds_security_api_defs.h
[80.464s] -- Installing: /Users/runner/work/pixi_rosdistro/pixi_rosdistro/install/include/dds/security/dds_security_api_authentication.h
[80.464s] -- Installing: /Users/runner/work/pixi_rosdistro/pixi_rosdistro/install/include/dds/security/dds_security_api_access_control.h
[80.464s] -- Installing: /Users/runner/work/pixi_rosdistro/pixi_rosdistro/install/include/dds/security/dds_security_api_err.h
[80.464s] -- Installing: /Users/runner/work/pixi_rosdistro/pixi_rosdistro/install/include/dds/security/core/
[80.464s] -- Installing: /Users/runner/work/pixi_rosdistro/pixi_rosdistro/install/include/dds/security/core//dds_security_utils.h
[80.465s] -- Installing: /Users/runner/work/pixi_rosdistro/pixi_rosdistro/install/include/dds/security/core//dds_security_serialize.h
[80.465s] -- Installing: /Users/runner/work/pixi_rosdistro/pixi_rosdistro/install/include/dds/security/core//dds_security_types.h
[80.465s] -- Installing: /Users/runner/work/pixi_rosdistro/pixi_rosdistro/install/include/dds/security/core//shared_secret.h
[80.465s] -- Installing: /Users/runner/work/pixi_rosdistro/pixi_rosdistro/install/include/dds/security/core//dds_security_plugins.h
[80.466s] -- Installing: /Users/runner/work/pixi_rosdistro/pixi_rosdistro/install/include/dds/security/core//dds_security_timed_cb.h
[80.466s] -- Installing: /Users/runner/work/pixi_rosdistro/pixi_rosdistro/install/include/dds/security/core//dds_security_fsm.h
[80.466s] -- Installing: /Users/runner/work/pixi_rosdistro/pixi_rosdistro/install/lib/libdds_security_ac.dylib
[80.466s] -- Installing: /Users/runner/work/pixi_rosdistro/pixi_rosdistro/install/lib/libdds_security_auth.dylib
[80.466s] -- Installing: /Users/runner/work/pixi_rosdistro/pixi_rosdistro/install/lib/libdds_security_crypto.dylib
[80.466s] -- Up-to-date: /Users/runner/work/pixi_rosdistro/pixi_rosdistro/install/include
[80.466s] -- Up-to-date: /Users/runner/work/pixi_rosdistro/pixi_rosdistro/install/include/dds
[80.466s] -- Installing: /Users/runner/work/pixi_rosdistro/pixi_rosdistro/install/include/dds/ddsi
[80.467s] -- Installing: /Users/runner/work/pixi_rosdistro/pixi_rosdistro/install/include/dds/ddsi/ddsi_guid.h
[80.470s] -- Installing: /Users/runner/work/pixi_rosdistro/pixi_rosdistro/install/include/dds/ddsi/q_xmsg.h
[80.470s] -- Installing: /Users/runner/work/pixi_rosdistro/pixi_rosdistro/install/include/dds/ddsi/ddsi_entity_match.h
[80.470s] -- Installing: /Users/runner/work/pixi_rosdistro/pixi_rosdistro/install/include/dds/ddsi/ddsi_xt_impl.h
[80.472s] -- Installing: /Users/runner/work/pixi_rosdistro/pixi_rosdistro/install/include/dds/ddsi/q_bitset.h
[80.472s] -- Installing: /Users/runner/work/pixi_rosdistro/pixi_rosdistro/install/include/dds/ddsi/ddsi_participant.h
[80.472s] -- Installing: /Users/runner/work/pixi_rosdistro/pixi_rosdistro/install/include/dds/ddsi/ddsi_endpoint.h
[80.472s] -- Installing: /Users/runner/work/pixi_rosdistro/pixi_rosdistro/install/include/dds/ddsi/ddsi_pmd.h
[80.473s] -- Installing: /Users/runner/work/pixi_rosdistro/pixi_rosdistro/install/include/dds/ddsi/ddsi_sertopic.h
[80.473s] -- Installing: /Users/runner/work/pixi_rosdistro/pixi_rosdistro/install/include/dds/ddsi/ddsi_security_util.h
[80.473s] -- Installing: /Users/runner/work/pixi_rosdistro/pixi_rosdistro/install/include/dds/ddsi/ddsi_typebuilder.h
[80.473s] -- Installing: /Users/runner/work/pixi_rosdistro/pixi_rosdistro/install/include/dds/ddsi/ddsi_list_genptr.h
[80.473s] -- Installing: /Users/runner/work/pixi_rosdistro/pixi_rosdistro/install/include/dds/ddsi/ddsi_mcgroup.h
[80.473s] -- Installing: /Users/runner/work/pixi_rosdistro/pixi_rosdistro/install/include/dds/ddsi/ddsi_raweth.h
[80.473s] -- Installing: /Users/runner/work/pixi_rosdistro/pixi_rosdistro/install/include/dds/ddsi/ddsi_typelookup.h
[80.473s] -- Installing: /Users/runner/work/pixi_rosdistro/pixi_rosdistro/install/include/dds/ddsi/ddsi_xt_typemap.idl
[80.473s] -- Installing: /Users/runner/work/pixi_rosdistro/pixi_rosdistro/install/include/dds/ddsi/q_misc.h
[80.473s] -- Installing: /Users/runner/work/pixi_rosdistro/pixi_rosdistro/install/include/dds/ddsi/q_gc.h
[80.473s] -- Installing: /Users/runner/work/pixi_rosdistro/pixi_rosdistro/install/include/dds/ddsi/ddsi_statistics.h
[80.473s] -- Installing: /Users/runner/work/pixi_rosdistro/pixi_rosdistro/install/include/dds/ddsi/ddsi_cfgunits.h
[80.474s] -- Installing: /Users/runner/work/pixi_rosdistro/pixi_rosdistro/install/include/dds/ddsi/ddsi_vendor.h
[80.474s] -- Installing: /Users/runner/work/pixi_rosdistro/pixi_rosdistro/install/include/dds/ddsi/ddsi_portmapping.h
[80.474s] -- Installing: /Users/runner/work/pixi_rosdistro/pixi_rosdistro/install/include/dds/ddsi/ddsi_deliver_locally.h
[80.477s] -- Installing: /Users/runner/work/pixi_rosdistro/pixi_rosdistro/install/include/dds/ddsi/ddsi_udp.h
[80.477s] -- Installing: /Users/runner/work/pixi_rosdistro/pixi_rosdistro/install/include/dds/ddsi/ddsi_xt_typeinfo.idl
[80.477s] -- Installing: /Users/runner/work/pixi_rosdistro/pixi_rosdistro/install/include/dds/ddsi/ddsi_security_omg.h
[80.477s] -- Installing: /Users/runner/work/pixi_rosdistro/pixi_rosdistro/install/include/dds/ddsi/q_unused.h
[80.477s] -- Installing: /Users/runner/work/pixi_rosdistro/pixi_rosdistro/install/include/dds/ddsi/q_hbcontrol.h
[80.477s] -- Installing: /Users/runner/work/pixi_rosdistro/pixi_rosdistro/install/include/dds/ddsi/ddsi_topic.h
[80.477s] -- Installing: /Users/runner/work/pixi_rosdistro/pixi_rosdistro/install/include/dds/ddsi/ddsi_xqos.h
[80.477s] -- Installing: /Users/runner/work/pixi_rosdistro/pixi_rosdistro/install/include/dds/ddsi/ddsi_vnet.h
[80.477s] -- Installing: /Users/runner/work/pixi_rosdistro/pixi_rosdistro/install/include/dds/ddsi/ddsi_ssl.h
[80.480s] -- Installing: /Users/runner/work/pixi_rosdistro/pixi_rosdistro/install/include/dds/ddsi/ddsi_ownip.h
[80.480s] -- Installing: /Users/runner/work/pixi_rosdistro/pixi_rosdistro/install/include/dds/ddsi/ddsi_plist.h
[80.480s] -- Installing: /Users/runner/work/pixi_rosdistro/pixi_rosdistro/install/include/dds/ddsi/ddsi_entity.h
[80.480s] -- Installing: /Users/runner/work/pixi_rosdistro/pixi_rosdistro/install/include/dds/ddsi/ddsi_time.h
[80.480s] -- Installing: /Users/runner/work/pixi_rosdistro/pixi_rosdistro/install/include/dds/ddsi/ddsi_domaingv.h
[80.480s] -- Installing: /Users/runner/work/pixi_rosdistro/pixi_rosdistro/install/include/dds/ddsi/ddsi_keyhash.h
[80.480s] -- Installing: /Users/runner/work/pixi_rosdistro/pixi_rosdistro/install/include/dds/ddsi/ddsi_acknack.h
[80.482s] -- Installing: /Users/runner/work/pixi_rosdistro/pixi_rosdistro/install/include/dds/ddsi/q_sockwaitset.h
[80.482s] -- Installing: /Users/runner/work/pixi_rosdistro/pixi_rosdistro/install/include/dds/ddsi/q_bswap.h
[80.484s] -- Installing: /Users/runner/work/pixi_rosdistro/pixi_rosdistro/install/include/dds/ddsi/ddsi_lifespan.h
[80.484s] -- Installing: /Users/runner/work/pixi_rosdistro/pixi_rosdistro/install/include/dds/ddsi/ddsi_serdata_default.h
[80.484s] -- Installing: /Users/runner/work/pixi_rosdistro/pixi_rosdistro/install/include/dds/ddsi/ddsi_proxy_participant.h
[80.484s] -- Installing: /Users/runner/work/pixi_rosdistro/pixi_rosdistro/install/include/dds/ddsi/ddsi_wraddrset.h
[80.484s] -- Installing: /Users/runner/work/pixi_rosdistro/pixi_rosdistro/install/include/dds/ddsi/ddsi_tkmap.h
[80.484s] -- Installing: /Users/runner/work/pixi_rosdistro/pixi_rosdistro/install/include/dds/ddsi/ddsi_xt_typeinfo.h
[80.484s] -- Installing: /Users/runner/work/pixi_rosdistro/pixi_rosdistro/install/include/dds/ddsi/q_debmon.h
[80.484s] -- Installing: /Users/runner/work/pixi_rosdistro/pixi_rosdistro/install/include/dds/ddsi/ddsi_rhc.h
[80.484s] -- Installing: /Users/runner/work/pixi_rosdistro/pixi_rosdistro/install/include/dds/ddsi/q_lease.h
[80.484s] -- Installing: /Users/runner/work/pixi_rosdistro/pixi_rosdistro/install/include/dds/ddsi/q_xevent.h
[80.484s] -- Installing: /Users/runner/work/pixi_rosdistro/pixi_rosdistro/install/include/dds/ddsi/ddsi_xt_typemap.h
[80.485s] -- Installing: /Users/runner/work/pixi_rosdistro/pixi_rosdistro/install/include/dds/ddsi/q_transmit.h
[80.485s] -- Installing: /Users/runner/work/pixi_rosdistro/pixi_rosdistro/install/include/dds/ddsi/q_ddsi_discovery.h
[80.485s] -- Installing: /Users/runner/work/pixi_rosdistro/pixi_rosdistro/install/include/dds/ddsi/q_freelist.h
[80.485s] -- Installing: /Users/runner/work/pixi_rosdistro/pixi_rosdistro/install/include/dds/ddsi/q_thread.h
[80.485s] -- Installing: /Users/runner/work/pixi_rosdistro/pixi_rosdistro/install/include/dds/ddsi/ddsi_plist_generic.h
[80.485s] -- Installing: /Users/runner/work/pixi_rosdistro/pixi_rosdistro/install/include/dds/ddsi/q_protocol.h
[80.485s] -- Installing: /Users/runner/work/pixi_rosdistro/pixi_rosdistro/install/include/dds/ddsi/ddsi_ipaddr.h
[80.485s] -- Installing: /Users/runner/work/pixi_rosdistro/pixi_rosdistro/install/include/dds/ddsi/q_qosmatch.h
[80.485s] -- Installing: /Users/runner/work/pixi_rosdistro/pixi_rosdistro/install/include/dds/ddsi/ddsi_entity_index.h
[80.485s] -- Installing: /Users/runner/work/pixi_rosdistro/pixi_rosdistro/install/include/dds/ddsi/ddsi_shm_transport.h
[80.485s] -- Installing: /Users/runner/work/pixi_rosdistro/pixi_rosdistro/install/include/dds/ddsi/ddsi_cfgelems.h
[80.485s] -- Installing: /Users/runner/work/pixi_rosdistro/pixi_rosdistro/install/include/dds/ddsi/ddsi_serdata.h
[80.485s] -- Installing: /Users/runner/work/pixi_rosdistro/pixi_rosdistro/install/include/dds/ddsi/ddsi_builtin_topic_if.h
[80.485s] -- Installing: /Users/runner/work/pixi_rosdistro/pixi_rosdistro/install/include/dds/ddsi/ddsi_list_tmpl.h
[80.485s] -- Installing: /Users/runner/work/pixi_rosdistro/pixi_rosdistro/install/include/dds/ddsi/q_init.h
[80.486s] -- Installing: /Users/runner/work/pixi_rosdistro/pixi_rosdistro/install/include/dds/ddsi/ddsi_deadline.h
[80.486s] -- Installing: /Users/runner/work/pixi_rosdistro/pixi_rosdistro/install/include/dds/ddsi/q_addrset.h
[80.486s] -- Installing: /Users/runner/work/pixi_rosdistro/pixi_rosdistro/install/include/dds/ddsi/ddsi_serdata_plist.h
[80.486s] -- Installing: /Users/runner/work/pixi_rosdistro/pixi_rosdistro/install/include/dds/ddsi/q_inverse_uint32_set.h
[80.486s] -- Installing: /Users/runner/work/pixi_rosdistro/pixi_rosdistro/install/include/dds/ddsi/ddsi_config.h
[80.486s] -- Installing: /Users/runner/work/pixi_rosdistro/pixi_rosdistro/install/include/dds/ddsi/ddsi_xt_typelookup.idl
[80.486s] -- Installing: /Users/runner/work/pixi_rosdistro/pixi_rosdistro/install/include/dds/ddsi/ddsi_typewrap.h
[80.486s] -- Installing: /Users/runner/work/pixi_rosdistro/pixi_rosdistro/install/include/dds/ddsi/q_log.h
[80.486s] -- Installing: /Users/runner/work/pixi_rosdistro/pixi_rosdistro/install/include/dds/ddsi/ddsi_cdrstream.h
[80.486s] -- Installing: /Users/runner/work/pixi_rosdistro/pixi_rosdistro/install/include/dds/ddsi/ddsi_threadmon.h
[80.486s] -- Installing: /Users/runner/work/pixi_rosdistro/pixi_rosdistro/install/include/dds/ddsi/ddsi_tcp.h
[80.486s] -- Installing: /Users/runner/work/pixi_rosdistro/pixi_rosdistro/install/include/dds/ddsi/ddsi_locator.h
[80.487s] -- Installing: /Users/runner/work/pixi_rosdistro/pixi_rosdistro/install/include/dds/ddsi/q_pcap.h
[80.487s] -- Installing: /Users/runner/work/pixi_rosdistro/pixi_rosdistro/install/include/dds/ddsi/sysdeps.h
[80.487s] -- Installing: /Users/runner/work/pixi_rosdistro/pixi_rosdistro/install/include/dds/ddsi/q_feature_check.h
[80.487s] -- Installing: /Users/runner/work/pixi_rosdistro/pixi_rosdistro/install/include/dds/ddsi/q_whc.h
[80.487s] -- Installing: /Users/runner/work/pixi_rosdistro/pixi_rosdistro/install/include/dds/ddsi/ddsi_security_exchange.h
[80.487s] -- Installing: /Users/runner/work/pixi_rosdistro/pixi_rosdistro/install/include/dds/ddsi/q_receive.h
[80.487s] -- Installing: /Users/runner/work/pixi_rosdistro/pixi_rosdistro/install/include/dds/ddsi/ddsi_iid.h
[80.487s] -- Installing: /Users/runner/work/pixi_rosdistro/pixi_rosdistro/install/include/dds/ddsi/ddsi_config_impl.h
[80.487s] -- Installing: /Users/runner/work/pixi_rosdistro/pixi_rosdistro/install/include/dds/ddsi/ddsi_proxy_endpoint.h
[80.487s] -- Installing: /Users/runner/work/pixi_rosdistro/pixi_rosdistro/install/include/dds/ddsi/ddsi_serdata_pserop.h
[80.487s] -- Installing: /Users/runner/work/pixi_rosdistro/pixi_rosdistro/install/include/dds/ddsi/q_radmin.h
[80.487s] -- Installing: /Users/runner/work/pixi_rosdistro/pixi_rosdistro/install/include/dds/ddsi/ddsi_tran.h
[80.487s] -- Installing: /Users/runner/work/pixi_rosdistro/pixi_rosdistro/install/include/dds/ddsi/ddsi_typelib.h
[80.488s] -- Installing: /Users/runner/work/pixi_rosdistro/pixi_rosdistro/install/include/dds/ddsi/q_lat_estim.h
[80.488s] -- Installing: /Users/runner/work/pixi_rosdistro/pixi_rosdistro/install/include/dds/ddsi/ddsi_sertype.h
[80.488s] -- Installing: /Users/runner/work/pixi_rosdistro/pixi_rosdistro/install/include/dds/ddsi/ddsi_security_msg.h
[80.488s] -- Installing: /Users/runner/work/pixi_rosdistro/pixi_rosdistro/install/include/dds/ddsi/ddsi_xt_typelookup.h
[80.488s] -- Installing: /Users/runner/work/pixi_rosdistro/pixi_rosdistro/install/include/dds/ddsi/ddsi_handshake.h
[80.488s] -- Installing: /Users/runner/work/pixi_rosdistro/pixi_rosdistro/install/include/dds/ddsi/q_rtps.h
[80.489s] -- Up-to-date: /Users/runner/work/pixi_rosdistro/pixi_rosdistro/install/include
[80.489s] -- Up-to-date: /Users/runner/work/pixi_rosdistro/pixi_rosdistro/install/include/dds
[80.489s] -- Installing: /Users/runner/work/pixi_rosdistro/pixi_rosdistro/install/include/dds/dds.h
[80.489s] -- Installing: /Users/runner/work/pixi_rosdistro/pixi_rosdistro/install/include/dds/ddsc
[80.489s] -- Installing: /Users/runner/work/pixi_rosdistro/pixi_rosdistro/install/include/dds/ddsc/dds_data_allocator.h
[80.489s] -- Installing: /Users/runner/work/pixi_rosdistro/pixi_rosdistro/install/include/dds/ddsc/dds_loan_api.h
[80.489s] -- Installing: /Users/runner/work/pixi_rosdistro/pixi_rosdistro/install/include/dds/ddsc/dds_opcodes.h
[80.489s] -- Installing: /Users/runner/work/pixi_rosdistro/pixi_rosdistro/install/include/dds/ddsc/dds_public_qos.h
[80.490s] -- Installing: /Users/runner/work/pixi_rosdistro/pixi_rosdistro/install/include/dds/ddsc/dds_public_status.h
[80.490s] -- Installing: /Users/runner/work/pixi_rosdistro/pixi_rosdistro/install/include/dds/ddsc/dds_public_error.h
[80.490s] -- Installing: /Users/runner/work/pixi_rosdistro/pixi_rosdistro/install/include/dds/ddsc/dds_basic_types.h
[80.490s] -- Installing: /Users/runner/work/pixi_rosdistro/pixi_rosdistro/install/include/dds/ddsc/dds_public_qosdefs.h
[80.490s] -- Installing: /Users/runner/work/pixi_rosdistro/pixi_rosdistro/install/include/dds/ddsc/dds_public_alloc.h
[80.490s] -- Installing: /Users/runner/work/pixi_rosdistro/pixi_rosdistro/install/include/dds/ddsc/dds_public_impl.h
[80.491s] -- Installing: /Users/runner/work/pixi_rosdistro/pixi_rosdistro/install/include/dds/ddsc/dds_internal_api.h
[80.491s] -- Installing: /Users/runner/work/pixi_rosdistro/pixi_rosdistro/install/include/dds/ddsc/dds_rhc.h
[80.491s] -- Installing: /Users/runner/work/pixi_rosdistro/pixi_rosdistro/install/include/dds/ddsc/dds_statistics.h
[80.491s] -- Installing: /Users/runner/work/pixi_rosdistro/pixi_rosdistro/install/include/dds/ddsc/dds_public_listener.h
[80.491s] -- Installing: /Users/runner/work/pixi_rosdistro/pixi_rosdistro/install/include/ddsc
[80.491s] -- Installing: /Users/runner/work/pixi_rosdistro/pixi_rosdistro/install/include/ddsc/dds.h
[80.492s] -- Up-to-date: /Users/runner/work/pixi_rosdistro/pixi_rosdistro/install/include
[80.492s] -- Up-to-date: /Users/runner/work/pixi_rosdistro/pixi_rosdistro/install/include/dds
[80.492s] -- Installing: /Users/runner/work/pixi_rosdistro/pixi_rosdistro/install/include/dds/export.h
[80.492s] -- Installing: /Users/runner/work/pixi_rosdistro/pixi_rosdistro/install/lib/libddsc.0.10.5.dylib
[80.492s] -- Installing: /Users/runner/work/pixi_rosdistro/pixi_rosdistro/install/lib/libddsc.0.dylib
[80.492s] -- Installing: /Users/runner/work/pixi_rosdistro/pixi_rosdistro/install/lib/libddsc.dylib
[80.499s] -- Installing: /Users/runner/work/pixi_rosdistro/pixi_rosdistro/install/share/doc/CycloneDDS/CONTRIBUTING.md
[80.499s] -- Installing: /Users/runner/work/pixi_rosdistro/pixi_rosdistro/install/share/doc/CycloneDDS/CYCLONEDDS_QUALITY_DECLARATION.md
[80.500s] -- Installing: /Users/runner/work/pixi_rosdistro/pixi_rosdistro/install/share/doc/CycloneDDS/LICENSE
[80.500s] -- Installing: /Users/runner/work/pixi_rosdistro/pixi_rosdistro/install/share/doc/CycloneDDS/NOTICE.md
[80.500s] -- Installing: /Users/runner/work/pixi_rosdistro/pixi_rosdistro/install/share/doc/CycloneDDS/README.md
[80.500s] -- Installing: /Users/runner/work/pixi_rosdistro/pixi_rosdistro/install/share/doc/CycloneDDS/CHANGELOG.rst
[80.502s] Invoked command in '/Users/runner/work/pixi_rosdistro/pixi_rosdistro/build/cyclonedds' returned '0': CMAKE_PREFIX_PATH=/Users/runner/work/pixi_rosdistro/pixi_rosdistro/install DYLD_LIBRARY_PATH=/Users/runner/work/pixi_rosdistro/pixi_rosdistro/install/lib PATH=/Users/runner/work/pixi_rosdistro/pixi_rosdistro/install/bin:${PATH} PIXI_PROMPT=(ros2_rolling) PKG_CONFIG_PATH=/Users/runner/work/pixi_rosdistro/pixi_rosdistro/install/lib/pkgconfig PYTHONPATH=/Users/runner/work/pixi_rosdistro/pixi_rosdistro/install/lib/python3.12/site-packages ROS_DOMAIN_ID=2 SHLVL=3 _=/usr/bin/env /Users/runner/work/pixi_rosdistro/pixi_rosdistro/.pixi/envs/default/bin/cmake --install /Users/runner/work/pixi_rosdistro/pixi_rosdistro/build/cyclonedds
