[0.925s] Invoking command in '/Users/runner/work/pixi_rosdistro/pixi_rosdistro/build/action_msgs': AMENT_PREFIX_PATH=/Users/runner/work/pixi_rosdistro/pixi_rosdistro/install CMAKE_PREFIX_PATH=/Users/runner/work/pixi_rosdistro/pixi_rosdistro/install DYLD_LIBRARY_PATH=/Users/runner/work/pixi_rosdistro/pixi_rosdistro/install/lib:/Users/runner/work/pixi_rosdistro/pixi_rosdistro/install/opt/mimick_vendor/lib PATH=/Users/runner/work/pixi_rosdistro/pixi_rosdistro/install/bin:${PATH} PIXI_PROMPT=(ros2_rolling) PKG_CONFIG_PATH=/Users/runner/work/pixi_rosdistro/pixi_rosdistro/install/lib/pkgconfig PYTHONPATH=/Users/runner/work/pixi_rosdistro/pixi_rosdistro/install/lib/python3.12/site-packages ROS_PYTHON_VERSION=3 SHLVL=3 _=/usr/bin/env /Users/runner/work/pixi_rosdistro/pixi_rosdistro/.pixi/envs/default/bin/cmake /Users/runner/work/pixi_rosdistro/pixi_rosdistro/src/ros2/rcl_interfaces/action_msgs -GNinja --no-warn-unused-cli -DCMAKE_BUILD_TYPE=Release -DCMAKE_BUILD_WITH_INSTALL_RPATH:bool=TRUE -DCMAKE_POLICY_VERSION_MINIMUM=3.5 -Wno-deprecated -DSTACK_DETAILS_AUTO_DETECT:bool=FALSE -DSTACK_DETAILS_BFD:bool=FALSE -DCMAKE_INSTALL_PREFIX=/Users/runner/work/pixi_rosdistro/pixi_rosdistro/install
[1.249s] Not searching for unused variables given on the command line.
[1.249s] -- The C compiler identification is AppleClang 17.0.0.17000013
[1.466s] -- The CXX compiler identification is AppleClang 17.0.0.17000013
[1.525s] -- Detecting C compiler ABI info
[2.230s] -- Detecting C compiler ABI info - done
[2.276s] -- Check for working C compiler: /usr/bin/cc - skipped
[2.277s] -- Detecting C compile features
[2.277s] -- Detecting C compile features - done
[2.289s] -- Detecting CXX compiler ABI info
[2.886s] -- Detecting CXX compiler ABI info - done
[2.934s] -- Check for working CXX compiler: /usr/bin/c++ - skipped
[2.934s] -- Detecting CXX compile features
[2.934s] -- Detecting CXX compile features - done
[2.947s] -- Found ament_cmake: 2.8.6 (/Users/runner/work/pixi_rosdistro/pixi_rosdistro/install/share/ament_cmake/cmake)
[3.453s] -- Found builtin_interfaces: 2.4.3 (/Users/runner/work/pixi_rosdistro/pixi_rosdistro/install/share/builtin_interfaces/cmake)
[3.563s] -- Found rosidl_generator_c: 5.1.3 (/Users/runner/work/pixi_rosdistro/pixi_rosdistro/install/share/rosidl_generator_c/cmake)
[3.608s] -- Found rosidl_generator_cpp: 5.1.3 (/Users/runner/work/pixi_rosdistro/pixi_rosdistro/install/share/rosidl_generator_cpp/cmake)
[3.665s] -- Using all available rosidl_typesupport_c: rosidl_typesupport_fastrtps_c;rosidl_typesupport_introspection_c
[3.706s] -- Using all available rosidl_typesupport_cpp: rosidl_typesupport_fastrtps_cpp;rosidl_typesupport_introspection_cpp
[3.734s] -- Found rosidl_core_generators: 0.4.1 (/Users/runner/work/pixi_rosdistro/pixi_rosdistro/install/share/rosidl_core_generators/cmake)
[3.766s] -- Found rosidl_adapter: 5.1.3 (/Users/runner/work/pixi_rosdistro/pixi_rosdistro/install/share/rosidl_adapter/cmake)
[3.775s] -- Found unique_identifier_msgs: 2.8.1 (/Users/runner/work/pixi_rosdistro/pixi_rosdistro/install/share/unique_identifier_msgs/cmake)
[3.943s] -- Found Python3: /Users/runner/work/pixi_rosdistro/pixi_rosdistro/.pixi/envs/default/bin/python3 (found version "3.12.13") found components: Interpreter
[4.591s] -- Found ament_cmake_cppcheck: 0.20.3 (/Users/runner/work/pixi_rosdistro/pixi_rosdistro/install/share/ament_cmake_cppcheck/cmake)
[4.596s] -- Found ament_cmake_cpplint: 0.20.3 (/Users/runner/work/pixi_rosdistro/pixi_rosdistro/install/share/ament_cmake_cpplint/cmake)
[4.606s] -- Found ament_cmake_uncrustify: 0.20.3 (/Users/runner/work/pixi_rosdistro/pixi_rosdistro/install/share/ament_cmake_uncrustify/cmake)
[4.616s] -- Found ament_cmake_ros_core: 0.15.6 (/Users/runner/work/pixi_rosdistro/pixi_rosdistro/install/share/ament_cmake_ros_core/cmake)
[5.450s] -- Using all available rosidl_typesupport_c: rosidl_typesupport_fastrtps_c;rosidl_typesupport_introspection_c
[5.886s] -- Using all available rosidl_typesupport_cpp: rosidl_typesupport_fastrtps_cpp;rosidl_typesupport_introspection_cpp
[6.320s] -- Found Python3: /Users/runner/work/pixi_rosdistro/pixi_rosdistro/.pixi/envs/default/bin/python3 (found version "3.12.13") found components: Interpreter Development NumPy Development.Module Development.Embed
[6.355s] -- Found ament_cmake_flake8: 0.20.3 (/Users/runner/work/pixi_rosdistro/pixi_rosdistro/install/share/ament_cmake_flake8/cmake)
[6.362s] -- Found ament_cmake_pep257: 0.20.3 (/Users/runner/work/pixi_rosdistro/pixi_rosdistro/install/share/ament_cmake_pep257/cmake)
[6.371s] -- Found ament_cmake_mypy: 0.20.3 (/Users/runner/work/pixi_rosdistro/pixi_rosdistro/install/share/ament_cmake_mypy/cmake)
[6.397s] -- Found Python3: /Users/runner/work/pixi_rosdistro/pixi_rosdistro/.pixi/envs/default/bin/python3 (found version "3.12.13") found components: Interpreter
[6.403s] -- Found ament_lint_auto: 0.20.3 (/Users/runner/work/pixi_rosdistro/pixi_rosdistro/install/share/ament_lint_auto/cmake)
[6.440s] -- Added test 'copyright' to check source files copyright and LICENSE
[6.441s] -- Added test 'lint_cmake' to check CMake code style
[6.441s] -- Added test 'xmllint' to check XML markup files
[6.445s] -- Configuring done (5.5s)
[6.527s] -- Generating done (0.1s)
[6.593s] -- Build files have been written to: /Users/runner/work/pixi_rosdistro/pixi_rosdistro/build/action_msgs
[6.608s] Invoked command in '/Users/runner/work/pixi_rosdistro/pixi_rosdistro/build/action_msgs' returned '0': AMENT_PREFIX_PATH=/Users/runner/work/pixi_rosdistro/pixi_rosdistro/install CMAKE_PREFIX_PATH=/Users/runner/work/pixi_rosdistro/pixi_rosdistro/install DYLD_LIBRARY_PATH=/Users/runner/work/pixi_rosdistro/pixi_rosdistro/install/lib:/Users/runner/work/pixi_rosdistro/pixi_rosdistro/install/opt/mimick_vendor/lib PATH=/Users/runner/work/pixi_rosdistro/pixi_rosdistro/install/bin:${PATH} PIXI_PROMPT=(ros2_rolling) PKG_CONFIG_PATH=/Users/runner/work/pixi_rosdistro/pixi_rosdistro/install/lib/pkgconfig PYTHONPATH=/Users/runner/work/pixi_rosdistro/pixi_rosdistro/install/lib/python3.12/site-packages ROS_PYTHON_VERSION=3 SHLVL=3 _=/usr/bin/env /Users/runner/work/pixi_rosdistro/pixi_rosdistro/.pixi/envs/default/bin/cmake /Users/runner/work/pixi_rosdistro/pixi_rosdistro/src/ros2/rcl_interfaces/action_msgs -GNinja --no-warn-unused-cli -DCMAKE_BUILD_TYPE=Release -DCMAKE_BUILD_WITH_INSTALL_RPATH:bool=TRUE -DCMAKE_POLICY_VERSION_MINIMUM=3.5 -Wno-deprecated -DSTACK_DETAILS_AUTO_DETECT:bool=FALSE -DSTACK_DETAILS_BFD:bool=FALSE -DCMAKE_INSTALL_PREFIX=/Users/runner/work/pixi_rosdistro/pixi_rosdistro/install
[6.614s] Invoking command in '/Users/runner/work/pixi_rosdistro/pixi_rosdistro/build/action_msgs': AMENT_PREFIX_PATH=/Users/runner/work/pixi_rosdistro/pixi_rosdistro/install CMAKE_PREFIX_PATH=/Users/runner/work/pixi_rosdistro/pixi_rosdistro/install DYLD_LIBRARY_PATH=/Users/runner/work/pixi_rosdistro/pixi_rosdistro/install/lib:/Users/runner/work/pixi_rosdistro/pixi_rosdistro/install/opt/mimick_vendor/lib PATH=/Users/runner/work/pixi_rosdistro/pixi_rosdistro/install/bin:${PATH} PIXI_PROMPT=(ros2_rolling) PKG_CONFIG_PATH=/Users/runner/work/pixi_rosdistro/pixi_rosdistro/install/lib/pkgconfig PYTHONPATH=/Users/runner/work/pixi_rosdistro/pixi_rosdistro/install/lib/python3.12/site-packages ROS_PYTHON_VERSION=3 SHLVL=3 _=/usr/bin/env /Users/runner/work/pixi_rosdistro/pixi_rosdistro/.pixi/envs/default/bin/cmake --build /Users/runner/work/pixi_rosdistro/pixi_rosdistro/build/action_msgs -- -j3 -l3
[7.417s] [1/67] Generating type hashes for ROS interfaces
[8.220s] [2/67] Generating C code for ROS interfaces
[8.614s] [3/67] Building C object CMakeFiles/action_msgs__rosidl_generator_c.dir/rosidl_generator_c/action_msgs/msg/detail/goal_info__description.c.o
[8.886s] [4/67] Building C object CMakeFiles/action_msgs__rosidl_generator_c.dir/rosidl_generator_c/action_msgs/msg/detail/goal_info__functions.c.o
[9.187s] [5/67] Building C object CMakeFiles/action_msgs__rosidl_generator_c.dir/rosidl_generator_c/action_msgs/msg/detail/goal_info__type_support.c.o
[9.549s] [6/67] Building C object CMakeFiles/action_msgs__rosidl_generator_c.dir/rosidl_generator_c/action_msgs/msg/detail/goal_status__description.c.o
[9.908s] [7/67] Building C object CMakeFiles/action_msgs__rosidl_generator_c.dir/rosidl_generator_c/action_msgs/msg/detail/goal_status__functions.c.o
[10.195s] [8/67] Building C object CMakeFiles/action_msgs__rosidl_generator_c.dir/rosidl_generator_c/action_msgs/msg/detail/goal_status__type_support.c.o
[10.462s] [9/67] Building C object CMakeFiles/action_msgs__rosidl_generator_c.dir/rosidl_generator_c/action_msgs/msg/detail/goal_status_array__description.c.o
[10.707s] [10/67] Building C object CMakeFiles/action_msgs__rosidl_generator_c.dir/rosidl_generator_c/action_msgs/msg/detail/goal_status_array__functions.c.o
[10.982s] [11/67] Building C object CMakeFiles/action_msgs__rosidl_generator_c.dir/rosidl_generator_c/action_msgs/msg/detail/goal_status_array__type_support.c.o
[11.235s] [12/67] Building C object CMakeFiles/action_msgs__rosidl_generator_c.dir/rosidl_generator_c/action_msgs/srv/detail/cancel_goal__description.c.o
[11.509s] [13/67] Building C object CMakeFiles/action_msgs__rosidl_generator_c.dir/rosidl_generator_c/action_msgs/srv/detail/cancel_goal__functions.c.o
[11.947s] [14/67] Building C object CMakeFiles/action_msgs__rosidl_generator_c.dir/rosidl_generator_c/action_msgs/srv/detail/cancel_goal__type_support.c.o
[12.899s] [15/67] Generating C type support for eProsima Fast-RTPS
[13.705s] [16/67] Generating C++ code for ROS interfaces
[14.480s] [17/67] Generating C++ type support for eProsima Fast-RTPS
[15.050s] [18/67] Generating C introspection for ROS interfaces
[15.470s] [19/67] Generating C type support dispatch for ROS interfaces
[16.095s] [20/67] Generating C++ introspection for ROS interfaces
[16.618s] [21/67] Generating C++ type support dispatch for ROS interfaces
[16.689s] [22/67] Linking C shared library libaction_msgs__rosidl_generator_c.dylib
[16.689s] ld: warning: -undefined error is deprecated
[17.179s] [23/67] Building CXX object CMakeFiles/action_msgs__rosidl_typesupport_fastrtps_c.dir/rosidl_typesupport_fastrtps_c/action_msgs/msg/detail/goal_info__type_support_c.cpp.o
[17.606s] [24/67] Building CXX object CMakeFiles/action_msgs__rosidl_typesupport_fastrtps_c.dir/rosidl_typesupport_fastrtps_c/action_msgs/msg/detail/goal_status__type_support_c.cpp.o
[17.991s] [25/67] Building CXX object CMakeFiles/action_msgs__rosidl_typesupport_fastrtps_c.dir/rosidl_typesupport_fastrtps_c/action_msgs/msg/detail/goal_status_array__type_support_c.cpp.o
[18.472s] [26/67] Building CXX object CMakeFiles/action_msgs__rosidl_typesupport_fastrtps_c.dir/rosidl_typesupport_fastrtps_c/action_msgs/srv/detail/cancel_goal__type_support_c.cpp.o
[18.753s] [27/67] Building C object CMakeFiles/action_msgs__rosidl_typesupport_introspection_c.dir/rosidl_typesupport_introspection_c/action_msgs/msg/detail/goal_info__type_support.c.o
[19.082s] [28/67] Building C object CMakeFiles/action_msgs__rosidl_typesupport_introspection_c.dir/rosidl_typesupport_introspection_c/action_msgs/msg/detail/goal_status__type_support.c.o
[19.504s] [29/67] Building C object CMakeFiles/action_msgs__rosidl_typesupport_introspection_c.dir/rosidl_typesupport_introspection_c/action_msgs/msg/detail/goal_status_array__type_support.c.o
[19.744s] [30/67] Building C object CMakeFiles/action_msgs__rosidl_typesupport_introspection_c.dir/rosidl_typesupport_introspection_c/action_msgs/srv/detail/cancel_goal__type_support.c.o
[19.995s] [31/67] Building CXX object CMakeFiles/action_msgs__rosidl_typesupport_c.dir/rosidl_typesupport_c/action_msgs/msg/goal_info__type_support.cpp.o
[20.259s] [32/67] Building CXX object CMakeFiles/action_msgs__rosidl_typesupport_c.dir/rosidl_typesupport_c/action_msgs/msg/goal_status__type_support.cpp.o
[20.509s] [33/67] Building CXX object CMakeFiles/action_msgs__rosidl_typesupport_c.dir/rosidl_typesupport_c/action_msgs/msg/goal_status_array__type_support.cpp.o
[20.780s] [34/67] Building CXX object CMakeFiles/action_msgs__rosidl_typesupport_c.dir/rosidl_typesupport_c/action_msgs/srv/cancel_goal__type_support.cpp.o
[21.169s] [35/67] Building CXX object CMakeFiles/action_msgs__rosidl_typesupport_fastrtps_cpp.dir/rosidl_typesupport_fastrtps_cpp/action_msgs/msg/detail/dds_fastrtps/goal_info__type_support.cpp.o
[21.529s] [36/67] Building CXX object CMakeFiles/action_msgs__rosidl_typesupport_fastrtps_cpp.dir/rosidl_typesupport_fastrtps_cpp/action_msgs/msg/detail/dds_fastrtps/goal_status__type_support.cpp.o
[21.965s] [37/67] Building CXX object CMakeFiles/action_msgs__rosidl_typesupport_fastrtps_cpp.dir/rosidl_typesupport_fastrtps_cpp/action_msgs/msg/detail/dds_fastrtps/goal_status_array__type_support.cpp.o
[22.369s] [38/67] Building CXX object CMakeFiles/action_msgs__rosidl_typesupport_fastrtps_cpp.dir/rosidl_typesupport_fastrtps_cpp/action_msgs/srv/detail/dds_fastrtps/cancel_goal__type_support.cpp.o
[22.806s] [39/67] Building CXX object CMakeFiles/action_msgs__rosidl_typesupport_introspection_cpp.dir/rosidl_typesupport_introspection_cpp/action_msgs/msg/detail/goal_info__type_support.cpp.o
[23.241s] [40/67] Building CXX object CMakeFiles/action_msgs__rosidl_typesupport_introspection_cpp.dir/rosidl_typesupport_introspection_cpp/action_msgs/msg/detail/goal_status__type_support.cpp.o
[23.613s] [41/67] Building CXX object CMakeFiles/action_msgs__rosidl_typesupport_introspection_cpp.dir/rosidl_typesupport_introspection_cpp/action_msgs/msg/detail/goal_status_array__type_support.cpp.o
[23.982s] [42/67] Building CXX object CMakeFiles/action_msgs__rosidl_typesupport_introspection_cpp.dir/rosidl_typesupport_introspection_cpp/action_msgs/srv/detail/cancel_goal__type_support.cpp.o
[24.354s] [43/67] Building CXX object CMakeFiles/action_msgs__rosidl_typesupport_cpp.dir/rosidl_typesupport_cpp/action_msgs/msg/goal_info__type_support.cpp.o
[24.851s] [44/67] Building CXX object CMakeFiles/action_msgs__rosidl_typesupport_cpp.dir/rosidl_typesupport_cpp/action_msgs/msg/goal_status__type_support.cpp.o
[25.392s] [45/67] Building CXX object CMakeFiles/action_msgs__rosidl_typesupport_cpp.dir/rosidl_typesupport_cpp/action_msgs/msg/goal_status_array__type_support.cpp.o
[25.869s] [46/67] Building CXX object CMakeFiles/action_msgs__rosidl_typesupport_cpp.dir/rosidl_typesupport_cpp/action_msgs/srv/cancel_goal__type_support.cpp.o
[25.961s] [47/67] Linking CXX shared library libaction_msgs__rosidl_typesupport_fastrtps_c.dylib
[25.961s] ld: warning: -undefined error is deprecated
[26.071s] [48/67] Linking CXX shared library libaction_msgs__rosidl_typesupport_fastrtps_cpp.dylib
[26.071s] ld: warning: -undefined error is deprecated
[26.155s] [49/67] Linking C shared library libaction_msgs__rosidl_typesupport_introspection_c.dylib
[26.155s] ld: warning: -undefined error is deprecated
[26.222s] [50/67] Linking CXX shared library libaction_msgs__rosidl_typesupport_c.dylib
[26.222s] ld: warning: -undefined error is deprecated
[26.280s] [51/67] Linking CXX shared library libaction_msgs__rosidl_typesupport_introspection_cpp.dylib
[26.280s] ld: warning: -undefined error is deprecated
[26.335s] [52/67] Linking CXX shared library libaction_msgs__rosidl_typesupport_cpp.dylib
[26.335s] ld: warning: -undefined error is deprecated
[27.421s] [53/67] Generating Python code for ROS interfaces
[28.180s] [54/67] Generating Rust code for ROS interfaces
[28.838s] [55/67] Building C object CMakeFiles/action_msgs__rosidl_generator_py.dir/rosidl_generator_py/action_msgs/msg/_goal_info_s.c.o
[30.093s] [56/67] Building C object CMakeFiles/action_msgs__rosidl_generator_py.dir/rosidl_generator_py/action_msgs/msg/_goal_status_s.c.o
[30.595s] [57/67] Building C object CMakeFiles/action_msgs__rosidl_generator_py.dir/rosidl_generator_py/action_msgs/msg/_goal_status_array_s.c.o
[31.267s] [58/67] Building C object CMakeFiles/action_msgs__rosidl_generator_py.dir/rosidl_generator_py/action_msgs/srv/_cancel_goal_s.c.o
[31.366s] [59/67] Linking C shared library libaction_msgs__rosidl_generator_py.dylib
[31.366s] ld: warning: -undefined error is deprecated
[33.301s] [60/67] Building C object CMakeFiles/action_msgs_s__rosidl_typesupport_fastrtps_c.dir/rosidl_generator_py/action_msgs/_action_msgs_s.ep.rosidl_typesupport_fastrtps_c.c.o
[33.819s] [61/67] Building C object CMakeFiles/action_msgs_s__rosidl_typesupport_introspection_c.dir/rosidl_generator_py/action_msgs/_action_msgs_s.ep.rosidl_typesupport_introspection_c.c.o
[34.314s] [62/67] Building C object CMakeFiles/action_msgs_s__rosidl_typesupport_c.dir/rosidl_generator_py/action_msgs/_action_msgs_s.ep.rosidl_typesupport_c.c.o
[34.351s] [63/67] cd /Users/runner/work/pixi_rosdistro/pixi_rosdistro/build/action_msgs && /Users/runner/work/pixi_rosdistro/pixi_rosdistro/.pixi/envs/default/bin/cmake -E copy_directory /Users/runner/work/pixi_rosdistro/pixi_rosdistro/build/action_msgs/rosidl_generator_py/action_msgs /Users/runner/work/pixi_rosdistro/pixi_rosdistro/build/action_msgs/ament_cmake_python/action_msgs/action_msgs
[34.427s] [64/67] Linking C shared module rosidl_generator_py/action_msgs/action_msgs_s__rosidl_typesupport_fastrtps_c.so
[34.489s] [65/67] Linking C shared module rosidl_generator_py/action_msgs/action_msgs_s__rosidl_typesupport_introspection_c.so
[34.549s] [66/67] Linking C shared module rosidl_generator_py/action_msgs/action_msgs_s__rosidl_typesupport_c.so
[34.791s] [67/67] cd /Users/runner/work/pixi_rosdistro/pixi_rosdistro/build/action_msgs/ament_cmake_python/action_msgs && /Users/runner/work/pixi_rosdistro/pixi_rosdistro/.pixi/envs/default/bin/python3 setup.py egg_info
[34.791s] running egg_info
[34.791s] creating action_msgs.egg-info
[34.791s] writing action_msgs.egg-info/PKG-INFO
[34.791s] writing dependency_links to action_msgs.egg-info/dependency_links.txt
[34.791s] writing top-level names to action_msgs.egg-info/top_level.txt
[34.791s] writing manifest file 'action_msgs.egg-info/SOURCES.txt'
[34.791s] reading manifest file 'action_msgs.egg-info/SOURCES.txt'
[34.791s] writing manifest file 'action_msgs.egg-info/SOURCES.txt'
[34.804s] Invoked command in '/Users/runner/work/pixi_rosdistro/pixi_rosdistro/build/action_msgs' returned '0': AMENT_PREFIX_PATH=/Users/runner/work/pixi_rosdistro/pixi_rosdistro/install CMAKE_PREFIX_PATH=/Users/runner/work/pixi_rosdistro/pixi_rosdistro/install DYLD_LIBRARY_PATH=/Users/runner/work/pixi_rosdistro/pixi_rosdistro/install/lib:/Users/runner/work/pixi_rosdistro/pixi_rosdistro/install/opt/mimick_vendor/lib PATH=/Users/runner/work/pixi_rosdistro/pixi_rosdistro/install/bin:${PATH} PIXI_PROMPT=(ros2_rolling) PKG_CONFIG_PATH=/Users/runner/work/pixi_rosdistro/pixi_rosdistro/install/lib/pkgconfig PYTHONPATH=/Users/runner/work/pixi_rosdistro/pixi_rosdistro/install/lib/python3.12/site-packages ROS_PYTHON_VERSION=3 SHLVL=3 _=/usr/bin/env /Users/runner/work/pixi_rosdistro/pixi_rosdistro/.pixi/envs/default/bin/cmake --build /Users/runner/work/pixi_rosdistro/pixi_rosdistro/build/action_msgs -- -j3 -l3
[34.826s] Invoking command in '/Users/runner/work/pixi_rosdistro/pixi_rosdistro/build/action_msgs': AMENT_PREFIX_PATH=/Users/runner/work/pixi_rosdistro/pixi_rosdistro/install CMAKE_PREFIX_PATH=/Users/runner/work/pixi_rosdistro/pixi_rosdistro/install DYLD_LIBRARY_PATH=/Users/runner/work/pixi_rosdistro/pixi_rosdistro/install/lib:/Users/runner/work/pixi_rosdistro/pixi_rosdistro/install/opt/mimick_vendor/lib PATH=/Users/runner/work/pixi_rosdistro/pixi_rosdistro/install/bin:${PATH} PIXI_PROMPT=(ros2_rolling) PKG_CONFIG_PATH=/Users/runner/work/pixi_rosdistro/pixi_rosdistro/install/lib/pkgconfig PYTHONPATH=/Users/runner/work/pixi_rosdistro/pixi_rosdistro/install/lib/python3.12/site-packages ROS_PYTHON_VERSION=3 SHLVL=3 _=/usr/bin/env /Users/runner/work/pixi_rosdistro/pixi_rosdistro/.pixi/envs/default/bin/cmake --install /Users/runner/work/pixi_rosdistro/pixi_rosdistro/build/action_msgs
[34.853s] -- Install configuration: "Release"
[34.853s] -- Installing: /Users/runner/work/pixi_rosdistro/pixi_rosdistro/install/share/ament_index/resource_index/rosidl_interfaces/action_msgs
[34.853s] -- Installing: /Users/runner/work/pixi_rosdistro/pixi_rosdistro/install/share/action_msgs/msg/GoalInfo.json
[34.853s] -- Installing: /Users/runner/work/pixi_rosdistro/pixi_rosdistro/install/share/action_msgs/msg/GoalStatus.json
[34.853s] -- Installing: /Users/runner/work/pixi_rosdistro/pixi_rosdistro/install/share/action_msgs/msg/GoalStatusArray.json
[34.853s] -- Installing: /Users/runner/work/pixi_rosdistro/pixi_rosdistro/install/share/action_msgs/srv/CancelGoal.json
[34.853s] -- Installing: /Users/runner/work/pixi_rosdistro/pixi_rosdistro/install/include/action_msgs/action_msgs
[34.853s] -- Installing: /Users/runner/work/pixi_rosdistro/pixi_rosdistro/install/include/action_msgs/action_msgs/msg
[34.853s] -- Installing: /Users/runner/work/pixi_rosdistro/pixi_rosdistro/install/include/action_msgs/action_msgs/msg/rosidl_generator_c__visibility_control.h
[34.853s] -- Installing: /Users/runner/work/pixi_rosdistro/pixi_rosdistro/install/include/action_msgs/action_msgs/msg/goal_info.h
[34.853s] -- Installing: /Users/runner/work/pixi_rosdistro/pixi_rosdistro/install/include/action_msgs/action_msgs/msg/detail
[34.853s] -- Installing: /Users/runner/work/pixi_rosdistro/pixi_rosdistro/install/include/action_msgs/action_msgs/msg/detail/goal_info__type_support.c
[34.853s] -- Installing: /Users/runner/work/pixi_rosdistro/pixi_rosdistro/install/include/action_msgs/action_msgs/msg/detail/goal_info__functions.c
[34.856s] -- Installing: /Users/runner/work/pixi_rosdistro/pixi_rosdistro/install/include/action_msgs/action_msgs/msg/detail/goal_status__type_support.h
[34.858s] -- Installing: /Users/runner/work/pixi_rosdistro/pixi_rosdistro/install/include/action_msgs/action_msgs/msg/detail/goal_status_array__type_support.h
[34.858s] -- Installing: /Users/runner/work/pixi_rosdistro/pixi_rosdistro/install/include/action_msgs/action_msgs/msg/detail/goal_status_array__functions.h
[34.858s] -- Installing: /Users/runner/work/pixi_rosdistro/pixi_rosdistro/install/include/action_msgs/action_msgs/msg/detail/goal_info__description.c
[34.858s] -- Installing: /Users/runner/work/pixi_rosdistro/pixi_rosdistro/install/include/action_msgs/action_msgs/msg/detail/goal_status__functions.h
[34.858s] -- Installing: /Users/runner/work/pixi_rosdistro/pixi_rosdistro/install/include/action_msgs/action_msgs/msg/detail/goal_status__description.c
[34.858s] -- Installing: /Users/runner/work/pixi_rosdistro/pixi_rosdistro/install/include/action_msgs/action_msgs/msg/detail/goal_status_array__description.c
[34.858s] -- Installing: /Users/runner/work/pixi_rosdistro/pixi_rosdistro/install/include/action_msgs/action_msgs/msg/detail/goal_info__type_support.h
[34.858s] -- Installing: /Users/runner/work/pixi_rosdistro/pixi_rosdistro/install/include/action_msgs/action_msgs/msg/detail/goal_info__functions.h
[34.859s] -- Installing: /Users/runner/work/pixi_rosdistro/pixi_rosdistro/install/include/action_msgs/action_msgs/msg/detail/goal_status__struct.h
[34.859s] -- Installing: /Users/runner/work/pixi_rosdistro/pixi_rosdistro/install/include/action_msgs/action_msgs/msg/detail/goal_status_array__struct.h
[34.859s] -- Installing: /Users/runner/work/pixi_rosdistro/pixi_rosdistro/install/include/action_msgs/action_msgs/msg/detail/goal_status_array__type_support.c
[34.859s] -- Installing: /Users/runner/work/pixi_rosdistro/pixi_rosdistro/install/include/action_msgs/action_msgs/msg/detail/goal_status__functions.c
[34.859s] -- Installing: /Users/runner/work/pixi_rosdistro/pixi_rosdistro/install/include/action_msgs/action_msgs/msg/detail/goal_status_array__functions.c
[34.859s] -- Installing: /Users/runner/work/pixi_rosdistro/pixi_rosdistro/install/include/action_msgs/action_msgs/msg/detail/goal_status__type_support.c
[34.859s] -- Installing: /Users/runner/work/pixi_rosdistro/pixi_rosdistro/install/include/action_msgs/action_msgs/msg/detail/goal_info__struct.h
[34.859s] -- Installing: /Users/runner/work/pixi_rosdistro/pixi_rosdistro/install/include/action_msgs/action_msgs/msg/goal_status.h
[34.859s] -- Installing: /Users/runner/work/pixi_rosdistro/pixi_rosdistro/install/include/action_msgs/action_msgs/msg/goal_status_array.h
[34.859s] -- Installing: /Users/runner/work/pixi_rosdistro/pixi_rosdistro/install/include/action_msgs/action_msgs/srv
[34.859s] -- Installing: /Users/runner/work/pixi_rosdistro/pixi_rosdistro/install/include/action_msgs/action_msgs/srv/detail
[34.859s] -- Installing: /Users/runner/work/pixi_rosdistro/pixi_rosdistro/install/include/action_msgs/action_msgs/srv/detail/cancel_goal__type_support.c
[34.859s] -- Installing: /Users/runner/work/pixi_rosdistro/pixi_rosdistro/install/include/action_msgs/action_msgs/srv/detail/cancel_goal__struct.h
[34.859s] -- Installing: /Users/runner/work/pixi_rosdistro/pixi_rosdistro/install/include/action_msgs/action_msgs/srv/detail/cancel_goal__functions.h
[34.859s] -- Installing: /Users/runner/work/pixi_rosdistro/pixi_rosdistro/install/include/action_msgs/action_msgs/srv/detail/cancel_goal__functions.c
[34.862s] -- Installing: /Users/runner/work/pixi_rosdistro/pixi_rosdistro/install/include/action_msgs/action_msgs/srv/detail/cancel_goal__type_support.h
[34.862s] -- Installing: /Users/runner/work/pixi_rosdistro/pixi_rosdistro/install/include/action_msgs/action_msgs/srv/detail/cancel_goal__description.c
[34.862s] -- Installing: /Users/runner/work/pixi_rosdistro/pixi_rosdistro/install/include/action_msgs/action_msgs/srv/cancel_goal.h
[34.862s] -- Installing: /Users/runner/work/pixi_rosdistro/pixi_rosdistro/install/share/action_msgs/environment/library_path.sh
[34.862s] -- Installing: /Users/runner/work/pixi_rosdistro/pixi_rosdistro/install/share/action_msgs/environment/library_path.dsv
[34.862s] -- Installing: /Users/runner/work/pixi_rosdistro/pixi_rosdistro/install/lib/libaction_msgs__rosidl_generator_c.dylib
[34.863s] -- Up-to-date: /Users/runner/work/pixi_rosdistro/pixi_rosdistro/install/include/action_msgs/action_msgs
[34.863s] -- Up-to-date: /Users/runner/work/pixi_rosdistro/pixi_rosdistro/install/include/action_msgs/action_msgs/msg
[34.863s] -- Up-to-date: /Users/runner/work/pixi_rosdistro/pixi_rosdistro/install/include/action_msgs/action_msgs/msg/detail
[34.863s] -- Installing: /Users/runner/work/pixi_rosdistro/pixi_rosdistro/install/include/action_msgs/action_msgs/msg/detail/goal_status__rosidl_typesupport_fastrtps_c.h
[34.863s] -- Installing: /Users/runner/work/pixi_rosdistro/pixi_rosdistro/install/include/action_msgs/action_msgs/msg/detail/goal_info__rosidl_typesupport_fastrtps_c.h
[34.863s] -- Installing: /Users/runner/work/pixi_rosdistro/pixi_rosdistro/install/include/action_msgs/action_msgs/msg/detail/goal_status_array__rosidl_typesupport_fastrtps_c.h
[34.863s] -- Installing: /Users/runner/work/pixi_rosdistro/pixi_rosdistro/install/include/action_msgs/action_msgs/msg/rosidl_typesupport_fastrtps_c__visibility_control.h
[34.863s] -- Up-to-date: /Users/runner/work/pixi_rosdistro/pixi_rosdistro/install/include/action_msgs/action_msgs/srv
[34.863s] -- Up-to-date: /Users/runner/work/pixi_rosdistro/pixi_rosdistro/install/include/action_msgs/action_msgs/srv/detail
[34.863s] -- Installing: /Users/runner/work/pixi_rosdistro/pixi_rosdistro/install/include/action_msgs/action_msgs/srv/detail/cancel_goal__rosidl_typesupport_fastrtps_c.h
[34.863s] -- Installing: /Users/runner/work/pixi_rosdistro/pixi_rosdistro/install/lib/libaction_msgs__rosidl_typesupport_fastrtps_c.dylib
[34.863s] -- Up-to-date: /Users/runner/work/pixi_rosdistro/pixi_rosdistro/install/include/action_msgs/action_msgs
[34.864s] -- Up-to-date: /Users/runner/work/pixi_rosdistro/pixi_rosdistro/install/include/action_msgs/action_msgs/msg
[34.864s] -- Installing: /Users/runner/work/pixi_rosdistro/pixi_rosdistro/install/include/action_msgs/action_msgs/msg/goal_status.hpp
[34.864s] -- Up-to-date: /Users/runner/work/pixi_rosdistro/pixi_rosdistro/install/include/action_msgs/action_msgs/msg/detail
[34.869s] -- Installing: /Users/runner/work/pixi_rosdistro/pixi_rosdistro/install/include/action_msgs/action_msgs/msg/detail/goal_info__traits.hpp
[34.869s] -- Installing: /Users/runner/work/pixi_rosdistro/pixi_rosdistro/install/include/action_msgs/action_msgs/msg/detail/goal_status_array__traits.hpp
[34.869s] -- Installing: /Users/runner/work/pixi_rosdistro/pixi_rosdistro/install/include/action_msgs/action_msgs/msg/detail/goal_info__builder.hpp
[34.869s] -- Installing: /Users/runner/work/pixi_rosdistro/pixi_rosdistro/install/include/action_msgs/action_msgs/msg/detail/goal_status__traits.hpp
[34.869s] -- Installing: /Users/runner/work/pixi_rosdistro/pixi_rosdistro/install/include/action_msgs/action_msgs/msg/detail/goal_info__type_support.hpp
[34.869s] -- Installing: /Users/runner/work/pixi_rosdistro/pixi_rosdistro/install/include/action_msgs/action_msgs/msg/detail/goal_info__struct.hpp
[34.869s] -- Installing: /Users/runner/work/pixi_rosdistro/pixi_rosdistro/install/include/action_msgs/action_msgs/msg/detail/goal_status_array__struct.hpp
[34.869s] -- Installing: /Users/runner/work/pixi_rosdistro/pixi_rosdistro/install/include/action_msgs/action_msgs/msg/detail/goal_status_array__builder.hpp
[34.869s] -- Installing: /Users/runner/work/pixi_rosdistro/pixi_rosdistro/install/include/action_msgs/action_msgs/msg/detail/goal_status__builder.hpp
[34.870s] -- Installing: /Users/runner/work/pixi_rosdistro/pixi_rosdistro/install/include/action_msgs/action_msgs/msg/detail/goal_status__struct.hpp
[34.870s] -- Installing: /Users/runner/work/pixi_rosdistro/pixi_rosdistro/install/include/action_msgs/action_msgs/msg/detail/goal_status__type_support.hpp
[34.870s] -- Installing: /Users/runner/work/pixi_rosdistro/pixi_rosdistro/install/include/action_msgs/action_msgs/msg/detail/goal_status_array__type_support.hpp
[34.871s] -- Installing: /Users/runner/work/pixi_rosdistro/pixi_rosdistro/install/include/action_msgs/action_msgs/msg/rosidl_generator_cpp__visibility_control.hpp
[34.872s] -- Installing: /Users/runner/work/pixi_rosdistro/pixi_rosdistro/install/include/action_msgs/action_msgs/msg/goal_status_array.hpp
[34.872s] -- Installing: /Users/runner/work/pixi_rosdistro/pixi_rosdistro/install/include/action_msgs/action_msgs/msg/goal_info.hpp
[34.872s] -- Up-to-date: /Users/runner/work/pixi_rosdistro/pixi_rosdistro/install/include/action_msgs/action_msgs/srv
[34.872s] -- Up-to-date: /Users/runner/work/pixi_rosdistro/pixi_rosdistro/install/include/action_msgs/action_msgs/srv/detail
[34.872s] -- Installing: /Users/runner/work/pixi_rosdistro/pixi_rosdistro/install/include/action_msgs/action_msgs/srv/detail/cancel_goal__struct.hpp
[34.872s] -- Installing: /Users/runner/work/pixi_rosdistro/pixi_rosdistro/install/include/action_msgs/action_msgs/srv/detail/cancel_goal__builder.hpp
[34.872s] -- Installing: /Users/runner/work/pixi_rosdistro/pixi_rosdistro/install/include/action_msgs/action_msgs/srv/detail/cancel_goal__type_support.hpp
[34.872s] -- Installing: /Users/runner/work/pixi_rosdistro/pixi_rosdistro/install/include/action_msgs/action_msgs/srv/detail/cancel_goal__traits.hpp
[34.872s] -- Installing: /Users/runner/work/pixi_rosdistro/pixi_rosdistro/install/include/action_msgs/action_msgs/srv/cancel_goal.hpp
[34.872s] -- Up-to-date: /Users/runner/work/pixi_rosdistro/pixi_rosdistro/install/include/action_msgs/action_msgs
[34.872s] -- Up-to-date: /Users/runner/work/pixi_rosdistro/pixi_rosdistro/install/include/action_msgs/action_msgs/msg
[34.872s] -- Installing: /Users/runner/work/pixi_rosdistro/pixi_rosdistro/install/include/action_msgs/action_msgs/msg/rosidl_typesupport_fastrtps_cpp__visibility_control.h
[34.872s] -- Up-to-date: /Users/runner/work/pixi_rosdistro/pixi_rosdistro/install/include/action_msgs/action_msgs/msg/detail
[34.872s] -- Installing: /Users/runner/work/pixi_rosdistro/pixi_rosdistro/install/include/action_msgs/action_msgs/msg/detail/goal_status__rosidl_typesupport_fastrtps_cpp.hpp
[34.872s] -- Installing: /Users/runner/work/pixi_rosdistro/pixi_rosdistro/install/include/action_msgs/action_msgs/msg/detail/goal_status_array__rosidl_typesupport_fastrtps_cpp.hpp
[34.873s] -- Installing: /Users/runner/work/pixi_rosdistro/pixi_rosdistro/install/include/action_msgs/action_msgs/msg/detail/dds_fastrtps
[34.875s] -- Installing: /Users/runner/work/pixi_rosdistro/pixi_rosdistro/install/include/action_msgs/action_msgs/msg/detail/goal_info__rosidl_typesupport_fastrtps_cpp.hpp
[34.875s] -- Up-to-date: /Users/runner/work/pixi_rosdistro/pixi_rosdistro/install/include/action_msgs/action_msgs/srv
[34.875s] -- Up-to-date: /Users/runner/work/pixi_rosdistro/pixi_rosdistro/install/include/action_msgs/action_msgs/srv/detail
[34.875s] -- Installing: /Users/runner/work/pixi_rosdistro/pixi_rosdistro/install/include/action_msgs/action_msgs/srv/detail/cancel_goal__rosidl_typesupport_fastrtps_cpp.hpp
[34.875s] -- Installing: /Users/runner/work/pixi_rosdistro/pixi_rosdistro/install/include/action_msgs/action_msgs/srv/detail/dds_fastrtps
[34.875s] -- Installing: /Users/runner/work/pixi_rosdistro/pixi_rosdistro/install/lib/libaction_msgs__rosidl_typesupport_fastrtps_cpp.dylib
[34.876s] -- Up-to-date: /Users/runner/work/pixi_rosdistro/pixi_rosdistro/install/include/action_msgs/action_msgs
[34.876s] -- Up-to-date: /Users/runner/work/pixi_rosdistro/pixi_rosdistro/install/include/action_msgs/action_msgs/msg
[34.877s] -- Up-to-date: /Users/runner/work/pixi_rosdistro/pixi_rosdistro/install/include/action_msgs/action_msgs/msg/detail
[34.877s] -- Installing: /Users/runner/work/pixi_rosdistro/pixi_rosdistro/install/include/action_msgs/action_msgs/msg/detail/goal_info__type_support.c
[34.880s] -- Installing: /Users/runner/work/pixi_rosdistro/pixi_rosdistro/install/include/action_msgs/action_msgs/msg/detail/goal_info__rosidl_typesupport_introspection_c.h
[34.881s] -- Installing: /Users/runner/work/pixi_rosdistro/pixi_rosdistro/install/include/action_msgs/action_msgs/msg/detail/goal_status__rosidl_typesupport_introspection_c.h
[34.881s] -- Installing: /Users/runner/work/pixi_rosdistro/pixi_rosdistro/install/include/action_msgs/action_msgs/msg/detail/goal_status_array__rosidl_typesupport_introspection_c.h
[34.881s] -- Installing: /Users/runner/work/pixi_rosdistro/pixi_rosdistro/install/include/action_msgs/action_msgs/msg/detail/goal_status_array__type_support.c
[34.882s] -- Installing: /Users/runner/work/pixi_rosdistro/pixi_rosdistro/install/include/action_msgs/action_msgs/msg/detail/goal_status__type_support.c
[34.882s] -- Installing: /Users/runner/work/pixi_rosdistro/pixi_rosdistro/install/include/action_msgs/action_msgs/msg/rosidl_typesupport_introspection_c__visibility_control.h
[34.882s] -- Up-to-date: /Users/runner/work/pixi_rosdistro/pixi_rosdistro/install/include/action_msgs/action_msgs/srv
[34.882s] -- Up-to-date: /Users/runner/work/pixi_rosdistro/pixi_rosdistro/install/include/action_msgs/action_msgs/srv/detail
[34.882s] -- Installing: /Users/runner/work/pixi_rosdistro/pixi_rosdistro/install/include/action_msgs/action_msgs/srv/detail/cancel_goal__type_support.c
[34.882s] -- Installing: /Users/runner/work/pixi_rosdistro/pixi_rosdistro/install/include/action_msgs/action_msgs/srv/detail/cancel_goal__rosidl_typesupport_introspection_c.h
[34.882s] -- Installing: /Users/runner/work/pixi_rosdistro/pixi_rosdistro/install/lib/libaction_msgs__rosidl_typesupport_introspection_c.dylib
[34.882s] -- Installing: /Users/runner/work/pixi_rosdistro/pixi_rosdistro/install/lib/libaction_msgs__rosidl_typesupport_c.dylib
[34.882s] -- Up-to-date: /Users/runner/work/pixi_rosdistro/pixi_rosdistro/install/include/action_msgs/action_msgs
[34.883s] -- Up-to-date: /Users/runner/work/pixi_rosdistro/pixi_rosdistro/install/include/action_msgs/action_msgs/msg
[34.883s] -- Up-to-date: /Users/runner/work/pixi_rosdistro/pixi_rosdistro/install/include/action_msgs/action_msgs/msg/detail
[34.883s] -- Installing: /Users/runner/work/pixi_rosdistro/pixi_rosdistro/install/include/action_msgs/action_msgs/msg/detail/goal_status_array__rosidl_typesupport_introspection_cpp.hpp
[34.883s] -- Installing: /Users/runner/work/pixi_rosdistro/pixi_rosdistro/install/include/action_msgs/action_msgs/msg/detail/goal_status__type_support.cpp
[34.883s] -- Installing: /Users/runner/work/pixi_rosdistro/pixi_rosdistro/install/include/action_msgs/action_msgs/msg/detail/goal_status_array__type_support.cpp
[34.883s] -- Installing: /Users/runner/work/pixi_rosdistro/pixi_rosdistro/install/include/action_msgs/action_msgs/msg/detail/goal_info__rosidl_typesupport_introspection_cpp.hpp
[34.884s] -- Installing: /Users/runner/work/pixi_rosdistro/pixi_rosdistro/install/include/action_msgs/action_msgs/msg/detail/goal_info__type_support.cpp
[34.884s] -- Installing: /Users/runner/work/pixi_rosdistro/pixi_rosdistro/install/include/action_msgs/action_msgs/msg/detail/goal_status__rosidl_typesupport_introspection_cpp.hpp
[34.884s] -- Up-to-date: /Users/runner/work/pixi_rosdistro/pixi_rosdistro/install/include/action_msgs/action_msgs/srv
[34.884s] -- Up-to-date: /Users/runner/work/pixi_rosdistro/pixi_rosdistro/install/include/action_msgs/action_msgs/srv/detail
[34.885s] -- Installing: /Users/runner/work/pixi_rosdistro/pixi_rosdistro/install/include/action_msgs/action_msgs/srv/detail/cancel_goal__type_support.cpp
[34.885s] -- Installing: /Users/runner/work/pixi_rosdistro/pixi_rosdistro/install/include/action_msgs/action_msgs/srv/detail/cancel_goal__rosidl_typesupport_introspection_cpp.hpp
[34.885s] -- Installing: /Users/runner/work/pixi_rosdistro/pixi_rosdistro/install/lib/libaction_msgs__rosidl_typesupport_introspection_cpp.dylib
[34.885s] -- Installing: /Users/runner/work/pixi_rosdistro/pixi_rosdistro/install/lib/libaction_msgs__rosidl_typesupport_cpp.dylib
[34.886s] -- Installing: /Users/runner/work/pixi_rosdistro/pixi_rosdistro/install/share/action_msgs/environment/pythonpath.sh
[34.886s] -- Installing: /Users/runner/work/pixi_rosdistro/pixi_rosdistro/install/share/action_msgs/environment/pythonpath.dsv
[34.887s] -- Installing: /Users/runner/work/pixi_rosdistro/pixi_rosdistro/install/lib/python3.12/site-packages/action_msgs/action_msgs_s__rosidl_typesupport_fastrtps_c.so
[34.887s] -- Installing: /Users/runner/work/pixi_rosdistro/pixi_rosdistro/install/lib/python3.12/site-packages/action_msgs/action_msgs_s__rosidl_typesupport_introspection_c.so
[34.887s] -- Installing: /Users/runner/work/pixi_rosdistro/pixi_rosdistro/install/lib/python3.12/site-packages/action_msgs/action_msgs_s__rosidl_typesupport_c.so
[34.887s] -- Installing: /Users/runner/work/pixi_rosdistro/pixi_rosdistro/install/lib/libaction_msgs__rosidl_generator_py.dylib
[34.890s] -- Installing: /Users/runner/work/pixi_rosdistro/pixi_rosdistro/install/share/ament_index/resource_index/rust_packages/action_msgs
[34.890s] -- Installing: /Users/runner/work/pixi_rosdistro/pixi_rosdistro/install/share/action_msgs/rust
[34.891s] -- Installing: /Users/runner/work/pixi_rosdistro/pixi_rosdistro/install/share/action_msgs/rust/Cargo.toml
[34.892s] -- Installing: /Users/runner/work/pixi_rosdistro/pixi_rosdistro/install/share/action_msgs/rust/build.rs
[34.892s] -- Installing: /Users/runner/work/pixi_rosdistro/pixi_rosdistro/install/share/action_msgs/rust/src
[34.892s] -- Installing: /Users/runner/work/pixi_rosdistro/pixi_rosdistro/install/share/action_msgs/rust/src/msg
[34.892s] -- Installing: /Users/runner/work/pixi_rosdistro/pixi_rosdistro/install/share/action_msgs/rust/src/msg/rmw.rs
[34.892s] -- Installing: /Users/runner/work/pixi_rosdistro/pixi_rosdistro/install/share/action_msgs/rust/src/lib.rs
[34.893s] -- Installing: /Users/runner/work/pixi_rosdistro/pixi_rosdistro/install/share/action_msgs/rust/src/srv.rs
[34.895s] -- Installing: /Users/runner/work/pixi_rosdistro/pixi_rosdistro/install/share/action_msgs/rust/src/msg.rs
[34.895s] -- Installing: /Users/runner/work/pixi_rosdistro/pixi_rosdistro/install/share/action_msgs/rust/src/srv
[34.896s] -- Installing: /Users/runner/work/pixi_rosdistro/pixi_rosdistro/install/share/action_msgs/rust/src/srv/rmw.rs
[34.896s] -- Installing: /Users/runner/work/pixi_rosdistro/pixi_rosdistro/install/share/action_msgs/msg/GoalInfo.idl
[34.896s] -- Installing: /Users/runner/work/pixi_rosdistro/pixi_rosdistro/install/share/action_msgs/msg/GoalStatus.idl
[34.896s] -- Installing: /Users/runner/work/pixi_rosdistro/pixi_rosdistro/install/share/action_msgs/msg/GoalStatusArray.idl
[34.896s] -- Installing: /Users/runner/work/pixi_rosdistro/pixi_rosdistro/install/share/action_msgs/srv/CancelGoal.idl
[34.896s] -- Installing: /Users/runner/work/pixi_rosdistro/pixi_rosdistro/install/share/action_msgs/msg/GoalInfo.msg
[34.896s] -- Installing: /Users/runner/work/pixi_rosdistro/pixi_rosdistro/install/share/action_msgs/msg/GoalStatus.msg
[34.896s] -- Installing: /Users/runner/work/pixi_rosdistro/pixi_rosdistro/install/share/action_msgs/msg/GoalStatusArray.msg
[34.896s] -- Installing: /Users/runner/work/pixi_rosdistro/pixi_rosdistro/install/share/action_msgs/srv/CancelGoal.srv
[34.897s] -- Installing: /Users/runner/work/pixi_rosdistro/pixi_rosdistro/install/share/ament_index/resource_index/package_run_dependencies/action_msgs
[34.902s] -- Installing: /Users/runner/work/pixi_rosdistro/pixi_rosdistro/install/share/ament_index/resource_index/parent_prefix_path/action_msgs
[34.902s] -- Installing: /Users/runner/work/pixi_rosdistro/pixi_rosdistro/install/share/action_msgs/environment/ament_prefix_path.sh
[34.902s] -- Installing: /Users/runner/work/pixi_rosdistro/pixi_rosdistro/install/share/action_msgs/environment/ament_prefix_path.dsv
[34.902s] -- Installing: /Users/runner/work/pixi_rosdistro/pixi_rosdistro/install/share/action_msgs/environment/path.sh
[34.902s] -- Installing: /Users/runner/work/pixi_rosdistro/pixi_rosdistro/install/share/action_msgs/environment/path.dsv
[34.902s] -- Installing: /Users/runner/work/pixi_rosdistro/pixi_rosdistro/install/share/action_msgs/local_setup.bash
[34.902s] -- Installing: /Users/runner/work/pixi_rosdistro/pixi_rosdistro/install/share/action_msgs/local_setup.fish
[34.902s] -- Installing: /Users/runner/work/pixi_rosdistro/pixi_rosdistro/install/share/action_msgs/local_setup.sh
[34.902s] -- Installing: /Users/runner/work/pixi_rosdistro/pixi_rosdistro/install/share/action_msgs/local_setup.zsh
[34.902s] -- Installing: /Users/runner/work/pixi_rosdistro/pixi_rosdistro/install/share/action_msgs/local_setup.dsv
[34.902s] -- Installing: /Users/runner/work/pixi_rosdistro/pixi_rosdistro/install/share/action_msgs/package.dsv
[34.902s] -- Installing: /Users/runner/work/pixi_rosdistro/pixi_rosdistro/install/share/ament_index/resource_index/packages/action_msgs
[34.902s] -- Installing: /Users/runner/work/pixi_rosdistro/pixi_rosdistro/install/share/action_msgs/cmake/export_action_msgs__rosidl_generator_cExport.cmake
[34.908s] -- Installing: /Users/runner/work/pixi_rosdistro/pixi_rosdistro/install/share/action_msgs/cmake/export_action_msgs__rosidl_generator_cExport-release.cmake
[34.908s] -- Installing: /Users/runner/work/pixi_rosdistro/pixi_rosdistro/install/share/action_msgs/cmake/export_action_msgs__rosidl_typesupport_fastrtps_cExport.cmake
[34.908s] -- Installing: /Users/runner/work/pixi_rosdistro/pixi_rosdistro/install/share/action_msgs/cmake/export_action_msgs__rosidl_typesupport_fastrtps_cExport-release.cmake
[34.908s] -- Installing: /Users/runner/work/pixi_rosdistro/pixi_rosdistro/install/share/action_msgs/cmake/export_action_msgs__rosidl_generator_cppExport.cmake
[34.914s] -- Installing: /Users/runner/work/pixi_rosdistro/pixi_rosdistro/install/share/action_msgs/cmake/export_action_msgs__rosidl_typesupport_fastrtps_cppExport.cmake
[34.914s] -- Installing: /Users/runner/work/pixi_rosdistro/pixi_rosdistro/install/share/action_msgs/cmake/export_action_msgs__rosidl_typesupport_fastrtps_cppExport-release.cmake
[34.914s] -- Installing: /Users/runner/work/pixi_rosdistro/pixi_rosdistro/install/share/action_msgs/cmake/action_msgs__rosidl_typesupport_introspection_cExport.cmake
[34.914s] -- Installing: /Users/runner/work/pixi_rosdistro/pixi_rosdistro/install/share/action_msgs/cmake/action_msgs__rosidl_typesupport_introspection_cExport-release.cmake
[34.914s] -- Installing: /Users/runner/work/pixi_rosdistro/pixi_rosdistro/install/share/action_msgs/cmake/action_msgs__rosidl_typesupport_cExport.cmake
[34.914s] -- Installing: /Users/runner/work/pixi_rosdistro/pixi_rosdistro/install/share/action_msgs/cmake/action_msgs__rosidl_typesupport_cExport-release.cmake
[34.914s] -- Installing: /Users/runner/work/pixi_rosdistro/pixi_rosdistro/install/share/action_msgs/cmake/action_msgs__rosidl_typesupport_introspection_cppExport.cmake
[34.916s] -- Installing: /Users/runner/work/pixi_rosdistro/pixi_rosdistro/install/share/action_msgs/cmake/action_msgs__rosidl_typesupport_introspection_cppExport-release.cmake
[34.916s] -- Installing: /Users/runner/work/pixi_rosdistro/pixi_rosdistro/install/share/action_msgs/cmake/action_msgs__rosidl_typesupport_cppExport.cmake
[34.916s] -- Installing: /Users/runner/work/pixi_rosdistro/pixi_rosdistro/install/share/action_msgs/cmake/action_msgs__rosidl_typesupport_cppExport-release.cmake
[34.916s] -- Installing: /Users/runner/work/pixi_rosdistro/pixi_rosdistro/install/share/action_msgs/cmake/export_action_msgs__rosidl_generator_pyExport.cmake
[34.918s] -- Installing: /Users/runner/work/pixi_rosdistro/pixi_rosdistro/install/share/action_msgs/cmake/export_action_msgs__rosidl_generator_pyExport-release.cmake
[34.918s] -- Installing: /Users/runner/work/pixi_rosdistro/pixi_rosdistro/install/lib/python3.12/site-packages/action_msgs-2.4.3-py3.12.egg-info
[34.918s] -- Installing: /Users/runner/work/pixi_rosdistro/pixi_rosdistro/install/lib/python3.12/site-packages/action_msgs-2.4.3-py3.12.egg-info/PKG-INFO
[34.918s] -- Installing: /Users/runner/work/pixi_rosdistro/pixi_rosdistro/install/lib/python3.12/site-packages/action_msgs-2.4.3-py3.12.egg-info/SOURCES.txt
[34.918s] -- Installing: /Users/runner/work/pixi_rosdistro/pixi_rosdistro/install/lib/python3.12/site-packages/action_msgs-2.4.3-py3.12.egg-info/top_level.txt
[34.918s] -- Installing: /Users/runner/work/pixi_rosdistro/pixi_rosdistro/install/lib/python3.12/site-packages/action_msgs-2.4.3-py3.12.egg-info/dependency_links.txt
[34.918s] -- Up-to-date: /Users/runner/work/pixi_rosdistro/pixi_rosdistro/install/lib/python3.12/site-packages/action_msgs
[34.918s] -- Installing: /Users/runner/work/pixi_rosdistro/pixi_rosdistro/install/lib/python3.12/site-packages/action_msgs/msg
[34.918s] -- Installing: /Users/runner/work/pixi_rosdistro/pixi_rosdistro/install/lib/python3.12/site-packages/action_msgs/msg/_goal_status_array.py
[34.918s] -- Installing: /Users/runner/work/pixi_rosdistro/pixi_rosdistro/install/lib/python3.12/site-packages/action_msgs/msg/_goal_info.py
[34.918s] -- Installing: /Users/runner/work/pixi_rosdistro/pixi_rosdistro/install/lib/python3.12/site-packages/action_msgs/msg/_goal_status_array_s.c
[34.918s] -- Installing: /Users/runner/work/pixi_rosdistro/pixi_rosdistro/install/lib/python3.12/site-packages/action_msgs/msg/__init__.py
[34.918s] -- Installing: /Users/runner/work/pixi_rosdistro/pixi_rosdistro/install/lib/python3.12/site-packages/action_msgs/msg/_goal_info_s.c
[34.918s] -- Installing: /Users/runner/work/pixi_rosdistro/pixi_rosdistro/install/lib/python3.12/site-packages/action_msgs/msg/_goal_status_s.c
[34.918s] -- Installing: /Users/runner/work/pixi_rosdistro/pixi_rosdistro/install/lib/python3.12/site-packages/action_msgs/msg/_goal_status.py
[34.918s] -- Installing: /Users/runner/work/pixi_rosdistro/pixi_rosdistro/install/lib/python3.12/site-packages/action_msgs/__init__.py
[34.919s] -- Installing: /Users/runner/work/pixi_rosdistro/pixi_rosdistro/install/lib/python3.12/site-packages/action_msgs/_action_msgs_s.ep.rosidl_typesupport_c.c
[34.919s] -- Installing: /Users/runner/work/pixi_rosdistro/pixi_rosdistro/install/lib/python3.12/site-packages/action_msgs/_action_msgs_s.ep.rosidl_typesupport_fastrtps_c.c
[34.919s] -- Up-to-date: /Users/runner/work/pixi_rosdistro/pixi_rosdistro/install/lib/python3.12/site-packages/action_msgs/action_msgs_s__rosidl_typesupport_c.so
[34.919s] -- Installing: /Users/runner/work/pixi_rosdistro/pixi_rosdistro/install/lib/python3.12/site-packages/action_msgs/py.typed
[34.919s] -- Up-to-date: /Users/runner/work/pixi_rosdistro/pixi_rosdistro/install/lib/python3.12/site-packages/action_msgs/action_msgs_s__rosidl_typesupport_introspection_c.so
[34.919s] -- Installing: /Users/runner/work/pixi_rosdistro/pixi_rosdistro/install/lib/python3.12/site-packages/action_msgs/_action_msgs_s.ep.rosidl_typesupport_introspection_c.c
[34.919s] -- Installing: /Users/runner/work/pixi_rosdistro/pixi_rosdistro/install/lib/python3.12/site-packages/action_msgs/srv
[34.919s] -- Installing: /Users/runner/work/pixi_rosdistro/pixi_rosdistro/install/lib/python3.12/site-packages/action_msgs/srv/_cancel_goal_s.c
[34.919s] -- Installing: /Users/runner/work/pixi_rosdistro/pixi_rosdistro/install/lib/python3.12/site-packages/action_msgs/srv/_cancel_goal.py
[34.919s] -- Installing: /Users/runner/work/pixi_rosdistro/pixi_rosdistro/install/lib/python3.12/site-packages/action_msgs/srv/__init__.py
[34.919s] -- Up-to-date: /Users/runner/work/pixi_rosdistro/pixi_rosdistro/install/lib/python3.12/site-packages/action_msgs/action_msgs_s__rosidl_typesupport_fastrtps_c.so
[35.008s] Listing '/Users/runner/work/pixi_rosdistro/pixi_rosdistro/install/lib/python3.12/site-packages/action_msgs'...
[35.008s] Compiling '/Users/runner/work/pixi_rosdistro/pixi_rosdistro/install/lib/python3.12/site-packages/action_msgs/__init__.py'...
[35.009s] Listing '/Users/runner/work/pixi_rosdistro/pixi_rosdistro/install/lib/python3.12/site-packages/action_msgs/msg'...
[35.009s] Compiling '/Users/runner/work/pixi_rosdistro/pixi_rosdistro/install/lib/python3.12/site-packages/action_msgs/msg/__init__.py'...
[35.009s] Compiling '/Users/runner/work/pixi_rosdistro/pixi_rosdistro/install/lib/python3.12/site-packages/action_msgs/msg/_goal_info.py'...
[35.009s] Compiling '/Users/runner/work/pixi_rosdistro/pixi_rosdistro/install/lib/python3.12/site-packages/action_msgs/msg/_goal_status.py'...
[35.009s] Compiling '/Users/runner/work/pixi_rosdistro/pixi_rosdistro/install/lib/python3.12/site-packages/action_msgs/msg/_goal_status_array.py'...
[35.009s] Listing '/Users/runner/work/pixi_rosdistro/pixi_rosdistro/install/lib/python3.12/site-packages/action_msgs/srv'...
[35.009s] Compiling '/Users/runner/work/pixi_rosdistro/pixi_rosdistro/install/lib/python3.12/site-packages/action_msgs/srv/__init__.py'...
[35.010s] Compiling '/Users/runner/work/pixi_rosdistro/pixi_rosdistro/install/lib/python3.12/site-packages/action_msgs/srv/_cancel_goal.py'...
[35.014s] -- Installing: /Users/runner/work/pixi_rosdistro/pixi_rosdistro/install/share/action_msgs/cmake/rosidl_cmake-extras.cmake
[35.015s] -- Installing: /Users/runner/work/pixi_rosdistro/pixi_rosdistro/install/share/action_msgs/cmake/ament_cmake_export_dependencies-extras.cmake
[35.015s] -- Installing: /Users/runner/work/pixi_rosdistro/pixi_rosdistro/install/share/action_msgs/cmake/ament_cmake_export_include_directories-extras.cmake
[35.015s] -- Installing: /Users/runner/work/pixi_rosdistro/pixi_rosdistro/install/share/action_msgs/cmake/ament_cmake_export_libraries-extras.cmake
[35.016s] -- Installing: /Users/runner/work/pixi_rosdistro/pixi_rosdistro/install/share/action_msgs/cmake/ament_cmake_export_targets-extras.cmake
[35.016s] -- Installing: /Users/runner/work/pixi_rosdistro/pixi_rosdistro/install/share/action_msgs/cmake/rosidl_cmake_export_typesupport_targets-extras.cmake
[35.016s] -- Installing: /Users/runner/work/pixi_rosdistro/pixi_rosdistro/install/share/action_msgs/cmake/rosidl_cmake_export_typesupport_libraries-extras.cmake
[35.016s] -- Installing: /Users/runner/work/pixi_rosdistro/pixi_rosdistro/install/share/action_msgs/cmake/rosidl_cmake_aggregate_target-extras.cmake
[35.016s] -- Installing: /Users/runner/work/pixi_rosdistro/pixi_rosdistro/install/share/action_msgs/cmake/action_msgsConfig.cmake
[35.016s] -- Installing: /Users/runner/work/pixi_rosdistro/pixi_rosdistro/install/share/action_msgs/cmake/action_msgsConfig-version.cmake
[35.017s] -- Installing: /Users/runner/work/pixi_rosdistro/pixi_rosdistro/install/share/action_msgs/package.xml
[35.021s] Invoked command in '/Users/runner/work/pixi_rosdistro/pixi_rosdistro/build/action_msgs' returned '0': AMENT_PREFIX_PATH=/Users/runner/work/pixi_rosdistro/pixi_rosdistro/install CMAKE_PREFIX_PATH=/Users/runner/work/pixi_rosdistro/pixi_rosdistro/install DYLD_LIBRARY_PATH=/Users/runner/work/pixi_rosdistro/pixi_rosdistro/install/lib:/Users/runner/work/pixi_rosdistro/pixi_rosdistro/install/opt/mimick_vendor/lib PATH=/Users/runner/work/pixi_rosdistro/pixi_rosdistro/install/bin:${PATH} PIXI_PROMPT=(ros2_rolling) PKG_CONFIG_PATH=/Users/runner/work/pixi_rosdistro/pixi_rosdistro/install/lib/pkgconfig PYTHONPATH=/Users/runner/work/pixi_rosdistro/pixi_rosdistro/install/lib/python3.12/site-packages ROS_PYTHON_VERSION=3 SHLVL=3 _=/usr/bin/env /Users/runner/work/pixi_rosdistro/pixi_rosdistro/.pixi/envs/default/bin/cmake --install /Users/runner/work/pixi_rosdistro/pixi_rosdistro/build/action_msgs
