[1.851s] Invoking command in '/home/runner/work/pixi_rosdistro/pixi_rosdistro/build/uncrustify_vendor': AMENT_PREFIX_PATH=/home/runner/work/pixi_rosdistro/pixi_rosdistro/install CMAKE_PREFIX_PATH=/home/runner/work/pixi_rosdistro/pixi_rosdistro/install:${CMAKE_PREFIX_PATH} LD_LIBRARY_PATH=/home/runner/work/pixi_rosdistro/pixi_rosdistro/install/lib PATH=/home/runner/work/pixi_rosdistro/pixi_rosdistro/install/bin:/opt/microsoft/powershell/7:${PATH} PIXI_PROMPT=(ros2_rolling) PKG_CONFIG_PATH=/home/runner/work/pixi_rosdistro/pixi_rosdistro/install/lib/pkgconfig PSModulePath=/home/runner/.local/share/powershell/Modules:${PSModulePath} PYTHONPATH=/home/runner/work/pixi_rosdistro/pixi_rosdistro/install/lib/python3.12/site-packages ROS_DOMAIN_ID=21 /home/runner/work/pixi_rosdistro/pixi_rosdistro/.pixi/envs/default/bin/cmake /home/runner/work/pixi_rosdistro/pixi_rosdistro/src/ament/uncrustify_vendor -GNinja --no-warn-unused-cli -DCMAKE_BUILD_TYPE=Release -DCMAKE_BUILD_WITH_INSTALL_RPATH:bool=TRUE -DCMAKE_POLICY_VERSION_MINIMUM=3.5 -Wno-deprecated -DSTACK_DETAILS_AUTO_DETECT:bool=FALSE -DSTACK_DETAILS_BFD:bool=FALSE -DCMAKE_INSTALL_PREFIX=/home/runner/work/pixi_rosdistro/pixi_rosdistro/install
[1.930s] Not searching for unused variables given on the command line.
[1.930s] -- The C compiler identification is GNU 14.3.0
[2.045s] -- The CXX compiler identification is GNU 14.3.0
[2.058s] -- Detecting C compiler ABI info
[2.225s] -- Detecting C compiler ABI info - done
[2.266s] -- Check for working C compiler: /home/runner/work/pixi_rosdistro/pixi_rosdistro/.pixi/envs/default/bin/x86_64-conda-linux-gnu-cc - skipped
[2.266s] -- Detecting C compile features
[2.266s] -- Detecting C compile features - done
[2.285s] -- Detecting CXX compiler ABI info
[2.449s] -- Detecting CXX compiler ABI info - done
[2.480s] -- Check for working CXX compiler: /home/runner/work/pixi_rosdistro/pixi_rosdistro/.pixi/envs/default/bin/x86_64-conda-linux-gnu-c++ - skipped
[2.481s] -- Detecting CXX compile features
[2.482s] -- Detecting CXX compile features - done
[2.495s] -- Found ament_cmake: 2.8.6 (/home/runner/work/pixi_rosdistro/pixi_rosdistro/install/share/ament_cmake/cmake)
[2.751s] -- Found ament_cmake_vendor_package: 2.8.6 (/home/runner/work/pixi_rosdistro/pixi_rosdistro/install/share/ament_cmake_vendor_package/cmake)
[2.758s] -- Skipping vendor package build for 'uncrustify_vendor', which is already satisfied
[2.906s] -- Configuring done (1.0s)
[2.915s] -- Generating done (0.0s)
[2.918s] -- Build files have been written to: /home/runner/work/pixi_rosdistro/pixi_rosdistro/build/uncrustify_vendor
[2.928s] Invoked command in '/home/runner/work/pixi_rosdistro/pixi_rosdistro/build/uncrustify_vendor' returned '0': AMENT_PREFIX_PATH=/home/runner/work/pixi_rosdistro/pixi_rosdistro/install CMAKE_PREFIX_PATH=/home/runner/work/pixi_rosdistro/pixi_rosdistro/install:${CMAKE_PREFIX_PATH} LD_LIBRARY_PATH=/home/runner/work/pixi_rosdistro/pixi_rosdistro/install/lib PATH=/home/runner/work/pixi_rosdistro/pixi_rosdistro/install/bin:/opt/microsoft/powershell/7:${PATH} PIXI_PROMPT=(ros2_rolling) PKG_CONFIG_PATH=/home/runner/work/pixi_rosdistro/pixi_rosdistro/install/lib/pkgconfig PSModulePath=/home/runner/.local/share/powershell/Modules:${PSModulePath} PYTHONPATH=/home/runner/work/pixi_rosdistro/pixi_rosdistro/install/lib/python3.12/site-packages ROS_DOMAIN_ID=21 /home/runner/work/pixi_rosdistro/pixi_rosdistro/.pixi/envs/default/bin/cmake /home/runner/work/pixi_rosdistro/pixi_rosdistro/src/ament/uncrustify_vendor -GNinja --no-warn-unused-cli -DCMAKE_BUILD_TYPE=Release -DCMAKE_BUILD_WITH_INSTALL_RPATH:bool=TRUE -DCMAKE_POLICY_VERSION_MINIMUM=3.5 -Wno-deprecated -DSTACK_DETAILS_AUTO_DETECT:bool=FALSE -DSTACK_DETAILS_BFD:bool=FALSE -DCMAKE_INSTALL_PREFIX=/home/runner/work/pixi_rosdistro/pixi_rosdistro/install
[2.929s] Invoking command in '/home/runner/work/pixi_rosdistro/pixi_rosdistro/build/uncrustify_vendor': AMENT_PREFIX_PATH=/home/runner/work/pixi_rosdistro/pixi_rosdistro/install CMAKE_PREFIX_PATH=/home/runner/work/pixi_rosdistro/pixi_rosdistro/install:${CMAKE_PREFIX_PATH} LD_LIBRARY_PATH=/home/runner/work/pixi_rosdistro/pixi_rosdistro/install/lib PATH=/home/runner/work/pixi_rosdistro/pixi_rosdistro/install/bin:/opt/microsoft/powershell/7:${PATH} PIXI_PROMPT=(ros2_rolling) PKG_CONFIG_PATH=/home/runner/work/pixi_rosdistro/pixi_rosdistro/install/lib/pkgconfig PSModulePath=/home/runner/.local/share/powershell/Modules:${PSModulePath} PYTHONPATH=/home/runner/work/pixi_rosdistro/pixi_rosdistro/install/lib/python3.12/site-packages ROS_DOMAIN_ID=21 /home/runner/work/pixi_rosdistro/pixi_rosdistro/.pixi/envs/default/bin/cmake --build /home/runner/work/pixi_rosdistro/pixi_rosdistro/build/uncrustify_vendor -- -j4 -l4
[2.938s] ninja: no work to do.
[2.941s] Invoked command in '/home/runner/work/pixi_rosdistro/pixi_rosdistro/build/uncrustify_vendor' returned '0': AMENT_PREFIX_PATH=/home/runner/work/pixi_rosdistro/pixi_rosdistro/install CMAKE_PREFIX_PATH=/home/runner/work/pixi_rosdistro/pixi_rosdistro/install:${CMAKE_PREFIX_PATH} LD_LIBRARY_PATH=/home/runner/work/pixi_rosdistro/pixi_rosdistro/install/lib PATH=/home/runner/work/pixi_rosdistro/pixi_rosdistro/install/bin:/opt/microsoft/powershell/7:${PATH} PIXI_PROMPT=(ros2_rolling) PKG_CONFIG_PATH=/home/runner/work/pixi_rosdistro/pixi_rosdistro/install/lib/pkgconfig PSModulePath=/home/runner/.local/share/powershell/Modules:${PSModulePath} PYTHONPATH=/home/runner/work/pixi_rosdistro/pixi_rosdistro/install/lib/python3.12/site-packages ROS_DOMAIN_ID=21 /home/runner/work/pixi_rosdistro/pixi_rosdistro/.pixi/envs/default/bin/cmake --build /home/runner/work/pixi_rosdistro/pixi_rosdistro/build/uncrustify_vendor -- -j4 -l4
[2.942s] Invoking command in '/home/runner/work/pixi_rosdistro/pixi_rosdistro/build/uncrustify_vendor': AMENT_PREFIX_PATH=/home/runner/work/pixi_rosdistro/pixi_rosdistro/install CMAKE_PREFIX_PATH=/home/runner/work/pixi_rosdistro/pixi_rosdistro/install:${CMAKE_PREFIX_PATH} LD_LIBRARY_PATH=/home/runner/work/pixi_rosdistro/pixi_rosdistro/install/lib PATH=/home/runner/work/pixi_rosdistro/pixi_rosdistro/install/bin:/opt/microsoft/powershell/7:${PATH} PIXI_PROMPT=(ros2_rolling) PKG_CONFIG_PATH=/home/runner/work/pixi_rosdistro/pixi_rosdistro/install/lib/pkgconfig PSModulePath=/home/runner/.local/share/powershell/Modules:${PSModulePath} PYTHONPATH=/home/runner/work/pixi_rosdistro/pixi_rosdistro/install/lib/python3.12/site-packages ROS_DOMAIN_ID=21 /home/runner/work/pixi_rosdistro/pixi_rosdistro/.pixi/envs/default/bin/cmake --install /home/runner/work/pixi_rosdistro/pixi_rosdistro/build/uncrustify_vendor
[2.947s] -- Install configuration: "Release"
[2.948s] -- Installing: /home/runner/work/pixi_rosdistro/pixi_rosdistro/install/share/ament_index/resource_index/package_run_dependencies/uncrustify_vendor
[2.949s] -- Installing: /home/runner/work/pixi_rosdistro/pixi_rosdistro/install/share/ament_index/resource_index/parent_prefix_path/uncrustify_vendor
[2.949s] -- Installing: /home/runner/work/pixi_rosdistro/pixi_rosdistro/install/share/uncrustify_vendor/environment/ament_prefix_path.sh
[2.949s] -- Installing: /home/runner/work/pixi_rosdistro/pixi_rosdistro/install/share/uncrustify_vendor/environment/ament_prefix_path.dsv
[2.949s] -- Installing: /home/runner/work/pixi_rosdistro/pixi_rosdistro/install/share/uncrustify_vendor/environment/path.sh
[2.949s] -- Installing: /home/runner/work/pixi_rosdistro/pixi_rosdistro/install/share/uncrustify_vendor/environment/path.dsv
[2.949s] -- Installing: /home/runner/work/pixi_rosdistro/pixi_rosdistro/install/share/uncrustify_vendor/local_setup.bash
[2.949s] -- Installing: /home/runner/work/pixi_rosdistro/pixi_rosdistro/install/share/uncrustify_vendor/local_setup.fish
[2.950s] -- Installing: /home/runner/work/pixi_rosdistro/pixi_rosdistro/install/share/uncrustify_vendor/local_setup.sh
[2.950s] -- Installing: /home/runner/work/pixi_rosdistro/pixi_rosdistro/install/share/uncrustify_vendor/local_setup.zsh
[2.950s] -- Installing: /home/runner/work/pixi_rosdistro/pixi_rosdistro/install/share/uncrustify_vendor/local_setup.dsv
[2.951s] -- Installing: /home/runner/work/pixi_rosdistro/pixi_rosdistro/install/share/uncrustify_vendor/package.dsv
[2.951s] -- Installing: /home/runner/work/pixi_rosdistro/pixi_rosdistro/install/share/ament_index/resource_index/packages/uncrustify_vendor
[2.951s] -- Installing: /home/runner/work/pixi_rosdistro/pixi_rosdistro/install/share/uncrustify_vendor/cmake/uncrustify_vendorConfig.cmake
[2.952s] -- Installing: /home/runner/work/pixi_rosdistro/pixi_rosdistro/install/share/uncrustify_vendor/cmake/uncrustify_vendorConfig-version.cmake
[2.952s] -- Installing: /home/runner/work/pixi_rosdistro/pixi_rosdistro/install/share/uncrustify_vendor/package.xml
[2.954s] Invoked command in '/home/runner/work/pixi_rosdistro/pixi_rosdistro/build/uncrustify_vendor' returned '0': AMENT_PREFIX_PATH=/home/runner/work/pixi_rosdistro/pixi_rosdistro/install CMAKE_PREFIX_PATH=/home/runner/work/pixi_rosdistro/pixi_rosdistro/install:${CMAKE_PREFIX_PATH} LD_LIBRARY_PATH=/home/runner/work/pixi_rosdistro/pixi_rosdistro/install/lib PATH=/home/runner/work/pixi_rosdistro/pixi_rosdistro/install/bin:/opt/microsoft/powershell/7:${PATH} PIXI_PROMPT=(ros2_rolling) PKG_CONFIG_PATH=/home/runner/work/pixi_rosdistro/pixi_rosdistro/install/lib/pkgconfig PSModulePath=/home/runner/.local/share/powershell/Modules:${PSModulePath} PYTHONPATH=/home/runner/work/pixi_rosdistro/pixi_rosdistro/install/lib/python3.12/site-packages ROS_DOMAIN_ID=21 /home/runner/work/pixi_rosdistro/pixi_rosdistro/.pixi/envs/default/bin/cmake --install /home/runner/work/pixi_rosdistro/pixi_rosdistro/build/uncrustify_vendor
