[0.420s] Invoking command in '/Users/runner/work/pixi_rosdistro/pixi_rosdistro/build/rmw_implementation_cmake': AMENT_PREFIX_PATH=/Users/runner/work/pixi_rosdistro/pixi_rosdistro/install CMAKE_PREFIX_PATH=/Users/runner/work/pixi_rosdistro/pixi_rosdistro/install PATH=/Users/runner/work/pixi_rosdistro/pixi_rosdistro/install/bin:${PATH} PIXI_PROMPT=(ros2_rolling) PKG_CONFIG_PATH=/Users/runner/work/pixi_rosdistro/pixi_rosdistro/install/lib/pkgconfig PYTHONPATH=/Users/runner/work/pixi_rosdistro/pixi_rosdistro/install/lib/python3.12/site-packages SHLVL=3 _=/usr/bin/env /Users/runner/work/pixi_rosdistro/pixi_rosdistro/.pixi/envs/default/bin/cmake /Users/runner/work/pixi_rosdistro/pixi_rosdistro/src/ros2/rmw/rmw_implementation_cmake -GNinja --no-warn-unused-cli -DCMAKE_BUILD_TYPE=Release -DCMAKE_BUILD_WITH_INSTALL_RPATH:bool=TRUE -DCMAKE_POLICY_VERSION_MINIMUM=3.5 -Wno-deprecated -DSTACK_DETAILS_AUTO_DETECT:bool=FALSE -DSTACK_DETAILS_BFD:bool=FALSE -DTRACETOOLS_DISABLED=ON -DCMAKE_INSTALL_PREFIX=/Users/runner/work/pixi_rosdistro/pixi_rosdistro/install
[0.631s] Not searching for unused variables given on the command line.
[0.631s] -- Found ament_cmake: 2.8.6 (/Users/runner/work/pixi_rosdistro/pixi_rosdistro/install/share/ament_cmake/cmake)
[0.984s] -- Found ament_lint_auto: 0.20.3 (/Users/runner/work/pixi_rosdistro/pixi_rosdistro/install/share/ament_lint_auto/cmake)
[1.134s] -- Added test 'copyright' to check source files copyright and LICENSE
[1.137s] -- Added test 'lint_cmake' to check CMake code style
[1.138s] -- Added test 'xmllint' to check XML markup files
[1.142s] -- Configuring done (0.7s)
[1.157s] -- Generating done (0.0s)
[1.159s] -- Build files have been written to: /Users/runner/work/pixi_rosdistro/pixi_rosdistro/build/rmw_implementation_cmake
[1.163s] Invoked command in '/Users/runner/work/pixi_rosdistro/pixi_rosdistro/build/rmw_implementation_cmake' returned '0': AMENT_PREFIX_PATH=/Users/runner/work/pixi_rosdistro/pixi_rosdistro/install CMAKE_PREFIX_PATH=/Users/runner/work/pixi_rosdistro/pixi_rosdistro/install PATH=/Users/runner/work/pixi_rosdistro/pixi_rosdistro/install/bin:${PATH} PIXI_PROMPT=(ros2_rolling) PKG_CONFIG_PATH=/Users/runner/work/pixi_rosdistro/pixi_rosdistro/install/lib/pkgconfig PYTHONPATH=/Users/runner/work/pixi_rosdistro/pixi_rosdistro/install/lib/python3.12/site-packages SHLVL=3 _=/usr/bin/env /Users/runner/work/pixi_rosdistro/pixi_rosdistro/.pixi/envs/default/bin/cmake /Users/runner/work/pixi_rosdistro/pixi_rosdistro/src/ros2/rmw/rmw_implementation_cmake -GNinja --no-warn-unused-cli -DCMAKE_BUILD_TYPE=Release -DCMAKE_BUILD_WITH_INSTALL_RPATH:bool=TRUE -DCMAKE_POLICY_VERSION_MINIMUM=3.5 -Wno-deprecated -DSTACK_DETAILS_AUTO_DETECT:bool=FALSE -DSTACK_DETAILS_BFD:bool=FALSE -DTRACETOOLS_DISABLED=ON -DCMAKE_INSTALL_PREFIX=/Users/runner/work/pixi_rosdistro/pixi_rosdistro/install
[1.164s] Invoking command in '/Users/runner/work/pixi_rosdistro/pixi_rosdistro/build/rmw_implementation_cmake': AMENT_PREFIX_PATH=/Users/runner/work/pixi_rosdistro/pixi_rosdistro/install CMAKE_PREFIX_PATH=/Users/runner/work/pixi_rosdistro/pixi_rosdistro/install PATH=/Users/runner/work/pixi_rosdistro/pixi_rosdistro/install/bin:${PATH} PIXI_PROMPT=(ros2_rolling) PKG_CONFIG_PATH=/Users/runner/work/pixi_rosdistro/pixi_rosdistro/install/lib/pkgconfig PYTHONPATH=/Users/runner/work/pixi_rosdistro/pixi_rosdistro/install/lib/python3.12/site-packages SHLVL=3 _=/usr/bin/env /Users/runner/work/pixi_rosdistro/pixi_rosdistro/.pixi/envs/default/bin/cmake --build /Users/runner/work/pixi_rosdistro/pixi_rosdistro/build/rmw_implementation_cmake -- -j3 -l3
[1.183s] ninja: no work to do.
[1.184s] Invoked command in '/Users/runner/work/pixi_rosdistro/pixi_rosdistro/build/rmw_implementation_cmake' returned '0': AMENT_PREFIX_PATH=/Users/runner/work/pixi_rosdistro/pixi_rosdistro/install CMAKE_PREFIX_PATH=/Users/runner/work/pixi_rosdistro/pixi_rosdistro/install PATH=/Users/runner/work/pixi_rosdistro/pixi_rosdistro/install/bin:${PATH} PIXI_PROMPT=(ros2_rolling) PKG_CONFIG_PATH=/Users/runner/work/pixi_rosdistro/pixi_rosdistro/install/lib/pkgconfig PYTHONPATH=/Users/runner/work/pixi_rosdistro/pixi_rosdistro/install/lib/python3.12/site-packages SHLVL=3 _=/usr/bin/env /Users/runner/work/pixi_rosdistro/pixi_rosdistro/.pixi/envs/default/bin/cmake --build /Users/runner/work/pixi_rosdistro/pixi_rosdistro/build/rmw_implementation_cmake -- -j3 -l3
[1.188s] Invoking command in '/Users/runner/work/pixi_rosdistro/pixi_rosdistro/build/rmw_implementation_cmake': AMENT_PREFIX_PATH=/Users/runner/work/pixi_rosdistro/pixi_rosdistro/install CMAKE_PREFIX_PATH=/Users/runner/work/pixi_rosdistro/pixi_rosdistro/install PATH=/Users/runner/work/pixi_rosdistro/pixi_rosdistro/install/bin:${PATH} PIXI_PROMPT=(ros2_rolling) PKG_CONFIG_PATH=/Users/runner/work/pixi_rosdistro/pixi_rosdistro/install/lib/pkgconfig PYTHONPATH=/Users/runner/work/pixi_rosdistro/pixi_rosdistro/install/lib/python3.12/site-packages SHLVL=3 _=/usr/bin/env /Users/runner/work/pixi_rosdistro/pixi_rosdistro/.pixi/envs/default/bin/cmake --install /Users/runner/work/pixi_rosdistro/pixi_rosdistro/build/rmw_implementation_cmake
[1.213s] -- Install configuration: "Release"
[1.214s] -- Installing: /Users/runner/work/pixi_rosdistro/pixi_rosdistro/install/share/ament_index/resource_index/package_run_dependencies/rmw_implementation_cmake
[1.214s] -- Installing: /Users/runner/work/pixi_rosdistro/pixi_rosdistro/install/share/ament_index/resource_index/parent_prefix_path/rmw_implementation_cmake
[1.215s] -- Installing: /Users/runner/work/pixi_rosdistro/pixi_rosdistro/install/share/rmw_implementation_cmake/environment/ament_prefix_path.sh
[1.215s] -- Installing: /Users/runner/work/pixi_rosdistro/pixi_rosdistro/install/share/rmw_implementation_cmake/environment/ament_prefix_path.dsv
[1.216s] -- Installing: /Users/runner/work/pixi_rosdistro/pixi_rosdistro/install/share/rmw_implementation_cmake/environment/path.sh
[1.216s] -- Installing: /Users/runner/work/pixi_rosdistro/pixi_rosdistro/install/share/rmw_implementation_cmake/environment/path.dsv
[1.216s] -- Installing: /Users/runner/work/pixi_rosdistro/pixi_rosdistro/install/share/rmw_implementation_cmake/local_setup.bash
[1.216s] -- Installing: /Users/runner/work/pixi_rosdistro/pixi_rosdistro/install/share/rmw_implementation_cmake/local_setup.fish
[1.216s] -- Installing: /Users/runner/work/pixi_rosdistro/pixi_rosdistro/install/share/rmw_implementation_cmake/local_setup.sh
[1.216s] -- Installing: /Users/runner/work/pixi_rosdistro/pixi_rosdistro/install/share/rmw_implementation_cmake/local_setup.zsh
[1.217s] -- Installing: /Users/runner/work/pixi_rosdistro/pixi_rosdistro/install/share/rmw_implementation_cmake/local_setup.dsv
[1.217s] -- Installing: /Users/runner/work/pixi_rosdistro/pixi_rosdistro/install/share/rmw_implementation_cmake/package.dsv
[1.217s] -- Installing: /Users/runner/work/pixi_rosdistro/pixi_rosdistro/install/share/ament_index/resource_index/packages/rmw_implementation_cmake
[1.217s] -- Installing: /Users/runner/work/pixi_rosdistro/pixi_rosdistro/install/share/rmw_implementation_cmake/cmake/rmw_implementation_cmake-extras.cmake
[1.218s] -- Installing: /Users/runner/work/pixi_rosdistro/pixi_rosdistro/install/share/rmw_implementation_cmake/cmake/ament_cmake_export_dependencies-extras.cmake
[1.218s] -- Installing: /Users/runner/work/pixi_rosdistro/pixi_rosdistro/install/share/rmw_implementation_cmake/cmake/rmw_implementation_cmakeConfig.cmake
[1.218s] -- Installing: /Users/runner/work/pixi_rosdistro/pixi_rosdistro/install/share/rmw_implementation_cmake/cmake/rmw_implementation_cmakeConfig-version.cmake
[1.218s] -- Installing: /Users/runner/work/pixi_rosdistro/pixi_rosdistro/install/share/rmw_implementation_cmake/package.xml
[1.219s] -- Up-to-date: /Users/runner/work/pixi_rosdistro/pixi_rosdistro/install/share/rmw_implementation_cmake/cmake
[1.219s] -- Installing: /Users/runner/work/pixi_rosdistro/pixi_rosdistro/install/share/rmw_implementation_cmake/cmake/get_default_rmw_implementation.cmake
[1.219s] -- Installing: /Users/runner/work/pixi_rosdistro/pixi_rosdistro/install/share/rmw_implementation_cmake/cmake/call_for_each_rmw_implementation.cmake
[1.220s] -- Installing: /Users/runner/work/pixi_rosdistro/pixi_rosdistro/install/share/rmw_implementation_cmake/cmake/get_available_rmw_implementations.cmake
[1.222s] Invoked command in '/Users/runner/work/pixi_rosdistro/pixi_rosdistro/build/rmw_implementation_cmake' returned '0': AMENT_PREFIX_PATH=/Users/runner/work/pixi_rosdistro/pixi_rosdistro/install CMAKE_PREFIX_PATH=/Users/runner/work/pixi_rosdistro/pixi_rosdistro/install PATH=/Users/runner/work/pixi_rosdistro/pixi_rosdistro/install/bin:${PATH} PIXI_PROMPT=(ros2_rolling) PKG_CONFIG_PATH=/Users/runner/work/pixi_rosdistro/pixi_rosdistro/install/lib/pkgconfig PYTHONPATH=/Users/runner/work/pixi_rosdistro/pixi_rosdistro/install/lib/python3.12/site-packages SHLVL=3 _=/usr/bin/env /Users/runner/work/pixi_rosdistro/pixi_rosdistro/.pixi/envs/default/bin/cmake --install /Users/runner/work/pixi_rosdistro/pixi_rosdistro/build/rmw_implementation_cmake
