[4.333s] Invoking command in '/home/runner/work/pixi_rosdistro/pixi_rosdistro/build/diagnostic_msgs': AMENT_PREFIX_PATH=/home/runner/work/pixi_rosdistro/pixi_rosdistro/install CMAKE_PREFIX_PATH=/home/runner/work/pixi_rosdistro/pixi_rosdistro/install:${CMAKE_PREFIX_PATH} LD_LIBRARY_PATH=/home/runner/work/pixi_rosdistro/pixi_rosdistro/install/lib PATH=/home/runner/work/pixi_rosdistro/pixi_rosdistro/install/bin:/opt/microsoft/powershell/7:${PATH} PIXI_PROMPT=(ros2_rolling) PKG_CONFIG_PATH=/home/runner/work/pixi_rosdistro/pixi_rosdistro/install/lib/pkgconfig PSModulePath=/home/runner/.local/share/powershell/Modules:${PSModulePath} PYTHONPATH=/home/runner/work/pixi_rosdistro/pixi_rosdistro/install/lib/python3.12/site-packages /home/runner/work/pixi_rosdistro/pixi_rosdistro/.pixi/envs/default/bin/cmake /home/runner/work/pixi_rosdistro/pixi_rosdistro/src/ros2/common_interfaces/diagnostic_msgs -GNinja --no-warn-unused-cli -DCMAKE_BUILD_TYPE=Release -DCMAKE_BUILD_WITH_INSTALL_RPATH:bool=TRUE -DCMAKE_POLICY_VERSION_MINIMUM=3.5 -Wno-deprecated -DSTACK_DETAILS_AUTO_DETECT:bool=FALSE -DSTACK_DETAILS_BFD:bool=FALSE -DCMAKE_INSTALL_PREFIX=/home/runner/work/pixi_rosdistro/pixi_rosdistro/install
[4.413s] Not searching for unused variables given on the command line.
[4.413s] -- The C compiler identification is GNU 14.3.0
[4.534s] -- The CXX compiler identification is GNU 14.3.0
[4.546s] -- Detecting C compiler ABI info
[4.662s] -- Detecting C compiler ABI info - done
[4.695s] -- Check for working C compiler: /home/runner/work/pixi_rosdistro/pixi_rosdistro/.pixi/envs/default/bin/x86_64-conda-linux-gnu-cc - skipped
[4.695s] -- Detecting C compile features
[4.697s] -- Detecting C compile features - done
[4.714s] -- Detecting CXX compiler ABI info
[4.860s] -- Detecting CXX compiler ABI info - done
[4.896s] -- Check for working CXX compiler: /home/runner/work/pixi_rosdistro/pixi_rosdistro/.pixi/envs/default/bin/x86_64-conda-linux-gnu-c++ - skipped
[4.897s] -- Detecting CXX compile features
[4.899s] -- Detecting CXX compile features - done
[4.914s] -- Found ament_cmake: 2.8.6 (/home/runner/work/pixi_rosdistro/pixi_rosdistro/install/share/ament_cmake/cmake)
[5.210s] -- Found rosidl_default_generators: 1.8.1 (/home/runner/work/pixi_rosdistro/pixi_rosdistro/install/share/rosidl_default_generators/cmake)
[5.216s] -- Using all available rosidl_typesupport_c: rosidl_typesupport_fastrtps_c;rosidl_typesupport_introspection_c
[5.262s] -- Using all available rosidl_typesupport_cpp: rosidl_typesupport_fastrtps_cpp;rosidl_typesupport_introspection_cpp
[5.312s] -- Found rosidl_adapter: 5.1.3 (/home/runner/work/pixi_rosdistro/pixi_rosdistro/install/share/rosidl_adapter/cmake)
[5.317s] -- Found std_msgs: 5.9.1 (/home/runner/work/pixi_rosdistro/pixi_rosdistro/install/share/std_msgs/cmake)
[5.530s] -- Found Python3: /home/runner/work/pixi_rosdistro/pixi_rosdistro/.pixi/envs/default/bin/python3 (found version "3.12.13") found components: Interpreter
[6.049s] -- Found ament_cmake_cppcheck: 0.20.3 (/home/runner/work/pixi_rosdistro/pixi_rosdistro/install/share/ament_cmake_cppcheck/cmake)
[6.053s] -- Found ament_cmake_cpplint: 0.20.3 (/home/runner/work/pixi_rosdistro/pixi_rosdistro/install/share/ament_cmake_cpplint/cmake)
[6.056s] -- Found ament_cmake_uncrustify: 0.20.3 (/home/runner/work/pixi_rosdistro/pixi_rosdistro/install/share/ament_cmake_uncrustify/cmake)
[6.060s] -- Found ament_cmake_ros_core: 0.15.6 (/home/runner/work/pixi_rosdistro/pixi_rosdistro/install/share/ament_cmake_ros_core/cmake)
[6.501s] -- Using all available rosidl_typesupport_c: rosidl_typesupport_fastrtps_c;rosidl_typesupport_introspection_c
[7.137s] -- Using all available rosidl_typesupport_cpp: rosidl_typesupport_fastrtps_cpp;rosidl_typesupport_introspection_cpp
[7.727s] -- Found Python3: /home/runner/work/pixi_rosdistro/pixi_rosdistro/.pixi/envs/default/bin/python3 (found version "3.12.13") found components: Interpreter Development NumPy Development.Module Development.Embed
[7.767s] -- Found ament_cmake_flake8: 0.20.3 (/home/runner/work/pixi_rosdistro/pixi_rosdistro/install/share/ament_cmake_flake8/cmake)
[7.770s] -- Found ament_cmake_pep257: 0.20.3 (/home/runner/work/pixi_rosdistro/pixi_rosdistro/install/share/ament_cmake_pep257/cmake)
[7.775s] -- Found ament_cmake_mypy: 0.20.3 (/home/runner/work/pixi_rosdistro/pixi_rosdistro/install/share/ament_cmake_mypy/cmake)
[7.805s] -- Found Python3: /home/runner/work/pixi_rosdistro/pixi_rosdistro/.pixi/envs/default/bin/python3 (found version "3.12.13") found components: Interpreter
[7.814s] -- Configuring done (3.5s)
[7.886s] -- Generating done (0.1s)
[7.909s] -- Build files have been written to: /home/runner/work/pixi_rosdistro/pixi_rosdistro/build/diagnostic_msgs
[7.920s] Invoked command in '/home/runner/work/pixi_rosdistro/pixi_rosdistro/build/diagnostic_msgs' returned '0': AMENT_PREFIX_PATH=/home/runner/work/pixi_rosdistro/pixi_rosdistro/install CMAKE_PREFIX_PATH=/home/runner/work/pixi_rosdistro/pixi_rosdistro/install:${CMAKE_PREFIX_PATH} LD_LIBRARY_PATH=/home/runner/work/pixi_rosdistro/pixi_rosdistro/install/lib PATH=/home/runner/work/pixi_rosdistro/pixi_rosdistro/install/bin:/opt/microsoft/powershell/7:${PATH} PIXI_PROMPT=(ros2_rolling) PKG_CONFIG_PATH=/home/runner/work/pixi_rosdistro/pixi_rosdistro/install/lib/pkgconfig PSModulePath=/home/runner/.local/share/powershell/Modules:${PSModulePath} PYTHONPATH=/home/runner/work/pixi_rosdistro/pixi_rosdistro/install/lib/python3.12/site-packages /home/runner/work/pixi_rosdistro/pixi_rosdistro/.pixi/envs/default/bin/cmake /home/runner/work/pixi_rosdistro/pixi_rosdistro/src/ros2/common_interfaces/diagnostic_msgs -GNinja --no-warn-unused-cli -DCMAKE_BUILD_TYPE=Release -DCMAKE_BUILD_WITH_INSTALL_RPATH:bool=TRUE -DCMAKE_POLICY_VERSION_MINIMUM=3.5 -Wno-deprecated -DSTACK_DETAILS_AUTO_DETECT:bool=FALSE -DSTACK_DETAILS_BFD:bool=FALSE -DCMAKE_INSTALL_PREFIX=/home/runner/work/pixi_rosdistro/pixi_rosdistro/install
[7.921s] Invoking command in '/home/runner/work/pixi_rosdistro/pixi_rosdistro/build/diagnostic_msgs': AMENT_PREFIX_PATH=/home/runner/work/pixi_rosdistro/pixi_rosdistro/install CMAKE_PREFIX_PATH=/home/runner/work/pixi_rosdistro/pixi_rosdistro/install:${CMAKE_PREFIX_PATH} LD_LIBRARY_PATH=/home/runner/work/pixi_rosdistro/pixi_rosdistro/install/lib PATH=/home/runner/work/pixi_rosdistro/pixi_rosdistro/install/bin:/opt/microsoft/powershell/7:${PATH} PIXI_PROMPT=(ros2_rolling) PKG_CONFIG_PATH=/home/runner/work/pixi_rosdistro/pixi_rosdistro/install/lib/pkgconfig PSModulePath=/home/runner/.local/share/powershell/Modules:${PSModulePath} PYTHONPATH=/home/runner/work/pixi_rosdistro/pixi_rosdistro/install/lib/python3.12/site-packages /home/runner/work/pixi_rosdistro/pixi_rosdistro/.pixi/envs/default/bin/cmake --build /home/runner/work/pixi_rosdistro/pixi_rosdistro/build/diagnostic_msgs -- -j4 -l4
[8.437s] [1/77] Generating type hashes for ROS interfaces
[9.279s] [2/77] Generating C code for ROS interfaces
[9.370s] [3/77] Building C object CMakeFiles/diagnostic_msgs__rosidl_generator_c.dir/rosidl_generator_c/diagnostic_msgs/msg/detail/diagnostic_array__description.c.o
[9.477s] [4/77] Building C object CMakeFiles/diagnostic_msgs__rosidl_generator_c.dir/rosidl_generator_c/diagnostic_msgs/msg/detail/diagnostic_array__functions.c.o
[9.607s] [5/77] Building C object CMakeFiles/diagnostic_msgs__rosidl_generator_c.dir/rosidl_generator_c/diagnostic_msgs/msg/detail/diagnostic_array__type_support.c.o
[9.762s] [6/77] Building C object CMakeFiles/diagnostic_msgs__rosidl_generator_c.dir/rosidl_generator_c/diagnostic_msgs/msg/detail/diagnostic_status__description.c.o
[9.868s] [7/77] Building C object CMakeFiles/diagnostic_msgs__rosidl_generator_c.dir/rosidl_generator_c/diagnostic_msgs/msg/detail/diagnostic_status__functions.c.o
[9.996s] [8/77] Building C object CMakeFiles/diagnostic_msgs__rosidl_generator_c.dir/rosidl_generator_c/diagnostic_msgs/msg/detail/diagnostic_status__type_support.c.o
[10.098s] [9/77] Building C object CMakeFiles/diagnostic_msgs__rosidl_generator_c.dir/rosidl_generator_c/diagnostic_msgs/msg/detail/key_value__description.c.o
[10.253s] [10/77] Building C object CMakeFiles/diagnostic_msgs__rosidl_generator_c.dir/rosidl_generator_c/diagnostic_msgs/msg/detail/key_value__functions.c.o
[10.364s] [11/77] Building C object CMakeFiles/diagnostic_msgs__rosidl_generator_c.dir/rosidl_generator_c/diagnostic_msgs/msg/detail/key_value__type_support.c.o
[10.502s] [12/77] Building C object CMakeFiles/diagnostic_msgs__rosidl_generator_c.dir/rosidl_generator_c/diagnostic_msgs/srv/detail/add_diagnostics__description.c.o
[10.603s] [13/77] Building C object CMakeFiles/diagnostic_msgs__rosidl_generator_c.dir/rosidl_generator_c/diagnostic_msgs/srv/detail/add_diagnostics__functions.c.o
[10.736s] [14/77] Building C object CMakeFiles/diagnostic_msgs__rosidl_generator_c.dir/rosidl_generator_c/diagnostic_msgs/srv/detail/add_diagnostics__type_support.c.o
[10.844s] [15/77] Building C object CMakeFiles/diagnostic_msgs__rosidl_generator_c.dir/rosidl_generator_c/diagnostic_msgs/srv/detail/self_test__description.c.o
[10.985s] [16/77] Building C object CMakeFiles/diagnostic_msgs__rosidl_generator_c.dir/rosidl_generator_c/diagnostic_msgs/srv/detail/self_test__functions.c.o
[11.090s] [17/77] Building C object CMakeFiles/diagnostic_msgs__rosidl_generator_c.dir/rosidl_generator_c/diagnostic_msgs/srv/detail/self_test__type_support.c.o
[12.009s] [18/77] Generating C type support for eProsima Fast-RTPS
[12.750s] [19/77] Generating C introspection for ROS interfaces
[13.469s] [20/77] Generating C type support dispatch for ROS interfaces
[14.403s] [21/77] Generating C++ code for ROS interfaces
[15.395s] [22/77] Generating C++ type support for eProsima Fast-RTPS
[16.204s] [23/77] Generating C++ introspection for ROS interfaces
[16.994s] [24/77] Generating C++ type support dispatch for ROS interfaces
[17.025s] [25/77] Linking C shared library libdiagnostic_msgs__rosidl_generator_c.so
[17.334s] [26/77] Building CXX object CMakeFiles/diagnostic_msgs__rosidl_typesupport_fastrtps_c.dir/rosidl_typesupport_fastrtps_c/diagnostic_msgs/msg/detail/diagnostic_array__type_support_c.cpp.o
[17.639s] [27/77] Building CXX object CMakeFiles/diagnostic_msgs__rosidl_typesupport_fastrtps_c.dir/rosidl_typesupport_fastrtps_c/diagnostic_msgs/msg/detail/diagnostic_status__type_support_c.cpp.o
[17.933s] [28/77] Building CXX object CMakeFiles/diagnostic_msgs__rosidl_typesupport_fastrtps_c.dir/rosidl_typesupport_fastrtps_c/diagnostic_msgs/msg/detail/key_value__type_support_c.cpp.o
[18.229s] [29/77] Building CXX object CMakeFiles/diagnostic_msgs__rosidl_typesupport_fastrtps_c.dir/rosidl_typesupport_fastrtps_c/diagnostic_msgs/srv/detail/add_diagnostics__type_support_c.cpp.o
[18.631s] [30/77] Building CXX object CMakeFiles/diagnostic_msgs__rosidl_typesupport_fastrtps_c.dir/rosidl_typesupport_fastrtps_c/diagnostic_msgs/srv/detail/self_test__type_support_c.cpp.o
[18.748s] [31/77] Building C object CMakeFiles/diagnostic_msgs__rosidl_typesupport_introspection_c.dir/rosidl_typesupport_introspection_c/diagnostic_msgs/msg/detail/diagnostic_array__type_support.c.o
[18.904s] [32/77] Building C object CMakeFiles/diagnostic_msgs__rosidl_typesupport_introspection_c.dir/rosidl_typesupport_introspection_c/diagnostic_msgs/msg/detail/diagnostic_status__type_support.c.o
[19.060s] [33/77] Building C object CMakeFiles/diagnostic_msgs__rosidl_typesupport_introspection_c.dir/rosidl_typesupport_introspection_c/diagnostic_msgs/msg/detail/key_value__type_support.c.o
[19.202s] [34/77] Building C object CMakeFiles/diagnostic_msgs__rosidl_typesupport_introspection_c.dir/rosidl_typesupport_introspection_c/diagnostic_msgs/srv/detail/add_diagnostics__type_support.c.o
[19.396s] [35/77] Building C object CMakeFiles/diagnostic_msgs__rosidl_typesupport_introspection_c.dir/rosidl_typesupport_introspection_c/diagnostic_msgs/srv/detail/self_test__type_support.c.o
[19.563s] [36/77] Building CXX object CMakeFiles/diagnostic_msgs__rosidl_typesupport_c.dir/rosidl_typesupport_c/diagnostic_msgs/msg/diagnostic_array__type_support.cpp.o
[19.722s] [37/77] Building CXX object CMakeFiles/diagnostic_msgs__rosidl_typesupport_c.dir/rosidl_typesupport_c/diagnostic_msgs/msg/diagnostic_status__type_support.cpp.o
[19.828s] [38/77] Building CXX object CMakeFiles/diagnostic_msgs__rosidl_typesupport_c.dir/rosidl_typesupport_c/diagnostic_msgs/msg/key_value__type_support.cpp.o
[19.989s] [39/77] Building CXX object CMakeFiles/diagnostic_msgs__rosidl_typesupport_c.dir/rosidl_typesupport_c/diagnostic_msgs/srv/add_diagnostics__type_support.cpp.o
[20.156s] [40/77] Building CXX object CMakeFiles/diagnostic_msgs__rosidl_typesupport_c.dir/rosidl_typesupport_c/diagnostic_msgs/srv/self_test__type_support.cpp.o
[20.421s] [41/77] Building CXX object CMakeFiles/diagnostic_msgs__rosidl_typesupport_fastrtps_cpp.dir/rosidl_typesupport_fastrtps_cpp/diagnostic_msgs/msg/detail/dds_fastrtps/diagnostic_array__type_support.cpp.o
[20.700s] [42/77] Building CXX object CMakeFiles/diagnostic_msgs__rosidl_typesupport_fastrtps_cpp.dir/rosidl_typesupport_fastrtps_cpp/diagnostic_msgs/msg/detail/dds_fastrtps/diagnostic_status__type_support.cpp.o
[20.974s] [43/77] Building CXX object CMakeFiles/diagnostic_msgs__rosidl_typesupport_fastrtps_cpp.dir/rosidl_typesupport_fastrtps_cpp/diagnostic_msgs/msg/detail/dds_fastrtps/key_value__type_support.cpp.o
[21.322s] [44/77] Building CXX object CMakeFiles/diagnostic_msgs__rosidl_typesupport_fastrtps_cpp.dir/rosidl_typesupport_fastrtps_cpp/diagnostic_msgs/srv/detail/dds_fastrtps/add_diagnostics__type_support.cpp.o
[21.635s] [45/77] Building CXX object CMakeFiles/diagnostic_msgs__rosidl_typesupport_fastrtps_cpp.dir/rosidl_typesupport_fastrtps_cpp/diagnostic_msgs/srv/detail/dds_fastrtps/self_test__type_support.cpp.o
[21.877s] [46/77] Building CXX object CMakeFiles/diagnostic_msgs__rosidl_typesupport_introspection_cpp.dir/rosidl_typesupport_introspection_cpp/diagnostic_msgs/msg/detail/diagnostic_array__type_support.cpp.o
[22.147s] [47/77] Building CXX object CMakeFiles/diagnostic_msgs__rosidl_typesupport_introspection_cpp.dir/rosidl_typesupport_introspection_cpp/diagnostic_msgs/msg/detail/diagnostic_status__type_support.cpp.o
[22.457s] [48/77] Building CXX object CMakeFiles/diagnostic_msgs__rosidl_typesupport_introspection_cpp.dir/rosidl_typesupport_introspection_cpp/diagnostic_msgs/msg/detail/key_value__type_support.cpp.o
[22.714s] [49/77] Building CXX object CMakeFiles/diagnostic_msgs__rosidl_typesupport_introspection_cpp.dir/rosidl_typesupport_introspection_cpp/diagnostic_msgs/srv/detail/add_diagnostics__type_support.cpp.o
[23.015s] [50/77] Building CXX object CMakeFiles/diagnostic_msgs__rosidl_typesupport_introspection_cpp.dir/rosidl_typesupport_introspection_cpp/diagnostic_msgs/srv/detail/self_test__type_support.cpp.o
[23.376s] [51/77] Building CXX object CMakeFiles/diagnostic_msgs__rosidl_typesupport_cpp.dir/rosidl_typesupport_cpp/diagnostic_msgs/msg/diagnostic_array__type_support.cpp.o
[23.592s] [52/77] Building CXX object CMakeFiles/diagnostic_msgs__rosidl_typesupport_cpp.dir/rosidl_typesupport_cpp/diagnostic_msgs/msg/diagnostic_status__type_support.cpp.o
[23.843s] [53/77] Building CXX object CMakeFiles/diagnostic_msgs__rosidl_typesupport_cpp.dir/rosidl_typesupport_cpp/diagnostic_msgs/msg/key_value__type_support.cpp.o
[24.075s] [54/77] Building CXX object CMakeFiles/diagnostic_msgs__rosidl_typesupport_cpp.dir/rosidl_typesupport_cpp/diagnostic_msgs/srv/add_diagnostics__type_support.cpp.o
[24.364s] [55/77] Building CXX object CMakeFiles/diagnostic_msgs__rosidl_typesupport_cpp.dir/rosidl_typesupport_cpp/diagnostic_msgs/srv/self_test__type_support.cpp.o
[24.431s] [56/77] Linking CXX shared library libdiagnostic_msgs__rosidl_typesupport_fastrtps_c.so
[24.461s] [57/77] Linking C shared library libdiagnostic_msgs__rosidl_typesupport_introspection_c.so
[24.527s] [58/77] Linking CXX shared library libdiagnostic_msgs__rosidl_typesupport_c.so
[24.602s] [59/77] Linking CXX shared library libdiagnostic_msgs__rosidl_typesupport_fastrtps_cpp.so
[24.670s] [60/77] Linking CXX shared library libdiagnostic_msgs__rosidl_typesupport_introspection_cpp.so
[24.732s] [61/77] Linking CXX shared library libdiagnostic_msgs__rosidl_typesupport_cpp.so
[26.201s] [62/77] Generating Python code for ROS interfaces
[26.797s] [63/77] Generating Rust code for ROS interfaces
[27.032s] [64/77] Building C object CMakeFiles/diagnostic_msgs__rosidl_generator_py.dir/rosidl_generator_py/diagnostic_msgs/msg/_diagnostic_array_s.c.o
[27.258s] [65/77] Building C object CMakeFiles/diagnostic_msgs__rosidl_generator_py.dir/rosidl_generator_py/diagnostic_msgs/msg/_diagnostic_status_s.c.o
[27.482s] [66/77] Building C object CMakeFiles/diagnostic_msgs__rosidl_generator_py.dir/rosidl_generator_py/diagnostic_msgs/msg/_key_value_s.c.o
[27.694s] [67/77] Building C object CMakeFiles/diagnostic_msgs__rosidl_generator_py.dir/rosidl_generator_py/diagnostic_msgs/srv/_add_diagnostics_s.c.o
[27.962s] [68/77] Building C object CMakeFiles/diagnostic_msgs__rosidl_generator_py.dir/rosidl_generator_py/diagnostic_msgs/srv/_self_test_s.c.o
[28.000s] [69/77] Linking C shared library libdiagnostic_msgs__rosidl_generator_py.so
[28.217s] [70/77] Building C object CMakeFiles/diagnostic_msgs_s__rosidl_typesupport_fastrtps_c.dir/rosidl_generator_py/diagnostic_msgs/_diagnostic_msgs_s.ep.rosidl_typesupport_fastrtps_c.c.o
[28.416s] [71/77] Building C object CMakeFiles/diagnostic_msgs_s__rosidl_typesupport_introspection_c.dir/rosidl_generator_py/diagnostic_msgs/_diagnostic_msgs_s.ep.rosidl_typesupport_introspection_c.c.o
[28.592s] [72/77] Building C object CMakeFiles/diagnostic_msgs_s__rosidl_typesupport_c.dir/rosidl_generator_py/diagnostic_msgs/_diagnostic_msgs_s.ep.rosidl_typesupport_c.c.o
[28.604s] [73/77] cd /home/runner/work/pixi_rosdistro/pixi_rosdistro/build/diagnostic_msgs && /home/runner/work/pixi_rosdistro/pixi_rosdistro/.pixi/envs/default/bin/cmake -E copy_directory /home/runner/work/pixi_rosdistro/pixi_rosdistro/build/diagnostic_msgs/rosidl_generator_py/diagnostic_msgs /home/runner/work/pixi_rosdistro/pixi_rosdistro/build/diagnostic_msgs/ament_cmake_python/diagnostic_msgs/diagnostic_msgs
[28.637s] [74/77] Linking C shared module rosidl_generator_py/diagnostic_msgs/diagnostic_msgs_s__rosidl_typesupport_fastrtps_c.so
[28.666s] [75/77] Linking C shared module rosidl_generator_py/diagnostic_msgs/diagnostic_msgs_s__rosidl_typesupport_introspection_c.so
[28.695s] [76/77] Linking C shared module rosidl_generator_py/diagnostic_msgs/diagnostic_msgs_s__rosidl_typesupport_c.so
[29.065s] [77/77] cd /home/runner/work/pixi_rosdistro/pixi_rosdistro/build/diagnostic_msgs/ament_cmake_python/diagnostic_msgs && /home/runner/work/pixi_rosdistro/pixi_rosdistro/.pixi/envs/default/bin/python3 setup.py egg_info
[29.065s] running egg_info
[29.065s] creating diagnostic_msgs.egg-info
[29.065s] writing diagnostic_msgs.egg-info/PKG-INFO
[29.065s] writing dependency_links to diagnostic_msgs.egg-info/dependency_links.txt
[29.065s] writing top-level names to diagnostic_msgs.egg-info/top_level.txt
[29.065s] writing manifest file 'diagnostic_msgs.egg-info/SOURCES.txt'
[29.066s] reading manifest file 'diagnostic_msgs.egg-info/SOURCES.txt'
[29.066s] writing manifest file 'diagnostic_msgs.egg-info/SOURCES.txt'
[29.071s] Invoked command in '/home/runner/work/pixi_rosdistro/pixi_rosdistro/build/diagnostic_msgs' returned '0': AMENT_PREFIX_PATH=/home/runner/work/pixi_rosdistro/pixi_rosdistro/install CMAKE_PREFIX_PATH=/home/runner/work/pixi_rosdistro/pixi_rosdistro/install:${CMAKE_PREFIX_PATH} LD_LIBRARY_PATH=/home/runner/work/pixi_rosdistro/pixi_rosdistro/install/lib PATH=/home/runner/work/pixi_rosdistro/pixi_rosdistro/install/bin:/opt/microsoft/powershell/7:${PATH} PIXI_PROMPT=(ros2_rolling) PKG_CONFIG_PATH=/home/runner/work/pixi_rosdistro/pixi_rosdistro/install/lib/pkgconfig PSModulePath=/home/runner/.local/share/powershell/Modules:${PSModulePath} PYTHONPATH=/home/runner/work/pixi_rosdistro/pixi_rosdistro/install/lib/python3.12/site-packages ROS_DOMAIN_ID=34 /home/runner/work/pixi_rosdistro/pixi_rosdistro/.pixi/envs/default/bin/cmake --build /home/runner/work/pixi_rosdistro/pixi_rosdistro/build/diagnostic_msgs -- -j4 -l4
[29.072s] Invoking command in '/home/runner/work/pixi_rosdistro/pixi_rosdistro/build/diagnostic_msgs': AMENT_PREFIX_PATH=/home/runner/work/pixi_rosdistro/pixi_rosdistro/install CMAKE_PREFIX_PATH=/home/runner/work/pixi_rosdistro/pixi_rosdistro/install:${CMAKE_PREFIX_PATH} LD_LIBRARY_PATH=/home/runner/work/pixi_rosdistro/pixi_rosdistro/install/lib PATH=/home/runner/work/pixi_rosdistro/pixi_rosdistro/install/bin:/opt/microsoft/powershell/7:${PATH} PIXI_PROMPT=(ros2_rolling) PKG_CONFIG_PATH=/home/runner/work/pixi_rosdistro/pixi_rosdistro/install/lib/pkgconfig PSModulePath=/home/runner/.local/share/powershell/Modules:${PSModulePath} PYTHONPATH=/home/runner/work/pixi_rosdistro/pixi_rosdistro/install/lib/python3.12/site-packages ROS_DOMAIN_ID=34 /home/runner/work/pixi_rosdistro/pixi_rosdistro/.pixi/envs/default/bin/cmake --install /home/runner/work/pixi_rosdistro/pixi_rosdistro/build/diagnostic_msgs
[29.079s] -- Install configuration: "Release"
[29.081s] -- Installing: /home/runner/work/pixi_rosdistro/pixi_rosdistro/install/share/ament_index/resource_index/rosidl_interfaces/diagnostic_msgs
[29.082s] -- Installing: /home/runner/work/pixi_rosdistro/pixi_rosdistro/install/share/diagnostic_msgs/msg/DiagnosticArray.json
[29.082s] -- Installing: /home/runner/work/pixi_rosdistro/pixi_rosdistro/install/share/diagnostic_msgs/msg/DiagnosticStatus.json
[29.082s] -- Installing: /home/runner/work/pixi_rosdistro/pixi_rosdistro/install/share/diagnostic_msgs/msg/KeyValue.json
[29.082s] -- Installing: /home/runner/work/pixi_rosdistro/pixi_rosdistro/install/share/diagnostic_msgs/srv/AddDiagnostics.json
[29.082s] -- Installing: /home/runner/work/pixi_rosdistro/pixi_rosdistro/install/share/diagnostic_msgs/srv/SelfTest.json
[29.082s] -- Installing: /home/runner/work/pixi_rosdistro/pixi_rosdistro/install/include/diagnostic_msgs/diagnostic_msgs
[29.082s] -- Installing: /home/runner/work/pixi_rosdistro/pixi_rosdistro/install/include/diagnostic_msgs/diagnostic_msgs/srv
[29.082s] -- Installing: /home/runner/work/pixi_rosdistro/pixi_rosdistro/install/include/diagnostic_msgs/diagnostic_msgs/srv/add_diagnostics.h
[29.083s] -- Installing: /home/runner/work/pixi_rosdistro/pixi_rosdistro/install/include/diagnostic_msgs/diagnostic_msgs/srv/detail
[29.083s] -- Installing: /home/runner/work/pixi_rosdistro/pixi_rosdistro/install/include/diagnostic_msgs/diagnostic_msgs/srv/detail/self_test__description.c
[29.083s] -- Installing: /home/runner/work/pixi_rosdistro/pixi_rosdistro/install/include/diagnostic_msgs/diagnostic_msgs/srv/detail/self_test__type_support.h
[29.084s] -- Installing: /home/runner/work/pixi_rosdistro/pixi_rosdistro/install/include/diagnostic_msgs/diagnostic_msgs/srv/detail/self_test__type_support.c
[29.084s] -- Installing: /home/runner/work/pixi_rosdistro/pixi_rosdistro/install/include/diagnostic_msgs/diagnostic_msgs/srv/detail/add_diagnostics__type_support.c
[29.086s] -- Installing: /home/runner/work/pixi_rosdistro/pixi_rosdistro/install/include/diagnostic_msgs/diagnostic_msgs/srv/detail/self_test__struct.h
[29.087s] -- Installing: /home/runner/work/pixi_rosdistro/pixi_rosdistro/install/include/diagnostic_msgs/diagnostic_msgs/srv/detail/self_test__functions.c
[29.087s] -- Installing: /home/runner/work/pixi_rosdistro/pixi_rosdistro/install/include/diagnostic_msgs/diagnostic_msgs/srv/detail/add_diagnostics__functions.h
[29.087s] -- Installing: /home/runner/work/pixi_rosdistro/pixi_rosdistro/install/include/diagnostic_msgs/diagnostic_msgs/srv/detail/add_diagnostics__description.c
[29.087s] -- Installing: /home/runner/work/pixi_rosdistro/pixi_rosdistro/install/include/diagnostic_msgs/diagnostic_msgs/srv/detail/add_diagnostics__struct.h
[29.087s] -- Installing: /home/runner/work/pixi_rosdistro/pixi_rosdistro/install/include/diagnostic_msgs/diagnostic_msgs/srv/detail/self_test__functions.h
[29.087s] -- Installing: /home/runner/work/pixi_rosdistro/pixi_rosdistro/install/include/diagnostic_msgs/diagnostic_msgs/srv/detail/add_diagnostics__functions.c
[29.087s] -- Installing: /home/runner/work/pixi_rosdistro/pixi_rosdistro/install/include/diagnostic_msgs/diagnostic_msgs/srv/detail/add_diagnostics__type_support.h
[29.087s] -- Installing: /home/runner/work/pixi_rosdistro/pixi_rosdistro/install/include/diagnostic_msgs/diagnostic_msgs/srv/self_test.h
[29.087s] -- Installing: /home/runner/work/pixi_rosdistro/pixi_rosdistro/install/include/diagnostic_msgs/diagnostic_msgs/msg
[29.088s] -- Installing: /home/runner/work/pixi_rosdistro/pixi_rosdistro/install/include/diagnostic_msgs/diagnostic_msgs/msg/key_value.h
[29.088s] -- Installing: /home/runner/work/pixi_rosdistro/pixi_rosdistro/install/include/diagnostic_msgs/diagnostic_msgs/msg/rosidl_generator_c__visibility_control.h
[29.088s] -- Installing: /home/runner/work/pixi_rosdistro/pixi_rosdistro/install/include/diagnostic_msgs/diagnostic_msgs/msg/diagnostic_array.h
[29.089s] -- Installing: /home/runner/work/pixi_rosdistro/pixi_rosdistro/install/include/diagnostic_msgs/diagnostic_msgs/msg/detail
[29.090s] -- Installing: /home/runner/work/pixi_rosdistro/pixi_rosdistro/install/include/diagnostic_msgs/diagnostic_msgs/msg/detail/diagnostic_status__functions.h
[29.090s] -- Installing: /home/runner/work/pixi_rosdistro/pixi_rosdistro/install/include/diagnostic_msgs/diagnostic_msgs/msg/detail/diagnostic_array__functions.c
[29.090s] -- Installing: /home/runner/work/pixi_rosdistro/pixi_rosdistro/install/include/diagnostic_msgs/diagnostic_msgs/msg/detail/key_value__type_support.c
[29.090s] -- Installing: /home/runner/work/pixi_rosdistro/pixi_rosdistro/install/include/diagnostic_msgs/diagnostic_msgs/msg/detail/key_value__struct.h
[29.090s] -- Installing: /home/runner/work/pixi_rosdistro/pixi_rosdistro/install/include/diagnostic_msgs/diagnostic_msgs/msg/detail/diagnostic_status__description.c
[29.090s] -- Installing: /home/runner/work/pixi_rosdistro/pixi_rosdistro/install/include/diagnostic_msgs/diagnostic_msgs/msg/detail/diagnostic_status__type_support.c
[29.090s] -- Installing: /home/runner/work/pixi_rosdistro/pixi_rosdistro/install/include/diagnostic_msgs/diagnostic_msgs/msg/detail/diagnostic_array__type_support.c
[29.091s] -- Installing: /home/runner/work/pixi_rosdistro/pixi_rosdistro/install/include/diagnostic_msgs/diagnostic_msgs/msg/detail/key_value__functions.h
[29.091s] -- Installing: /home/runner/work/pixi_rosdistro/pixi_rosdistro/install/include/diagnostic_msgs/diagnostic_msgs/msg/detail/diagnostic_array__type_support.h
[29.091s] -- Installing: /home/runner/work/pixi_rosdistro/pixi_rosdistro/install/include/diagnostic_msgs/diagnostic_msgs/msg/detail/key_value__type_support.h
[29.091s] -- Installing: /home/runner/work/pixi_rosdistro/pixi_rosdistro/install/include/diagnostic_msgs/diagnostic_msgs/msg/detail/diagnostic_array__description.c
[29.091s] -- Installing: /home/runner/work/pixi_rosdistro/pixi_rosdistro/install/include/diagnostic_msgs/diagnostic_msgs/msg/detail/key_value__functions.c
[29.091s] -- Installing: /home/runner/work/pixi_rosdistro/pixi_rosdistro/install/include/diagnostic_msgs/diagnostic_msgs/msg/detail/diagnostic_status__struct.h
[29.092s] -- Installing: /home/runner/work/pixi_rosdistro/pixi_rosdistro/install/include/diagnostic_msgs/diagnostic_msgs/msg/detail/key_value__description.c
[29.092s] -- Installing: /home/runner/work/pixi_rosdistro/pixi_rosdistro/install/include/diagnostic_msgs/diagnostic_msgs/msg/detail/diagnostic_array__struct.h
[29.092s] -- Installing: /home/runner/work/pixi_rosdistro/pixi_rosdistro/install/include/diagnostic_msgs/diagnostic_msgs/msg/detail/diagnostic_array__functions.h
[29.092s] -- Installing: /home/runner/work/pixi_rosdistro/pixi_rosdistro/install/include/diagnostic_msgs/diagnostic_msgs/msg/detail/diagnostic_status__functions.c
[29.092s] -- Installing: /home/runner/work/pixi_rosdistro/pixi_rosdistro/install/include/diagnostic_msgs/diagnostic_msgs/msg/detail/diagnostic_status__type_support.h
[29.092s] -- Installing: /home/runner/work/pixi_rosdistro/pixi_rosdistro/install/include/diagnostic_msgs/diagnostic_msgs/msg/diagnostic_status.h
[29.093s] -- Installing: /home/runner/work/pixi_rosdistro/pixi_rosdistro/install/share/diagnostic_msgs/environment/library_path.sh
[29.093s] -- Installing: /home/runner/work/pixi_rosdistro/pixi_rosdistro/install/share/diagnostic_msgs/environment/library_path.dsv
[29.093s] -- Installing: /home/runner/work/pixi_rosdistro/pixi_rosdistro/install/lib/libdiagnostic_msgs__rosidl_generator_c.so
[29.093s] -- Up-to-date: /home/runner/work/pixi_rosdistro/pixi_rosdistro/install/include/diagnostic_msgs/diagnostic_msgs
[29.094s] -- Up-to-date: /home/runner/work/pixi_rosdistro/pixi_rosdistro/install/include/diagnostic_msgs/diagnostic_msgs/srv
[29.094s] -- Up-to-date: /home/runner/work/pixi_rosdistro/pixi_rosdistro/install/include/diagnostic_msgs/diagnostic_msgs/srv/detail
[29.094s] -- Installing: /home/runner/work/pixi_rosdistro/pixi_rosdistro/install/include/diagnostic_msgs/diagnostic_msgs/srv/detail/self_test__rosidl_typesupport_fastrtps_c.h
[29.094s] -- Installing: /home/runner/work/pixi_rosdistro/pixi_rosdistro/install/include/diagnostic_msgs/diagnostic_msgs/srv/detail/add_diagnostics__rosidl_typesupport_fastrtps_c.h
[29.094s] -- Up-to-date: /home/runner/work/pixi_rosdistro/pixi_rosdistro/install/include/diagnostic_msgs/diagnostic_msgs/msg
[29.094s] -- Installing: /home/runner/work/pixi_rosdistro/pixi_rosdistro/install/include/diagnostic_msgs/diagnostic_msgs/msg/rosidl_typesupport_fastrtps_c__visibility_control.h
[29.095s] -- Up-to-date: /home/runner/work/pixi_rosdistro/pixi_rosdistro/install/include/diagnostic_msgs/diagnostic_msgs/msg/detail
[29.095s] -- Installing: /home/runner/work/pixi_rosdistro/pixi_rosdistro/install/include/diagnostic_msgs/diagnostic_msgs/msg/detail/diagnostic_array__rosidl_typesupport_fastrtps_c.h
[29.095s] -- Installing: /home/runner/work/pixi_rosdistro/pixi_rosdistro/install/include/diagnostic_msgs/diagnostic_msgs/msg/detail/diagnostic_status__rosidl_typesupport_fastrtps_c.h
[29.095s] -- Installing: /home/runner/work/pixi_rosdistro/pixi_rosdistro/install/include/diagnostic_msgs/diagnostic_msgs/msg/detail/key_value__rosidl_typesupport_fastrtps_c.h
[29.095s] -- Installing: /home/runner/work/pixi_rosdistro/pixi_rosdistro/install/lib/libdiagnostic_msgs__rosidl_typesupport_fastrtps_c.so
[29.095s] -- Up-to-date: /home/runner/work/pixi_rosdistro/pixi_rosdistro/install/include/diagnostic_msgs/diagnostic_msgs
[29.096s] -- Up-to-date: /home/runner/work/pixi_rosdistro/pixi_rosdistro/install/include/diagnostic_msgs/diagnostic_msgs/srv
[29.096s] -- Up-to-date: /home/runner/work/pixi_rosdistro/pixi_rosdistro/install/include/diagnostic_msgs/diagnostic_msgs/srv/detail
[29.096s] -- Installing: /home/runner/work/pixi_rosdistro/pixi_rosdistro/install/include/diagnostic_msgs/diagnostic_msgs/srv/detail/add_diagnostics__rosidl_typesupport_introspection_c.h
[29.096s] -- Installing: /home/runner/work/pixi_rosdistro/pixi_rosdistro/install/include/diagnostic_msgs/diagnostic_msgs/srv/detail/self_test__rosidl_typesupport_introspection_c.h
[29.096s] -- Installing: /home/runner/work/pixi_rosdistro/pixi_rosdistro/install/include/diagnostic_msgs/diagnostic_msgs/srv/detail/self_test__type_support.c
[29.096s] -- Installing: /home/runner/work/pixi_rosdistro/pixi_rosdistro/install/include/diagnostic_msgs/diagnostic_msgs/srv/detail/add_diagnostics__type_support.c
[29.097s] -- Up-to-date: /home/runner/work/pixi_rosdistro/pixi_rosdistro/install/include/diagnostic_msgs/diagnostic_msgs/msg
[29.097s] -- Installing: /home/runner/work/pixi_rosdistro/pixi_rosdistro/install/include/diagnostic_msgs/diagnostic_msgs/msg/rosidl_typesupport_introspection_c__visibility_control.h
[29.097s] -- Up-to-date: /home/runner/work/pixi_rosdistro/pixi_rosdistro/install/include/diagnostic_msgs/diagnostic_msgs/msg/detail
[29.097s] -- Installing: /home/runner/work/pixi_rosdistro/pixi_rosdistro/install/include/diagnostic_msgs/diagnostic_msgs/msg/detail/diagnostic_status__rosidl_typesupport_introspection_c.h
[29.097s] -- Installing: /home/runner/work/pixi_rosdistro/pixi_rosdistro/install/include/diagnostic_msgs/diagnostic_msgs/msg/detail/key_value__type_support.c
[29.097s] -- Installing: /home/runner/work/pixi_rosdistro/pixi_rosdistro/install/include/diagnostic_msgs/diagnostic_msgs/msg/detail/diagnostic_status__type_support.c
[29.097s] -- Installing: /home/runner/work/pixi_rosdistro/pixi_rosdistro/install/include/diagnostic_msgs/diagnostic_msgs/msg/detail/diagnostic_array__type_support.c
[29.098s] -- Installing: /home/runner/work/pixi_rosdistro/pixi_rosdistro/install/include/diagnostic_msgs/diagnostic_msgs/msg/detail/key_value__rosidl_typesupport_introspection_c.h
[29.098s] -- Installing: /home/runner/work/pixi_rosdistro/pixi_rosdistro/install/include/diagnostic_msgs/diagnostic_msgs/msg/detail/diagnostic_array__rosidl_typesupport_introspection_c.h
[29.098s] -- Installing: /home/runner/work/pixi_rosdistro/pixi_rosdistro/install/lib/libdiagnostic_msgs__rosidl_typesupport_introspection_c.so
[29.098s] -- Installing: /home/runner/work/pixi_rosdistro/pixi_rosdistro/install/lib/libdiagnostic_msgs__rosidl_typesupport_c.so
[29.099s] -- Up-to-date: /home/runner/work/pixi_rosdistro/pixi_rosdistro/install/include/diagnostic_msgs/diagnostic_msgs
[29.099s] -- Up-to-date: /home/runner/work/pixi_rosdistro/pixi_rosdistro/install/include/diagnostic_msgs/diagnostic_msgs/srv
[29.099s] -- Installing: /home/runner/work/pixi_rosdistro/pixi_rosdistro/install/include/diagnostic_msgs/diagnostic_msgs/srv/add_diagnostics.hpp
[29.099s] -- Installing: /home/runner/work/pixi_rosdistro/pixi_rosdistro/install/include/diagnostic_msgs/diagnostic_msgs/srv/self_test.hpp
[29.099s] -- Up-to-date: /home/runner/work/pixi_rosdistro/pixi_rosdistro/install/include/diagnostic_msgs/diagnostic_msgs/srv/detail
[29.099s] -- Installing: /home/runner/work/pixi_rosdistro/pixi_rosdistro/install/include/diagnostic_msgs/diagnostic_msgs/srv/detail/self_test__type_support.hpp
[29.100s] -- Installing: /home/runner/work/pixi_rosdistro/pixi_rosdistro/install/include/diagnostic_msgs/diagnostic_msgs/srv/detail/self_test__traits.hpp
[29.100s] -- Installing: /home/runner/work/pixi_rosdistro/pixi_rosdistro/install/include/diagnostic_msgs/diagnostic_msgs/srv/detail/add_diagnostics__struct.hpp
[29.100s] -- Installing: /home/runner/work/pixi_rosdistro/pixi_rosdistro/install/include/diagnostic_msgs/diagnostic_msgs/srv/detail/add_diagnostics__type_support.hpp
[29.100s] -- Installing: /home/runner/work/pixi_rosdistro/pixi_rosdistro/install/include/diagnostic_msgs/diagnostic_msgs/srv/detail/self_test__builder.hpp
[29.100s] -- Installing: /home/runner/work/pixi_rosdistro/pixi_rosdistro/install/include/diagnostic_msgs/diagnostic_msgs/srv/detail/add_diagnostics__traits.hpp
[29.100s] -- Installing: /home/runner/work/pixi_rosdistro/pixi_rosdistro/install/include/diagnostic_msgs/diagnostic_msgs/srv/detail/self_test__struct.hpp
[29.101s] -- Installing: /home/runner/work/pixi_rosdistro/pixi_rosdistro/install/include/diagnostic_msgs/diagnostic_msgs/srv/detail/add_diagnostics__builder.hpp
[29.101s] -- Up-to-date: /home/runner/work/pixi_rosdistro/pixi_rosdistro/install/include/diagnostic_msgs/diagnostic_msgs/msg
[29.101s] -- Installing: /home/runner/work/pixi_rosdistro/pixi_rosdistro/install/include/diagnostic_msgs/diagnostic_msgs/msg/diagnostic_array.hpp
[29.101s] -- Installing: /home/runner/work/pixi_rosdistro/pixi_rosdistro/install/include/diagnostic_msgs/diagnostic_msgs/msg/diagnostic_status.hpp
[29.102s] -- Installing: /home/runner/work/pixi_rosdistro/pixi_rosdistro/install/include/diagnostic_msgs/diagnostic_msgs/msg/rosidl_generator_cpp__visibility_control.hpp
[29.102s] -- Up-to-date: /home/runner/work/pixi_rosdistro/pixi_rosdistro/install/include/diagnostic_msgs/diagnostic_msgs/msg/detail
[29.102s] -- Installing: /home/runner/work/pixi_rosdistro/pixi_rosdistro/install/include/diagnostic_msgs/diagnostic_msgs/msg/detail/key_value__traits.hpp
[29.102s] -- Installing: /home/runner/work/pixi_rosdistro/pixi_rosdistro/install/include/diagnostic_msgs/diagnostic_msgs/msg/detail/diagnostic_array__struct.hpp
[29.102s] -- Installing: /home/runner/work/pixi_rosdistro/pixi_rosdistro/install/include/diagnostic_msgs/diagnostic_msgs/msg/detail/key_value__type_support.hpp
[29.103s] -- Installing: /home/runner/work/pixi_rosdistro/pixi_rosdistro/install/include/diagnostic_msgs/diagnostic_msgs/msg/detail/diagnostic_array__type_support.hpp
[29.103s] -- Installing: /home/runner/work/pixi_rosdistro/pixi_rosdistro/install/include/diagnostic_msgs/diagnostic_msgs/msg/detail/key_value__builder.hpp
[29.103s] -- Installing: /home/runner/work/pixi_rosdistro/pixi_rosdistro/install/include/diagnostic_msgs/diagnostic_msgs/msg/detail/diagnostic_array__builder.hpp
[29.103s] -- Installing: /home/runner/work/pixi_rosdistro/pixi_rosdistro/install/include/diagnostic_msgs/diagnostic_msgs/msg/detail/diagnostic_status__type_support.hpp
[29.103s] -- Installing: /home/runner/work/pixi_rosdistro/pixi_rosdistro/install/include/diagnostic_msgs/diagnostic_msgs/msg/detail/key_value__struct.hpp
[29.104s] -- Installing: /home/runner/work/pixi_rosdistro/pixi_rosdistro/install/include/diagnostic_msgs/diagnostic_msgs/msg/detail/diagnostic_array__traits.hpp
[29.104s] -- Installing: /home/runner/work/pixi_rosdistro/pixi_rosdistro/install/include/diagnostic_msgs/diagnostic_msgs/msg/detail/diagnostic_status__builder.hpp
[29.104s] -- Installing: /home/runner/work/pixi_rosdistro/pixi_rosdistro/install/include/diagnostic_msgs/diagnostic_msgs/msg/detail/diagnostic_status__traits.hpp
[29.104s] -- Installing: /home/runner/work/pixi_rosdistro/pixi_rosdistro/install/include/diagnostic_msgs/diagnostic_msgs/msg/detail/diagnostic_status__struct.hpp
[29.105s] -- Installing: /home/runner/work/pixi_rosdistro/pixi_rosdistro/install/include/diagnostic_msgs/diagnostic_msgs/msg/key_value.hpp
[29.105s] -- Up-to-date: /home/runner/work/pixi_rosdistro/pixi_rosdistro/install/include/diagnostic_msgs/diagnostic_msgs
[29.105s] -- Up-to-date: /home/runner/work/pixi_rosdistro/pixi_rosdistro/install/include/diagnostic_msgs/diagnostic_msgs/srv
[29.105s] -- Up-to-date: /home/runner/work/pixi_rosdistro/pixi_rosdistro/install/include/diagnostic_msgs/diagnostic_msgs/srv/detail
[29.105s] -- Installing: /home/runner/work/pixi_rosdistro/pixi_rosdistro/install/include/diagnostic_msgs/diagnostic_msgs/srv/detail/self_test__rosidl_typesupport_fastrtps_cpp.hpp
[29.106s] -- Installing: /home/runner/work/pixi_rosdistro/pixi_rosdistro/install/include/diagnostic_msgs/diagnostic_msgs/srv/detail/add_diagnostics__rosidl_typesupport_fastrtps_cpp.hpp
[29.106s] -- Installing: /home/runner/work/pixi_rosdistro/pixi_rosdistro/install/include/diagnostic_msgs/diagnostic_msgs/srv/detail/dds_fastrtps
[29.106s] -- Up-to-date: /home/runner/work/pixi_rosdistro/pixi_rosdistro/install/include/diagnostic_msgs/diagnostic_msgs/msg
[29.106s] -- Installing: /home/runner/work/pixi_rosdistro/pixi_rosdistro/install/include/diagnostic_msgs/diagnostic_msgs/msg/rosidl_typesupport_fastrtps_cpp__visibility_control.h
[29.107s] -- Up-to-date: /home/runner/work/pixi_rosdistro/pixi_rosdistro/install/include/diagnostic_msgs/diagnostic_msgs/msg/detail
[29.107s] -- Installing: /home/runner/work/pixi_rosdistro/pixi_rosdistro/install/include/diagnostic_msgs/diagnostic_msgs/msg/detail/key_value__rosidl_typesupport_fastrtps_cpp.hpp
[29.107s] -- Installing: /home/runner/work/pixi_rosdistro/pixi_rosdistro/install/include/diagnostic_msgs/diagnostic_msgs/msg/detail/diagnostic_status__rosidl_typesupport_fastrtps_cpp.hpp
[29.107s] -- Installing: /home/runner/work/pixi_rosdistro/pixi_rosdistro/install/include/diagnostic_msgs/diagnostic_msgs/msg/detail/diagnostic_array__rosidl_typesupport_fastrtps_cpp.hpp
[29.108s] -- Installing: /home/runner/work/pixi_rosdistro/pixi_rosdistro/install/include/diagnostic_msgs/diagnostic_msgs/msg/detail/dds_fastrtps
[29.108s] -- Installing: /home/runner/work/pixi_rosdistro/pixi_rosdistro/install/lib/libdiagnostic_msgs__rosidl_typesupport_fastrtps_cpp.so
[29.108s] -- Up-to-date: /home/runner/work/pixi_rosdistro/pixi_rosdistro/install/include/diagnostic_msgs/diagnostic_msgs
[29.108s] -- Up-to-date: /home/runner/work/pixi_rosdistro/pixi_rosdistro/install/include/diagnostic_msgs/diagnostic_msgs/srv
[29.108s] -- Up-to-date: /home/runner/work/pixi_rosdistro/pixi_rosdistro/install/include/diagnostic_msgs/diagnostic_msgs/srv/detail
[29.108s] -- Installing: /home/runner/work/pixi_rosdistro/pixi_rosdistro/install/include/diagnostic_msgs/diagnostic_msgs/srv/detail/add_diagnostics__type_support.cpp
[29.108s] -- Installing: /home/runner/work/pixi_rosdistro/pixi_rosdistro/install/include/diagnostic_msgs/diagnostic_msgs/srv/detail/add_diagnostics__rosidl_typesupport_introspection_cpp.hpp
[29.110s] -- Installing: /home/runner/work/pixi_rosdistro/pixi_rosdistro/install/include/diagnostic_msgs/diagnostic_msgs/srv/detail/self_test__rosidl_typesupport_introspection_cpp.hpp
[29.110s] -- Installing: /home/runner/work/pixi_rosdistro/pixi_rosdistro/install/include/diagnostic_msgs/diagnostic_msgs/srv/detail/self_test__type_support.cpp
[29.110s] -- Up-to-date: /home/runner/work/pixi_rosdistro/pixi_rosdistro/install/include/diagnostic_msgs/diagnostic_msgs/msg
[29.110s] -- Up-to-date: /home/runner/work/pixi_rosdistro/pixi_rosdistro/install/include/diagnostic_msgs/diagnostic_msgs/msg/detail
[29.110s] -- Installing: /home/runner/work/pixi_rosdistro/pixi_rosdistro/install/include/diagnostic_msgs/diagnostic_msgs/msg/detail/diagnostic_array__type_support.cpp
[29.110s] -- Installing: /home/runner/work/pixi_rosdistro/pixi_rosdistro/install/include/diagnostic_msgs/diagnostic_msgs/msg/detail/key_value__rosidl_typesupport_introspection_cpp.hpp
[29.110s] -- Installing: /home/runner/work/pixi_rosdistro/pixi_rosdistro/install/include/diagnostic_msgs/diagnostic_msgs/msg/detail/diagnostic_array__rosidl_typesupport_introspection_cpp.hpp
[29.111s] -- Installing: /home/runner/work/pixi_rosdistro/pixi_rosdistro/install/include/diagnostic_msgs/diagnostic_msgs/msg/detail/diagnostic_status__rosidl_typesupport_introspection_cpp.hpp
[29.111s] -- Installing: /home/runner/work/pixi_rosdistro/pixi_rosdistro/install/include/diagnostic_msgs/diagnostic_msgs/msg/detail/key_value__type_support.cpp
[29.111s] -- Installing: /home/runner/work/pixi_rosdistro/pixi_rosdistro/install/include/diagnostic_msgs/diagnostic_msgs/msg/detail/diagnostic_status__type_support.cpp
[29.111s] -- Installing: /home/runner/work/pixi_rosdistro/pixi_rosdistro/install/lib/libdiagnostic_msgs__rosidl_typesupport_introspection_cpp.so
[29.111s] -- Installing: /home/runner/work/pixi_rosdistro/pixi_rosdistro/install/lib/libdiagnostic_msgs__rosidl_typesupport_cpp.so
[29.111s] -- Installing: /home/runner/work/pixi_rosdistro/pixi_rosdistro/install/share/diagnostic_msgs/environment/pythonpath.sh
[29.111s] -- Installing: /home/runner/work/pixi_rosdistro/pixi_rosdistro/install/share/diagnostic_msgs/environment/pythonpath.dsv
[29.111s] -- Installing: /home/runner/work/pixi_rosdistro/pixi_rosdistro/install/lib/python3.12/site-packages/diagnostic_msgs/diagnostic_msgs_s__rosidl_typesupport_fastrtps_c.so
[29.112s] -- Installing: /home/runner/work/pixi_rosdistro/pixi_rosdistro/install/lib/python3.12/site-packages/diagnostic_msgs/diagnostic_msgs_s__rosidl_typesupport_introspection_c.so
[29.112s] -- Installing: /home/runner/work/pixi_rosdistro/pixi_rosdistro/install/lib/python3.12/site-packages/diagnostic_msgs/diagnostic_msgs_s__rosidl_typesupport_c.so
[29.112s] -- Installing: /home/runner/work/pixi_rosdistro/pixi_rosdistro/install/lib/libdiagnostic_msgs__rosidl_generator_py.so
[29.113s] -- Installing: /home/runner/work/pixi_rosdistro/pixi_rosdistro/install/share/ament_index/resource_index/rust_packages/diagnostic_msgs
[29.113s] -- Installing: /home/runner/work/pixi_rosdistro/pixi_rosdistro/install/share/diagnostic_msgs/rust
[29.113s] -- Installing: /home/runner/work/pixi_rosdistro/pixi_rosdistro/install/share/diagnostic_msgs/rust/Cargo.toml
[29.114s] -- Installing: /home/runner/work/pixi_rosdistro/pixi_rosdistro/install/share/diagnostic_msgs/rust/build.rs
[29.114s] -- Installing: /home/runner/work/pixi_rosdistro/pixi_rosdistro/install/share/diagnostic_msgs/rust/src
[29.114s] -- Installing: /home/runner/work/pixi_rosdistro/pixi_rosdistro/install/share/diagnostic_msgs/rust/src/srv
[29.114s] -- Installing: /home/runner/work/pixi_rosdistro/pixi_rosdistro/install/share/diagnostic_msgs/rust/src/srv/rmw.rs
[29.114s] -- Installing: /home/runner/work/pixi_rosdistro/pixi_rosdistro/install/share/diagnostic_msgs/rust/src/msg.rs
[29.114s] -- Installing: /home/runner/work/pixi_rosdistro/pixi_rosdistro/install/share/diagnostic_msgs/rust/src/msg
[29.115s] -- Installing: /home/runner/work/pixi_rosdistro/pixi_rosdistro/install/share/diagnostic_msgs/rust/src/msg/rmw.rs
[29.115s] -- Installing: /home/runner/work/pixi_rosdistro/pixi_rosdistro/install/share/diagnostic_msgs/rust/src/lib.rs
[29.115s] -- Installing: /home/runner/work/pixi_rosdistro/pixi_rosdistro/install/share/diagnostic_msgs/rust/src/srv.rs
[29.115s] -- Installing: /home/runner/work/pixi_rosdistro/pixi_rosdistro/install/share/diagnostic_msgs/msg/DiagnosticArray.idl
[29.116s] -- Installing: /home/runner/work/pixi_rosdistro/pixi_rosdistro/install/share/diagnostic_msgs/msg/DiagnosticStatus.idl
[29.116s] -- Installing: /home/runner/work/pixi_rosdistro/pixi_rosdistro/install/share/diagnostic_msgs/msg/KeyValue.idl
[29.116s] -- Installing: /home/runner/work/pixi_rosdistro/pixi_rosdistro/install/share/diagnostic_msgs/srv/AddDiagnostics.idl
[29.116s] -- Installing: /home/runner/work/pixi_rosdistro/pixi_rosdistro/install/share/diagnostic_msgs/srv/SelfTest.idl
[29.117s] -- Installing: /home/runner/work/pixi_rosdistro/pixi_rosdistro/install/share/diagnostic_msgs/msg/DiagnosticArray.msg
[29.117s] -- Installing: /home/runner/work/pixi_rosdistro/pixi_rosdistro/install/share/diagnostic_msgs/msg/DiagnosticStatus.msg
[29.117s] -- Installing: /home/runner/work/pixi_rosdistro/pixi_rosdistro/install/share/diagnostic_msgs/msg/KeyValue.msg
[29.117s] -- Installing: /home/runner/work/pixi_rosdistro/pixi_rosdistro/install/share/diagnostic_msgs/srv/AddDiagnostics.srv
[29.118s] -- Installing: /home/runner/work/pixi_rosdistro/pixi_rosdistro/install/share/diagnostic_msgs/srv/SelfTest.srv
[29.118s] -- Installing: /home/runner/work/pixi_rosdistro/pixi_rosdistro/install/share/ament_index/resource_index/package_run_dependencies/diagnostic_msgs
[29.118s] -- Installing: /home/runner/work/pixi_rosdistro/pixi_rosdistro/install/share/ament_index/resource_index/parent_prefix_path/diagnostic_msgs
[29.118s] -- Installing: /home/runner/work/pixi_rosdistro/pixi_rosdistro/install/share/diagnostic_msgs/environment/ament_prefix_path.sh
[29.119s] -- Installing: /home/runner/work/pixi_rosdistro/pixi_rosdistro/install/share/diagnostic_msgs/environment/ament_prefix_path.dsv
[29.119s] -- Installing: /home/runner/work/pixi_rosdistro/pixi_rosdistro/install/share/diagnostic_msgs/environment/path.sh
[29.119s] -- Installing: /home/runner/work/pixi_rosdistro/pixi_rosdistro/install/share/diagnostic_msgs/environment/path.dsv
[29.119s] -- Installing: /home/runner/work/pixi_rosdistro/pixi_rosdistro/install/share/diagnostic_msgs/local_setup.bash
[29.120s] -- Installing: /home/runner/work/pixi_rosdistro/pixi_rosdistro/install/share/diagnostic_msgs/local_setup.fish
[29.120s] -- Installing: /home/runner/work/pixi_rosdistro/pixi_rosdistro/install/share/diagnostic_msgs/local_setup.sh
[29.120s] -- Installing: /home/runner/work/pixi_rosdistro/pixi_rosdistro/install/share/diagnostic_msgs/local_setup.zsh
[29.120s] -- Installing: /home/runner/work/pixi_rosdistro/pixi_rosdistro/install/share/diagnostic_msgs/local_setup.dsv
[29.120s] -- Installing: /home/runner/work/pixi_rosdistro/pixi_rosdistro/install/share/diagnostic_msgs/package.dsv
[29.121s] -- Installing: /home/runner/work/pixi_rosdistro/pixi_rosdistro/install/share/ament_index/resource_index/packages/diagnostic_msgs
[29.121s] -- Installing: /home/runner/work/pixi_rosdistro/pixi_rosdistro/install/share/diagnostic_msgs/cmake/export_diagnostic_msgs__rosidl_generator_cExport.cmake
[29.121s] -- Installing: /home/runner/work/pixi_rosdistro/pixi_rosdistro/install/share/diagnostic_msgs/cmake/export_diagnostic_msgs__rosidl_generator_cExport-release.cmake
[29.122s] -- Installing: /home/runner/work/pixi_rosdistro/pixi_rosdistro/install/share/diagnostic_msgs/cmake/export_diagnostic_msgs__rosidl_typesupport_fastrtps_cExport.cmake
[29.122s] -- Installing: /home/runner/work/pixi_rosdistro/pixi_rosdistro/install/share/diagnostic_msgs/cmake/export_diagnostic_msgs__rosidl_typesupport_fastrtps_cExport-release.cmake
[29.122s] -- Installing: /home/runner/work/pixi_rosdistro/pixi_rosdistro/install/share/diagnostic_msgs/cmake/diagnostic_msgs__rosidl_typesupport_introspection_cExport.cmake
[29.122s] -- Installing: /home/runner/work/pixi_rosdistro/pixi_rosdistro/install/share/diagnostic_msgs/cmake/diagnostic_msgs__rosidl_typesupport_introspection_cExport-release.cmake
[29.123s] -- Installing: /home/runner/work/pixi_rosdistro/pixi_rosdistro/install/share/diagnostic_msgs/cmake/diagnostic_msgs__rosidl_typesupport_cExport.cmake
[29.123s] -- Installing: /home/runner/work/pixi_rosdistro/pixi_rosdistro/install/share/diagnostic_msgs/cmake/diagnostic_msgs__rosidl_typesupport_cExport-release.cmake
[29.123s] -- Installing: /home/runner/work/pixi_rosdistro/pixi_rosdistro/install/share/diagnostic_msgs/cmake/export_diagnostic_msgs__rosidl_generator_cppExport.cmake
[29.123s] -- Installing: /home/runner/work/pixi_rosdistro/pixi_rosdistro/install/share/diagnostic_msgs/cmake/export_diagnostic_msgs__rosidl_typesupport_fastrtps_cppExport.cmake
[29.124s] -- Installing: /home/runner/work/pixi_rosdistro/pixi_rosdistro/install/share/diagnostic_msgs/cmake/export_diagnostic_msgs__rosidl_typesupport_fastrtps_cppExport-release.cmake
[29.124s] -- Installing: /home/runner/work/pixi_rosdistro/pixi_rosdistro/install/share/diagnostic_msgs/cmake/diagnostic_msgs__rosidl_typesupport_introspection_cppExport.cmake
[29.124s] -- Installing: /home/runner/work/pixi_rosdistro/pixi_rosdistro/install/share/diagnostic_msgs/cmake/diagnostic_msgs__rosidl_typesupport_introspection_cppExport-release.cmake
[29.124s] -- Installing: /home/runner/work/pixi_rosdistro/pixi_rosdistro/install/share/diagnostic_msgs/cmake/diagnostic_msgs__rosidl_typesupport_cppExport.cmake
[29.125s] -- Installing: /home/runner/work/pixi_rosdistro/pixi_rosdistro/install/share/diagnostic_msgs/cmake/diagnostic_msgs__rosidl_typesupport_cppExport-release.cmake
[29.125s] -- Installing: /home/runner/work/pixi_rosdistro/pixi_rosdistro/install/share/diagnostic_msgs/cmake/export_diagnostic_msgs__rosidl_generator_pyExport.cmake
[29.125s] -- Installing: /home/runner/work/pixi_rosdistro/pixi_rosdistro/install/share/diagnostic_msgs/cmake/export_diagnostic_msgs__rosidl_generator_pyExport-release.cmake
[29.125s] -- Installing: /home/runner/work/pixi_rosdistro/pixi_rosdistro/install/lib/python3.12/site-packages/diagnostic_msgs-5.9.1-py3.12.egg-info
[29.126s] -- Installing: /home/runner/work/pixi_rosdistro/pixi_rosdistro/install/lib/python3.12/site-packages/diagnostic_msgs-5.9.1-py3.12.egg-info/dependency_links.txt
[29.126s] -- Installing: /home/runner/work/pixi_rosdistro/pixi_rosdistro/install/lib/python3.12/site-packages/diagnostic_msgs-5.9.1-py3.12.egg-info/top_level.txt
[29.126s] -- Installing: /home/runner/work/pixi_rosdistro/pixi_rosdistro/install/lib/python3.12/site-packages/diagnostic_msgs-5.9.1-py3.12.egg-info/PKG-INFO
[29.126s] -- Installing: /home/runner/work/pixi_rosdistro/pixi_rosdistro/install/lib/python3.12/site-packages/diagnostic_msgs-5.9.1-py3.12.egg-info/SOURCES.txt
[29.126s] -- Up-to-date: /home/runner/work/pixi_rosdistro/pixi_rosdistro/install/lib/python3.12/site-packages/diagnostic_msgs
[29.127s] -- Installing: /home/runner/work/pixi_rosdistro/pixi_rosdistro/install/lib/python3.12/site-packages/diagnostic_msgs/__init__.py
[29.127s] -- Installing: /home/runner/work/pixi_rosdistro/pixi_rosdistro/install/lib/python3.12/site-packages/diagnostic_msgs/srv
[29.129s] -- Installing: /home/runner/work/pixi_rosdistro/pixi_rosdistro/install/lib/python3.12/site-packages/diagnostic_msgs/srv/__init__.py
[29.129s] -- Installing: /home/runner/work/pixi_rosdistro/pixi_rosdistro/install/lib/python3.12/site-packages/diagnostic_msgs/srv/_add_diagnostics.py
[29.129s] -- Installing: /home/runner/work/pixi_rosdistro/pixi_rosdistro/install/lib/python3.12/site-packages/diagnostic_msgs/srv/_add_diagnostics_s.c
[29.129s] -- Installing: /home/runner/work/pixi_rosdistro/pixi_rosdistro/install/lib/python3.12/site-packages/diagnostic_msgs/srv/_self_test_s.c
[29.129s] -- Installing: /home/runner/work/pixi_rosdistro/pixi_rosdistro/install/lib/python3.12/site-packages/diagnostic_msgs/srv/_self_test.py
[29.129s] -- Up-to-date: /home/runner/work/pixi_rosdistro/pixi_rosdistro/install/lib/python3.12/site-packages/diagnostic_msgs/diagnostic_msgs_s__rosidl_typesupport_c.so
[29.130s] -- Installing: /home/runner/work/pixi_rosdistro/pixi_rosdistro/install/lib/python3.12/site-packages/diagnostic_msgs/_diagnostic_msgs_s.ep.rosidl_typesupport_c.c
[29.130s] -- Installing: /home/runner/work/pixi_rosdistro/pixi_rosdistro/install/lib/python3.12/site-packages/diagnostic_msgs/msg
[29.130s] -- Installing: /home/runner/work/pixi_rosdistro/pixi_rosdistro/install/lib/python3.12/site-packages/diagnostic_msgs/msg/__init__.py
[29.130s] -- Installing: /home/runner/work/pixi_rosdistro/pixi_rosdistro/install/lib/python3.12/site-packages/diagnostic_msgs/msg/_diagnostic_array.py
[29.130s] -- Installing: /home/runner/work/pixi_rosdistro/pixi_rosdistro/install/lib/python3.12/site-packages/diagnostic_msgs/msg/_key_value.py
[29.130s] -- Installing: /home/runner/work/pixi_rosdistro/pixi_rosdistro/install/lib/python3.12/site-packages/diagnostic_msgs/msg/_diagnostic_array_s.c
[29.130s] -- Installing: /home/runner/work/pixi_rosdistro/pixi_rosdistro/install/lib/python3.12/site-packages/diagnostic_msgs/msg/_key_value_s.c
[29.130s] -- Installing: /home/runner/work/pixi_rosdistro/pixi_rosdistro/install/lib/python3.12/site-packages/diagnostic_msgs/msg/_diagnostic_status.py
[29.131s] -- Installing: /home/runner/work/pixi_rosdistro/pixi_rosdistro/install/lib/python3.12/site-packages/diagnostic_msgs/msg/_diagnostic_status_s.c
[29.131s] -- Up-to-date: /home/runner/work/pixi_rosdistro/pixi_rosdistro/install/lib/python3.12/site-packages/diagnostic_msgs/diagnostic_msgs_s__rosidl_typesupport_introspection_c.so
[29.131s] -- Installing: /home/runner/work/pixi_rosdistro/pixi_rosdistro/install/lib/python3.12/site-packages/diagnostic_msgs/py.typed
[29.131s] -- Up-to-date: /home/runner/work/pixi_rosdistro/pixi_rosdistro/install/lib/python3.12/site-packages/diagnostic_msgs/diagnostic_msgs_s__rosidl_typesupport_fastrtps_c.so
[29.131s] -- Installing: /home/runner/work/pixi_rosdistro/pixi_rosdistro/install/lib/python3.12/site-packages/diagnostic_msgs/_diagnostic_msgs_s.ep.rosidl_typesupport_introspection_c.c
[29.131s] -- Installing: /home/runner/work/pixi_rosdistro/pixi_rosdistro/install/lib/python3.12/site-packages/diagnostic_msgs/_diagnostic_msgs_s.ep.rosidl_typesupport_fastrtps_c.c
[29.192s] Listing '/home/runner/work/pixi_rosdistro/pixi_rosdistro/install/lib/python3.12/site-packages/diagnostic_msgs'...
[29.192s] Compiling '/home/runner/work/pixi_rosdistro/pixi_rosdistro/install/lib/python3.12/site-packages/diagnostic_msgs/__init__.py'...
[29.192s] Listing '/home/runner/work/pixi_rosdistro/pixi_rosdistro/install/lib/python3.12/site-packages/diagnostic_msgs/msg'...
[29.192s] Compiling '/home/runner/work/pixi_rosdistro/pixi_rosdistro/install/lib/python3.12/site-packages/diagnostic_msgs/msg/__init__.py'...
[29.192s] Compiling '/home/runner/work/pixi_rosdistro/pixi_rosdistro/install/lib/python3.12/site-packages/diagnostic_msgs/msg/_diagnostic_array.py'...
[29.192s] Compiling '/home/runner/work/pixi_rosdistro/pixi_rosdistro/install/lib/python3.12/site-packages/diagnostic_msgs/msg/_diagnostic_status.py'...
[29.192s] Compiling '/home/runner/work/pixi_rosdistro/pixi_rosdistro/install/lib/python3.12/site-packages/diagnostic_msgs/msg/_key_value.py'...
[29.192s] Listing '/home/runner/work/pixi_rosdistro/pixi_rosdistro/install/lib/python3.12/site-packages/diagnostic_msgs/srv'...
[29.192s] Compiling '/home/runner/work/pixi_rosdistro/pixi_rosdistro/install/lib/python3.12/site-packages/diagnostic_msgs/srv/__init__.py'...
[29.193s] Compiling '/home/runner/work/pixi_rosdistro/pixi_rosdistro/install/lib/python3.12/site-packages/diagnostic_msgs/srv/_add_diagnostics.py'...
[29.193s] Compiling '/home/runner/work/pixi_rosdistro/pixi_rosdistro/install/lib/python3.12/site-packages/diagnostic_msgs/srv/_self_test.py'...
[29.202s] -- Installing: /home/runner/work/pixi_rosdistro/pixi_rosdistro/install/share/diagnostic_msgs/cmake/rosidl_cmake-extras.cmake
[29.202s] -- Installing: /home/runner/work/pixi_rosdistro/pixi_rosdistro/install/share/diagnostic_msgs/cmake/ament_cmake_export_dependencies-extras.cmake
[29.203s] -- Installing: /home/runner/work/pixi_rosdistro/pixi_rosdistro/install/share/diagnostic_msgs/cmake/ament_cmake_export_include_directories-extras.cmake
[29.203s] -- Installing: /home/runner/work/pixi_rosdistro/pixi_rosdistro/install/share/diagnostic_msgs/cmake/ament_cmake_export_libraries-extras.cmake
[29.203s] -- Installing: /home/runner/work/pixi_rosdistro/pixi_rosdistro/install/share/diagnostic_msgs/cmake/ament_cmake_export_targets-extras.cmake
[29.203s] -- Installing: /home/runner/work/pixi_rosdistro/pixi_rosdistro/install/share/diagnostic_msgs/cmake/rosidl_cmake_export_typesupport_targets-extras.cmake
[29.203s] -- Installing: /home/runner/work/pixi_rosdistro/pixi_rosdistro/install/share/diagnostic_msgs/cmake/rosidl_cmake_export_typesupport_libraries-extras.cmake
[29.203s] -- Installing: /home/runner/work/pixi_rosdistro/pixi_rosdistro/install/share/diagnostic_msgs/cmake/rosidl_cmake_aggregate_target-extras.cmake
[29.203s] -- Installing: /home/runner/work/pixi_rosdistro/pixi_rosdistro/install/share/diagnostic_msgs/cmake/diagnostic_msgsConfig.cmake
[29.203s] -- Installing: /home/runner/work/pixi_rosdistro/pixi_rosdistro/install/share/diagnostic_msgs/cmake/diagnostic_msgsConfig-version.cmake
[29.203s] -- Installing: /home/runner/work/pixi_rosdistro/pixi_rosdistro/install/share/diagnostic_msgs/package.xml
[29.206s] Invoked command in '/home/runner/work/pixi_rosdistro/pixi_rosdistro/build/diagnostic_msgs' returned '0': AMENT_PREFIX_PATH=/home/runner/work/pixi_rosdistro/pixi_rosdistro/install CMAKE_PREFIX_PATH=/home/runner/work/pixi_rosdistro/pixi_rosdistro/install:${CMAKE_PREFIX_PATH} LD_LIBRARY_PATH=/home/runner/work/pixi_rosdistro/pixi_rosdistro/install/lib PATH=/home/runner/work/pixi_rosdistro/pixi_rosdistro/install/bin:/opt/microsoft/powershell/7:${PATH} PIXI_PROMPT=(ros2_rolling) PKG_CONFIG_PATH=/home/runner/work/pixi_rosdistro/pixi_rosdistro/install/lib/pkgconfig PSModulePath=/home/runner/.local/share/powershell/Modules:${PSModulePath} PYTHONPATH=/home/runner/work/pixi_rosdistro/pixi_rosdistro/install/lib/python3.12/site-packages ROS_DOMAIN_ID=34 /home/runner/work/pixi_rosdistro/pixi_rosdistro/.pixi/envs/default/bin/cmake --install /home/runner/work/pixi_rosdistro/pixi_rosdistro/build/diagnostic_msgs
