[2.176s] Invoking command in 'D:\a\pixi_rosdistro\pixi_rosdistro\build\uncrustify_vendor': AMENT_PREFIX_PATH=D:\a\pixi_rosdistro\pixi_rosdistro\install CMAKE_PREFIX_PATH=D:\a\pixi_rosdistro\pixi_rosdistro\install;D:\a\pixi_rosdistro\pixi_rosdistro\.pixi\envs\default\Library PATH=D:\a\pixi_rosdistro\pixi_rosdistro\install\Scripts;D:\a\pixi_rosdistro\pixi_rosdistro\install\bin;%PATH% PIXI_PROMPT=(ros2_rolling) PKG_CONFIG_PATH=D:\a\pixi_rosdistro\pixi_rosdistro\install\lib\pkgconfig PROMPT=$P$G PYTHONPATH=D:\a\pixi_rosdistro\pixi_rosdistro\install\Lib\site-packages ROS_DOMAIN_ID=81 D:\a\pixi_rosdistro\pixi_rosdistro\.pixi\envs\default\Library\bin\cmake.EXE D:\a\pixi_rosdistro\pixi_rosdistro\src\ament\uncrustify_vendor -GNinja --no-warn-unused-cli -DCMAKE_BUILD_TYPE=Release -DCMAKE_BUILD_WITH_INSTALL_RPATH:bool=TRUE -DCMAKE_POLICY_VERSION_MINIMUM=3.5 -Wno-deprecated -DSTACK_DETAILS_AUTO_DETECT:bool=FALSE -DSTACK_DETAILS_BFD:bool=FALSE -DCMAKE_INSTALL_PREFIX=D:\a\pixi_rosdistro\pixi_rosdistro\install
[2.483s] Not searching for unused variables given on the command line.
[2.483s] -- The C compiler identification is MSVC 19.44.35225.0
[2.765s] -- The CXX compiler identification is MSVC 19.44.35225.0
[2.791s] -- Detecting C compiler ABI info
[3.368s] -- Detecting C compiler ABI info - done
[3.394s] -- Check for working C compiler: C:/Program Files/Microsoft Visual Studio/2022/Enterprise/VC/Tools/MSVC/14.44.35207/bin/Hostx64/x64/cl.exe - skipped
[3.394s] -- Detecting C compile features
[3.395s] -- Detecting C compile features - done
[3.408s] -- Detecting CXX compiler ABI info
[4.088s] -- Detecting CXX compiler ABI info - done
[4.114s] -- Check for working CXX compiler: C:/Program Files/Microsoft Visual Studio/2022/Enterprise/VC/Tools/MSVC/14.44.35207/bin/Hostx64/x64/cl.exe - skipped
[4.115s] -- Detecting CXX compile features
[4.116s] -- Detecting CXX compile features - done
[4.127s] -- Found ament_cmake: 2.8.6 (D:/a/pixi_rosdistro/pixi_rosdistro/install/share/ament_cmake/cmake)
[4.857s] -- Found ament_cmake_vendor_package: 2.8.6 (D:/a/pixi_rosdistro/pixi_rosdistro/install/share/ament_cmake_vendor_package/cmake)
[4.896s] -- Skipping vendor package build for 'uncrustify_vendor', which is already satisfied
[5.111s] -- Configuring done (2.9s)
[5.149s] -- Generating done (0.0s)
[5.158s] -- Build files have been written to: D:/a/pixi_rosdistro/pixi_rosdistro/build/uncrustify_vendor
[5.170s] Invoked command in 'D:\a\pixi_rosdistro\pixi_rosdistro\build\uncrustify_vendor' returned '0': AMENT_PREFIX_PATH=D:\a\pixi_rosdistro\pixi_rosdistro\install CMAKE_PREFIX_PATH=D:\a\pixi_rosdistro\pixi_rosdistro\install;D:\a\pixi_rosdistro\pixi_rosdistro\.pixi\envs\default\Library PATH=D:\a\pixi_rosdistro\pixi_rosdistro\install\Scripts;D:\a\pixi_rosdistro\pixi_rosdistro\install\bin;%PATH% PIXI_PROMPT=(ros2_rolling) PKG_CONFIG_PATH=D:\a\pixi_rosdistro\pixi_rosdistro\install\lib\pkgconfig PROMPT=$P$G PYTHONPATH=D:\a\pixi_rosdistro\pixi_rosdistro\install\Lib\site-packages ROS_DOMAIN_ID=81 D:\a\pixi_rosdistro\pixi_rosdistro\.pixi\envs\default\Library\bin\cmake.EXE D:\a\pixi_rosdistro\pixi_rosdistro\src\ament\uncrustify_vendor -GNinja --no-warn-unused-cli -DCMAKE_BUILD_TYPE=Release -DCMAKE_BUILD_WITH_INSTALL_RPATH:bool=TRUE -DCMAKE_POLICY_VERSION_MINIMUM=3.5 -Wno-deprecated -DSTACK_DETAILS_AUTO_DETECT:bool=FALSE -DSTACK_DETAILS_BFD:bool=FALSE -DCMAKE_INSTALL_PREFIX=D:\a\pixi_rosdistro\pixi_rosdistro\install
[5.172s] Invoking command in 'D:\a\pixi_rosdistro\pixi_rosdistro\build\uncrustify_vendor': AMENT_PREFIX_PATH=D:\a\pixi_rosdistro\pixi_rosdistro\install CMAKE_PREFIX_PATH=D:\a\pixi_rosdistro\pixi_rosdistro\install;D:\a\pixi_rosdistro\pixi_rosdistro\.pixi\envs\default\Library PATH=D:\a\pixi_rosdistro\pixi_rosdistro\install\Scripts;D:\a\pixi_rosdistro\pixi_rosdistro\install\bin;%PATH% PIXI_PROMPT=(ros2_rolling) PKG_CONFIG_PATH=D:\a\pixi_rosdistro\pixi_rosdistro\install\lib\pkgconfig PROMPT=$P$G PYTHONPATH=D:\a\pixi_rosdistro\pixi_rosdistro\install\Lib\site-packages ROS_DOMAIN_ID=81 D:\a\pixi_rosdistro\pixi_rosdistro\.pixi\envs\default\Library\bin\cmake.EXE --build D:\a\pixi_rosdistro\pixi_rosdistro\build\uncrustify_vendor -- -j4 -l4
[5.215s] ninja: no work to do.
[5.223s] Invoked command in 'D:\a\pixi_rosdistro\pixi_rosdistro\build\uncrustify_vendor' returned '0': AMENT_PREFIX_PATH=D:\a\pixi_rosdistro\pixi_rosdistro\install CMAKE_PREFIX_PATH=D:\a\pixi_rosdistro\pixi_rosdistro\install;D:\a\pixi_rosdistro\pixi_rosdistro\.pixi\envs\default\Library PATH=D:\a\pixi_rosdistro\pixi_rosdistro\install\Scripts;D:\a\pixi_rosdistro\pixi_rosdistro\install\bin;%PATH% PIXI_PROMPT=(ros2_rolling) PKG_CONFIG_PATH=D:\a\pixi_rosdistro\pixi_rosdistro\install\lib\pkgconfig PROMPT=$P$G PYTHONPATH=D:\a\pixi_rosdistro\pixi_rosdistro\install\Lib\site-packages ROS_DOMAIN_ID=81 D:\a\pixi_rosdistro\pixi_rosdistro\.pixi\envs\default\Library\bin\cmake.EXE --build D:\a\pixi_rosdistro\pixi_rosdistro\build\uncrustify_vendor -- -j4 -l4
[5.225s] Invoking command in 'D:\a\pixi_rosdistro\pixi_rosdistro\build\uncrustify_vendor': AMENT_PREFIX_PATH=D:\a\pixi_rosdistro\pixi_rosdistro\install CMAKE_PREFIX_PATH=D:\a\pixi_rosdistro\pixi_rosdistro\install;D:\a\pixi_rosdistro\pixi_rosdistro\.pixi\envs\default\Library PATH=D:\a\pixi_rosdistro\pixi_rosdistro\install\Scripts;D:\a\pixi_rosdistro\pixi_rosdistro\install\bin;%PATH% PIXI_PROMPT=(ros2_rolling) PKG_CONFIG_PATH=D:\a\pixi_rosdistro\pixi_rosdistro\install\lib\pkgconfig PROMPT=$P$G PYTHONPATH=D:\a\pixi_rosdistro\pixi_rosdistro\install\Lib\site-packages ROS_DOMAIN_ID=81 D:\a\pixi_rosdistro\pixi_rosdistro\.pixi\envs\default\Library\bin\cmake.EXE --install D:\a\pixi_rosdistro\pixi_rosdistro\build\uncrustify_vendor
[5.508s] -- Install configuration: "Release"
[5.509s] -- Installing: D:/a/pixi_rosdistro/pixi_rosdistro/install/share/ament_index/resource_index/package_run_dependencies/uncrustify_vendor
[5.509s] -- Installing: D:/a/pixi_rosdistro/pixi_rosdistro/install/share/ament_index/resource_index/parent_prefix_path/uncrustify_vendor
[5.509s] -- Installing: D:/a/pixi_rosdistro/pixi_rosdistro/install/share/uncrustify_vendor/environment/ament_prefix_path.bat
[5.510s] -- Installing: D:/a/pixi_rosdistro/pixi_rosdistro/install/share/uncrustify_vendor/environment/ament_prefix_path.dsv
[5.510s] -- Installing: D:/a/pixi_rosdistro/pixi_rosdistro/install/share/uncrustify_vendor/environment/path.bat
[5.511s] -- Installing: D:/a/pixi_rosdistro/pixi_rosdistro/install/share/uncrustify_vendor/environment/path.dsv
[5.511s] -- Installing: D:/a/pixi_rosdistro/pixi_rosdistro/install/share/uncrustify_vendor/local_setup.bat
[5.512s] -- Installing: D:/a/pixi_rosdistro/pixi_rosdistro/install/share/uncrustify_vendor/local_setup.dsv
[5.512s] -- Installing: D:/a/pixi_rosdistro/pixi_rosdistro/install/share/uncrustify_vendor/package.dsv
[5.512s] -- Installing: D:/a/pixi_rosdistro/pixi_rosdistro/install/share/ament_index/resource_index/packages/uncrustify_vendor
[5.512s] -- Installing: D:/a/pixi_rosdistro/pixi_rosdistro/install/share/uncrustify_vendor/cmake/uncrustify_vendorConfig.cmake
[5.512s] -- Installing: D:/a/pixi_rosdistro/pixi_rosdistro/install/share/uncrustify_vendor/cmake/uncrustify_vendorConfig-version.cmake
[5.512s] -- Installing: D:/a/pixi_rosdistro/pixi_rosdistro/install/share/uncrustify_vendor/package.xml
[5.517s] Invoked command in 'D:\a\pixi_rosdistro\pixi_rosdistro\build\uncrustify_vendor' returned '0': AMENT_PREFIX_PATH=D:\a\pixi_rosdistro\pixi_rosdistro\install CMAKE_PREFIX_PATH=D:\a\pixi_rosdistro\pixi_rosdistro\install;D:\a\pixi_rosdistro\pixi_rosdistro\.pixi\envs\default\Library PATH=D:\a\pixi_rosdistro\pixi_rosdistro\install\Scripts;D:\a\pixi_rosdistro\pixi_rosdistro\install\bin;%PATH% PIXI_PROMPT=(ros2_rolling) PKG_CONFIG_PATH=D:\a\pixi_rosdistro\pixi_rosdistro\install\lib\pkgconfig PROMPT=$P$G PYTHONPATH=D:\a\pixi_rosdistro\pixi_rosdistro\install\Lib\site-packages ROS_DOMAIN_ID=81 D:\a\pixi_rosdistro\pixi_rosdistro\.pixi\envs\default\Library\bin\cmake.EXE --install D:\a\pixi_rosdistro\pixi_rosdistro\build\uncrustify_vendor
