[3.895s] Invoking command in '/home/runner/work/pixi_rosdistro/pixi_rosdistro/build/rmw': AMENT_PREFIX_PATH=/home/runner/work/pixi_rosdistro/pixi_rosdistro/install CMAKE_PREFIX_PATH=/home/runner/work/pixi_rosdistro/pixi_rosdistro/install:${CMAKE_PREFIX_PATH} LD_LIBRARY_PATH=/home/runner/work/pixi_rosdistro/pixi_rosdistro/install/lib PATH=/home/runner/work/pixi_rosdistro/pixi_rosdistro/install/bin:/opt/microsoft/powershell/7:${PATH} PIXI_PROMPT=(ros2_rolling) PKG_CONFIG_PATH=/home/runner/work/pixi_rosdistro/pixi_rosdistro/install/lib/pkgconfig PSModulePath=/home/runner/.local/share/powershell/Modules:${PSModulePath} PYTHONPATH=/home/runner/work/pixi_rosdistro/pixi_rosdistro/install/lib/python3.12/site-packages /home/runner/work/pixi_rosdistro/pixi_rosdistro/.pixi/envs/default/bin/cmake /home/runner/work/pixi_rosdistro/pixi_rosdistro/src/ros2/rmw/rmw -GNinja --no-warn-unused-cli -DCMAKE_BUILD_TYPE=Release -DCMAKE_BUILD_WITH_INSTALL_RPATH:bool=TRUE -DCMAKE_POLICY_VERSION_MINIMUM=3.5 -Wno-deprecated -DSTACK_DETAILS_AUTO_DETECT:bool=FALSE -DSTACK_DETAILS_BFD:bool=FALSE -DCMAKE_INSTALL_PREFIX=/home/runner/work/pixi_rosdistro/pixi_rosdistro/install
[4.060s] Not searching for unused variables given on the command line.
[4.060s] -- The C compiler identification is GNU 14.3.0
[4.197s] -- The CXX compiler identification is GNU 14.3.0
[4.209s] -- Detecting C compiler ABI info
[4.384s] -- Detecting C compiler ABI info - done
[4.436s] -- Check for working C compiler: /home/runner/work/pixi_rosdistro/pixi_rosdistro/.pixi/envs/default/bin/x86_64-conda-linux-gnu-cc - skipped
[4.436s] -- Detecting C compile features
[4.437s] -- Detecting C compile features - done
[4.466s] -- Detecting CXX compiler ABI info
[4.680s] -- Detecting CXX compiler ABI info - done
[4.745s] -- Check for working CXX compiler: /home/runner/work/pixi_rosdistro/pixi_rosdistro/.pixi/envs/default/bin/x86_64-conda-linux-gnu-c++ - skipped
[4.745s] -- Detecting CXX compile features
[4.745s] -- Detecting CXX compile features - done
[4.758s] -- Found ament_cmake: 2.8.6 (/home/runner/work/pixi_rosdistro/pixi_rosdistro/install/share/ament_cmake/cmake)
[5.225s] -- Found ament_cmake_ros_core: 0.15.6 (/home/runner/work/pixi_rosdistro/pixi_rosdistro/install/share/ament_cmake_ros_core/cmake)
[5.225s] -- Found rcutils: 7.0.7 (/home/runner/work/pixi_rosdistro/pixi_rosdistro/install/share/rcutils/cmake)
[5.232s] -- Found rosidl_dynamic_typesupport: 0.4.0 (/home/runner/work/pixi_rosdistro/pixi_rosdistro/install/share/rosidl_dynamic_typesupport/cmake)
[5.251s] -- Found ament_lint_auto: 0.20.3 (/home/runner/work/pixi_rosdistro/pixi_rosdistro/install/share/ament_lint_auto/cmake)
[5.427s] -- Found gmock sources under '/home/runner/work/pixi_rosdistro/pixi_rosdistro/install/src/gmock_vendor': C++ tests using 'Google Mock' will be built
[5.432s] -- Found ament_cmake_gtest: 2.8.6 (/home/runner/work/pixi_rosdistro/pixi_rosdistro/install/share/ament_cmake_gtest/cmake)
[5.433s] -- Found gtest sources under '/home/runner/work/pixi_rosdistro/pixi_rosdistro/install/src/gtest_vendor': C++ tests using 'Google Test' will be built
[5.444s] -- Performing Test CMAKE_HAVE_LIBC_PTHREAD
[5.663s] -- Performing Test CMAKE_HAVE_LIBC_PTHREAD - Failed
[5.663s] -- Check if compiler accepts -pthread
[5.875s] -- Check if compiler accepts -pthread - yes
[5.878s] -- Found Threads: TRUE
[5.913s] -- Added test 'copyright' to check source files copyright and LICENSE
[5.939s] -- Added test 'cpplint' to check C / C++ code against the Google style
[5.939s] -- Configured cpplint exclude dirs and/or files: 
[5.946s] -- Added test 'lint_cmake' to check CMake code style
[5.974s] -- Added test 'uncrustify' to check C / C++ code style
[5.974s] -- Configured uncrustify additional arguments: 
[5.975s] -- Added test 'xmllint' to check XML markup files
[5.989s] -- Configuring done (2.1s)
[6.141s] -- Generating done (0.2s)
[6.196s] -- Build files have been written to: /home/runner/work/pixi_rosdistro/pixi_rosdistro/build/rmw
[6.235s] Invoked command in '/home/runner/work/pixi_rosdistro/pixi_rosdistro/build/rmw' returned '0': AMENT_PREFIX_PATH=/home/runner/work/pixi_rosdistro/pixi_rosdistro/install CMAKE_PREFIX_PATH=/home/runner/work/pixi_rosdistro/pixi_rosdistro/install:${CMAKE_PREFIX_PATH} LD_LIBRARY_PATH=/home/runner/work/pixi_rosdistro/pixi_rosdistro/install/lib PATH=/home/runner/work/pixi_rosdistro/pixi_rosdistro/install/bin:/opt/microsoft/powershell/7:${PATH} PIXI_PROMPT=(ros2_rolling) PKG_CONFIG_PATH=/home/runner/work/pixi_rosdistro/pixi_rosdistro/install/lib/pkgconfig PSModulePath=/home/runner/.local/share/powershell/Modules:${PSModulePath} PYTHONPATH=/home/runner/work/pixi_rosdistro/pixi_rosdistro/install/lib/python3.12/site-packages ROS_DOMAIN_ID=64 /home/runner/work/pixi_rosdistro/pixi_rosdistro/.pixi/envs/default/bin/cmake /home/runner/work/pixi_rosdistro/pixi_rosdistro/src/ros2/rmw/rmw -GNinja --no-warn-unused-cli -DCMAKE_BUILD_TYPE=Release -DCMAKE_BUILD_WITH_INSTALL_RPATH:bool=TRUE -DCMAKE_POLICY_VERSION_MINIMUM=3.5 -Wno-deprecated -DSTACK_DETAILS_AUTO_DETECT:bool=FALSE -DSTACK_DETAILS_BFD:bool=FALSE -DCMAKE_INSTALL_PREFIX=/home/runner/work/pixi_rosdistro/pixi_rosdistro/install
[6.236s] Invoking command in '/home/runner/work/pixi_rosdistro/pixi_rosdistro/build/rmw': AMENT_PREFIX_PATH=/home/runner/work/pixi_rosdistro/pixi_rosdistro/install CMAKE_PREFIX_PATH=/home/runner/work/pixi_rosdistro/pixi_rosdistro/install:${CMAKE_PREFIX_PATH} LD_LIBRARY_PATH=/home/runner/work/pixi_rosdistro/pixi_rosdistro/install/lib PATH=/home/runner/work/pixi_rosdistro/pixi_rosdistro/install/bin:/opt/microsoft/powershell/7:${PATH} PIXI_PROMPT=(ros2_rolling) PKG_CONFIG_PATH=/home/runner/work/pixi_rosdistro/pixi_rosdistro/install/lib/pkgconfig PSModulePath=/home/runner/.local/share/powershell/Modules:${PSModulePath} PYTHONPATH=/home/runner/work/pixi_rosdistro/pixi_rosdistro/install/lib/python3.12/site-packages ROS_DOMAIN_ID=64 /home/runner/work/pixi_rosdistro/pixi_rosdistro/.pixi/envs/default/bin/cmake --build /home/runner/work/pixi_rosdistro/pixi_rosdistro/build/rmw -- -j4 -l4
[6.607s] [1/90] Building C object CMakeFiles/rmw.dir/src/allocators.c.o
[6.988s] [2/90] Building C object CMakeFiles/rmw.dir/src/convert_rcutils_ret_to_rmw_ret.c.o
[7.223s] [3/90] Building C object CMakeFiles/rmw.dir/src/discovery_options.c.o
[7.332s] [4/90] Building C object CMakeFiles/rmw.dir/src/enclave.c.o
[7.559s] [5/90] Building C object CMakeFiles/rmw.dir/src/event.c.o
[7.670s] [6/90] Building C object CMakeFiles/rmw.dir/src/init.c.o
[7.835s] [7/90] Building C object CMakeFiles/rmw.dir/src/init_options.c.o
[7.989s] [8/90] Building C object CMakeFiles/rmw.dir/src/message_sequence.c.o
[8.137s] [9/90] Building C object CMakeFiles/rmw.dir/src/names_and_types.c.o
[8.280s] [10/90] Building C object CMakeFiles/rmw.dir/src/network_flow_endpoint_array.c.o
[8.475s] [11/90] Building C object CMakeFiles/rmw.dir/src/network_flow_endpoint.c.o
[8.632s] [12/90] Building C object CMakeFiles/rmw.dir/src/publisher_options.c.o
[8.788s] [13/90] Building C object CMakeFiles/rmw.dir/src/qos_string_conversions.c.o
[8.971s] [14/90] Building C object CMakeFiles/rmw.dir/src/sanity_checks.c.o
[9.171s] [15/90] Building C object CMakeFiles/rmw.dir/src/security_options.c.o
[9.309s] [16/90] Building C object CMakeFiles/rmw.dir/src/service_endpoint_info_array.c.o
[9.490s] [17/90] Building C object CMakeFiles/rmw.dir/src/service_endpoint_info.c.o
[9.669s] [18/90] Building C object CMakeFiles/rmw.dir/src/subscription_content_filter_options.c.o
[9.879s] [19/90] Building C object CMakeFiles/rmw.dir/src/subscription_options.c.o
[10.027s] [20/90] Building C object CMakeFiles/rmw.dir/src/time.c.o
[10.245s] [21/90] Building C object CMakeFiles/rmw.dir/src/topic_endpoint_info_array.c.o
[10.427s] [22/90] Building C object CMakeFiles/rmw.dir/src/topic_endpoint_info.c.o
[10.646s] [23/90] Building C object CMakeFiles/rmw.dir/src/types.c.o
[11.024s] [24/90] Building C object CMakeFiles/rmw.dir/src/validate_full_topic_name.c.o
[11.533s] [25/90] Building C object CMakeFiles/rmw.dir/src/validate_namespace.c.o
[11.780s] [26/90] Building C object CMakeFiles/rmw.dir/src/validate_node_name.c.o
[12.426s] [27/90] Building CXX object gmock/CMakeFiles/gmock.dir/home/runner/work/pixi_rosdistro/pixi_rosdistro/install/src/gtest_vendor/src/gtest-all.cc.o
[12.910s] [28/90] Building CXX object gmock/CMakeFiles/gmock.dir/src/gmock-all.cc.o
[13.501s] [29/90] Building CXX object gmock/CMakeFiles/gmock_main.dir/src/gmock_main.cc.o
[14.115s] [30/90] Building CXX object gtest/CMakeFiles/gtest.dir/src/gtest-all.cc.o
[14.534s] [31/90] Building CXX object gtest/CMakeFiles/gtest_main.dir/src/gtest_main.cc.o
[14.602s] [32/90] Linking C shared library librmw.so
[15.215s] [33/90] Building CXX object test/CMakeFiles/test_allocators.dir/test_allocators.cpp.o
[16.322s] [34/90] Building CXX object test/CMakeFiles/test_convert_rcutils_ret_to_rmw_ret.dir/test_convert_rcutils_ret_to_rmw_ret.cpp.o
[17.797s] [35/90] Building CXX object test/CMakeFiles/test_discovery_options.dir/test_discovery_options.cpp.o
[18.957s] [36/90] Building CXX object test/CMakeFiles/test_event.dir/test_event.cpp.o
[19.528s] [37/90] Building CXX object test/CMakeFiles/test_enclave.dir/test_enclave.cpp.o
[20.097s] [38/90] Building CXX object test/CMakeFiles/test_init_options.dir/test_init_options.cpp.o
[20.791s] [39/90] Building CXX object test/CMakeFiles/test_init.dir/test_init.cpp.o
[21.511s] [40/90] Building CXX object test/CMakeFiles/test_message_sequence.dir/test_message_sequence.cpp.o
[22.103s] [41/90] Building CXX object test/CMakeFiles/test_names_and_types.dir/test_names_and_types.cpp.o
[23.035s] [42/90] Building CXX object test/CMakeFiles/test_publisher_options.dir/test_publisher_options.cpp.o
[24.183s] [43/90] Building CXX object test/CMakeFiles/test_qos_string_conversions.dir/test_qos_string_conversions.cpp.o
[24.691s] [44/90] Building CXX object test/CMakeFiles/test_sanity_checks.dir/test_sanity_checks.cpp.o
[25.317s] [45/90] Building CXX object test/CMakeFiles/test_security_options.dir/test_security_options.cpp.o
[26.054s] [46/90] Building CXX object test/CMakeFiles/test_serialized_message.dir/test_serialized_message.cpp.o
[26.865s] [47/90] Building CXX object test/CMakeFiles/test_subscription_options.dir/test_subscription_options.cpp.o
[27.512s] [48/90] Building CXX object test/CMakeFiles/test_time.dir/test_time.cpp.o
[28.048s] [49/90] Building CXX object test/CMakeFiles/test_types.dir/test_types.cpp.o
[28.693s] [50/90] Building CXX object test/CMakeFiles/test_validate_full_topic_name.dir/test_validate_full_topic_name.cpp.o
[29.333s] [51/90] Building CXX object test/CMakeFiles/test_validate_node_name.dir/test_validate_node_name.cpp.o
[29.973s] [52/90] Building CXX object test/CMakeFiles/test_validate_namespace.dir/test_validate_namespace.cpp.o
[30.599s] [53/90] Building CXX object test/CMakeFiles/test_topic_endpoint_info_array.dir/test_topic_endpoint_info_array.cpp.o
[31.181s] [54/90] Building CXX object test/CMakeFiles/test_topic_endpoint_info.dir/test_topic_endpoint_info.cpp.o
[31.689s] [55/90] Building CXX object test/CMakeFiles/test_service_endpoint_info.dir/test_service_endpoint_info.cpp.o
[32.340s] [56/90] Building CXX object test/CMakeFiles/test_service_endpoint_info_array.dir/test_service_endpoint_info_array.cpp.o
[32.988s] [57/90] Building CXX object test/CMakeFiles/test_network_flow_endpoint.dir/test_network_flow_endpoint.cpp.o
[33.482s] [58/90] Building CXX object test/CMakeFiles/test_network_flow_endpoint_array.dir/test_network_flow_endpoint_array.cpp.o
[34.104s] [59/90] Building CXX object test/CMakeFiles/test_subscription_content_filter_options.dir/test_subscription_content_filter_options.cpp.o
[34.167s] [60/90] Linking CXX static library gmock/libgmock.a
[34.194s] [61/90] Linking CXX static library gmock/libgmock_main.a
[34.247s] [62/90] Linking CXX static library gtest/libgtest.a
[34.277s] [63/90] Linking CXX static library gtest/libgtest_main.a
[34.490s] [64/90] Linking CXX executable test/test_allocators
[34.664s] [65/90] Linking CXX executable test/test_convert_rcutils_ret_to_rmw_ret
[34.871s] [66/90] Linking CXX executable test/test_discovery_options
[35.081s] [67/90] Linking CXX executable test/test_event
[35.278s] [68/90] Linking CXX executable test/test_enclave
[35.486s] [69/90] Linking CXX executable test/test_init_options
[35.614s] [70/90] Linking CXX executable test/test_init
[35.809s] [71/90] Linking CXX executable test/test_message_sequence
[35.956s] [72/90] Linking CXX executable test/test_names_and_types
[36.125s] [73/90] Linking CXX executable test/test_publisher_options
[36.259s] [74/90] Linking CXX executable test/test_qos_string_conversions
[36.524s] [75/90] Linking CXX executable test/test_sanity_checks
[36.682s] [76/90] Linking CXX executable test/test_security_options
[36.917s] [77/90] Linking CXX executable test/test_serialized_message
[37.135s] [78/90] Linking CXX executable test/test_subscription_options
[37.417s] [79/90] Linking CXX executable test/test_time
[37.696s] [80/90] Linking CXX executable test/test_types
[37.863s] [81/90] Linking CXX executable test/test_validate_full_topic_name
[38.008s] [82/90] Linking CXX executable test/test_validate_node_name
[38.196s] [83/90] Linking CXX executable test/test_validate_namespace
[38.395s] [84/90] Linking CXX executable test/test_topic_endpoint_info_array
[38.530s] [85/90] Linking CXX executable test/test_topic_endpoint_info
[38.649s] [86/90] Linking CXX executable test/test_service_endpoint_info
[38.806s] [87/90] Linking CXX executable test/test_service_endpoint_info_array
[38.956s] [88/90] Linking CXX executable test/test_network_flow_endpoint
[39.113s] [89/90] Linking CXX executable test/test_network_flow_endpoint_array
[39.277s] [90/90] Linking CXX executable test/test_subscription_content_filter_options
[39.281s] Invoked command in '/home/runner/work/pixi_rosdistro/pixi_rosdistro/build/rmw' returned '0': AMENT_PREFIX_PATH=/home/runner/work/pixi_rosdistro/pixi_rosdistro/install CMAKE_PREFIX_PATH=/home/runner/work/pixi_rosdistro/pixi_rosdistro/install:${CMAKE_PREFIX_PATH} LD_LIBRARY_PATH=/home/runner/work/pixi_rosdistro/pixi_rosdistro/install/lib PATH=/home/runner/work/pixi_rosdistro/pixi_rosdistro/install/bin:/opt/microsoft/powershell/7:${PATH} PIXI_PROMPT=(ros2_rolling) PKG_CONFIG_PATH=/home/runner/work/pixi_rosdistro/pixi_rosdistro/install/lib/pkgconfig PSModulePath=/home/runner/.local/share/powershell/Modules:${PSModulePath} PYTHONPATH=/home/runner/work/pixi_rosdistro/pixi_rosdistro/install/lib/python3.12/site-packages ROS_DOMAIN_ID=64 /home/runner/work/pixi_rosdistro/pixi_rosdistro/.pixi/envs/default/bin/cmake --build /home/runner/work/pixi_rosdistro/pixi_rosdistro/build/rmw -- -j4 -l4
[39.282s] Invoking command in '/home/runner/work/pixi_rosdistro/pixi_rosdistro/build/rmw': AMENT_PREFIX_PATH=/home/runner/work/pixi_rosdistro/pixi_rosdistro/install CMAKE_PREFIX_PATH=/home/runner/work/pixi_rosdistro/pixi_rosdistro/install:${CMAKE_PREFIX_PATH} LD_LIBRARY_PATH=/home/runner/work/pixi_rosdistro/pixi_rosdistro/install/lib PATH=/home/runner/work/pixi_rosdistro/pixi_rosdistro/install/bin:/opt/microsoft/powershell/7:${PATH} PIXI_PROMPT=(ros2_rolling) PKG_CONFIG_PATH=/home/runner/work/pixi_rosdistro/pixi_rosdistro/install/lib/pkgconfig PSModulePath=/home/runner/.local/share/powershell/Modules:${PSModulePath} PYTHONPATH=/home/runner/work/pixi_rosdistro/pixi_rosdistro/install/lib/python3.12/site-packages ROS_DOMAIN_ID=64 /home/runner/work/pixi_rosdistro/pixi_rosdistro/.pixi/envs/default/bin/cmake --install /home/runner/work/pixi_rosdistro/pixi_rosdistro/build/rmw
[39.299s] -- Install configuration: "Release"
[39.300s] -- Installing: /home/runner/work/pixi_rosdistro/pixi_rosdistro/install/share/rmw/environment/library_path.sh
[39.304s] -- Installing: /home/runner/work/pixi_rosdistro/pixi_rosdistro/install/share/rmw/environment/library_path.dsv
[39.304s] -- Installing: /home/runner/work/pixi_rosdistro/pixi_rosdistro/install/share/ament_index/resource_index/package_run_dependencies/rmw
[39.304s] -- Installing: /home/runner/work/pixi_rosdistro/pixi_rosdistro/install/share/ament_index/resource_index/parent_prefix_path/rmw
[39.304s] -- Installing: /home/runner/work/pixi_rosdistro/pixi_rosdistro/install/share/rmw/environment/ament_prefix_path.sh
[39.304s] -- Installing: /home/runner/work/pixi_rosdistro/pixi_rosdistro/install/share/rmw/environment/ament_prefix_path.dsv
[39.305s] -- Installing: /home/runner/work/pixi_rosdistro/pixi_rosdistro/install/share/rmw/environment/path.sh
[39.305s] -- Installing: /home/runner/work/pixi_rosdistro/pixi_rosdistro/install/share/rmw/environment/path.dsv
[39.305s] -- Installing: /home/runner/work/pixi_rosdistro/pixi_rosdistro/install/share/rmw/local_setup.bash
[39.309s] -- Installing: /home/runner/work/pixi_rosdistro/pixi_rosdistro/install/share/rmw/local_setup.fish
[39.311s] -- Installing: /home/runner/work/pixi_rosdistro/pixi_rosdistro/install/share/rmw/local_setup.sh
[39.311s] -- Installing: /home/runner/work/pixi_rosdistro/pixi_rosdistro/install/share/rmw/local_setup.zsh
[39.311s] -- Installing: /home/runner/work/pixi_rosdistro/pixi_rosdistro/install/share/rmw/local_setup.dsv
[39.311s] -- Installing: /home/runner/work/pixi_rosdistro/pixi_rosdistro/install/share/rmw/package.dsv
[39.311s] -- Installing: /home/runner/work/pixi_rosdistro/pixi_rosdistro/install/share/ament_index/resource_index/packages/rmw
[39.311s] -- Installing: /home/runner/work/pixi_rosdistro/pixi_rosdistro/install/share/rmw/cmake/rmwExport.cmake
[39.311s] -- Installing: /home/runner/work/pixi_rosdistro/pixi_rosdistro/install/share/rmw/cmake/rmwExport-release.cmake
[39.312s] -- Installing: /home/runner/work/pixi_rosdistro/pixi_rosdistro/install/share/rmw/cmake/rmw-extras.cmake
[39.312s] -- Installing: /home/runner/work/pixi_rosdistro/pixi_rosdistro/install/share/rmw/cmake/ament_cmake_export_dependencies-extras.cmake
[39.313s] -- Installing: /home/runner/work/pixi_rosdistro/pixi_rosdistro/install/share/rmw/cmake/ament_cmake_export_include_directories-extras.cmake
[39.314s] -- Installing: /home/runner/work/pixi_rosdistro/pixi_rosdistro/install/share/rmw/cmake/ament_cmake_export_libraries-extras.cmake
[39.314s] -- Installing: /home/runner/work/pixi_rosdistro/pixi_rosdistro/install/share/rmw/cmake/ament_cmake_export_targets-extras.cmake
[39.315s] -- Installing: /home/runner/work/pixi_rosdistro/pixi_rosdistro/install/share/rmw/cmake/rmwConfig.cmake
[39.319s] -- Installing: /home/runner/work/pixi_rosdistro/pixi_rosdistro/install/share/rmw/cmake/rmwConfig-version.cmake
[39.320s] -- Installing: /home/runner/work/pixi_rosdistro/pixi_rosdistro/install/share/rmw/package.xml
[39.320s] -- Up-to-date: /home/runner/work/pixi_rosdistro/pixi_rosdistro/install/share/rmw/cmake
[39.320s] -- Installing: /home/runner/work/pixi_rosdistro/pixi_rosdistro/install/share/rmw/cmake/get_rmw_typesupport.cmake
[39.320s] -- Installing: /home/runner/work/pixi_rosdistro/pixi_rosdistro/install/share/rmw/cmake/register_rmw_implementation.cmake
[39.320s] -- Installing: /home/runner/work/pixi_rosdistro/pixi_rosdistro/install/share/rmw/cmake/configure_rmw_library.cmake
[39.320s] -- Installing: /home/runner/work/pixi_rosdistro/pixi_rosdistro/install/include/rmw
[39.320s] -- Installing: /home/runner/work/pixi_rosdistro/pixi_rosdistro/install/include/rmw/rmw
[39.320s] -- Installing: /home/runner/work/pixi_rosdistro/pixi_rosdistro/install/include/rmw/rmw/macros.h
[39.320s] -- Installing: /home/runner/work/pixi_rosdistro/pixi_rosdistro/install/include/rmw/rmw/sanity_checks.h
[39.320s] -- Installing: /home/runner/work/pixi_rosdistro/pixi_rosdistro/install/include/rmw/rmw/incompatible_qos_events_statuses.h
[39.321s] -- Installing: /home/runner/work/pixi_rosdistro/pixi_rosdistro/install/include/rmw/rmw/rmw.h
[39.321s] -- Installing: /home/runner/work/pixi_rosdistro/pixi_rosdistro/install/include/rmw/rmw/enclave.h
[39.322s] -- Installing: /home/runner/work/pixi_rosdistro/pixi_rosdistro/install/include/rmw/rmw/network_flow_endpoint_array.h
[39.322s] -- Installing: /home/runner/work/pixi_rosdistro/pixi_rosdistro/install/include/rmw/rmw/network_flow_endpoint.h
[39.323s] -- Installing: /home/runner/work/pixi_rosdistro/pixi_rosdistro/install/include/rmw/rmw/validate_namespace.h
[39.323s] -- Installing: /home/runner/work/pixi_rosdistro/pixi_rosdistro/install/include/rmw/rmw/validate_full_topic_name.h
[39.325s] -- Installing: /home/runner/work/pixi_rosdistro/pixi_rosdistro/install/include/rmw/rmw/serialized_message.h
[39.325s] -- Installing: /home/runner/work/pixi_rosdistro/pixi_rosdistro/install/include/rmw/rmw/topic_endpoint_info.h
[39.325s] -- Installing: /home/runner/work/pixi_rosdistro/pixi_rosdistro/install/include/rmw/rmw/qos_string_conversions.h
[39.325s] -- Installing: /home/runner/work/pixi_rosdistro/pixi_rosdistro/install/include/rmw/rmw/convert_rcutils_ret_to_rmw_ret.h
[39.325s] -- Installing: /home/runner/work/pixi_rosdistro/pixi_rosdistro/install/include/rmw/rmw/names_and_types.h
[39.325s] -- Installing: /home/runner/work/pixi_rosdistro/pixi_rosdistro/install/include/rmw/rmw/init_options.h
[39.325s] -- Installing: /home/runner/work/pixi_rosdistro/pixi_rosdistro/install/include/rmw/rmw/ret_types.h
[39.326s] -- Installing: /home/runner/work/pixi_rosdistro/pixi_rosdistro/install/include/rmw/rmw/dynamic_message_type_support.h
[39.326s] -- Installing: /home/runner/work/pixi_rosdistro/pixi_rosdistro/install/include/rmw/rmw/qos_profiles.h
[39.326s] -- Installing: /home/runner/work/pixi_rosdistro/pixi_rosdistro/install/include/rmw/rmw/subscription_content_filter_options.h
[39.326s] -- Installing: /home/runner/work/pixi_rosdistro/pixi_rosdistro/install/include/rmw/rmw/qos_policy_kind.h
[39.327s] -- Installing: /home/runner/work/pixi_rosdistro/pixi_rosdistro/install/include/rmw/rmw/domain_id.h
[39.331s] -- Installing: /home/runner/work/pixi_rosdistro/pixi_rosdistro/install/include/rmw/rmw/impl
[39.331s] -- Installing: /home/runner/work/pixi_rosdistro/pixi_rosdistro/install/include/rmw/rmw/impl/config.h
[39.331s] -- Installing: /home/runner/work/pixi_rosdistro/pixi_rosdistro/install/include/rmw/rmw/impl/cpp
[39.331s] -- Installing: /home/runner/work/pixi_rosdistro/pixi_rosdistro/install/include/rmw/rmw/impl/cpp/demangle.hpp
[39.331s] -- Installing: /home/runner/work/pixi_rosdistro/pixi_rosdistro/install/include/rmw/rmw/impl/cpp/macros.hpp
[39.331s] -- Installing: /home/runner/work/pixi_rosdistro/pixi_rosdistro/install/include/rmw/rmw/impl/cpp/key_value.hpp
[39.331s] -- Installing: /home/runner/work/pixi_rosdistro/pixi_rosdistro/install/include/rmw/rmw/events_statuses
[39.332s] -- Installing: /home/runner/work/pixi_rosdistro/pixi_rosdistro/install/include/rmw/rmw/events_statuses/matched.h
[39.332s] -- Installing: /home/runner/work/pixi_rosdistro/pixi_rosdistro/install/include/rmw/rmw/events_statuses/incompatible_qos.h
[39.335s] -- Installing: /home/runner/work/pixi_rosdistro/pixi_rosdistro/install/include/rmw/rmw/events_statuses/offered_deadline_missed.h
[39.337s] -- Installing: /home/runner/work/pixi_rosdistro/pixi_rosdistro/install/include/rmw/rmw/events_statuses/liveliness_lost.h
[39.337s] -- Installing: /home/runner/work/pixi_rosdistro/pixi_rosdistro/install/include/rmw/rmw/events_statuses/liveliness_changed.h
[39.337s] -- Installing: /home/runner/work/pixi_rosdistro/pixi_rosdistro/install/include/rmw/rmw/events_statuses/events_statuses.h
[39.337s] -- Installing: /home/runner/work/pixi_rosdistro/pixi_rosdistro/install/include/rmw/rmw/events_statuses/requested_deadline_missed.h
[39.337s] -- Installing: /home/runner/work/pixi_rosdistro/pixi_rosdistro/install/include/rmw/rmw/events_statuses/message_lost.h
[39.337s] -- Installing: /home/runner/work/pixi_rosdistro/pixi_rosdistro/install/include/rmw/rmw/events_statuses/incompatible_type.h
[39.337s] -- Installing: /home/runner/work/pixi_rosdistro/pixi_rosdistro/install/include/rmw/rmw/service_endpoint_info_array.h
[39.337s] -- Installing: /home/runner/work/pixi_rosdistro/pixi_rosdistro/install/include/rmw/rmw/get_node_info_and_types.h
[39.338s] -- Installing: /home/runner/work/pixi_rosdistro/pixi_rosdistro/install/include/rmw/rmw/allocators.h
[39.338s] -- Installing: /home/runner/work/pixi_rosdistro/pixi_rosdistro/install/include/rmw/rmw/visibility_control.h
[39.338s] -- Installing: /home/runner/work/pixi_rosdistro/pixi_rosdistro/install/include/rmw/rmw/check_type_identifiers_match.h
[39.339s] -- Installing: /home/runner/work/pixi_rosdistro/pixi_rosdistro/install/include/rmw/rmw/subscription_options.h
[39.339s] -- Installing: /home/runner/work/pixi_rosdistro/pixi_rosdistro/install/include/rmw/rmw/get_service_names_and_types.h
[39.339s] -- Installing: /home/runner/work/pixi_rosdistro/pixi_rosdistro/install/include/rmw/rmw/security_options.h
[39.344s] -- Installing: /home/runner/work/pixi_rosdistro/pixi_rosdistro/install/include/rmw/rmw/get_service_endpoint_info.h
[39.344s] -- Installing: /home/runner/work/pixi_rosdistro/pixi_rosdistro/install/include/rmw/rmw/get_topic_endpoint_info.h
[39.344s] -- Installing: /home/runner/work/pixi_rosdistro/pixi_rosdistro/install/include/rmw/rmw/discovery_options.h
[39.344s] -- Installing: /home/runner/work/pixi_rosdistro/pixi_rosdistro/install/include/rmw/rmw/error_handling.h
[39.344s] -- Installing: /home/runner/work/pixi_rosdistro/pixi_rosdistro/install/include/rmw/rmw/event_callback_type.h
[39.344s] -- Installing: /home/runner/work/pixi_rosdistro/pixi_rosdistro/install/include/rmw/rmw/service_endpoint_info.h
[39.344s] -- Installing: /home/runner/work/pixi_rosdistro/pixi_rosdistro/install/include/rmw/rmw/features.h
[39.344s] -- Installing: /home/runner/work/pixi_rosdistro/pixi_rosdistro/install/include/rmw/rmw/get_network_flow_endpoints.h
[39.347s] -- Installing: /home/runner/work/pixi_rosdistro/pixi_rosdistro/install/include/rmw/rmw/validate_node_name.h
[39.349s] -- Installing: /home/runner/work/pixi_rosdistro/pixi_rosdistro/install/include/rmw/rmw/event.h
[39.349s] -- Installing: /home/runner/work/pixi_rosdistro/pixi_rosdistro/install/include/rmw/rmw/init.h
[39.349s] -- Installing: /home/runner/work/pixi_rosdistro/pixi_rosdistro/install/include/rmw/rmw/get_topic_names_and_types.h
[39.350s] -- Installing: /home/runner/work/pixi_rosdistro/pixi_rosdistro/install/include/rmw/rmw/message_sequence.h
[39.350s] -- Installing: /home/runner/work/pixi_rosdistro/pixi_rosdistro/install/include/rmw/rmw/publisher_options.h
[39.350s] -- Installing: /home/runner/work/pixi_rosdistro/pixi_rosdistro/install/include/rmw/rmw/time.h
[39.350s] -- Installing: /home/runner/work/pixi_rosdistro/pixi_rosdistro/install/include/rmw/rmw/types.h
[39.350s] -- Installing: /home/runner/work/pixi_rosdistro/pixi_rosdistro/install/include/rmw/rmw/topic_endpoint_info_array.h
[39.350s] -- Installing: /home/runner/work/pixi_rosdistro/pixi_rosdistro/install/lib/librmw.so
[39.350s] Invoked command in '/home/runner/work/pixi_rosdistro/pixi_rosdistro/build/rmw' returned '0': AMENT_PREFIX_PATH=/home/runner/work/pixi_rosdistro/pixi_rosdistro/install CMAKE_PREFIX_PATH=/home/runner/work/pixi_rosdistro/pixi_rosdistro/install:${CMAKE_PREFIX_PATH} LD_LIBRARY_PATH=/home/runner/work/pixi_rosdistro/pixi_rosdistro/install/lib PATH=/home/runner/work/pixi_rosdistro/pixi_rosdistro/install/bin:/opt/microsoft/powershell/7:${PATH} PIXI_PROMPT=(ros2_rolling) PKG_CONFIG_PATH=/home/runner/work/pixi_rosdistro/pixi_rosdistro/install/lib/pkgconfig PSModulePath=/home/runner/.local/share/powershell/Modules:${PSModulePath} PYTHONPATH=/home/runner/work/pixi_rosdistro/pixi_rosdistro/install/lib/python3.12/site-packages ROS_DOMAIN_ID=64 /home/runner/work/pixi_rosdistro/pixi_rosdistro/.pixi/envs/default/bin/cmake --install /home/runner/work/pixi_rosdistro/pixi_rosdistro/build/rmw
