[0.226s] Invoking command in '/Users/runner/work/pixi_rosdistro/pixi_rosdistro/build/ament_index_cpp': AMENT_PREFIX_PATH=/Users/runner/work/pixi_rosdistro/pixi_rosdistro/install CMAKE_PREFIX_PATH=/Users/runner/work/pixi_rosdistro/pixi_rosdistro/install PATH=/Users/runner/work/pixi_rosdistro/pixi_rosdistro/install/bin:${PATH} PIXI_PROMPT=(ros2_rolling) PKG_CONFIG_PATH=/Users/runner/work/pixi_rosdistro/pixi_rosdistro/install/lib/pkgconfig PYTHONPATH=/Users/runner/work/pixi_rosdistro/pixi_rosdistro/install/lib/python3.14/site-packages SHLVL=3 _=/usr/bin/env /Users/runner/work/pixi_rosdistro/pixi_rosdistro/.pixi/envs/default/bin/cmake /Users/runner/work/pixi_rosdistro/pixi_rosdistro/src/ament/ament_index/ament_index_cpp -GNinja --no-warn-unused-cli -DCMAKE_BUILD_TYPE=Release -DCMAKE_BUILD_WITH_INSTALL_RPATH:bool=TRUE -DCMAKE_POLICY_VERSION_MINIMUM=3.5 -Wno-deprecated -DSTACK_DETAILS_AUTO_DETECT:bool=FALSE -DSTACK_DETAILS_BFD:bool=FALSE -DCMAKE_INSTALL_PREFIX=/Users/runner/work/pixi_rosdistro/pixi_rosdistro/install
[0.424s] Not searching for unused variables given on the command line.
[0.424s] -- The C compiler identification is AppleClang 17.0.0.17000013
[0.548s] -- The CXX compiler identification is AppleClang 17.0.0.17000013
[0.582s] -- Detecting C compiler ABI info
[0.874s] -- Detecting C compiler ABI info - done
[0.914s] -- Check for working C compiler: /usr/bin/cc - skipped
[0.914s] -- Detecting C compile features
[0.914s] -- Detecting C compile features - done
[0.919s] -- Detecting CXX compiler ABI info
[1.208s] -- Detecting CXX compiler ABI info - done
[1.244s] -- Check for working CXX compiler: /usr/bin/c++ - skipped
[1.245s] -- Detecting CXX compile features
[1.245s] -- Detecting CXX compile features - done
[1.252s] -- Found ament_cmake: 2.8.6 (/Users/runner/work/pixi_rosdistro/pixi_rosdistro/install/share/ament_cmake/cmake)
[1.547s] -- Found ament_lint_auto: 0.20.3 (/Users/runner/work/pixi_rosdistro/pixi_rosdistro/install/share/ament_lint_auto/cmake)
[1.715s] -- Found gtest sources under '/Users/runner/work/pixi_rosdistro/pixi_rosdistro/install/src/gtest_vendor': C++ tests using 'Google Test' will be built
[1.717s] -- Performing Test CMAKE_HAVE_LIBC_PTHREAD
[2.014s] -- Performing Test CMAKE_HAVE_LIBC_PTHREAD - Success
[2.016s] -- Found Threads: TRUE
[2.042s] -- Added test 'copyright' to check source files copyright and LICENSE
[2.055s] -- Added test 'cppcheck' to perform static code analysis on C / C++ code
[2.055s] -- Configured cppcheck include dirs: $<BUILD_INTERFACE:/Users/runner/work/pixi_rosdistro/pixi_rosdistro/src/ament/ament_index/ament_index_cpp/include>;/Users/runner/work/pixi_rosdistro/pixi_rosdistro/src/ament/ament_index/ament_index_cpp/include
[2.056s] -- Configured cppcheck exclude dirs and/or files: 
[2.066s] -- Added test 'cpplint' to check C / C++ code against the Google style
[2.067s] -- Configured cpplint exclude dirs and/or files: 
[2.071s] -- Added test 'lint_cmake' to check CMake code style
[2.077s] -- Added test 'uncrustify' to check C / C++ code style
[2.077s] -- Configured uncrustify additional arguments: 
[2.080s] -- Added test 'xmllint' to check XML markup files
[2.086s] -- Configuring done (1.8s)
[2.110s] -- Generating done (0.0s)
[2.118s] -- Build files have been written to: /Users/runner/work/pixi_rosdistro/pixi_rosdistro/build/ament_index_cpp
[2.120s] Invoked command in '/Users/runner/work/pixi_rosdistro/pixi_rosdistro/build/ament_index_cpp' returned '0': AMENT_PREFIX_PATH=/Users/runner/work/pixi_rosdistro/pixi_rosdistro/install CMAKE_PREFIX_PATH=/Users/runner/work/pixi_rosdistro/pixi_rosdistro/install PATH=/Users/runner/work/pixi_rosdistro/pixi_rosdistro/install/bin:${PATH} PIXI_PROMPT=(ros2_rolling) PKG_CONFIG_PATH=/Users/runner/work/pixi_rosdistro/pixi_rosdistro/install/lib/pkgconfig PYTHONPATH=/Users/runner/work/pixi_rosdistro/pixi_rosdistro/install/lib/python3.14/site-packages ROS_DOMAIN_ID=120 SHLVL=3 _=/usr/bin/env /Users/runner/work/pixi_rosdistro/pixi_rosdistro/.pixi/envs/default/bin/cmake /Users/runner/work/pixi_rosdistro/pixi_rosdistro/src/ament/ament_index/ament_index_cpp -GNinja --no-warn-unused-cli -DCMAKE_BUILD_TYPE=Release -DCMAKE_BUILD_WITH_INSTALL_RPATH:bool=TRUE -DCMAKE_POLICY_VERSION_MINIMUM=3.5 -Wno-deprecated -DSTACK_DETAILS_AUTO_DETECT:bool=FALSE -DSTACK_DETAILS_BFD:bool=FALSE -DCMAKE_INSTALL_PREFIX=/Users/runner/work/pixi_rosdistro/pixi_rosdistro/install
[2.123s] Invoking command in '/Users/runner/work/pixi_rosdistro/pixi_rosdistro/build/ament_index_cpp': AMENT_PREFIX_PATH=/Users/runner/work/pixi_rosdistro/pixi_rosdistro/install CMAKE_PREFIX_PATH=/Users/runner/work/pixi_rosdistro/pixi_rosdistro/install PATH=/Users/runner/work/pixi_rosdistro/pixi_rosdistro/install/bin:${PATH} PIXI_PROMPT=(ros2_rolling) PKG_CONFIG_PATH=/Users/runner/work/pixi_rosdistro/pixi_rosdistro/install/lib/pkgconfig PYTHONPATH=/Users/runner/work/pixi_rosdistro/pixi_rosdistro/install/lib/python3.14/site-packages ROS_DOMAIN_ID=120 SHLVL=3 _=/usr/bin/env /Users/runner/work/pixi_rosdistro/pixi_rosdistro/.pixi/envs/default/bin/cmake --build /Users/runner/work/pixi_rosdistro/pixi_rosdistro/build/ament_index_cpp -- -j3 -l3
[2.164s] [1/18] Generating ament_index_cpp/version.h
[2.503s] [2/18] Building CXX object CMakeFiles/ament_index_cpp.dir/src/get_package_prefix.cpp.o
[2.868s] [3/18] Building CXX object CMakeFiles/ament_index_cpp.dir/src/get_package_share_directory.cpp.o
[3.162s] [4/18] Building CXX object CMakeFiles/ament_index_cpp.dir/src/get_package_share_path.cpp.o
[3.465s] [5/18] Building CXX object CMakeFiles/ament_index_cpp.dir/src/get_packages_with_prefixes.cpp.o
[3.746s] [6/18] Building CXX object CMakeFiles/ament_index_cpp.dir/src/get_resource.cpp.o
[4.067s] [7/18] Building CXX object CMakeFiles/ament_index_cpp.dir/src/get_resources.cpp.o
[4.381s] [8/18] Building CXX object CMakeFiles/ament_index_cpp.dir/src/get_search_paths.cpp.o
[4.654s] [9/18] Building CXX object CMakeFiles/ament_index_cpp.dir/src/has_resource.cpp.o
[5.337s] [10/18] Building CXX object gtest/CMakeFiles/gtest.dir/src/gtest-all.cc.o
[5.628s] [11/18] Building CXX object gtest/CMakeFiles/gtest_main.dir/src/gtest_main.cc.o
[5.672s] [12/18] Linking CXX shared library libament_index_cpp.dylib
[6.031s] [13/18] Building CXX object CMakeFiles/ament_index_cpp_utest.dir/test/utest.cpp.o
[6.424s] [14/18] Building CXX object CMakeFiles/ament_index_cpp_utest_deprecated.dir/test/utest_deprecated.cpp.o
[6.480s] [15/18] Linking CXX static library gtest/libgtest.a
[6.536s] [16/18] Linking CXX static library gtest/libgtest_main.a
[6.587s] [17/18] Linking CXX executable ament_index_cpp_utest
[6.638s] [18/18] Linking CXX executable ament_index_cpp_utest_deprecated
[6.639s] Invoked command in '/Users/runner/work/pixi_rosdistro/pixi_rosdistro/build/ament_index_cpp' returned '0': AMENT_PREFIX_PATH=/Users/runner/work/pixi_rosdistro/pixi_rosdistro/install CMAKE_PREFIX_PATH=/Users/runner/work/pixi_rosdistro/pixi_rosdistro/install PATH=/Users/runner/work/pixi_rosdistro/pixi_rosdistro/install/bin:${PATH} PIXI_PROMPT=(ros2_rolling) PKG_CONFIG_PATH=/Users/runner/work/pixi_rosdistro/pixi_rosdistro/install/lib/pkgconfig PYTHONPATH=/Users/runner/work/pixi_rosdistro/pixi_rosdistro/install/lib/python3.14/site-packages ROS_DOMAIN_ID=120 SHLVL=3 _=/usr/bin/env /Users/runner/work/pixi_rosdistro/pixi_rosdistro/.pixi/envs/default/bin/cmake --build /Users/runner/work/pixi_rosdistro/pixi_rosdistro/build/ament_index_cpp -- -j3 -l3
[6.646s] Invoking command in '/Users/runner/work/pixi_rosdistro/pixi_rosdistro/build/ament_index_cpp': AMENT_PREFIX_PATH=/Users/runner/work/pixi_rosdistro/pixi_rosdistro/install CMAKE_PREFIX_PATH=/Users/runner/work/pixi_rosdistro/pixi_rosdistro/install PATH=/Users/runner/work/pixi_rosdistro/pixi_rosdistro/install/bin:${PATH} PIXI_PROMPT=(ros2_rolling) PKG_CONFIG_PATH=/Users/runner/work/pixi_rosdistro/pixi_rosdistro/install/lib/pkgconfig PYTHONPATH=/Users/runner/work/pixi_rosdistro/pixi_rosdistro/install/lib/python3.14/site-packages ROS_DOMAIN_ID=120 SHLVL=3 _=/usr/bin/env /Users/runner/work/pixi_rosdistro/pixi_rosdistro/.pixi/envs/default/bin/cmake --install /Users/runner/work/pixi_rosdistro/pixi_rosdistro/build/ament_index_cpp
[6.654s] -- Install configuration: "Release"
[6.654s] -- Installing: /Users/runner/work/pixi_rosdistro/pixi_rosdistro/install/share/ament_index_cpp/environment/library_path.sh
[6.655s] -- Installing: /Users/runner/work/pixi_rosdistro/pixi_rosdistro/install/share/ament_index_cpp/environment/library_path.dsv
[6.655s] -- Installing: /Users/runner/work/pixi_rosdistro/pixi_rosdistro/install/share/ament_index/resource_index/package_run_dependencies/ament_index_cpp
[6.655s] -- Installing: /Users/runner/work/pixi_rosdistro/pixi_rosdistro/install/share/ament_index/resource_index/parent_prefix_path/ament_index_cpp
[6.655s] -- Installing: /Users/runner/work/pixi_rosdistro/pixi_rosdistro/install/share/ament_index_cpp/environment/ament_prefix_path.sh
[6.655s] -- Installing: /Users/runner/work/pixi_rosdistro/pixi_rosdistro/install/share/ament_index_cpp/environment/ament_prefix_path.dsv
[6.656s] -- Installing: /Users/runner/work/pixi_rosdistro/pixi_rosdistro/install/share/ament_index_cpp/environment/path.sh
[6.656s] -- Installing: /Users/runner/work/pixi_rosdistro/pixi_rosdistro/install/share/ament_index_cpp/environment/path.dsv
[6.656s] -- Installing: /Users/runner/work/pixi_rosdistro/pixi_rosdistro/install/share/ament_index_cpp/local_setup.bash
[6.656s] -- Installing: /Users/runner/work/pixi_rosdistro/pixi_rosdistro/install/share/ament_index_cpp/local_setup.fish
[6.656s] -- Installing: /Users/runner/work/pixi_rosdistro/pixi_rosdistro/install/share/ament_index_cpp/local_setup.sh
[6.656s] -- Installing: /Users/runner/work/pixi_rosdistro/pixi_rosdistro/install/share/ament_index_cpp/local_setup.zsh
[6.657s] -- Installing: /Users/runner/work/pixi_rosdistro/pixi_rosdistro/install/share/ament_index_cpp/local_setup.dsv
[6.657s] -- Installing: /Users/runner/work/pixi_rosdistro/pixi_rosdistro/install/share/ament_index_cpp/package.dsv
[6.657s] -- Installing: /Users/runner/work/pixi_rosdistro/pixi_rosdistro/install/share/ament_index/resource_index/packages/ament_index_cpp
[6.657s] -- Installing: /Users/runner/work/pixi_rosdistro/pixi_rosdistro/install/share/ament_index_cpp/cmake/export_ament_index_cppExport.cmake
[6.657s] -- Installing: /Users/runner/work/pixi_rosdistro/pixi_rosdistro/install/share/ament_index_cpp/cmake/export_ament_index_cppExport-release.cmake
[6.657s] -- Installing: /Users/runner/work/pixi_rosdistro/pixi_rosdistro/install/share/ament_index_cpp/cmake/ament_cmake_export_targets-extras.cmake
[6.658s] -- Installing: /Users/runner/work/pixi_rosdistro/pixi_rosdistro/install/share/ament_index_cpp/cmake/ament_index_cppConfig.cmake
[6.658s] -- Installing: /Users/runner/work/pixi_rosdistro/pixi_rosdistro/install/share/ament_index_cpp/cmake/ament_index_cppConfig-version.cmake
[6.658s] -- Installing: /Users/runner/work/pixi_rosdistro/pixi_rosdistro/install/share/ament_index_cpp/package.xml
[6.659s] -- Installing: /Users/runner/work/pixi_rosdistro/pixi_rosdistro/install/include/ament_index_cpp/ament_index_cpp/version.h
[6.659s] -- Up-to-date: /Users/runner/work/pixi_rosdistro/pixi_rosdistro/install/include/ament_index_cpp
[6.659s] -- Up-to-date: /Users/runner/work/pixi_rosdistro/pixi_rosdistro/install/include/ament_index_cpp/ament_index_cpp
[6.659s] -- Installing: /Users/runner/work/pixi_rosdistro/pixi_rosdistro/install/include/ament_index_cpp/ament_index_cpp/has_resource.hpp
[6.659s] -- Installing: /Users/runner/work/pixi_rosdistro/pixi_rosdistro/install/include/ament_index_cpp/ament_index_cpp/get_package_share_directory.hpp
[6.659s] -- Installing: /Users/runner/work/pixi_rosdistro/pixi_rosdistro/install/include/ament_index_cpp/ament_index_cpp/get_resource.hpp
[6.659s] -- Installing: /Users/runner/work/pixi_rosdistro/pixi_rosdistro/install/include/ament_index_cpp/ament_index_cpp/get_search_paths.hpp
[6.659s] -- Installing: /Users/runner/work/pixi_rosdistro/pixi_rosdistro/install/include/ament_index_cpp/ament_index_cpp/visibility_control.h
[6.660s] -- Installing: /Users/runner/work/pixi_rosdistro/pixi_rosdistro/install/include/ament_index_cpp/ament_index_cpp/get_package_prefix.hpp
[6.660s] -- Installing: /Users/runner/work/pixi_rosdistro/pixi_rosdistro/install/include/ament_index_cpp/ament_index_cpp/get_packages_with_prefixes.hpp
[6.661s] -- Installing: /Users/runner/work/pixi_rosdistro/pixi_rosdistro/install/include/ament_index_cpp/ament_index_cpp/get_resources.hpp
[6.661s] -- Installing: /Users/runner/work/pixi_rosdistro/pixi_rosdistro/install/include/ament_index_cpp/ament_index_cpp/get_package_share_path.hpp
[6.661s] -- Installing: /Users/runner/work/pixi_rosdistro/pixi_rosdistro/install/lib/libament_index_cpp.dylib
[6.667s] Invoked command in '/Users/runner/work/pixi_rosdistro/pixi_rosdistro/build/ament_index_cpp' returned '0': AMENT_PREFIX_PATH=/Users/runner/work/pixi_rosdistro/pixi_rosdistro/install CMAKE_PREFIX_PATH=/Users/runner/work/pixi_rosdistro/pixi_rosdistro/install PATH=/Users/runner/work/pixi_rosdistro/pixi_rosdistro/install/bin:${PATH} PIXI_PROMPT=(ros2_rolling) PKG_CONFIG_PATH=/Users/runner/work/pixi_rosdistro/pixi_rosdistro/install/lib/pkgconfig PYTHONPATH=/Users/runner/work/pixi_rosdistro/pixi_rosdistro/install/lib/python3.14/site-packages ROS_DOMAIN_ID=120 SHLVL=3 _=/usr/bin/env /Users/runner/work/pixi_rosdistro/pixi_rosdistro/.pixi/envs/default/bin/cmake --install /Users/runner/work/pixi_rosdistro/pixi_rosdistro/build/ament_index_cpp
