[12.187s] Invoking command in 'D:\a\pixi_rosdistro\pixi_rosdistro\build\type_description_interfaces': AMENT_PREFIX_PATH=D:\a\pixi_rosdistro\pixi_rosdistro\install CMAKE_PREFIX_PATH=D:\a\pixi_rosdistro\pixi_rosdistro\install;D:\a\pixi_rosdistro\pixi_rosdistro\.pixi\envs\default\Library PATH=D:\a\pixi_rosdistro\pixi_rosdistro\install\Scripts;D:\a\pixi_rosdistro\pixi_rosdistro\install\bin;D:\a\pixi_rosdistro\pixi_rosdistro\install\opt\mimick_vendor\lib;%PATH% PIXI_PROMPT=(ros2_rolling) PKG_CONFIG_PATH=D:\a\pixi_rosdistro\pixi_rosdistro\install\lib\pkgconfig PROMPT=$P$G PYTHONPATH=D:\a\pixi_rosdistro\pixi_rosdistro\install\Lib\site-packages ROS_AUTOMATIC_DISCOVERY_RANGE=SUBNET ROS_DOMAIN_ID=147 ROS_PYTHON_VERSION=3 D:\a\pixi_rosdistro\pixi_rosdistro\.pixi\envs\default\Library\bin\cmake.EXE D:\a\pixi_rosdistro\pixi_rosdistro\src\ros2\rcl_interfaces\type_description_interfaces -GNinja --no-warn-unused-cli -DCMAKE_BUILD_TYPE=Release -DCMAKE_BUILD_WITH_INSTALL_RPATH:bool=TRUE -DCMAKE_POLICY_VERSION_MINIMUM=3.5 -Wno-deprecated -DSTACK_DETAILS_AUTO_DETECT:bool=FALSE -DSTACK_DETAILS_BFD:bool=FALSE -DCMAKE_MSVC_DEBUG_INFORMATION_FORMAT=Embedded -DCMAKE_INSTALL_PREFIX=D:\a\pixi_rosdistro\pixi_rosdistro\install
[12.500s] Not searching for unused variables given on the command line.
[12.500s] -- The C compiler identification is MSVC 19.44.35225.0
[12.766s] -- The CXX compiler identification is MSVC 19.44.35225.0
[12.797s] -- Detecting C compiler ABI info
[13.391s] -- Detecting C compiler ABI info - done
[13.422s] -- Check for working C compiler: C:/Program Files/Microsoft Visual Studio/2022/Enterprise/VC/Tools/MSVC/14.44.35207/bin/Hostx64/x64/cl.exe - skipped
[13.422s] -- Detecting C compile features
[13.422s] -- Detecting C compile features - done
[13.422s] -- Detecting CXX compiler ABI info
[14.031s] -- Detecting CXX compiler ABI info - done
[14.047s] -- Check for working CXX compiler: C:/Program Files/Microsoft Visual Studio/2022/Enterprise/VC/Tools/MSVC/14.44.35207/bin/Hostx64/x64/cl.exe - skipped
[14.047s] -- Detecting CXX compile features
[14.062s] -- Detecting CXX compile features - done
[14.062s] -- Found ament_cmake: 2.8.6 (D:/a/pixi_rosdistro/pixi_rosdistro/install/share/ament_cmake/cmake)
[14.781s] -- Found rosidl_core_generators: 0.4.1 (D:/a/pixi_rosdistro/pixi_rosdistro/install/share/rosidl_core_generators/cmake)
[14.797s] -- Using all available rosidl_typesupport_c: rosidl_typesupport_fastrtps_c;rosidl_typesupport_introspection_c
[14.906s] -- Using all available rosidl_typesupport_cpp: rosidl_typesupport_fastrtps_cpp;rosidl_typesupport_introspection_cpp
[15.031s] -- Found rosidl_adapter: 5.1.3 (D:/a/pixi_rosdistro/pixi_rosdistro/install/share/rosidl_adapter/cmake)
[15.687s] -- Found Python3: D:/a/pixi_rosdistro/pixi_rosdistro/.pixi/envs/default/python.exe (found version "3.12.13") found components: Interpreter
[17.000s] -- Found ament_cmake_cppcheck: 0.20.3 (D:/a/pixi_rosdistro/pixi_rosdistro/install/share/ament_cmake_cppcheck/cmake)
[17.016s] -- Found ament_cmake_cpplint: 0.20.3 (D:/a/pixi_rosdistro/pixi_rosdistro/install/share/ament_cmake_cpplint/cmake)
[17.031s] -- Found ament_cmake_uncrustify: 0.20.3 (D:/a/pixi_rosdistro/pixi_rosdistro/install/share/ament_cmake_uncrustify/cmake)
[17.031s] -- Found ament_cmake_ros_core: 0.15.6 (D:/a/pixi_rosdistro/pixi_rosdistro/install/share/ament_cmake_ros_core/cmake)
[18.078s] -- Using all available rosidl_typesupport_c: rosidl_typesupport_fastrtps_c;rosidl_typesupport_introspection_c
[19.641s] -- Using all available rosidl_typesupport_cpp: rosidl_typesupport_fastrtps_cpp;rosidl_typesupport_introspection_cpp
[20.891s] -- Found Python3: D:/a/pixi_rosdistro/pixi_rosdistro/.pixi/envs/default/python.exe (found version "3.12.13") found components: Interpreter Development NumPy Development.Module Development.Embed
[20.969s] -- Found ament_cmake_flake8: 0.20.3 (D:/a/pixi_rosdistro/pixi_rosdistro/install/share/ament_cmake_flake8/cmake)
[20.984s] -- Found ament_cmake_pep257: 0.20.3 (D:/a/pixi_rosdistro/pixi_rosdistro/install/share/ament_cmake_pep257/cmake)
[21.000s] -- Found ament_cmake_mypy: 0.20.3 (D:/a/pixi_rosdistro/pixi_rosdistro/install/share/ament_cmake_mypy/cmake)
[21.078s] -- Found Python3: D:/a/pixi_rosdistro/pixi_rosdistro/.pixi/envs/default/python.exe (found version "3.12.13") found components: Interpreter
[21.094s] -- Found ament_lint_auto: 0.20.3 (D:/a/pixi_rosdistro/pixi_rosdistro/install/share/ament_lint_auto/cmake)
[21.156s] -- Added test 'copyright' to check source files copyright and LICENSE
[21.156s] -- Added test 'lint_cmake' to check CMake code style
[21.172s] -- Added test 'xmllint' to check XML markup files
[21.187s] -- Configuring done (9.0s)
[21.312s] CMake Warning in CMakeLists.txt:
[21.312s]   The object file directory
[21.312s] 
[21.312s]     D:/a/pixi_rosdistro/pixi_rosdistro/build/type_description_interfaces/CMakeFiles/type_description_interfaces_s__rosidl_typesupport_introspection_c.dir/./
[21.312s] 
[21.312s]   has 152 characters.  The maximum full path to an object file is 250
[21.312s]   characters (see CMAKE_OBJECT_PATH_MAX).  Object file
[21.312s] 
[21.312s]     fa853fd906db0c12f7536282e51ea5b2/_type_description_interfaces_s.ep.rosidl_typesupport_introspection_c.c.obj
[21.312s] 
[21.312s]   cannot be safely placed under this directory.  The build may not work
[21.312s]   correctly.
[21.312s] 
[21.312s] 
[21.391s] -- Generating done (0.2s)
[21.469s] -- Build files have been written to: D:/a/pixi_rosdistro/pixi_rosdistro/build/type_description_interfaces
[21.484s] Invoked command in 'D:\a\pixi_rosdistro\pixi_rosdistro\build\type_description_interfaces' returned '0': AMENT_PREFIX_PATH=D:\a\pixi_rosdistro\pixi_rosdistro\install CMAKE_PREFIX_PATH=D:\a\pixi_rosdistro\pixi_rosdistro\install;D:\a\pixi_rosdistro\pixi_rosdistro\.pixi\envs\default\Library PATH=D:\a\pixi_rosdistro\pixi_rosdistro\install\Scripts;D:\a\pixi_rosdistro\pixi_rosdistro\install\bin;D:\a\pixi_rosdistro\pixi_rosdistro\install\opt\mimick_vendor\lib;%PATH% PIXI_PROMPT=(ros2_rolling) PKG_CONFIG_PATH=D:\a\pixi_rosdistro\pixi_rosdistro\install\lib\pkgconfig PROMPT=$P$G PYTHONPATH=D:\a\pixi_rosdistro\pixi_rosdistro\install\Lib\site-packages ROS_AUTOMATIC_DISCOVERY_RANGE=SUBNET ROS_DOMAIN_ID=147 ROS_PYTHON_VERSION=3 D:\a\pixi_rosdistro\pixi_rosdistro\.pixi\envs\default\Library\bin\cmake.EXE D:\a\pixi_rosdistro\pixi_rosdistro\src\ros2\rcl_interfaces\type_description_interfaces -GNinja --no-warn-unused-cli -DCMAKE_BUILD_TYPE=Release -DCMAKE_BUILD_WITH_INSTALL_RPATH:bool=TRUE -DCMAKE_POLICY_VERSION_MINIMUM=3.5 -Wno-deprecated -DSTACK_DETAILS_AUTO_DETECT:bool=FALSE -DSTACK_DETAILS_BFD:bool=FALSE -DCMAKE_MSVC_DEBUG_INFORMATION_FORMAT=Embedded -DCMAKE_INSTALL_PREFIX=D:\a\pixi_rosdistro\pixi_rosdistro\install
[21.500s] Invoking command in 'D:\a\pixi_rosdistro\pixi_rosdistro\build\type_description_interfaces': AMENT_PREFIX_PATH=D:\a\pixi_rosdistro\pixi_rosdistro\install CMAKE_PREFIX_PATH=D:\a\pixi_rosdistro\pixi_rosdistro\install;D:\a\pixi_rosdistro\pixi_rosdistro\.pixi\envs\default\Library PATH=D:\a\pixi_rosdistro\pixi_rosdistro\install\Scripts;D:\a\pixi_rosdistro\pixi_rosdistro\install\bin;D:\a\pixi_rosdistro\pixi_rosdistro\install\opt\mimick_vendor\lib;%PATH% PIXI_PROMPT=(ros2_rolling) PKG_CONFIG_PATH=D:\a\pixi_rosdistro\pixi_rosdistro\install\lib\pkgconfig PROMPT=$P$G PYTHONPATH=D:\a\pixi_rosdistro\pixi_rosdistro\install\Lib\site-packages ROS_AUTOMATIC_DISCOVERY_RANGE=SUBNET ROS_DOMAIN_ID=147 ROS_PYTHON_VERSION=3 D:\a\pixi_rosdistro\pixi_rosdistro\.pixi\envs\default\Library\bin\cmake.EXE --build D:\a\pixi_rosdistro\pixi_rosdistro\build\type_description_interfaces -- -j4 -l4
[24.547s] [1/97] Generating type hashes for ROS interfaces
[28.484s] [2/97] Generating C code for ROS interfaces
[28.687s] [3/97] Building C object CMakeFiles\type_description_interfaces__rosidl_generator_c.dir\rosidl_generator_c\type_description_interfaces\msg\detail\field__description.c.obj
[28.937s] [4/97] Building C object CMakeFiles\type_description_interfaces__rosidl_generator_c.dir\rosidl_generator_c\type_description_interfaces\msg\detail\field__functions.c.obj
[29.109s] [5/97] Building C object CMakeFiles\type_description_interfaces__rosidl_generator_c.dir\rosidl_generator_c\type_description_interfaces\msg\detail\field__type_support.c.obj
[29.328s] [6/97] Building C object CMakeFiles\type_description_interfaces__rosidl_generator_c.dir\rosidl_generator_c\type_description_interfaces\msg\detail\field_type__description.c.obj
[29.531s] [7/97] Building C object CMakeFiles\type_description_interfaces__rosidl_generator_c.dir\rosidl_generator_c\type_description_interfaces\msg\detail\field_type__functions.c.obj
[29.672s] [8/97] Building C object CMakeFiles\type_description_interfaces__rosidl_generator_c.dir\rosidl_generator_c\type_description_interfaces\msg\detail\field_type__type_support.c.obj
[29.891s] [9/97] Building C object CMakeFiles\type_description_interfaces__rosidl_generator_c.dir\rosidl_generator_c\type_description_interfaces\msg\detail\individual_type_description__description.c.obj
[30.062s] [10/97] Building C object CMakeFiles\type_description_interfaces__rosidl_generator_c.dir\rosidl_generator_c\type_description_interfaces\msg\detail\individual_type_description__functions.c.obj
[30.266s] [11/97] Building C object CMakeFiles\type_description_interfaces__rosidl_generator_c.dir\rosidl_generator_c\type_description_interfaces\msg\detail\individual_type_description__type_support.c.obj
[30.437s] [12/97] Building C object CMakeFiles\type_description_interfaces__rosidl_generator_c.dir\rosidl_generator_c\type_description_interfaces\msg\detail\key_value__description.c.obj
[30.594s] [13/97] Building C object CMakeFiles\type_description_interfaces__rosidl_generator_c.dir\rosidl_generator_c\type_description_interfaces\msg\detail\key_value__functions.c.obj
[30.750s] [14/97] Building C object CMakeFiles\type_description_interfaces__rosidl_generator_c.dir\rosidl_generator_c\type_description_interfaces\msg\detail\key_value__type_support.c.obj
[30.922s] [15/97] Building C object CMakeFiles\type_description_interfaces__rosidl_generator_c.dir\rosidl_generator_c\type_description_interfaces\msg\detail\type_description__description.c.obj
[31.109s] [16/97] Building C object CMakeFiles\type_description_interfaces__rosidl_generator_c.dir\rosidl_generator_c\type_description_interfaces\msg\detail\type_description__functions.c.obj
[31.297s] [17/97] Building C object CMakeFiles\type_description_interfaces__rosidl_generator_c.dir\rosidl_generator_c\type_description_interfaces\msg\detail\type_description__type_support.c.obj
[31.453s] [18/97] Building C object CMakeFiles\type_description_interfaces__rosidl_generator_c.dir\rosidl_generator_c\type_description_interfaces\msg\detail\type_source__description.c.obj
[31.641s] [19/97] Building C object CMakeFiles\type_description_interfaces__rosidl_generator_c.dir\rosidl_generator_c\type_description_interfaces\msg\detail\type_source__functions.c.obj
[31.812s] [20/97] Building C object CMakeFiles\type_description_interfaces__rosidl_generator_c.dir\rosidl_generator_c\type_description_interfaces\msg\detail\type_source__type_support.c.obj
[32.078s] [21/97] Building C object CMakeFiles\type_description_interfaces__rosidl_generator_c.dir\rosidl_generator_c\type_description_interfaces\srv\detail\get_type_description__description.c.obj
[32.266s] [22/97] Building C object CMakeFiles\type_description_interfaces__rosidl_generator_c.dir\rosidl_generator_c\type_description_interfaces\srv\detail\get_type_description__functions.c.obj
[32.422s] [23/97] Building C object CMakeFiles\type_description_interfaces__rosidl_generator_c.dir\rosidl_generator_c\type_description_interfaces\srv\detail\get_type_description__type_support.c.obj
[36.031s] [24/97] Generating C type support for eProsima Fast-RTPS
[39.562s] [25/97] Generating C introspection for ROS interfaces
[42.984s] [26/97] Generating C type support dispatch for ROS interfaces
[46.719s] [27/97] Generating C++ code for ROS interfaces
[50.562s] [28/97] Generating C++ type support for eProsima Fast-RTPS
[54.094s] [29/97] Generating C++ introspection for ROS interfaces
[57.375s] [30/97] Generating C++ type support dispatch for ROS interfaces
[57.516s] [31/97] Linking C shared library type_description_interfaces__rosidl_generator_c.dll
[57.937s] [32/97] Building CXX object CMakeFiles\type_description_interfaces__rosidl_typesupport_fastrtps_c.dir\rosidl_typesupport_fastrtps_c\type_description_interfaces\msg\detail\field__type_support_c.cpp.obj
[58.375s] [33/97] Building CXX object CMakeFiles\type_description_interfaces__rosidl_typesupport_fastrtps_c.dir\rosidl_typesupport_fastrtps_c\type_description_interfaces\msg\detail\field_type__type_support_c.cpp.obj
[58.859s] [34/97] Building CXX object CMakeFiles\type_description_interfaces__rosidl_typesupport_fastrtps_c.dir\c65e5f491cbae87b8b9f8f9a967f3747\msg\detail\individual_type_description__type_support_c.cpp.obj
[59.234s] [35/97] Building CXX object CMakeFiles\type_description_interfaces__rosidl_typesupport_fastrtps_c.dir\rosidl_typesupport_fastrtps_c\type_description_interfaces\msg\detail\key_value__type_support_c.cpp.obj
[59.672s] [36/97] Building CXX object CMakeFiles\type_description_interfaces__rosidl_typesupport_fastrtps_c.dir\c65e5f491cbae87b8b9f8f9a967f3747\msg\detail\type_description__type_support_c.cpp.obj
[60.141s] [37/97] Building CXX object CMakeFiles\type_description_interfaces__rosidl_typesupport_fastrtps_c.dir\rosidl_typesupport_fastrtps_c\type_description_interfaces\msg\detail\type_source__type_support_c.cpp.obj
[60.594s] [38/97] Building CXX object CMakeFiles\type_description_interfaces__rosidl_typesupport_fastrtps_c.dir\c65e5f491cbae87b8b9f8f9a967f3747\srv\detail\get_type_description__type_support_c.cpp.obj
[60.812s] [39/97] Building C object CMakeFiles\type_description_interfaces__rosidl_typesupport_introspection_c.dir\rosidl_typesupport_introspection_c\type_description_interfaces\msg\detail\field__type_support.c.obj
[61.016s] [40/97] Building C object CMakeFiles\type_description_interfaces__rosidl_typesupport_introspection_c.dir\8f3c17816905fe5098f4f85695c8413a\msg\detail\field_type__type_support.c.obj
[61.156s] [41/97] Building C object CMakeFiles\type_description_interfaces__rosidl_typesupport_introspection_c.dir\8f3c17816905fe5098f4f85695c8413a\msg\detail\individual_type_description__type_support.c.obj
[61.344s] [42/97] Building C object CMakeFiles\type_description_interfaces__rosidl_typesupport_introspection_c.dir\8f3c17816905fe5098f4f85695c8413a\msg\detail\key_value__type_support.c.obj
[61.578s] [43/97] Building C object CMakeFiles\type_description_interfaces__rosidl_typesupport_introspection_c.dir\8f3c17816905fe5098f4f85695c8413a\msg\detail\type_description__type_support.c.obj
[61.719s] [44/97] Building C object CMakeFiles\type_description_interfaces__rosidl_typesupport_introspection_c.dir\8f3c17816905fe5098f4f85695c8413a\msg\detail\type_source__type_support.c.obj
[61.891s] [45/97] Building C object CMakeFiles\type_description_interfaces__rosidl_typesupport_introspection_c.dir\8f3c17816905fe5098f4f85695c8413a\srv\detail\get_type_description__type_support.c.obj
[62.047s] [46/97] Building CXX object CMakeFiles\type_description_interfaces__rosidl_typesupport_c.dir\rosidl_typesupport_c\type_description_interfaces\msg\field__type_support.cpp.obj
[62.234s] [47/97] Building CXX object CMakeFiles\type_description_interfaces__rosidl_typesupport_c.dir\rosidl_typesupport_c\type_description_interfaces\msg\field_type__type_support.cpp.obj
[62.453s] [48/97] Building CXX object CMakeFiles\type_description_interfaces__rosidl_typesupport_c.dir\rosidl_typesupport_c\type_description_interfaces\msg\individual_type_description__type_support.cpp.obj
[62.625s] [49/97] Building CXX object CMakeFiles\type_description_interfaces__rosidl_typesupport_c.dir\rosidl_typesupport_c\type_description_interfaces\msg\key_value__type_support.cpp.obj
[62.797s] [50/97] Building CXX object CMakeFiles\type_description_interfaces__rosidl_typesupport_c.dir\rosidl_typesupport_c\type_description_interfaces\msg\type_description__type_support.cpp.obj
[62.984s] [51/97] Building CXX object CMakeFiles\type_description_interfaces__rosidl_typesupport_c.dir\rosidl_typesupport_c\type_description_interfaces\msg\type_source__type_support.cpp.obj
[63.172s] [52/97] Building CXX object CMakeFiles\type_description_interfaces__rosidl_typesupport_c.dir\rosidl_typesupport_c\type_description_interfaces\srv\get_type_description__type_support.cpp.obj
[63.594s] [53/97] Building CXX object CMakeFiles\type_description_interfaces__rosidl_typesupport_fastrtps_cpp.dir\3494849f8642fa37c1b095089ae4c2cc\msg\detail\dds_fastrtps\field__type_support.cpp.obj
[64.000s] [54/97] Building CXX object CMakeFiles\type_description_interfaces__rosidl_typesupport_fastrtps_cpp.dir\3494849f8642fa37c1b095089ae4c2cc\msg\detail\dds_fastrtps\field_type__type_support.cpp.obj
[64.437s] [55/97] Building CXX object CMakeFiles\type_description_interfaces__rosidl_typesupport_fastrtps_cpp.dir\3d8836b008a80a4faf5854b054ed5ad6\detail\dds_fastrtps\individual_type_description__type_support.cpp.obj
[64.891s] [56/97] Building CXX object CMakeFiles\type_description_interfaces__rosidl_typesupport_fastrtps_cpp.dir\3494849f8642fa37c1b095089ae4c2cc\msg\detail\dds_fastrtps\key_value__type_support.cpp.obj
[65.312s] [57/97] Building CXX object CMakeFiles\type_description_interfaces__rosidl_typesupport_fastrtps_cpp.dir\3494849f8642fa37c1b095089ae4c2cc\msg\detail\dds_fastrtps\type_description__type_support.cpp.obj
[65.750s] [58/97] Building CXX object CMakeFiles\type_description_interfaces__rosidl_typesupport_fastrtps_cpp.dir\3494849f8642fa37c1b095089ae4c2cc\msg\detail\dds_fastrtps\type_source__type_support.cpp.obj
[66.234s] [59/97] Building CXX object CMakeFiles\type_description_interfaces__rosidl_typesupport_fastrtps_cpp.dir\3494849f8642fa37c1b095089ae4c2cc\srv\detail\dds_fastrtps\get_type_description__type_support.cpp.obj
[66.594s] [60/97] Building CXX object CMakeFiles\type_description_interfaces__rosidl_typesupport_introspection_cpp.dir\ad4c671fc8190d5a88710e2795f1b14e\msg\detail\field__type_support.cpp.obj
[66.969s] [61/97] Building CXX object CMakeFiles\type_description_interfaces__rosidl_typesupport_introspection_cpp.dir\ad4c671fc8190d5a88710e2795f1b14e\msg\detail\field_type__type_support.cpp.obj
[67.344s] [62/97] Building CXX object CMakeFiles\type_description_interfaces__rosidl_typesupport_introspection_cpp.dir\ad4c671fc8190d5a88710e2795f1b14e\msg\detail\individual_type_description__type_support.cpp.obj
[67.750s] [63/97] Building CXX object CMakeFiles\type_description_interfaces__rosidl_typesupport_introspection_cpp.dir\ad4c671fc8190d5a88710e2795f1b14e\msg\detail\key_value__type_support.cpp.obj
[68.109s] [64/97] Building CXX object CMakeFiles\type_description_interfaces__rosidl_typesupport_introspection_cpp.dir\ad4c671fc8190d5a88710e2795f1b14e\msg\detail\type_description__type_support.cpp.obj
[68.500s] [65/97] Building CXX object CMakeFiles\type_description_interfaces__rosidl_typesupport_introspection_cpp.dir\ad4c671fc8190d5a88710e2795f1b14e\msg\detail\type_source__type_support.cpp.obj
[68.937s] [66/97] Building CXX object CMakeFiles\type_description_interfaces__rosidl_typesupport_introspection_cpp.dir\ad4c671fc8190d5a88710e2795f1b14e\srv\detail\get_type_description__type_support.cpp.obj
[69.312s] [67/97] Building CXX object CMakeFiles\type_description_interfaces__rosidl_typesupport_cpp.dir\rosidl_typesupport_cpp\type_description_interfaces\msg\field__type_support.cpp.obj
[69.672s] [68/97] Building CXX object CMakeFiles\type_description_interfaces__rosidl_typesupport_cpp.dir\rosidl_typesupport_cpp\type_description_interfaces\msg\field_type__type_support.cpp.obj
[70.062s] [69/97] Building CXX object CMakeFiles\type_description_interfaces__rosidl_typesupport_cpp.dir\rosidl_typesupport_cpp\type_description_interfaces\msg\individual_type_description__type_support.cpp.obj
[70.437s] [70/97] Building CXX object CMakeFiles\type_description_interfaces__rosidl_typesupport_cpp.dir\rosidl_typesupport_cpp\type_description_interfaces\msg\key_value__type_support.cpp.obj
[70.828s] [71/97] Building CXX object CMakeFiles\type_description_interfaces__rosidl_typesupport_cpp.dir\rosidl_typesupport_cpp\type_description_interfaces\msg\type_description__type_support.cpp.obj
[71.219s] [72/97] Building CXX object CMakeFiles\type_description_interfaces__rosidl_typesupport_cpp.dir\rosidl_typesupport_cpp\type_description_interfaces\msg\type_source__type_support.cpp.obj
[71.578s] [73/97] Building CXX object CMakeFiles\type_description_interfaces__rosidl_typesupport_cpp.dir\rosidl_typesupport_cpp\type_description_interfaces\srv\get_type_description__type_support.cpp.obj
[71.766s] [74/97] Linking CXX shared library type_description_interfaces__rosidl_typesupport_fastrtps_c.dll
[71.922s] [75/97] Linking C shared library type_description_interfaces__rosidl_typesupport_introspection_c.dll
[72.062s] [76/97] Linking CXX shared library type_description_interfaces__rosidl_typesupport_c.dll
[72.219s] [77/97] Linking CXX shared library type_description_interfaces__rosidl_typesupport_fastrtps_cpp.dll
[72.375s] [78/97] Linking CXX shared library type_description_interfaces__rosidl_typesupport_introspection_cpp.dll
[72.531s] [79/97] Linking CXX shared library type_description_interfaces__rosidl_typesupport_cpp.dll
[79.766s] [80/97] Generating Python code for ROS interfaces
[83.000s] [81/97] Generating Rust code for ROS interfaces
[83.312s] [82/97] Building C object CMakeFiles\type_description_interfaces__rosidl_generator_py.dir\rosidl_generator_py\type_description_interfaces\msg\_field_s.c.obj
[83.625s] [83/97] Building C object CMakeFiles\type_description_interfaces__rosidl_generator_py.dir\rosidl_generator_py\type_description_interfaces\msg\_field_type_s.c.obj
[83.906s] [84/97] Building C object CMakeFiles\type_description_interfaces__rosidl_generator_py.dir\rosidl_generator_py\type_description_interfaces\msg\_individual_type_description_s.c.obj
[84.219s] [85/97] Building C object CMakeFiles\type_description_interfaces__rosidl_generator_py.dir\rosidl_generator_py\type_description_interfaces\msg\_key_value_s.c.obj
[84.578s] [86/97] Building C object CMakeFiles\type_description_interfaces__rosidl_generator_py.dir\rosidl_generator_py\type_description_interfaces\msg\_type_description_s.c.obj
[84.891s] [87/97] Building C object CMakeFiles\type_description_interfaces__rosidl_generator_py.dir\rosidl_generator_py\type_description_interfaces\msg\_type_source_s.c.obj
[85.203s] [88/97] Building C object CMakeFiles\type_description_interfaces__rosidl_generator_py.dir\rosidl_generator_py\type_description_interfaces\srv\_get_type_description_s.c.obj
[85.344s] [89/97] Linking C shared library type_description_interfaces__rosidl_generator_py.dll
[85.687s] [90/97] Building C object CMakeFiles\type_description_interfaces_s__rosidl_typesupport_fastrtps_c.dir\fa853fd906db0c12f7536282e51ea5b2\_type_description_interfaces_s.ep.rosidl_typesupport_fastrtps_c.c.obj
[86.062s] [91/97] Building C object CMakeFiles\type_description_interfaces_s__rosidl_typesupport_introspection_c.dir\fa853fd906db0c12f7536282e51ea5b2\_type_description_interfaces_s.ep.rosidl_typesupport_introspection_c.c.obj
[86.359s] [92/97] Building C object CMakeFiles\type_description_interfaces_s__rosidl_typesupport_c.dir\rosidl_generator_py\type_description_interfaces\_type_description_interfaces_s.ep.rosidl_typesupport_c.c.obj
[86.422s] [93/97] C:\Windows\system32\cmd.exe /C "cd /D D:\a\pixi_rosdistro\pixi_rosdistro\build\type_description_interfaces && D:\a\pixi_rosdistro\pixi_rosdistro\.pixi\envs\default\Library\bin\cmake.exe -E copy_directory D:/a/pixi_rosdistro/pixi_rosdistro/build/type_description_interfaces/rosidl_generator_py/type_description_interfaces D:/a/pixi_rosdistro/pixi_rosdistro/build/type_description_interfaces/ament_cmake_python/type_description_interfaces/type_description_interfaces"
[86.578s] [94/97] Linking C shared module rosidl_generator_py\type_description_interfaces\type_description_interfaces_s__rosidl_typesupport_fastrtps_c.pyd
[86.734s] [95/97] Linking C shared module rosidl_generator_py\type_description_interfaces\type_description_interfaces_s__rosidl_typesupport_introspection_c.pyd
[86.891s] [96/97] Linking C shared module rosidl_generator_py\type_description_interfaces\type_description_interfaces_s__rosidl_typesupport_c.pyd
[87.625s] [97/97] C:\Windows\system32\cmd.exe /C "cd /D D:\a\pixi_rosdistro\pixi_rosdistro\build\type_description_interfaces\ament_cmake_python\type_description_interfaces && D:\a\pixi_rosdistro\pixi_rosdistro\.pixi\envs\default\python.exe setup.py egg_info"
[87.625s] running egg_info
[87.625s] creating type_description_interfaces.egg-info
[87.625s] writing type_description_interfaces.egg-info\PKG-INFO
[87.625s] writing dependency_links to type_description_interfaces.egg-info\dependency_links.txt
[87.625s] writing top-level names to type_description_interfaces.egg-info\top_level.txt
[87.625s] writing manifest file 'type_description_interfaces.egg-info\SOURCES.txt'
[87.625s] reading manifest file 'type_description_interfaces.egg-info\SOURCES.txt'
[87.625s] writing manifest file 'type_description_interfaces.egg-info\SOURCES.txt'
[87.641s] Invoked command in 'D:\a\pixi_rosdistro\pixi_rosdistro\build\type_description_interfaces' returned '0': AMENT_PREFIX_PATH=D:\a\pixi_rosdistro\pixi_rosdistro\install CMAKE_PREFIX_PATH=D:\a\pixi_rosdistro\pixi_rosdistro\install;D:\a\pixi_rosdistro\pixi_rosdistro\.pixi\envs\default\Library PATH=D:\a\pixi_rosdistro\pixi_rosdistro\install\Scripts;D:\a\pixi_rosdistro\pixi_rosdistro\install\bin;D:\a\pixi_rosdistro\pixi_rosdistro\install\opt\mimick_vendor\lib;%PATH% PIXI_PROMPT=(ros2_rolling) PKG_CONFIG_PATH=D:\a\pixi_rosdistro\pixi_rosdistro\install\lib\pkgconfig PROMPT=$P$G PYTHONPATH=D:\a\pixi_rosdistro\pixi_rosdistro\install\Lib\site-packages ROS_AUTOMATIC_DISCOVERY_RANGE=SUBNET ROS_DOMAIN_ID=147 ROS_PYTHON_VERSION=3 D:\a\pixi_rosdistro\pixi_rosdistro\.pixi\envs\default\Library\bin\cmake.EXE --build D:\a\pixi_rosdistro\pixi_rosdistro\build\type_description_interfaces -- -j4 -l4
[87.656s] Invoking command in 'D:\a\pixi_rosdistro\pixi_rosdistro\build\type_description_interfaces': AMENT_PREFIX_PATH=D:\a\pixi_rosdistro\pixi_rosdistro\install CMAKE_PREFIX_PATH=D:\a\pixi_rosdistro\pixi_rosdistro\install;D:\a\pixi_rosdistro\pixi_rosdistro\.pixi\envs\default\Library PATH=D:\a\pixi_rosdistro\pixi_rosdistro\install\Scripts;D:\a\pixi_rosdistro\pixi_rosdistro\install\bin;D:\a\pixi_rosdistro\pixi_rosdistro\install\opt\mimick_vendor\lib;%PATH% PIXI_PROMPT=(ros2_rolling) PKG_CONFIG_PATH=D:\a\pixi_rosdistro\pixi_rosdistro\install\lib\pkgconfig PROMPT=$P$G PYTHONPATH=D:\a\pixi_rosdistro\pixi_rosdistro\install\Lib\site-packages ROS_AUTOMATIC_DISCOVERY_RANGE=SUBNET ROS_DOMAIN_ID=147 ROS_PYTHON_VERSION=3 D:\a\pixi_rosdistro\pixi_rosdistro\.pixi\envs\default\Library\bin\cmake.EXE --install D:\a\pixi_rosdistro\pixi_rosdistro\build\type_description_interfaces
[87.703s] -- Install configuration: "Release"
[87.703s] -- Installing: D:/a/pixi_rosdistro/pixi_rosdistro/install/share/ament_index/resource_index/rosidl_interfaces/type_description_interfaces
[87.703s] -- Installing: D:/a/pixi_rosdistro/pixi_rosdistro/install/share/type_description_interfaces/msg/Field.json
[87.703s] -- Installing: D:/a/pixi_rosdistro/pixi_rosdistro/install/share/type_description_interfaces/msg/FieldType.json
[87.703s] -- Installing: D:/a/pixi_rosdistro/pixi_rosdistro/install/share/type_description_interfaces/msg/IndividualTypeDescription.json
[87.703s] -- Installing: D:/a/pixi_rosdistro/pixi_rosdistro/install/share/type_description_interfaces/msg/KeyValue.json
[87.703s] -- Installing: D:/a/pixi_rosdistro/pixi_rosdistro/install/share/type_description_interfaces/msg/TypeDescription.json
[87.703s] -- Installing: D:/a/pixi_rosdistro/pixi_rosdistro/install/share/type_description_interfaces/msg/TypeSource.json
[87.703s] -- Installing: D:/a/pixi_rosdistro/pixi_rosdistro/install/share/type_description_interfaces/srv/GetTypeDescription.json
[87.703s] -- Installing: D:/a/pixi_rosdistro/pixi_rosdistro/install/include/type_description_interfaces/type_description_interfaces
[87.703s] -- Installing: D:/a/pixi_rosdistro/pixi_rosdistro/install/include/type_description_interfaces/type_description_interfaces/msg
[87.703s] -- Installing: D:/a/pixi_rosdistro/pixi_rosdistro/install/include/type_description_interfaces/type_description_interfaces/msg/detail
[87.703s] -- Installing: D:/a/pixi_rosdistro/pixi_rosdistro/install/include/type_description_interfaces/type_description_interfaces/msg/detail/field_type__description.c
[87.703s] -- Installing: D:/a/pixi_rosdistro/pixi_rosdistro/install/include/type_description_interfaces/type_description_interfaces/msg/detail/field_type__functions.c
[87.703s] -- Installing: D:/a/pixi_rosdistro/pixi_rosdistro/install/include/type_description_interfaces/type_description_interfaces/msg/detail/field_type__functions.h
[87.719s] -- Installing: D:/a/pixi_rosdistro/pixi_rosdistro/install/include/type_description_interfaces/type_description_interfaces/msg/detail/field_type__struct.h
[87.719s] -- Installing: D:/a/pixi_rosdistro/pixi_rosdistro/install/include/type_description_interfaces/type_description_interfaces/msg/detail/field_type__type_support.c
[87.719s] -- Installing: D:/a/pixi_rosdistro/pixi_rosdistro/install/include/type_description_interfaces/type_description_interfaces/msg/detail/field_type__type_support.h
[87.719s] -- Installing: D:/a/pixi_rosdistro/pixi_rosdistro/install/include/type_description_interfaces/type_description_interfaces/msg/detail/field__description.c
[87.719s] -- Installing: D:/a/pixi_rosdistro/pixi_rosdistro/install/include/type_description_interfaces/type_description_interfaces/msg/detail/field__functions.c
[87.719s] -- Installing: D:/a/pixi_rosdistro/pixi_rosdistro/install/include/type_description_interfaces/type_description_interfaces/msg/detail/field__functions.h
[87.719s] -- Installing: D:/a/pixi_rosdistro/pixi_rosdistro/install/include/type_description_interfaces/type_description_interfaces/msg/detail/field__struct.h
[87.719s] -- Installing: D:/a/pixi_rosdistro/pixi_rosdistro/install/include/type_description_interfaces/type_description_interfaces/msg/detail/field__type_support.c
[87.719s] -- Installing: D:/a/pixi_rosdistro/pixi_rosdistro/install/include/type_description_interfaces/type_description_interfaces/msg/detail/field__type_support.h
[87.719s] -- Installing: D:/a/pixi_rosdistro/pixi_rosdistro/install/include/type_description_interfaces/type_description_interfaces/msg/detail/individual_type_description__description.c
[87.719s] -- Installing: D:/a/pixi_rosdistro/pixi_rosdistro/install/include/type_description_interfaces/type_description_interfaces/msg/detail/individual_type_description__functions.c
[87.719s] -- Installing: D:/a/pixi_rosdistro/pixi_rosdistro/install/include/type_description_interfaces/type_description_interfaces/msg/detail/individual_type_description__functions.h
[87.719s] -- Installing: D:/a/pixi_rosdistro/pixi_rosdistro/install/include/type_description_interfaces/type_description_interfaces/msg/detail/individual_type_description__struct.h
[87.719s] -- Installing: D:/a/pixi_rosdistro/pixi_rosdistro/install/include/type_description_interfaces/type_description_interfaces/msg/detail/individual_type_description__type_support.c
[87.719s] -- Installing: D:/a/pixi_rosdistro/pixi_rosdistro/install/include/type_description_interfaces/type_description_interfaces/msg/detail/individual_type_description__type_support.h
[87.719s] -- Installing: D:/a/pixi_rosdistro/pixi_rosdistro/install/include/type_description_interfaces/type_description_interfaces/msg/detail/key_value__description.c
[87.719s] -- Installing: D:/a/pixi_rosdistro/pixi_rosdistro/install/include/type_description_interfaces/type_description_interfaces/msg/detail/key_value__functions.c
[87.734s] -- Installing: D:/a/pixi_rosdistro/pixi_rosdistro/install/include/type_description_interfaces/type_description_interfaces/msg/detail/key_value__functions.h
[87.734s] -- Installing: D:/a/pixi_rosdistro/pixi_rosdistro/install/include/type_description_interfaces/type_description_interfaces/msg/detail/key_value__struct.h
[87.734s] -- Installing: D:/a/pixi_rosdistro/pixi_rosdistro/install/include/type_description_interfaces/type_description_interfaces/msg/detail/key_value__type_support.c
[87.734s] -- Installing: D:/a/pixi_rosdistro/pixi_rosdistro/install/include/type_description_interfaces/type_description_interfaces/msg/detail/key_value__type_support.h
[87.734s] -- Installing: D:/a/pixi_rosdistro/pixi_rosdistro/install/include/type_description_interfaces/type_description_interfaces/msg/detail/type_description__description.c
[87.734s] -- Installing: D:/a/pixi_rosdistro/pixi_rosdistro/install/include/type_description_interfaces/type_description_interfaces/msg/detail/type_description__functions.c
[87.734s] -- Installing: D:/a/pixi_rosdistro/pixi_rosdistro/install/include/type_description_interfaces/type_description_interfaces/msg/detail/type_description__functions.h
[87.734s] -- Installing: D:/a/pixi_rosdistro/pixi_rosdistro/install/include/type_description_interfaces/type_description_interfaces/msg/detail/type_description__struct.h
[87.734s] -- Installing: D:/a/pixi_rosdistro/pixi_rosdistro/install/include/type_description_interfaces/type_description_interfaces/msg/detail/type_description__type_support.c
[87.734s] -- Installing: D:/a/pixi_rosdistro/pixi_rosdistro/install/include/type_description_interfaces/type_description_interfaces/msg/detail/type_description__type_support.h
[87.734s] -- Installing: D:/a/pixi_rosdistro/pixi_rosdistro/install/include/type_description_interfaces/type_description_interfaces/msg/detail/type_source__description.c
[87.734s] -- Installing: D:/a/pixi_rosdistro/pixi_rosdistro/install/include/type_description_interfaces/type_description_interfaces/msg/detail/type_source__functions.c
[87.734s] -- Installing: D:/a/pixi_rosdistro/pixi_rosdistro/install/include/type_description_interfaces/type_description_interfaces/msg/detail/type_source__functions.h
[87.734s] -- Installing: D:/a/pixi_rosdistro/pixi_rosdistro/install/include/type_description_interfaces/type_description_interfaces/msg/detail/type_source__struct.h
[87.734s] -- Installing: D:/a/pixi_rosdistro/pixi_rosdistro/install/include/type_description_interfaces/type_description_interfaces/msg/detail/type_source__type_support.c
[87.734s] -- Installing: D:/a/pixi_rosdistro/pixi_rosdistro/install/include/type_description_interfaces/type_description_interfaces/msg/detail/type_source__type_support.h
[87.734s] -- Installing: D:/a/pixi_rosdistro/pixi_rosdistro/install/include/type_description_interfaces/type_description_interfaces/msg/field.h
[87.750s] -- Installing: D:/a/pixi_rosdistro/pixi_rosdistro/install/include/type_description_interfaces/type_description_interfaces/msg/field_type.h
[87.750s] -- Installing: D:/a/pixi_rosdistro/pixi_rosdistro/install/include/type_description_interfaces/type_description_interfaces/msg/individual_type_description.h
[87.750s] -- Installing: D:/a/pixi_rosdistro/pixi_rosdistro/install/include/type_description_interfaces/type_description_interfaces/msg/key_value.h
[87.750s] -- Installing: D:/a/pixi_rosdistro/pixi_rosdistro/install/include/type_description_interfaces/type_description_interfaces/msg/rosidl_generator_c__visibility_control.h
[87.750s] -- Installing: D:/a/pixi_rosdistro/pixi_rosdistro/install/include/type_description_interfaces/type_description_interfaces/msg/type_description.h
[87.750s] -- Installing: D:/a/pixi_rosdistro/pixi_rosdistro/install/include/type_description_interfaces/type_description_interfaces/msg/type_source.h
[87.750s] -- Installing: D:/a/pixi_rosdistro/pixi_rosdistro/install/include/type_description_interfaces/type_description_interfaces/srv
[87.750s] -- Installing: D:/a/pixi_rosdistro/pixi_rosdistro/install/include/type_description_interfaces/type_description_interfaces/srv/detail
[87.750s] -- Installing: D:/a/pixi_rosdistro/pixi_rosdistro/install/include/type_description_interfaces/type_description_interfaces/srv/detail/get_type_description__description.c
[87.750s] -- Installing: D:/a/pixi_rosdistro/pixi_rosdistro/install/include/type_description_interfaces/type_description_interfaces/srv/detail/get_type_description__functions.c
[87.750s] -- Installing: D:/a/pixi_rosdistro/pixi_rosdistro/install/include/type_description_interfaces/type_description_interfaces/srv/detail/get_type_description__functions.h
[87.750s] -- Installing: D:/a/pixi_rosdistro/pixi_rosdistro/install/include/type_description_interfaces/type_description_interfaces/srv/detail/get_type_description__struct.h
[87.750s] -- Installing: D:/a/pixi_rosdistro/pixi_rosdistro/install/include/type_description_interfaces/type_description_interfaces/srv/detail/get_type_description__type_support.c
[87.750s] -- Installing: D:/a/pixi_rosdistro/pixi_rosdistro/install/include/type_description_interfaces/type_description_interfaces/srv/detail/get_type_description__type_support.h
[87.766s] -- Installing: D:/a/pixi_rosdistro/pixi_rosdistro/install/include/type_description_interfaces/type_description_interfaces/srv/get_type_description.h
[87.766s] -- Installing: D:/a/pixi_rosdistro/pixi_rosdistro/install/lib/type_description_interfaces__rosidl_generator_c.lib
[87.766s] -- Installing: D:/a/pixi_rosdistro/pixi_rosdistro/install/bin/type_description_interfaces__rosidl_generator_c.dll
[87.766s] -- Up-to-date: D:/a/pixi_rosdistro/pixi_rosdistro/install/include/type_description_interfaces/type_description_interfaces
[87.766s] -- Up-to-date: D:/a/pixi_rosdistro/pixi_rosdistro/install/include/type_description_interfaces/type_description_interfaces/msg
[87.766s] -- Up-to-date: D:/a/pixi_rosdistro/pixi_rosdistro/install/include/type_description_interfaces/type_description_interfaces/msg/detail
[87.766s] -- Installing: D:/a/pixi_rosdistro/pixi_rosdistro/install/include/type_description_interfaces/type_description_interfaces/msg/detail/field_type__rosidl_typesupport_fastrtps_c.h
[87.766s] -- Installing: D:/a/pixi_rosdistro/pixi_rosdistro/install/include/type_description_interfaces/type_description_interfaces/msg/detail/field__rosidl_typesupport_fastrtps_c.h
[87.766s] -- Installing: D:/a/pixi_rosdistro/pixi_rosdistro/install/include/type_description_interfaces/type_description_interfaces/msg/detail/individual_type_description__rosidl_typesupport_fastrtps_c.h
[87.766s] -- Installing: D:/a/pixi_rosdistro/pixi_rosdistro/install/include/type_description_interfaces/type_description_interfaces/msg/detail/key_value__rosidl_typesupport_fastrtps_c.h
[87.766s] -- Installing: D:/a/pixi_rosdistro/pixi_rosdistro/install/include/type_description_interfaces/type_description_interfaces/msg/detail/type_description__rosidl_typesupport_fastrtps_c.h
[87.766s] -- Installing: D:/a/pixi_rosdistro/pixi_rosdistro/install/include/type_description_interfaces/type_description_interfaces/msg/detail/type_source__rosidl_typesupport_fastrtps_c.h
[87.766s] -- Installing: D:/a/pixi_rosdistro/pixi_rosdistro/install/include/type_description_interfaces/type_description_interfaces/msg/rosidl_typesupport_fastrtps_c__visibility_control.h
[87.781s] -- Up-to-date: D:/a/pixi_rosdistro/pixi_rosdistro/install/include/type_description_interfaces/type_description_interfaces/srv
[87.781s] -- Up-to-date: D:/a/pixi_rosdistro/pixi_rosdistro/install/include/type_description_interfaces/type_description_interfaces/srv/detail
[87.781s] -- Installing: D:/a/pixi_rosdistro/pixi_rosdistro/install/include/type_description_interfaces/type_description_interfaces/srv/detail/get_type_description__rosidl_typesupport_fastrtps_c.h
[87.781s] -- Installing: D:/a/pixi_rosdistro/pixi_rosdistro/install/lib/type_description_interfaces__rosidl_typesupport_fastrtps_c.lib
[87.781s] -- Installing: D:/a/pixi_rosdistro/pixi_rosdistro/install/bin/type_description_interfaces__rosidl_typesupport_fastrtps_c.dll
[87.781s] -- Up-to-date: D:/a/pixi_rosdistro/pixi_rosdistro/install/include/type_description_interfaces/type_description_interfaces
[87.781s] -- Up-to-date: D:/a/pixi_rosdistro/pixi_rosdistro/install/include/type_description_interfaces/type_description_interfaces/msg
[87.781s] -- Up-to-date: D:/a/pixi_rosdistro/pixi_rosdistro/install/include/type_description_interfaces/type_description_interfaces/msg/detail
[87.781s] -- Installing: D:/a/pixi_rosdistro/pixi_rosdistro/install/include/type_description_interfaces/type_description_interfaces/msg/detail/field_type__rosidl_typesupport_introspection_c.h
[87.781s] -- Installing: D:/a/pixi_rosdistro/pixi_rosdistro/install/include/type_description_interfaces/type_description_interfaces/msg/detail/field_type__type_support.c
[87.781s] -- Installing: D:/a/pixi_rosdistro/pixi_rosdistro/install/include/type_description_interfaces/type_description_interfaces/msg/detail/field__rosidl_typesupport_introspection_c.h
[87.781s] -- Installing: D:/a/pixi_rosdistro/pixi_rosdistro/install/include/type_description_interfaces/type_description_interfaces/msg/detail/field__type_support.c
[87.781s] -- Installing: D:/a/pixi_rosdistro/pixi_rosdistro/install/include/type_description_interfaces/type_description_interfaces/msg/detail/individual_type_description__rosidl_typesupport_introspection_c.h
[87.781s] -- Installing: D:/a/pixi_rosdistro/pixi_rosdistro/install/include/type_description_interfaces/type_description_interfaces/msg/detail/individual_type_description__type_support.c
[87.781s] -- Installing: D:/a/pixi_rosdistro/pixi_rosdistro/install/include/type_description_interfaces/type_description_interfaces/msg/detail/key_value__rosidl_typesupport_introspection_c.h
[87.781s] -- Installing: D:/a/pixi_rosdistro/pixi_rosdistro/install/include/type_description_interfaces/type_description_interfaces/msg/detail/key_value__type_support.c
[87.797s] -- Installing: D:/a/pixi_rosdistro/pixi_rosdistro/install/include/type_description_interfaces/type_description_interfaces/msg/detail/type_description__rosidl_typesupport_introspection_c.h
[87.797s] -- Installing: D:/a/pixi_rosdistro/pixi_rosdistro/install/include/type_description_interfaces/type_description_interfaces/msg/detail/type_description__type_support.c
[87.797s] -- Installing: D:/a/pixi_rosdistro/pixi_rosdistro/install/include/type_description_interfaces/type_description_interfaces/msg/detail/type_source__rosidl_typesupport_introspection_c.h
[87.797s] -- Installing: D:/a/pixi_rosdistro/pixi_rosdistro/install/include/type_description_interfaces/type_description_interfaces/msg/detail/type_source__type_support.c
[87.797s] -- Installing: D:/a/pixi_rosdistro/pixi_rosdistro/install/include/type_description_interfaces/type_description_interfaces/msg/rosidl_typesupport_introspection_c__visibility_control.h
[87.797s] -- Up-to-date: D:/a/pixi_rosdistro/pixi_rosdistro/install/include/type_description_interfaces/type_description_interfaces/srv
[87.797s] -- Up-to-date: D:/a/pixi_rosdistro/pixi_rosdistro/install/include/type_description_interfaces/type_description_interfaces/srv/detail
[87.797s] -- Installing: D:/a/pixi_rosdistro/pixi_rosdistro/install/include/type_description_interfaces/type_description_interfaces/srv/detail/get_type_description__rosidl_typesupport_introspection_c.h
[87.797s] -- Installing: D:/a/pixi_rosdistro/pixi_rosdistro/install/include/type_description_interfaces/type_description_interfaces/srv/detail/get_type_description__type_support.c
[87.797s] -- Installing: D:/a/pixi_rosdistro/pixi_rosdistro/install/lib/type_description_interfaces__rosidl_typesupport_introspection_c.lib
[87.797s] -- Installing: D:/a/pixi_rosdistro/pixi_rosdistro/install/bin/type_description_interfaces__rosidl_typesupport_introspection_c.dll
[87.797s] -- Installing: D:/a/pixi_rosdistro/pixi_rosdistro/install/lib/type_description_interfaces__rosidl_typesupport_c.lib
[87.797s] -- Installing: D:/a/pixi_rosdistro/pixi_rosdistro/install/bin/type_description_interfaces__rosidl_typesupport_c.dll
[87.797s] -- Up-to-date: D:/a/pixi_rosdistro/pixi_rosdistro/install/include/type_description_interfaces/type_description_interfaces
[87.797s] -- Up-to-date: D:/a/pixi_rosdistro/pixi_rosdistro/install/include/type_description_interfaces/type_description_interfaces/msg
[87.812s] -- Up-to-date: D:/a/pixi_rosdistro/pixi_rosdistro/install/include/type_description_interfaces/type_description_interfaces/msg/detail
[87.812s] -- Installing: D:/a/pixi_rosdistro/pixi_rosdistro/install/include/type_description_interfaces/type_description_interfaces/msg/detail/field_type__builder.hpp
[87.812s] -- Installing: D:/a/pixi_rosdistro/pixi_rosdistro/install/include/type_description_interfaces/type_description_interfaces/msg/detail/field_type__struct.hpp
[87.812s] -- Installing: D:/a/pixi_rosdistro/pixi_rosdistro/install/include/type_description_interfaces/type_description_interfaces/msg/detail/field_type__traits.hpp
[87.812s] -- Installing: D:/a/pixi_rosdistro/pixi_rosdistro/install/include/type_description_interfaces/type_description_interfaces/msg/detail/field_type__type_support.hpp
[87.812s] -- Installing: D:/a/pixi_rosdistro/pixi_rosdistro/install/include/type_description_interfaces/type_description_interfaces/msg/detail/field__builder.hpp
[87.812s] -- Installing: D:/a/pixi_rosdistro/pixi_rosdistro/install/include/type_description_interfaces/type_description_interfaces/msg/detail/field__struct.hpp
[87.812s] -- Installing: D:/a/pixi_rosdistro/pixi_rosdistro/install/include/type_description_interfaces/type_description_interfaces/msg/detail/field__traits.hpp
[87.812s] -- Installing: D:/a/pixi_rosdistro/pixi_rosdistro/install/include/type_description_interfaces/type_description_interfaces/msg/detail/field__type_support.hpp
[87.812s] -- Installing: D:/a/pixi_rosdistro/pixi_rosdistro/install/include/type_description_interfaces/type_description_interfaces/msg/detail/individual_type_description__builder.hpp
[87.812s] -- Installing: D:/a/pixi_rosdistro/pixi_rosdistro/install/include/type_description_interfaces/type_description_interfaces/msg/detail/individual_type_description__struct.hpp
[87.812s] -- Installing: D:/a/pixi_rosdistro/pixi_rosdistro/install/include/type_description_interfaces/type_description_interfaces/msg/detail/individual_type_description__traits.hpp
[87.812s] -- Installing: D:/a/pixi_rosdistro/pixi_rosdistro/install/include/type_description_interfaces/type_description_interfaces/msg/detail/individual_type_description__type_support.hpp
[87.812s] -- Installing: D:/a/pixi_rosdistro/pixi_rosdistro/install/include/type_description_interfaces/type_description_interfaces/msg/detail/key_value__builder.hpp
[87.812s] -- Installing: D:/a/pixi_rosdistro/pixi_rosdistro/install/include/type_description_interfaces/type_description_interfaces/msg/detail/key_value__struct.hpp
[87.812s] -- Installing: D:/a/pixi_rosdistro/pixi_rosdistro/install/include/type_description_interfaces/type_description_interfaces/msg/detail/key_value__traits.hpp
[87.812s] -- Installing: D:/a/pixi_rosdistro/pixi_rosdistro/install/include/type_description_interfaces/type_description_interfaces/msg/detail/key_value__type_support.hpp
[87.828s] -- Installing: D:/a/pixi_rosdistro/pixi_rosdistro/install/include/type_description_interfaces/type_description_interfaces/msg/detail/type_description__builder.hpp
[87.828s] -- Installing: D:/a/pixi_rosdistro/pixi_rosdistro/install/include/type_description_interfaces/type_description_interfaces/msg/detail/type_description__struct.hpp
[87.828s] -- Installing: D:/a/pixi_rosdistro/pixi_rosdistro/install/include/type_description_interfaces/type_description_interfaces/msg/detail/type_description__traits.hpp
[87.828s] -- Installing: D:/a/pixi_rosdistro/pixi_rosdistro/install/include/type_description_interfaces/type_description_interfaces/msg/detail/type_description__type_support.hpp
[87.828s] -- Installing: D:/a/pixi_rosdistro/pixi_rosdistro/install/include/type_description_interfaces/type_description_interfaces/msg/detail/type_source__builder.hpp
[87.828s] -- Installing: D:/a/pixi_rosdistro/pixi_rosdistro/install/include/type_description_interfaces/type_description_interfaces/msg/detail/type_source__struct.hpp
[87.828s] -- Installing: D:/a/pixi_rosdistro/pixi_rosdistro/install/include/type_description_interfaces/type_description_interfaces/msg/detail/type_source__traits.hpp
[87.828s] -- Installing: D:/a/pixi_rosdistro/pixi_rosdistro/install/include/type_description_interfaces/type_description_interfaces/msg/detail/type_source__type_support.hpp
[87.828s] -- Installing: D:/a/pixi_rosdistro/pixi_rosdistro/install/include/type_description_interfaces/type_description_interfaces/msg/field.hpp
[87.828s] -- Installing: D:/a/pixi_rosdistro/pixi_rosdistro/install/include/type_description_interfaces/type_description_interfaces/msg/field_type.hpp
[87.828s] -- Installing: D:/a/pixi_rosdistro/pixi_rosdistro/install/include/type_description_interfaces/type_description_interfaces/msg/individual_type_description.hpp
[87.828s] -- Installing: D:/a/pixi_rosdistro/pixi_rosdistro/install/include/type_description_interfaces/type_description_interfaces/msg/key_value.hpp
[87.828s] -- Installing: D:/a/pixi_rosdistro/pixi_rosdistro/install/include/type_description_interfaces/type_description_interfaces/msg/rosidl_generator_cpp__visibility_control.hpp
[87.828s] -- Installing: D:/a/pixi_rosdistro/pixi_rosdistro/install/include/type_description_interfaces/type_description_interfaces/msg/type_description.hpp
[87.828s] -- Installing: D:/a/pixi_rosdistro/pixi_rosdistro/install/include/type_description_interfaces/type_description_interfaces/msg/type_source.hpp
[87.844s] -- Up-to-date: D:/a/pixi_rosdistro/pixi_rosdistro/install/include/type_description_interfaces/type_description_interfaces/srv
[87.844s] -- Up-to-date: D:/a/pixi_rosdistro/pixi_rosdistro/install/include/type_description_interfaces/type_description_interfaces/srv/detail
[87.844s] -- Installing: D:/a/pixi_rosdistro/pixi_rosdistro/install/include/type_description_interfaces/type_description_interfaces/srv/detail/get_type_description__builder.hpp
[87.844s] -- Installing: D:/a/pixi_rosdistro/pixi_rosdistro/install/include/type_description_interfaces/type_description_interfaces/srv/detail/get_type_description__struct.hpp
[87.844s] -- Installing: D:/a/pixi_rosdistro/pixi_rosdistro/install/include/type_description_interfaces/type_description_interfaces/srv/detail/get_type_description__traits.hpp
[87.844s] -- Installing: D:/a/pixi_rosdistro/pixi_rosdistro/install/include/type_description_interfaces/type_description_interfaces/srv/detail/get_type_description__type_support.hpp
[87.844s] -- Installing: D:/a/pixi_rosdistro/pixi_rosdistro/install/include/type_description_interfaces/type_description_interfaces/srv/get_type_description.hpp
[87.844s] -- Up-to-date: D:/a/pixi_rosdistro/pixi_rosdistro/install/include/type_description_interfaces/type_description_interfaces
[87.844s] -- Up-to-date: D:/a/pixi_rosdistro/pixi_rosdistro/install/include/type_description_interfaces/type_description_interfaces/msg
[87.844s] -- Up-to-date: D:/a/pixi_rosdistro/pixi_rosdistro/install/include/type_description_interfaces/type_description_interfaces/msg/detail
[87.844s] -- Installing: D:/a/pixi_rosdistro/pixi_rosdistro/install/include/type_description_interfaces/type_description_interfaces/msg/detail/dds_fastrtps
[87.844s] -- Installing: D:/a/pixi_rosdistro/pixi_rosdistro/install/include/type_description_interfaces/type_description_interfaces/msg/detail/field_type__rosidl_typesupport_fastrtps_cpp.hpp
[87.844s] -- Installing: D:/a/pixi_rosdistro/pixi_rosdistro/install/include/type_description_interfaces/type_description_interfaces/msg/detail/field__rosidl_typesupport_fastrtps_cpp.hpp
[87.844s] -- Installing: D:/a/pixi_rosdistro/pixi_rosdistro/install/include/type_description_interfaces/type_description_interfaces/msg/detail/individual_type_description__rosidl_typesupport_fastrtps_cpp.hpp
[87.859s] -- Installing: D:/a/pixi_rosdistro/pixi_rosdistro/install/include/type_description_interfaces/type_description_interfaces/msg/detail/key_value__rosidl_typesupport_fastrtps_cpp.hpp
[87.859s] -- Installing: D:/a/pixi_rosdistro/pixi_rosdistro/install/include/type_description_interfaces/type_description_interfaces/msg/detail/type_description__rosidl_typesupport_fastrtps_cpp.hpp
[87.859s] -- Installing: D:/a/pixi_rosdistro/pixi_rosdistro/install/include/type_description_interfaces/type_description_interfaces/msg/detail/type_source__rosidl_typesupport_fastrtps_cpp.hpp
[87.859s] -- Installing: D:/a/pixi_rosdistro/pixi_rosdistro/install/include/type_description_interfaces/type_description_interfaces/msg/rosidl_typesupport_fastrtps_cpp__visibility_control.h
[87.859s] -- Up-to-date: D:/a/pixi_rosdistro/pixi_rosdistro/install/include/type_description_interfaces/type_description_interfaces/srv
[87.859s] -- Up-to-date: D:/a/pixi_rosdistro/pixi_rosdistro/install/include/type_description_interfaces/type_description_interfaces/srv/detail
[87.859s] -- Installing: D:/a/pixi_rosdistro/pixi_rosdistro/install/include/type_description_interfaces/type_description_interfaces/srv/detail/dds_fastrtps
[87.859s] -- Installing: D:/a/pixi_rosdistro/pixi_rosdistro/install/include/type_description_interfaces/type_description_interfaces/srv/detail/get_type_description__rosidl_typesupport_fastrtps_cpp.hpp
[87.859s] -- Installing: D:/a/pixi_rosdistro/pixi_rosdistro/install/lib/type_description_interfaces__rosidl_typesupport_fastrtps_cpp.lib
[87.859s] -- Installing: D:/a/pixi_rosdistro/pixi_rosdistro/install/bin/type_description_interfaces__rosidl_typesupport_fastrtps_cpp.dll
[87.859s] -- Up-to-date: D:/a/pixi_rosdistro/pixi_rosdistro/install/include/type_description_interfaces/type_description_interfaces
[87.859s] -- Up-to-date: D:/a/pixi_rosdistro/pixi_rosdistro/install/include/type_description_interfaces/type_description_interfaces/msg
[87.859s] -- Up-to-date: D:/a/pixi_rosdistro/pixi_rosdistro/install/include/type_description_interfaces/type_description_interfaces/msg/detail
[87.859s] -- Installing: D:/a/pixi_rosdistro/pixi_rosdistro/install/include/type_description_interfaces/type_description_interfaces/msg/detail/field_type__rosidl_typesupport_introspection_cpp.hpp
[87.859s] -- Installing: D:/a/pixi_rosdistro/pixi_rosdistro/install/include/type_description_interfaces/type_description_interfaces/msg/detail/field_type__type_support.cpp
[87.859s] -- Installing: D:/a/pixi_rosdistro/pixi_rosdistro/install/include/type_description_interfaces/type_description_interfaces/msg/detail/field__rosidl_typesupport_introspection_cpp.hpp
[87.859s] -- Installing: D:/a/pixi_rosdistro/pixi_rosdistro/install/include/type_description_interfaces/type_description_interfaces/msg/detail/field__type_support.cpp
[87.859s] -- Installing: D:/a/pixi_rosdistro/pixi_rosdistro/install/include/type_description_interfaces/type_description_interfaces/msg/detail/individual_type_description__rosidl_typesupport_introspection_cpp.hpp
[87.859s] -- Installing: D:/a/pixi_rosdistro/pixi_rosdistro/install/include/type_description_interfaces/type_description_interfaces/msg/detail/individual_type_description__type_support.cpp
[87.875s] -- Installing: D:/a/pixi_rosdistro/pixi_rosdistro/install/include/type_description_interfaces/type_description_interfaces/msg/detail/key_value__rosidl_typesupport_introspection_cpp.hpp
[87.875s] -- Installing: D:/a/pixi_rosdistro/pixi_rosdistro/install/include/type_description_interfaces/type_description_interfaces/msg/detail/key_value__type_support.cpp
[87.875s] -- Installing: D:/a/pixi_rosdistro/pixi_rosdistro/install/include/type_description_interfaces/type_description_interfaces/msg/detail/type_description__rosidl_typesupport_introspection_cpp.hpp
[87.875s] -- Installing: D:/a/pixi_rosdistro/pixi_rosdistro/install/include/type_description_interfaces/type_description_interfaces/msg/detail/type_description__type_support.cpp
[87.875s] -- Installing: D:/a/pixi_rosdistro/pixi_rosdistro/install/include/type_description_interfaces/type_description_interfaces/msg/detail/type_source__rosidl_typesupport_introspection_cpp.hpp
[87.875s] -- Installing: D:/a/pixi_rosdistro/pixi_rosdistro/install/include/type_description_interfaces/type_description_interfaces/msg/detail/type_source__type_support.cpp
[87.875s] -- Up-to-date: D:/a/pixi_rosdistro/pixi_rosdistro/install/include/type_description_interfaces/type_description_interfaces/srv
[87.875s] -- Up-to-date: D:/a/pixi_rosdistro/pixi_rosdistro/install/include/type_description_interfaces/type_description_interfaces/srv/detail
[87.875s] -- Installing: D:/a/pixi_rosdistro/pixi_rosdistro/install/include/type_description_interfaces/type_description_interfaces/srv/detail/get_type_description__rosidl_typesupport_introspection_cpp.hpp
[87.875s] -- Installing: D:/a/pixi_rosdistro/pixi_rosdistro/install/include/type_description_interfaces/type_description_interfaces/srv/detail/get_type_description__type_support.cpp
[87.875s] -- Installing: D:/a/pixi_rosdistro/pixi_rosdistro/install/lib/type_description_interfaces__rosidl_typesupport_introspection_cpp.lib
[87.875s] -- Installing: D:/a/pixi_rosdistro/pixi_rosdistro/install/bin/type_description_interfaces__rosidl_typesupport_introspection_cpp.dll
[87.875s] -- Installing: D:/a/pixi_rosdistro/pixi_rosdistro/install/lib/type_description_interfaces__rosidl_typesupport_cpp.lib
[87.891s] -- Installing: D:/a/pixi_rosdistro/pixi_rosdistro/install/bin/type_description_interfaces__rosidl_typesupport_cpp.dll
[87.891s] -- Installing: D:/a/pixi_rosdistro/pixi_rosdistro/install/share/type_description_interfaces/environment/pythonpath.bat
[87.891s] -- Installing: D:/a/pixi_rosdistro/pixi_rosdistro/install/share/type_description_interfaces/environment/pythonpath.dsv
[87.891s] -- Installing: D:/a/pixi_rosdistro/pixi_rosdistro/install/Lib/site-packages/type_description_interfaces/type_description_interfaces_s__rosidl_typesupport_fastrtps_c.pyd
[87.891s] -- Installing: D:/a/pixi_rosdistro/pixi_rosdistro/install/Lib/site-packages/type_description_interfaces/type_description_interfaces_s__rosidl_typesupport_introspection_c.pyd
[87.891s] -- Installing: D:/a/pixi_rosdistro/pixi_rosdistro/install/Lib/site-packages/type_description_interfaces/type_description_interfaces_s__rosidl_typesupport_c.pyd
[87.891s] -- Installing: D:/a/pixi_rosdistro/pixi_rosdistro/install/lib/type_description_interfaces__rosidl_generator_py.lib
[87.891s] -- Installing: D:/a/pixi_rosdistro/pixi_rosdistro/install/bin/type_description_interfaces__rosidl_generator_py.dll
[87.891s] -- Installing: D:/a/pixi_rosdistro/pixi_rosdistro/install/share/ament_index/resource_index/rust_packages/type_description_interfaces
[87.891s] -- Installing: D:/a/pixi_rosdistro/pixi_rosdistro/install/share/type_description_interfaces/rust
[87.891s] -- Installing: D:/a/pixi_rosdistro/pixi_rosdistro/install/share/type_description_interfaces/rust/build.rs
[87.891s] -- Installing: D:/a/pixi_rosdistro/pixi_rosdistro/install/share/type_description_interfaces/rust/Cargo.toml
[87.891s] -- Installing: D:/a/pixi_rosdistro/pixi_rosdistro/install/share/type_description_interfaces/rust/src
[87.891s] -- Installing: D:/a/pixi_rosdistro/pixi_rosdistro/install/share/type_description_interfaces/rust/src/lib.rs
[87.906s] -- Installing: D:/a/pixi_rosdistro/pixi_rosdistro/install/share/type_description_interfaces/rust/src/msg
[87.906s] -- Installing: D:/a/pixi_rosdistro/pixi_rosdistro/install/share/type_description_interfaces/rust/src/msg/rmw.rs
[87.906s] -- Installing: D:/a/pixi_rosdistro/pixi_rosdistro/install/share/type_description_interfaces/rust/src/msg.rs
[87.906s] -- Installing: D:/a/pixi_rosdistro/pixi_rosdistro/install/share/type_description_interfaces/rust/src/srv
[87.906s] -- Installing: D:/a/pixi_rosdistro/pixi_rosdistro/install/share/type_description_interfaces/rust/src/srv/rmw.rs
[87.906s] -- Installing: D:/a/pixi_rosdistro/pixi_rosdistro/install/share/type_description_interfaces/rust/src/srv.rs
[87.906s] -- Installing: D:/a/pixi_rosdistro/pixi_rosdistro/install/share/type_description_interfaces/msg/Field.idl
[87.906s] -- Installing: D:/a/pixi_rosdistro/pixi_rosdistro/install/share/type_description_interfaces/msg/FieldType.idl
[87.906s] -- Installing: D:/a/pixi_rosdistro/pixi_rosdistro/install/share/type_description_interfaces/msg/IndividualTypeDescription.idl
[87.906s] -- Installing: D:/a/pixi_rosdistro/pixi_rosdistro/install/share/type_description_interfaces/msg/KeyValue.idl
[87.906s] -- Installing: D:/a/pixi_rosdistro/pixi_rosdistro/install/share/type_description_interfaces/msg/TypeDescription.idl
[87.906s] -- Installing: D:/a/pixi_rosdistro/pixi_rosdistro/install/share/type_description_interfaces/msg/TypeSource.idl
[87.906s] -- Installing: D:/a/pixi_rosdistro/pixi_rosdistro/install/share/type_description_interfaces/srv/GetTypeDescription.idl
[87.906s] -- Installing: D:/a/pixi_rosdistro/pixi_rosdistro/install/share/type_description_interfaces/msg/Field.msg
[87.906s] -- Installing: D:/a/pixi_rosdistro/pixi_rosdistro/install/share/type_description_interfaces/msg/FieldType.msg
[87.922s] -- Installing: D:/a/pixi_rosdistro/pixi_rosdistro/install/share/type_description_interfaces/msg/IndividualTypeDescription.msg
[87.922s] -- Installing: D:/a/pixi_rosdistro/pixi_rosdistro/install/share/type_description_interfaces/msg/KeyValue.msg
[87.922s] -- Installing: D:/a/pixi_rosdistro/pixi_rosdistro/install/share/type_description_interfaces/msg/TypeDescription.msg
[87.922s] -- Installing: D:/a/pixi_rosdistro/pixi_rosdistro/install/share/type_description_interfaces/msg/TypeSource.msg
[87.922s] -- Installing: D:/a/pixi_rosdistro/pixi_rosdistro/install/share/type_description_interfaces/srv/GetTypeDescription.srv
[87.922s] -- Installing: D:/a/pixi_rosdistro/pixi_rosdistro/install/share/ament_index/resource_index/package_run_dependencies/type_description_interfaces
[87.922s] -- Installing: D:/a/pixi_rosdistro/pixi_rosdistro/install/share/ament_index/resource_index/parent_prefix_path/type_description_interfaces
[87.922s] -- Installing: D:/a/pixi_rosdistro/pixi_rosdistro/install/share/type_description_interfaces/environment/ament_prefix_path.bat
[87.922s] -- Installing: D:/a/pixi_rosdistro/pixi_rosdistro/install/share/type_description_interfaces/environment/ament_prefix_path.dsv
[87.922s] -- Installing: D:/a/pixi_rosdistro/pixi_rosdistro/install/share/type_description_interfaces/environment/path.bat
[87.922s] -- Installing: D:/a/pixi_rosdistro/pixi_rosdistro/install/share/type_description_interfaces/environment/path.dsv
[87.922s] -- Installing: D:/a/pixi_rosdistro/pixi_rosdistro/install/share/type_description_interfaces/local_setup.bat
[87.922s] -- Installing: D:/a/pixi_rosdistro/pixi_rosdistro/install/share/type_description_interfaces/local_setup.dsv
[87.922s] -- Installing: D:/a/pixi_rosdistro/pixi_rosdistro/install/share/type_description_interfaces/package.dsv
[87.922s] -- Installing: D:/a/pixi_rosdistro/pixi_rosdistro/install/share/ament_index/resource_index/packages/type_description_interfaces
[87.922s] -- Installing: D:/a/pixi_rosdistro/pixi_rosdistro/install/share/type_description_interfaces/cmake/export_type_description_interfaces__rosidl_generator_cExport.cmake
[87.937s] -- Installing: D:/a/pixi_rosdistro/pixi_rosdistro/install/share/type_description_interfaces/cmake/export_type_description_interfaces__rosidl_generator_cExport-release.cmake
[87.937s] -- Installing: D:/a/pixi_rosdistro/pixi_rosdistro/install/share/type_description_interfaces/cmake/export_type_description_interfaces__rosidl_typesupport_fastrtps_cExport.cmake
[87.937s] -- Installing: D:/a/pixi_rosdistro/pixi_rosdistro/install/share/type_description_interfaces/cmake/export_type_description_interfaces__rosidl_typesupport_fastrtps_cExport-release.cmake
[87.937s] -- Installing: D:/a/pixi_rosdistro/pixi_rosdistro/install/share/type_description_interfaces/cmake/type_description_interfaces__rosidl_typesupport_introspection_cExport.cmake
[87.937s] -- Installing: D:/a/pixi_rosdistro/pixi_rosdistro/install/share/type_description_interfaces/cmake/type_description_interfaces__rosidl_typesupport_introspection_cExport-release.cmake
[87.937s] -- Installing: D:/a/pixi_rosdistro/pixi_rosdistro/install/share/type_description_interfaces/cmake/type_description_interfaces__rosidl_typesupport_cExport.cmake
[87.937s] -- Installing: D:/a/pixi_rosdistro/pixi_rosdistro/install/share/type_description_interfaces/cmake/type_description_interfaces__rosidl_typesupport_cExport-release.cmake
[87.937s] -- Installing: D:/a/pixi_rosdistro/pixi_rosdistro/install/share/type_description_interfaces/cmake/export_type_description_interfaces__rosidl_generator_cppExport.cmake
[87.937s] -- Installing: D:/a/pixi_rosdistro/pixi_rosdistro/install/share/type_description_interfaces/cmake/export_type_description_interfaces__rosidl_typesupport_fastrtps_cppExport.cmake
[87.937s] -- Installing: D:/a/pixi_rosdistro/pixi_rosdistro/install/share/type_description_interfaces/cmake/export_type_description_interfaces__rosidl_typesupport_fastrtps_cppExport-release.cmake
[87.937s] -- Installing: D:/a/pixi_rosdistro/pixi_rosdistro/install/share/type_description_interfaces/cmake/type_description_interfaces__rosidl_typesupport_introspection_cppExport.cmake
[87.937s] -- Installing: D:/a/pixi_rosdistro/pixi_rosdistro/install/share/type_description_interfaces/cmake/type_description_interfaces__rosidl_typesupport_introspection_cppExport-release.cmake
[87.937s] -- Installing: D:/a/pixi_rosdistro/pixi_rosdistro/install/share/type_description_interfaces/cmake/type_description_interfaces__rosidl_typesupport_cppExport.cmake
[87.937s] -- Installing: D:/a/pixi_rosdistro/pixi_rosdistro/install/share/type_description_interfaces/cmake/type_description_interfaces__rosidl_typesupport_cppExport-release.cmake
[87.937s] -- Installing: D:/a/pixi_rosdistro/pixi_rosdistro/install/share/type_description_interfaces/cmake/export_type_description_interfaces__rosidl_generator_pyExport.cmake
[87.937s] -- Installing: D:/a/pixi_rosdistro/pixi_rosdistro/install/share/type_description_interfaces/cmake/export_type_description_interfaces__rosidl_generator_pyExport-release.cmake
[87.953s] -- Installing: D:/a/pixi_rosdistro/pixi_rosdistro/install/Lib/site-packages/type_description_interfaces-2.4.3-py3.12.egg-info
[87.953s] -- Installing: D:/a/pixi_rosdistro/pixi_rosdistro/install/Lib/site-packages/type_description_interfaces-2.4.3-py3.12.egg-info/dependency_links.txt
[87.953s] -- Installing: D:/a/pixi_rosdistro/pixi_rosdistro/install/Lib/site-packages/type_description_interfaces-2.4.3-py3.12.egg-info/PKG-INFO
[87.953s] -- Installing: D:/a/pixi_rosdistro/pixi_rosdistro/install/Lib/site-packages/type_description_interfaces-2.4.3-py3.12.egg-info/SOURCES.txt
[87.953s] -- Installing: D:/a/pixi_rosdistro/pixi_rosdistro/install/Lib/site-packages/type_description_interfaces-2.4.3-py3.12.egg-info/top_level.txt
[87.953s] -- Up-to-date: D:/a/pixi_rosdistro/pixi_rosdistro/install/Lib/site-packages/type_description_interfaces
[87.953s] -- Installing: D:/a/pixi_rosdistro/pixi_rosdistro/install/Lib/site-packages/type_description_interfaces/msg
[87.953s] -- Installing: D:/a/pixi_rosdistro/pixi_rosdistro/install/Lib/site-packages/type_description_interfaces/msg/_field.py
[87.953s] -- Installing: D:/a/pixi_rosdistro/pixi_rosdistro/install/Lib/site-packages/type_description_interfaces/msg/_field_s.c
[87.953s] -- Installing: D:/a/pixi_rosdistro/pixi_rosdistro/install/Lib/site-packages/type_description_interfaces/msg/_field_type.py
[87.953s] -- Installing: D:/a/pixi_rosdistro/pixi_rosdistro/install/Lib/site-packages/type_description_interfaces/msg/_field_type_s.c
[87.953s] -- Installing: D:/a/pixi_rosdistro/pixi_rosdistro/install/Lib/site-packages/type_description_interfaces/msg/_individual_type_description.py
[87.953s] -- Installing: D:/a/pixi_rosdistro/pixi_rosdistro/install/Lib/site-packages/type_description_interfaces/msg/_individual_type_description_s.c
[87.953s] -- Installing: D:/a/pixi_rosdistro/pixi_rosdistro/install/Lib/site-packages/type_description_interfaces/msg/_key_value.py
[87.953s] -- Installing: D:/a/pixi_rosdistro/pixi_rosdistro/install/Lib/site-packages/type_description_interfaces/msg/_key_value_s.c
[87.953s] -- Installing: D:/a/pixi_rosdistro/pixi_rosdistro/install/Lib/site-packages/type_description_interfaces/msg/_type_description.py
[87.969s] -- Installing: D:/a/pixi_rosdistro/pixi_rosdistro/install/Lib/site-packages/type_description_interfaces/msg/_type_description_s.c
[87.969s] -- Installing: D:/a/pixi_rosdistro/pixi_rosdistro/install/Lib/site-packages/type_description_interfaces/msg/_type_source.py
[87.969s] -- Installing: D:/a/pixi_rosdistro/pixi_rosdistro/install/Lib/site-packages/type_description_interfaces/msg/_type_source_s.c
[87.969s] -- Installing: D:/a/pixi_rosdistro/pixi_rosdistro/install/Lib/site-packages/type_description_interfaces/msg/__init__.py
[87.969s] -- Installing: D:/a/pixi_rosdistro/pixi_rosdistro/install/Lib/site-packages/type_description_interfaces/py.typed
[87.969s] -- Installing: D:/a/pixi_rosdistro/pixi_rosdistro/install/Lib/site-packages/type_description_interfaces/srv
[87.969s] -- Installing: D:/a/pixi_rosdistro/pixi_rosdistro/install/Lib/site-packages/type_description_interfaces/srv/_get_type_description.py
[87.969s] -- Installing: D:/a/pixi_rosdistro/pixi_rosdistro/install/Lib/site-packages/type_description_interfaces/srv/_get_type_description_s.c
[87.969s] -- Installing: D:/a/pixi_rosdistro/pixi_rosdistro/install/Lib/site-packages/type_description_interfaces/srv/__init__.py
[87.969s] -- Up-to-date: D:/a/pixi_rosdistro/pixi_rosdistro/install/Lib/site-packages/type_description_interfaces/type_description_interfaces_s__rosidl_typesupport_c.pyd
[87.969s] -- Up-to-date: D:/a/pixi_rosdistro/pixi_rosdistro/install/Lib/site-packages/type_description_interfaces/type_description_interfaces_s__rosidl_typesupport_fastrtps_c.pyd
[87.969s] -- Up-to-date: D:/a/pixi_rosdistro/pixi_rosdistro/install/Lib/site-packages/type_description_interfaces/type_description_interfaces_s__rosidl_typesupport_introspection_c.pyd
[87.969s] -- Installing: D:/a/pixi_rosdistro/pixi_rosdistro/install/Lib/site-packages/type_description_interfaces/_type_description_interfaces_s.ep.rosidl_typesupport_c.c
[87.969s] -- Installing: D:/a/pixi_rosdistro/pixi_rosdistro/install/Lib/site-packages/type_description_interfaces/_type_description_interfaces_s.ep.rosidl_typesupport_fastrtps_c.c
[87.969s] -- Installing: D:/a/pixi_rosdistro/pixi_rosdistro/install/Lib/site-packages/type_description_interfaces/_type_description_interfaces_s.ep.rosidl_typesupport_introspection_c.c
[87.969s] -- Installing: D:/a/pixi_rosdistro/pixi_rosdistro/install/Lib/site-packages/type_description_interfaces/__init__.py
[88.125s] Listing 'D:/a/pixi_rosdistro/pixi_rosdistro/install/Lib/site-packages/type_description_interfaces'...
[88.125s] Compiling 'D:/a/pixi_rosdistro/pixi_rosdistro/install/Lib/site-packages/type_description_interfaces\\__init__.py'...
[88.125s] Listing 'D:/a/pixi_rosdistro/pixi_rosdistro/install/Lib/site-packages/type_description_interfaces\\msg'...
[88.125s] Compiling 'D:/a/pixi_rosdistro/pixi_rosdistro/install/Lib/site-packages/type_description_interfaces\\msg\\__init__.py'...
[88.125s] Compiling 'D:/a/pixi_rosdistro/pixi_rosdistro/install/Lib/site-packages/type_description_interfaces\\msg\\_field.py'...
[88.125s] Compiling 'D:/a/pixi_rosdistro/pixi_rosdistro/install/Lib/site-packages/type_description_interfaces\\msg\\_field_type.py'...
[88.125s] Compiling 'D:/a/pixi_rosdistro/pixi_rosdistro/install/Lib/site-packages/type_description_interfaces\\msg\\_individual_type_description.py'...
[88.125s] Compiling 'D:/a/pixi_rosdistro/pixi_rosdistro/install/Lib/site-packages/type_description_interfaces\\msg\\_key_value.py'...
[88.125s] Compiling 'D:/a/pixi_rosdistro/pixi_rosdistro/install/Lib/site-packages/type_description_interfaces\\msg\\_type_description.py'...
[88.125s] Compiling 'D:/a/pixi_rosdistro/pixi_rosdistro/install/Lib/site-packages/type_description_interfaces\\msg\\_type_source.py'...
[88.125s] Listing 'D:/a/pixi_rosdistro/pixi_rosdistro/install/Lib/site-packages/type_description_interfaces\\srv'...
[88.125s] Compiling 'D:/a/pixi_rosdistro/pixi_rosdistro/install/Lib/site-packages/type_description_interfaces\\srv\\__init__.py'...
[88.125s] Compiling 'D:/a/pixi_rosdistro/pixi_rosdistro/install/Lib/site-packages/type_description_interfaces\\srv\\_get_type_description.py'...
[88.125s] -- Installing: D:/a/pixi_rosdistro/pixi_rosdistro/install/share/type_description_interfaces/cmake/rosidl_cmake-extras.cmake
[88.125s] -- Installing: D:/a/pixi_rosdistro/pixi_rosdistro/install/share/type_description_interfaces/cmake/ament_cmake_export_dependencies-extras.cmake
[88.125s] -- Installing: D:/a/pixi_rosdistro/pixi_rosdistro/install/share/type_description_interfaces/cmake/ament_cmake_export_include_directories-extras.cmake
[88.141s] -- Installing: D:/a/pixi_rosdistro/pixi_rosdistro/install/share/type_description_interfaces/cmake/ament_cmake_export_libraries-extras.cmake
[88.141s] -- Installing: D:/a/pixi_rosdistro/pixi_rosdistro/install/share/type_description_interfaces/cmake/ament_cmake_export_targets-extras.cmake
[88.141s] -- Installing: D:/a/pixi_rosdistro/pixi_rosdistro/install/share/type_description_interfaces/cmake/rosidl_cmake_export_typesupport_targets-extras.cmake
[88.141s] -- Installing: D:/a/pixi_rosdistro/pixi_rosdistro/install/share/type_description_interfaces/cmake/rosidl_cmake_export_typesupport_libraries-extras.cmake
[88.141s] -- Installing: D:/a/pixi_rosdistro/pixi_rosdistro/install/share/type_description_interfaces/cmake/rosidl_cmake_aggregate_target-extras.cmake
[88.141s] -- Installing: D:/a/pixi_rosdistro/pixi_rosdistro/install/share/type_description_interfaces/cmake/type_description_interfacesConfig.cmake
[88.141s] -- Installing: D:/a/pixi_rosdistro/pixi_rosdistro/install/share/type_description_interfaces/cmake/type_description_interfacesConfig-version.cmake
[88.141s] -- Installing: D:/a/pixi_rosdistro/pixi_rosdistro/install/share/type_description_interfaces/package.xml
[88.156s] Invoked command in 'D:\a\pixi_rosdistro\pixi_rosdistro\build\type_description_interfaces' returned '0': AMENT_PREFIX_PATH=D:\a\pixi_rosdistro\pixi_rosdistro\install CMAKE_PREFIX_PATH=D:\a\pixi_rosdistro\pixi_rosdistro\install;D:\a\pixi_rosdistro\pixi_rosdistro\.pixi\envs\default\Library PATH=D:\a\pixi_rosdistro\pixi_rosdistro\install\Scripts;D:\a\pixi_rosdistro\pixi_rosdistro\install\bin;D:\a\pixi_rosdistro\pixi_rosdistro\install\opt\mimick_vendor\lib;%PATH% PIXI_PROMPT=(ros2_rolling) PKG_CONFIG_PATH=D:\a\pixi_rosdistro\pixi_rosdistro\install\lib\pkgconfig PROMPT=$P$G PYTHONPATH=D:\a\pixi_rosdistro\pixi_rosdistro\install\Lib\site-packages ROS_AUTOMATIC_DISCOVERY_RANGE=SUBNET ROS_DOMAIN_ID=147 ROS_PYTHON_VERSION=3 D:\a\pixi_rosdistro\pixi_rosdistro\.pixi\envs\default\Library\bin\cmake.EXE --install D:\a\pixi_rosdistro\pixi_rosdistro\build\type_description_interfaces
