[1.795s] Invoking command in '/home/runner/work/pixi_rosdistro/pixi_rosdistro/build/ament_cmake_pycodestyle': AMENT_PREFIX_PATH=/home/runner/work/pixi_rosdistro/pixi_rosdistro/install CMAKE_PREFIX_PATH=/home/runner/work/pixi_rosdistro/pixi_rosdistro/install:${CMAKE_PREFIX_PATH} LD_LIBRARY_PATH=/home/runner/work/pixi_rosdistro/pixi_rosdistro/install/lib PATH=/home/runner/work/pixi_rosdistro/pixi_rosdistro/install/bin:/opt/microsoft/powershell/7:${PATH} PIXI_PROMPT=(ros2_rolling) PSModulePath=/home/runner/.local/share/powershell/Modules:${PSModulePath} PYTHONPATH=/home/runner/work/pixi_rosdistro/pixi_rosdistro/install/lib/python3.12/site-packages ROS_DOMAIN_ID=224 /home/runner/work/pixi_rosdistro/pixi_rosdistro/.pixi/envs/default/bin/cmake /home/runner/work/pixi_rosdistro/pixi_rosdistro/src/ament/ament_lint/ament_cmake_pycodestyle -GNinja --no-warn-unused-cli -DCMAKE_BUILD_TYPE=Release -DCMAKE_BUILD_WITH_INSTALL_RPATH:bool=TRUE -DCMAKE_POLICY_VERSION_MINIMUM=3.5 -Wno-deprecated -DSTACK_DETAILS_AUTO_DETECT:bool=FALSE -DSTACK_DETAILS_BFD:bool=FALSE -DCMAKE_INSTALL_PREFIX=/home/runner/work/pixi_rosdistro/pixi_rosdistro/install
[1.817s] Not searching for unused variables given on the command line.
[1.817s] -- Found ament_cmake_core: 2.8.6 (/home/runner/work/pixi_rosdistro/pixi_rosdistro/install/share/ament_cmake_core/cmake)
[2.008s] -- Found Python3: /home/runner/work/pixi_rosdistro/pixi_rosdistro/.pixi/envs/default/bin/python3 (found version "3.12.13") found components: Interpreter
[2.111s] -- Found ament_cmake_test: 2.8.6 (/home/runner/work/pixi_rosdistro/pixi_rosdistro/install/share/ament_cmake_test/cmake)
[2.259s] -- Found ament_cmake_copyright: 0.20.3 (/home/runner/work/pixi_rosdistro/pixi_rosdistro/install/share/ament_cmake_copyright/cmake)
[2.265s] -- Found ament_cmake_lint_cmake: 0.20.3 (/home/runner/work/pixi_rosdistro/pixi_rosdistro/install/share/ament_cmake_lint_cmake/cmake)
[2.272s] -- Configuring done (0.5s)
[2.284s] -- Generating done (0.0s)
[2.287s] -- Build files have been written to: /home/runner/work/pixi_rosdistro/pixi_rosdistro/build/ament_cmake_pycodestyle
[2.290s] Invoked command in '/home/runner/work/pixi_rosdistro/pixi_rosdistro/build/ament_cmake_pycodestyle' returned '0': AMENT_PREFIX_PATH=/home/runner/work/pixi_rosdistro/pixi_rosdistro/install CMAKE_PREFIX_PATH=/home/runner/work/pixi_rosdistro/pixi_rosdistro/install:${CMAKE_PREFIX_PATH} LD_LIBRARY_PATH=/home/runner/work/pixi_rosdistro/pixi_rosdistro/install/lib PATH=/home/runner/work/pixi_rosdistro/pixi_rosdistro/install/bin:/opt/microsoft/powershell/7:${PATH} PIXI_PROMPT=(ros2_rolling) PSModulePath=/home/runner/.local/share/powershell/Modules:${PSModulePath} PYTHONPATH=/home/runner/work/pixi_rosdistro/pixi_rosdistro/install/lib/python3.12/site-packages ROS_DOMAIN_ID=224 /home/runner/work/pixi_rosdistro/pixi_rosdistro/.pixi/envs/default/bin/cmake /home/runner/work/pixi_rosdistro/pixi_rosdistro/src/ament/ament_lint/ament_cmake_pycodestyle -GNinja --no-warn-unused-cli -DCMAKE_BUILD_TYPE=Release -DCMAKE_BUILD_WITH_INSTALL_RPATH:bool=TRUE -DCMAKE_POLICY_VERSION_MINIMUM=3.5 -Wno-deprecated -DSTACK_DETAILS_AUTO_DETECT:bool=FALSE -DSTACK_DETAILS_BFD:bool=FALSE -DCMAKE_INSTALL_PREFIX=/home/runner/work/pixi_rosdistro/pixi_rosdistro/install
[2.293s] Invoking command in '/home/runner/work/pixi_rosdistro/pixi_rosdistro/build/ament_cmake_pycodestyle': AMENT_PREFIX_PATH=/home/runner/work/pixi_rosdistro/pixi_rosdistro/install CMAKE_PREFIX_PATH=/home/runner/work/pixi_rosdistro/pixi_rosdistro/install:${CMAKE_PREFIX_PATH} LD_LIBRARY_PATH=/home/runner/work/pixi_rosdistro/pixi_rosdistro/install/lib PATH=/home/runner/work/pixi_rosdistro/pixi_rosdistro/install/bin:/opt/microsoft/powershell/7:${PATH} PIXI_PROMPT=(ros2_rolling) PSModulePath=/home/runner/.local/share/powershell/Modules:${PSModulePath} PYTHONPATH=/home/runner/work/pixi_rosdistro/pixi_rosdistro/install/lib/python3.12/site-packages ROS_DOMAIN_ID=224 /home/runner/work/pixi_rosdistro/pixi_rosdistro/.pixi/envs/default/bin/cmake --build /home/runner/work/pixi_rosdistro/pixi_rosdistro/build/ament_cmake_pycodestyle -- -j4 -l4
[2.304s] ninja: no work to do.
[2.309s] Invoked command in '/home/runner/work/pixi_rosdistro/pixi_rosdistro/build/ament_cmake_pycodestyle' returned '0': AMENT_PREFIX_PATH=/home/runner/work/pixi_rosdistro/pixi_rosdistro/install CMAKE_PREFIX_PATH=/home/runner/work/pixi_rosdistro/pixi_rosdistro/install:${CMAKE_PREFIX_PATH} LD_LIBRARY_PATH=/home/runner/work/pixi_rosdistro/pixi_rosdistro/install/lib PATH=/home/runner/work/pixi_rosdistro/pixi_rosdistro/install/bin:/opt/microsoft/powershell/7:${PATH} PIXI_PROMPT=(ros2_rolling) PSModulePath=/home/runner/.local/share/powershell/Modules:${PSModulePath} PYTHONPATH=/home/runner/work/pixi_rosdistro/pixi_rosdistro/install/lib/python3.12/site-packages ROS_DOMAIN_ID=224 /home/runner/work/pixi_rosdistro/pixi_rosdistro/.pixi/envs/default/bin/cmake --build /home/runner/work/pixi_rosdistro/pixi_rosdistro/build/ament_cmake_pycodestyle -- -j4 -l4
[2.309s] Invoking command in '/home/runner/work/pixi_rosdistro/pixi_rosdistro/build/ament_cmake_pycodestyle': AMENT_PREFIX_PATH=/home/runner/work/pixi_rosdistro/pixi_rosdistro/install CMAKE_PREFIX_PATH=/home/runner/work/pixi_rosdistro/pixi_rosdistro/install:${CMAKE_PREFIX_PATH} LD_LIBRARY_PATH=/home/runner/work/pixi_rosdistro/pixi_rosdistro/install/lib PATH=/home/runner/work/pixi_rosdistro/pixi_rosdistro/install/bin:/opt/microsoft/powershell/7:${PATH} PIXI_PROMPT=(ros2_rolling) PSModulePath=/home/runner/.local/share/powershell/Modules:${PSModulePath} PYTHONPATH=/home/runner/work/pixi_rosdistro/pixi_rosdistro/install/lib/python3.12/site-packages ROS_DOMAIN_ID=224 /home/runner/work/pixi_rosdistro/pixi_rosdistro/.pixi/envs/default/bin/cmake --install /home/runner/work/pixi_rosdistro/pixi_rosdistro/build/ament_cmake_pycodestyle
[2.318s] -- Install configuration: "Release"
[2.319s] -- Installing: /home/runner/work/pixi_rosdistro/pixi_rosdistro/install/share/ament_index/resource_index/package_run_dependencies/ament_cmake_pycodestyle
[2.319s] -- Installing: /home/runner/work/pixi_rosdistro/pixi_rosdistro/install/share/ament_index/resource_index/parent_prefix_path/ament_cmake_pycodestyle
[2.321s] -- Installing: /home/runner/work/pixi_rosdistro/pixi_rosdistro/install/share/ament_cmake_pycodestyle/environment/ament_prefix_path.sh
[2.321s] -- Installing: /home/runner/work/pixi_rosdistro/pixi_rosdistro/install/share/ament_cmake_pycodestyle/environment/ament_prefix_path.dsv
[2.322s] -- Installing: /home/runner/work/pixi_rosdistro/pixi_rosdistro/install/share/ament_cmake_pycodestyle/environment/path.sh
[2.322s] -- Installing: /home/runner/work/pixi_rosdistro/pixi_rosdistro/install/share/ament_cmake_pycodestyle/environment/path.dsv
[2.322s] -- Installing: /home/runner/work/pixi_rosdistro/pixi_rosdistro/install/share/ament_cmake_pycodestyle/local_setup.bash
[2.325s] -- Installing: /home/runner/work/pixi_rosdistro/pixi_rosdistro/install/share/ament_cmake_pycodestyle/local_setup.fish
[2.326s] -- Installing: /home/runner/work/pixi_rosdistro/pixi_rosdistro/install/share/ament_cmake_pycodestyle/local_setup.sh
[2.326s] -- Installing: /home/runner/work/pixi_rosdistro/pixi_rosdistro/install/share/ament_cmake_pycodestyle/local_setup.zsh
[2.326s] -- Installing: /home/runner/work/pixi_rosdistro/pixi_rosdistro/install/share/ament_cmake_pycodestyle/local_setup.dsv
[2.326s] -- Installing: /home/runner/work/pixi_rosdistro/pixi_rosdistro/install/share/ament_cmake_pycodestyle/package.dsv
[2.326s] -- Installing: /home/runner/work/pixi_rosdistro/pixi_rosdistro/install/share/ament_index/resource_index/packages/ament_cmake_pycodestyle
[2.326s] -- Installing: /home/runner/work/pixi_rosdistro/pixi_rosdistro/install/share/ament_cmake_pycodestyle/cmake/ament_cmake_pycodestyle-extras.cmake
[2.326s] -- Installing: /home/runner/work/pixi_rosdistro/pixi_rosdistro/install/share/ament_cmake_pycodestyle/cmake/ament_cmake_pycodestyleConfig.cmake
[2.326s] -- Installing: /home/runner/work/pixi_rosdistro/pixi_rosdistro/install/share/ament_cmake_pycodestyle/cmake/ament_cmake_pycodestyleConfig-version.cmake
[2.326s] -- Installing: /home/runner/work/pixi_rosdistro/pixi_rosdistro/install/share/ament_cmake_pycodestyle/package.xml
[2.326s] -- Up-to-date: /home/runner/work/pixi_rosdistro/pixi_rosdistro/install/share/ament_cmake_pycodestyle/cmake
[2.326s] -- Installing: /home/runner/work/pixi_rosdistro/pixi_rosdistro/install/share/ament_cmake_pycodestyle/cmake/ament_pycodestyle.cmake
[2.326s] -- Installing: /home/runner/work/pixi_rosdistro/pixi_rosdistro/install/share/ament_cmake_pycodestyle/cmake/ament_cmake_pycodestyle_lint_hook.cmake
[2.330s] Invoked command in '/home/runner/work/pixi_rosdistro/pixi_rosdistro/build/ament_cmake_pycodestyle' returned '0': AMENT_PREFIX_PATH=/home/runner/work/pixi_rosdistro/pixi_rosdistro/install CMAKE_PREFIX_PATH=/home/runner/work/pixi_rosdistro/pixi_rosdistro/install:${CMAKE_PREFIX_PATH} LD_LIBRARY_PATH=/home/runner/work/pixi_rosdistro/pixi_rosdistro/install/lib PATH=/home/runner/work/pixi_rosdistro/pixi_rosdistro/install/bin:/opt/microsoft/powershell/7:${PATH} PIXI_PROMPT=(ros2_rolling) PSModulePath=/home/runner/.local/share/powershell/Modules:${PSModulePath} PYTHONPATH=/home/runner/work/pixi_rosdistro/pixi_rosdistro/install/lib/python3.12/site-packages ROS_DOMAIN_ID=224 /home/runner/work/pixi_rosdistro/pixi_rosdistro/.pixi/envs/default/bin/cmake --install /home/runner/work/pixi_rosdistro/pixi_rosdistro/build/ament_cmake_pycodestyle
