running egg_info
creating ../../../../build/ros2launch/ros2launch.egg-info
writing ../../../../build/ros2launch/ros2launch.egg-info/PKG-INFO
writing dependency_links to ../../../../build/ros2launch/ros2launch.egg-info/dependency_links.txt
writing entry points to ../../../../build/ros2launch/ros2launch.egg-info/entry_points.txt
writing requirements to ../../../../build/ros2launch/ros2launch.egg-info/requires.txt
writing top-level names to ../../../../build/ros2launch/ros2launch.egg-info/top_level.txt
writing manifest file '../../../../build/ros2launch/ros2launch.egg-info/SOURCES.txt'
reading manifest file '../../../../build/ros2launch/ros2launch.egg-info/SOURCES.txt'
writing manifest file '../../../../build/ros2launch/ros2launch.egg-info/SOURCES.txt'
running build
running build_py
creating /home/runner/work/pixi_rosdistro/pixi_rosdistro/build/ros2launch/build/lib/ros2launch
copying ros2launch/__init__.py -> /home/runner/work/pixi_rosdistro/pixi_rosdistro/build/ros2launch/build/lib/ros2launch
creating /home/runner/work/pixi_rosdistro/pixi_rosdistro/build/ros2launch/build/lib/ros2launch/option
copying ros2launch/option/__init__.py -> /home/runner/work/pixi_rosdistro/pixi_rosdistro/build/ros2launch/build/lib/ros2launch/option
creating /home/runner/work/pixi_rosdistro/pixi_rosdistro/build/ros2launch/build/lib/ros2launch/command
copying ros2launch/command/__init__.py -> /home/runner/work/pixi_rosdistro/pixi_rosdistro/build/ros2launch/build/lib/ros2launch/command
copying ros2launch/command/launch.py -> /home/runner/work/pixi_rosdistro/pixi_rosdistro/build/ros2launch/build/lib/ros2launch/command
creating /home/runner/work/pixi_rosdistro/pixi_rosdistro/build/ros2launch/build/lib/ros2launch/api
copying ros2launch/api/__init__.py -> /home/runner/work/pixi_rosdistro/pixi_rosdistro/build/ros2launch/build/lib/ros2launch/api
copying ros2launch/api/api.py -> /home/runner/work/pixi_rosdistro/pixi_rosdistro/build/ros2launch/build/lib/ros2launch/api
running install
running install_lib
creating /home/runner/work/pixi_rosdistro/pixi_rosdistro/install/lib/python3.12/site-packages/ros2launch
creating /home/runner/work/pixi_rosdistro/pixi_rosdistro/install/lib/python3.12/site-packages/ros2launch/option
copying /home/runner/work/pixi_rosdistro/pixi_rosdistro/build/ros2launch/build/lib/ros2launch/option/__init__.py -> /home/runner/work/pixi_rosdistro/pixi_rosdistro/install/lib/python3.12/site-packages/ros2launch/option
copying /home/runner/work/pixi_rosdistro/pixi_rosdistro/build/ros2launch/build/lib/ros2launch/__init__.py -> /home/runner/work/pixi_rosdistro/pixi_rosdistro/install/lib/python3.12/site-packages/ros2launch
creating /home/runner/work/pixi_rosdistro/pixi_rosdistro/install/lib/python3.12/site-packages/ros2launch/command
copying /home/runner/work/pixi_rosdistro/pixi_rosdistro/build/ros2launch/build/lib/ros2launch/command/__init__.py -> /home/runner/work/pixi_rosdistro/pixi_rosdistro/install/lib/python3.12/site-packages/ros2launch/command
copying /home/runner/work/pixi_rosdistro/pixi_rosdistro/build/ros2launch/build/lib/ros2launch/command/launch.py -> /home/runner/work/pixi_rosdistro/pixi_rosdistro/install/lib/python3.12/site-packages/ros2launch/command
creating /home/runner/work/pixi_rosdistro/pixi_rosdistro/install/lib/python3.12/site-packages/ros2launch/api
copying /home/runner/work/pixi_rosdistro/pixi_rosdistro/build/ros2launch/build/lib/ros2launch/api/__init__.py -> /home/runner/work/pixi_rosdistro/pixi_rosdistro/install/lib/python3.12/site-packages/ros2launch/api
copying /home/runner/work/pixi_rosdistro/pixi_rosdistro/build/ros2launch/build/lib/ros2launch/api/api.py -> /home/runner/work/pixi_rosdistro/pixi_rosdistro/install/lib/python3.12/site-packages/ros2launch/api
byte-compiling /home/runner/work/pixi_rosdistro/pixi_rosdistro/install/lib/python3.12/site-packages/ros2launch/option/__init__.py to __init__.cpython-312.pyc
byte-compiling /home/runner/work/pixi_rosdistro/pixi_rosdistro/install/lib/python3.12/site-packages/ros2launch/__init__.py to __init__.cpython-312.pyc
byte-compiling /home/runner/work/pixi_rosdistro/pixi_rosdistro/install/lib/python3.12/site-packages/ros2launch/command/__init__.py to __init__.cpython-312.pyc
byte-compiling /home/runner/work/pixi_rosdistro/pixi_rosdistro/install/lib/python3.12/site-packages/ros2launch/command/launch.py to launch.cpython-312.pyc
byte-compiling /home/runner/work/pixi_rosdistro/pixi_rosdistro/install/lib/python3.12/site-packages/ros2launch/api/__init__.py to __init__.cpython-312.pyc
byte-compiling /home/runner/work/pixi_rosdistro/pixi_rosdistro/install/lib/python3.12/site-packages/ros2launch/api/api.py to api.cpython-312.pyc
running install_data
copying package.xml -> /home/runner/work/pixi_rosdistro/pixi_rosdistro/install/share/ros2launch
copying resource/ros2launch -> /home/runner/work/pixi_rosdistro/pixi_rosdistro/install/share/ament_index/resource_index/packages
running install_egg_info
Copying ../../../../build/ros2launch/ros2launch.egg-info to /home/runner/work/pixi_rosdistro/pixi_rosdistro/install/lib/python3.12/site-packages/ros2launch-0.29.6-py3.12.egg-info
running install_scripts
writing list of installed files to '/home/runner/work/pixi_rosdistro/pixi_rosdistro/build/ros2launch/install.log'
