[2.710s] Invoking command in '/home/runner/work/pixi_rosdistro/pixi_rosdistro/build/rosidl_adapter': AMENT_PREFIX_PATH=/home/runner/work/pixi_rosdistro/pixi_rosdistro/install CMAKE_PREFIX_PATH=/home/runner/work/pixi_rosdistro/pixi_rosdistro/install:${CMAKE_PREFIX_PATH} LD_LIBRARY_PATH=/home/runner/work/pixi_rosdistro/pixi_rosdistro/install/lib PATH=/home/runner/work/pixi_rosdistro/pixi_rosdistro/install/bin:/opt/microsoft/powershell/7:${PATH} PIXI_PROMPT=(ros2_rolling) PKG_CONFIG_PATH=/home/runner/work/pixi_rosdistro/pixi_rosdistro/install/lib/pkgconfig PSModulePath=/home/runner/.local/share/powershell/Modules:${PSModulePath} PYTHONPATH=/home/runner/work/pixi_rosdistro/pixi_rosdistro/install/lib/python3.12/site-packages ROS_DOMAIN_ID=45 /home/runner/work/pixi_rosdistro/pixi_rosdistro/.pixi/envs/default/bin/cmake /home/runner/work/pixi_rosdistro/pixi_rosdistro/src/ros2/rosidl/rosidl_adapter -GNinja --no-warn-unused-cli -DCMAKE_BUILD_TYPE=Release -DCMAKE_BUILD_WITH_INSTALL_RPATH:bool=TRUE -DCMAKE_POLICY_VERSION_MINIMUM=3.5 -Wno-deprecated -DSTACK_DETAILS_AUTO_DETECT:bool=FALSE -DSTACK_DETAILS_BFD:bool=FALSE -DCMAKE_INSTALL_PREFIX=/home/runner/work/pixi_rosdistro/pixi_rosdistro/install
[2.732s] Not searching for unused variables given on the command line.
[2.732s] -- Found ament_cmake: 2.8.6 (/home/runner/work/pixi_rosdistro/pixi_rosdistro/install/share/ament_cmake/cmake)
[3.180s] -- Found ament_cmake_pytest: 2.8.6 (/home/runner/work/pixi_rosdistro/pixi_rosdistro/install/share/ament_cmake_pytest/cmake)
[3.182s] -- Found ament_lint_auto: 0.20.3 (/home/runner/work/pixi_rosdistro/pixi_rosdistro/install/share/ament_lint_auto/cmake)
[3.186s] -- Found ament_cmake_mypy: 0.20.3 (/home/runner/work/pixi_rosdistro/pixi_rosdistro/install/share/ament_cmake_mypy/cmake)
[3.694s] -- Added test 'mypy' to statically type check Python code.
[3.694s] -- Added test 'copyright' to check source files copyright and LICENSE
[3.694s] -- Added test 'flake8' to check Python code syntax and style conventions
[3.694s] -- Configured 'flake8' exclude dirs and/or files: 
[3.694s] -- Added test 'lint_cmake' to check CMake code style
[3.694s] -- Added test 'pep257' to check Python code against some of the docstring style conventions in PEP 257
[3.694s] -- Added test 'xmllint' to check XML markup files
[3.695s] -- Configuring done (0.9s)
[3.695s] -- Generating done (0.0s)
[3.695s] -- Build files have been written to: /home/runner/work/pixi_rosdistro/pixi_rosdistro/build/rosidl_adapter
[3.698s] Invoked command in '/home/runner/work/pixi_rosdistro/pixi_rosdistro/build/rosidl_adapter' returned '0': AMENT_PREFIX_PATH=/home/runner/work/pixi_rosdistro/pixi_rosdistro/install CMAKE_PREFIX_PATH=/home/runner/work/pixi_rosdistro/pixi_rosdistro/install:${CMAKE_PREFIX_PATH} LD_LIBRARY_PATH=/home/runner/work/pixi_rosdistro/pixi_rosdistro/install/lib PATH=/home/runner/work/pixi_rosdistro/pixi_rosdistro/install/bin:/opt/microsoft/powershell/7:${PATH} PIXI_PROMPT=(ros2_rolling) PKG_CONFIG_PATH=/home/runner/work/pixi_rosdistro/pixi_rosdistro/install/lib/pkgconfig PSModulePath=/home/runner/.local/share/powershell/Modules:${PSModulePath} PYTHONPATH=/home/runner/work/pixi_rosdistro/pixi_rosdistro/install/lib/python3.12/site-packages ROS_DOMAIN_ID=45 /home/runner/work/pixi_rosdistro/pixi_rosdistro/.pixi/envs/default/bin/cmake /home/runner/work/pixi_rosdistro/pixi_rosdistro/src/ros2/rosidl/rosidl_adapter -GNinja --no-warn-unused-cli -DCMAKE_BUILD_TYPE=Release -DCMAKE_BUILD_WITH_INSTALL_RPATH:bool=TRUE -DCMAKE_POLICY_VERSION_MINIMUM=3.5 -Wno-deprecated -DSTACK_DETAILS_AUTO_DETECT:bool=FALSE -DSTACK_DETAILS_BFD:bool=FALSE -DCMAKE_INSTALL_PREFIX=/home/runner/work/pixi_rosdistro/pixi_rosdistro/install
[3.699s] Invoking command in '/home/runner/work/pixi_rosdistro/pixi_rosdistro/build/rosidl_adapter': AMENT_PREFIX_PATH=/home/runner/work/pixi_rosdistro/pixi_rosdistro/install CMAKE_PREFIX_PATH=/home/runner/work/pixi_rosdistro/pixi_rosdistro/install:${CMAKE_PREFIX_PATH} LD_LIBRARY_PATH=/home/runner/work/pixi_rosdistro/pixi_rosdistro/install/lib PATH=/home/runner/work/pixi_rosdistro/pixi_rosdistro/install/bin:/opt/microsoft/powershell/7:${PATH} PIXI_PROMPT=(ros2_rolling) PKG_CONFIG_PATH=/home/runner/work/pixi_rosdistro/pixi_rosdistro/install/lib/pkgconfig PSModulePath=/home/runner/.local/share/powershell/Modules:${PSModulePath} PYTHONPATH=/home/runner/work/pixi_rosdistro/pixi_rosdistro/install/lib/python3.12/site-packages ROS_DOMAIN_ID=45 /home/runner/work/pixi_rosdistro/pixi_rosdistro/.pixi/envs/default/bin/cmake --build /home/runner/work/pixi_rosdistro/pixi_rosdistro/build/rosidl_adapter -- -j4 -l4
[3.726s] [1/2] cd /home/runner/work/pixi_rosdistro/pixi_rosdistro/build/rosidl_adapter && /home/runner/work/pixi_rosdistro/pixi_rosdistro/.pixi/envs/default/bin/cmake -E copy_directory /home/runner/work/pixi_rosdistro/pixi_rosdistro/src/ros2/rosidl/rosidl_adapter/rosidl_adapter /home/runner/work/pixi_rosdistro/pixi_rosdistro/build/rosidl_adapter/ament_cmake_python/rosidl_adapter/rosidl_adapter && /home/runner/work/pixi_rosdistro/pixi_rosdistro/.pixi/envs/default/bin/cmake -E copy_if_different /home/runner/work/pixi_rosdistro/pixi_rosdistro/src/ros2/rosidl/rosidl_adapter/setup.cfg /home/runner/work/pixi_rosdistro/pixi_rosdistro/build/rosidl_adapter/ament_cmake_python/rosidl_adapter/setup.cfg
[4.042s] [2/2] cd /home/runner/work/pixi_rosdistro/pixi_rosdistro/build/rosidl_adapter/ament_cmake_python/rosidl_adapter && /home/runner/work/pixi_rosdistro/pixi_rosdistro/.pixi/envs/default/bin/python3 setup.py egg_info
[4.042s] running egg_info
[4.042s] creating rosidl_adapter.egg-info
[4.042s] writing rosidl_adapter.egg-info/PKG-INFO
[4.042s] writing dependency_links to rosidl_adapter.egg-info/dependency_links.txt
[4.042s] writing entry points to rosidl_adapter.egg-info/entry_points.txt
[4.042s] writing top-level names to rosidl_adapter.egg-info/top_level.txt
[4.043s] writing manifest file 'rosidl_adapter.egg-info/SOURCES.txt'
[4.043s] reading manifest file 'rosidl_adapter.egg-info/SOURCES.txt'
[4.043s] writing manifest file 'rosidl_adapter.egg-info/SOURCES.txt'
[4.045s] Invoked command in '/home/runner/work/pixi_rosdistro/pixi_rosdistro/build/rosidl_adapter' returned '0': AMENT_PREFIX_PATH=/home/runner/work/pixi_rosdistro/pixi_rosdistro/install CMAKE_PREFIX_PATH=/home/runner/work/pixi_rosdistro/pixi_rosdistro/install:${CMAKE_PREFIX_PATH} LD_LIBRARY_PATH=/home/runner/work/pixi_rosdistro/pixi_rosdistro/install/lib PATH=/home/runner/work/pixi_rosdistro/pixi_rosdistro/install/bin:/opt/microsoft/powershell/7:${PATH} PIXI_PROMPT=(ros2_rolling) PKG_CONFIG_PATH=/home/runner/work/pixi_rosdistro/pixi_rosdistro/install/lib/pkgconfig PSModulePath=/home/runner/.local/share/powershell/Modules:${PSModulePath} PYTHONPATH=/home/runner/work/pixi_rosdistro/pixi_rosdistro/install/lib/python3.12/site-packages ROS_DOMAIN_ID=45 /home/runner/work/pixi_rosdistro/pixi_rosdistro/.pixi/envs/default/bin/cmake --build /home/runner/work/pixi_rosdistro/pixi_rosdistro/build/rosidl_adapter -- -j4 -l4
[4.046s] Invoking command in '/home/runner/work/pixi_rosdistro/pixi_rosdistro/build/rosidl_adapter': AMENT_PREFIX_PATH=/home/runner/work/pixi_rosdistro/pixi_rosdistro/install CMAKE_PREFIX_PATH=/home/runner/work/pixi_rosdistro/pixi_rosdistro/install:${CMAKE_PREFIX_PATH} LD_LIBRARY_PATH=/home/runner/work/pixi_rosdistro/pixi_rosdistro/install/lib PATH=/home/runner/work/pixi_rosdistro/pixi_rosdistro/install/bin:/opt/microsoft/powershell/7:${PATH} PIXI_PROMPT=(ros2_rolling) PKG_CONFIG_PATH=/home/runner/work/pixi_rosdistro/pixi_rosdistro/install/lib/pkgconfig PSModulePath=/home/runner/.local/share/powershell/Modules:${PSModulePath} PYTHONPATH=/home/runner/work/pixi_rosdistro/pixi_rosdistro/install/lib/python3.12/site-packages ROS_DOMAIN_ID=45 /home/runner/work/pixi_rosdistro/pixi_rosdistro/.pixi/envs/default/bin/cmake --install /home/runner/work/pixi_rosdistro/pixi_rosdistro/build/rosidl_adapter
[4.054s] -- Install configuration: "Release"
[4.054s] -- Installing: /home/runner/work/pixi_rosdistro/pixi_rosdistro/install/share/rosidl_adapter/environment/pythonpath.sh
[4.054s] -- Installing: /home/runner/work/pixi_rosdistro/pixi_rosdistro/install/share/rosidl_adapter/environment/pythonpath.dsv
[4.054s] -- Installing: /home/runner/work/pixi_rosdistro/pixi_rosdistro/install/share/ament_index/resource_index/package_run_dependencies/rosidl_adapter
[4.055s] -- Installing: /home/runner/work/pixi_rosdistro/pixi_rosdistro/install/share/ament_index/resource_index/parent_prefix_path/rosidl_adapter
[4.055s] -- Installing: /home/runner/work/pixi_rosdistro/pixi_rosdistro/install/share/rosidl_adapter/environment/ament_prefix_path.sh
[4.055s] -- Installing: /home/runner/work/pixi_rosdistro/pixi_rosdistro/install/share/rosidl_adapter/environment/ament_prefix_path.dsv
[4.056s] -- Installing: /home/runner/work/pixi_rosdistro/pixi_rosdistro/install/share/rosidl_adapter/environment/path.sh
[4.056s] -- Installing: /home/runner/work/pixi_rosdistro/pixi_rosdistro/install/share/rosidl_adapter/environment/path.dsv
[4.056s] -- Installing: /home/runner/work/pixi_rosdistro/pixi_rosdistro/install/share/rosidl_adapter/local_setup.bash
[4.056s] -- Installing: /home/runner/work/pixi_rosdistro/pixi_rosdistro/install/share/rosidl_adapter/local_setup.fish
[4.057s] -- Installing: /home/runner/work/pixi_rosdistro/pixi_rosdistro/install/share/rosidl_adapter/local_setup.sh
[4.057s] -- Installing: /home/runner/work/pixi_rosdistro/pixi_rosdistro/install/share/rosidl_adapter/local_setup.zsh
[4.057s] -- Installing: /home/runner/work/pixi_rosdistro/pixi_rosdistro/install/share/rosidl_adapter/local_setup.dsv
[4.058s] -- Installing: /home/runner/work/pixi_rosdistro/pixi_rosdistro/install/share/rosidl_adapter/package.dsv
[4.058s] -- Installing: /home/runner/work/pixi_rosdistro/pixi_rosdistro/install/share/ament_index/resource_index/packages/rosidl_adapter
[4.058s] -- Installing: /home/runner/work/pixi_rosdistro/pixi_rosdistro/install/lib/python3.12/site-packages/rosidl_adapter-5.1.3-py3.12.egg-info
[4.058s] -- Installing: /home/runner/work/pixi_rosdistro/pixi_rosdistro/install/lib/python3.12/site-packages/rosidl_adapter-5.1.3-py3.12.egg-info/entry_points.txt
[4.059s] -- Installing: /home/runner/work/pixi_rosdistro/pixi_rosdistro/install/lib/python3.12/site-packages/rosidl_adapter-5.1.3-py3.12.egg-info/dependency_links.txt
[4.059s] -- Installing: /home/runner/work/pixi_rosdistro/pixi_rosdistro/install/lib/python3.12/site-packages/rosidl_adapter-5.1.3-py3.12.egg-info/top_level.txt
[4.059s] -- Installing: /home/runner/work/pixi_rosdistro/pixi_rosdistro/install/lib/python3.12/site-packages/rosidl_adapter-5.1.3-py3.12.egg-info/PKG-INFO
[4.060s] -- Installing: /home/runner/work/pixi_rosdistro/pixi_rosdistro/install/lib/python3.12/site-packages/rosidl_adapter-5.1.3-py3.12.egg-info/SOURCES.txt
[4.060s] -- Installing: /home/runner/work/pixi_rosdistro/pixi_rosdistro/install/lib/python3.12/site-packages/rosidl_adapter
[4.060s] -- Installing: /home/runner/work/pixi_rosdistro/pixi_rosdistro/install/lib/python3.12/site-packages/rosidl_adapter/action
[4.060s] -- Installing: /home/runner/work/pixi_rosdistro/pixi_rosdistro/install/lib/python3.12/site-packages/rosidl_adapter/action/__init__.py
[4.060s] -- Installing: /home/runner/work/pixi_rosdistro/pixi_rosdistro/install/lib/python3.12/site-packages/rosidl_adapter/main.py
[4.061s] -- Installing: /home/runner/work/pixi_rosdistro/pixi_rosdistro/install/lib/python3.12/site-packages/rosidl_adapter/__init__.py
[4.061s] -- Installing: /home/runner/work/pixi_rosdistro/pixi_rosdistro/install/lib/python3.12/site-packages/rosidl_adapter/parser.py
[4.061s] -- Installing: /home/runner/work/pixi_rosdistro/pixi_rosdistro/install/lib/python3.12/site-packages/rosidl_adapter/srv
[4.061s] -- Installing: /home/runner/work/pixi_rosdistro/pixi_rosdistro/install/lib/python3.12/site-packages/rosidl_adapter/srv/__init__.py
[4.061s] -- Installing: /home/runner/work/pixi_rosdistro/pixi_rosdistro/install/lib/python3.12/site-packages/rosidl_adapter/cli.py
[4.061s] -- Installing: /home/runner/work/pixi_rosdistro/pixi_rosdistro/install/lib/python3.12/site-packages/rosidl_adapter/msg
[4.062s] -- Installing: /home/runner/work/pixi_rosdistro/pixi_rosdistro/install/lib/python3.12/site-packages/rosidl_adapter/msg/__init__.py
[4.062s] -- Installing: /home/runner/work/pixi_rosdistro/pixi_rosdistro/install/lib/python3.12/site-packages/rosidl_adapter/__main__.py
[4.062s] -- Installing: /home/runner/work/pixi_rosdistro/pixi_rosdistro/install/lib/python3.12/site-packages/rosidl_adapter/py.typed
[4.062s] -- Installing: /home/runner/work/pixi_rosdistro/pixi_rosdistro/install/lib/python3.12/site-packages/rosidl_adapter/resource
[4.062s] -- Installing: /home/runner/work/pixi_rosdistro/pixi_rosdistro/install/lib/python3.12/site-packages/rosidl_adapter/resource/__init__.py
[4.062s] -- Installing: /home/runner/work/pixi_rosdistro/pixi_rosdistro/install/lib/python3.12/site-packages/rosidl_adapter/resource/action.idl.em
[4.063s] -- Installing: /home/runner/work/pixi_rosdistro/pixi_rosdistro/install/lib/python3.12/site-packages/rosidl_adapter/resource/srv.idl.em
[4.063s] -- Installing: /home/runner/work/pixi_rosdistro/pixi_rosdistro/install/lib/python3.12/site-packages/rosidl_adapter/resource/msg.idl.em
[4.063s] -- Installing: /home/runner/work/pixi_rosdistro/pixi_rosdistro/install/lib/python3.12/site-packages/rosidl_adapter/resource/struct.idl.em
[4.108s] Listing '/home/runner/work/pixi_rosdistro/pixi_rosdistro/install/lib/python3.12/site-packages/rosidl_adapter'...
[4.108s] Compiling '/home/runner/work/pixi_rosdistro/pixi_rosdistro/install/lib/python3.12/site-packages/rosidl_adapter/__init__.py'...
[4.108s] Compiling '/home/runner/work/pixi_rosdistro/pixi_rosdistro/install/lib/python3.12/site-packages/rosidl_adapter/__main__.py'...
[4.108s] Listing '/home/runner/work/pixi_rosdistro/pixi_rosdistro/install/lib/python3.12/site-packages/rosidl_adapter/action'...
[4.108s] Compiling '/home/runner/work/pixi_rosdistro/pixi_rosdistro/install/lib/python3.12/site-packages/rosidl_adapter/action/__init__.py'...
[4.109s] Compiling '/home/runner/work/pixi_rosdistro/pixi_rosdistro/install/lib/python3.12/site-packages/rosidl_adapter/cli.py'...
[4.109s] Compiling '/home/runner/work/pixi_rosdistro/pixi_rosdistro/install/lib/python3.12/site-packages/rosidl_adapter/main.py'...
[4.109s] Listing '/home/runner/work/pixi_rosdistro/pixi_rosdistro/install/lib/python3.12/site-packages/rosidl_adapter/msg'...
[4.109s] Compiling '/home/runner/work/pixi_rosdistro/pixi_rosdistro/install/lib/python3.12/site-packages/rosidl_adapter/msg/__init__.py'...
[4.109s] Compiling '/home/runner/work/pixi_rosdistro/pixi_rosdistro/install/lib/python3.12/site-packages/rosidl_adapter/parser.py'...
[4.109s] Listing '/home/runner/work/pixi_rosdistro/pixi_rosdistro/install/lib/python3.12/site-packages/rosidl_adapter/resource'...
[4.109s] Compiling '/home/runner/work/pixi_rosdistro/pixi_rosdistro/install/lib/python3.12/site-packages/rosidl_adapter/resource/__init__.py'...
[4.109s] Listing '/home/runner/work/pixi_rosdistro/pixi_rosdistro/install/lib/python3.12/site-packages/rosidl_adapter/srv'...
[4.109s] Compiling '/home/runner/work/pixi_rosdistro/pixi_rosdistro/install/lib/python3.12/site-packages/rosidl_adapter/srv/__init__.py'...
[4.114s] -- Installing: /home/runner/work/pixi_rosdistro/pixi_rosdistro/install/share/rosidl_adapter/cmake/rosidl_adapter-extras.cmake
[4.115s] -- Installing: /home/runner/work/pixi_rosdistro/pixi_rosdistro/install/share/rosidl_adapter/cmake/rosidl_adapterConfig.cmake
[4.115s] -- Installing: /home/runner/work/pixi_rosdistro/pixi_rosdistro/install/share/rosidl_adapter/cmake/rosidl_adapterConfig-version.cmake
[4.115s] -- Installing: /home/runner/work/pixi_rosdistro/pixi_rosdistro/install/share/rosidl_adapter/package.xml
[4.115s] -- Up-to-date: /home/runner/work/pixi_rosdistro/pixi_rosdistro/install/share/rosidl_adapter/cmake
[4.115s] -- Installing: /home/runner/work/pixi_rosdistro/pixi_rosdistro/install/share/rosidl_adapter/cmake/rosidl_adapt_interfaces.cmake
[4.115s] -- Installing: /home/runner/work/pixi_rosdistro/pixi_rosdistro/install/lib/rosidl_adapter/msg2idl.py
[4.116s] -- Installing: /home/runner/work/pixi_rosdistro/pixi_rosdistro/install/lib/rosidl_adapter/srv2idl.py
[4.116s] -- Installing: /home/runner/work/pixi_rosdistro/pixi_rosdistro/install/lib/rosidl_adapter/action2idl.py
[4.118s] Invoked command in '/home/runner/work/pixi_rosdistro/pixi_rosdistro/build/rosidl_adapter' returned '0': AMENT_PREFIX_PATH=/home/runner/work/pixi_rosdistro/pixi_rosdistro/install CMAKE_PREFIX_PATH=/home/runner/work/pixi_rosdistro/pixi_rosdistro/install:${CMAKE_PREFIX_PATH} LD_LIBRARY_PATH=/home/runner/work/pixi_rosdistro/pixi_rosdistro/install/lib PATH=/home/runner/work/pixi_rosdistro/pixi_rosdistro/install/bin:/opt/microsoft/powershell/7:${PATH} PIXI_PROMPT=(ros2_rolling) PKG_CONFIG_PATH=/home/runner/work/pixi_rosdistro/pixi_rosdistro/install/lib/pkgconfig PSModulePath=/home/runner/.local/share/powershell/Modules:${PSModulePath} PYTHONPATH=/home/runner/work/pixi_rosdistro/pixi_rosdistro/install/lib/python3.12/site-packages ROS_DOMAIN_ID=45 /home/runner/work/pixi_rosdistro/pixi_rosdistro/.pixi/envs/default/bin/cmake --install /home/runner/work/pixi_rosdistro/pixi_rosdistro/build/rosidl_adapter
