[5.141s] Invoking command in '/home/runner/work/pixi_rosdistro/pixi_rosdistro/build/tf2_geometry_msgs': AMENT_PREFIX_PATH=/home/runner/work/pixi_rosdistro/pixi_rosdistro/install CMAKE_PREFIX_PATH=/home/runner/work/pixi_rosdistro/pixi_rosdistro/install:${CMAKE_PREFIX_PATH} LD_LIBRARY_PATH=/home/runner/work/pixi_rosdistro/pixi_rosdistro/install/lib PATH=/home/runner/work/pixi_rosdistro/pixi_rosdistro/install/bin:/opt/microsoft/powershell/7:${PATH} PIXI_PROMPT=(ros2_rolling) PKG_CONFIG_PATH=/home/runner/work/pixi_rosdistro/pixi_rosdistro/install/lib/pkgconfig PSModulePath=/home/runner/.local/share/powershell/Modules:${PSModulePath} PYTHONPATH=/home/runner/work/pixi_rosdistro/pixi_rosdistro/install/lib/python3.12/site-packages /home/runner/work/pixi_rosdistro/pixi_rosdistro/.pixi/envs/default/bin/cmake /home/runner/work/pixi_rosdistro/pixi_rosdistro/src/ros2/geometry2/tf2_geometry_msgs -GNinja --no-warn-unused-cli -DCMAKE_BUILD_TYPE=Release -DCMAKE_BUILD_WITH_INSTALL_RPATH:bool=TRUE -DCMAKE_POLICY_VERSION_MINIMUM=3.5 -Wno-deprecated -DSTACK_DETAILS_AUTO_DETECT:bool=FALSE -DSTACK_DETAILS_BFD:bool=FALSE -DCMAKE_INSTALL_PREFIX=/home/runner/work/pixi_rosdistro/pixi_rosdistro/install
[5.219s] Not searching for unused variables given on the command line.
[5.219s] -- The C compiler identification is GNU 14.3.0
[5.339s] -- The CXX compiler identification is GNU 14.3.0
[5.353s] -- Detecting C compiler ABI info
[5.488s] -- Detecting C compiler ABI info - done
[5.521s] -- Check for working C compiler: /home/runner/work/pixi_rosdistro/pixi_rosdistro/.pixi/envs/default/bin/x86_64-conda-linux-gnu-cc - skipped
[5.522s] -- Detecting C compile features
[5.522s] -- Detecting C compile features - done
[5.540s] -- Detecting CXX compiler ABI info
[5.706s] -- Detecting CXX compiler ABI info - done
[5.741s] -- Check for working CXX compiler: /home/runner/work/pixi_rosdistro/pixi_rosdistro/.pixi/envs/default/bin/x86_64-conda-linux-gnu-c++ - skipped
[5.743s] -- Detecting CXX compile features
[5.744s] -- Detecting CXX compile features - done
[5.936s] -- Found Python3: /home/runner/work/pixi_rosdistro/pixi_rosdistro/.pixi/envs/default/bin/python3 (found version "3.12.13") found components: Interpreter
[5.936s] -- Found geometry_msgs: 5.9.1 (/home/runner/work/pixi_rosdistro/pixi_rosdistro/install/share/geometry_msgs/cmake)
[6.056s] -- Found rosidl_generator_c: 5.1.3 (/home/runner/work/pixi_rosdistro/pixi_rosdistro/install/share/rosidl_generator_c/cmake)
[6.069s] -- Found rosidl_generator_cpp: 5.1.3 (/home/runner/work/pixi_rosdistro/pixi_rosdistro/install/share/rosidl_generator_cpp/cmake)
[6.096s] -- Using all available rosidl_typesupport_c: rosidl_typesupport_fastrtps_c;rosidl_typesupport_introspection_c
[6.117s] -- Using all available rosidl_typesupport_cpp: rosidl_typesupport_fastrtps_cpp;rosidl_typesupport_introspection_cpp
[6.220s] -- Found tf2: 0.45.6 (/home/runner/work/pixi_rosdistro/pixi_rosdistro/install/share/tf2/cmake)
[6.232s] -- Found tf2_ros: 0.45.6 (/home/runner/work/pixi_rosdistro/pixi_rosdistro/install/share/tf2_ros/cmake)
[6.440s] -- Found rmw_implementation_cmake: 7.9.1 (/home/runner/work/pixi_rosdistro/pixi_rosdistro/install/share/rmw_implementation_cmake/cmake)
[6.444s] -- Found rmw_fastrtps_cpp: 9.4.5 (/home/runner/work/pixi_rosdistro/pixi_rosdistro/install/share/rmw_fastrtps_cpp/cmake)
[6.497s] -- Using RMW implementation 'rmw_fastrtps_cpp' as default
[6.905s] -- Found ament_lint_auto: 0.20.3 (/home/runner/work/pixi_rosdistro/pixi_rosdistro/install/share/ament_lint_auto/cmake)
[7.267s] -- Found gtest sources under '/home/runner/work/pixi_rosdistro/pixi_rosdistro/install/src/gtest_vendor': C++ tests using 'Google Test' will be built
[7.273s] -- Performing Test CMAKE_HAVE_LIBC_PTHREAD
[7.425s] -- Performing Test CMAKE_HAVE_LIBC_PTHREAD - Failed
[7.425s] -- Check if compiler accepts -pthread
[7.579s] -- Check if compiler accepts -pthread - yes
[7.581s] -- Found Threads: TRUE
[7.590s] -- Added test 'copyright' to check source files copyright and LICENSE
[7.593s] -- Added test 'cpplint' to check C / C++ code against the Google style
[7.593s] -- Configured cpplint exclude dirs and/or files: 
[7.594s] -- Added test 'flake8' to check Python code syntax and style conventions
[7.594s] -- Configured 'flake8' exclude dirs and/or files: 
[7.595s] -- Added test 'lint_cmake' to check CMake code style
[7.598s] -- Added test 'pep257' to check Python code against some of the docstring style conventions in PEP 257
[7.599s] -- Added test 'uncrustify' to check C / C++ code style
[7.599s] -- Configured uncrustify additional arguments: 
[7.600s] -- Added test 'xmllint' to check XML markup files
[7.607s] -- Configuring done (2.5s)
[7.653s] -- Generating done (0.0s)
[7.718s] -- Build files have been written to: /home/runner/work/pixi_rosdistro/pixi_rosdistro/build/tf2_geometry_msgs
[7.733s] Invoked command in '/home/runner/work/pixi_rosdistro/pixi_rosdistro/build/tf2_geometry_msgs' returned '0': AMENT_PREFIX_PATH=/home/runner/work/pixi_rosdistro/pixi_rosdistro/install CMAKE_PREFIX_PATH=/home/runner/work/pixi_rosdistro/pixi_rosdistro/install:${CMAKE_PREFIX_PATH} LD_LIBRARY_PATH=/home/runner/work/pixi_rosdistro/pixi_rosdistro/install/lib PATH=/home/runner/work/pixi_rosdistro/pixi_rosdistro/install/bin:/opt/microsoft/powershell/7:${PATH} PIXI_PROMPT=(ros2_rolling) PKG_CONFIG_PATH=/home/runner/work/pixi_rosdistro/pixi_rosdistro/install/lib/pkgconfig PSModulePath=/home/runner/.local/share/powershell/Modules:${PSModulePath} PYTHONPATH=/home/runner/work/pixi_rosdistro/pixi_rosdistro/install/lib/python3.12/site-packages ROS_DOMAIN_ID=95 /home/runner/work/pixi_rosdistro/pixi_rosdistro/.pixi/envs/default/bin/cmake /home/runner/work/pixi_rosdistro/pixi_rosdistro/src/ros2/geometry2/tf2_geometry_msgs -GNinja --no-warn-unused-cli -DCMAKE_BUILD_TYPE=Release -DCMAKE_BUILD_WITH_INSTALL_RPATH:bool=TRUE -DCMAKE_POLICY_VERSION_MINIMUM=3.5 -Wno-deprecated -DSTACK_DETAILS_AUTO_DETECT:bool=FALSE -DSTACK_DETAILS_BFD:bool=FALSE -DCMAKE_INSTALL_PREFIX=/home/runner/work/pixi_rosdistro/pixi_rosdistro/install
[7.734s] Invoking command in '/home/runner/work/pixi_rosdistro/pixi_rosdistro/build/tf2_geometry_msgs': AMENT_PREFIX_PATH=/home/runner/work/pixi_rosdistro/pixi_rosdistro/install CMAKE_PREFIX_PATH=/home/runner/work/pixi_rosdistro/pixi_rosdistro/install:${CMAKE_PREFIX_PATH} LD_LIBRARY_PATH=/home/runner/work/pixi_rosdistro/pixi_rosdistro/install/lib PATH=/home/runner/work/pixi_rosdistro/pixi_rosdistro/install/bin:/opt/microsoft/powershell/7:${PATH} PIXI_PROMPT=(ros2_rolling) PKG_CONFIG_PATH=/home/runner/work/pixi_rosdistro/pixi_rosdistro/install/lib/pkgconfig PSModulePath=/home/runner/.local/share/powershell/Modules:${PSModulePath} PYTHONPATH=/home/runner/work/pixi_rosdistro/pixi_rosdistro/install/lib/python3.12/site-packages ROS_DOMAIN_ID=95 /home/runner/work/pixi_rosdistro/pixi_rosdistro/.pixi/envs/default/bin/cmake --build /home/runner/work/pixi_rosdistro/pixi_rosdistro/build/tf2_geometry_msgs -- -j4 -l4
[8.337s] [1/8] Building CXX object gtest/CMakeFiles/gtest.dir/src/gtest-all.cc.o
[8.676s] [2/8] Building CXX object gtest/CMakeFiles/gtest_main.dir/src/gtest_main.cc.o
[9.856s] [3/8] Building CXX object CMakeFiles/test_tf2_geometry_msgs.dir/test/test_tf2_geometry_msgs.cpp.o
[9.862s] [4/8] cd /home/runner/work/pixi_rosdistro/pixi_rosdistro/build/tf2_geometry_msgs && /home/runner/work/pixi_rosdistro/pixi_rosdistro/.pixi/envs/default/bin/cmake -E copy_directory /home/runner/work/pixi_rosdistro/pixi_rosdistro/src/ros2/geometry2/tf2_geometry_msgs/src/tf2_geometry_msgs /home/runner/work/pixi_rosdistro/pixi_rosdistro/build/tf2_geometry_msgs/ament_cmake_python/tf2_geometry_msgs/tf2_geometry_msgs
[9.886s] [5/8] Linking CXX static library gtest/libgtest.a
[9.897s] [6/8] Linking CXX static library gtest/libgtest_main.a
[10.062s] [7/8] Linking CXX executable test_tf2_geometry_msgs
[10.386s] [8/8] cd /home/runner/work/pixi_rosdistro/pixi_rosdistro/build/tf2_geometry_msgs/ament_cmake_python/tf2_geometry_msgs && /home/runner/work/pixi_rosdistro/pixi_rosdistro/.pixi/envs/default/bin/python3 setup.py egg_info
[10.386s] running egg_info
[10.386s] creating tf2_geometry_msgs.egg-info
[10.386s] writing tf2_geometry_msgs.egg-info/PKG-INFO
[10.386s] writing dependency_links to tf2_geometry_msgs.egg-info/dependency_links.txt
[10.386s] writing top-level names to tf2_geometry_msgs.egg-info/top_level.txt
[10.387s] writing manifest file 'tf2_geometry_msgs.egg-info/SOURCES.txt'
[10.387s] reading manifest file 'tf2_geometry_msgs.egg-info/SOURCES.txt'
[10.387s] writing manifest file 'tf2_geometry_msgs.egg-info/SOURCES.txt'
[10.388s] Invoked command in '/home/runner/work/pixi_rosdistro/pixi_rosdistro/build/tf2_geometry_msgs' returned '0': AMENT_PREFIX_PATH=/home/runner/work/pixi_rosdistro/pixi_rosdistro/install CMAKE_PREFIX_PATH=/home/runner/work/pixi_rosdistro/pixi_rosdistro/install:${CMAKE_PREFIX_PATH} LD_LIBRARY_PATH=/home/runner/work/pixi_rosdistro/pixi_rosdistro/install/lib PATH=/home/runner/work/pixi_rosdistro/pixi_rosdistro/install/bin:/opt/microsoft/powershell/7:${PATH} PIXI_PROMPT=(ros2_rolling) PKG_CONFIG_PATH=/home/runner/work/pixi_rosdistro/pixi_rosdistro/install/lib/pkgconfig PSModulePath=/home/runner/.local/share/powershell/Modules:${PSModulePath} PYTHONPATH=/home/runner/work/pixi_rosdistro/pixi_rosdistro/install/lib/python3.12/site-packages ROS_DOMAIN_ID=95 /home/runner/work/pixi_rosdistro/pixi_rosdistro/.pixi/envs/default/bin/cmake --build /home/runner/work/pixi_rosdistro/pixi_rosdistro/build/tf2_geometry_msgs -- -j4 -l4
[10.390s] Invoking command in '/home/runner/work/pixi_rosdistro/pixi_rosdistro/build/tf2_geometry_msgs': AMENT_PREFIX_PATH=/home/runner/work/pixi_rosdistro/pixi_rosdistro/install CMAKE_PREFIX_PATH=/home/runner/work/pixi_rosdistro/pixi_rosdistro/install:${CMAKE_PREFIX_PATH} LD_LIBRARY_PATH=/home/runner/work/pixi_rosdistro/pixi_rosdistro/install/lib PATH=/home/runner/work/pixi_rosdistro/pixi_rosdistro/install/bin:/opt/microsoft/powershell/7:${PATH} PIXI_PROMPT=(ros2_rolling) PKG_CONFIG_PATH=/home/runner/work/pixi_rosdistro/pixi_rosdistro/install/lib/pkgconfig PSModulePath=/home/runner/.local/share/powershell/Modules:${PSModulePath} PYTHONPATH=/home/runner/work/pixi_rosdistro/pixi_rosdistro/install/lib/python3.12/site-packages ROS_DOMAIN_ID=95 /home/runner/work/pixi_rosdistro/pixi_rosdistro/.pixi/envs/default/bin/cmake --install /home/runner/work/pixi_rosdistro/pixi_rosdistro/build/tf2_geometry_msgs
[10.398s] -- Install configuration: "Release"
[10.398s] -- Installing: /home/runner/work/pixi_rosdistro/pixi_rosdistro/install/share/tf2_geometry_msgs/environment/pythonpath.sh
[10.398s] -- Installing: /home/runner/work/pixi_rosdistro/pixi_rosdistro/install/share/tf2_geometry_msgs/environment/pythonpath.dsv
[10.398s] -- Installing: /home/runner/work/pixi_rosdistro/pixi_rosdistro/install/include/tf2_geometry_msgs
[10.399s] -- Installing: /home/runner/work/pixi_rosdistro/pixi_rosdistro/install/include/tf2_geometry_msgs/tf2_geometry_msgs
[10.399s] -- Installing: /home/runner/work/pixi_rosdistro/pixi_rosdistro/install/include/tf2_geometry_msgs/tf2_geometry_msgs/tf2_geometry_msgs.hpp
[10.399s] -- Installing: /home/runner/work/pixi_rosdistro/pixi_rosdistro/install/share/ament_index/resource_index/package_run_dependencies/tf2_geometry_msgs
[10.399s] -- Installing: /home/runner/work/pixi_rosdistro/pixi_rosdistro/install/share/ament_index/resource_index/parent_prefix_path/tf2_geometry_msgs
[10.400s] -- Installing: /home/runner/work/pixi_rosdistro/pixi_rosdistro/install/share/tf2_geometry_msgs/environment/ament_prefix_path.sh
[10.400s] -- Installing: /home/runner/work/pixi_rosdistro/pixi_rosdistro/install/share/tf2_geometry_msgs/environment/ament_prefix_path.dsv
[10.400s] -- Installing: /home/runner/work/pixi_rosdistro/pixi_rosdistro/install/share/tf2_geometry_msgs/environment/path.sh
[10.400s] -- Installing: /home/runner/work/pixi_rosdistro/pixi_rosdistro/install/share/tf2_geometry_msgs/environment/path.dsv
[10.401s] -- Installing: /home/runner/work/pixi_rosdistro/pixi_rosdistro/install/share/tf2_geometry_msgs/local_setup.bash
[10.401s] -- Installing: /home/runner/work/pixi_rosdistro/pixi_rosdistro/install/share/tf2_geometry_msgs/local_setup.fish
[10.401s] -- Installing: /home/runner/work/pixi_rosdistro/pixi_rosdistro/install/share/tf2_geometry_msgs/local_setup.sh
[10.401s] -- Installing: /home/runner/work/pixi_rosdistro/pixi_rosdistro/install/share/tf2_geometry_msgs/local_setup.zsh
[10.401s] -- Installing: /home/runner/work/pixi_rosdistro/pixi_rosdistro/install/share/tf2_geometry_msgs/local_setup.dsv
[10.402s] -- Installing: /home/runner/work/pixi_rosdistro/pixi_rosdistro/install/share/tf2_geometry_msgs/package.dsv
[10.402s] -- Installing: /home/runner/work/pixi_rosdistro/pixi_rosdistro/install/share/ament_index/resource_index/packages/tf2_geometry_msgs
[10.402s] -- Installing: /home/runner/work/pixi_rosdistro/pixi_rosdistro/install/lib/python3.12/site-packages/tf2_geometry_msgs-0.45.6-py3.12.egg-info
[10.402s] -- Installing: /home/runner/work/pixi_rosdistro/pixi_rosdistro/install/lib/python3.12/site-packages/tf2_geometry_msgs-0.45.6-py3.12.egg-info/dependency_links.txt
[10.403s] -- Installing: /home/runner/work/pixi_rosdistro/pixi_rosdistro/install/lib/python3.12/site-packages/tf2_geometry_msgs-0.45.6-py3.12.egg-info/top_level.txt
[10.403s] -- Installing: /home/runner/work/pixi_rosdistro/pixi_rosdistro/install/lib/python3.12/site-packages/tf2_geometry_msgs-0.45.6-py3.12.egg-info/PKG-INFO
[10.403s] -- Installing: /home/runner/work/pixi_rosdistro/pixi_rosdistro/install/lib/python3.12/site-packages/tf2_geometry_msgs-0.45.6-py3.12.egg-info/SOURCES.txt
[10.403s] -- Installing: /home/runner/work/pixi_rosdistro/pixi_rosdistro/install/lib/python3.12/site-packages/tf2_geometry_msgs
[10.403s] -- Installing: /home/runner/work/pixi_rosdistro/pixi_rosdistro/install/lib/python3.12/site-packages/tf2_geometry_msgs/__init__.py
[10.404s] -- Installing: /home/runner/work/pixi_rosdistro/pixi_rosdistro/install/lib/python3.12/site-packages/tf2_geometry_msgs/tf2_geometry_msgs.py
[10.438s] Listing '/home/runner/work/pixi_rosdistro/pixi_rosdistro/install/lib/python3.12/site-packages/tf2_geometry_msgs'...
[10.438s] Compiling '/home/runner/work/pixi_rosdistro/pixi_rosdistro/install/lib/python3.12/site-packages/tf2_geometry_msgs/__init__.py'...
[10.438s] Compiling '/home/runner/work/pixi_rosdistro/pixi_rosdistro/install/lib/python3.12/site-packages/tf2_geometry_msgs/tf2_geometry_msgs.py'...
[10.444s] -- Installing: /home/runner/work/pixi_rosdistro/pixi_rosdistro/install/share/tf2_geometry_msgs/cmake/export_tf2_geometry_msgsExport.cmake
[10.444s] -- Installing: /home/runner/work/pixi_rosdistro/pixi_rosdistro/install/share/tf2_geometry_msgs/cmake/ament_cmake_export_include_directories-extras.cmake
[10.444s] -- Installing: /home/runner/work/pixi_rosdistro/pixi_rosdistro/install/share/tf2_geometry_msgs/cmake/ament_cmake_export_targets-extras.cmake
[10.445s] -- Installing: /home/runner/work/pixi_rosdistro/pixi_rosdistro/install/share/tf2_geometry_msgs/cmake/ament_cmake_export_dependencies-extras.cmake
[10.445s] -- Installing: /home/runner/work/pixi_rosdistro/pixi_rosdistro/install/share/tf2_geometry_msgs/cmake/tf2_geometry_msgsConfig.cmake
[10.445s] -- Installing: /home/runner/work/pixi_rosdistro/pixi_rosdistro/install/share/tf2_geometry_msgs/cmake/tf2_geometry_msgsConfig-version.cmake
[10.445s] -- Installing: /home/runner/work/pixi_rosdistro/pixi_rosdistro/install/share/tf2_geometry_msgs/package.xml
[10.447s] Invoked command in '/home/runner/work/pixi_rosdistro/pixi_rosdistro/build/tf2_geometry_msgs' returned '0': AMENT_PREFIX_PATH=/home/runner/work/pixi_rosdistro/pixi_rosdistro/install CMAKE_PREFIX_PATH=/home/runner/work/pixi_rosdistro/pixi_rosdistro/install:${CMAKE_PREFIX_PATH} LD_LIBRARY_PATH=/home/runner/work/pixi_rosdistro/pixi_rosdistro/install/lib PATH=/home/runner/work/pixi_rosdistro/pixi_rosdistro/install/bin:/opt/microsoft/powershell/7:${PATH} PIXI_PROMPT=(ros2_rolling) PKG_CONFIG_PATH=/home/runner/work/pixi_rosdistro/pixi_rosdistro/install/lib/pkgconfig PSModulePath=/home/runner/.local/share/powershell/Modules:${PSModulePath} PYTHONPATH=/home/runner/work/pixi_rosdistro/pixi_rosdistro/install/lib/python3.12/site-packages ROS_DOMAIN_ID=95 /home/runner/work/pixi_rosdistro/pixi_rosdistro/.pixi/envs/default/bin/cmake --install /home/runner/work/pixi_rosdistro/pixi_rosdistro/build/tf2_geometry_msgs
