[0.441s] Invoking command in '/Users/runner/work/pixi_rosdistro/pixi_rosdistro/build/rmw': AMENT_PREFIX_PATH=/Users/runner/work/pixi_rosdistro/pixi_rosdistro/install CMAKE_PREFIX_PATH=/Users/runner/work/pixi_rosdistro/pixi_rosdistro/install DYLD_LIBRARY_PATH=/Users/runner/work/pixi_rosdistro/pixi_rosdistro/install/lib:/Users/runner/work/pixi_rosdistro/pixi_rosdistro/install/opt/mimick_vendor/lib PATH=/Users/runner/work/pixi_rosdistro/pixi_rosdistro/install/bin:${PATH} PIXI_PROMPT=(ros2_rolling) PKG_CONFIG_PATH=/Users/runner/work/pixi_rosdistro/pixi_rosdistro/install/lib/pkgconfig PYTHONPATH=/Users/runner/work/pixi_rosdistro/pixi_rosdistro/install/lib/python3.12/site-packages SHLVL=3 _=/usr/bin/env /Users/runner/work/pixi_rosdistro/pixi_rosdistro/.pixi/envs/default/bin/cmake /Users/runner/work/pixi_rosdistro/pixi_rosdistro/src/ros2/rmw/rmw -GNinja --no-warn-unused-cli -DCMAKE_BUILD_TYPE=Release -DCMAKE_BUILD_WITH_INSTALL_RPATH:bool=TRUE -DCMAKE_POLICY_VERSION_MINIMUM=3.5 -Wno-deprecated -DSTACK_DETAILS_AUTO_DETECT:bool=FALSE -DSTACK_DETAILS_BFD:bool=FALSE -DCMAKE_INSTALL_PREFIX=/Users/runner/work/pixi_rosdistro/pixi_rosdistro/install
[0.651s] Not searching for unused variables given on the command line.
[0.651s] -- The C compiler identification is AppleClang 17.0.0.17000013
[0.791s] -- The CXX compiler identification is AppleClang 17.0.0.17000013
[0.848s] -- Detecting C compiler ABI info
[1.271s] -- Detecting C compiler ABI info - done
[1.311s] -- Check for working C compiler: /usr/bin/cc - skipped
[1.311s] -- Detecting C compile features
[1.312s] -- Detecting C compile features - done
[1.319s] -- Detecting CXX compiler ABI info
[1.723s] -- Detecting CXX compiler ABI info - done
[1.764s] -- Check for working CXX compiler: /usr/bin/c++ - skipped
[1.764s] -- Detecting CXX compile features
[1.764s] -- Detecting CXX compile features - done
[1.786s] -- Found ament_cmake: 2.8.6 (/Users/runner/work/pixi_rosdistro/pixi_rosdistro/install/share/ament_cmake/cmake)
[2.157s] -- Found ament_cmake_ros_core: 0.15.6 (/Users/runner/work/pixi_rosdistro/pixi_rosdistro/install/share/ament_cmake_ros_core/cmake)
[2.162s] -- Found rcutils: 7.0.7 (/Users/runner/work/pixi_rosdistro/pixi_rosdistro/install/share/rcutils/cmake)
[2.172s] -- Found rosidl_dynamic_typesupport: 0.4.0 (/Users/runner/work/pixi_rosdistro/pixi_rosdistro/install/share/rosidl_dynamic_typesupport/cmake)
[2.210s] -- Found ament_lint_auto: 0.20.3 (/Users/runner/work/pixi_rosdistro/pixi_rosdistro/install/share/ament_lint_auto/cmake)
[2.409s] -- Found gmock sources under '/Users/runner/work/pixi_rosdistro/pixi_rosdistro/install/src/gmock_vendor': C++ tests using 'Google Mock' will be built
[2.423s] -- Found ament_cmake_gtest: 2.8.6 (/Users/runner/work/pixi_rosdistro/pixi_rosdistro/install/share/ament_cmake_gtest/cmake)
[2.424s] -- Found gtest sources under '/Users/runner/work/pixi_rosdistro/pixi_rosdistro/install/src/gtest_vendor': C++ tests using 'Google Test' will be built
[2.428s] -- Performing Test CMAKE_HAVE_LIBC_PTHREAD
[2.778s] -- Performing Test CMAKE_HAVE_LIBC_PTHREAD - Success
[2.778s] -- Found Threads: TRUE
[2.806s] -- Added test 'copyright' to check source files copyright and LICENSE
[2.812s] -- Added test 'cpplint' to check C / C++ code against the Google style
[2.812s] -- Configured cpplint exclude dirs and/or files: 
[2.815s] -- Added test 'lint_cmake' to check CMake code style
[2.822s] -- Added test 'uncrustify' to check C / C++ code style
[2.822s] -- Configured uncrustify additional arguments: 
[2.824s] -- Added test 'xmllint' to check XML markup files
[2.831s] -- Configuring done (2.4s)
[2.898s] -- Generating done (0.1s)
[2.948s] -- Build files have been written to: /Users/runner/work/pixi_rosdistro/pixi_rosdistro/build/rmw
[2.954s] Invoked command in '/Users/runner/work/pixi_rosdistro/pixi_rosdistro/build/rmw' returned '0': AMENT_PREFIX_PATH=/Users/runner/work/pixi_rosdistro/pixi_rosdistro/install CMAKE_PREFIX_PATH=/Users/runner/work/pixi_rosdistro/pixi_rosdistro/install DYLD_LIBRARY_PATH=/Users/runner/work/pixi_rosdistro/pixi_rosdistro/install/lib:/Users/runner/work/pixi_rosdistro/pixi_rosdistro/install/opt/mimick_vendor/lib PATH=/Users/runner/work/pixi_rosdistro/pixi_rosdistro/install/bin:${PATH} PIXI_PROMPT=(ros2_rolling) PKG_CONFIG_PATH=/Users/runner/work/pixi_rosdistro/pixi_rosdistro/install/lib/pkgconfig PYTHONPATH=/Users/runner/work/pixi_rosdistro/pixi_rosdistro/install/lib/python3.12/site-packages SHLVL=3 _=/usr/bin/env /Users/runner/work/pixi_rosdistro/pixi_rosdistro/.pixi/envs/default/bin/cmake /Users/runner/work/pixi_rosdistro/pixi_rosdistro/src/ros2/rmw/rmw -GNinja --no-warn-unused-cli -DCMAKE_BUILD_TYPE=Release -DCMAKE_BUILD_WITH_INSTALL_RPATH:bool=TRUE -DCMAKE_POLICY_VERSION_MINIMUM=3.5 -Wno-deprecated -DSTACK_DETAILS_AUTO_DETECT:bool=FALSE -DSTACK_DETAILS_BFD:bool=FALSE -DCMAKE_INSTALL_PREFIX=/Users/runner/work/pixi_rosdistro/pixi_rosdistro/install
[2.955s] Invoking command in '/Users/runner/work/pixi_rosdistro/pixi_rosdistro/build/rmw': AMENT_PREFIX_PATH=/Users/runner/work/pixi_rosdistro/pixi_rosdistro/install CMAKE_PREFIX_PATH=/Users/runner/work/pixi_rosdistro/pixi_rosdistro/install DYLD_LIBRARY_PATH=/Users/runner/work/pixi_rosdistro/pixi_rosdistro/install/lib:/Users/runner/work/pixi_rosdistro/pixi_rosdistro/install/opt/mimick_vendor/lib PATH=/Users/runner/work/pixi_rosdistro/pixi_rosdistro/install/bin:${PATH} PIXI_PROMPT=(ros2_rolling) PKG_CONFIG_PATH=/Users/runner/work/pixi_rosdistro/pixi_rosdistro/install/lib/pkgconfig PYTHONPATH=/Users/runner/work/pixi_rosdistro/pixi_rosdistro/install/lib/python3.12/site-packages SHLVL=3 _=/usr/bin/env /Users/runner/work/pixi_rosdistro/pixi_rosdistro/.pixi/envs/default/bin/cmake --build /Users/runner/work/pixi_rosdistro/pixi_rosdistro/build/rmw -- -j3 -l3
[3.173s] [1/90] Building C object CMakeFiles/rmw.dir/src/allocators.c.o
[3.362s] [2/90] Building C object CMakeFiles/rmw.dir/src/convert_rcutils_ret_to_rmw_ret.c.o
[3.611s] [3/90] Building C object CMakeFiles/rmw.dir/src/discovery_options.c.o
[3.837s] [4/90] Building C object CMakeFiles/rmw.dir/src/enclave.c.o
[4.019s] [5/90] Building C object CMakeFiles/rmw.dir/src/event.c.o
[4.215s] [6/90] Building C object CMakeFiles/rmw.dir/src/init.c.o
[4.379s] [7/90] Building C object CMakeFiles/rmw.dir/src/init_options.c.o
[4.602s] [8/90] Building C object CMakeFiles/rmw.dir/src/message_sequence.c.o
[4.812s] [9/90] Building C object CMakeFiles/rmw.dir/src/names_and_types.c.o
[5.062s] [10/90] Building C object CMakeFiles/rmw.dir/src/network_flow_endpoint_array.c.o
[5.297s] [11/90] Building C object CMakeFiles/rmw.dir/src/network_flow_endpoint.c.o
[5.546s] [12/90] Building C object CMakeFiles/rmw.dir/src/publisher_options.c.o
[5.718s] [13/90] Building C object CMakeFiles/rmw.dir/src/qos_string_conversions.c.o
[5.897s] [14/90] Building C object CMakeFiles/rmw.dir/src/sanity_checks.c.o
[6.091s] [15/90] Building C object CMakeFiles/rmw.dir/src/security_options.c.o
[6.306s] [16/90] Building C object CMakeFiles/rmw.dir/src/service_endpoint_info_array.c.o
[6.553s] [17/90] Building C object CMakeFiles/rmw.dir/src/service_endpoint_info.c.o
[6.740s] [18/90] Building C object CMakeFiles/rmw.dir/src/subscription_content_filter_options.c.o
[6.973s] [19/90] Building C object CMakeFiles/rmw.dir/src/subscription_options.c.o
[7.160s] [20/90] Building C object CMakeFiles/rmw.dir/src/time.c.o
[7.467s] [21/90] Building C object CMakeFiles/rmw.dir/src/topic_endpoint_info_array.c.o
[7.771s] [22/90] Building C object CMakeFiles/rmw.dir/src/topic_endpoint_info.c.o
[7.998s] [23/90] Building C object CMakeFiles/rmw.dir/src/types.c.o
[8.230s] [24/90] Building C object CMakeFiles/rmw.dir/src/validate_full_topic_name.c.o
[8.450s] [25/90] Building C object CMakeFiles/rmw.dir/src/validate_namespace.c.o
[8.667s] [26/90] Building C object CMakeFiles/rmw.dir/src/validate_node_name.c.o
[9.295s] [27/90] Building CXX object gmock/CMakeFiles/gmock.dir/Users/runner/work/pixi_rosdistro/pixi_rosdistro/install/src/gtest_vendor/src/gtest-all.cc.o
[9.651s] [28/90] Building CXX object gmock/CMakeFiles/gmock.dir/src/gmock-all.cc.o
[10.061s] [29/90] Building CXX object gmock/CMakeFiles/gmock_main.dir/src/gmock_main.cc.o
[10.724s] [30/90] Building CXX object gtest/CMakeFiles/gtest.dir/src/gtest-all.cc.o
[11.051s] [31/90] Building CXX object gtest/CMakeFiles/gtest_main.dir/src/gtest_main.cc.o
[11.135s] [32/90] Linking C shared library librmw.dylib
[11.579s] [33/90] Building CXX object test/CMakeFiles/test_allocators.dir/test_allocators.cpp.o
[11.955s] [34/90] Building CXX object test/CMakeFiles/test_convert_rcutils_ret_to_rmw_ret.dir/test_convert_rcutils_ret_to_rmw_ret.cpp.o
[12.321s] [35/90] Building CXX object test/CMakeFiles/test_discovery_options.dir/test_discovery_options.cpp.o
[12.637s] [36/90] Building CXX object test/CMakeFiles/test_event.dir/test_event.cpp.o
[13.001s] [37/90] Building CXX object test/CMakeFiles/test_enclave.dir/test_enclave.cpp.o
[13.328s] [38/90] Building CXX object test/CMakeFiles/test_init_options.dir/test_init_options.cpp.o
[13.639s] [39/90] Building CXX object test/CMakeFiles/test_init.dir/test_init.cpp.o
[14.007s] [40/90] Building CXX object test/CMakeFiles/test_message_sequence.dir/test_message_sequence.cpp.o
[14.440s] [41/90] Building CXX object test/CMakeFiles/test_names_and_types.dir/test_names_and_types.cpp.o
[14.810s] [42/90] Building CXX object test/CMakeFiles/test_publisher_options.dir/test_publisher_options.cpp.o
[15.157s] [43/90] Building CXX object test/CMakeFiles/test_qos_string_conversions.dir/test_qos_string_conversions.cpp.o
[15.544s] [44/90] Building CXX object test/CMakeFiles/test_sanity_checks.dir/test_sanity_checks.cpp.o
[15.968s] [45/90] Building CXX object test/CMakeFiles/test_security_options.dir/test_security_options.cpp.o
[16.371s] [46/90] Building CXX object test/CMakeFiles/test_serialized_message.dir/test_serialized_message.cpp.o
[16.871s] [47/90] Building CXX object test/CMakeFiles/test_subscription_options.dir/test_subscription_options.cpp.o
[17.258s] [48/90] Building CXX object test/CMakeFiles/test_time.dir/test_time.cpp.o
[17.630s] [49/90] Building CXX object test/CMakeFiles/test_types.dir/test_types.cpp.o
[18.024s] [50/90] Building CXX object test/CMakeFiles/test_validate_full_topic_name.dir/test_validate_full_topic_name.cpp.o
[18.477s] [51/90] Building CXX object test/CMakeFiles/test_validate_node_name.dir/test_validate_node_name.cpp.o
[18.912s] [52/90] Building CXX object test/CMakeFiles/test_validate_namespace.dir/test_validate_namespace.cpp.o
[19.544s] [53/90] Building CXX object test/CMakeFiles/test_topic_endpoint_info_array.dir/test_topic_endpoint_info_array.cpp.o
[20.003s] [54/90] Building CXX object test/CMakeFiles/test_topic_endpoint_info.dir/test_topic_endpoint_info.cpp.o
[20.427s] [55/90] Building CXX object test/CMakeFiles/test_service_endpoint_info.dir/test_service_endpoint_info.cpp.o
[20.853s] [56/90] Building CXX object test/CMakeFiles/test_service_endpoint_info_array.dir/test_service_endpoint_info_array.cpp.o
[21.262s] [57/90] Building CXX object test/CMakeFiles/test_network_flow_endpoint.dir/test_network_flow_endpoint.cpp.o
[21.684s] [58/90] Building CXX object test/CMakeFiles/test_network_flow_endpoint_array.dir/test_network_flow_endpoint_array.cpp.o
[22.182s] [59/90] Building CXX object test/CMakeFiles/test_subscription_content_filter_options.dir/test_subscription_content_filter_options.cpp.o
[22.401s] [60/90] Linking CXX static library gmock/libgmock.a
[22.572s] [61/90] Linking CXX static library gmock/libgmock_main.a
[22.751s] [62/90] Linking CXX static library gtest/libgtest.a
[22.904s] [63/90] Linking CXX static library gtest/libgtest_main.a
[22.984s] [64/90] Linking CXX executable test/test_allocators
[23.067s] [65/90] Linking CXX executable test/test_convert_rcutils_ret_to_rmw_ret
[23.130s] [66/90] Linking CXX executable test/test_discovery_options
[23.188s] [67/90] Linking CXX executable test/test_event
[23.270s] [68/90] Linking CXX executable test/test_enclave
[23.335s] [69/90] Linking CXX executable test/test_init_options
[23.406s] [70/90] Linking CXX executable test/test_init
[23.497s] [71/90] Linking CXX executable test/test_message_sequence
[23.568s] [72/90] Linking CXX executable test/test_names_and_types
[23.643s] [73/90] Linking CXX executable test/test_publisher_options
[23.714s] [74/90] Linking CXX executable test/test_qos_string_conversions
[23.828s] [75/90] Linking CXX executable test/test_sanity_checks
[23.972s] [76/90] Linking CXX executable test/test_security_options
[24.084s] [77/90] Linking CXX executable test/test_serialized_message
[24.216s] [78/90] Linking CXX executable test/test_subscription_options
[24.353s] [79/90] Linking CXX executable test/test_time
[24.455s] [80/90] Linking CXX executable test/test_types
[24.545s] [81/90] Linking CXX executable test/test_validate_full_topic_name
[24.618s] [82/90] Linking CXX executable test/test_validate_node_name
[24.707s] [83/90] Linking CXX executable test/test_validate_namespace
[24.816s] [84/90] Linking CXX executable test/test_topic_endpoint_info_array
[24.922s] [85/90] Linking CXX executable test/test_topic_endpoint_info
[25.040s] [86/90] Linking CXX executable test/test_service_endpoint_info
[25.114s] [87/90] Linking CXX executable test/test_service_endpoint_info_array
[25.187s] [88/90] Linking CXX executable test/test_network_flow_endpoint
[25.279s] [89/90] Linking CXX executable test/test_network_flow_endpoint_array
[25.391s] [90/90] Linking CXX executable test/test_subscription_content_filter_options
[25.410s] Invoked command in '/Users/runner/work/pixi_rosdistro/pixi_rosdistro/build/rmw' returned '0': AMENT_PREFIX_PATH=/Users/runner/work/pixi_rosdistro/pixi_rosdistro/install CMAKE_PREFIX_PATH=/Users/runner/work/pixi_rosdistro/pixi_rosdistro/install DYLD_LIBRARY_PATH=/Users/runner/work/pixi_rosdistro/pixi_rosdistro/install/lib:/Users/runner/work/pixi_rosdistro/pixi_rosdistro/install/opt/mimick_vendor/lib PATH=/Users/runner/work/pixi_rosdistro/pixi_rosdistro/install/bin:${PATH} PIXI_PROMPT=(ros2_rolling) PKG_CONFIG_PATH=/Users/runner/work/pixi_rosdistro/pixi_rosdistro/install/lib/pkgconfig PYTHONPATH=/Users/runner/work/pixi_rosdistro/pixi_rosdistro/install/lib/python3.12/site-packages ROS_DOMAIN_ID=147 SHLVL=3 _=/usr/bin/env /Users/runner/work/pixi_rosdistro/pixi_rosdistro/.pixi/envs/default/bin/cmake --build /Users/runner/work/pixi_rosdistro/pixi_rosdistro/build/rmw -- -j3 -l3
[25.412s] Invoking command in '/Users/runner/work/pixi_rosdistro/pixi_rosdistro/build/rmw': AMENT_PREFIX_PATH=/Users/runner/work/pixi_rosdistro/pixi_rosdistro/install CMAKE_PREFIX_PATH=/Users/runner/work/pixi_rosdistro/pixi_rosdistro/install DYLD_LIBRARY_PATH=/Users/runner/work/pixi_rosdistro/pixi_rosdistro/install/lib:/Users/runner/work/pixi_rosdistro/pixi_rosdistro/install/opt/mimick_vendor/lib PATH=/Users/runner/work/pixi_rosdistro/pixi_rosdistro/install/bin:${PATH} PIXI_PROMPT=(ros2_rolling) PKG_CONFIG_PATH=/Users/runner/work/pixi_rosdistro/pixi_rosdistro/install/lib/pkgconfig PYTHONPATH=/Users/runner/work/pixi_rosdistro/pixi_rosdistro/install/lib/python3.12/site-packages ROS_DOMAIN_ID=147 SHLVL=3 _=/usr/bin/env /Users/runner/work/pixi_rosdistro/pixi_rosdistro/.pixi/envs/default/bin/cmake --install /Users/runner/work/pixi_rosdistro/pixi_rosdistro/build/rmw
[25.423s] -- Install configuration: "Release"
[25.423s] -- Installing: /Users/runner/work/pixi_rosdistro/pixi_rosdistro/install/share/rmw/environment/library_path.sh
[25.423s] -- Installing: /Users/runner/work/pixi_rosdistro/pixi_rosdistro/install/share/rmw/environment/library_path.dsv
[25.424s] -- Installing: /Users/runner/work/pixi_rosdistro/pixi_rosdistro/install/share/ament_index/resource_index/package_run_dependencies/rmw
[25.424s] -- Installing: /Users/runner/work/pixi_rosdistro/pixi_rosdistro/install/share/ament_index/resource_index/parent_prefix_path/rmw
[25.424s] -- Installing: /Users/runner/work/pixi_rosdistro/pixi_rosdistro/install/share/rmw/environment/ament_prefix_path.sh
[25.425s] -- Installing: /Users/runner/work/pixi_rosdistro/pixi_rosdistro/install/share/rmw/environment/ament_prefix_path.dsv
[25.425s] -- Installing: /Users/runner/work/pixi_rosdistro/pixi_rosdistro/install/share/rmw/environment/path.sh
[25.426s] -- Installing: /Users/runner/work/pixi_rosdistro/pixi_rosdistro/install/share/rmw/environment/path.dsv
[25.426s] -- Installing: /Users/runner/work/pixi_rosdistro/pixi_rosdistro/install/share/rmw/local_setup.bash
[25.426s] -- Installing: /Users/runner/work/pixi_rosdistro/pixi_rosdistro/install/share/rmw/local_setup.fish
[25.426s] -- Installing: /Users/runner/work/pixi_rosdistro/pixi_rosdistro/install/share/rmw/local_setup.sh
[25.426s] -- Installing: /Users/runner/work/pixi_rosdistro/pixi_rosdistro/install/share/rmw/local_setup.zsh
[25.426s] -- Installing: /Users/runner/work/pixi_rosdistro/pixi_rosdistro/install/share/rmw/local_setup.dsv
[25.426s] -- Installing: /Users/runner/work/pixi_rosdistro/pixi_rosdistro/install/share/rmw/package.dsv
[25.426s] -- Installing: /Users/runner/work/pixi_rosdistro/pixi_rosdistro/install/share/ament_index/resource_index/packages/rmw
[25.427s] -- Installing: /Users/runner/work/pixi_rosdistro/pixi_rosdistro/install/share/rmw/cmake/rmwExport.cmake
[25.427s] -- Installing: /Users/runner/work/pixi_rosdistro/pixi_rosdistro/install/share/rmw/cmake/rmwExport-release.cmake
[25.427s] -- Installing: /Users/runner/work/pixi_rosdistro/pixi_rosdistro/install/share/rmw/cmake/rmw-extras.cmake
[25.427s] -- Installing: /Users/runner/work/pixi_rosdistro/pixi_rosdistro/install/share/rmw/cmake/ament_cmake_export_dependencies-extras.cmake
[25.427s] -- Installing: /Users/runner/work/pixi_rosdistro/pixi_rosdistro/install/share/rmw/cmake/ament_cmake_export_include_directories-extras.cmake
[25.428s] -- Installing: /Users/runner/work/pixi_rosdistro/pixi_rosdistro/install/share/rmw/cmake/ament_cmake_export_libraries-extras.cmake
[25.428s] -- Installing: /Users/runner/work/pixi_rosdistro/pixi_rosdistro/install/share/rmw/cmake/ament_cmake_export_targets-extras.cmake
[25.428s] -- Installing: /Users/runner/work/pixi_rosdistro/pixi_rosdistro/install/share/rmw/cmake/rmwConfig.cmake
[25.428s] -- Installing: /Users/runner/work/pixi_rosdistro/pixi_rosdistro/install/share/rmw/cmake/rmwConfig-version.cmake
[25.428s] -- Installing: /Users/runner/work/pixi_rosdistro/pixi_rosdistro/install/share/rmw/package.xml
[25.429s] -- Up-to-date: /Users/runner/work/pixi_rosdistro/pixi_rosdistro/install/share/rmw/cmake
[25.429s] -- Installing: /Users/runner/work/pixi_rosdistro/pixi_rosdistro/install/share/rmw/cmake/register_rmw_implementation.cmake
[25.429s] -- Installing: /Users/runner/work/pixi_rosdistro/pixi_rosdistro/install/share/rmw/cmake/configure_rmw_library.cmake
[25.429s] -- Installing: /Users/runner/work/pixi_rosdistro/pixi_rosdistro/install/share/rmw/cmake/get_rmw_typesupport.cmake
[25.430s] -- Installing: /Users/runner/work/pixi_rosdistro/pixi_rosdistro/install/include/rmw
[25.430s] -- Installing: /Users/runner/work/pixi_rosdistro/pixi_rosdistro/install/include/rmw/rmw
[25.430s] -- Installing: /Users/runner/work/pixi_rosdistro/pixi_rosdistro/install/include/rmw/rmw/time.h
[25.430s] -- Installing: /Users/runner/work/pixi_rosdistro/pixi_rosdistro/install/include/rmw/rmw/dynamic_message_type_support.h
[25.430s] -- Installing: /Users/runner/work/pixi_rosdistro/pixi_rosdistro/install/include/rmw/rmw/impl
[25.430s] -- Installing: /Users/runner/work/pixi_rosdistro/pixi_rosdistro/install/include/rmw/rmw/impl/config.h
[25.430s] -- Installing: /Users/runner/work/pixi_rosdistro/pixi_rosdistro/install/include/rmw/rmw/impl/cpp
[25.431s] -- Installing: /Users/runner/work/pixi_rosdistro/pixi_rosdistro/install/include/rmw/rmw/impl/cpp/macros.hpp
[25.431s] -- Installing: /Users/runner/work/pixi_rosdistro/pixi_rosdistro/install/include/rmw/rmw/impl/cpp/key_value.hpp
[25.431s] -- Installing: /Users/runner/work/pixi_rosdistro/pixi_rosdistro/install/include/rmw/rmw/impl/cpp/demangle.hpp
[25.431s] -- Installing: /Users/runner/work/pixi_rosdistro/pixi_rosdistro/install/include/rmw/rmw/serialized_message.h
[25.431s] -- Installing: /Users/runner/work/pixi_rosdistro/pixi_rosdistro/install/include/rmw/rmw/discovery_options.h
[25.431s] -- Installing: /Users/runner/work/pixi_rosdistro/pixi_rosdistro/install/include/rmw/rmw/qos_profiles.h
[25.431s] -- Installing: /Users/runner/work/pixi_rosdistro/pixi_rosdistro/install/include/rmw/rmw/subscription_options.h
[25.432s] -- Installing: /Users/runner/work/pixi_rosdistro/pixi_rosdistro/install/include/rmw/rmw/names_and_types.h
[25.432s] -- Installing: /Users/runner/work/pixi_rosdistro/pixi_rosdistro/install/include/rmw/rmw/rmw.h
[25.432s] -- Installing: /Users/runner/work/pixi_rosdistro/pixi_rosdistro/install/include/rmw/rmw/features.h
[25.434s] -- Installing: /Users/runner/work/pixi_rosdistro/pixi_rosdistro/install/include/rmw/rmw/event.h
[25.434s] -- Installing: /Users/runner/work/pixi_rosdistro/pixi_rosdistro/install/include/rmw/rmw/types.h
[25.434s] -- Installing: /Users/runner/work/pixi_rosdistro/pixi_rosdistro/install/include/rmw/rmw/init_options.h
[25.434s] -- Installing: /Users/runner/work/pixi_rosdistro/pixi_rosdistro/install/include/rmw/rmw/visibility_control.h
[25.434s] -- Installing: /Users/runner/work/pixi_rosdistro/pixi_rosdistro/install/include/rmw/rmw/get_network_flow_endpoints.h
[25.434s] -- Installing: /Users/runner/work/pixi_rosdistro/pixi_rosdistro/install/include/rmw/rmw/events_statuses
[25.434s] -- Installing: /Users/runner/work/pixi_rosdistro/pixi_rosdistro/install/include/rmw/rmw/events_statuses/liveliness_lost.h
[25.434s] -- Installing: /Users/runner/work/pixi_rosdistro/pixi_rosdistro/install/include/rmw/rmw/events_statuses/matched.h
[25.435s] -- Installing: /Users/runner/work/pixi_rosdistro/pixi_rosdistro/install/include/rmw/rmw/events_statuses/incompatible_type.h
[25.437s] -- Installing: /Users/runner/work/pixi_rosdistro/pixi_rosdistro/install/include/rmw/rmw/events_statuses/message_lost.h
[25.437s] -- Installing: /Users/runner/work/pixi_rosdistro/pixi_rosdistro/install/include/rmw/rmw/events_statuses/liveliness_changed.h
[25.437s] -- Installing: /Users/runner/work/pixi_rosdistro/pixi_rosdistro/install/include/rmw/rmw/events_statuses/incompatible_qos.h
[25.438s] -- Installing: /Users/runner/work/pixi_rosdistro/pixi_rosdistro/install/include/rmw/rmw/events_statuses/events_statuses.h
[25.438s] -- Installing: /Users/runner/work/pixi_rosdistro/pixi_rosdistro/install/include/rmw/rmw/events_statuses/requested_deadline_missed.h
[25.438s] -- Installing: /Users/runner/work/pixi_rosdistro/pixi_rosdistro/install/include/rmw/rmw/events_statuses/offered_deadline_missed.h
[25.438s] -- Installing: /Users/runner/work/pixi_rosdistro/pixi_rosdistro/install/include/rmw/rmw/network_flow_endpoint.h
[25.439s] -- Installing: /Users/runner/work/pixi_rosdistro/pixi_rosdistro/install/include/rmw/rmw/convert_rcutils_ret_to_rmw_ret.h
[25.439s] -- Installing: /Users/runner/work/pixi_rosdistro/pixi_rosdistro/install/include/rmw/rmw/subscription_content_filter_options.h
[25.439s] -- Installing: /Users/runner/work/pixi_rosdistro/pixi_rosdistro/install/include/rmw/rmw/security_options.h
[25.440s] -- Installing: /Users/runner/work/pixi_rosdistro/pixi_rosdistro/install/include/rmw/rmw/domain_id.h
[25.440s] -- Installing: /Users/runner/work/pixi_rosdistro/pixi_rosdistro/install/include/rmw/rmw/qos_policy_kind.h
[25.441s] -- Installing: /Users/runner/work/pixi_rosdistro/pixi_rosdistro/install/include/rmw/rmw/message_sequence.h
[25.442s] -- Installing: /Users/runner/work/pixi_rosdistro/pixi_rosdistro/install/include/rmw/rmw/get_topic_endpoint_info.h
[25.442s] -- Installing: /Users/runner/work/pixi_rosdistro/pixi_rosdistro/install/include/rmw/rmw/macros.h
[25.442s] -- Installing: /Users/runner/work/pixi_rosdistro/pixi_rosdistro/install/include/rmw/rmw/validate_full_topic_name.h
[25.442s] -- Installing: /Users/runner/work/pixi_rosdistro/pixi_rosdistro/install/include/rmw/rmw/topic_endpoint_info.h
[25.443s] -- Installing: /Users/runner/work/pixi_rosdistro/pixi_rosdistro/install/include/rmw/rmw/service_endpoint_info_array.h
[25.443s] -- Installing: /Users/runner/work/pixi_rosdistro/pixi_rosdistro/install/include/rmw/rmw/allocators.h
[25.443s] -- Installing: /Users/runner/work/pixi_rosdistro/pixi_rosdistro/install/include/rmw/rmw/ret_types.h
[25.443s] -- Installing: /Users/runner/work/pixi_rosdistro/pixi_rosdistro/install/include/rmw/rmw/qos_string_conversions.h
[25.443s] -- Installing: /Users/runner/work/pixi_rosdistro/pixi_rosdistro/install/include/rmw/rmw/get_service_endpoint_info.h
[25.444s] -- Installing: /Users/runner/work/pixi_rosdistro/pixi_rosdistro/install/include/rmw/rmw/sanity_checks.h
[25.444s] -- Installing: /Users/runner/work/pixi_rosdistro/pixi_rosdistro/install/include/rmw/rmw/validate_node_name.h
[25.444s] -- Installing: /Users/runner/work/pixi_rosdistro/pixi_rosdistro/install/include/rmw/rmw/incompatible_qos_events_statuses.h
[25.444s] -- Installing: /Users/runner/work/pixi_rosdistro/pixi_rosdistro/install/include/rmw/rmw/publisher_options.h
[25.444s] -- Installing: /Users/runner/work/pixi_rosdistro/pixi_rosdistro/install/include/rmw/rmw/network_flow_endpoint_array.h
[25.445s] -- Installing: /Users/runner/work/pixi_rosdistro/pixi_rosdistro/install/include/rmw/rmw/error_handling.h
[25.445s] -- Installing: /Users/runner/work/pixi_rosdistro/pixi_rosdistro/install/include/rmw/rmw/get_node_info_and_types.h
[25.445s] -- Installing: /Users/runner/work/pixi_rosdistro/pixi_rosdistro/install/include/rmw/rmw/validate_namespace.h
[25.445s] -- Installing: /Users/runner/work/pixi_rosdistro/pixi_rosdistro/install/include/rmw/rmw/event_callback_type.h
[25.445s] -- Installing: /Users/runner/work/pixi_rosdistro/pixi_rosdistro/install/include/rmw/rmw/init.h
[25.445s] -- Installing: /Users/runner/work/pixi_rosdistro/pixi_rosdistro/install/include/rmw/rmw/get_topic_names_and_types.h
[25.446s] -- Installing: /Users/runner/work/pixi_rosdistro/pixi_rosdistro/install/include/rmw/rmw/topic_endpoint_info_array.h
[25.446s] -- Installing: /Users/runner/work/pixi_rosdistro/pixi_rosdistro/install/include/rmw/rmw/enclave.h
[25.446s] -- Installing: /Users/runner/work/pixi_rosdistro/pixi_rosdistro/install/include/rmw/rmw/service_endpoint_info.h
[25.446s] -- Installing: /Users/runner/work/pixi_rosdistro/pixi_rosdistro/install/include/rmw/rmw/get_service_names_and_types.h
[25.446s] -- Installing: /Users/runner/work/pixi_rosdistro/pixi_rosdistro/install/include/rmw/rmw/check_type_identifiers_match.h
[25.447s] -- Installing: /Users/runner/work/pixi_rosdistro/pixi_rosdistro/install/lib/librmw.dylib
[25.448s] Invoked command in '/Users/runner/work/pixi_rosdistro/pixi_rosdistro/build/rmw' returned '0': AMENT_PREFIX_PATH=/Users/runner/work/pixi_rosdistro/pixi_rosdistro/install CMAKE_PREFIX_PATH=/Users/runner/work/pixi_rosdistro/pixi_rosdistro/install DYLD_LIBRARY_PATH=/Users/runner/work/pixi_rosdistro/pixi_rosdistro/install/lib:/Users/runner/work/pixi_rosdistro/pixi_rosdistro/install/opt/mimick_vendor/lib PATH=/Users/runner/work/pixi_rosdistro/pixi_rosdistro/install/bin:${PATH} PIXI_PROMPT=(ros2_rolling) PKG_CONFIG_PATH=/Users/runner/work/pixi_rosdistro/pixi_rosdistro/install/lib/pkgconfig PYTHONPATH=/Users/runner/work/pixi_rosdistro/pixi_rosdistro/install/lib/python3.12/site-packages ROS_DOMAIN_ID=147 SHLVL=3 _=/usr/bin/env /Users/runner/work/pixi_rosdistro/pixi_rosdistro/.pixi/envs/default/bin/cmake --install /Users/runner/work/pixi_rosdistro/pixi_rosdistro/build/rmw
