[36.922s] Invoking command in 'D:\a\pixi_rosdistro\pixi_rosdistro\build\rosidl_dynamic_typesupport_fastrtps': AMENT_PREFIX_PATH=D:\a\pixi_rosdistro\pixi_rosdistro\install CMAKE_PREFIX_PATH=D:\a\pixi_rosdistro\pixi_rosdistro\install;D:\a\pixi_rosdistro\pixi_rosdistro\.pixi\envs\default\Library PATH=D:\a\pixi_rosdistro\pixi_rosdistro\install\Scripts;D:\a\pixi_rosdistro\pixi_rosdistro\install\bin;D:\a\pixi_rosdistro\pixi_rosdistro\install\opt\mimick_vendor\lib;%PATH% PIXI_PROMPT=(ros2_rolling) PKG_CONFIG_PATH=D:\a\pixi_rosdistro\pixi_rosdistro\install\lib\pkgconfig PROMPT=$P$G PYTHONPATH=D:\a\pixi_rosdistro\pixi_rosdistro\install\Lib\site-packages ROS_DOMAIN_ID=60 D:\a\pixi_rosdistro\pixi_rosdistro\.pixi\envs\default\Library\bin\cmake.EXE D:\a\pixi_rosdistro\pixi_rosdistro\src\ros2\rosidl_dynamic_typesupport_fastrtps -GNinja --no-warn-unused-cli -DCMAKE_BUILD_TYPE=Release -DCMAKE_BUILD_WITH_INSTALL_RPATH:bool=TRUE -DCMAKE_POLICY_VERSION_MINIMUM=3.5 -Wno-deprecated -DSTACK_DETAILS_AUTO_DETECT:bool=FALSE -DSTACK_DETAILS_BFD:bool=FALSE -DCMAKE_MSVC_DEBUG_INFORMATION_FORMAT=Embedded -DCMAKE_CXX_FLAGS=/MP /FS /EHsc -DCMAKE_C_FLAGS=/MP /FS -DCMAKE_INSTALL_PREFIX=D:\a\pixi_rosdistro\pixi_rosdistro\install
[37.297s] Not searching for unused variables given on the command line.
[37.297s] -- The C compiler identification is MSVC 19.44.35225.0
[37.610s] -- The CXX compiler identification is MSVC 19.44.35225.0
[37.625s] -- Detecting C compiler ABI info
[38.375s] -- Detecting C compiler ABI info - done
[38.391s] -- Check for working C compiler: C:/Program Files/Microsoft Visual Studio/2022/Enterprise/VC/Tools/MSVC/14.44.35207/bin/Hostx64/x64/cl.exe - skipped
[38.391s] -- Detecting C compile features
[38.407s] -- Detecting C compile features - done
[38.407s] -- Detecting CXX compiler ABI info
[39.110s] -- Detecting CXX compiler ABI info - done
[39.141s] -- Check for working CXX compiler: C:/Program Files/Microsoft Visual Studio/2022/Enterprise/VC/Tools/MSVC/14.44.35207/bin/Hostx64/x64/cl.exe - skipped
[39.141s] -- Detecting CXX compile features
[39.141s] -- Detecting CXX compile features - done
[39.141s] -- Found ament_cmake_ros_core: 0.15.6 (D:/a/pixi_rosdistro/pixi_rosdistro/install/share/ament_cmake_ros_core/cmake)
[39.813s] -- Found rcpputils: 2.14.3 (D:/a/pixi_rosdistro/pixi_rosdistro/install/share/rcpputils/cmake)
[39.938s] -- Found rosidl_dynamic_typesupport: 0.4.0 (D:/a/pixi_rosdistro/pixi_rosdistro/install/share/rosidl_dynamic_typesupport/cmake)
[40.266s] -- Configuring done (3.3s)
[40.313s] -- Generating done (0.0s)
[40.329s] -- Build files have been written to: D:/a/pixi_rosdistro/pixi_rosdistro/build/rosidl_dynamic_typesupport_fastrtps
[40.344s] Invoked command in 'D:\a\pixi_rosdistro\pixi_rosdistro\build\rosidl_dynamic_typesupport_fastrtps' returned '0': AMENT_PREFIX_PATH=D:\a\pixi_rosdistro\pixi_rosdistro\install CMAKE_PREFIX_PATH=D:\a\pixi_rosdistro\pixi_rosdistro\install;D:\a\pixi_rosdistro\pixi_rosdistro\.pixi\envs\default\Library PATH=D:\a\pixi_rosdistro\pixi_rosdistro\install\Scripts;D:\a\pixi_rosdistro\pixi_rosdistro\install\bin;D:\a\pixi_rosdistro\pixi_rosdistro\install\opt\mimick_vendor\lib;%PATH% PIXI_PROMPT=(ros2_rolling) PKG_CONFIG_PATH=D:\a\pixi_rosdistro\pixi_rosdistro\install\lib\pkgconfig PROMPT=$P$G PYTHONPATH=D:\a\pixi_rosdistro\pixi_rosdistro\install\Lib\site-packages ROS_DOMAIN_ID=60 D:\a\pixi_rosdistro\pixi_rosdistro\.pixi\envs\default\Library\bin\cmake.EXE D:\a\pixi_rosdistro\pixi_rosdistro\src\ros2\rosidl_dynamic_typesupport_fastrtps -GNinja --no-warn-unused-cli -DCMAKE_BUILD_TYPE=Release -DCMAKE_BUILD_WITH_INSTALL_RPATH:bool=TRUE -DCMAKE_POLICY_VERSION_MINIMUM=3.5 -Wno-deprecated -DSTACK_DETAILS_AUTO_DETECT:bool=FALSE -DSTACK_DETAILS_BFD:bool=FALSE -DCMAKE_MSVC_DEBUG_INFORMATION_FORMAT=Embedded -DCMAKE_CXX_FLAGS=/MP /FS /EHsc -DCMAKE_C_FLAGS=/MP /FS -DCMAKE_INSTALL_PREFIX=D:\a\pixi_rosdistro\pixi_rosdistro\install
[40.344s] Invoking command in 'D:\a\pixi_rosdistro\pixi_rosdistro\build\rosidl_dynamic_typesupport_fastrtps': AMENT_PREFIX_PATH=D:\a\pixi_rosdistro\pixi_rosdistro\install CMAKE_PREFIX_PATH=D:\a\pixi_rosdistro\pixi_rosdistro\install;D:\a\pixi_rosdistro\pixi_rosdistro\.pixi\envs\default\Library PATH=D:\a\pixi_rosdistro\pixi_rosdistro\install\Scripts;D:\a\pixi_rosdistro\pixi_rosdistro\install\bin;D:\a\pixi_rosdistro\pixi_rosdistro\install\opt\mimick_vendor\lib;%PATH% PIXI_PROMPT=(ros2_rolling) PKG_CONFIG_PATH=D:\a\pixi_rosdistro\pixi_rosdistro\install\lib\pkgconfig PROMPT=$P$G PYTHONPATH=D:\a\pixi_rosdistro\pixi_rosdistro\install\Lib\site-packages ROS_DOMAIN_ID=60 D:\a\pixi_rosdistro\pixi_rosdistro\.pixi\envs\default\Library\bin\cmake.EXE --build D:\a\pixi_rosdistro\pixi_rosdistro\build\rosidl_dynamic_typesupport_fastrtps -- -j4 -l4
[40.969s] [1/7] Building CXX object CMakeFiles\rosidl_dynamic_typesupport_fastrtps.dir\src\detail\fastrtps_serialization_support.cpp.obj
[41.204s] [2/7] Building CXX object CMakeFiles\rosidl_dynamic_typesupport_fastrtps.dir\src\detail\utils.cpp.obj
[41.282s] [3/7] Building CXX object CMakeFiles\rosidl_dynamic_typesupport_fastrtps.dir\src\detail\fastrtps_dynamic_data.cpp.obj
[41.579s] [4/7] Building CXX object CMakeFiles\rosidl_dynamic_typesupport_fastrtps.dir\src\detail\fastrtps_dynamic_type.cpp.obj
[41.750s] [5/7] Building CXX object CMakeFiles\rosidl_dynamic_typesupport_fastrtps.dir\src\identifier.cpp.obj
[42.266s] [6/7] Building CXX object CMakeFiles\rosidl_dynamic_typesupport_fastrtps.dir\src\serialization_support.cpp.obj
[42.469s] [7/7] Linking CXX shared library rosidl_dynamic_typesupport_fastrtps.dll
[42.469s] Invoked command in 'D:\a\pixi_rosdistro\pixi_rosdistro\build\rosidl_dynamic_typesupport_fastrtps' returned '0': AMENT_PREFIX_PATH=D:\a\pixi_rosdistro\pixi_rosdistro\install CMAKE_PREFIX_PATH=D:\a\pixi_rosdistro\pixi_rosdistro\install;D:\a\pixi_rosdistro\pixi_rosdistro\.pixi\envs\default\Library PATH=D:\a\pixi_rosdistro\pixi_rosdistro\install\Scripts;D:\a\pixi_rosdistro\pixi_rosdistro\install\bin;D:\a\pixi_rosdistro\pixi_rosdistro\install\opt\mimick_vendor\lib;%PATH% PIXI_PROMPT=(ros2_rolling) PKG_CONFIG_PATH=D:\a\pixi_rosdistro\pixi_rosdistro\install\lib\pkgconfig PROMPT=$P$G PYTHONPATH=D:\a\pixi_rosdistro\pixi_rosdistro\install\Lib\site-packages ROS_DOMAIN_ID=60 D:\a\pixi_rosdistro\pixi_rosdistro\.pixi\envs\default\Library\bin\cmake.EXE --build D:\a\pixi_rosdistro\pixi_rosdistro\build\rosidl_dynamic_typesupport_fastrtps -- -j4 -l4
[42.485s] Invoking command in 'D:\a\pixi_rosdistro\pixi_rosdistro\build\rosidl_dynamic_typesupport_fastrtps': AMENT_PREFIX_PATH=D:\a\pixi_rosdistro\pixi_rosdistro\install CMAKE_PREFIX_PATH=D:\a\pixi_rosdistro\pixi_rosdistro\install;D:\a\pixi_rosdistro\pixi_rosdistro\.pixi\envs\default\Library PATH=D:\a\pixi_rosdistro\pixi_rosdistro\install\Scripts;D:\a\pixi_rosdistro\pixi_rosdistro\install\bin;D:\a\pixi_rosdistro\pixi_rosdistro\install\opt\mimick_vendor\lib;%PATH% PIXI_PROMPT=(ros2_rolling) PKG_CONFIG_PATH=D:\a\pixi_rosdistro\pixi_rosdistro\install\lib\pkgconfig PROMPT=$P$G PYTHONPATH=D:\a\pixi_rosdistro\pixi_rosdistro\install\Lib\site-packages ROS_DOMAIN_ID=60 D:\a\pixi_rosdistro\pixi_rosdistro\.pixi\envs\default\Library\bin\cmake.EXE --install D:\a\pixi_rosdistro\pixi_rosdistro\build\rosidl_dynamic_typesupport_fastrtps
[42.516s] -- Install configuration: "Release"
[42.516s] -- Installing: D:/a/pixi_rosdistro/pixi_rosdistro/install/lib/rosidl_dynamic_typesupport_fastrtps.lib
[42.516s] -- Installing: D:/a/pixi_rosdistro/pixi_rosdistro/install/bin/rosidl_dynamic_typesupport_fastrtps.dll
[42.516s] -- Installing: D:/a/pixi_rosdistro/pixi_rosdistro/install/include/rosidl_dynamic_typesupport_fastrtps
[42.516s] -- Installing: D:/a/pixi_rosdistro/pixi_rosdistro/install/include/rosidl_dynamic_typesupport_fastrtps/rosidl_dynamic_typesupport_fastrtps
[42.516s] -- Installing: D:/a/pixi_rosdistro/pixi_rosdistro/install/include/rosidl_dynamic_typesupport_fastrtps/rosidl_dynamic_typesupport_fastrtps/identifier.h
[42.516s] -- Installing: D:/a/pixi_rosdistro/pixi_rosdistro/install/include/rosidl_dynamic_typesupport_fastrtps/rosidl_dynamic_typesupport_fastrtps/serialization_support.h
[42.516s] -- Installing: D:/a/pixi_rosdistro/pixi_rosdistro/install/include/rosidl_dynamic_typesupport_fastrtps/rosidl_dynamic_typesupport_fastrtps/visibility_control.h
[42.516s] -- Installing: D:/a/pixi_rosdistro/pixi_rosdistro/install/share/ament_index/resource_index/package_run_dependencies/rosidl_dynamic_typesupport_fastrtps
[42.532s] -- Installing: D:/a/pixi_rosdistro/pixi_rosdistro/install/share/ament_index/resource_index/parent_prefix_path/rosidl_dynamic_typesupport_fastrtps
[42.532s] -- Installing: D:/a/pixi_rosdistro/pixi_rosdistro/install/share/rosidl_dynamic_typesupport_fastrtps/environment/ament_prefix_path.bat
[42.532s] -- Installing: D:/a/pixi_rosdistro/pixi_rosdistro/install/share/rosidl_dynamic_typesupport_fastrtps/environment/ament_prefix_path.dsv
[42.532s] -- Installing: D:/a/pixi_rosdistro/pixi_rosdistro/install/share/rosidl_dynamic_typesupport_fastrtps/environment/path.bat
[42.532s] -- Installing: D:/a/pixi_rosdistro/pixi_rosdistro/install/share/rosidl_dynamic_typesupport_fastrtps/environment/path.dsv
[42.532s] -- Installing: D:/a/pixi_rosdistro/pixi_rosdistro/install/share/rosidl_dynamic_typesupport_fastrtps/local_setup.bat
[42.532s] -- Installing: D:/a/pixi_rosdistro/pixi_rosdistro/install/share/rosidl_dynamic_typesupport_fastrtps/local_setup.dsv
[42.532s] -- Installing: D:/a/pixi_rosdistro/pixi_rosdistro/install/share/rosidl_dynamic_typesupport_fastrtps/package.dsv
[42.532s] -- Installing: D:/a/pixi_rosdistro/pixi_rosdistro/install/share/ament_index/resource_index/packages/rosidl_dynamic_typesupport_fastrtps
[42.532s] -- Installing: D:/a/pixi_rosdistro/pixi_rosdistro/install/share/rosidl_dynamic_typesupport_fastrtps/cmake/rosidl_dynamic_typesupport_fastrtps-exportExport.cmake
[42.532s] -- Installing: D:/a/pixi_rosdistro/pixi_rosdistro/install/share/rosidl_dynamic_typesupport_fastrtps/cmake/rosidl_dynamic_typesupport_fastrtps-exportExport-release.cmake
[42.532s] -- Installing: D:/a/pixi_rosdistro/pixi_rosdistro/install/share/rosidl_dynamic_typesupport_fastrtps/cmake/ament_cmake_export_targets-extras.cmake
[42.532s] -- Installing: D:/a/pixi_rosdistro/pixi_rosdistro/install/share/rosidl_dynamic_typesupport_fastrtps/cmake/ament_cmake_export_dependencies-extras.cmake
[42.532s] -- Installing: D:/a/pixi_rosdistro/pixi_rosdistro/install/share/rosidl_dynamic_typesupport_fastrtps/cmake/rosidl_dynamic_typesupport_fastrtpsConfig.cmake
[42.532s] -- Installing: D:/a/pixi_rosdistro/pixi_rosdistro/install/share/rosidl_dynamic_typesupport_fastrtps/cmake/rosidl_dynamic_typesupport_fastrtpsConfig-version.cmake
[42.532s] -- Installing: D:/a/pixi_rosdistro/pixi_rosdistro/install/share/rosidl_dynamic_typesupport_fastrtps/package.xml
[42.547s] Invoked command in 'D:\a\pixi_rosdistro\pixi_rosdistro\build\rosidl_dynamic_typesupport_fastrtps' returned '0': AMENT_PREFIX_PATH=D:\a\pixi_rosdistro\pixi_rosdistro\install CMAKE_PREFIX_PATH=D:\a\pixi_rosdistro\pixi_rosdistro\install;D:\a\pixi_rosdistro\pixi_rosdistro\.pixi\envs\default\Library PATH=D:\a\pixi_rosdistro\pixi_rosdistro\install\Scripts;D:\a\pixi_rosdistro\pixi_rosdistro\install\bin;D:\a\pixi_rosdistro\pixi_rosdistro\install\opt\mimick_vendor\lib;%PATH% PIXI_PROMPT=(ros2_rolling) PKG_CONFIG_PATH=D:\a\pixi_rosdistro\pixi_rosdistro\install\lib\pkgconfig PROMPT=$P$G PYTHONPATH=D:\a\pixi_rosdistro\pixi_rosdistro\install\Lib\site-packages ROS_DOMAIN_ID=60 D:\a\pixi_rosdistro\pixi_rosdistro\.pixi\envs\default\Library\bin\cmake.EXE --install D:\a\pixi_rosdistro\pixi_rosdistro\build\rosidl_dynamic_typesupport_fastrtps
