[0.123s] Invoking command in '/Users/runner/work/pixi_rosdistro/pixi_rosdistro/build/zenoh_cpp_vendor': AMENT_PREFIX_PATH=/Users/runner/work/pixi_rosdistro/pixi_rosdistro/install CMAKE_PREFIX_PATH=/Users/runner/work/pixi_rosdistro/pixi_rosdistro/install PATH=/Users/runner/work/pixi_rosdistro/pixi_rosdistro/install/bin:${PATH} PIXI_PROMPT=(ros2_rolling) PKG_CONFIG_PATH=/Users/runner/work/pixi_rosdistro/pixi_rosdistro/install/lib/pkgconfig PYTHONPATH=/Users/runner/work/pixi_rosdistro/pixi_rosdistro/install/lib/python3.12/site-packages SHLVL=3 _=/usr/bin/env /Users/runner/work/pixi_rosdistro/pixi_rosdistro/.pixi/envs/default/bin/cmake /Users/runner/work/pixi_rosdistro/pixi_rosdistro/src/ros2/rmw_zenoh/zenoh_cpp_vendor -GNinja --no-warn-unused-cli -DCMAKE_BUILD_TYPE=Release -DCMAKE_BUILD_WITH_INSTALL_RPATH:bool=TRUE -DCMAKE_POLICY_VERSION_MINIMUM=3.5 -Wno-deprecated -DSTACK_DETAILS_AUTO_DETECT:bool=FALSE -DSTACK_DETAILS_BFD:bool=FALSE -DCMAKE_INSTALL_PREFIX=/Users/runner/work/pixi_rosdistro/pixi_rosdistro/install
[0.275s] Not searching for unused variables given on the command line.
[0.275s] -- The C compiler identification is AppleClang 17.0.0.17000013
[0.376s] -- The CXX compiler identification is AppleClang 17.0.0.17000013
[0.400s] -- Detecting C compiler ABI info
[0.660s] -- Detecting C compiler ABI info - done
[0.696s] -- Check for working C compiler: /usr/bin/cc - skipped
[0.696s] -- Detecting C compile features
[0.697s] -- Detecting C compile features - done
[0.701s] -- Detecting CXX compiler ABI info
[0.958s] -- Detecting CXX compiler ABI info - done
[0.993s] -- Check for working CXX compiler: /usr/bin/c++ - skipped
[0.993s] -- Detecting CXX compile features
[0.994s] -- Detecting CXX compile features - done
[1.002s] -- Found ament_cmake: 2.8.6 (/Users/runner/work/pixi_rosdistro/pixi_rosdistro/install/share/ament_cmake/cmake)
[1.262s] -- Found ament_cmake_vendor_package: 2.8.6 (/Users/runner/work/pixi_rosdistro/pixi_rosdistro/install/share/ament_cmake_vendor_package/cmake)
[1.380s] -- Configuring done (1.2s)
[1.399s] -- Generating done (0.0s)
[1.404s] -- Build files have been written to: /Users/runner/work/pixi_rosdistro/pixi_rosdistro/build/zenoh_cpp_vendor
[1.411s] Invoked command in '/Users/runner/work/pixi_rosdistro/pixi_rosdistro/build/zenoh_cpp_vendor' returned '0': AMENT_PREFIX_PATH=/Users/runner/work/pixi_rosdistro/pixi_rosdistro/install CMAKE_PREFIX_PATH=/Users/runner/work/pixi_rosdistro/pixi_rosdistro/install PATH=/Users/runner/work/pixi_rosdistro/pixi_rosdistro/install/bin:${PATH} PIXI_PROMPT=(ros2_rolling) PKG_CONFIG_PATH=/Users/runner/work/pixi_rosdistro/pixi_rosdistro/install/lib/pkgconfig PYTHONPATH=/Users/runner/work/pixi_rosdistro/pixi_rosdistro/install/lib/python3.12/site-packages SHLVL=3 _=/usr/bin/env /Users/runner/work/pixi_rosdistro/pixi_rosdistro/.pixi/envs/default/bin/cmake /Users/runner/work/pixi_rosdistro/pixi_rosdistro/src/ros2/rmw_zenoh/zenoh_cpp_vendor -GNinja --no-warn-unused-cli -DCMAKE_BUILD_TYPE=Release -DCMAKE_BUILD_WITH_INSTALL_RPATH:bool=TRUE -DCMAKE_POLICY_VERSION_MINIMUM=3.5 -Wno-deprecated -DSTACK_DETAILS_AUTO_DETECT:bool=FALSE -DSTACK_DETAILS_BFD:bool=FALSE -DCMAKE_INSTALL_PREFIX=/Users/runner/work/pixi_rosdistro/pixi_rosdistro/install
[1.412s] Invoking command in '/Users/runner/work/pixi_rosdistro/pixi_rosdistro/build/zenoh_cpp_vendor': AMENT_PREFIX_PATH=/Users/runner/work/pixi_rosdistro/pixi_rosdistro/install CMAKE_PREFIX_PATH=/Users/runner/work/pixi_rosdistro/pixi_rosdistro/install PATH=/Users/runner/work/pixi_rosdistro/pixi_rosdistro/install/bin:${PATH} PIXI_PROMPT=(ros2_rolling) PKG_CONFIG_PATH=/Users/runner/work/pixi_rosdistro/pixi_rosdistro/install/lib/pkgconfig PYTHONPATH=/Users/runner/work/pixi_rosdistro/pixi_rosdistro/install/lib/python3.12/site-packages SHLVL=3 _=/usr/bin/env /Users/runner/work/pixi_rosdistro/pixi_rosdistro/.pixi/envs/default/bin/cmake --build /Users/runner/work/pixi_rosdistro/pixi_rosdistro/build/zenoh_cpp_vendor -- -j3 -l3
[1.473s] [1/16] Creating directories for 'zenoh_c_vendor'
[3.945s] [2/16] Performing download step for 'zenoh_c_vendor'
[3.945s] === ./zenoh_c_vendor (git) ===
[3.945s] hint: Using 'master' as the name for the initial branch. This default branch name
[3.945s] hint: will change to "main" in Git 3.0. To configure the initial branch name
[3.945s] hint: to use in all of your new repositories, which will suppress this warning,
[3.945s] hint: call:
[3.945s] hint:
[3.945s] hint: 	git config --global init.defaultBranch <name>
[3.945s] hint:
[3.945s] hint: Names commonly chosen instead of 'master' are 'main', 'trunk' and
[3.945s] hint: 'development'. The just-created branch can be renamed via this command:
[3.945s] hint:
[3.946s] hint: 	git branch -m <name>
[3.946s] hint:
[3.946s] hint: Disable this message with "git config set advice.defaultBranchName false"
[3.946s] Initialized empty Git repository in /Users/runner/work/pixi_rosdistro/pixi_rosdistro/build/zenoh_cpp_vendor/zenoh_c_vendor-prefix/src/zenoh_c_vendor/.git/
[3.946s] 
[3.946s] From https://github.com/eclipse-zenoh/zenoh-c
[3.946s]  * branch            c1a477d3f5efc3abc0f0cf95e0773225d00dea3b -> FETCH_HEAD
[3.946s] HEAD is now at c1a477d build: Sync  with eclipse-zenoh/zenoh@f9af463 from 2026-03-22 (#1239)
[3.946s] 
[3.979s] [3/16] No update_disconnected step for 'zenoh_c_vendor'
[4.009s] [4/16] No patch_disconnected step for 'zenoh_c_vendor'
[5.380s] [5/16] Performing configure step for 'zenoh_c_vendor'
[5.380s] loading initial cache file /Users/runner/work/pixi_rosdistro/pixi_rosdistro/build/zenoh_cpp_vendor/zenoh_c_vendor-config.cmake
[5.380s] -- The C compiler identification is AppleClang 17.0.0.17000013
[5.380s] -- The CXX compiler identification is AppleClang 17.0.0.17000013
[5.380s] -- Detecting C compiler ABI info
[5.380s] -- Detecting C compiler ABI info - done
[5.380s] -- Check for working C compiler: /usr/bin/cc - skipped
[5.381s] -- Detecting C compile features
[5.381s] -- Detecting C compile features - done
[5.381s] -- Detecting CXX compiler ABI info
[5.381s] -- Detecting CXX compiler ABI info - done
[5.381s] -- Check for working CXX compiler: /usr/bin/c++ - skipped
[5.381s] -- Detecting CXX compile features
[5.381s] -- Detecting CXX compile features - done
[5.381s] -- CMAKE_BUILD_TYPE = Release
[5.381s] -- ZENOHC_BUILD_WITH_SHARED_MEMORY = FALSE
[5.381s] -- ZENOHC_BUILD_WITH_UNSTABLE_API = TRUE
[5.381s] -- ZENOHC_BUILD_TESTS_WITH_CXX = FALSE
[5.381s] -- ZENOHC_CUSTOM_TARGET = 
[5.381s] -- ENV{CARGO_BUILD_TARGET} = 
[5.381s] -- ZENOHC_CARGO_CHANNEL = 
[5.381s] -- ZENOHC_MSRV_1_75 = TRUE
[5.381s] -- Due to ZENOHC_MSRV_1_75 setting the ZENOHC_COPY_SOURCE_CARGO_LOCK and ZENOHC_BUILD_IN_SOURCE_TREE cache variables are forcibly set to FALSE to avoid build failures due to incompatible source Cargo.lock file
[5.381s] -- ZENOHC_COPY_SOURCE_CARGO_LOCK = FALSE
[5.381s] -- ZENOHC_BUILD_IN_SOURCE_TREE = FALSE
[5.381s] -- ZENOHC_CARGO_FLAGS = --features=shared-memory zenoh/transport_serial
[5.381s] -- BUILD_SHARED_LIBS = ON
[5.381s] -- ZENOHC_TREAT_WARNING_AS_ERROR = OFF
[5.381s] -- project_version = 1.8.0
[5.381s] -- Mode: Non-IDE
[5.381s] -- Configuring Cargo.toml in /Users/runner/work/pixi_rosdistro/pixi_rosdistro/build/zenoh_cpp_vendor/zenoh_c_vendor-prefix/src/zenoh_c_vendor-build/debug for zenohc
[5.382s] -- Configuring Cargo.toml in /Users/runner/work/pixi_rosdistro/pixi_rosdistro/build/zenoh_cpp_vendor/zenoh_c_vendor-prefix/src/zenoh_c_vendor-build/release for zenohc
[5.382s] -- Due to ZENOHC_CARGO_FLAGS setting ZENOHC_BUILD_WITH_SHARED_MEMORY = TRUE
[5.382s] -- cargo_flags = --release;--manifest-path=/Users/runner/work/pixi_rosdistro/pixi_rosdistro/build/zenoh_cpp_vendor/zenoh_c_vendor-prefix/src/zenoh_c_vendor-build/release/Cargo.toml;--features=shared-memory zenoh/transport_serial;--features=unstable
[5.382s] -- libs = /Users/runner/work/pixi_rosdistro/pixi_rosdistro/build/zenoh_cpp_vendor/zenoh_c_vendor-prefix/src/zenoh_c_vendor-build/release/target/release/libzenohc.dylib;/Users/runner/work/pixi_rosdistro/pixi_rosdistro/build/zenoh_cpp_vendor/zenoh_c_vendor-prefix/src/zenoh_c_vendor-build/release/target/release/libzenohc.a
[5.382s] -- NATIVE_STATIC_LIBS = /Applications/Xcode_16.4.app/Contents/Developer/Platforms/MacOSX.platform/Developer/SDKs/MacOSX.sdk/System/Library/Frameworks/Foundation.framework;/Applications/Xcode_16.4.app/Contents/Developer/Platforms/MacOSX.platform/Developer/SDKs/MacOSX.sdk/System/Library/Frameworks/Security.framework
[5.382s] -- zenoh-c install
[5.382s] -- CMAKE_INSTALL_PREFIX = /Users/runner/work/pixi_rosdistro/pixi_rosdistro/install/opt/zenoh_cpp_vendor
[5.382s] -- zenoh-c tests
[5.382s] -- Performing Test CMAKE_HAVE_LIBC_PTHREAD
[5.382s] -- Performing Test CMAKE_HAVE_LIBC_PTHREAD - Success
[5.382s] -- Found Threads: TRUE
[5.382s] -- zenoh-c examples
[5.382s] -- Configuring done (1.3s)
[5.382s] -- Generating done (0.0s)
[5.382s] -- Build files have been written to: /Users/runner/work/pixi_rosdistro/pixi_rosdistro/build/zenoh_cpp_vendor/zenoh_c_vendor-prefix/src/zenoh_c_vendor-build
[741.166s] [6/16] Performing build step for 'zenoh_c_vendor'
[741.168s] [0/1] Generating release/target/release/libzenohc.dylib, release/target/release/libzenohc.a
[741.168s] "RUSTFLAGS = $$RUSTFLAGS"
[741.169s] "cargo build --release --manifest-path=/Users/runner/work/pixi_rosdistro/pixi_rosdistro/build/zenoh_cpp_vendor/zenoh_c_vendor-prefix/src/zenoh_c_vendor-build/release/Cargo.toml --features=shared-memory zenoh/transport_serial --features=unstable"
[741.169s]     Updating crates.io index
[741.169s]     Updating git repository `https://github.com/eclipse-zenoh/zenoh.git`
[741.169s]      Locking 487 packages to latest compatible versions
[741.169s]       Adding async-lock v3.4.1 (available: v3.4.2)
[741.170s]       Adding base64ct v1.6.0 (available: v1.8.3)
[741.170s]       Adding clap v4.5.60 (available: v4.6.0)
[741.170s]       Adding clap_builder v4.5.60 (available: v4.6.0)
[741.170s]       Adding clap_lex v1.0.0 (available: v1.1.0)
[741.170s]       Adding ctor v0.4.3 (available: v0.8.0)
[741.170s]       Adding derive_more v2.0.1 (available: v2.1.1)
[741.170s]       Adding derive_more-impl v2.0.1 (available: v2.1.1)
[741.170s]       Adding evalexpr v11.3.1 (available: v13.1.0)
[741.170s]       Adding generic-array v0.14.7 (available: v0.14.9)
[741.170s]       Adding home v0.5.9 (available: v0.5.12)
[741.170s]       Adding idna_adapter v1.2.0 (available: v1.2.1)
[741.170s]       Adding indexmap v2.11.4 (available: v2.13.0)
[741.170s]       Adding json5 v0.4.1 (available: v1.3.1)
[741.170s]       Adding litemap v0.7.4 (available: v0.7.5)
[741.171s]       Adding pest v2.8.0 (available: v2.8.6)
[741.171s]       Adding pest_derive v2.8.0 (available: v2.8.6)
[741.171s]       Adding pest_generator v2.8.0 (available: v2.8.6)
[741.171s]       Adding pest_meta v2.8.0 (available: v2.8.6)
[741.171s]       Adding phf v0.11.3 (available: v0.13.1)
[741.171s]       Adding potential_utf v0.1.0 (available: v0.1.5)
[741.171s]       Adding proc-macro-crate v3.4.0 (available: v3.5.0)
[741.171s]       Adding prost v0.14.1 (available: v0.14.3)
[741.171s]       Adding prost-derive v0.14.1 (available: v0.14.3)
[741.171s]       Adding rand v0.9.2 (available: v0.10.0)
[741.171s]       Adding rustc-hash v2.1.1 (available: v2.1.2)
[741.171s]       Adding security-framework v3.6.0 (available: v3.7.0)
[741.171s]       Adding serde_spanned v1.0.1 (available: v1.1.1)
[741.171s]       Adding serde_with v3.14.1 (available: v3.18.0)
[741.171s]       Adding serde_with_macros v3.14.1 (available: v3.18.0)
[741.171s]       Adding spin v0.9.8 (available: v0.10.0)
[741.171s]       Adding static_init v1.0.3 (available: v1.0.4)
[741.171s]       Adding tempfile v3.24.0 (available: v3.27.0)
[741.171s]       Adding time v0.3.41 (available: v0.3.47)
[741.172s]       Adding time-core v0.1.4 (available: v0.1.8)
[741.172s]       Adding time-macros v0.2.22 (available: v0.2.27)
[741.172s]       Adding tinystr v0.8.0 (available: v0.8.3)
[741.172s]       Adding tls-listener v0.11.0 (available: v0.11.2)
[741.172s]       Adding toml v0.9.6 (available: v0.9.12+spec-1.1.0)
[741.172s]       Adding toml_datetime v0.7.1 (available: v0.7.5+spec-1.1.0)
[741.172s]       Adding toml_edit v0.23.5 (available: v0.23.10+spec-1.0.0)
[741.172s]       Adding toml_parser v1.0.2 (available: v1.1.1+spec-1.1.0)
[741.172s]       Adding toml_writer v1.0.2 (available: v1.1.1+spec-1.1.0)
[741.172s]       Adding unwrap-infallible v0.1.5 (available: v1.0.0)
[741.172s]       Adding unzip-n v0.1.2 (available: v0.1.4)
[741.172s]       Adding uuid v1.20.0 (available: v1.23.0)
[741.173s]       Adding zerofrom v0.1.5 (available: v0.1.7)
[741.173s]  Downloading crates ...
[741.173s]   Downloaded adler2 v2.0.1
[741.173s]   Downloaded either v1.15.0
[741.173s]   Downloaded asn1-rs-derive v0.6.0
[741.173s]   Downloaded const-oid v0.9.6
[741.173s]   Downloaded proc-macro2 v1.0.106
[741.173s]   Downloaded time-core v0.1.4
[741.173s]   Downloaded thiserror-impl v2.0.18
[741.173s]   Downloaded spin v0.10.0
[741.173s]   Downloaded percent-encoding v2.3.2
[741.173s]   Downloaded pem-rfc7468 v0.7.0
[741.173s]   Downloaded parking v2.2.1
[741.173s]   Downloaded option-ext v0.2.0
[741.173s]   Downloaded tungstenite v0.24.0
[741.173s]   Downloaded validated_struct_macros v2.2.0
[741.173s]   Downloaded utf16_iter v1.0.5
[741.173s]   Downloaded unwrap-infallible v0.1.5
[741.173s]   Downloaded uuid v1.20.0
[741.173s]   Downloaded url v2.5.8
[741.173s]   Downloaded phf_shared v0.11.3
[741.173s]   Downloaded pkcs1 v0.7.5
[741.173s]   Downloaded hashbrown v0.15.5
[741.174s]   Downloaded unicode-xid v0.2.6
[741.174s]   Downloaded http v1.4.0
[741.174s]   Downloaded regex-syntax v0.8.10
[741.174s]   Downloaded home v0.5.9
[741.174s]   Downloaded futures-util v0.3.32
[741.174s]   Downloaded nix v0.26.4
[741.174s]   Downloaded libm v0.2.16
[741.174s]   Downloaded nix v0.29.0
[741.174s]   Downloaded syn v2.0.117
[741.174s]   Downloaded icu_locid_transform_data v1.5.1
[741.174s]   Downloaded hashbrown v0.14.5
[741.174s]   Downloaded tracing v0.1.44
[741.174s]   Downloaded icu_provider_macros v1.5.0
[741.174s]   Downloaded icu_collections v1.5.0
[741.174s]   Downloaded regex-automata v0.4.14
[741.174s]   Downloaded hashbrown v0.16.1
[741.174s]   Downloaded hashbrown v0.12.3
[741.174s]   Downloaded pest v2.8.0
[741.174s]   Downloaded num-bigint-dig v0.8.6
[741.174s]   Downloaded minimal-lexical v0.2.1
[741.174s]   Downloaded syn v1.0.109
[741.174s]   Downloaded phf_shared v0.13.1
[741.174s]   Downloaded icu_locid_transform v1.5.0
[741.175s]   Downloaded hmac v0.12.1
[741.175s]   Downloaded mio v1.2.0
[741.175s]   Downloaded unicode-ident v1.0.24
[741.175s]   Downloaded typenum v1.19.0
[741.175s]   Downloaded typeid v1.0.3
[741.175s]   Downloaded idna_adapter v1.2.0
[741.175s]   Downloaded sha3 v0.10.8
[741.175s]   Downloaded icu_properties v1.5.1
[741.175s]   Downloaded icu_normalizer v1.5.0
[741.175s]   Downloaded petgraph v0.8.3
[741.175s]   Downloaded iana-time-zone v0.1.65
[741.175s]   Downloaded httparse v1.10.1
[741.175s]   Downloaded heck v0.5.0
[741.175s]   Downloaded writeable v0.5.5
[741.175s]   Downloaded num-bigint v0.4.6
[741.175s]   Downloaded memchr v2.8.0
[741.175s]   Downloaded uhlc v0.8.2
[741.175s]   Downloaded ucd-trie v0.1.7
[741.175s]   Downloaded tracing-subscriber v0.3.23
[741.175s]   Downloaded pkcs8 v0.10.2
[741.175s]   Downloaded phf_macros v0.13.1
[741.176s]   Downloaded idna v1.1.0
[741.176s]   Downloaded ident_case v1.0.1
[741.176s]   Downloaded getrandom v0.3.4
[741.176s]   Downloaded unsafe-libyaml v0.2.11
[741.176s]   Downloaded twox-hash v1.6.3
[741.176s]   Downloaded icu_properties_data v1.5.1
[741.176s]   Downloaded icu_normalizer_data v1.5.1
[741.176s]   Downloaded icu_locid v1.5.0
[741.176s]   Downloaded hex v0.4.3
[741.176s]   Downloaded getrandom v0.2.17
[741.176s]   Downloaded z-serial v0.3.1
[741.176s]   Downloaded x509-parser v0.18.1
[741.176s]   Downloaded webpki-roots v1.0.6
[741.176s]   Downloaded talc v4.4.3
[741.176s]   Downloaded validated_struct v2.2.0
[741.176s]   Downloaded utf8parse v0.2.2
[741.176s]   Downloaded utf8_iter v1.0.4
[741.176s]   Downloaded utf-8 v0.7.6
[741.176s]   Downloaded unzip-n v0.1.2
[741.176s]   Downloaded untrusted v0.9.0
[741.176s]   Downloaded tracing-serde v0.2.0
[741.176s]   Downloaded pin-project-lite v0.2.17
[741.176s]   Downloaded icu_provider v1.5.0
[741.177s]   Downloaded humantime v2.3.0
[741.177s]   Downloaded ring v0.17.14
[741.177s]   Downloaded zmij v1.0.21
[741.177s]   Downloaded zerovec-derive v0.10.3
[741.177s]   Downloaded zerovec v0.10.4
[741.177s]   Downloaded zeroize v1.8.2
[741.177s]   Downloaded zerofrom-derive v0.1.7
[741.177s]   Downloaded zerofrom v0.1.5
[741.177s]   Downloaded zerocopy v0.8.48
[741.177s]   Downloaded yoke-derive v0.7.5
[741.177s]   Downloaded yoke v0.7.5
[741.177s]   Downloaded write16 v1.0.0
[741.177s]   Downloaded winnow v0.7.15
[741.177s]   Downloaded version_check v0.9.5
[741.177s]   Downloaded vec_map v0.8.2
[741.177s]   Downloaded phf_macros v0.11.3
[741.177s]   Downloaded phf_generator v0.11.3
[741.177s]   Downloaded phf v0.11.3
[741.177s]   Downloaded pest_meta v2.8.0
[741.177s]   Downloaded pest_generator v2.8.0
[741.177s]   Downloaded parking_lot v0.12.5
[741.177s]   Downloaded once_cell v1.21.4
[741.178s]   Downloaded num-traits v0.2.19
[741.178s]   Downloaded mio-serial v5.0.6
[741.178s]   Downloaded indexmap v2.11.4
[741.178s]   Downloaded tokio-util v0.7.18
[741.178s]   Downloaded tokio v1.50.0
[741.178s]   Downloaded serde_json v1.0.149
[741.178s]   Downloaded git-version-macro v0.3.9
[741.178s]   Downloaded git-version v0.3.9
[741.178s]   Downloaded generic-array v0.14.7
[741.178s]   Downloaded phf_generator v0.13.1
[741.178s]   Downloaded phf v0.13.1
[741.178s]   Downloaded pest_derive v2.8.0
[741.178s]   Downloaded parking_lot v0.11.2
[741.178s]   Downloaded oid-registry v0.8.1
[741.178s]   Downloaded num_cpus v1.17.0
[741.178s]   Downloaded num-integer v0.1.46
[741.178s]   Downloaded num-conv v0.1.0
[741.178s]   Downloaded nanorand v0.7.0
[741.178s]   Downloaded matchers v0.2.0
[741.178s]   Downloaded mach2 v0.4.3
[741.178s]   Downloaded litemap v0.7.4
[741.178s]   Downloaded libloading v0.8.9
[741.179s]   Downloaded leb128 v0.2.5
[741.179s]   Downloaded lazy_static v1.5.0
[741.179s]   Downloaded itertools v0.14.0
[741.179s]   Downloaded is_terminal_polyfill v1.70.2
[741.179s]   Downloaded ipnetwork v0.20.0
[741.179s]   Downloaded io-kit-sys v0.4.1
[741.179s]   Downloaded instant v0.1.13
[741.179s]   Downloaded indexmap v1.9.3
[741.179s]   Downloaded toml_parser v1.0.2
[741.179s]   Downloaded tokio-macros v2.6.1
[741.179s]   Downloaded token-cell v2.1.1
[741.179s]   Downloaded tls-listener v0.11.0
[741.179s]   Downloaded tinystr v0.8.0
[741.179s]   Downloaded pnet_base v0.35.0
[741.179s]   Downloaded stabby-abi v72.1.1
[741.179s]   Downloaded ron v0.12.1
[741.179s]   Downloaded regex v1.12.3
[741.179s]   Downloaded miniz_oxide v0.8.9
[741.179s]   Downloaded lock_api v0.4.14
[741.179s]   Downloaded json5 v0.4.1
[741.179s]   Downloaded itoa v1.0.18
[741.179s]   Downloaded inout v0.1.4
[741.179s]   Downloaded tracing-core v0.1.36
[741.180s]   Downloaded tracing-attributes v0.1.31
[741.180s]   Downloaded toml_edit v0.23.5
[741.180s]   Downloaded toml v0.9.6
[741.180s]   Downloaded tokio-serial v5.4.5
[741.180s]   Downloaded tokio-rustls v0.26.4
[741.180s]   Downloaded tinyvec_macros v0.1.1
[741.180s]   Downloaded tinyvec v1.11.0
[741.180s]   Downloaded tinystr v0.7.6
[741.180s]   Downloaded time-macros v0.2.22
[741.180s]   Downloaded nom v7.1.3
[741.180s]   Downloaded libc v0.2.184
[741.180s]   Downloaded time v0.3.41
[741.180s]   Downloaded static_init v1.0.3
[741.180s]   Downloaded serde_yaml v0.9.34+deprecated
[741.180s]   Downloaded serde v1.0.228
[741.180s]   Downloaded security-framework v3.6.0
[741.180s]   Downloaded ryu v1.0.23
[741.180s]   Downloaded rustls-webpki v0.103.10
[741.180s]   Downloaded evalexpr v11.3.1
[741.180s]   Downloaded derive_more-impl v2.0.1
[741.180s]   Downloaded derive_more v2.0.1
[741.180s]   Downloaded der v0.7.10
[741.180s]   Downloaded crossbeam-channel v0.5.15
[741.181s]   Downloaded const_format v0.2.35
[741.181s]   Downloaded clap_builder v4.5.60
[741.181s]   Downloaded chrono v0.4.44
[741.181s]   Downloaded cc v1.2.58
[741.181s]   Downloaded cbindgen v0.29.2
[741.185s]   Downloaded bytes v1.11.1
[741.185s]   Downloaded asn1-rs v0.7.1
[741.185s]   Downloaded num-iter v0.1.45
[741.185s]   Downloaded keyed-set v1.1.0
[741.185s]   Downloaded tracing-log v0.2.0
[741.185s]   Downloaded toml_writer v1.0.2
[741.185s]   Downloaded toml_datetime v0.7.1
[741.185s]   Downloaded tokio-tungstenite v0.24.0
[741.185s]   Downloaded parking_lot_core v0.9.12
[741.185s]   Downloaded log v0.4.29
[741.185s]   Downloaded socket2 v0.6.3
[741.185s]   Downloaded smallvec v1.15.1
[741.185s]   Downloaded futures v0.3.32
[741.185s]   Downloaded flume v0.12.0
[741.185s]   Downloaded flume v0.11.1
[741.185s]   Downloaded der-parser v10.0.0
[741.185s]   Downloaded darling_core v0.21.3
[741.186s]   Downloaded clap v4.5.60
[741.186s]   Downloaded paste v1.0.15
[741.186s]   Downloaded parking_lot_core v0.8.6
[741.186s]   Downloaded nu-ansi-term v0.50.3
[741.186s]   Downloaded nonempty-collections v0.3.1
[741.186s]   Downloaded no-std-net v0.6.0
[741.187s]   Downloaded lz4_flex v0.10.0
[741.187s]   Downloaded lru-slab v0.1.2
[741.187s]   Downloaded thread-priority v1.2.0
[741.187s]   Downloaded thiserror-impl v1.0.69
[741.187s]   Downloaded static_assertions v1.1.0
[741.187s]   Downloaded spin v0.9.8
[741.188s]   Downloaded socket2 v0.5.10
[741.188s]   Downloaded slab v0.4.12
[741.188s]   Downloaded sha2 v0.10.9
[741.188s]   Downloaded serde_with_macros v3.14.1
[741.188s]   Downloaded serde_spanned v1.0.1
[741.188s]   Downloaded serde_derive v1.0.228
[741.188s]   Downloaded security-framework-sys v2.17.0
[741.189s]   Downloaded schemars_derive v1.2.1
[741.189s]   Downloaded rustls-platform-verifier v0.6.2
[741.189s]   Downloaded rand_core v0.6.4
[741.189s]   Downloaded rand_chacha v0.9.0
[741.189s]   Downloaded rand v0.8.5
[741.189s]   Downloaded pnet_sys v0.35.0
[741.189s]   Downloaded futures-executor v0.3.32
[741.189s]   Downloaded futures-core v0.3.32
[741.189s]   Downloaded futures-channel v0.3.32
[741.189s]   Downloaded form_urlencoded v1.2.2
[741.189s]   Downloaded foldhash v0.2.0
[741.190s]   Downloaded foldhash v0.1.5
[741.190s]   Downloaded fnv v1.0.7
[741.190s]   Downloaded fixedbitset v0.5.7
[741.190s]   Downloaded find-msvc-tools v0.1.9
[741.190s]   Downloaded event-listener v5.4.1
[741.190s]   Downloaded equivalent v1.0.2
[741.190s]   Downloaded dtoa v1.0.11
[741.190s]   Downloaded displaydoc v0.2.5
[741.190s]   Downloaded digest v0.10.7
[741.190s]   Downloaded deranged v0.4.0
[741.190s]   Downloaded data-encoding v2.10.0
[741.190s]   Downloaded darling v0.21.3
[741.190s]   Downloaded crypto-common v0.1.7
[741.190s]   Downloaded crossbeam-utils v0.8.21
[741.190s]   Downloaded crossbeam-epoch v0.9.18
[741.190s]   Downloaded crossbeam-deque v0.8.6
[741.190s]   Downloaded crossbeam v0.8.4
[741.190s]   Downloaded crc32fast v1.5.0
[741.190s]   Downloaded core-foundation v0.10.1
[741.190s]   Downloaded cipher v0.4.4
[741.190s]   Downloaded cfg_aliases v0.1.1
[741.190s]   Downloaded cfg-if v1.0.4
[741.190s]   Downloaded byteorder v1.5.0
[741.191s]   Downloaded sha2-const-stable v0.1.0
[741.191s]   Downloaded block-buffer v0.10.4
[741.191s]   Downloaded bitflags v2.11.0
[741.191s]   Downloaded bincode v1.3.3
[741.191s]   Downloaded async-trait v0.1.89
[741.191s]   Downloaded anyhow v1.0.102
[741.191s]   Downloaded keccak v0.1.6
[741.191s]   Downloaded thread_local v1.1.9
[741.191s]   Downloaded thiserror v2.0.18
[741.191s]   Downloaded thiserror v1.0.69
[741.191s]   Downloaded synstructure v0.13.2
[741.191s]   Downloaded subtle v2.6.1
[741.191s]   Downloaded strsim v0.11.1
[741.191s]   Downloaded spki v0.7.3
[741.191s]   Downloaded schemars v0.9.0
[741.191s]   Downloaded rustls-pemfile v2.2.0
[741.191s]   Downloaded ref-cast v1.0.25
[741.191s]   Downloaded futures-sink v0.3.32
[741.191s]   Downloaded futures-macro v0.3.32
[741.191s]   Downloaded futures-io v0.3.32
[741.191s]   Downloaded fs2 v0.4.3
[741.191s]   Downloaded fastrand v2.3.0
[741.191s]   Downloaded errno v0.3.14
[741.192s]   Downloaded dtor-proc-macro v0.0.5
[741.192s]   Downloaded dtor v0.0.6
[741.192s]   Downloaded dirs v6.0.0
[741.192s]   Downloaded darling_macro v0.21.3
[741.192s]   Downloaded ctor-proc-macro v0.0.6
[741.192s]   Downloaded ctor v0.4.3
[741.192s]   Downloaded clap_lex v1.0.0
[741.192s]   Downloaded cfg_aliases v0.2.1
[741.192s]   Downloaded siphasher v1.0.2
[741.192s]   Downloaded shlex v1.3.0
[741.192s]   Downloaded secrecy v0.8.0
[741.192s]   Downloaded rustc_version v0.4.1
[741.192s]   Downloaded ringbuffer-spsc v0.1.15
[741.192s]   Downloaded ref-cast-impl v1.0.25
[741.192s]   Downloaded rand_core v0.9.5
[741.192s]   Downloaded dirs-sys v0.5.0
[741.192s]   Downloaded tempfile v3.24.0
[741.192s]   Downloaded stable_deref_trait v1.2.1
[741.192s]   Downloaded simd-adler32 v0.3.9
[741.192s]   Downloaded signature v2.2.0
[741.193s]   Downloaded shellexpand v3.1.2
[741.193s]   Downloaded sharded-slab v0.1.7
[741.193s]   Downloaded sha1 v0.10.6
[741.193s]   Downloaded serde_core v1.0.228
[741.193s]   Downloaded semver v1.0.27
[741.193s]   Downloaded scopeguard v1.2.0
[741.193s]   Downloaded schemars v1.2.1
[741.193s]   Downloaded rustversion v1.0.22
[741.195s]   Downloaded rustls-pki-types v1.14.0
[741.195s]   Downloaded rustix v1.1.4
[741.195s]   Downloaded rusticata-macros v4.1.0
[741.195s]   Downloaded rustc-hash v2.1.1
[741.195s]   Downloaded rsa v0.9.10
[741.195s]   Downloaded rand_chacha v0.3.1
[741.196s]   Downloaded rand v0.9.2
[741.196s]   Downloaded quote v1.0.45
[741.196s]   Downloaded quinn-udp v0.5.14
[741.196s]   Downloaded quinn v0.11.9
[741.196s]   Downloaded prost-derive v0.14.1
[741.196s]   Downloaded prost v0.14.1
[741.196s]   Downloaded prometheus-client-derive-encode v0.5.0
[741.197s]   Downloaded prometheus-client v0.24.1
[741.197s]   Downloaded proc-macro-crate v3.4.0
[741.197s]   Downloaded ppv-lite86 v0.2.21
[741.197s]   Downloaded powerfmt v0.2.0
[741.197s]   Downloaded pnet_datalink v0.35.0
[741.197s]   Downloaded futures-task v0.3.32
[741.197s]   Downloaded colorchoice v1.0.5
[741.198s]   Downloaded bitflags v1.3.2
[741.198s]   Downloaded base64ct v1.6.0
[741.198s]   Downloaded base64 v0.22.1
[741.198s]   Downloaded async-lock v3.4.1
[741.198s]   Downloaded arc-swap v1.9.0
[741.198s]   Downloaded anstyle-query v1.1.5
[741.200s]   Downloaded anstyle v1.0.14
[741.200s]   Downloaded anstream v0.6.21
[741.200s]   Downloaded static_init_macro v1.0.4
[741.200s]   Downloaded stabby-macros v72.1.1
[741.200s]   Downloaded stabby v72.1.1
[741.200s]   Downloaded serialport v4.9.0
[741.200s]   Downloaded serde_with v3.14.1
[741.200s]   Downloaded serde_derive_internals v0.29.1
[741.200s]   Downloaded rustls v0.23.37
[741.200s]   Downloaded quinn-proto v0.11.14
[741.200s]   Downloaded potential_utf v0.1.0
[741.200s]   Downloaded portable-atomic v1.13.1
[741.200s]   Downloaded fs_extra v1.3.0
[741.200s]   Downloaded flate2 v1.1.9
[741.200s]   Downloaded fastbloom v0.14.1
[741.200s]   Downloaded event-listener-strategy v0.5.4
[741.201s]   Downloaded dyn-clone v1.0.20
[741.201s]   Downloaded crossbeam-queue v0.3.12
[741.201s]   Downloaded cpufeatures v0.2.17
[741.201s]   Downloaded core-foundation-sys v0.8.7
[741.201s]   Downloaded const_format_proc_macros v0.2.34
[741.201s]   Downloaded concurrent-queue v2.5.0
[741.201s]   Downloaded buddy_system_allocator v0.10.0
[741.201s]   Downloaded autocfg v1.5.0
[741.201s]   Downloaded cobs v0.2.3
[741.201s]   Downloaded array-init v2.1.0
[741.201s]   Downloaded anstyle-parse v0.2.7
[741.201s]   Downloaded advisory-lock v0.3.0
[741.201s]   Downloaded asn1-rs-impl v0.2.0
[741.201s]   Downloaded aho-corasick v1.1.4
[741.201s]   Downloaded ahash v0.8.12
[741.201s]   Downloaded allocator-api2 v0.2.21
[741.201s]   Downloaded aes v0.8.4
[741.201s]    Compiling proc-macro2 v1.0.106
[741.201s]    Compiling quote v1.0.45
[741.201s]    Compiling unicode-ident v1.0.24
[741.201s]    Compiling libc v0.2.184
[741.201s]    Compiling serde_core v1.0.228
[741.201s]    Compiling cfg-if v1.0.4
[741.202s]    Compiling zerocopy v0.8.48
[741.202s]    Compiling version_check v0.9.5
[741.202s]    Compiling syn v2.0.117
[741.202s]    Compiling memchr v2.8.0
[741.202s]    Compiling serde v1.0.228
[741.202s]    Compiling getrandom v0.3.4
[741.202s]    Compiling serde_derive v1.0.228
[741.202s]    Compiling getrandom v0.2.17
[741.202s]    Compiling once_cell v1.21.4
[741.202s]    Compiling rand_core v0.6.4
[741.202s]    Compiling synstructure v0.13.2
[741.202s]    Compiling ppv-lite86 v0.2.21
[741.202s]    Compiling rand_chacha v0.3.1
[741.202s]    Compiling itoa v1.0.18
[741.202s]    Compiling rand v0.8.5
[741.202s]    Compiling rustversion v1.0.22
[741.202s]    Compiling allocator-api2 v0.2.21
[741.202s]    Compiling tokio-macros v2.6.1
[741.202s]    Compiling zmij v1.0.21
[741.202s]    Compiling ahash v0.8.12
[741.202s]    Compiling libm v0.2.16
[741.202s]    Compiling equivalent v1.0.2
[741.202s]    Compiling thiserror v2.0.18
[741.202s]    Compiling foldhash v0.2.0
[741.203s]    Compiling serde_json v1.0.149
[741.203s]    Compiling thiserror-impl v2.0.18
[741.203s]    Compiling displaydoc v0.2.5
[741.203s]    Compiling hashbrown v0.16.1
[741.203s]    Compiling crossbeam-utils v0.8.21
[741.203s]    Compiling anyhow v1.0.102
[741.203s]    Compiling ref-cast v1.0.25
[741.203s]    Compiling portable-atomic v1.13.1
[741.203s]    Compiling either v1.15.0
[741.203s]    Compiling tracing-attributes v0.1.31
[741.203s]    Compiling autocfg v1.5.0
[741.203s]    Compiling cfg_aliases v0.2.1
[741.203s]    Compiling num-traits v0.2.19
[741.203s]    Compiling ref-cast-impl v1.0.25
[741.203s]    Compiling paste v1.0.15
[741.203s]    Compiling serde_derive_internals v0.29.1
[741.203s]    Compiling syn v1.0.109
[741.203s]    Compiling schemars_derive v1.2.1
[741.203s]    Compiling find-msvc-tools v0.1.9
[741.203s]    Compiling typeid v1.0.3
[741.203s]    Compiling shlex v1.3.0
[741.203s]    Compiling cc v1.2.58
[741.203s]    Compiling hashbrown v0.14.5
[741.203s]    Compiling zenoh-result v1.8.0 (https://github.com/eclipse-zenoh/zenoh.git?branch=main#84a1a431)
[741.204s]    Compiling dyn-clone v1.0.20
[741.204s]    Compiling ring v0.17.14
[741.204s]    Compiling keyed-set v1.1.0
[741.204s]    Compiling schemars v1.2.1
[741.206s]    Compiling token-cell v2.1.1
[741.206s]    Compiling futures-macro v0.3.32
[741.206s]    Compiling zenoh-macros v1.8.0 (https://github.com/eclipse-zenoh/zenoh.git?branch=main#84a1a431)
[741.206s]    Compiling typenum v1.19.0
[741.206s]    Compiling zenoh-keyexpr v1.8.0 (https://github.com/eclipse-zenoh/zenoh.git?branch=main#84a1a431)
[741.206s]    Compiling generic-array v0.14.7
[741.206s]    Compiling log v0.4.29
[741.206s]    Compiling indexmap v2.11.4
[741.206s]    Compiling winnow v0.7.15
[741.206s]    Compiling toml_datetime v0.7.1
[741.207s]    Compiling semver v1.0.27
[741.207s]    Compiling toml_parser v1.0.2
[741.207s]    Compiling rustc_version v0.4.1
[741.207s]    Compiling pin-project-lite v0.2.17
[741.207s]    Compiling rustls v0.23.37
[741.207s]    Compiling scopeguard v1.2.0
[741.207s]    Compiling strsim v0.11.1
[741.207s]    Compiling nix v0.29.0
[741.207s]    Compiling zerofrom-derive v0.1.7
[741.207s]    Compiling cfg_aliases v0.1.1
[741.207s]    Compiling parking_lot_core v0.8.6
[741.207s]    Compiling ucd-trie v0.1.7
[741.207s]    Compiling pest v2.8.0
[741.207s]    Compiling num-conv v0.1.0
[741.207s]    Compiling unicode-xid v0.2.6
[741.207s]    Compiling time-core v0.1.4
[741.207s]    Compiling const_format_proc_macros v0.2.34
[741.207s]    Compiling pest_meta v2.8.0
[741.207s]    Compiling time-macros v0.2.22
[741.207s]    Compiling toml_edit v0.23.5
[741.207s]    Compiling stabby-abi v72.1.1
[741.207s]    Compiling yoke-derive v0.7.5
[741.207s]    Compiling bitflags v2.11.0
[741.208s]    Compiling fnv v1.0.7
[741.208s]    Compiling stabby-macros v72.1.1
[741.208s]    Compiling ident_case v1.0.1
[741.208s]    Compiling proc-macro-crate v3.4.0
[741.208s]    Compiling pest_generator v2.8.0
[741.208s]    Compiling darling_core v0.21.3
[741.208s]    Compiling lock_api v0.4.14
[741.208s]    Compiling pest_derive v2.8.0
[741.208s]    Compiling static_init_macro v1.0.4
[741.208s]    Compiling static_init v1.0.3
[741.208s]    Compiling async-trait v0.1.89
[741.208s]    Compiling zerovec-derive v0.10.3
[741.208s]    Compiling darling_macro v0.21.3
[741.208s]    Compiling stabby v72.1.1
[741.208s]    Compiling bytes v1.11.1
[741.208s]    Compiling darling v0.21.3
[741.208s]    Compiling unzip-n v0.1.2
[741.208s]    Compiling serde_with_macros v3.14.1
[741.208s]    Compiling asn1-rs-derive v0.6.0
[741.208s]    Compiling asn1-rs-impl v0.2.0
[741.208s]    Compiling zeroize v1.8.2
[741.209s]    Compiling spin v0.9.8
[741.209s]    Compiling mio v1.2.0
[741.209s]    Compiling socket2 v0.6.3
[741.209s]    Compiling validated_struct_macros v2.2.0
[741.209s]    Compiling zenoh-shm v1.8.0 (https://github.com/eclipse-zenoh/zenoh.git?branch=main#84a1a431)
[741.209s]    Compiling quinn-udp v0.5.14
[741.209s]    Compiling oid-registry v0.8.1
[741.209s]    Compiling tokio v1.50.0
[741.209s]    Compiling lazy_static v1.5.0
[741.209s]    Compiling quinn v0.11.9
[741.209s]    Compiling tracing-core v0.1.36
[741.209s]    Compiling futures-core v0.3.32
[741.209s]    Compiling subtle v2.6.1
[741.209s]    Compiling futures-sink v0.3.32
[741.209s]    Compiling smallvec v1.15.1
[741.209s]    Compiling icu_locid_transform_data v1.5.1
[741.209s]    Compiling icu_provider_macros v1.5.0
[741.209s]    Compiling siphasher v1.0.2
[741.209s]    Compiling icu_properties_data v1.5.1
[741.209s]    Compiling tracing v0.1.44
[741.209s]    Compiling core-foundation-sys v0.8.7
[741.209s]    Compiling slab v0.4.12
[741.210s]    Compiling icu_normalizer_data v1.5.1
[741.210s]    Compiling futures-channel v0.3.32
[741.210s]    Compiling futures-io v0.3.32
[741.210s]    Compiling futures-task v0.3.32
[741.210s]    Compiling futures-util v0.3.32
[741.210s]    Compiling rustls-pki-types v1.14.0
[741.210s]    Compiling io-kit-sys v0.4.1
[741.210s]    Compiling ron v0.12.1
[741.210s]    Compiling core-foundation v0.10.1
[741.210s]    Compiling bitflags v1.3.2
[741.211s]    Compiling untrusted v0.9.0
[741.211s]    Compiling zenoh-runtime v1.8.0 (https://github.com/eclipse-zenoh/zenoh.git?branch=main#84a1a431)
[741.211s]    Compiling zenoh-core v1.8.0 (https://github.com/eclipse-zenoh/zenoh.git?branch=main#84a1a431)
[741.211s]    Compiling rustls-webpki v0.103.10
[741.211s]    Compiling zenoh-collections v1.8.0 (https://github.com/eclipse-zenoh/zenoh.git?branch=main#84a1a431)
[741.211s]    Compiling aho-corasick v1.1.4
[741.211s]    Compiling powerfmt v0.2.0
[741.211s]    Compiling regex-syntax v0.8.10
[741.211s]    Compiling deranged v0.4.0
[741.211s]    Compiling zenoh-buffers v1.8.0 (https://github.com/eclipse-zenoh/zenoh.git?branch=main#84a1a431)
[741.211s]    Compiling regex-automata v0.4.14
[741.211s]    Compiling num-integer v0.1.46
[741.211s]    Compiling zerofrom v0.1.5
[741.211s]    Compiling instant v0.1.13
[741.211s]    Compiling stable_deref_trait v1.2.1
[741.211s]    Compiling option-ext v0.2.0
[741.211s]    Compiling const-oid v0.9.6
[741.211s]    Compiling httparse v1.10.1
[741.211s]    Compiling thiserror v1.0.69
[741.211s]    Compiling humantime v2.3.0
[741.211s]    Compiling minimal-lexical v0.2.1
[741.211s]    Compiling nom v7.1.3
[741.211s]    Compiling dirs-sys v0.5.0
[741.212s]    Compiling yoke v0.7.5
[741.212s]    Compiling time v0.3.41
[741.212s]    Compiling futures-executor v0.3.32
[741.212s]    Compiling security-framework-sys v2.17.0
[741.212s]    Compiling const_format v0.2.35
[741.212s]    Compiling rand_core v0.9.5
[741.212s]    Compiling serde_spanned v1.0.1
[741.212s]    Compiling static_assertions v1.1.0
[741.212s]    Compiling sha2-const-stable v0.1.0
[741.212s]    Compiling toml_writer v1.0.2
[741.212s]    Compiling spin v0.10.0
[741.212s]    Compiling no-std-net v0.6.0
[741.212s]    Compiling pnet_base v0.35.0
[741.212s]    Compiling uhlc v0.8.2
[741.212s]    Compiling toml v0.9.6
[741.212s]    Compiling rand_chacha v0.9.0
[741.212s]    Compiling security-framework v3.6.0
[741.212s]    Compiling futures v0.3.32
[741.212s]    Compiling parking_lot v0.11.2
[741.212s]    Compiling rusticata-macros v4.1.0
[741.214s]    Compiling zerovec v0.10.4
[741.214s]    Compiling dirs v6.0.0
[741.215s]    Compiling matchers v0.2.0
[741.215s]    Compiling crypto-common v0.1.7
[741.215s]    Compiling crossbeam-queue v0.3.12
[741.215s]    Compiling crossbeam-channel v0.5.15
[741.215s]    Compiling tracing-serde v0.2.0
[741.216s]    Compiling tracing-log v0.2.0
[741.216s]    Compiling sharded-slab v0.1.7
[741.216s]    Compiling ipnetwork v0.20.0
[741.216s]    Compiling nanorand v0.7.0
[741.216s]    Compiling thiserror-impl v1.0.69
[741.216s]    Compiling pnet_sys v0.35.0
[741.216s]    Compiling libloading v0.8.9
[741.216s]    Compiling thread_local v1.1.9
[741.216s]    Compiling nu-ansi-term v0.50.3
[741.216s]    Compiling home v0.5.9
[741.217s]    Compiling tracing-subscriber v0.3.23
[741.217s]    Compiling pnet_datalink v0.35.0
[741.217s]    Compiling flume v0.11.1
[741.217s]    Compiling shellexpand v3.1.2
[741.217s]    Compiling asn1-rs v0.7.1
[741.217s]    Compiling rand v0.9.2
[741.217s]    Compiling zenoh-protocol v1.8.0 (https://github.com/eclipse-zenoh/zenoh.git?branch=main#84a1a431)
[741.217s]    Compiling serde_with v3.14.1
[741.217s]    Compiling json5 v0.4.1
[741.217s]    Compiling thread-priority v1.2.0
[741.217s]    Compiling nonempty-collections v0.3.1
[741.217s]    Compiling tinyvec_macros v0.1.1
[741.217s]    Compiling unsafe-libyaml v0.2.11
[741.217s]    Compiling rustc-hash v2.1.1
[741.217s]    Compiling data-encoding v2.10.0
[741.217s]    Compiling ryu v1.0.23
[741.217s]    Compiling serde_yaml v0.9.34+deprecated
[741.218s]    Compiling tinyvec v1.11.0
[741.218s]    Compiling validated_struct v2.2.0
[741.218s]    Compiling fastbloom v0.14.1
[741.218s]    Compiling zenoh-util v1.8.0 (https://github.com/eclipse-zenoh/zenoh.git?branch=main#84a1a431)
[741.218s]    Compiling tinystr v0.7.6
[741.218s]    Compiling rustls-platform-verifier v0.6.2
[741.218s]    Compiling num-bigint v0.4.6
[741.219s]    Compiling block-buffer v0.10.4
[741.219s]    Compiling buddy_system_allocator v0.10.0
[741.219s]    Compiling secrecy v0.8.0
[741.219s]    Compiling advisory-lock v0.3.0
[741.219s]    Compiling num_cpus v1.17.0
[741.219s]    Compiling litemap v0.7.4
[741.220s]    Compiling writeable v0.5.5
[741.220s]    Compiling lru-slab v0.1.2
[741.222s]    Compiling talc v4.4.3
[741.222s]    Compiling icu_locid v1.5.0
[741.222s]    Compiling quinn-proto v0.11.14
[741.222s]    Compiling zenoh-config v1.8.0 (https://github.com/eclipse-zenoh/zenoh.git?branch=main#84a1a431)
[741.223s]    Compiling der-parser v10.0.0
[741.223s]    Compiling digest v0.10.7
[741.223s]    Compiling tokio-util v0.7.18
[741.223s]    Compiling x509-parser v0.18.1
[741.223s]    Compiling icu_provider v1.5.0
[741.223s]    Compiling zenoh-codec v1.8.0 (https://github.com/eclipse-zenoh/zenoh.git?branch=main#84a1a431)
[741.223s]    Compiling webpki-roots v1.0.6
[741.224s]    Compiling rustls-pemfile v2.2.0
[741.224s]    Compiling socket2 v0.5.10
[741.224s]    Compiling cpufeatures v0.2.17
[741.224s]    Compiling num-bigint-dig v0.8.6
[741.224s]    Compiling base64 v0.22.1
[741.224s]    Compiling zenoh-link-commons v1.8.0 (https://github.com/eclipse-zenoh/zenoh.git?branch=main#84a1a431)
[741.224s]    Compiling icu_locid_transform v1.5.0
[741.224s]    Compiling icu_collections v1.5.0
[741.224s]    Compiling fastrand v2.3.0
[741.224s]    Compiling icu_properties v1.5.1
[741.224s]    Compiling concurrent-queue v2.5.0
[741.224s]    Compiling mach2 v0.4.3
[741.224s]    Compiling utf8_iter v1.0.4
[741.224s]    Compiling write16 v1.0.0
[741.224s]    Compiling rustix v1.1.4
[741.224s]    Compiling crc32fast v1.5.0
[741.224s]    Compiling parking v2.2.1
[741.224s]    Compiling base64ct v1.6.0
[741.225s]    Compiling utf16_iter v1.0.5
[741.225s]    Compiling icu_normalizer v1.5.0
[741.225s]    Compiling event-listener v5.4.1
[741.225s]    Compiling nix v0.26.4
[741.225s]    Compiling serialport v4.9.0
[741.225s]    Compiling pem-rfc7468 v0.7.0
[741.225s]    Compiling phf_shared v0.13.1
[741.225s]    Compiling git-version-macro v0.3.9
[741.225s]    Compiling phf_generator v0.13.1
[741.225s]    Compiling der v0.7.10
[741.225s]    Compiling mio-serial v5.0.6
[741.225s]    Compiling idna_adapter v1.2.0
[741.225s]    Compiling sha1 v0.10.6
[741.225s]    Compiling tokio-rustls v0.26.4
[741.225s]    Compiling http v1.4.0
[741.225s]    Compiling itertools v0.14.0
[741.225s]    Compiling uuid v1.20.0
[741.225s]    Compiling utf8parse v0.2.2
[741.225s]    Compiling percent-encoding v2.3.2
[741.225s]    Compiling utf-8 v0.7.6
[741.225s]    Compiling byteorder v1.5.0
[741.225s]    Compiling form_urlencoded v1.2.2
[741.226s]    Compiling tungstenite v0.24.0
[741.226s]    Compiling anstyle-parse v0.2.7
[741.226s]    Compiling tls-listener v0.11.0
[741.226s]    Compiling idna v1.1.0
[741.226s]    Compiling spki v0.7.3
[741.226s]    Compiling tokio-serial v5.4.5
[741.226s]    Compiling phf_macros v0.13.1
[741.226s]    Compiling inout v0.1.4
[741.226s]    Compiling crossbeam-epoch v0.9.18
[741.226s]    Compiling zenoh v1.8.0 (https://github.com/eclipse-zenoh/zenoh.git?branch=main#84a1a431)
[741.226s]    Compiling arc-swap v1.9.0
[741.226s]    Compiling anstyle-query v1.1.5
[741.226s]    Compiling cobs v0.2.3
[741.226s]    Compiling anstyle v1.0.14
[741.226s]    Compiling colorchoice v1.0.5
[741.226s]    Compiling is_terminal_polyfill v1.70.2
[741.227s]    Compiling anstream v0.6.21
[741.227s]    Compiling z-serial v0.3.1
[741.228s]    Compiling zenoh-sync v1.8.0 (https://github.com/eclipse-zenoh/zenoh.git?branch=main#84a1a431)
[741.228s]    Compiling crossbeam-deque v0.8.6
[741.228s]    Compiling cipher v0.4.4
[741.228s]    Compiling url v2.5.8
[741.228s]    Compiling pkcs8 v0.10.2
[741.229s]    Compiling tokio-tungstenite v0.24.0
[741.229s]    Compiling prost-derive v0.14.1
[741.229s]    Compiling keccak v0.1.6
[741.229s]    Compiling twox-hash v1.6.3
[741.230s]    Compiling num-iter v0.1.45
[741.230s]    Compiling derive_more-impl v2.0.1
[741.230s]    Compiling errno v0.3.14
[741.230s]    Compiling clap_lex v1.0.0
[741.230s]    Compiling clap_builder v4.5.60
[741.230s]    Compiling lz4_flex v0.10.0
[741.230s]    Compiling sha3 v0.10.8
[741.231s]    Compiling zenoh-link-ws v1.8.0 (https://github.com/eclipse-zenoh/zenoh.git?branch=main#84a1a431)
[741.231s]    Compiling pkcs1 v0.7.5
[741.231s]    Compiling aes v0.8.4
[741.231s]    Compiling crossbeam v0.8.4
[741.231s]    Compiling zenoh-link-udp v1.8.0 (https://github.com/eclipse-zenoh/zenoh.git?branch=main#84a1a431)
[741.231s]    Compiling zenoh-link-serial v1.8.0 (https://github.com/eclipse-zenoh/zenoh.git?branch=main#84a1a431)
[741.231s]    Compiling zenoh-link-tls v1.8.0 (https://github.com/eclipse-zenoh/zenoh.git?branch=main#84a1a431)
[741.231s]    Compiling zenoh-link-unixsock_stream v1.8.0 (https://github.com/eclipse-zenoh/zenoh.git?branch=main#84a1a431)
[741.231s]    Compiling zenoh-link-quic v1.8.0 (https://github.com/eclipse-zenoh/zenoh.git?branch=main#84a1a431)
[741.231s]    Compiling zenoh-link-tcp v1.8.0 (https://github.com/eclipse-zenoh/zenoh.git?branch=main#84a1a431)
[741.231s]    Compiling hmac v0.12.1
[741.231s]    Compiling signature v2.2.0
[741.231s]    Compiling phf_shared v0.11.3
[741.231s]    Compiling simd-adler32 v0.3.9
[741.231s]    Compiling adler2 v2.0.1
[741.231s]    Compiling array-init v2.1.0
[741.231s]    Compiling foldhash v0.1.5
[741.231s]    Compiling ringbuffer-spsc v0.1.15
[741.231s]    Compiling miniz_oxide v0.8.9
[741.231s]    Compiling hashbrown v0.15.5
[741.231s]    Compiling phf_generator v0.11.3
[741.231s]    Compiling rsa v0.9.10
[741.231s]    Compiling zenoh-link v1.8.0 (https://github.com/eclipse-zenoh/zenoh.git?branch=main#84a1a431)
[741.231s]    Compiling zenoh-crypto v1.8.0 (https://github.com/eclipse-zenoh/zenoh.git?branch=main#84a1a431)
[741.232s]    Compiling tempfile v3.24.0
[741.232s]    Compiling git-version v0.3.9
[741.232s]    Compiling event-listener-strategy v0.5.4
[741.232s]    Compiling zenoh-task v1.8.0 (https://github.com/eclipse-zenoh/zenoh.git?branch=main#84a1a431)
[741.232s]    Compiling cbindgen v0.29.2
[741.232s]    Compiling fixedbitset v0.5.7
[741.232s]    Compiling petgraph v0.8.3
[741.232s]    Compiling zenoh-transport v1.8.0 (https://github.com/eclipse-zenoh/zenoh.git?branch=main#84a1a431)
[741.232s]    Compiling async-lock v3.4.1
[741.232s]    Compiling zenoh-plugin-trait v1.8.0 (https://github.com/eclipse-zenoh/zenoh.git?branch=main#84a1a431)
[741.232s]    Compiling flate2 v1.1.9
[741.232s]    Compiling phf_macros v0.11.3
[741.232s]    Compiling clap v4.5.60
[741.232s]    Compiling derive_more v2.0.1
[741.232s]    Compiling prost v0.14.1
[741.232s]    Compiling phf v0.13.1
[741.232s]    Compiling tinystr v0.8.0
[741.232s]    Compiling heck v0.5.0
[741.232s]    Compiling vec_map v0.8.2
[741.233s]    Compiling potential_utf v0.1.0
[741.233s]    Compiling zenoh-pinned-deps-1-75 v1.8.0 (https://github.com/eclipse-zenoh/zenoh.git?branch=main#84a1a431)
[741.233s]    Compiling phf v0.11.3
[741.233s]    Compiling regex v1.12.3
[741.233s]    Compiling fs2 v0.4.3
[741.233s]    Compiling dtor-proc-macro v0.0.5
[741.233s]    Compiling fs_extra v1.3.0
[741.233s]    Compiling evalexpr v11.3.1
[741.233s]    Compiling zenoh-c v1.8.0 (/Users/runner/work/pixi_rosdistro/pixi_rosdistro/build/zenoh_cpp_vendor/zenoh_c_vendor-prefix/src/zenoh_c_vendor-build/release)
[741.233s]    Compiling dtor v0.0.6
[741.233s]    Compiling iana-time-zone v0.1.65
[741.233s]    Compiling bincode v1.3.3
[741.233s]    Compiling ctor-proc-macro v0.0.6
[741.233s]    Compiling leb128 v0.2.5
[741.233s]    Compiling ctor v0.4.3
[741.233s]    Compiling chrono v0.4.44
[741.233s]    Compiling flume v0.12.0
[741.233s]    Compiling unwrap-infallible v0.1.5
[741.233s]    Compiling zenoh-ext v1.8.0 (https://github.com/eclipse-zenoh/zenoh.git?branch=main#84a1a431)
[741.234s] warning: zenoh-c@1.8.0: Copying Cargo.lock from /Users/runner/work/pixi_rosdistro/pixi_rosdistro/build/zenoh_cpp_vendor/zenoh_c_vendor-prefix/src/zenoh_c_vendor-build/release/Cargo.lock to /Users/runner/work/pixi_rosdistro/pixi_rosdistro/build/zenoh_cpp_vendor/zenoh_c_vendor-prefix/src/zenoh_c_vendor/build-resources/opaque-types/Cargo.lock
[741.234s] warning: zenoh-c@1.8.0: Successfully copied Cargo.lock
[741.235s] warning: zenoh-c@1.8.0: OPAQUE_TYPES_BUILD_DIR = /Users/runner/work/pixi_rosdistro/pixi_rosdistro/build/zenoh_cpp_vendor/zenoh_c_vendor-prefix/src/zenoh_c_vendor-build/opaque-types
[741.235s]     Finished `release` profile [optimized] target(s) in 12m 15s
[741.303s] [7/16] Performing install step for 'zenoh_c_vendor'
[741.304s] [0/1] Install the project...
[741.304s] -- Install configuration: "Release"
[741.305s] -- Installing: /Users/runner/work/pixi_rosdistro/pixi_rosdistro/build/zenoh_cpp_vendor/zenoh_c_vendor-prefix/install/include
[741.305s] -- Installing: /Users/runner/work/pixi_rosdistro/pixi_rosdistro/build/zenoh_cpp_vendor/zenoh_c_vendor-prefix/install/include/zenoh_memory.h
[741.306s] -- Installing: /Users/runner/work/pixi_rosdistro/pixi_rosdistro/build/zenoh_cpp_vendor/zenoh_c_vendor-prefix/install/include/zenoh_macros.h
[741.306s] -- Installing: /Users/runner/work/pixi_rosdistro/pixi_rosdistro/build/zenoh_cpp_vendor/zenoh_c_vendor-prefix/install/include/zenoh_constants.h
[741.306s] -- Installing: /Users/runner/work/pixi_rosdistro/pixi_rosdistro/build/zenoh_cpp_vendor/zenoh_c_vendor-prefix/install/include/zenoh.h
[741.306s] -- Installing: /Users/runner/work/pixi_rosdistro/pixi_rosdistro/build/zenoh_cpp_vendor/zenoh_c_vendor-prefix/install/include/zenoh_opaque.h
[741.307s] -- Installing: /Users/runner/work/pixi_rosdistro/pixi_rosdistro/build/zenoh_cpp_vendor/zenoh_c_vendor-prefix/install/include/zenoh_commons.h
[741.307s] -- Installing: /Users/runner/work/pixi_rosdistro/pixi_rosdistro/build/zenoh_cpp_vendor/zenoh_c_vendor-prefix/install/include/zenoh_concrete.h
[741.307s] -- Installing: /Users/runner/work/pixi_rosdistro/pixi_rosdistro/build/zenoh_cpp_vendor/zenoh_c_vendor-prefix/install/include/zenoh_configure.h
[741.307s] -- Installing: /Users/runner/work/pixi_rosdistro/pixi_rosdistro/build/zenoh_cpp_vendor/zenoh_c_vendor-prefix/install/lib/libzenohc.dylib
[741.307s] -- Installing: /Users/runner/work/pixi_rosdistro/pixi_rosdistro/build/zenoh_cpp_vendor/zenoh_c_vendor-prefix/install/lib/pkgconfig/zenohc.pc
[741.307s] -- Installing: /Users/runner/work/pixi_rosdistro/pixi_rosdistro/build/zenoh_cpp_vendor/zenoh_c_vendor-prefix/install/lib/libzenohc.a
[741.307s] -- Installing: /Users/runner/work/pixi_rosdistro/pixi_rosdistro/build/zenoh_cpp_vendor/zenoh_c_vendor-prefix/install/lib/cmake/zenohc/zenohcConfig.cmake
[741.307s] -- Installing: /Users/runner/work/pixi_rosdistro/pixi_rosdistro/build/zenoh_cpp_vendor/zenoh_c_vendor-prefix/install/lib/cmake/zenohc/zenohcConfigVersion.cmake
[741.395s] [8/16] Completed 'zenoh_c_vendor'
[741.472s] [9/16] Creating directories for 'zenoh_cpp_vendor'
[751.431s] [10/16] Performing download step for 'zenoh_cpp_vendor'
[751.432s] === ./zenoh_cpp_vendor (git) ===
[751.432s] hint: Using 'master' as the name for the initial branch. This default branch name
[751.432s] hint: will change to "main" in Git 3.0. To configure the initial branch name
[751.432s] hint: to use in all of your new repositories, which will suppress this warning,
[751.433s] hint: call:
[751.433s] hint:
[751.433s] hint: 	git config --global init.defaultBranch <name>
[751.433s] hint:
[751.433s] hint: Names commonly chosen instead of 'master' are 'main', 'trunk' and
[751.433s] hint: 'development'. The just-created branch can be renamed via this command:
[751.433s] hint:
[751.433s] hint: 	git branch -m <name>
[751.433s] hint:
[751.433s] hint: Disable this message with "git config set advice.defaultBranchName false"
[751.433s] Initialized empty Git repository in /Users/runner/work/pixi_rosdistro/pixi_rosdistro/build/zenoh_cpp_vendor/zenoh_cpp_vendor-prefix/src/zenoh_cpp_vendor/.git/
[751.433s] 
[751.433s] From https://github.com/eclipse-zenoh/zenoh-cpp
[751.433s]  * branch            776c59651a61dc53689dd68beace147e67a83a27 -> FETCH_HEAD
[751.433s] HEAD is now at 776c596 chore: Merge release/1.8.0 into main (#756)
[751.433s] Submodule 'zenoh-c' (https://github.com/eclipse-zenoh/zenoh-c.git) registered for path 'zenoh-c'
[751.433s] Submodule 'zenoh-pico' (https://github.com/eclipse-zenoh/zenoh-pico.git) registered for path 'zenoh-pico'
[751.434s] Cloning into '/Users/runner/work/pixi_rosdistro/pixi_rosdistro/build/zenoh_cpp_vendor/zenoh_cpp_vendor-prefix/src/zenoh_cpp_vendor/zenoh-c'...
[751.434s] Cloning into '/Users/runner/work/pixi_rosdistro/pixi_rosdistro/build/zenoh_cpp_vendor/zenoh_cpp_vendor-prefix/src/zenoh_cpp_vendor/zenoh-pico'...
[751.434s] Submodule path 'zenoh-c': checked out '3b4924ae21eabb8c31de91c3128edc0f99122164'
[751.434s] Submodule path 'zenoh-pico': checked out '7e6e0320e3466a67a43f4bffa7ba8bc9788e7de0'
[751.492s] [11/16] No update_disconnected step for 'zenoh_cpp_vendor'
[751.554s] [12/16] No patch_disconnected step for 'zenoh_cpp_vendor'
[753.352s] [13/16] Performing configure step for 'zenoh_cpp_vendor'
[753.352s] loading initial cache file /Users/runner/work/pixi_rosdistro/pixi_rosdistro/build/zenoh_cpp_vendor/zenoh_cpp_vendor-config.cmake
[753.352s] -- The C compiler identification is AppleClang 17.0.0.17000013
[753.352s] -- The CXX compiler identification is AppleClang 17.0.0.17000013
[753.352s] -- Detecting C compiler ABI info
[753.352s] -- Detecting C compiler ABI info - done
[753.352s] -- Check for working C compiler: /usr/bin/cc - skipped
[753.352s] -- Detecting C compile features
[753.352s] -- Detecting C compile features - done
[753.352s] -- Detecting CXX compiler ABI info
[753.352s] -- Detecting CXX compiler ABI info - done
[753.353s] -- Check for working CXX compiler: /usr/bin/c++ - skipped
[753.353s] -- Detecting CXX compile features
[753.353s] -- Detecting CXX compile features - done
[753.353s] -- project_version = 1.8.0
[753.353s] -- ZENOHCXX_ZENOHC = OFF
[753.353s] -- ZENOHCXX_ZENOHPICO = OFF
[753.353s] -- ZENOHCXX_EXAMPLES_PROTOBUF = ON
[753.353s] -- ZENOHCXX_ENABLE_TESTS = ON
[753.353s] -- ZENOHCXX_ENABLE_EXAMPLES = ON
[753.353s] -- CMAKE_BUILD_TYPE = Release
[753.353s] -- CMAKE_INSTALL_PREFIX = /Users/runner/work/pixi_rosdistro/pixi_rosdistro/install/opt/zenoh_cpp_vendor
[753.353s] -- zenoh-cxx tests
[753.353s] -- zenoh-cxx docs
[753.353s] -- Could NOT find Doxygen (missing: DOXYGEN_EXECUTABLE) 
[753.353s] -- Doxygen not found, skipping docs
[753.353s] -- Configuring done (1.7s)
[753.353s] -- Generating done (0.0s)
[753.353s] -- Build files have been written to: /Users/runner/work/pixi_rosdistro/pixi_rosdistro/build/zenoh_cpp_vendor/zenoh_cpp_vendor-prefix/src/zenoh_cpp_vendor-build
[753.403s] [14/16] Performing build step for 'zenoh_cpp_vendor'
[753.404s] ninja: no work to do.
[753.519s] [15/16] Performing install step for 'zenoh_cpp_vendor'
[753.519s] [0/1] Install the project...
[753.519s] -- Install configuration: "Release"
[753.519s] -- Installing: /Users/runner/work/pixi_rosdistro/pixi_rosdistro/build/zenoh_cpp_vendor/zenoh_cpp_vendor-prefix/install/include
[753.519s] -- Installing: /Users/runner/work/pixi_rosdistro/pixi_rosdistro/build/zenoh_cpp_vendor/zenoh_cpp_vendor-prefix/install/include/zenoh.hxx
[753.519s] -- Installing: /Users/runner/work/pixi_rosdistro/pixi_rosdistro/build/zenoh_cpp_vendor/zenoh_cpp_vendor-prefix/install/include/zenoh
[753.519s] -- Installing: /Users/runner/work/pixi_rosdistro/pixi_rosdistro/build/zenoh_cpp_vendor/zenoh_cpp_vendor-prefix/install/include/zenoh/zenohc.hxx
[753.519s] -- Installing: /Users/runner/work/pixi_rosdistro/pixi_rosdistro/build/zenoh_cpp_vendor/zenoh_cpp_vendor-prefix/install/include/zenoh/api.hxx
[753.519s] -- Installing: /Users/runner/work/pixi_rosdistro/pixi_rosdistro/build/zenoh_cpp_vendor/zenoh_cpp_vendor-prefix/install/include/zenoh/detail
[753.519s] -- Installing: /Users/runner/work/pixi_rosdistro/pixi_rosdistro/build/zenoh_cpp_vendor/zenoh_cpp_vendor-prefix/install/include/zenoh/detail/availability_checks.hxx
[753.519s] -- Installing: /Users/runner/work/pixi_rosdistro/pixi_rosdistro/build/zenoh_cpp_vendor/zenoh_cpp_vendor-prefix/install/include/zenoh/detail/closures.hxx
[753.519s] -- Installing: /Users/runner/work/pixi_rosdistro/pixi_rosdistro/build/zenoh_cpp_vendor/zenoh_cpp_vendor-prefix/install/include/zenoh/detail/closures_concrete.hxx
[753.520s] -- Installing: /Users/runner/work/pixi_rosdistro/pixi_rosdistro/build/zenoh_cpp_vendor/zenoh_cpp_vendor-prefix/install/include/zenoh/detail/commons.hxx
[753.520s] -- Installing: /Users/runner/work/pixi_rosdistro/pixi_rosdistro/build/zenoh_cpp_vendor/zenoh_cpp_vendor-prefix/install/include/zenoh/api
[753.520s] -- Installing: /Users/runner/work/pixi_rosdistro/pixi_rosdistro/build/zenoh_cpp_vendor/zenoh_cpp_vendor-prefix/install/include/zenoh/api/logging.hxx
[753.520s] -- Installing: /Users/runner/work/pixi_rosdistro/pixi_rosdistro/build/zenoh_cpp_vendor/zenoh_cpp_vendor-prefix/install/include/zenoh/api/closures.hxx
[753.520s] -- Installing: /Users/runner/work/pixi_rosdistro/pixi_rosdistro/build/zenoh_cpp_vendor/zenoh_cpp_vendor-prefix/install/include/zenoh/api/query.hxx
[753.520s] -- Installing: /Users/runner/work/pixi_rosdistro/pixi_rosdistro/build/zenoh_cpp_vendor/zenoh_cpp_vendor-prefix/install/include/zenoh/api/shm
[753.520s] -- Installing: /Users/runner/work/pixi_rosdistro/pixi_rosdistro/build/zenoh_cpp_vendor/zenoh_cpp_vendor-prefix/install/include/zenoh/api/shm/provider
[753.520s] -- Installing: /Users/runner/work/pixi_rosdistro/pixi_rosdistro/build/zenoh_cpp_vendor/zenoh_cpp_vendor-prefix/install/include/zenoh/api/shm/provider/shm_provider_backend.hxx
[753.520s] -- Installing: /Users/runner/work/pixi_rosdistro/pixi_rosdistro/build/zenoh_cpp_vendor/zenoh_cpp_vendor-prefix/install/include/zenoh/api/shm/provider/types.hxx
[753.520s] -- Installing: /Users/runner/work/pixi_rosdistro/pixi_rosdistro/build/zenoh_cpp_vendor/zenoh_cpp_vendor-prefix/install/include/zenoh/api/shm/provider/provider.hxx
[753.520s] -- Installing: /Users/runner/work/pixi_rosdistro/pixi_rosdistro/build/zenoh_cpp_vendor/zenoh_cpp_vendor-prefix/install/include/zenoh/api/shm/provider/chunk.hxx
[753.520s] -- Installing: /Users/runner/work/pixi_rosdistro/pixi_rosdistro/build/zenoh_cpp_vendor/zenoh_cpp_vendor-prefix/install/include/zenoh/api/shm/provider/shm_provider.hxx
[753.521s] -- Installing: /Users/runner/work/pixi_rosdistro/pixi_rosdistro/build/zenoh_cpp_vendor/zenoh_cpp_vendor-prefix/install/include/zenoh/api/shm/provider/types_impl.hxx
[753.521s] -- Installing: /Users/runner/work/pixi_rosdistro/pixi_rosdistro/build/zenoh_cpp_vendor/zenoh_cpp_vendor-prefix/install/include/zenoh/api/shm/provider/precomputed_layout.hxx
[753.521s] -- Installing: /Users/runner/work/pixi_rosdistro/pixi_rosdistro/build/zenoh_cpp_vendor/zenoh_cpp_vendor-prefix/install/include/zenoh/api/shm/common
[753.521s] -- Installing: /Users/runner/work/pixi_rosdistro/pixi_rosdistro/build/zenoh_cpp_vendor/zenoh_cpp_vendor-prefix/install/include/zenoh/api/shm/common/types.hxx
[753.521s] -- Installing: /Users/runner/work/pixi_rosdistro/pixi_rosdistro/build/zenoh_cpp_vendor/zenoh_cpp_vendor-prefix/install/include/zenoh/api/shm/common/common.hxx
[753.521s] -- Installing: /Users/runner/work/pixi_rosdistro/pixi_rosdistro/build/zenoh_cpp_vendor/zenoh_cpp_vendor-prefix/install/include/zenoh/api/shm/shm.hxx
[753.521s] -- Installing: /Users/runner/work/pixi_rosdistro/pixi_rosdistro/build/zenoh_cpp_vendor/zenoh_cpp_vendor-prefix/install/include/zenoh/api/shm/cleanup.hxx
[753.521s] -- Installing: /Users/runner/work/pixi_rosdistro/pixi_rosdistro/build/zenoh_cpp_vendor/zenoh_cpp_vendor-prefix/install/include/zenoh/api/shm/protocol_implementations
[753.521s] -- Installing: /Users/runner/work/pixi_rosdistro/pixi_rosdistro/build/zenoh_cpp_vendor/zenoh_cpp_vendor-prefix/install/include/zenoh/api/shm/protocol_implementations/posix
[753.521s] -- Installing: /Users/runner/work/pixi_rosdistro/pixi_rosdistro/build/zenoh_cpp_vendor/zenoh_cpp_vendor-prefix/install/include/zenoh/api/shm/protocol_implementations/posix/posix_shm_provider.hxx
[753.521s] -- Installing: /Users/runner/work/pixi_rosdistro/pixi_rosdistro/build/zenoh_cpp_vendor/zenoh_cpp_vendor-prefix/install/include/zenoh/api/shm/protocol_implementations/posix/posix.hxx
[753.522s] -- Installing: /Users/runner/work/pixi_rosdistro/pixi_rosdistro/build/zenoh_cpp_vendor/zenoh_cpp_vendor-prefix/install/include/zenoh/api/shm/protocol_implementations/posix/posix_shm_client.hxx
[753.522s] -- Installing: /Users/runner/work/pixi_rosdistro/pixi_rosdistro/build/zenoh_cpp_vendor/zenoh_cpp_vendor-prefix/install/include/zenoh/api/shm/protocol_implementations/protocol_implementations.hxx
[753.522s] -- Installing: /Users/runner/work/pixi_rosdistro/pixi_rosdistro/build/zenoh_cpp_vendor/zenoh_cpp_vendor-prefix/install/include/zenoh/api/shm/client_storage
[753.522s] -- Installing: /Users/runner/work/pixi_rosdistro/pixi_rosdistro/build/zenoh_cpp_vendor/zenoh_cpp_vendor-prefix/install/include/zenoh/api/shm/client_storage/client_storage.hxx
[753.522s] -- Installing: /Users/runner/work/pixi_rosdistro/pixi_rosdistro/build/zenoh_cpp_vendor/zenoh_cpp_vendor-prefix/install/include/zenoh/api/shm/client
[753.522s] -- Installing: /Users/runner/work/pixi_rosdistro/pixi_rosdistro/build/zenoh_cpp_vendor/zenoh_cpp_vendor-prefix/install/include/zenoh/api/shm/client/client.hxx
[753.522s] -- Installing: /Users/runner/work/pixi_rosdistro/pixi_rosdistro/build/zenoh_cpp_vendor/zenoh_cpp_vendor-prefix/install/include/zenoh/api/shm/client/shm_client.hxx
[753.522s] -- Installing: /Users/runner/work/pixi_rosdistro/pixi_rosdistro/build/zenoh_cpp_vendor/zenoh_cpp_vendor-prefix/install/include/zenoh/api/shm/client/shm_segment.hxx
[753.522s] -- Installing: /Users/runner/work/pixi_rosdistro/pixi_rosdistro/build/zenoh_cpp_vendor/zenoh_cpp_vendor-prefix/install/include/zenoh/api/shm/buffer
[753.524s] -- Installing: /Users/runner/work/pixi_rosdistro/pixi_rosdistro/build/zenoh_cpp_vendor/zenoh_cpp_vendor-prefix/install/include/zenoh/api/shm/buffer/buffer.hxx
[753.524s] -- Installing: /Users/runner/work/pixi_rosdistro/pixi_rosdistro/build/zenoh_cpp_vendor/zenoh_cpp_vendor-prefix/install/include/zenoh/api/shm/buffer/zshmmut.hxx
[753.524s] -- Installing: /Users/runner/work/pixi_rosdistro/pixi_rosdistro/build/zenoh_cpp_vendor/zenoh_cpp_vendor-prefix/install/include/zenoh/api/shm/buffer/zshm.hxx
[753.524s] -- Installing: /Users/runner/work/pixi_rosdistro/pixi_rosdistro/build/zenoh_cpp_vendor/zenoh_cpp_vendor-prefix/install/include/zenoh/api/scout.hxx
[753.524s] -- Installing: /Users/runner/work/pixi_rosdistro/pixi_rosdistro/build/zenoh_cpp_vendor/zenoh_cpp_vendor-prefix/install/include/zenoh/api/source_info.hxx
[753.524s] -- Installing: /Users/runner/work/pixi_rosdistro/pixi_rosdistro/build/zenoh_cpp_vendor/zenoh_cpp_vendor-prefix/install/include/zenoh/api/interop.hxx
[753.524s] -- Installing: /Users/runner/work/pixi_rosdistro/pixi_rosdistro/build/zenoh_cpp_vendor/zenoh_cpp_vendor-prefix/install/include/zenoh/api/matching.hxx
[753.524s] -- Installing: /Users/runner/work/pixi_rosdistro/pixi_rosdistro/build/zenoh_cpp_vendor/zenoh_cpp_vendor-prefix/install/include/zenoh/api/hello.hxx
[753.524s] -- Installing: /Users/runner/work/pixi_rosdistro/pixi_rosdistro/build/zenoh_cpp_vendor/zenoh_cpp_vendor-prefix/install/include/zenoh/api/base.hxx
[753.524s] -- Installing: /Users/runner/work/pixi_rosdistro/pixi_rosdistro/build/zenoh_cpp_vendor/zenoh_cpp_vendor-prefix/install/include/zenoh/api/cancellation.hxx
[753.524s] -- Installing: /Users/runner/work/pixi_rosdistro/pixi_rosdistro/build/zenoh_cpp_vendor/zenoh_cpp_vendor-prefix/install/include/zenoh/api/bytes.hxx
[753.524s] -- Installing: /Users/runner/work/pixi_rosdistro/pixi_rosdistro/build/zenoh_cpp_vendor/zenoh_cpp_vendor-prefix/install/include/zenoh/api/sample.hxx
[753.524s] -- Installing: /Users/runner/work/pixi_rosdistro/pixi_rosdistro/build/zenoh_cpp_vendor/zenoh_cpp_vendor-prefix/install/include/zenoh/api/transport_event.hxx
[753.524s] -- Installing: /Users/runner/work/pixi_rosdistro/pixi_rosdistro/build/zenoh_cpp_vendor/zenoh_cpp_vendor-prefix/install/include/zenoh/api/ext
[753.525s] -- Installing: /Users/runner/work/pixi_rosdistro/pixi_rosdistro/build/zenoh_cpp_vendor/zenoh_cpp_vendor-prefix/install/include/zenoh/api/ext/miss.hxx
[753.525s] -- Installing: /Users/runner/work/pixi_rosdistro/pixi_rosdistro/build/zenoh_cpp_vendor/zenoh_cpp_vendor-prefix/install/include/zenoh/api/ext/advanced_publisher.hxx
[753.525s] -- Installing: /Users/runner/work/pixi_rosdistro/pixi_rosdistro/build/zenoh_cpp_vendor/zenoh_cpp_vendor-prefix/install/include/zenoh/api/ext/serialization.hxx
[753.525s] -- Installing: /Users/runner/work/pixi_rosdistro/pixi_rosdistro/build/zenoh_cpp_vendor/zenoh_cpp_vendor-prefix/install/include/zenoh/api/ext/querying_subscriber.hxx
[753.525s] -- Installing: /Users/runner/work/pixi_rosdistro/pixi_rosdistro/build/zenoh_cpp_vendor/zenoh_cpp_vendor-prefix/install/include/zenoh/api/ext/publication_cache.hxx
[753.525s] -- Installing: /Users/runner/work/pixi_rosdistro/pixi_rosdistro/build/zenoh_cpp_vendor/zenoh_cpp_vendor-prefix/install/include/zenoh/api/ext/session_ext.hxx
[753.525s] -- Installing: /Users/runner/work/pixi_rosdistro/pixi_rosdistro/build/zenoh_cpp_vendor/zenoh_cpp_vendor-prefix/install/include/zenoh/api/ext/advanced_subscriber.hxx
[753.525s] -- Installing: /Users/runner/work/pixi_rosdistro/pixi_rosdistro/build/zenoh_cpp_vendor/zenoh_cpp_vendor-prefix/install/include/zenoh/api/subscriber.hxx
[753.525s] -- Installing: /Users/runner/work/pixi_rosdistro/pixi_rosdistro/build/zenoh_cpp_vendor/zenoh_cpp_vendor-prefix/install/include/zenoh/api/queryable.hxx
[753.525s] -- Installing: /Users/runner/work/pixi_rosdistro/pixi_rosdistro/build/zenoh_cpp_vendor/zenoh_cpp_vendor-prefix/install/include/zenoh/api/id.hxx
[753.525s] -- Installing: /Users/runner/work/pixi_rosdistro/pixi_rosdistro/build/zenoh_cpp_vendor/zenoh_cpp_vendor-prefix/install/include/zenoh/api/publisher.hxx
[753.525s] -- Installing: /Users/runner/work/pixi_rosdistro/pixi_rosdistro/build/zenoh_cpp_vendor/zenoh_cpp_vendor-prefix/install/include/zenoh/api/transport.hxx
[753.525s] -- Installing: /Users/runner/work/pixi_rosdistro/pixi_rosdistro/build/zenoh_cpp_vendor/zenoh_cpp_vendor-prefix/install/include/zenoh/api/keyexpr.hxx
[753.525s] -- Installing: /Users/runner/work/pixi_rosdistro/pixi_rosdistro/build/zenoh_cpp_vendor/zenoh_cpp_vendor-prefix/install/include/zenoh/api/encoding.hxx
[753.525s] -- Installing: /Users/runner/work/pixi_rosdistro/pixi_rosdistro/build/zenoh_cpp_vendor/zenoh_cpp_vendor-prefix/install/include/zenoh/api/reply.hxx
[753.525s] -- Installing: /Users/runner/work/pixi_rosdistro/pixi_rosdistro/build/zenoh_cpp_vendor/zenoh_cpp_vendor-prefix/install/include/zenoh/api/channels.hxx
[753.525s] -- Installing: /Users/runner/work/pixi_rosdistro/pixi_rosdistro/build/zenoh_cpp_vendor/zenoh_cpp_vendor-prefix/install/include/zenoh/api/querier.hxx
[753.525s] -- Installing: /Users/runner/work/pixi_rosdistro/pixi_rosdistro/build/zenoh_cpp_vendor/zenoh_cpp_vendor-prefix/install/include/zenoh/api/liveliness.hxx
[753.525s] -- Installing: /Users/runner/work/pixi_rosdistro/pixi_rosdistro/build/zenoh_cpp_vendor/zenoh_cpp_vendor-prefix/install/include/zenoh/api/link_events_listener.hxx
[753.525s] -- Installing: /Users/runner/work/pixi_rosdistro/pixi_rosdistro/build/zenoh_cpp_vendor/zenoh_cpp_vendor-prefix/install/include/zenoh/api/config.hxx
[753.525s] -- Installing: /Users/runner/work/pixi_rosdistro/pixi_rosdistro/build/zenoh_cpp_vendor/zenoh_cpp_vendor-prefix/install/include/zenoh/api/query_consolidation.hxx
[753.525s] -- Installing: /Users/runner/work/pixi_rosdistro/pixi_rosdistro/build/zenoh_cpp_vendor/zenoh_cpp_vendor-prefix/install/include/zenoh/api/enums.hxx
[753.526s] -- Installing: /Users/runner/work/pixi_rosdistro/pixi_rosdistro/build/zenoh_cpp_vendor/zenoh_cpp_vendor-prefix/install/include/zenoh/api/session.hxx
[753.526s] -- Installing: /Users/runner/work/pixi_rosdistro/pixi_rosdistro/build/zenoh_cpp_vendor/zenoh_cpp_vendor-prefix/install/include/zenoh/api/transport_events_listener.hxx
[753.526s] -- Installing: /Users/runner/work/pixi_rosdistro/pixi_rosdistro/build/zenoh_cpp_vendor/zenoh_cpp_vendor-prefix/install/include/zenoh/api/link_event.hxx
[753.526s] -- Installing: /Users/runner/work/pixi_rosdistro/pixi_rosdistro/build/zenoh_cpp_vendor/zenoh_cpp_vendor-prefix/install/include/zenoh/api/link.hxx
[753.526s] -- Installing: /Users/runner/work/pixi_rosdistro/pixi_rosdistro/build/zenoh_cpp_vendor/zenoh_cpp_vendor-prefix/install/include/zenoh/api/timestamp.hxx
[753.526s] -- Installing: /Users/runner/work/pixi_rosdistro/pixi_rosdistro/build/zenoh_cpp_vendor/zenoh_cpp_vendor-prefix/install/lib/pkgconfig/zenohcxx.pc
[753.526s] -- Installing: /Users/runner/work/pixi_rosdistro/pixi_rosdistro/build/zenoh_cpp_vendor/zenoh_cpp_vendor-prefix/install/lib/cmake/zenohcxx/zenohcxxConfig.cmake
[753.526s] -- Installing: /Users/runner/work/pixi_rosdistro/pixi_rosdistro/build/zenoh_cpp_vendor/zenoh_cpp_vendor-prefix/install/lib/cmake/zenohcxx/zenohcxxConfigVersion.cmake
[753.593s] [16/16] Completed 'zenoh_cpp_vendor'
[753.605s] Invoked command in '/Users/runner/work/pixi_rosdistro/pixi_rosdistro/build/zenoh_cpp_vendor' returned '0': AMENT_PREFIX_PATH=/Users/runner/work/pixi_rosdistro/pixi_rosdistro/install CMAKE_PREFIX_PATH=/Users/runner/work/pixi_rosdistro/pixi_rosdistro/install PATH=/Users/runner/work/pixi_rosdistro/pixi_rosdistro/install/bin:${PATH} PIXI_PROMPT=(ros2_rolling) PKG_CONFIG_PATH=/Users/runner/work/pixi_rosdistro/pixi_rosdistro/install/lib/pkgconfig PYTHONPATH=/Users/runner/work/pixi_rosdistro/pixi_rosdistro/install/lib/python3.12/site-packages ROS_DOMAIN_ID=77 SHLVL=3 _=/usr/bin/env /Users/runner/work/pixi_rosdistro/pixi_rosdistro/.pixi/envs/default/bin/cmake --build /Users/runner/work/pixi_rosdistro/pixi_rosdistro/build/zenoh_cpp_vendor -- -j3 -l3
[753.625s] Invoking command in '/Users/runner/work/pixi_rosdistro/pixi_rosdistro/build/zenoh_cpp_vendor': AMENT_PREFIX_PATH=/Users/runner/work/pixi_rosdistro/pixi_rosdistro/install CMAKE_PREFIX_PATH=/Users/runner/work/pixi_rosdistro/pixi_rosdistro/install PATH=/Users/runner/work/pixi_rosdistro/pixi_rosdistro/install/bin:${PATH} PIXI_PROMPT=(ros2_rolling) PKG_CONFIG_PATH=/Users/runner/work/pixi_rosdistro/pixi_rosdistro/install/lib/pkgconfig PYTHONPATH=/Users/runner/work/pixi_rosdistro/pixi_rosdistro/install/lib/python3.12/site-packages ROS_DOMAIN_ID=77 SHLVL=3 _=/usr/bin/env /Users/runner/work/pixi_rosdistro/pixi_rosdistro/.pixi/envs/default/bin/cmake --install /Users/runner/work/pixi_rosdistro/pixi_rosdistro/build/zenoh_cpp_vendor
[753.644s] -- Install configuration: "Release"
[753.644s] -- Installing: /Users/runner/work/pixi_rosdistro/pixi_rosdistro/install/opt/zenoh_cpp_vendor
[753.645s] -- Installing: /Users/runner/work/pixi_rosdistro/pixi_rosdistro/install/opt/zenoh_cpp_vendor/include
[753.646s] -- Installing: /Users/runner/work/pixi_rosdistro/pixi_rosdistro/install/opt/zenoh_cpp_vendor/include/zenoh_memory.h
[753.646s] -- Installing: /Users/runner/work/pixi_rosdistro/pixi_rosdistro/install/opt/zenoh_cpp_vendor/include/zenoh_macros.h
[753.646s] -- Installing: /Users/runner/work/pixi_rosdistro/pixi_rosdistro/install/opt/zenoh_cpp_vendor/include/zenoh_constants.h
[753.646s] -- Installing: /Users/runner/work/pixi_rosdistro/pixi_rosdistro/install/opt/zenoh_cpp_vendor/include/zenoh.h
[753.646s] -- Installing: /Users/runner/work/pixi_rosdistro/pixi_rosdistro/install/opt/zenoh_cpp_vendor/include/zenoh_opaque.h
[753.646s] -- Installing: /Users/runner/work/pixi_rosdistro/pixi_rosdistro/install/opt/zenoh_cpp_vendor/include/zenoh_commons.h
[753.646s] -- Installing: /Users/runner/work/pixi_rosdistro/pixi_rosdistro/install/opt/zenoh_cpp_vendor/include/zenoh_concrete.h
[753.647s] -- Installing: /Users/runner/work/pixi_rosdistro/pixi_rosdistro/install/opt/zenoh_cpp_vendor/include/zenoh_configure.h
[753.647s] -- Installing: /Users/runner/work/pixi_rosdistro/pixi_rosdistro/install/opt/zenoh_cpp_vendor/lib
[753.647s] -- Installing: /Users/runner/work/pixi_rosdistro/pixi_rosdistro/install/opt/zenoh_cpp_vendor/lib/pkgconfig
[753.647s] -- Installing: /Users/runner/work/pixi_rosdistro/pixi_rosdistro/install/opt/zenoh_cpp_vendor/lib/pkgconfig/zenohc.pc
[753.647s] -- Installing: /Users/runner/work/pixi_rosdistro/pixi_rosdistro/install/opt/zenoh_cpp_vendor/lib/libzenohc.dylib
[753.649s] -- Installing: /Users/runner/work/pixi_rosdistro/pixi_rosdistro/install/opt/zenoh_cpp_vendor/lib/cmake
[753.649s] -- Installing: /Users/runner/work/pixi_rosdistro/pixi_rosdistro/install/opt/zenoh_cpp_vendor/lib/cmake/zenohc
[753.649s] -- Installing: /Users/runner/work/pixi_rosdistro/pixi_rosdistro/install/opt/zenoh_cpp_vendor/lib/cmake/zenohc/zenohcConfig.cmake
[753.649s] -- Installing: /Users/runner/work/pixi_rosdistro/pixi_rosdistro/install/opt/zenoh_cpp_vendor/lib/cmake/zenohc/zenohcConfigVersion.cmake
[753.649s] -- Installing: /Users/runner/work/pixi_rosdistro/pixi_rosdistro/install/opt/zenoh_cpp_vendor/lib/libzenohc.a
[753.649s] -- Installing: /Users/runner/work/pixi_rosdistro/pixi_rosdistro/install/share/zenoh_cpp_vendor/environment/vendor_package.bat
[753.653s] -- Installing: /Users/runner/work/pixi_rosdistro/pixi_rosdistro/install/share/zenoh_cpp_vendor/environment/vendor_package.dsv
[753.653s] -- Installing: /Users/runner/work/pixi_rosdistro/pixi_rosdistro/install/share/zenoh_cpp_vendor/environment/vendor_package.sh
[753.653s] -- Installing: /Users/runner/work/pixi_rosdistro/pixi_rosdistro/install/share/ament_index/resource_index/vendor_packages/zenoh_cpp_vendor
[753.653s] -- Up-to-date: /Users/runner/work/pixi_rosdistro/pixi_rosdistro/install/opt/zenoh_cpp_vendor
[753.653s] -- Up-to-date: /Users/runner/work/pixi_rosdistro/pixi_rosdistro/install/opt/zenoh_cpp_vendor/include
[753.653s] -- Installing: /Users/runner/work/pixi_rosdistro/pixi_rosdistro/install/opt/zenoh_cpp_vendor/include/zenoh.hxx
[753.653s] -- Installing: /Users/runner/work/pixi_rosdistro/pixi_rosdistro/install/opt/zenoh_cpp_vendor/include/zenoh
[753.653s] -- Installing: /Users/runner/work/pixi_rosdistro/pixi_rosdistro/install/opt/zenoh_cpp_vendor/include/zenoh/zenohc.hxx
[753.657s] -- Installing: /Users/runner/work/pixi_rosdistro/pixi_rosdistro/install/opt/zenoh_cpp_vendor/include/zenoh/api.hxx
[753.657s] -- Installing: /Users/runner/work/pixi_rosdistro/pixi_rosdistro/install/opt/zenoh_cpp_vendor/include/zenoh/detail
[753.657s] -- Installing: /Users/runner/work/pixi_rosdistro/pixi_rosdistro/install/opt/zenoh_cpp_vendor/include/zenoh/detail/availability_checks.hxx
[753.657s] -- Installing: /Users/runner/work/pixi_rosdistro/pixi_rosdistro/install/opt/zenoh_cpp_vendor/include/zenoh/detail/closures.hxx
[753.657s] -- Installing: /Users/runner/work/pixi_rosdistro/pixi_rosdistro/install/opt/zenoh_cpp_vendor/include/zenoh/detail/closures_concrete.hxx
[753.658s] -- Installing: /Users/runner/work/pixi_rosdistro/pixi_rosdistro/install/opt/zenoh_cpp_vendor/include/zenoh/detail/commons.hxx
[753.660s] -- Installing: /Users/runner/work/pixi_rosdistro/pixi_rosdistro/install/opt/zenoh_cpp_vendor/include/zenoh/api
[753.660s] -- Installing: /Users/runner/work/pixi_rosdistro/pixi_rosdistro/install/opt/zenoh_cpp_vendor/include/zenoh/api/logging.hxx
[753.660s] -- Installing: /Users/runner/work/pixi_rosdistro/pixi_rosdistro/install/opt/zenoh_cpp_vendor/include/zenoh/api/closures.hxx
[753.660s] -- Installing: /Users/runner/work/pixi_rosdistro/pixi_rosdistro/install/opt/zenoh_cpp_vendor/include/zenoh/api/query.hxx
[753.660s] -- Installing: /Users/runner/work/pixi_rosdistro/pixi_rosdistro/install/opt/zenoh_cpp_vendor/include/zenoh/api/shm
[753.660s] -- Installing: /Users/runner/work/pixi_rosdistro/pixi_rosdistro/install/opt/zenoh_cpp_vendor/include/zenoh/api/shm/provider
[753.660s] -- Installing: /Users/runner/work/pixi_rosdistro/pixi_rosdistro/install/opt/zenoh_cpp_vendor/include/zenoh/api/shm/provider/shm_provider_backend.hxx
[753.660s] -- Installing: /Users/runner/work/pixi_rosdistro/pixi_rosdistro/install/opt/zenoh_cpp_vendor/include/zenoh/api/shm/provider/types.hxx
[753.660s] -- Installing: /Users/runner/work/pixi_rosdistro/pixi_rosdistro/install/opt/zenoh_cpp_vendor/include/zenoh/api/shm/provider/provider.hxx
[753.660s] -- Installing: /Users/runner/work/pixi_rosdistro/pixi_rosdistro/install/opt/zenoh_cpp_vendor/include/zenoh/api/shm/provider/chunk.hxx
[753.660s] -- Installing: /Users/runner/work/pixi_rosdistro/pixi_rosdistro/install/opt/zenoh_cpp_vendor/include/zenoh/api/shm/provider/shm_provider.hxx
[753.660s] -- Installing: /Users/runner/work/pixi_rosdistro/pixi_rosdistro/install/opt/zenoh_cpp_vendor/include/zenoh/api/shm/provider/types_impl.hxx
[753.660s] -- Installing: /Users/runner/work/pixi_rosdistro/pixi_rosdistro/install/opt/zenoh_cpp_vendor/include/zenoh/api/shm/provider/precomputed_layout.hxx
[753.660s] -- Installing: /Users/runner/work/pixi_rosdistro/pixi_rosdistro/install/opt/zenoh_cpp_vendor/include/zenoh/api/shm/common
[753.662s] -- Installing: /Users/runner/work/pixi_rosdistro/pixi_rosdistro/install/opt/zenoh_cpp_vendor/include/zenoh/api/shm/common/types.hxx
[753.662s] -- Installing: /Users/runner/work/pixi_rosdistro/pixi_rosdistro/install/opt/zenoh_cpp_vendor/include/zenoh/api/shm/common/common.hxx
[753.662s] -- Installing: /Users/runner/work/pixi_rosdistro/pixi_rosdistro/install/opt/zenoh_cpp_vendor/include/zenoh/api/shm/shm.hxx
[753.662s] -- Installing: /Users/runner/work/pixi_rosdistro/pixi_rosdistro/install/opt/zenoh_cpp_vendor/include/zenoh/api/shm/cleanup.hxx
[753.662s] -- Installing: /Users/runner/work/pixi_rosdistro/pixi_rosdistro/install/opt/zenoh_cpp_vendor/include/zenoh/api/shm/protocol_implementations
[753.662s] -- Installing: /Users/runner/work/pixi_rosdistro/pixi_rosdistro/install/opt/zenoh_cpp_vendor/include/zenoh/api/shm/protocol_implementations/posix
[753.662s] -- Installing: /Users/runner/work/pixi_rosdistro/pixi_rosdistro/install/opt/zenoh_cpp_vendor/include/zenoh/api/shm/protocol_implementations/posix/posix_shm_provider.hxx
[753.662s] -- Installing: /Users/runner/work/pixi_rosdistro/pixi_rosdistro/install/opt/zenoh_cpp_vendor/include/zenoh/api/shm/protocol_implementations/posix/posix.hxx
[753.662s] -- Installing: /Users/runner/work/pixi_rosdistro/pixi_rosdistro/install/opt/zenoh_cpp_vendor/include/zenoh/api/shm/protocol_implementations/posix/posix_shm_client.hxx
[753.662s] -- Installing: /Users/runner/work/pixi_rosdistro/pixi_rosdistro/install/opt/zenoh_cpp_vendor/include/zenoh/api/shm/protocol_implementations/protocol_implementations.hxx
[753.662s] -- Installing: /Users/runner/work/pixi_rosdistro/pixi_rosdistro/install/opt/zenoh_cpp_vendor/include/zenoh/api/shm/client_storage
[753.662s] -- Installing: /Users/runner/work/pixi_rosdistro/pixi_rosdistro/install/opt/zenoh_cpp_vendor/include/zenoh/api/shm/client_storage/client_storage.hxx
[753.662s] -- Installing: /Users/runner/work/pixi_rosdistro/pixi_rosdistro/install/opt/zenoh_cpp_vendor/include/zenoh/api/shm/client
[753.662s] -- Installing: /Users/runner/work/pixi_rosdistro/pixi_rosdistro/install/opt/zenoh_cpp_vendor/include/zenoh/api/shm/client/client.hxx
[753.662s] -- Installing: /Users/runner/work/pixi_rosdistro/pixi_rosdistro/install/opt/zenoh_cpp_vendor/include/zenoh/api/shm/client/shm_client.hxx
[753.662s] -- Installing: /Users/runner/work/pixi_rosdistro/pixi_rosdistro/install/opt/zenoh_cpp_vendor/include/zenoh/api/shm/client/shm_segment.hxx
[753.662s] -- Installing: /Users/runner/work/pixi_rosdistro/pixi_rosdistro/install/opt/zenoh_cpp_vendor/include/zenoh/api/shm/buffer
[753.662s] -- Installing: /Users/runner/work/pixi_rosdistro/pixi_rosdistro/install/opt/zenoh_cpp_vendor/include/zenoh/api/shm/buffer/buffer.hxx
[753.663s] -- Installing: /Users/runner/work/pixi_rosdistro/pixi_rosdistro/install/opt/zenoh_cpp_vendor/include/zenoh/api/shm/buffer/zshmmut.hxx
[753.663s] -- Installing: /Users/runner/work/pixi_rosdistro/pixi_rosdistro/install/opt/zenoh_cpp_vendor/include/zenoh/api/shm/buffer/zshm.hxx
[753.663s] -- Installing: /Users/runner/work/pixi_rosdistro/pixi_rosdistro/install/opt/zenoh_cpp_vendor/include/zenoh/api/scout.hxx
[753.663s] -- Installing: /Users/runner/work/pixi_rosdistro/pixi_rosdistro/install/opt/zenoh_cpp_vendor/include/zenoh/api/source_info.hxx
[753.663s] -- Installing: /Users/runner/work/pixi_rosdistro/pixi_rosdistro/install/opt/zenoh_cpp_vendor/include/zenoh/api/interop.hxx
[753.665s] -- Installing: /Users/runner/work/pixi_rosdistro/pixi_rosdistro/install/opt/zenoh_cpp_vendor/include/zenoh/api/matching.hxx
[753.665s] -- Installing: /Users/runner/work/pixi_rosdistro/pixi_rosdistro/install/opt/zenoh_cpp_vendor/include/zenoh/api/hello.hxx
[753.665s] -- Installing: /Users/runner/work/pixi_rosdistro/pixi_rosdistro/install/opt/zenoh_cpp_vendor/include/zenoh/api/base.hxx
[753.665s] -- Installing: /Users/runner/work/pixi_rosdistro/pixi_rosdistro/install/opt/zenoh_cpp_vendor/include/zenoh/api/cancellation.hxx
[753.665s] -- Installing: /Users/runner/work/pixi_rosdistro/pixi_rosdistro/install/opt/zenoh_cpp_vendor/include/zenoh/api/bytes.hxx
[753.665s] -- Installing: /Users/runner/work/pixi_rosdistro/pixi_rosdistro/install/opt/zenoh_cpp_vendor/include/zenoh/api/sample.hxx
[753.665s] -- Installing: /Users/runner/work/pixi_rosdistro/pixi_rosdistro/install/opt/zenoh_cpp_vendor/include/zenoh/api/transport_event.hxx
[753.665s] -- Installing: /Users/runner/work/pixi_rosdistro/pixi_rosdistro/install/opt/zenoh_cpp_vendor/include/zenoh/api/ext
[753.665s] -- Installing: /Users/runner/work/pixi_rosdistro/pixi_rosdistro/install/opt/zenoh_cpp_vendor/include/zenoh/api/ext/miss.hxx
[753.665s] -- Installing: /Users/runner/work/pixi_rosdistro/pixi_rosdistro/install/opt/zenoh_cpp_vendor/include/zenoh/api/ext/advanced_publisher.hxx
[753.667s] -- Installing: /Users/runner/work/pixi_rosdistro/pixi_rosdistro/install/opt/zenoh_cpp_vendor/include/zenoh/api/ext/serialization.hxx
[753.667s] -- Installing: /Users/runner/work/pixi_rosdistro/pixi_rosdistro/install/opt/zenoh_cpp_vendor/include/zenoh/api/ext/querying_subscriber.hxx
[753.667s] -- Installing: /Users/runner/work/pixi_rosdistro/pixi_rosdistro/install/opt/zenoh_cpp_vendor/include/zenoh/api/ext/publication_cache.hxx
[753.667s] -- Installing: /Users/runner/work/pixi_rosdistro/pixi_rosdistro/install/opt/zenoh_cpp_vendor/include/zenoh/api/ext/session_ext.hxx
[753.667s] -- Installing: /Users/runner/work/pixi_rosdistro/pixi_rosdistro/install/opt/zenoh_cpp_vendor/include/zenoh/api/ext/advanced_subscriber.hxx
[753.667s] -- Installing: /Users/runner/work/pixi_rosdistro/pixi_rosdistro/install/opt/zenoh_cpp_vendor/include/zenoh/api/subscriber.hxx
[753.667s] -- Installing: /Users/runner/work/pixi_rosdistro/pixi_rosdistro/install/opt/zenoh_cpp_vendor/include/zenoh/api/queryable.hxx
[753.667s] -- Installing: /Users/runner/work/pixi_rosdistro/pixi_rosdistro/install/opt/zenoh_cpp_vendor/include/zenoh/api/id.hxx
[753.667s] -- Installing: /Users/runner/work/pixi_rosdistro/pixi_rosdistro/install/opt/zenoh_cpp_vendor/include/zenoh/api/publisher.hxx
[753.667s] -- Installing: /Users/runner/work/pixi_rosdistro/pixi_rosdistro/install/opt/zenoh_cpp_vendor/include/zenoh/api/transport.hxx
[753.667s] -- Installing: /Users/runner/work/pixi_rosdistro/pixi_rosdistro/install/opt/zenoh_cpp_vendor/include/zenoh/api/keyexpr.hxx
[753.668s] -- Installing: /Users/runner/work/pixi_rosdistro/pixi_rosdistro/install/opt/zenoh_cpp_vendor/include/zenoh/api/encoding.hxx
[753.668s] -- Installing: /Users/runner/work/pixi_rosdistro/pixi_rosdistro/install/opt/zenoh_cpp_vendor/include/zenoh/api/reply.hxx
[753.668s] -- Installing: /Users/runner/work/pixi_rosdistro/pixi_rosdistro/install/opt/zenoh_cpp_vendor/include/zenoh/api/channels.hxx
[753.668s] -- Installing: /Users/runner/work/pixi_rosdistro/pixi_rosdistro/install/opt/zenoh_cpp_vendor/include/zenoh/api/querier.hxx
[753.668s] -- Installing: /Users/runner/work/pixi_rosdistro/pixi_rosdistro/install/opt/zenoh_cpp_vendor/include/zenoh/api/liveliness.hxx
[753.668s] -- Installing: /Users/runner/work/pixi_rosdistro/pixi_rosdistro/install/opt/zenoh_cpp_vendor/include/zenoh/api/link_events_listener.hxx
[753.668s] -- Installing: /Users/runner/work/pixi_rosdistro/pixi_rosdistro/install/opt/zenoh_cpp_vendor/include/zenoh/api/config.hxx
[753.668s] -- Installing: /Users/runner/work/pixi_rosdistro/pixi_rosdistro/install/opt/zenoh_cpp_vendor/include/zenoh/api/query_consolidation.hxx
[753.669s] -- Installing: /Users/runner/work/pixi_rosdistro/pixi_rosdistro/install/opt/zenoh_cpp_vendor/include/zenoh/api/enums.hxx
[753.669s] -- Installing: /Users/runner/work/pixi_rosdistro/pixi_rosdistro/install/opt/zenoh_cpp_vendor/include/zenoh/api/session.hxx
[753.669s] -- Installing: /Users/runner/work/pixi_rosdistro/pixi_rosdistro/install/opt/zenoh_cpp_vendor/include/zenoh/api/transport_events_listener.hxx
[753.669s] -- Installing: /Users/runner/work/pixi_rosdistro/pixi_rosdistro/install/opt/zenoh_cpp_vendor/include/zenoh/api/link_event.hxx
[753.669s] -- Installing: /Users/runner/work/pixi_rosdistro/pixi_rosdistro/install/opt/zenoh_cpp_vendor/include/zenoh/api/link.hxx
[753.672s] -- Installing: /Users/runner/work/pixi_rosdistro/pixi_rosdistro/install/opt/zenoh_cpp_vendor/include/zenoh/api/timestamp.hxx
[753.672s] -- Up-to-date: /Users/runner/work/pixi_rosdistro/pixi_rosdistro/install/opt/zenoh_cpp_vendor/lib
[753.672s] -- Up-to-date: /Users/runner/work/pixi_rosdistro/pixi_rosdistro/install/opt/zenoh_cpp_vendor/lib/pkgconfig
[753.672s] -- Installing: /Users/runner/work/pixi_rosdistro/pixi_rosdistro/install/opt/zenoh_cpp_vendor/lib/pkgconfig/zenohcxx.pc
[753.672s] -- Up-to-date: /Users/runner/work/pixi_rosdistro/pixi_rosdistro/install/opt/zenoh_cpp_vendor/lib/cmake
[753.672s] -- Installing: /Users/runner/work/pixi_rosdistro/pixi_rosdistro/install/opt/zenoh_cpp_vendor/lib/cmake/zenohcxx
[753.672s] -- Installing: /Users/runner/work/pixi_rosdistro/pixi_rosdistro/install/opt/zenoh_cpp_vendor/lib/cmake/zenohcxx/zenohcxxConfig.cmake
[753.672s] -- Installing: /Users/runner/work/pixi_rosdistro/pixi_rosdistro/install/opt/zenoh_cpp_vendor/lib/cmake/zenohcxx/zenohcxxConfigVersion.cmake
[753.672s] -- Installing: /Users/runner/work/pixi_rosdistro/pixi_rosdistro/install/share/ament_index/resource_index/package_run_dependencies/zenoh_cpp_vendor
[753.672s] -- Installing: /Users/runner/work/pixi_rosdistro/pixi_rosdistro/install/share/ament_index/resource_index/parent_prefix_path/zenoh_cpp_vendor
[753.672s] -- Installing: /Users/runner/work/pixi_rosdistro/pixi_rosdistro/install/share/zenoh_cpp_vendor/environment/ament_prefix_path.sh
[753.672s] -- Installing: /Users/runner/work/pixi_rosdistro/pixi_rosdistro/install/share/zenoh_cpp_vendor/environment/ament_prefix_path.dsv
[753.672s] -- Installing: /Users/runner/work/pixi_rosdistro/pixi_rosdistro/install/share/zenoh_cpp_vendor/environment/path.sh
[753.672s] -- Installing: /Users/runner/work/pixi_rosdistro/pixi_rosdistro/install/share/zenoh_cpp_vendor/environment/path.dsv
[753.672s] -- Installing: /Users/runner/work/pixi_rosdistro/pixi_rosdistro/install/share/zenoh_cpp_vendor/local_setup.bash
[753.672s] -- Installing: /Users/runner/work/pixi_rosdistro/pixi_rosdistro/install/share/zenoh_cpp_vendor/local_setup.fish
[753.676s] -- Installing: /Users/runner/work/pixi_rosdistro/pixi_rosdistro/install/share/zenoh_cpp_vendor/local_setup.sh
[753.676s] -- Installing: /Users/runner/work/pixi_rosdistro/pixi_rosdistro/install/share/zenoh_cpp_vendor/local_setup.zsh
[753.676s] -- Installing: /Users/runner/work/pixi_rosdistro/pixi_rosdistro/install/share/zenoh_cpp_vendor/local_setup.dsv
[753.676s] -- Installing: /Users/runner/work/pixi_rosdistro/pixi_rosdistro/install/share/zenoh_cpp_vendor/package.dsv
[753.676s] -- Installing: /Users/runner/work/pixi_rosdistro/pixi_rosdistro/install/share/ament_index/resource_index/packages/zenoh_cpp_vendor
[753.676s] -- Installing: /Users/runner/work/pixi_rosdistro/pixi_rosdistro/install/share/zenoh_cpp_vendor/cmake/vendor_package_cmake_prefix.cmake
[753.677s] -- Installing: /Users/runner/work/pixi_rosdistro/pixi_rosdistro/install/share/zenoh_cpp_vendor/cmake/ament_cmake_export_dependencies-extras.cmake
[753.677s] -- Installing: /Users/runner/work/pixi_rosdistro/pixi_rosdistro/install/share/zenoh_cpp_vendor/cmake/zenoh_cpp_vendorConfig.cmake
[753.678s] -- Installing: /Users/runner/work/pixi_rosdistro/pixi_rosdistro/install/share/zenoh_cpp_vendor/cmake/zenoh_cpp_vendorConfig-version.cmake
[753.678s] -- Installing: /Users/runner/work/pixi_rosdistro/pixi_rosdistro/install/share/zenoh_cpp_vendor/package.xml
[753.680s] Invoked command in '/Users/runner/work/pixi_rosdistro/pixi_rosdistro/build/zenoh_cpp_vendor' returned '0': AMENT_PREFIX_PATH=/Users/runner/work/pixi_rosdistro/pixi_rosdistro/install CMAKE_PREFIX_PATH=/Users/runner/work/pixi_rosdistro/pixi_rosdistro/install PATH=/Users/runner/work/pixi_rosdistro/pixi_rosdistro/install/bin:${PATH} PIXI_PROMPT=(ros2_rolling) PKG_CONFIG_PATH=/Users/runner/work/pixi_rosdistro/pixi_rosdistro/install/lib/pkgconfig PYTHONPATH=/Users/runner/work/pixi_rosdistro/pixi_rosdistro/install/lib/python3.12/site-packages ROS_DOMAIN_ID=77 SHLVL=3 _=/usr/bin/env /Users/runner/work/pixi_rosdistro/pixi_rosdistro/.pixi/envs/default/bin/cmake --install /Users/runner/work/pixi_rosdistro/pixi_rosdistro/build/zenoh_cpp_vendor
