[6.382s] Invoking command in '/home/runner/work/pixi_rosdistro/pixi_rosdistro/build/rosidl_default_generators': AMENT_PREFIX_PATH=/home/runner/work/pixi_rosdistro/pixi_rosdistro/install CMAKE_PREFIX_PATH=/home/runner/work/pixi_rosdistro/pixi_rosdistro/install:${CMAKE_PREFIX_PATH} LD_LIBRARY_PATH=/home/runner/work/pixi_rosdistro/pixi_rosdistro/install/lib PATH=/home/runner/work/pixi_rosdistro/pixi_rosdistro/install/bin:/opt/microsoft/powershell/7:${PATH} PIXI_PROMPT=(ros2_rolling) PKG_CONFIG_PATH=/home/runner/work/pixi_rosdistro/pixi_rosdistro/install/lib/pkgconfig PSModulePath=/home/runner/.local/share/powershell/Modules:${PSModulePath} PYTHONPATH=/home/runner/work/pixi_rosdistro/pixi_rosdistro/install/lib/python3.12/site-packages ROS_DOMAIN_ID=223 /home/runner/work/pixi_rosdistro/pixi_rosdistro/.pixi/envs/default/bin/cmake /home/runner/work/pixi_rosdistro/pixi_rosdistro/src/ros2/rosidl_defaults/rosidl_default_generators -GNinja --no-warn-unused-cli -DCMAKE_BUILD_TYPE=Release -DCMAKE_BUILD_WITH_INSTALL_RPATH:bool=TRUE -DCMAKE_POLICY_VERSION_MINIMUM=3.5 -Wno-deprecated -DSTACK_DETAILS_AUTO_DETECT:bool=FALSE -DSTACK_DETAILS_BFD:bool=FALSE -DCMAKE_INSTALL_PREFIX=/home/runner/work/pixi_rosdistro/pixi_rosdistro/install
[6.419s] Not searching for unused variables given on the command line.
[6.419s] -- Found ament_cmake: 2.8.6 (/home/runner/work/pixi_rosdistro/pixi_rosdistro/install/share/ament_cmake/cmake)
[6.982s] -- Found ament_lint_auto: 0.20.3 (/home/runner/work/pixi_rosdistro/pixi_rosdistro/install/share/ament_lint_auto/cmake)
[7.179s] -- Added test 'copyright' to check source files copyright and LICENSE
[7.181s] -- Added test 'lint_cmake' to check CMake code style
[7.183s] -- Added test 'xmllint' to check XML markup files
[7.186s] -- Configuring done (0.8s)
[7.199s] -- Generating done (0.0s)
[7.201s] -- Build files have been written to: /home/runner/work/pixi_rosdistro/pixi_rosdistro/build/rosidl_default_generators
[7.209s] Invoked command in '/home/runner/work/pixi_rosdistro/pixi_rosdistro/build/rosidl_default_generators' returned '0': AMENT_PREFIX_PATH=/home/runner/work/pixi_rosdistro/pixi_rosdistro/install CMAKE_PREFIX_PATH=/home/runner/work/pixi_rosdistro/pixi_rosdistro/install:${CMAKE_PREFIX_PATH} LD_LIBRARY_PATH=/home/runner/work/pixi_rosdistro/pixi_rosdistro/install/lib PATH=/home/runner/work/pixi_rosdistro/pixi_rosdistro/install/bin:/opt/microsoft/powershell/7:${PATH} PIXI_PROMPT=(ros2_rolling) PKG_CONFIG_PATH=/home/runner/work/pixi_rosdistro/pixi_rosdistro/install/lib/pkgconfig PSModulePath=/home/runner/.local/share/powershell/Modules:${PSModulePath} PYTHONPATH=/home/runner/work/pixi_rosdistro/pixi_rosdistro/install/lib/python3.12/site-packages ROS_DOMAIN_ID=223 /home/runner/work/pixi_rosdistro/pixi_rosdistro/.pixi/envs/default/bin/cmake /home/runner/work/pixi_rosdistro/pixi_rosdistro/src/ros2/rosidl_defaults/rosidl_default_generators -GNinja --no-warn-unused-cli -DCMAKE_BUILD_TYPE=Release -DCMAKE_BUILD_WITH_INSTALL_RPATH:bool=TRUE -DCMAKE_POLICY_VERSION_MINIMUM=3.5 -Wno-deprecated -DSTACK_DETAILS_AUTO_DETECT:bool=FALSE -DSTACK_DETAILS_BFD:bool=FALSE -DCMAKE_INSTALL_PREFIX=/home/runner/work/pixi_rosdistro/pixi_rosdistro/install
[7.210s] Invoking command in '/home/runner/work/pixi_rosdistro/pixi_rosdistro/build/rosidl_default_generators': AMENT_PREFIX_PATH=/home/runner/work/pixi_rosdistro/pixi_rosdistro/install CMAKE_PREFIX_PATH=/home/runner/work/pixi_rosdistro/pixi_rosdistro/install:${CMAKE_PREFIX_PATH} LD_LIBRARY_PATH=/home/runner/work/pixi_rosdistro/pixi_rosdistro/install/lib PATH=/home/runner/work/pixi_rosdistro/pixi_rosdistro/install/bin:/opt/microsoft/powershell/7:${PATH} PIXI_PROMPT=(ros2_rolling) PKG_CONFIG_PATH=/home/runner/work/pixi_rosdistro/pixi_rosdistro/install/lib/pkgconfig PSModulePath=/home/runner/.local/share/powershell/Modules:${PSModulePath} PYTHONPATH=/home/runner/work/pixi_rosdistro/pixi_rosdistro/install/lib/python3.12/site-packages ROS_DOMAIN_ID=223 /home/runner/work/pixi_rosdistro/pixi_rosdistro/.pixi/envs/default/bin/cmake --build /home/runner/work/pixi_rosdistro/pixi_rosdistro/build/rosidl_default_generators -- -j4 -l4
[7.240s] ninja: no work to do.
[7.245s] Invoked command in '/home/runner/work/pixi_rosdistro/pixi_rosdistro/build/rosidl_default_generators' returned '0': AMENT_PREFIX_PATH=/home/runner/work/pixi_rosdistro/pixi_rosdistro/install CMAKE_PREFIX_PATH=/home/runner/work/pixi_rosdistro/pixi_rosdistro/install:${CMAKE_PREFIX_PATH} LD_LIBRARY_PATH=/home/runner/work/pixi_rosdistro/pixi_rosdistro/install/lib PATH=/home/runner/work/pixi_rosdistro/pixi_rosdistro/install/bin:/opt/microsoft/powershell/7:${PATH} PIXI_PROMPT=(ros2_rolling) PKG_CONFIG_PATH=/home/runner/work/pixi_rosdistro/pixi_rosdistro/install/lib/pkgconfig PSModulePath=/home/runner/.local/share/powershell/Modules:${PSModulePath} PYTHONPATH=/home/runner/work/pixi_rosdistro/pixi_rosdistro/install/lib/python3.12/site-packages ROS_DOMAIN_ID=223 /home/runner/work/pixi_rosdistro/pixi_rosdistro/.pixi/envs/default/bin/cmake --build /home/runner/work/pixi_rosdistro/pixi_rosdistro/build/rosidl_default_generators -- -j4 -l4
[7.247s] Invoking command in '/home/runner/work/pixi_rosdistro/pixi_rosdistro/build/rosidl_default_generators': AMENT_PREFIX_PATH=/home/runner/work/pixi_rosdistro/pixi_rosdistro/install CMAKE_PREFIX_PATH=/home/runner/work/pixi_rosdistro/pixi_rosdistro/install:${CMAKE_PREFIX_PATH} LD_LIBRARY_PATH=/home/runner/work/pixi_rosdistro/pixi_rosdistro/install/lib PATH=/home/runner/work/pixi_rosdistro/pixi_rosdistro/install/bin:/opt/microsoft/powershell/7:${PATH} PIXI_PROMPT=(ros2_rolling) PKG_CONFIG_PATH=/home/runner/work/pixi_rosdistro/pixi_rosdistro/install/lib/pkgconfig PSModulePath=/home/runner/.local/share/powershell/Modules:${PSModulePath} PYTHONPATH=/home/runner/work/pixi_rosdistro/pixi_rosdistro/install/lib/python3.12/site-packages ROS_DOMAIN_ID=223 /home/runner/work/pixi_rosdistro/pixi_rosdistro/.pixi/envs/default/bin/cmake --install /home/runner/work/pixi_rosdistro/pixi_rosdistro/build/rosidl_default_generators
[7.262s] -- Install configuration: "Release"
[7.262s] -- Installing: /home/runner/work/pixi_rosdistro/pixi_rosdistro/install/share/ament_index/resource_index/package_run_dependencies/rosidl_default_generators
[7.263s] -- Installing: /home/runner/work/pixi_rosdistro/pixi_rosdistro/install/share/ament_index/resource_index/parent_prefix_path/rosidl_default_generators
[7.264s] -- Installing: /home/runner/work/pixi_rosdistro/pixi_rosdistro/install/share/rosidl_default_generators/environment/ament_prefix_path.sh
[7.265s] -- Installing: /home/runner/work/pixi_rosdistro/pixi_rosdistro/install/share/rosidl_default_generators/environment/ament_prefix_path.dsv
[7.265s] -- Installing: /home/runner/work/pixi_rosdistro/pixi_rosdistro/install/share/rosidl_default_generators/environment/path.sh
[7.267s] -- Installing: /home/runner/work/pixi_rosdistro/pixi_rosdistro/install/share/rosidl_default_generators/environment/path.dsv
[7.267s] -- Installing: /home/runner/work/pixi_rosdistro/pixi_rosdistro/install/share/rosidl_default_generators/local_setup.bash
[7.267s] -- Installing: /home/runner/work/pixi_rosdistro/pixi_rosdistro/install/share/rosidl_default_generators/local_setup.fish
[7.267s] -- Installing: /home/runner/work/pixi_rosdistro/pixi_rosdistro/install/share/rosidl_default_generators/local_setup.sh
[7.268s] -- Installing: /home/runner/work/pixi_rosdistro/pixi_rosdistro/install/share/rosidl_default_generators/local_setup.zsh
[7.268s] -- Installing: /home/runner/work/pixi_rosdistro/pixi_rosdistro/install/share/rosidl_default_generators/local_setup.dsv
[7.268s] -- Installing: /home/runner/work/pixi_rosdistro/pixi_rosdistro/install/share/rosidl_default_generators/package.dsv
[7.269s] -- Installing: /home/runner/work/pixi_rosdistro/pixi_rosdistro/install/share/ament_index/resource_index/packages/rosidl_default_generators
[7.269s] -- Installing: /home/runner/work/pixi_rosdistro/pixi_rosdistro/install/share/rosidl_default_generators/cmake/ament_cmake_export_dependencies-extras.cmake
[7.269s] -- Installing: /home/runner/work/pixi_rosdistro/pixi_rosdistro/install/share/rosidl_default_generators/cmake/rosidl_default_generatorsConfig.cmake
[7.269s] -- Installing: /home/runner/work/pixi_rosdistro/pixi_rosdistro/install/share/rosidl_default_generators/cmake/rosidl_default_generatorsConfig-version.cmake
[7.272s] -- Installing: /home/runner/work/pixi_rosdistro/pixi_rosdistro/install/share/rosidl_default_generators/package.xml
[7.282s] Invoked command in '/home/runner/work/pixi_rosdistro/pixi_rosdistro/build/rosidl_default_generators' returned '0': AMENT_PREFIX_PATH=/home/runner/work/pixi_rosdistro/pixi_rosdistro/install CMAKE_PREFIX_PATH=/home/runner/work/pixi_rosdistro/pixi_rosdistro/install:${CMAKE_PREFIX_PATH} LD_LIBRARY_PATH=/home/runner/work/pixi_rosdistro/pixi_rosdistro/install/lib PATH=/home/runner/work/pixi_rosdistro/pixi_rosdistro/install/bin:/opt/microsoft/powershell/7:${PATH} PIXI_PROMPT=(ros2_rolling) PKG_CONFIG_PATH=/home/runner/work/pixi_rosdistro/pixi_rosdistro/install/lib/pkgconfig PSModulePath=/home/runner/.local/share/powershell/Modules:${PSModulePath} PYTHONPATH=/home/runner/work/pixi_rosdistro/pixi_rosdistro/install/lib/python3.12/site-packages ROS_DOMAIN_ID=223 /home/runner/work/pixi_rosdistro/pixi_rosdistro/.pixi/envs/default/bin/cmake --install /home/runner/work/pixi_rosdistro/pixi_rosdistro/build/rosidl_default_generators
