[0.716s] Invoking command in '/Users/runner/work/pixi_rosdistro/pixi_rosdistro/src/ament/ament_lint/ament_uncrustify': AMENT_PREFIX_PATH=/Users/runner/work/pixi_rosdistro/pixi_rosdistro/install CMAKE_PREFIX_PATH=/Users/runner/work/pixi_rosdistro/pixi_rosdistro/install PATH=/Users/runner/work/pixi_rosdistro/pixi_rosdistro/install/bin:${PATH} PIXI_PROMPT=(ros2_rolling) PKG_CONFIG_PATH=/Users/runner/work/pixi_rosdistro/pixi_rosdistro/install/lib/pkgconfig PYTHONPATH=/Users/runner/work/pixi_rosdistro/pixi_rosdistro/build/ament_uncrustify/prefix_override:/Users/runner/work/pixi_rosdistro/pixi_rosdistro/.pixi/envs/default/lib/python3.12/site-packages/colcon_core/task/python/colcon_distutils_commands:/Users/runner/work/pixi_rosdistro/pixi_rosdistro/install/lib/python3.12/site-packages:/Users/runner/work/pixi_rosdistro/pixi_rosdistro/install/lib/python3.12/site-packages ROS_DOMAIN_ID=76 SHLVL=3 _=/usr/bin/env /Users/runner/work/pixi_rosdistro/pixi_rosdistro/.pixi/envs/default/bin/python3.12 -W ignore:setup.py install is deprecated -W ignore:easy_install command is deprecated setup.py egg_info --egg-base ../../../../build/ament_uncrustify build --build-base /Users/runner/work/pixi_rosdistro/pixi_rosdistro/build/ament_uncrustify/build install --record /Users/runner/work/pixi_rosdistro/pixi_rosdistro/build/ament_uncrustify/install.log --single-version-externally-managed install_data
[0.860s] running egg_info
[0.864s] creating ../../../../build/ament_uncrustify/ament_uncrustify.egg-info
[0.865s] writing ../../../../build/ament_uncrustify/ament_uncrustify.egg-info/PKG-INFO
[0.865s] writing dependency_links to ../../../../build/ament_uncrustify/ament_uncrustify.egg-info/dependency_links.txt
[0.866s] writing entry points to ../../../../build/ament_uncrustify/ament_uncrustify.egg-info/entry_points.txt
[0.866s] writing requirements to ../../../../build/ament_uncrustify/ament_uncrustify.egg-info/requires.txt
[0.866s] writing top-level names to ../../../../build/ament_uncrustify/ament_uncrustify.egg-info/top_level.txt
[0.867s] writing manifest file '../../../../build/ament_uncrustify/ament_uncrustify.egg-info/SOURCES.txt'
[0.878s] reading manifest file '../../../../build/ament_uncrustify/ament_uncrustify.egg-info/SOURCES.txt'
[0.879s] writing manifest file '../../../../build/ament_uncrustify/ament_uncrustify.egg-info/SOURCES.txt'
[0.879s] running build
[0.879s] running build_py
[0.879s] creating /Users/runner/work/pixi_rosdistro/pixi_rosdistro/build/ament_uncrustify/build/lib/ament_uncrustify
[0.879s] copying ament_uncrustify/__init__.py -> /Users/runner/work/pixi_rosdistro/pixi_rosdistro/build/ament_uncrustify/build/lib/ament_uncrustify
[0.879s] copying ament_uncrustify/main.py -> /Users/runner/work/pixi_rosdistro/pixi_rosdistro/build/ament_uncrustify/build/lib/ament_uncrustify
[0.882s] copying ament_uncrustify/py.typed -> /Users/runner/work/pixi_rosdistro/pixi_rosdistro/build/ament_uncrustify/build/lib/ament_uncrustify
[0.883s] creating /Users/runner/work/pixi_rosdistro/pixi_rosdistro/build/ament_uncrustify/build/lib/ament_uncrustify/configuration
[0.883s] copying ament_uncrustify/configuration/ament_code_style_0_72.cfg -> /Users/runner/work/pixi_rosdistro/pixi_rosdistro/build/ament_uncrustify/build/lib/ament_uncrustify/configuration
[0.883s] copying ament_uncrustify/configuration/ament_code_style_0_78.cfg -> /Users/runner/work/pixi_rosdistro/pixi_rosdistro/build/ament_uncrustify/build/lib/ament_uncrustify/configuration
[0.883s] running install
[0.889s] running install_lib
[0.893s] creating /Users/runner/work/pixi_rosdistro/pixi_rosdistro/install/lib/python3.12/site-packages/ament_uncrustify
[0.893s] creating /Users/runner/work/pixi_rosdistro/pixi_rosdistro/install/lib/python3.12/site-packages/ament_uncrustify/configuration
[0.894s] copying /Users/runner/work/pixi_rosdistro/pixi_rosdistro/build/ament_uncrustify/build/lib/ament_uncrustify/configuration/ament_code_style_0_72.cfg -> /Users/runner/work/pixi_rosdistro/pixi_rosdistro/install/lib/python3.12/site-packages/ament_uncrustify/configuration
[0.894s] copying /Users/runner/work/pixi_rosdistro/pixi_rosdistro/build/ament_uncrustify/build/lib/ament_uncrustify/configuration/ament_code_style_0_78.cfg -> /Users/runner/work/pixi_rosdistro/pixi_rosdistro/install/lib/python3.12/site-packages/ament_uncrustify/configuration
[0.894s] copying /Users/runner/work/pixi_rosdistro/pixi_rosdistro/build/ament_uncrustify/build/lib/ament_uncrustify/__init__.py -> /Users/runner/work/pixi_rosdistro/pixi_rosdistro/install/lib/python3.12/site-packages/ament_uncrustify
[0.894s] copying /Users/runner/work/pixi_rosdistro/pixi_rosdistro/build/ament_uncrustify/build/lib/ament_uncrustify/py.typed -> /Users/runner/work/pixi_rosdistro/pixi_rosdistro/install/lib/python3.12/site-packages/ament_uncrustify
[0.894s] copying /Users/runner/work/pixi_rosdistro/pixi_rosdistro/build/ament_uncrustify/build/lib/ament_uncrustify/main.py -> /Users/runner/work/pixi_rosdistro/pixi_rosdistro/install/lib/python3.12/site-packages/ament_uncrustify
[0.897s] byte-compiling /Users/runner/work/pixi_rosdistro/pixi_rosdistro/install/lib/python3.12/site-packages/ament_uncrustify/__init__.py to __init__.cpython-312.pyc
[0.898s] byte-compiling /Users/runner/work/pixi_rosdistro/pixi_rosdistro/install/lib/python3.12/site-packages/ament_uncrustify/main.py to main.cpython-312.pyc
[0.898s] running install_data
[0.898s] copying package.xml -> /Users/runner/work/pixi_rosdistro/pixi_rosdistro/install/share/ament_uncrustify
[0.898s] copying resource/ament_uncrustify -> /Users/runner/work/pixi_rosdistro/pixi_rosdistro/install/share/ament_index/resource_index/packages
[0.898s] running install_egg_info
[0.904s] Copying ../../../../build/ament_uncrustify/ament_uncrustify.egg-info to /Users/runner/work/pixi_rosdistro/pixi_rosdistro/install/lib/python3.12/site-packages/ament_uncrustify-0.20.3-py3.12.egg-info
[0.904s] running install_scripts
[0.920s] Installing ament_uncrustify script to /Users/runner/work/pixi_rosdistro/pixi_rosdistro/install/bin
[0.920s] writing list of installed files to '/Users/runner/work/pixi_rosdistro/pixi_rosdistro/build/ament_uncrustify/install.log'
[0.934s] Invoked command in '/Users/runner/work/pixi_rosdistro/pixi_rosdistro/src/ament/ament_lint/ament_uncrustify' returned '0': AMENT_PREFIX_PATH=/Users/runner/work/pixi_rosdistro/pixi_rosdistro/install CMAKE_PREFIX_PATH=/Users/runner/work/pixi_rosdistro/pixi_rosdistro/install PATH=/Users/runner/work/pixi_rosdistro/pixi_rosdistro/install/bin:${PATH} PIXI_PROMPT=(ros2_rolling) PKG_CONFIG_PATH=/Users/runner/work/pixi_rosdistro/pixi_rosdistro/install/lib/pkgconfig PYTHONPATH=/Users/runner/work/pixi_rosdistro/pixi_rosdistro/build/ament_uncrustify/prefix_override:/Users/runner/work/pixi_rosdistro/pixi_rosdistro/.pixi/envs/default/lib/python3.12/site-packages/colcon_core/task/python/colcon_distutils_commands:/Users/runner/work/pixi_rosdistro/pixi_rosdistro/install/lib/python3.12/site-packages:/Users/runner/work/pixi_rosdistro/pixi_rosdistro/install/lib/python3.12/site-packages ROS_DOMAIN_ID=76 SHLVL=3 _=/usr/bin/env /Users/runner/work/pixi_rosdistro/pixi_rosdistro/.pixi/envs/default/bin/python3.12 -W ignore:setup.py install is deprecated -W ignore:easy_install command is deprecated setup.py egg_info --egg-base ../../../../build/ament_uncrustify build --build-base /Users/runner/work/pixi_rosdistro/pixi_rosdistro/build/ament_uncrustify/build install --record /Users/runner/work/pixi_rosdistro/pixi_rosdistro/build/ament_uncrustify/install.log --single-version-externally-managed install_data
