[1.579s] Invoking command in '/home/runner/work/pixi_rosdistro/pixi_rosdistro/build/foonathan_memory_vendor': AMENT_PREFIX_PATH=/home/runner/work/pixi_rosdistro/pixi_rosdistro/install CMAKE_PREFIX_PATH=/home/runner/work/pixi_rosdistro/pixi_rosdistro/install:${CMAKE_PREFIX_PATH} LD_LIBRARY_PATH=/home/runner/work/pixi_rosdistro/pixi_rosdistro/install/lib PATH=/home/runner/work/pixi_rosdistro/pixi_rosdistro/install/bin:/opt/microsoft/powershell/7:${PATH} PIXI_PROMPT=(ros2_rolling) PSModulePath=/home/runner/.local/share/powershell/Modules:${PSModulePath} PYTHONPATH=/home/runner/work/pixi_rosdistro/pixi_rosdistro/install/lib/python3.12/site-packages ROS_DOMAIN_ID=67 /home/runner/work/pixi_rosdistro/pixi_rosdistro/.pixi/envs/default/bin/cmake /home/runner/work/pixi_rosdistro/pixi_rosdistro/src/eProsima/foonathan_memory_vendor -GNinja --no-warn-unused-cli -DCMAKE_BUILD_TYPE=Release -DCMAKE_BUILD_WITH_INSTALL_RPATH:bool=TRUE -DCMAKE_POLICY_VERSION_MINIMUM=3.5 -Wno-deprecated -DSTACK_DETAILS_AUTO_DETECT:bool=FALSE -DSTACK_DETAILS_BFD:bool=FALSE -DTRACETOOLS_DISABLED=ON -DCMAKE_INSTALL_PREFIX=/home/runner/work/pixi_rosdistro/pixi_rosdistro/install
[1.632s] Not searching for unused variables given on the command line.
[1.632s] -- The C compiler identification is GNU 14.3.0
[1.728s] -- The CXX compiler identification is GNU 14.3.0
[1.741s] -- Detecting C compiler ABI info
[1.971s] -- Detecting C compiler ABI info - done
[2.007s] -- Check for working C compiler: /home/runner/work/pixi_rosdistro/pixi_rosdistro/.pixi/envs/default/bin/x86_64-conda-linux-gnu-cc - skipped
[2.007s] -- Detecting C compile features
[2.007s] -- Detecting C compile features - done
[2.026s] -- Detecting CXX compiler ABI info
[2.239s] -- Detecting CXX compiler ABI info - done
[2.263s] -- Check for working CXX compiler: /home/runner/work/pixi_rosdistro/pixi_rosdistro/.pixi/envs/default/bin/x86_64-conda-linux-gnu-c++ - skipped
[2.263s] -- Detecting CXX compile features
[2.267s] -- Detecting CXX compile features - done
[2.304s] foonathan_memory not found.
[2.602s] -- Configuring done (1.0s)
[2.615s] -- Generating done (0.0s)
[2.620s] -- Build files have been written to: /home/runner/work/pixi_rosdistro/pixi_rosdistro/build/foonathan_memory_vendor
[2.626s] Invoked command in '/home/runner/work/pixi_rosdistro/pixi_rosdistro/build/foonathan_memory_vendor' returned '0': AMENT_PREFIX_PATH=/home/runner/work/pixi_rosdistro/pixi_rosdistro/install CMAKE_PREFIX_PATH=/home/runner/work/pixi_rosdistro/pixi_rosdistro/install:${CMAKE_PREFIX_PATH} LD_LIBRARY_PATH=/home/runner/work/pixi_rosdistro/pixi_rosdistro/install/lib PATH=/home/runner/work/pixi_rosdistro/pixi_rosdistro/install/bin:/opt/microsoft/powershell/7:${PATH} PIXI_PROMPT=(ros2_rolling) PSModulePath=/home/runner/.local/share/powershell/Modules:${PSModulePath} PYTHONPATH=/home/runner/work/pixi_rosdistro/pixi_rosdistro/install/lib/python3.12/site-packages ROS_DOMAIN_ID=67 /home/runner/work/pixi_rosdistro/pixi_rosdistro/.pixi/envs/default/bin/cmake /home/runner/work/pixi_rosdistro/pixi_rosdistro/src/eProsima/foonathan_memory_vendor -GNinja --no-warn-unused-cli -DCMAKE_BUILD_TYPE=Release -DCMAKE_BUILD_WITH_INSTALL_RPATH:bool=TRUE -DCMAKE_POLICY_VERSION_MINIMUM=3.5 -Wno-deprecated -DSTACK_DETAILS_AUTO_DETECT:bool=FALSE -DSTACK_DETAILS_BFD:bool=FALSE -DTRACETOOLS_DISABLED=ON -DCMAKE_INSTALL_PREFIX=/home/runner/work/pixi_rosdistro/pixi_rosdistro/install
[2.627s] Invoking command in '/home/runner/work/pixi_rosdistro/pixi_rosdistro/build/foonathan_memory_vendor': AMENT_PREFIX_PATH=/home/runner/work/pixi_rosdistro/pixi_rosdistro/install CMAKE_PREFIX_PATH=/home/runner/work/pixi_rosdistro/pixi_rosdistro/install:${CMAKE_PREFIX_PATH} LD_LIBRARY_PATH=/home/runner/work/pixi_rosdistro/pixi_rosdistro/install/lib PATH=/home/runner/work/pixi_rosdistro/pixi_rosdistro/install/bin:/opt/microsoft/powershell/7:${PATH} PIXI_PROMPT=(ros2_rolling) PSModulePath=/home/runner/.local/share/powershell/Modules:${PSModulePath} PYTHONPATH=/home/runner/work/pixi_rosdistro/pixi_rosdistro/install/lib/python3.12/site-packages ROS_DOMAIN_ID=67 /home/runner/work/pixi_rosdistro/pixi_rosdistro/.pixi/envs/default/bin/cmake --build /home/runner/work/pixi_rosdistro/pixi_rosdistro/build/foonathan_memory_vendor -- -j4 -l4
[2.668s] [1/8] Creating directories for 'foo_mem-ext'
[3.437s] [2/8] Performing download step (git clone) for 'foo_mem-ext'
[3.437s] Cloning into 'foo_mem-ext'...
[3.437s] HEAD is now at 1de8562 Avoid using `__func__`
[3.446s] [3/8] No update step for 'foo_mem-ext'
[3.455s] [4/8] No patch step for 'foo_mem-ext'
[24.350s] [5/8] Performing configure step for 'foo_mem-ext'
[24.350s] -- The C compiler identification is GNU 14.3.0
[24.350s] -- The CXX compiler identification is GNU 14.3.0
[24.351s] -- Detecting C compiler ABI info
[24.351s] -- Detecting C compiler ABI info - done
[24.351s] -- Check for working C compiler: /home/runner/work/pixi_rosdistro/pixi_rosdistro/.pixi/envs/default/bin/x86_64-conda-linux-gnu-cc - skipped
[24.351s] -- Detecting C compile features
[24.351s] -- Detecting C compile features - done
[24.351s] -- Detecting CXX compiler ABI info
[24.351s] -- Detecting CXX compiler ABI info - done
[24.351s] -- Check for working CXX compiler: /home/runner/work/pixi_rosdistro/pixi_rosdistro/.pixi/envs/default/bin/x86_64-conda-linux-gnu-c++ - skipped
[24.351s] -- Detecting CXX compile features
[24.351s] -- Detecting CXX compile features - done
[24.352s] -- Performing Test HAVE_CXX_ATOMIC_NOFLAG
[24.352s] -- Performing Test HAVE_CXX_ATOMIC_NOFLAG - Success
[24.352s] -- Getting container node sizes
[24.352s] -- Configuring done (20.8s)
[24.352s] -- Generating done (0.0s)
[24.352s] -- Build files have been written to: /home/runner/work/pixi_rosdistro/pixi_rosdistro/build/foonathan_memory_vendor/foo_mem-ext-prefix/src/foo_mem-ext-build
[25.875s] [6/8] Performing build step for 'foo_mem-ext'
[25.875s] [1/22] Building CXX object src/CMakeFiles/foonathan_memory.dir/detail/align.cpp.o
[25.875s] [2/22] Building CXX object src/CMakeFiles/foonathan_memory.dir/detail/assert.cpp.o
[25.875s] [3/22] Building CXX object src/CMakeFiles/foonathan_memory.dir/detail/debug_helpers.cpp.o
[25.875s] [4/22] Building CXX object src/CMakeFiles/foonathan_memory.dir/detail/free_list_array.cpp.o
[25.875s] [5/22] Building CXX object src/CMakeFiles/foonathan_memory.dir/detail/free_list.cpp.o
[25.875s] [6/22] Building CXX object src/CMakeFiles/foonathan_memory.dir/debugging.cpp.o
[25.875s] [7/22] Building CXX object src/CMakeFiles/foonathan_memory.dir/error.cpp.o
[25.876s] [8/22] Building CXX object src/CMakeFiles/foonathan_memory.dir/detail/small_free_list.cpp.o
[25.876s] [9/22] Building CXX object src/CMakeFiles/foonathan_memory.dir/iteration_allocator.cpp.o
[25.876s] [10/22] Building CXX object src/CMakeFiles/foonathan_memory.dir/heap_allocator.cpp.o
[25.876s] [11/22] Building CXX object src/CMakeFiles/foonathan_memory.dir/malloc_allocator.cpp.o
[25.876s] [12/22] Building CXX object src/CMakeFiles/foonathan_memory.dir/memory_arena.cpp.o
[25.876s] [13/22] Building CXX object src/CMakeFiles/foonathan_memory.dir/memory_pool.cpp.o
[25.876s] [14/22] Building CXX object src/CMakeFiles/foonathan_memory.dir/memory_pool_collection.cpp.o
[25.876s] [15/22] Building CXX object src/CMakeFiles/foonathan_memory.dir/memory_stack.cpp.o
[25.876s] [16/22] Building CXX object src/CMakeFiles/foonathan_memory.dir/new_allocator.cpp.o
[25.876s] [17/22] Building CXX object src/CMakeFiles/foonathan_memory.dir/temporary_allocator.cpp.o
[25.876s] [18/22] Building CXX object src/CMakeFiles/foonathan_memory.dir/static_allocator.cpp.o
[25.878s] [19/22] Building CXX object src/CMakeFiles/foonathan_memory.dir/virtual_memory.cpp.o
[25.879s] [20/22] Linking CXX static library src/libfoonathan_memory-0.7.4.a
[25.879s] [21/22] Building CXX object tool/CMakeFiles/foonathan_memory_node_size_debugger.dir/node_size_debugger.cpp.o
[25.879s] [22/22] Linking CXX executable tool/nodesize_dbg
[25.957s] [7/8] Performing install step for 'foo_mem-ext'
[25.957s] [0/1] Install the project...
[25.957s] -- Install configuration: "Release"
[25.957s] -- Installing: /home/runner/work/pixi_rosdistro/pixi_rosdistro/build/foonathan_memory_vendor/foo_mem_ext_prj_install/lib/libfoonathan_memory-0.7.4.a
[25.958s] -- Installing: /home/runner/work/pixi_rosdistro/pixi_rosdistro/build/foonathan_memory_vendor/foo_mem_ext_prj_install/include/foonathan/memory/config_impl.hpp
[25.958s] -- Installing: /home/runner/work/pixi_rosdistro/pixi_rosdistro/build/foonathan_memory_vendor/foo_mem_ext_prj_install/include/foonathan/memory/detail/container_node_sizes_impl.hpp
[25.958s] -- Installing: /home/runner/work/pixi_rosdistro/pixi_rosdistro/build/foonathan_memory_vendor/foo_mem_ext_prj_install/include/foonathan/memory/aligned_allocator.hpp
[25.958s] -- Installing: /home/runner/work/pixi_rosdistro/pixi_rosdistro/build/foonathan_memory_vendor/foo_mem_ext_prj_install/include/foonathan/memory/allocator_storage.hpp
[25.958s] -- Installing: /home/runner/work/pixi_rosdistro/pixi_rosdistro/build/foonathan_memory_vendor/foo_mem_ext_prj_install/include/foonathan/memory/allocator_traits.hpp
[25.958s] -- Installing: /home/runner/work/pixi_rosdistro/pixi_rosdistro/build/foonathan_memory_vendor/foo_mem_ext_prj_install/include/foonathan/memory/config.hpp
[25.958s] -- Installing: /home/runner/work/pixi_rosdistro/pixi_rosdistro/build/foonathan_memory_vendor/foo_mem_ext_prj_install/include/foonathan/memory/container.hpp
[25.958s] -- Installing: /home/runner/work/pixi_rosdistro/pixi_rosdistro/build/foonathan_memory_vendor/foo_mem_ext_prj_install/include/foonathan/memory/debugging.hpp
[25.958s] -- Installing: /home/runner/work/pixi_rosdistro/pixi_rosdistro/build/foonathan_memory_vendor/foo_mem_ext_prj_install/include/foonathan/memory/default_allocator.hpp
[25.958s] -- Installing: /home/runner/work/pixi_rosdistro/pixi_rosdistro/build/foonathan_memory_vendor/foo_mem_ext_prj_install/include/foonathan/memory/deleter.hpp
[25.959s] -- Installing: /home/runner/work/pixi_rosdistro/pixi_rosdistro/build/foonathan_memory_vendor/foo_mem_ext_prj_install/include/foonathan/memory/error.hpp
[25.959s] -- Installing: /home/runner/work/pixi_rosdistro/pixi_rosdistro/build/foonathan_memory_vendor/foo_mem_ext_prj_install/include/foonathan/memory/fallback_allocator.hpp
[25.959s] -- Installing: /home/runner/work/pixi_rosdistro/pixi_rosdistro/build/foonathan_memory_vendor/foo_mem_ext_prj_install/include/foonathan/memory/malloc_allocator.hpp
[25.959s] -- Installing: /home/runner/work/pixi_rosdistro/pixi_rosdistro/build/foonathan_memory_vendor/foo_mem_ext_prj_install/include/foonathan/memory/heap_allocator.hpp
[25.959s] -- Installing: /home/runner/work/pixi_rosdistro/pixi_rosdistro/build/foonathan_memory_vendor/foo_mem_ext_prj_install/include/foonathan/memory/iteration_allocator.hpp
[25.959s] -- Installing: /home/runner/work/pixi_rosdistro/pixi_rosdistro/build/foonathan_memory_vendor/foo_mem_ext_prj_install/include/foonathan/memory/joint_allocator.hpp
[25.959s] -- Installing: /home/runner/work/pixi_rosdistro/pixi_rosdistro/build/foonathan_memory_vendor/foo_mem_ext_prj_install/include/foonathan/memory/memory_arena.hpp
[25.959s] -- Installing: /home/runner/work/pixi_rosdistro/pixi_rosdistro/build/foonathan_memory_vendor/foo_mem_ext_prj_install/include/foonathan/memory/memory_pool.hpp
[25.959s] -- Installing: /home/runner/work/pixi_rosdistro/pixi_rosdistro/build/foonathan_memory_vendor/foo_mem_ext_prj_install/include/foonathan/memory/memory_pool_collection.hpp
[25.961s] -- Installing: /home/runner/work/pixi_rosdistro/pixi_rosdistro/build/foonathan_memory_vendor/foo_mem_ext_prj_install/include/foonathan/memory/memory_pool_type.hpp
[25.962s] -- Installing: /home/runner/work/pixi_rosdistro/pixi_rosdistro/build/foonathan_memory_vendor/foo_mem_ext_prj_install/include/foonathan/memory/memory_resource_adapter.hpp
[25.962s] -- Installing: /home/runner/work/pixi_rosdistro/pixi_rosdistro/build/foonathan_memory_vendor/foo_mem_ext_prj_install/include/foonathan/memory/memory_stack.hpp
[25.962s] -- Installing: /home/runner/work/pixi_rosdistro/pixi_rosdistro/build/foonathan_memory_vendor/foo_mem_ext_prj_install/include/foonathan/memory/namespace_alias.hpp
[25.962s] -- Installing: /home/runner/work/pixi_rosdistro/pixi_rosdistro/build/foonathan_memory_vendor/foo_mem_ext_prj_install/include/foonathan/memory/new_allocator.hpp
[25.962s] -- Installing: /home/runner/work/pixi_rosdistro/pixi_rosdistro/build/foonathan_memory_vendor/foo_mem_ext_prj_install/include/foonathan/memory/segregator.hpp
[25.962s] -- Installing: /home/runner/work/pixi_rosdistro/pixi_rosdistro/build/foonathan_memory_vendor/foo_mem_ext_prj_install/include/foonathan/memory/smart_ptr.hpp
[25.962s] -- Installing: /home/runner/work/pixi_rosdistro/pixi_rosdistro/build/foonathan_memory_vendor/foo_mem_ext_prj_install/include/foonathan/memory/static_allocator.hpp
[25.962s] -- Installing: /home/runner/work/pixi_rosdistro/pixi_rosdistro/build/foonathan_memory_vendor/foo_mem_ext_prj_install/include/foonathan/memory/std_allocator.hpp
[25.963s] -- Installing: /home/runner/work/pixi_rosdistro/pixi_rosdistro/build/foonathan_memory_vendor/foo_mem_ext_prj_install/include/foonathan/memory/temporary_allocator.hpp
[25.963s] -- Installing: /home/runner/work/pixi_rosdistro/pixi_rosdistro/build/foonathan_memory_vendor/foo_mem_ext_prj_install/include/foonathan/memory/threading.hpp
[25.963s] -- Installing: /home/runner/work/pixi_rosdistro/pixi_rosdistro/build/foonathan_memory_vendor/foo_mem_ext_prj_install/include/foonathan/memory/tracking.hpp
[25.963s] -- Installing: /home/runner/work/pixi_rosdistro/pixi_rosdistro/build/foonathan_memory_vendor/foo_mem_ext_prj_install/include/foonathan/memory/virtual_memory.hpp
[25.963s] -- Installing: /home/runner/work/pixi_rosdistro/pixi_rosdistro/build/foonathan_memory_vendor/foo_mem_ext_prj_install/include/foonathan/memory/container_node_sizes_impl.hpp
[25.963s] -- Installing: /home/runner/work/pixi_rosdistro/pixi_rosdistro/build/foonathan_memory_vendor/foo_mem_ext_prj_install/include/foonathan/memory/detail/align.hpp
[25.963s] -- Installing: /home/runner/work/pixi_rosdistro/pixi_rosdistro/build/foonathan_memory_vendor/foo_mem_ext_prj_install/include/foonathan/memory/detail/assert.hpp
[25.964s] -- Installing: /home/runner/work/pixi_rosdistro/pixi_rosdistro/build/foonathan_memory_vendor/foo_mem_ext_prj_install/include/foonathan/memory/detail/container_node_sizes.hpp
[25.964s] -- Installing: /home/runner/work/pixi_rosdistro/pixi_rosdistro/build/foonathan_memory_vendor/foo_mem_ext_prj_install/include/foonathan/memory/detail/debug_helpers.hpp
[25.964s] -- Installing: /home/runner/work/pixi_rosdistro/pixi_rosdistro/build/foonathan_memory_vendor/foo_mem_ext_prj_install/include/foonathan/memory/detail/ebo_storage.hpp
[25.964s] -- Installing: /home/runner/work/pixi_rosdistro/pixi_rosdistro/build/foonathan_memory_vendor/foo_mem_ext_prj_install/include/foonathan/memory/detail/free_list.hpp
[25.964s] -- Installing: /home/runner/work/pixi_rosdistro/pixi_rosdistro/build/foonathan_memory_vendor/foo_mem_ext_prj_install/include/foonathan/memory/detail/free_list_array.hpp
[25.964s] -- Installing: /home/runner/work/pixi_rosdistro/pixi_rosdistro/build/foonathan_memory_vendor/foo_mem_ext_prj_install/include/foonathan/memory/detail/ilog2.hpp
[25.964s] -- Installing: /home/runner/work/pixi_rosdistro/pixi_rosdistro/build/foonathan_memory_vendor/foo_mem_ext_prj_install/include/foonathan/memory/detail/lowlevel_allocator.hpp
[25.964s] -- Installing: /home/runner/work/pixi_rosdistro/pixi_rosdistro/build/foonathan_memory_vendor/foo_mem_ext_prj_install/include/foonathan/memory/detail/memory_stack.hpp
[25.964s] -- Installing: /home/runner/work/pixi_rosdistro/pixi_rosdistro/build/foonathan_memory_vendor/foo_mem_ext_prj_install/include/foonathan/memory/detail/small_free_list.hpp
[25.964s] -- Installing: /home/runner/work/pixi_rosdistro/pixi_rosdistro/build/foonathan_memory_vendor/foo_mem_ext_prj_install/include/foonathan/memory/detail/utility.hpp
[25.964s] -- Installing: /home/runner/work/pixi_rosdistro/pixi_rosdistro/build/foonathan_memory_vendor/foo_mem_ext_prj_install/lib/foonathan_memory/cmake/foonathan_memory-config-version.cmake
[25.965s] -- Installing: /home/runner/work/pixi_rosdistro/pixi_rosdistro/build/foonathan_memory_vendor/foo_mem_ext_prj_install/bin/nodesize_dbg
[25.966s] -- Installing: /home/runner/work/pixi_rosdistro/pixi_rosdistro/build/foonathan_memory_vendor/foo_mem_ext_prj_install/share/foonathan_memory/LICENSE
[25.966s] -- Installing: /home/runner/work/pixi_rosdistro/pixi_rosdistro/build/foonathan_memory_vendor/foo_mem_ext_prj_install/share/foonathan_memory/README.md
[25.966s] -- Installing: /home/runner/work/pixi_rosdistro/pixi_rosdistro/build/foonathan_memory_vendor/foo_mem_ext_prj_install/lib/foonathan_memory/cmake/foonathan_memory-config.cmake
[25.966s] -- Installing: /home/runner/work/pixi_rosdistro/pixi_rosdistro/build/foonathan_memory_vendor/foo_mem_ext_prj_install/lib/foonathan_memory/cmake/foonathan_memory-config-release.cmake
[25.991s] [8/8] Completed 'foo_mem-ext'
[25.994s] Invoked command in '/home/runner/work/pixi_rosdistro/pixi_rosdistro/build/foonathan_memory_vendor' returned '0': AMENT_PREFIX_PATH=/home/runner/work/pixi_rosdistro/pixi_rosdistro/install CMAKE_PREFIX_PATH=/home/runner/work/pixi_rosdistro/pixi_rosdistro/install:${CMAKE_PREFIX_PATH} LD_LIBRARY_PATH=/home/runner/work/pixi_rosdistro/pixi_rosdistro/install/lib PATH=/home/runner/work/pixi_rosdistro/pixi_rosdistro/install/bin:/opt/microsoft/powershell/7:${PATH} PIXI_PROMPT=(ros2_rolling) PSModulePath=/home/runner/.local/share/powershell/Modules:${PSModulePath} PYTHONPATH=/home/runner/work/pixi_rosdistro/pixi_rosdistro/install/lib/python3.12/site-packages ROS_DOMAIN_ID=67 /home/runner/work/pixi_rosdistro/pixi_rosdistro/.pixi/envs/default/bin/cmake --build /home/runner/work/pixi_rosdistro/pixi_rosdistro/build/foonathan_memory_vendor -- -j4 -l4
[25.995s] Invoking command in '/home/runner/work/pixi_rosdistro/pixi_rosdistro/build/foonathan_memory_vendor': AMENT_PREFIX_PATH=/home/runner/work/pixi_rosdistro/pixi_rosdistro/install CMAKE_PREFIX_PATH=/home/runner/work/pixi_rosdistro/pixi_rosdistro/install:${CMAKE_PREFIX_PATH} LD_LIBRARY_PATH=/home/runner/work/pixi_rosdistro/pixi_rosdistro/install/lib PATH=/home/runner/work/pixi_rosdistro/pixi_rosdistro/install/bin:/opt/microsoft/powershell/7:${PATH} PIXI_PROMPT=(ros2_rolling) PSModulePath=/home/runner/.local/share/powershell/Modules:${PSModulePath} PYTHONPATH=/home/runner/work/pixi_rosdistro/pixi_rosdistro/install/lib/python3.12/site-packages ROS_DOMAIN_ID=67 /home/runner/work/pixi_rosdistro/pixi_rosdistro/.pixi/envs/default/bin/cmake --install /home/runner/work/pixi_rosdistro/pixi_rosdistro/build/foonathan_memory_vendor
[26.009s] -- Install configuration: "Release"
[26.009s] -- Up-to-date: /home/runner/work/pixi_rosdistro/pixi_rosdistro/install
[26.009s] -- Up-to-date: /home/runner/work/pixi_rosdistro/pixi_rosdistro/install/share
[26.010s] -- Installing: /home/runner/work/pixi_rosdistro/pixi_rosdistro/install/share/foonathan_memory
[26.010s] -- Installing: /home/runner/work/pixi_rosdistro/pixi_rosdistro/install/share/foonathan_memory/LICENSE
[26.010s] -- Installing: /home/runner/work/pixi_rosdistro/pixi_rosdistro/install/share/foonathan_memory/README.md
[26.010s] -- Up-to-date: /home/runner/work/pixi_rosdistro/pixi_rosdistro/install/include
[26.010s] -- Installing: /home/runner/work/pixi_rosdistro/pixi_rosdistro/install/include/foonathan
[26.010s] -- Installing: /home/runner/work/pixi_rosdistro/pixi_rosdistro/install/include/foonathan/memory
[26.010s] -- Installing: /home/runner/work/pixi_rosdistro/pixi_rosdistro/install/include/foonathan/memory/namespace_alias.hpp
[26.010s] -- Installing: /home/runner/work/pixi_rosdistro/pixi_rosdistro/install/include/foonathan/memory/tracking.hpp
[26.010s] -- Installing: /home/runner/work/pixi_rosdistro/pixi_rosdistro/install/include/foonathan/memory/allocator_storage.hpp
[26.010s] -- Installing: /home/runner/work/pixi_rosdistro/pixi_rosdistro/install/include/foonathan/memory/container.hpp
[26.012s] -- Installing: /home/runner/work/pixi_rosdistro/pixi_rosdistro/install/include/foonathan/memory/deleter.hpp
[26.013s] -- Installing: /home/runner/work/pixi_rosdistro/pixi_rosdistro/install/include/foonathan/memory/smart_ptr.hpp
[26.013s] -- Installing: /home/runner/work/pixi_rosdistro/pixi_rosdistro/install/include/foonathan/memory/container_node_sizes_impl.hpp
[26.014s] -- Installing: /home/runner/work/pixi_rosdistro/pixi_rosdistro/install/include/foonathan/memory/allocator_traits.hpp
[26.014s] -- Installing: /home/runner/work/pixi_rosdistro/pixi_rosdistro/install/include/foonathan/memory/config.hpp
[26.015s] -- Installing: /home/runner/work/pixi_rosdistro/pixi_rosdistro/install/include/foonathan/memory/fallback_allocator.hpp
[26.015s] -- Installing: /home/runner/work/pixi_rosdistro/pixi_rosdistro/install/include/foonathan/memory/config_impl.hpp
[26.016s] -- Installing: /home/runner/work/pixi_rosdistro/pixi_rosdistro/install/include/foonathan/memory/memory_arena.hpp
[26.016s] -- Installing: /home/runner/work/pixi_rosdistro/pixi_rosdistro/install/include/foonathan/memory/segregator.hpp
[26.017s] -- Installing: /home/runner/work/pixi_rosdistro/pixi_rosdistro/install/include/foonathan/memory/memory_pool_type.hpp
[26.023s] -- Installing: /home/runner/work/pixi_rosdistro/pixi_rosdistro/install/include/foonathan/memory/joint_allocator.hpp
[26.023s] -- Installing: /home/runner/work/pixi_rosdistro/pixi_rosdistro/install/include/foonathan/memory/temporary_allocator.hpp
[26.023s] -- Installing: /home/runner/work/pixi_rosdistro/pixi_rosdistro/install/include/foonathan/memory/memory_pool.hpp
[26.023s] -- Installing: /home/runner/work/pixi_rosdistro/pixi_rosdistro/install/include/foonathan/memory/threading.hpp
[26.023s] -- Installing: /home/runner/work/pixi_rosdistro/pixi_rosdistro/install/include/foonathan/memory/debugging.hpp
[26.023s] -- Installing: /home/runner/work/pixi_rosdistro/pixi_rosdistro/install/include/foonathan/memory/malloc_allocator.hpp
[26.023s] -- Installing: /home/runner/work/pixi_rosdistro/pixi_rosdistro/install/include/foonathan/memory/error.hpp
[26.023s] -- Installing: /home/runner/work/pixi_rosdistro/pixi_rosdistro/install/include/foonathan/memory/memory_resource_adapter.hpp
[26.023s] -- Installing: /home/runner/work/pixi_rosdistro/pixi_rosdistro/install/include/foonathan/memory/static_allocator.hpp
[26.023s] -- Installing: /home/runner/work/pixi_rosdistro/pixi_rosdistro/install/include/foonathan/memory/aligned_allocator.hpp
[26.023s] -- Installing: /home/runner/work/pixi_rosdistro/pixi_rosdistro/install/include/foonathan/memory/memory_stack.hpp
[26.024s] -- Installing: /home/runner/work/pixi_rosdistro/pixi_rosdistro/install/include/foonathan/memory/new_allocator.hpp
[26.024s] -- Installing: /home/runner/work/pixi_rosdistro/pixi_rosdistro/install/include/foonathan/memory/heap_allocator.hpp
[26.024s] -- Installing: /home/runner/work/pixi_rosdistro/pixi_rosdistro/install/include/foonathan/memory/default_allocator.hpp
[26.024s] -- Installing: /home/runner/work/pixi_rosdistro/pixi_rosdistro/install/include/foonathan/memory/memory_pool_collection.hpp
[26.024s] -- Installing: /home/runner/work/pixi_rosdistro/pixi_rosdistro/install/include/foonathan/memory/iteration_allocator.hpp
[26.024s] -- Installing: /home/runner/work/pixi_rosdistro/pixi_rosdistro/install/include/foonathan/memory/std_allocator.hpp
[26.025s] -- Installing: /home/runner/work/pixi_rosdistro/pixi_rosdistro/install/include/foonathan/memory/detail
[26.025s] -- Installing: /home/runner/work/pixi_rosdistro/pixi_rosdistro/install/include/foonathan/memory/detail/free_list.hpp
[26.026s] -- Installing: /home/runner/work/pixi_rosdistro/pixi_rosdistro/install/include/foonathan/memory/detail/free_list_array.hpp
[26.026s] -- Installing: /home/runner/work/pixi_rosdistro/pixi_rosdistro/install/include/foonathan/memory/detail/align.hpp
[26.027s] -- Installing: /home/runner/work/pixi_rosdistro/pixi_rosdistro/install/include/foonathan/memory/detail/ebo_storage.hpp
[26.027s] -- Installing: /home/runner/work/pixi_rosdistro/pixi_rosdistro/install/include/foonathan/memory/detail/assert.hpp
[26.027s] -- Installing: /home/runner/work/pixi_rosdistro/pixi_rosdistro/install/include/foonathan/memory/detail/small_free_list.hpp
[26.028s] -- Installing: /home/runner/work/pixi_rosdistro/pixi_rosdistro/install/include/foonathan/memory/detail/utility.hpp
[26.028s] -- Installing: /home/runner/work/pixi_rosdistro/pixi_rosdistro/install/include/foonathan/memory/detail/container_node_sizes_impl.hpp
[26.029s] -- Installing: /home/runner/work/pixi_rosdistro/pixi_rosdistro/install/include/foonathan/memory/detail/debug_helpers.hpp
[26.030s] -- Installing: /home/runner/work/pixi_rosdistro/pixi_rosdistro/install/include/foonathan/memory/detail/lowlevel_allocator.hpp
[26.030s] -- Installing: /home/runner/work/pixi_rosdistro/pixi_rosdistro/install/include/foonathan/memory/detail/ilog2.hpp
[26.030s] -- Installing: /home/runner/work/pixi_rosdistro/pixi_rosdistro/install/include/foonathan/memory/detail/memory_stack.hpp
[26.033s] -- Installing: /home/runner/work/pixi_rosdistro/pixi_rosdistro/install/include/foonathan/memory/detail/container_node_sizes.hpp
[26.033s] -- Installing: /home/runner/work/pixi_rosdistro/pixi_rosdistro/install/include/foonathan/memory/virtual_memory.hpp
[26.033s] -- Up-to-date: /home/runner/work/pixi_rosdistro/pixi_rosdistro/install/lib
[26.033s] -- Installing: /home/runner/work/pixi_rosdistro/pixi_rosdistro/install/lib/foonathan_memory
[26.033s] -- Installing: /home/runner/work/pixi_rosdistro/pixi_rosdistro/install/lib/foonathan_memory/cmake
[26.033s] -- Installing: /home/runner/work/pixi_rosdistro/pixi_rosdistro/install/lib/foonathan_memory/cmake/foonathan_memory-config-release.cmake
[26.033s] -- Installing: /home/runner/work/pixi_rosdistro/pixi_rosdistro/install/lib/foonathan_memory/cmake/foonathan_memory-config.cmake
[26.033s] -- Installing: /home/runner/work/pixi_rosdistro/pixi_rosdistro/install/lib/foonathan_memory/cmake/foonathan_memory-config-version.cmake
[26.033s] -- Installing: /home/runner/work/pixi_rosdistro/pixi_rosdistro/install/lib/libfoonathan_memory-0.7.4.a
[26.034s] -- Up-to-date: /home/runner/work/pixi_rosdistro/pixi_rosdistro/install/bin
[26.034s] -- Installing: /home/runner/work/pixi_rosdistro/pixi_rosdistro/install/bin/nodesize_dbg
[26.034s] -- Installing: /home/runner/work/pixi_rosdistro/pixi_rosdistro/install/share/foonathan_memory_vendor/package.xml
[26.035s] -- Installing: /home/runner/work/pixi_rosdistro/pixi_rosdistro/install/share/foonathan_memory_vendor/cmake/foonathan_memory_vendorConfig.cmake
[26.035s] -- Installing: /home/runner/work/pixi_rosdistro/pixi_rosdistro/install/share/foonathan_memory_vendor/cmake/foonathan_memory_vendorConfig-version.cmake
[26.037s] Invoked command in '/home/runner/work/pixi_rosdistro/pixi_rosdistro/build/foonathan_memory_vendor' returned '0': AMENT_PREFIX_PATH=/home/runner/work/pixi_rosdistro/pixi_rosdistro/install CMAKE_PREFIX_PATH=/home/runner/work/pixi_rosdistro/pixi_rosdistro/install:${CMAKE_PREFIX_PATH} LD_LIBRARY_PATH=/home/runner/work/pixi_rosdistro/pixi_rosdistro/install/lib PATH=/home/runner/work/pixi_rosdistro/pixi_rosdistro/install/bin:/opt/microsoft/powershell/7:${PATH} PIXI_PROMPT=(ros2_rolling) PSModulePath=/home/runner/.local/share/powershell/Modules:${PSModulePath} PYTHONPATH=/home/runner/work/pixi_rosdistro/pixi_rosdistro/install/lib/python3.12/site-packages ROS_DOMAIN_ID=67 /home/runner/work/pixi_rosdistro/pixi_rosdistro/.pixi/envs/default/bin/cmake --install /home/runner/work/pixi_rosdistro/pixi_rosdistro/build/foonathan_memory_vendor
