[7.031s] Invoking command in 'D:\a\pixi_rosdistro\pixi_rosdistro\build\class_loader': AMENT_PREFIX_PATH=D:\a\pixi_rosdistro\pixi_rosdistro\install CMAKE_PREFIX_PATH=D:\a\pixi_rosdistro\pixi_rosdistro\install;D:\a\pixi_rosdistro\pixi_rosdistro\.pixi\envs\default\Library PATH=D:\a\pixi_rosdistro\pixi_rosdistro\install\Scripts;D:\a\pixi_rosdistro\pixi_rosdistro\install\bin;D:\a\pixi_rosdistro\pixi_rosdistro\install\opt\mimick_vendor\lib;%PATH% PIXI_PROMPT=(ros2_rolling) PKG_CONFIG_PATH=D:\a\pixi_rosdistro\pixi_rosdistro\install\lib\pkgconfig PROMPT=$P$G PYTHONPATH=D:\a\pixi_rosdistro\pixi_rosdistro\install\Lib\site-packages ROS_DOMAIN_ID=80 D:\a\pixi_rosdistro\pixi_rosdistro\.pixi\envs\default\Library\bin\cmake.EXE D:\a\pixi_rosdistro\pixi_rosdistro\src\ros\class_loader -GNinja --no-warn-unused-cli -DCMAKE_BUILD_TYPE=Release -DCMAKE_BUILD_WITH_INSTALL_RPATH:bool=TRUE -DCMAKE_POLICY_VERSION_MINIMUM=3.5 -Wno-deprecated -DSTACK_DETAILS_AUTO_DETECT:bool=FALSE -DSTACK_DETAILS_BFD:bool=FALSE -DCMAKE_MSVC_DEBUG_INFORMATION_FORMAT=Embedded -DCMAKE_INSTALL_PREFIX=D:\a\pixi_rosdistro\pixi_rosdistro\install
[7.328s] Not searching for unused variables given on the command line.
[7.328s] -- The C compiler identification is MSVC 19.44.35225.0
[7.578s] -- The CXX compiler identification is MSVC 19.44.35225.0
[7.609s] -- Detecting C compiler ABI info
[8.172s] -- Detecting C compiler ABI info - done
[8.203s] -- Check for working C compiler: C:/Program Files/Microsoft Visual Studio/2022/Enterprise/VC/Tools/MSVC/14.44.35207/bin/Hostx64/x64/cl.exe - skipped
[8.203s] -- Detecting C compile features
[8.203s] -- Detecting C compile features - done
[8.219s] -- Detecting CXX compiler ABI info
[9.719s] -- Detecting CXX compiler ABI info - done
[9.781s] -- Check for working CXX compiler: C:/Program Files/Microsoft Visual Studio/2022/Enterprise/VC/Tools/MSVC/14.44.35207/bin/Hostx64/x64/cl.exe - skipped
[9.781s] -- Detecting CXX compile features
[9.781s] -- Detecting CXX compile features - done
[9.797s] -- Found ament_cmake: 2.8.6 (D:/a/pixi_rosdistro/pixi_rosdistro/install/share/ament_cmake/cmake)
[10.562s] -- Found console_bridge_vendor: 1.9.1 (D:/a/pixi_rosdistro/pixi_rosdistro/install/share/console_bridge_vendor/cmake)
[10.562s] -- Found rcpputils: 2.14.3 (D:/a/pixi_rosdistro/pixi_rosdistro/install/share/rcpputils/cmake)
[10.890s] -- Checking to see if CXX compiler accepts flag -Wl,--version-script,"D:/a/pixi_rosdistro/pixi_rosdistro/build/class_loader/test/class_loader_hide_library_symbols__class_loader_TestPlugins1.script"
[11.015s] -- Checking to see if CXX compiler accepts flag -Wl,--version-script,"D:/a/pixi_rosdistro/pixi_rosdistro/build/class_loader/test/class_loader_hide_library_symbols__class_loader_TestPlugins1.script" - no
[11.015s] -- Found gtest sources under 'D:/a/pixi_rosdistro/pixi_rosdistro/install/src/gtest_vendor': C++ tests using 'Google Test' will be built
[11.062s] -- Added test 'cppcheck' to perform static code analysis on C / C++ code
[11.062s] -- Configured cppcheck include dirs: $<BUILD_INTERFACE:D:/a/pixi_rosdistro/pixi_rosdistro/src/ros/class_loader/include>
[11.062s] -- Configured cppcheck exclude dirs and/or files: 
[11.078s] -- Added test 'cpplint' to check C / C++ code against the Google style
[11.078s] -- Configured cpplint exclude dirs and/or files: 
[11.094s] -- Added test 'lint_cmake' to check CMake code style
[11.109s] -- Added test 'uncrustify' to check C / C++ code style
[11.109s] -- Configured uncrustify additional arguments: 
[11.125s] -- Added test 'xmllint' to check XML markup files
[11.140s] -- Configuring done (4.1s)
[11.219s] -- Generating done (0.1s)
[11.250s] -- Build files have been written to: D:/a/pixi_rosdistro/pixi_rosdistro/build/class_loader
[11.265s] Invoked command in 'D:\a\pixi_rosdistro\pixi_rosdistro\build\class_loader' returned '0': AMENT_PREFIX_PATH=D:\a\pixi_rosdistro\pixi_rosdistro\install CMAKE_PREFIX_PATH=D:\a\pixi_rosdistro\pixi_rosdistro\install;D:\a\pixi_rosdistro\pixi_rosdistro\.pixi\envs\default\Library PATH=D:\a\pixi_rosdistro\pixi_rosdistro\install\Scripts;D:\a\pixi_rosdistro\pixi_rosdistro\install\bin;D:\a\pixi_rosdistro\pixi_rosdistro\install\opt\mimick_vendor\lib;%PATH% PIXI_PROMPT=(ros2_rolling) PKG_CONFIG_PATH=D:\a\pixi_rosdistro\pixi_rosdistro\install\lib\pkgconfig PROMPT=$P$G PYTHONPATH=D:\a\pixi_rosdistro\pixi_rosdistro\install\Lib\site-packages ROS_DOMAIN_ID=80 D:\a\pixi_rosdistro\pixi_rosdistro\.pixi\envs\default\Library\bin\cmake.EXE D:\a\pixi_rosdistro\pixi_rosdistro\src\ros\class_loader -GNinja --no-warn-unused-cli -DCMAKE_BUILD_TYPE=Release -DCMAKE_BUILD_WITH_INSTALL_RPATH:bool=TRUE -DCMAKE_POLICY_VERSION_MINIMUM=3.5 -Wno-deprecated -DSTACK_DETAILS_AUTO_DETECT:bool=FALSE -DSTACK_DETAILS_BFD:bool=FALSE -DCMAKE_MSVC_DEBUG_INFORMATION_FORMAT=Embedded -DCMAKE_INSTALL_PREFIX=D:\a\pixi_rosdistro\pixi_rosdistro\install
[11.265s] Invoking command in 'D:\a\pixi_rosdistro\pixi_rosdistro\build\class_loader': AMENT_PREFIX_PATH=D:\a\pixi_rosdistro\pixi_rosdistro\install CMAKE_PREFIX_PATH=D:\a\pixi_rosdistro\pixi_rosdistro\install;D:\a\pixi_rosdistro\pixi_rosdistro\.pixi\envs\default\Library PATH=D:\a\pixi_rosdistro\pixi_rosdistro\install\Scripts;D:\a\pixi_rosdistro\pixi_rosdistro\install\bin;D:\a\pixi_rosdistro\pixi_rosdistro\install\opt\mimick_vendor\lib;%PATH% PIXI_PROMPT=(ros2_rolling) PKG_CONFIG_PATH=D:\a\pixi_rosdistro\pixi_rosdistro\install\lib\pkgconfig PROMPT=$P$G PYTHONPATH=D:\a\pixi_rosdistro\pixi_rosdistro\install\Lib\site-packages ROS_DOMAIN_ID=80 D:\a\pixi_rosdistro\pixi_rosdistro\.pixi\envs\default\Library\bin\cmake.EXE --build D:\a\pixi_rosdistro\pixi_rosdistro\build\class_loader -- -j4 -l4
[11.687s] [1/29] Building CXX object CMakeFiles\class_loader.dir\src\class_loader.cpp.obj
[12.140s] [2/29] Building CXX object CMakeFiles\class_loader.dir\src\class_loader_core.cpp.obj
[12.547s] [3/29] Building CXX object CMakeFiles\class_loader.dir\src\meta_object.cpp.obj
[12.953s] [4/29] Building CXX object CMakeFiles\class_loader.dir\src\multi_library_class_loader.cpp.obj
[13.250s] [5/29] Building CXX object test\fviz_case_study\CMakeFiles\class_loader_Test_Fviz.dir\fviz.cpp.obj
[13.406s] [6/29] Linking CXX shared library class_loader.dll
[13.562s] [7/29] Linking CXX shared library test\fviz_case_study\class_loader_Test_Fviz.dll
[14.015s] [8/29] Building CXX object test\fviz_case_study\CMakeFiles\class_loader_Test_Fviz_Main.dir\fviz_main.cpp.obj
[14.453s] [9/29] Building CXX object test\CMakeFiles\class_loader_TestPlugins1.dir\plugins1.cpp.obj
[14.922s] [10/29] Building CXX object test\CMakeFiles\class_loader_TestPlugins2.dir\plugins2.cpp.obj
[15.312s] [11/29] Building CXX object test\CMakeFiles\class_loader_TestPlugins3.dir\plugins3.cpp.obj
[15.750s] [12/29] Building CXX object test\CMakeFiles\class_loader_TestGlobalPlugins.dir\global_plugins.cpp.obj
[16.703s] [13/29] Building CXX object gtest\CMakeFiles\gtest.dir\src\gtest-all.cc.obj
[17.172s] [14/29] Building CXX object gtest\CMakeFiles\gtest_main.dir\src\gtest_main.cc.obj
[17.312s] [15/29] Linking CXX executable test\fviz_case_study\class_loader_Test_Fviz_Main.exe
[17.765s] [16/29] Building CXX object test\fviz_case_study\CMakeFiles\class_loader_Test_FvizDefaultPlugin.dir\fviz_default_plugin.cpp.obj
[17.906s] [17/29] Linking CXX shared library test\class_loader_TestPlugins1.dll
[18.062s] [18/29] Linking CXX shared library test\class_loader_TestPlugins2.dll
[18.203s] [19/29] Linking CXX shared library test\class_loader_TestPlugins3.dll
[18.344s] [20/29] Linking CXX shared library test\class_loader_TestGlobalPlugins.dll
[18.937s] [21/29] Building CXX object test\CMakeFiles\class_loader_utest.dir\utest.cpp.obj
[19.656s] [22/29] Building CXX object test\CMakeFiles\class_loader_unique_ptr_test.dir\unique_ptr_test.cpp.obj
[19.656s] [23/29] Linking CXX static library gtest\gtest.lib
[19.656s] [24/29] Linking CXX static library gtest\gtest_main.lib
[19.797s] [25/29] Linking CXX shared library test\fviz_case_study\class_loader_Test_FvizDefaultPlugin.dll
[20.375s] [26/29] Building CXX object test\fviz_case_study\CMakeFiles\class_loader_fviz_test.dir\fviz_test.cpp.obj
[20.578s] [27/29] Linking CXX executable test\class_loader_utest.exe
[20.797s] [28/29] Linking CXX executable test\class_loader_unique_ptr_test.exe
[20.984s] [29/29] Linking CXX executable test\fviz_case_study\class_loader_fviz_test.exe
[21.000s] Invoked command in 'D:\a\pixi_rosdistro\pixi_rosdistro\build\class_loader' returned '0': AMENT_PREFIX_PATH=D:\a\pixi_rosdistro\pixi_rosdistro\install CMAKE_PREFIX_PATH=D:\a\pixi_rosdistro\pixi_rosdistro\install;D:\a\pixi_rosdistro\pixi_rosdistro\.pixi\envs\default\Library PATH=D:\a\pixi_rosdistro\pixi_rosdistro\install\Scripts;D:\a\pixi_rosdistro\pixi_rosdistro\install\bin;D:\a\pixi_rosdistro\pixi_rosdistro\install\opt\mimick_vendor\lib;%PATH% PIXI_PROMPT=(ros2_rolling) PKG_CONFIG_PATH=D:\a\pixi_rosdistro\pixi_rosdistro\install\lib\pkgconfig PROMPT=$P$G PYTHONPATH=D:\a\pixi_rosdistro\pixi_rosdistro\install\Lib\site-packages ROS_DOMAIN_ID=80 D:\a\pixi_rosdistro\pixi_rosdistro\.pixi\envs\default\Library\bin\cmake.EXE --build D:\a\pixi_rosdistro\pixi_rosdistro\build\class_loader -- -j4 -l4
[21.000s] Invoking command in 'D:\a\pixi_rosdistro\pixi_rosdistro\build\class_loader': AMENT_PREFIX_PATH=D:\a\pixi_rosdistro\pixi_rosdistro\install CMAKE_PREFIX_PATH=D:\a\pixi_rosdistro\pixi_rosdistro\install;D:\a\pixi_rosdistro\pixi_rosdistro\.pixi\envs\default\Library PATH=D:\a\pixi_rosdistro\pixi_rosdistro\install\Scripts;D:\a\pixi_rosdistro\pixi_rosdistro\install\bin;D:\a\pixi_rosdistro\pixi_rosdistro\install\opt\mimick_vendor\lib;%PATH% PIXI_PROMPT=(ros2_rolling) PKG_CONFIG_PATH=D:\a\pixi_rosdistro\pixi_rosdistro\install\lib\pkgconfig PROMPT=$P$G PYTHONPATH=D:\a\pixi_rosdistro\pixi_rosdistro\install\Lib\site-packages ROS_DOMAIN_ID=80 D:\a\pixi_rosdistro\pixi_rosdistro\.pixi\envs\default\Library\bin\cmake.EXE --install D:\a\pixi_rosdistro\pixi_rosdistro\build\class_loader
[21.031s] -- Install configuration: "Release"
[21.031s] -- Installing: D:/a/pixi_rosdistro/pixi_rosdistro/install/share/ament_index/resource_index/package_run_dependencies/class_loader
[21.031s] -- Installing: D:/a/pixi_rosdistro/pixi_rosdistro/install/share/ament_index/resource_index/parent_prefix_path/class_loader
[21.031s] -- Installing: D:/a/pixi_rosdistro/pixi_rosdistro/install/share/class_loader/environment/ament_prefix_path.bat
[21.031s] -- Installing: D:/a/pixi_rosdistro/pixi_rosdistro/install/share/class_loader/environment/ament_prefix_path.dsv
[21.031s] -- Installing: D:/a/pixi_rosdistro/pixi_rosdistro/install/share/class_loader/environment/path.bat
[21.047s] -- Installing: D:/a/pixi_rosdistro/pixi_rosdistro/install/share/class_loader/environment/path.dsv
[21.047s] -- Installing: D:/a/pixi_rosdistro/pixi_rosdistro/install/share/class_loader/local_setup.bat
[21.047s] -- Installing: D:/a/pixi_rosdistro/pixi_rosdistro/install/share/class_loader/local_setup.dsv
[21.047s] -- Installing: D:/a/pixi_rosdistro/pixi_rosdistro/install/share/class_loader/package.dsv
[21.047s] -- Installing: D:/a/pixi_rosdistro/pixi_rosdistro/install/share/ament_index/resource_index/packages/class_loader
[21.047s] -- Installing: D:/a/pixi_rosdistro/pixi_rosdistro/install/share/class_loader/cmake/class_loaderExport.cmake
[21.047s] -- Installing: D:/a/pixi_rosdistro/pixi_rosdistro/install/share/class_loader/cmake/class_loaderExport-release.cmake
[21.047s] -- Installing: D:/a/pixi_rosdistro/pixi_rosdistro/install/share/class_loader/cmake/class_loader-extras.cmake
[21.047s] -- Installing: D:/a/pixi_rosdistro/pixi_rosdistro/install/share/class_loader/cmake/ament_cmake_export_dependencies-extras.cmake
[21.047s] -- Installing: D:/a/pixi_rosdistro/pixi_rosdistro/install/share/class_loader/cmake/ament_cmake_export_targets-extras.cmake
[21.047s] -- Installing: D:/a/pixi_rosdistro/pixi_rosdistro/install/share/class_loader/cmake/class_loaderConfig.cmake
[21.047s] -- Installing: D:/a/pixi_rosdistro/pixi_rosdistro/install/share/class_loader/cmake/class_loaderConfig-version.cmake
[21.047s] -- Installing: D:/a/pixi_rosdistro/pixi_rosdistro/install/share/class_loader/package.xml
[21.047s] -- Installing: D:/a/pixi_rosdistro/pixi_rosdistro/install/lib/class_loader.lib
[21.047s] -- Installing: D:/a/pixi_rosdistro/pixi_rosdistro/install/bin/class_loader.dll
[21.047s] -- Up-to-date: D:/a/pixi_rosdistro/pixi_rosdistro/install/share/class_loader/cmake
[21.062s] -- Installing: D:/a/pixi_rosdistro/pixi_rosdistro/install/share/class_loader/cmake/class_loader_hide_library_symbols.cmake
[21.062s] -- Installing: D:/a/pixi_rosdistro/pixi_rosdistro/install/share/class_loader/cmake/sanitizers.cmake
[21.062s] -- Installing: D:/a/pixi_rosdistro/pixi_rosdistro/install/include/class_loader
[21.062s] -- Installing: D:/a/pixi_rosdistro/pixi_rosdistro/install/include/class_loader/class_loader
[21.062s] -- Installing: D:/a/pixi_rosdistro/pixi_rosdistro/install/include/class_loader/class_loader/class_loader.hpp
[21.062s] -- Installing: D:/a/pixi_rosdistro/pixi_rosdistro/install/include/class_loader/class_loader/class_loader_core.hpp
[21.062s] -- Installing: D:/a/pixi_rosdistro/pixi_rosdistro/install/include/class_loader/class_loader/exceptions.hpp
[21.062s] -- Installing: D:/a/pixi_rosdistro/pixi_rosdistro/install/include/class_loader/class_loader/interface_traits.hpp
[21.062s] -- Installing: D:/a/pixi_rosdistro/pixi_rosdistro/install/include/class_loader/class_loader/meta_object.hpp
[21.062s] -- Installing: D:/a/pixi_rosdistro/pixi_rosdistro/install/include/class_loader/class_loader/multi_library_class_loader.hpp
[21.062s] -- Installing: D:/a/pixi_rosdistro/pixi_rosdistro/install/include/class_loader/class_loader/register_macro.hpp
[21.062s] -- Installing: D:/a/pixi_rosdistro/pixi_rosdistro/install/include/class_loader/class_loader/visibility_control.hpp
[21.078s] Invoked command in 'D:\a\pixi_rosdistro\pixi_rosdistro\build\class_loader' returned '0': AMENT_PREFIX_PATH=D:\a\pixi_rosdistro\pixi_rosdistro\install CMAKE_PREFIX_PATH=D:\a\pixi_rosdistro\pixi_rosdistro\install;D:\a\pixi_rosdistro\pixi_rosdistro\.pixi\envs\default\Library PATH=D:\a\pixi_rosdistro\pixi_rosdistro\install\Scripts;D:\a\pixi_rosdistro\pixi_rosdistro\install\bin;D:\a\pixi_rosdistro\pixi_rosdistro\install\opt\mimick_vendor\lib;%PATH% PIXI_PROMPT=(ros2_rolling) PKG_CONFIG_PATH=D:\a\pixi_rosdistro\pixi_rosdistro\install\lib\pkgconfig PROMPT=$P$G PYTHONPATH=D:\a\pixi_rosdistro\pixi_rosdistro\install\Lib\site-packages ROS_DOMAIN_ID=80 D:\a\pixi_rosdistro\pixi_rosdistro\.pixi\envs\default\Library\bin\cmake.EXE --install D:\a\pixi_rosdistro\pixi_rosdistro\build\class_loader
