[0.046s] Invoking command in '/Users/runner/work/pixi_rosdistro/pixi_rosdistro/build/ament_cmake_gen_version_h': AMENT_PREFIX_PATH=/Users/runner/work/pixi_rosdistro/pixi_rosdistro/install CMAKE_PREFIX_PATH=/Users/runner/work/pixi_rosdistro/pixi_rosdistro/install PATH=/Users/runner/work/pixi_rosdistro/pixi_rosdistro/install/bin:${PATH} PIXI_PROMPT=(ros2_rolling) PKG_CONFIG_PATH=/Users/runner/work/pixi_rosdistro/pixi_rosdistro/install/lib/pkgconfig PYTHONPATH=/Users/runner/work/pixi_rosdistro/pixi_rosdistro/install/lib/python3.12/site-packages SHLVL=3 _=/usr/bin/env /Users/runner/work/pixi_rosdistro/pixi_rosdistro/.pixi/envs/default/bin/cmake /Users/runner/work/pixi_rosdistro/pixi_rosdistro/src/ament/ament_cmake/ament_cmake_gen_version_h -GNinja --no-warn-unused-cli -DCMAKE_BUILD_TYPE=Release -DCMAKE_BUILD_WITH_INSTALL_RPATH:bool=TRUE -DCMAKE_POLICY_VERSION_MINIMUM=3.5 -Wno-deprecated -DSTACK_DETAILS_AUTO_DETECT:bool=FALSE -DSTACK_DETAILS_BFD:bool=FALSE -DCMAKE_UNITY_BUILD=ON -DCMAKE_INSTALL_PREFIX=/Users/runner/work/pixi_rosdistro/pixi_rosdistro/install
[1.101s] Not searching for unused variables given on the command line.
[1.101s] -- The C compiler identification is AppleClang 17.0.0.17000013
[1.281s] -- The CXX compiler identification is AppleClang 17.0.0.17000013
[1.335s] -- Detecting C compiler ABI info
[1.705s] -- Detecting C compiler ABI info - done
[1.752s] -- Check for working C compiler: /usr/bin/cc - skipped
[1.752s] -- Detecting C compile features
[1.752s] -- Detecting C compile features - done
[1.762s] -- Detecting CXX compiler ABI info
[2.100s] -- Detecting CXX compiler ABI info - done
[2.142s] -- Check for working CXX compiler: /usr/bin/c++ - skipped
[2.142s] -- Detecting CXX compile features
[2.143s] -- Detecting CXX compile features - done
[2.159s] -- Found ament_cmake_core: 2.8.6 (/Users/runner/work/pixi_rosdistro/pixi_rosdistro/install/share/ament_cmake_core/cmake)
[2.344s] -- Found Python3: /Users/runner/work/pixi_rosdistro/pixi_rosdistro/.pixi/envs/default/bin/python3 (found version "3.12.13") found components: Interpreter
[2.503s] -- Found ament_cmake_gtest: 2.8.6 (/Users/runner/work/pixi_rosdistro/pixi_rosdistro/install/share/ament_cmake_gtest/cmake)
[2.685s] -- Found gtest sources under '/Users/runner/work/pixi_rosdistro/pixi_rosdistro/install/src/gtest_vendor': C++ tests using 'Google Test' will be built
[2.689s] -- Performing Test CMAKE_HAVE_LIBC_PTHREAD
[3.097s] -- Performing Test CMAKE_HAVE_LIBC_PTHREAD - Success
[3.097s] -- Found Threads: TRUE
[3.239s] -- Configuring done (3.2s)
[3.257s] -- Generating done (0.0s)
[3.282s] -- Build files have been written to: /Users/runner/work/pixi_rosdistro/pixi_rosdistro/build/ament_cmake_gen_version_h
[3.287s] Invoked command in '/Users/runner/work/pixi_rosdistro/pixi_rosdistro/build/ament_cmake_gen_version_h' returned '0': AMENT_PREFIX_PATH=/Users/runner/work/pixi_rosdistro/pixi_rosdistro/install CMAKE_PREFIX_PATH=/Users/runner/work/pixi_rosdistro/pixi_rosdistro/install PATH=/Users/runner/work/pixi_rosdistro/pixi_rosdistro/install/bin:${PATH} PIXI_PROMPT=(ros2_rolling) PKG_CONFIG_PATH=/Users/runner/work/pixi_rosdistro/pixi_rosdistro/install/lib/pkgconfig PYTHONPATH=/Users/runner/work/pixi_rosdistro/pixi_rosdistro/install/lib/python3.12/site-packages ROS_DOMAIN_ID=29 SHLVL=3 _=/usr/bin/env /Users/runner/work/pixi_rosdistro/pixi_rosdistro/.pixi/envs/default/bin/cmake /Users/runner/work/pixi_rosdistro/pixi_rosdistro/src/ament/ament_cmake/ament_cmake_gen_version_h -GNinja --no-warn-unused-cli -DCMAKE_BUILD_TYPE=Release -DCMAKE_BUILD_WITH_INSTALL_RPATH:bool=TRUE -DCMAKE_POLICY_VERSION_MINIMUM=3.5 -Wno-deprecated -DSTACK_DETAILS_AUTO_DETECT:bool=FALSE -DSTACK_DETAILS_BFD:bool=FALSE -DCMAKE_UNITY_BUILD=ON -DCMAKE_INSTALL_PREFIX=/Users/runner/work/pixi_rosdistro/pixi_rosdistro/install
[3.288s] Invoking command in '/Users/runner/work/pixi_rosdistro/pixi_rosdistro/build/ament_cmake_gen_version_h': AMENT_PREFIX_PATH=/Users/runner/work/pixi_rosdistro/pixi_rosdistro/install CMAKE_PREFIX_PATH=/Users/runner/work/pixi_rosdistro/pixi_rosdistro/install PATH=/Users/runner/work/pixi_rosdistro/pixi_rosdistro/install/bin:${PATH} PIXI_PROMPT=(ros2_rolling) PKG_CONFIG_PATH=/Users/runner/work/pixi_rosdistro/pixi_rosdistro/install/lib/pkgconfig PYTHONPATH=/Users/runner/work/pixi_rosdistro/pixi_rosdistro/install/lib/python3.12/site-packages ROS_DOMAIN_ID=29 SHLVL=3 _=/usr/bin/env /Users/runner/work/pixi_rosdistro/pixi_rosdistro/.pixi/envs/default/bin/cmake --build /Users/runner/work/pixi_rosdistro/pixi_rosdistro/build/ament_cmake_gen_version_h -- -j3 -l3
[3.329s] [1/7] Generating ament_generate_version_header/version.hpp
[5.317s] [2/7] Building CXX object gtest/CMakeFiles/gtest.dir/Unity/unity_0_cxx.cxx.o
[6.758s] [3/7] Building CXX object gtest/CMakeFiles/gtest_main.dir/Unity/unity_0_cxx.cxx.o
[8.072s] [4/7] Building CXX object CMakeFiles/test_ament_generate_version_header.dir/Unity/unity_0_cxx.cxx.o
[9.382s] [5/7] Linking CXX static library gtest/libgtest.a
[9.603s] [6/7] Linking CXX static library gtest/libgtest_main.a
[9.603s] [7/7] Linking CXX executable test_ament_generate_version_header
[9.606s] Invoked command in '/Users/runner/work/pixi_rosdistro/pixi_rosdistro/build/ament_cmake_gen_version_h' returned '0': AMENT_PREFIX_PATH=/Users/runner/work/pixi_rosdistro/pixi_rosdistro/install CMAKE_PREFIX_PATH=/Users/runner/work/pixi_rosdistro/pixi_rosdistro/install PATH=/Users/runner/work/pixi_rosdistro/pixi_rosdistro/install/bin:${PATH} PIXI_PROMPT=(ros2_rolling) PKG_CONFIG_PATH=/Users/runner/work/pixi_rosdistro/pixi_rosdistro/install/lib/pkgconfig PYTHONPATH=/Users/runner/work/pixi_rosdistro/pixi_rosdistro/install/lib/python3.12/site-packages ROS_DOMAIN_ID=29 SHLVL=3 _=/usr/bin/env /Users/runner/work/pixi_rosdistro/pixi_rosdistro/.pixi/envs/default/bin/cmake --build /Users/runner/work/pixi_rosdistro/pixi_rosdistro/build/ament_cmake_gen_version_h -- -j3 -l3
[9.610s] Invoking command in '/Users/runner/work/pixi_rosdistro/pixi_rosdistro/build/ament_cmake_gen_version_h': AMENT_PREFIX_PATH=/Users/runner/work/pixi_rosdistro/pixi_rosdistro/install CMAKE_PREFIX_PATH=/Users/runner/work/pixi_rosdistro/pixi_rosdistro/install PATH=/Users/runner/work/pixi_rosdistro/pixi_rosdistro/install/bin:${PATH} PIXI_PROMPT=(ros2_rolling) PKG_CONFIG_PATH=/Users/runner/work/pixi_rosdistro/pixi_rosdistro/install/lib/pkgconfig PYTHONPATH=/Users/runner/work/pixi_rosdistro/pixi_rosdistro/install/lib/python3.12/site-packages ROS_DOMAIN_ID=29 SHLVL=3 _=/usr/bin/env /Users/runner/work/pixi_rosdistro/pixi_rosdistro/.pixi/envs/default/bin/cmake --install /Users/runner/work/pixi_rosdistro/pixi_rosdistro/build/ament_cmake_gen_version_h
[9.626s] -- Install configuration: "Release"
[9.626s] -- Installing: /Users/runner/work/pixi_rosdistro/pixi_rosdistro/install/share/ament_index/resource_index/package_run_dependencies/ament_cmake_gen_version_h
[9.626s] -- Installing: /Users/runner/work/pixi_rosdistro/pixi_rosdistro/install/share/ament_index/resource_index/parent_prefix_path/ament_cmake_gen_version_h
[9.626s] -- Installing: /Users/runner/work/pixi_rosdistro/pixi_rosdistro/install/share/ament_cmake_gen_version_h/environment/ament_prefix_path.sh
[9.626s] -- Installing: /Users/runner/work/pixi_rosdistro/pixi_rosdistro/install/share/ament_cmake_gen_version_h/environment/ament_prefix_path.dsv
[9.626s] -- Installing: /Users/runner/work/pixi_rosdistro/pixi_rosdistro/install/share/ament_cmake_gen_version_h/environment/path.sh
[9.627s] -- Installing: /Users/runner/work/pixi_rosdistro/pixi_rosdistro/install/share/ament_cmake_gen_version_h/environment/path.dsv
[9.627s] -- Installing: /Users/runner/work/pixi_rosdistro/pixi_rosdistro/install/share/ament_cmake_gen_version_h/local_setup.bash
[9.627s] -- Installing: /Users/runner/work/pixi_rosdistro/pixi_rosdistro/install/share/ament_cmake_gen_version_h/local_setup.fish
[9.627s] -- Installing: /Users/runner/work/pixi_rosdistro/pixi_rosdistro/install/share/ament_cmake_gen_version_h/local_setup.sh
[9.628s] -- Installing: /Users/runner/work/pixi_rosdistro/pixi_rosdistro/install/share/ament_cmake_gen_version_h/local_setup.zsh
[9.628s] -- Installing: /Users/runner/work/pixi_rosdistro/pixi_rosdistro/install/share/ament_cmake_gen_version_h/local_setup.dsv
[9.628s] -- Installing: /Users/runner/work/pixi_rosdistro/pixi_rosdistro/install/share/ament_cmake_gen_version_h/package.dsv
[9.628s] -- Installing: /Users/runner/work/pixi_rosdistro/pixi_rosdistro/install/share/ament_index/resource_index/packages/ament_cmake_gen_version_h
[9.629s] -- Installing: /Users/runner/work/pixi_rosdistro/pixi_rosdistro/install/share/ament_cmake_gen_version_h/cmake/ament_cmake_gen_version_h-extras.cmake
[9.629s] -- Installing: /Users/runner/work/pixi_rosdistro/pixi_rosdistro/install/share/ament_cmake_gen_version_h/cmake/ament_cmake_gen_version_hConfig.cmake
[9.629s] -- Installing: /Users/runner/work/pixi_rosdistro/pixi_rosdistro/install/share/ament_cmake_gen_version_h/cmake/ament_cmake_gen_version_hConfig-version.cmake
[9.629s] -- Installing: /Users/runner/work/pixi_rosdistro/pixi_rosdistro/install/share/ament_cmake_gen_version_h/package.xml
[9.630s] -- Up-to-date: /Users/runner/work/pixi_rosdistro/pixi_rosdistro/install/share/ament_cmake_gen_version_h/cmake
[9.630s] -- Installing: /Users/runner/work/pixi_rosdistro/pixi_rosdistro/install/share/ament_cmake_gen_version_h/cmake/generate_version_header.cmake.in
[9.630s] -- Installing: /Users/runner/work/pixi_rosdistro/pixi_rosdistro/install/share/ament_cmake_gen_version_h/cmake/version.h.in
[9.630s] -- Installing: /Users/runner/work/pixi_rosdistro/pixi_rosdistro/install/share/ament_cmake_gen_version_h/cmake/ament_generate_version_header.cmake
[9.632s] Invoked command in '/Users/runner/work/pixi_rosdistro/pixi_rosdistro/build/ament_cmake_gen_version_h' returned '0': AMENT_PREFIX_PATH=/Users/runner/work/pixi_rosdistro/pixi_rosdistro/install CMAKE_PREFIX_PATH=/Users/runner/work/pixi_rosdistro/pixi_rosdistro/install PATH=/Users/runner/work/pixi_rosdistro/pixi_rosdistro/install/bin:${PATH} PIXI_PROMPT=(ros2_rolling) PKG_CONFIG_PATH=/Users/runner/work/pixi_rosdistro/pixi_rosdistro/install/lib/pkgconfig PYTHONPATH=/Users/runner/work/pixi_rosdistro/pixi_rosdistro/install/lib/python3.12/site-packages ROS_DOMAIN_ID=29 SHLVL=3 _=/usr/bin/env /Users/runner/work/pixi_rosdistro/pixi_rosdistro/.pixi/envs/default/bin/cmake --install /Users/runner/work/pixi_rosdistro/pixi_rosdistro/build/ament_cmake_gen_version_h
