[0.108s] Invoking command in '/Users/runner/work/pixi_rosdistro/pixi_rosdistro/build/ament_cmake_copyright': AMENT_PREFIX_PATH=/Users/runner/work/pixi_rosdistro/pixi_rosdistro/install CMAKE_PREFIX_PATH=/Users/runner/work/pixi_rosdistro/pixi_rosdistro/install PATH=/Users/runner/work/pixi_rosdistro/pixi_rosdistro/install/bin:${PATH} PIXI_PROMPT=(ros2_rolling) PYTHONPATH=/Users/runner/work/pixi_rosdistro/pixi_rosdistro/install/lib/python3.12/site-packages SHLVL=3 _=/usr/bin/env /Users/runner/work/pixi_rosdistro/pixi_rosdistro/.pixi/envs/default/bin/cmake /Users/runner/work/pixi_rosdistro/pixi_rosdistro/src/ament/ament_lint/ament_cmake_copyright -GNinja --no-warn-unused-cli -DCMAKE_BUILD_TYPE=Release -DCMAKE_BUILD_WITH_INSTALL_RPATH:bool=TRUE -DCMAKE_POLICY_VERSION_MINIMUM=3.5 -Wno-deprecated -DSTACK_DETAILS_AUTO_DETECT:bool=FALSE -DSTACK_DETAILS_BFD:bool=FALSE -DCMAKE_UNITY_BUILD=ON -DCMAKE_INSTALL_PREFIX=/Users/runner/work/pixi_rosdistro/pixi_rosdistro/install
[0.251s] Not searching for unused variables given on the command line.
[0.251s] -- Found ament_cmake_core: 2.8.6 (/Users/runner/work/pixi_rosdistro/pixi_rosdistro/install/share/ament_cmake_core/cmake)
[0.393s] -- Found Python3: /Users/runner/work/pixi_rosdistro/pixi_rosdistro/.pixi/envs/default/bin/python3 (found version "3.12.13") found components: Interpreter
[0.527s] -- Found ament_cmake_test: 2.8.6 (/Users/runner/work/pixi_rosdistro/pixi_rosdistro/install/share/ament_cmake_test/cmake)
[0.637s] -- Found ament_cmake_lint_cmake: 0.20.3 (/Users/runner/work/pixi_rosdistro/pixi_rosdistro/install/share/ament_cmake_lint_cmake/cmake)
[0.639s] -- Configuring done (0.5s)
[0.654s] -- Generating done (0.0s)
[0.660s] -- Build files have been written to: /Users/runner/work/pixi_rosdistro/pixi_rosdistro/build/ament_cmake_copyright
[0.660s] Invoked command in '/Users/runner/work/pixi_rosdistro/pixi_rosdistro/build/ament_cmake_copyright' returned '0': AMENT_PREFIX_PATH=/Users/runner/work/pixi_rosdistro/pixi_rosdistro/install CMAKE_PREFIX_PATH=/Users/runner/work/pixi_rosdistro/pixi_rosdistro/install PATH=/Users/runner/work/pixi_rosdistro/pixi_rosdistro/install/bin:${PATH} PIXI_PROMPT=(ros2_rolling) PYTHONPATH=/Users/runner/work/pixi_rosdistro/pixi_rosdistro/install/lib/python3.12/site-packages ROS_DOMAIN_ID=153 SHLVL=3 _=/usr/bin/env /Users/runner/work/pixi_rosdistro/pixi_rosdistro/.pixi/envs/default/bin/cmake /Users/runner/work/pixi_rosdistro/pixi_rosdistro/src/ament/ament_lint/ament_cmake_copyright -GNinja --no-warn-unused-cli -DCMAKE_BUILD_TYPE=Release -DCMAKE_BUILD_WITH_INSTALL_RPATH:bool=TRUE -DCMAKE_POLICY_VERSION_MINIMUM=3.5 -Wno-deprecated -DSTACK_DETAILS_AUTO_DETECT:bool=FALSE -DSTACK_DETAILS_BFD:bool=FALSE -DCMAKE_UNITY_BUILD=ON -DCMAKE_INSTALL_PREFIX=/Users/runner/work/pixi_rosdistro/pixi_rosdistro/install
[0.661s] Invoking command in '/Users/runner/work/pixi_rosdistro/pixi_rosdistro/build/ament_cmake_copyright': AMENT_PREFIX_PATH=/Users/runner/work/pixi_rosdistro/pixi_rosdistro/install CMAKE_PREFIX_PATH=/Users/runner/work/pixi_rosdistro/pixi_rosdistro/install PATH=/Users/runner/work/pixi_rosdistro/pixi_rosdistro/install/bin:${PATH} PIXI_PROMPT=(ros2_rolling) PYTHONPATH=/Users/runner/work/pixi_rosdistro/pixi_rosdistro/install/lib/python3.12/site-packages ROS_DOMAIN_ID=153 SHLVL=3 _=/usr/bin/env /Users/runner/work/pixi_rosdistro/pixi_rosdistro/.pixi/envs/default/bin/cmake --build /Users/runner/work/pixi_rosdistro/pixi_rosdistro/build/ament_cmake_copyright -- -j3 -l3
[0.685s] ninja: no work to do.
[0.686s] Invoked command in '/Users/runner/work/pixi_rosdistro/pixi_rosdistro/build/ament_cmake_copyright' returned '0': AMENT_PREFIX_PATH=/Users/runner/work/pixi_rosdistro/pixi_rosdistro/install CMAKE_PREFIX_PATH=/Users/runner/work/pixi_rosdistro/pixi_rosdistro/install PATH=/Users/runner/work/pixi_rosdistro/pixi_rosdistro/install/bin:${PATH} PIXI_PROMPT=(ros2_rolling) PYTHONPATH=/Users/runner/work/pixi_rosdistro/pixi_rosdistro/install/lib/python3.12/site-packages ROS_DOMAIN_ID=153 SHLVL=3 _=/usr/bin/env /Users/runner/work/pixi_rosdistro/pixi_rosdistro/.pixi/envs/default/bin/cmake --build /Users/runner/work/pixi_rosdistro/pixi_rosdistro/build/ament_cmake_copyright -- -j3 -l3
[0.690s] Invoking command in '/Users/runner/work/pixi_rosdistro/pixi_rosdistro/build/ament_cmake_copyright': AMENT_PREFIX_PATH=/Users/runner/work/pixi_rosdistro/pixi_rosdistro/install CMAKE_PREFIX_PATH=/Users/runner/work/pixi_rosdistro/pixi_rosdistro/install PATH=/Users/runner/work/pixi_rosdistro/pixi_rosdistro/install/bin:${PATH} PIXI_PROMPT=(ros2_rolling) PYTHONPATH=/Users/runner/work/pixi_rosdistro/pixi_rosdistro/install/lib/python3.12/site-packages ROS_DOMAIN_ID=153 SHLVL=3 _=/usr/bin/env /Users/runner/work/pixi_rosdistro/pixi_rosdistro/.pixi/envs/default/bin/cmake --install /Users/runner/work/pixi_rosdistro/pixi_rosdistro/build/ament_cmake_copyright
[0.708s] -- Install configuration: "Release"
[0.708s] -- Installing: /Users/runner/work/pixi_rosdistro/pixi_rosdistro/install/share/ament_index/resource_index/package_run_dependencies/ament_cmake_copyright
[0.709s] -- Installing: /Users/runner/work/pixi_rosdistro/pixi_rosdistro/install/share/ament_index/resource_index/parent_prefix_path/ament_cmake_copyright
[0.709s] -- Installing: /Users/runner/work/pixi_rosdistro/pixi_rosdistro/install/share/ament_cmake_copyright/environment/ament_prefix_path.sh
[0.710s] -- Installing: /Users/runner/work/pixi_rosdistro/pixi_rosdistro/install/share/ament_cmake_copyright/environment/ament_prefix_path.dsv
[0.710s] -- Installing: /Users/runner/work/pixi_rosdistro/pixi_rosdistro/install/share/ament_cmake_copyright/environment/path.sh
[0.711s] -- Installing: /Users/runner/work/pixi_rosdistro/pixi_rosdistro/install/share/ament_cmake_copyright/environment/path.dsv
[0.711s] -- Installing: /Users/runner/work/pixi_rosdistro/pixi_rosdistro/install/share/ament_cmake_copyright/local_setup.bash
[0.713s] -- Installing: /Users/runner/work/pixi_rosdistro/pixi_rosdistro/install/share/ament_cmake_copyright/local_setup.fish
[0.714s] -- Installing: /Users/runner/work/pixi_rosdistro/pixi_rosdistro/install/share/ament_cmake_copyright/local_setup.sh
[0.715s] -- Installing: /Users/runner/work/pixi_rosdistro/pixi_rosdistro/install/share/ament_cmake_copyright/local_setup.zsh
[0.715s] -- Installing: /Users/runner/work/pixi_rosdistro/pixi_rosdistro/install/share/ament_cmake_copyright/local_setup.dsv
[0.715s] -- Installing: /Users/runner/work/pixi_rosdistro/pixi_rosdistro/install/share/ament_cmake_copyright/package.dsv
[0.715s] -- Installing: /Users/runner/work/pixi_rosdistro/pixi_rosdistro/install/share/ament_index/resource_index/packages/ament_cmake_copyright
[0.715s] -- Installing: /Users/runner/work/pixi_rosdistro/pixi_rosdistro/install/share/ament_cmake_copyright/cmake/ament_cmake_copyright-extras.cmake
[0.716s] -- Installing: /Users/runner/work/pixi_rosdistro/pixi_rosdistro/install/share/ament_cmake_copyright/cmake/ament_cmake_copyrightConfig.cmake
[0.716s] -- Installing: /Users/runner/work/pixi_rosdistro/pixi_rosdistro/install/share/ament_cmake_copyright/cmake/ament_cmake_copyrightConfig-version.cmake
[0.716s] -- Installing: /Users/runner/work/pixi_rosdistro/pixi_rosdistro/install/share/ament_cmake_copyright/package.xml
[0.716s] -- Up-to-date: /Users/runner/work/pixi_rosdistro/pixi_rosdistro/install/share/ament_cmake_copyright/cmake
[0.716s] -- Installing: /Users/runner/work/pixi_rosdistro/pixi_rosdistro/install/share/ament_cmake_copyright/cmake/ament_copyright.cmake
[0.716s] -- Installing: /Users/runner/work/pixi_rosdistro/pixi_rosdistro/install/share/ament_cmake_copyright/cmake/ament_cmake_copyright_lint_hook.cmake
[0.720s] Invoked command in '/Users/runner/work/pixi_rosdistro/pixi_rosdistro/build/ament_cmake_copyright' returned '0': AMENT_PREFIX_PATH=/Users/runner/work/pixi_rosdistro/pixi_rosdistro/install CMAKE_PREFIX_PATH=/Users/runner/work/pixi_rosdistro/pixi_rosdistro/install PATH=/Users/runner/work/pixi_rosdistro/pixi_rosdistro/install/bin:${PATH} PIXI_PROMPT=(ros2_rolling) PYTHONPATH=/Users/runner/work/pixi_rosdistro/pixi_rosdistro/install/lib/python3.12/site-packages ROS_DOMAIN_ID=153 SHLVL=3 _=/usr/bin/env /Users/runner/work/pixi_rosdistro/pixi_rosdistro/.pixi/envs/default/bin/cmake --install /Users/runner/work/pixi_rosdistro/pixi_rosdistro/build/ament_cmake_copyright
