Not searching for unused variables given on the command line.
-- The C compiler identification is MSVC 19.44.35225.0
-- The CXX compiler identification is MSVC 19.44.35225.0
-- Detecting C compiler ABI info
-- Detecting C compiler ABI info - done
-- Check for working C compiler: C:/Program Files/Microsoft Visual Studio/2022/Enterprise/VC/Tools/MSVC/14.44.35207/bin/Hostx64/x64/cl.exe - skipped
-- Detecting C compile features
-- Detecting C compile features - done
-- Detecting CXX compiler ABI info
-- Detecting CXX compiler ABI info - done
-- Check for working CXX compiler: C:/Program Files/Microsoft Visual Studio/2022/Enterprise/VC/Tools/MSVC/14.44.35207/bin/Hostx64/x64/cl.exe - skipped
-- Detecting CXX compile features
-- Detecting CXX compile features - done
-- Found ament_cmake_ros: 0.15.6 (D:/a/pixi_rosdistro/pixi_rosdistro/install/share/ament_cmake_ros/cmake)
-- Found rcutils: 7.0.7 (D:/a/pixi_rosdistro/pixi_rosdistro/install/share/rcutils/cmake)
-- Found ament_lint_auto: 0.20.3 (D:/a/pixi_rosdistro/pixi_rosdistro/install/share/ament_lint_auto/cmake)
-- Found gtest sources under 'D:/a/pixi_rosdistro/pixi_rosdistro/install/src/gtest_vendor': C++ tests using 'Google Test' will be built
-- Added test 'copyright' to check source files copyright and LICENSE
-- Added test 'cppcheck' to perform static code analysis on C / C++ code
-- Configured cppcheck include dirs: $<BUILD_INTERFACE:D:/a/pixi_rosdistro/pixi_rosdistro/src/ros2/rcl_logging/rcl_logging_interface/include>
-- Configured cppcheck exclude dirs and/or files: 
-- Added test 'cpplint' to check C / C++ code against the Google style
-- Configured cpplint exclude dirs and/or files: 
-- Added test 'lint_cmake' to check CMake code style
-- Added test 'uncrustify' to check C / C++ code style
-- Configured uncrustify additional arguments: 
-- Added test 'xmllint' to check XML markup files
-- Configuring done (2.9s)
-- Generating done (0.1s)
-- Build files have been written to: D:/a/pixi_rosdistro/pixi_rosdistro/build/rcl_logging_interface
[1/8] Building C object CMakeFiles\rcl_logging_interface.dir\src\logging_dir.c.obj
[2/8] Building CXX object gtest\CMakeFiles\gtest_main.dir\src\gtest_main.cc.obj
[3/8] Building CXX object gtest\CMakeFiles\gtest.dir\src\gtest-all.cc.obj
[4/8] Linking C shared library rcl_logging_interface.dll
[5/8] Building CXX object CMakeFiles\test_get_logging_directory.dir\test\test_get_logging_directory.cpp.obj
[6/8] Linking CXX static library gtest\gtest.lib
[7/8] Linking CXX static library gtest\gtest_main.lib
[8/8] Linking CXX executable test_get_logging_directory.exe
-- Install configuration: "Release"
-- Installing: D:/a/pixi_rosdistro/pixi_rosdistro/install/include/rcl_logging_interface
-- Installing: D:/a/pixi_rosdistro/pixi_rosdistro/install/include/rcl_logging_interface/rcl_logging_interface
-- Installing: D:/a/pixi_rosdistro/pixi_rosdistro/install/include/rcl_logging_interface/rcl_logging_interface/rcl_logging_interface.h
-- Installing: D:/a/pixi_rosdistro/pixi_rosdistro/install/include/rcl_logging_interface/rcl_logging_interface/visibility_control.h
-- Installing: D:/a/pixi_rosdistro/pixi_rosdistro/install/lib/rcl_logging_interface.lib
-- Installing: D:/a/pixi_rosdistro/pixi_rosdistro/install/bin/rcl_logging_interface.dll
-- Installing: D:/a/pixi_rosdistro/pixi_rosdistro/install/share/ament_index/resource_index/package_run_dependencies/rcl_logging_interface
-- Installing: D:/a/pixi_rosdistro/pixi_rosdistro/install/share/ament_index/resource_index/parent_prefix_path/rcl_logging_interface
-- Installing: D:/a/pixi_rosdistro/pixi_rosdistro/install/share/rcl_logging_interface/environment/ament_prefix_path.bat
-- Installing: D:/a/pixi_rosdistro/pixi_rosdistro/install/share/rcl_logging_interface/environment/ament_prefix_path.dsv
-- Installing: D:/a/pixi_rosdistro/pixi_rosdistro/install/share/rcl_logging_interface/environment/path.bat
-- Installing: D:/a/pixi_rosdistro/pixi_rosdistro/install/share/rcl_logging_interface/environment/path.dsv
-- Installing: D:/a/pixi_rosdistro/pixi_rosdistro/install/share/rcl_logging_interface/local_setup.bat
-- Installing: D:/a/pixi_rosdistro/pixi_rosdistro/install/share/rcl_logging_interface/local_setup.dsv
-- Installing: D:/a/pixi_rosdistro/pixi_rosdistro/install/share/rcl_logging_interface/package.dsv
-- Installing: D:/a/pixi_rosdistro/pixi_rosdistro/install/share/ament_index/resource_index/packages/rcl_logging_interface
-- Installing: D:/a/pixi_rosdistro/pixi_rosdistro/install/share/rcl_logging_interface/cmake/rcl_logging_interfaceExport.cmake
-- Installing: D:/a/pixi_rosdistro/pixi_rosdistro/install/share/rcl_logging_interface/cmake/rcl_logging_interfaceExport-release.cmake
-- Installing: D:/a/pixi_rosdistro/pixi_rosdistro/install/share/rcl_logging_interface/cmake/ament_cmake_export_include_directories-extras.cmake
-- Installing: D:/a/pixi_rosdistro/pixi_rosdistro/install/share/rcl_logging_interface/cmake/ament_cmake_export_targets-extras.cmake
-- Installing: D:/a/pixi_rosdistro/pixi_rosdistro/install/share/rcl_logging_interface/cmake/ament_cmake_export_dependencies-extras.cmake
-- Installing: D:/a/pixi_rosdistro/pixi_rosdistro/install/share/rcl_logging_interface/cmake/rcl_logging_interfaceConfig.cmake
-- Installing: D:/a/pixi_rosdistro/pixi_rosdistro/install/share/rcl_logging_interface/cmake/rcl_logging_interfaceConfig-version.cmake
-- Installing: D:/a/pixi_rosdistro/pixi_rosdistro/install/share/rcl_logging_interface/package.xml
