[0.230s] Invoking command in '/Users/runner/work/pixi_rosdistro/pixi_rosdistro/build/tracetools': AMENT_PREFIX_PATH=/Users/runner/work/pixi_rosdistro/pixi_rosdistro/install CMAKE_PREFIX_PATH=/Users/runner/work/pixi_rosdistro/pixi_rosdistro/install PATH=/Users/runner/work/pixi_rosdistro/pixi_rosdistro/install/bin:${PATH} PIXI_PROMPT=(ros2_rolling) PKG_CONFIG_PATH=/Users/runner/work/pixi_rosdistro/pixi_rosdistro/install/lib/pkgconfig PYTHONPATH=/Users/runner/work/pixi_rosdistro/pixi_rosdistro/install/lib/python3.14/site-packages SHLVL=3 _=/usr/bin/env /Users/runner/work/pixi_rosdistro/pixi_rosdistro/.pixi/envs/default/bin/cmake /Users/runner/work/pixi_rosdistro/pixi_rosdistro/src/ros2/ros2_tracing/tracetools -GNinja --no-warn-unused-cli -DCMAKE_BUILD_TYPE=Release -DCMAKE_BUILD_WITH_INSTALL_RPATH:bool=TRUE -DCMAKE_POLICY_VERSION_MINIMUM=3.5 -Wno-deprecated -DSTACK_DETAILS_AUTO_DETECT:bool=FALSE -DSTACK_DETAILS_BFD:bool=FALSE -DCMAKE_INSTALL_PREFIX=/Users/runner/work/pixi_rosdistro/pixi_rosdistro/install
[0.410s] Not searching for unused variables given on the command line.
[0.410s] -- The C compiler identification is AppleClang 17.0.0.17000013
[0.513s] -- The CXX compiler identification is AppleClang 17.0.0.17000013
[0.538s] -- Detecting C compiler ABI info
[0.810s] -- Detecting C compiler ABI info - done
[0.847s] -- Check for working C compiler: /usr/bin/cc - skipped
[0.847s] -- Detecting C compile features
[0.848s] -- Detecting C compile features - done
[0.852s] -- Detecting CXX compiler ABI info
[1.143s] -- Detecting CXX compiler ABI info - done
[1.175s] -- Check for working CXX compiler: /usr/bin/c++ - skipped
[1.175s] -- Detecting CXX compile features
[1.176s] -- Detecting CXX compile features - done
[1.185s] -- Found ament_cmake: 2.8.6 (/Users/runner/work/pixi_rosdistro/pixi_rosdistro/install/share/ament_cmake/cmake)
[1.471s] -- Found ament_cmake_ros_core: 0.15.6 (/Users/runner/work/pixi_rosdistro/pixi_rosdistro/install/share/ament_cmake_ros_core/cmake)
[1.478s] -- Found ament_lint_auto: 0.20.3 (/Users/runner/work/pixi_rosdistro/pixi_rosdistro/install/share/ament_lint_auto/cmake)
[1.628s] -- Added test 'copyright' to check source files copyright and LICENSE
[1.629s] -- Added test 'cppcheck' to perform static code analysis on C / C++ code
[1.630s] -- Configured cppcheck include dirs: 
[1.630s] -- Configured cppcheck exclude dirs and/or files: 
[1.631s] -- Added test 'cpplint' to check C / C++ code against the Google style
[1.631s] -- Configured cpplint exclude dirs and/or files: 
[1.632s] -- Added test 'lint_cmake' to check CMake code style
[1.634s] -- Added test 'uncrustify' to check C / C++ code style
[1.634s] -- Configured uncrustify additional arguments: 
[1.635s] -- Added test 'xmllint' to check XML markup files
[1.637s] -- Configuring done (1.4s)
[1.651s] -- Generating done (0.0s)
[1.654s] -- Build files have been written to: /Users/runner/work/pixi_rosdistro/pixi_rosdistro/build/tracetools
[1.657s] Invoked command in '/Users/runner/work/pixi_rosdistro/pixi_rosdistro/build/tracetools' returned '0': AMENT_PREFIX_PATH=/Users/runner/work/pixi_rosdistro/pixi_rosdistro/install CMAKE_PREFIX_PATH=/Users/runner/work/pixi_rosdistro/pixi_rosdistro/install PATH=/Users/runner/work/pixi_rosdistro/pixi_rosdistro/install/bin:${PATH} PIXI_PROMPT=(ros2_rolling) PKG_CONFIG_PATH=/Users/runner/work/pixi_rosdistro/pixi_rosdistro/install/lib/pkgconfig PYTHONPATH=/Users/runner/work/pixi_rosdistro/pixi_rosdistro/install/lib/python3.14/site-packages ROS_DOMAIN_ID=37 SHLVL=3 _=/usr/bin/env /Users/runner/work/pixi_rosdistro/pixi_rosdistro/.pixi/envs/default/bin/cmake /Users/runner/work/pixi_rosdistro/pixi_rosdistro/src/ros2/ros2_tracing/tracetools -GNinja --no-warn-unused-cli -DCMAKE_BUILD_TYPE=Release -DCMAKE_BUILD_WITH_INSTALL_RPATH:bool=TRUE -DCMAKE_POLICY_VERSION_MINIMUM=3.5 -Wno-deprecated -DSTACK_DETAILS_AUTO_DETECT:bool=FALSE -DSTACK_DETAILS_BFD:bool=FALSE -DCMAKE_INSTALL_PREFIX=/Users/runner/work/pixi_rosdistro/pixi_rosdistro/install
[1.659s] Invoking command in '/Users/runner/work/pixi_rosdistro/pixi_rosdistro/build/tracetools': AMENT_PREFIX_PATH=/Users/runner/work/pixi_rosdistro/pixi_rosdistro/install CMAKE_PREFIX_PATH=/Users/runner/work/pixi_rosdistro/pixi_rosdistro/install PATH=/Users/runner/work/pixi_rosdistro/pixi_rosdistro/install/bin:${PATH} PIXI_PROMPT=(ros2_rolling) PKG_CONFIG_PATH=/Users/runner/work/pixi_rosdistro/pixi_rosdistro/install/lib/pkgconfig PYTHONPATH=/Users/runner/work/pixi_rosdistro/pixi_rosdistro/install/lib/python3.14/site-packages ROS_DOMAIN_ID=37 SHLVL=3 _=/usr/bin/env /Users/runner/work/pixi_rosdistro/pixi_rosdistro/.pixi/envs/default/bin/cmake --build /Users/runner/work/pixi_rosdistro/pixi_rosdistro/build/tracetools -- -j3 -l3
[1.677s] ninja: no work to do.
[1.678s] Invoked command in '/Users/runner/work/pixi_rosdistro/pixi_rosdistro/build/tracetools' returned '0': AMENT_PREFIX_PATH=/Users/runner/work/pixi_rosdistro/pixi_rosdistro/install CMAKE_PREFIX_PATH=/Users/runner/work/pixi_rosdistro/pixi_rosdistro/install PATH=/Users/runner/work/pixi_rosdistro/pixi_rosdistro/install/bin:${PATH} PIXI_PROMPT=(ros2_rolling) PKG_CONFIG_PATH=/Users/runner/work/pixi_rosdistro/pixi_rosdistro/install/lib/pkgconfig PYTHONPATH=/Users/runner/work/pixi_rosdistro/pixi_rosdistro/install/lib/python3.14/site-packages ROS_DOMAIN_ID=37 SHLVL=3 _=/usr/bin/env /Users/runner/work/pixi_rosdistro/pixi_rosdistro/.pixi/envs/default/bin/cmake --build /Users/runner/work/pixi_rosdistro/pixi_rosdistro/build/tracetools -- -j3 -l3
[1.680s] Invoking command in '/Users/runner/work/pixi_rosdistro/pixi_rosdistro/build/tracetools': AMENT_PREFIX_PATH=/Users/runner/work/pixi_rosdistro/pixi_rosdistro/install CMAKE_PREFIX_PATH=/Users/runner/work/pixi_rosdistro/pixi_rosdistro/install PATH=/Users/runner/work/pixi_rosdistro/pixi_rosdistro/install/bin:${PATH} PIXI_PROMPT=(ros2_rolling) PKG_CONFIG_PATH=/Users/runner/work/pixi_rosdistro/pixi_rosdistro/install/lib/pkgconfig PYTHONPATH=/Users/runner/work/pixi_rosdistro/pixi_rosdistro/install/lib/python3.14/site-packages ROS_DOMAIN_ID=37 SHLVL=3 _=/usr/bin/env /Users/runner/work/pixi_rosdistro/pixi_rosdistro/.pixi/envs/default/bin/cmake --install /Users/runner/work/pixi_rosdistro/pixi_rosdistro/build/tracetools
[1.693s] -- Install configuration: "Release"
[1.693s] -- Installing: /Users/runner/work/pixi_rosdistro/pixi_rosdistro/install/include/tracetools
[1.693s] -- Installing: /Users/runner/work/pixi_rosdistro/pixi_rosdistro/install/include/tracetools/tracetools
[1.693s] -- Installing: /Users/runner/work/pixi_rosdistro/pixi_rosdistro/install/include/tracetools/tracetools/config.h
[1.693s] -- Installing: /Users/runner/work/pixi_rosdistro/pixi_rosdistro/install/include/tracetools/tracetools/visibility_control.h
[1.693s] -- Installing: /Users/runner/work/pixi_rosdistro/pixi_rosdistro/install/include/tracetools/tracetools/tracetools.h
[1.693s] -- Installing: /Users/runner/work/pixi_rosdistro/pixi_rosdistro/install/include/tracetools/tracetools/utils.hpp
[1.696s] -- Installing: /Users/runner/work/pixi_rosdistro/pixi_rosdistro/install/share/ament_index/resource_index/package_run_dependencies/tracetools
[1.696s] -- Installing: /Users/runner/work/pixi_rosdistro/pixi_rosdistro/install/share/ament_index/resource_index/parent_prefix_path/tracetools
[1.696s] -- Installing: /Users/runner/work/pixi_rosdistro/pixi_rosdistro/install/share/tracetools/environment/ament_prefix_path.sh
[1.696s] -- Installing: /Users/runner/work/pixi_rosdistro/pixi_rosdistro/install/share/tracetools/environment/ament_prefix_path.dsv
[1.697s] -- Installing: /Users/runner/work/pixi_rosdistro/pixi_rosdistro/install/share/tracetools/environment/path.sh
[1.697s] -- Installing: /Users/runner/work/pixi_rosdistro/pixi_rosdistro/install/share/tracetools/environment/path.dsv
[1.697s] -- Installing: /Users/runner/work/pixi_rosdistro/pixi_rosdistro/install/share/tracetools/local_setup.bash
[1.697s] -- Installing: /Users/runner/work/pixi_rosdistro/pixi_rosdistro/install/share/tracetools/local_setup.fish
[1.697s] -- Installing: /Users/runner/work/pixi_rosdistro/pixi_rosdistro/install/share/tracetools/local_setup.sh
[1.697s] -- Installing: /Users/runner/work/pixi_rosdistro/pixi_rosdistro/install/share/tracetools/local_setup.zsh
[1.697s] -- Installing: /Users/runner/work/pixi_rosdistro/pixi_rosdistro/install/share/tracetools/local_setup.dsv
[1.697s] -- Installing: /Users/runner/work/pixi_rosdistro/pixi_rosdistro/install/share/tracetools/package.dsv
[1.697s] -- Installing: /Users/runner/work/pixi_rosdistro/pixi_rosdistro/install/share/ament_index/resource_index/packages/tracetools
[1.697s] -- Installing: /Users/runner/work/pixi_rosdistro/pixi_rosdistro/install/share/tracetools/cmake/tracetools_exportExport.cmake
[1.697s] -- Installing: /Users/runner/work/pixi_rosdistro/pixi_rosdistro/install/share/tracetools/cmake/ament_cmake_export_targets-extras.cmake
[1.697s] -- Installing: /Users/runner/work/pixi_rosdistro/pixi_rosdistro/install/share/tracetools/cmake/ament_cmake_export_include_directories-extras.cmake
[1.701s] -- Installing: /Users/runner/work/pixi_rosdistro/pixi_rosdistro/install/share/tracetools/cmake/tracetoolsConfig.cmake
[1.701s] -- Installing: /Users/runner/work/pixi_rosdistro/pixi_rosdistro/install/share/tracetools/cmake/tracetoolsConfig-version.cmake
[1.701s] -- Installing: /Users/runner/work/pixi_rosdistro/pixi_rosdistro/install/share/tracetools/package.xml
[1.702s] Invoked command in '/Users/runner/work/pixi_rosdistro/pixi_rosdistro/build/tracetools' returned '0': AMENT_PREFIX_PATH=/Users/runner/work/pixi_rosdistro/pixi_rosdistro/install CMAKE_PREFIX_PATH=/Users/runner/work/pixi_rosdistro/pixi_rosdistro/install PATH=/Users/runner/work/pixi_rosdistro/pixi_rosdistro/install/bin:${PATH} PIXI_PROMPT=(ros2_rolling) PKG_CONFIG_PATH=/Users/runner/work/pixi_rosdistro/pixi_rosdistro/install/lib/pkgconfig PYTHONPATH=/Users/runner/work/pixi_rosdistro/pixi_rosdistro/install/lib/python3.14/site-packages ROS_DOMAIN_ID=37 SHLVL=3 _=/usr/bin/env /Users/runner/work/pixi_rosdistro/pixi_rosdistro/.pixi/envs/default/bin/cmake --install /Users/runner/work/pixi_rosdistro/pixi_rosdistro/build/tracetools
