[1.072s] Invoking command in '/Users/runner/work/pixi_rosdistro/pixi_rosdistro/build/rmw_connextdds': AMENT_PREFIX_PATH=/Users/runner/work/pixi_rosdistro/pixi_rosdistro/install CMAKE_PREFIX_PATH=/Users/runner/work/pixi_rosdistro/pixi_rosdistro/install DYLD_LIBRARY_PATH=/Users/runner/work/pixi_rosdistro/pixi_rosdistro/install/lib:/Users/runner/work/pixi_rosdistro/pixi_rosdistro/install/opt/mimick_vendor/lib PATH=/Users/runner/work/pixi_rosdistro/pixi_rosdistro/install/bin:${PATH} PIXI_PROMPT=(ros2_rolling) PKG_CONFIG_PATH=/Users/runner/work/pixi_rosdistro/pixi_rosdistro/install/lib/pkgconfig PYTHONPATH=/Users/runner/work/pixi_rosdistro/pixi_rosdistro/install/lib/python3.12/site-packages ROS_PYTHON_VERSION=3 SHLVL=3 _=/usr/bin/env /Users/runner/work/pixi_rosdistro/pixi_rosdistro/.pixi/envs/default/bin/cmake /Users/runner/work/pixi_rosdistro/pixi_rosdistro/src/ros2/rmw_connextdds/rmw_connextdds -GNinja --no-warn-unused-cli -DCMAKE_BUILD_TYPE=Release -DCMAKE_BUILD_WITH_INSTALL_RPATH:bool=TRUE -DCMAKE_POLICY_VERSION_MINIMUM=3.5 -Wno-deprecated -DSTACK_DETAILS_AUTO_DETECT:bool=FALSE -DSTACK_DETAILS_BFD:bool=FALSE -DCMAKE_INSTALL_PREFIX=/Users/runner/work/pixi_rosdistro/pixi_rosdistro/install
[1.367s] Not searching for unused variables given on the command line.
[1.367s] -- The C compiler identification is AppleClang 17.0.0.17000013
[1.535s] -- The CXX compiler identification is AppleClang 17.0.0.17000013
[1.592s] -- Detecting C compiler ABI info
[2.066s] -- Detecting C compiler ABI info - done
[2.122s] -- Check for working C compiler: /usr/bin/cc - skipped
[2.122s] -- Detecting C compile features
[2.122s] -- Detecting C compile features - done
[2.131s] -- Detecting CXX compiler ABI info
[2.592s] -- Detecting CXX compiler ABI info - done
[2.650s] -- Check for working CXX compiler: /usr/bin/c++ - skipped
[2.651s] -- Detecting CXX compile features
[2.651s] -- Detecting CXX compile features - done
[2.664s] -- Found ament_cmake: 2.8.6 (/Users/runner/work/pixi_rosdistro/pixi_rosdistro/install/share/ament_cmake/cmake)
[3.192s] -- Found rmw_connextdds_common: 1.2.4 (/Users/runner/work/pixi_rosdistro/pixi_rosdistro/install/share/rmw_connextdds_common/cmake)
[3.332s] -- Found rosidl_generator_c: 5.1.3 (/Users/runner/work/pixi_rosdistro/pixi_rosdistro/install/share/rosidl_generator_c/cmake)
[3.362s] -- Found rosidl_generator_cpp: 5.1.3 (/Users/runner/work/pixi_rosdistro/pixi_rosdistro/install/share/rosidl_generator_cpp/cmake)
[3.387s] -- Using all available rosidl_typesupport_c: rosidl_typesupport_fastrtps_c;rosidl_typesupport_introspection_c
[3.542s] -- Using all available rosidl_typesupport_cpp: rosidl_typesupport_fastrtps_cpp;rosidl_typesupport_introspection_cpp
[3.609s] -- Loaded RTI Connext DDS environment:
[3.609s] -- - RTI Connext DDS Professional:
[3.609s] --   - Found: false
[3.609s] --   - Version: 
[3.609s] --   - Directory: 
[3.609s] --   - Architecture: 
[3.609s] -- - RTI Connext DDS Micro:
[3.609s] --   - Found: false
[3.609s] --   - Version: 
[3.609s] --   - Directory: 
[3.610s] --   - Architecture: 
[3.610s] -- Common RMW implementation not found. Skipping rmw_connextdds.
[3.782s] -- Configuring done (2.7s)
[3.821s] -- Generating done (0.0s)
[3.879s] -- Build files have been written to: /Users/runner/work/pixi_rosdistro/pixi_rosdistro/build/rmw_connextdds
[3.882s] Invoked command in '/Users/runner/work/pixi_rosdistro/pixi_rosdistro/build/rmw_connextdds' returned '0': AMENT_PREFIX_PATH=/Users/runner/work/pixi_rosdistro/pixi_rosdistro/install CMAKE_PREFIX_PATH=/Users/runner/work/pixi_rosdistro/pixi_rosdistro/install DYLD_LIBRARY_PATH=/Users/runner/work/pixi_rosdistro/pixi_rosdistro/install/lib:/Users/runner/work/pixi_rosdistro/pixi_rosdistro/install/opt/mimick_vendor/lib PATH=/Users/runner/work/pixi_rosdistro/pixi_rosdistro/install/bin:${PATH} PIXI_PROMPT=(ros2_rolling) PKG_CONFIG_PATH=/Users/runner/work/pixi_rosdistro/pixi_rosdistro/install/lib/pkgconfig PYTHONPATH=/Users/runner/work/pixi_rosdistro/pixi_rosdistro/install/lib/python3.12/site-packages ROS_PYTHON_VERSION=3 SHLVL=3 _=/usr/bin/env /Users/runner/work/pixi_rosdistro/pixi_rosdistro/.pixi/envs/default/bin/cmake /Users/runner/work/pixi_rosdistro/pixi_rosdistro/src/ros2/rmw_connextdds/rmw_connextdds -GNinja --no-warn-unused-cli -DCMAKE_BUILD_TYPE=Release -DCMAKE_BUILD_WITH_INSTALL_RPATH:bool=TRUE -DCMAKE_POLICY_VERSION_MINIMUM=3.5 -Wno-deprecated -DSTACK_DETAILS_AUTO_DETECT:bool=FALSE -DSTACK_DETAILS_BFD:bool=FALSE -DCMAKE_INSTALL_PREFIX=/Users/runner/work/pixi_rosdistro/pixi_rosdistro/install
[3.886s] Invoking command in '/Users/runner/work/pixi_rosdistro/pixi_rosdistro/build/rmw_connextdds': AMENT_PREFIX_PATH=/Users/runner/work/pixi_rosdistro/pixi_rosdistro/install CMAKE_PREFIX_PATH=/Users/runner/work/pixi_rosdistro/pixi_rosdistro/install DYLD_LIBRARY_PATH=/Users/runner/work/pixi_rosdistro/pixi_rosdistro/install/lib:/Users/runner/work/pixi_rosdistro/pixi_rosdistro/install/opt/mimick_vendor/lib PATH=/Users/runner/work/pixi_rosdistro/pixi_rosdistro/install/bin:${PATH} PIXI_PROMPT=(ros2_rolling) PKG_CONFIG_PATH=/Users/runner/work/pixi_rosdistro/pixi_rosdistro/install/lib/pkgconfig PYTHONPATH=/Users/runner/work/pixi_rosdistro/pixi_rosdistro/install/lib/python3.12/site-packages ROS_PYTHON_VERSION=3 SHLVL=3 _=/usr/bin/env /Users/runner/work/pixi_rosdistro/pixi_rosdistro/.pixi/envs/default/bin/cmake --build /Users/runner/work/pixi_rosdistro/pixi_rosdistro/build/rmw_connextdds -- -j3 -l3
[3.934s] ninja: no work to do.
[3.945s] Invoked command in '/Users/runner/work/pixi_rosdistro/pixi_rosdistro/build/rmw_connextdds' returned '0': AMENT_PREFIX_PATH=/Users/runner/work/pixi_rosdistro/pixi_rosdistro/install CMAKE_PREFIX_PATH=/Users/runner/work/pixi_rosdistro/pixi_rosdistro/install DYLD_LIBRARY_PATH=/Users/runner/work/pixi_rosdistro/pixi_rosdistro/install/lib:/Users/runner/work/pixi_rosdistro/pixi_rosdistro/install/opt/mimick_vendor/lib PATH=/Users/runner/work/pixi_rosdistro/pixi_rosdistro/install/bin:${PATH} PIXI_PROMPT=(ros2_rolling) PKG_CONFIG_PATH=/Users/runner/work/pixi_rosdistro/pixi_rosdistro/install/lib/pkgconfig PYTHONPATH=/Users/runner/work/pixi_rosdistro/pixi_rosdistro/install/lib/python3.12/site-packages ROS_PYTHON_VERSION=3 SHLVL=3 _=/usr/bin/env /Users/runner/work/pixi_rosdistro/pixi_rosdistro/.pixi/envs/default/bin/cmake --build /Users/runner/work/pixi_rosdistro/pixi_rosdistro/build/rmw_connextdds -- -j3 -l3
[3.946s] Invoking command in '/Users/runner/work/pixi_rosdistro/pixi_rosdistro/build/rmw_connextdds': AMENT_PREFIX_PATH=/Users/runner/work/pixi_rosdistro/pixi_rosdistro/install CMAKE_PREFIX_PATH=/Users/runner/work/pixi_rosdistro/pixi_rosdistro/install DYLD_LIBRARY_PATH=/Users/runner/work/pixi_rosdistro/pixi_rosdistro/install/lib:/Users/runner/work/pixi_rosdistro/pixi_rosdistro/install/opt/mimick_vendor/lib PATH=/Users/runner/work/pixi_rosdistro/pixi_rosdistro/install/bin:${PATH} PIXI_PROMPT=(ros2_rolling) PKG_CONFIG_PATH=/Users/runner/work/pixi_rosdistro/pixi_rosdistro/install/lib/pkgconfig PYTHONPATH=/Users/runner/work/pixi_rosdistro/pixi_rosdistro/install/lib/python3.12/site-packages ROS_PYTHON_VERSION=3 SHLVL=3 _=/usr/bin/env /Users/runner/work/pixi_rosdistro/pixi_rosdistro/.pixi/envs/default/bin/cmake --install /Users/runner/work/pixi_rosdistro/pixi_rosdistro/build/rmw_connextdds
[3.990s] -- Install configuration: "Release"
[3.990s] -- Installing: /Users/runner/work/pixi_rosdistro/pixi_rosdistro/install/share/ament_index/resource_index/package_run_dependencies/rmw_connextdds
[3.990s] -- Installing: /Users/runner/work/pixi_rosdistro/pixi_rosdistro/install/share/ament_index/resource_index/parent_prefix_path/rmw_connextdds
[3.992s] -- Installing: /Users/runner/work/pixi_rosdistro/pixi_rosdistro/install/share/rmw_connextdds/environment/ament_prefix_path.sh
[3.993s] -- Installing: /Users/runner/work/pixi_rosdistro/pixi_rosdistro/install/share/rmw_connextdds/environment/ament_prefix_path.dsv
[3.993s] -- Installing: /Users/runner/work/pixi_rosdistro/pixi_rosdistro/install/share/rmw_connextdds/environment/path.sh
[3.993s] -- Installing: /Users/runner/work/pixi_rosdistro/pixi_rosdistro/install/share/rmw_connextdds/environment/path.dsv
[3.993s] -- Installing: /Users/runner/work/pixi_rosdistro/pixi_rosdistro/install/share/rmw_connextdds/local_setup.bash
[3.993s] -- Installing: /Users/runner/work/pixi_rosdistro/pixi_rosdistro/install/share/rmw_connextdds/local_setup.fish
[3.994s] -- Installing: /Users/runner/work/pixi_rosdistro/pixi_rosdistro/install/share/rmw_connextdds/local_setup.sh
[3.994s] -- Installing: /Users/runner/work/pixi_rosdistro/pixi_rosdistro/install/share/rmw_connextdds/local_setup.zsh
[3.994s] -- Installing: /Users/runner/work/pixi_rosdistro/pixi_rosdistro/install/share/rmw_connextdds/local_setup.dsv
[3.994s] -- Installing: /Users/runner/work/pixi_rosdistro/pixi_rosdistro/install/share/rmw_connextdds/package.dsv
[3.994s] -- Installing: /Users/runner/work/pixi_rosdistro/pixi_rosdistro/install/share/ament_index/resource_index/packages/rmw_connextdds
[3.995s] -- Installing: /Users/runner/work/pixi_rosdistro/pixi_rosdistro/install/share/rmw_connextdds/cmake/rmw_connextddsConfig.cmake
[3.995s] -- Installing: /Users/runner/work/pixi_rosdistro/pixi_rosdistro/install/share/rmw_connextdds/cmake/rmw_connextddsConfig-version.cmake
[3.995s] -- Installing: /Users/runner/work/pixi_rosdistro/pixi_rosdistro/install/share/rmw_connextdds/package.xml
[4.000s] Invoked command in '/Users/runner/work/pixi_rosdistro/pixi_rosdistro/build/rmw_connextdds' returned '0': AMENT_PREFIX_PATH=/Users/runner/work/pixi_rosdistro/pixi_rosdistro/install CMAKE_PREFIX_PATH=/Users/runner/work/pixi_rosdistro/pixi_rosdistro/install DYLD_LIBRARY_PATH=/Users/runner/work/pixi_rosdistro/pixi_rosdistro/install/lib:/Users/runner/work/pixi_rosdistro/pixi_rosdistro/install/opt/mimick_vendor/lib PATH=/Users/runner/work/pixi_rosdistro/pixi_rosdistro/install/bin:${PATH} PIXI_PROMPT=(ros2_rolling) PKG_CONFIG_PATH=/Users/runner/work/pixi_rosdistro/pixi_rosdistro/install/lib/pkgconfig PYTHONPATH=/Users/runner/work/pixi_rosdistro/pixi_rosdistro/install/lib/python3.12/site-packages ROS_PYTHON_VERSION=3 SHLVL=3 _=/usr/bin/env /Users/runner/work/pixi_rosdistro/pixi_rosdistro/.pixi/envs/default/bin/cmake --install /Users/runner/work/pixi_rosdistro/pixi_rosdistro/build/rmw_connextdds
