[3.694s] Invoking command in '/home/runner/work/pixi_rosdistro/pixi_rosdistro/build/stereo_msgs': AMENT_PREFIX_PATH=/home/runner/work/pixi_rosdistro/pixi_rosdistro/install CMAKE_PREFIX_PATH=/home/runner/work/pixi_rosdistro/pixi_rosdistro/install:${CMAKE_PREFIX_PATH} LD_LIBRARY_PATH=/home/runner/work/pixi_rosdistro/pixi_rosdistro/install/lib PATH=/home/runner/work/pixi_rosdistro/pixi_rosdistro/install/bin:/opt/microsoft/powershell/7:${PATH} PIXI_PROMPT=(ros2_rolling) PKG_CONFIG_PATH=/home/runner/work/pixi_rosdistro/pixi_rosdistro/install/lib/pkgconfig PSModulePath=/home/runner/.local/share/powershell/Modules:${PSModulePath} PYTHONPATH=/home/runner/work/pixi_rosdistro/pixi_rosdistro/install/lib/python3.12/site-packages /home/runner/work/pixi_rosdistro/pixi_rosdistro/.pixi/envs/default/bin/cmake /home/runner/work/pixi_rosdistro/pixi_rosdistro/src/ros2/common_interfaces/stereo_msgs -GNinja --no-warn-unused-cli -DCMAKE_BUILD_TYPE=Release -DCMAKE_BUILD_WITH_INSTALL_RPATH:bool=TRUE -DCMAKE_POLICY_VERSION_MINIMUM=3.5 -Wno-deprecated -DSTACK_DETAILS_AUTO_DETECT:bool=FALSE -DSTACK_DETAILS_BFD:bool=FALSE -DCMAKE_INSTALL_PREFIX=/home/runner/work/pixi_rosdistro/pixi_rosdistro/install
[3.770s] Not searching for unused variables given on the command line.
[3.770s] -- The C compiler identification is GNU 14.3.0
[3.900s] -- The CXX compiler identification is GNU 14.3.0
[3.912s] -- Detecting C compiler ABI info
[4.043s] -- Detecting C compiler ABI info - done
[4.076s] -- Check for working C compiler: /home/runner/work/pixi_rosdistro/pixi_rosdistro/.pixi/envs/default/bin/x86_64-conda-linux-gnu-cc - skipped
[4.077s] -- Detecting C compile features
[4.079s] -- Detecting C compile features - done
[4.098s] -- Detecting CXX compiler ABI info
[4.264s] -- Detecting CXX compiler ABI info - done
[4.299s] -- Check for working CXX compiler: /home/runner/work/pixi_rosdistro/pixi_rosdistro/.pixi/envs/default/bin/x86_64-conda-linux-gnu-c++ - skipped
[4.300s] -- Detecting CXX compile features
[4.301s] -- Detecting CXX compile features - done
[4.316s] -- Found ament_cmake: 2.8.6 (/home/runner/work/pixi_rosdistro/pixi_rosdistro/install/share/ament_cmake/cmake)
[4.650s] -- Found rosidl_default_generators: 1.8.1 (/home/runner/work/pixi_rosdistro/pixi_rosdistro/install/share/rosidl_default_generators/cmake)
[4.656s] -- Using all available rosidl_typesupport_c: rosidl_typesupport_fastrtps_c;rosidl_typesupport_introspection_c
[4.775s] -- Using all available rosidl_typesupport_cpp: rosidl_typesupport_fastrtps_cpp;rosidl_typesupport_introspection_cpp
[4.803s] -- Found rosidl_adapter: 5.1.3 (/home/runner/work/pixi_rosdistro/pixi_rosdistro/install/share/rosidl_adapter/cmake)
[4.809s] -- Found sensor_msgs: 5.9.1 (/home/runner/work/pixi_rosdistro/pixi_rosdistro/install/share/sensor_msgs/cmake)
[5.185s] -- Found Python3: /home/runner/work/pixi_rosdistro/pixi_rosdistro/.pixi/envs/default/bin/python3 (found version "3.12.13") found components: Interpreter
[5.696s] -- Found ament_cmake_cppcheck: 0.20.3 (/home/runner/work/pixi_rosdistro/pixi_rosdistro/install/share/ament_cmake_cppcheck/cmake)
[5.699s] -- Found ament_cmake_cpplint: 0.20.3 (/home/runner/work/pixi_rosdistro/pixi_rosdistro/install/share/ament_cmake_cpplint/cmake)
[5.702s] -- Found ament_cmake_uncrustify: 0.20.3 (/home/runner/work/pixi_rosdistro/pixi_rosdistro/install/share/ament_cmake_uncrustify/cmake)
[5.706s] -- Found ament_cmake_ros_core: 0.15.6 (/home/runner/work/pixi_rosdistro/pixi_rosdistro/install/share/ament_cmake_ros_core/cmake)
[6.232s] -- Using all available rosidl_typesupport_c: rosidl_typesupport_fastrtps_c;rosidl_typesupport_introspection_c
[6.905s] -- Using all available rosidl_typesupport_cpp: rosidl_typesupport_fastrtps_cpp;rosidl_typesupport_introspection_cpp
[7.543s] -- Found Python3: /home/runner/work/pixi_rosdistro/pixi_rosdistro/.pixi/envs/default/bin/python3 (found version "3.12.13") found components: Interpreter Development NumPy Development.Module Development.Embed
[7.612s] -- Found ament_cmake_flake8: 0.20.3 (/home/runner/work/pixi_rosdistro/pixi_rosdistro/install/share/ament_cmake_flake8/cmake)
[7.615s] -- Found ament_cmake_pep257: 0.20.3 (/home/runner/work/pixi_rosdistro/pixi_rosdistro/install/share/ament_cmake_pep257/cmake)
[7.619s] -- Found ament_cmake_mypy: 0.20.3 (/home/runner/work/pixi_rosdistro/pixi_rosdistro/install/share/ament_cmake_mypy/cmake)
[7.664s] -- Found Python3: /home/runner/work/pixi_rosdistro/pixi_rosdistro/.pixi/envs/default/bin/python3 (found version "3.12.13") found components: Interpreter
[7.677s] -- Configuring done (4.0s)
[7.763s] -- Generating done (0.1s)
[7.804s] -- Build files have been written to: /home/runner/work/pixi_rosdistro/pixi_rosdistro/build/stereo_msgs
[7.821s] Invoked command in '/home/runner/work/pixi_rosdistro/pixi_rosdistro/build/stereo_msgs' returned '0': AMENT_PREFIX_PATH=/home/runner/work/pixi_rosdistro/pixi_rosdistro/install CMAKE_PREFIX_PATH=/home/runner/work/pixi_rosdistro/pixi_rosdistro/install:${CMAKE_PREFIX_PATH} LD_LIBRARY_PATH=/home/runner/work/pixi_rosdistro/pixi_rosdistro/install/lib PATH=/home/runner/work/pixi_rosdistro/pixi_rosdistro/install/bin:/opt/microsoft/powershell/7:${PATH} PIXI_PROMPT=(ros2_rolling) PKG_CONFIG_PATH=/home/runner/work/pixi_rosdistro/pixi_rosdistro/install/lib/pkgconfig PSModulePath=/home/runner/.local/share/powershell/Modules:${PSModulePath} PYTHONPATH=/home/runner/work/pixi_rosdistro/pixi_rosdistro/install/lib/python3.12/site-packages ROS_DOMAIN_ID=54 /home/runner/work/pixi_rosdistro/pixi_rosdistro/.pixi/envs/default/bin/cmake /home/runner/work/pixi_rosdistro/pixi_rosdistro/src/ros2/common_interfaces/stereo_msgs -GNinja --no-warn-unused-cli -DCMAKE_BUILD_TYPE=Release -DCMAKE_BUILD_WITH_INSTALL_RPATH:bool=TRUE -DCMAKE_POLICY_VERSION_MINIMUM=3.5 -Wno-deprecated -DSTACK_DETAILS_AUTO_DETECT:bool=FALSE -DSTACK_DETAILS_BFD:bool=FALSE -DCMAKE_INSTALL_PREFIX=/home/runner/work/pixi_rosdistro/pixi_rosdistro/install
[7.822s] Invoking command in '/home/runner/work/pixi_rosdistro/pixi_rosdistro/build/stereo_msgs': AMENT_PREFIX_PATH=/home/runner/work/pixi_rosdistro/pixi_rosdistro/install CMAKE_PREFIX_PATH=/home/runner/work/pixi_rosdistro/pixi_rosdistro/install:${CMAKE_PREFIX_PATH} LD_LIBRARY_PATH=/home/runner/work/pixi_rosdistro/pixi_rosdistro/install/lib PATH=/home/runner/work/pixi_rosdistro/pixi_rosdistro/install/bin:/opt/microsoft/powershell/7:${PATH} PIXI_PROMPT=(ros2_rolling) PKG_CONFIG_PATH=/home/runner/work/pixi_rosdistro/pixi_rosdistro/install/lib/pkgconfig PSModulePath=/home/runner/.local/share/powershell/Modules:${PSModulePath} PYTHONPATH=/home/runner/work/pixi_rosdistro/pixi_rosdistro/install/lib/python3.12/site-packages ROS_DOMAIN_ID=54 /home/runner/work/pixi_rosdistro/pixi_rosdistro/.pixi/envs/default/bin/cmake --build /home/runner/work/pixi_rosdistro/pixi_rosdistro/build/stereo_msgs -- -j4 -l4
[8.226s] [1/37] Generating type hashes for ROS interfaces
[8.692s] [2/37] Generating C code for ROS interfaces
[8.817s] [3/37] Building C object CMakeFiles/stereo_msgs__rosidl_generator_c.dir/rosidl_generator_c/stereo_msgs/msg/detail/disparity_image__description.c.o
[8.966s] [4/37] Building C object CMakeFiles/stereo_msgs__rosidl_generator_c.dir/rosidl_generator_c/stereo_msgs/msg/detail/disparity_image__functions.c.o
[9.079s] [5/37] Building C object CMakeFiles/stereo_msgs__rosidl_generator_c.dir/rosidl_generator_c/stereo_msgs/msg/detail/disparity_image__type_support.c.o
[9.510s] [6/37] Generating C type support for eProsima Fast-RTPS
[9.866s] [7/37] Generating C introspection for ROS interfaces
[10.233s] [8/37] Generating C type support dispatch for ROS interfaces
[10.651s] [9/37] Generating C++ code for ROS interfaces
[11.003s] [10/37] Generating C++ type support for eProsima Fast-RTPS
[11.394s] [11/37] Generating C++ introspection for ROS interfaces
[11.722s] [12/37] Generating C++ type support dispatch for ROS interfaces
[11.750s] [13/37] Linking C shared library libstereo_msgs__rosidl_generator_c.so
[12.087s] [14/37] Building CXX object CMakeFiles/stereo_msgs__rosidl_typesupport_fastrtps_c.dir/rosidl_typesupport_fastrtps_c/stereo_msgs/msg/detail/disparity_image__type_support_c.cpp.o
[12.206s] [15/37] Building C object CMakeFiles/stereo_msgs__rosidl_typesupport_introspection_c.dir/rosidl_typesupport_introspection_c/stereo_msgs/msg/detail/disparity_image__type_support.c.o
[12.330s] [16/37] Building CXX object CMakeFiles/stereo_msgs__rosidl_typesupport_c.dir/rosidl_typesupport_c/stereo_msgs/msg/disparity_image__type_support.cpp.o
[12.644s] [17/37] Building CXX object CMakeFiles/stereo_msgs__rosidl_typesupport_fastrtps_cpp.dir/rosidl_typesupport_fastrtps_cpp/stereo_msgs/msg/detail/dds_fastrtps/disparity_image__type_support.cpp.o
[12.936s] [18/37] Building CXX object CMakeFiles/stereo_msgs__rosidl_typesupport_introspection_cpp.dir/rosidl_typesupport_introspection_cpp/stereo_msgs/msg/detail/disparity_image__type_support.cpp.o
[13.212s] [19/37] Building CXX object CMakeFiles/stereo_msgs__rosidl_typesupport_cpp.dir/rosidl_typesupport_cpp/stereo_msgs/msg/disparity_image__type_support.cpp.o
[13.283s] [20/37] Linking CXX shared library libstereo_msgs__rosidl_typesupport_fastrtps_c.so
[13.312s] [21/37] Linking C shared library libstereo_msgs__rosidl_typesupport_introspection_c.so
[13.384s] [22/37] Linking CXX shared library libstereo_msgs__rosidl_typesupport_c.so
[13.426s] [23/37] Linking CXX shared library libstereo_msgs__rosidl_typesupport_fastrtps_cpp.so
[13.495s] [24/37] Linking CXX shared library libstereo_msgs__rosidl_typesupport_introspection_cpp.so
[13.558s] [25/37] Linking CXX shared library libstereo_msgs__rosidl_typesupport_cpp.so
[14.206s] [26/37] Generating Python code for ROS interfaces
[14.580s] [27/37] Generating Rust code for ROS interfaces
[14.814s] [28/37] Building C object CMakeFiles/stereo_msgs__rosidl_generator_py.dir/rosidl_generator_py/stereo_msgs/msg/_disparity_image_s.c.o
[14.860s] [29/37] Linking C shared library libstereo_msgs__rosidl_generator_py.so
[15.062s] [30/37] Building C object CMakeFiles/stereo_msgs_s__rosidl_typesupport_fastrtps_c.dir/rosidl_generator_py/stereo_msgs/_stereo_msgs_s.ep.rosidl_typesupport_fastrtps_c.c.o
[15.264s] [31/37] Building C object CMakeFiles/stereo_msgs_s__rosidl_typesupport_introspection_c.dir/rosidl_generator_py/stereo_msgs/_stereo_msgs_s.ep.rosidl_typesupport_introspection_c.c.o
[15.468s] [32/37] Building C object CMakeFiles/stereo_msgs_s__rosidl_typesupport_c.dir/rosidl_generator_py/stereo_msgs/_stereo_msgs_s.ep.rosidl_typesupport_c.c.o
[15.484s] [33/37] cd /home/runner/work/pixi_rosdistro/pixi_rosdistro/build/stereo_msgs && /home/runner/work/pixi_rosdistro/pixi_rosdistro/.pixi/envs/default/bin/cmake -E copy_directory /home/runner/work/pixi_rosdistro/pixi_rosdistro/build/stereo_msgs/rosidl_generator_py/stereo_msgs /home/runner/work/pixi_rosdistro/pixi_rosdistro/build/stereo_msgs/ament_cmake_python/stereo_msgs/stereo_msgs
[15.521s] [34/37] Linking C shared module rosidl_generator_py/stereo_msgs/stereo_msgs_s__rosidl_typesupport_fastrtps_c.so
[15.569s] [35/37] Linking C shared module rosidl_generator_py/stereo_msgs/stereo_msgs_s__rosidl_typesupport_introspection_c.so
[15.602s] [36/37] Linking C shared module rosidl_generator_py/stereo_msgs/stereo_msgs_s__rosidl_typesupport_c.so
[16.027s] [37/37] cd /home/runner/work/pixi_rosdistro/pixi_rosdistro/build/stereo_msgs/ament_cmake_python/stereo_msgs && /home/runner/work/pixi_rosdistro/pixi_rosdistro/.pixi/envs/default/bin/python3 setup.py egg_info
[16.027s] running egg_info
[16.027s] creating stereo_msgs.egg-info
[16.027s] writing stereo_msgs.egg-info/PKG-INFO
[16.027s] writing dependency_links to stereo_msgs.egg-info/dependency_links.txt
[16.027s] writing top-level names to stereo_msgs.egg-info/top_level.txt
[16.028s] writing manifest file 'stereo_msgs.egg-info/SOURCES.txt'
[16.028s] reading manifest file 'stereo_msgs.egg-info/SOURCES.txt'
[16.028s] writing manifest file 'stereo_msgs.egg-info/SOURCES.txt'
[16.030s] Invoked command in '/home/runner/work/pixi_rosdistro/pixi_rosdistro/build/stereo_msgs' returned '0': AMENT_PREFIX_PATH=/home/runner/work/pixi_rosdistro/pixi_rosdistro/install CMAKE_PREFIX_PATH=/home/runner/work/pixi_rosdistro/pixi_rosdistro/install:${CMAKE_PREFIX_PATH} LD_LIBRARY_PATH=/home/runner/work/pixi_rosdistro/pixi_rosdistro/install/lib PATH=/home/runner/work/pixi_rosdistro/pixi_rosdistro/install/bin:/opt/microsoft/powershell/7:${PATH} PIXI_PROMPT=(ros2_rolling) PKG_CONFIG_PATH=/home/runner/work/pixi_rosdistro/pixi_rosdistro/install/lib/pkgconfig PSModulePath=/home/runner/.local/share/powershell/Modules:${PSModulePath} PYTHONPATH=/home/runner/work/pixi_rosdistro/pixi_rosdistro/install/lib/python3.12/site-packages ROS_DOMAIN_ID=54 /home/runner/work/pixi_rosdistro/pixi_rosdistro/.pixi/envs/default/bin/cmake --build /home/runner/work/pixi_rosdistro/pixi_rosdistro/build/stereo_msgs -- -j4 -l4
[16.033s] Invoking command in '/home/runner/work/pixi_rosdistro/pixi_rosdistro/build/stereo_msgs': AMENT_PREFIX_PATH=/home/runner/work/pixi_rosdistro/pixi_rosdistro/install CMAKE_PREFIX_PATH=/home/runner/work/pixi_rosdistro/pixi_rosdistro/install:${CMAKE_PREFIX_PATH} LD_LIBRARY_PATH=/home/runner/work/pixi_rosdistro/pixi_rosdistro/install/lib PATH=/home/runner/work/pixi_rosdistro/pixi_rosdistro/install/bin:/opt/microsoft/powershell/7:${PATH} PIXI_PROMPT=(ros2_rolling) PKG_CONFIG_PATH=/home/runner/work/pixi_rosdistro/pixi_rosdistro/install/lib/pkgconfig PSModulePath=/home/runner/.local/share/powershell/Modules:${PSModulePath} PYTHONPATH=/home/runner/work/pixi_rosdistro/pixi_rosdistro/install/lib/python3.12/site-packages ROS_DOMAIN_ID=54 /home/runner/work/pixi_rosdistro/pixi_rosdistro/.pixi/envs/default/bin/cmake --install /home/runner/work/pixi_rosdistro/pixi_rosdistro/build/stereo_msgs
[16.055s] -- Install configuration: "Release"
[16.055s] -- Installing: /home/runner/work/pixi_rosdistro/pixi_rosdistro/install/share/ament_index/resource_index/rosidl_interfaces/stereo_msgs
[16.055s] -- Installing: /home/runner/work/pixi_rosdistro/pixi_rosdistro/install/share/stereo_msgs/msg/DisparityImage.json
[16.055s] -- Installing: /home/runner/work/pixi_rosdistro/pixi_rosdistro/install/include/stereo_msgs/stereo_msgs
[16.056s] -- Installing: /home/runner/work/pixi_rosdistro/pixi_rosdistro/install/include/stereo_msgs/stereo_msgs/msg
[16.056s] -- Installing: /home/runner/work/pixi_rosdistro/pixi_rosdistro/install/include/stereo_msgs/stereo_msgs/msg/rosidl_generator_c__visibility_control.h
[16.056s] -- Installing: /home/runner/work/pixi_rosdistro/pixi_rosdistro/install/include/stereo_msgs/stereo_msgs/msg/disparity_image.h
[16.056s] -- Installing: /home/runner/work/pixi_rosdistro/pixi_rosdistro/install/include/stereo_msgs/stereo_msgs/msg/detail
[16.056s] -- Installing: /home/runner/work/pixi_rosdistro/pixi_rosdistro/install/include/stereo_msgs/stereo_msgs/msg/detail/disparity_image__type_support.h
[16.056s] -- Installing: /home/runner/work/pixi_rosdistro/pixi_rosdistro/install/include/stereo_msgs/stereo_msgs/msg/detail/disparity_image__description.c
[16.056s] -- Installing: /home/runner/work/pixi_rosdistro/pixi_rosdistro/install/include/stereo_msgs/stereo_msgs/msg/detail/disparity_image__functions.c
[16.056s] -- Installing: /home/runner/work/pixi_rosdistro/pixi_rosdistro/install/include/stereo_msgs/stereo_msgs/msg/detail/disparity_image__type_support.c
[16.056s] -- Installing: /home/runner/work/pixi_rosdistro/pixi_rosdistro/install/include/stereo_msgs/stereo_msgs/msg/detail/disparity_image__struct.h
[16.056s] -- Installing: /home/runner/work/pixi_rosdistro/pixi_rosdistro/install/include/stereo_msgs/stereo_msgs/msg/detail/disparity_image__functions.h
[16.056s] -- Installing: /home/runner/work/pixi_rosdistro/pixi_rosdistro/install/share/stereo_msgs/environment/library_path.sh
[16.056s] -- Installing: /home/runner/work/pixi_rosdistro/pixi_rosdistro/install/share/stereo_msgs/environment/library_path.dsv
[16.057s] -- Installing: /home/runner/work/pixi_rosdistro/pixi_rosdistro/install/lib/libstereo_msgs__rosidl_generator_c.so
[16.062s] -- Up-to-date: /home/runner/work/pixi_rosdistro/pixi_rosdistro/install/include/stereo_msgs/stereo_msgs
[16.062s] -- Up-to-date: /home/runner/work/pixi_rosdistro/pixi_rosdistro/install/include/stereo_msgs/stereo_msgs/msg
[16.063s] -- Installing: /home/runner/work/pixi_rosdistro/pixi_rosdistro/install/include/stereo_msgs/stereo_msgs/msg/rosidl_typesupport_fastrtps_c__visibility_control.h
[16.063s] -- Up-to-date: /home/runner/work/pixi_rosdistro/pixi_rosdistro/install/include/stereo_msgs/stereo_msgs/msg/detail
[16.063s] -- Installing: /home/runner/work/pixi_rosdistro/pixi_rosdistro/install/include/stereo_msgs/stereo_msgs/msg/detail/disparity_image__rosidl_typesupport_fastrtps_c.h
[16.063s] -- Installing: /home/runner/work/pixi_rosdistro/pixi_rosdistro/install/lib/libstereo_msgs__rosidl_typesupport_fastrtps_c.so
[16.063s] -- Up-to-date: /home/runner/work/pixi_rosdistro/pixi_rosdistro/install/include/stereo_msgs/stereo_msgs
[16.063s] -- Up-to-date: /home/runner/work/pixi_rosdistro/pixi_rosdistro/install/include/stereo_msgs/stereo_msgs/msg
[16.063s] -- Installing: /home/runner/work/pixi_rosdistro/pixi_rosdistro/install/include/stereo_msgs/stereo_msgs/msg/rosidl_typesupport_introspection_c__visibility_control.h
[16.063s] -- Up-to-date: /home/runner/work/pixi_rosdistro/pixi_rosdistro/install/include/stereo_msgs/stereo_msgs/msg/detail
[16.063s] -- Installing: /home/runner/work/pixi_rosdistro/pixi_rosdistro/install/include/stereo_msgs/stereo_msgs/msg/detail/disparity_image__rosidl_typesupport_introspection_c.h
[16.064s] -- Installing: /home/runner/work/pixi_rosdistro/pixi_rosdistro/install/include/stereo_msgs/stereo_msgs/msg/detail/disparity_image__type_support.c
[16.064s] -- Installing: /home/runner/work/pixi_rosdistro/pixi_rosdistro/install/lib/libstereo_msgs__rosidl_typesupport_introspection_c.so
[16.064s] -- Installing: /home/runner/work/pixi_rosdistro/pixi_rosdistro/install/lib/libstereo_msgs__rosidl_typesupport_c.so
[16.064s] -- Up-to-date: /home/runner/work/pixi_rosdistro/pixi_rosdistro/install/include/stereo_msgs/stereo_msgs
[16.064s] -- Up-to-date: /home/runner/work/pixi_rosdistro/pixi_rosdistro/install/include/stereo_msgs/stereo_msgs/msg
[16.064s] -- Installing: /home/runner/work/pixi_rosdistro/pixi_rosdistro/install/include/stereo_msgs/stereo_msgs/msg/rosidl_generator_cpp__visibility_control.hpp
[16.064s] -- Installing: /home/runner/work/pixi_rosdistro/pixi_rosdistro/install/include/stereo_msgs/stereo_msgs/msg/disparity_image.hpp
[16.066s] -- Up-to-date: /home/runner/work/pixi_rosdistro/pixi_rosdistro/install/include/stereo_msgs/stereo_msgs/msg/detail
[16.066s] -- Installing: /home/runner/work/pixi_rosdistro/pixi_rosdistro/install/include/stereo_msgs/stereo_msgs/msg/detail/disparity_image__traits.hpp
[16.067s] -- Installing: /home/runner/work/pixi_rosdistro/pixi_rosdistro/install/include/stereo_msgs/stereo_msgs/msg/detail/disparity_image__builder.hpp
[16.067s] -- Installing: /home/runner/work/pixi_rosdistro/pixi_rosdistro/install/include/stereo_msgs/stereo_msgs/msg/detail/disparity_image__type_support.hpp
[16.067s] -- Installing: /home/runner/work/pixi_rosdistro/pixi_rosdistro/install/include/stereo_msgs/stereo_msgs/msg/detail/disparity_image__struct.hpp
[16.067s] -- Up-to-date: /home/runner/work/pixi_rosdistro/pixi_rosdistro/install/include/stereo_msgs/stereo_msgs
[16.070s] -- Up-to-date: /home/runner/work/pixi_rosdistro/pixi_rosdistro/install/include/stereo_msgs/stereo_msgs/msg
[16.070s] -- Installing: /home/runner/work/pixi_rosdistro/pixi_rosdistro/install/include/stereo_msgs/stereo_msgs/msg/rosidl_typesupport_fastrtps_cpp__visibility_control.h
[16.070s] -- Up-to-date: /home/runner/work/pixi_rosdistro/pixi_rosdistro/install/include/stereo_msgs/stereo_msgs/msg/detail
[16.071s] -- Installing: /home/runner/work/pixi_rosdistro/pixi_rosdistro/install/include/stereo_msgs/stereo_msgs/msg/detail/disparity_image__rosidl_typesupport_fastrtps_cpp.hpp
[16.071s] -- Installing: /home/runner/work/pixi_rosdistro/pixi_rosdistro/install/include/stereo_msgs/stereo_msgs/msg/detail/dds_fastrtps
[16.071s] -- Installing: /home/runner/work/pixi_rosdistro/pixi_rosdistro/install/lib/libstereo_msgs__rosidl_typesupport_fastrtps_cpp.so
[16.071s] -- Up-to-date: /home/runner/work/pixi_rosdistro/pixi_rosdistro/install/include/stereo_msgs/stereo_msgs
[16.071s] -- Up-to-date: /home/runner/work/pixi_rosdistro/pixi_rosdistro/install/include/stereo_msgs/stereo_msgs/msg
[16.072s] -- Up-to-date: /home/runner/work/pixi_rosdistro/pixi_rosdistro/install/include/stereo_msgs/stereo_msgs/msg/detail
[16.072s] -- Installing: /home/runner/work/pixi_rosdistro/pixi_rosdistro/install/include/stereo_msgs/stereo_msgs/msg/detail/disparity_image__type_support.cpp
[16.072s] -- Installing: /home/runner/work/pixi_rosdistro/pixi_rosdistro/install/include/stereo_msgs/stereo_msgs/msg/detail/disparity_image__rosidl_typesupport_introspection_cpp.hpp
[16.072s] -- Installing: /home/runner/work/pixi_rosdistro/pixi_rosdistro/install/lib/libstereo_msgs__rosidl_typesupport_introspection_cpp.so
[16.072s] -- Installing: /home/runner/work/pixi_rosdistro/pixi_rosdistro/install/lib/libstereo_msgs__rosidl_typesupport_cpp.so
[16.073s] -- Installing: /home/runner/work/pixi_rosdistro/pixi_rosdistro/install/share/stereo_msgs/environment/pythonpath.sh
[16.073s] -- Installing: /home/runner/work/pixi_rosdistro/pixi_rosdistro/install/share/stereo_msgs/environment/pythonpath.dsv
[16.073s] -- Installing: /home/runner/work/pixi_rosdistro/pixi_rosdistro/install/lib/python3.12/site-packages/stereo_msgs/stereo_msgs_s__rosidl_typesupport_fastrtps_c.so
[16.074s] -- Installing: /home/runner/work/pixi_rosdistro/pixi_rosdistro/install/lib/python3.12/site-packages/stereo_msgs/stereo_msgs_s__rosidl_typesupport_introspection_c.so
[16.074s] -- Installing: /home/runner/work/pixi_rosdistro/pixi_rosdistro/install/lib/python3.12/site-packages/stereo_msgs/stereo_msgs_s__rosidl_typesupport_c.so
[16.077s] -- Installing: /home/runner/work/pixi_rosdistro/pixi_rosdistro/install/lib/libstereo_msgs__rosidl_generator_py.so
[16.078s] -- Installing: /home/runner/work/pixi_rosdistro/pixi_rosdistro/install/share/ament_index/resource_index/rust_packages/stereo_msgs
[16.078s] -- Installing: /home/runner/work/pixi_rosdistro/pixi_rosdistro/install/share/stereo_msgs/rust
[16.078s] -- Installing: /home/runner/work/pixi_rosdistro/pixi_rosdistro/install/share/stereo_msgs/rust/Cargo.toml
[16.080s] -- Installing: /home/runner/work/pixi_rosdistro/pixi_rosdistro/install/share/stereo_msgs/rust/build.rs
[16.080s] -- Installing: /home/runner/work/pixi_rosdistro/pixi_rosdistro/install/share/stereo_msgs/rust/src
[16.080s] -- Installing: /home/runner/work/pixi_rosdistro/pixi_rosdistro/install/share/stereo_msgs/rust/src/msg.rs
[16.080s] -- Installing: /home/runner/work/pixi_rosdistro/pixi_rosdistro/install/share/stereo_msgs/rust/src/msg
[16.080s] -- Installing: /home/runner/work/pixi_rosdistro/pixi_rosdistro/install/share/stereo_msgs/rust/src/msg/rmw.rs
[16.081s] -- Installing: /home/runner/work/pixi_rosdistro/pixi_rosdistro/install/share/stereo_msgs/rust/src/lib.rs
[16.081s] -- Installing: /home/runner/work/pixi_rosdistro/pixi_rosdistro/install/share/stereo_msgs/msg/DisparityImage.idl
[16.081s] -- Installing: /home/runner/work/pixi_rosdistro/pixi_rosdistro/install/share/stereo_msgs/msg/DisparityImage.msg
[16.081s] -- Installing: /home/runner/work/pixi_rosdistro/pixi_rosdistro/install/share/ament_index/resource_index/package_run_dependencies/stereo_msgs
[16.081s] -- Installing: /home/runner/work/pixi_rosdistro/pixi_rosdistro/install/share/ament_index/resource_index/parent_prefix_path/stereo_msgs
[16.084s] -- Installing: /home/runner/work/pixi_rosdistro/pixi_rosdistro/install/share/stereo_msgs/environment/ament_prefix_path.sh
[16.084s] -- Installing: /home/runner/work/pixi_rosdistro/pixi_rosdistro/install/share/stereo_msgs/environment/ament_prefix_path.dsv
[16.084s] -- Installing: /home/runner/work/pixi_rosdistro/pixi_rosdistro/install/share/stereo_msgs/environment/path.sh
[16.084s] -- Installing: /home/runner/work/pixi_rosdistro/pixi_rosdistro/install/share/stereo_msgs/environment/path.dsv
[16.085s] -- Installing: /home/runner/work/pixi_rosdistro/pixi_rosdistro/install/share/stereo_msgs/local_setup.bash
[16.085s] -- Installing: /home/runner/work/pixi_rosdistro/pixi_rosdistro/install/share/stereo_msgs/local_setup.fish
[16.085s] -- Installing: /home/runner/work/pixi_rosdistro/pixi_rosdistro/install/share/stereo_msgs/local_setup.sh
[16.085s] -- Installing: /home/runner/work/pixi_rosdistro/pixi_rosdistro/install/share/stereo_msgs/local_setup.zsh
[16.085s] -- Installing: /home/runner/work/pixi_rosdistro/pixi_rosdistro/install/share/stereo_msgs/local_setup.dsv
[16.085s] -- Installing: /home/runner/work/pixi_rosdistro/pixi_rosdistro/install/share/stereo_msgs/package.dsv
[16.088s] -- Installing: /home/runner/work/pixi_rosdistro/pixi_rosdistro/install/share/ament_index/resource_index/packages/stereo_msgs
[16.089s] -- Installing: /home/runner/work/pixi_rosdistro/pixi_rosdistro/install/share/stereo_msgs/cmake/export_stereo_msgs__rosidl_generator_cExport.cmake
[16.089s] -- Installing: /home/runner/work/pixi_rosdistro/pixi_rosdistro/install/share/stereo_msgs/cmake/export_stereo_msgs__rosidl_generator_cExport-release.cmake
[16.089s] -- Installing: /home/runner/work/pixi_rosdistro/pixi_rosdistro/install/share/stereo_msgs/cmake/export_stereo_msgs__rosidl_typesupport_fastrtps_cExport.cmake
[16.089s] -- Installing: /home/runner/work/pixi_rosdistro/pixi_rosdistro/install/share/stereo_msgs/cmake/export_stereo_msgs__rosidl_typesupport_fastrtps_cExport-release.cmake
[16.090s] -- Installing: /home/runner/work/pixi_rosdistro/pixi_rosdistro/install/share/stereo_msgs/cmake/stereo_msgs__rosidl_typesupport_introspection_cExport.cmake
[16.090s] -- Installing: /home/runner/work/pixi_rosdistro/pixi_rosdistro/install/share/stereo_msgs/cmake/stereo_msgs__rosidl_typesupport_introspection_cExport-release.cmake
[16.091s] -- Installing: /home/runner/work/pixi_rosdistro/pixi_rosdistro/install/share/stereo_msgs/cmake/stereo_msgs__rosidl_typesupport_cExport.cmake
[16.091s] -- Installing: /home/runner/work/pixi_rosdistro/pixi_rosdistro/install/share/stereo_msgs/cmake/stereo_msgs__rosidl_typesupport_cExport-release.cmake
[16.091s] -- Installing: /home/runner/work/pixi_rosdistro/pixi_rosdistro/install/share/stereo_msgs/cmake/export_stereo_msgs__rosidl_generator_cppExport.cmake
[16.091s] -- Installing: /home/runner/work/pixi_rosdistro/pixi_rosdistro/install/share/stereo_msgs/cmake/export_stereo_msgs__rosidl_typesupport_fastrtps_cppExport.cmake
[16.091s] -- Installing: /home/runner/work/pixi_rosdistro/pixi_rosdistro/install/share/stereo_msgs/cmake/export_stereo_msgs__rosidl_typesupport_fastrtps_cppExport-release.cmake
[16.099s] -- Installing: /home/runner/work/pixi_rosdistro/pixi_rosdistro/install/share/stereo_msgs/cmake/stereo_msgs__rosidl_typesupport_introspection_cppExport.cmake
[16.099s] -- Installing: /home/runner/work/pixi_rosdistro/pixi_rosdistro/install/share/stereo_msgs/cmake/stereo_msgs__rosidl_typesupport_introspection_cppExport-release.cmake
[16.099s] -- Installing: /home/runner/work/pixi_rosdistro/pixi_rosdistro/install/share/stereo_msgs/cmake/stereo_msgs__rosidl_typesupport_cppExport.cmake
[16.099s] -- Installing: /home/runner/work/pixi_rosdistro/pixi_rosdistro/install/share/stereo_msgs/cmake/stereo_msgs__rosidl_typesupport_cppExport-release.cmake
[16.100s] -- Installing: /home/runner/work/pixi_rosdistro/pixi_rosdistro/install/share/stereo_msgs/cmake/export_stereo_msgs__rosidl_generator_pyExport.cmake
[16.100s] -- Installing: /home/runner/work/pixi_rosdistro/pixi_rosdistro/install/share/stereo_msgs/cmake/export_stereo_msgs__rosidl_generator_pyExport-release.cmake
[16.100s] -- Installing: /home/runner/work/pixi_rosdistro/pixi_rosdistro/install/lib/python3.12/site-packages/stereo_msgs-5.9.1-py3.12.egg-info
[16.100s] -- Installing: /home/runner/work/pixi_rosdistro/pixi_rosdistro/install/lib/python3.12/site-packages/stereo_msgs-5.9.1-py3.12.egg-info/dependency_links.txt
[16.100s] -- Installing: /home/runner/work/pixi_rosdistro/pixi_rosdistro/install/lib/python3.12/site-packages/stereo_msgs-5.9.1-py3.12.egg-info/top_level.txt
[16.100s] -- Installing: /home/runner/work/pixi_rosdistro/pixi_rosdistro/install/lib/python3.12/site-packages/stereo_msgs-5.9.1-py3.12.egg-info/PKG-INFO
[16.100s] -- Installing: /home/runner/work/pixi_rosdistro/pixi_rosdistro/install/lib/python3.12/site-packages/stereo_msgs-5.9.1-py3.12.egg-info/SOURCES.txt
[16.100s] -- Up-to-date: /home/runner/work/pixi_rosdistro/pixi_rosdistro/install/lib/python3.12/site-packages/stereo_msgs
[16.100s] -- Installing: /home/runner/work/pixi_rosdistro/pixi_rosdistro/install/lib/python3.12/site-packages/stereo_msgs/__init__.py
[16.101s] -- Installing: /home/runner/work/pixi_rosdistro/pixi_rosdistro/install/lib/python3.12/site-packages/stereo_msgs/_stereo_msgs_s.ep.rosidl_typesupport_fastrtps_c.c
[16.103s] -- Installing: /home/runner/work/pixi_rosdistro/pixi_rosdistro/install/lib/python3.12/site-packages/stereo_msgs/msg
[16.104s] -- Installing: /home/runner/work/pixi_rosdistro/pixi_rosdistro/install/lib/python3.12/site-packages/stereo_msgs/msg/__init__.py
[16.104s] -- Installing: /home/runner/work/pixi_rosdistro/pixi_rosdistro/install/lib/python3.12/site-packages/stereo_msgs/msg/_disparity_image_s.c
[16.104s] -- Installing: /home/runner/work/pixi_rosdistro/pixi_rosdistro/install/lib/python3.12/site-packages/stereo_msgs/msg/_disparity_image.py
[16.104s] -- Up-to-date: /home/runner/work/pixi_rosdistro/pixi_rosdistro/install/lib/python3.12/site-packages/stereo_msgs/stereo_msgs_s__rosidl_typesupport_introspection_c.so
[16.104s] -- Installing: /home/runner/work/pixi_rosdistro/pixi_rosdistro/install/lib/python3.12/site-packages/stereo_msgs/py.typed
[16.104s] -- Installing: /home/runner/work/pixi_rosdistro/pixi_rosdistro/install/lib/python3.12/site-packages/stereo_msgs/_stereo_msgs_s.ep.rosidl_typesupport_introspection_c.c
[16.105s] -- Installing: /home/runner/work/pixi_rosdistro/pixi_rosdistro/install/lib/python3.12/site-packages/stereo_msgs/_stereo_msgs_s.ep.rosidl_typesupport_c.c
[16.105s] -- Up-to-date: /home/runner/work/pixi_rosdistro/pixi_rosdistro/install/lib/python3.12/site-packages/stereo_msgs/stereo_msgs_s__rosidl_typesupport_c.so
[16.105s] -- Up-to-date: /home/runner/work/pixi_rosdistro/pixi_rosdistro/install/lib/python3.12/site-packages/stereo_msgs/stereo_msgs_s__rosidl_typesupport_fastrtps_c.so
[16.155s] Listing '/home/runner/work/pixi_rosdistro/pixi_rosdistro/install/lib/python3.12/site-packages/stereo_msgs'...
[16.155s] Compiling '/home/runner/work/pixi_rosdistro/pixi_rosdistro/install/lib/python3.12/site-packages/stereo_msgs/__init__.py'...
[16.156s] Listing '/home/runner/work/pixi_rosdistro/pixi_rosdistro/install/lib/python3.12/site-packages/stereo_msgs/msg'...
[16.156s] Compiling '/home/runner/work/pixi_rosdistro/pixi_rosdistro/install/lib/python3.12/site-packages/stereo_msgs/msg/__init__.py'...
[16.156s] Compiling '/home/runner/work/pixi_rosdistro/pixi_rosdistro/install/lib/python3.12/site-packages/stereo_msgs/msg/_disparity_image.py'...
[16.160s] -- Installing: /home/runner/work/pixi_rosdistro/pixi_rosdistro/install/share/stereo_msgs/cmake/rosidl_cmake-extras.cmake
[16.160s] -- Installing: /home/runner/work/pixi_rosdistro/pixi_rosdistro/install/share/stereo_msgs/cmake/ament_cmake_export_dependencies-extras.cmake
[16.160s] -- Installing: /home/runner/work/pixi_rosdistro/pixi_rosdistro/install/share/stereo_msgs/cmake/ament_cmake_export_include_directories-extras.cmake
[16.161s] -- Installing: /home/runner/work/pixi_rosdistro/pixi_rosdistro/install/share/stereo_msgs/cmake/ament_cmake_export_libraries-extras.cmake
[16.161s] -- Installing: /home/runner/work/pixi_rosdistro/pixi_rosdistro/install/share/stereo_msgs/cmake/ament_cmake_export_targets-extras.cmake
[16.161s] -- Installing: /home/runner/work/pixi_rosdistro/pixi_rosdistro/install/share/stereo_msgs/cmake/rosidl_cmake_export_typesupport_targets-extras.cmake
[16.161s] -- Installing: /home/runner/work/pixi_rosdistro/pixi_rosdistro/install/share/stereo_msgs/cmake/rosidl_cmake_export_typesupport_libraries-extras.cmake
[16.162s] -- Installing: /home/runner/work/pixi_rosdistro/pixi_rosdistro/install/share/stereo_msgs/cmake/rosidl_cmake_aggregate_target-extras.cmake
[16.162s] -- Installing: /home/runner/work/pixi_rosdistro/pixi_rosdistro/install/share/stereo_msgs/cmake/stereo_msgsConfig.cmake
[16.164s] -- Installing: /home/runner/work/pixi_rosdistro/pixi_rosdistro/install/share/stereo_msgs/cmake/stereo_msgsConfig-version.cmake
[16.164s] -- Installing: /home/runner/work/pixi_rosdistro/pixi_rosdistro/install/share/stereo_msgs/package.xml
[16.165s] Invoked command in '/home/runner/work/pixi_rosdistro/pixi_rosdistro/build/stereo_msgs' returned '0': AMENT_PREFIX_PATH=/home/runner/work/pixi_rosdistro/pixi_rosdistro/install CMAKE_PREFIX_PATH=/home/runner/work/pixi_rosdistro/pixi_rosdistro/install:${CMAKE_PREFIX_PATH} LD_LIBRARY_PATH=/home/runner/work/pixi_rosdistro/pixi_rosdistro/install/lib PATH=/home/runner/work/pixi_rosdistro/pixi_rosdistro/install/bin:/opt/microsoft/powershell/7:${PATH} PIXI_PROMPT=(ros2_rolling) PKG_CONFIG_PATH=/home/runner/work/pixi_rosdistro/pixi_rosdistro/install/lib/pkgconfig PSModulePath=/home/runner/.local/share/powershell/Modules:${PSModulePath} PYTHONPATH=/home/runner/work/pixi_rosdistro/pixi_rosdistro/install/lib/python3.12/site-packages ROS_DOMAIN_ID=54 /home/runner/work/pixi_rosdistro/pixi_rosdistro/.pixi/envs/default/bin/cmake --install /home/runner/work/pixi_rosdistro/pixi_rosdistro/build/stereo_msgs
