[3.485s] Invoking command in '/home/runner/work/pixi_rosdistro/pixi_rosdistro/build/rmw_fastrtps_dynamic_cpp': AMENT_PREFIX_PATH=/home/runner/work/pixi_rosdistro/pixi_rosdistro/install CMAKE_PREFIX_PATH=/home/runner/work/pixi_rosdistro/pixi_rosdistro/install:${CMAKE_PREFIX_PATH} LD_LIBRARY_PATH=/home/runner/work/pixi_rosdistro/pixi_rosdistro/install/lib PATH=/home/runner/work/pixi_rosdistro/pixi_rosdistro/install/bin:/opt/microsoft/powershell/7:${PATH} PIXI_PROMPT=(ros2_rolling) PKG_CONFIG_PATH=/home/runner/work/pixi_rosdistro/pixi_rosdistro/install/lib/pkgconfig PSModulePath=/home/runner/.local/share/powershell/Modules:${PSModulePath} PYTHONPATH=/home/runner/work/pixi_rosdistro/pixi_rosdistro/install/lib/python3.14/site-packages /home/runner/work/pixi_rosdistro/pixi_rosdistro/.pixi/envs/default/bin/cmake /home/runner/work/pixi_rosdistro/pixi_rosdistro/src/ros2/rmw_fastrtps/rmw_fastrtps_dynamic_cpp -GNinja --no-warn-unused-cli -DCMAKE_BUILD_TYPE=Release -DCMAKE_BUILD_WITH_INSTALL_RPATH:bool=TRUE -DCMAKE_POLICY_VERSION_MINIMUM=3.5 -Wno-deprecated -DSTACK_DETAILS_AUTO_DETECT:bool=FALSE -DSTACK_DETAILS_BFD:bool=FALSE -DCMAKE_INSTALL_PREFIX=/home/runner/work/pixi_rosdistro/pixi_rosdistro/install
[3.559s] Not searching for unused variables given on the command line.
[3.559s] -- The C compiler identification is GNU 14.3.0
[3.687s] -- The CXX compiler identification is GNU 14.3.0
[3.700s] -- Detecting C compiler ABI info
[3.874s] -- Detecting C compiler ABI info - done
[3.909s] -- Check for working C compiler: /home/runner/work/pixi_rosdistro/pixi_rosdistro/.pixi/envs/default/bin/x86_64-conda-linux-gnu-cc - skipped
[3.910s] -- Detecting C compile features
[3.910s] -- Detecting C compile features - done
[3.928s] -- Detecting CXX compiler ABI info
[4.124s] -- Detecting CXX compiler ABI info - done
[4.162s] -- Check for working CXX compiler: /home/runner/work/pixi_rosdistro/pixi_rosdistro/.pixi/envs/default/bin/x86_64-conda-linux-gnu-c++ - skipped
[4.162s] -- Detecting CXX compile features
[4.163s] -- Detecting CXX compile features - done
[4.176s] -- Found ament_cmake_ros_core: 0.15.6 (/home/runner/work/pixi_rosdistro/pixi_rosdistro/install/share/ament_cmake_ros_core/cmake)
[4.435s] -- Found rcpputils: 2.14.3 (/home/runner/work/pixi_rosdistro/pixi_rosdistro/install/share/rcpputils/cmake)
[4.463s] -- Found rmw_dds_common: 6.0.0 (/home/runner/work/pixi_rosdistro/pixi_rosdistro/install/share/rmw_dds_common/cmake)
[4.487s] -- Found rosidl_generator_c: 5.1.3 (/home/runner/work/pixi_rosdistro/pixi_rosdistro/install/share/rosidl_generator_c/cmake)
[4.495s] -- Found rosidl_generator_cpp: 5.1.3 (/home/runner/work/pixi_rosdistro/pixi_rosdistro/install/share/rosidl_generator_cpp/cmake)
[4.500s] -- Using all available rosidl_typesupport_c: rosidl_typesupport_fastrtps_c;rosidl_typesupport_introspection_c
[4.511s] -- Using all available rosidl_typesupport_cpp: rosidl_typesupport_fastrtps_cpp;rosidl_typesupport_introspection_cpp
[4.530s] -- Found rmw_fastrtps_shared_cpp: 9.4.5 (/home/runner/work/pixi_rosdistro/pixi_rosdistro/install/share/rmw_fastrtps_shared_cpp/cmake)
[4.541s] -- Found tracetools: 8.10.1 (/home/runner/work/pixi_rosdistro/pixi_rosdistro/install/share/tracetools/cmake)
[4.552s] -- Found ament_lint_auto: 0.20.3 (/home/runner/work/pixi_rosdistro/pixi_rosdistro/install/share/ament_lint_auto/cmake)
[4.830s] -- Found gtest sources under '/home/runner/work/pixi_rosdistro/pixi_rosdistro/install/src/gtest_vendor': C++ tests using 'Google Test' will be built
[4.833s] -- Performing Test CMAKE_HAVE_LIBC_PTHREAD
[4.996s] -- Performing Test CMAKE_HAVE_LIBC_PTHREAD - Failed
[4.996s] -- Check if compiler accepts -pthread
[5.152s] -- Check if compiler accepts -pthread - yes
[5.154s] -- Found Threads: TRUE
[5.164s] -- Added test 'copyright' to check source files copyright and LICENSE
[5.171s] -- Added test 'cppcheck' to perform static code analysis on C / C++ code
[5.173s] -- Configured cppcheck include dirs: $<BUILD_INTERFACE:/home/runner/work/pixi_rosdistro/pixi_rosdistro/src/ros2/rmw_fastrtps/rmw_fastrtps_dynamic_cpp/include>
[5.173s] -- Configured cppcheck exclude dirs and/or files: 
[5.178s] -- Added test 'cpplint' to check C / C++ code against the Google style
[5.178s] -- Configured cpplint exclude dirs and/or files: 
[5.182s] -- Added test 'lint_cmake' to check CMake code style
[5.190s] -- Added test 'uncrustify' to check C / C++ code style
[5.190s] -- Configured uncrustify additional arguments: 
[5.194s] -- Added test 'xmllint' to check XML markup files
[5.197s] -- Configuring done (1.7s)
[5.243s] -- Generating done (0.0s)
[5.277s] -- Build files have been written to: /home/runner/work/pixi_rosdistro/pixi_rosdistro/build/rmw_fastrtps_dynamic_cpp
[5.292s] Invoked command in '/home/runner/work/pixi_rosdistro/pixi_rosdistro/build/rmw_fastrtps_dynamic_cpp' returned '0': AMENT_PREFIX_PATH=/home/runner/work/pixi_rosdistro/pixi_rosdistro/install CMAKE_PREFIX_PATH=/home/runner/work/pixi_rosdistro/pixi_rosdistro/install:${CMAKE_PREFIX_PATH} LD_LIBRARY_PATH=/home/runner/work/pixi_rosdistro/pixi_rosdistro/install/lib PATH=/home/runner/work/pixi_rosdistro/pixi_rosdistro/install/bin:/opt/microsoft/powershell/7:${PATH} PIXI_PROMPT=(ros2_rolling) PKG_CONFIG_PATH=/home/runner/work/pixi_rosdistro/pixi_rosdistro/install/lib/pkgconfig PSModulePath=/home/runner/.local/share/powershell/Modules:${PSModulePath} PYTHONPATH=/home/runner/work/pixi_rosdistro/pixi_rosdistro/install/lib/python3.14/site-packages /home/runner/work/pixi_rosdistro/pixi_rosdistro/.pixi/envs/default/bin/cmake /home/runner/work/pixi_rosdistro/pixi_rosdistro/src/ros2/rmw_fastrtps/rmw_fastrtps_dynamic_cpp -GNinja --no-warn-unused-cli -DCMAKE_BUILD_TYPE=Release -DCMAKE_BUILD_WITH_INSTALL_RPATH:bool=TRUE -DCMAKE_POLICY_VERSION_MINIMUM=3.5 -Wno-deprecated -DSTACK_DETAILS_AUTO_DETECT:bool=FALSE -DSTACK_DETAILS_BFD:bool=FALSE -DCMAKE_INSTALL_PREFIX=/home/runner/work/pixi_rosdistro/pixi_rosdistro/install
[5.294s] Invoking command in '/home/runner/work/pixi_rosdistro/pixi_rosdistro/build/rmw_fastrtps_dynamic_cpp': AMENT_PREFIX_PATH=/home/runner/work/pixi_rosdistro/pixi_rosdistro/install CMAKE_PREFIX_PATH=/home/runner/work/pixi_rosdistro/pixi_rosdistro/install:${CMAKE_PREFIX_PATH} LD_LIBRARY_PATH=/home/runner/work/pixi_rosdistro/pixi_rosdistro/install/lib PATH=/home/runner/work/pixi_rosdistro/pixi_rosdistro/install/bin:/opt/microsoft/powershell/7:${PATH} PIXI_PROMPT=(ros2_rolling) PKG_CONFIG_PATH=/home/runner/work/pixi_rosdistro/pixi_rosdistro/install/lib/pkgconfig PSModulePath=/home/runner/.local/share/powershell/Modules:${PSModulePath} PYTHONPATH=/home/runner/work/pixi_rosdistro/pixi_rosdistro/install/lib/python3.14/site-packages /home/runner/work/pixi_rosdistro/pixi_rosdistro/.pixi/envs/default/bin/cmake --build /home/runner/work/pixi_rosdistro/pixi_rosdistro/build/rmw_fastrtps_dynamic_cpp -- -j4 -l4
[5.934s] [1/57] Building CXX object CMakeFiles/rmw_fastrtps_dynamic_cpp.dir/src/client_service_common.cpp.o
[6.454s] [2/57] Building CXX object CMakeFiles/rmw_fastrtps_dynamic_cpp.dir/src/get_client.cpp.o
[7.130s] [3/57] Building CXX object CMakeFiles/rmw_fastrtps_dynamic_cpp.dir/src/get_participant.cpp.o
[7.786s] [4/57] Building CXX object CMakeFiles/rmw_fastrtps_dynamic_cpp.dir/src/get_publisher.cpp.o
[8.465s] [5/57] Building CXX object CMakeFiles/rmw_fastrtps_dynamic_cpp.dir/src/get_service.cpp.o
[9.119s] [6/57] Building CXX object CMakeFiles/rmw_fastrtps_dynamic_cpp.dir/src/get_subscriber.cpp.o
[9.282s] [7/57] Building CXX object CMakeFiles/rmw_fastrtps_dynamic_cpp.dir/src/identifier.cpp.o
[9.870s] [8/57] Building CXX object CMakeFiles/rmw_fastrtps_dynamic_cpp.dir/src/init_rmw_context_impl.cpp.o
[10.499s] [9/57] Building CXX object CMakeFiles/rmw_fastrtps_dynamic_cpp.dir/src/publisher.cpp.o
[11.149s] [10/57] Building CXX object CMakeFiles/rmw_fastrtps_dynamic_cpp.dir/src/rmw_client.cpp.o
[11.393s] [11/57] Building CXX object CMakeFiles/rmw_fastrtps_dynamic_cpp.dir/src/rmw_compare_gids_equal.cpp.o
[11.713s] [12/57] Building CXX object CMakeFiles/rmw_fastrtps_dynamic_cpp.dir/src/rmw_count.cpp.o
[12.204s] [13/57] Building CXX object CMakeFiles/rmw_fastrtps_dynamic_cpp.dir/src/rmw_dynamic_message_type_support.cpp.o
[12.456s] [14/57] Building CXX object CMakeFiles/rmw_fastrtps_dynamic_cpp.dir/src/rmw_event.cpp.o
[12.682s] [15/57] Building CXX object CMakeFiles/rmw_fastrtps_dynamic_cpp.dir/src/rmw_features.cpp.o
[12.961s] [16/57] Building CXX object CMakeFiles/rmw_fastrtps_dynamic_cpp.dir/src/rmw_get_gid_for_client.cpp.o
[13.205s] [17/57] Building CXX object CMakeFiles/rmw_fastrtps_dynamic_cpp.dir/src/rmw_get_gid_for_publisher.cpp.o
[13.452s] [18/57] Building CXX object CMakeFiles/rmw_fastrtps_dynamic_cpp.dir/src/rmw_get_implementation_identifier.cpp.o
[13.684s] [19/57] Building CXX object CMakeFiles/rmw_fastrtps_dynamic_cpp.dir/src/rmw_get_serialization_format.cpp.o
[13.909s] [20/57] Building CXX object CMakeFiles/rmw_fastrtps_dynamic_cpp.dir/src/rmw_get_service_endpoint_info.cpp.o
[14.088s] [21/57] Building CXX object CMakeFiles/rmw_fastrtps_dynamic_cpp.dir/src/rmw_get_topic_endpoint_info.cpp.o
[14.421s] [22/57] Building CXX object CMakeFiles/rmw_fastrtps_dynamic_cpp.dir/src/rmw_guard_condition.cpp.o
[14.995s] [23/57] Building CXX object CMakeFiles/rmw_fastrtps_dynamic_cpp.dir/src/rmw_init.cpp.o
[15.205s] [24/57] Building CXX object CMakeFiles/rmw_fastrtps_dynamic_cpp.dir/src/rmw_logging.cpp.o
[15.605s] [25/57] Building CXX object CMakeFiles/rmw_fastrtps_dynamic_cpp.dir/src/rmw_node.cpp.o
[15.872s] [26/57] Building CXX object CMakeFiles/rmw_fastrtps_dynamic_cpp.dir/src/rmw_node_info_and_types.cpp.o
[16.205s] [27/57] Building CXX object CMakeFiles/rmw_fastrtps_dynamic_cpp.dir/src/rmw_node_names.cpp.o
[16.597s] [28/57] Building CXX object CMakeFiles/rmw_fastrtps_dynamic_cpp.dir/src/rmw_publish.cpp.o
[17.300s] [29/57] Building CXX object CMakeFiles/rmw_fastrtps_dynamic_cpp.dir/src/rmw_publisher.cpp.o
[17.530s] [30/57] Building CXX object CMakeFiles/rmw_fastrtps_dynamic_cpp.dir/src/rmw_qos.cpp.o
[17.758s] [31/57] Building CXX object CMakeFiles/rmw_fastrtps_dynamic_cpp.dir/src/rmw_request.cpp.o
[18.027s] [32/57] Building CXX object CMakeFiles/rmw_fastrtps_dynamic_cpp.dir/src/rmw_response.cpp.o
[18.674s] [33/57] Building CXX object CMakeFiles/rmw_fastrtps_dynamic_cpp.dir/src/rmw_serialize.cpp.o
[19.412s] [34/57] Building CXX object CMakeFiles/rmw_fastrtps_dynamic_cpp.dir/src/rmw_service.cpp.o
[19.613s] [35/57] Building CXX object CMakeFiles/rmw_fastrtps_dynamic_cpp.dir/src/rmw_service_names_and_types.cpp.o
[20.035s] [36/57] Building CXX object CMakeFiles/rmw_fastrtps_dynamic_cpp.dir/src/rmw_service_server_is_available.cpp.o
[20.626s] [37/57] Building CXX object CMakeFiles/rmw_fastrtps_dynamic_cpp.dir/src/rmw_subscription.cpp.o
[20.847s] [38/57] Building CXX object CMakeFiles/rmw_fastrtps_dynamic_cpp.dir/src/rmw_take.cpp.o
[21.165s] [39/57] Building CXX object CMakeFiles/rmw_fastrtps_dynamic_cpp.dir/src/rmw_topic_names_and_types.cpp.o
[21.392s] [40/57] Building CXX object CMakeFiles/rmw_fastrtps_dynamic_cpp.dir/src/rmw_trigger_guard_condition.cpp.o
[21.595s] [41/57] Building CXX object CMakeFiles/rmw_fastrtps_dynamic_cpp.dir/src/rmw_wait.cpp.o
[21.798s] [42/57] Building CXX object CMakeFiles/rmw_fastrtps_dynamic_cpp.dir/src/rmw_wait_set.cpp.o
[21.930s] [43/57] Building CXX object CMakeFiles/rmw_fastrtps_dynamic_cpp.dir/src/serialization_format.cpp.o
[22.536s] [44/57] Building CXX object CMakeFiles/rmw_fastrtps_dynamic_cpp.dir/src/subscription.cpp.o
[23.103s] [45/57] Building CXX object CMakeFiles/rmw_fastrtps_dynamic_cpp.dir/src/type_support_common.cpp.o
[23.642s] [46/57] Building CXX object CMakeFiles/rmw_fastrtps_dynamic_cpp.dir/src/type_support_proxy.cpp.o
[24.328s] [47/57] Building CXX object CMakeFiles/rmw_fastrtps_dynamic_cpp.dir/src/type_support_registry.cpp.o
[24.552s] [48/57] Building CXX object CMakeFiles/rmw_fastrtps_dynamic_cpp.dir/src/rmw_get_endpoint_network_flow.cpp.o
[25.100s] [49/57] Building CXX object gtest/CMakeFiles/gtest.dir/src/gtest-all.cc.o
[25.460s] [50/57] Building CXX object gtest/CMakeFiles/gtest_main.dir/src/gtest_main.cc.o
[25.621s] [51/57] Linking CXX shared library librmw_fastrtps_dynamic_cpp.so
[26.323s] [52/57] Building CXX object CMakeFiles/test_get_native_entities.dir/test/test_get_native_entities.cpp.o
[26.781s] [53/57] Building CXX object CMakeFiles/test_logging.dir/test/test_logging.cpp.o
[26.802s] [54/57] Linking CXX static library gtest/libgtest.a
[26.811s] [55/57] Linking CXX static library gtest/libgtest_main.a
[27.076s] [56/57] Linking CXX executable test_get_native_entities
[27.350s] [57/57] Linking CXX executable test_logging
[27.354s] Invoked command in '/home/runner/work/pixi_rosdistro/pixi_rosdistro/build/rmw_fastrtps_dynamic_cpp' returned '0': AMENT_PREFIX_PATH=/home/runner/work/pixi_rosdistro/pixi_rosdistro/install CMAKE_PREFIX_PATH=/home/runner/work/pixi_rosdistro/pixi_rosdistro/install:${CMAKE_PREFIX_PATH} LD_LIBRARY_PATH=/home/runner/work/pixi_rosdistro/pixi_rosdistro/install/lib PATH=/home/runner/work/pixi_rosdistro/pixi_rosdistro/install/bin:/opt/microsoft/powershell/7:${PATH} PIXI_PROMPT=(ros2_rolling) PKG_CONFIG_PATH=/home/runner/work/pixi_rosdistro/pixi_rosdistro/install/lib/pkgconfig PSModulePath=/home/runner/.local/share/powershell/Modules:${PSModulePath} PYTHONPATH=/home/runner/work/pixi_rosdistro/pixi_rosdistro/install/lib/python3.14/site-packages ROS_DOMAIN_ID=63 /home/runner/work/pixi_rosdistro/pixi_rosdistro/.pixi/envs/default/bin/cmake --build /home/runner/work/pixi_rosdistro/pixi_rosdistro/build/rmw_fastrtps_dynamic_cpp -- -j4 -l4
[27.355s] Invoking command in '/home/runner/work/pixi_rosdistro/pixi_rosdistro/build/rmw_fastrtps_dynamic_cpp': AMENT_PREFIX_PATH=/home/runner/work/pixi_rosdistro/pixi_rosdistro/install CMAKE_PREFIX_PATH=/home/runner/work/pixi_rosdistro/pixi_rosdistro/install:${CMAKE_PREFIX_PATH} LD_LIBRARY_PATH=/home/runner/work/pixi_rosdistro/pixi_rosdistro/install/lib PATH=/home/runner/work/pixi_rosdistro/pixi_rosdistro/install/bin:/opt/microsoft/powershell/7:${PATH} PIXI_PROMPT=(ros2_rolling) PKG_CONFIG_PATH=/home/runner/work/pixi_rosdistro/pixi_rosdistro/install/lib/pkgconfig PSModulePath=/home/runner/.local/share/powershell/Modules:${PSModulePath} PYTHONPATH=/home/runner/work/pixi_rosdistro/pixi_rosdistro/install/lib/python3.14/site-packages ROS_DOMAIN_ID=63 /home/runner/work/pixi_rosdistro/pixi_rosdistro/.pixi/envs/default/bin/cmake --install /home/runner/work/pixi_rosdistro/pixi_rosdistro/build/rmw_fastrtps_dynamic_cpp
[27.363s] -- Install configuration: "Release"
[27.363s] -- Installing: /home/runner/work/pixi_rosdistro/pixi_rosdistro/install/share/rmw_fastrtps_dynamic_cpp/environment/library_path.sh
[27.363s] -- Installing: /home/runner/work/pixi_rosdistro/pixi_rosdistro/install/share/rmw_fastrtps_dynamic_cpp/environment/library_path.dsv
[27.365s] -- Installing: /home/runner/work/pixi_rosdistro/pixi_rosdistro/install/share/ament_index/resource_index/rmw_typesupport_c/rmw_fastrtps_dynamic_cpp
[27.365s] -- Installing: /home/runner/work/pixi_rosdistro/pixi_rosdistro/install/share/ament_index/resource_index/rmw_typesupport_cpp/rmw_fastrtps_dynamic_cpp
[27.365s] -- Installing: /home/runner/work/pixi_rosdistro/pixi_rosdistro/install/share/ament_index/resource_index/rmw_typesupport/rmw_fastrtps_dynamic_cpp
[27.365s] -- Installing: /home/runner/work/pixi_rosdistro/pixi_rosdistro/install/share/ament_index/resource_index/package_run_dependencies/rmw_fastrtps_dynamic_cpp
[27.366s] -- Installing: /home/runner/work/pixi_rosdistro/pixi_rosdistro/install/share/ament_index/resource_index/parent_prefix_path/rmw_fastrtps_dynamic_cpp
[27.366s] -- Installing: /home/runner/work/pixi_rosdistro/pixi_rosdistro/install/share/rmw_fastrtps_dynamic_cpp/environment/ament_prefix_path.sh
[27.366s] -- Installing: /home/runner/work/pixi_rosdistro/pixi_rosdistro/install/share/rmw_fastrtps_dynamic_cpp/environment/ament_prefix_path.dsv
[27.366s] -- Installing: /home/runner/work/pixi_rosdistro/pixi_rosdistro/install/share/rmw_fastrtps_dynamic_cpp/environment/path.sh
[27.366s] -- Installing: /home/runner/work/pixi_rosdistro/pixi_rosdistro/install/share/rmw_fastrtps_dynamic_cpp/environment/path.dsv
[27.367s] -- Installing: /home/runner/work/pixi_rosdistro/pixi_rosdistro/install/share/rmw_fastrtps_dynamic_cpp/local_setup.bash
[27.367s] -- Installing: /home/runner/work/pixi_rosdistro/pixi_rosdistro/install/share/rmw_fastrtps_dynamic_cpp/local_setup.fish
[27.367s] -- Installing: /home/runner/work/pixi_rosdistro/pixi_rosdistro/install/share/rmw_fastrtps_dynamic_cpp/local_setup.sh
[27.367s] -- Installing: /home/runner/work/pixi_rosdistro/pixi_rosdistro/install/share/rmw_fastrtps_dynamic_cpp/local_setup.zsh
[27.367s] -- Installing: /home/runner/work/pixi_rosdistro/pixi_rosdistro/install/share/rmw_fastrtps_dynamic_cpp/local_setup.dsv
[27.367s] -- Installing: /home/runner/work/pixi_rosdistro/pixi_rosdistro/install/share/rmw_fastrtps_dynamic_cpp/package.dsv
[27.367s] -- Installing: /home/runner/work/pixi_rosdistro/pixi_rosdistro/install/share/ament_index/resource_index/packages/rmw_fastrtps_dynamic_cpp
[27.368s] -- Installing: /home/runner/work/pixi_rosdistro/pixi_rosdistro/install/share/rmw_fastrtps_dynamic_cpp/cmake/rmw_fastrtps_dynamic_cppExport.cmake
[27.368s] -- Installing: /home/runner/work/pixi_rosdistro/pixi_rosdistro/install/share/rmw_fastrtps_dynamic_cpp/cmake/rmw_fastrtps_dynamic_cppExport-release.cmake
[27.368s] -- Installing: /home/runner/work/pixi_rosdistro/pixi_rosdistro/install/share/rmw_fastrtps_dynamic_cpp/cmake/ament_cmake_export_include_directories-extras.cmake
[27.368s] -- Installing: /home/runner/work/pixi_rosdistro/pixi_rosdistro/install/share/rmw_fastrtps_dynamic_cpp/cmake/ament_cmake_export_libraries-extras.cmake
[27.369s] -- Installing: /home/runner/work/pixi_rosdistro/pixi_rosdistro/install/share/rmw_fastrtps_dynamic_cpp/cmake/ament_cmake_export_targets-extras.cmake
[27.370s] -- Installing: /home/runner/work/pixi_rosdistro/pixi_rosdistro/install/share/rmw_fastrtps_dynamic_cpp/cmake/ament_cmake_export_dependencies-extras.cmake
[27.370s] -- Installing: /home/runner/work/pixi_rosdistro/pixi_rosdistro/install/share/rmw_fastrtps_dynamic_cpp/cmake/rmw_fastrtps_dynamic_cpp-extras.cmake
[27.370s] -- Installing: /home/runner/work/pixi_rosdistro/pixi_rosdistro/install/share/rmw_fastrtps_dynamic_cpp/cmake/rmw_fastrtps_dynamic_cppConfig.cmake
[27.371s] -- Installing: /home/runner/work/pixi_rosdistro/pixi_rosdistro/install/share/rmw_fastrtps_dynamic_cpp/cmake/rmw_fastrtps_dynamic_cppConfig-version.cmake
[27.371s] -- Installing: /home/runner/work/pixi_rosdistro/pixi_rosdistro/install/share/rmw_fastrtps_dynamic_cpp/package.xml
[27.371s] -- Installing: /home/runner/work/pixi_rosdistro/pixi_rosdistro/install/include/rmw_fastrtps_dynamic_cpp
[27.371s] -- Installing: /home/runner/work/pixi_rosdistro/pixi_rosdistro/install/include/rmw_fastrtps_dynamic_cpp/rmw_fastrtps_dynamic_cpp
[27.371s] -- Installing: /home/runner/work/pixi_rosdistro/pixi_rosdistro/install/include/rmw_fastrtps_dynamic_cpp/rmw_fastrtps_dynamic_cpp/get_publisher.hpp
[27.372s] -- Installing: /home/runner/work/pixi_rosdistro/pixi_rosdistro/install/include/rmw_fastrtps_dynamic_cpp/rmw_fastrtps_dynamic_cpp/get_participant.hpp
[27.372s] -- Installing: /home/runner/work/pixi_rosdistro/pixi_rosdistro/install/include/rmw_fastrtps_dynamic_cpp/rmw_fastrtps_dynamic_cpp/get_service.hpp
[27.372s] -- Installing: /home/runner/work/pixi_rosdistro/pixi_rosdistro/install/include/rmw_fastrtps_dynamic_cpp/rmw_fastrtps_dynamic_cpp/identifier.hpp
[27.372s] -- Installing: /home/runner/work/pixi_rosdistro/pixi_rosdistro/install/include/rmw_fastrtps_dynamic_cpp/rmw_fastrtps_dynamic_cpp/serialization_format.hpp
[27.372s] -- Installing: /home/runner/work/pixi_rosdistro/pixi_rosdistro/install/include/rmw_fastrtps_dynamic_cpp/rmw_fastrtps_dynamic_cpp/visibility_control.h
[27.372s] -- Installing: /home/runner/work/pixi_rosdistro/pixi_rosdistro/install/include/rmw_fastrtps_dynamic_cpp/rmw_fastrtps_dynamic_cpp/get_client.hpp
[27.372s] -- Installing: /home/runner/work/pixi_rosdistro/pixi_rosdistro/install/include/rmw_fastrtps_dynamic_cpp/rmw_fastrtps_dynamic_cpp/get_subscriber.hpp
[27.372s] -- Installing: /home/runner/work/pixi_rosdistro/pixi_rosdistro/install/lib/librmw_fastrtps_dynamic_cpp.so
[27.375s] Invoked command in '/home/runner/work/pixi_rosdistro/pixi_rosdistro/build/rmw_fastrtps_dynamic_cpp' returned '0': AMENT_PREFIX_PATH=/home/runner/work/pixi_rosdistro/pixi_rosdistro/install CMAKE_PREFIX_PATH=/home/runner/work/pixi_rosdistro/pixi_rosdistro/install:${CMAKE_PREFIX_PATH} LD_LIBRARY_PATH=/home/runner/work/pixi_rosdistro/pixi_rosdistro/install/lib PATH=/home/runner/work/pixi_rosdistro/pixi_rosdistro/install/bin:/opt/microsoft/powershell/7:${PATH} PIXI_PROMPT=(ros2_rolling) PKG_CONFIG_PATH=/home/runner/work/pixi_rosdistro/pixi_rosdistro/install/lib/pkgconfig PSModulePath=/home/runner/.local/share/powershell/Modules:${PSModulePath} PYTHONPATH=/home/runner/work/pixi_rosdistro/pixi_rosdistro/install/lib/python3.14/site-packages ROS_DOMAIN_ID=63 /home/runner/work/pixi_rosdistro/pixi_rosdistro/.pixi/envs/default/bin/cmake --install /home/runner/work/pixi_rosdistro/pixi_rosdistro/build/rmw_fastrtps_dynamic_cpp
