[0.192s] Invoking command in '/Users/runner/work/pixi_rosdistro/pixi_rosdistro/build/ament_cmake': AMENT_PREFIX_PATH=/Users/runner/work/pixi_rosdistro/pixi_rosdistro/install CMAKE_PREFIX_PATH=/Users/runner/work/pixi_rosdistro/pixi_rosdistro/install PATH=/Users/runner/work/pixi_rosdistro/pixi_rosdistro/install/bin:${PATH} PIXI_PROMPT=(ros2_rolling) PKG_CONFIG_PATH=/Users/runner/work/pixi_rosdistro/pixi_rosdistro/install/lib/pkgconfig PYTHONPATH=/Users/runner/work/pixi_rosdistro/pixi_rosdistro/install/lib/python3.12/site-packages ROS_DOMAIN_ID=11 SHLVL=3 _=/usr/bin/env /Users/runner/work/pixi_rosdistro/pixi_rosdistro/.pixi/envs/default/bin/cmake /Users/runner/work/pixi_rosdistro/pixi_rosdistro/src/ament/ament_cmake/ament_cmake -GNinja --no-warn-unused-cli -DCMAKE_BUILD_TYPE=Release -DCMAKE_BUILD_WITH_INSTALL_RPATH:bool=TRUE -DCMAKE_POLICY_VERSION_MINIMUM=3.5 -Wno-deprecated -DSTACK_DETAILS_AUTO_DETECT:bool=FALSE -DSTACK_DETAILS_BFD:bool=FALSE -DCMAKE_UNITY_BUILD=ON -DCMAKE_INSTALL_PREFIX=/Users/runner/work/pixi_rosdistro/pixi_rosdistro/install
[0.348s] Not searching for unused variables given on the command line.
[0.348s] -- Found ament_cmake_core: 2.8.6 (/Users/runner/work/pixi_rosdistro/pixi_rosdistro/install/share/ament_cmake_core/cmake)
[0.487s] -- Found Python3: /Users/runner/work/pixi_rosdistro/pixi_rosdistro/.pixi/envs/default/bin/python3 (found version "3.12.13") found components: Interpreter
[0.605s] -- Found ament_cmake_export_dependencies: 2.8.6 (/Users/runner/work/pixi_rosdistro/pixi_rosdistro/install/share/ament_cmake_export_dependencies/cmake)
[0.842s] -- Configuring done (0.5s)
[0.842s] -- Generating done (0.0s)
[0.842s] -- Build files have been written to: /Users/runner/work/pixi_rosdistro/pixi_rosdistro/build/ament_cmake
[0.843s] Invoked command in '/Users/runner/work/pixi_rosdistro/pixi_rosdistro/build/ament_cmake' returned '0': AMENT_PREFIX_PATH=/Users/runner/work/pixi_rosdistro/pixi_rosdistro/install CMAKE_PREFIX_PATH=/Users/runner/work/pixi_rosdistro/pixi_rosdistro/install PATH=/Users/runner/work/pixi_rosdistro/pixi_rosdistro/install/bin:${PATH} PIXI_PROMPT=(ros2_rolling) PKG_CONFIG_PATH=/Users/runner/work/pixi_rosdistro/pixi_rosdistro/install/lib/pkgconfig PYTHONPATH=/Users/runner/work/pixi_rosdistro/pixi_rosdistro/install/lib/python3.12/site-packages ROS_DOMAIN_ID=11 SHLVL=3 _=/usr/bin/env /Users/runner/work/pixi_rosdistro/pixi_rosdistro/.pixi/envs/default/bin/cmake /Users/runner/work/pixi_rosdistro/pixi_rosdistro/src/ament/ament_cmake/ament_cmake -GNinja --no-warn-unused-cli -DCMAKE_BUILD_TYPE=Release -DCMAKE_BUILD_WITH_INSTALL_RPATH:bool=TRUE -DCMAKE_POLICY_VERSION_MINIMUM=3.5 -Wno-deprecated -DSTACK_DETAILS_AUTO_DETECT:bool=FALSE -DSTACK_DETAILS_BFD:bool=FALSE -DCMAKE_UNITY_BUILD=ON -DCMAKE_INSTALL_PREFIX=/Users/runner/work/pixi_rosdistro/pixi_rosdistro/install
[0.847s] Invoking command in '/Users/runner/work/pixi_rosdistro/pixi_rosdistro/build/ament_cmake': AMENT_PREFIX_PATH=/Users/runner/work/pixi_rosdistro/pixi_rosdistro/install CMAKE_PREFIX_PATH=/Users/runner/work/pixi_rosdistro/pixi_rosdistro/install PATH=/Users/runner/work/pixi_rosdistro/pixi_rosdistro/install/bin:${PATH} PIXI_PROMPT=(ros2_rolling) PKG_CONFIG_PATH=/Users/runner/work/pixi_rosdistro/pixi_rosdistro/install/lib/pkgconfig PYTHONPATH=/Users/runner/work/pixi_rosdistro/pixi_rosdistro/install/lib/python3.12/site-packages ROS_DOMAIN_ID=11 SHLVL=3 _=/usr/bin/env /Users/runner/work/pixi_rosdistro/pixi_rosdistro/.pixi/envs/default/bin/cmake --build /Users/runner/work/pixi_rosdistro/pixi_rosdistro/build/ament_cmake -- -j3 -l3
[0.864s] ninja: no work to do.
[0.867s] Invoked command in '/Users/runner/work/pixi_rosdistro/pixi_rosdistro/build/ament_cmake' returned '0': AMENT_PREFIX_PATH=/Users/runner/work/pixi_rosdistro/pixi_rosdistro/install CMAKE_PREFIX_PATH=/Users/runner/work/pixi_rosdistro/pixi_rosdistro/install PATH=/Users/runner/work/pixi_rosdistro/pixi_rosdistro/install/bin:${PATH} PIXI_PROMPT=(ros2_rolling) PKG_CONFIG_PATH=/Users/runner/work/pixi_rosdistro/pixi_rosdistro/install/lib/pkgconfig PYTHONPATH=/Users/runner/work/pixi_rosdistro/pixi_rosdistro/install/lib/python3.12/site-packages ROS_DOMAIN_ID=11 SHLVL=3 _=/usr/bin/env /Users/runner/work/pixi_rosdistro/pixi_rosdistro/.pixi/envs/default/bin/cmake --build /Users/runner/work/pixi_rosdistro/pixi_rosdistro/build/ament_cmake -- -j3 -l3
[0.867s] Invoking command in '/Users/runner/work/pixi_rosdistro/pixi_rosdistro/build/ament_cmake': AMENT_PREFIX_PATH=/Users/runner/work/pixi_rosdistro/pixi_rosdistro/install CMAKE_PREFIX_PATH=/Users/runner/work/pixi_rosdistro/pixi_rosdistro/install PATH=/Users/runner/work/pixi_rosdistro/pixi_rosdistro/install/bin:${PATH} PIXI_PROMPT=(ros2_rolling) PKG_CONFIG_PATH=/Users/runner/work/pixi_rosdistro/pixi_rosdistro/install/lib/pkgconfig PYTHONPATH=/Users/runner/work/pixi_rosdistro/pixi_rosdistro/install/lib/python3.12/site-packages ROS_DOMAIN_ID=11 SHLVL=3 _=/usr/bin/env /Users/runner/work/pixi_rosdistro/pixi_rosdistro/.pixi/envs/default/bin/cmake --install /Users/runner/work/pixi_rosdistro/pixi_rosdistro/build/ament_cmake
[0.882s] -- Install configuration: "Release"
[0.882s] -- Installing: /Users/runner/work/pixi_rosdistro/pixi_rosdistro/install/share/ament_index/resource_index/package_run_dependencies/ament_cmake
[0.882s] -- Installing: /Users/runner/work/pixi_rosdistro/pixi_rosdistro/install/share/ament_index/resource_index/parent_prefix_path/ament_cmake
[0.882s] -- Installing: /Users/runner/work/pixi_rosdistro/pixi_rosdistro/install/share/ament_cmake/environment/ament_prefix_path.sh
[0.882s] -- Installing: /Users/runner/work/pixi_rosdistro/pixi_rosdistro/install/share/ament_cmake/environment/ament_prefix_path.dsv
[0.882s] -- Installing: /Users/runner/work/pixi_rosdistro/pixi_rosdistro/install/share/ament_cmake/environment/path.sh
[0.882s] -- Installing: /Users/runner/work/pixi_rosdistro/pixi_rosdistro/install/share/ament_cmake/environment/path.dsv
[0.882s] -- Installing: /Users/runner/work/pixi_rosdistro/pixi_rosdistro/install/share/ament_cmake/local_setup.bash
[0.883s] -- Installing: /Users/runner/work/pixi_rosdistro/pixi_rosdistro/install/share/ament_cmake/local_setup.fish
[0.883s] -- Installing: /Users/runner/work/pixi_rosdistro/pixi_rosdistro/install/share/ament_cmake/local_setup.sh
[0.883s] -- Installing: /Users/runner/work/pixi_rosdistro/pixi_rosdistro/install/share/ament_cmake/local_setup.zsh
[0.883s] -- Installing: /Users/runner/work/pixi_rosdistro/pixi_rosdistro/install/share/ament_cmake/local_setup.dsv
[0.883s] -- Installing: /Users/runner/work/pixi_rosdistro/pixi_rosdistro/install/share/ament_cmake/package.dsv
[0.883s] -- Installing: /Users/runner/work/pixi_rosdistro/pixi_rosdistro/install/share/ament_index/resource_index/packages/ament_cmake
[0.884s] -- Installing: /Users/runner/work/pixi_rosdistro/pixi_rosdistro/install/share/ament_cmake/cmake/ament_cmake_export_dependencies-extras.cmake
[0.885s] -- Installing: /Users/runner/work/pixi_rosdistro/pixi_rosdistro/install/share/ament_cmake/cmake/ament_cmakeConfig.cmake
[0.885s] -- Installing: /Users/runner/work/pixi_rosdistro/pixi_rosdistro/install/share/ament_cmake/cmake/ament_cmakeConfig-version.cmake
[0.885s] -- Installing: /Users/runner/work/pixi_rosdistro/pixi_rosdistro/install/share/ament_cmake/package.xml
[0.891s] Invoked command in '/Users/runner/work/pixi_rosdistro/pixi_rosdistro/build/ament_cmake' returned '0': AMENT_PREFIX_PATH=/Users/runner/work/pixi_rosdistro/pixi_rosdistro/install CMAKE_PREFIX_PATH=/Users/runner/work/pixi_rosdistro/pixi_rosdistro/install PATH=/Users/runner/work/pixi_rosdistro/pixi_rosdistro/install/bin:${PATH} PIXI_PROMPT=(ros2_rolling) PKG_CONFIG_PATH=/Users/runner/work/pixi_rosdistro/pixi_rosdistro/install/lib/pkgconfig PYTHONPATH=/Users/runner/work/pixi_rosdistro/pixi_rosdistro/install/lib/python3.12/site-packages ROS_DOMAIN_ID=11 SHLVL=3 _=/usr/bin/env /Users/runner/work/pixi_rosdistro/pixi_rosdistro/.pixi/envs/default/bin/cmake --install /Users/runner/work/pixi_rosdistro/pixi_rosdistro/build/ament_cmake
