[3.122s] Invoking command in '/home/runner/work/pixi_rosdistro/pixi_rosdistro/build/libyaml_vendor': AMENT_PREFIX_PATH=/home/runner/work/pixi_rosdistro/pixi_rosdistro/install CMAKE_PREFIX_PATH=/home/runner/work/pixi_rosdistro/pixi_rosdistro/install:${CMAKE_PREFIX_PATH} LD_LIBRARY_PATH=/home/runner/work/pixi_rosdistro/pixi_rosdistro/install/lib PATH=/home/runner/work/pixi_rosdistro/pixi_rosdistro/install/bin:/opt/microsoft/powershell/7:${PATH} PIXI_PROMPT=(ros2_rolling) PKG_CONFIG_PATH=/home/runner/work/pixi_rosdistro/pixi_rosdistro/install/lib/pkgconfig PSModulePath=/home/runner/.local/share/powershell/Modules:${PSModulePath} PYTHONPATH=/home/runner/work/pixi_rosdistro/pixi_rosdistro/install/lib/python3.12/site-packages /home/runner/work/pixi_rosdistro/pixi_rosdistro/.pixi/envs/default/bin/cmake /home/runner/work/pixi_rosdistro/pixi_rosdistro/src/ros2/libyaml_vendor -GNinja --no-warn-unused-cli -DCMAKE_BUILD_TYPE=Release -DCMAKE_BUILD_WITH_INSTALL_RPATH:bool=TRUE -DCMAKE_POLICY_VERSION_MINIMUM=3.5 -Wno-deprecated -DSTACK_DETAILS_AUTO_DETECT:bool=FALSE -DSTACK_DETAILS_BFD:bool=FALSE -DCMAKE_INSTALL_PREFIX=/home/runner/work/pixi_rosdistro/pixi_rosdistro/install
[3.227s] Not searching for unused variables given on the command line.
[3.227s] -- The C compiler identification is GNU 14.3.0
[3.353s] -- The CXX compiler identification is GNU 14.3.0
[3.368s] -- Detecting C compiler ABI info
[3.606s] -- Detecting C compiler ABI info - done
[3.668s] -- Check for working C compiler: /home/runner/work/pixi_rosdistro/pixi_rosdistro/.pixi/envs/default/bin/x86_64-conda-linux-gnu-cc - skipped
[3.672s] -- Detecting C compile features
[3.673s] -- Detecting C compile features - done
[3.716s] -- Detecting CXX compiler ABI info
[3.975s] -- Detecting CXX compiler ABI info - done
[4.012s] -- Check for working CXX compiler: /home/runner/work/pixi_rosdistro/pixi_rosdistro/.pixi/envs/default/bin/x86_64-conda-linux-gnu-c++ - skipped
[4.013s] -- Detecting CXX compile features
[4.015s] -- Detecting CXX compile features - done
[4.041s] -- Found ament_cmake: 2.8.6 (/home/runner/work/pixi_rosdistro/pixi_rosdistro/install/share/ament_cmake/cmake)
[4.611s] -- Checking for module 'yaml-0.1'
[4.894s] --   Found yaml-0.1, version 0.2.5
[5.542s] -- Found yaml: 1
[5.546s] -- Found ament_lint_auto: 0.20.3 (/home/runner/work/pixi_rosdistro/pixi_rosdistro/install/share/ament_lint_auto/cmake)
[8.198s] -- Found gtest sources under '/home/runner/work/pixi_rosdistro/pixi_rosdistro/install/src/gtest_vendor': C++ tests using 'Google Test' will be built
[8.203s] -- Check if compiler accepts -pthread
[8.461s] -- Check if compiler accepts -pthread - yes
[8.462s] -- Found Threads: TRUE
[8.471s] -- Performance tests are disabled by default, so Google Benchmark tests will be skipped. To enable these tests, set the CMake variable 'AMENT_RUN_PERFORMANCE_TESTS'.
[8.485s] -- Added test 'copyright' to check source files copyright and LICENSE
[8.492s] -- Added test 'cppcheck' to perform static code analysis on C / C++ code
[8.493s] -- Configured cppcheck include dirs: /home/runner/work/pixi_rosdistro/pixi_rosdistro/install/include
[8.493s] -- Configured cppcheck exclude dirs and/or files: 
[8.501s] -- Added test 'cpplint' to check C / C++ code against the Google style
[8.501s] -- Configured cpplint exclude dirs and/or files: 
[8.509s] -- Added test 'uncrustify' to check C / C++ code style
[8.511s] -- Configured uncrustify additional arguments: 
[8.512s] -- Added test 'xmllint' to check XML markup files
[8.514s] -- Configuring done (5.4s)
[8.545s] -- Generating done (0.0s)
[8.562s] -- Build files have been written to: /home/runner/work/pixi_rosdistro/pixi_rosdistro/build/libyaml_vendor
[8.580s] Invoked command in '/home/runner/work/pixi_rosdistro/pixi_rosdistro/build/libyaml_vendor' returned '0': AMENT_PREFIX_PATH=/home/runner/work/pixi_rosdistro/pixi_rosdistro/install CMAKE_PREFIX_PATH=/home/runner/work/pixi_rosdistro/pixi_rosdistro/install:${CMAKE_PREFIX_PATH} LD_LIBRARY_PATH=/home/runner/work/pixi_rosdistro/pixi_rosdistro/install/lib PATH=/home/runner/work/pixi_rosdistro/pixi_rosdistro/install/bin:/opt/microsoft/powershell/7:${PATH} PIXI_PROMPT=(ros2_rolling) PKG_CONFIG_PATH=/home/runner/work/pixi_rosdistro/pixi_rosdistro/install/lib/pkgconfig PSModulePath=/home/runner/.local/share/powershell/Modules:${PSModulePath} PYTHONPATH=/home/runner/work/pixi_rosdistro/pixi_rosdistro/install/lib/python3.12/site-packages /home/runner/work/pixi_rosdistro/pixi_rosdistro/.pixi/envs/default/bin/cmake /home/runner/work/pixi_rosdistro/pixi_rosdistro/src/ros2/libyaml_vendor -GNinja --no-warn-unused-cli -DCMAKE_BUILD_TYPE=Release -DCMAKE_BUILD_WITH_INSTALL_RPATH:bool=TRUE -DCMAKE_POLICY_VERSION_MINIMUM=3.5 -Wno-deprecated -DSTACK_DETAILS_AUTO_DETECT:bool=FALSE -DSTACK_DETAILS_BFD:bool=FALSE -DCMAKE_INSTALL_PREFIX=/home/runner/work/pixi_rosdistro/pixi_rosdistro/install
[8.581s] Invoking command in '/home/runner/work/pixi_rosdistro/pixi_rosdistro/build/libyaml_vendor': AMENT_PREFIX_PATH=/home/runner/work/pixi_rosdistro/pixi_rosdistro/install CMAKE_PREFIX_PATH=/home/runner/work/pixi_rosdistro/pixi_rosdistro/install:${CMAKE_PREFIX_PATH} LD_LIBRARY_PATH=/home/runner/work/pixi_rosdistro/pixi_rosdistro/install/lib PATH=/home/runner/work/pixi_rosdistro/pixi_rosdistro/install/bin:/opt/microsoft/powershell/7:${PATH} PIXI_PROMPT=(ros2_rolling) PKG_CONFIG_PATH=/home/runner/work/pixi_rosdistro/pixi_rosdistro/install/lib/pkgconfig PSModulePath=/home/runner/.local/share/powershell/Modules:${PSModulePath} PYTHONPATH=/home/runner/work/pixi_rosdistro/pixi_rosdistro/install/lib/python3.12/site-packages /home/runner/work/pixi_rosdistro/pixi_rosdistro/.pixi/envs/default/bin/cmake --build /home/runner/work/pixi_rosdistro/pixi_rosdistro/build/libyaml_vendor -- -j4 -l4
[9.465s] [1/8] Building CXX object gtest/CMakeFiles/gtest.dir/src/gtest-all.cc.o
[10.183s] [2/8] Building CXX object gtest/CMakeFiles/gtest_main.dir/src/gtest_main.cc.o
[10.765s] [3/8] Building CXX object CMakeFiles/test_yaml_reader.dir/test/test_reader.cpp.o
[12.044s] [4/8] Building CXX object CMakeFiles/benchmark_reader.dir/test/benchmark/benchmark_reader.cpp.o
[12.085s] [5/8] Linking CXX static library gtest/libgtest.a
[12.100s] [6/8] Linking CXX static library gtest/libgtest_main.a
[12.192s] [7/8] Linking CXX executable test_yaml_reader
[12.264s] [8/8] Linking CXX executable benchmark_reader
[12.267s] Invoked command in '/home/runner/work/pixi_rosdistro/pixi_rosdistro/build/libyaml_vendor' returned '0': AMENT_PREFIX_PATH=/home/runner/work/pixi_rosdistro/pixi_rosdistro/install CMAKE_PREFIX_PATH=/home/runner/work/pixi_rosdistro/pixi_rosdistro/install:${CMAKE_PREFIX_PATH} LD_LIBRARY_PATH=/home/runner/work/pixi_rosdistro/pixi_rosdistro/install/lib PATH=/home/runner/work/pixi_rosdistro/pixi_rosdistro/install/bin:/opt/microsoft/powershell/7:${PATH} PIXI_PROMPT=(ros2_rolling) PKG_CONFIG_PATH=/home/runner/work/pixi_rosdistro/pixi_rosdistro/install/lib/pkgconfig PSModulePath=/home/runner/.local/share/powershell/Modules:${PSModulePath} PYTHONPATH=/home/runner/work/pixi_rosdistro/pixi_rosdistro/install/lib/python3.12/site-packages /home/runner/work/pixi_rosdistro/pixi_rosdistro/.pixi/envs/default/bin/cmake --build /home/runner/work/pixi_rosdistro/pixi_rosdistro/build/libyaml_vendor -- -j4 -l4
[12.270s] Invoking command in '/home/runner/work/pixi_rosdistro/pixi_rosdistro/build/libyaml_vendor': AMENT_PREFIX_PATH=/home/runner/work/pixi_rosdistro/pixi_rosdistro/install CMAKE_PREFIX_PATH=/home/runner/work/pixi_rosdistro/pixi_rosdistro/install:${CMAKE_PREFIX_PATH} LD_LIBRARY_PATH=/home/runner/work/pixi_rosdistro/pixi_rosdistro/install/lib PATH=/home/runner/work/pixi_rosdistro/pixi_rosdistro/install/bin:/opt/microsoft/powershell/7:${PATH} PIXI_PROMPT=(ros2_rolling) PKG_CONFIG_PATH=/home/runner/work/pixi_rosdistro/pixi_rosdistro/install/lib/pkgconfig PSModulePath=/home/runner/.local/share/powershell/Modules:${PSModulePath} PYTHONPATH=/home/runner/work/pixi_rosdistro/pixi_rosdistro/install/lib/python3.12/site-packages /home/runner/work/pixi_rosdistro/pixi_rosdistro/.pixi/envs/default/bin/cmake --install /home/runner/work/pixi_rosdistro/pixi_rosdistro/build/libyaml_vendor
[12.277s] -- Install configuration: "Release"
[12.278s] -- Installing: /home/runner/work/pixi_rosdistro/pixi_rosdistro/install/share/libyaml_vendor/cmake
[12.278s] -- Installing: /home/runner/work/pixi_rosdistro/pixi_rosdistro/install/share/libyaml_vendor/cmake/Modules
[12.280s] -- Installing: /home/runner/work/pixi_rosdistro/pixi_rosdistro/install/share/libyaml_vendor/cmake/Modules/Findyaml.cmake
[12.280s] -- Installing: /home/runner/work/pixi_rosdistro/pixi_rosdistro/install/share/ament_index/resource_index/package_run_dependencies/libyaml_vendor
[12.280s] -- Installing: /home/runner/work/pixi_rosdistro/pixi_rosdistro/install/share/ament_index/resource_index/parent_prefix_path/libyaml_vendor
[12.280s] -- Installing: /home/runner/work/pixi_rosdistro/pixi_rosdistro/install/share/libyaml_vendor/environment/ament_prefix_path.sh
[12.280s] -- Installing: /home/runner/work/pixi_rosdistro/pixi_rosdistro/install/share/libyaml_vendor/environment/ament_prefix_path.dsv
[12.281s] -- Installing: /home/runner/work/pixi_rosdistro/pixi_rosdistro/install/share/libyaml_vendor/environment/path.sh
[12.281s] -- Installing: /home/runner/work/pixi_rosdistro/pixi_rosdistro/install/share/libyaml_vendor/environment/path.dsv
[12.282s] -- Installing: /home/runner/work/pixi_rosdistro/pixi_rosdistro/install/share/libyaml_vendor/local_setup.bash
[12.282s] -- Installing: /home/runner/work/pixi_rosdistro/pixi_rosdistro/install/share/libyaml_vendor/local_setup.fish
[12.283s] -- Installing: /home/runner/work/pixi_rosdistro/pixi_rosdistro/install/share/libyaml_vendor/local_setup.sh
[12.283s] -- Installing: /home/runner/work/pixi_rosdistro/pixi_rosdistro/install/share/libyaml_vendor/local_setup.zsh
[12.284s] -- Installing: /home/runner/work/pixi_rosdistro/pixi_rosdistro/install/share/libyaml_vendor/local_setup.dsv
[12.284s] -- Installing: /home/runner/work/pixi_rosdistro/pixi_rosdistro/install/share/libyaml_vendor/package.dsv
[12.285s] -- Installing: /home/runner/work/pixi_rosdistro/pixi_rosdistro/install/share/ament_index/resource_index/packages/libyaml_vendor
[12.287s] -- Installing: /home/runner/work/pixi_rosdistro/pixi_rosdistro/install/share/libyaml_vendor/cmake/libyaml_vendor-extras.cmake
[12.287s] -- Installing: /home/runner/work/pixi_rosdistro/pixi_rosdistro/install/share/libyaml_vendor/cmake/libyaml_vendorConfig.cmake
[12.287s] -- Installing: /home/runner/work/pixi_rosdistro/pixi_rosdistro/install/share/libyaml_vendor/cmake/libyaml_vendorConfig-version.cmake
[12.287s] -- Installing: /home/runner/work/pixi_rosdistro/pixi_rosdistro/install/share/libyaml_vendor/package.xml
[12.289s] Invoked command in '/home/runner/work/pixi_rosdistro/pixi_rosdistro/build/libyaml_vendor' returned '0': AMENT_PREFIX_PATH=/home/runner/work/pixi_rosdistro/pixi_rosdistro/install CMAKE_PREFIX_PATH=/home/runner/work/pixi_rosdistro/pixi_rosdistro/install:${CMAKE_PREFIX_PATH} LD_LIBRARY_PATH=/home/runner/work/pixi_rosdistro/pixi_rosdistro/install/lib PATH=/home/runner/work/pixi_rosdistro/pixi_rosdistro/install/bin:/opt/microsoft/powershell/7:${PATH} PIXI_PROMPT=(ros2_rolling) PKG_CONFIG_PATH=/home/runner/work/pixi_rosdistro/pixi_rosdistro/install/lib/pkgconfig PSModulePath=/home/runner/.local/share/powershell/Modules:${PSModulePath} PYTHONPATH=/home/runner/work/pixi_rosdistro/pixi_rosdistro/install/lib/python3.12/site-packages /home/runner/work/pixi_rosdistro/pixi_rosdistro/.pixi/envs/default/bin/cmake --install /home/runner/work/pixi_rosdistro/pixi_rosdistro/build/libyaml_vendor
