[5.789s] Invoking command in '/home/runner/work/pixi_rosdistro/pixi_rosdistro/build/builtin_interfaces': AMENT_PREFIX_PATH=/home/runner/work/pixi_rosdistro/pixi_rosdistro/install CMAKE_PREFIX_PATH=/home/runner/work/pixi_rosdistro/pixi_rosdistro/install:${CMAKE_PREFIX_PATH} LD_LIBRARY_PATH=/home/runner/work/pixi_rosdistro/pixi_rosdistro/install/lib PATH=/home/runner/work/pixi_rosdistro/pixi_rosdistro/install/bin:/opt/microsoft/powershell/7:${PATH} PIXI_PROMPT=(ros2_rolling) PKG_CONFIG_PATH=/home/runner/work/pixi_rosdistro/pixi_rosdistro/install/lib/pkgconfig PSModulePath=/home/runner/.local/share/powershell/Modules:${PSModulePath} PYTHONPATH=/home/runner/work/pixi_rosdistro/pixi_rosdistro/install/lib/python3.12/site-packages ROS_DOMAIN_ID=13 /home/runner/work/pixi_rosdistro/pixi_rosdistro/.pixi/envs/default/bin/cmake /home/runner/work/pixi_rosdistro/pixi_rosdistro/src/ros2/rcl_interfaces/builtin_interfaces -GNinja --no-warn-unused-cli -DCMAKE_BUILD_TYPE=Release -DCMAKE_BUILD_WITH_INSTALL_RPATH:bool=TRUE -DCMAKE_POLICY_VERSION_MINIMUM=3.5 -Wno-deprecated -DSTACK_DETAILS_AUTO_DETECT:bool=FALSE -DSTACK_DETAILS_BFD:bool=FALSE -DTRACETOOLS_DISABLED=ON -DCMAKE_INSTALL_PREFIX=/home/runner/work/pixi_rosdistro/pixi_rosdistro/install
[5.953s] Not searching for unused variables given on the command line.
[5.953s] -- The C compiler identification is GNU 14.3.0
[6.163s] -- The CXX compiler identification is GNU 14.3.0
[6.176s] -- Detecting C compiler ABI info
[6.434s] -- Detecting C compiler ABI info - done
[6.470s] -- Check for working C compiler: /home/runner/work/pixi_rosdistro/pixi_rosdistro/.pixi/envs/default/bin/x86_64-conda-linux-gnu-cc - skipped
[6.471s] -- Detecting C compile features
[6.472s] -- Detecting C compile features - done
[6.493s] -- Detecting CXX compiler ABI info
[6.836s] -- Detecting CXX compiler ABI info - done
[6.945s] -- Check for working CXX compiler: /home/runner/work/pixi_rosdistro/pixi_rosdistro/.pixi/envs/default/bin/x86_64-conda-linux-gnu-c++ - skipped
[6.949s] -- Detecting CXX compile features
[6.956s] -- Detecting CXX compile features - done
[6.986s] -- Found ament_cmake: 2.8.6 (/home/runner/work/pixi_rosdistro/pixi_rosdistro/install/share/ament_cmake/cmake)
[7.740s] -- Found rosidl_core_generators: 0.4.1 (/home/runner/work/pixi_rosdistro/pixi_rosdistro/install/share/rosidl_core_generators/cmake)
[7.747s] -- Using all available rosidl_typesupport_c: rosidl_typesupport_fastrtps_c;rosidl_typesupport_introspection_c
[7.791s] -- Using all available rosidl_typesupport_cpp: rosidl_typesupport_fastrtps_cpp;rosidl_typesupport_introspection_cpp
[7.843s] -- Found rosidl_adapter: 5.1.3 (/home/runner/work/pixi_rosdistro/pixi_rosdistro/install/share/rosidl_adapter/cmake)
[8.273s] -- Found Python3: /home/runner/work/pixi_rosdistro/pixi_rosdistro/.pixi/envs/default/bin/python3 (found version "3.12.13") found components: Interpreter
[9.066s] -- Found ament_cmake_cppcheck: 0.20.3 (/home/runner/work/pixi_rosdistro/pixi_rosdistro/install/share/ament_cmake_cppcheck/cmake)
[9.077s] -- Found ament_cmake_cpplint: 0.20.3 (/home/runner/work/pixi_rosdistro/pixi_rosdistro/install/share/ament_cmake_cpplint/cmake)
[9.079s] -- Found ament_cmake_uncrustify: 0.20.3 (/home/runner/work/pixi_rosdistro/pixi_rosdistro/install/share/ament_cmake_uncrustify/cmake)
[9.087s] -- Found ament_cmake_ros_core: 0.15.6 (/home/runner/work/pixi_rosdistro/pixi_rosdistro/install/share/ament_cmake_ros_core/cmake)
[9.705s] -- Using all available rosidl_typesupport_c: rosidl_typesupport_fastrtps_c;rosidl_typesupport_introspection_c
[10.647s] -- Using all available rosidl_typesupport_cpp: rosidl_typesupport_fastrtps_cpp;rosidl_typesupport_introspection_cpp
[11.417s] -- Found Python3: /home/runner/work/pixi_rosdistro/pixi_rosdistro/.pixi/envs/default/bin/python3 (found version "3.12.13") found components: Interpreter Development NumPy Development.Module Development.Embed
[11.507s] -- Found ament_cmake_flake8: 0.20.3 (/home/runner/work/pixi_rosdistro/pixi_rosdistro/install/share/ament_cmake_flake8/cmake)
[11.512s] -- Found ament_cmake_pep257: 0.20.3 (/home/runner/work/pixi_rosdistro/pixi_rosdistro/install/share/ament_cmake_pep257/cmake)
[11.520s] -- Found ament_cmake_mypy: 0.20.3 (/home/runner/work/pixi_rosdistro/pixi_rosdistro/install/share/ament_cmake_mypy/cmake)
[11.597s] -- Found Python3: /home/runner/work/pixi_rosdistro/pixi_rosdistro/.pixi/envs/default/bin/python3 (found version "3.12.13") found components: Interpreter
[11.617s] -- Configuring done (5.8s)
[11.674s] -- Generating done (0.1s)
[11.697s] -- Build files have been written to: /home/runner/work/pixi_rosdistro/pixi_rosdistro/build/builtin_interfaces
[11.708s] Invoked command in '/home/runner/work/pixi_rosdistro/pixi_rosdistro/build/builtin_interfaces' returned '0': AMENT_PREFIX_PATH=/home/runner/work/pixi_rosdistro/pixi_rosdistro/install CMAKE_PREFIX_PATH=/home/runner/work/pixi_rosdistro/pixi_rosdistro/install:${CMAKE_PREFIX_PATH} LD_LIBRARY_PATH=/home/runner/work/pixi_rosdistro/pixi_rosdistro/install/lib PATH=/home/runner/work/pixi_rosdistro/pixi_rosdistro/install/bin:/opt/microsoft/powershell/7:${PATH} PIXI_PROMPT=(ros2_rolling) PKG_CONFIG_PATH=/home/runner/work/pixi_rosdistro/pixi_rosdistro/install/lib/pkgconfig PSModulePath=/home/runner/.local/share/powershell/Modules:${PSModulePath} PYTHONPATH=/home/runner/work/pixi_rosdistro/pixi_rosdistro/install/lib/python3.12/site-packages ROS_DOMAIN_ID=13 /home/runner/work/pixi_rosdistro/pixi_rosdistro/.pixi/envs/default/bin/cmake /home/runner/work/pixi_rosdistro/pixi_rosdistro/src/ros2/rcl_interfaces/builtin_interfaces -GNinja --no-warn-unused-cli -DCMAKE_BUILD_TYPE=Release -DCMAKE_BUILD_WITH_INSTALL_RPATH:bool=TRUE -DCMAKE_POLICY_VERSION_MINIMUM=3.5 -Wno-deprecated -DSTACK_DETAILS_AUTO_DETECT:bool=FALSE -DSTACK_DETAILS_BFD:bool=FALSE -DTRACETOOLS_DISABLED=ON -DCMAKE_INSTALL_PREFIX=/home/runner/work/pixi_rosdistro/pixi_rosdistro/install
[11.710s] Invoking command in '/home/runner/work/pixi_rosdistro/pixi_rosdistro/build/builtin_interfaces': AMENT_PREFIX_PATH=/home/runner/work/pixi_rosdistro/pixi_rosdistro/install CMAKE_PREFIX_PATH=/home/runner/work/pixi_rosdistro/pixi_rosdistro/install:${CMAKE_PREFIX_PATH} LD_LIBRARY_PATH=/home/runner/work/pixi_rosdistro/pixi_rosdistro/install/lib PATH=/home/runner/work/pixi_rosdistro/pixi_rosdistro/install/bin:/opt/microsoft/powershell/7:${PATH} PIXI_PROMPT=(ros2_rolling) PKG_CONFIG_PATH=/home/runner/work/pixi_rosdistro/pixi_rosdistro/install/lib/pkgconfig PSModulePath=/home/runner/.local/share/powershell/Modules:${PSModulePath} PYTHONPATH=/home/runner/work/pixi_rosdistro/pixi_rosdistro/install/lib/python3.12/site-packages ROS_DOMAIN_ID=13 /home/runner/work/pixi_rosdistro/pixi_rosdistro/.pixi/envs/default/bin/cmake --build /home/runner/work/pixi_rosdistro/pixi_rosdistro/build/builtin_interfaces -- -j4 -l4
[12.135s] [1/47] Generating type hashes for ROS interfaces
[12.836s] [2/47] Generating C code for ROS interfaces
[13.078s] [3/47] Building C object CMakeFiles/builtin_interfaces__rosidl_generator_c.dir/rosidl_generator_c/builtin_interfaces/msg/detail/duration__description.c.o
[13.348s] [4/47] Building C object CMakeFiles/builtin_interfaces__rosidl_generator_c.dir/rosidl_generator_c/builtin_interfaces/msg/detail/duration__functions.c.o
[13.563s] [5/47] Building C object CMakeFiles/builtin_interfaces__rosidl_generator_c.dir/rosidl_generator_c/builtin_interfaces/msg/detail/duration__type_support.c.o
[13.731s] [6/47] Building C object CMakeFiles/builtin_interfaces__rosidl_generator_c.dir/rosidl_generator_c/builtin_interfaces/msg/detail/time__description.c.o
[13.987s] [7/47] Building C object CMakeFiles/builtin_interfaces__rosidl_generator_c.dir/rosidl_generator_c/builtin_interfaces/msg/detail/time__functions.c.o
[14.189s] [8/47] Building C object CMakeFiles/builtin_interfaces__rosidl_generator_c.dir/rosidl_generator_c/builtin_interfaces/msg/detail/time__type_support.c.o
[14.687s] [9/47] Generating C type support for eProsima Fast-RTPS
[15.263s] [10/47] Generating C introspection for ROS interfaces
[15.683s] [11/47] Generating C type support dispatch for ROS interfaces
[16.230s] [12/47] Generating C++ code for ROS interfaces
[16.953s] [13/47] Generating C++ type support for eProsima Fast-RTPS
[17.481s] [14/47] Generating C++ introspection for ROS interfaces
[17.960s] [15/47] Generating C++ type support dispatch for ROS interfaces
[18.010s] [16/47] Linking C shared library libbuiltin_interfaces__rosidl_generator_c.so
[18.474s] [17/47] Building CXX object CMakeFiles/builtin_interfaces__rosidl_typesupport_fastrtps_c.dir/rosidl_typesupport_fastrtps_c/builtin_interfaces/msg/detail/duration__type_support_c.cpp.o
[18.835s] [18/47] Building CXX object CMakeFiles/builtin_interfaces__rosidl_typesupport_fastrtps_c.dir/rosidl_typesupport_fastrtps_c/builtin_interfaces/msg/detail/time__type_support_c.cpp.o
[19.019s] [19/47] Building C object CMakeFiles/builtin_interfaces__rosidl_typesupport_introspection_c.dir/rosidl_typesupport_introspection_c/builtin_interfaces/msg/detail/duration__type_support.c.o
[19.208s] [20/47] Building C object CMakeFiles/builtin_interfaces__rosidl_typesupport_introspection_c.dir/rosidl_typesupport_introspection_c/builtin_interfaces/msg/detail/time__type_support.c.o
[19.427s] [21/47] Building CXX object CMakeFiles/builtin_interfaces__rosidl_typesupport_c.dir/rosidl_typesupport_c/builtin_interfaces/msg/duration__type_support.cpp.o
[19.693s] [22/47] Building CXX object CMakeFiles/builtin_interfaces__rosidl_typesupport_c.dir/rosidl_typesupport_c/builtin_interfaces/msg/time__type_support.cpp.o
[20.073s] [23/47] Building CXX object CMakeFiles/builtin_interfaces__rosidl_typesupport_fastrtps_cpp.dir/rosidl_typesupport_fastrtps_cpp/builtin_interfaces/msg/detail/dds_fastrtps/duration__type_support.cpp.o
[20.499s] [24/47] Building CXX object CMakeFiles/builtin_interfaces__rosidl_typesupport_fastrtps_cpp.dir/rosidl_typesupport_fastrtps_cpp/builtin_interfaces/msg/detail/dds_fastrtps/time__type_support.cpp.o
[20.894s] [25/47] Building CXX object CMakeFiles/builtin_interfaces__rosidl_typesupport_introspection_cpp.dir/rosidl_typesupport_introspection_cpp/builtin_interfaces/msg/detail/duration__type_support.cpp.o
[21.276s] [26/47] Building CXX object CMakeFiles/builtin_interfaces__rosidl_typesupport_introspection_cpp.dir/rosidl_typesupport_introspection_cpp/builtin_interfaces/msg/detail/time__type_support.cpp.o
[21.625s] [27/47] Building CXX object CMakeFiles/builtin_interfaces__rosidl_typesupport_cpp.dir/rosidl_typesupport_cpp/builtin_interfaces/msg/duration__type_support.cpp.o
[21.952s] [28/47] Building CXX object CMakeFiles/builtin_interfaces__rosidl_typesupport_cpp.dir/rosidl_typesupport_cpp/builtin_interfaces/msg/time__type_support.cpp.o
[22.055s] [29/47] Linking CXX shared library libbuiltin_interfaces__rosidl_typesupport_fastrtps_c.so
[22.087s] [30/47] Linking C shared library libbuiltin_interfaces__rosidl_typesupport_introspection_c.so
[22.214s] [31/47] Linking CXX shared library libbuiltin_interfaces__rosidl_typesupport_c.so
[22.272s] [32/47] Linking CXX shared library libbuiltin_interfaces__rosidl_typesupport_fastrtps_cpp.so
[22.316s] [33/47] Linking CXX shared library libbuiltin_interfaces__rosidl_typesupport_introspection_cpp.so
[22.371s] [34/47] Linking CXX shared library libbuiltin_interfaces__rosidl_typesupport_cpp.so
[23.135s] [35/47] Generating Python code for ROS interfaces
[23.697s] [36/47] Generating Rust code for ROS interfaces
[23.989s] [37/47] Building C object CMakeFiles/builtin_interfaces__rosidl_generator_py.dir/rosidl_generator_py/builtin_interfaces/msg/_duration_s.c.o
[24.295s] [38/47] Building C object CMakeFiles/builtin_interfaces__rosidl_generator_py.dir/rosidl_generator_py/builtin_interfaces/msg/_time_s.c.o
[24.360s] [39/47] Linking C shared library libbuiltin_interfaces__rosidl_generator_py.so
[24.675s] [40/47] Building C object CMakeFiles/builtin_interfaces_s__rosidl_typesupport_fastrtps_c.dir/rosidl_generator_py/builtin_interfaces/_builtin_interfaces_s.ep.rosidl_typesupport_fastrtps_c.c.o
[24.996s] [41/47] Building C object CMakeFiles/builtin_interfaces_s__rosidl_typesupport_introspection_c.dir/rosidl_generator_py/builtin_interfaces/_builtin_interfaces_s.ep.rosidl_typesupport_introspection_c.c.o
[25.422s] [42/47] Building C object CMakeFiles/builtin_interfaces_s__rosidl_typesupport_c.dir/rosidl_generator_py/builtin_interfaces/_builtin_interfaces_s.ep.rosidl_typesupport_c.c.o
[25.443s] [43/47] cd /home/runner/work/pixi_rosdistro/pixi_rosdistro/build/builtin_interfaces && /home/runner/work/pixi_rosdistro/pixi_rosdistro/.pixi/envs/default/bin/cmake -E copy_directory /home/runner/work/pixi_rosdistro/pixi_rosdistro/build/builtin_interfaces/rosidl_generator_py/builtin_interfaces /home/runner/work/pixi_rosdistro/pixi_rosdistro/build/builtin_interfaces/ament_cmake_python/builtin_interfaces/builtin_interfaces
[25.500s] [44/47] Linking C shared module rosidl_generator_py/builtin_interfaces/builtin_interfaces_s__rosidl_typesupport_fastrtps_c.so
[25.554s] [45/47] Linking C shared module rosidl_generator_py/builtin_interfaces/builtin_interfaces_s__rosidl_typesupport_introspection_c.so
[25.584s] [46/47] Linking C shared module rosidl_generator_py/builtin_interfaces/builtin_interfaces_s__rosidl_typesupport_c.so
[26.093s] [47/47] cd /home/runner/work/pixi_rosdistro/pixi_rosdistro/build/builtin_interfaces/ament_cmake_python/builtin_interfaces && /home/runner/work/pixi_rosdistro/pixi_rosdistro/.pixi/envs/default/bin/python3 setup.py egg_info
[26.093s] running egg_info
[26.093s] creating builtin_interfaces.egg-info
[26.093s] writing builtin_interfaces.egg-info/PKG-INFO
[26.093s] writing dependency_links to builtin_interfaces.egg-info/dependency_links.txt
[26.093s] writing top-level names to builtin_interfaces.egg-info/top_level.txt
[26.093s] writing manifest file 'builtin_interfaces.egg-info/SOURCES.txt'
[26.094s] reading manifest file 'builtin_interfaces.egg-info/SOURCES.txt'
[26.094s] writing manifest file 'builtin_interfaces.egg-info/SOURCES.txt'
[26.096s] Invoked command in '/home/runner/work/pixi_rosdistro/pixi_rosdistro/build/builtin_interfaces' returned '0': AMENT_PREFIX_PATH=/home/runner/work/pixi_rosdistro/pixi_rosdistro/install CMAKE_PREFIX_PATH=/home/runner/work/pixi_rosdistro/pixi_rosdistro/install:${CMAKE_PREFIX_PATH} LD_LIBRARY_PATH=/home/runner/work/pixi_rosdistro/pixi_rosdistro/install/lib PATH=/home/runner/work/pixi_rosdistro/pixi_rosdistro/install/bin:/opt/microsoft/powershell/7:${PATH} PIXI_PROMPT=(ros2_rolling) PKG_CONFIG_PATH=/home/runner/work/pixi_rosdistro/pixi_rosdistro/install/lib/pkgconfig PSModulePath=/home/runner/.local/share/powershell/Modules:${PSModulePath} PYTHONPATH=/home/runner/work/pixi_rosdistro/pixi_rosdistro/install/lib/python3.12/site-packages ROS_DOMAIN_ID=13 /home/runner/work/pixi_rosdistro/pixi_rosdistro/.pixi/envs/default/bin/cmake --build /home/runner/work/pixi_rosdistro/pixi_rosdistro/build/builtin_interfaces -- -j4 -l4
[26.098s] Invoking command in '/home/runner/work/pixi_rosdistro/pixi_rosdistro/build/builtin_interfaces': AMENT_PREFIX_PATH=/home/runner/work/pixi_rosdistro/pixi_rosdistro/install CMAKE_PREFIX_PATH=/home/runner/work/pixi_rosdistro/pixi_rosdistro/install:${CMAKE_PREFIX_PATH} LD_LIBRARY_PATH=/home/runner/work/pixi_rosdistro/pixi_rosdistro/install/lib PATH=/home/runner/work/pixi_rosdistro/pixi_rosdistro/install/bin:/opt/microsoft/powershell/7:${PATH} PIXI_PROMPT=(ros2_rolling) PKG_CONFIG_PATH=/home/runner/work/pixi_rosdistro/pixi_rosdistro/install/lib/pkgconfig PSModulePath=/home/runner/.local/share/powershell/Modules:${PSModulePath} PYTHONPATH=/home/runner/work/pixi_rosdistro/pixi_rosdistro/install/lib/python3.12/site-packages ROS_DOMAIN_ID=13 /home/runner/work/pixi_rosdistro/pixi_rosdistro/.pixi/envs/default/bin/cmake --install /home/runner/work/pixi_rosdistro/pixi_rosdistro/build/builtin_interfaces
[26.107s] -- Install configuration: "Release"
[26.107s] -- Installing: /home/runner/work/pixi_rosdistro/pixi_rosdistro/install/share/ament_index/resource_index/rosidl_interfaces/builtin_interfaces
[26.107s] -- Installing: /home/runner/work/pixi_rosdistro/pixi_rosdistro/install/share/builtin_interfaces/msg/Duration.json
[26.108s] -- Installing: /home/runner/work/pixi_rosdistro/pixi_rosdistro/install/share/builtin_interfaces/msg/Time.json
[26.108s] -- Installing: /home/runner/work/pixi_rosdistro/pixi_rosdistro/install/include/builtin_interfaces/builtin_interfaces
[26.109s] -- Installing: /home/runner/work/pixi_rosdistro/pixi_rosdistro/install/include/builtin_interfaces/builtin_interfaces/msg
[26.109s] -- Installing: /home/runner/work/pixi_rosdistro/pixi_rosdistro/install/include/builtin_interfaces/builtin_interfaces/msg/rosidl_generator_c__visibility_control.h
[26.109s] -- Installing: /home/runner/work/pixi_rosdistro/pixi_rosdistro/install/include/builtin_interfaces/builtin_interfaces/msg/time.h
[26.109s] -- Installing: /home/runner/work/pixi_rosdistro/pixi_rosdistro/install/include/builtin_interfaces/builtin_interfaces/msg/detail
[26.110s] -- Installing: /home/runner/work/pixi_rosdistro/pixi_rosdistro/install/include/builtin_interfaces/builtin_interfaces/msg/detail/duration__type_support.c
[26.110s] -- Installing: /home/runner/work/pixi_rosdistro/pixi_rosdistro/install/include/builtin_interfaces/builtin_interfaces/msg/detail/time__struct.h
[26.110s] -- Installing: /home/runner/work/pixi_rosdistro/pixi_rosdistro/install/include/builtin_interfaces/builtin_interfaces/msg/detail/duration__description.c
[26.111s] -- Installing: /home/runner/work/pixi_rosdistro/pixi_rosdistro/install/include/builtin_interfaces/builtin_interfaces/msg/detail/time__type_support.h
[26.111s] -- Installing: /home/runner/work/pixi_rosdistro/pixi_rosdistro/install/include/builtin_interfaces/builtin_interfaces/msg/detail/duration__struct.h
[26.111s] -- Installing: /home/runner/work/pixi_rosdistro/pixi_rosdistro/install/include/builtin_interfaces/builtin_interfaces/msg/detail/duration__functions.h
[26.113s] -- Installing: /home/runner/work/pixi_rosdistro/pixi_rosdistro/install/include/builtin_interfaces/builtin_interfaces/msg/detail/duration__type_support.h
[26.113s] -- Installing: /home/runner/work/pixi_rosdistro/pixi_rosdistro/install/include/builtin_interfaces/builtin_interfaces/msg/detail/time__functions.h
[26.113s] -- Installing: /home/runner/work/pixi_rosdistro/pixi_rosdistro/install/include/builtin_interfaces/builtin_interfaces/msg/detail/time__type_support.c
[26.113s] -- Installing: /home/runner/work/pixi_rosdistro/pixi_rosdistro/install/include/builtin_interfaces/builtin_interfaces/msg/detail/time__description.c
[26.113s] -- Installing: /home/runner/work/pixi_rosdistro/pixi_rosdistro/install/include/builtin_interfaces/builtin_interfaces/msg/detail/time__functions.c
[26.113s] -- Installing: /home/runner/work/pixi_rosdistro/pixi_rosdistro/install/include/builtin_interfaces/builtin_interfaces/msg/detail/duration__functions.c
[26.114s] -- Installing: /home/runner/work/pixi_rosdistro/pixi_rosdistro/install/include/builtin_interfaces/builtin_interfaces/msg/duration.h
[26.114s] -- Installing: /home/runner/work/pixi_rosdistro/pixi_rosdistro/install/share/builtin_interfaces/environment/library_path.sh
[26.117s] -- Installing: /home/runner/work/pixi_rosdistro/pixi_rosdistro/install/share/builtin_interfaces/environment/library_path.dsv
[26.117s] -- Installing: /home/runner/work/pixi_rosdistro/pixi_rosdistro/install/lib/libbuiltin_interfaces__rosidl_generator_c.so
[26.117s] -- Up-to-date: /home/runner/work/pixi_rosdistro/pixi_rosdistro/install/include/builtin_interfaces/builtin_interfaces
[26.117s] -- Up-to-date: /home/runner/work/pixi_rosdistro/pixi_rosdistro/install/include/builtin_interfaces/builtin_interfaces/msg
[26.117s] -- Installing: /home/runner/work/pixi_rosdistro/pixi_rosdistro/install/include/builtin_interfaces/builtin_interfaces/msg/rosidl_typesupport_fastrtps_c__visibility_control.h
[26.117s] -- Up-to-date: /home/runner/work/pixi_rosdistro/pixi_rosdistro/install/include/builtin_interfaces/builtin_interfaces/msg/detail
[26.118s] -- Installing: /home/runner/work/pixi_rosdistro/pixi_rosdistro/install/include/builtin_interfaces/builtin_interfaces/msg/detail/time__rosidl_typesupport_fastrtps_c.h
[26.118s] -- Installing: /home/runner/work/pixi_rosdistro/pixi_rosdistro/install/include/builtin_interfaces/builtin_interfaces/msg/detail/duration__rosidl_typesupport_fastrtps_c.h
[26.118s] -- Installing: /home/runner/work/pixi_rosdistro/pixi_rosdistro/install/lib/libbuiltin_interfaces__rosidl_typesupport_fastrtps_c.so
[26.118s] -- Up-to-date: /home/runner/work/pixi_rosdistro/pixi_rosdistro/install/include/builtin_interfaces/builtin_interfaces
[26.118s] -- Up-to-date: /home/runner/work/pixi_rosdistro/pixi_rosdistro/install/include/builtin_interfaces/builtin_interfaces/msg
[26.118s] -- Installing: /home/runner/work/pixi_rosdistro/pixi_rosdistro/install/include/builtin_interfaces/builtin_interfaces/msg/rosidl_typesupport_introspection_c__visibility_control.h
[26.118s] -- Up-to-date: /home/runner/work/pixi_rosdistro/pixi_rosdistro/install/include/builtin_interfaces/builtin_interfaces/msg/detail
[26.118s] -- Installing: /home/runner/work/pixi_rosdistro/pixi_rosdistro/install/include/builtin_interfaces/builtin_interfaces/msg/detail/duration__type_support.c
[26.118s] -- Installing: /home/runner/work/pixi_rosdistro/pixi_rosdistro/install/include/builtin_interfaces/builtin_interfaces/msg/detail/duration__rosidl_typesupport_introspection_c.h
[26.118s] -- Installing: /home/runner/work/pixi_rosdistro/pixi_rosdistro/install/include/builtin_interfaces/builtin_interfaces/msg/detail/time__type_support.c
[26.119s] -- Installing: /home/runner/work/pixi_rosdistro/pixi_rosdistro/install/include/builtin_interfaces/builtin_interfaces/msg/detail/time__rosidl_typesupport_introspection_c.h
[26.119s] -- Installing: /home/runner/work/pixi_rosdistro/pixi_rosdistro/install/lib/libbuiltin_interfaces__rosidl_typesupport_introspection_c.so
[26.120s] -- Installing: /home/runner/work/pixi_rosdistro/pixi_rosdistro/install/lib/libbuiltin_interfaces__rosidl_typesupport_c.so
[26.120s] -- Up-to-date: /home/runner/work/pixi_rosdistro/pixi_rosdistro/install/include/builtin_interfaces/builtin_interfaces
[26.120s] -- Up-to-date: /home/runner/work/pixi_rosdistro/pixi_rosdistro/install/include/builtin_interfaces/builtin_interfaces/msg
[26.121s] -- Installing: /home/runner/work/pixi_rosdistro/pixi_rosdistro/install/include/builtin_interfaces/builtin_interfaces/msg/duration.hpp
[26.121s] -- Installing: /home/runner/work/pixi_rosdistro/pixi_rosdistro/install/include/builtin_interfaces/builtin_interfaces/msg/time.hpp
[26.121s] -- Installing: /home/runner/work/pixi_rosdistro/pixi_rosdistro/install/include/builtin_interfaces/builtin_interfaces/msg/rosidl_generator_cpp__visibility_control.hpp
[26.122s] -- Up-to-date: /home/runner/work/pixi_rosdistro/pixi_rosdistro/install/include/builtin_interfaces/builtin_interfaces/msg/detail
[26.122s] -- Installing: /home/runner/work/pixi_rosdistro/pixi_rosdistro/install/include/builtin_interfaces/builtin_interfaces/msg/detail/duration__type_support.hpp
[26.123s] -- Installing: /home/runner/work/pixi_rosdistro/pixi_rosdistro/install/include/builtin_interfaces/builtin_interfaces/msg/detail/time__struct.hpp
[26.124s] -- Installing: /home/runner/work/pixi_rosdistro/pixi_rosdistro/install/include/builtin_interfaces/builtin_interfaces/msg/detail/duration__traits.hpp
[26.124s] -- Installing: /home/runner/work/pixi_rosdistro/pixi_rosdistro/install/include/builtin_interfaces/builtin_interfaces/msg/detail/duration__struct.hpp
[26.124s] -- Installing: /home/runner/work/pixi_rosdistro/pixi_rosdistro/install/include/builtin_interfaces/builtin_interfaces/msg/detail/time__type_support.hpp
[26.124s] -- Installing: /home/runner/work/pixi_rosdistro/pixi_rosdistro/install/include/builtin_interfaces/builtin_interfaces/msg/detail/time__builder.hpp
[26.124s] -- Installing: /home/runner/work/pixi_rosdistro/pixi_rosdistro/install/include/builtin_interfaces/builtin_interfaces/msg/detail/duration__builder.hpp
[26.124s] -- Installing: /home/runner/work/pixi_rosdistro/pixi_rosdistro/install/include/builtin_interfaces/builtin_interfaces/msg/detail/time__traits.hpp
[26.125s] -- Up-to-date: /home/runner/work/pixi_rosdistro/pixi_rosdistro/install/include/builtin_interfaces/builtin_interfaces
[26.125s] -- Up-to-date: /home/runner/work/pixi_rosdistro/pixi_rosdistro/install/include/builtin_interfaces/builtin_interfaces/msg
[26.125s] -- Installing: /home/runner/work/pixi_rosdistro/pixi_rosdistro/install/include/builtin_interfaces/builtin_interfaces/msg/rosidl_typesupport_fastrtps_cpp__visibility_control.h
[26.126s] -- Up-to-date: /home/runner/work/pixi_rosdistro/pixi_rosdistro/install/include/builtin_interfaces/builtin_interfaces/msg/detail
[26.126s] -- Installing: /home/runner/work/pixi_rosdistro/pixi_rosdistro/install/include/builtin_interfaces/builtin_interfaces/msg/detail/duration__rosidl_typesupport_fastrtps_cpp.hpp
[26.130s] -- Installing: /home/runner/work/pixi_rosdistro/pixi_rosdistro/install/include/builtin_interfaces/builtin_interfaces/msg/detail/time__rosidl_typesupport_fastrtps_cpp.hpp
[26.130s] -- Installing: /home/runner/work/pixi_rosdistro/pixi_rosdistro/install/include/builtin_interfaces/builtin_interfaces/msg/detail/dds_fastrtps
[26.131s] -- Installing: /home/runner/work/pixi_rosdistro/pixi_rosdistro/install/lib/libbuiltin_interfaces__rosidl_typesupport_fastrtps_cpp.so
[26.131s] -- Up-to-date: /home/runner/work/pixi_rosdistro/pixi_rosdistro/install/include/builtin_interfaces/builtin_interfaces
[26.131s] -- Up-to-date: /home/runner/work/pixi_rosdistro/pixi_rosdistro/install/include/builtin_interfaces/builtin_interfaces/msg
[26.131s] -- Up-to-date: /home/runner/work/pixi_rosdistro/pixi_rosdistro/install/include/builtin_interfaces/builtin_interfaces/msg/detail
[26.131s] -- Installing: /home/runner/work/pixi_rosdistro/pixi_rosdistro/install/include/builtin_interfaces/builtin_interfaces/msg/detail/time__rosidl_typesupport_introspection_cpp.hpp
[26.131s] -- Installing: /home/runner/work/pixi_rosdistro/pixi_rosdistro/install/include/builtin_interfaces/builtin_interfaces/msg/detail/duration__type_support.cpp
[26.131s] -- Installing: /home/runner/work/pixi_rosdistro/pixi_rosdistro/install/include/builtin_interfaces/builtin_interfaces/msg/detail/duration__rosidl_typesupport_introspection_cpp.hpp
[26.132s] -- Installing: /home/runner/work/pixi_rosdistro/pixi_rosdistro/install/include/builtin_interfaces/builtin_interfaces/msg/detail/time__type_support.cpp
[26.132s] -- Installing: /home/runner/work/pixi_rosdistro/pixi_rosdistro/install/lib/libbuiltin_interfaces__rosidl_typesupport_introspection_cpp.so
[26.154s] -- Installing: /home/runner/work/pixi_rosdistro/pixi_rosdistro/install/lib/libbuiltin_interfaces__rosidl_typesupport_cpp.so
[26.154s] -- Installing: /home/runner/work/pixi_rosdistro/pixi_rosdistro/install/share/builtin_interfaces/environment/pythonpath.sh
[26.154s] -- Installing: /home/runner/work/pixi_rosdistro/pixi_rosdistro/install/share/builtin_interfaces/environment/pythonpath.dsv
[26.154s] -- Installing: /home/runner/work/pixi_rosdistro/pixi_rosdistro/install/lib/python3.12/site-packages/builtin_interfaces/builtin_interfaces_s__rosidl_typesupport_fastrtps_c.so
[26.154s] -- Installing: /home/runner/work/pixi_rosdistro/pixi_rosdistro/install/lib/python3.12/site-packages/builtin_interfaces/builtin_interfaces_s__rosidl_typesupport_introspection_c.so
[26.154s] -- Installing: /home/runner/work/pixi_rosdistro/pixi_rosdistro/install/lib/python3.12/site-packages/builtin_interfaces/builtin_interfaces_s__rosidl_typesupport_c.so
[26.155s] -- Installing: /home/runner/work/pixi_rosdistro/pixi_rosdistro/install/lib/libbuiltin_interfaces__rosidl_generator_py.so
[26.155s] -- Installing: /home/runner/work/pixi_rosdistro/pixi_rosdistro/install/share/ament_index/resource_index/rust_packages/builtin_interfaces
[26.155s] -- Installing: /home/runner/work/pixi_rosdistro/pixi_rosdistro/install/share/builtin_interfaces/rust
[26.155s] -- Installing: /home/runner/work/pixi_rosdistro/pixi_rosdistro/install/share/builtin_interfaces/rust/Cargo.toml
[26.155s] -- Installing: /home/runner/work/pixi_rosdistro/pixi_rosdistro/install/share/builtin_interfaces/rust/build.rs
[26.155s] -- Installing: /home/runner/work/pixi_rosdistro/pixi_rosdistro/install/share/builtin_interfaces/rust/src
[26.155s] -- Installing: /home/runner/work/pixi_rosdistro/pixi_rosdistro/install/share/builtin_interfaces/rust/src/msg.rs
[26.156s] -- Installing: /home/runner/work/pixi_rosdistro/pixi_rosdistro/install/share/builtin_interfaces/rust/src/msg
[26.156s] -- Installing: /home/runner/work/pixi_rosdistro/pixi_rosdistro/install/share/builtin_interfaces/rust/src/msg/rmw.rs
[26.156s] -- Installing: /home/runner/work/pixi_rosdistro/pixi_rosdistro/install/share/builtin_interfaces/rust/src/lib.rs
[26.156s] -- Installing: /home/runner/work/pixi_rosdistro/pixi_rosdistro/install/share/builtin_interfaces/msg/Duration.idl
[26.156s] -- Installing: /home/runner/work/pixi_rosdistro/pixi_rosdistro/install/share/builtin_interfaces/msg/Time.idl
[26.156s] -- Installing: /home/runner/work/pixi_rosdistro/pixi_rosdistro/install/share/builtin_interfaces/msg/Duration.msg
[26.157s] -- Installing: /home/runner/work/pixi_rosdistro/pixi_rosdistro/install/share/builtin_interfaces/msg/Time.msg
[26.157s] -- Installing: /home/runner/work/pixi_rosdistro/pixi_rosdistro/install/share/ament_index/resource_index/package_run_dependencies/builtin_interfaces
[26.157s] -- Installing: /home/runner/work/pixi_rosdistro/pixi_rosdistro/install/share/ament_index/resource_index/parent_prefix_path/builtin_interfaces
[26.157s] -- Installing: /home/runner/work/pixi_rosdistro/pixi_rosdistro/install/share/builtin_interfaces/environment/ament_prefix_path.sh
[26.157s] -- Installing: /home/runner/work/pixi_rosdistro/pixi_rosdistro/install/share/builtin_interfaces/environment/ament_prefix_path.dsv
[26.157s] -- Installing: /home/runner/work/pixi_rosdistro/pixi_rosdistro/install/share/builtin_interfaces/environment/path.sh
[26.157s] -- Installing: /home/runner/work/pixi_rosdistro/pixi_rosdistro/install/share/builtin_interfaces/environment/path.dsv
[26.157s] -- Installing: /home/runner/work/pixi_rosdistro/pixi_rosdistro/install/share/builtin_interfaces/local_setup.bash
[26.157s] -- Installing: /home/runner/work/pixi_rosdistro/pixi_rosdistro/install/share/builtin_interfaces/local_setup.fish
[26.158s] -- Installing: /home/runner/work/pixi_rosdistro/pixi_rosdistro/install/share/builtin_interfaces/local_setup.sh
[26.158s] -- Installing: /home/runner/work/pixi_rosdistro/pixi_rosdistro/install/share/builtin_interfaces/local_setup.zsh
[26.158s] -- Installing: /home/runner/work/pixi_rosdistro/pixi_rosdistro/install/share/builtin_interfaces/local_setup.dsv
[26.158s] -- Installing: /home/runner/work/pixi_rosdistro/pixi_rosdistro/install/share/builtin_interfaces/package.dsv
[26.158s] -- Installing: /home/runner/work/pixi_rosdistro/pixi_rosdistro/install/share/ament_index/resource_index/packages/builtin_interfaces
[26.158s] -- Installing: /home/runner/work/pixi_rosdistro/pixi_rosdistro/install/share/builtin_interfaces/cmake/export_builtin_interfaces__rosidl_generator_cExport.cmake
[26.158s] -- Installing: /home/runner/work/pixi_rosdistro/pixi_rosdistro/install/share/builtin_interfaces/cmake/export_builtin_interfaces__rosidl_generator_cExport-release.cmake
[26.158s] -- Installing: /home/runner/work/pixi_rosdistro/pixi_rosdistro/install/share/builtin_interfaces/cmake/export_builtin_interfaces__rosidl_typesupport_fastrtps_cExport.cmake
[26.158s] -- Installing: /home/runner/work/pixi_rosdistro/pixi_rosdistro/install/share/builtin_interfaces/cmake/export_builtin_interfaces__rosidl_typesupport_fastrtps_cExport-release.cmake
[26.158s] -- Installing: /home/runner/work/pixi_rosdistro/pixi_rosdistro/install/share/builtin_interfaces/cmake/builtin_interfaces__rosidl_typesupport_introspection_cExport.cmake
[26.158s] -- Installing: /home/runner/work/pixi_rosdistro/pixi_rosdistro/install/share/builtin_interfaces/cmake/builtin_interfaces__rosidl_typesupport_introspection_cExport-release.cmake
[26.158s] -- Installing: /home/runner/work/pixi_rosdistro/pixi_rosdistro/install/share/builtin_interfaces/cmake/builtin_interfaces__rosidl_typesupport_cExport.cmake
[26.159s] -- Installing: /home/runner/work/pixi_rosdistro/pixi_rosdistro/install/share/builtin_interfaces/cmake/builtin_interfaces__rosidl_typesupport_cExport-release.cmake
[26.159s] -- Installing: /home/runner/work/pixi_rosdistro/pixi_rosdistro/install/share/builtin_interfaces/cmake/export_builtin_interfaces__rosidl_generator_cppExport.cmake
[26.159s] -- Installing: /home/runner/work/pixi_rosdistro/pixi_rosdistro/install/share/builtin_interfaces/cmake/export_builtin_interfaces__rosidl_typesupport_fastrtps_cppExport.cmake
[26.159s] -- Installing: /home/runner/work/pixi_rosdistro/pixi_rosdistro/install/share/builtin_interfaces/cmake/export_builtin_interfaces__rosidl_typesupport_fastrtps_cppExport-release.cmake
[26.159s] -- Installing: /home/runner/work/pixi_rosdistro/pixi_rosdistro/install/share/builtin_interfaces/cmake/builtin_interfaces__rosidl_typesupport_introspection_cppExport.cmake
[26.159s] -- Installing: /home/runner/work/pixi_rosdistro/pixi_rosdistro/install/share/builtin_interfaces/cmake/builtin_interfaces__rosidl_typesupport_introspection_cppExport-release.cmake
[26.159s] -- Installing: /home/runner/work/pixi_rosdistro/pixi_rosdistro/install/share/builtin_interfaces/cmake/builtin_interfaces__rosidl_typesupport_cppExport.cmake
[26.159s] -- Installing: /home/runner/work/pixi_rosdistro/pixi_rosdistro/install/share/builtin_interfaces/cmake/builtin_interfaces__rosidl_typesupport_cppExport-release.cmake
[26.161s] -- Installing: /home/runner/work/pixi_rosdistro/pixi_rosdistro/install/share/builtin_interfaces/cmake/export_builtin_interfaces__rosidl_generator_pyExport.cmake
[26.161s] -- Installing: /home/runner/work/pixi_rosdistro/pixi_rosdistro/install/share/builtin_interfaces/cmake/export_builtin_interfaces__rosidl_generator_pyExport-release.cmake
[26.161s] -- Installing: /home/runner/work/pixi_rosdistro/pixi_rosdistro/install/lib/python3.12/site-packages/builtin_interfaces-2.4.3-py3.12.egg-info
[26.161s] -- Installing: /home/runner/work/pixi_rosdistro/pixi_rosdistro/install/lib/python3.12/site-packages/builtin_interfaces-2.4.3-py3.12.egg-info/dependency_links.txt
[26.161s] -- Installing: /home/runner/work/pixi_rosdistro/pixi_rosdistro/install/lib/python3.12/site-packages/builtin_interfaces-2.4.3-py3.12.egg-info/top_level.txt
[26.161s] -- Installing: /home/runner/work/pixi_rosdistro/pixi_rosdistro/install/lib/python3.12/site-packages/builtin_interfaces-2.4.3-py3.12.egg-info/PKG-INFO
[26.162s] -- Installing: /home/runner/work/pixi_rosdistro/pixi_rosdistro/install/lib/python3.12/site-packages/builtin_interfaces-2.4.3-py3.12.egg-info/SOURCES.txt
[26.162s] -- Up-to-date: /home/runner/work/pixi_rosdistro/pixi_rosdistro/install/lib/python3.12/site-packages/builtin_interfaces
[26.162s] -- Installing: /home/runner/work/pixi_rosdistro/pixi_rosdistro/install/lib/python3.12/site-packages/builtin_interfaces/_builtin_interfaces_s.ep.rosidl_typesupport_introspection_c.c
[26.162s] -- Installing: /home/runner/work/pixi_rosdistro/pixi_rosdistro/install/lib/python3.12/site-packages/builtin_interfaces/__init__.py
[26.162s] -- Installing: /home/runner/work/pixi_rosdistro/pixi_rosdistro/install/lib/python3.12/site-packages/builtin_interfaces/msg
[26.166s] -- Installing: /home/runner/work/pixi_rosdistro/pixi_rosdistro/install/lib/python3.12/site-packages/builtin_interfaces/msg/__init__.py
[26.166s] -- Installing: /home/runner/work/pixi_rosdistro/pixi_rosdistro/install/lib/python3.12/site-packages/builtin_interfaces/msg/_time_s.c
[26.167s] -- Installing: /home/runner/work/pixi_rosdistro/pixi_rosdistro/install/lib/python3.12/site-packages/builtin_interfaces/msg/_time.py
[26.167s] -- Installing: /home/runner/work/pixi_rosdistro/pixi_rosdistro/install/lib/python3.12/site-packages/builtin_interfaces/msg/_duration.py
[26.167s] -- Installing: /home/runner/work/pixi_rosdistro/pixi_rosdistro/install/lib/python3.12/site-packages/builtin_interfaces/msg/_duration_s.c
[26.167s] -- Up-to-date: /home/runner/work/pixi_rosdistro/pixi_rosdistro/install/lib/python3.12/site-packages/builtin_interfaces/builtin_interfaces_s__rosidl_typesupport_introspection_c.so
[26.167s] -- Installing: /home/runner/work/pixi_rosdistro/pixi_rosdistro/install/lib/python3.12/site-packages/builtin_interfaces/py.typed
[26.167s] -- Up-to-date: /home/runner/work/pixi_rosdistro/pixi_rosdistro/install/lib/python3.12/site-packages/builtin_interfaces/builtin_interfaces_s__rosidl_typesupport_c.so
[26.167s] -- Installing: /home/runner/work/pixi_rosdistro/pixi_rosdistro/install/lib/python3.12/site-packages/builtin_interfaces/_builtin_interfaces_s.ep.rosidl_typesupport_c.c
[26.167s] -- Installing: /home/runner/work/pixi_rosdistro/pixi_rosdistro/install/lib/python3.12/site-packages/builtin_interfaces/_builtin_interfaces_s.ep.rosidl_typesupport_fastrtps_c.c
[26.167s] -- Up-to-date: /home/runner/work/pixi_rosdistro/pixi_rosdistro/install/lib/python3.12/site-packages/builtin_interfaces/builtin_interfaces_s__rosidl_typesupport_fastrtps_c.so
[26.220s] Listing '/home/runner/work/pixi_rosdistro/pixi_rosdistro/install/lib/python3.12/site-packages/builtin_interfaces'...
[26.220s] Compiling '/home/runner/work/pixi_rosdistro/pixi_rosdistro/install/lib/python3.12/site-packages/builtin_interfaces/__init__.py'...
[26.220s] Listing '/home/runner/work/pixi_rosdistro/pixi_rosdistro/install/lib/python3.12/site-packages/builtin_interfaces/msg'...
[26.220s] Compiling '/home/runner/work/pixi_rosdistro/pixi_rosdistro/install/lib/python3.12/site-packages/builtin_interfaces/msg/__init__.py'...
[26.221s] Compiling '/home/runner/work/pixi_rosdistro/pixi_rosdistro/install/lib/python3.12/site-packages/builtin_interfaces/msg/_duration.py'...
[26.221s] Compiling '/home/runner/work/pixi_rosdistro/pixi_rosdistro/install/lib/python3.12/site-packages/builtin_interfaces/msg/_time.py'...
[26.227s] -- Installing: /home/runner/work/pixi_rosdistro/pixi_rosdistro/install/share/builtin_interfaces/cmake/rosidl_cmake-extras.cmake
[26.228s] -- Installing: /home/runner/work/pixi_rosdistro/pixi_rosdistro/install/share/builtin_interfaces/cmake/ament_cmake_export_include_directories-extras.cmake
[26.228s] -- Installing: /home/runner/work/pixi_rosdistro/pixi_rosdistro/install/share/builtin_interfaces/cmake/ament_cmake_export_libraries-extras.cmake
[26.229s] -- Installing: /home/runner/work/pixi_rosdistro/pixi_rosdistro/install/share/builtin_interfaces/cmake/ament_cmake_export_targets-extras.cmake
[26.229s] -- Installing: /home/runner/work/pixi_rosdistro/pixi_rosdistro/install/share/builtin_interfaces/cmake/rosidl_cmake_export_typesupport_targets-extras.cmake
[26.230s] -- Installing: /home/runner/work/pixi_rosdistro/pixi_rosdistro/install/share/builtin_interfaces/cmake/ament_cmake_export_dependencies-extras.cmake
[26.230s] -- Installing: /home/runner/work/pixi_rosdistro/pixi_rosdistro/install/share/builtin_interfaces/cmake/rosidl_cmake_export_typesupport_libraries-extras.cmake
[26.231s] -- Installing: /home/runner/work/pixi_rosdistro/pixi_rosdistro/install/share/builtin_interfaces/cmake/rosidl_cmake_aggregate_target-extras.cmake
[26.231s] -- Installing: /home/runner/work/pixi_rosdistro/pixi_rosdistro/install/share/builtin_interfaces/cmake/builtin_interfacesConfig.cmake
[26.231s] -- Installing: /home/runner/work/pixi_rosdistro/pixi_rosdistro/install/share/builtin_interfaces/cmake/builtin_interfacesConfig-version.cmake
[26.232s] -- Installing: /home/runner/work/pixi_rosdistro/pixi_rosdistro/install/share/builtin_interfaces/package.xml
[26.237s] Invoked command in '/home/runner/work/pixi_rosdistro/pixi_rosdistro/build/builtin_interfaces' returned '0': AMENT_PREFIX_PATH=/home/runner/work/pixi_rosdistro/pixi_rosdistro/install CMAKE_PREFIX_PATH=/home/runner/work/pixi_rosdistro/pixi_rosdistro/install:${CMAKE_PREFIX_PATH} LD_LIBRARY_PATH=/home/runner/work/pixi_rosdistro/pixi_rosdistro/install/lib PATH=/home/runner/work/pixi_rosdistro/pixi_rosdistro/install/bin:/opt/microsoft/powershell/7:${PATH} PIXI_PROMPT=(ros2_rolling) PKG_CONFIG_PATH=/home/runner/work/pixi_rosdistro/pixi_rosdistro/install/lib/pkgconfig PSModulePath=/home/runner/.local/share/powershell/Modules:${PSModulePath} PYTHONPATH=/home/runner/work/pixi_rosdistro/pixi_rosdistro/install/lib/python3.12/site-packages ROS_DOMAIN_ID=13 /home/runner/work/pixi_rosdistro/pixi_rosdistro/.pixi/envs/default/bin/cmake --install /home/runner/work/pixi_rosdistro/pixi_rosdistro/build/builtin_interfaces
