[2.510s] Invoking command in '/Users/runner/work/pixi_rosdistro/pixi_rosdistro/build/rcl_logging_spdlog': AMENT_PREFIX_PATH=/Users/runner/work/pixi_rosdistro/pixi_rosdistro/install CMAKE_PREFIX_PATH=/Users/runner/work/pixi_rosdistro/pixi_rosdistro/install DYLD_LIBRARY_PATH=/Users/runner/work/pixi_rosdistro/pixi_rosdistro/install/lib:/Users/runner/work/pixi_rosdistro/pixi_rosdistro/install/opt/mimick_vendor/lib:/Users/runner/work/pixi_rosdistro/pixi_rosdistro/install/opt/zenoh_cpp_vendor/lib PATH=/Users/runner/work/pixi_rosdistro/pixi_rosdistro/install/bin:${PATH} PIXI_PROMPT=(ros2_rolling) PKG_CONFIG_PATH=/Users/runner/work/pixi_rosdistro/pixi_rosdistro/install/lib/pkgconfig PYTHONPATH=/Users/runner/work/pixi_rosdistro/pixi_rosdistro/install/lib/python3.12/site-packages ROS_PYTHON_VERSION=3 SHLVL=3 _=/usr/bin/env /Users/runner/work/pixi_rosdistro/pixi_rosdistro/.pixi/envs/default/bin/cmake /Users/runner/work/pixi_rosdistro/pixi_rosdistro/src/ros2/rcl_logging/rcl_logging_spdlog -GNinja --no-warn-unused-cli -DCMAKE_BUILD_TYPE=Release -DCMAKE_BUILD_WITH_INSTALL_RPATH:bool=TRUE -DCMAKE_POLICY_VERSION_MINIMUM=3.5 -Wno-deprecated -DSTACK_DETAILS_AUTO_DETECT:bool=FALSE -DSTACK_DETAILS_BFD:bool=FALSE -DCMAKE_INSTALL_PREFIX=/Users/runner/work/pixi_rosdistro/pixi_rosdistro/install
[2.942s] Not searching for unused variables given on the command line.
[2.942s] -- The C compiler identification is AppleClang 17.0.0.17000013
[3.247s] -- The CXX compiler identification is AppleClang 17.0.0.17000013
[3.331s] -- Detecting C compiler ABI info
[4.175s] -- Detecting C compiler ABI info - done
[4.218s] -- Check for working C compiler: /usr/bin/cc - skipped
[4.219s] -- Detecting C compile features
[4.220s] -- Detecting C compile features - done
[4.233s] -- Detecting CXX compiler ABI info
[5.022s] -- Detecting CXX compiler ABI info - done
[5.096s] -- Check for working CXX compiler: /usr/bin/c++ - skipped
[5.097s] -- Detecting CXX compile features
[5.097s] -- Detecting CXX compile features - done
[5.120s] -- Found ament_cmake_ros: 0.15.6 (/Users/runner/work/pixi_rosdistro/pixi_rosdistro/install/share/ament_cmake_ros/cmake)
[5.874s] -- Found rcl_logging_interface: 3.4.1 (/Users/runner/work/pixi_rosdistro/pixi_rosdistro/install/share/rcl_logging_interface/cmake)
[5.901s] -- Found rcpputils: 2.14.3 (/Users/runner/work/pixi_rosdistro/pixi_rosdistro/install/share/rcpputils/cmake)
[5.916s] -- Found spdlog_vendor: 1.8.0 (/Users/runner/work/pixi_rosdistro/pixi_rosdistro/install/share/spdlog_vendor/cmake)
[5.940s] -- Performing Test CMAKE_HAVE_LIBC_PTHREAD
[6.586s] -- Performing Test CMAKE_HAVE_LIBC_PTHREAD - Success
[6.588s] -- Found Threads: TRUE
[6.637s] -- Found ament_lint_auto: 0.20.3 (/Users/runner/work/pixi_rosdistro/pixi_rosdistro/install/share/ament_lint_auto/cmake)
[7.008s] -- Found gmock sources under '/Users/runner/work/pixi_rosdistro/pixi_rosdistro/install/src/gmock_vendor': C++ tests using 'Google Mock' will be built
[7.025s] -- Found gtest sources under '/Users/runner/work/pixi_rosdistro/pixi_rosdistro/install/src/gtest_vendor': C++ tests using 'Google Test' will be built
[7.033s] -- Performance tests are disabled by default, so Google Benchmark tests will be skipped. To enable these tests, set the CMake variable 'AMENT_RUN_PERFORMANCE_TESTS'.
[7.043s] -- Added test 'copyright' to check source files copyright and LICENSE
[7.048s] -- Added test 'cpplint' to check C / C++ code against the Google style
[7.048s] -- Configured cpplint exclude dirs and/or files: 
[7.052s] -- Added test 'lint_cmake' to check CMake code style
[7.055s] -- Added test 'uncrustify' to check C / C++ code style
[7.055s] -- Configured uncrustify additional arguments: 
[7.058s] -- Added test 'xmllint' to check XML markup files
[7.068s] -- Configuring done (4.5s)
[7.148s] -- Generating done (0.1s)
[7.182s] -- Build files have been written to: /Users/runner/work/pixi_rosdistro/pixi_rosdistro/build/rcl_logging_spdlog
[7.207s] Invoked command in '/Users/runner/work/pixi_rosdistro/pixi_rosdistro/build/rcl_logging_spdlog' returned '0': AMENT_PREFIX_PATH=/Users/runner/work/pixi_rosdistro/pixi_rosdistro/install CMAKE_PREFIX_PATH=/Users/runner/work/pixi_rosdistro/pixi_rosdistro/install DYLD_LIBRARY_PATH=/Users/runner/work/pixi_rosdistro/pixi_rosdistro/install/lib:/Users/runner/work/pixi_rosdistro/pixi_rosdistro/install/opt/mimick_vendor/lib:/Users/runner/work/pixi_rosdistro/pixi_rosdistro/install/opt/zenoh_cpp_vendor/lib PATH=/Users/runner/work/pixi_rosdistro/pixi_rosdistro/install/bin:${PATH} PIXI_PROMPT=(ros2_rolling) PKG_CONFIG_PATH=/Users/runner/work/pixi_rosdistro/pixi_rosdistro/install/lib/pkgconfig PYTHONPATH=/Users/runner/work/pixi_rosdistro/pixi_rosdistro/install/lib/python3.12/site-packages ROS_PYTHON_VERSION=3 SHLVL=3 _=/usr/bin/env /Users/runner/work/pixi_rosdistro/pixi_rosdistro/.pixi/envs/default/bin/cmake /Users/runner/work/pixi_rosdistro/pixi_rosdistro/src/ros2/rcl_logging/rcl_logging_spdlog -GNinja --no-warn-unused-cli -DCMAKE_BUILD_TYPE=Release -DCMAKE_BUILD_WITH_INSTALL_RPATH:bool=TRUE -DCMAKE_POLICY_VERSION_MINIMUM=3.5 -Wno-deprecated -DSTACK_DETAILS_AUTO_DETECT:bool=FALSE -DSTACK_DETAILS_BFD:bool=FALSE -DCMAKE_INSTALL_PREFIX=/Users/runner/work/pixi_rosdistro/pixi_rosdistro/install
[7.211s] Invoking command in '/Users/runner/work/pixi_rosdistro/pixi_rosdistro/build/rcl_logging_spdlog': AMENT_PREFIX_PATH=/Users/runner/work/pixi_rosdistro/pixi_rosdistro/install CMAKE_PREFIX_PATH=/Users/runner/work/pixi_rosdistro/pixi_rosdistro/install DYLD_LIBRARY_PATH=/Users/runner/work/pixi_rosdistro/pixi_rosdistro/install/lib:/Users/runner/work/pixi_rosdistro/pixi_rosdistro/install/opt/mimick_vendor/lib:/Users/runner/work/pixi_rosdistro/pixi_rosdistro/install/opt/zenoh_cpp_vendor/lib PATH=/Users/runner/work/pixi_rosdistro/pixi_rosdistro/install/bin:${PATH} PIXI_PROMPT=(ros2_rolling) PKG_CONFIG_PATH=/Users/runner/work/pixi_rosdistro/pixi_rosdistro/install/lib/pkgconfig PYTHONPATH=/Users/runner/work/pixi_rosdistro/pixi_rosdistro/install/lib/python3.12/site-packages ROS_PYTHON_VERSION=3 SHLVL=3 _=/usr/bin/env /Users/runner/work/pixi_rosdistro/pixi_rosdistro/.pixi/envs/default/bin/cmake --build /Users/runner/work/pixi_rosdistro/pixi_rosdistro/build/rcl_logging_spdlog -- -j3 -l3
[7.909s] [1/11] Building CXX object CMakeFiles/rcl_logging_spdlog.dir/src/rcl_logging_spdlog.cpp.o
[8.834s] [2/11] Building CXX object gmock/CMakeFiles/gmock.dir/Users/runner/work/pixi_rosdistro/pixi_rosdistro/install/src/gtest_vendor/src/gtest-all.cc.o
[9.430s] [3/11] Building CXX object gmock/CMakeFiles/gmock.dir/src/gmock-all.cc.o
[9.975s] [4/11] Building CXX object gmock/CMakeFiles/gmock_main.dir/src/gmock_main.cc.o
[10.097s] [5/11] Linking CXX shared library librcl_logging_spdlog.dylib
[10.782s] [6/11] Building CXX object CMakeFiles/test_logging_interface.dir/test/test_logging_interface.cpp.o
[11.400s] [7/11] Building CXX object CMakeFiles/benchmark_logging_interface.dir/test/benchmark/benchmark_logging_interface.cpp.o
[11.576s] [8/11] Linking CXX static library gmock/libgmock.a
[11.723s] [9/11] Linking CXX static library gmock/libgmock_main.a
[11.885s] [10/11] Linking CXX executable test_logging_interface
[12.053s] [11/11] Linking CXX executable benchmark_logging_interface
[12.073s] Invoked command in '/Users/runner/work/pixi_rosdistro/pixi_rosdistro/build/rcl_logging_spdlog' returned '0': AMENT_PREFIX_PATH=/Users/runner/work/pixi_rosdistro/pixi_rosdistro/install CMAKE_PREFIX_PATH=/Users/runner/work/pixi_rosdistro/pixi_rosdistro/install DYLD_LIBRARY_PATH=/Users/runner/work/pixi_rosdistro/pixi_rosdistro/install/lib:/Users/runner/work/pixi_rosdistro/pixi_rosdistro/install/opt/mimick_vendor/lib:/Users/runner/work/pixi_rosdistro/pixi_rosdistro/install/opt/zenoh_cpp_vendor/lib PATH=/Users/runner/work/pixi_rosdistro/pixi_rosdistro/install/bin:${PATH} PIXI_PROMPT=(ros2_rolling) PKG_CONFIG_PATH=/Users/runner/work/pixi_rosdistro/pixi_rosdistro/install/lib/pkgconfig PYTHONPATH=/Users/runner/work/pixi_rosdistro/pixi_rosdistro/install/lib/python3.12/site-packages ROS_DOMAIN_ID=19 ROS_PYTHON_VERSION=3 SHLVL=3 _=/usr/bin/env /Users/runner/work/pixi_rosdistro/pixi_rosdistro/.pixi/envs/default/bin/cmake --build /Users/runner/work/pixi_rosdistro/pixi_rosdistro/build/rcl_logging_spdlog -- -j3 -l3
[12.074s] Invoking command in '/Users/runner/work/pixi_rosdistro/pixi_rosdistro/build/rcl_logging_spdlog': AMENT_PREFIX_PATH=/Users/runner/work/pixi_rosdistro/pixi_rosdistro/install CMAKE_PREFIX_PATH=/Users/runner/work/pixi_rosdistro/pixi_rosdistro/install DYLD_LIBRARY_PATH=/Users/runner/work/pixi_rosdistro/pixi_rosdistro/install/lib:/Users/runner/work/pixi_rosdistro/pixi_rosdistro/install/opt/mimick_vendor/lib:/Users/runner/work/pixi_rosdistro/pixi_rosdistro/install/opt/zenoh_cpp_vendor/lib PATH=/Users/runner/work/pixi_rosdistro/pixi_rosdistro/install/bin:${PATH} PIXI_PROMPT=(ros2_rolling) PKG_CONFIG_PATH=/Users/runner/work/pixi_rosdistro/pixi_rosdistro/install/lib/pkgconfig PYTHONPATH=/Users/runner/work/pixi_rosdistro/pixi_rosdistro/install/lib/python3.12/site-packages ROS_DOMAIN_ID=19 ROS_PYTHON_VERSION=3 SHLVL=3 _=/usr/bin/env /Users/runner/work/pixi_rosdistro/pixi_rosdistro/.pixi/envs/default/bin/cmake --install /Users/runner/work/pixi_rosdistro/pixi_rosdistro/build/rcl_logging_spdlog
[12.112s] -- Install configuration: "Release"
[12.113s] -- Installing: /Users/runner/work/pixi_rosdistro/pixi_rosdistro/install/lib/librcl_logging_spdlog.dylib
[12.115s] -- Installing: /Users/runner/work/pixi_rosdistro/pixi_rosdistro/install/share/rcl_logging_spdlog/environment/library_path.sh
[12.115s] -- Installing: /Users/runner/work/pixi_rosdistro/pixi_rosdistro/install/share/rcl_logging_spdlog/environment/library_path.dsv
[12.115s] -- Installing: /Users/runner/work/pixi_rosdistro/pixi_rosdistro/install/share/ament_index/resource_index/package_run_dependencies/rcl_logging_spdlog
[12.115s] -- Installing: /Users/runner/work/pixi_rosdistro/pixi_rosdistro/install/share/ament_index/resource_index/parent_prefix_path/rcl_logging_spdlog
[12.115s] -- Installing: /Users/runner/work/pixi_rosdistro/pixi_rosdistro/install/share/rcl_logging_spdlog/environment/ament_prefix_path.sh
[12.115s] -- Installing: /Users/runner/work/pixi_rosdistro/pixi_rosdistro/install/share/rcl_logging_spdlog/environment/ament_prefix_path.dsv
[12.115s] -- Installing: /Users/runner/work/pixi_rosdistro/pixi_rosdistro/install/share/rcl_logging_spdlog/environment/path.sh
[12.115s] -- Installing: /Users/runner/work/pixi_rosdistro/pixi_rosdistro/install/share/rcl_logging_spdlog/environment/path.dsv
[12.116s] -- Installing: /Users/runner/work/pixi_rosdistro/pixi_rosdistro/install/share/rcl_logging_spdlog/local_setup.bash
[12.120s] -- Installing: /Users/runner/work/pixi_rosdistro/pixi_rosdistro/install/share/rcl_logging_spdlog/local_setup.fish
[12.120s] -- Installing: /Users/runner/work/pixi_rosdistro/pixi_rosdistro/install/share/rcl_logging_spdlog/local_setup.sh
[12.120s] -- Installing: /Users/runner/work/pixi_rosdistro/pixi_rosdistro/install/share/rcl_logging_spdlog/local_setup.zsh
[12.120s] -- Installing: /Users/runner/work/pixi_rosdistro/pixi_rosdistro/install/share/rcl_logging_spdlog/local_setup.dsv
[12.120s] -- Installing: /Users/runner/work/pixi_rosdistro/pixi_rosdistro/install/share/rcl_logging_spdlog/package.dsv
[12.120s] -- Installing: /Users/runner/work/pixi_rosdistro/pixi_rosdistro/install/share/ament_index/resource_index/packages/rcl_logging_spdlog
[12.120s] -- Installing: /Users/runner/work/pixi_rosdistro/pixi_rosdistro/install/share/rcl_logging_spdlog/cmake/rcl_logging_spdlogExport.cmake
[12.120s] -- Installing: /Users/runner/work/pixi_rosdistro/pixi_rosdistro/install/share/rcl_logging_spdlog/cmake/rcl_logging_spdlogExport-release.cmake
[12.120s] -- Installing: /Users/runner/work/pixi_rosdistro/pixi_rosdistro/install/share/rcl_logging_spdlog/cmake/ament_cmake_export_dependencies-extras.cmake
[12.124s] -- Installing: /Users/runner/work/pixi_rosdistro/pixi_rosdistro/install/share/rcl_logging_spdlog/cmake/ament_cmake_export_libraries-extras.cmake
[12.124s] -- Installing: /Users/runner/work/pixi_rosdistro/pixi_rosdistro/install/share/rcl_logging_spdlog/cmake/ament_cmake_export_targets-extras.cmake
[12.124s] -- Installing: /Users/runner/work/pixi_rosdistro/pixi_rosdistro/install/share/rcl_logging_spdlog/cmake/rcl_logging_spdlogConfig.cmake
[12.125s] -- Installing: /Users/runner/work/pixi_rosdistro/pixi_rosdistro/install/share/rcl_logging_spdlog/cmake/rcl_logging_spdlogConfig-version.cmake
[12.125s] -- Installing: /Users/runner/work/pixi_rosdistro/pixi_rosdistro/install/share/rcl_logging_spdlog/package.xml
[12.128s] Invoked command in '/Users/runner/work/pixi_rosdistro/pixi_rosdistro/build/rcl_logging_spdlog' returned '0': AMENT_PREFIX_PATH=/Users/runner/work/pixi_rosdistro/pixi_rosdistro/install CMAKE_PREFIX_PATH=/Users/runner/work/pixi_rosdistro/pixi_rosdistro/install DYLD_LIBRARY_PATH=/Users/runner/work/pixi_rosdistro/pixi_rosdistro/install/lib:/Users/runner/work/pixi_rosdistro/pixi_rosdistro/install/opt/mimick_vendor/lib:/Users/runner/work/pixi_rosdistro/pixi_rosdistro/install/opt/zenoh_cpp_vendor/lib PATH=/Users/runner/work/pixi_rosdistro/pixi_rosdistro/install/bin:${PATH} PIXI_PROMPT=(ros2_rolling) PKG_CONFIG_PATH=/Users/runner/work/pixi_rosdistro/pixi_rosdistro/install/lib/pkgconfig PYTHONPATH=/Users/runner/work/pixi_rosdistro/pixi_rosdistro/install/lib/python3.12/site-packages ROS_DOMAIN_ID=19 ROS_PYTHON_VERSION=3 SHLVL=3 _=/usr/bin/env /Users/runner/work/pixi_rosdistro/pixi_rosdistro/.pixi/envs/default/bin/cmake --install /Users/runner/work/pixi_rosdistro/pixi_rosdistro/build/rcl_logging_spdlog
