[13.179s] Invoking command in '/home/runner/work/pixi_rosdistro/pixi_rosdistro/src/ros-visualization/rqt/rqt_gui_py': AMENT_PREFIX_PATH=/home/runner/work/pixi_rosdistro/pixi_rosdistro/install CMAKE_PREFIX_PATH=/home/runner/work/pixi_rosdistro/pixi_rosdistro/install:${CMAKE_PREFIX_PATH} LD_LIBRARY_PATH=/home/runner/work/pixi_rosdistro/pixi_rosdistro/install/lib PATH=/home/runner/work/pixi_rosdistro/pixi_rosdistro/install/bin:/opt/microsoft/powershell/7:${PATH} PIXI_PROMPT=(ros2_rolling) PKG_CONFIG_PATH=/home/runner/work/pixi_rosdistro/pixi_rosdistro/install/lib/pkgconfig PSModulePath=/home/runner/.local/share/powershell/Modules:${PSModulePath} PYTHONPATH=/home/runner/work/pixi_rosdistro/pixi_rosdistro/build/rqt_gui_py/prefix_override:/home/runner/work/pixi_rosdistro/pixi_rosdistro/.pixi/envs/default/lib/python3.12/site-packages/colcon_core/task/python/colcon_distutils_commands:/home/runner/work/pixi_rosdistro/pixi_rosdistro/install/lib/python3.12/site-packages:/home/runner/work/pixi_rosdistro/pixi_rosdistro/install/lib/python3.12/site-packages ROS_DOMAIN_ID=14 /home/runner/work/pixi_rosdistro/pixi_rosdistro/.pixi/envs/default/bin/python3.12 -W ignore:setup.py install is deprecated -W ignore:easy_install command is deprecated setup.py egg_info --egg-base ../../../../build/rqt_gui_py build --build-base /home/runner/work/pixi_rosdistro/pixi_rosdistro/build/rqt_gui_py/build install --record /home/runner/work/pixi_rosdistro/pixi_rosdistro/build/rqt_gui_py/install.log --single-version-externally-managed install_data
[13.475s] running egg_info
[13.485s] creating ../../../../build/rqt_gui_py/rqt_gui_py.egg-info
[13.485s] writing ../../../../build/rqt_gui_py/rqt_gui_py.egg-info/PKG-INFO
[13.486s] writing dependency_links to ../../../../build/rqt_gui_py/rqt_gui_py.egg-info/dependency_links.txt
[13.486s] writing requirements to ../../../../build/rqt_gui_py/rqt_gui_py.egg-info/requires.txt
[13.486s] writing top-level names to ../../../../build/rqt_gui_py/rqt_gui_py.egg-info/top_level.txt
[13.486s] writing manifest file '../../../../build/rqt_gui_py/rqt_gui_py.egg-info/SOURCES.txt'
[13.508s] reading manifest file '../../../../build/rqt_gui_py/rqt_gui_py.egg-info/SOURCES.txt'
[13.509s] writing manifest file '../../../../build/rqt_gui_py/rqt_gui_py.egg-info/SOURCES.txt'
[13.510s] running build
[13.510s] running build_py
[13.510s] creating /home/runner/work/pixi_rosdistro/pixi_rosdistro/build/rqt_gui_py/build/lib/rqt_gui_py
[13.510s] copying src/rqt_gui_py/rclpy_spinner.py -> /home/runner/work/pixi_rosdistro/pixi_rosdistro/build/rqt_gui_py/build/lib/rqt_gui_py
[13.510s] copying src/rqt_gui_py/__init__.py -> /home/runner/work/pixi_rosdistro/pixi_rosdistro/build/rqt_gui_py/build/lib/rqt_gui_py
[13.511s] copying src/rqt_gui_py/plugin.py -> /home/runner/work/pixi_rosdistro/pixi_rosdistro/build/rqt_gui_py/build/lib/rqt_gui_py
[13.511s] copying src/rqt_gui_py/ros_py_plugin_provider.py -> /home/runner/work/pixi_rosdistro/pixi_rosdistro/build/rqt_gui_py/build/lib/rqt_gui_py
[13.511s] running install
[13.521s] running install_lib
[13.537s] creating /home/runner/work/pixi_rosdistro/pixi_rosdistro/install/lib/python3.12/site-packages/rqt_gui_py
[13.538s] copying /home/runner/work/pixi_rosdistro/pixi_rosdistro/build/rqt_gui_py/build/lib/rqt_gui_py/rclpy_spinner.py -> /home/runner/work/pixi_rosdistro/pixi_rosdistro/install/lib/python3.12/site-packages/rqt_gui_py
[13.538s] copying /home/runner/work/pixi_rosdistro/pixi_rosdistro/build/rqt_gui_py/build/lib/rqt_gui_py/__init__.py -> /home/runner/work/pixi_rosdistro/pixi_rosdistro/install/lib/python3.12/site-packages/rqt_gui_py
[13.538s] copying /home/runner/work/pixi_rosdistro/pixi_rosdistro/build/rqt_gui_py/build/lib/rqt_gui_py/plugin.py -> /home/runner/work/pixi_rosdistro/pixi_rosdistro/install/lib/python3.12/site-packages/rqt_gui_py
[13.538s] copying /home/runner/work/pixi_rosdistro/pixi_rosdistro/build/rqt_gui_py/build/lib/rqt_gui_py/ros_py_plugin_provider.py -> /home/runner/work/pixi_rosdistro/pixi_rosdistro/install/lib/python3.12/site-packages/rqt_gui_py
[13.539s] byte-compiling /home/runner/work/pixi_rosdistro/pixi_rosdistro/install/lib/python3.12/site-packages/rqt_gui_py/rclpy_spinner.py to rclpy_spinner.cpython-312.pyc
[13.539s] byte-compiling /home/runner/work/pixi_rosdistro/pixi_rosdistro/install/lib/python3.12/site-packages/rqt_gui_py/__init__.py to __init__.cpython-312.pyc
[13.540s] byte-compiling /home/runner/work/pixi_rosdistro/pixi_rosdistro/install/lib/python3.12/site-packages/rqt_gui_py/plugin.py to plugin.cpython-312.pyc
[13.540s] byte-compiling /home/runner/work/pixi_rosdistro/pixi_rosdistro/install/lib/python3.12/site-packages/rqt_gui_py/ros_py_plugin_provider.py to ros_py_plugin_provider.cpython-312.pyc
[13.541s] running install_data
[13.541s] copying resource/rqt_gui_py -> /home/runner/work/pixi_rosdistro/pixi_rosdistro/install/share/ament_index/resource_index/packages
[13.541s] copying package.xml -> /home/runner/work/pixi_rosdistro/pixi_rosdistro/install/share/rqt_gui_py
[13.542s] copying plugin.xml -> /home/runner/work/pixi_rosdistro/pixi_rosdistro/install/share/rqt_gui_py
[13.542s] running install_egg_info
[13.553s] Copying ../../../../build/rqt_gui_py/rqt_gui_py.egg-info to /home/runner/work/pixi_rosdistro/pixi_rosdistro/install/lib/python3.12/site-packages/rqt_gui_py-1.10.2-py3.12.egg-info
[13.554s] running install_scripts
[13.576s] writing list of installed files to '/home/runner/work/pixi_rosdistro/pixi_rosdistro/build/rqt_gui_py/install.log'
[13.600s] Invoked command in '/home/runner/work/pixi_rosdistro/pixi_rosdistro/src/ros-visualization/rqt/rqt_gui_py' returned '0': AMENT_PREFIX_PATH=/home/runner/work/pixi_rosdistro/pixi_rosdistro/install CMAKE_PREFIX_PATH=/home/runner/work/pixi_rosdistro/pixi_rosdistro/install:${CMAKE_PREFIX_PATH} LD_LIBRARY_PATH=/home/runner/work/pixi_rosdistro/pixi_rosdistro/install/lib PATH=/home/runner/work/pixi_rosdistro/pixi_rosdistro/install/bin:/opt/microsoft/powershell/7:${PATH} PIXI_PROMPT=(ros2_rolling) PKG_CONFIG_PATH=/home/runner/work/pixi_rosdistro/pixi_rosdistro/install/lib/pkgconfig PSModulePath=/home/runner/.local/share/powershell/Modules:${PSModulePath} PYTHONPATH=/home/runner/work/pixi_rosdistro/pixi_rosdistro/build/rqt_gui_py/prefix_override:/home/runner/work/pixi_rosdistro/pixi_rosdistro/.pixi/envs/default/lib/python3.12/site-packages/colcon_core/task/python/colcon_distutils_commands:/home/runner/work/pixi_rosdistro/pixi_rosdistro/install/lib/python3.12/site-packages:/home/runner/work/pixi_rosdistro/pixi_rosdistro/install/lib/python3.12/site-packages ROS_DOMAIN_ID=14 /home/runner/work/pixi_rosdistro/pixi_rosdistro/.pixi/envs/default/bin/python3.12 -W ignore:setup.py install is deprecated -W ignore:easy_install command is deprecated setup.py egg_info --egg-base ../../../../build/rqt_gui_py build --build-base /home/runner/work/pixi_rosdistro/pixi_rosdistro/build/rqt_gui_py/build install --record /home/runner/work/pixi_rosdistro/pixi_rosdistro/build/rqt_gui_py/install.log --single-version-externally-managed install_data
