[1.820s] Invoking command in '/Users/runner/work/pixi_rosdistro/pixi_rosdistro/build/statistics_msgs': AMENT_PREFIX_PATH=/Users/runner/work/pixi_rosdistro/pixi_rosdistro/install CMAKE_PREFIX_PATH=/Users/runner/work/pixi_rosdistro/pixi_rosdistro/install DYLD_LIBRARY_PATH=/Users/runner/work/pixi_rosdistro/pixi_rosdistro/install/lib:/Users/runner/work/pixi_rosdistro/pixi_rosdistro/install/opt/mimick_vendor/lib PATH=/Users/runner/work/pixi_rosdistro/pixi_rosdistro/install/bin:${PATH} PIXI_PROMPT=(ros2_rolling) PKG_CONFIG_PATH=/Users/runner/work/pixi_rosdistro/pixi_rosdistro/install/lib/pkgconfig PYTHONPATH=/Users/runner/work/pixi_rosdistro/pixi_rosdistro/install/lib/python3.12/site-packages ROS_DOMAIN_ID=27 ROS_PYTHON_VERSION=3 SHLVL=3 _=/usr/bin/env /Users/runner/work/pixi_rosdistro/pixi_rosdistro/.pixi/envs/default/bin/cmake /Users/runner/work/pixi_rosdistro/pixi_rosdistro/src/ros2/rcl_interfaces/statistics_msgs -GNinja --no-warn-unused-cli -DCMAKE_BUILD_TYPE=Release -DCMAKE_BUILD_WITH_INSTALL_RPATH:bool=TRUE -DCMAKE_POLICY_VERSION_MINIMUM=3.5 -Wno-deprecated -DSTACK_DETAILS_AUTO_DETECT:bool=FALSE -DSTACK_DETAILS_BFD:bool=FALSE -DCMAKE_INSTALL_PREFIX=/Users/runner/work/pixi_rosdistro/pixi_rosdistro/install
[2.171s] Not searching for unused variables given on the command line.
[2.171s] -- The C compiler identification is AppleClang 17.0.0.17000013
[2.431s] -- The CXX compiler identification is AppleClang 17.0.0.17000013
[2.511s] -- Detecting C compiler ABI info
[3.217s] -- Detecting C compiler ABI info - done
[3.277s] -- Check for working C compiler: /usr/bin/cc - skipped
[3.277s] -- Detecting C compile features
[3.277s] -- Detecting C compile features - done
[3.294s] -- Detecting CXX compiler ABI info
[3.821s] -- Detecting CXX compiler ABI info - done
[3.865s] -- Check for working CXX compiler: /usr/bin/c++ - skipped
[3.865s] -- Detecting CXX compile features
[3.867s] -- Detecting CXX compile features - done
[3.888s] -- Found ament_cmake: 2.8.6 (/Users/runner/work/pixi_rosdistro/pixi_rosdistro/install/share/ament_cmake/cmake)
[4.420s] -- Found builtin_interfaces: 2.4.3 (/Users/runner/work/pixi_rosdistro/pixi_rosdistro/install/share/builtin_interfaces/cmake)
[4.552s] -- Found rosidl_generator_c: 5.1.3 (/Users/runner/work/pixi_rosdistro/pixi_rosdistro/install/share/rosidl_generator_c/cmake)
[4.596s] -- Found rosidl_generator_cpp: 5.1.3 (/Users/runner/work/pixi_rosdistro/pixi_rosdistro/install/share/rosidl_generator_cpp/cmake)
[4.679s] -- Using all available rosidl_typesupport_c: rosidl_typesupport_fastrtps_c;rosidl_typesupport_introspection_c
[4.723s] -- Using all available rosidl_typesupport_cpp: rosidl_typesupport_fastrtps_cpp;rosidl_typesupport_introspection_cpp
[4.771s] -- Found rosidl_default_generators: 1.8.1 (/Users/runner/work/pixi_rosdistro/pixi_rosdistro/install/share/rosidl_default_generators/cmake)
[4.829s] -- Found rosidl_adapter: 5.1.3 (/Users/runner/work/pixi_rosdistro/pixi_rosdistro/install/share/rosidl_adapter/cmake)
[5.072s] -- Found Python3: /Users/runner/work/pixi_rosdistro/pixi_rosdistro/.pixi/envs/default/bin/python3 (found version "3.12.13") found components: Interpreter
[5.757s] -- Found ament_cmake_ros_core: 0.15.6 (/Users/runner/work/pixi_rosdistro/pixi_rosdistro/install/share/ament_cmake_ros_core/cmake)
[6.848s] -- Using all available rosidl_typesupport_c: rosidl_typesupport_fastrtps_c;rosidl_typesupport_introspection_c
[7.241s] -- Using all available rosidl_typesupport_cpp: rosidl_typesupport_fastrtps_cpp;rosidl_typesupport_introspection_cpp
[7.891s] -- Found Python3: /Users/runner/work/pixi_rosdistro/pixi_rosdistro/.pixi/envs/default/bin/python3 (found version "3.12.13") found components: Interpreter Development NumPy Development.Module Development.Embed
[7.986s] -- Found Python3: /Users/runner/work/pixi_rosdistro/pixi_rosdistro/.pixi/envs/default/bin/python3 (found version "3.12.13") found components: Interpreter
[8.022s] -- Configuring done (6.2s)
[8.104s] -- Generating done (0.1s)
[8.163s] -- Build files have been written to: /Users/runner/work/pixi_rosdistro/pixi_rosdistro/build/statistics_msgs
[8.178s] Invoked command in '/Users/runner/work/pixi_rosdistro/pixi_rosdistro/build/statistics_msgs' returned '0': AMENT_PREFIX_PATH=/Users/runner/work/pixi_rosdistro/pixi_rosdistro/install CMAKE_PREFIX_PATH=/Users/runner/work/pixi_rosdistro/pixi_rosdistro/install DYLD_LIBRARY_PATH=/Users/runner/work/pixi_rosdistro/pixi_rosdistro/install/lib:/Users/runner/work/pixi_rosdistro/pixi_rosdistro/install/opt/mimick_vendor/lib PATH=/Users/runner/work/pixi_rosdistro/pixi_rosdistro/install/bin:${PATH} PIXI_PROMPT=(ros2_rolling) PKG_CONFIG_PATH=/Users/runner/work/pixi_rosdistro/pixi_rosdistro/install/lib/pkgconfig PYTHONPATH=/Users/runner/work/pixi_rosdistro/pixi_rosdistro/install/lib/python3.12/site-packages ROS_DOMAIN_ID=27 ROS_PYTHON_VERSION=3 SHLVL=3 _=/usr/bin/env /Users/runner/work/pixi_rosdistro/pixi_rosdistro/.pixi/envs/default/bin/cmake /Users/runner/work/pixi_rosdistro/pixi_rosdistro/src/ros2/rcl_interfaces/statistics_msgs -GNinja --no-warn-unused-cli -DCMAKE_BUILD_TYPE=Release -DCMAKE_BUILD_WITH_INSTALL_RPATH:bool=TRUE -DCMAKE_POLICY_VERSION_MINIMUM=3.5 -Wno-deprecated -DSTACK_DETAILS_AUTO_DETECT:bool=FALSE -DSTACK_DETAILS_BFD:bool=FALSE -DCMAKE_INSTALL_PREFIX=/Users/runner/work/pixi_rosdistro/pixi_rosdistro/install
[8.180s] Invoking command in '/Users/runner/work/pixi_rosdistro/pixi_rosdistro/build/statistics_msgs': AMENT_PREFIX_PATH=/Users/runner/work/pixi_rosdistro/pixi_rosdistro/install CMAKE_PREFIX_PATH=/Users/runner/work/pixi_rosdistro/pixi_rosdistro/install DYLD_LIBRARY_PATH=/Users/runner/work/pixi_rosdistro/pixi_rosdistro/install/lib:/Users/runner/work/pixi_rosdistro/pixi_rosdistro/install/opt/mimick_vendor/lib PATH=/Users/runner/work/pixi_rosdistro/pixi_rosdistro/install/bin:${PATH} PIXI_PROMPT=(ros2_rolling) PKG_CONFIG_PATH=/Users/runner/work/pixi_rosdistro/pixi_rosdistro/install/lib/pkgconfig PYTHONPATH=/Users/runner/work/pixi_rosdistro/pixi_rosdistro/install/lib/python3.12/site-packages ROS_DOMAIN_ID=27 ROS_PYTHON_VERSION=3 SHLVL=3 _=/usr/bin/env /Users/runner/work/pixi_rosdistro/pixi_rosdistro/.pixi/envs/default/bin/cmake --build /Users/runner/work/pixi_rosdistro/pixi_rosdistro/build/statistics_msgs -- -j3 -l3
[9.732s] [1/57] Generating type hashes for ROS interfaces
[10.550s] [2/57] Generating C code for ROS interfaces
[10.961s] [3/57] Building C object CMakeFiles/statistics_msgs__rosidl_generator_c.dir/rosidl_generator_c/statistics_msgs/msg/detail/metrics_message__description.c.o
[11.199s] [4/57] Building C object CMakeFiles/statistics_msgs__rosidl_generator_c.dir/rosidl_generator_c/statistics_msgs/msg/detail/metrics_message__functions.c.o
[11.433s] [5/57] Building C object CMakeFiles/statistics_msgs__rosidl_generator_c.dir/rosidl_generator_c/statistics_msgs/msg/detail/metrics_message__type_support.c.o
[11.650s] [6/57] Building C object CMakeFiles/statistics_msgs__rosidl_generator_c.dir/rosidl_generator_c/statistics_msgs/msg/detail/statistic_data_point__description.c.o
[11.968s] [7/57] Building C object CMakeFiles/statistics_msgs__rosidl_generator_c.dir/rosidl_generator_c/statistics_msgs/msg/detail/statistic_data_point__functions.c.o
[12.571s] [8/57] Building C object CMakeFiles/statistics_msgs__rosidl_generator_c.dir/rosidl_generator_c/statistics_msgs/msg/detail/statistic_data_point__type_support.c.o
[12.820s] [9/57] Building C object CMakeFiles/statistics_msgs__rosidl_generator_c.dir/rosidl_generator_c/statistics_msgs/msg/detail/statistic_data_type__description.c.o
[13.057s] [10/57] Building C object CMakeFiles/statistics_msgs__rosidl_generator_c.dir/rosidl_generator_c/statistics_msgs/msg/detail/statistic_data_type__functions.c.o
[13.341s] [11/57] Building C object CMakeFiles/statistics_msgs__rosidl_generator_c.dir/rosidl_generator_c/statistics_msgs/msg/detail/statistic_data_type__type_support.c.o
[14.104s] [12/57] Generating C type support for eProsima Fast-RTPS
[14.782s] [13/57] Generating C++ code for ROS interfaces
[15.625s] [14/57] Generating C++ type support for eProsima Fast-RTPS
[16.055s] [15/57] Generating C introspection for ROS interfaces
[16.571s] [16/57] Generating C type support dispatch for ROS interfaces
[17.317s] [17/57] Generating C++ introspection for ROS interfaces
[17.695s] [18/57] Generating C++ type support dispatch for ROS interfaces
[17.769s] [19/57] Linking C shared library libstatistics_msgs__rosidl_generator_c.dylib
[17.770s] ld: warning: -undefined error is deprecated
[18.191s] [20/57] Building CXX object CMakeFiles/statistics_msgs__rosidl_typesupport_fastrtps_c.dir/rosidl_typesupport_fastrtps_c/statistics_msgs/msg/detail/metrics_message__type_support_c.cpp.o
[18.718s] [21/57] Building CXX object CMakeFiles/statistics_msgs__rosidl_typesupport_fastrtps_c.dir/rosidl_typesupport_fastrtps_c/statistics_msgs/msg/detail/statistic_data_point__type_support_c.cpp.o
[19.228s] [22/57] Building CXX object CMakeFiles/statistics_msgs__rosidl_typesupport_fastrtps_c.dir/rosidl_typesupport_fastrtps_c/statistics_msgs/msg/detail/statistic_data_type__type_support_c.cpp.o
[19.548s] [23/57] Building C object CMakeFiles/statistics_msgs__rosidl_typesupport_introspection_c.dir/rosidl_typesupport_introspection_c/statistics_msgs/msg/detail/metrics_message__type_support.c.o
[19.815s] [24/57] Building C object CMakeFiles/statistics_msgs__rosidl_typesupport_introspection_c.dir/rosidl_typesupport_introspection_c/statistics_msgs/msg/detail/statistic_data_point__type_support.c.o
[20.082s] [25/57] Building C object CMakeFiles/statistics_msgs__rosidl_typesupport_introspection_c.dir/rosidl_typesupport_introspection_c/statistics_msgs/msg/detail/statistic_data_type__type_support.c.o
[20.314s] [26/57] Building CXX object CMakeFiles/statistics_msgs__rosidl_typesupport_c.dir/rosidl_typesupport_c/statistics_msgs/msg/metrics_message__type_support.cpp.o
[20.768s] [27/57] Building CXX object CMakeFiles/statistics_msgs__rosidl_typesupport_c.dir/rosidl_typesupport_c/statistics_msgs/msg/statistic_data_point__type_support.cpp.o
[21.215s] [28/57] Building CXX object CMakeFiles/statistics_msgs__rosidl_typesupport_c.dir/rosidl_typesupport_c/statistics_msgs/msg/statistic_data_type__type_support.cpp.o
[21.640s] [29/57] Building CXX object CMakeFiles/statistics_msgs__rosidl_typesupport_fastrtps_cpp.dir/rosidl_typesupport_fastrtps_cpp/statistics_msgs/msg/detail/dds_fastrtps/metrics_message__type_support.cpp.o
[22.177s] [30/57] Building CXX object CMakeFiles/statistics_msgs__rosidl_typesupport_fastrtps_cpp.dir/rosidl_typesupport_fastrtps_cpp/statistics_msgs/msg/detail/dds_fastrtps/statistic_data_point__type_support.cpp.o
[22.638s] [31/57] Building CXX object CMakeFiles/statistics_msgs__rosidl_typesupport_fastrtps_cpp.dir/rosidl_typesupport_fastrtps_cpp/statistics_msgs/msg/detail/dds_fastrtps/statistic_data_type__type_support.cpp.o
[23.024s] [32/57] Building CXX object CMakeFiles/statistics_msgs__rosidl_typesupport_introspection_cpp.dir/rosidl_typesupport_introspection_cpp/statistics_msgs/msg/detail/metrics_message__type_support.cpp.o
[23.380s] [33/57] Building CXX object CMakeFiles/statistics_msgs__rosidl_typesupport_introspection_cpp.dir/rosidl_typesupport_introspection_cpp/statistics_msgs/msg/detail/statistic_data_point__type_support.cpp.o
[23.791s] [34/57] Building CXX object CMakeFiles/statistics_msgs__rosidl_typesupport_introspection_cpp.dir/rosidl_typesupport_introspection_cpp/statistics_msgs/msg/detail/statistic_data_type__type_support.cpp.o
[24.185s] [35/57] Building CXX object CMakeFiles/statistics_msgs__rosidl_typesupport_cpp.dir/rosidl_typesupport_cpp/statistics_msgs/msg/metrics_message__type_support.cpp.o
[24.759s] [36/57] Building CXX object CMakeFiles/statistics_msgs__rosidl_typesupport_cpp.dir/rosidl_typesupport_cpp/statistics_msgs/msg/statistic_data_point__type_support.cpp.o
[25.624s] [37/57] Building CXX object CMakeFiles/statistics_msgs__rosidl_typesupport_cpp.dir/rosidl_typesupport_cpp/statistics_msgs/msg/statistic_data_type__type_support.cpp.o
[25.753s] [38/57] Linking CXX shared library libstatistics_msgs__rosidl_typesupport_fastrtps_c.dylib
[25.753s] ld: warning: -undefined error is deprecated
[25.842s] [39/57] Linking CXX shared library libstatistics_msgs__rosidl_typesupport_fastrtps_cpp.dylib
[25.842s] ld: warning: -undefined error is deprecated
[25.985s] [40/57] Linking C shared library libstatistics_msgs__rosidl_typesupport_introspection_c.dylib
[25.986s] ld: warning: -undefined error is deprecated
[26.069s] [41/57] Linking CXX shared library libstatistics_msgs__rosidl_typesupport_c.dylib
[26.069s] ld: warning: -undefined error is deprecated
[26.188s] [42/57] Linking CXX shared library libstatistics_msgs__rosidl_typesupport_introspection_cpp.dylib
[26.188s] ld: warning: -undefined error is deprecated
[26.296s] [43/57] Linking CXX shared library libstatistics_msgs__rosidl_typesupport_cpp.dylib
[26.296s] ld: warning: -undefined error is deprecated
[27.638s] [44/57] Generating Python code for ROS interfaces
[28.153s] [45/57] Generating Rust code for ROS interfaces
[28.638s] [46/57] Building C object CMakeFiles/statistics_msgs__rosidl_generator_py.dir/rosidl_generator_py/statistics_msgs/msg/_metrics_message_s.c.o
[29.011s] [47/57] Building C object CMakeFiles/statistics_msgs__rosidl_generator_py.dir/rosidl_generator_py/statistics_msgs/msg/_statistic_data_point_s.c.o
[29.238s] [48/57] Building C object CMakeFiles/statistics_msgs__rosidl_generator_py.dir/rosidl_generator_py/statistics_msgs/msg/_statistic_data_type_s.c.o
[29.366s] [49/57] Linking C shared library libstatistics_msgs__rosidl_generator_py.dylib
[29.366s] ld: warning: -undefined error is deprecated
[29.748s] [50/57] Building C object CMakeFiles/statistics_msgs_s__rosidl_typesupport_fastrtps_c.dir/rosidl_generator_py/statistics_msgs/_statistics_msgs_s.ep.rosidl_typesupport_fastrtps_c.c.o
[30.171s] [51/57] Building C object CMakeFiles/statistics_msgs_s__rosidl_typesupport_introspection_c.dir/rosidl_generator_py/statistics_msgs/_statistics_msgs_s.ep.rosidl_typesupport_introspection_c.c.o
[30.409s] [52/57] Building C object CMakeFiles/statistics_msgs_s__rosidl_typesupport_c.dir/rosidl_generator_py/statistics_msgs/_statistics_msgs_s.ep.rosidl_typesupport_c.c.o
[30.462s] [53/57] cd /Users/runner/work/pixi_rosdistro/pixi_rosdistro/build/statistics_msgs && /Users/runner/work/pixi_rosdistro/pixi_rosdistro/.pixi/envs/default/bin/cmake -E copy_directory /Users/runner/work/pixi_rosdistro/pixi_rosdistro/build/statistics_msgs/rosidl_generator_py/statistics_msgs /Users/runner/work/pixi_rosdistro/pixi_rosdistro/build/statistics_msgs/ament_cmake_python/statistics_msgs/statistics_msgs
[30.618s] [54/57] Linking C shared module rosidl_generator_py/statistics_msgs/statistics_msgs_s__rosidl_typesupport_fastrtps_c.so
[30.767s] [55/57] Linking C shared module rosidl_generator_py/statistics_msgs/statistics_msgs_s__rosidl_typesupport_introspection_c.so
[30.886s] [56/57] Linking C shared module rosidl_generator_py/statistics_msgs/statistics_msgs_s__rosidl_typesupport_c.so
[31.494s] [57/57] cd /Users/runner/work/pixi_rosdistro/pixi_rosdistro/build/statistics_msgs/ament_cmake_python/statistics_msgs && /Users/runner/work/pixi_rosdistro/pixi_rosdistro/.pixi/envs/default/bin/python3 setup.py egg_info
[31.494s] running egg_info
[31.494s] creating statistics_msgs.egg-info
[31.494s] writing statistics_msgs.egg-info/PKG-INFO
[31.494s] writing dependency_links to statistics_msgs.egg-info/dependency_links.txt
[31.494s] writing top-level names to statistics_msgs.egg-info/top_level.txt
[31.494s] writing manifest file 'statistics_msgs.egg-info/SOURCES.txt'
[31.494s] reading manifest file 'statistics_msgs.egg-info/SOURCES.txt'
[31.495s] writing manifest file 'statistics_msgs.egg-info/SOURCES.txt'
[31.499s] Invoked command in '/Users/runner/work/pixi_rosdistro/pixi_rosdistro/build/statistics_msgs' returned '0': AMENT_PREFIX_PATH=/Users/runner/work/pixi_rosdistro/pixi_rosdistro/install CMAKE_PREFIX_PATH=/Users/runner/work/pixi_rosdistro/pixi_rosdistro/install DYLD_LIBRARY_PATH=/Users/runner/work/pixi_rosdistro/pixi_rosdistro/install/lib:/Users/runner/work/pixi_rosdistro/pixi_rosdistro/install/opt/mimick_vendor/lib PATH=/Users/runner/work/pixi_rosdistro/pixi_rosdistro/install/bin:${PATH} PIXI_PROMPT=(ros2_rolling) PKG_CONFIG_PATH=/Users/runner/work/pixi_rosdistro/pixi_rosdistro/install/lib/pkgconfig PYTHONPATH=/Users/runner/work/pixi_rosdistro/pixi_rosdistro/install/lib/python3.12/site-packages ROS_DOMAIN_ID=27 ROS_PYTHON_VERSION=3 SHLVL=3 _=/usr/bin/env /Users/runner/work/pixi_rosdistro/pixi_rosdistro/.pixi/envs/default/bin/cmake --build /Users/runner/work/pixi_rosdistro/pixi_rosdistro/build/statistics_msgs -- -j3 -l3
[31.506s] Invoking command in '/Users/runner/work/pixi_rosdistro/pixi_rosdistro/build/statistics_msgs': AMENT_PREFIX_PATH=/Users/runner/work/pixi_rosdistro/pixi_rosdistro/install CMAKE_PREFIX_PATH=/Users/runner/work/pixi_rosdistro/pixi_rosdistro/install DYLD_LIBRARY_PATH=/Users/runner/work/pixi_rosdistro/pixi_rosdistro/install/lib:/Users/runner/work/pixi_rosdistro/pixi_rosdistro/install/opt/mimick_vendor/lib PATH=/Users/runner/work/pixi_rosdistro/pixi_rosdistro/install/bin:${PATH} PIXI_PROMPT=(ros2_rolling) PKG_CONFIG_PATH=/Users/runner/work/pixi_rosdistro/pixi_rosdistro/install/lib/pkgconfig PYTHONPATH=/Users/runner/work/pixi_rosdistro/pixi_rosdistro/install/lib/python3.12/site-packages ROS_DOMAIN_ID=27 ROS_PYTHON_VERSION=3 SHLVL=3 _=/usr/bin/env /Users/runner/work/pixi_rosdistro/pixi_rosdistro/.pixi/envs/default/bin/cmake --install /Users/runner/work/pixi_rosdistro/pixi_rosdistro/build/statistics_msgs
[31.543s] -- Install configuration: "Release"
[31.543s] -- Installing: /Users/runner/work/pixi_rosdistro/pixi_rosdistro/install/share/ament_index/resource_index/rosidl_interfaces/statistics_msgs
[31.543s] -- Installing: /Users/runner/work/pixi_rosdistro/pixi_rosdistro/install/share/statistics_msgs/msg/MetricsMessage.json
[31.543s] -- Installing: /Users/runner/work/pixi_rosdistro/pixi_rosdistro/install/share/statistics_msgs/msg/StatisticDataPoint.json
[31.545s] -- Installing: /Users/runner/work/pixi_rosdistro/pixi_rosdistro/install/share/statistics_msgs/msg/StatisticDataType.json
[31.546s] -- Installing: /Users/runner/work/pixi_rosdistro/pixi_rosdistro/install/include/statistics_msgs/statistics_msgs
[31.547s] -- Installing: /Users/runner/work/pixi_rosdistro/pixi_rosdistro/install/include/statistics_msgs/statistics_msgs/msg
[31.547s] -- Installing: /Users/runner/work/pixi_rosdistro/pixi_rosdistro/install/include/statistics_msgs/statistics_msgs/msg/rosidl_generator_c__visibility_control.h
[31.548s] -- Installing: /Users/runner/work/pixi_rosdistro/pixi_rosdistro/install/include/statistics_msgs/statistics_msgs/msg/statistic_data_type.h
[31.549s] -- Installing: /Users/runner/work/pixi_rosdistro/pixi_rosdistro/install/include/statistics_msgs/statistics_msgs/msg/statistic_data_point.h
[31.550s] -- Installing: /Users/runner/work/pixi_rosdistro/pixi_rosdistro/install/include/statistics_msgs/statistics_msgs/msg/metrics_message.h
[31.550s] -- Installing: /Users/runner/work/pixi_rosdistro/pixi_rosdistro/install/include/statistics_msgs/statistics_msgs/msg/detail
[31.551s] -- Installing: /Users/runner/work/pixi_rosdistro/pixi_rosdistro/install/include/statistics_msgs/statistics_msgs/msg/detail/statistic_data_type__description.c
[31.552s] -- Installing: /Users/runner/work/pixi_rosdistro/pixi_rosdistro/install/include/statistics_msgs/statistics_msgs/msg/detail/metrics_message__type_support.c
[31.552s] -- Installing: /Users/runner/work/pixi_rosdistro/pixi_rosdistro/install/include/statistics_msgs/statistics_msgs/msg/detail/metrics_message__functions.c
[31.552s] -- Installing: /Users/runner/work/pixi_rosdistro/pixi_rosdistro/install/include/statistics_msgs/statistics_msgs/msg/detail/statistic_data_point__functions.h
[31.553s] -- Installing: /Users/runner/work/pixi_rosdistro/pixi_rosdistro/install/include/statistics_msgs/statistics_msgs/msg/detail/statistic_data_type__functions.c
[31.553s] -- Installing: /Users/runner/work/pixi_rosdistro/pixi_rosdistro/install/include/statistics_msgs/statistics_msgs/msg/detail/statistic_data_type__type_support.c
[31.554s] -- Installing: /Users/runner/work/pixi_rosdistro/pixi_rosdistro/install/include/statistics_msgs/statistics_msgs/msg/detail/statistic_data_point__type_support.h
[31.557s] -- Installing: /Users/runner/work/pixi_rosdistro/pixi_rosdistro/install/include/statistics_msgs/statistics_msgs/msg/detail/statistic_data_type__struct.h
[31.558s] -- Installing: /Users/runner/work/pixi_rosdistro/pixi_rosdistro/install/include/statistics_msgs/statistics_msgs/msg/detail/statistic_data_point__functions.c
[31.559s] -- Installing: /Users/runner/work/pixi_rosdistro/pixi_rosdistro/install/include/statistics_msgs/statistics_msgs/msg/detail/metrics_message__description.c
[31.559s] -- Installing: /Users/runner/work/pixi_rosdistro/pixi_rosdistro/install/include/statistics_msgs/statistics_msgs/msg/detail/metrics_message__functions.h
[31.560s] -- Installing: /Users/runner/work/pixi_rosdistro/pixi_rosdistro/install/include/statistics_msgs/statistics_msgs/msg/detail/metrics_message__type_support.h
[31.560s] -- Installing: /Users/runner/work/pixi_rosdistro/pixi_rosdistro/install/include/statistics_msgs/statistics_msgs/msg/detail/statistic_data_point__description.c
[31.560s] -- Installing: /Users/runner/work/pixi_rosdistro/pixi_rosdistro/install/include/statistics_msgs/statistics_msgs/msg/detail/statistic_data_point__struct.h
[31.561s] -- Installing: /Users/runner/work/pixi_rosdistro/pixi_rosdistro/install/include/statistics_msgs/statistics_msgs/msg/detail/metrics_message__struct.h
[31.561s] -- Installing: /Users/runner/work/pixi_rosdistro/pixi_rosdistro/install/include/statistics_msgs/statistics_msgs/msg/detail/statistic_data_type__functions.h
[31.561s] -- Installing: /Users/runner/work/pixi_rosdistro/pixi_rosdistro/install/include/statistics_msgs/statistics_msgs/msg/detail/statistic_data_point__type_support.c
[31.561s] -- Installing: /Users/runner/work/pixi_rosdistro/pixi_rosdistro/install/include/statistics_msgs/statistics_msgs/msg/detail/statistic_data_type__type_support.h
[31.562s] -- Installing: /Users/runner/work/pixi_rosdistro/pixi_rosdistro/install/share/statistics_msgs/environment/library_path.sh
[31.562s] -- Installing: /Users/runner/work/pixi_rosdistro/pixi_rosdistro/install/share/statistics_msgs/environment/library_path.dsv
[31.563s] -- Installing: /Users/runner/work/pixi_rosdistro/pixi_rosdistro/install/lib/libstatistics_msgs__rosidl_generator_c.dylib
[31.563s] -- Up-to-date: /Users/runner/work/pixi_rosdistro/pixi_rosdistro/install/include/statistics_msgs/statistics_msgs
[31.563s] -- Up-to-date: /Users/runner/work/pixi_rosdistro/pixi_rosdistro/install/include/statistics_msgs/statistics_msgs/msg
[31.564s] -- Up-to-date: /Users/runner/work/pixi_rosdistro/pixi_rosdistro/install/include/statistics_msgs/statistics_msgs/msg/detail
[31.564s] -- Installing: /Users/runner/work/pixi_rosdistro/pixi_rosdistro/install/include/statistics_msgs/statistics_msgs/msg/detail/statistic_data_point__rosidl_typesupport_fastrtps_c.h
[31.565s] -- Installing: /Users/runner/work/pixi_rosdistro/pixi_rosdistro/install/include/statistics_msgs/statistics_msgs/msg/detail/statistic_data_type__rosidl_typesupport_fastrtps_c.h
[31.568s] -- Installing: /Users/runner/work/pixi_rosdistro/pixi_rosdistro/install/include/statistics_msgs/statistics_msgs/msg/detail/metrics_message__rosidl_typesupport_fastrtps_c.h
[31.568s] -- Installing: /Users/runner/work/pixi_rosdistro/pixi_rosdistro/install/include/statistics_msgs/statistics_msgs/msg/rosidl_typesupport_fastrtps_c__visibility_control.h
[31.569s] -- Installing: /Users/runner/work/pixi_rosdistro/pixi_rosdistro/install/lib/libstatistics_msgs__rosidl_typesupport_fastrtps_c.dylib
[31.569s] -- Up-to-date: /Users/runner/work/pixi_rosdistro/pixi_rosdistro/install/include/statistics_msgs/statistics_msgs
[31.569s] -- Up-to-date: /Users/runner/work/pixi_rosdistro/pixi_rosdistro/install/include/statistics_msgs/statistics_msgs/msg
[31.569s] -- Installing: /Users/runner/work/pixi_rosdistro/pixi_rosdistro/install/include/statistics_msgs/statistics_msgs/msg/statistic_data_point.hpp
[31.570s] -- Up-to-date: /Users/runner/work/pixi_rosdistro/pixi_rosdistro/install/include/statistics_msgs/statistics_msgs/msg/detail
[31.570s] -- Installing: /Users/runner/work/pixi_rosdistro/pixi_rosdistro/install/include/statistics_msgs/statistics_msgs/msg/detail/statistic_data_type__builder.hpp
[31.570s] -- Installing: /Users/runner/work/pixi_rosdistro/pixi_rosdistro/install/include/statistics_msgs/statistics_msgs/msg/detail/statistic_data_type__traits.hpp
[31.571s] -- Installing: /Users/runner/work/pixi_rosdistro/pixi_rosdistro/install/include/statistics_msgs/statistics_msgs/msg/detail/statistic_data_point__struct.hpp
[31.571s] -- Installing: /Users/runner/work/pixi_rosdistro/pixi_rosdistro/install/include/statistics_msgs/statistics_msgs/msg/detail/statistic_data_type__type_support.hpp
[31.571s] -- Installing: /Users/runner/work/pixi_rosdistro/pixi_rosdistro/install/include/statistics_msgs/statistics_msgs/msg/detail/metrics_message__struct.hpp
[31.571s] -- Installing: /Users/runner/work/pixi_rosdistro/pixi_rosdistro/install/include/statistics_msgs/statistics_msgs/msg/detail/statistic_data_point__type_support.hpp
[31.572s] -- Installing: /Users/runner/work/pixi_rosdistro/pixi_rosdistro/install/include/statistics_msgs/statistics_msgs/msg/detail/metrics_message__type_support.hpp
[31.572s] -- Installing: /Users/runner/work/pixi_rosdistro/pixi_rosdistro/install/include/statistics_msgs/statistics_msgs/msg/detail/metrics_message__builder.hpp
[31.572s] -- Installing: /Users/runner/work/pixi_rosdistro/pixi_rosdistro/install/include/statistics_msgs/statistics_msgs/msg/detail/statistic_data_point__traits.hpp
[31.572s] -- Installing: /Users/runner/work/pixi_rosdistro/pixi_rosdistro/install/include/statistics_msgs/statistics_msgs/msg/detail/statistic_data_type__struct.hpp
[31.572s] -- Installing: /Users/runner/work/pixi_rosdistro/pixi_rosdistro/install/include/statistics_msgs/statistics_msgs/msg/detail/metrics_message__traits.hpp
[31.572s] -- Installing: /Users/runner/work/pixi_rosdistro/pixi_rosdistro/install/include/statistics_msgs/statistics_msgs/msg/detail/statistic_data_point__builder.hpp
[31.573s] -- Installing: /Users/runner/work/pixi_rosdistro/pixi_rosdistro/install/include/statistics_msgs/statistics_msgs/msg/rosidl_generator_cpp__visibility_control.hpp
[31.573s] -- Installing: /Users/runner/work/pixi_rosdistro/pixi_rosdistro/install/include/statistics_msgs/statistics_msgs/msg/statistic_data_type.hpp
[31.573s] -- Installing: /Users/runner/work/pixi_rosdistro/pixi_rosdistro/install/include/statistics_msgs/statistics_msgs/msg/metrics_message.hpp
[31.573s] -- Up-to-date: /Users/runner/work/pixi_rosdistro/pixi_rosdistro/install/include/statistics_msgs/statistics_msgs
[31.574s] -- Up-to-date: /Users/runner/work/pixi_rosdistro/pixi_rosdistro/install/include/statistics_msgs/statistics_msgs/msg
[31.574s] -- Installing: /Users/runner/work/pixi_rosdistro/pixi_rosdistro/install/include/statistics_msgs/statistics_msgs/msg/rosidl_typesupport_fastrtps_cpp__visibility_control.h
[31.574s] -- Up-to-date: /Users/runner/work/pixi_rosdistro/pixi_rosdistro/install/include/statistics_msgs/statistics_msgs/msg/detail
[31.574s] -- Installing: /Users/runner/work/pixi_rosdistro/pixi_rosdistro/install/include/statistics_msgs/statistics_msgs/msg/detail/statistic_data_point__rosidl_typesupport_fastrtps_cpp.hpp
[31.574s] -- Installing: /Users/runner/work/pixi_rosdistro/pixi_rosdistro/install/include/statistics_msgs/statistics_msgs/msg/detail/metrics_message__rosidl_typesupport_fastrtps_cpp.hpp
[31.574s] -- Installing: /Users/runner/work/pixi_rosdistro/pixi_rosdistro/install/include/statistics_msgs/statistics_msgs/msg/detail/statistic_data_type__rosidl_typesupport_fastrtps_cpp.hpp
[31.574s] -- Installing: /Users/runner/work/pixi_rosdistro/pixi_rosdistro/install/include/statistics_msgs/statistics_msgs/msg/detail/dds_fastrtps
[31.581s] -- Installing: /Users/runner/work/pixi_rosdistro/pixi_rosdistro/install/lib/libstatistics_msgs__rosidl_typesupport_fastrtps_cpp.dylib
[31.582s] -- Up-to-date: /Users/runner/work/pixi_rosdistro/pixi_rosdistro/install/include/statistics_msgs/statistics_msgs
[31.582s] -- Up-to-date: /Users/runner/work/pixi_rosdistro/pixi_rosdistro/install/include/statistics_msgs/statistics_msgs/msg
[31.582s] -- Up-to-date: /Users/runner/work/pixi_rosdistro/pixi_rosdistro/install/include/statistics_msgs/statistics_msgs/msg/detail
[31.582s] -- Installing: /Users/runner/work/pixi_rosdistro/pixi_rosdistro/install/include/statistics_msgs/statistics_msgs/msg/detail/metrics_message__type_support.c
[31.582s] -- Installing: /Users/runner/work/pixi_rosdistro/pixi_rosdistro/install/include/statistics_msgs/statistics_msgs/msg/detail/statistic_data_type__type_support.c
[31.582s] -- Installing: /Users/runner/work/pixi_rosdistro/pixi_rosdistro/install/include/statistics_msgs/statistics_msgs/msg/detail/statistic_data_type__rosidl_typesupport_introspection_c.h
[31.583s] -- Installing: /Users/runner/work/pixi_rosdistro/pixi_rosdistro/install/include/statistics_msgs/statistics_msgs/msg/detail/metrics_message__rosidl_typesupport_introspection_c.h
[31.583s] -- Installing: /Users/runner/work/pixi_rosdistro/pixi_rosdistro/install/include/statistics_msgs/statistics_msgs/msg/detail/statistic_data_point__rosidl_typesupport_introspection_c.h
[31.583s] -- Installing: /Users/runner/work/pixi_rosdistro/pixi_rosdistro/install/include/statistics_msgs/statistics_msgs/msg/detail/statistic_data_point__type_support.c
[31.583s] -- Installing: /Users/runner/work/pixi_rosdistro/pixi_rosdistro/install/include/statistics_msgs/statistics_msgs/msg/rosidl_typesupport_introspection_c__visibility_control.h
[31.584s] -- Installing: /Users/runner/work/pixi_rosdistro/pixi_rosdistro/install/lib/libstatistics_msgs__rosidl_typesupport_introspection_c.dylib
[31.585s] -- Installing: /Users/runner/work/pixi_rosdistro/pixi_rosdistro/install/lib/libstatistics_msgs__rosidl_typesupport_c.dylib
[31.585s] -- Up-to-date: /Users/runner/work/pixi_rosdistro/pixi_rosdistro/install/include/statistics_msgs/statistics_msgs
[31.585s] -- Up-to-date: /Users/runner/work/pixi_rosdistro/pixi_rosdistro/install/include/statistics_msgs/statistics_msgs/msg
[31.585s] -- Up-to-date: /Users/runner/work/pixi_rosdistro/pixi_rosdistro/install/include/statistics_msgs/statistics_msgs/msg/detail
[31.585s] -- Installing: /Users/runner/work/pixi_rosdistro/pixi_rosdistro/install/include/statistics_msgs/statistics_msgs/msg/detail/statistic_data_type__type_support.cpp
[31.587s] -- Installing: /Users/runner/work/pixi_rosdistro/pixi_rosdistro/install/include/statistics_msgs/statistics_msgs/msg/detail/statistic_data_point__type_support.cpp
[31.587s] -- Installing: /Users/runner/work/pixi_rosdistro/pixi_rosdistro/install/include/statistics_msgs/statistics_msgs/msg/detail/metrics_message__type_support.cpp
[31.587s] -- Installing: /Users/runner/work/pixi_rosdistro/pixi_rosdistro/install/include/statistics_msgs/statistics_msgs/msg/detail/statistic_data_point__rosidl_typesupport_introspection_cpp.hpp
[31.588s] -- Installing: /Users/runner/work/pixi_rosdistro/pixi_rosdistro/install/include/statistics_msgs/statistics_msgs/msg/detail/statistic_data_type__rosidl_typesupport_introspection_cpp.hpp
[31.588s] -- Installing: /Users/runner/work/pixi_rosdistro/pixi_rosdistro/install/include/statistics_msgs/statistics_msgs/msg/detail/metrics_message__rosidl_typesupport_introspection_cpp.hpp
[31.588s] -- Installing: /Users/runner/work/pixi_rosdistro/pixi_rosdistro/install/lib/libstatistics_msgs__rosidl_typesupport_introspection_cpp.dylib
[31.589s] -- Installing: /Users/runner/work/pixi_rosdistro/pixi_rosdistro/install/lib/libstatistics_msgs__rosidl_typesupport_cpp.dylib
[31.590s] -- Installing: /Users/runner/work/pixi_rosdistro/pixi_rosdistro/install/share/statistics_msgs/environment/pythonpath.sh
[31.590s] -- Installing: /Users/runner/work/pixi_rosdistro/pixi_rosdistro/install/share/statistics_msgs/environment/pythonpath.dsv
[31.590s] -- Installing: /Users/runner/work/pixi_rosdistro/pixi_rosdistro/install/lib/python3.12/site-packages/statistics_msgs/statistics_msgs_s__rosidl_typesupport_fastrtps_c.so
[31.590s] -- Installing: /Users/runner/work/pixi_rosdistro/pixi_rosdistro/install/lib/python3.12/site-packages/statistics_msgs/statistics_msgs_s__rosidl_typesupport_introspection_c.so
[31.590s] -- Installing: /Users/runner/work/pixi_rosdistro/pixi_rosdistro/install/lib/python3.12/site-packages/statistics_msgs/statistics_msgs_s__rosidl_typesupport_c.so
[31.591s] -- Installing: /Users/runner/work/pixi_rosdistro/pixi_rosdistro/install/lib/libstatistics_msgs__rosidl_generator_py.dylib
[31.597s] -- Installing: /Users/runner/work/pixi_rosdistro/pixi_rosdistro/install/share/ament_index/resource_index/rust_packages/statistics_msgs
[31.604s] -- Installing: /Users/runner/work/pixi_rosdistro/pixi_rosdistro/install/share/statistics_msgs/rust
[31.604s] -- Installing: /Users/runner/work/pixi_rosdistro/pixi_rosdistro/install/share/statistics_msgs/rust/Cargo.toml
[31.604s] -- Installing: /Users/runner/work/pixi_rosdistro/pixi_rosdistro/install/share/statistics_msgs/rust/build.rs
[31.605s] -- Installing: /Users/runner/work/pixi_rosdistro/pixi_rosdistro/install/share/statistics_msgs/rust/src
[31.605s] -- Installing: /Users/runner/work/pixi_rosdistro/pixi_rosdistro/install/share/statistics_msgs/rust/src/msg
[31.606s] -- Installing: /Users/runner/work/pixi_rosdistro/pixi_rosdistro/install/share/statistics_msgs/rust/src/msg/rmw.rs
[31.606s] -- Installing: /Users/runner/work/pixi_rosdistro/pixi_rosdistro/install/share/statistics_msgs/rust/src/lib.rs
[31.606s] -- Installing: /Users/runner/work/pixi_rosdistro/pixi_rosdistro/install/share/statistics_msgs/rust/src/msg.rs
[31.607s] -- Installing: /Users/runner/work/pixi_rosdistro/pixi_rosdistro/install/share/statistics_msgs/msg/MetricsMessage.idl
[31.607s] -- Installing: /Users/runner/work/pixi_rosdistro/pixi_rosdistro/install/share/statistics_msgs/msg/StatisticDataPoint.idl
[31.607s] -- Installing: /Users/runner/work/pixi_rosdistro/pixi_rosdistro/install/share/statistics_msgs/msg/StatisticDataType.idl
[31.607s] -- Installing: /Users/runner/work/pixi_rosdistro/pixi_rosdistro/install/share/statistics_msgs/msg/MetricsMessage.msg
[31.607s] -- Installing: /Users/runner/work/pixi_rosdistro/pixi_rosdistro/install/share/statistics_msgs/msg/StatisticDataPoint.msg
[31.610s] -- Installing: /Users/runner/work/pixi_rosdistro/pixi_rosdistro/install/share/statistics_msgs/msg/StatisticDataType.msg
[31.611s] -- Installing: /Users/runner/work/pixi_rosdistro/pixi_rosdistro/install/share/ament_index/resource_index/package_run_dependencies/statistics_msgs
[31.611s] -- Installing: /Users/runner/work/pixi_rosdistro/pixi_rosdistro/install/share/ament_index/resource_index/parent_prefix_path/statistics_msgs
[31.612s] -- Installing: /Users/runner/work/pixi_rosdistro/pixi_rosdistro/install/share/statistics_msgs/environment/ament_prefix_path.sh
[31.612s] -- Installing: /Users/runner/work/pixi_rosdistro/pixi_rosdistro/install/share/statistics_msgs/environment/ament_prefix_path.dsv
[31.612s] -- Installing: /Users/runner/work/pixi_rosdistro/pixi_rosdistro/install/share/statistics_msgs/environment/path.sh
[31.612s] -- Installing: /Users/runner/work/pixi_rosdistro/pixi_rosdistro/install/share/statistics_msgs/environment/path.dsv
[31.612s] -- Installing: /Users/runner/work/pixi_rosdistro/pixi_rosdistro/install/share/statistics_msgs/local_setup.bash
[31.612s] -- Installing: /Users/runner/work/pixi_rosdistro/pixi_rosdistro/install/share/statistics_msgs/local_setup.fish
[31.612s] -- Installing: /Users/runner/work/pixi_rosdistro/pixi_rosdistro/install/share/statistics_msgs/local_setup.sh
[31.612s] -- Installing: /Users/runner/work/pixi_rosdistro/pixi_rosdistro/install/share/statistics_msgs/local_setup.zsh
[31.612s] -- Installing: /Users/runner/work/pixi_rosdistro/pixi_rosdistro/install/share/statistics_msgs/local_setup.dsv
[31.612s] -- Installing: /Users/runner/work/pixi_rosdistro/pixi_rosdistro/install/share/statistics_msgs/package.dsv
[31.612s] -- Installing: /Users/runner/work/pixi_rosdistro/pixi_rosdistro/install/share/ament_index/resource_index/packages/statistics_msgs
[31.612s] -- Installing: /Users/runner/work/pixi_rosdistro/pixi_rosdistro/install/share/statistics_msgs/cmake/export_statistics_msgs__rosidl_generator_cExport.cmake
[31.654s] -- Installing: /Users/runner/work/pixi_rosdistro/pixi_rosdistro/install/share/statistics_msgs/cmake/export_statistics_msgs__rosidl_generator_cExport-release.cmake
[31.655s] -- Installing: /Users/runner/work/pixi_rosdistro/pixi_rosdistro/install/share/statistics_msgs/cmake/export_statistics_msgs__rosidl_typesupport_fastrtps_cExport.cmake
[31.655s] -- Installing: /Users/runner/work/pixi_rosdistro/pixi_rosdistro/install/share/statistics_msgs/cmake/export_statistics_msgs__rosidl_typesupport_fastrtps_cExport-release.cmake
[31.655s] -- Installing: /Users/runner/work/pixi_rosdistro/pixi_rosdistro/install/share/statistics_msgs/cmake/export_statistics_msgs__rosidl_generator_cppExport.cmake
[31.656s] -- Installing: /Users/runner/work/pixi_rosdistro/pixi_rosdistro/install/share/statistics_msgs/cmake/export_statistics_msgs__rosidl_typesupport_fastrtps_cppExport.cmake
[31.656s] -- Installing: /Users/runner/work/pixi_rosdistro/pixi_rosdistro/install/share/statistics_msgs/cmake/export_statistics_msgs__rosidl_typesupport_fastrtps_cppExport-release.cmake
[31.656s] -- Installing: /Users/runner/work/pixi_rosdistro/pixi_rosdistro/install/share/statistics_msgs/cmake/statistics_msgs__rosidl_typesupport_introspection_cExport.cmake
[31.656s] -- Installing: /Users/runner/work/pixi_rosdistro/pixi_rosdistro/install/share/statistics_msgs/cmake/statistics_msgs__rosidl_typesupport_introspection_cExport-release.cmake
[31.671s] -- Installing: /Users/runner/work/pixi_rosdistro/pixi_rosdistro/install/share/statistics_msgs/cmake/statistics_msgs__rosidl_typesupport_cExport.cmake
[31.671s] -- Installing: /Users/runner/work/pixi_rosdistro/pixi_rosdistro/install/share/statistics_msgs/cmake/statistics_msgs__rosidl_typesupport_cExport-release.cmake
[31.672s] -- Installing: /Users/runner/work/pixi_rosdistro/pixi_rosdistro/install/share/statistics_msgs/cmake/statistics_msgs__rosidl_typesupport_introspection_cppExport.cmake
[31.672s] -- Installing: /Users/runner/work/pixi_rosdistro/pixi_rosdistro/install/share/statistics_msgs/cmake/statistics_msgs__rosidl_typesupport_introspection_cppExport-release.cmake
[31.672s] -- Installing: /Users/runner/work/pixi_rosdistro/pixi_rosdistro/install/share/statistics_msgs/cmake/statistics_msgs__rosidl_typesupport_cppExport.cmake
[31.672s] -- Installing: /Users/runner/work/pixi_rosdistro/pixi_rosdistro/install/share/statistics_msgs/cmake/statistics_msgs__rosidl_typesupport_cppExport-release.cmake
[31.673s] -- Installing: /Users/runner/work/pixi_rosdistro/pixi_rosdistro/install/share/statistics_msgs/cmake/export_statistics_msgs__rosidl_generator_pyExport.cmake
[31.673s] -- Installing: /Users/runner/work/pixi_rosdistro/pixi_rosdistro/install/share/statistics_msgs/cmake/export_statistics_msgs__rosidl_generator_pyExport-release.cmake
[31.673s] -- Installing: /Users/runner/work/pixi_rosdistro/pixi_rosdistro/install/lib/python3.12/site-packages/statistics_msgs-2.4.3-py3.12.egg-info
[31.673s] -- Installing: /Users/runner/work/pixi_rosdistro/pixi_rosdistro/install/lib/python3.12/site-packages/statistics_msgs-2.4.3-py3.12.egg-info/PKG-INFO
[31.673s] -- Installing: /Users/runner/work/pixi_rosdistro/pixi_rosdistro/install/lib/python3.12/site-packages/statistics_msgs-2.4.3-py3.12.egg-info/SOURCES.txt
[31.673s] -- Installing: /Users/runner/work/pixi_rosdistro/pixi_rosdistro/install/lib/python3.12/site-packages/statistics_msgs-2.4.3-py3.12.egg-info/top_level.txt
[31.673s] -- Installing: /Users/runner/work/pixi_rosdistro/pixi_rosdistro/install/lib/python3.12/site-packages/statistics_msgs-2.4.3-py3.12.egg-info/dependency_links.txt
[31.673s] -- Up-to-date: /Users/runner/work/pixi_rosdistro/pixi_rosdistro/install/lib/python3.12/site-packages/statistics_msgs
[31.673s] -- Installing: /Users/runner/work/pixi_rosdistro/pixi_rosdistro/install/lib/python3.12/site-packages/statistics_msgs/msg
[31.673s] -- Installing: /Users/runner/work/pixi_rosdistro/pixi_rosdistro/install/lib/python3.12/site-packages/statistics_msgs/msg/_statistic_data_type.py
[31.673s] -- Installing: /Users/runner/work/pixi_rosdistro/pixi_rosdistro/install/lib/python3.12/site-packages/statistics_msgs/msg/_statistic_data_point.py
[31.673s] -- Installing: /Users/runner/work/pixi_rosdistro/pixi_rosdistro/install/lib/python3.12/site-packages/statistics_msgs/msg/__init__.py
[31.673s] -- Installing: /Users/runner/work/pixi_rosdistro/pixi_rosdistro/install/lib/python3.12/site-packages/statistics_msgs/msg/_statistic_data_point_s.c
[31.680s] -- Installing: /Users/runner/work/pixi_rosdistro/pixi_rosdistro/install/lib/python3.12/site-packages/statistics_msgs/msg/_metrics_message.py
[31.680s] -- Installing: /Users/runner/work/pixi_rosdistro/pixi_rosdistro/install/lib/python3.12/site-packages/statistics_msgs/msg/_statistic_data_type_s.c
[31.680s] -- Installing: /Users/runner/work/pixi_rosdistro/pixi_rosdistro/install/lib/python3.12/site-packages/statistics_msgs/msg/_metrics_message_s.c
[31.680s] -- Up-to-date: /Users/runner/work/pixi_rosdistro/pixi_rosdistro/install/lib/python3.12/site-packages/statistics_msgs/statistics_msgs_s__rosidl_typesupport_fastrtps_c.so
[31.680s] -- Installing: /Users/runner/work/pixi_rosdistro/pixi_rosdistro/install/lib/python3.12/site-packages/statistics_msgs/__init__.py
[31.681s] -- Installing: /Users/runner/work/pixi_rosdistro/pixi_rosdistro/install/lib/python3.12/site-packages/statistics_msgs/_statistics_msgs_s.ep.rosidl_typesupport_c.c
[31.681s] -- Installing: /Users/runner/work/pixi_rosdistro/pixi_rosdistro/install/lib/python3.12/site-packages/statistics_msgs/_statistics_msgs_s.ep.rosidl_typesupport_fastrtps_c.c
[31.681s] -- Installing: /Users/runner/work/pixi_rosdistro/pixi_rosdistro/install/lib/python3.12/site-packages/statistics_msgs/py.typed
[31.681s] -- Up-to-date: /Users/runner/work/pixi_rosdistro/pixi_rosdistro/install/lib/python3.12/site-packages/statistics_msgs/statistics_msgs_s__rosidl_typesupport_introspection_c.so
[31.681s] -- Up-to-date: /Users/runner/work/pixi_rosdistro/pixi_rosdistro/install/lib/python3.12/site-packages/statistics_msgs/statistics_msgs_s__rosidl_typesupport_c.so
[31.681s] -- Installing: /Users/runner/work/pixi_rosdistro/pixi_rosdistro/install/lib/python3.12/site-packages/statistics_msgs/_statistics_msgs_s.ep.rosidl_typesupport_introspection_c.c
[31.781s] Listing '/Users/runner/work/pixi_rosdistro/pixi_rosdistro/install/lib/python3.12/site-packages/statistics_msgs'...
[31.781s] Compiling '/Users/runner/work/pixi_rosdistro/pixi_rosdistro/install/lib/python3.12/site-packages/statistics_msgs/__init__.py'...
[31.781s] Listing '/Users/runner/work/pixi_rosdistro/pixi_rosdistro/install/lib/python3.12/site-packages/statistics_msgs/msg'...
[31.781s] Compiling '/Users/runner/work/pixi_rosdistro/pixi_rosdistro/install/lib/python3.12/site-packages/statistics_msgs/msg/__init__.py'...
[31.781s] Compiling '/Users/runner/work/pixi_rosdistro/pixi_rosdistro/install/lib/python3.12/site-packages/statistics_msgs/msg/_metrics_message.py'...
[31.781s] Compiling '/Users/runner/work/pixi_rosdistro/pixi_rosdistro/install/lib/python3.12/site-packages/statistics_msgs/msg/_statistic_data_point.py'...
[31.781s] Compiling '/Users/runner/work/pixi_rosdistro/pixi_rosdistro/install/lib/python3.12/site-packages/statistics_msgs/msg/_statistic_data_type.py'...
[31.785s] -- Installing: /Users/runner/work/pixi_rosdistro/pixi_rosdistro/install/share/statistics_msgs/cmake/rosidl_cmake-extras.cmake
[31.785s] -- Installing: /Users/runner/work/pixi_rosdistro/pixi_rosdistro/install/share/statistics_msgs/cmake/ament_cmake_export_dependencies-extras.cmake
[31.786s] -- Installing: /Users/runner/work/pixi_rosdistro/pixi_rosdistro/install/share/statistics_msgs/cmake/ament_cmake_export_include_directories-extras.cmake
[31.787s] -- Installing: /Users/runner/work/pixi_rosdistro/pixi_rosdistro/install/share/statistics_msgs/cmake/ament_cmake_export_libraries-extras.cmake
[31.788s] -- Installing: /Users/runner/work/pixi_rosdistro/pixi_rosdistro/install/share/statistics_msgs/cmake/ament_cmake_export_targets-extras.cmake
[31.788s] -- Installing: /Users/runner/work/pixi_rosdistro/pixi_rosdistro/install/share/statistics_msgs/cmake/rosidl_cmake_export_typesupport_targets-extras.cmake
[31.789s] -- Installing: /Users/runner/work/pixi_rosdistro/pixi_rosdistro/install/share/statistics_msgs/cmake/rosidl_cmake_export_typesupport_libraries-extras.cmake
[31.789s] -- Installing: /Users/runner/work/pixi_rosdistro/pixi_rosdistro/install/share/statistics_msgs/cmake/rosidl_cmake_aggregate_target-extras.cmake
[31.790s] -- Installing: /Users/runner/work/pixi_rosdistro/pixi_rosdistro/install/share/statistics_msgs/cmake/statistics_msgsConfig.cmake
[31.790s] -- Installing: /Users/runner/work/pixi_rosdistro/pixi_rosdistro/install/share/statistics_msgs/cmake/statistics_msgsConfig-version.cmake
[31.790s] -- Installing: /Users/runner/work/pixi_rosdistro/pixi_rosdistro/install/share/statistics_msgs/package.xml
[31.797s] Invoked command in '/Users/runner/work/pixi_rosdistro/pixi_rosdistro/build/statistics_msgs' returned '0': AMENT_PREFIX_PATH=/Users/runner/work/pixi_rosdistro/pixi_rosdistro/install CMAKE_PREFIX_PATH=/Users/runner/work/pixi_rosdistro/pixi_rosdistro/install DYLD_LIBRARY_PATH=/Users/runner/work/pixi_rosdistro/pixi_rosdistro/install/lib:/Users/runner/work/pixi_rosdistro/pixi_rosdistro/install/opt/mimick_vendor/lib PATH=/Users/runner/work/pixi_rosdistro/pixi_rosdistro/install/bin:${PATH} PIXI_PROMPT=(ros2_rolling) PKG_CONFIG_PATH=/Users/runner/work/pixi_rosdistro/pixi_rosdistro/install/lib/pkgconfig PYTHONPATH=/Users/runner/work/pixi_rosdistro/pixi_rosdistro/install/lib/python3.12/site-packages ROS_DOMAIN_ID=27 ROS_PYTHON_VERSION=3 SHLVL=3 _=/usr/bin/env /Users/runner/work/pixi_rosdistro/pixi_rosdistro/.pixi/envs/default/bin/cmake --install /Users/runner/work/pixi_rosdistro/pixi_rosdistro/build/statistics_msgs
