Not searching for unused variables given on the command line.
-- The C compiler identification is GNU 14.3.0
-- The CXX compiler identification is GNU 14.3.0
-- Detecting C compiler ABI info
-- Detecting C compiler ABI info - done
-- Check for working C compiler: /home/runner/work/pixi_rosdistro/pixi_rosdistro/.pixi/envs/default/bin/x86_64-conda-linux-gnu-cc - skipped
-- Detecting C compile features
-- Detecting C compile features - done
-- Detecting CXX compiler ABI info
-- Detecting CXX compiler ABI info - done
-- Check for working CXX compiler: /home/runner/work/pixi_rosdistro/pixi_rosdistro/.pixi/envs/default/bin/x86_64-conda-linux-gnu-c++ - skipped
-- Detecting CXX compile features
-- Detecting CXX compile features - done
-- Found ament_cmake: 2.8.6 (/home/runner/work/pixi_rosdistro/pixi_rosdistro/install/share/ament_cmake/cmake)
-- Found rosidl_default_generators: 1.8.1 (/home/runner/work/pixi_rosdistro/pixi_rosdistro/install/share/rosidl_default_generators/cmake)
-- Using all available rosidl_typesupport_c: rosidl_typesupport_fastrtps_c;rosidl_typesupport_introspection_c
-- Using all available rosidl_typesupport_cpp: rosidl_typesupport_fastrtps_cpp;rosidl_typesupport_introspection_cpp
-- Found rosidl_adapter: 5.1.3 (/home/runner/work/pixi_rosdistro/pixi_rosdistro/install/share/rosidl_adapter/cmake)
-- Found nav_msgs: 5.9.1 (/home/runner/work/pixi_rosdistro/pixi_rosdistro/install/share/nav_msgs/cmake)
-- Found sensor_msgs: 5.9.1 (/home/runner/work/pixi_rosdistro/pixi_rosdistro/install/share/sensor_msgs/cmake)
-- Found Python3: /home/runner/work/pixi_rosdistro/pixi_rosdistro/.pixi/envs/default/bin/python3 (found version "3.12.13") found components: Interpreter
-- Found ament_cmake_cppcheck: 0.20.3 (/home/runner/work/pixi_rosdistro/pixi_rosdistro/install/share/ament_cmake_cppcheck/cmake)
-- Found ament_cmake_cpplint: 0.20.3 (/home/runner/work/pixi_rosdistro/pixi_rosdistro/install/share/ament_cmake_cpplint/cmake)
-- Found ament_cmake_uncrustify: 0.20.3 (/home/runner/work/pixi_rosdistro/pixi_rosdistro/install/share/ament_cmake_uncrustify/cmake)
-- Found ament_cmake_ros_core: 0.15.6 (/home/runner/work/pixi_rosdistro/pixi_rosdistro/install/share/ament_cmake_ros_core/cmake)
-- Using all available rosidl_typesupport_c: rosidl_typesupport_fastrtps_c;rosidl_typesupport_introspection_c
-- Using all available rosidl_typesupport_cpp: rosidl_typesupport_fastrtps_cpp;rosidl_typesupport_introspection_cpp
-- Found Python3: /home/runner/work/pixi_rosdistro/pixi_rosdistro/.pixi/envs/default/bin/python3 (found version "3.12.13") found components: Interpreter Development NumPy Development.Module Development.Embed
-- Found ament_cmake_flake8: 0.20.3 (/home/runner/work/pixi_rosdistro/pixi_rosdistro/install/share/ament_cmake_flake8/cmake)
-- Found ament_cmake_pep257: 0.20.3 (/home/runner/work/pixi_rosdistro/pixi_rosdistro/install/share/ament_cmake_pep257/cmake)
-- Found ament_cmake_mypy: 0.20.3 (/home/runner/work/pixi_rosdistro/pixi_rosdistro/install/share/ament_cmake_mypy/cmake)
-- Found Python3: /home/runner/work/pixi_rosdistro/pixi_rosdistro/.pixi/envs/default/bin/python3 (found version "3.12.13") found components: Interpreter
-- Configuring done (6.6s)
-- Generating done (0.2s)
-- Build files have been written to: /home/runner/work/pixi_rosdistro/pixi_rosdistro/build/map_msgs
[1/127] Generating type hashes for ROS interfaces
[2/127] Generating C code for ROS interfaces
[3/127] Building C object CMakeFiles/map_msgs__rosidl_generator_c.dir/rosidl_generator_c/map_msgs/msg/detail/occupancy_grid_update__description.c.o
[4/127] Building C object CMakeFiles/map_msgs__rosidl_generator_c.dir/rosidl_generator_c/map_msgs/msg/detail/occupancy_grid_update__functions.c.o
[5/127] Building C object CMakeFiles/map_msgs__rosidl_generator_c.dir/rosidl_generator_c/map_msgs/msg/detail/occupancy_grid_update__type_support.c.o
[6/127] Building C object CMakeFiles/map_msgs__rosidl_generator_c.dir/rosidl_generator_c/map_msgs/msg/detail/point_cloud2_update__description.c.o
[7/127] Building C object CMakeFiles/map_msgs__rosidl_generator_c.dir/rosidl_generator_c/map_msgs/msg/detail/point_cloud2_update__functions.c.o
[8/127] Building C object CMakeFiles/map_msgs__rosidl_generator_c.dir/rosidl_generator_c/map_msgs/msg/detail/point_cloud2_update__type_support.c.o
[9/127] Building C object CMakeFiles/map_msgs__rosidl_generator_c.dir/rosidl_generator_c/map_msgs/msg/detail/projected_map_info__description.c.o
[10/127] Building C object CMakeFiles/map_msgs__rosidl_generator_c.dir/rosidl_generator_c/map_msgs/msg/detail/projected_map_info__functions.c.o
[11/127] Building C object CMakeFiles/map_msgs__rosidl_generator_c.dir/rosidl_generator_c/map_msgs/msg/detail/projected_map_info__type_support.c.o
[12/127] Building C object CMakeFiles/map_msgs__rosidl_generator_c.dir/rosidl_generator_c/map_msgs/msg/detail/projected_map__description.c.o
[13/127] Building C object CMakeFiles/map_msgs__rosidl_generator_c.dir/rosidl_generator_c/map_msgs/msg/detail/projected_map__functions.c.o
[14/127] Building C object CMakeFiles/map_msgs__rosidl_generator_c.dir/rosidl_generator_c/map_msgs/msg/detail/projected_map__type_support.c.o
[15/127] Building C object CMakeFiles/map_msgs__rosidl_generator_c.dir/rosidl_generator_c/map_msgs/srv/detail/get_map_roi__description.c.o
[16/127] Building C object CMakeFiles/map_msgs__rosidl_generator_c.dir/rosidl_generator_c/map_msgs/srv/detail/get_map_roi__functions.c.o
[17/127] Building C object CMakeFiles/map_msgs__rosidl_generator_c.dir/rosidl_generator_c/map_msgs/srv/detail/get_map_roi__type_support.c.o
[18/127] Building C object CMakeFiles/map_msgs__rosidl_generator_c.dir/rosidl_generator_c/map_msgs/srv/detail/get_point_map_roi__description.c.o
[19/127] Building C object CMakeFiles/map_msgs__rosidl_generator_c.dir/rosidl_generator_c/map_msgs/srv/detail/get_point_map_roi__functions.c.o
[20/127] Building C object CMakeFiles/map_msgs__rosidl_generator_c.dir/rosidl_generator_c/map_msgs/srv/detail/get_point_map_roi__type_support.c.o
[21/127] Building C object CMakeFiles/map_msgs__rosidl_generator_c.dir/rosidl_generator_c/map_msgs/srv/detail/get_point_map__description.c.o
[22/127] Building C object CMakeFiles/map_msgs__rosidl_generator_c.dir/rosidl_generator_c/map_msgs/srv/detail/get_point_map__functions.c.o
[23/127] Building C object CMakeFiles/map_msgs__rosidl_generator_c.dir/rosidl_generator_c/map_msgs/srv/detail/get_point_map__type_support.c.o
[24/127] Building C object CMakeFiles/map_msgs__rosidl_generator_c.dir/rosidl_generator_c/map_msgs/srv/detail/projected_maps_info__description.c.o
[25/127] Building C object CMakeFiles/map_msgs__rosidl_generator_c.dir/rosidl_generator_c/map_msgs/srv/detail/projected_maps_info__functions.c.o
[26/127] Building C object CMakeFiles/map_msgs__rosidl_generator_c.dir/rosidl_generator_c/map_msgs/srv/detail/projected_maps_info__type_support.c.o
[27/127] Building C object CMakeFiles/map_msgs__rosidl_generator_c.dir/rosidl_generator_c/map_msgs/srv/detail/save_map__description.c.o
[28/127] Building C object CMakeFiles/map_msgs__rosidl_generator_c.dir/rosidl_generator_c/map_msgs/srv/detail/save_map__functions.c.o
[29/127] Building C object CMakeFiles/map_msgs__rosidl_generator_c.dir/rosidl_generator_c/map_msgs/srv/detail/save_map__type_support.c.o
[30/127] Building C object CMakeFiles/map_msgs__rosidl_generator_c.dir/rosidl_generator_c/map_msgs/srv/detail/set_map_projections__description.c.o
[31/127] Building C object CMakeFiles/map_msgs__rosidl_generator_c.dir/rosidl_generator_c/map_msgs/srv/detail/set_map_projections__functions.c.o
[32/127] Building C object CMakeFiles/map_msgs__rosidl_generator_c.dir/rosidl_generator_c/map_msgs/srv/detail/set_map_projections__type_support.c.o
[33/127] Generating C type support for eProsima Fast-RTPS
[34/127] Generating C introspection for ROS interfaces
[35/127] Generating C type support dispatch for ROS interfaces
[36/127] Generating C++ code for ROS interfaces
[37/127] Generating C++ type support for eProsima Fast-RTPS
[38/127] Generating C++ introspection for ROS interfaces
[39/127] Generating C++ type support dispatch for ROS interfaces
[40/127] Linking C shared library libmap_msgs__rosidl_generator_c.so
[41/127] Building CXX object CMakeFiles/map_msgs__rosidl_typesupport_fastrtps_c.dir/rosidl_typesupport_fastrtps_c/map_msgs/msg/detail/occupancy_grid_update__type_support_c.cpp.o
[42/127] Building CXX object CMakeFiles/map_msgs__rosidl_typesupport_fastrtps_c.dir/rosidl_typesupport_fastrtps_c/map_msgs/msg/detail/point_cloud2_update__type_support_c.cpp.o
[43/127] Building CXX object CMakeFiles/map_msgs__rosidl_typesupport_fastrtps_c.dir/rosidl_typesupport_fastrtps_c/map_msgs/msg/detail/projected_map_info__type_support_c.cpp.o
[44/127] Building CXX object CMakeFiles/map_msgs__rosidl_typesupport_fastrtps_c.dir/rosidl_typesupport_fastrtps_c/map_msgs/msg/detail/projected_map__type_support_c.cpp.o
[45/127] Building CXX object CMakeFiles/map_msgs__rosidl_typesupport_fastrtps_c.dir/rosidl_typesupport_fastrtps_c/map_msgs/srv/detail/get_map_roi__type_support_c.cpp.o
[46/127] Building CXX object CMakeFiles/map_msgs__rosidl_typesupport_fastrtps_c.dir/rosidl_typesupport_fastrtps_c/map_msgs/srv/detail/get_point_map_roi__type_support_c.cpp.o
[47/127] Building CXX object CMakeFiles/map_msgs__rosidl_typesupport_fastrtps_c.dir/rosidl_typesupport_fastrtps_c/map_msgs/srv/detail/get_point_map__type_support_c.cpp.o
[48/127] Building CXX object CMakeFiles/map_msgs__rosidl_typesupport_fastrtps_c.dir/rosidl_typesupport_fastrtps_c/map_msgs/srv/detail/projected_maps_info__type_support_c.cpp.o
[49/127] Building CXX object CMakeFiles/map_msgs__rosidl_typesupport_fastrtps_c.dir/rosidl_typesupport_fastrtps_c/map_msgs/srv/detail/save_map__type_support_c.cpp.o
[50/127] Building CXX object CMakeFiles/map_msgs__rosidl_typesupport_fastrtps_c.dir/rosidl_typesupport_fastrtps_c/map_msgs/srv/detail/set_map_projections__type_support_c.cpp.o
[51/127] Building C object CMakeFiles/map_msgs__rosidl_typesupport_introspection_c.dir/rosidl_typesupport_introspection_c/map_msgs/msg/detail/occupancy_grid_update__type_support.c.o
[52/127] Building C object CMakeFiles/map_msgs__rosidl_typesupport_introspection_c.dir/rosidl_typesupport_introspection_c/map_msgs/msg/detail/point_cloud2_update__type_support.c.o
[53/127] Building C object CMakeFiles/map_msgs__rosidl_typesupport_introspection_c.dir/rosidl_typesupport_introspection_c/map_msgs/msg/detail/projected_map_info__type_support.c.o
[54/127] Building C object CMakeFiles/map_msgs__rosidl_typesupport_introspection_c.dir/rosidl_typesupport_introspection_c/map_msgs/msg/detail/projected_map__type_support.c.o
[55/127] Building C object CMakeFiles/map_msgs__rosidl_typesupport_introspection_c.dir/rosidl_typesupport_introspection_c/map_msgs/srv/detail/get_map_roi__type_support.c.o
[56/127] Building C object CMakeFiles/map_msgs__rosidl_typesupport_introspection_c.dir/rosidl_typesupport_introspection_c/map_msgs/srv/detail/get_point_map_roi__type_support.c.o
[57/127] Building C object CMakeFiles/map_msgs__rosidl_typesupport_introspection_c.dir/rosidl_typesupport_introspection_c/map_msgs/srv/detail/get_point_map__type_support.c.o
[58/127] Building C object CMakeFiles/map_msgs__rosidl_typesupport_introspection_c.dir/rosidl_typesupport_introspection_c/map_msgs/srv/detail/projected_maps_info__type_support.c.o
[59/127] Building C object CMakeFiles/map_msgs__rosidl_typesupport_introspection_c.dir/rosidl_typesupport_introspection_c/map_msgs/srv/detail/save_map__type_support.c.o
[60/127] Building C object CMakeFiles/map_msgs__rosidl_typesupport_introspection_c.dir/rosidl_typesupport_introspection_c/map_msgs/srv/detail/set_map_projections__type_support.c.o
[61/127] Building CXX object CMakeFiles/map_msgs__rosidl_typesupport_c.dir/rosidl_typesupport_c/map_msgs/msg/occupancy_grid_update__type_support.cpp.o
[62/127] Building CXX object CMakeFiles/map_msgs__rosidl_typesupport_c.dir/rosidl_typesupport_c/map_msgs/msg/point_cloud2_update__type_support.cpp.o
[63/127] Building CXX object CMakeFiles/map_msgs__rosidl_typesupport_c.dir/rosidl_typesupport_c/map_msgs/msg/projected_map_info__type_support.cpp.o
[64/127] Building CXX object CMakeFiles/map_msgs__rosidl_typesupport_c.dir/rosidl_typesupport_c/map_msgs/msg/projected_map__type_support.cpp.o
[65/127] Building CXX object CMakeFiles/map_msgs__rosidl_typesupport_c.dir/rosidl_typesupport_c/map_msgs/srv/get_map_roi__type_support.cpp.o
[66/127] Building CXX object CMakeFiles/map_msgs__rosidl_typesupport_c.dir/rosidl_typesupport_c/map_msgs/srv/get_point_map_roi__type_support.cpp.o
[67/127] Building CXX object CMakeFiles/map_msgs__rosidl_typesupport_c.dir/rosidl_typesupport_c/map_msgs/srv/get_point_map__type_support.cpp.o
[68/127] Building CXX object CMakeFiles/map_msgs__rosidl_typesupport_c.dir/rosidl_typesupport_c/map_msgs/srv/projected_maps_info__type_support.cpp.o
[69/127] Building CXX object CMakeFiles/map_msgs__rosidl_typesupport_c.dir/rosidl_typesupport_c/map_msgs/srv/save_map__type_support.cpp.o
[70/127] Building CXX object CMakeFiles/map_msgs__rosidl_typesupport_c.dir/rosidl_typesupport_c/map_msgs/srv/set_map_projections__type_support.cpp.o
[71/127] Building CXX object CMakeFiles/map_msgs__rosidl_typesupport_fastrtps_cpp.dir/rosidl_typesupport_fastrtps_cpp/map_msgs/msg/detail/dds_fastrtps/occupancy_grid_update__type_support.cpp.o
[72/127] Building CXX object CMakeFiles/map_msgs__rosidl_typesupport_fastrtps_cpp.dir/rosidl_typesupport_fastrtps_cpp/map_msgs/msg/detail/dds_fastrtps/point_cloud2_update__type_support.cpp.o
[73/127] Building CXX object CMakeFiles/map_msgs__rosidl_typesupport_fastrtps_cpp.dir/rosidl_typesupport_fastrtps_cpp/map_msgs/msg/detail/dds_fastrtps/projected_map_info__type_support.cpp.o
[74/127] Building CXX object CMakeFiles/map_msgs__rosidl_typesupport_fastrtps_cpp.dir/rosidl_typesupport_fastrtps_cpp/map_msgs/msg/detail/dds_fastrtps/projected_map__type_support.cpp.o
[75/127] Building CXX object CMakeFiles/map_msgs__rosidl_typesupport_fastrtps_cpp.dir/rosidl_typesupport_fastrtps_cpp/map_msgs/srv/detail/dds_fastrtps/get_map_roi__type_support.cpp.o
[76/127] Building CXX object CMakeFiles/map_msgs__rosidl_typesupport_fastrtps_cpp.dir/rosidl_typesupport_fastrtps_cpp/map_msgs/srv/detail/dds_fastrtps/get_point_map_roi__type_support.cpp.o
[77/127] Building CXX object CMakeFiles/map_msgs__rosidl_typesupport_fastrtps_cpp.dir/rosidl_typesupport_fastrtps_cpp/map_msgs/srv/detail/dds_fastrtps/get_point_map__type_support.cpp.o
[78/127] Building CXX object CMakeFiles/map_msgs__rosidl_typesupport_fastrtps_cpp.dir/rosidl_typesupport_fastrtps_cpp/map_msgs/srv/detail/dds_fastrtps/projected_maps_info__type_support.cpp.o
[79/127] Building CXX object CMakeFiles/map_msgs__rosidl_typesupport_fastrtps_cpp.dir/rosidl_typesupport_fastrtps_cpp/map_msgs/srv/detail/dds_fastrtps/save_map__type_support.cpp.o
[80/127] Building CXX object CMakeFiles/map_msgs__rosidl_typesupport_fastrtps_cpp.dir/rosidl_typesupport_fastrtps_cpp/map_msgs/srv/detail/dds_fastrtps/set_map_projections__type_support.cpp.o
[81/127] Building CXX object CMakeFiles/map_msgs__rosidl_typesupport_introspection_cpp.dir/rosidl_typesupport_introspection_cpp/map_msgs/msg/detail/occupancy_grid_update__type_support.cpp.o
[82/127] Building CXX object CMakeFiles/map_msgs__rosidl_typesupport_introspection_cpp.dir/rosidl_typesupport_introspection_cpp/map_msgs/msg/detail/point_cloud2_update__type_support.cpp.o
[83/127] Building CXX object CMakeFiles/map_msgs__rosidl_typesupport_introspection_cpp.dir/rosidl_typesupport_introspection_cpp/map_msgs/msg/detail/projected_map_info__type_support.cpp.o
[84/127] Building CXX object CMakeFiles/map_msgs__rosidl_typesupport_introspection_cpp.dir/rosidl_typesupport_introspection_cpp/map_msgs/msg/detail/projected_map__type_support.cpp.o
[85/127] Building CXX object CMakeFiles/map_msgs__rosidl_typesupport_introspection_cpp.dir/rosidl_typesupport_introspection_cpp/map_msgs/srv/detail/get_map_roi__type_support.cpp.o
[86/127] Building CXX object CMakeFiles/map_msgs__rosidl_typesupport_introspection_cpp.dir/rosidl_typesupport_introspection_cpp/map_msgs/srv/detail/get_point_map_roi__type_support.cpp.o
[87/127] Building CXX object CMakeFiles/map_msgs__rosidl_typesupport_introspection_cpp.dir/rosidl_typesupport_introspection_cpp/map_msgs/srv/detail/get_point_map__type_support.cpp.o
[88/127] Building CXX object CMakeFiles/map_msgs__rosidl_typesupport_introspection_cpp.dir/rosidl_typesupport_introspection_cpp/map_msgs/srv/detail/projected_maps_info__type_support.cpp.o
[89/127] Building CXX object CMakeFiles/map_msgs__rosidl_typesupport_introspection_cpp.dir/rosidl_typesupport_introspection_cpp/map_msgs/srv/detail/save_map__type_support.cpp.o
[90/127] Building CXX object CMakeFiles/map_msgs__rosidl_typesupport_introspection_cpp.dir/rosidl_typesupport_introspection_cpp/map_msgs/srv/detail/set_map_projections__type_support.cpp.o
[91/127] Building CXX object CMakeFiles/map_msgs__rosidl_typesupport_cpp.dir/rosidl_typesupport_cpp/map_msgs/msg/occupancy_grid_update__type_support.cpp.o
[92/127] Building CXX object CMakeFiles/map_msgs__rosidl_typesupport_cpp.dir/rosidl_typesupport_cpp/map_msgs/msg/point_cloud2_update__type_support.cpp.o
[93/127] Building CXX object CMakeFiles/map_msgs__rosidl_typesupport_cpp.dir/rosidl_typesupport_cpp/map_msgs/msg/projected_map_info__type_support.cpp.o
[94/127] Building CXX object CMakeFiles/map_msgs__rosidl_typesupport_cpp.dir/rosidl_typesupport_cpp/map_msgs/msg/projected_map__type_support.cpp.o
[95/127] Building CXX object CMakeFiles/map_msgs__rosidl_typesupport_cpp.dir/rosidl_typesupport_cpp/map_msgs/srv/get_map_roi__type_support.cpp.o
[96/127] Building CXX object CMakeFiles/map_msgs__rosidl_typesupport_cpp.dir/rosidl_typesupport_cpp/map_msgs/srv/get_point_map_roi__type_support.cpp.o
[97/127] Building CXX object CMakeFiles/map_msgs__rosidl_typesupport_cpp.dir/rosidl_typesupport_cpp/map_msgs/srv/get_point_map__type_support.cpp.o
[98/127] Building CXX object CMakeFiles/map_msgs__rosidl_typesupport_cpp.dir/rosidl_typesupport_cpp/map_msgs/srv/projected_maps_info__type_support.cpp.o
[99/127] Building CXX object CMakeFiles/map_msgs__rosidl_typesupport_cpp.dir/rosidl_typesupport_cpp/map_msgs/srv/save_map__type_support.cpp.o
[100/127] Building CXX object CMakeFiles/map_msgs__rosidl_typesupport_cpp.dir/rosidl_typesupport_cpp/map_msgs/srv/set_map_projections__type_support.cpp.o
[101/127] Linking CXX shared library libmap_msgs__rosidl_typesupport_fastrtps_c.so
[102/127] Linking C shared library libmap_msgs__rosidl_typesupport_introspection_c.so
[103/127] Linking CXX shared library libmap_msgs__rosidl_typesupport_c.so
[104/127] Linking CXX shared library libmap_msgs__rosidl_typesupport_fastrtps_cpp.so
[105/127] Linking CXX shared library libmap_msgs__rosidl_typesupport_introspection_cpp.so
[106/127] Linking CXX shared library libmap_msgs__rosidl_typesupport_cpp.so
[107/127] Generating Python code for ROS interfaces
[108/127] Generating Rust code for ROS interfaces
[109/127] Building C object CMakeFiles/map_msgs__rosidl_generator_py.dir/rosidl_generator_py/map_msgs/msg/_occupancy_grid_update_s.c.o
[110/127] Building C object CMakeFiles/map_msgs__rosidl_generator_py.dir/rosidl_generator_py/map_msgs/msg/_point_cloud2_update_s.c.o
[111/127] Building C object CMakeFiles/map_msgs__rosidl_generator_py.dir/rosidl_generator_py/map_msgs/msg/_projected_map_info_s.c.o
[112/127] Building C object CMakeFiles/map_msgs__rosidl_generator_py.dir/rosidl_generator_py/map_msgs/msg/_projected_map_s.c.o
[113/127] Building C object CMakeFiles/map_msgs__rosidl_generator_py.dir/rosidl_generator_py/map_msgs/srv/_get_map_roi_s.c.o
[114/127] Building C object CMakeFiles/map_msgs__rosidl_generator_py.dir/rosidl_generator_py/map_msgs/srv/_get_point_map_roi_s.c.o
[115/127] Building C object CMakeFiles/map_msgs__rosidl_generator_py.dir/rosidl_generator_py/map_msgs/srv/_get_point_map_s.c.o
[116/127] Building C object CMakeFiles/map_msgs__rosidl_generator_py.dir/rosidl_generator_py/map_msgs/srv/_projected_maps_info_s.c.o
[117/127] Building C object CMakeFiles/map_msgs__rosidl_generator_py.dir/rosidl_generator_py/map_msgs/srv/_save_map_s.c.o
[118/127] Building C object CMakeFiles/map_msgs__rosidl_generator_py.dir/rosidl_generator_py/map_msgs/srv/_set_map_projections_s.c.o
[119/127] Linking C shared library libmap_msgs__rosidl_generator_py.so
[120/127] Building C object CMakeFiles/map_msgs_s__rosidl_typesupport_fastrtps_c.dir/rosidl_generator_py/map_msgs/_map_msgs_s.ep.rosidl_typesupport_fastrtps_c.c.o
[121/127] Building C object CMakeFiles/map_msgs_s__rosidl_typesupport_introspection_c.dir/rosidl_generator_py/map_msgs/_map_msgs_s.ep.rosidl_typesupport_introspection_c.c.o
[122/127] Building C object CMakeFiles/map_msgs_s__rosidl_typesupport_c.dir/rosidl_generator_py/map_msgs/_map_msgs_s.ep.rosidl_typesupport_c.c.o
[123/127] cd /home/runner/work/pixi_rosdistro/pixi_rosdistro/build/map_msgs && /home/runner/work/pixi_rosdistro/pixi_rosdistro/.pixi/envs/default/bin/cmake -E copy_directory /home/runner/work/pixi_rosdistro/pixi_rosdistro/build/map_msgs/rosidl_generator_py/map_msgs /home/runner/work/pixi_rosdistro/pixi_rosdistro/build/map_msgs/ament_cmake_python/map_msgs/map_msgs
[124/127] Linking C shared module rosidl_generator_py/map_msgs/map_msgs_s__rosidl_typesupport_fastrtps_c.so
[125/127] Linking C shared module rosidl_generator_py/map_msgs/map_msgs_s__rosidl_typesupport_introspection_c.so
[126/127] Linking C shared module rosidl_generator_py/map_msgs/map_msgs_s__rosidl_typesupport_c.so
[127/127] cd /home/runner/work/pixi_rosdistro/pixi_rosdistro/build/map_msgs/ament_cmake_python/map_msgs && /home/runner/work/pixi_rosdistro/pixi_rosdistro/.pixi/envs/default/bin/python3 setup.py egg_info
running egg_info
creating map_msgs.egg-info
writing map_msgs.egg-info/PKG-INFO
writing dependency_links to map_msgs.egg-info/dependency_links.txt
writing top-level names to map_msgs.egg-info/top_level.txt
writing manifest file 'map_msgs.egg-info/SOURCES.txt'
reading manifest file 'map_msgs.egg-info/SOURCES.txt'
writing manifest file 'map_msgs.egg-info/SOURCES.txt'
-- Install configuration: "Release"
-- Installing: /home/runner/work/pixi_rosdistro/pixi_rosdistro/install/share/ament_index/resource_index/rosidl_interfaces/map_msgs
-- Installing: /home/runner/work/pixi_rosdistro/pixi_rosdistro/install/share/map_msgs/msg/OccupancyGridUpdate.json
-- Installing: /home/runner/work/pixi_rosdistro/pixi_rosdistro/install/share/map_msgs/msg/PointCloud2Update.json
-- Installing: /home/runner/work/pixi_rosdistro/pixi_rosdistro/install/share/map_msgs/msg/ProjectedMapInfo.json
-- Installing: /home/runner/work/pixi_rosdistro/pixi_rosdistro/install/share/map_msgs/msg/ProjectedMap.json
-- Installing: /home/runner/work/pixi_rosdistro/pixi_rosdistro/install/share/map_msgs/srv/GetMapROI.json
-- Installing: /home/runner/work/pixi_rosdistro/pixi_rosdistro/install/share/map_msgs/srv/GetPointMapROI.json
-- Installing: /home/runner/work/pixi_rosdistro/pixi_rosdistro/install/share/map_msgs/srv/GetPointMap.json
-- Installing: /home/runner/work/pixi_rosdistro/pixi_rosdistro/install/share/map_msgs/srv/ProjectedMapsInfo.json
-- Installing: /home/runner/work/pixi_rosdistro/pixi_rosdistro/install/share/map_msgs/srv/SaveMap.json
-- Installing: /home/runner/work/pixi_rosdistro/pixi_rosdistro/install/share/map_msgs/srv/SetMapProjections.json
-- Installing: /home/runner/work/pixi_rosdistro/pixi_rosdistro/install/include/map_msgs/map_msgs
-- Installing: /home/runner/work/pixi_rosdistro/pixi_rosdistro/install/include/map_msgs/map_msgs/srv
-- Installing: /home/runner/work/pixi_rosdistro/pixi_rosdistro/install/include/map_msgs/map_msgs/srv/get_point_map_roi.h
-- Installing: /home/runner/work/pixi_rosdistro/pixi_rosdistro/install/include/map_msgs/map_msgs/srv/save_map.h
-- Installing: /home/runner/work/pixi_rosdistro/pixi_rosdistro/install/include/map_msgs/map_msgs/srv/projected_maps_info.h
-- Installing: /home/runner/work/pixi_rosdistro/pixi_rosdistro/install/include/map_msgs/map_msgs/srv/get_map_roi.h
-- Installing: /home/runner/work/pixi_rosdistro/pixi_rosdistro/install/include/map_msgs/map_msgs/srv/get_point_map.h
-- Installing: /home/runner/work/pixi_rosdistro/pixi_rosdistro/install/include/map_msgs/map_msgs/srv/set_map_projections.h
-- Installing: /home/runner/work/pixi_rosdistro/pixi_rosdistro/install/include/map_msgs/map_msgs/srv/detail
-- Installing: /home/runner/work/pixi_rosdistro/pixi_rosdistro/install/include/map_msgs/map_msgs/srv/detail/get_map_roi__functions.c
-- Installing: /home/runner/work/pixi_rosdistro/pixi_rosdistro/install/include/map_msgs/map_msgs/srv/detail/get_map_roi__description.c
-- Installing: /home/runner/work/pixi_rosdistro/pixi_rosdistro/install/include/map_msgs/map_msgs/srv/detail/projected_maps_info__functions.c
-- Installing: /home/runner/work/pixi_rosdistro/pixi_rosdistro/install/include/map_msgs/map_msgs/srv/detail/save_map__description.c
-- Installing: /home/runner/work/pixi_rosdistro/pixi_rosdistro/install/include/map_msgs/map_msgs/srv/detail/get_point_map__struct.h
-- Installing: /home/runner/work/pixi_rosdistro/pixi_rosdistro/install/include/map_msgs/map_msgs/srv/detail/get_point_map_roi__struct.h
-- Installing: /home/runner/work/pixi_rosdistro/pixi_rosdistro/install/include/map_msgs/map_msgs/srv/detail/get_point_map__type_support.c
-- Installing: /home/runner/work/pixi_rosdistro/pixi_rosdistro/install/include/map_msgs/map_msgs/srv/detail/set_map_projections__description.c
-- Installing: /home/runner/work/pixi_rosdistro/pixi_rosdistro/install/include/map_msgs/map_msgs/srv/detail/get_map_roi__functions.h
-- Installing: /home/runner/work/pixi_rosdistro/pixi_rosdistro/install/include/map_msgs/map_msgs/srv/detail/get_point_map_roi__description.c
-- Installing: /home/runner/work/pixi_rosdistro/pixi_rosdistro/install/include/map_msgs/map_msgs/srv/detail/get_map_roi__type_support.c
-- Installing: /home/runner/work/pixi_rosdistro/pixi_rosdistro/install/include/map_msgs/map_msgs/srv/detail/get_point_map__functions.c
-- Installing: /home/runner/work/pixi_rosdistro/pixi_rosdistro/install/include/map_msgs/map_msgs/srv/detail/set_map_projections__functions.c
-- Installing: /home/runner/work/pixi_rosdistro/pixi_rosdistro/install/include/map_msgs/map_msgs/srv/detail/projected_maps_info__functions.h
-- Installing: /home/runner/work/pixi_rosdistro/pixi_rosdistro/install/include/map_msgs/map_msgs/srv/detail/set_map_projections__functions.h
-- Installing: /home/runner/work/pixi_rosdistro/pixi_rosdistro/install/include/map_msgs/map_msgs/srv/detail/get_map_roi__struct.h
-- Installing: /home/runner/work/pixi_rosdistro/pixi_rosdistro/install/include/map_msgs/map_msgs/srv/detail/get_point_map__type_support.h
-- Installing: /home/runner/work/pixi_rosdistro/pixi_rosdistro/install/include/map_msgs/map_msgs/srv/detail/save_map__functions.c
-- Installing: /home/runner/work/pixi_rosdistro/pixi_rosdistro/install/include/map_msgs/map_msgs/srv/detail/set_map_projections__struct.h
-- Installing: /home/runner/work/pixi_rosdistro/pixi_rosdistro/install/include/map_msgs/map_msgs/srv/detail/get_point_map_roi__type_support.c
-- Installing: /home/runner/work/pixi_rosdistro/pixi_rosdistro/install/include/map_msgs/map_msgs/srv/detail/projected_maps_info__type_support.c
-- Installing: /home/runner/work/pixi_rosdistro/pixi_rosdistro/install/include/map_msgs/map_msgs/srv/detail/get_point_map_roi__functions.c
-- Installing: /home/runner/work/pixi_rosdistro/pixi_rosdistro/install/include/map_msgs/map_msgs/srv/detail/save_map__type_support.c
-- Installing: /home/runner/work/pixi_rosdistro/pixi_rosdistro/install/include/map_msgs/map_msgs/srv/detail/get_point_map__description.c
-- Installing: /home/runner/work/pixi_rosdistro/pixi_rosdistro/install/include/map_msgs/map_msgs/srv/detail/get_point_map_roi__type_support.h
-- Installing: /home/runner/work/pixi_rosdistro/pixi_rosdistro/install/include/map_msgs/map_msgs/srv/detail/projected_maps_info__type_support.h
-- Installing: /home/runner/work/pixi_rosdistro/pixi_rosdistro/install/include/map_msgs/map_msgs/srv/detail/get_map_roi__type_support.h
-- Installing: /home/runner/work/pixi_rosdistro/pixi_rosdistro/install/include/map_msgs/map_msgs/srv/detail/projected_maps_info__struct.h
-- Installing: /home/runner/work/pixi_rosdistro/pixi_rosdistro/install/include/map_msgs/map_msgs/srv/detail/save_map__functions.h
-- Installing: /home/runner/work/pixi_rosdistro/pixi_rosdistro/install/include/map_msgs/map_msgs/srv/detail/get_point_map__functions.h
-- Installing: /home/runner/work/pixi_rosdistro/pixi_rosdistro/install/include/map_msgs/map_msgs/srv/detail/projected_maps_info__description.c
-- Installing: /home/runner/work/pixi_rosdistro/pixi_rosdistro/install/include/map_msgs/map_msgs/srv/detail/save_map__struct.h
-- Installing: /home/runner/work/pixi_rosdistro/pixi_rosdistro/install/include/map_msgs/map_msgs/srv/detail/save_map__type_support.h
-- Installing: /home/runner/work/pixi_rosdistro/pixi_rosdistro/install/include/map_msgs/map_msgs/srv/detail/set_map_projections__type_support.c
-- Installing: /home/runner/work/pixi_rosdistro/pixi_rosdistro/install/include/map_msgs/map_msgs/srv/detail/get_point_map_roi__functions.h
-- Installing: /home/runner/work/pixi_rosdistro/pixi_rosdistro/install/include/map_msgs/map_msgs/srv/detail/set_map_projections__type_support.h
-- Installing: /home/runner/work/pixi_rosdistro/pixi_rosdistro/install/include/map_msgs/map_msgs/msg
-- Installing: /home/runner/work/pixi_rosdistro/pixi_rosdistro/install/include/map_msgs/map_msgs/msg/projected_map_info.h
-- Installing: /home/runner/work/pixi_rosdistro/pixi_rosdistro/install/include/map_msgs/map_msgs/msg/rosidl_generator_c__visibility_control.h
-- Installing: /home/runner/work/pixi_rosdistro/pixi_rosdistro/install/include/map_msgs/map_msgs/msg/point_cloud2_update.h
-- Installing: /home/runner/work/pixi_rosdistro/pixi_rosdistro/install/include/map_msgs/map_msgs/msg/projected_map.h
-- Installing: /home/runner/work/pixi_rosdistro/pixi_rosdistro/install/include/map_msgs/map_msgs/msg/occupancy_grid_update.h
-- Installing: /home/runner/work/pixi_rosdistro/pixi_rosdistro/install/include/map_msgs/map_msgs/msg/detail
-- Installing: /home/runner/work/pixi_rosdistro/pixi_rosdistro/install/include/map_msgs/map_msgs/msg/detail/point_cloud2_update__functions.h
-- Installing: /home/runner/work/pixi_rosdistro/pixi_rosdistro/install/include/map_msgs/map_msgs/msg/detail/projected_map_info__functions.h
-- Installing: /home/runner/work/pixi_rosdistro/pixi_rosdistro/install/include/map_msgs/map_msgs/msg/detail/projected_map__struct.h
-- Installing: /home/runner/work/pixi_rosdistro/pixi_rosdistro/install/include/map_msgs/map_msgs/msg/detail/projected_map_info__functions.c
-- Installing: /home/runner/work/pixi_rosdistro/pixi_rosdistro/install/include/map_msgs/map_msgs/msg/detail/projected_map__functions.c
-- Installing: /home/runner/work/pixi_rosdistro/pixi_rosdistro/install/include/map_msgs/map_msgs/msg/detail/point_cloud2_update__functions.c
-- Installing: /home/runner/work/pixi_rosdistro/pixi_rosdistro/install/include/map_msgs/map_msgs/msg/detail/projected_map_info__type_support.h
-- Installing: /home/runner/work/pixi_rosdistro/pixi_rosdistro/install/include/map_msgs/map_msgs/msg/detail/occupancy_grid_update__functions.h
-- Installing: /home/runner/work/pixi_rosdistro/pixi_rosdistro/install/include/map_msgs/map_msgs/msg/detail/point_cloud2_update__type_support.c
-- Installing: /home/runner/work/pixi_rosdistro/pixi_rosdistro/install/include/map_msgs/map_msgs/msg/detail/occupancy_grid_update__functions.c
-- Installing: /home/runner/work/pixi_rosdistro/pixi_rosdistro/install/include/map_msgs/map_msgs/msg/detail/projected_map_info__struct.h
-- Installing: /home/runner/work/pixi_rosdistro/pixi_rosdistro/install/include/map_msgs/map_msgs/msg/detail/projected_map_info__description.c
-- Installing: /home/runner/work/pixi_rosdistro/pixi_rosdistro/install/include/map_msgs/map_msgs/msg/detail/projected_map__description.c
-- Installing: /home/runner/work/pixi_rosdistro/pixi_rosdistro/install/include/map_msgs/map_msgs/msg/detail/projected_map__type_support.c
-- Installing: /home/runner/work/pixi_rosdistro/pixi_rosdistro/install/include/map_msgs/map_msgs/msg/detail/point_cloud2_update__struct.h
-- Installing: /home/runner/work/pixi_rosdistro/pixi_rosdistro/install/include/map_msgs/map_msgs/msg/detail/point_cloud2_update__description.c
-- Installing: /home/runner/work/pixi_rosdistro/pixi_rosdistro/install/include/map_msgs/map_msgs/msg/detail/projected_map__functions.h
-- Installing: /home/runner/work/pixi_rosdistro/pixi_rosdistro/install/include/map_msgs/map_msgs/msg/detail/occupancy_grid_update__description.c
-- Installing: /home/runner/work/pixi_rosdistro/pixi_rosdistro/install/include/map_msgs/map_msgs/msg/detail/occupancy_grid_update__type_support.c
-- Installing: /home/runner/work/pixi_rosdistro/pixi_rosdistro/install/include/map_msgs/map_msgs/msg/detail/point_cloud2_update__type_support.h
-- Installing: /home/runner/work/pixi_rosdistro/pixi_rosdistro/install/include/map_msgs/map_msgs/msg/detail/occupancy_grid_update__struct.h
-- Installing: /home/runner/work/pixi_rosdistro/pixi_rosdistro/install/include/map_msgs/map_msgs/msg/detail/projected_map_info__type_support.c
-- Installing: /home/runner/work/pixi_rosdistro/pixi_rosdistro/install/include/map_msgs/map_msgs/msg/detail/projected_map__type_support.h
-- Installing: /home/runner/work/pixi_rosdistro/pixi_rosdistro/install/include/map_msgs/map_msgs/msg/detail/occupancy_grid_update__type_support.h
-- Installing: /home/runner/work/pixi_rosdistro/pixi_rosdistro/install/share/map_msgs/environment/library_path.sh
-- Installing: /home/runner/work/pixi_rosdistro/pixi_rosdistro/install/share/map_msgs/environment/library_path.dsv
-- Installing: /home/runner/work/pixi_rosdistro/pixi_rosdistro/install/lib/libmap_msgs__rosidl_generator_c.so
-- Up-to-date: /home/runner/work/pixi_rosdistro/pixi_rosdistro/install/include/map_msgs/map_msgs
-- Up-to-date: /home/runner/work/pixi_rosdistro/pixi_rosdistro/install/include/map_msgs/map_msgs/srv
-- Up-to-date: /home/runner/work/pixi_rosdistro/pixi_rosdistro/install/include/map_msgs/map_msgs/srv/detail
-- Installing: /home/runner/work/pixi_rosdistro/pixi_rosdistro/install/include/map_msgs/map_msgs/srv/detail/get_point_map_roi__rosidl_typesupport_fastrtps_c.h
-- Installing: /home/runner/work/pixi_rosdistro/pixi_rosdistro/install/include/map_msgs/map_msgs/srv/detail/set_map_projections__rosidl_typesupport_fastrtps_c.h
-- Installing: /home/runner/work/pixi_rosdistro/pixi_rosdistro/install/include/map_msgs/map_msgs/srv/detail/projected_maps_info__rosidl_typesupport_fastrtps_c.h
-- Installing: /home/runner/work/pixi_rosdistro/pixi_rosdistro/install/include/map_msgs/map_msgs/srv/detail/save_map__rosidl_typesupport_fastrtps_c.h
-- Installing: /home/runner/work/pixi_rosdistro/pixi_rosdistro/install/include/map_msgs/map_msgs/srv/detail/get_map_roi__rosidl_typesupport_fastrtps_c.h
-- Installing: /home/runner/work/pixi_rosdistro/pixi_rosdistro/install/include/map_msgs/map_msgs/srv/detail/get_point_map__rosidl_typesupport_fastrtps_c.h
-- Up-to-date: /home/runner/work/pixi_rosdistro/pixi_rosdistro/install/include/map_msgs/map_msgs/msg
-- Installing: /home/runner/work/pixi_rosdistro/pixi_rosdistro/install/include/map_msgs/map_msgs/msg/rosidl_typesupport_fastrtps_c__visibility_control.h
-- Up-to-date: /home/runner/work/pixi_rosdistro/pixi_rosdistro/install/include/map_msgs/map_msgs/msg/detail
-- Installing: /home/runner/work/pixi_rosdistro/pixi_rosdistro/install/include/map_msgs/map_msgs/msg/detail/point_cloud2_update__rosidl_typesupport_fastrtps_c.h
-- Installing: /home/runner/work/pixi_rosdistro/pixi_rosdistro/install/include/map_msgs/map_msgs/msg/detail/projected_map_info__rosidl_typesupport_fastrtps_c.h
-- Installing: /home/runner/work/pixi_rosdistro/pixi_rosdistro/install/include/map_msgs/map_msgs/msg/detail/occupancy_grid_update__rosidl_typesupport_fastrtps_c.h
-- Installing: /home/runner/work/pixi_rosdistro/pixi_rosdistro/install/include/map_msgs/map_msgs/msg/detail/projected_map__rosidl_typesupport_fastrtps_c.h
-- Installing: /home/runner/work/pixi_rosdistro/pixi_rosdistro/install/lib/libmap_msgs__rosidl_typesupport_fastrtps_c.so
-- Up-to-date: /home/runner/work/pixi_rosdistro/pixi_rosdistro/install/include/map_msgs/map_msgs
-- Up-to-date: /home/runner/work/pixi_rosdistro/pixi_rosdistro/install/include/map_msgs/map_msgs/srv
-- Up-to-date: /home/runner/work/pixi_rosdistro/pixi_rosdistro/install/include/map_msgs/map_msgs/srv/detail
-- Installing: /home/runner/work/pixi_rosdistro/pixi_rosdistro/install/include/map_msgs/map_msgs/srv/detail/get_point_map__type_support.c
-- Installing: /home/runner/work/pixi_rosdistro/pixi_rosdistro/install/include/map_msgs/map_msgs/srv/detail/get_map_roi__type_support.c
-- Installing: /home/runner/work/pixi_rosdistro/pixi_rosdistro/install/include/map_msgs/map_msgs/srv/detail/get_point_map__rosidl_typesupport_introspection_c.h
-- Installing: /home/runner/work/pixi_rosdistro/pixi_rosdistro/install/include/map_msgs/map_msgs/srv/detail/projected_maps_info__rosidl_typesupport_introspection_c.h
-- Installing: /home/runner/work/pixi_rosdistro/pixi_rosdistro/install/include/map_msgs/map_msgs/srv/detail/get_point_map_roi__rosidl_typesupport_introspection_c.h
-- Installing: /home/runner/work/pixi_rosdistro/pixi_rosdistro/install/include/map_msgs/map_msgs/srv/detail/get_point_map_roi__type_support.c
-- Installing: /home/runner/work/pixi_rosdistro/pixi_rosdistro/install/include/map_msgs/map_msgs/srv/detail/projected_maps_info__type_support.c
-- Installing: /home/runner/work/pixi_rosdistro/pixi_rosdistro/install/include/map_msgs/map_msgs/srv/detail/save_map__type_support.c
-- Installing: /home/runner/work/pixi_rosdistro/pixi_rosdistro/install/include/map_msgs/map_msgs/srv/detail/save_map__rosidl_typesupport_introspection_c.h
-- Installing: /home/runner/work/pixi_rosdistro/pixi_rosdistro/install/include/map_msgs/map_msgs/srv/detail/set_map_projections__rosidl_typesupport_introspection_c.h
-- Installing: /home/runner/work/pixi_rosdistro/pixi_rosdistro/install/include/map_msgs/map_msgs/srv/detail/get_map_roi__rosidl_typesupport_introspection_c.h
-- Installing: /home/runner/work/pixi_rosdistro/pixi_rosdistro/install/include/map_msgs/map_msgs/srv/detail/set_map_projections__type_support.c
-- Up-to-date: /home/runner/work/pixi_rosdistro/pixi_rosdistro/install/include/map_msgs/map_msgs/msg
-- Installing: /home/runner/work/pixi_rosdistro/pixi_rosdistro/install/include/map_msgs/map_msgs/msg/rosidl_typesupport_introspection_c__visibility_control.h
-- Up-to-date: /home/runner/work/pixi_rosdistro/pixi_rosdistro/install/include/map_msgs/map_msgs/msg/detail
-- Installing: /home/runner/work/pixi_rosdistro/pixi_rosdistro/install/include/map_msgs/map_msgs/msg/detail/occupancy_grid_update__rosidl_typesupport_introspection_c.h
-- Installing: /home/runner/work/pixi_rosdistro/pixi_rosdistro/install/include/map_msgs/map_msgs/msg/detail/point_cloud2_update__type_support.c
-- Installing: /home/runner/work/pixi_rosdistro/pixi_rosdistro/install/include/map_msgs/map_msgs/msg/detail/projected_map__rosidl_typesupport_introspection_c.h
-- Installing: /home/runner/work/pixi_rosdistro/pixi_rosdistro/install/include/map_msgs/map_msgs/msg/detail/projected_map_info__rosidl_typesupport_introspection_c.h
-- Installing: /home/runner/work/pixi_rosdistro/pixi_rosdistro/install/include/map_msgs/map_msgs/msg/detail/projected_map__type_support.c
-- Installing: /home/runner/work/pixi_rosdistro/pixi_rosdistro/install/include/map_msgs/map_msgs/msg/detail/occupancy_grid_update__type_support.c
-- Installing: /home/runner/work/pixi_rosdistro/pixi_rosdistro/install/include/map_msgs/map_msgs/msg/detail/point_cloud2_update__rosidl_typesupport_introspection_c.h
-- Installing: /home/runner/work/pixi_rosdistro/pixi_rosdistro/install/include/map_msgs/map_msgs/msg/detail/projected_map_info__type_support.c
-- Installing: /home/runner/work/pixi_rosdistro/pixi_rosdistro/install/lib/libmap_msgs__rosidl_typesupport_introspection_c.so
-- Installing: /home/runner/work/pixi_rosdistro/pixi_rosdistro/install/lib/libmap_msgs__rosidl_typesupport_c.so
-- Up-to-date: /home/runner/work/pixi_rosdistro/pixi_rosdistro/install/include/map_msgs/map_msgs
-- Up-to-date: /home/runner/work/pixi_rosdistro/pixi_rosdistro/install/include/map_msgs/map_msgs/srv
-- Installing: /home/runner/work/pixi_rosdistro/pixi_rosdistro/install/include/map_msgs/map_msgs/srv/set_map_projections.hpp
-- Installing: /home/runner/work/pixi_rosdistro/pixi_rosdistro/install/include/map_msgs/map_msgs/srv/projected_maps_info.hpp
-- Installing: /home/runner/work/pixi_rosdistro/pixi_rosdistro/install/include/map_msgs/map_msgs/srv/get_point_map.hpp
-- Installing: /home/runner/work/pixi_rosdistro/pixi_rosdistro/install/include/map_msgs/map_msgs/srv/save_map.hpp
-- Installing: /home/runner/work/pixi_rosdistro/pixi_rosdistro/install/include/map_msgs/map_msgs/srv/get_point_map_roi.hpp
-- Installing: /home/runner/work/pixi_rosdistro/pixi_rosdistro/install/include/map_msgs/map_msgs/srv/get_map_roi.hpp
-- Up-to-date: /home/runner/work/pixi_rosdistro/pixi_rosdistro/install/include/map_msgs/map_msgs/srv/detail
-- Installing: /home/runner/work/pixi_rosdistro/pixi_rosdistro/install/include/map_msgs/map_msgs/srv/detail/get_point_map_roi__builder.hpp
-- Installing: /home/runner/work/pixi_rosdistro/pixi_rosdistro/install/include/map_msgs/map_msgs/srv/detail/set_map_projections__traits.hpp
-- Installing: /home/runner/work/pixi_rosdistro/pixi_rosdistro/install/include/map_msgs/map_msgs/srv/detail/save_map__traits.hpp
-- Installing: /home/runner/work/pixi_rosdistro/pixi_rosdistro/install/include/map_msgs/map_msgs/srv/detail/set_map_projections__builder.hpp
-- Installing: /home/runner/work/pixi_rosdistro/pixi_rosdistro/install/include/map_msgs/map_msgs/srv/detail/get_map_roi__type_support.hpp
-- Installing: /home/runner/work/pixi_rosdistro/pixi_rosdistro/install/include/map_msgs/map_msgs/srv/detail/get_map_roi__struct.hpp
-- Installing: /home/runner/work/pixi_rosdistro/pixi_rosdistro/install/include/map_msgs/map_msgs/srv/detail/projected_maps_info__builder.hpp
-- Installing: /home/runner/work/pixi_rosdistro/pixi_rosdistro/install/include/map_msgs/map_msgs/srv/detail/get_map_roi__traits.hpp
-- Installing: /home/runner/work/pixi_rosdistro/pixi_rosdistro/install/include/map_msgs/map_msgs/srv/detail/get_point_map__struct.hpp
-- Installing: /home/runner/work/pixi_rosdistro/pixi_rosdistro/install/include/map_msgs/map_msgs/srv/detail/get_point_map__traits.hpp
-- Installing: /home/runner/work/pixi_rosdistro/pixi_rosdistro/install/include/map_msgs/map_msgs/srv/detail/get_point_map_roi__struct.hpp
-- Installing: /home/runner/work/pixi_rosdistro/pixi_rosdistro/install/include/map_msgs/map_msgs/srv/detail/get_point_map__type_support.hpp
-- Installing: /home/runner/work/pixi_rosdistro/pixi_rosdistro/install/include/map_msgs/map_msgs/srv/detail/set_map_projections__type_support.hpp
-- Installing: /home/runner/work/pixi_rosdistro/pixi_rosdistro/install/include/map_msgs/map_msgs/srv/detail/save_map__builder.hpp
-- Installing: /home/runner/work/pixi_rosdistro/pixi_rosdistro/install/include/map_msgs/map_msgs/srv/detail/get_point_map_roi__traits.hpp
-- Installing: /home/runner/work/pixi_rosdistro/pixi_rosdistro/install/include/map_msgs/map_msgs/srv/detail/get_point_map__builder.hpp
-- Installing: /home/runner/work/pixi_rosdistro/pixi_rosdistro/install/include/map_msgs/map_msgs/srv/detail/get_point_map_roi__type_support.hpp
-- Installing: /home/runner/work/pixi_rosdistro/pixi_rosdistro/install/include/map_msgs/map_msgs/srv/detail/get_map_roi__builder.hpp
-- Installing: /home/runner/work/pixi_rosdistro/pixi_rosdistro/install/include/map_msgs/map_msgs/srv/detail/save_map__type_support.hpp
-- Installing: /home/runner/work/pixi_rosdistro/pixi_rosdistro/install/include/map_msgs/map_msgs/srv/detail/set_map_projections__struct.hpp
-- Installing: /home/runner/work/pixi_rosdistro/pixi_rosdistro/install/include/map_msgs/map_msgs/srv/detail/projected_maps_info__type_support.hpp
-- Installing: /home/runner/work/pixi_rosdistro/pixi_rosdistro/install/include/map_msgs/map_msgs/srv/detail/save_map__struct.hpp
-- Installing: /home/runner/work/pixi_rosdistro/pixi_rosdistro/install/include/map_msgs/map_msgs/srv/detail/projected_maps_info__struct.hpp
-- Installing: /home/runner/work/pixi_rosdistro/pixi_rosdistro/install/include/map_msgs/map_msgs/srv/detail/projected_maps_info__traits.hpp
-- Up-to-date: /home/runner/work/pixi_rosdistro/pixi_rosdistro/install/include/map_msgs/map_msgs/msg
-- Installing: /home/runner/work/pixi_rosdistro/pixi_rosdistro/install/include/map_msgs/map_msgs/msg/point_cloud2_update.hpp
-- Installing: /home/runner/work/pixi_rosdistro/pixi_rosdistro/install/include/map_msgs/map_msgs/msg/rosidl_generator_cpp__visibility_control.hpp
-- Installing: /home/runner/work/pixi_rosdistro/pixi_rosdistro/install/include/map_msgs/map_msgs/msg/occupancy_grid_update.hpp
-- Installing: /home/runner/work/pixi_rosdistro/pixi_rosdistro/install/include/map_msgs/map_msgs/msg/projected_map_info.hpp
-- Installing: /home/runner/work/pixi_rosdistro/pixi_rosdistro/install/include/map_msgs/map_msgs/msg/projected_map.hpp
-- Up-to-date: /home/runner/work/pixi_rosdistro/pixi_rosdistro/install/include/map_msgs/map_msgs/msg/detail
-- Installing: /home/runner/work/pixi_rosdistro/pixi_rosdistro/install/include/map_msgs/map_msgs/msg/detail/occupancy_grid_update__type_support.hpp
-- Installing: /home/runner/work/pixi_rosdistro/pixi_rosdistro/install/include/map_msgs/map_msgs/msg/detail/occupancy_grid_update__traits.hpp
-- Installing: /home/runner/work/pixi_rosdistro/pixi_rosdistro/install/include/map_msgs/map_msgs/msg/detail/projected_map__builder.hpp
-- Installing: /home/runner/work/pixi_rosdistro/pixi_rosdistro/install/include/map_msgs/map_msgs/msg/detail/point_cloud2_update__struct.hpp
-- Installing: /home/runner/work/pixi_rosdistro/pixi_rosdistro/install/include/map_msgs/map_msgs/msg/detail/projected_map__type_support.hpp
-- Installing: /home/runner/work/pixi_rosdistro/pixi_rosdistro/install/include/map_msgs/map_msgs/msg/detail/projected_map_info__builder.hpp
-- Installing: /home/runner/work/pixi_rosdistro/pixi_rosdistro/install/include/map_msgs/map_msgs/msg/detail/projected_map_info__type_support.hpp
-- Installing: /home/runner/work/pixi_rosdistro/pixi_rosdistro/install/include/map_msgs/map_msgs/msg/detail/projected_map__traits.hpp
-- Installing: /home/runner/work/pixi_rosdistro/pixi_rosdistro/install/include/map_msgs/map_msgs/msg/detail/point_cloud2_update__builder.hpp
-- Installing: /home/runner/work/pixi_rosdistro/pixi_rosdistro/install/include/map_msgs/map_msgs/msg/detail/projected_map__struct.hpp
-- Installing: /home/runner/work/pixi_rosdistro/pixi_rosdistro/install/include/map_msgs/map_msgs/msg/detail/point_cloud2_update__type_support.hpp
-- Installing: /home/runner/work/pixi_rosdistro/pixi_rosdistro/install/include/map_msgs/map_msgs/msg/detail/projected_map_info__traits.hpp
-- Installing: /home/runner/work/pixi_rosdistro/pixi_rosdistro/install/include/map_msgs/map_msgs/msg/detail/occupancy_grid_update__struct.hpp
-- Installing: /home/runner/work/pixi_rosdistro/pixi_rosdistro/install/include/map_msgs/map_msgs/msg/detail/occupancy_grid_update__builder.hpp
-- Installing: /home/runner/work/pixi_rosdistro/pixi_rosdistro/install/include/map_msgs/map_msgs/msg/detail/projected_map_info__struct.hpp
-- Installing: /home/runner/work/pixi_rosdistro/pixi_rosdistro/install/include/map_msgs/map_msgs/msg/detail/point_cloud2_update__traits.hpp
-- Up-to-date: /home/runner/work/pixi_rosdistro/pixi_rosdistro/install/include/map_msgs/map_msgs
-- Up-to-date: /home/runner/work/pixi_rosdistro/pixi_rosdistro/install/include/map_msgs/map_msgs/srv
-- Up-to-date: /home/runner/work/pixi_rosdistro/pixi_rosdistro/install/include/map_msgs/map_msgs/srv/detail
-- Installing: /home/runner/work/pixi_rosdistro/pixi_rosdistro/install/include/map_msgs/map_msgs/srv/detail/get_point_map_roi__rosidl_typesupport_fastrtps_cpp.hpp
-- Installing: /home/runner/work/pixi_rosdistro/pixi_rosdistro/install/include/map_msgs/map_msgs/srv/detail/save_map__rosidl_typesupport_fastrtps_cpp.hpp
-- Installing: /home/runner/work/pixi_rosdistro/pixi_rosdistro/install/include/map_msgs/map_msgs/srv/detail/projected_maps_info__rosidl_typesupport_fastrtps_cpp.hpp
-- Installing: /home/runner/work/pixi_rosdistro/pixi_rosdistro/install/include/map_msgs/map_msgs/srv/detail/set_map_projections__rosidl_typesupport_fastrtps_cpp.hpp
-- Installing: /home/runner/work/pixi_rosdistro/pixi_rosdistro/install/include/map_msgs/map_msgs/srv/detail/get_map_roi__rosidl_typesupport_fastrtps_cpp.hpp
-- Installing: /home/runner/work/pixi_rosdistro/pixi_rosdistro/install/include/map_msgs/map_msgs/srv/detail/get_point_map__rosidl_typesupport_fastrtps_cpp.hpp
-- Installing: /home/runner/work/pixi_rosdistro/pixi_rosdistro/install/include/map_msgs/map_msgs/srv/detail/dds_fastrtps
-- Up-to-date: /home/runner/work/pixi_rosdistro/pixi_rosdistro/install/include/map_msgs/map_msgs/msg
-- Installing: /home/runner/work/pixi_rosdistro/pixi_rosdistro/install/include/map_msgs/map_msgs/msg/rosidl_typesupport_fastrtps_cpp__visibility_control.h
-- Up-to-date: /home/runner/work/pixi_rosdistro/pixi_rosdistro/install/include/map_msgs/map_msgs/msg/detail
-- Installing: /home/runner/work/pixi_rosdistro/pixi_rosdistro/install/include/map_msgs/map_msgs/msg/detail/projected_map_info__rosidl_typesupport_fastrtps_cpp.hpp
-- Installing: /home/runner/work/pixi_rosdistro/pixi_rosdistro/install/include/map_msgs/map_msgs/msg/detail/projected_map__rosidl_typesupport_fastrtps_cpp.hpp
-- Installing: /home/runner/work/pixi_rosdistro/pixi_rosdistro/install/include/map_msgs/map_msgs/msg/detail/occupancy_grid_update__rosidl_typesupport_fastrtps_cpp.hpp
-- Installing: /home/runner/work/pixi_rosdistro/pixi_rosdistro/install/include/map_msgs/map_msgs/msg/detail/point_cloud2_update__rosidl_typesupport_fastrtps_cpp.hpp
-- Installing: /home/runner/work/pixi_rosdistro/pixi_rosdistro/install/include/map_msgs/map_msgs/msg/detail/dds_fastrtps
-- Installing: /home/runner/work/pixi_rosdistro/pixi_rosdistro/install/lib/libmap_msgs__rosidl_typesupport_fastrtps_cpp.so
-- Up-to-date: /home/runner/work/pixi_rosdistro/pixi_rosdistro/install/include/map_msgs/map_msgs
-- Up-to-date: /home/runner/work/pixi_rosdistro/pixi_rosdistro/install/include/map_msgs/map_msgs/srv
-- Up-to-date: /home/runner/work/pixi_rosdistro/pixi_rosdistro/install/include/map_msgs/map_msgs/srv/detail
-- Installing: /home/runner/work/pixi_rosdistro/pixi_rosdistro/install/include/map_msgs/map_msgs/srv/detail/get_point_map__rosidl_typesupport_introspection_cpp.hpp
-- Installing: /home/runner/work/pixi_rosdistro/pixi_rosdistro/install/include/map_msgs/map_msgs/srv/detail/set_map_projections__rosidl_typesupport_introspection_cpp.hpp
-- Installing: /home/runner/work/pixi_rosdistro/pixi_rosdistro/install/include/map_msgs/map_msgs/srv/detail/save_map__rosidl_typesupport_introspection_cpp.hpp
-- Installing: /home/runner/work/pixi_rosdistro/pixi_rosdistro/install/include/map_msgs/map_msgs/srv/detail/get_point_map_roi__rosidl_typesupport_introspection_cpp.hpp
-- Installing: /home/runner/work/pixi_rosdistro/pixi_rosdistro/install/include/map_msgs/map_msgs/srv/detail/save_map__type_support.cpp
-- Installing: /home/runner/work/pixi_rosdistro/pixi_rosdistro/install/include/map_msgs/map_msgs/srv/detail/get_point_map_roi__type_support.cpp
-- Installing: /home/runner/work/pixi_rosdistro/pixi_rosdistro/install/include/map_msgs/map_msgs/srv/detail/get_point_map__type_support.cpp
-- Installing: /home/runner/work/pixi_rosdistro/pixi_rosdistro/install/include/map_msgs/map_msgs/srv/detail/set_map_projections__type_support.cpp
-- Installing: /home/runner/work/pixi_rosdistro/pixi_rosdistro/install/include/map_msgs/map_msgs/srv/detail/get_map_roi__rosidl_typesupport_introspection_cpp.hpp
-- Installing: /home/runner/work/pixi_rosdistro/pixi_rosdistro/install/include/map_msgs/map_msgs/srv/detail/projected_maps_info__type_support.cpp
-- Installing: /home/runner/work/pixi_rosdistro/pixi_rosdistro/install/include/map_msgs/map_msgs/srv/detail/projected_maps_info__rosidl_typesupport_introspection_cpp.hpp
-- Installing: /home/runner/work/pixi_rosdistro/pixi_rosdistro/install/include/map_msgs/map_msgs/srv/detail/get_map_roi__type_support.cpp
-- Up-to-date: /home/runner/work/pixi_rosdistro/pixi_rosdistro/install/include/map_msgs/map_msgs/msg
-- Up-to-date: /home/runner/work/pixi_rosdistro/pixi_rosdistro/install/include/map_msgs/map_msgs/msg/detail
-- Installing: /home/runner/work/pixi_rosdistro/pixi_rosdistro/install/include/map_msgs/map_msgs/msg/detail/occupancy_grid_update__type_support.cpp
-- Installing: /home/runner/work/pixi_rosdistro/pixi_rosdistro/install/include/map_msgs/map_msgs/msg/detail/projected_map_info__rosidl_typesupport_introspection_cpp.hpp
-- Installing: /home/runner/work/pixi_rosdistro/pixi_rosdistro/install/include/map_msgs/map_msgs/msg/detail/projected_map_info__type_support.cpp
-- Installing: /home/runner/work/pixi_rosdistro/pixi_rosdistro/install/include/map_msgs/map_msgs/msg/detail/occupancy_grid_update__rosidl_typesupport_introspection_cpp.hpp
-- Installing: /home/runner/work/pixi_rosdistro/pixi_rosdistro/install/include/map_msgs/map_msgs/msg/detail/projected_map__type_support.cpp
-- Installing: /home/runner/work/pixi_rosdistro/pixi_rosdistro/install/include/map_msgs/map_msgs/msg/detail/point_cloud2_update__rosidl_typesupport_introspection_cpp.hpp
-- Installing: /home/runner/work/pixi_rosdistro/pixi_rosdistro/install/include/map_msgs/map_msgs/msg/detail/point_cloud2_update__type_support.cpp
-- Installing: /home/runner/work/pixi_rosdistro/pixi_rosdistro/install/include/map_msgs/map_msgs/msg/detail/projected_map__rosidl_typesupport_introspection_cpp.hpp
-- Installing: /home/runner/work/pixi_rosdistro/pixi_rosdistro/install/lib/libmap_msgs__rosidl_typesupport_introspection_cpp.so
-- Installing: /home/runner/work/pixi_rosdistro/pixi_rosdistro/install/lib/libmap_msgs__rosidl_typesupport_cpp.so
-- Installing: /home/runner/work/pixi_rosdistro/pixi_rosdistro/install/share/map_msgs/environment/pythonpath.sh
-- Installing: /home/runner/work/pixi_rosdistro/pixi_rosdistro/install/share/map_msgs/environment/pythonpath.dsv
-- Installing: /home/runner/work/pixi_rosdistro/pixi_rosdistro/install/lib/python3.12/site-packages/map_msgs/map_msgs_s__rosidl_typesupport_fastrtps_c.so
-- Installing: /home/runner/work/pixi_rosdistro/pixi_rosdistro/install/lib/python3.12/site-packages/map_msgs/map_msgs_s__rosidl_typesupport_introspection_c.so
-- Installing: /home/runner/work/pixi_rosdistro/pixi_rosdistro/install/lib/python3.12/site-packages/map_msgs/map_msgs_s__rosidl_typesupport_c.so
-- Installing: /home/runner/work/pixi_rosdistro/pixi_rosdistro/install/lib/libmap_msgs__rosidl_generator_py.so
-- Installing: /home/runner/work/pixi_rosdistro/pixi_rosdistro/install/share/ament_index/resource_index/rust_packages/map_msgs
-- Installing: /home/runner/work/pixi_rosdistro/pixi_rosdistro/install/share/map_msgs/rust
-- Installing: /home/runner/work/pixi_rosdistro/pixi_rosdistro/install/share/map_msgs/rust/Cargo.toml
-- Installing: /home/runner/work/pixi_rosdistro/pixi_rosdistro/install/share/map_msgs/rust/build.rs
-- Installing: /home/runner/work/pixi_rosdistro/pixi_rosdistro/install/share/map_msgs/rust/src
-- Installing: /home/runner/work/pixi_rosdistro/pixi_rosdistro/install/share/map_msgs/rust/src/srv
-- Installing: /home/runner/work/pixi_rosdistro/pixi_rosdistro/install/share/map_msgs/rust/src/srv/rmw.rs
-- Installing: /home/runner/work/pixi_rosdistro/pixi_rosdistro/install/share/map_msgs/rust/src/msg.rs
-- Installing: /home/runner/work/pixi_rosdistro/pixi_rosdistro/install/share/map_msgs/rust/src/msg
-- Installing: /home/runner/work/pixi_rosdistro/pixi_rosdistro/install/share/map_msgs/rust/src/msg/rmw.rs
-- Installing: /home/runner/work/pixi_rosdistro/pixi_rosdistro/install/share/map_msgs/rust/src/lib.rs
-- Installing: /home/runner/work/pixi_rosdistro/pixi_rosdistro/install/share/map_msgs/rust/src/srv.rs
-- Installing: /home/runner/work/pixi_rosdistro/pixi_rosdistro/install/share/map_msgs/msg/OccupancyGridUpdate.idl
-- Installing: /home/runner/work/pixi_rosdistro/pixi_rosdistro/install/share/map_msgs/msg/PointCloud2Update.idl
-- Installing: /home/runner/work/pixi_rosdistro/pixi_rosdistro/install/share/map_msgs/msg/ProjectedMapInfo.idl
-- Installing: /home/runner/work/pixi_rosdistro/pixi_rosdistro/install/share/map_msgs/msg/ProjectedMap.idl
-- Installing: /home/runner/work/pixi_rosdistro/pixi_rosdistro/install/share/map_msgs/srv/GetMapROI.idl
-- Installing: /home/runner/work/pixi_rosdistro/pixi_rosdistro/install/share/map_msgs/srv/GetPointMapROI.idl
-- Installing: /home/runner/work/pixi_rosdistro/pixi_rosdistro/install/share/map_msgs/srv/GetPointMap.idl
-- Installing: /home/runner/work/pixi_rosdistro/pixi_rosdistro/install/share/map_msgs/srv/ProjectedMapsInfo.idl
-- Installing: /home/runner/work/pixi_rosdistro/pixi_rosdistro/install/share/map_msgs/srv/SaveMap.idl
-- Installing: /home/runner/work/pixi_rosdistro/pixi_rosdistro/install/share/map_msgs/srv/SetMapProjections.idl
-- Installing: /home/runner/work/pixi_rosdistro/pixi_rosdistro/install/share/map_msgs/msg/OccupancyGridUpdate.msg
-- Installing: /home/runner/work/pixi_rosdistro/pixi_rosdistro/install/share/map_msgs/msg/PointCloud2Update.msg
-- Installing: /home/runner/work/pixi_rosdistro/pixi_rosdistro/install/share/map_msgs/msg/ProjectedMapInfo.msg
-- Installing: /home/runner/work/pixi_rosdistro/pixi_rosdistro/install/share/map_msgs/msg/ProjectedMap.msg
-- Installing: /home/runner/work/pixi_rosdistro/pixi_rosdistro/install/share/map_msgs/srv/GetMapROI.srv
-- Installing: /home/runner/work/pixi_rosdistro/pixi_rosdistro/install/share/map_msgs/srv/GetPointMapROI.srv
-- Installing: /home/runner/work/pixi_rosdistro/pixi_rosdistro/install/share/map_msgs/srv/GetPointMap.srv
-- Installing: /home/runner/work/pixi_rosdistro/pixi_rosdistro/install/share/map_msgs/srv/ProjectedMapsInfo.srv
-- Installing: /home/runner/work/pixi_rosdistro/pixi_rosdistro/install/share/map_msgs/srv/SaveMap.srv
-- Installing: /home/runner/work/pixi_rosdistro/pixi_rosdistro/install/share/map_msgs/srv/SetMapProjections.srv
-- Installing: /home/runner/work/pixi_rosdistro/pixi_rosdistro/install/share/ament_index/resource_index/package_run_dependencies/map_msgs
-- Installing: /home/runner/work/pixi_rosdistro/pixi_rosdistro/install/share/ament_index/resource_index/parent_prefix_path/map_msgs
-- Installing: /home/runner/work/pixi_rosdistro/pixi_rosdistro/install/share/map_msgs/environment/ament_prefix_path.sh
-- Installing: /home/runner/work/pixi_rosdistro/pixi_rosdistro/install/share/map_msgs/environment/ament_prefix_path.dsv
-- Installing: /home/runner/work/pixi_rosdistro/pixi_rosdistro/install/share/map_msgs/environment/path.sh
-- Installing: /home/runner/work/pixi_rosdistro/pixi_rosdistro/install/share/map_msgs/environment/path.dsv
-- Installing: /home/runner/work/pixi_rosdistro/pixi_rosdistro/install/share/map_msgs/local_setup.bash
-- Installing: /home/runner/work/pixi_rosdistro/pixi_rosdistro/install/share/map_msgs/local_setup.fish
-- Installing: /home/runner/work/pixi_rosdistro/pixi_rosdistro/install/share/map_msgs/local_setup.sh
-- Installing: /home/runner/work/pixi_rosdistro/pixi_rosdistro/install/share/map_msgs/local_setup.zsh
-- Installing: /home/runner/work/pixi_rosdistro/pixi_rosdistro/install/share/map_msgs/local_setup.dsv
-- Installing: /home/runner/work/pixi_rosdistro/pixi_rosdistro/install/share/map_msgs/package.dsv
-- Installing: /home/runner/work/pixi_rosdistro/pixi_rosdistro/install/share/ament_index/resource_index/packages/map_msgs
-- Installing: /home/runner/work/pixi_rosdistro/pixi_rosdistro/install/share/map_msgs/cmake/export_map_msgs__rosidl_generator_cExport.cmake
-- Installing: /home/runner/work/pixi_rosdistro/pixi_rosdistro/install/share/map_msgs/cmake/export_map_msgs__rosidl_generator_cExport-release.cmake
-- Installing: /home/runner/work/pixi_rosdistro/pixi_rosdistro/install/share/map_msgs/cmake/export_map_msgs__rosidl_typesupport_fastrtps_cExport.cmake
-- Installing: /home/runner/work/pixi_rosdistro/pixi_rosdistro/install/share/map_msgs/cmake/export_map_msgs__rosidl_typesupport_fastrtps_cExport-release.cmake
-- Installing: /home/runner/work/pixi_rosdistro/pixi_rosdistro/install/share/map_msgs/cmake/map_msgs__rosidl_typesupport_introspection_cExport.cmake
-- Installing: /home/runner/work/pixi_rosdistro/pixi_rosdistro/install/share/map_msgs/cmake/map_msgs__rosidl_typesupport_introspection_cExport-release.cmake
-- Installing: /home/runner/work/pixi_rosdistro/pixi_rosdistro/install/share/map_msgs/cmake/map_msgs__rosidl_typesupport_cExport.cmake
-- Installing: /home/runner/work/pixi_rosdistro/pixi_rosdistro/install/share/map_msgs/cmake/map_msgs__rosidl_typesupport_cExport-release.cmake
-- Installing: /home/runner/work/pixi_rosdistro/pixi_rosdistro/install/share/map_msgs/cmake/export_map_msgs__rosidl_generator_cppExport.cmake
-- Installing: /home/runner/work/pixi_rosdistro/pixi_rosdistro/install/share/map_msgs/cmake/export_map_msgs__rosidl_typesupport_fastrtps_cppExport.cmake
-- Installing: /home/runner/work/pixi_rosdistro/pixi_rosdistro/install/share/map_msgs/cmake/export_map_msgs__rosidl_typesupport_fastrtps_cppExport-release.cmake
-- Installing: /home/runner/work/pixi_rosdistro/pixi_rosdistro/install/share/map_msgs/cmake/map_msgs__rosidl_typesupport_introspection_cppExport.cmake
-- Installing: /home/runner/work/pixi_rosdistro/pixi_rosdistro/install/share/map_msgs/cmake/map_msgs__rosidl_typesupport_introspection_cppExport-release.cmake
-- Installing: /home/runner/work/pixi_rosdistro/pixi_rosdistro/install/share/map_msgs/cmake/map_msgs__rosidl_typesupport_cppExport.cmake
-- Installing: /home/runner/work/pixi_rosdistro/pixi_rosdistro/install/share/map_msgs/cmake/map_msgs__rosidl_typesupport_cppExport-release.cmake
-- Installing: /home/runner/work/pixi_rosdistro/pixi_rosdistro/install/share/map_msgs/cmake/export_map_msgs__rosidl_generator_pyExport.cmake
-- Installing: /home/runner/work/pixi_rosdistro/pixi_rosdistro/install/share/map_msgs/cmake/export_map_msgs__rosidl_generator_pyExport-release.cmake
-- Installing: /home/runner/work/pixi_rosdistro/pixi_rosdistro/install/lib/python3.12/site-packages/map_msgs-2.6.0-py3.12.egg-info
-- Installing: /home/runner/work/pixi_rosdistro/pixi_rosdistro/install/lib/python3.12/site-packages/map_msgs-2.6.0-py3.12.egg-info/dependency_links.txt
-- Installing: /home/runner/work/pixi_rosdistro/pixi_rosdistro/install/lib/python3.12/site-packages/map_msgs-2.6.0-py3.12.egg-info/top_level.txt
-- Installing: /home/runner/work/pixi_rosdistro/pixi_rosdistro/install/lib/python3.12/site-packages/map_msgs-2.6.0-py3.12.egg-info/PKG-INFO
-- Installing: /home/runner/work/pixi_rosdistro/pixi_rosdistro/install/lib/python3.12/site-packages/map_msgs-2.6.0-py3.12.egg-info/SOURCES.txt
-- Up-to-date: /home/runner/work/pixi_rosdistro/pixi_rosdistro/install/lib/python3.12/site-packages/map_msgs
-- Up-to-date: /home/runner/work/pixi_rosdistro/pixi_rosdistro/install/lib/python3.12/site-packages/map_msgs/map_msgs_s__rosidl_typesupport_fastrtps_c.so
-- Installing: /home/runner/work/pixi_rosdistro/pixi_rosdistro/install/lib/python3.12/site-packages/map_msgs/__init__.py
-- Installing: /home/runner/work/pixi_rosdistro/pixi_rosdistro/install/lib/python3.12/site-packages/map_msgs/srv
-- Installing: /home/runner/work/pixi_rosdistro/pixi_rosdistro/install/lib/python3.12/site-packages/map_msgs/srv/__init__.py
-- Installing: /home/runner/work/pixi_rosdistro/pixi_rosdistro/install/lib/python3.12/site-packages/map_msgs/srv/_save_map_s.c
-- Installing: /home/runner/work/pixi_rosdistro/pixi_rosdistro/install/lib/python3.12/site-packages/map_msgs/srv/_get_map_roi_s.c
-- Installing: /home/runner/work/pixi_rosdistro/pixi_rosdistro/install/lib/python3.12/site-packages/map_msgs/srv/_get_point_map_s.c
-- Installing: /home/runner/work/pixi_rosdistro/pixi_rosdistro/install/lib/python3.12/site-packages/map_msgs/srv/_projected_maps_info_s.c
-- Installing: /home/runner/work/pixi_rosdistro/pixi_rosdistro/install/lib/python3.12/site-packages/map_msgs/srv/_get_point_map_roi.py
-- Installing: /home/runner/work/pixi_rosdistro/pixi_rosdistro/install/lib/python3.12/site-packages/map_msgs/srv/_get_map_roi.py
-- Installing: /home/runner/work/pixi_rosdistro/pixi_rosdistro/install/lib/python3.12/site-packages/map_msgs/srv/_save_map.py
-- Installing: /home/runner/work/pixi_rosdistro/pixi_rosdistro/install/lib/python3.12/site-packages/map_msgs/srv/_get_point_map.py
-- Installing: /home/runner/work/pixi_rosdistro/pixi_rosdistro/install/lib/python3.12/site-packages/map_msgs/srv/_projected_maps_info.py
-- Installing: /home/runner/work/pixi_rosdistro/pixi_rosdistro/install/lib/python3.12/site-packages/map_msgs/srv/_set_map_projections.py
-- Installing: /home/runner/work/pixi_rosdistro/pixi_rosdistro/install/lib/python3.12/site-packages/map_msgs/srv/_set_map_projections_s.c
-- Installing: /home/runner/work/pixi_rosdistro/pixi_rosdistro/install/lib/python3.12/site-packages/map_msgs/srv/_get_point_map_roi_s.c
-- Installing: /home/runner/work/pixi_rosdistro/pixi_rosdistro/install/lib/python3.12/site-packages/map_msgs/msg
-- Installing: /home/runner/work/pixi_rosdistro/pixi_rosdistro/install/lib/python3.12/site-packages/map_msgs/msg/_projected_map_info.py
-- Installing: /home/runner/work/pixi_rosdistro/pixi_rosdistro/install/lib/python3.12/site-packages/map_msgs/msg/__init__.py
-- Installing: /home/runner/work/pixi_rosdistro/pixi_rosdistro/install/lib/python3.12/site-packages/map_msgs/msg/_point_cloud2_update.py
-- Installing: /home/runner/work/pixi_rosdistro/pixi_rosdistro/install/lib/python3.12/site-packages/map_msgs/msg/_occupancy_grid_update_s.c
-- Installing: /home/runner/work/pixi_rosdistro/pixi_rosdistro/install/lib/python3.12/site-packages/map_msgs/msg/_projected_map_info_s.c
-- Installing: /home/runner/work/pixi_rosdistro/pixi_rosdistro/install/lib/python3.12/site-packages/map_msgs/msg/_projected_map.py
-- Installing: /home/runner/work/pixi_rosdistro/pixi_rosdistro/install/lib/python3.12/site-packages/map_msgs/msg/_occupancy_grid_update.py
-- Installing: /home/runner/work/pixi_rosdistro/pixi_rosdistro/install/lib/python3.12/site-packages/map_msgs/msg/_projected_map_s.c
-- Installing: /home/runner/work/pixi_rosdistro/pixi_rosdistro/install/lib/python3.12/site-packages/map_msgs/msg/_point_cloud2_update_s.c
-- Installing: /home/runner/work/pixi_rosdistro/pixi_rosdistro/install/lib/python3.12/site-packages/map_msgs/_map_msgs_s.ep.rosidl_typesupport_introspection_c.c
-- Installing: /home/runner/work/pixi_rosdistro/pixi_rosdistro/install/lib/python3.12/site-packages/map_msgs/py.typed
-- Installing: /home/runner/work/pixi_rosdistro/pixi_rosdistro/install/lib/python3.12/site-packages/map_msgs/_map_msgs_s.ep.rosidl_typesupport_fastrtps_c.c
-- Up-to-date: /home/runner/work/pixi_rosdistro/pixi_rosdistro/install/lib/python3.12/site-packages/map_msgs/map_msgs_s__rosidl_typesupport_introspection_c.so
-- Installing: /home/runner/work/pixi_rosdistro/pixi_rosdistro/install/lib/python3.12/site-packages/map_msgs/_map_msgs_s.ep.rosidl_typesupport_c.c
-- Up-to-date: /home/runner/work/pixi_rosdistro/pixi_rosdistro/install/lib/python3.12/site-packages/map_msgs/map_msgs_s__rosidl_typesupport_c.so
Listing '/home/runner/work/pixi_rosdistro/pixi_rosdistro/install/lib/python3.12/site-packages/map_msgs'...
Compiling '/home/runner/work/pixi_rosdistro/pixi_rosdistro/install/lib/python3.12/site-packages/map_msgs/__init__.py'...
Listing '/home/runner/work/pixi_rosdistro/pixi_rosdistro/install/lib/python3.12/site-packages/map_msgs/msg'...
Compiling '/home/runner/work/pixi_rosdistro/pixi_rosdistro/install/lib/python3.12/site-packages/map_msgs/msg/__init__.py'...
Compiling '/home/runner/work/pixi_rosdistro/pixi_rosdistro/install/lib/python3.12/site-packages/map_msgs/msg/_occupancy_grid_update.py'...
Compiling '/home/runner/work/pixi_rosdistro/pixi_rosdistro/install/lib/python3.12/site-packages/map_msgs/msg/_point_cloud2_update.py'...
Compiling '/home/runner/work/pixi_rosdistro/pixi_rosdistro/install/lib/python3.12/site-packages/map_msgs/msg/_projected_map.py'...
Compiling '/home/runner/work/pixi_rosdistro/pixi_rosdistro/install/lib/python3.12/site-packages/map_msgs/msg/_projected_map_info.py'...
Listing '/home/runner/work/pixi_rosdistro/pixi_rosdistro/install/lib/python3.12/site-packages/map_msgs/srv'...
Compiling '/home/runner/work/pixi_rosdistro/pixi_rosdistro/install/lib/python3.12/site-packages/map_msgs/srv/__init__.py'...
Compiling '/home/runner/work/pixi_rosdistro/pixi_rosdistro/install/lib/python3.12/site-packages/map_msgs/srv/_get_map_roi.py'...
Compiling '/home/runner/work/pixi_rosdistro/pixi_rosdistro/install/lib/python3.12/site-packages/map_msgs/srv/_get_point_map.py'...
Compiling '/home/runner/work/pixi_rosdistro/pixi_rosdistro/install/lib/python3.12/site-packages/map_msgs/srv/_get_point_map_roi.py'...
Compiling '/home/runner/work/pixi_rosdistro/pixi_rosdistro/install/lib/python3.12/site-packages/map_msgs/srv/_projected_maps_info.py'...
Compiling '/home/runner/work/pixi_rosdistro/pixi_rosdistro/install/lib/python3.12/site-packages/map_msgs/srv/_save_map.py'...
Compiling '/home/runner/work/pixi_rosdistro/pixi_rosdistro/install/lib/python3.12/site-packages/map_msgs/srv/_set_map_projections.py'...
-- Installing: /home/runner/work/pixi_rosdistro/pixi_rosdistro/install/share/map_msgs/cmake/rosidl_cmake-extras.cmake
-- Installing: /home/runner/work/pixi_rosdistro/pixi_rosdistro/install/share/map_msgs/cmake/ament_cmake_export_dependencies-extras.cmake
-- Installing: /home/runner/work/pixi_rosdistro/pixi_rosdistro/install/share/map_msgs/cmake/ament_cmake_export_include_directories-extras.cmake
-- Installing: /home/runner/work/pixi_rosdistro/pixi_rosdistro/install/share/map_msgs/cmake/ament_cmake_export_libraries-extras.cmake
-- Installing: /home/runner/work/pixi_rosdistro/pixi_rosdistro/install/share/map_msgs/cmake/ament_cmake_export_targets-extras.cmake
-- Installing: /home/runner/work/pixi_rosdistro/pixi_rosdistro/install/share/map_msgs/cmake/rosidl_cmake_export_typesupport_targets-extras.cmake
-- Installing: /home/runner/work/pixi_rosdistro/pixi_rosdistro/install/share/map_msgs/cmake/rosidl_cmake_export_typesupport_libraries-extras.cmake
-- Installing: /home/runner/work/pixi_rosdistro/pixi_rosdistro/install/share/map_msgs/cmake/rosidl_cmake_aggregate_target-extras.cmake
-- Installing: /home/runner/work/pixi_rosdistro/pixi_rosdistro/install/share/map_msgs/cmake/map_msgsConfig.cmake
-- Installing: /home/runner/work/pixi_rosdistro/pixi_rosdistro/install/share/map_msgs/cmake/map_msgsConfig-version.cmake
-- Installing: /home/runner/work/pixi_rosdistro/pixi_rosdistro/install/share/map_msgs/package.xml
