[1.551s] Invoking command in '/home/runner/work/pixi_rosdistro/pixi_rosdistro/build/cyclonedds': CMAKE_PREFIX_PATH=/home/runner/work/pixi_rosdistro/pixi_rosdistro/install:${CMAKE_PREFIX_PATH} LD_LIBRARY_PATH=/home/runner/work/pixi_rosdistro/pixi_rosdistro/install/lib PATH=/home/runner/work/pixi_rosdistro/pixi_rosdistro/install/bin:/opt/microsoft/powershell/7:${PATH} PIXI_PROMPT=(ros2_rolling) PKG_CONFIG_PATH=/home/runner/work/pixi_rosdistro/pixi_rosdistro/install/lib/pkgconfig PSModulePath=/home/runner/.local/share/powershell/Modules:${PSModulePath} PYTHONPATH=/home/runner/work/pixi_rosdistro/pixi_rosdistro/install/lib/python3.12/site-packages /home/runner/work/pixi_rosdistro/pixi_rosdistro/.pixi/envs/default/bin/cmake /home/runner/work/pixi_rosdistro/pixi_rosdistro/src/eclipse-cyclonedds/cyclonedds -GNinja --no-warn-unused-cli -DCMAKE_BUILD_TYPE=Release -DCMAKE_BUILD_WITH_INSTALL_RPATH:bool=TRUE -DCMAKE_POLICY_VERSION_MINIMUM=3.5 -Wno-deprecated -DSTACK_DETAILS_AUTO_DETECT:bool=FALSE -DSTACK_DETAILS_BFD:bool=FALSE -DTRACETOOLS_DISABLED=ON -DBUILD_IDLC=AUTO -DCMAKE_INSTALL_PREFIX=/home/runner/work/pixi_rosdistro/pixi_rosdistro/install
[1.638s] Not searching for unused variables given on the command line.
[1.638s] -- The C compiler identification is GNU 14.3.0
[1.656s] -- Detecting C compiler ABI info
[1.846s] -- Detecting C compiler ABI info - done
[1.902s] -- Check for working C compiler: /home/runner/work/pixi_rosdistro/pixi_rosdistro/.pixi/envs/default/bin/x86_64-conda-linux-gnu-cc - skipped
[1.903s] -- Detecting C compile features
[1.903s] -- Detecting C compile features - done
[1.938s] -- Looking for getopt.h
[2.149s] -- Looking for getopt.h - found
[2.551s] -- Building with OpenSSL support
[2.561s] -- Looking for stdint.h
[3.048s] -- Looking for stdint.h - found
[3.048s] -- Looking for inttypes.h
[3.202s] -- Looking for inttypes.h - found
[3.202s] -- Looking for sys/types.h
[3.371s] -- Looking for sys/types.h - found
[3.371s] -- Looking for stdint.h
[3.545s] -- Looking for stdint.h - found
[3.545s] -- Looking for stddef.h
[3.734s] -- Looking for stddef.h - found
[3.734s] -- Check size of intmax_t
[3.934s] -- Check size of intmax_t - done
[3.935s] -- Looking for stpcpy
[4.360s] -- Looking for stpcpy - found
[4.361s] -- Looking for strlcpy
[4.525s] -- Looking for strlcpy - not found
[4.525s] -- Looking for strlcat
[4.713s] -- Looking for strlcat - not found
[4.717s] -- Performing Test COMPILER_HAS_HIDDEN_VISIBILITY
[4.946s] -- Performing Test COMPILER_HAS_HIDDEN_VISIBILITY - Success
[4.946s] -- Performing Test COMPILER_HAS_HIDDEN_INLINE_VISIBILITY
[5.156s] -- Performing Test COMPILER_HAS_HIDDEN_INLINE_VISIBILITY - Failed
[5.157s] -- Performing Test COMPILER_HAS_DEPRECATED_ATTR
[5.367s] -- Performing Test COMPILER_HAS_DEPRECATED_ATTR - Success
[5.375s] -- Looking for gethostname
[5.623s] -- Looking for gethostname - found
[5.623s] -- Looking for inet_ntop
[5.828s] -- Looking for inet_ntop - found
[5.828s] -- Looking for inet_pton
[6.028s] -- Looking for inet_pton - found
[6.028s] -- Looking for getaddrinfo
[6.260s] -- Looking for getaddrinfo - found
[6.260s] -- Looking for gethostbyname_r
[6.488s] -- Looking for gethostbyname_r - found
[6.488s] -- Check size of struct sockaddr_in6
[6.742s] -- Check size of struct sockaddr_in6 - done
[6.742s] -- Performing Test CMAKE_HAVE_LIBC_PTHREAD
[6.941s] -- Performing Test CMAKE_HAVE_LIBC_PTHREAD - Failed
[6.942s] -- Looking for pthread_create in pthreads
[7.098s] -- Looking for pthread_create in pthreads - not found
[7.100s] -- Looking for pthread_create in pthread
[7.263s] -- Looking for pthread_create in pthread - found
[7.264s] -- Found Threads: TRUE
[7.264s] -- Looking for clock_gettime in c
[7.441s] -- Looking for clock_gettime in c - found
[7.959s] -- Configuring done (6.4s)
[8.073s] -- Generating done (0.1s)
[8.095s] -- Build files have been written to: /home/runner/work/pixi_rosdistro/pixi_rosdistro/build/cyclonedds
[8.108s] Invoked command in '/home/runner/work/pixi_rosdistro/pixi_rosdistro/build/cyclonedds' returned '0': CMAKE_PREFIX_PATH=/home/runner/work/pixi_rosdistro/pixi_rosdistro/install:${CMAKE_PREFIX_PATH} LD_LIBRARY_PATH=/home/runner/work/pixi_rosdistro/pixi_rosdistro/install/lib PATH=/home/runner/work/pixi_rosdistro/pixi_rosdistro/install/bin:/opt/microsoft/powershell/7:${PATH} PIXI_PROMPT=(ros2_rolling) PKG_CONFIG_PATH=/home/runner/work/pixi_rosdistro/pixi_rosdistro/install/lib/pkgconfig PSModulePath=/home/runner/.local/share/powershell/Modules:${PSModulePath} PYTHONPATH=/home/runner/work/pixi_rosdistro/pixi_rosdistro/install/lib/python3.12/site-packages /home/runner/work/pixi_rosdistro/pixi_rosdistro/.pixi/envs/default/bin/cmake /home/runner/work/pixi_rosdistro/pixi_rosdistro/src/eclipse-cyclonedds/cyclonedds -GNinja --no-warn-unused-cli -DCMAKE_BUILD_TYPE=Release -DCMAKE_BUILD_WITH_INSTALL_RPATH:bool=TRUE -DCMAKE_POLICY_VERSION_MINIMUM=3.5 -Wno-deprecated -DSTACK_DETAILS_AUTO_DETECT:bool=FALSE -DSTACK_DETAILS_BFD:bool=FALSE -DTRACETOOLS_DISABLED=ON -DBUILD_IDLC=AUTO -DCMAKE_INSTALL_PREFIX=/home/runner/work/pixi_rosdistro/pixi_rosdistro/install
[8.109s] Invoking command in '/home/runner/work/pixi_rosdistro/pixi_rosdistro/build/cyclonedds': CMAKE_PREFIX_PATH=/home/runner/work/pixi_rosdistro/pixi_rosdistro/install:${CMAKE_PREFIX_PATH} LD_LIBRARY_PATH=/home/runner/work/pixi_rosdistro/pixi_rosdistro/install/lib PATH=/home/runner/work/pixi_rosdistro/pixi_rosdistro/install/bin:/opt/microsoft/powershell/7:${PATH} PIXI_PROMPT=(ros2_rolling) PKG_CONFIG_PATH=/home/runner/work/pixi_rosdistro/pixi_rosdistro/install/lib/pkgconfig PSModulePath=/home/runner/.local/share/powershell/Modules:${PSModulePath} PYTHONPATH=/home/runner/work/pixi_rosdistro/pixi_rosdistro/install/lib/python3.12/site-packages /home/runner/work/pixi_rosdistro/pixi_rosdistro/.pixi/envs/default/bin/cmake --build /home/runner/work/pixi_rosdistro/pixi_rosdistro/build/cyclonedds -- -j4 -l4
[8.149s] [1/264] Generating include/idl/misc.h
[8.162s] [2/264] Generating include/idl/attributes.h
[8.174s] [3/264] Generating include/idl/endian.h
[8.185s] [4/264] Generating include/idl/md5.h
[8.204s] [5/264] Generating src/md5.c
[8.204s] [6/264] 
[8.571s] [7/264] Building C object src/idl/CMakeFiles/idl.dir/src/symbol.c.o
[8.793s] [8/264] Building C object src/idl/CMakeFiles/idl.dir/src/directive.c.o
[8.993s] [9/264] Building C object src/idl/CMakeFiles/idl.dir/src/expression.c.o
[9.225s] [10/264] Building C object src/idl/CMakeFiles/idl.dir/src/file.c.o
[9.577s] [11/264] Building C object src/idl/CMakeFiles/idl.dir/src/processor.c.o
[9.910s] [12/264] Building C object src/idl/CMakeFiles/idl.dir/src/scanner.c.o
[10.289s] [13/264] Building C object src/idl/CMakeFiles/idl.dir/src/string.c.o
[10.822s] [14/264] Building C object src/idl/CMakeFiles/idl.dir/src/annotation.c.o
[11.053s] [15/264] Building C object src/idl/CMakeFiles/idl.dir/src/scope.c.o
[11.296s] [16/264] Building C object src/idl/CMakeFiles/idl.dir/src/tree.c.o
[11.517s] [17/264] Building C object src/idl/CMakeFiles/idl.dir/src/visit.c.o
[11.731s] [18/264] Building C object src/idl/CMakeFiles/idl.dir/src/print.c.o
[11.912s] [19/264] Building C object src/idl/CMakeFiles/idl.dir/src/keylist.c.o
[12.126s] [20/264] Building C object src/idl/CMakeFiles/idl.dir/src/hashid.c.o
[12.395s] [21/264] Building C object src/idl/CMakeFiles/idl.dir/src/parser.c.o
[12.568s] [22/264] Building C object src/idl/CMakeFiles/idl.dir/src/md5.c.o
[12.755s] [23/264] Building C object src/core/CMakeFiles/ddsc.dir/ddsi/src/ddsi_eth.c.o
[13.062s] [24/264] Building C object src/core/CMakeFiles/ddsc.dir/ddsi/src/ddsi_ssl.c.o
[13.567s] [25/264] Building C object src/core/CMakeFiles/ddsc.dir/ddsi/src/ddsi_tcp.c.o
[13.934s] [26/264] Building C object src/core/CMakeFiles/ddsc.dir/ddsi/src/ddsi_tran.c.o
[14.335s] [27/264] Building C object src/core/CMakeFiles/ddsc.dir/ddsi/src/ddsi_udp.c.o
[14.787s] [28/264] Building C object src/core/CMakeFiles/ddsc.dir/ddsi/src/ddsi_raweth.c.o
[15.056s] [29/264] Building C object src/core/CMakeFiles/ddsc.dir/ddsi/src/ddsi_vnet.c.o
[15.344s] [30/264] Building C object src/core/CMakeFiles/ddsc.dir/ddsi/src/ddsi_ipaddr.c.o
[15.651s] [31/264] Building C object src/core/CMakeFiles/ddsc.dir/ddsi/src/ddsi_mcgroup.c.o
[16.020s] [32/264] Building C object src/core/CMakeFiles/ddsc.dir/ddsi/src/ddsi_security_util.c.o
[16.523s] [33/264] Building C object src/core/CMakeFiles/ddsc.dir/ddsi/src/ddsi_security_omg.c.o
[16.758s] [34/264] Building C object src/core/CMakeFiles/ddsc.dir/ddsi/src/ddsi_portmapping.c.o
[17.271s] [35/264] Building C object src/core/CMakeFiles/ddsc.dir/ddsi/src/ddsi_handshake.c.o
[17.618s] [36/264] Building C object src/core/CMakeFiles/ddsc.dir/ddsi/src/ddsi_serdata.c.o
[18.473s] [37/264] Building C object src/core/CMakeFiles/ddsc.dir/ddsi/src/ddsi_serdata_default.c.o
[19.022s] [38/264] Building C object src/core/CMakeFiles/ddsc.dir/ddsi/src/ddsi_serdata_pserop.c.o
[19.344s] [39/264] Building C object src/core/CMakeFiles/ddsc.dir/ddsi/src/ddsi_serdata_plist.c.o
[19.745s] [40/264] Building C object src/core/CMakeFiles/ddsc.dir/ddsi/src/ddsi_sertype.c.o
[20.106s] [41/264] Building C object src/core/CMakeFiles/ddsc.dir/ddsi/src/ddsi_sertype_default.c.o
[20.414s] [42/264] Building C object src/core/CMakeFiles/ddsc.dir/ddsi/src/ddsi_sertype_pserop.c.o
[20.656s] [43/264] Building C object src/core/CMakeFiles/ddsc.dir/ddsi/src/ddsi_sertype_plist.c.o
[21.006s] [44/264] Building C object src/core/CMakeFiles/ddsc.dir/ddsi/src/ddsi_sertopic.c.o
[21.346s] [45/264] Building C object src/core/CMakeFiles/ddsc.dir/ddsi/src/ddsi_statistics.c.o
[21.604s] [46/264] Building C object src/core/CMakeFiles/ddsc.dir/ddsi/src/ddsi_iid.c.o
[21.884s] [47/264] Building C object src/core/CMakeFiles/ddsc.dir/ddsi/src/ddsi_tkmap.c.o
[22.104s] [48/264] Building C object src/core/CMakeFiles/ddsc.dir/ddsi/src/ddsi_vendor.c.o
[22.494s] [49/264] Building C object src/core/CMakeFiles/ddsc.dir/ddsi/src/ddsi_threadmon.c.o
[22.723s] [50/264] Building C object src/core/CMakeFiles/ddsc.dir/ddsi/src/ddsi_rhc.c.o
[23.130s] [51/264] Building C object src/core/CMakeFiles/ddsc.dir/ddsi/src/ddsi_pmd.c.o
[23.582s] [52/264] Building C object src/core/CMakeFiles/ddsc.dir/ddsi/src/ddsi_entity_index.c.o
[23.955s] [53/264] Building C object src/core/CMakeFiles/ddsc.dir/ddsi/src/ddsi_deadline.c.o
[24.263s] [54/264] Building C object src/core/CMakeFiles/ddsc.dir/ddsi/src/ddsi_deliver_locally.c.o
[24.893s] [55/264] Building C object src/core/CMakeFiles/ddsc.dir/ddsi/src/ddsi_plist.c.o
[25.443s] [56/264] Building C object src/core/CMakeFiles/ddsc.dir/ddsi/src/ddsi_cdrstream.c.o
[25.952s] [57/264] Building C object src/core/CMakeFiles/ddsc.dir/ddsi/src/ddsi_config.c.o
[26.085s] [58/264] Building C object src/core/CMakeFiles/ddsc.dir/ddsi/src/ddsi_time.c.o
[26.421s] [59/264] Building C object src/core/CMakeFiles/ddsc.dir/ddsi/src/ddsi_ownip.c.o
[26.780s] [60/264] Building C object src/core/CMakeFiles/ddsc.dir/ddsi/src/ddsi_acknack.c.o
[26.983s] [61/264] Building C object src/core/CMakeFiles/ddsc.dir/ddsi/src/ddsi_list_genptr.c.o
[27.384s] [62/264] Building C object src/core/CMakeFiles/ddsc.dir/ddsi/src/ddsi_wraddrset.c.o
[27.911s] [63/264] Building C object src/core/CMakeFiles/ddsc.dir/ddsi/src/ddsi_typelib.c.o
[28.192s] [64/264] Building C object src/core/CMakeFiles/ddsc.dir/ddsi/src/ddsi_entity.c.o
[28.603s] [65/264] Building C object src/core/CMakeFiles/ddsc.dir/ddsi/src/ddsi_entity_match.c.o
[28.978s] [66/264] Building C object src/core/CMakeFiles/ddsc.dir/ddsi/src/ddsi_participant.c.o
[29.369s] [67/264] Building C object src/core/CMakeFiles/ddsc.dir/ddsi/src/ddsi_proxy_participant.c.o
[29.844s] [68/264] Building C object src/core/CMakeFiles/ddsc.dir/ddsi/src/ddsi_topic.c.o
[30.457s] [69/264] Building C object src/core/CMakeFiles/ddsc.dir/ddsi/src/ddsi_endpoint.c.o
[30.736s] [70/264] Building C object src/core/CMakeFiles/ddsc.dir/ddsi/src/ddsi_proxy_endpoint.c.o
[31.108s] [71/264] Building C object src/core/CMakeFiles/ddsc.dir/ddsi/src/q_addrset.c.o
[31.261s] [72/264] Building C object src/core/CMakeFiles/ddsc.dir/ddsi/src/q_bitset_inlines.c.o
[31.467s] [73/264] Building C object src/core/CMakeFiles/ddsc.dir/ddsi/src/q_bswap.c.o
[31.982s] [74/264] Building C object src/core/CMakeFiles/ddsc.dir/ddsi/src/q_ddsi_discovery.c.o
[32.528s] [75/264] Building C object src/core/CMakeFiles/ddsc.dir/ddsi/src/q_debmon.c.o
[33.035s] [76/264] Building C object src/core/CMakeFiles/ddsc.dir/ddsi/src/q_gc.c.o
[33.565s] [77/264] Building C object src/core/CMakeFiles/ddsc.dir/ddsi/src/q_init.c.o
[33.865s] [78/264] Building C object src/core/CMakeFiles/ddsc.dir/ddsi/src/q_lat_estim.c.o
[34.086s] [79/264] Building C object src/core/CMakeFiles/ddsc.dir/ddsi/src/q_lease.c.o
[34.363s] [80/264] Building C object src/core/CMakeFiles/ddsc.dir/ddsi/src/q_misc.c.o
[34.722s] [81/264] Building C object src/core/CMakeFiles/ddsc.dir/ddsi/src/q_pcap.c.o
[35.067s] [82/264] Building C object src/core/CMakeFiles/ddsc.dir/ddsi/src/q_qosmatch.c.o
[35.510s] [83/264] Building C object src/core/CMakeFiles/ddsc.dir/ddsi/src/q_radmin.c.o
[35.872s] [84/264] Building C object src/core/CMakeFiles/ddsc.dir/ddsi/src/q_receive.c.o
[36.231s] [85/264] Building C object src/core/CMakeFiles/ddsc.dir/ddsi/src/q_sockwaitset.c.o
[36.607s] [86/264] Building C object src/core/CMakeFiles/ddsc.dir/ddsi/src/q_thread.c.o
[37.174s] [87/264] Building C object src/core/CMakeFiles/ddsc.dir/ddsi/src/q_transmit.c.o
[38.400s] [88/264] Building C object src/core/CMakeFiles/ddsc.dir/ddsi/src/q_inverse_uint32_set.c.o
[39.035s] [89/264] Building C object src/core/CMakeFiles/ddsc.dir/ddsi/src/q_whc.c.o
[39.775s] [90/264] Building C object src/core/CMakeFiles/ddsc.dir/ddsi/src/q_xevent.c.o
[40.889s] [91/264] Building C object src/core/CMakeFiles/ddsc.dir/ddsi/src/q_xmsg.c.o
[41.257s] [92/264] Building C object src/core/CMakeFiles/ddsc.dir/ddsi/src/q_freelist.c.o
[41.473s] [93/264] Building C object src/core/CMakeFiles/ddsc.dir/ddsi/src/sysdeps.c.o
[41.757s] [94/264] Building C object src/core/CMakeFiles/ddsc.dir/ddsi/src/ddsi_lifespan.c.o
[41.906s] [95/264] Building C object src/core/CMakeFiles/ddsc.dir/ddsi/src/ddsi_xt_typeinfo.c.o
[42.044s] [96/264] Building C object src/core/CMakeFiles/ddsc.dir/ddsi/src/ddsi_xt_typelookup.c.o
[42.193s] [97/264] Building C object src/core/CMakeFiles/ddsc.dir/ddsi/src/ddsi_xt_typemap.c.o
[42.566s] [98/264] Building C object src/core/CMakeFiles/ddsc.dir/ddsi/src/ddsi_typelookup.c.o
[43.056s] [99/264] Building C object src/core/CMakeFiles/ddsc.dir/ddsi/src/ddsi_typewrap.c.o
[43.616s] [100/264] Building C object src/core/CMakeFiles/ddsc.dir/ddsi/src/ddsi_typebuilder.c.o
[43.967s] [101/264] Building C object src/core/CMakeFiles/ddsc.dir/ddsi/src/ddsi_security_msg.c.o
[44.396s] [102/264] Building C object src/core/CMakeFiles/ddsc.dir/ddsi/src/ddsi_security_exchange.c.o
[44.671s] [103/264] Building C object src/core/CMakeFiles/ddsc.dir/ddsi/src/ddsi_shm_transport.c.o
[44.848s] [104/264] Building C object src/core/CMakeFiles/ddsc.dir/ddsi/defconfig.c.o
[45.035s] [105/264] Building C object src/core/CMakeFiles/ddsc.dir/ddsc/src/dds_alloc.c.o
[45.415s] [106/264] Building C object src/core/CMakeFiles/ddsc.dir/ddsc/src/dds_builtin.c.o
[45.638s] [107/264] Building C object src/core/CMakeFiles/ddsc.dir/ddsc/src/dds_coherent.c.o
[45.987s] [108/264] Building C object src/core/CMakeFiles/ddsc.dir/ddsc/src/dds_participant.c.o
[46.523s] [109/264] Building C object src/core/CMakeFiles/ddsc.dir/ddsc/src/dds_reader.c.o
[46.993s] [110/264] Building C object src/core/CMakeFiles/ddsc.dir/ddsc/src/dds_writer.c.o
[47.296s] [111/264] Building C object src/core/CMakeFiles/ddsc.dir/ddsc/src/dds_init.c.o
[47.585s] [112/264] Building C object src/core/CMakeFiles/ddsc.dir/ddsc/src/dds_publisher.c.o
[47.811s] [113/264] Building C object src/core/CMakeFiles/ddsc.dir/ddsc/src/dds_rhc.c.o
[48.540s] [114/264] Building C object src/core/CMakeFiles/ddsc.dir/ddsc/src/dds_rhc_default.c.o
[48.819s] [115/264] Building C object src/core/CMakeFiles/ddsc.dir/ddsc/src/dds_domain.c.o
[49.099s] [116/264] Building C object src/core/CMakeFiles/ddsc.dir/ddsc/src/dds_instance.c.o
[49.561s] [117/264] Building C object src/core/CMakeFiles/ddsc.dir/ddsc/src/dds_qos.c.o
[49.857s] [118/264] Building C object src/core/CMakeFiles/ddsc.dir/ddsc/src/dds_handles.c.o
[50.490s] [119/264] Building C object src/core/CMakeFiles/ddsc.dir/ddsc/src/dds_entity.c.o
[50.841s] [120/264] Building C object src/core/CMakeFiles/ddsc.dir/ddsc/src/dds_matched.c.o
[51.087s] [121/264] Building C object src/core/CMakeFiles/ddsc.dir/ddsc/src/dds_querycond.c.o
[51.726s] [122/264] Building C object src/core/CMakeFiles/ddsc.dir/ddsc/src/dds_topic.c.o
[52.059s] [123/264] Building C object src/core/CMakeFiles/ddsc.dir/ddsc/src/dds_listener.c.o
[52.565s] [124/264] Building C object src/core/CMakeFiles/ddsc.dir/ddsc/src/dds_read.c.o
[52.899s] [125/264] Building C object src/core/CMakeFiles/ddsc.dir/ddsc/src/dds_waitset.c.o
[53.162s] [126/264] Building C object src/core/CMakeFiles/ddsc.dir/ddsc/src/dds_readcond.c.o
[53.346s] [127/264] Building C object src/core/CMakeFiles/ddsc.dir/ddsc/src/dds_guardcond.c.o
[53.593s] [128/264] Building C object src/core/CMakeFiles/ddsc.dir/ddsc/src/dds_statistics.c.o
[54.018s] [129/264] Building C object src/core/CMakeFiles/ddsc.dir/ddsc/src/dds_subscriber.c.o
[54.495s] [130/264] Building C object src/core/CMakeFiles/ddsc.dir/ddsc/src/dds_write.c.o
[54.870s] [131/264] Building C object src/core/CMakeFiles/ddsc.dir/ddsc/src/dds_whc.c.o
[55.223s] [132/264] Building C object src/core/CMakeFiles/ddsc.dir/ddsc/src/dds_whc_builtintopic.c.o
[55.521s] [133/264] Building C object src/core/CMakeFiles/ddsc.dir/ddsc/src/dds_serdata_builtintopic.c.o
[55.856s] [134/264] Building C object src/core/CMakeFiles/ddsc.dir/ddsc/src/dds_sertype_builtintopic.c.o
[56.078s] [135/264] Building C object src/core/CMakeFiles/ddsc.dir/ddsc/src/dds_data_allocator.c.o
[56.365s] [136/264] Building C object src/core/CMakeFiles/ddsc.dir/ddsc/src/dds_loan.c.o
[56.661s] [137/264] Building C object src/core/CMakeFiles/ddsc.dir/ddsc/src/shm_monitor.c.o
[56.943s] [138/264] Building C object src/core/CMakeFiles/ddsc.dir/__/security/core/src/dds_security_serialize.c.o
[57.256s] [139/264] Building C object src/core/CMakeFiles/ddsc.dir/__/security/core/src/dds_security_utils.c.o
[57.603s] [140/264] Building C object src/core/CMakeFiles/ddsc.dir/__/security/core/src/dds_security_plugins.c.o
[57.786s] [141/264] Building C object src/core/CMakeFiles/ddsc.dir/__/security/core/src/shared_secret.c.o
[58.085s] [142/264] Building C object src/core/CMakeFiles/ddsc.dir/__/security/core/src/dds_security_fsm.c.o
[58.357s] [143/264] Building C object src/core/CMakeFiles/ddsc.dir/__/security/core/src/dds_security_timed_cb.c.o
[58.605s] [144/264] Building C object src/core/CMakeFiles/ddsc.dir/__/ddsrt/src/atomics.c.o
[58.908s] [145/264] Building C object src/core/CMakeFiles/ddsc.dir/__/ddsrt/src/avl.c.o
[59.286s] [146/264] Building C object src/core/CMakeFiles/ddsc.dir/__/ddsrt/src/bswap.c.o
[59.426s] [147/264] Building C object src/core/CMakeFiles/ddsc.dir/__/ddsrt/src/io.c.o
[59.590s] [148/264] Building C object src/core/CMakeFiles/ddsc.dir/__/ddsrt/src/log.c.o
[59.768s] [149/264] Building C object src/core/CMakeFiles/ddsc.dir/__/ddsrt/src/retcode.c.o
[59.975s] [150/264] Building C object src/core/CMakeFiles/ddsc.dir/__/ddsrt/src/strtod.c.o
[60.173s] [151/264] Building C object src/core/CMakeFiles/ddsc.dir/__/ddsrt/src/strtol.c.o
[60.354s] [152/264] Building C object src/core/CMakeFiles/ddsc.dir/__/ddsrt/src/mh3.c.o
[60.563s] [153/264] Building C object src/core/CMakeFiles/ddsc.dir/__/ddsrt/src/environ.c.o
[60.858s] [154/264] Building C object src/core/CMakeFiles/ddsc.dir/__/ddsrt/src/expand_vars.c.o
[61.057s] [155/264] Building C object src/core/CMakeFiles/ddsc.dir/__/ddsrt/src/fibheap.c.o
[61.457s] [156/264] Building C object src/core/CMakeFiles/ddsc.dir/__/ddsrt/src/hopscotch.c.o
[61.713s] [157/264] Building C object src/core/CMakeFiles/ddsc.dir/__/ddsrt/src/circlist.c.o
[61.943s] [158/264] Building C object src/core/CMakeFiles/ddsc.dir/__/ddsrt/src/threads.c.o
[62.220s] [159/264] Building C object src/core/CMakeFiles/ddsc.dir/__/ddsrt/src/string.c.o
[62.578s] [160/264] Building C object src/core/CMakeFiles/ddsc.dir/__/ddsrt/src/sockets.c.o
[62.761s] [161/264] Building C object src/core/CMakeFiles/ddsc.dir/__/ddsrt/src/md5.c.o
[62.981s] [162/264] Building C object src/core/CMakeFiles/ddsc.dir/__/ddsrt/src/xmlparser.c.o
[63.167s] [163/264] Building C object src/core/CMakeFiles/ddsc.dir/__/ddsrt/src/ifaddrs.c.o
[63.408s] [164/264] Building C object src/core/CMakeFiles/ddsc.dir/__/ddsrt/src/cdtors.c.o
[63.631s] [165/264] Building C object src/core/CMakeFiles/ddsc.dir/__/ddsrt/src/random.c.o
[63.842s] [166/264] Building C object src/core/CMakeFiles/ddsc.dir/__/ddsrt/src/time.c.o
[64.093s] [167/264] Building C object src/core/CMakeFiles/ddsc.dir/__/ddsrt/src/ifaddrs/posix/ifaddrs.c.o
[64.363s] [168/264] Building C object src/core/CMakeFiles/ddsc.dir/__/ddsrt/src/sockets/posix/socket.c.o
[64.612s] [169/264] Building C object src/core/CMakeFiles/ddsc.dir/__/ddsrt/src/sockets/posix/gethostname.c.o
[64.868s] [170/264] Building C object src/core/CMakeFiles/ddsc.dir/__/ddsrt/src/heap/posix/heap.c.o
[65.176s] [171/264] Building C object src/core/CMakeFiles/ddsc.dir/__/ddsrt/src/dynlib/posix/dynlib.c.o
[65.464s] [172/264] Building C object src/core/CMakeFiles/ddsc.dir/__/ddsrt/src/environ/posix/environ.c.o
[65.687s] [173/264] Building C object src/core/CMakeFiles/ddsc.dir/__/ddsrt/src/filesystem/posix/filesystem.c.o
[65.914s] [174/264] Building C object src/core/CMakeFiles/ddsc.dir/__/ddsrt/src/process/posix/process.c.o
[66.058s] [175/264] Building C object src/core/CMakeFiles/ddsc.dir/__/ddsrt/src/random/posix/random.c.o
[66.233s] [176/264] Building C object src/core/CMakeFiles/ddsc.dir/__/ddsrt/src/sync/posix/sync.c.o
[66.489s] [177/264] Building C object src/core/CMakeFiles/ddsc.dir/__/ddsrt/src/threads/posix/threads.c.o
[66.674s] [178/264] Building C object src/core/CMakeFiles/ddsc.dir/__/ddsrt/src/netstat/linux/netstat.c.o
[66.841s] [179/264] Building C object src/core/CMakeFiles/ddsc.dir/__/ddsrt/src/time/posix/time.c.o
[67.054s] [180/264] Building C object src/core/CMakeFiles/ddsc.dir/__/ddsrt/src/rusage/posix/rusage.c.o
[67.287s] [181/264] Building C object src/tools/idlpp/CMakeFiles/idlpp.dir/src/directive.c.o
[67.470s] [182/264] Building C object src/tools/idlpp/CMakeFiles/idlpp.dir/src/eval.c.o
[67.711s] [183/264] Building C object src/tools/idlpp/CMakeFiles/idlpp.dir/src/expand.c.o
[67.924s] [184/264] Building C object src/tools/idlpp/CMakeFiles/idlpp.dir/src/main.c.o
[68.121s] [185/264] Building C object src/tools/idlpp/CMakeFiles/idlpp.dir/src/mbchar.c.o
[68.329s] [186/264] Building C object src/tools/idlpp/CMakeFiles/idlpp.dir/src/support.c.o
[68.590s] [187/264] Building C object src/tools/idlpp/CMakeFiles/idlpp.dir/src/system.c.o
[68.632s] [188/264] Linking C shared library lib/libcycloneddsidl.so.0.10.5
[89.050s] [189/264] Linking C shared library lib/libddsc.so.0.10.5
[89.101s] [190/264] Linking C static library lib/libidlpp.a
[89.453s] [191/264] Building C object src/tools/idlc/CMakeFiles/idlc.dir/src/idlc.c.o
[89.615s] [192/264] Building C object src/tools/idlc/CMakeFiles/idlc.dir/src/plugin.c.o
[89.838s] [193/264] Building C object src/tools/idlc/CMakeFiles/idlc.dir/src/options.c.o
[90.000s] [194/264] Building C object src/tools/idlc/CMakeFiles/idlc.dir/src/generator.c.o
[90.198s] [195/264] Building C object src/tools/idlc/CMakeFiles/idlc.dir/src/descriptor.c.o
[90.385s] [196/264] Building C object src/tools/idlc/CMakeFiles/idlc.dir/src/types.c.o
[90.691s] [197/264] Building C object src/tools/idlc/CMakeFiles/idlc.dir/src/descriptor_type_meta.c.o
[90.709s] [198/264] Creating library symlink lib/libcycloneddsidl.so.0 lib/libcycloneddsidl.so
[90.729s] [199/264] Creating library symlink lib/libddsc.so.0 lib/libddsc.so
[90.870s] [200/264] Linking C executable bin/idlc
[90.884s] [201/264] Generating ddsperf_types.c, ddsperf_types.h
[91.237s] [202/264] Building C object src/tools/ddsperf/CMakeFiles/ddsperf.dir/ddsperf.c.o
[91.533s] [203/264] Building C object src/tools/ddsperf/CMakeFiles/ddsperf.dir/cputime.c.o
[91.794s] [204/264] Building C object src/tools/ddsperf/CMakeFiles/ddsperf.dir/netload.c.o
[91.959s] [205/264] Building C object src/tools/ddsperf/CMakeFiles/ddsperf.dir/async_listener.c.o
[92.198s] [206/264] Building C object src/tools/ddsperf/CMakeFiles/ddsperf.dir/ddsperf_types.c.o
[92.384s] [207/264] Building C object src/ddsrt/CMakeFiles/ddsrt-internal.dir/src/atomics.c.o
[92.589s] [208/264] Building C object src/ddsrt/CMakeFiles/ddsrt-internal.dir/src/avl.c.o
[92.746s] [209/264] Building C object src/ddsrt/CMakeFiles/ddsrt-internal.dir/src/bswap.c.o
[92.973s] [210/264] Building C object src/ddsrt/CMakeFiles/ddsrt-internal.dir/src/io.c.o
[93.235s] [211/264] Building C object src/ddsrt/CMakeFiles/ddsrt-internal.dir/src/log.c.o
[93.381s] [212/264] Building C object src/ddsrt/CMakeFiles/ddsrt-internal.dir/src/retcode.c.o
[93.642s] [213/264] Building C object src/ddsrt/CMakeFiles/ddsrt-internal.dir/src/strtod.c.o
[93.835s] [214/264] Building C object src/ddsrt/CMakeFiles/ddsrt-internal.dir/src/strtol.c.o
[94.023s] [215/264] Building C object src/ddsrt/CMakeFiles/ddsrt-internal.dir/src/mh3.c.o
[94.219s] [216/264] Building C object src/ddsrt/CMakeFiles/ddsrt-internal.dir/src/environ.c.o
[94.501s] [217/264] Building C object src/ddsrt/CMakeFiles/ddsrt-internal.dir/src/expand_vars.c.o
[94.691s] [218/264] Building C object src/ddsrt/CMakeFiles/ddsrt-internal.dir/src/fibheap.c.o
[94.875s] [219/264] Building C object src/ddsrt/CMakeFiles/ddsrt-internal.dir/src/hopscotch.c.o
[95.069s] [220/264] Building C object src/ddsrt/CMakeFiles/ddsrt-internal.dir/src/circlist.c.o
[95.286s] [221/264] Building C object src/ddsrt/CMakeFiles/ddsrt-internal.dir/src/threads.c.o
[95.499s] [222/264] Building C object src/ddsrt/CMakeFiles/ddsrt-internal.dir/src/string.c.o
[95.779s] [223/264] Building C object src/ddsrt/CMakeFiles/ddsrt-internal.dir/src/sockets.c.o
[95.969s] [224/264] Building C object src/ddsrt/CMakeFiles/ddsrt-internal.dir/src/md5.c.o
[96.211s] [225/264] Building C object src/ddsrt/CMakeFiles/ddsrt-internal.dir/src/xmlparser.c.o
[96.629s] [226/264] Building C object src/ddsrt/CMakeFiles/ddsrt-internal.dir/src/ifaddrs.c.o
[96.959s] [227/264] Building C object src/ddsrt/CMakeFiles/ddsrt-internal.dir/src/cdtors.c.o
[97.175s] [228/264] Building C object src/ddsrt/CMakeFiles/ddsrt-internal.dir/src/random.c.o
[97.420s] [229/264] Building C object src/ddsrt/CMakeFiles/ddsrt-internal.dir/src/time.c.o
[97.634s] [230/264] Building C object src/ddsrt/CMakeFiles/ddsrt-internal.dir/src/ifaddrs/posix/ifaddrs.c.o
[97.812s] [231/264] Building C object src/ddsrt/CMakeFiles/ddsrt-internal.dir/src/sockets/posix/socket.c.o
[98.116s] [232/264] Building C object src/ddsrt/CMakeFiles/ddsrt-internal.dir/src/sockets/posix/gethostname.c.o
[98.389s] [233/264] Building C object src/ddsrt/CMakeFiles/ddsrt-internal.dir/src/heap/posix/heap.c.o
[98.615s] [234/264] Building C object src/ddsrt/CMakeFiles/ddsrt-internal.dir/src/dynlib/posix/dynlib.c.o
[98.853s] [235/264] Building C object src/ddsrt/CMakeFiles/ddsrt-internal.dir/src/environ/posix/environ.c.o
[99.131s] [236/264] Building C object src/ddsrt/CMakeFiles/ddsrt-internal.dir/src/filesystem/posix/filesystem.c.o
[99.367s] [237/264] Building C object src/ddsrt/CMakeFiles/ddsrt-internal.dir/src/process/posix/process.c.o
[99.573s] [238/264] Building C object src/ddsrt/CMakeFiles/ddsrt-internal.dir/src/random/posix/random.c.o
[99.843s] [239/264] Building C object src/ddsrt/CMakeFiles/ddsrt-internal.dir/src/sync/posix/sync.c.o
[100.127s] [240/264] Building C object src/ddsrt/CMakeFiles/ddsrt-internal.dir/src/threads/posix/threads.c.o
[100.324s] [241/264] Building C object src/ddsrt/CMakeFiles/ddsrt-internal.dir/src/netstat/linux/netstat.c.o
[100.529s] [242/264] Building C object src/ddsrt/CMakeFiles/ddsrt-internal.dir/src/time/posix/time.c.o
[100.739s] [243/264] Building C object src/ddsrt/CMakeFiles/ddsrt-internal.dir/src/rusage/posix/rusage.c.o
[101.142s] [244/264] Building C object src/security/builtin_plugins/access_control/CMakeFiles/dds_security_ac.dir/src/access_control_objects.c.o
[101.547s] [245/264] Building C object src/security/builtin_plugins/access_control/CMakeFiles/dds_security_ac.dir/src/access_control_parser.c.o
[101.929s] [246/264] Building C object src/security/builtin_plugins/access_control/CMakeFiles/dds_security_ac.dir/src/access_control_utils.c.o
[102.423s] [247/264] Building C object src/security/builtin_plugins/access_control/CMakeFiles/dds_security_ac.dir/src/access_control.c.o
[102.816s] [248/264] Building C object src/security/builtin_plugins/access_control/CMakeFiles/dds_security_ac.dir/__/__/openssl/src/openssl_support.c.o
[103.251s] [249/264] Building C object src/security/builtin_plugins/authentication/CMakeFiles/dds_security_auth.dir/src/authentication.c.o
[103.588s] [250/264] Building C object src/security/builtin_plugins/authentication/CMakeFiles/dds_security_auth.dir/src/auth_utils.c.o
[103.974s] [251/264] Building C object src/security/builtin_plugins/authentication/CMakeFiles/dds_security_auth.dir/__/__/openssl/src/openssl_support.c.o
[104.221s] [252/264] Building C object src/security/builtin_plugins/cryptographic/CMakeFiles/dds_security_crypto.dir/src/crypto_cipher.c.o
[104.501s] [253/264] Building C object src/security/builtin_plugins/cryptographic/CMakeFiles/dds_security_crypto.dir/src/crypto_key_exchange.c.o
[104.844s] [254/264] Building C object src/security/builtin_plugins/cryptographic/CMakeFiles/dds_security_crypto.dir/src/crypto_key_factory.c.o
[105.153s] [255/264] Building C object src/security/builtin_plugins/cryptographic/CMakeFiles/dds_security_crypto.dir/src/crypto_objects.c.o
[105.446s] [256/264] Building C object src/security/builtin_plugins/cryptographic/CMakeFiles/dds_security_crypto.dir/src/crypto_transform.c.o
[105.935s] [257/264] Building C object src/security/builtin_plugins/cryptographic/CMakeFiles/dds_security_crypto.dir/src/crypto_utils.c.o
[106.262s] [258/264] Building C object src/security/builtin_plugins/cryptographic/CMakeFiles/dds_security_crypto.dir/src/cryptography.c.o
[106.736s] [259/264] Building C object src/security/builtin_plugins/cryptographic/CMakeFiles/dds_security_crypto.dir/__/__/openssl/src/openssl_support.c.o
[106.960s] [260/264] Linking C executable bin/ddsperf
[107.030s] [261/264] Linking C static library lib/libddsrt-internal.a
[107.144s] [262/264] Linking C shared library lib/libdds_security_ac.so
[107.275s] [263/264] Linking C shared library lib/libdds_security_auth.so
[107.399s] [264/264] Linking C shared library lib/libdds_security_crypto.so
[107.403s] Invoked command in '/home/runner/work/pixi_rosdistro/pixi_rosdistro/build/cyclonedds' returned '0': CMAKE_PREFIX_PATH=/home/runner/work/pixi_rosdistro/pixi_rosdistro/install:${CMAKE_PREFIX_PATH} LD_LIBRARY_PATH=/home/runner/work/pixi_rosdistro/pixi_rosdistro/install/lib PATH=/home/runner/work/pixi_rosdistro/pixi_rosdistro/install/bin:/opt/microsoft/powershell/7:${PATH} PIXI_PROMPT=(ros2_rolling) PKG_CONFIG_PATH=/home/runner/work/pixi_rosdistro/pixi_rosdistro/install/lib/pkgconfig PSModulePath=/home/runner/.local/share/powershell/Modules:${PSModulePath} PYTHONPATH=/home/runner/work/pixi_rosdistro/pixi_rosdistro/install/lib/python3.12/site-packages ROS_DOMAIN_ID=72 /home/runner/work/pixi_rosdistro/pixi_rosdistro/.pixi/envs/default/bin/cmake --build /home/runner/work/pixi_rosdistro/pixi_rosdistro/build/cyclonedds -- -j4 -l4
[107.406s] Invoking command in '/home/runner/work/pixi_rosdistro/pixi_rosdistro/build/cyclonedds': CMAKE_PREFIX_PATH=/home/runner/work/pixi_rosdistro/pixi_rosdistro/install:${CMAKE_PREFIX_PATH} LD_LIBRARY_PATH=/home/runner/work/pixi_rosdistro/pixi_rosdistro/install/lib PATH=/home/runner/work/pixi_rosdistro/pixi_rosdistro/install/bin:/opt/microsoft/powershell/7:${PATH} PIXI_PROMPT=(ros2_rolling) PKG_CONFIG_PATH=/home/runner/work/pixi_rosdistro/pixi_rosdistro/install/lib/pkgconfig PSModulePath=/home/runner/.local/share/powershell/Modules:${PSModulePath} PYTHONPATH=/home/runner/work/pixi_rosdistro/pixi_rosdistro/install/lib/python3.12/site-packages ROS_DOMAIN_ID=72 /home/runner/work/pixi_rosdistro/pixi_rosdistro/.pixi/envs/default/bin/cmake --install /home/runner/work/pixi_rosdistro/pixi_rosdistro/build/cyclonedds
[107.422s] -- Install configuration: "Release"
[107.422s] -- Installing: /home/runner/work/pixi_rosdistro/pixi_rosdistro/install/lib/cmake/CycloneDDS/CycloneDDSConfig.cmake
[107.422s] -- Installing: /home/runner/work/pixi_rosdistro/pixi_rosdistro/install/lib/cmake/CycloneDDS/CycloneDDSConfigVersion.cmake
[107.423s] -- Installing: /home/runner/work/pixi_rosdistro/pixi_rosdistro/install/lib/cmake/CycloneDDS/CycloneDDSTargets.cmake
[107.423s] -- Installing: /home/runner/work/pixi_rosdistro/pixi_rosdistro/install/lib/cmake/CycloneDDS/CycloneDDSTargets-release.cmake
[107.423s] -- Installing: /home/runner/work/pixi_rosdistro/pixi_rosdistro/install/lib/pkgconfig/CycloneDDS.pc
[107.426s] -- Installing: /home/runner/work/pixi_rosdistro/pixi_rosdistro/install/include/idlc
[107.430s] -- Installing: /home/runner/work/pixi_rosdistro/pixi_rosdistro/install/include/idlc/options.h
[107.430s] -- Installing: /home/runner/work/pixi_rosdistro/pixi_rosdistro/install/include/idlc/generator.h
[107.430s] -- Installing: /home/runner/work/pixi_rosdistro/pixi_rosdistro/install/bin/idlc
[107.430s] -- Installing: /home/runner/work/pixi_rosdistro/pixi_rosdistro/install/lib/cmake/CycloneDDS/idlc/Generate.cmake
[107.431s] -- Installing: /home/runner/work/pixi_rosdistro/pixi_rosdistro/install/bin/ddsperf
[107.431s] -- Up-to-date: /home/runner/work/pixi_rosdistro/pixi_rosdistro/install/include
[107.431s] -- Installing: /home/runner/work/pixi_rosdistro/pixi_rosdistro/install/include/dds
[107.431s] -- Installing: /home/runner/work/pixi_rosdistro/pixi_rosdistro/install/include/dds/ddsrt
[107.431s] -- Installing: /home/runner/work/pixi_rosdistro/pixi_rosdistro/install/include/dds/ddsrt/misc.h
[107.431s] -- Installing: /home/runner/work/pixi_rosdistro/pixi_rosdistro/install/include/dds/ddsrt/sched.h
[107.432s] -- Installing: /home/runner/work/pixi_rosdistro/pixi_rosdistro/install/include/dds/ddsrt/circlist.h
[107.432s] -- Installing: /home/runner/work/pixi_rosdistro/pixi_rosdistro/install/include/dds/ddsrt/random.h
[107.433s] -- Installing: /home/runner/work/pixi_rosdistro/pixi_rosdistro/install/include/dds/ddsrt/strtod.h
[107.433s] -- Installing: /home/runner/work/pixi_rosdistro/pixi_rosdistro/install/include/dds/ddsrt/types
[107.434s] -- Installing: /home/runner/work/pixi_rosdistro/pixi_rosdistro/install/include/dds/ddsrt/types/vxworks.h
[107.434s] -- Installing: /home/runner/work/pixi_rosdistro/pixi_rosdistro/install/include/dds/ddsrt/types/windows.h
[107.435s] -- Installing: /home/runner/work/pixi_rosdistro/pixi_rosdistro/install/include/dds/ddsrt/types/posix.h
[107.435s] -- Installing: /home/runner/work/pixi_rosdistro/pixi_rosdistro/install/include/dds/ddsrt/countargs.h
[107.436s] -- Installing: /home/runner/work/pixi_rosdistro/pixi_rosdistro/install/include/dds/ddsrt/io.h
[107.437s] -- Installing: /home/runner/work/pixi_rosdistro/pixi_rosdistro/install/include/dds/ddsrt/process.h
[107.437s] -- Installing: /home/runner/work/pixi_rosdistro/pixi_rosdistro/install/include/dds/ddsrt/bswap.h
[107.437s] -- Installing: /home/runner/work/pixi_rosdistro/pixi_rosdistro/install/include/dds/ddsrt/netstat.h
[107.437s] -- Installing: /home/runner/work/pixi_rosdistro/pixi_rosdistro/install/include/dds/ddsrt/mh3.h
[107.438s] -- Installing: /home/runner/work/pixi_rosdistro/pixi_rosdistro/install/include/dds/ddsrt/time
[107.438s] -- Installing: /home/runner/work/pixi_rosdistro/pixi_rosdistro/install/include/dds/ddsrt/time/freertos.h
[107.441s] -- Installing: /home/runner/work/pixi_rosdistro/pixi_rosdistro/install/include/dds/ddsrt/strtol.h
[107.441s] -- Installing: /home/runner/work/pixi_rosdistro/pixi_rosdistro/install/include/dds/ddsrt/sockets
[107.441s] -- Installing: /home/runner/work/pixi_rosdistro/pixi_rosdistro/install/include/dds/ddsrt/sockets/windows.h
[107.441s] -- Installing: /home/runner/work/pixi_rosdistro/pixi_rosdistro/install/include/dds/ddsrt/sockets/posix.h
[107.441s] -- Installing: /home/runner/work/pixi_rosdistro/pixi_rosdistro/install/include/dds/ddsrt/filesystem.h
[107.442s] -- Installing: /home/runner/work/pixi_rosdistro/pixi_rosdistro/install/include/dds/ddsrt/xmlparser.h
[107.442s] -- Installing: /home/runner/work/pixi_rosdistro/pixi_rosdistro/install/include/dds/ddsrt/iovec.h
[107.442s] -- Installing: /home/runner/work/pixi_rosdistro/pixi_rosdistro/install/include/dds/ddsrt/sync
[107.442s] -- Installing: /home/runner/work/pixi_rosdistro/pixi_rosdistro/install/include/dds/ddsrt/sync/freertos.h
[107.442s] -- Installing: /home/runner/work/pixi_rosdistro/pixi_rosdistro/install/include/dds/ddsrt/sync/windows.h
[107.442s] -- Installing: /home/runner/work/pixi_rosdistro/pixi_rosdistro/install/include/dds/ddsrt/sync/posix.h
[107.442s] -- Installing: /home/runner/work/pixi_rosdistro/pixi_rosdistro/install/include/dds/ddsrt/align.h
[107.442s] -- Installing: /home/runner/work/pixi_rosdistro/pixi_rosdistro/install/include/dds/ddsrt/string.h
[107.443s] -- Installing: /home/runner/work/pixi_rosdistro/pixi_rosdistro/install/include/dds/ddsrt/sync.h
[107.443s] -- Installing: /home/runner/work/pixi_rosdistro/pixi_rosdistro/install/include/dds/ddsrt/heap.h
[107.444s] -- Installing: /home/runner/work/pixi_rosdistro/pixi_rosdistro/install/include/dds/ddsrt/atomics.h
[107.444s] -- Installing: /home/runner/work/pixi_rosdistro/pixi_rosdistro/install/include/dds/ddsrt/avl.h
[107.445s] -- Installing: /home/runner/work/pixi_rosdistro/pixi_rosdistro/install/include/dds/ddsrt/ifaddrs.h
[107.445s] -- Installing: /home/runner/work/pixi_rosdistro/pixi_rosdistro/install/include/dds/ddsrt/cdtors.h
[107.445s] -- Installing: /home/runner/work/pixi_rosdistro/pixi_rosdistro/install/include/dds/ddsrt/endian.h
[107.446s] -- Installing: /home/runner/work/pixi_rosdistro/pixi_rosdistro/install/include/dds/ddsrt/md5.h
[107.446s] -- Installing: /home/runner/work/pixi_rosdistro/pixi_rosdistro/install/include/dds/ddsrt/retcode.h
[107.447s] -- Installing: /home/runner/work/pixi_rosdistro/pixi_rosdistro/install/include/dds/ddsrt/rusage.h
[107.455s] -- Installing: /home/runner/work/pixi_rosdistro/pixi_rosdistro/install/include/dds/ddsrt/log.h
[107.455s] -- Installing: /home/runner/work/pixi_rosdistro/pixi_rosdistro/install/include/dds/ddsrt/atomics
[107.455s] -- Installing: /home/runner/work/pixi_rosdistro/pixi_rosdistro/install/include/dds/ddsrt/atomics/msvc.h
[107.455s] -- Installing: /home/runner/work/pixi_rosdistro/pixi_rosdistro/install/include/dds/ddsrt/atomics/gcc.h
[107.455s] -- Installing: /home/runner/work/pixi_rosdistro/pixi_rosdistro/install/include/dds/ddsrt/atomics/arm.h
[107.455s] -- Installing: /home/runner/work/pixi_rosdistro/pixi_rosdistro/install/include/dds/ddsrt/atomics/sun.h
[107.456s] -- Installing: /home/runner/work/pixi_rosdistro/pixi_rosdistro/install/include/dds/ddsrt/sockets.h
[107.456s] -- Installing: /home/runner/work/pixi_rosdistro/pixi_rosdistro/install/include/dds/ddsrt/hopscotch.h
[107.456s] -- Installing: /home/runner/work/pixi_rosdistro/pixi_rosdistro/install/include/dds/ddsrt/threads.h
[107.456s] -- Installing: /home/runner/work/pixi_rosdistro/pixi_rosdistro/install/include/dds/ddsrt/dynlib.h
[107.456s] -- Installing: /home/runner/work/pixi_rosdistro/pixi_rosdistro/install/include/dds/ddsrt/threads
[107.456s] -- Installing: /home/runner/work/pixi_rosdistro/pixi_rosdistro/install/include/dds/ddsrt/threads/freertos.h
[107.456s] -- Installing: /home/runner/work/pixi_rosdistro/pixi_rosdistro/install/include/dds/ddsrt/threads/windows.h
[107.456s] -- Installing: /home/runner/work/pixi_rosdistro/pixi_rosdistro/install/include/dds/ddsrt/threads/posix.h
[107.461s] -- Installing: /home/runner/work/pixi_rosdistro/pixi_rosdistro/install/include/dds/ddsrt/filesystem
[107.461s] -- Installing: /home/runner/work/pixi_rosdistro/pixi_rosdistro/install/include/dds/ddsrt/filesystem/windows.h
[107.461s] -- Installing: /home/runner/work/pixi_rosdistro/pixi_rosdistro/install/include/dds/ddsrt/filesystem/posix.h
[107.461s] -- Installing: /home/runner/work/pixi_rosdistro/pixi_rosdistro/install/include/dds/ddsrt/arch.h
[107.461s] -- Installing: /home/runner/work/pixi_rosdistro/pixi_rosdistro/install/include/dds/ddsrt/attributes.h
[107.462s] -- Installing: /home/runner/work/pixi_rosdistro/pixi_rosdistro/install/include/dds/ddsrt/fibheap.h
[107.462s] -- Installing: /home/runner/work/pixi_rosdistro/pixi_rosdistro/install/include/dds/ddsrt/time.h
[107.462s] -- Installing: /home/runner/work/pixi_rosdistro/pixi_rosdistro/install/include/dds/ddsrt/types.h
[107.462s] -- Installing: /home/runner/work/pixi_rosdistro/pixi_rosdistro/install/include/dds/ddsrt/expand_vars.h
[107.462s] -- Installing: /home/runner/work/pixi_rosdistro/pixi_rosdistro/install/include/dds/ddsrt/environ.h
[107.462s] -- Installing: /home/runner/work/pixi_rosdistro/pixi_rosdistro/install/include/dds/ddsrt/static_assert.h
[107.462s] -- Up-to-date: /home/runner/work/pixi_rosdistro/pixi_rosdistro/install/include
[107.462s] -- Up-to-date: /home/runner/work/pixi_rosdistro/pixi_rosdistro/install/include/dds
[107.462s] -- Installing: /home/runner/work/pixi_rosdistro/pixi_rosdistro/install/include/dds/config.h
[107.463s] -- Installing: /home/runner/work/pixi_rosdistro/pixi_rosdistro/install/include/dds/version.h
[107.463s] -- Installing: /home/runner/work/pixi_rosdistro/pixi_rosdistro/install/include/dds/features.h
[107.464s] -- Installing: /home/runner/work/pixi_rosdistro/pixi_rosdistro/install/include/idl
[107.464s] -- Installing: /home/runner/work/pixi_rosdistro/pixi_rosdistro/install/include/idl/tree.h
[107.465s] -- Installing: /home/runner/work/pixi_rosdistro/pixi_rosdistro/install/include/idl/string.h
[107.465s] -- Installing: /home/runner/work/pixi_rosdistro/pixi_rosdistro/install/include/idl/visit.h
[107.466s] -- Installing: /home/runner/work/pixi_rosdistro/pixi_rosdistro/install/include/idl/file.h
[107.466s] -- Installing: /home/runner/work/pixi_rosdistro/pixi_rosdistro/install/include/idl/print.h
[107.467s] -- Installing: /home/runner/work/pixi_rosdistro/pixi_rosdistro/install/include/idl/retcode.h
[107.467s] -- Installing: /home/runner/work/pixi_rosdistro/pixi_rosdistro/install/include/idl/symbol.h
[107.468s] -- Installing: /home/runner/work/pixi_rosdistro/pixi_rosdistro/install/include/idl/stream.h
[107.468s] -- Installing: /home/runner/work/pixi_rosdistro/pixi_rosdistro/install/include/idl/expression.h
[107.469s] -- Installing: /home/runner/work/pixi_rosdistro/pixi_rosdistro/install/include/idl/scope.h
[107.469s] -- Installing: /home/runner/work/pixi_rosdistro/pixi_rosdistro/install/include/idl/processor.h
[107.470s] -- Up-to-date: /home/runner/work/pixi_rosdistro/pixi_rosdistro/install/include/idl
[107.470s] -- Installing: /home/runner/work/pixi_rosdistro/pixi_rosdistro/install/include/idl/misc.h
[107.471s] -- Installing: /home/runner/work/pixi_rosdistro/pixi_rosdistro/install/include/idl/endian.h
[107.471s] -- Installing: /home/runner/work/pixi_rosdistro/pixi_rosdistro/install/include/idl/version.h
[107.472s] -- Installing: /home/runner/work/pixi_rosdistro/pixi_rosdistro/install/include/idl/md5.h
[107.472s] -- Installing: /home/runner/work/pixi_rosdistro/pixi_rosdistro/install/include/idl/export.h
[107.475s] -- Installing: /home/runner/work/pixi_rosdistro/pixi_rosdistro/install/include/idl/attributes.h
[107.475s] -- Installing: /home/runner/work/pixi_rosdistro/pixi_rosdistro/install/lib/libcycloneddsidl.so.0.10.5
[107.475s] -- Installing: /home/runner/work/pixi_rosdistro/pixi_rosdistro/install/lib/libcycloneddsidl.so.0
[107.475s] -- Installing: /home/runner/work/pixi_rosdistro/pixi_rosdistro/install/lib/libcycloneddsidl.so
[107.475s] -- Up-to-date: /home/runner/work/pixi_rosdistro/pixi_rosdistro/install/include
[107.476s] -- Up-to-date: /home/runner/work/pixi_rosdistro/pixi_rosdistro/install/include/dds
[107.476s] -- Installing: /home/runner/work/pixi_rosdistro/pixi_rosdistro/install/include/dds/security
[107.476s] -- Installing: /home/runner/work/pixi_rosdistro/pixi_rosdistro/install/include/dds/security/dds_security_api_access_control.h
[107.476s] -- Installing: /home/runner/work/pixi_rosdistro/pixi_rosdistro/install/include/dds/security/dds_security_api_cryptography.h
[107.476s] -- Installing: /home/runner/work/pixi_rosdistro/pixi_rosdistro/install/include/dds/security/dds_security_api_err.h
[107.476s] -- Installing: /home/runner/work/pixi_rosdistro/pixi_rosdistro/install/include/dds/security/dds_security_api_types.h
[107.476s] -- Installing: /home/runner/work/pixi_rosdistro/pixi_rosdistro/install/include/dds/security/dds_security_api_authentication.h
[107.477s] -- Installing: /home/runner/work/pixi_rosdistro/pixi_rosdistro/install/include/dds/security/dds_security_api.h
[107.477s] -- Installing: /home/runner/work/pixi_rosdistro/pixi_rosdistro/install/include/dds/security/dds_security_api_defs.h
[107.478s] -- Installing: /home/runner/work/pixi_rosdistro/pixi_rosdistro/install/include/dds/security/core/
[107.478s] -- Installing: /home/runner/work/pixi_rosdistro/pixi_rosdistro/install/include/dds/security/core//dds_security_utils.h
[107.479s] -- Installing: /home/runner/work/pixi_rosdistro/pixi_rosdistro/install/include/dds/security/core//dds_security_fsm.h
[107.479s] -- Installing: /home/runner/work/pixi_rosdistro/pixi_rosdistro/install/include/dds/security/core//shared_secret.h
[107.480s] -- Installing: /home/runner/work/pixi_rosdistro/pixi_rosdistro/install/include/dds/security/core//dds_security_types.h
[107.480s] -- Installing: /home/runner/work/pixi_rosdistro/pixi_rosdistro/install/include/dds/security/core//dds_security_serialize.h
[107.481s] -- Installing: /home/runner/work/pixi_rosdistro/pixi_rosdistro/install/include/dds/security/core//dds_security_timed_cb.h
[107.481s] -- Installing: /home/runner/work/pixi_rosdistro/pixi_rosdistro/install/include/dds/security/core//dds_security_plugins.h
[107.482s] -- Installing: /home/runner/work/pixi_rosdistro/pixi_rosdistro/install/lib/libdds_security_ac.so
[107.483s] -- Installing: /home/runner/work/pixi_rosdistro/pixi_rosdistro/install/lib/libdds_security_auth.so
[107.484s] -- Installing: /home/runner/work/pixi_rosdistro/pixi_rosdistro/install/lib/libdds_security_crypto.so
[107.485s] -- Up-to-date: /home/runner/work/pixi_rosdistro/pixi_rosdistro/install/include
[107.488s] -- Up-to-date: /home/runner/work/pixi_rosdistro/pixi_rosdistro/install/include/dds
[107.488s] -- Installing: /home/runner/work/pixi_rosdistro/pixi_rosdistro/install/include/dds/ddsi
[107.488s] -- Installing: /home/runner/work/pixi_rosdistro/pixi_rosdistro/install/include/dds/ddsi/ddsi_pmd.h
[107.488s] -- Installing: /home/runner/work/pixi_rosdistro/pixi_rosdistro/install/include/dds/ddsi/ddsi_list_genptr.h
[107.488s] -- Installing: /home/runner/work/pixi_rosdistro/pixi_rosdistro/install/include/dds/ddsi/ddsi_deliver_locally.h
[107.489s] -- Installing: /home/runner/work/pixi_rosdistro/pixi_rosdistro/install/include/dds/ddsi/ddsi_tcp.h
[107.489s] -- Installing: /home/runner/work/pixi_rosdistro/pixi_rosdistro/install/include/dds/ddsi/ddsi_cfgunits.h
[107.489s] -- Installing: /home/runner/work/pixi_rosdistro/pixi_rosdistro/install/include/dds/ddsi/ddsi_proxy_endpoint.h
[107.489s] -- Installing: /home/runner/work/pixi_rosdistro/pixi_rosdistro/install/include/dds/ddsi/ddsi_lifespan.h
[107.489s] -- Installing: /home/runner/work/pixi_rosdistro/pixi_rosdistro/install/include/dds/ddsi/ddsi_iid.h
[107.489s] -- Installing: /home/runner/work/pixi_rosdistro/pixi_rosdistro/install/include/dds/ddsi/ddsi_handshake.h
[107.489s] -- Installing: /home/runner/work/pixi_rosdistro/pixi_rosdistro/install/include/dds/ddsi/ddsi_list_tmpl.h
[107.489s] -- Installing: /home/runner/work/pixi_rosdistro/pixi_rosdistro/install/include/dds/ddsi/ddsi_vendor.h
[107.489s] -- Installing: /home/runner/work/pixi_rosdistro/pixi_rosdistro/install/include/dds/ddsi/ddsi_tkmap.h
[107.490s] -- Installing: /home/runner/work/pixi_rosdistro/pixi_rosdistro/install/include/dds/ddsi/ddsi_xt_typemap.h
[107.490s] -- Installing: /home/runner/work/pixi_rosdistro/pixi_rosdistro/install/include/dds/ddsi/q_inverse_uint32_set.h
[107.490s] -- Installing: /home/runner/work/pixi_rosdistro/pixi_rosdistro/install/include/dds/ddsi/q_qosmatch.h
[107.490s] -- Installing: /home/runner/work/pixi_rosdistro/pixi_rosdistro/install/include/dds/ddsi/ddsi_security_omg.h
[107.491s] -- Installing: /home/runner/work/pixi_rosdistro/pixi_rosdistro/install/include/dds/ddsi/ddsi_typebuilder.h
[107.491s] -- Installing: /home/runner/work/pixi_rosdistro/pixi_rosdistro/install/include/dds/ddsi/q_rtps.h
[107.492s] -- Installing: /home/runner/work/pixi_rosdistro/pixi_rosdistro/install/include/dds/ddsi/ddsi_xt_typelookup.idl
[107.492s] -- Installing: /home/runner/work/pixi_rosdistro/pixi_rosdistro/install/include/dds/ddsi/ddsi_config_impl.h
[107.493s] -- Installing: /home/runner/work/pixi_rosdistro/pixi_rosdistro/install/include/dds/ddsi/q_feature_check.h
[107.493s] -- Installing: /home/runner/work/pixi_rosdistro/pixi_rosdistro/install/include/dds/ddsi/ddsi_mcgroup.h
[107.494s] -- Installing: /home/runner/work/pixi_rosdistro/pixi_rosdistro/install/include/dds/ddsi/q_gc.h
[107.494s] -- Installing: /home/runner/work/pixi_rosdistro/pixi_rosdistro/install/include/dds/ddsi/q_whc.h
[107.495s] -- Installing: /home/runner/work/pixi_rosdistro/pixi_rosdistro/install/include/dds/ddsi/q_xmsg.h
[107.495s] -- Installing: /home/runner/work/pixi_rosdistro/pixi_rosdistro/install/include/dds/ddsi/ddsi_raweth.h
[107.496s] -- Installing: /home/runner/work/pixi_rosdistro/pixi_rosdistro/install/include/dds/ddsi/ddsi_typelookup.h
[107.496s] -- Installing: /home/runner/work/pixi_rosdistro/pixi_rosdistro/install/include/dds/ddsi/ddsi_typelib.h
[107.497s] -- Installing: /home/runner/work/pixi_rosdistro/pixi_rosdistro/install/include/dds/ddsi/ddsi_time.h
[107.499s] -- Installing: /home/runner/work/pixi_rosdistro/pixi_rosdistro/install/include/dds/ddsi/ddsi_xt_impl.h
[107.499s] -- Installing: /home/runner/work/pixi_rosdistro/pixi_rosdistro/install/include/dds/ddsi/q_thread.h
[107.499s] -- Installing: /home/runner/work/pixi_rosdistro/pixi_rosdistro/install/include/dds/ddsi/ddsi_entity.h
[107.499s] -- Installing: /home/runner/work/pixi_rosdistro/pixi_rosdistro/install/include/dds/ddsi/ddsi_typewrap.h
[107.499s] -- Installing: /home/runner/work/pixi_rosdistro/pixi_rosdistro/install/include/dds/ddsi/ddsi_xt_typeinfo.h
[107.499s] -- Installing: /home/runner/work/pixi_rosdistro/pixi_rosdistro/install/include/dds/ddsi/ddsi_vnet.h
[107.500s] -- Installing: /home/runner/work/pixi_rosdistro/pixi_rosdistro/install/include/dds/ddsi/ddsi_portmapping.h
[107.500s] -- Installing: /home/runner/work/pixi_rosdistro/pixi_rosdistro/install/include/dds/ddsi/ddsi_acknack.h
[107.500s] -- Installing: /home/runner/work/pixi_rosdistro/pixi_rosdistro/install/include/dds/ddsi/ddsi_udp.h
[107.500s] -- Installing: /home/runner/work/pixi_rosdistro/pixi_rosdistro/install/include/dds/ddsi/q_receive.h
[107.501s] -- Installing: /home/runner/work/pixi_rosdistro/pixi_rosdistro/install/include/dds/ddsi/q_debmon.h
[107.501s] -- Installing: /home/runner/work/pixi_rosdistro/pixi_rosdistro/install/include/dds/ddsi/q_log.h
[107.502s] -- Installing: /home/runner/work/pixi_rosdistro/pixi_rosdistro/install/include/dds/ddsi/ddsi_entity_match.h
[107.502s] -- Installing: /home/runner/work/pixi_rosdistro/pixi_rosdistro/install/include/dds/ddsi/ddsi_security_exchange.h
[107.503s] -- Installing: /home/runner/work/pixi_rosdistro/pixi_rosdistro/install/include/dds/ddsi/ddsi_security_msg.h
[107.503s] -- Installing: /home/runner/work/pixi_rosdistro/pixi_rosdistro/install/include/dds/ddsi/ddsi_plist.h
[107.504s] -- Installing: /home/runner/work/pixi_rosdistro/pixi_rosdistro/install/include/dds/ddsi/q_pcap.h
[107.504s] -- Installing: /home/runner/work/pixi_rosdistro/pixi_rosdistro/install/include/dds/ddsi/q_xevent.h
[107.505s] -- Installing: /home/runner/work/pixi_rosdistro/pixi_rosdistro/install/include/dds/ddsi/ddsi_keyhash.h
[107.505s] -- Installing: /home/runner/work/pixi_rosdistro/pixi_rosdistro/install/include/dds/ddsi/ddsi_config.h
[107.508s] -- Installing: /home/runner/work/pixi_rosdistro/pixi_rosdistro/install/include/dds/ddsi/ddsi_tran.h
[107.508s] -- Installing: /home/runner/work/pixi_rosdistro/pixi_rosdistro/install/include/dds/ddsi/q_bswap.h
[107.508s] -- Installing: /home/runner/work/pixi_rosdistro/pixi_rosdistro/install/include/dds/ddsi/q_lease.h
[107.508s] -- Installing: /home/runner/work/pixi_rosdistro/pixi_rosdistro/install/include/dds/ddsi/ddsi_cfgelems.h
[107.508s] -- Installing: /home/runner/work/pixi_rosdistro/pixi_rosdistro/install/include/dds/ddsi/ddsi_domaingv.h
[107.508s] -- Installing: /home/runner/work/pixi_rosdistro/pixi_rosdistro/install/include/dds/ddsi/ddsi_serdata_pserop.h
[107.509s] -- Installing: /home/runner/work/pixi_rosdistro/pixi_rosdistro/install/include/dds/ddsi/q_unused.h
[107.509s] -- Installing: /home/runner/work/pixi_rosdistro/pixi_rosdistro/install/include/dds/ddsi/q_protocol.h
[107.509s] -- Installing: /home/runner/work/pixi_rosdistro/pixi_rosdistro/install/include/dds/ddsi/ddsi_topic.h
[107.509s] -- Installing: /home/runner/work/pixi_rosdistro/pixi_rosdistro/install/include/dds/ddsi/ddsi_xt_typelookup.h
[107.509s] -- Installing: /home/runner/work/pixi_rosdistro/pixi_rosdistro/install/include/dds/ddsi/q_radmin.h
[107.510s] -- Installing: /home/runner/work/pixi_rosdistro/pixi_rosdistro/install/include/dds/ddsi/ddsi_xqos.h
[107.510s] -- Installing: /home/runner/work/pixi_rosdistro/pixi_rosdistro/install/include/dds/ddsi/ddsi_threadmon.h
[107.511s] -- Installing: /home/runner/work/pixi_rosdistro/pixi_rosdistro/install/include/dds/ddsi/ddsi_xt_typeinfo.idl
[107.511s] -- Installing: /home/runner/work/pixi_rosdistro/pixi_rosdistro/install/include/dds/ddsi/q_transmit.h
[107.512s] -- Installing: /home/runner/work/pixi_rosdistro/pixi_rosdistro/install/include/dds/ddsi/ddsi_endpoint.h
[107.512s] -- Installing: /home/runner/work/pixi_rosdistro/pixi_rosdistro/install/include/dds/ddsi/ddsi_xt_typemap.idl
[107.513s] -- Installing: /home/runner/work/pixi_rosdistro/pixi_rosdistro/install/include/dds/ddsi/ddsi_wraddrset.h
[107.513s] -- Installing: /home/runner/work/pixi_rosdistro/pixi_rosdistro/install/include/dds/ddsi/q_bitset.h
[107.514s] -- Installing: /home/runner/work/pixi_rosdistro/pixi_rosdistro/install/include/dds/ddsi/ddsi_ssl.h
[107.514s] -- Installing: /home/runner/work/pixi_rosdistro/pixi_rosdistro/install/include/dds/ddsi/q_lat_estim.h
[107.515s] -- Installing: /home/runner/work/pixi_rosdistro/pixi_rosdistro/install/include/dds/ddsi/ddsi_entity_index.h
[107.515s] -- Installing: /home/runner/work/pixi_rosdistro/pixi_rosdistro/install/include/dds/ddsi/ddsi_deadline.h
[107.518s] -- Installing: /home/runner/work/pixi_rosdistro/pixi_rosdistro/install/include/dds/ddsi/ddsi_builtin_topic_if.h
[107.518s] -- Installing: /home/runner/work/pixi_rosdistro/pixi_rosdistro/install/include/dds/ddsi/ddsi_shm_transport.h
[107.518s] -- Installing: /home/runner/work/pixi_rosdistro/pixi_rosdistro/install/include/dds/ddsi/ddsi_cdrstream.h
[107.518s] -- Installing: /home/runner/work/pixi_rosdistro/pixi_rosdistro/install/include/dds/ddsi/q_hbcontrol.h
[107.519s] -- Installing: /home/runner/work/pixi_rosdistro/pixi_rosdistro/install/include/dds/ddsi/ddsi_ownip.h
[107.519s] -- Installing: /home/runner/work/pixi_rosdistro/pixi_rosdistro/install/include/dds/ddsi/q_freelist.h
[107.522s] -- Installing: /home/runner/work/pixi_rosdistro/pixi_rosdistro/install/include/dds/ddsi/ddsi_statistics.h
[107.522s] -- Installing: /home/runner/work/pixi_rosdistro/pixi_rosdistro/install/include/dds/ddsi/ddsi_locator.h
[107.522s] -- Installing: /home/runner/work/pixi_rosdistro/pixi_rosdistro/install/include/dds/ddsi/q_addrset.h
[107.522s] -- Installing: /home/runner/work/pixi_rosdistro/pixi_rosdistro/install/include/dds/ddsi/ddsi_ipaddr.h
[107.522s] -- Installing: /home/runner/work/pixi_rosdistro/pixi_rosdistro/install/include/dds/ddsi/ddsi_rhc.h
[107.523s] -- Installing: /home/runner/work/pixi_rosdistro/pixi_rosdistro/install/include/dds/ddsi/ddsi_serdata_default.h
[107.523s] -- Installing: /home/runner/work/pixi_rosdistro/pixi_rosdistro/install/include/dds/ddsi/ddsi_plist_generic.h
[107.523s] -- Installing: /home/runner/work/pixi_rosdistro/pixi_rosdistro/install/include/dds/ddsi/ddsi_serdata.h
[107.523s] -- Installing: /home/runner/work/pixi_rosdistro/pixi_rosdistro/install/include/dds/ddsi/ddsi_proxy_participant.h
[107.523s] -- Installing: /home/runner/work/pixi_rosdistro/pixi_rosdistro/install/include/dds/ddsi/ddsi_sertype.h
[107.524s] -- Installing: /home/runner/work/pixi_rosdistro/pixi_rosdistro/install/include/dds/ddsi/q_init.h
[107.524s] -- Installing: /home/runner/work/pixi_rosdistro/pixi_rosdistro/install/include/dds/ddsi/q_ddsi_discovery.h
[107.524s] -- Installing: /home/runner/work/pixi_rosdistro/pixi_rosdistro/install/include/dds/ddsi/ddsi_security_util.h
[107.524s] -- Installing: /home/runner/work/pixi_rosdistro/pixi_rosdistro/install/include/dds/ddsi/ddsi_guid.h
[107.524s] -- Installing: /home/runner/work/pixi_rosdistro/pixi_rosdistro/install/include/dds/ddsi/ddsi_sertopic.h
[107.525s] -- Installing: /home/runner/work/pixi_rosdistro/pixi_rosdistro/install/include/dds/ddsi/q_sockwaitset.h
[107.525s] -- Installing: /home/runner/work/pixi_rosdistro/pixi_rosdistro/install/include/dds/ddsi/sysdeps.h
[107.525s] -- Installing: /home/runner/work/pixi_rosdistro/pixi_rosdistro/install/include/dds/ddsi/q_misc.h
[107.525s] -- Installing: /home/runner/work/pixi_rosdistro/pixi_rosdistro/install/include/dds/ddsi/ddsi_participant.h
[107.525s] -- Installing: /home/runner/work/pixi_rosdistro/pixi_rosdistro/install/include/dds/ddsi/ddsi_serdata_plist.h
[107.525s] -- Up-to-date: /home/runner/work/pixi_rosdistro/pixi_rosdistro/install/include
[107.525s] -- Installing: /home/runner/work/pixi_rosdistro/pixi_rosdistro/install/include/ddsc
[107.525s] -- Installing: /home/runner/work/pixi_rosdistro/pixi_rosdistro/install/include/ddsc/dds.h
[107.525s] -- Up-to-date: /home/runner/work/pixi_rosdistro/pixi_rosdistro/install/include/dds
[107.525s] -- Installing: /home/runner/work/pixi_rosdistro/pixi_rosdistro/install/include/dds/ddsc
[107.528s] -- Installing: /home/runner/work/pixi_rosdistro/pixi_rosdistro/install/include/dds/ddsc/dds_public_alloc.h
[107.528s] -- Installing: /home/runner/work/pixi_rosdistro/pixi_rosdistro/install/include/dds/ddsc/dds_rhc.h
[107.528s] -- Installing: /home/runner/work/pixi_rosdistro/pixi_rosdistro/install/include/dds/ddsc/dds_public_listener.h
[107.528s] -- Installing: /home/runner/work/pixi_rosdistro/pixi_rosdistro/install/include/dds/ddsc/dds_public_status.h
[107.528s] -- Installing: /home/runner/work/pixi_rosdistro/pixi_rosdistro/install/include/dds/ddsc/dds_public_qosdefs.h
[107.529s] -- Installing: /home/runner/work/pixi_rosdistro/pixi_rosdistro/install/include/dds/ddsc/dds_loan_api.h
[107.529s] -- Installing: /home/runner/work/pixi_rosdistro/pixi_rosdistro/install/include/dds/ddsc/dds_public_impl.h
[107.529s] -- Installing: /home/runner/work/pixi_rosdistro/pixi_rosdistro/install/include/dds/ddsc/dds_public_qos.h
[107.529s] -- Installing: /home/runner/work/pixi_rosdistro/pixi_rosdistro/install/include/dds/ddsc/dds_opcodes.h
[107.529s] -- Installing: /home/runner/work/pixi_rosdistro/pixi_rosdistro/install/include/dds/ddsc/dds_basic_types.h
[107.529s] -- Installing: /home/runner/work/pixi_rosdistro/pixi_rosdistro/install/include/dds/ddsc/dds_statistics.h
[107.530s] -- Installing: /home/runner/work/pixi_rosdistro/pixi_rosdistro/install/include/dds/ddsc/dds_public_error.h
[107.530s] -- Installing: /home/runner/work/pixi_rosdistro/pixi_rosdistro/install/include/dds/ddsc/dds_internal_api.h
[107.530s] -- Installing: /home/runner/work/pixi_rosdistro/pixi_rosdistro/install/include/dds/ddsc/dds_data_allocator.h
[107.530s] -- Installing: /home/runner/work/pixi_rosdistro/pixi_rosdistro/install/include/dds/dds.h
[107.530s] -- Up-to-date: /home/runner/work/pixi_rosdistro/pixi_rosdistro/install/include
[107.530s] -- Up-to-date: /home/runner/work/pixi_rosdistro/pixi_rosdistro/install/include/dds
[107.530s] -- Installing: /home/runner/work/pixi_rosdistro/pixi_rosdistro/install/include/dds/export.h
[107.530s] -- Installing: /home/runner/work/pixi_rosdistro/pixi_rosdistro/install/lib/libddsc.so.0.10.5
[107.532s] -- Installing: /home/runner/work/pixi_rosdistro/pixi_rosdistro/install/lib/libddsc.so.0
[107.532s] -- Installing: /home/runner/work/pixi_rosdistro/pixi_rosdistro/install/lib/libddsc.so
[107.534s] -- Installing: /home/runner/work/pixi_rosdistro/pixi_rosdistro/install/share/doc/CycloneDDS/CONTRIBUTING.md
[107.534s] -- Installing: /home/runner/work/pixi_rosdistro/pixi_rosdistro/install/share/doc/CycloneDDS/CYCLONEDDS_QUALITY_DECLARATION.md
[107.534s] -- Installing: /home/runner/work/pixi_rosdistro/pixi_rosdistro/install/share/doc/CycloneDDS/LICENSE
[107.534s] -- Installing: /home/runner/work/pixi_rosdistro/pixi_rosdistro/install/share/doc/CycloneDDS/NOTICE.md
[107.534s] -- Installing: /home/runner/work/pixi_rosdistro/pixi_rosdistro/install/share/doc/CycloneDDS/README.md
[107.535s] -- Installing: /home/runner/work/pixi_rosdistro/pixi_rosdistro/install/share/doc/CycloneDDS/CHANGELOG.rst
[107.539s] Invoked command in '/home/runner/work/pixi_rosdistro/pixi_rosdistro/build/cyclonedds' returned '0': CMAKE_PREFIX_PATH=/home/runner/work/pixi_rosdistro/pixi_rosdistro/install:${CMAKE_PREFIX_PATH} LD_LIBRARY_PATH=/home/runner/work/pixi_rosdistro/pixi_rosdistro/install/lib PATH=/home/runner/work/pixi_rosdistro/pixi_rosdistro/install/bin:/opt/microsoft/powershell/7:${PATH} PIXI_PROMPT=(ros2_rolling) PKG_CONFIG_PATH=/home/runner/work/pixi_rosdistro/pixi_rosdistro/install/lib/pkgconfig PSModulePath=/home/runner/.local/share/powershell/Modules:${PSModulePath} PYTHONPATH=/home/runner/work/pixi_rosdistro/pixi_rosdistro/install/lib/python3.12/site-packages ROS_DOMAIN_ID=72 /home/runner/work/pixi_rosdistro/pixi_rosdistro/.pixi/envs/default/bin/cmake --install /home/runner/work/pixi_rosdistro/pixi_rosdistro/build/cyclonedds
