[0.920s] Invoking command in '/Users/runner/work/pixi_rosdistro/pixi_rosdistro/build/rosidl_typesupport_fastrtps_cpp': AMENT_PREFIX_PATH=/Users/runner/work/pixi_rosdistro/pixi_rosdistro/install CMAKE_PREFIX_PATH=/Users/runner/work/pixi_rosdistro/pixi_rosdistro/install DYLD_LIBRARY_PATH=/Users/runner/work/pixi_rosdistro/pixi_rosdistro/install/lib:/Users/runner/work/pixi_rosdistro/pixi_rosdistro/install/opt/mimick_vendor/lib PATH=/Users/runner/work/pixi_rosdistro/pixi_rosdistro/install/bin:${PATH} PIXI_PROMPT=(ros2_rolling) PKG_CONFIG_PATH=/Users/runner/work/pixi_rosdistro/pixi_rosdistro/install/lib/pkgconfig PYTHONPATH=/Users/runner/work/pixi_rosdistro/pixi_rosdistro/install/lib/python3.14/site-packages SHLVL=3 _=/usr/bin/env /Users/runner/work/pixi_rosdistro/pixi_rosdistro/.pixi/envs/default/bin/cmake /Users/runner/work/pixi_rosdistro/pixi_rosdistro/src/ros2/rosidl_typesupport_fastrtps/rosidl_typesupport_fastrtps_cpp -GNinja --no-warn-unused-cli -DCMAKE_BUILD_TYPE=Release -DCMAKE_BUILD_WITH_INSTALL_RPATH:bool=TRUE -DCMAKE_POLICY_VERSION_MINIMUM=3.5 -Wno-deprecated -DSTACK_DETAILS_AUTO_DETECT:bool=FALSE -DSTACK_DETAILS_BFD:bool=FALSE -DCMAKE_INSTALL_PREFIX=/Users/runner/work/pixi_rosdistro/pixi_rosdistro/install
[1.371s] Not searching for unused variables given on the command line.
[1.371s] -- The C compiler identification is AppleClang 17.0.0.17000013
[1.592s] -- The CXX compiler identification is AppleClang 17.0.0.17000013
[1.647s] -- Detecting C compiler ABI info
[2.118s] -- Detecting C compiler ABI info - done
[2.175s] -- Check for working C compiler: /usr/bin/cc - skipped
[2.176s] -- Detecting C compile features
[2.176s] -- Detecting C compile features - done
[2.180s] -- Detecting CXX compiler ABI info
[2.675s] -- Detecting CXX compiler ABI info - done
[2.732s] -- Check for working CXX compiler: /usr/bin/c++ - skipped
[2.732s] -- Detecting CXX compile features
[2.733s] -- Detecting CXX compile features - done
[2.763s] -- Found ament_cmake: 2.8.6 (/Users/runner/work/pixi_rosdistro/pixi_rosdistro/install/share/ament_cmake/cmake)
[3.349s] -- Found ament_cmake_ros_core: 0.15.6 (/Users/runner/work/pixi_rosdistro/pixi_rosdistro/install/share/ament_cmake_ros_core/cmake)
[3.378s] -- Found rmw: 7.9.1 (/Users/runner/work/pixi_rosdistro/pixi_rosdistro/install/share/rmw/cmake)
[3.605s] -- Found ament_cmake_gtest: 2.8.6 (/Users/runner/work/pixi_rosdistro/pixi_rosdistro/install/share/ament_cmake_gtest/cmake)
[3.613s] -- Found ament_lint_auto: 0.20.3 (/Users/runner/work/pixi_rosdistro/pixi_rosdistro/install/share/ament_lint_auto/cmake)
[3.638s] -- Found performance_test_fixture: 0.4.1 (/Users/runner/work/pixi_rosdistro/pixi_rosdistro/install/share/performance_test_fixture/cmake)
[4.942s] -- Added test 'copyright' to check source files copyright and LICENSE
[4.950s] -- Added test 'cppcheck' to perform static code analysis on C / C++ code
[4.950s] -- Configured cppcheck language: c++
[4.950s] -- Configured cppcheck include dirs: /Users/runner/work/pixi_rosdistro/pixi_rosdistro/install/include;$<BUILD_INTERFACE:/Users/runner/work/pixi_rosdistro/pixi_rosdistro/src/ros2/rosidl_typesupport_fastrtps/rosidl_typesupport_fastrtps_cpp/include>
[4.951s] -- Configured cppcheck exclude dirs and/or files: 
[4.953s] -- Added test 'cpplint' to check C / C++ code against the Google style
[4.954s] -- Configured cpplint exclude dirs and/or files: 
[4.954s] -- Added test 'flake8' to check Python code syntax and style conventions
[4.955s] -- Configured 'flake8' exclude dirs and/or files: 
[4.955s] -- Added test 'lint_cmake' to check CMake code style
[4.955s] -- Added test 'pep257' to check Python code against some of the docstring style conventions in PEP 257
[4.958s] -- Added test 'uncrustify' to check C / C++ code style
[4.958s] -- Configured uncrustify additional arguments: 
[4.962s] -- Added test 'xmllint' to check XML markup files
[4.969s] -- Configuring done (4.0s)
[5.013s] -- Generating done (0.0s)
[5.032s] -- Build files have been written to: /Users/runner/work/pixi_rosdistro/pixi_rosdistro/build/rosidl_typesupport_fastrtps_cpp
[5.036s] Invoked command in '/Users/runner/work/pixi_rosdistro/pixi_rosdistro/build/rosidl_typesupport_fastrtps_cpp' returned '0': AMENT_PREFIX_PATH=/Users/runner/work/pixi_rosdistro/pixi_rosdistro/install CMAKE_PREFIX_PATH=/Users/runner/work/pixi_rosdistro/pixi_rosdistro/install DYLD_LIBRARY_PATH=/Users/runner/work/pixi_rosdistro/pixi_rosdistro/install/lib:/Users/runner/work/pixi_rosdistro/pixi_rosdistro/install/opt/mimick_vendor/lib PATH=/Users/runner/work/pixi_rosdistro/pixi_rosdistro/install/bin:${PATH} PIXI_PROMPT=(ros2_rolling) PKG_CONFIG_PATH=/Users/runner/work/pixi_rosdistro/pixi_rosdistro/install/lib/pkgconfig PYTHONPATH=/Users/runner/work/pixi_rosdistro/pixi_rosdistro/install/lib/python3.14/site-packages ROS_DOMAIN_ID=131 SHLVL=3 _=/usr/bin/env /Users/runner/work/pixi_rosdistro/pixi_rosdistro/.pixi/envs/default/bin/cmake /Users/runner/work/pixi_rosdistro/pixi_rosdistro/src/ros2/rosidl_typesupport_fastrtps/rosidl_typesupport_fastrtps_cpp -GNinja --no-warn-unused-cli -DCMAKE_BUILD_TYPE=Release -DCMAKE_BUILD_WITH_INSTALL_RPATH:bool=TRUE -DCMAKE_POLICY_VERSION_MINIMUM=3.5 -Wno-deprecated -DSTACK_DETAILS_AUTO_DETECT:bool=FALSE -DSTACK_DETAILS_BFD:bool=FALSE -DCMAKE_INSTALL_PREFIX=/Users/runner/work/pixi_rosdistro/pixi_rosdistro/install
[5.041s] Invoking command in '/Users/runner/work/pixi_rosdistro/pixi_rosdistro/build/rosidl_typesupport_fastrtps_cpp': AMENT_PREFIX_PATH=/Users/runner/work/pixi_rosdistro/pixi_rosdistro/install CMAKE_PREFIX_PATH=/Users/runner/work/pixi_rosdistro/pixi_rosdistro/install DYLD_LIBRARY_PATH=/Users/runner/work/pixi_rosdistro/pixi_rosdistro/install/lib:/Users/runner/work/pixi_rosdistro/pixi_rosdistro/install/opt/mimick_vendor/lib PATH=/Users/runner/work/pixi_rosdistro/pixi_rosdistro/install/bin:${PATH} PIXI_PROMPT=(ros2_rolling) PKG_CONFIG_PATH=/Users/runner/work/pixi_rosdistro/pixi_rosdistro/install/lib/pkgconfig PYTHONPATH=/Users/runner/work/pixi_rosdistro/pixi_rosdistro/install/lib/python3.14/site-packages ROS_DOMAIN_ID=131 SHLVL=3 _=/usr/bin/env /Users/runner/work/pixi_rosdistro/pixi_rosdistro/.pixi/envs/default/bin/cmake --build /Users/runner/work/pixi_rosdistro/pixi_rosdistro/build/rosidl_typesupport_fastrtps_cpp -- -j3 -l3
[5.330s] [1/4] Building CXX object CMakeFiles/rosidl_typesupport_fastrtps_cpp.dir/src/identifier.cpp.o
[5.389s] [2/4] cd /Users/runner/work/pixi_rosdistro/pixi_rosdistro/build/rosidl_typesupport_fastrtps_cpp && /Users/runner/work/pixi_rosdistro/pixi_rosdistro/.pixi/envs/default/bin/cmake -E copy_directory /Users/runner/work/pixi_rosdistro/pixi_rosdistro/src/ros2/rosidl_typesupport_fastrtps/rosidl_typesupport_fastrtps_cpp/rosidl_typesupport_fastrtps_cpp /Users/runner/work/pixi_rosdistro/pixi_rosdistro/build/rosidl_typesupport_fastrtps_cpp/ament_cmake_python/rosidl_typesupport_fastrtps_cpp/rosidl_typesupport_fastrtps_cpp && /Users/runner/work/pixi_rosdistro/pixi_rosdistro/.pixi/envs/default/bin/cmake -E copy_if_different /Users/runner/work/pixi_rosdistro/pixi_rosdistro/src/ros2/rosidl_typesupport_fastrtps/rosidl_typesupport_fastrtps_cpp/setup.cfg /Users/runner/work/pixi_rosdistro/pixi_rosdistro/build/rosidl_typesupport_fastrtps_cpp/ament_cmake_python/rosidl_typesupport_fastrtps_cpp/setup.cfg
[5.470s] [3/4] Linking CXX shared library librosidl_typesupport_fastrtps_cpp.dylib
[5.849s] [4/4] cd /Users/runner/work/pixi_rosdistro/pixi_rosdistro/build/rosidl_typesupport_fastrtps_cpp/ament_cmake_python/rosidl_typesupport_fastrtps_cpp && /Users/runner/work/pixi_rosdistro/pixi_rosdistro/.pixi/envs/default/bin/python3 setup.py egg_info
[5.850s] running egg_info
[5.850s] creating rosidl_typesupport_fastrtps_cpp.egg-info
[5.850s] writing rosidl_typesupport_fastrtps_cpp.egg-info/PKG-INFO
[5.851s] writing dependency_links to rosidl_typesupport_fastrtps_cpp.egg-info/dependency_links.txt
[5.851s] writing entry points to rosidl_typesupport_fastrtps_cpp.egg-info/entry_points.txt
[5.851s] writing top-level names to rosidl_typesupport_fastrtps_cpp.egg-info/top_level.txt
[5.851s] writing manifest file 'rosidl_typesupport_fastrtps_cpp.egg-info/SOURCES.txt'
[5.852s] reading manifest file 'rosidl_typesupport_fastrtps_cpp.egg-info/SOURCES.txt'
[5.852s] writing manifest file 'rosidl_typesupport_fastrtps_cpp.egg-info/SOURCES.txt'
[5.852s] Invoked command in '/Users/runner/work/pixi_rosdistro/pixi_rosdistro/build/rosidl_typesupport_fastrtps_cpp' returned '0': AMENT_PREFIX_PATH=/Users/runner/work/pixi_rosdistro/pixi_rosdistro/install CMAKE_PREFIX_PATH=/Users/runner/work/pixi_rosdistro/pixi_rosdistro/install DYLD_LIBRARY_PATH=/Users/runner/work/pixi_rosdistro/pixi_rosdistro/install/lib:/Users/runner/work/pixi_rosdistro/pixi_rosdistro/install/opt/mimick_vendor/lib PATH=/Users/runner/work/pixi_rosdistro/pixi_rosdistro/install/bin:${PATH} PIXI_PROMPT=(ros2_rolling) PKG_CONFIG_PATH=/Users/runner/work/pixi_rosdistro/pixi_rosdistro/install/lib/pkgconfig PYTHONPATH=/Users/runner/work/pixi_rosdistro/pixi_rosdistro/install/lib/python3.14/site-packages ROS_DOMAIN_ID=131 SHLVL=3 _=/usr/bin/env /Users/runner/work/pixi_rosdistro/pixi_rosdistro/.pixi/envs/default/bin/cmake --build /Users/runner/work/pixi_rosdistro/pixi_rosdistro/build/rosidl_typesupport_fastrtps_cpp -- -j3 -l3
[5.856s] Invoking command in '/Users/runner/work/pixi_rosdistro/pixi_rosdistro/build/rosidl_typesupport_fastrtps_cpp': AMENT_PREFIX_PATH=/Users/runner/work/pixi_rosdistro/pixi_rosdistro/install CMAKE_PREFIX_PATH=/Users/runner/work/pixi_rosdistro/pixi_rosdistro/install DYLD_LIBRARY_PATH=/Users/runner/work/pixi_rosdistro/pixi_rosdistro/install/lib:/Users/runner/work/pixi_rosdistro/pixi_rosdistro/install/opt/mimick_vendor/lib PATH=/Users/runner/work/pixi_rosdistro/pixi_rosdistro/install/bin:${PATH} PIXI_PROMPT=(ros2_rolling) PKG_CONFIG_PATH=/Users/runner/work/pixi_rosdistro/pixi_rosdistro/install/lib/pkgconfig PYTHONPATH=/Users/runner/work/pixi_rosdistro/pixi_rosdistro/install/lib/python3.14/site-packages ROS_DOMAIN_ID=131 SHLVL=3 _=/usr/bin/env /Users/runner/work/pixi_rosdistro/pixi_rosdistro/.pixi/envs/default/bin/cmake --install /Users/runner/work/pixi_rosdistro/pixi_rosdistro/build/rosidl_typesupport_fastrtps_cpp
[5.875s] -- Install configuration: "Release"
[5.875s] -- Installing: /Users/runner/work/pixi_rosdistro/pixi_rosdistro/install/share/rosidl_typesupport_fastrtps_cpp/environment/pythonpath.sh
[5.876s] -- Installing: /Users/runner/work/pixi_rosdistro/pixi_rosdistro/install/share/rosidl_typesupport_fastrtps_cpp/environment/pythonpath.dsv
[5.876s] -- Installing: /Users/runner/work/pixi_rosdistro/pixi_rosdistro/install/share/rosidl_typesupport_fastrtps_cpp/environment/library_path.sh
[5.877s] -- Installing: /Users/runner/work/pixi_rosdistro/pixi_rosdistro/install/share/rosidl_typesupport_fastrtps_cpp/environment/library_path.dsv
[5.878s] -- Installing: /Users/runner/work/pixi_rosdistro/pixi_rosdistro/install/share/ament_index/resource_index/rosidl_typesupport_cpp/rosidl_typesupport_fastrtps_cpp
[5.878s] -- Installing: /Users/runner/work/pixi_rosdistro/pixi_rosdistro/install/share/ament_index/resource_index/package_run_dependencies/rosidl_typesupport_fastrtps_cpp
[5.879s] -- Installing: /Users/runner/work/pixi_rosdistro/pixi_rosdistro/install/share/ament_index/resource_index/parent_prefix_path/rosidl_typesupport_fastrtps_cpp
[5.879s] -- Installing: /Users/runner/work/pixi_rosdistro/pixi_rosdistro/install/share/rosidl_typesupport_fastrtps_cpp/environment/ament_prefix_path.sh
[5.879s] -- Installing: /Users/runner/work/pixi_rosdistro/pixi_rosdistro/install/share/rosidl_typesupport_fastrtps_cpp/environment/ament_prefix_path.dsv
[5.880s] -- Installing: /Users/runner/work/pixi_rosdistro/pixi_rosdistro/install/share/rosidl_typesupport_fastrtps_cpp/environment/path.sh
[5.882s] -- Installing: /Users/runner/work/pixi_rosdistro/pixi_rosdistro/install/share/rosidl_typesupport_fastrtps_cpp/environment/path.dsv
[5.883s] -- Installing: /Users/runner/work/pixi_rosdistro/pixi_rosdistro/install/share/rosidl_typesupport_fastrtps_cpp/local_setup.bash
[5.885s] -- Installing: /Users/runner/work/pixi_rosdistro/pixi_rosdistro/install/share/rosidl_typesupport_fastrtps_cpp/local_setup.fish
[5.886s] -- Installing: /Users/runner/work/pixi_rosdistro/pixi_rosdistro/install/share/rosidl_typesupport_fastrtps_cpp/local_setup.sh
[5.887s] -- Installing: /Users/runner/work/pixi_rosdistro/pixi_rosdistro/install/share/rosidl_typesupport_fastrtps_cpp/local_setup.zsh
[5.887s] -- Installing: /Users/runner/work/pixi_rosdistro/pixi_rosdistro/install/share/rosidl_typesupport_fastrtps_cpp/local_setup.dsv
[5.887s] -- Installing: /Users/runner/work/pixi_rosdistro/pixi_rosdistro/install/share/rosidl_typesupport_fastrtps_cpp/package.dsv
[5.887s] -- Installing: /Users/runner/work/pixi_rosdistro/pixi_rosdistro/install/share/ament_index/resource_index/packages/rosidl_typesupport_fastrtps_cpp
[5.887s] -- Installing: /Users/runner/work/pixi_rosdistro/pixi_rosdistro/install/lib/python3.14/site-packages/rosidl_typesupport_fastrtps_cpp-3.9.3-py3.14.egg-info
[5.887s] -- Installing: /Users/runner/work/pixi_rosdistro/pixi_rosdistro/install/lib/python3.14/site-packages/rosidl_typesupport_fastrtps_cpp-3.9.3-py3.14.egg-info/PKG-INFO
[5.887s] -- Installing: /Users/runner/work/pixi_rosdistro/pixi_rosdistro/install/lib/python3.14/site-packages/rosidl_typesupport_fastrtps_cpp-3.9.3-py3.14.egg-info/SOURCES.txt
[5.888s] -- Installing: /Users/runner/work/pixi_rosdistro/pixi_rosdistro/install/lib/python3.14/site-packages/rosidl_typesupport_fastrtps_cpp-3.9.3-py3.14.egg-info/entry_points.txt
[5.888s] -- Installing: /Users/runner/work/pixi_rosdistro/pixi_rosdistro/install/lib/python3.14/site-packages/rosidl_typesupport_fastrtps_cpp-3.9.3-py3.14.egg-info/top_level.txt
[5.889s] -- Installing: /Users/runner/work/pixi_rosdistro/pixi_rosdistro/install/lib/python3.14/site-packages/rosidl_typesupport_fastrtps_cpp-3.9.3-py3.14.egg-info/dependency_links.txt
[5.889s] -- Installing: /Users/runner/work/pixi_rosdistro/pixi_rosdistro/install/lib/python3.14/site-packages/rosidl_typesupport_fastrtps_cpp
[5.889s] -- Installing: /Users/runner/work/pixi_rosdistro/pixi_rosdistro/install/lib/python3.14/site-packages/rosidl_typesupport_fastrtps_cpp/__init__.py
[5.890s] -- Installing: /Users/runner/work/pixi_rosdistro/pixi_rosdistro/install/lib/python3.14/site-packages/rosidl_typesupport_fastrtps_cpp/cli.py
[5.987s] Listing '/Users/runner/work/pixi_rosdistro/pixi_rosdistro/install/lib/python3.14/site-packages/rosidl_typesupport_fastrtps_cpp'...
[5.988s] Compiling '/Users/runner/work/pixi_rosdistro/pixi_rosdistro/install/lib/python3.14/site-packages/rosidl_typesupport_fastrtps_cpp/__init__.py'...
[5.988s] Compiling '/Users/runner/work/pixi_rosdistro/pixi_rosdistro/install/lib/python3.14/site-packages/rosidl_typesupport_fastrtps_cpp/cli.py'...
[5.995s] -- Installing: /Users/runner/work/pixi_rosdistro/pixi_rosdistro/install/share/rosidl_typesupport_fastrtps_cpp/cmake/rosidl_typesupport_fastrtps_cppExport.cmake
[5.995s] -- Installing: /Users/runner/work/pixi_rosdistro/pixi_rosdistro/install/share/rosidl_typesupport_fastrtps_cpp/cmake/rosidl_typesupport_fastrtps_cppExport-release.cmake
[5.996s] -- Installing: /Users/runner/work/pixi_rosdistro/pixi_rosdistro/install/share/rosidl_typesupport_fastrtps_cpp/cmake/rosidl_typesupport_fastrtps_cpp-extras.cmake
[5.996s] -- Installing: /Users/runner/work/pixi_rosdistro/pixi_rosdistro/install/share/rosidl_typesupport_fastrtps_cpp/cmake/ament_cmake_export_dependencies-extras.cmake
[5.996s] -- Installing: /Users/runner/work/pixi_rosdistro/pixi_rosdistro/install/share/rosidl_typesupport_fastrtps_cpp/cmake/ament_cmake_export_include_directories-extras.cmake
[5.996s] -- Installing: /Users/runner/work/pixi_rosdistro/pixi_rosdistro/install/share/rosidl_typesupport_fastrtps_cpp/cmake/ament_cmake_export_libraries-extras.cmake
[5.997s] -- Installing: /Users/runner/work/pixi_rosdistro/pixi_rosdistro/install/share/rosidl_typesupport_fastrtps_cpp/cmake/ament_cmake_export_targets-extras.cmake
[5.997s] -- Installing: /Users/runner/work/pixi_rosdistro/pixi_rosdistro/install/share/rosidl_typesupport_fastrtps_cpp/cmake/rosidl_typesupport_fastrtps_cppConfig.cmake
[5.997s] -- Installing: /Users/runner/work/pixi_rosdistro/pixi_rosdistro/install/share/rosidl_typesupport_fastrtps_cpp/cmake/rosidl_typesupport_fastrtps_cppConfig-version.cmake
[5.997s] -- Installing: /Users/runner/work/pixi_rosdistro/pixi_rosdistro/install/share/rosidl_typesupport_fastrtps_cpp/package.xml
[6.001s] -- Installing: /Users/runner/work/pixi_rosdistro/pixi_rosdistro/install/lib/rosidl_typesupport_fastrtps_cpp/rosidl_typesupport_fastrtps_cpp
[6.001s] -- Up-to-date: /Users/runner/work/pixi_rosdistro/pixi_rosdistro/install/share/rosidl_typesupport_fastrtps_cpp/cmake
[6.001s] -- Installing: /Users/runner/work/pixi_rosdistro/pixi_rosdistro/install/share/rosidl_typesupport_fastrtps_cpp/cmake/rosidl_typesupport_fastrtps_cpp_generate_interfaces.cmake
[6.002s] -- Installing: /Users/runner/work/pixi_rosdistro/pixi_rosdistro/install/share/rosidl_typesupport_fastrtps_cpp/resource
[6.002s] -- Installing: /Users/runner/work/pixi_rosdistro/pixi_rosdistro/install/share/rosidl_typesupport_fastrtps_cpp/resource/rosidl_typesupport_fastrtps_cpp__visibility_control.h.in
[6.003s] -- Installing: /Users/runner/work/pixi_rosdistro/pixi_rosdistro/install/share/rosidl_typesupport_fastrtps_cpp/resource/srv__rosidl_typesupport_fastrtps_cpp.hpp.em
[6.007s] -- Installing: /Users/runner/work/pixi_rosdistro/pixi_rosdistro/install/share/rosidl_typesupport_fastrtps_cpp/resource/msg__rosidl_typesupport_fastrtps_cpp.hpp.em
[6.007s] -- Installing: /Users/runner/work/pixi_rosdistro/pixi_rosdistro/install/share/rosidl_typesupport_fastrtps_cpp/resource/idl__type_support.cpp.em
[6.007s] -- Installing: /Users/runner/work/pixi_rosdistro/pixi_rosdistro/install/share/rosidl_typesupport_fastrtps_cpp/resource/srv__type_support.cpp.em
[6.007s] -- Installing: /Users/runner/work/pixi_rosdistro/pixi_rosdistro/install/share/rosidl_typesupport_fastrtps_cpp/resource/msg__type_support.cpp.em
[6.007s] -- Installing: /Users/runner/work/pixi_rosdistro/pixi_rosdistro/install/share/rosidl_typesupport_fastrtps_cpp/resource/idl__rosidl_typesupport_fastrtps_cpp.hpp.em
[6.007s] -- Installing: /Users/runner/work/pixi_rosdistro/pixi_rosdistro/install/include/rosidl_typesupport_fastrtps_cpp
[6.007s] -- Installing: /Users/runner/work/pixi_rosdistro/pixi_rosdistro/install/include/rosidl_typesupport_fastrtps_cpp/rosidl_typesupport_fastrtps_cpp
[6.007s] -- Installing: /Users/runner/work/pixi_rosdistro/pixi_rosdistro/install/include/rosidl_typesupport_fastrtps_cpp/rosidl_typesupport_fastrtps_cpp/identifier.hpp
[6.007s] -- Installing: /Users/runner/work/pixi_rosdistro/pixi_rosdistro/install/include/rosidl_typesupport_fastrtps_cpp/rosidl_typesupport_fastrtps_cpp/service_type_support.h
[6.007s] -- Installing: /Users/runner/work/pixi_rosdistro/pixi_rosdistro/install/include/rosidl_typesupport_fastrtps_cpp/rosidl_typesupport_fastrtps_cpp/serialization_helpers.hpp
[6.008s] -- Installing: /Users/runner/work/pixi_rosdistro/pixi_rosdistro/install/include/rosidl_typesupport_fastrtps_cpp/rosidl_typesupport_fastrtps_cpp/visibility_control.h
[6.008s] -- Installing: /Users/runner/work/pixi_rosdistro/pixi_rosdistro/install/include/rosidl_typesupport_fastrtps_cpp/rosidl_typesupport_fastrtps_cpp/service_type_support_decl.hpp
[6.008s] -- Installing: /Users/runner/work/pixi_rosdistro/pixi_rosdistro/install/include/rosidl_typesupport_fastrtps_cpp/rosidl_typesupport_fastrtps_cpp/message_type_support_decl.hpp
[6.008s] -- Installing: /Users/runner/work/pixi_rosdistro/pixi_rosdistro/install/include/rosidl_typesupport_fastrtps_cpp/rosidl_typesupport_fastrtps_cpp/message_type_support.h
[6.008s] -- Installing: /Users/runner/work/pixi_rosdistro/pixi_rosdistro/install/lib/librosidl_typesupport_fastrtps_cpp.dylib
[6.009s] Invoked command in '/Users/runner/work/pixi_rosdistro/pixi_rosdistro/build/rosidl_typesupport_fastrtps_cpp' returned '0': AMENT_PREFIX_PATH=/Users/runner/work/pixi_rosdistro/pixi_rosdistro/install CMAKE_PREFIX_PATH=/Users/runner/work/pixi_rosdistro/pixi_rosdistro/install DYLD_LIBRARY_PATH=/Users/runner/work/pixi_rosdistro/pixi_rosdistro/install/lib:/Users/runner/work/pixi_rosdistro/pixi_rosdistro/install/opt/mimick_vendor/lib PATH=/Users/runner/work/pixi_rosdistro/pixi_rosdistro/install/bin:${PATH} PIXI_PROMPT=(ros2_rolling) PKG_CONFIG_PATH=/Users/runner/work/pixi_rosdistro/pixi_rosdistro/install/lib/pkgconfig PYTHONPATH=/Users/runner/work/pixi_rosdistro/pixi_rosdistro/install/lib/python3.14/site-packages ROS_DOMAIN_ID=131 SHLVL=3 _=/usr/bin/env /Users/runner/work/pixi_rosdistro/pixi_rosdistro/.pixi/envs/default/bin/cmake --install /Users/runner/work/pixi_rosdistro/pixi_rosdistro/build/rosidl_typesupport_fastrtps_cpp
