[18.423s] Invoking command in 'D:\a\pixi_rosdistro\pixi_rosdistro\src\ros2\rosidl\rosidl_pycommon': AMENT_PREFIX_PATH=D:\a\pixi_rosdistro\pixi_rosdistro\install CMAKE_PREFIX_PATH=D:\a\pixi_rosdistro\pixi_rosdistro\install;D:\a\pixi_rosdistro\pixi_rosdistro\.pixi\envs\default\Library PATH=D:\a\pixi_rosdistro\pixi_rosdistro\install\Scripts;D:\a\pixi_rosdistro\pixi_rosdistro\install\bin;%PATH% PIXI_PROMPT=(ros2_rolling) PKG_CONFIG_PATH=D:\a\pixi_rosdistro\pixi_rosdistro\install\lib\pkgconfig PROMPT=$P$G PYTHONPATH=D:\a\pixi_rosdistro\pixi_rosdistro\build\rosidl_pycommon\prefix_override;D:\a\pixi_rosdistro\pixi_rosdistro\.pixi\envs\default\Lib\site-packages\colcon_core\task\python\colcon_distutils_commands;D:\a\pixi_rosdistro\pixi_rosdistro\install\Lib\site-packages;D:\a\pixi_rosdistro\pixi_rosdistro\install\Lib\site-packages D:\a\pixi_rosdistro\pixi_rosdistro\.pixi\envs\default\python.exe -W ignore:setup.py install is deprecated -W ignore:easy_install command is deprecated setup.py egg_info --egg-base ..\..\..\..\build\rosidl_pycommon build --build-base D:\a\pixi_rosdistro\pixi_rosdistro\build\rosidl_pycommon\build install --record D:\a\pixi_rosdistro\pixi_rosdistro\build\rosidl_pycommon\install.log --single-version-externally-managed install_data
[18.973s] running egg_info
[18.991s] creating ..\..\..\..\build\rosidl_pycommon\rosidl_pycommon.egg-info
[18.991s] writing ..\..\..\..\build\rosidl_pycommon\rosidl_pycommon.egg-info\PKG-INFO
[18.992s] writing dependency_links to ..\..\..\..\build\rosidl_pycommon\rosidl_pycommon.egg-info\dependency_links.txt
[18.992s] writing requirements to ..\..\..\..\build\rosidl_pycommon\rosidl_pycommon.egg-info\requires.txt
[18.993s] writing top-level names to ..\..\..\..\build\rosidl_pycommon\rosidl_pycommon.egg-info\top_level.txt
[18.993s] writing manifest file '..\..\..\..\build\rosidl_pycommon\rosidl_pycommon.egg-info\SOURCES.txt'
[19.039s] reading manifest file '..\..\..\..\build\rosidl_pycommon\rosidl_pycommon.egg-info\SOURCES.txt'
[19.042s] writing manifest file '..\..\..\..\build\rosidl_pycommon\rosidl_pycommon.egg-info\SOURCES.txt'
[19.042s] running build
[19.042s] running build_py
[19.042s] creating D:\a\pixi_rosdistro\pixi_rosdistro\build\rosidl_pycommon\build\lib\rosidl_pycommon
[19.043s] copying rosidl_pycommon\interface_base_classes.py -> D:\a\pixi_rosdistro\pixi_rosdistro\build\rosidl_pycommon\build\lib\rosidl_pycommon
[19.043s] copying rosidl_pycommon\__init__.py -> D:\a\pixi_rosdistro\pixi_rosdistro\build\rosidl_pycommon\build\lib\rosidl_pycommon
[19.045s] copying rosidl_pycommon\py.typed -> D:\a\pixi_rosdistro\pixi_rosdistro\build\rosidl_pycommon\build\lib\rosidl_pycommon
[19.046s] running install
[19.048s] running install_lib
[19.065s] creating D:\a\pixi_rosdistro\pixi_rosdistro\install\Lib\site-packages\rosidl_pycommon
[19.065s] copying D:\a\pixi_rosdistro\pixi_rosdistro\build\rosidl_pycommon\build\lib\rosidl_pycommon\interface_base_classes.py -> D:\a\pixi_rosdistro\pixi_rosdistro\install\Lib\site-packages\rosidl_pycommon
[19.066s] copying D:\a\pixi_rosdistro\pixi_rosdistro\build\rosidl_pycommon\build\lib\rosidl_pycommon\py.typed -> D:\a\pixi_rosdistro\pixi_rosdistro\install\Lib\site-packages\rosidl_pycommon
[19.067s] copying D:\a\pixi_rosdistro\pixi_rosdistro\build\rosidl_pycommon\build\lib\rosidl_pycommon\__init__.py -> D:\a\pixi_rosdistro\pixi_rosdistro\install\Lib\site-packages\rosidl_pycommon
[19.069s] byte-compiling D:\a\pixi_rosdistro\pixi_rosdistro\install\Lib\site-packages\rosidl_pycommon\interface_base_classes.py to interface_base_classes.cpython-314.pyc
[19.073s] byte-compiling D:\a\pixi_rosdistro\pixi_rosdistro\install\Lib\site-packages\rosidl_pycommon\__init__.py to __init__.cpython-314.pyc
[19.081s] running install_data
[19.083s] copying resource\rosidl_pycommon -> D:\a\pixi_rosdistro\pixi_rosdistro\install\share\ament_index\resource_index\packages
[19.085s] copying package.xml -> D:\a\pixi_rosdistro\pixi_rosdistro\install\share\rosidl_pycommon
[19.086s] running install_egg_info
[19.116s] Copying ..\..\..\..\build\rosidl_pycommon\rosidl_pycommon.egg-info to D:\a\pixi_rosdistro\pixi_rosdistro\install\Lib\site-packages\rosidl_pycommon-5.1.3-py3.14.egg-info
[19.121s] running install_scripts
[19.176s] writing list of installed files to 'D:\a\pixi_rosdistro\pixi_rosdistro\build\rosidl_pycommon\install.log'
[19.225s] Invoked command in 'D:\a\pixi_rosdistro\pixi_rosdistro\src\ros2\rosidl\rosidl_pycommon' returned '0': AMENT_PREFIX_PATH=D:\a\pixi_rosdistro\pixi_rosdistro\install CMAKE_PREFIX_PATH=D:\a\pixi_rosdistro\pixi_rosdistro\install;D:\a\pixi_rosdistro\pixi_rosdistro\.pixi\envs\default\Library PATH=D:\a\pixi_rosdistro\pixi_rosdistro\install\Scripts;D:\a\pixi_rosdistro\pixi_rosdistro\install\bin;%PATH% PIXI_PROMPT=(ros2_rolling) PKG_CONFIG_PATH=D:\a\pixi_rosdistro\pixi_rosdistro\install\lib\pkgconfig PROMPT=$P$G PYTHONPATH=D:\a\pixi_rosdistro\pixi_rosdistro\build\rosidl_pycommon\prefix_override;D:\a\pixi_rosdistro\pixi_rosdistro\.pixi\envs\default\Lib\site-packages\colcon_core\task\python\colcon_distutils_commands;D:\a\pixi_rosdistro\pixi_rosdistro\install\Lib\site-packages;D:\a\pixi_rosdistro\pixi_rosdistro\install\Lib\site-packages D:\a\pixi_rosdistro\pixi_rosdistro\.pixi\envs\default\python.exe -W ignore:setup.py install is deprecated -W ignore:easy_install command is deprecated setup.py egg_info --egg-base ..\..\..\..\build\rosidl_pycommon build --build-base D:\a\pixi_rosdistro\pixi_rosdistro\build\rosidl_pycommon\build install --record D:\a\pixi_rosdistro\pixi_rosdistro\build\rosidl_pycommon\install.log --single-version-externally-managed install_data
