[5.596s] Invoking command in '/home/runner/work/pixi_rosdistro/pixi_rosdistro/build/dummy_map_server': AMENT_PREFIX_PATH=/home/runner/work/pixi_rosdistro/pixi_rosdistro/install CMAKE_PREFIX_PATH=/home/runner/work/pixi_rosdistro/pixi_rosdistro/install:${CMAKE_PREFIX_PATH} LD_LIBRARY_PATH=/home/runner/work/pixi_rosdistro/pixi_rosdistro/install/lib PATH=/home/runner/work/pixi_rosdistro/pixi_rosdistro/install/bin:/opt/microsoft/powershell/7:${PATH} PIXI_PROMPT=(ros2_rolling) PKG_CONFIG_PATH=/home/runner/work/pixi_rosdistro/pixi_rosdistro/install/lib/pkgconfig PSModulePath=/home/runner/.local/share/powershell/Modules:${PSModulePath} PYTHONPATH=/home/runner/work/pixi_rosdistro/pixi_rosdistro/install/lib/python3.12/site-packages ROS_DOMAIN_ID=37 /home/runner/work/pixi_rosdistro/pixi_rosdistro/.pixi/envs/default/bin/cmake /home/runner/work/pixi_rosdistro/pixi_rosdistro/src/ros2/demos/dummy_robot/dummy_map_server -GNinja --no-warn-unused-cli -DCMAKE_BUILD_TYPE=Release -DCMAKE_BUILD_WITH_INSTALL_RPATH:bool=TRUE -DCMAKE_POLICY_VERSION_MINIMUM=3.5 -Wno-deprecated -DSTACK_DETAILS_AUTO_DETECT:bool=FALSE -DSTACK_DETAILS_BFD:bool=FALSE -DCMAKE_INSTALL_PREFIX=/home/runner/work/pixi_rosdistro/pixi_rosdistro/install
[5.668s] Not searching for unused variables given on the command line.
[5.668s] -- The C compiler identification is GNU 14.3.0
[5.785s] -- The CXX compiler identification is GNU 14.3.0
[5.801s] -- Detecting C compiler ABI info
[5.957s] -- Detecting C compiler ABI info - done
[5.990s] -- Check for working C compiler: /home/runner/work/pixi_rosdistro/pixi_rosdistro/.pixi/envs/default/bin/x86_64-conda-linux-gnu-cc - skipped
[5.993s] -- Detecting C compile features
[5.993s] -- Detecting C compile features - done
[6.009s] -- Detecting CXX compiler ABI info
[6.253s] -- Detecting CXX compiler ABI info - done
[6.287s] -- Check for working CXX compiler: /home/runner/work/pixi_rosdistro/pixi_rosdistro/.pixi/envs/default/bin/x86_64-conda-linux-gnu-c++ - skipped
[6.288s] -- Detecting CXX compile features
[6.289s] -- Detecting CXX compile features - done
[6.313s] -- Found ament_cmake: 2.8.6 (/home/runner/work/pixi_rosdistro/pixi_rosdistro/install/share/ament_cmake/cmake)
[6.646s] -- Found nav_msgs: 5.9.1 (/home/runner/work/pixi_rosdistro/pixi_rosdistro/install/share/nav_msgs/cmake)
[6.678s] -- Found rosidl_generator_c: 5.1.3 (/home/runner/work/pixi_rosdistro/pixi_rosdistro/install/share/rosidl_generator_c/cmake)
[6.688s] -- Found rosidl_generator_cpp: 5.1.3 (/home/runner/work/pixi_rosdistro/pixi_rosdistro/install/share/rosidl_generator_cpp/cmake)
[6.705s] -- Using all available rosidl_typesupport_c: rosidl_typesupport_fastrtps_c;rosidl_typesupport_introspection_c
[6.726s] -- Using all available rosidl_typesupport_cpp: rosidl_typesupport_fastrtps_cpp;rosidl_typesupport_introspection_cpp
[6.862s] -- Found rclcpp: 31.0.1 (/home/runner/work/pixi_rosdistro/pixi_rosdistro/install/share/rclcpp/cmake)
[6.927s] -- Found rmw_implementation_cmake: 7.9.1 (/home/runner/work/pixi_rosdistro/pixi_rosdistro/install/share/rmw_implementation_cmake/cmake)
[6.930s] -- Found rmw_fastrtps_cpp: 9.4.5 (/home/runner/work/pixi_rosdistro/pixi_rosdistro/install/share/rmw_fastrtps_cpp/cmake)
[6.979s] -- Using RMW implementation 'rmw_fastrtps_cpp' as default
[7.087s] -- Found ament_lint_auto: 0.20.3 (/home/runner/work/pixi_rosdistro/pixi_rosdistro/install/share/ament_lint_auto/cmake)
[7.242s] -- Added test 'copyright' to check source files copyright and LICENSE
[7.244s] -- Added test 'cppcheck' to perform static code analysis on C / C++ code
[7.247s] -- Configured cppcheck include dirs: 
[7.247s] -- Configured cppcheck exclude dirs and/or files: 
[7.247s] -- Added test 'cpplint' to check C / C++ code against the Google style
[7.247s] -- Configured cpplint exclude dirs and/or files: 
[7.247s] -- Added test 'lint_cmake' to check CMake code style
[7.248s] -- Added test 'uncrustify' to check C / C++ code style
[7.248s] -- Configured uncrustify additional arguments: 
[7.249s] -- Added test 'xmllint' to check XML markup files
[7.250s] -- Configuring done (1.6s)
[7.279s] -- Generating done (0.0s)
[7.322s] -- Build files have been written to: /home/runner/work/pixi_rosdistro/pixi_rosdistro/build/dummy_map_server
[7.334s] Invoked command in '/home/runner/work/pixi_rosdistro/pixi_rosdistro/build/dummy_map_server' returned '0': AMENT_PREFIX_PATH=/home/runner/work/pixi_rosdistro/pixi_rosdistro/install CMAKE_PREFIX_PATH=/home/runner/work/pixi_rosdistro/pixi_rosdistro/install:${CMAKE_PREFIX_PATH} LD_LIBRARY_PATH=/home/runner/work/pixi_rosdistro/pixi_rosdistro/install/lib PATH=/home/runner/work/pixi_rosdistro/pixi_rosdistro/install/bin:/opt/microsoft/powershell/7:${PATH} PIXI_PROMPT=(ros2_rolling) PKG_CONFIG_PATH=/home/runner/work/pixi_rosdistro/pixi_rosdistro/install/lib/pkgconfig PSModulePath=/home/runner/.local/share/powershell/Modules:${PSModulePath} PYTHONPATH=/home/runner/work/pixi_rosdistro/pixi_rosdistro/install/lib/python3.12/site-packages ROS_DOMAIN_ID=37 /home/runner/work/pixi_rosdistro/pixi_rosdistro/.pixi/envs/default/bin/cmake /home/runner/work/pixi_rosdistro/pixi_rosdistro/src/ros2/demos/dummy_robot/dummy_map_server -GNinja --no-warn-unused-cli -DCMAKE_BUILD_TYPE=Release -DCMAKE_BUILD_WITH_INSTALL_RPATH:bool=TRUE -DCMAKE_POLICY_VERSION_MINIMUM=3.5 -Wno-deprecated -DSTACK_DETAILS_AUTO_DETECT:bool=FALSE -DSTACK_DETAILS_BFD:bool=FALSE -DCMAKE_INSTALL_PREFIX=/home/runner/work/pixi_rosdistro/pixi_rosdistro/install
[7.335s] Invoking command in '/home/runner/work/pixi_rosdistro/pixi_rosdistro/build/dummy_map_server': AMENT_PREFIX_PATH=/home/runner/work/pixi_rosdistro/pixi_rosdistro/install CMAKE_PREFIX_PATH=/home/runner/work/pixi_rosdistro/pixi_rosdistro/install:${CMAKE_PREFIX_PATH} LD_LIBRARY_PATH=/home/runner/work/pixi_rosdistro/pixi_rosdistro/install/lib PATH=/home/runner/work/pixi_rosdistro/pixi_rosdistro/install/bin:/opt/microsoft/powershell/7:${PATH} PIXI_PROMPT=(ros2_rolling) PKG_CONFIG_PATH=/home/runner/work/pixi_rosdistro/pixi_rosdistro/install/lib/pkgconfig PSModulePath=/home/runner/.local/share/powershell/Modules:${PSModulePath} PYTHONPATH=/home/runner/work/pixi_rosdistro/pixi_rosdistro/install/lib/python3.12/site-packages ROS_DOMAIN_ID=37 /home/runner/work/pixi_rosdistro/pixi_rosdistro/.pixi/envs/default/bin/cmake --build /home/runner/work/pixi_rosdistro/pixi_rosdistro/build/dummy_map_server -- -j4 -l4
[16.748s] [1/2] Building CXX object CMakeFiles/dummy_map_server.dir/src/dummy_map_server.cpp.o
[16.861s] [2/2] Linking CXX executable dummy_map_server
[16.865s] Invoked command in '/home/runner/work/pixi_rosdistro/pixi_rosdistro/build/dummy_map_server' returned '0': AMENT_PREFIX_PATH=/home/runner/work/pixi_rosdistro/pixi_rosdistro/install CMAKE_PREFIX_PATH=/home/runner/work/pixi_rosdistro/pixi_rosdistro/install:${CMAKE_PREFIX_PATH} LD_LIBRARY_PATH=/home/runner/work/pixi_rosdistro/pixi_rosdistro/install/lib PATH=/home/runner/work/pixi_rosdistro/pixi_rosdistro/install/bin:/opt/microsoft/powershell/7:${PATH} PIXI_PROMPT=(ros2_rolling) PKG_CONFIG_PATH=/home/runner/work/pixi_rosdistro/pixi_rosdistro/install/lib/pkgconfig PSModulePath=/home/runner/.local/share/powershell/Modules:${PSModulePath} PYTHONPATH=/home/runner/work/pixi_rosdistro/pixi_rosdistro/install/lib/python3.12/site-packages ROS_DOMAIN_ID=37 /home/runner/work/pixi_rosdistro/pixi_rosdistro/.pixi/envs/default/bin/cmake --build /home/runner/work/pixi_rosdistro/pixi_rosdistro/build/dummy_map_server -- -j4 -l4
[16.866s] Invoking command in '/home/runner/work/pixi_rosdistro/pixi_rosdistro/build/dummy_map_server': AMENT_PREFIX_PATH=/home/runner/work/pixi_rosdistro/pixi_rosdistro/install CMAKE_PREFIX_PATH=/home/runner/work/pixi_rosdistro/pixi_rosdistro/install:${CMAKE_PREFIX_PATH} LD_LIBRARY_PATH=/home/runner/work/pixi_rosdistro/pixi_rosdistro/install/lib PATH=/home/runner/work/pixi_rosdistro/pixi_rosdistro/install/bin:/opt/microsoft/powershell/7:${PATH} PIXI_PROMPT=(ros2_rolling) PKG_CONFIG_PATH=/home/runner/work/pixi_rosdistro/pixi_rosdistro/install/lib/pkgconfig PSModulePath=/home/runner/.local/share/powershell/Modules:${PSModulePath} PYTHONPATH=/home/runner/work/pixi_rosdistro/pixi_rosdistro/install/lib/python3.12/site-packages ROS_DOMAIN_ID=37 /home/runner/work/pixi_rosdistro/pixi_rosdistro/.pixi/envs/default/bin/cmake --install /home/runner/work/pixi_rosdistro/pixi_rosdistro/build/dummy_map_server
[16.875s] -- Install configuration: "Release"
[16.875s] -- Installing: /home/runner/work/pixi_rosdistro/pixi_rosdistro/install/lib/dummy_map_server/dummy_map_server
[16.875s] -- Installing: /home/runner/work/pixi_rosdistro/pixi_rosdistro/install/share/ament_index/resource_index/package_run_dependencies/dummy_map_server
[16.875s] -- Installing: /home/runner/work/pixi_rosdistro/pixi_rosdistro/install/share/ament_index/resource_index/parent_prefix_path/dummy_map_server
[16.875s] -- Installing: /home/runner/work/pixi_rosdistro/pixi_rosdistro/install/share/dummy_map_server/environment/ament_prefix_path.sh
[16.876s] -- Installing: /home/runner/work/pixi_rosdistro/pixi_rosdistro/install/share/dummy_map_server/environment/ament_prefix_path.dsv
[16.878s] -- Installing: /home/runner/work/pixi_rosdistro/pixi_rosdistro/install/share/dummy_map_server/environment/path.sh
[16.878s] -- Installing: /home/runner/work/pixi_rosdistro/pixi_rosdistro/install/share/dummy_map_server/environment/path.dsv
[16.879s] -- Installing: /home/runner/work/pixi_rosdistro/pixi_rosdistro/install/share/dummy_map_server/local_setup.bash
[16.879s] -- Installing: /home/runner/work/pixi_rosdistro/pixi_rosdistro/install/share/dummy_map_server/local_setup.fish
[16.879s] -- Installing: /home/runner/work/pixi_rosdistro/pixi_rosdistro/install/share/dummy_map_server/local_setup.sh
[16.879s] -- Installing: /home/runner/work/pixi_rosdistro/pixi_rosdistro/install/share/dummy_map_server/local_setup.zsh
[16.879s] -- Installing: /home/runner/work/pixi_rosdistro/pixi_rosdistro/install/share/dummy_map_server/local_setup.dsv
[16.879s] -- Installing: /home/runner/work/pixi_rosdistro/pixi_rosdistro/install/share/dummy_map_server/package.dsv
[16.879s] -- Installing: /home/runner/work/pixi_rosdistro/pixi_rosdistro/install/share/ament_index/resource_index/packages/dummy_map_server
[16.879s] -- Installing: /home/runner/work/pixi_rosdistro/pixi_rosdistro/install/share/dummy_map_server/cmake/dummy_map_serverConfig.cmake
[16.879s] -- Installing: /home/runner/work/pixi_rosdistro/pixi_rosdistro/install/share/dummy_map_server/cmake/dummy_map_serverConfig-version.cmake
[16.879s] -- Installing: /home/runner/work/pixi_rosdistro/pixi_rosdistro/install/share/dummy_map_server/package.xml
[16.882s] Invoked command in '/home/runner/work/pixi_rosdistro/pixi_rosdistro/build/dummy_map_server' returned '0': AMENT_PREFIX_PATH=/home/runner/work/pixi_rosdistro/pixi_rosdistro/install CMAKE_PREFIX_PATH=/home/runner/work/pixi_rosdistro/pixi_rosdistro/install:${CMAKE_PREFIX_PATH} LD_LIBRARY_PATH=/home/runner/work/pixi_rosdistro/pixi_rosdistro/install/lib PATH=/home/runner/work/pixi_rosdistro/pixi_rosdistro/install/bin:/opt/microsoft/powershell/7:${PATH} PIXI_PROMPT=(ros2_rolling) PKG_CONFIG_PATH=/home/runner/work/pixi_rosdistro/pixi_rosdistro/install/lib/pkgconfig PSModulePath=/home/runner/.local/share/powershell/Modules:${PSModulePath} PYTHONPATH=/home/runner/work/pixi_rosdistro/pixi_rosdistro/install/lib/python3.12/site-packages ROS_DOMAIN_ID=37 /home/runner/work/pixi_rosdistro/pixi_rosdistro/.pixi/envs/default/bin/cmake --install /home/runner/work/pixi_rosdistro/pixi_rosdistro/build/dummy_map_server
