[2.625s] Invoking command in 'D:\a\pixi_rosdistro\pixi_rosdistro\src\ros2\rpyutils': AMENT_PREFIX_PATH=D:\a\pixi_rosdistro\pixi_rosdistro\install CMAKE_PREFIX_PATH=D:\a\pixi_rosdistro\pixi_rosdistro\install;D:\a\pixi_rosdistro\pixi_rosdistro\.pixi\envs\default\Library PATH=D:\a\pixi_rosdistro\pixi_rosdistro\install\Scripts;D:\a\pixi_rosdistro\pixi_rosdistro\install\bin;%PATH% PIXI_PROMPT=(ros2_rolling) PROMPT=$P$G PYTHONPATH=D:\a\pixi_rosdistro\pixi_rosdistro\build\rpyutils\prefix_override;D:\a\pixi_rosdistro\pixi_rosdistro\.pixi\envs\default\Lib\site-packages\colcon_core\task\python\colcon_distutils_commands;D:\a\pixi_rosdistro\pixi_rosdistro\install\Lib\site-packages;D:\a\pixi_rosdistro\pixi_rosdistro\install\Lib\site-packages ROS_DOMAIN_ID=144 D:\a\pixi_rosdistro\pixi_rosdistro\.pixi\envs\default\python.exe -W ignore:setup.py install is deprecated -W ignore:easy_install command is deprecated setup.py egg_info --egg-base ..\..\..\build\rpyutils build --build-base D:\a\pixi_rosdistro\pixi_rosdistro\build\rpyutils\build install --record D:\a\pixi_rosdistro\pixi_rosdistro\build\rpyutils\install.log --single-version-externally-managed install_data
[3.219s] running egg_info
[3.250s] creating ..\..\..\build\rpyutils\rpyutils.egg-info
[3.250s] writing ..\..\..\build\rpyutils\rpyutils.egg-info\PKG-INFO
[3.250s] writing dependency_links to ..\..\..\build\rpyutils\rpyutils.egg-info\dependency_links.txt
[3.250s] writing requirements to ..\..\..\build\rpyutils\rpyutils.egg-info\requires.txt
[3.265s] writing top-level names to ..\..\..\build\rpyutils\rpyutils.egg-info\top_level.txt
[3.265s] writing manifest file '..\..\..\build\rpyutils\rpyutils.egg-info\SOURCES.txt'
[3.312s] reading manifest file '..\..\..\build\rpyutils\rpyutils.egg-info\SOURCES.txt'
[3.312s] adding license file 'LICENSE'
[3.312s] writing manifest file '..\..\..\build\rpyutils\rpyutils.egg-info\SOURCES.txt'
[3.328s] running build
[3.328s] running build_py
[3.328s] creating D:\a\pixi_rosdistro\pixi_rosdistro\build\rpyutils\build\lib\rpyutils
[3.328s] copying rpyutils\add_dll_directories.py -> D:\a\pixi_rosdistro\pixi_rosdistro\build\rpyutils\build\lib\rpyutils
[3.328s] copying rpyutils\import_c_library.py -> D:\a\pixi_rosdistro\pixi_rosdistro\build\rpyutils\build\lib\rpyutils
[3.328s] copying rpyutils\__init__.py -> D:\a\pixi_rosdistro\pixi_rosdistro\build\rpyutils\build\lib\rpyutils
[3.328s] copying rpyutils\py.typed -> D:\a\pixi_rosdistro\pixi_rosdistro\build\rpyutils\build\lib\rpyutils
[3.328s] running install
[3.328s] running install_lib
[3.359s] creating D:\a\pixi_rosdistro\pixi_rosdistro\install\Lib\site-packages\rpyutils
[3.359s] copying D:\a\pixi_rosdistro\pixi_rosdistro\build\rpyutils\build\lib\rpyutils\add_dll_directories.py -> D:\a\pixi_rosdistro\pixi_rosdistro\install\Lib\site-packages\rpyutils
[3.359s] copying D:\a\pixi_rosdistro\pixi_rosdistro\build\rpyutils\build\lib\rpyutils\import_c_library.py -> D:\a\pixi_rosdistro\pixi_rosdistro\install\Lib\site-packages\rpyutils
[3.359s] copying D:\a\pixi_rosdistro\pixi_rosdistro\build\rpyutils\build\lib\rpyutils\py.typed -> D:\a\pixi_rosdistro\pixi_rosdistro\install\Lib\site-packages\rpyutils
[3.359s] copying D:\a\pixi_rosdistro\pixi_rosdistro\build\rpyutils\build\lib\rpyutils\__init__.py -> D:\a\pixi_rosdistro\pixi_rosdistro\install\Lib\site-packages\rpyutils
[3.359s] byte-compiling D:\a\pixi_rosdistro\pixi_rosdistro\install\Lib\site-packages\rpyutils\add_dll_directories.py to add_dll_directories.cpython-312.pyc
[3.359s] byte-compiling D:\a\pixi_rosdistro\pixi_rosdistro\install\Lib\site-packages\rpyutils\import_c_library.py to import_c_library.cpython-312.pyc
[3.375s] byte-compiling D:\a\pixi_rosdistro\pixi_rosdistro\install\Lib\site-packages\rpyutils\__init__.py to __init__.cpython-312.pyc
[3.375s] running install_data
[3.375s] copying package.xml -> D:\a\pixi_rosdistro\pixi_rosdistro\install\share\rpyutils
[3.375s] copying resource\rpyutils -> D:\a\pixi_rosdistro\pixi_rosdistro\install\share\ament_index\resource_index\packages
[3.375s] running install_egg_info
[3.406s] Copying ..\..\..\build\rpyutils\rpyutils.egg-info to D:\a\pixi_rosdistro\pixi_rosdistro\install\Lib\site-packages\rpyutils-0.7.1-py3.12.egg-info
[3.406s] running install_scripts
[3.453s] writing list of installed files to 'D:\a\pixi_rosdistro\pixi_rosdistro\build\rpyutils\install.log'
[3.500s] Invoked command in 'D:\a\pixi_rosdistro\pixi_rosdistro\src\ros2\rpyutils' returned '0': AMENT_PREFIX_PATH=D:\a\pixi_rosdistro\pixi_rosdistro\install CMAKE_PREFIX_PATH=D:\a\pixi_rosdistro\pixi_rosdistro\install;D:\a\pixi_rosdistro\pixi_rosdistro\.pixi\envs\default\Library PATH=D:\a\pixi_rosdistro\pixi_rosdistro\install\Scripts;D:\a\pixi_rosdistro\pixi_rosdistro\install\bin;%PATH% PIXI_PROMPT=(ros2_rolling) PROMPT=$P$G PYTHONPATH=D:\a\pixi_rosdistro\pixi_rosdistro\build\rpyutils\prefix_override;D:\a\pixi_rosdistro\pixi_rosdistro\.pixi\envs\default\Lib\site-packages\colcon_core\task\python\colcon_distutils_commands;D:\a\pixi_rosdistro\pixi_rosdistro\install\Lib\site-packages;D:\a\pixi_rosdistro\pixi_rosdistro\install\Lib\site-packages ROS_DOMAIN_ID=144 D:\a\pixi_rosdistro\pixi_rosdistro\.pixi\envs\default\python.exe -W ignore:setup.py install is deprecated -W ignore:easy_install command is deprecated setup.py egg_info --egg-base ..\..\..\build\rpyutils build --build-base D:\a\pixi_rosdistro\pixi_rosdistro\build\rpyutils\build install --record D:\a\pixi_rosdistro\pixi_rosdistro\build\rpyutils\install.log --single-version-externally-managed install_data
