[1.175s] Invoking command in '/home/runner/work/pixi_rosdistro/pixi_rosdistro/build/iceoryx_posh': CMAKE_PREFIX_PATH=/home/runner/work/pixi_rosdistro/pixi_rosdistro/install:${CMAKE_PREFIX_PATH} LD_LIBRARY_PATH=/home/runner/work/pixi_rosdistro/pixi_rosdistro/install/lib PATH=/home/runner/work/pixi_rosdistro/pixi_rosdistro/install/bin:/opt/microsoft/powershell/7:${PATH} PIXI_PROMPT=(ros2_rolling) PKG_CONFIG_PATH=/home/runner/work/pixi_rosdistro/pixi_rosdistro/install/lib/pkgconfig PSModulePath=/home/runner/.local/share/powershell/Modules:${PSModulePath} PYTHONPATH=/home/runner/work/pixi_rosdistro/pixi_rosdistro/install/lib/python3.12/site-packages /home/runner/work/pixi_rosdistro/pixi_rosdistro/.pixi/envs/default/bin/cmake /home/runner/work/pixi_rosdistro/pixi_rosdistro/src/eclipse-iceoryx/iceoryx/iceoryx_posh -GNinja --no-warn-unused-cli -DCMAKE_BUILD_TYPE=Release -DCMAKE_BUILD_WITH_INSTALL_RPATH:bool=TRUE -DCMAKE_POLICY_VERSION_MINIMUM=3.5 -Wno-deprecated -DSTACK_DETAILS_AUTO_DETECT:bool=FALSE -DSTACK_DETAILS_BFD:bool=FALSE -DTRACETOOLS_DISABLED=ON -DCMAKE_INSTALL_PREFIX=/home/runner/work/pixi_rosdistro/pixi_rosdistro/install
[1.253s] Not searching for unused variables given on the command line.
[1.253s] -- The C compiler identification is GNU 14.3.0
[1.381s] -- The CXX compiler identification is GNU 14.3.0
[1.395s] -- Detecting C compiler ABI info
[1.544s] -- Detecting C compiler ABI info - done
[1.565s] -- Check for working C compiler: /home/runner/work/pixi_rosdistro/pixi_rosdistro/.pixi/envs/default/bin/x86_64-conda-linux-gnu-cc - skipped
[1.565s] -- Detecting C compile features
[1.566s] -- Detecting C compile features - done
[1.585s] -- Detecting CXX compiler ABI info
[1.759s] -- Detecting CXX compiler ABI info - done
[1.784s] -- Check for working CXX compiler: /home/runner/work/pixi_rosdistro/pixi_rosdistro/.pixi/envs/default/bin/x86_64-conda-linux-gnu-c++ - skipped
[1.785s] -- Detecting CXX compile features
[1.786s] -- Detecting CXX compile features - done
[1.795s] -- Performing Test CMAKE_HAVE_LIBC_PTHREAD
[2.003s] -- Performing Test CMAKE_HAVE_LIBC_PTHREAD - Failed
[2.003s] -- Looking for pthread_create in pthreads
[2.324s] -- Looking for pthread_create in pthreads - not found
[2.324s] -- Looking for pthread_create in pthread
[2.472s] -- Looking for pthread_create in pthread - found
[2.473s] -- Found Threads: TRUE
[2.519s] -- Configuring done (0.0s)
[2.526s] -- Generating done (0.0s)
[2.526s] -- Build files have been written to: /home/runner/work/pixi_rosdistro/pixi_rosdistro/build/iceoryx_posh/dependencies/cpptoml/download
[2.544s] [1/9] Creating directories for 'ext_cpptoml'
[3.596s] [2/9] Performing download step (git clone) for 'ext_cpptoml'
[3.596s] Cloning into 'src'...
[3.596s] HEAD is now at fededad one-char typo
[3.596s] Submodule 'deps/meta-cmake' (https://github.com/meta-toolkit/meta-cmake.git) registered for path 'deps/meta-cmake'
[3.596s] Cloning into '/home/runner/work/pixi_rosdistro/pixi_rosdistro/build/iceoryx_posh/dependencies/cpptoml/src/deps/meta-cmake'...
[3.596s] Submodule path 'deps/meta-cmake': checked out 'db7ff976c430a6cb6cbd03ae691be04cfaac0a07'
[3.609s] [3/9] Performing update step for 'ext_cpptoml'
[3.609s] -- Already at requested tag: v0.1.1
[3.618s] [4/9] No patch step for 'ext_cpptoml'
[3.628s] [5/9] No configure step for 'ext_cpptoml'
[3.637s] [6/9] No build step for 'ext_cpptoml'
[3.648s] [7/9] No install step for 'ext_cpptoml'
[3.658s] [8/9] No test step for 'ext_cpptoml'
[3.672s] [9/9] Completed 'ext_cpptoml'
[3.676s] -- Applying patch for minimal cmake version to cpptoml
[3.738s] -- The C compiler identification is GNU 14.3.0
[3.830s] -- The CXX compiler identification is GNU 14.3.0
[3.842s] -- Detecting C compiler ABI info
[4.484s] -- Detecting C compiler ABI info - done
[4.544s] -- Check for working C compiler: /home/runner/work/pixi_rosdistro/pixi_rosdistro/.pixi/envs/default/bin/x86_64-conda-linux-gnu-cc - skipped
[4.545s] -- Detecting C compile features
[4.546s] -- Detecting C compile features - done
[4.568s] -- Detecting CXX compiler ABI info
[5.081s] -- Detecting CXX compiler ABI info - done
[5.104s] -- Check for working CXX compiler: /home/runner/work/pixi_rosdistro/pixi_rosdistro/.pixi/envs/default/bin/x86_64-conda-linux-gnu-c++ - skipped
[5.104s] -- Detecting CXX compile features
[5.105s] -- Detecting CXX compile features - done
[5.119s] -- Could NOT find Doxygen (missing: DOXYGEN_EXECUTABLE) 
[5.120s] -- Configuring done (1.4s)
[5.127s] -- Generating done (0.0s)
[5.127s] -- Build files have been written to: /home/runner/work/pixi_rosdistro/pixi_rosdistro/build/iceoryx_posh/dependencies/cpptoml/build
[5.138s] [0/1] Install the project...
[5.144s] -- Install configuration: ""
[5.144s] -- Installing: /home/runner/work/pixi_rosdistro/pixi_rosdistro/build/iceoryx_posh/dependencies/install/include/cpptoml.h
[5.144s] -- Installing: /home/runner/work/pixi_rosdistro/pixi_rosdistro/build/iceoryx_posh/dependencies/install/lib/cmake/cpptoml/cpptomlTargets.cmake
[5.145s] -- Installing: /home/runner/work/pixi_rosdistro/pixi_rosdistro/build/iceoryx_posh/dependencies/install/lib/cmake/cpptoml/cpptomlConfigVersion.cmake
[5.145s] -- Installing: /home/runner/work/pixi_rosdistro/pixi_rosdistro/build/iceoryx_posh/dependencies/install/lib/cmake/cpptoml/cpptomlConfig.cmake
[5.151s] -- [i] <<<<<<<<<<<<< Start iceoryx_posh configuration: >>>>>>>>>>>>>
[5.152s] -- [i] Using m:n communication!
[5.152s] -- [i] IOX_MAX_PUBLISHERS:512
[5.152s] -- [i] IOX_MAX_SUBSCRIBERS:1024
[5.152s] -- [i] IOX_MAX_INTERFACE_NUMBER:4
[5.152s] -- [i] IOX_MAX_SUBSCRIBERS_PER_PUBLISHER:256
[5.152s] -- [i] IOX_MAX_CHUNKS_ALLOCATED_PER_PUBLISHER_SIMULTANEOUSLY:8
[5.152s] -- [i] IOX_MAX_PUBLISHER_HISTORY:16
[5.152s] -- [i] IOX_MAX_CHUNKS_HELD_PER_SUBSCRIBER_SIMULTANEOUSLY:256
[5.153s] -- [i] <<<<<<<<<<<<<< End iceoryx_posh configuration: >>>>>>>>>>>>>>
[5.159s] -- Configuring done (4.0s)
[5.181s] -- Generating done (0.0s)
[5.185s] -- Build files have been written to: /home/runner/work/pixi_rosdistro/pixi_rosdistro/build/iceoryx_posh
[5.189s] Invoked command in '/home/runner/work/pixi_rosdistro/pixi_rosdistro/build/iceoryx_posh' returned '0': CMAKE_PREFIX_PATH=/home/runner/work/pixi_rosdistro/pixi_rosdistro/install:${CMAKE_PREFIX_PATH} LD_LIBRARY_PATH=/home/runner/work/pixi_rosdistro/pixi_rosdistro/install/lib PATH=/home/runner/work/pixi_rosdistro/pixi_rosdistro/install/bin:/opt/microsoft/powershell/7:${PATH} PIXI_PROMPT=(ros2_rolling) PKG_CONFIG_PATH=/home/runner/work/pixi_rosdistro/pixi_rosdistro/install/lib/pkgconfig PSModulePath=/home/runner/.local/share/powershell/Modules:${PSModulePath} PYTHONPATH=/home/runner/work/pixi_rosdistro/pixi_rosdistro/install/lib/python3.12/site-packages /home/runner/work/pixi_rosdistro/pixi_rosdistro/.pixi/envs/default/bin/cmake /home/runner/work/pixi_rosdistro/pixi_rosdistro/src/eclipse-iceoryx/iceoryx/iceoryx_posh -GNinja --no-warn-unused-cli -DCMAKE_BUILD_TYPE=Release -DCMAKE_BUILD_WITH_INSTALL_RPATH:bool=TRUE -DCMAKE_POLICY_VERSION_MINIMUM=3.5 -Wno-deprecated -DSTACK_DETAILS_AUTO_DETECT:bool=FALSE -DSTACK_DETAILS_BFD:bool=FALSE -DTRACETOOLS_DISABLED=ON -DCMAKE_INSTALL_PREFIX=/home/runner/work/pixi_rosdistro/pixi_rosdistro/install
[5.191s] Invoking command in '/home/runner/work/pixi_rosdistro/pixi_rosdistro/build/iceoryx_posh': CMAKE_PREFIX_PATH=/home/runner/work/pixi_rosdistro/pixi_rosdistro/install:${CMAKE_PREFIX_PATH} LD_LIBRARY_PATH=/home/runner/work/pixi_rosdistro/pixi_rosdistro/install/lib PATH=/home/runner/work/pixi_rosdistro/pixi_rosdistro/install/bin:/opt/microsoft/powershell/7:${PATH} PIXI_PROMPT=(ros2_rolling) PKG_CONFIG_PATH=/home/runner/work/pixi_rosdistro/pixi_rosdistro/install/lib/pkgconfig PSModulePath=/home/runner/.local/share/powershell/Modules:${PSModulePath} PYTHONPATH=/home/runner/work/pixi_rosdistro/pixi_rosdistro/install/lib/python3.12/site-packages /home/runner/work/pixi_rosdistro/pixi_rosdistro/.pixi/envs/default/bin/cmake --build /home/runner/work/pixi_rosdistro/pixi_rosdistro/build/iceoryx_posh -- -j4 -l4
[5.441s] [1/95] Building CXX object CMakeFiles/iceoryx_posh.dir/source/log/posh_logging.cpp.o
[5.815s] [2/95] Building CXX object CMakeFiles/iceoryx_posh.dir/source/capro/capro_message.cpp.o
[6.293s] [3/95] Building CXX object CMakeFiles/iceoryx_posh.dir/source/capro/service_description.cpp.o
[6.676s] [4/95] Building CXX object CMakeFiles/iceoryx_posh.dir/source/mepoo/chunk_header.cpp.o
[7.065s] [5/95] Building CXX object CMakeFiles/iceoryx_posh.dir/source/mepoo/chunk_management.cpp.o
[7.548s] [6/95] Building CXX object CMakeFiles/iceoryx_posh.dir/source/mepoo/chunk_settings.cpp.o
[8.155s] [7/95] Building CXX object CMakeFiles/iceoryx_posh.dir/source/mepoo/mepoo_config.cpp.o
[8.488s] [8/95] Building CXX object CMakeFiles/iceoryx_posh.dir/source/mepoo/segment_config.cpp.o
[8.819s] [9/95] Building CXX object CMakeFiles/iceoryx_posh.dir/source/mepoo/memory_manager.cpp.o
[9.167s] [10/95] Building CXX object CMakeFiles/iceoryx_posh.dir/source/mepoo/mem_pool.cpp.o
[9.515s] [11/95] Building CXX object CMakeFiles/iceoryx_posh.dir/source/mepoo/shared_chunk.cpp.o
[9.902s] [12/95] Building CXX object CMakeFiles/iceoryx_posh.dir/source/mepoo/shm_safe_unmanaged_chunk.cpp.o
[10.319s] [13/95] Building CXX object CMakeFiles/iceoryx_posh.dir/source/mepoo/segment_manager.cpp.o
[10.686s] [14/95] Building CXX object CMakeFiles/iceoryx_posh.dir/source/mepoo/mepoo_segment.cpp.o
[10.844s] [15/95] Building CXX object CMakeFiles/iceoryx_posh.dir/source/mepoo/memory_info.cpp.o
[11.392s] [16/95] Building CXX object CMakeFiles/iceoryx_posh.dir/source/popo/ports/interface_port.cpp.o
[11.739s] [17/95] Building CXX object CMakeFiles/iceoryx_posh.dir/source/popo/ports/interface_port_data.cpp.o
[12.056s] [18/95] Building CXX object CMakeFiles/iceoryx_posh.dir/source/popo/ports/base_port_data.cpp.o
[12.353s] [19/95] Building CXX object CMakeFiles/iceoryx_posh.dir/source/popo/ports/base_port.cpp.o
[12.740s] [20/95] Building CXX object CMakeFiles/iceoryx_posh.dir/source/popo/ports/publisher_port_data.cpp.o
[13.207s] [21/95] Building CXX object CMakeFiles/iceoryx_posh.dir/source/popo/ports/publisher_port_user.cpp.o
[13.633s] [22/95] Building CXX object CMakeFiles/iceoryx_posh.dir/source/popo/ports/publisher_port_roudi.cpp.o
[14.117s] [23/95] Building CXX object CMakeFiles/iceoryx_posh.dir/source/popo/ports/subscriber_port_user.cpp.o
[14.717s] [24/95] Building CXX object CMakeFiles/iceoryx_posh.dir/source/popo/ports/subscriber_port_roudi.cpp.o
[15.071s] [25/95] Building CXX object CMakeFiles/iceoryx_posh.dir/source/popo/ports/subscriber_port_single_producer.cpp.o
[15.560s] [26/95] Building CXX object CMakeFiles/iceoryx_posh.dir/source/popo/ports/subscriber_port_multi_producer.cpp.o
[16.226s] [27/95] Building CXX object CMakeFiles/iceoryx_posh.dir/source/popo/ports/subscriber_port_data.cpp.o
[16.790s] [28/95] Building CXX object CMakeFiles/iceoryx_posh.dir/source/popo/ports/client_port_data.cpp.o
[17.356s] [29/95] Building CXX object CMakeFiles/iceoryx_posh.dir/source/popo/ports/client_port_roudi.cpp.o
[18.296s] [30/95] Building CXX object CMakeFiles/iceoryx_posh.dir/source/popo/ports/client_port_user.cpp.o
[18.740s] [31/95] Building CXX object CMakeFiles/iceoryx_posh.dir/source/popo/ports/server_port_data.cpp.o
[19.193s] [32/95] Building CXX object CMakeFiles/iceoryx_posh.dir/source/popo/ports/server_port_roudi.cpp.o
[19.651s] [33/95] Building CXX object CMakeFiles/iceoryx_posh.dir/source/popo/ports/server_port_user.cpp.o
[20.140s] [34/95] Building CXX object CMakeFiles/iceoryx_posh.dir/source/popo/building_blocks/condition_listener.cpp.o
[20.593s] [35/95] Building CXX object CMakeFiles/iceoryx_posh.dir/source/popo/building_blocks/condition_notifier.cpp.o
[21.045s] [36/95] Building CXX object CMakeFiles/iceoryx_posh.dir/source/popo/building_blocks/condition_variable_data.cpp.o
[21.366s] [37/95] Building CXX object CMakeFiles/iceoryx_posh.dir/source/popo/building_blocks/locking_policy.cpp.o
[21.803s] [38/95] Building CXX object CMakeFiles/iceoryx_posh.dir/source/popo/building_blocks/unique_port_id.cpp.o
[22.268s] [39/95] Building CXX object CMakeFiles/iceoryx_posh.dir/source/popo/client_options.cpp.o
[22.759s] [40/95] Building CXX object CMakeFiles/iceoryx_posh.dir/source/popo/listener.cpp.o
[23.236s] [41/95] Building CXX object CMakeFiles/iceoryx_posh.dir/source/popo/notification_info.cpp.o
[23.799s] [42/95] Building CXX object CMakeFiles/iceoryx_posh.dir/source/popo/rpc_header.cpp.o
[24.160s] [43/95] Building CXX object CMakeFiles/iceoryx_posh.dir/source/popo/publisher_options.cpp.o
[24.558s] [44/95] Building CXX object CMakeFiles/iceoryx_posh.dir/source/popo/server_options.cpp.o
[25.008s] [45/95] Building CXX object CMakeFiles/iceoryx_posh.dir/source/popo/subscriber_options.cpp.o
[25.513s] [46/95] Building CXX object CMakeFiles/iceoryx_posh.dir/source/popo/trigger.cpp.o
[25.868s] [47/95] Building CXX object CMakeFiles/iceoryx_posh.dir/source/popo/trigger_handle.cpp.o
[26.447s] [48/95] Building CXX object CMakeFiles/iceoryx_posh.dir/source/popo/user_trigger.cpp.o
[29.417s] [49/95] Building CXX object CMakeFiles/iceoryx_posh.dir/source/version/version_info.cpp.o
[30.117s] [50/95] Building CXX object CMakeFiles/iceoryx_posh.dir/source/runtime/ipc_interface_base.cpp.o
[30.596s] [51/95] Building CXX object CMakeFiles/iceoryx_posh.dir/source/runtime/ipc_interface_user.cpp.o
[31.291s] [52/95] Building CXX object CMakeFiles/iceoryx_posh.dir/source/runtime/ipc_interface_creator.cpp.o
[33.827s] [53/95] Building CXX object CMakeFiles/iceoryx_posh.dir/source/runtime/ipc_runtime_interface.cpp.o
[34.158s] [54/95] Building CXX object CMakeFiles/iceoryx_posh.dir/source/runtime/ipc_message.cpp.o
[34.445s] [55/95] Building CXX object CMakeFiles/iceoryx_posh.dir/source/runtime/port_config_info.cpp.o
[34.803s] [56/95] Building CXX object CMakeFiles/iceoryx_posh.dir/source/runtime/posh_runtime.cpp.o
[35.383s] [57/95] Building CXX object CMakeFiles/iceoryx_posh.dir/source/runtime/posh_runtime_impl.cpp.o
[35.887s] [58/95] Building CXX object CMakeFiles/iceoryx_posh.dir/source/runtime/posh_runtime_single_process.cpp.o
[36.390s] [59/95] Building CXX object CMakeFiles/iceoryx_posh.dir/source/runtime/service_discovery.cpp.o
[36.735s] [60/95] Building CXX object CMakeFiles/iceoryx_posh.dir/source/runtime/node.cpp.o
[37.034s] [61/95] Building CXX object CMakeFiles/iceoryx_posh.dir/source/runtime/node_data.cpp.o
[37.358s] [62/95] Building CXX object CMakeFiles/iceoryx_posh.dir/source/runtime/node_property.cpp.o
[37.959s] [63/95] Building CXX object CMakeFiles/iceoryx_posh.dir/source/runtime/shared_memory_user.cpp.o
[38.255s] [64/95] Building CXX object CMakeFiles/iceoryx_posh.dir/source/roudi/service_registry.cpp.o
[38.358s] [65/95] Linking CXX shared library libiceoryx_posh.so
[40.740s] [66/95] Building CXX object CMakeFiles/iceoryx_posh_roudi.dir/source/roudi/application/iceoryx_roudi_app.cpp.o
[43.002s] [67/95] Building CXX object CMakeFiles/iceoryx_posh_roudi.dir/source/roudi/application/roudi_app.cpp.o
[43.435s] [68/95] Building CXX object CMakeFiles/iceoryx_posh_roudi.dir/source/roudi/memory/memory_block.cpp.o
[43.931s] [69/95] Building CXX object CMakeFiles/iceoryx_posh_roudi.dir/source/roudi/memory/memory_provider.cpp.o
[44.227s] [70/95] Building CXX object CMakeFiles/iceoryx_posh_roudi.dir/source/roudi/memory/mempool_collection_memory_block.cpp.o
[44.567s] [71/95] Building CXX object CMakeFiles/iceoryx_posh_roudi.dir/source/roudi/memory/mempool_segment_manager_memory_block.cpp.o
[44.881s] [72/95] Building CXX object CMakeFiles/iceoryx_posh_roudi.dir/source/roudi/memory/port_pool_memory_block.cpp.o
[45.321s] [73/95] Building CXX object CMakeFiles/iceoryx_posh_roudi.dir/source/roudi/memory/posix_shm_memory_provider.cpp.o
[45.709s] [74/95] Building CXX object CMakeFiles/iceoryx_posh_roudi.dir/source/roudi/memory/default_roudi_memory.cpp.o
[46.117s] [75/95] Building CXX object CMakeFiles/iceoryx_posh_roudi.dir/source/roudi/memory/roudi_memory_manager.cpp.o
[46.549s] [76/95] Building CXX object CMakeFiles/iceoryx_posh_roudi.dir/source/roudi/memory/iceoryx_roudi_memory_manager.cpp.o
[47.039s] [77/95] Building CXX object CMakeFiles/iceoryx_posh_roudi.dir/source/roudi/port_manager.cpp.o
[47.477s] [78/95] Building CXX object CMakeFiles/iceoryx_posh_roudi.dir/source/roudi/port_pool.cpp.o
[50.597s] [79/95] Building CXX object CMakeFiles/iceoryx_posh_roudi.dir/source/roudi/roudi.cpp.o
[52.478s] [80/95] Building CXX object CMakeFiles/iceoryx_posh_roudi.dir/source/roudi/process.cpp.o
[56.611s] [81/95] Building CXX object CMakeFiles/iceoryx_posh_roudi.dir/source/roudi/process_manager.cpp.o
[57.027s] [82/95] Building CXX object CMakeFiles/iceoryx_posh_roudi.dir/source/roudi/iceoryx_roudi_components.cpp.o
[58.806s] [83/95] Building CXX object CMakeFiles/iceoryx_posh_roudi.dir/source/roudi/roudi_cmd_line_parser.cpp.o
[59.231s] [84/95] Building CXX object CMakeFiles/iceoryx_posh_roudi.dir/source/roudi/roudi_cmd_line_parser_config_file_option.cpp.o
[59.652s] [85/95] Building CXX object CMakeFiles/iceoryx_posh_roudi.dir/source/roudi/roudi_config.cpp.o
[59.755s] [86/95] Linking CXX shared library libiceoryx_posh_roudi.so
[60.119s] [87/95] Building CXX object CMakeFiles/iceoryx_posh_config.dir/source/log/posh_config_logging.cpp.o
[60.525s] [88/95] Building CXX object CMakeFiles/iceoryx_posh_config.dir/source/gateway/gateway_config.cpp.o
[61.135s] [89/95] Building CXX object CMakeFiles/iceoryx_posh_config.dir/source/gateway/toml_gateway_config_parser.cpp.o
[61.701s] [90/95] Building CXX object CMakeFiles/iceoryx_posh_config.dir/source/roudi/roudi_config_toml_file_provider.cpp.o
[62.082s] [91/95] Building CXX object CMakeFiles/iceoryx_posh_gateway.dir/source/gateway/gateway_base.cpp.o
[62.148s] [92/95] Linking CXX shared library libiceoryx_posh_config.so
[62.495s] [93/95] Building CXX object CMakeFiles/iox-roudi.dir/source/roudi/application/roudi_main.cpp.o
[62.583s] [94/95] Linking CXX shared library libiceoryx_posh_gateway.so
[62.678s] [95/95] Linking CXX executable iox-roudi
[62.681s] Invoked command in '/home/runner/work/pixi_rosdistro/pixi_rosdistro/build/iceoryx_posh' returned '0': CMAKE_PREFIX_PATH=/home/runner/work/pixi_rosdistro/pixi_rosdistro/install:${CMAKE_PREFIX_PATH} LD_LIBRARY_PATH=/home/runner/work/pixi_rosdistro/pixi_rosdistro/install/lib PATH=/home/runner/work/pixi_rosdistro/pixi_rosdistro/install/bin:/opt/microsoft/powershell/7:${PATH} PIXI_PROMPT=(ros2_rolling) PKG_CONFIG_PATH=/home/runner/work/pixi_rosdistro/pixi_rosdistro/install/lib/pkgconfig PSModulePath=/home/runner/.local/share/powershell/Modules:${PSModulePath} PYTHONPATH=/home/runner/work/pixi_rosdistro/pixi_rosdistro/install/lib/python3.12/site-packages ROS_DOMAIN_ID=34 /home/runner/work/pixi_rosdistro/pixi_rosdistro/.pixi/envs/default/bin/cmake --build /home/runner/work/pixi_rosdistro/pixi_rosdistro/build/iceoryx_posh -- -j4 -l4
[62.683s] Invoking command in '/home/runner/work/pixi_rosdistro/pixi_rosdistro/build/iceoryx_posh': CMAKE_PREFIX_PATH=/home/runner/work/pixi_rosdistro/pixi_rosdistro/install:${CMAKE_PREFIX_PATH} LD_LIBRARY_PATH=/home/runner/work/pixi_rosdistro/pixi_rosdistro/install/lib PATH=/home/runner/work/pixi_rosdistro/pixi_rosdistro/install/bin:/opt/microsoft/powershell/7:${PATH} PIXI_PROMPT=(ros2_rolling) PKG_CONFIG_PATH=/home/runner/work/pixi_rosdistro/pixi_rosdistro/install/lib/pkgconfig PSModulePath=/home/runner/.local/share/powershell/Modules:${PSModulePath} PYTHONPATH=/home/runner/work/pixi_rosdistro/pixi_rosdistro/install/lib/python3.12/site-packages ROS_DOMAIN_ID=34 /home/runner/work/pixi_rosdistro/pixi_rosdistro/.pixi/envs/default/bin/cmake --install /home/runner/work/pixi_rosdistro/pixi_rosdistro/build/iceoryx_posh
[62.693s] -- Install configuration: "Release"
[62.694s] -- Installing: /home/runner/work/pixi_rosdistro/pixi_rosdistro/install/include/iceoryx/v2.0.6/iceoryx_versions.hpp
[62.694s] -- Installing: /home/runner/work/pixi_rosdistro/pixi_rosdistro/install/share/doc/iceoryx_posh/LICENSE
[62.694s] -- Installing: /home/runner/work/pixi_rosdistro/pixi_rosdistro/install/share/doc/iceoryx_posh/3rd_party_licenses
[62.694s] -- Installing: /home/runner/work/pixi_rosdistro/pixi_rosdistro/install/share/doc/iceoryx_posh/3rd_party_licenses/cpptoml
[62.695s] -- Installing: /home/runner/work/pixi_rosdistro/pixi_rosdistro/install/share/doc/iceoryx_posh/3rd_party_licenses/cpptoml/LICENSE
[62.695s] -- Installing: /home/runner/work/pixi_rosdistro/pixi_rosdistro/install/etc/roudi_config_example.toml
[62.696s] -- Installing: /home/runner/work/pixi_rosdistro/pixi_rosdistro/install/lib/libiceoryx_posh.so
[62.696s] -- Installing: /home/runner/work/pixi_rosdistro/pixi_rosdistro/install/lib/libiceoryx_posh_roudi.so
[62.697s] -- Installing: /home/runner/work/pixi_rosdistro/pixi_rosdistro/install/lib/libiceoryx_posh_gateway.so
[62.697s] -- Installing: /home/runner/work/pixi_rosdistro/pixi_rosdistro/install/lib/libiceoryx_posh_config.so
[62.698s] -- Installing: /home/runner/work/pixi_rosdistro/pixi_rosdistro/install/bin/iox-roudi
[62.698s] -- Up-to-date: /home/runner/work/pixi_rosdistro/pixi_rosdistro/install/include/iceoryx/v2.0.6
[62.698s] -- Installing: /home/runner/work/pixi_rosdistro/pixi_rosdistro/install/include/iceoryx/v2.0.6/iceoryx_posh
[62.699s] -- Installing: /home/runner/work/pixi_rosdistro/pixi_rosdistro/install/include/iceoryx/v2.0.6/iceoryx_posh/iceoryx_posh_types.inl
[62.700s] -- Installing: /home/runner/work/pixi_rosdistro/pixi_rosdistro/install/include/iceoryx/v2.0.6/iceoryx_posh/runtime
[62.700s] -- Installing: /home/runner/work/pixi_rosdistro/pixi_rosdistro/install/include/iceoryx/v2.0.6/iceoryx_posh/runtime/posh_runtime.hpp
[62.700s] -- Installing: /home/runner/work/pixi_rosdistro/pixi_rosdistro/install/include/iceoryx/v2.0.6/iceoryx_posh/runtime/service_discovery.hpp
[62.700s] -- Installing: /home/runner/work/pixi_rosdistro/pixi_rosdistro/install/include/iceoryx/v2.0.6/iceoryx_posh/runtime/posh_runtime_single_process.hpp
[62.700s] -- Installing: /home/runner/work/pixi_rosdistro/pixi_rosdistro/install/include/iceoryx/v2.0.6/iceoryx_posh/runtime/node.hpp
[62.706s] -- Installing: /home/runner/work/pixi_rosdistro/pixi_rosdistro/install/include/iceoryx/v2.0.6/iceoryx_posh/runtime/port_config_info.hpp
[62.706s] -- Installing: /home/runner/work/pixi_rosdistro/pixi_rosdistro/install/include/iceoryx/v2.0.6/iceoryx_posh/popo
[62.708s] -- Installing: /home/runner/work/pixi_rosdistro/pixi_rosdistro/install/include/iceoryx/v2.0.6/iceoryx_posh/popo/client_options.hpp
[62.708s] -- Installing: /home/runner/work/pixi_rosdistro/pixi_rosdistro/install/include/iceoryx/v2.0.6/iceoryx_posh/popo/rpc_header.hpp
[62.709s] -- Installing: /home/runner/work/pixi_rosdistro/pixi_rosdistro/install/include/iceoryx/v2.0.6/iceoryx_posh/popo/trigger.hpp
[62.709s] -- Installing: /home/runner/work/pixi_rosdistro/pixi_rosdistro/install/include/iceoryx/v2.0.6/iceoryx_posh/popo/client.hpp
[62.709s] -- Installing: /home/runner/work/pixi_rosdistro/pixi_rosdistro/install/include/iceoryx/v2.0.6/iceoryx_posh/popo/untyped_client.hpp
[62.709s] -- Installing: /home/runner/work/pixi_rosdistro/pixi_rosdistro/install/include/iceoryx/v2.0.6/iceoryx_posh/popo/request.hpp
[62.709s] -- Installing: /home/runner/work/pixi_rosdistro/pixi_rosdistro/install/include/iceoryx/v2.0.6/iceoryx_posh/popo/server.hpp
[62.709s] -- Installing: /home/runner/work/pixi_rosdistro/pixi_rosdistro/install/include/iceoryx/v2.0.6/iceoryx_posh/popo/publisher_options.hpp
[62.709s] -- Installing: /home/runner/work/pixi_rosdistro/pixi_rosdistro/install/include/iceoryx/v2.0.6/iceoryx_posh/popo/untyped_subscriber.hpp
[62.709s] -- Installing: /home/runner/work/pixi_rosdistro/pixi_rosdistro/install/include/iceoryx/v2.0.6/iceoryx_posh/popo/subscriber_options.hpp
[62.710s] -- Installing: /home/runner/work/pixi_rosdistro/pixi_rosdistro/install/include/iceoryx/v2.0.6/iceoryx_posh/popo/response.hpp
[62.710s] -- Installing: /home/runner/work/pixi_rosdistro/pixi_rosdistro/install/include/iceoryx/v2.0.6/iceoryx_posh/popo/notification_info.hpp
[62.710s] -- Installing: /home/runner/work/pixi_rosdistro/pixi_rosdistro/install/include/iceoryx/v2.0.6/iceoryx_posh/popo/enum_trigger_type.hpp
[62.710s] -- Installing: /home/runner/work/pixi_rosdistro/pixi_rosdistro/install/include/iceoryx/v2.0.6/iceoryx_posh/popo/sample.hpp
[62.710s] -- Installing: /home/runner/work/pixi_rosdistro/pixi_rosdistro/install/include/iceoryx/v2.0.6/iceoryx_posh/popo/publisher.hpp
[62.710s] -- Installing: /home/runner/work/pixi_rosdistro/pixi_rosdistro/install/include/iceoryx/v2.0.6/iceoryx_posh/popo/untyped_publisher.hpp
[62.710s] -- Installing: /home/runner/work/pixi_rosdistro/pixi_rosdistro/install/include/iceoryx/v2.0.6/iceoryx_posh/popo/notification_attorney.hpp
[62.710s] -- Installing: /home/runner/work/pixi_rosdistro/pixi_rosdistro/install/include/iceoryx/v2.0.6/iceoryx_posh/popo/untyped_server.hpp
[62.711s] -- Installing: /home/runner/work/pixi_rosdistro/pixi_rosdistro/install/include/iceoryx/v2.0.6/iceoryx_posh/popo/notification_callback.hpp
[62.711s] -- Installing: /home/runner/work/pixi_rosdistro/pixi_rosdistro/install/include/iceoryx/v2.0.6/iceoryx_posh/popo/port_queue_policies.hpp
[62.711s] -- Installing: /home/runner/work/pixi_rosdistro/pixi_rosdistro/install/include/iceoryx/v2.0.6/iceoryx_posh/popo/wait_set.hpp
[62.711s] -- Installing: /home/runner/work/pixi_rosdistro/pixi_rosdistro/install/include/iceoryx/v2.0.6/iceoryx_posh/popo/trigger_handle.hpp
[62.711s] -- Installing: /home/runner/work/pixi_rosdistro/pixi_rosdistro/install/include/iceoryx/v2.0.6/iceoryx_posh/popo/listener.hpp
[62.711s] -- Installing: /home/runner/work/pixi_rosdistro/pixi_rosdistro/install/include/iceoryx/v2.0.6/iceoryx_posh/popo/user_trigger.hpp
[62.712s] -- Installing: /home/runner/work/pixi_rosdistro/pixi_rosdistro/install/include/iceoryx/v2.0.6/iceoryx_posh/popo/subscriber.hpp
[62.712s] -- Installing: /home/runner/work/pixi_rosdistro/pixi_rosdistro/install/include/iceoryx/v2.0.6/iceoryx_posh/popo/server_options.hpp
[62.712s] -- Installing: /home/runner/work/pixi_rosdistro/pixi_rosdistro/install/include/iceoryx/v2.0.6/iceoryx_posh/mepoo
[62.712s] -- Installing: /home/runner/work/pixi_rosdistro/pixi_rosdistro/install/include/iceoryx/v2.0.6/iceoryx_posh/mepoo/segment_config.hpp
[62.712s] -- Installing: /home/runner/work/pixi_rosdistro/pixi_rosdistro/install/include/iceoryx/v2.0.6/iceoryx_posh/mepoo/memory_info.hpp
[62.712s] -- Installing: /home/runner/work/pixi_rosdistro/pixi_rosdistro/install/include/iceoryx/v2.0.6/iceoryx_posh/mepoo/chunk_header.hpp
[62.712s] -- Installing: /home/runner/work/pixi_rosdistro/pixi_rosdistro/install/include/iceoryx/v2.0.6/iceoryx_posh/mepoo/chunk_settings.hpp
[62.712s] -- Installing: /home/runner/work/pixi_rosdistro/pixi_rosdistro/install/include/iceoryx/v2.0.6/iceoryx_posh/mepoo/mepoo_config.hpp
[62.712s] -- Installing: /home/runner/work/pixi_rosdistro/pixi_rosdistro/install/include/iceoryx/v2.0.6/iceoryx_posh/iceoryx_posh_config.hpp
[62.713s] -- Installing: /home/runner/work/pixi_rosdistro/pixi_rosdistro/install/include/iceoryx/v2.0.6/iceoryx_posh/roudi
[62.713s] -- Installing: /home/runner/work/pixi_rosdistro/pixi_rosdistro/install/include/iceoryx/v2.0.6/iceoryx_posh/roudi/introspection_types.hpp
[62.713s] -- Installing: /home/runner/work/pixi_rosdistro/pixi_rosdistro/install/include/iceoryx/v2.0.6/iceoryx_posh/roudi/iceoryx_roudi_app.hpp
[62.713s] -- Installing: /home/runner/work/pixi_rosdistro/pixi_rosdistro/install/include/iceoryx/v2.0.6/iceoryx_posh/roudi/port_pool.inl
[62.717s] -- Installing: /home/runner/work/pixi_rosdistro/pixi_rosdistro/install/include/iceoryx/v2.0.6/iceoryx_posh/roudi/roudi_config.hpp
[62.718s] -- Installing: /home/runner/work/pixi_rosdistro/pixi_rosdistro/install/include/iceoryx/v2.0.6/iceoryx_posh/roudi/port_pool.hpp
[62.718s] -- Installing: /home/runner/work/pixi_rosdistro/pixi_rosdistro/install/include/iceoryx/v2.0.6/iceoryx_posh/roudi/iceoryx_roudi_components.hpp
[62.718s] -- Installing: /home/runner/work/pixi_rosdistro/pixi_rosdistro/install/include/iceoryx/v2.0.6/iceoryx_posh/roudi/roudi_app.hpp
[62.718s] -- Installing: /home/runner/work/pixi_rosdistro/pixi_rosdistro/install/include/iceoryx/v2.0.6/iceoryx_posh/roudi/roudi_config_file_provider.hpp
[62.718s] -- Installing: /home/runner/work/pixi_rosdistro/pixi_rosdistro/install/include/iceoryx/v2.0.6/iceoryx_posh/roudi/roudi_cmd_line_parser_config_file_option.hpp
[62.718s] -- Installing: /home/runner/work/pixi_rosdistro/pixi_rosdistro/install/include/iceoryx/v2.0.6/iceoryx_posh/roudi/memory
[62.718s] -- Installing: /home/runner/work/pixi_rosdistro/pixi_rosdistro/install/include/iceoryx/v2.0.6/iceoryx_posh/roudi/memory/roudi_memory_manager.hpp
[62.718s] -- Installing: /home/runner/work/pixi_rosdistro/pixi_rosdistro/install/include/iceoryx/v2.0.6/iceoryx_posh/roudi/memory/memory_block.hpp
[62.719s] -- Installing: /home/runner/work/pixi_rosdistro/pixi_rosdistro/install/include/iceoryx/v2.0.6/iceoryx_posh/roudi/memory/roudi_memory_interface.hpp
[62.719s] -- Installing: /home/runner/work/pixi_rosdistro/pixi_rosdistro/install/include/iceoryx/v2.0.6/iceoryx_posh/roudi/memory/iceoryx_roudi_memory_manager.hpp
[62.719s] -- Installing: /home/runner/work/pixi_rosdistro/pixi_rosdistro/install/include/iceoryx/v2.0.6/iceoryx_posh/roudi/memory/generic_memory_block.hpp
[62.719s] -- Installing: /home/runner/work/pixi_rosdistro/pixi_rosdistro/install/include/iceoryx/v2.0.6/iceoryx_posh/roudi/memory/memory_provider.hpp
[62.719s] -- Installing: /home/runner/work/pixi_rosdistro/pixi_rosdistro/install/include/iceoryx/v2.0.6/iceoryx_posh/roudi/memory/posix_shm_memory_provider.hpp
[62.719s] -- Installing: /home/runner/work/pixi_rosdistro/pixi_rosdistro/install/include/iceoryx/v2.0.6/iceoryx_posh/roudi/memory/default_roudi_memory.hpp
[62.719s] -- Installing: /home/runner/work/pixi_rosdistro/pixi_rosdistro/install/include/iceoryx/v2.0.6/iceoryx_posh/roudi/roudi_cmd_line_parser.hpp
[62.719s] -- Installing: /home/runner/work/pixi_rosdistro/pixi_rosdistro/install/include/iceoryx/v2.0.6/iceoryx_posh/roudi/roudi_config_toml_file_provider.hpp
[62.720s] -- Installing: /home/runner/work/pixi_rosdistro/pixi_rosdistro/install/include/iceoryx/v2.0.6/iceoryx_posh/roudi/cmd_line_args.hpp
[62.720s] -- Installing: /home/runner/work/pixi_rosdistro/pixi_rosdistro/install/include/iceoryx/v2.0.6/iceoryx_posh/internal
[62.720s] -- Installing: /home/runner/work/pixi_rosdistro/pixi_rosdistro/install/include/iceoryx/v2.0.6/iceoryx_posh/internal/log
[62.720s] -- Installing: /home/runner/work/pixi_rosdistro/pixi_rosdistro/install/include/iceoryx/v2.0.6/iceoryx_posh/internal/log/posh_config_logging.hpp
[62.720s] -- Installing: /home/runner/work/pixi_rosdistro/pixi_rosdistro/install/include/iceoryx/v2.0.6/iceoryx_posh/internal/log/posh_logging.hpp
[62.720s] -- Installing: /home/runner/work/pixi_rosdistro/pixi_rosdistro/install/include/iceoryx/v2.0.6/iceoryx_posh/internal/runtime
[62.720s] -- Installing: /home/runner/work/pixi_rosdistro/pixi_rosdistro/install/include/iceoryx/v2.0.6/iceoryx_posh/internal/runtime/node_property.hpp
[62.723s] -- Installing: /home/runner/work/pixi_rosdistro/pixi_rosdistro/install/include/iceoryx/v2.0.6/iceoryx_posh/internal/runtime/ipc_interface_user.hpp
[62.724s] -- Installing: /home/runner/work/pixi_rosdistro/pixi_rosdistro/install/include/iceoryx/v2.0.6/iceoryx_posh/internal/runtime/node_data.hpp
[62.724s] -- Installing: /home/runner/work/pixi_rosdistro/pixi_rosdistro/install/include/iceoryx/v2.0.6/iceoryx_posh/internal/runtime/ipc_message.hpp
[62.724s] -- Installing: /home/runner/work/pixi_rosdistro/pixi_rosdistro/install/include/iceoryx/v2.0.6/iceoryx_posh/internal/runtime/shared_memory_user.hpp
[62.724s] -- Installing: /home/runner/work/pixi_rosdistro/pixi_rosdistro/install/include/iceoryx/v2.0.6/iceoryx_posh/internal/runtime/posh_runtime_impl.hpp
[62.725s] -- Installing: /home/runner/work/pixi_rosdistro/pixi_rosdistro/install/include/iceoryx/v2.0.6/iceoryx_posh/internal/runtime/ipc_message.inl
[62.725s] -- Installing: /home/runner/work/pixi_rosdistro/pixi_rosdistro/install/include/iceoryx/v2.0.6/iceoryx_posh/internal/runtime/ipc_runtime_interface.hpp
[62.725s] -- Installing: /home/runner/work/pixi_rosdistro/pixi_rosdistro/install/include/iceoryx/v2.0.6/iceoryx_posh/internal/runtime/ipc_interface_base.hpp
[62.725s] -- Installing: /home/runner/work/pixi_rosdistro/pixi_rosdistro/install/include/iceoryx/v2.0.6/iceoryx_posh/internal/runtime/ipc_interface_creator.hpp
[62.725s] -- Installing: /home/runner/work/pixi_rosdistro/pixi_rosdistro/install/include/iceoryx/v2.0.6/iceoryx_posh/internal/popo
[62.725s] -- Installing: /home/runner/work/pixi_rosdistro/pixi_rosdistro/install/include/iceoryx/v2.0.6/iceoryx_posh/internal/popo/smart_chunk.hpp
[62.725s] -- Installing: /home/runner/work/pixi_rosdistro/pixi_rosdistro/install/include/iceoryx/v2.0.6/iceoryx_posh/internal/popo/untyped_client_impl.hpp
[62.725s] -- Installing: /home/runner/work/pixi_rosdistro/pixi_rosdistro/install/include/iceoryx/v2.0.6/iceoryx_posh/internal/popo/base_subscriber.inl
[62.726s] -- Installing: /home/runner/work/pixi_rosdistro/pixi_rosdistro/install/include/iceoryx/v2.0.6/iceoryx_posh/internal/popo/notification_info.inl
[62.726s] -- Installing: /home/runner/work/pixi_rosdistro/pixi_rosdistro/install/include/iceoryx/v2.0.6/iceoryx_posh/internal/popo/request_deleter.inl
[62.726s] -- Installing: /home/runner/work/pixi_rosdistro/pixi_rosdistro/install/include/iceoryx/v2.0.6/iceoryx_posh/internal/popo/used_chunk_list.hpp
[62.726s] -- Installing: /home/runner/work/pixi_rosdistro/pixi_rosdistro/install/include/iceoryx/v2.0.6/iceoryx_posh/internal/popo/untyped_publisher_impl.inl
[62.726s] -- Installing: /home/runner/work/pixi_rosdistro/pixi_rosdistro/install/include/iceoryx/v2.0.6/iceoryx_posh/internal/popo/untyped_subscriber_impl.inl
[62.726s] -- Installing: /home/runner/work/pixi_rosdistro/pixi_rosdistro/install/include/iceoryx/v2.0.6/iceoryx_posh/internal/popo/base_publisher.inl
[62.727s] -- Installing: /home/runner/work/pixi_rosdistro/pixi_rosdistro/install/include/iceoryx/v2.0.6/iceoryx_posh/internal/popo/publisher_impl.inl
[62.728s] -- Installing: /home/runner/work/pixi_rosdistro/pixi_rosdistro/install/include/iceoryx/v2.0.6/iceoryx_posh/internal/popo/response.inl
[62.728s] -- Installing: /home/runner/work/pixi_rosdistro/pixi_rosdistro/install/include/iceoryx/v2.0.6/iceoryx_posh/internal/popo/notification_callback.inl
[62.728s] -- Installing: /home/runner/work/pixi_rosdistro/pixi_rosdistro/install/include/iceoryx/v2.0.6/iceoryx_posh/internal/popo/server_impl.inl
[62.731s] -- Installing: /home/runner/work/pixi_rosdistro/pixi_rosdistro/install/include/iceoryx/v2.0.6/iceoryx_posh/internal/popo/request.inl
[62.731s] -- Installing: /home/runner/work/pixi_rosdistro/pixi_rosdistro/install/include/iceoryx/v2.0.6/iceoryx_posh/internal/popo/subscriber_impl.hpp
[62.731s] -- Installing: /home/runner/work/pixi_rosdistro/pixi_rosdistro/install/include/iceoryx/v2.0.6/iceoryx_posh/internal/popo/publisher_impl.hpp
[62.731s] -- Installing: /home/runner/work/pixi_rosdistro/pixi_rosdistro/install/include/iceoryx/v2.0.6/iceoryx_posh/internal/popo/base_subscriber.hpp
[62.731s] -- Installing: /home/runner/work/pixi_rosdistro/pixi_rosdistro/install/include/iceoryx/v2.0.6/iceoryx_posh/internal/popo/untyped_subscriber_impl.hpp
[62.731s] -- Installing: /home/runner/work/pixi_rosdistro/pixi_rosdistro/install/include/iceoryx/v2.0.6/iceoryx_posh/internal/popo/sample_deleter.inl
[62.731s] -- Installing: /home/runner/work/pixi_rosdistro/pixi_rosdistro/install/include/iceoryx/v2.0.6/iceoryx_posh/internal/popo/untyped_publisher_impl.hpp
[62.732s] -- Installing: /home/runner/work/pixi_rosdistro/pixi_rosdistro/install/include/iceoryx/v2.0.6/iceoryx_posh/internal/popo/base_server.inl
[62.732s] -- Installing: /home/runner/work/pixi_rosdistro/pixi_rosdistro/install/include/iceoryx/v2.0.6/iceoryx_posh/internal/popo/building_blocks
[62.732s] -- Installing: /home/runner/work/pixi_rosdistro/pixi_rosdistro/install/include/iceoryx/v2.0.6/iceoryx_posh/internal/popo/building_blocks/chunk_distributor.inl
[62.732s] -- Installing: /home/runner/work/pixi_rosdistro/pixi_rosdistro/install/include/iceoryx/v2.0.6/iceoryx_posh/internal/popo/building_blocks/chunk_distributor.hpp
[62.732s] -- Installing: /home/runner/work/pixi_rosdistro/pixi_rosdistro/install/include/iceoryx/v2.0.6/iceoryx_posh/internal/popo/building_blocks/typed_unique_id.hpp
[62.732s] -- Installing: /home/runner/work/pixi_rosdistro/pixi_rosdistro/install/include/iceoryx/v2.0.6/iceoryx_posh/internal/popo/building_blocks/locking_policy.hpp
[62.732s] -- Installing: /home/runner/work/pixi_rosdistro/pixi_rosdistro/install/include/iceoryx/v2.0.6/iceoryx_posh/internal/popo/building_blocks/chunk_receiver.inl
[62.732s] -- Installing: /home/runner/work/pixi_rosdistro/pixi_rosdistro/install/include/iceoryx/v2.0.6/iceoryx_posh/internal/popo/building_blocks/unique_port_id.hpp
[62.733s] -- Installing: /home/runner/work/pixi_rosdistro/pixi_rosdistro/install/include/iceoryx/v2.0.6/iceoryx_posh/internal/popo/building_blocks/chunk_queue_popper.inl
[62.733s] -- Installing: /home/runner/work/pixi_rosdistro/pixi_rosdistro/install/include/iceoryx/v2.0.6/iceoryx_posh/internal/popo/building_blocks/chunk_queue_data.hpp
[62.733s] -- Installing: /home/runner/work/pixi_rosdistro/pixi_rosdistro/install/include/iceoryx/v2.0.6/iceoryx_posh/internal/popo/building_blocks/chunk_queue_data.inl
[62.733s] -- Installing: /home/runner/work/pixi_rosdistro/pixi_rosdistro/install/include/iceoryx/v2.0.6/iceoryx_posh/internal/popo/building_blocks/chunk_receiver_data.inl
[62.733s] -- Installing: /home/runner/work/pixi_rosdistro/pixi_rosdistro/install/include/iceoryx/v2.0.6/iceoryx_posh/internal/popo/building_blocks/chunk_queue_pusher.hpp
[62.736s] -- Installing: /home/runner/work/pixi_rosdistro/pixi_rosdistro/install/include/iceoryx/v2.0.6/iceoryx_posh/internal/popo/building_blocks/condition_variable_data.hpp
[62.737s] -- Installing: /home/runner/work/pixi_rosdistro/pixi_rosdistro/install/include/iceoryx/v2.0.6/iceoryx_posh/internal/popo/building_blocks/chunk_receiver_data.hpp
[62.737s] -- Installing: /home/runner/work/pixi_rosdistro/pixi_rosdistro/install/include/iceoryx/v2.0.6/iceoryx_posh/internal/popo/building_blocks/chunk_distributor_data.inl
[62.737s] -- Installing: /home/runner/work/pixi_rosdistro/pixi_rosdistro/install/include/iceoryx/v2.0.6/iceoryx_posh/internal/popo/building_blocks/chunk_receiver.hpp
[62.737s] -- Installing: /home/runner/work/pixi_rosdistro/pixi_rosdistro/install/include/iceoryx/v2.0.6/iceoryx_posh/internal/popo/building_blocks/chunk_queue_popper.hpp
[62.738s] -- Installing: /home/runner/work/pixi_rosdistro/pixi_rosdistro/install/include/iceoryx/v2.0.6/iceoryx_posh/internal/popo/building_blocks/chunk_sender_data.inl
[62.738s] -- Installing: /home/runner/work/pixi_rosdistro/pixi_rosdistro/install/include/iceoryx/v2.0.6/iceoryx_posh/internal/popo/building_blocks/chunk_sender_data.hpp
[62.738s] -- Installing: /home/runner/work/pixi_rosdistro/pixi_rosdistro/install/include/iceoryx/v2.0.6/iceoryx_posh/internal/popo/building_blocks/condition_listener.hpp
[62.738s] -- Installing: /home/runner/work/pixi_rosdistro/pixi_rosdistro/install/include/iceoryx/v2.0.6/iceoryx_posh/internal/popo/building_blocks/condition_notifier.hpp
[62.739s] -- Installing: /home/runner/work/pixi_rosdistro/pixi_rosdistro/install/include/iceoryx/v2.0.6/iceoryx_posh/internal/popo/building_blocks/chunk_sender.hpp
[62.739s] -- Installing: /home/runner/work/pixi_rosdistro/pixi_rosdistro/install/include/iceoryx/v2.0.6/iceoryx_posh/internal/popo/building_blocks/chunk_sender.inl
[62.739s] -- Installing: /home/runner/work/pixi_rosdistro/pixi_rosdistro/install/include/iceoryx/v2.0.6/iceoryx_posh/internal/popo/building_blocks/chunk_distributor_data.hpp
[62.741s] -- Installing: /home/runner/work/pixi_rosdistro/pixi_rosdistro/install/include/iceoryx/v2.0.6/iceoryx_posh/internal/popo/building_blocks/chunk_queue_pusher.inl
[62.742s] -- Installing: /home/runner/work/pixi_rosdistro/pixi_rosdistro/install/include/iceoryx/v2.0.6/iceoryx_posh/internal/popo/untyped_server_impl.inl
[62.742s] -- Installing: /home/runner/work/pixi_rosdistro/pixi_rosdistro/install/include/iceoryx/v2.0.6/iceoryx_posh/internal/popo/server_impl.hpp
[62.742s] -- Installing: /home/runner/work/pixi_rosdistro/pixi_rosdistro/install/include/iceoryx/v2.0.6/iceoryx_posh/internal/popo/sample_deleter.hpp
[62.742s] -- Installing: /home/runner/work/pixi_rosdistro/pixi_rosdistro/install/include/iceoryx/v2.0.6/iceoryx_posh/internal/popo/subscriber_impl.inl
[62.742s] -- Installing: /home/runner/work/pixi_rosdistro/pixi_rosdistro/install/include/iceoryx/v2.0.6/iceoryx_posh/internal/popo/publisher_interface.hpp
[62.742s] -- Installing: /home/runner/work/pixi_rosdistro/pixi_rosdistro/install/include/iceoryx/v2.0.6/iceoryx_posh/internal/popo/ports
[62.742s] -- Installing: /home/runner/work/pixi_rosdistro/pixi_rosdistro/install/include/iceoryx/v2.0.6/iceoryx_posh/internal/popo/ports/interface_port_data.hpp
[62.742s] -- Installing: /home/runner/work/pixi_rosdistro/pixi_rosdistro/install/include/iceoryx/v2.0.6/iceoryx_posh/internal/popo/ports/client_port_user.inl
[62.743s] -- Installing: /home/runner/work/pixi_rosdistro/pixi_rosdistro/install/include/iceoryx/v2.0.6/iceoryx_posh/internal/popo/ports/subscriber_port_multi_producer.hpp
[62.743s] -- Installing: /home/runner/work/pixi_rosdistro/pixi_rosdistro/install/include/iceoryx/v2.0.6/iceoryx_posh/internal/popo/ports/server_port_roudi.hpp
[62.743s] -- Installing: /home/runner/work/pixi_rosdistro/pixi_rosdistro/install/include/iceoryx/v2.0.6/iceoryx_posh/internal/popo/ports/publisher_port_user.hpp
[62.743s] -- Installing: /home/runner/work/pixi_rosdistro/pixi_rosdistro/install/include/iceoryx/v2.0.6/iceoryx_posh/internal/popo/ports/pub_sub_port_types.hpp
[62.743s] -- Installing: /home/runner/work/pixi_rosdistro/pixi_rosdistro/install/include/iceoryx/v2.0.6/iceoryx_posh/internal/popo/ports/interface_port.hpp
[62.744s] -- Installing: /home/runner/work/pixi_rosdistro/pixi_rosdistro/install/include/iceoryx/v2.0.6/iceoryx_posh/internal/popo/ports/server_port_user.inl
[62.745s] -- Installing: /home/runner/work/pixi_rosdistro/pixi_rosdistro/install/include/iceoryx/v2.0.6/iceoryx_posh/internal/popo/ports/client_port_data.hpp
[62.745s] -- Installing: /home/runner/work/pixi_rosdistro/pixi_rosdistro/install/include/iceoryx/v2.0.6/iceoryx_posh/internal/popo/ports/base_port.inl
[62.747s] -- Installing: /home/runner/work/pixi_rosdistro/pixi_rosdistro/install/include/iceoryx/v2.0.6/iceoryx_posh/internal/popo/ports/client_port_roudi.hpp
[62.748s] -- Installing: /home/runner/work/pixi_rosdistro/pixi_rosdistro/install/include/iceoryx/v2.0.6/iceoryx_posh/internal/popo/ports/publisher_port_data.hpp
[62.748s] -- Installing: /home/runner/work/pixi_rosdistro/pixi_rosdistro/install/include/iceoryx/v2.0.6/iceoryx_posh/internal/popo/ports/client_port_user.hpp
[62.748s] -- Installing: /home/runner/work/pixi_rosdistro/pixi_rosdistro/install/include/iceoryx/v2.0.6/iceoryx_posh/internal/popo/ports/server_port_user.hpp
[62.748s] -- Installing: /home/runner/work/pixi_rosdistro/pixi_rosdistro/install/include/iceoryx/v2.0.6/iceoryx_posh/internal/popo/ports/server_port_data.hpp
[62.748s] -- Installing: /home/runner/work/pixi_rosdistro/pixi_rosdistro/install/include/iceoryx/v2.0.6/iceoryx_posh/internal/popo/ports/subscriber_port_single_producer.hpp
[62.748s] -- Installing: /home/runner/work/pixi_rosdistro/pixi_rosdistro/install/include/iceoryx/v2.0.6/iceoryx_posh/internal/popo/ports/client_server_port_types.hpp
[62.748s] -- Installing: /home/runner/work/pixi_rosdistro/pixi_rosdistro/install/include/iceoryx/v2.0.6/iceoryx_posh/internal/popo/ports/publisher_port_roudi.hpp
[62.748s] -- Installing: /home/runner/work/pixi_rosdistro/pixi_rosdistro/install/include/iceoryx/v2.0.6/iceoryx_posh/internal/popo/ports/subscriber_port_data.hpp
[62.749s] -- Installing: /home/runner/work/pixi_rosdistro/pixi_rosdistro/install/include/iceoryx/v2.0.6/iceoryx_posh/internal/popo/ports/base_port.hpp
[62.749s] -- Installing: /home/runner/work/pixi_rosdistro/pixi_rosdistro/install/include/iceoryx/v2.0.6/iceoryx_posh/internal/popo/ports/subscriber_port_user.hpp
[62.749s] -- Installing: /home/runner/work/pixi_rosdistro/pixi_rosdistro/install/include/iceoryx/v2.0.6/iceoryx_posh/internal/popo/ports/subscriber_port_roudi.hpp
[62.749s] -- Installing: /home/runner/work/pixi_rosdistro/pixi_rosdistro/install/include/iceoryx/v2.0.6/iceoryx_posh/internal/popo/ports/base_port_data.hpp
[62.749s] -- Installing: /home/runner/work/pixi_rosdistro/pixi_rosdistro/install/include/iceoryx/v2.0.6/iceoryx_posh/internal/popo/base_publisher.hpp
[62.749s] -- Installing: /home/runner/work/pixi_rosdistro/pixi_rosdistro/install/include/iceoryx/v2.0.6/iceoryx_posh/internal/popo/base_client.hpp
[62.749s] -- Installing: /home/runner/work/pixi_rosdistro/pixi_rosdistro/install/include/iceoryx/v2.0.6/iceoryx_posh/internal/popo/response_deleter.hpp
[62.749s] -- Installing: /home/runner/work/pixi_rosdistro/pixi_rosdistro/install/include/iceoryx/v2.0.6/iceoryx_posh/internal/popo/client_impl.inl
[62.750s] -- Installing: /home/runner/work/pixi_rosdistro/pixi_rosdistro/install/include/iceoryx/v2.0.6/iceoryx_posh/internal/popo/rpc_interface.hpp
[62.750s] -- Installing: /home/runner/work/pixi_rosdistro/pixi_rosdistro/install/include/iceoryx/v2.0.6/iceoryx_posh/internal/popo/typed_port_api_trait.hpp
[62.750s] -- Installing: /home/runner/work/pixi_rosdistro/pixi_rosdistro/install/include/iceoryx/v2.0.6/iceoryx_posh/internal/popo/base_server.hpp
[62.750s] -- Installing: /home/runner/work/pixi_rosdistro/pixi_rosdistro/install/include/iceoryx/v2.0.6/iceoryx_posh/internal/popo/wait_set.inl
[62.750s] -- Installing: /home/runner/work/pixi_rosdistro/pixi_rosdistro/install/include/iceoryx/v2.0.6/iceoryx_posh/internal/popo/smart_chunk.inl
[62.750s] -- Installing: /home/runner/work/pixi_rosdistro/pixi_rosdistro/install/include/iceoryx/v2.0.6/iceoryx_posh/internal/popo/client_impl.hpp
[62.753s] -- Installing: /home/runner/work/pixi_rosdistro/pixi_rosdistro/install/include/iceoryx/v2.0.6/iceoryx_posh/internal/popo/untyped_client_impl.inl
[62.754s] -- Installing: /home/runner/work/pixi_rosdistro/pixi_rosdistro/install/include/iceoryx/v2.0.6/iceoryx_posh/internal/popo/untyped_server_impl.hpp
[62.754s] -- Installing: /home/runner/work/pixi_rosdistro/pixi_rosdistro/install/include/iceoryx/v2.0.6/iceoryx_posh/internal/popo/sample.inl
[62.754s] -- Installing: /home/runner/work/pixi_rosdistro/pixi_rosdistro/install/include/iceoryx/v2.0.6/iceoryx_posh/internal/popo/request_deleter.hpp
[62.754s] -- Installing: /home/runner/work/pixi_rosdistro/pixi_rosdistro/install/include/iceoryx/v2.0.6/iceoryx_posh/internal/popo/notification_attorney.inl
[62.754s] -- Installing: /home/runner/work/pixi_rosdistro/pixi_rosdistro/install/include/iceoryx/v2.0.6/iceoryx_posh/internal/popo/response_deleter.inl
[62.754s] -- Installing: /home/runner/work/pixi_rosdistro/pixi_rosdistro/install/include/iceoryx/v2.0.6/iceoryx_posh/internal/popo/listener.inl
[62.754s] -- Installing: /home/runner/work/pixi_rosdistro/pixi_rosdistro/install/include/iceoryx/v2.0.6/iceoryx_posh/internal/popo/used_chunk_list.inl
[62.754s] -- Installing: /home/runner/work/pixi_rosdistro/pixi_rosdistro/install/include/iceoryx/v2.0.6/iceoryx_posh/internal/popo/trigger.inl
[62.754s] -- Installing: /home/runner/work/pixi_rosdistro/pixi_rosdistro/install/include/iceoryx/v2.0.6/iceoryx_posh/internal/popo/base_client.inl
[62.754s] -- Installing: /home/runner/work/pixi_rosdistro/pixi_rosdistro/install/include/iceoryx/v2.0.6/iceoryx_posh/internal/mepoo
[62.755s] -- Installing: /home/runner/work/pixi_rosdistro/pixi_rosdistro/install/include/iceoryx/v2.0.6/iceoryx_posh/internal/mepoo/mepoo_segment.inl
[62.755s] -- Installing: /home/runner/work/pixi_rosdistro/pixi_rosdistro/install/include/iceoryx/v2.0.6/iceoryx_posh/internal/mepoo/shared_pointer.inl
[62.755s] -- Installing: /home/runner/work/pixi_rosdistro/pixi_rosdistro/install/include/iceoryx/v2.0.6/iceoryx_posh/internal/mepoo/memory_manager.inl
[62.755s] -- Installing: /home/runner/work/pixi_rosdistro/pixi_rosdistro/install/include/iceoryx/v2.0.6/iceoryx_posh/internal/mepoo/mepoo.hpp
[62.755s] -- Installing: /home/runner/work/pixi_rosdistro/pixi_rosdistro/install/include/iceoryx/v2.0.6/iceoryx_posh/internal/mepoo/mepoo_segment.hpp
[62.755s] -- Installing: /home/runner/work/pixi_rosdistro/pixi_rosdistro/install/include/iceoryx/v2.0.6/iceoryx_posh/internal/mepoo/typed_mem_pool.hpp
[62.755s] -- Installing: /home/runner/work/pixi_rosdistro/pixi_rosdistro/install/include/iceoryx/v2.0.6/iceoryx_posh/internal/mepoo/shared_pointer.hpp
[62.755s] -- Installing: /home/runner/work/pixi_rosdistro/pixi_rosdistro/install/include/iceoryx/v2.0.6/iceoryx_posh/internal/mepoo/chunk_management.hpp
[62.756s] -- Installing: /home/runner/work/pixi_rosdistro/pixi_rosdistro/install/include/iceoryx/v2.0.6/iceoryx_posh/internal/mepoo/mem_pool.hpp
[62.756s] -- Installing: /home/runner/work/pixi_rosdistro/pixi_rosdistro/install/include/iceoryx/v2.0.6/iceoryx_posh/internal/mepoo/typed_mem_pool.inl
[62.756s] -- Installing: /home/runner/work/pixi_rosdistro/pixi_rosdistro/install/include/iceoryx/v2.0.6/iceoryx_posh/internal/mepoo/segment_manager.hpp
[62.756s] -- Installing: /home/runner/work/pixi_rosdistro/pixi_rosdistro/install/include/iceoryx/v2.0.6/iceoryx_posh/internal/mepoo/memory_manager.hpp
[62.756s] -- Installing: /home/runner/work/pixi_rosdistro/pixi_rosdistro/install/include/iceoryx/v2.0.6/iceoryx_posh/internal/mepoo/shm_safe_unmanaged_chunk.hpp
[62.757s] -- Installing: /home/runner/work/pixi_rosdistro/pixi_rosdistro/install/include/iceoryx/v2.0.6/iceoryx_posh/internal/mepoo/shared_chunk.hpp
[62.757s] -- Installing: /home/runner/work/pixi_rosdistro/pixi_rosdistro/install/include/iceoryx/v2.0.6/iceoryx_posh/internal/mepoo/segment_manager.inl
[62.757s] -- Installing: /home/runner/work/pixi_rosdistro/pixi_rosdistro/install/include/iceoryx/v2.0.6/iceoryx_posh/internal/roudi
[62.757s] -- Installing: /home/runner/work/pixi_rosdistro/pixi_rosdistro/install/include/iceoryx/v2.0.6/iceoryx_posh/internal/roudi/port_manager.inl
[62.765s] -- Installing: /home/runner/work/pixi_rosdistro/pixi_rosdistro/install/include/iceoryx/v2.0.6/iceoryx_posh/internal/roudi/process.hpp
[62.765s] -- Installing: /home/runner/work/pixi_rosdistro/pixi_rosdistro/install/include/iceoryx/v2.0.6/iceoryx_posh/internal/roudi/port_manager.hpp
[62.766s] -- Installing: /home/runner/work/pixi_rosdistro/pixi_rosdistro/install/include/iceoryx/v2.0.6/iceoryx_posh/internal/roudi/memory
[62.766s] -- Installing: /home/runner/work/pixi_rosdistro/pixi_rosdistro/install/include/iceoryx/v2.0.6/iceoryx_posh/internal/roudi/memory/port_pool_memory_block.hpp
[62.766s] -- Installing: /home/runner/work/pixi_rosdistro/pixi_rosdistro/install/include/iceoryx/v2.0.6/iceoryx_posh/internal/roudi/memory/mempool_segment_manager_memory_block.hpp
[62.766s] -- Installing: /home/runner/work/pixi_rosdistro/pixi_rosdistro/install/include/iceoryx/v2.0.6/iceoryx_posh/internal/roudi/memory/generic_memory_block.inl
[62.766s] -- Installing: /home/runner/work/pixi_rosdistro/pixi_rosdistro/install/include/iceoryx/v2.0.6/iceoryx_posh/internal/roudi/memory/mempool_collection_memory_block.hpp
[62.766s] -- Installing: /home/runner/work/pixi_rosdistro/pixi_rosdistro/install/include/iceoryx/v2.0.6/iceoryx_posh/internal/roudi/port_pool_data.inl
[62.766s] -- Installing: /home/runner/work/pixi_rosdistro/pixi_rosdistro/install/include/iceoryx/v2.0.6/iceoryx_posh/internal/roudi/service_registry.hpp
[62.766s] -- Installing: /home/runner/work/pixi_rosdistro/pixi_rosdistro/install/include/iceoryx/v2.0.6/iceoryx_posh/internal/roudi/introspection
[62.766s] -- Installing: /home/runner/work/pixi_rosdistro/pixi_rosdistro/install/include/iceoryx/v2.0.6/iceoryx_posh/internal/roudi/introspection/mempool_introspection.hpp
[62.767s] -- Installing: /home/runner/work/pixi_rosdistro/pixi_rosdistro/install/include/iceoryx/v2.0.6/iceoryx_posh/internal/roudi/introspection/process_introspection.hpp
[62.767s] -- Installing: /home/runner/work/pixi_rosdistro/pixi_rosdistro/install/include/iceoryx/v2.0.6/iceoryx_posh/internal/roudi/introspection/mempool_introspection.inl
[62.767s] -- Installing: /home/runner/work/pixi_rosdistro/pixi_rosdistro/install/include/iceoryx/v2.0.6/iceoryx_posh/internal/roudi/introspection/fixed_size_container.hpp
[62.767s] -- Installing: /home/runner/work/pixi_rosdistro/pixi_rosdistro/install/include/iceoryx/v2.0.6/iceoryx_posh/internal/roudi/introspection/port_introspection.inl
[62.767s] -- Installing: /home/runner/work/pixi_rosdistro/pixi_rosdistro/install/include/iceoryx/v2.0.6/iceoryx_posh/internal/roudi/introspection/port_introspection.hpp
[62.767s] -- Installing: /home/runner/work/pixi_rosdistro/pixi_rosdistro/install/include/iceoryx/v2.0.6/iceoryx_posh/internal/roudi/introspection/process_introspection.inl
[62.767s] -- Installing: /home/runner/work/pixi_rosdistro/pixi_rosdistro/install/include/iceoryx/v2.0.6/iceoryx_posh/internal/roudi/roudi.hpp
[62.767s] -- Installing: /home/runner/work/pixi_rosdistro/pixi_rosdistro/install/include/iceoryx/v2.0.6/iceoryx_posh/internal/roudi/process_manager.hpp
[62.767s] -- Installing: /home/runner/work/pixi_rosdistro/pixi_rosdistro/install/include/iceoryx/v2.0.6/iceoryx_posh/internal/roudi/port_pool_data.hpp
[62.768s] -- Installing: /home/runner/work/pixi_rosdistro/pixi_rosdistro/install/include/iceoryx/v2.0.6/iceoryx_posh/internal/capro
[62.768s] -- Installing: /home/runner/work/pixi_rosdistro/pixi_rosdistro/install/include/iceoryx/v2.0.6/iceoryx_posh/internal/capro/capro_message.hpp
[62.768s] -- Installing: /home/runner/work/pixi_rosdistro/pixi_rosdistro/install/include/iceoryx/v2.0.6/iceoryx_posh/internal/capro/capro_message.inl
[62.768s] -- Installing: /home/runner/work/pixi_rosdistro/pixi_rosdistro/install/include/iceoryx/v2.0.6/iceoryx_posh/internal/gateway
[62.768s] -- Installing: /home/runner/work/pixi_rosdistro/pixi_rosdistro/install/include/iceoryx/v2.0.6/iceoryx_posh/internal/gateway/gateway_generic.inl
[62.768s] -- Installing: /home/runner/work/pixi_rosdistro/pixi_rosdistro/install/include/iceoryx/v2.0.6/iceoryx_posh/internal/gateway/channel.inl
[62.769s] -- Installing: /home/runner/work/pixi_rosdistro/pixi_rosdistro/install/include/iceoryx/v2.0.6/iceoryx_posh/capro
[62.769s] -- Installing: /home/runner/work/pixi_rosdistro/pixi_rosdistro/install/include/iceoryx/v2.0.6/iceoryx_posh/capro/service_description.hpp
[62.769s] -- Installing: /home/runner/work/pixi_rosdistro/pixi_rosdistro/install/include/iceoryx/v2.0.6/iceoryx_posh/version
[62.770s] -- Installing: /home/runner/work/pixi_rosdistro/pixi_rosdistro/install/include/iceoryx/v2.0.6/iceoryx_posh/version/version_info.hpp
[62.770s] -- Installing: /home/runner/work/pixi_rosdistro/pixi_rosdistro/install/include/iceoryx/v2.0.6/iceoryx_posh/version/compatibility_check_level.hpp
[62.770s] -- Installing: /home/runner/work/pixi_rosdistro/pixi_rosdistro/install/include/iceoryx/v2.0.6/iceoryx_posh/iceoryx_posh_types.hpp
[62.770s] -- Installing: /home/runner/work/pixi_rosdistro/pixi_rosdistro/install/include/iceoryx/v2.0.6/iceoryx_posh/gateway
[62.770s] -- Installing: /home/runner/work/pixi_rosdistro/pixi_rosdistro/install/include/iceoryx/v2.0.6/iceoryx_posh/gateway/gateway_config.hpp
[62.770s] -- Installing: /home/runner/work/pixi_rosdistro/pixi_rosdistro/install/include/iceoryx/v2.0.6/iceoryx_posh/gateway/toml_gateway_config_parser.hpp
[62.770s] -- Installing: /home/runner/work/pixi_rosdistro/pixi_rosdistro/install/include/iceoryx/v2.0.6/iceoryx_posh/gateway/gateway_generic.hpp
[62.770s] -- Installing: /home/runner/work/pixi_rosdistro/pixi_rosdistro/install/include/iceoryx/v2.0.6/iceoryx_posh/gateway/gateway_discovery.hpp
[62.771s] -- Installing: /home/runner/work/pixi_rosdistro/pixi_rosdistro/install/include/iceoryx/v2.0.6/iceoryx_posh/gateway/gateway_base.hpp
[62.771s] -- Installing: /home/runner/work/pixi_rosdistro/pixi_rosdistro/install/include/iceoryx/v2.0.6/iceoryx_posh/gateway/channel.hpp
[62.771s] -- Installing: /home/runner/work/pixi_rosdistro/pixi_rosdistro/install/lib/cmake/iceoryx_posh/iceoryx_poshConfigVersion.cmake
[62.771s] -- Installing: /home/runner/work/pixi_rosdistro/pixi_rosdistro/install/lib/cmake/iceoryx_posh/iceoryx_poshConfig.cmake
[62.771s] -- Installing: /home/runner/work/pixi_rosdistro/pixi_rosdistro/install/lib/cmake/iceoryx_posh/iceoryx_poshTargets.cmake
[62.771s] -- Installing: /home/runner/work/pixi_rosdistro/pixi_rosdistro/install/lib/cmake/iceoryx_posh/iceoryx_poshTargets-release.cmake
[62.771s] -- Installing: /home/runner/work/pixi_rosdistro/pixi_rosdistro/install/include/iceoryx/v2.0.6/iceoryx_posh/iceoryx_posh_deployment.hpp
[62.771s] -- Installing: /home/runner/work/pixi_rosdistro/pixi_rosdistro/install/lib/cmake/iceoryx_posh/IceoryxPoshDeployment.cmake
[62.772s] Invoked command in '/home/runner/work/pixi_rosdistro/pixi_rosdistro/build/iceoryx_posh' returned '0': CMAKE_PREFIX_PATH=/home/runner/work/pixi_rosdistro/pixi_rosdistro/install:${CMAKE_PREFIX_PATH} LD_LIBRARY_PATH=/home/runner/work/pixi_rosdistro/pixi_rosdistro/install/lib PATH=/home/runner/work/pixi_rosdistro/pixi_rosdistro/install/bin:/opt/microsoft/powershell/7:${PATH} PIXI_PROMPT=(ros2_rolling) PKG_CONFIG_PATH=/home/runner/work/pixi_rosdistro/pixi_rosdistro/install/lib/pkgconfig PSModulePath=/home/runner/.local/share/powershell/Modules:${PSModulePath} PYTHONPATH=/home/runner/work/pixi_rosdistro/pixi_rosdistro/install/lib/python3.12/site-packages ROS_DOMAIN_ID=34 /home/runner/work/pixi_rosdistro/pixi_rosdistro/.pixi/envs/default/bin/cmake --install /home/runner/work/pixi_rosdistro/pixi_rosdistro/build/iceoryx_posh
