[0.486s] Invoking command in 'D:\a\pixi_rosdistro\pixi_rosdistro\build\ament_cmake_target_dependencies': AMENT_PREFIX_PATH=D:\a\pixi_rosdistro\pixi_rosdistro\install CMAKE_PREFIX_PATH=D:\a\pixi_rosdistro\pixi_rosdistro\install;D:\a\pixi_rosdistro\pixi_rosdistro\.pixi\envs\default\Library PATH=D:\a\pixi_rosdistro\pixi_rosdistro\install\Scripts;%PATH% PIXI_PROMPT=(ros2_rolling) PROMPT=$P$G PYTHONPATH=D:\a\pixi_rosdistro\pixi_rosdistro\install\Lib\site-packages D:\a\pixi_rosdistro\pixi_rosdistro\.pixi\envs\default\Library\bin\cmake.EXE D:\a\pixi_rosdistro\pixi_rosdistro\src\ament\ament_cmake\ament_cmake_target_dependencies -GNinja --no-warn-unused-cli -DCMAKE_BUILD_TYPE=Release -DCMAKE_BUILD_WITH_INSTALL_RPATH:bool=TRUE -DCMAKE_POLICY_VERSION_MINIMUM=3.5 -Wno-deprecated -DSTACK_DETAILS_AUTO_DETECT:bool=FALSE -DSTACK_DETAILS_BFD:bool=FALSE -DCMAKE_INSTALL_PREFIX=D:\a\pixi_rosdistro\pixi_rosdistro\install
[0.552s] Not searching for unused variables given on the command line.
[0.552s] -- Found ament_cmake_core: 2.8.6 (D:/a/pixi_rosdistro/pixi_rosdistro/install/share/ament_cmake_core/cmake)
[1.102s] -- Found Python3: D:/a/pixi_rosdistro/pixi_rosdistro/.pixi/envs/default/python.exe (found version "3.14.3") found components: Interpreter
[1.553s] -- Configuring done (1.0s)
[1.589s] -- Generating done (0.0s)
[1.598s] -- Build files have been written to: D:/a/pixi_rosdistro/pixi_rosdistro/build/ament_cmake_target_dependencies
[1.608s] Invoked command in 'D:\a\pixi_rosdistro\pixi_rosdistro\build\ament_cmake_target_dependencies' returned '0': AMENT_PREFIX_PATH=D:\a\pixi_rosdistro\pixi_rosdistro\install CMAKE_PREFIX_PATH=D:\a\pixi_rosdistro\pixi_rosdistro\install;D:\a\pixi_rosdistro\pixi_rosdistro\.pixi\envs\default\Library PATH=D:\a\pixi_rosdistro\pixi_rosdistro\install\Scripts;%PATH% PIXI_PROMPT=(ros2_rolling) PROMPT=$P$G PYTHONPATH=D:\a\pixi_rosdistro\pixi_rosdistro\install\Lib\site-packages ROS_DOMAIN_ID=99 D:\a\pixi_rosdistro\pixi_rosdistro\.pixi\envs\default\Library\bin\cmake.EXE D:\a\pixi_rosdistro\pixi_rosdistro\src\ament\ament_cmake\ament_cmake_target_dependencies -GNinja --no-warn-unused-cli -DCMAKE_BUILD_TYPE=Release -DCMAKE_BUILD_WITH_INSTALL_RPATH:bool=TRUE -DCMAKE_POLICY_VERSION_MINIMUM=3.5 -Wno-deprecated -DSTACK_DETAILS_AUTO_DETECT:bool=FALSE -DSTACK_DETAILS_BFD:bool=FALSE -DCMAKE_INSTALL_PREFIX=D:\a\pixi_rosdistro\pixi_rosdistro\install
[1.609s] Invoking command in 'D:\a\pixi_rosdistro\pixi_rosdistro\build\ament_cmake_target_dependencies': AMENT_PREFIX_PATH=D:\a\pixi_rosdistro\pixi_rosdistro\install CMAKE_PREFIX_PATH=D:\a\pixi_rosdistro\pixi_rosdistro\install;D:\a\pixi_rosdistro\pixi_rosdistro\.pixi\envs\default\Library PATH=D:\a\pixi_rosdistro\pixi_rosdistro\install\Scripts;%PATH% PIXI_PROMPT=(ros2_rolling) PROMPT=$P$G PYTHONPATH=D:\a\pixi_rosdistro\pixi_rosdistro\install\Lib\site-packages ROS_DOMAIN_ID=99 D:\a\pixi_rosdistro\pixi_rosdistro\.pixi\envs\default\Library\bin\cmake.EXE --build D:\a\pixi_rosdistro\pixi_rosdistro\build\ament_cmake_target_dependencies -- -j4 -l4
[1.691s] ninja: no work to do.
[1.691s] Invoked command in 'D:\a\pixi_rosdistro\pixi_rosdistro\build\ament_cmake_target_dependencies' returned '0': AMENT_PREFIX_PATH=D:\a\pixi_rosdistro\pixi_rosdistro\install CMAKE_PREFIX_PATH=D:\a\pixi_rosdistro\pixi_rosdistro\install;D:\a\pixi_rosdistro\pixi_rosdistro\.pixi\envs\default\Library PATH=D:\a\pixi_rosdistro\pixi_rosdistro\install\Scripts;%PATH% PIXI_PROMPT=(ros2_rolling) PROMPT=$P$G PYTHONPATH=D:\a\pixi_rosdistro\pixi_rosdistro\install\Lib\site-packages ROS_DOMAIN_ID=99 D:\a\pixi_rosdistro\pixi_rosdistro\.pixi\envs\default\Library\bin\cmake.EXE --build D:\a\pixi_rosdistro\pixi_rosdistro\build\ament_cmake_target_dependencies -- -j4 -l4
[1.694s] Invoking command in 'D:\a\pixi_rosdistro\pixi_rosdistro\build\ament_cmake_target_dependencies': AMENT_PREFIX_PATH=D:\a\pixi_rosdistro\pixi_rosdistro\install CMAKE_PREFIX_PATH=D:\a\pixi_rosdistro\pixi_rosdistro\install;D:\a\pixi_rosdistro\pixi_rosdistro\.pixi\envs\default\Library PATH=D:\a\pixi_rosdistro\pixi_rosdistro\install\Scripts;%PATH% PIXI_PROMPT=(ros2_rolling) PROMPT=$P$G PYTHONPATH=D:\a\pixi_rosdistro\pixi_rosdistro\install\Lib\site-packages ROS_DOMAIN_ID=99 D:\a\pixi_rosdistro\pixi_rosdistro\.pixi\envs\default\Library\bin\cmake.EXE --install D:\a\pixi_rosdistro\pixi_rosdistro\build\ament_cmake_target_dependencies
[1.723s] -- Install configuration: "Release"
[1.723s] -- Installing: D:/a/pixi_rosdistro/pixi_rosdistro/install/share/ament_index/resource_index/package_run_dependencies/ament_cmake_target_dependencies
[1.724s] -- Installing: D:/a/pixi_rosdistro/pixi_rosdistro/install/share/ament_index/resource_index/parent_prefix_path/ament_cmake_target_dependencies
[1.726s] -- Installing: D:/a/pixi_rosdistro/pixi_rosdistro/install/share/ament_cmake_target_dependencies/environment/ament_prefix_path.bat
[1.726s] -- Installing: D:/a/pixi_rosdistro/pixi_rosdistro/install/share/ament_cmake_target_dependencies/environment/ament_prefix_path.dsv
[1.727s] -- Installing: D:/a/pixi_rosdistro/pixi_rosdistro/install/share/ament_cmake_target_dependencies/environment/path.bat
[1.728s] -- Installing: D:/a/pixi_rosdistro/pixi_rosdistro/install/share/ament_cmake_target_dependencies/environment/path.dsv
[1.729s] -- Installing: D:/a/pixi_rosdistro/pixi_rosdistro/install/share/ament_cmake_target_dependencies/local_setup.bat
[1.730s] -- Installing: D:/a/pixi_rosdistro/pixi_rosdistro/install/share/ament_cmake_target_dependencies/local_setup.dsv
[1.731s] -- Installing: D:/a/pixi_rosdistro/pixi_rosdistro/install/share/ament_cmake_target_dependencies/package.dsv
[1.732s] -- Installing: D:/a/pixi_rosdistro/pixi_rosdistro/install/share/ament_index/resource_index/packages/ament_cmake_target_dependencies
[1.733s] -- Installing: D:/a/pixi_rosdistro/pixi_rosdistro/install/share/ament_cmake_target_dependencies/cmake/ament_cmake_target_dependencies-extras.cmake
[1.734s] -- Installing: D:/a/pixi_rosdistro/pixi_rosdistro/install/share/ament_cmake_target_dependencies/cmake/ament_cmake_target_dependenciesConfig.cmake
[1.735s] -- Installing: D:/a/pixi_rosdistro/pixi_rosdistro/install/share/ament_cmake_target_dependencies/cmake/ament_cmake_target_dependenciesConfig-version.cmake
[1.736s] -- Installing: D:/a/pixi_rosdistro/pixi_rosdistro/install/share/ament_cmake_target_dependencies/package.xml
[1.737s] -- Up-to-date: D:/a/pixi_rosdistro/pixi_rosdistro/install/share/ament_cmake_target_dependencies/cmake
[1.738s] -- Installing: D:/a/pixi_rosdistro/pixi_rosdistro/install/share/ament_cmake_target_dependencies/cmake/ament_get_recursive_properties.cmake
[1.746s] Invoked command in 'D:\a\pixi_rosdistro\pixi_rosdistro\build\ament_cmake_target_dependencies' returned '0': AMENT_PREFIX_PATH=D:\a\pixi_rosdistro\pixi_rosdistro\install CMAKE_PREFIX_PATH=D:\a\pixi_rosdistro\pixi_rosdistro\install;D:\a\pixi_rosdistro\pixi_rosdistro\.pixi\envs\default\Library PATH=D:\a\pixi_rosdistro\pixi_rosdistro\install\Scripts;%PATH% PIXI_PROMPT=(ros2_rolling) PROMPT=$P$G PYTHONPATH=D:\a\pixi_rosdistro\pixi_rosdistro\install\Lib\site-packages ROS_DOMAIN_ID=99 D:\a\pixi_rosdistro\pixi_rosdistro\.pixi\envs\default\Library\bin\cmake.EXE --install D:\a\pixi_rosdistro\pixi_rosdistro\build\ament_cmake_target_dependencies
