[0.328s] Invoking command in '/Users/runner/work/pixi_rosdistro/pixi_rosdistro/build/rmw_security_common': AMENT_PREFIX_PATH=/Users/runner/work/pixi_rosdistro/pixi_rosdistro/install CMAKE_PREFIX_PATH=/Users/runner/work/pixi_rosdistro/pixi_rosdistro/install DYLD_LIBRARY_PATH=/Users/runner/work/pixi_rosdistro/pixi_rosdistro/install/lib:/Users/runner/work/pixi_rosdistro/pixi_rosdistro/install/opt/mimick_vendor/lib PATH=/Users/runner/work/pixi_rosdistro/pixi_rosdistro/install/bin:${PATH} PIXI_PROMPT=(ros2_rolling) PKG_CONFIG_PATH=/Users/runner/work/pixi_rosdistro/pixi_rosdistro/install/lib/pkgconfig PYTHONPATH=/Users/runner/work/pixi_rosdistro/pixi_rosdistro/install/lib/python3.12/site-packages ROS_DOMAIN_ID=115 SHLVL=3 _=/usr/bin/env /Users/runner/work/pixi_rosdistro/pixi_rosdistro/.pixi/envs/default/bin/cmake /Users/runner/work/pixi_rosdistro/pixi_rosdistro/src/ros2/rmw/rmw_security_common -GNinja --no-warn-unused-cli -DCMAKE_BUILD_TYPE=Release -DCMAKE_BUILD_WITH_INSTALL_RPATH:bool=TRUE -DCMAKE_POLICY_VERSION_MINIMUM=3.5 -Wno-deprecated -DSTACK_DETAILS_AUTO_DETECT:bool=FALSE -DSTACK_DETAILS_BFD:bool=FALSE -DCMAKE_INSTALL_PREFIX=/Users/runner/work/pixi_rosdistro/pixi_rosdistro/install
[0.620s] Not searching for unused variables given on the command line.
[0.620s] -- The C compiler identification is AppleClang 17.0.0.17000013
[0.752s] -- The CXX compiler identification is AppleClang 17.0.0.17000013
[0.782s] -- Detecting C compiler ABI info
[1.081s] -- Detecting C compiler ABI info - done
[1.125s] -- Check for working C compiler: /usr/bin/cc - skipped
[1.125s] -- Detecting C compile features
[1.125s] -- Detecting C compile features - done
[1.133s] -- Detecting CXX compiler ABI info
[1.482s] -- Detecting CXX compiler ABI info - done
[1.525s] -- Check for working CXX compiler: /usr/bin/c++ - skipped
[1.525s] -- Detecting CXX compile features
[1.525s] -- Detecting CXX compile features - done
[1.533s] -- Found ament_cmake: 2.8.6 (/Users/runner/work/pixi_rosdistro/pixi_rosdistro/install/share/ament_cmake/cmake)
[1.846s] -- Found rcutils: 7.0.7 (/Users/runner/work/pixi_rosdistro/pixi_rosdistro/install/share/rcutils/cmake)
[1.854s] -- Found rmw: 7.9.1 (/Users/runner/work/pixi_rosdistro/pixi_rosdistro/install/share/rmw/cmake)
[1.893s] -- Found ament_lint_auto: 0.20.3 (/Users/runner/work/pixi_rosdistro/pixi_rosdistro/install/share/ament_lint_auto/cmake)
[1.900s] -- Found ament_cmake_gmock: 2.8.6 (/Users/runner/work/pixi_rosdistro/pixi_rosdistro/install/share/ament_cmake_gmock/cmake)
[2.092s] -- Found gmock sources under '/Users/runner/work/pixi_rosdistro/pixi_rosdistro/install/src/gmock_vendor': C++ tests using 'Google Mock' will be built
[2.106s] -- Found ament_cmake_gtest: 2.8.6 (/Users/runner/work/pixi_rosdistro/pixi_rosdistro/install/share/ament_cmake_gtest/cmake)
[2.108s] -- Found gtest sources under '/Users/runner/work/pixi_rosdistro/pixi_rosdistro/install/src/gtest_vendor': C++ tests using 'Google Test' will be built
[2.113s] -- Added test 'copyright' to check source files copyright and LICENSE
[2.115s] -- Added test 'cppcheck' to perform static code analysis on C / C++ code
[2.115s] -- Configured cppcheck include dirs: $<BUILD_INTERFACE:/Users/runner/work/pixi_rosdistro/pixi_rosdistro/src/ros2/rmw/rmw_security_common/include>
[2.115s] -- Configured cppcheck exclude dirs and/or files: 
[2.116s] -- Added test 'cpplint' to check C / C++ code against the Google style
[2.116s] -- Configured cpplint exclude dirs and/or files: 
[2.117s] -- Added test 'lint_cmake' to check CMake code style
[2.119s] -- Added test 'uncrustify' to check C / C++ code style
[2.119s] -- Configured uncrustify additional arguments: 
[2.120s] -- Added test 'xmllint' to check XML markup files
[2.123s] -- Configuring done (1.8s)
[2.149s] -- Generating done (0.0s)
[2.165s] -- Build files have been written to: /Users/runner/work/pixi_rosdistro/pixi_rosdistro/build/rmw_security_common
[2.172s] Invoked command in '/Users/runner/work/pixi_rosdistro/pixi_rosdistro/build/rmw_security_common' returned '0': AMENT_PREFIX_PATH=/Users/runner/work/pixi_rosdistro/pixi_rosdistro/install CMAKE_PREFIX_PATH=/Users/runner/work/pixi_rosdistro/pixi_rosdistro/install DYLD_LIBRARY_PATH=/Users/runner/work/pixi_rosdistro/pixi_rosdistro/install/lib:/Users/runner/work/pixi_rosdistro/pixi_rosdistro/install/opt/mimick_vendor/lib PATH=/Users/runner/work/pixi_rosdistro/pixi_rosdistro/install/bin:${PATH} PIXI_PROMPT=(ros2_rolling) PKG_CONFIG_PATH=/Users/runner/work/pixi_rosdistro/pixi_rosdistro/install/lib/pkgconfig PYTHONPATH=/Users/runner/work/pixi_rosdistro/pixi_rosdistro/install/lib/python3.12/site-packages ROS_DOMAIN_ID=115 SHLVL=3 _=/usr/bin/env /Users/runner/work/pixi_rosdistro/pixi_rosdistro/.pixi/envs/default/bin/cmake /Users/runner/work/pixi_rosdistro/pixi_rosdistro/src/ros2/rmw/rmw_security_common -GNinja --no-warn-unused-cli -DCMAKE_BUILD_TYPE=Release -DCMAKE_BUILD_WITH_INSTALL_RPATH:bool=TRUE -DCMAKE_POLICY_VERSION_MINIMUM=3.5 -Wno-deprecated -DSTACK_DETAILS_AUTO_DETECT:bool=FALSE -DSTACK_DETAILS_BFD:bool=FALSE -DCMAKE_INSTALL_PREFIX=/Users/runner/work/pixi_rosdistro/pixi_rosdistro/install
[2.176s] Invoking command in '/Users/runner/work/pixi_rosdistro/pixi_rosdistro/build/rmw_security_common': AMENT_PREFIX_PATH=/Users/runner/work/pixi_rosdistro/pixi_rosdistro/install CMAKE_PREFIX_PATH=/Users/runner/work/pixi_rosdistro/pixi_rosdistro/install DYLD_LIBRARY_PATH=/Users/runner/work/pixi_rosdistro/pixi_rosdistro/install/lib:/Users/runner/work/pixi_rosdistro/pixi_rosdistro/install/opt/mimick_vendor/lib PATH=/Users/runner/work/pixi_rosdistro/pixi_rosdistro/install/bin:${PATH} PIXI_PROMPT=(ros2_rolling) PKG_CONFIG_PATH=/Users/runner/work/pixi_rosdistro/pixi_rosdistro/install/lib/pkgconfig PYTHONPATH=/Users/runner/work/pixi_rosdistro/pixi_rosdistro/install/lib/python3.12/site-packages ROS_DOMAIN_ID=115 SHLVL=3 _=/usr/bin/env /Users/runner/work/pixi_rosdistro/pixi_rosdistro/.pixi/envs/default/bin/cmake --build /Users/runner/work/pixi_rosdistro/pixi_rosdistro/build/rmw_security_common -- -j3 -l3
[2.580s] [1/9] Building CXX object CMakeFiles/rmw_security_common_library.dir/src/security.cpp.o
[3.074s] [2/9] Building CXX object gmock/CMakeFiles/gmock.dir/Users/runner/work/pixi_rosdistro/pixi_rosdistro/install/src/gtest_vendor/src/gtest-all.cc.o
[3.580s] [3/9] Building CXX object gmock/CMakeFiles/gmock.dir/src/gmock-all.cc.o
[4.048s] [4/9] Building CXX object gmock/CMakeFiles/gmock_main.dir/src/gmock_main.cc.o
[4.126s] [5/9] Linking CXX shared library librmw_security_common.dylib
[4.508s] [6/9] Building CXX object CMakeFiles/test_security.dir/test/test_security.cpp.o
[4.594s] [7/9] Linking CXX static library gmock/libgmock.a
[4.664s] [8/9] Linking CXX static library gmock/libgmock_main.a
[4.722s] [9/9] Linking CXX executable test_security
[4.725s] Invoked command in '/Users/runner/work/pixi_rosdistro/pixi_rosdistro/build/rmw_security_common' returned '0': AMENT_PREFIX_PATH=/Users/runner/work/pixi_rosdistro/pixi_rosdistro/install CMAKE_PREFIX_PATH=/Users/runner/work/pixi_rosdistro/pixi_rosdistro/install DYLD_LIBRARY_PATH=/Users/runner/work/pixi_rosdistro/pixi_rosdistro/install/lib:/Users/runner/work/pixi_rosdistro/pixi_rosdistro/install/opt/mimick_vendor/lib PATH=/Users/runner/work/pixi_rosdistro/pixi_rosdistro/install/bin:${PATH} PIXI_PROMPT=(ros2_rolling) PKG_CONFIG_PATH=/Users/runner/work/pixi_rosdistro/pixi_rosdistro/install/lib/pkgconfig PYTHONPATH=/Users/runner/work/pixi_rosdistro/pixi_rosdistro/install/lib/python3.12/site-packages ROS_DOMAIN_ID=115 SHLVL=3 _=/usr/bin/env /Users/runner/work/pixi_rosdistro/pixi_rosdistro/.pixi/envs/default/bin/cmake --build /Users/runner/work/pixi_rosdistro/pixi_rosdistro/build/rmw_security_common -- -j3 -l3
[4.726s] Invoking command in '/Users/runner/work/pixi_rosdistro/pixi_rosdistro/build/rmw_security_common': AMENT_PREFIX_PATH=/Users/runner/work/pixi_rosdistro/pixi_rosdistro/install CMAKE_PREFIX_PATH=/Users/runner/work/pixi_rosdistro/pixi_rosdistro/install DYLD_LIBRARY_PATH=/Users/runner/work/pixi_rosdistro/pixi_rosdistro/install/lib:/Users/runner/work/pixi_rosdistro/pixi_rosdistro/install/opt/mimick_vendor/lib PATH=/Users/runner/work/pixi_rosdistro/pixi_rosdistro/install/bin:${PATH} PIXI_PROMPT=(ros2_rolling) PKG_CONFIG_PATH=/Users/runner/work/pixi_rosdistro/pixi_rosdistro/install/lib/pkgconfig PYTHONPATH=/Users/runner/work/pixi_rosdistro/pixi_rosdistro/install/lib/python3.12/site-packages ROS_DOMAIN_ID=115 SHLVL=3 _=/usr/bin/env /Users/runner/work/pixi_rosdistro/pixi_rosdistro/.pixi/envs/default/bin/cmake --install /Users/runner/work/pixi_rosdistro/pixi_rosdistro/build/rmw_security_common
[4.743s] -- Install configuration: "Release"
[4.743s] -- Installing: /Users/runner/work/pixi_rosdistro/pixi_rosdistro/install/lib/librmw_security_common.dylib
[4.743s] -- Installing: /Users/runner/work/pixi_rosdistro/pixi_rosdistro/install/share/rmw_security_common/environment/library_path.sh
[4.744s] -- Installing: /Users/runner/work/pixi_rosdistro/pixi_rosdistro/install/share/rmw_security_common/environment/library_path.dsv
[4.746s] -- Installing: /Users/runner/work/pixi_rosdistro/pixi_rosdistro/install/include/rmw_security_common
[4.746s] -- Installing: /Users/runner/work/pixi_rosdistro/pixi_rosdistro/install/include/rmw_security_common/rmw_security_common
[4.746s] -- Installing: /Users/runner/work/pixi_rosdistro/pixi_rosdistro/install/include/rmw_security_common/rmw_security_common/visibility_control.h
[4.746s] -- Installing: /Users/runner/work/pixi_rosdistro/pixi_rosdistro/install/include/rmw_security_common/rmw_security_common/security.hpp
[4.746s] -- Installing: /Users/runner/work/pixi_rosdistro/pixi_rosdistro/install/share/ament_index/resource_index/package_run_dependencies/rmw_security_common
[4.746s] -- Installing: /Users/runner/work/pixi_rosdistro/pixi_rosdistro/install/share/ament_index/resource_index/parent_prefix_path/rmw_security_common
[4.746s] -- Installing: /Users/runner/work/pixi_rosdistro/pixi_rosdistro/install/share/rmw_security_common/environment/ament_prefix_path.sh
[4.746s] -- Installing: /Users/runner/work/pixi_rosdistro/pixi_rosdistro/install/share/rmw_security_common/environment/ament_prefix_path.dsv
[4.747s] -- Installing: /Users/runner/work/pixi_rosdistro/pixi_rosdistro/install/share/rmw_security_common/environment/path.sh
[4.747s] -- Installing: /Users/runner/work/pixi_rosdistro/pixi_rosdistro/install/share/rmw_security_common/environment/path.dsv
[4.747s] -- Installing: /Users/runner/work/pixi_rosdistro/pixi_rosdistro/install/share/rmw_security_common/local_setup.bash
[4.748s] -- Installing: /Users/runner/work/pixi_rosdistro/pixi_rosdistro/install/share/rmw_security_common/local_setup.fish
[4.748s] -- Installing: /Users/runner/work/pixi_rosdistro/pixi_rosdistro/install/share/rmw_security_common/local_setup.sh
[4.749s] -- Installing: /Users/runner/work/pixi_rosdistro/pixi_rosdistro/install/share/rmw_security_common/local_setup.zsh
[4.749s] -- Installing: /Users/runner/work/pixi_rosdistro/pixi_rosdistro/install/share/rmw_security_common/local_setup.dsv
[4.749s] -- Installing: /Users/runner/work/pixi_rosdistro/pixi_rosdistro/install/share/rmw_security_common/package.dsv
[4.750s] -- Installing: /Users/runner/work/pixi_rosdistro/pixi_rosdistro/install/share/ament_index/resource_index/packages/rmw_security_common
[4.751s] -- Installing: /Users/runner/work/pixi_rosdistro/pixi_rosdistro/install/share/rmw_security_common/cmake/rmw_security_common_libraryExport.cmake
[4.752s] -- Installing: /Users/runner/work/pixi_rosdistro/pixi_rosdistro/install/share/rmw_security_common/cmake/rmw_security_common_libraryExport-release.cmake
[4.752s] -- Installing: /Users/runner/work/pixi_rosdistro/pixi_rosdistro/install/share/rmw_security_common/cmake/ament_cmake_export_dependencies-extras.cmake
[4.753s] -- Installing: /Users/runner/work/pixi_rosdistro/pixi_rosdistro/install/share/rmw_security_common/cmake/ament_cmake_export_include_directories-extras.cmake
[4.753s] -- Installing: /Users/runner/work/pixi_rosdistro/pixi_rosdistro/install/share/rmw_security_common/cmake/ament_cmake_export_libraries-extras.cmake
[4.753s] -- Installing: /Users/runner/work/pixi_rosdistro/pixi_rosdistro/install/share/rmw_security_common/cmake/ament_cmake_export_targets-extras.cmake
[4.754s] -- Installing: /Users/runner/work/pixi_rosdistro/pixi_rosdistro/install/share/rmw_security_common/cmake/rmw_security_commonConfig.cmake
[4.754s] -- Installing: /Users/runner/work/pixi_rosdistro/pixi_rosdistro/install/share/rmw_security_common/cmake/rmw_security_commonConfig-version.cmake
[4.754s] -- Installing: /Users/runner/work/pixi_rosdistro/pixi_rosdistro/install/share/rmw_security_common/package.xml
[4.756s] Invoked command in '/Users/runner/work/pixi_rosdistro/pixi_rosdistro/build/rmw_security_common' returned '0': AMENT_PREFIX_PATH=/Users/runner/work/pixi_rosdistro/pixi_rosdistro/install CMAKE_PREFIX_PATH=/Users/runner/work/pixi_rosdistro/pixi_rosdistro/install DYLD_LIBRARY_PATH=/Users/runner/work/pixi_rosdistro/pixi_rosdistro/install/lib:/Users/runner/work/pixi_rosdistro/pixi_rosdistro/install/opt/mimick_vendor/lib PATH=/Users/runner/work/pixi_rosdistro/pixi_rosdistro/install/bin:${PATH} PIXI_PROMPT=(ros2_rolling) PKG_CONFIG_PATH=/Users/runner/work/pixi_rosdistro/pixi_rosdistro/install/lib/pkgconfig PYTHONPATH=/Users/runner/work/pixi_rosdistro/pixi_rosdistro/install/lib/python3.12/site-packages ROS_DOMAIN_ID=115 SHLVL=3 _=/usr/bin/env /Users/runner/work/pixi_rosdistro/pixi_rosdistro/.pixi/envs/default/bin/cmake --install /Users/runner/work/pixi_rosdistro/pixi_rosdistro/build/rmw_security_common
