[2.845s] Invoking command in '/home/runner/work/pixi_rosdistro/pixi_rosdistro/build/mcap_vendor': AMENT_PREFIX_PATH=/home/runner/work/pixi_rosdistro/pixi_rosdistro/install CMAKE_PREFIX_PATH=/home/runner/work/pixi_rosdistro/pixi_rosdistro/install:${CMAKE_PREFIX_PATH} LD_LIBRARY_PATH=/home/runner/work/pixi_rosdistro/pixi_rosdistro/install/lib PATH=/home/runner/work/pixi_rosdistro/pixi_rosdistro/install/bin:/opt/microsoft/powershell/7:${PATH} PIXI_PROMPT=(ros2_rolling) PKG_CONFIG_PATH=/home/runner/work/pixi_rosdistro/pixi_rosdistro/install/lib/pkgconfig PSModulePath=/home/runner/.local/share/powershell/Modules:${PSModulePath} PYTHONPATH=/home/runner/work/pixi_rosdistro/pixi_rosdistro/install/lib/python3.12/site-packages /home/runner/work/pixi_rosdistro/pixi_rosdistro/.pixi/envs/default/bin/cmake /home/runner/work/pixi_rosdistro/pixi_rosdistro/src/ros2/rosbag2/mcap_vendor -GNinja --no-warn-unused-cli -DCMAKE_BUILD_TYPE=Release -DCMAKE_BUILD_WITH_INSTALL_RPATH:bool=TRUE -DCMAKE_POLICY_VERSION_MINIMUM=3.5 -Wno-deprecated -DSTACK_DETAILS_AUTO_DETECT:bool=FALSE -DSTACK_DETAILS_BFD:bool=FALSE -DTRACETOOLS_DISABLED=ON -DCMAKE_INSTALL_PREFIX=/home/runner/work/pixi_rosdistro/pixi_rosdistro/install
[2.932s] Not searching for unused variables given on the command line.
[2.932s] -- The C compiler identification is GNU 14.3.0
[3.047s] -- The CXX compiler identification is GNU 14.3.0
[3.060s] -- Detecting C compiler ABI info
[3.226s] -- Detecting C compiler ABI info - done
[3.257s] -- Check for working C compiler: /home/runner/work/pixi_rosdistro/pixi_rosdistro/.pixi/envs/default/bin/x86_64-conda-linux-gnu-cc - skipped
[3.257s] -- Detecting C compile features
[3.258s] -- Detecting C compile features - done
[3.278s] -- Detecting CXX compiler ABI info
[3.473s] -- Detecting CXX compiler ABI info - done
[3.503s] -- Check for working CXX compiler: /home/runner/work/pixi_rosdistro/pixi_rosdistro/.pixi/envs/default/bin/x86_64-conda-linux-gnu-c++ - skipped
[3.504s] -- Detecting CXX compile features
[3.506s] -- Detecting CXX compile features - done
[3.519s] -- Found ament_cmake: 2.8.6 (/home/runner/work/pixi_rosdistro/pixi_rosdistro/install/share/ament_cmake/cmake)
[3.796s] -- Found lz4_cmake_module: 0.33.0 (/home/runner/work/pixi_rosdistro/pixi_rosdistro/install/share/lz4_cmake_module/cmake)
[3.810s] -- Found lz4: /home/runner/work/pixi_rosdistro/pixi_rosdistro/.pixi/envs/default/lib/liblz4.so (found version "1.10.0")
[3.810s] -- Found zstd_cmake_module: 0.33.0 (/home/runner/work/pixi_rosdistro/pixi_rosdistro/install/share/zstd_cmake_module/cmake)
[3.818s] -- Found zstd: /home/runner/work/pixi_rosdistro/pixi_rosdistro/.pixi/envs/default/lib/libzstd.so (found version "1.5.7")
[4.681s] -- Configuring done (1.8s)
[4.696s] -- Generating done (0.0s)
[4.700s] -- Build files have been written to: /home/runner/work/pixi_rosdistro/pixi_rosdistro/build/mcap_vendor
[4.709s] Invoked command in '/home/runner/work/pixi_rosdistro/pixi_rosdistro/build/mcap_vendor' returned '0': AMENT_PREFIX_PATH=/home/runner/work/pixi_rosdistro/pixi_rosdistro/install CMAKE_PREFIX_PATH=/home/runner/work/pixi_rosdistro/pixi_rosdistro/install:${CMAKE_PREFIX_PATH} LD_LIBRARY_PATH=/home/runner/work/pixi_rosdistro/pixi_rosdistro/install/lib PATH=/home/runner/work/pixi_rosdistro/pixi_rosdistro/install/bin:/opt/microsoft/powershell/7:${PATH} PIXI_PROMPT=(ros2_rolling) PKG_CONFIG_PATH=/home/runner/work/pixi_rosdistro/pixi_rosdistro/install/lib/pkgconfig PSModulePath=/home/runner/.local/share/powershell/Modules:${PSModulePath} PYTHONPATH=/home/runner/work/pixi_rosdistro/pixi_rosdistro/install/lib/python3.12/site-packages /home/runner/work/pixi_rosdistro/pixi_rosdistro/.pixi/envs/default/bin/cmake /home/runner/work/pixi_rosdistro/pixi_rosdistro/src/ros2/rosbag2/mcap_vendor -GNinja --no-warn-unused-cli -DCMAKE_BUILD_TYPE=Release -DCMAKE_BUILD_WITH_INSTALL_RPATH:bool=TRUE -DCMAKE_POLICY_VERSION_MINIMUM=3.5 -Wno-deprecated -DSTACK_DETAILS_AUTO_DETECT:bool=FALSE -DSTACK_DETAILS_BFD:bool=FALSE -DTRACETOOLS_DISABLED=ON -DCMAKE_INSTALL_PREFIX=/home/runner/work/pixi_rosdistro/pixi_rosdistro/install
[4.710s] Invoking command in '/home/runner/work/pixi_rosdistro/pixi_rosdistro/build/mcap_vendor': AMENT_PREFIX_PATH=/home/runner/work/pixi_rosdistro/pixi_rosdistro/install CMAKE_PREFIX_PATH=/home/runner/work/pixi_rosdistro/pixi_rosdistro/install:${CMAKE_PREFIX_PATH} LD_LIBRARY_PATH=/home/runner/work/pixi_rosdistro/pixi_rosdistro/install/lib PATH=/home/runner/work/pixi_rosdistro/pixi_rosdistro/install/bin:/opt/microsoft/powershell/7:${PATH} PIXI_PROMPT=(ros2_rolling) PKG_CONFIG_PATH=/home/runner/work/pixi_rosdistro/pixi_rosdistro/install/lib/pkgconfig PSModulePath=/home/runner/.local/share/powershell/Modules:${PSModulePath} PYTHONPATH=/home/runner/work/pixi_rosdistro/pixi_rosdistro/install/lib/python3.12/site-packages /home/runner/work/pixi_rosdistro/pixi_rosdistro/.pixi/envs/default/bin/cmake --build /home/runner/work/pixi_rosdistro/pixi_rosdistro/build/mcap_vendor -- -j4 -l4
[5.054s] [1/2] Building CXX object CMakeFiles/mcap.dir/src/main.cpp.o
[5.122s] [2/2] Linking CXX shared library libmcap.so
[5.124s] Invoked command in '/home/runner/work/pixi_rosdistro/pixi_rosdistro/build/mcap_vendor' returned '0': AMENT_PREFIX_PATH=/home/runner/work/pixi_rosdistro/pixi_rosdistro/install CMAKE_PREFIX_PATH=/home/runner/work/pixi_rosdistro/pixi_rosdistro/install:${CMAKE_PREFIX_PATH} LD_LIBRARY_PATH=/home/runner/work/pixi_rosdistro/pixi_rosdistro/install/lib PATH=/home/runner/work/pixi_rosdistro/pixi_rosdistro/install/bin:/opt/microsoft/powershell/7:${PATH} PIXI_PROMPT=(ros2_rolling) PKG_CONFIG_PATH=/home/runner/work/pixi_rosdistro/pixi_rosdistro/install/lib/pkgconfig PSModulePath=/home/runner/.local/share/powershell/Modules:${PSModulePath} PYTHONPATH=/home/runner/work/pixi_rosdistro/pixi_rosdistro/install/lib/python3.12/site-packages /home/runner/work/pixi_rosdistro/pixi_rosdistro/.pixi/envs/default/bin/cmake --build /home/runner/work/pixi_rosdistro/pixi_rosdistro/build/mcap_vendor -- -j4 -l4
[5.127s] Invoking command in '/home/runner/work/pixi_rosdistro/pixi_rosdistro/build/mcap_vendor': AMENT_PREFIX_PATH=/home/runner/work/pixi_rosdistro/pixi_rosdistro/install CMAKE_PREFIX_PATH=/home/runner/work/pixi_rosdistro/pixi_rosdistro/install:${CMAKE_PREFIX_PATH} LD_LIBRARY_PATH=/home/runner/work/pixi_rosdistro/pixi_rosdistro/install/lib PATH=/home/runner/work/pixi_rosdistro/pixi_rosdistro/install/bin:/opt/microsoft/powershell/7:${PATH} PIXI_PROMPT=(ros2_rolling) PKG_CONFIG_PATH=/home/runner/work/pixi_rosdistro/pixi_rosdistro/install/lib/pkgconfig PSModulePath=/home/runner/.local/share/powershell/Modules:${PSModulePath} PYTHONPATH=/home/runner/work/pixi_rosdistro/pixi_rosdistro/install/lib/python3.12/site-packages /home/runner/work/pixi_rosdistro/pixi_rosdistro/.pixi/envs/default/bin/cmake --install /home/runner/work/pixi_rosdistro/pixi_rosdistro/build/mcap_vendor
[5.135s] -- Install configuration: "Release"
[5.135s] -- Installing: /home/runner/work/pixi_rosdistro/pixi_rosdistro/install/include/mcap_vendor/mcap/crc32.hpp
[5.135s] -- Installing: /home/runner/work/pixi_rosdistro/pixi_rosdistro/install/include/mcap_vendor/mcap/errors.hpp
[5.135s] -- Installing: /home/runner/work/pixi_rosdistro/pixi_rosdistro/install/include/mcap_vendor/mcap/internal.hpp
[5.135s] -- Installing: /home/runner/work/pixi_rosdistro/pixi_rosdistro/install/include/mcap_vendor/mcap/intervaltree.hpp
[5.135s] -- Installing: /home/runner/work/pixi_rosdistro/pixi_rosdistro/install/include/mcap_vendor/mcap/mcap.hpp
[5.135s] -- Installing: /home/runner/work/pixi_rosdistro/pixi_rosdistro/install/include/mcap_vendor/mcap/read_job_queue.hpp
[5.136s] -- Installing: /home/runner/work/pixi_rosdistro/pixi_rosdistro/install/include/mcap_vendor/mcap/reader.hpp
[5.138s] -- Installing: /home/runner/work/pixi_rosdistro/pixi_rosdistro/install/include/mcap_vendor/mcap/types.hpp
[5.138s] -- Installing: /home/runner/work/pixi_rosdistro/pixi_rosdistro/install/include/mcap_vendor/mcap/visibility.hpp
[5.138s] -- Installing: /home/runner/work/pixi_rosdistro/pixi_rosdistro/install/include/mcap_vendor/mcap/writer.hpp
[5.138s] -- Installing: /home/runner/work/pixi_rosdistro/pixi_rosdistro/install/lib/libmcap.so
[5.138s] -- Installing: /home/runner/work/pixi_rosdistro/pixi_rosdistro/install/share/mcap_vendor/environment/library_path.sh
[5.138s] -- Installing: /home/runner/work/pixi_rosdistro/pixi_rosdistro/install/share/mcap_vendor/environment/library_path.dsv
[5.139s] -- Installing: /home/runner/work/pixi_rosdistro/pixi_rosdistro/install/share/ament_index/resource_index/package_run_dependencies/mcap_vendor
[5.139s] -- Installing: /home/runner/work/pixi_rosdistro/pixi_rosdistro/install/share/ament_index/resource_index/parent_prefix_path/mcap_vendor
[5.140s] -- Installing: /home/runner/work/pixi_rosdistro/pixi_rosdistro/install/share/mcap_vendor/environment/ament_prefix_path.sh
[5.142s] -- Installing: /home/runner/work/pixi_rosdistro/pixi_rosdistro/install/share/mcap_vendor/environment/ament_prefix_path.dsv
[5.142s] -- Installing: /home/runner/work/pixi_rosdistro/pixi_rosdistro/install/share/mcap_vendor/environment/path.sh
[5.142s] -- Installing: /home/runner/work/pixi_rosdistro/pixi_rosdistro/install/share/mcap_vendor/environment/path.dsv
[5.142s] -- Installing: /home/runner/work/pixi_rosdistro/pixi_rosdistro/install/share/mcap_vendor/local_setup.bash
[5.142s] -- Installing: /home/runner/work/pixi_rosdistro/pixi_rosdistro/install/share/mcap_vendor/local_setup.fish
[5.142s] -- Installing: /home/runner/work/pixi_rosdistro/pixi_rosdistro/install/share/mcap_vendor/local_setup.sh
[5.142s] -- Installing: /home/runner/work/pixi_rosdistro/pixi_rosdistro/install/share/mcap_vendor/local_setup.zsh
[5.142s] -- Installing: /home/runner/work/pixi_rosdistro/pixi_rosdistro/install/share/mcap_vendor/local_setup.dsv
[5.142s] -- Installing: /home/runner/work/pixi_rosdistro/pixi_rosdistro/install/share/mcap_vendor/package.dsv
[5.143s] -- Installing: /home/runner/work/pixi_rosdistro/pixi_rosdistro/install/share/ament_index/resource_index/packages/mcap_vendor
[5.143s] -- Installing: /home/runner/work/pixi_rosdistro/pixi_rosdistro/install/share/mcap_vendor/cmake/mcapExport.cmake
[5.144s] -- Installing: /home/runner/work/pixi_rosdistro/pixi_rosdistro/install/share/mcap_vendor/cmake/mcapExport-release.cmake
[5.144s] -- Installing: /home/runner/work/pixi_rosdistro/pixi_rosdistro/install/share/mcap_vendor/cmake/ament_cmake_export_include_directories-extras.cmake
[5.144s] -- Installing: /home/runner/work/pixi_rosdistro/pixi_rosdistro/install/share/mcap_vendor/cmake/ament_cmake_export_targets-extras.cmake
[5.146s] -- Installing: /home/runner/work/pixi_rosdistro/pixi_rosdistro/install/share/mcap_vendor/cmake/ament_cmake_export_dependencies-extras.cmake
[5.146s] -- Installing: /home/runner/work/pixi_rosdistro/pixi_rosdistro/install/share/mcap_vendor/cmake/mcap_vendorConfig.cmake
[5.146s] -- Installing: /home/runner/work/pixi_rosdistro/pixi_rosdistro/install/share/mcap_vendor/cmake/mcap_vendorConfig-version.cmake
[5.146s] -- Installing: /home/runner/work/pixi_rosdistro/pixi_rosdistro/install/share/mcap_vendor/package.xml
[5.152s] Invoked command in '/home/runner/work/pixi_rosdistro/pixi_rosdistro/build/mcap_vendor' returned '0': AMENT_PREFIX_PATH=/home/runner/work/pixi_rosdistro/pixi_rosdistro/install CMAKE_PREFIX_PATH=/home/runner/work/pixi_rosdistro/pixi_rosdistro/install:${CMAKE_PREFIX_PATH} LD_LIBRARY_PATH=/home/runner/work/pixi_rosdistro/pixi_rosdistro/install/lib PATH=/home/runner/work/pixi_rosdistro/pixi_rosdistro/install/bin:/opt/microsoft/powershell/7:${PATH} PIXI_PROMPT=(ros2_rolling) PKG_CONFIG_PATH=/home/runner/work/pixi_rosdistro/pixi_rosdistro/install/lib/pkgconfig PSModulePath=/home/runner/.local/share/powershell/Modules:${PSModulePath} PYTHONPATH=/home/runner/work/pixi_rosdistro/pixi_rosdistro/install/lib/python3.12/site-packages /home/runner/work/pixi_rosdistro/pixi_rosdistro/.pixi/envs/default/bin/cmake --install /home/runner/work/pixi_rosdistro/pixi_rosdistro/build/mcap_vendor
