[0.736s] Invoking command in '/Users/runner/work/pixi_rosdistro/pixi_rosdistro/build/rosidl_typesupport_fastrtps_c': AMENT_PREFIX_PATH=/Users/runner/work/pixi_rosdistro/pixi_rosdistro/install CMAKE_PREFIX_PATH=/Users/runner/work/pixi_rosdistro/pixi_rosdistro/install DYLD_LIBRARY_PATH=/Users/runner/work/pixi_rosdistro/pixi_rosdistro/install/lib:/Users/runner/work/pixi_rosdistro/pixi_rosdistro/install/opt/mimick_vendor/lib PATH=/Users/runner/work/pixi_rosdistro/pixi_rosdistro/install/bin:${PATH} PIXI_PROMPT=(ros2_rolling) PKG_CONFIG_PATH=/Users/runner/work/pixi_rosdistro/pixi_rosdistro/install/lib/pkgconfig PYTHONPATH=/Users/runner/work/pixi_rosdistro/pixi_rosdistro/install/lib/python3.12/site-packages SHLVL=3 _=/usr/bin/env /Users/runner/work/pixi_rosdistro/pixi_rosdistro/.pixi/envs/default/bin/cmake /Users/runner/work/pixi_rosdistro/pixi_rosdistro/src/ros2/rosidl_typesupport_fastrtps/rosidl_typesupport_fastrtps_c -GNinja --no-warn-unused-cli -DCMAKE_BUILD_TYPE=Release -DCMAKE_BUILD_WITH_INSTALL_RPATH:bool=TRUE -DCMAKE_POLICY_VERSION_MINIMUM=3.5 -Wno-deprecated -DSTACK_DETAILS_AUTO_DETECT:bool=FALSE -DSTACK_DETAILS_BFD:bool=FALSE -DCMAKE_INSTALL_PREFIX=/Users/runner/work/pixi_rosdistro/pixi_rosdistro/install
[1.031s] Not searching for unused variables given on the command line.
[1.031s] -- The C compiler identification is AppleClang 17.0.0.17000013
[1.210s] -- The CXX compiler identification is AppleClang 17.0.0.17000013
[1.247s] -- Detecting C compiler ABI info
[1.703s] -- Detecting C compiler ABI info - done
[1.812s] -- Check for working C compiler: /usr/bin/cc - skipped
[1.812s] -- Detecting C compile features
[1.812s] -- Detecting C compile features - done
[1.818s] -- Detecting CXX compiler ABI info
[2.262s] -- Detecting CXX compiler ABI info - done
[2.305s] -- Check for working CXX compiler: /usr/bin/c++ - skipped
[2.305s] -- Detecting CXX compile features
[2.305s] -- Detecting CXX compile features - done
[2.314s] -- Found ament_cmake: 2.8.6 (/Users/runner/work/pixi_rosdistro/pixi_rosdistro/install/share/ament_cmake/cmake)
[2.754s] -- Found ament_cmake_ros_core: 0.15.6 (/Users/runner/work/pixi_rosdistro/pixi_rosdistro/install/share/ament_cmake_ros_core/cmake)
[2.754s] -- Found rosidl_runtime_c: 5.1.3 (/Users/runner/work/pixi_rosdistro/pixi_rosdistro/install/share/rosidl_runtime_c/cmake)
[2.864s] -- Found ament_cmake_gtest: 2.8.6 (/Users/runner/work/pixi_rosdistro/pixi_rosdistro/install/share/ament_cmake_gtest/cmake)
[2.872s] -- Found ament_lint_auto: 0.20.3 (/Users/runner/work/pixi_rosdistro/pixi_rosdistro/install/share/ament_lint_auto/cmake)
[2.888s] -- Found performance_test_fixture: 0.4.1 (/Users/runner/work/pixi_rosdistro/pixi_rosdistro/install/share/performance_test_fixture/cmake)
[3.685s] -- Added test 'copyright' to check source files copyright and LICENSE
[3.689s] -- Added test 'cppcheck' to perform static code analysis on C / C++ code
[3.689s] -- Configured cppcheck include dirs: /Users/runner/work/pixi_rosdistro/pixi_rosdistro/install/include;$<BUILD_INTERFACE:/Users/runner/work/pixi_rosdistro/pixi_rosdistro/src/ros2/rosidl_typesupport_fastrtps/rosidl_typesupport_fastrtps_c/include>
[3.689s] -- Configured cppcheck exclude dirs and/or files: 
[3.692s] -- Added test 'cpplint' to check C / C++ code against the Google style
[3.692s] -- Configured cpplint exclude dirs and/or files: 
[3.694s] -- Added test 'flake8' to check Python code syntax and style conventions
[3.694s] -- Configured 'flake8' exclude dirs and/or files: 
[3.695s] -- Added test 'lint_cmake' to check CMake code style
[3.696s] -- Added test 'pep257' to check Python code against some of the docstring style conventions in PEP 257
[3.701s] -- Added test 'uncrustify' to check C / C++ code style
[3.701s] -- Configured uncrustify additional arguments: 
[3.702s] -- Added test 'xmllint' to check XML markup files
[3.707s] -- Configuring done (2.9s)
[3.745s] -- Generating done (0.0s)
[3.754s] -- Build files have been written to: /Users/runner/work/pixi_rosdistro/pixi_rosdistro/build/rosidl_typesupport_fastrtps_c
[3.757s] Invoked command in '/Users/runner/work/pixi_rosdistro/pixi_rosdistro/build/rosidl_typesupport_fastrtps_c' returned '0': AMENT_PREFIX_PATH=/Users/runner/work/pixi_rosdistro/pixi_rosdistro/install CMAKE_PREFIX_PATH=/Users/runner/work/pixi_rosdistro/pixi_rosdistro/install DYLD_LIBRARY_PATH=/Users/runner/work/pixi_rosdistro/pixi_rosdistro/install/lib:/Users/runner/work/pixi_rosdistro/pixi_rosdistro/install/opt/mimick_vendor/lib PATH=/Users/runner/work/pixi_rosdistro/pixi_rosdistro/install/bin:${PATH} PIXI_PROMPT=(ros2_rolling) PKG_CONFIG_PATH=/Users/runner/work/pixi_rosdistro/pixi_rosdistro/install/lib/pkgconfig PYTHONPATH=/Users/runner/work/pixi_rosdistro/pixi_rosdistro/install/lib/python3.12/site-packages ROS_DOMAIN_ID=13 SHLVL=3 _=/usr/bin/env /Users/runner/work/pixi_rosdistro/pixi_rosdistro/.pixi/envs/default/bin/cmake /Users/runner/work/pixi_rosdistro/pixi_rosdistro/src/ros2/rosidl_typesupport_fastrtps/rosidl_typesupport_fastrtps_c -GNinja --no-warn-unused-cli -DCMAKE_BUILD_TYPE=Release -DCMAKE_BUILD_WITH_INSTALL_RPATH:bool=TRUE -DCMAKE_POLICY_VERSION_MINIMUM=3.5 -Wno-deprecated -DSTACK_DETAILS_AUTO_DETECT:bool=FALSE -DSTACK_DETAILS_BFD:bool=FALSE -DCMAKE_INSTALL_PREFIX=/Users/runner/work/pixi_rosdistro/pixi_rosdistro/install
[3.762s] Invoking command in '/Users/runner/work/pixi_rosdistro/pixi_rosdistro/build/rosidl_typesupport_fastrtps_c': AMENT_PREFIX_PATH=/Users/runner/work/pixi_rosdistro/pixi_rosdistro/install CMAKE_PREFIX_PATH=/Users/runner/work/pixi_rosdistro/pixi_rosdistro/install DYLD_LIBRARY_PATH=/Users/runner/work/pixi_rosdistro/pixi_rosdistro/install/lib:/Users/runner/work/pixi_rosdistro/pixi_rosdistro/install/opt/mimick_vendor/lib PATH=/Users/runner/work/pixi_rosdistro/pixi_rosdistro/install/bin:${PATH} PIXI_PROMPT=(ros2_rolling) PKG_CONFIG_PATH=/Users/runner/work/pixi_rosdistro/pixi_rosdistro/install/lib/pkgconfig PYTHONPATH=/Users/runner/work/pixi_rosdistro/pixi_rosdistro/install/lib/python3.12/site-packages ROS_DOMAIN_ID=13 SHLVL=3 _=/usr/bin/env /Users/runner/work/pixi_rosdistro/pixi_rosdistro/.pixi/envs/default/bin/cmake --build /Users/runner/work/pixi_rosdistro/pixi_rosdistro/build/rosidl_typesupport_fastrtps_c -- -j3 -l3
[4.038s] [1/4] Building CXX object CMakeFiles/rosidl_typesupport_fastrtps_c.dir/src/identifier.cpp.o
[4.084s] [2/4] cd /Users/runner/work/pixi_rosdistro/pixi_rosdistro/build/rosidl_typesupport_fastrtps_c && /Users/runner/work/pixi_rosdistro/pixi_rosdistro/.pixi/envs/default/bin/cmake -E copy_directory /Users/runner/work/pixi_rosdistro/pixi_rosdistro/src/ros2/rosidl_typesupport_fastrtps/rosidl_typesupport_fastrtps_c/rosidl_typesupport_fastrtps_c /Users/runner/work/pixi_rosdistro/pixi_rosdistro/build/rosidl_typesupport_fastrtps_c/ament_cmake_python/rosidl_typesupport_fastrtps_c/rosidl_typesupport_fastrtps_c && /Users/runner/work/pixi_rosdistro/pixi_rosdistro/.pixi/envs/default/bin/cmake -E copy_if_different /Users/runner/work/pixi_rosdistro/pixi_rosdistro/src/ros2/rosidl_typesupport_fastrtps/rosidl_typesupport_fastrtps_c/setup.cfg /Users/runner/work/pixi_rosdistro/pixi_rosdistro/build/rosidl_typesupport_fastrtps_c/ament_cmake_python/rosidl_typesupport_fastrtps_c/setup.cfg
[4.151s] [3/4] Linking CXX shared library librosidl_typesupport_fastrtps_c.dylib
[4.344s] [4/4] cd /Users/runner/work/pixi_rosdistro/pixi_rosdistro/build/rosidl_typesupport_fastrtps_c/ament_cmake_python/rosidl_typesupport_fastrtps_c && /Users/runner/work/pixi_rosdistro/pixi_rosdistro/.pixi/envs/default/bin/python3 setup.py egg_info
[4.344s] running egg_info
[4.344s] creating rosidl_typesupport_fastrtps_c.egg-info
[4.344s] writing rosidl_typesupport_fastrtps_c.egg-info/PKG-INFO
[4.344s] writing dependency_links to rosidl_typesupport_fastrtps_c.egg-info/dependency_links.txt
[4.344s] writing entry points to rosidl_typesupport_fastrtps_c.egg-info/entry_points.txt
[4.344s] writing top-level names to rosidl_typesupport_fastrtps_c.egg-info/top_level.txt
[4.344s] writing manifest file 'rosidl_typesupport_fastrtps_c.egg-info/SOURCES.txt'
[4.344s] reading manifest file 'rosidl_typesupport_fastrtps_c.egg-info/SOURCES.txt'
[4.344s] writing manifest file 'rosidl_typesupport_fastrtps_c.egg-info/SOURCES.txt'
[4.348s] Invoked command in '/Users/runner/work/pixi_rosdistro/pixi_rosdistro/build/rosidl_typesupport_fastrtps_c' returned '0': AMENT_PREFIX_PATH=/Users/runner/work/pixi_rosdistro/pixi_rosdistro/install CMAKE_PREFIX_PATH=/Users/runner/work/pixi_rosdistro/pixi_rosdistro/install DYLD_LIBRARY_PATH=/Users/runner/work/pixi_rosdistro/pixi_rosdistro/install/lib:/Users/runner/work/pixi_rosdistro/pixi_rosdistro/install/opt/mimick_vendor/lib PATH=/Users/runner/work/pixi_rosdistro/pixi_rosdistro/install/bin:${PATH} PIXI_PROMPT=(ros2_rolling) PKG_CONFIG_PATH=/Users/runner/work/pixi_rosdistro/pixi_rosdistro/install/lib/pkgconfig PYTHONPATH=/Users/runner/work/pixi_rosdistro/pixi_rosdistro/install/lib/python3.12/site-packages ROS_DOMAIN_ID=13 SHLVL=3 _=/usr/bin/env /Users/runner/work/pixi_rosdistro/pixi_rosdistro/.pixi/envs/default/bin/cmake --build /Users/runner/work/pixi_rosdistro/pixi_rosdistro/build/rosidl_typesupport_fastrtps_c -- -j3 -l3
[4.349s] Invoking command in '/Users/runner/work/pixi_rosdistro/pixi_rosdistro/build/rosidl_typesupport_fastrtps_c': AMENT_PREFIX_PATH=/Users/runner/work/pixi_rosdistro/pixi_rosdistro/install CMAKE_PREFIX_PATH=/Users/runner/work/pixi_rosdistro/pixi_rosdistro/install DYLD_LIBRARY_PATH=/Users/runner/work/pixi_rosdistro/pixi_rosdistro/install/lib:/Users/runner/work/pixi_rosdistro/pixi_rosdistro/install/opt/mimick_vendor/lib PATH=/Users/runner/work/pixi_rosdistro/pixi_rosdistro/install/bin:${PATH} PIXI_PROMPT=(ros2_rolling) PKG_CONFIG_PATH=/Users/runner/work/pixi_rosdistro/pixi_rosdistro/install/lib/pkgconfig PYTHONPATH=/Users/runner/work/pixi_rosdistro/pixi_rosdistro/install/lib/python3.12/site-packages ROS_DOMAIN_ID=13 SHLVL=3 _=/usr/bin/env /Users/runner/work/pixi_rosdistro/pixi_rosdistro/.pixi/envs/default/bin/cmake --install /Users/runner/work/pixi_rosdistro/pixi_rosdistro/build/rosidl_typesupport_fastrtps_c
[4.369s] -- Install configuration: "Release"
[4.369s] -- Installing: /Users/runner/work/pixi_rosdistro/pixi_rosdistro/install/share/rosidl_typesupport_fastrtps_c/environment/pythonpath.sh
[4.369s] -- Installing: /Users/runner/work/pixi_rosdistro/pixi_rosdistro/install/share/rosidl_typesupport_fastrtps_c/environment/pythonpath.dsv
[4.369s] -- Installing: /Users/runner/work/pixi_rosdistro/pixi_rosdistro/install/share/rosidl_typesupport_fastrtps_c/environment/library_path.sh
[4.370s] -- Installing: /Users/runner/work/pixi_rosdistro/pixi_rosdistro/install/share/rosidl_typesupport_fastrtps_c/environment/library_path.dsv
[4.370s] -- Installing: /Users/runner/work/pixi_rosdistro/pixi_rosdistro/install/share/ament_index/resource_index/rosidl_typesupport_c/rosidl_typesupport_fastrtps_c
[4.370s] -- Installing: /Users/runner/work/pixi_rosdistro/pixi_rosdistro/install/share/ament_index/resource_index/package_run_dependencies/rosidl_typesupport_fastrtps_c
[4.370s] -- Installing: /Users/runner/work/pixi_rosdistro/pixi_rosdistro/install/share/ament_index/resource_index/parent_prefix_path/rosidl_typesupport_fastrtps_c
[4.370s] -- Installing: /Users/runner/work/pixi_rosdistro/pixi_rosdistro/install/share/rosidl_typesupport_fastrtps_c/environment/ament_prefix_path.sh
[4.370s] -- Installing: /Users/runner/work/pixi_rosdistro/pixi_rosdistro/install/share/rosidl_typesupport_fastrtps_c/environment/ament_prefix_path.dsv
[4.370s] -- Installing: /Users/runner/work/pixi_rosdistro/pixi_rosdistro/install/share/rosidl_typesupport_fastrtps_c/environment/path.sh
[4.371s] -- Installing: /Users/runner/work/pixi_rosdistro/pixi_rosdistro/install/share/rosidl_typesupport_fastrtps_c/environment/path.dsv
[4.371s] -- Installing: /Users/runner/work/pixi_rosdistro/pixi_rosdistro/install/share/rosidl_typesupport_fastrtps_c/local_setup.bash
[4.371s] -- Installing: /Users/runner/work/pixi_rosdistro/pixi_rosdistro/install/share/rosidl_typesupport_fastrtps_c/local_setup.fish
[4.373s] -- Installing: /Users/runner/work/pixi_rosdistro/pixi_rosdistro/install/share/rosidl_typesupport_fastrtps_c/local_setup.sh
[4.373s] -- Installing: /Users/runner/work/pixi_rosdistro/pixi_rosdistro/install/share/rosidl_typesupport_fastrtps_c/local_setup.zsh
[4.374s] -- Installing: /Users/runner/work/pixi_rosdistro/pixi_rosdistro/install/share/rosidl_typesupport_fastrtps_c/local_setup.dsv
[4.374s] -- Installing: /Users/runner/work/pixi_rosdistro/pixi_rosdistro/install/share/rosidl_typesupport_fastrtps_c/package.dsv
[4.374s] -- Installing: /Users/runner/work/pixi_rosdistro/pixi_rosdistro/install/share/ament_index/resource_index/packages/rosidl_typesupport_fastrtps_c
[4.374s] -- Installing: /Users/runner/work/pixi_rosdistro/pixi_rosdistro/install/lib/python3.12/site-packages/rosidl_typesupport_fastrtps_c-3.9.3-py3.12.egg-info
[4.374s] -- Installing: /Users/runner/work/pixi_rosdistro/pixi_rosdistro/install/lib/python3.12/site-packages/rosidl_typesupport_fastrtps_c-3.9.3-py3.12.egg-info/PKG-INFO
[4.374s] -- Installing: /Users/runner/work/pixi_rosdistro/pixi_rosdistro/install/lib/python3.12/site-packages/rosidl_typesupport_fastrtps_c-3.9.3-py3.12.egg-info/SOURCES.txt
[4.374s] -- Installing: /Users/runner/work/pixi_rosdistro/pixi_rosdistro/install/lib/python3.12/site-packages/rosidl_typesupport_fastrtps_c-3.9.3-py3.12.egg-info/entry_points.txt
[4.374s] -- Installing: /Users/runner/work/pixi_rosdistro/pixi_rosdistro/install/lib/python3.12/site-packages/rosidl_typesupport_fastrtps_c-3.9.3-py3.12.egg-info/top_level.txt
[4.374s] -- Installing: /Users/runner/work/pixi_rosdistro/pixi_rosdistro/install/lib/python3.12/site-packages/rosidl_typesupport_fastrtps_c-3.9.3-py3.12.egg-info/dependency_links.txt
[4.374s] -- Installing: /Users/runner/work/pixi_rosdistro/pixi_rosdistro/install/lib/python3.12/site-packages/rosidl_typesupport_fastrtps_c
[4.374s] -- Installing: /Users/runner/work/pixi_rosdistro/pixi_rosdistro/install/lib/python3.12/site-packages/rosidl_typesupport_fastrtps_c/__init__.py
[4.374s] -- Installing: /Users/runner/work/pixi_rosdistro/pixi_rosdistro/install/lib/python3.12/site-packages/rosidl_typesupport_fastrtps_c/cli.py
[4.418s] Listing '/Users/runner/work/pixi_rosdistro/pixi_rosdistro/install/lib/python3.12/site-packages/rosidl_typesupport_fastrtps_c'...
[4.418s] Compiling '/Users/runner/work/pixi_rosdistro/pixi_rosdistro/install/lib/python3.12/site-packages/rosidl_typesupport_fastrtps_c/__init__.py'...
[4.418s] Compiling '/Users/runner/work/pixi_rosdistro/pixi_rosdistro/install/lib/python3.12/site-packages/rosidl_typesupport_fastrtps_c/cli.py'...
[4.418s] -- Installing: /Users/runner/work/pixi_rosdistro/pixi_rosdistro/install/share/rosidl_typesupport_fastrtps_c/cmake/rosidl_typesupport_fastrtps_cExport.cmake
[4.418s] -- Installing: /Users/runner/work/pixi_rosdistro/pixi_rosdistro/install/share/rosidl_typesupport_fastrtps_c/cmake/rosidl_typesupport_fastrtps_cExport-release.cmake
[4.418s] -- Installing: /Users/runner/work/pixi_rosdistro/pixi_rosdistro/install/share/rosidl_typesupport_fastrtps_c/cmake/rosidl_typesupport_fastrtps_c-extras.cmake
[4.418s] -- Installing: /Users/runner/work/pixi_rosdistro/pixi_rosdistro/install/share/rosidl_typesupport_fastrtps_c/cmake/ament_cmake_export_dependencies-extras.cmake
[4.419s] -- Installing: /Users/runner/work/pixi_rosdistro/pixi_rosdistro/install/share/rosidl_typesupport_fastrtps_c/cmake/ament_cmake_export_include_directories-extras.cmake
[4.419s] -- Installing: /Users/runner/work/pixi_rosdistro/pixi_rosdistro/install/share/rosidl_typesupport_fastrtps_c/cmake/ament_cmake_export_libraries-extras.cmake
[4.419s] -- Installing: /Users/runner/work/pixi_rosdistro/pixi_rosdistro/install/share/rosidl_typesupport_fastrtps_c/cmake/ament_cmake_export_targets-extras.cmake
[4.419s] -- Installing: /Users/runner/work/pixi_rosdistro/pixi_rosdistro/install/share/rosidl_typesupport_fastrtps_c/cmake/rosidl_typesupport_fastrtps_cConfig.cmake
[4.419s] -- Installing: /Users/runner/work/pixi_rosdistro/pixi_rosdistro/install/share/rosidl_typesupport_fastrtps_c/cmake/rosidl_typesupport_fastrtps_cConfig-version.cmake
[4.419s] -- Installing: /Users/runner/work/pixi_rosdistro/pixi_rosdistro/install/share/rosidl_typesupport_fastrtps_c/package.xml
[4.419s] -- Installing: /Users/runner/work/pixi_rosdistro/pixi_rosdistro/install/lib/rosidl_typesupport_fastrtps_c/rosidl_typesupport_fastrtps_c
[4.419s] -- Up-to-date: /Users/runner/work/pixi_rosdistro/pixi_rosdistro/install/share/rosidl_typesupport_fastrtps_c/cmake
[4.419s] -- Installing: /Users/runner/work/pixi_rosdistro/pixi_rosdistro/install/share/rosidl_typesupport_fastrtps_c/cmake/rosidl_typesupport_fastrtps_c_generate_interfaces.cmake
[4.419s] -- Installing: /Users/runner/work/pixi_rosdistro/pixi_rosdistro/install/share/rosidl_typesupport_fastrtps_c/resource
[4.420s] -- Installing: /Users/runner/work/pixi_rosdistro/pixi_rosdistro/install/share/rosidl_typesupport_fastrtps_c/resource/msg__type_support_c.cpp.em
[4.420s] -- Installing: /Users/runner/work/pixi_rosdistro/pixi_rosdistro/install/share/rosidl_typesupport_fastrtps_c/resource/idl__rosidl_typesupport_fastrtps_c.h.em
[4.420s] -- Installing: /Users/runner/work/pixi_rosdistro/pixi_rosdistro/install/share/rosidl_typesupport_fastrtps_c/resource/idl__type_support_c.cpp.em
[4.420s] -- Installing: /Users/runner/work/pixi_rosdistro/pixi_rosdistro/install/share/rosidl_typesupport_fastrtps_c/resource/srv__type_support_c.cpp.em
[4.420s] -- Installing: /Users/runner/work/pixi_rosdistro/pixi_rosdistro/install/share/rosidl_typesupport_fastrtps_c/resource/rosidl_typesupport_fastrtps_c__visibility_control.h.in
[4.420s] -- Installing: /Users/runner/work/pixi_rosdistro/pixi_rosdistro/install/share/rosidl_typesupport_fastrtps_c/resource/srv__rosidl_typesupport_fastrtps_c.h.em
[4.420s] -- Installing: /Users/runner/work/pixi_rosdistro/pixi_rosdistro/install/share/rosidl_typesupport_fastrtps_c/resource/msg__rosidl_typesupport_fastrtps_c.h.em
[4.420s] -- Installing: /Users/runner/work/pixi_rosdistro/pixi_rosdistro/install/include/rosidl_typesupport_fastrtps_c
[4.420s] -- Installing: /Users/runner/work/pixi_rosdistro/pixi_rosdistro/install/include/rosidl_typesupport_fastrtps_c/rosidl_typesupport_fastrtps_c
[4.420s] -- Installing: /Users/runner/work/pixi_rosdistro/pixi_rosdistro/install/include/rosidl_typesupport_fastrtps_c/rosidl_typesupport_fastrtps_c/serialization_helpers.hpp
[4.420s] -- Installing: /Users/runner/work/pixi_rosdistro/pixi_rosdistro/install/include/rosidl_typesupport_fastrtps_c/rosidl_typesupport_fastrtps_c/visibility_control.h
[4.420s] -- Installing: /Users/runner/work/pixi_rosdistro/pixi_rosdistro/install/include/rosidl_typesupport_fastrtps_c/rosidl_typesupport_fastrtps_c/identifier.h
[4.420s] -- Installing: /Users/runner/work/pixi_rosdistro/pixi_rosdistro/install/lib/librosidl_typesupport_fastrtps_c.dylib
[4.421s] Invoked command in '/Users/runner/work/pixi_rosdistro/pixi_rosdistro/build/rosidl_typesupport_fastrtps_c' returned '0': AMENT_PREFIX_PATH=/Users/runner/work/pixi_rosdistro/pixi_rosdistro/install CMAKE_PREFIX_PATH=/Users/runner/work/pixi_rosdistro/pixi_rosdistro/install DYLD_LIBRARY_PATH=/Users/runner/work/pixi_rosdistro/pixi_rosdistro/install/lib:/Users/runner/work/pixi_rosdistro/pixi_rosdistro/install/opt/mimick_vendor/lib PATH=/Users/runner/work/pixi_rosdistro/pixi_rosdistro/install/bin:${PATH} PIXI_PROMPT=(ros2_rolling) PKG_CONFIG_PATH=/Users/runner/work/pixi_rosdistro/pixi_rosdistro/install/lib/pkgconfig PYTHONPATH=/Users/runner/work/pixi_rosdistro/pixi_rosdistro/install/lib/python3.12/site-packages ROS_DOMAIN_ID=13 SHLVL=3 _=/usr/bin/env /Users/runner/work/pixi_rosdistro/pixi_rosdistro/.pixi/envs/default/bin/cmake --install /Users/runner/work/pixi_rosdistro/pixi_rosdistro/build/rosidl_typesupport_fastrtps_c
