[1.475s] Invoking command in '/home/runner/work/pixi_rosdistro/pixi_rosdistro/build/ament_cmake_export_libraries': AMENT_PREFIX_PATH=/home/runner/work/pixi_rosdistro/pixi_rosdistro/install CMAKE_PREFIX_PATH=/home/runner/work/pixi_rosdistro/pixi_rosdistro/install:${CMAKE_PREFIX_PATH} PATH=/opt/microsoft/powershell/7:${PATH} PIXI_PROMPT=(ros2_rolling) PSModulePath=/home/runner/.local/share/powershell/Modules:${PSModulePath} PYTHONPATH=/home/runner/work/pixi_rosdistro/pixi_rosdistro/install/lib/python3.12/site-packages ROS_DOMAIN_ID=45 /home/runner/work/pixi_rosdistro/pixi_rosdistro/.pixi/envs/default/bin/cmake /home/runner/work/pixi_rosdistro/pixi_rosdistro/src/ament/ament_cmake/ament_cmake_export_libraries -GNinja --no-warn-unused-cli -DCMAKE_BUILD_TYPE=Release -DCMAKE_BUILD_WITH_INSTALL_RPATH:bool=TRUE -DCMAKE_POLICY_VERSION_MINIMUM=3.5 -Wno-deprecated -DSTACK_DETAILS_AUTO_DETECT:bool=FALSE -DSTACK_DETAILS_BFD:bool=FALSE -DCMAKE_INSTALL_PREFIX=/home/runner/work/pixi_rosdistro/pixi_rosdistro/install
[1.494s] Not searching for unused variables given on the command line.
[1.494s] -- Found ament_cmake_core: 2.8.6 (/home/runner/work/pixi_rosdistro/pixi_rosdistro/install/share/ament_cmake_core/cmake)
[1.672s] -- Found Python3: /home/runner/work/pixi_rosdistro/pixi_rosdistro/.pixi/envs/default/bin/python3 (found version "3.12.13") found components: Interpreter
[1.900s] -- Configuring done (0.4s)
[1.910s] -- Generating done (0.0s)
[1.912s] -- Build files have been written to: /home/runner/work/pixi_rosdistro/pixi_rosdistro/build/ament_cmake_export_libraries
[1.915s] Invoked command in '/home/runner/work/pixi_rosdistro/pixi_rosdistro/build/ament_cmake_export_libraries' returned '0': AMENT_PREFIX_PATH=/home/runner/work/pixi_rosdistro/pixi_rosdistro/install CMAKE_PREFIX_PATH=/home/runner/work/pixi_rosdistro/pixi_rosdistro/install:${CMAKE_PREFIX_PATH} PATH=/opt/microsoft/powershell/7:${PATH} PIXI_PROMPT=(ros2_rolling) PSModulePath=/home/runner/.local/share/powershell/Modules:${PSModulePath} PYTHONPATH=/home/runner/work/pixi_rosdistro/pixi_rosdistro/install/lib/python3.12/site-packages ROS_DOMAIN_ID=45 /home/runner/work/pixi_rosdistro/pixi_rosdistro/.pixi/envs/default/bin/cmake /home/runner/work/pixi_rosdistro/pixi_rosdistro/src/ament/ament_cmake/ament_cmake_export_libraries -GNinja --no-warn-unused-cli -DCMAKE_BUILD_TYPE=Release -DCMAKE_BUILD_WITH_INSTALL_RPATH:bool=TRUE -DCMAKE_POLICY_VERSION_MINIMUM=3.5 -Wno-deprecated -DSTACK_DETAILS_AUTO_DETECT:bool=FALSE -DSTACK_DETAILS_BFD:bool=FALSE -DCMAKE_INSTALL_PREFIX=/home/runner/work/pixi_rosdistro/pixi_rosdistro/install
[1.918s] Invoking command in '/home/runner/work/pixi_rosdistro/pixi_rosdistro/build/ament_cmake_export_libraries': AMENT_PREFIX_PATH=/home/runner/work/pixi_rosdistro/pixi_rosdistro/install CMAKE_PREFIX_PATH=/home/runner/work/pixi_rosdistro/pixi_rosdistro/install:${CMAKE_PREFIX_PATH} PATH=/opt/microsoft/powershell/7:${PATH} PIXI_PROMPT=(ros2_rolling) PSModulePath=/home/runner/.local/share/powershell/Modules:${PSModulePath} PYTHONPATH=/home/runner/work/pixi_rosdistro/pixi_rosdistro/install/lib/python3.12/site-packages ROS_DOMAIN_ID=45 /home/runner/work/pixi_rosdistro/pixi_rosdistro/.pixi/envs/default/bin/cmake --build /home/runner/work/pixi_rosdistro/pixi_rosdistro/build/ament_cmake_export_libraries -- -j4 -l4
[1.926s] ninja: no work to do.
[1.928s] Invoked command in '/home/runner/work/pixi_rosdistro/pixi_rosdistro/build/ament_cmake_export_libraries' returned '0': AMENT_PREFIX_PATH=/home/runner/work/pixi_rosdistro/pixi_rosdistro/install CMAKE_PREFIX_PATH=/home/runner/work/pixi_rosdistro/pixi_rosdistro/install:${CMAKE_PREFIX_PATH} PATH=/opt/microsoft/powershell/7:${PATH} PIXI_PROMPT=(ros2_rolling) PSModulePath=/home/runner/.local/share/powershell/Modules:${PSModulePath} PYTHONPATH=/home/runner/work/pixi_rosdistro/pixi_rosdistro/install/lib/python3.12/site-packages ROS_DOMAIN_ID=45 /home/runner/work/pixi_rosdistro/pixi_rosdistro/.pixi/envs/default/bin/cmake --build /home/runner/work/pixi_rosdistro/pixi_rosdistro/build/ament_cmake_export_libraries -- -j4 -l4
[1.931s] Invoking command in '/home/runner/work/pixi_rosdistro/pixi_rosdistro/build/ament_cmake_export_libraries': AMENT_PREFIX_PATH=/home/runner/work/pixi_rosdistro/pixi_rosdistro/install CMAKE_PREFIX_PATH=/home/runner/work/pixi_rosdistro/pixi_rosdistro/install:${CMAKE_PREFIX_PATH} PATH=/opt/microsoft/powershell/7:${PATH} PIXI_PROMPT=(ros2_rolling) PSModulePath=/home/runner/.local/share/powershell/Modules:${PSModulePath} PYTHONPATH=/home/runner/work/pixi_rosdistro/pixi_rosdistro/install/lib/python3.12/site-packages ROS_DOMAIN_ID=45 /home/runner/work/pixi_rosdistro/pixi_rosdistro/.pixi/envs/default/bin/cmake --install /home/runner/work/pixi_rosdistro/pixi_rosdistro/build/ament_cmake_export_libraries
[1.938s] -- Install configuration: "Release"
[1.938s] -- Installing: /home/runner/work/pixi_rosdistro/pixi_rosdistro/install/share/ament_index/resource_index/package_run_dependencies/ament_cmake_export_libraries
[1.939s] -- Installing: /home/runner/work/pixi_rosdistro/pixi_rosdistro/install/share/ament_index/resource_index/parent_prefix_path/ament_cmake_export_libraries
[1.940s] -- Installing: /home/runner/work/pixi_rosdistro/pixi_rosdistro/install/share/ament_cmake_export_libraries/environment/ament_prefix_path.sh
[1.942s] -- Installing: /home/runner/work/pixi_rosdistro/pixi_rosdistro/install/share/ament_cmake_export_libraries/environment/ament_prefix_path.dsv
[1.942s] -- Installing: /home/runner/work/pixi_rosdistro/pixi_rosdistro/install/share/ament_cmake_export_libraries/environment/path.sh
[1.942s] -- Installing: /home/runner/work/pixi_rosdistro/pixi_rosdistro/install/share/ament_cmake_export_libraries/environment/path.dsv
[1.942s] -- Installing: /home/runner/work/pixi_rosdistro/pixi_rosdistro/install/share/ament_cmake_export_libraries/local_setup.bash
[1.942s] -- Installing: /home/runner/work/pixi_rosdistro/pixi_rosdistro/install/share/ament_cmake_export_libraries/local_setup.fish
[1.942s] -- Installing: /home/runner/work/pixi_rosdistro/pixi_rosdistro/install/share/ament_cmake_export_libraries/local_setup.sh
[1.942s] -- Installing: /home/runner/work/pixi_rosdistro/pixi_rosdistro/install/share/ament_cmake_export_libraries/local_setup.zsh
[1.943s] -- Installing: /home/runner/work/pixi_rosdistro/pixi_rosdistro/install/share/ament_cmake_export_libraries/local_setup.dsv
[1.943s] -- Installing: /home/runner/work/pixi_rosdistro/pixi_rosdistro/install/share/ament_cmake_export_libraries/package.dsv
[1.943s] -- Installing: /home/runner/work/pixi_rosdistro/pixi_rosdistro/install/share/ament_index/resource_index/packages/ament_cmake_export_libraries
[1.943s] -- Installing: /home/runner/work/pixi_rosdistro/pixi_rosdistro/install/share/ament_cmake_export_libraries/cmake/ament_cmake_export_libraries-extras.cmake
[1.943s] -- Installing: /home/runner/work/pixi_rosdistro/pixi_rosdistro/install/share/ament_cmake_export_libraries/cmake/ament_cmake_export_librariesConfig.cmake
[1.944s] -- Installing: /home/runner/work/pixi_rosdistro/pixi_rosdistro/install/share/ament_cmake_export_libraries/cmake/ament_cmake_export_librariesConfig-version.cmake
[1.944s] -- Installing: /home/runner/work/pixi_rosdistro/pixi_rosdistro/install/share/ament_cmake_export_libraries/package.xml
[1.945s] -- Up-to-date: /home/runner/work/pixi_rosdistro/pixi_rosdistro/install/share/ament_cmake_export_libraries/cmake
[1.946s] -- Installing: /home/runner/work/pixi_rosdistro/pixi_rosdistro/install/share/ament_cmake_export_libraries/cmake/ament_export_libraries.cmake
[1.946s] -- Installing: /home/runner/work/pixi_rosdistro/pixi_rosdistro/install/share/ament_cmake_export_libraries/cmake/ament_export_library_names.cmake
[1.946s] -- Installing: /home/runner/work/pixi_rosdistro/pixi_rosdistro/install/share/ament_cmake_export_libraries/cmake/ament_cmake_export_libraries_package_hook.cmake
[1.946s] -- Installing: /home/runner/work/pixi_rosdistro/pixi_rosdistro/install/share/ament_cmake_export_libraries/cmake/ament_cmake_export_libraries-extras.cmake.in
[1.947s] Invoked command in '/home/runner/work/pixi_rosdistro/pixi_rosdistro/build/ament_cmake_export_libraries' returned '0': AMENT_PREFIX_PATH=/home/runner/work/pixi_rosdistro/pixi_rosdistro/install CMAKE_PREFIX_PATH=/home/runner/work/pixi_rosdistro/pixi_rosdistro/install:${CMAKE_PREFIX_PATH} PATH=/opt/microsoft/powershell/7:${PATH} PIXI_PROMPT=(ros2_rolling) PSModulePath=/home/runner/.local/share/powershell/Modules:${PSModulePath} PYTHONPATH=/home/runner/work/pixi_rosdistro/pixi_rosdistro/install/lib/python3.12/site-packages ROS_DOMAIN_ID=45 /home/runner/work/pixi_rosdistro/pixi_rosdistro/.pixi/envs/default/bin/cmake --install /home/runner/work/pixi_rosdistro/pixi_rosdistro/build/ament_cmake_export_libraries
