[2.910s] Invoking command in '/home/runner/work/pixi_rosdistro/pixi_rosdistro/src/ament/ament_lint/ament_pycodestyle': AMENT_PREFIX_PATH=/home/runner/work/pixi_rosdistro/pixi_rosdistro/install CMAKE_PREFIX_PATH=/home/runner/work/pixi_rosdistro/pixi_rosdistro/install:${CMAKE_PREFIX_PATH} PATH=/home/runner/work/pixi_rosdistro/pixi_rosdistro/install/bin:/opt/microsoft/powershell/7:${PATH} PIXI_PROMPT=(ros2_rolling) PSModulePath=/home/runner/.local/share/powershell/Modules:${PSModulePath} PYTHONPATH=/home/runner/work/pixi_rosdistro/pixi_rosdistro/build/ament_pycodestyle/prefix_override:/home/runner/work/pixi_rosdistro/pixi_rosdistro/.pixi/envs/default/lib/python3.12/site-packages/colcon_core/task/python/colcon_distutils_commands:/home/runner/work/pixi_rosdistro/pixi_rosdistro/install/lib/python3.12/site-packages:/home/runner/work/pixi_rosdistro/pixi_rosdistro/install/lib/python3.12/site-packages ROS_DOMAIN_ID=60 /home/runner/work/pixi_rosdistro/pixi_rosdistro/.pixi/envs/default/bin/python3.12 -W ignore:setup.py install is deprecated -W ignore:easy_install command is deprecated setup.py egg_info --egg-base ../../../../build/ament_pycodestyle build --build-base /home/runner/work/pixi_rosdistro/pixi_rosdistro/build/ament_pycodestyle/build install --record /home/runner/work/pixi_rosdistro/pixi_rosdistro/build/ament_pycodestyle/install.log --single-version-externally-managed install_data
[3.148s] running egg_info
[3.157s] creating ../../../../build/ament_pycodestyle/ament_pycodestyle.egg-info
[3.159s] writing ../../../../build/ament_pycodestyle/ament_pycodestyle.egg-info/PKG-INFO
[3.159s] writing dependency_links to ../../../../build/ament_pycodestyle/ament_pycodestyle.egg-info/dependency_links.txt
[3.159s] writing entry points to ../../../../build/ament_pycodestyle/ament_pycodestyle.egg-info/entry_points.txt
[3.159s] writing requirements to ../../../../build/ament_pycodestyle/ament_pycodestyle.egg-info/requires.txt
[3.159s] writing top-level names to ../../../../build/ament_pycodestyle/ament_pycodestyle.egg-info/top_level.txt
[3.159s] writing manifest file '../../../../build/ament_pycodestyle/ament_pycodestyle.egg-info/SOURCES.txt'
[3.179s] reading manifest file '../../../../build/ament_pycodestyle/ament_pycodestyle.egg-info/SOURCES.txt'
[3.181s] writing manifest file '../../../../build/ament_pycodestyle/ament_pycodestyle.egg-info/SOURCES.txt'
[3.181s] running build
[3.182s] running build_py
[3.182s] creating /home/runner/work/pixi_rosdistro/pixi_rosdistro/build/ament_pycodestyle/build/lib/ament_pycodestyle
[3.183s] copying ament_pycodestyle/main.py -> /home/runner/work/pixi_rosdistro/pixi_rosdistro/build/ament_pycodestyle/build/lib/ament_pycodestyle
[3.183s] copying ament_pycodestyle/__init__.py -> /home/runner/work/pixi_rosdistro/pixi_rosdistro/build/ament_pycodestyle/build/lib/ament_pycodestyle
[3.184s] copying ament_pycodestyle/py.typed -> /home/runner/work/pixi_rosdistro/pixi_rosdistro/build/ament_pycodestyle/build/lib/ament_pycodestyle
[3.184s] creating /home/runner/work/pixi_rosdistro/pixi_rosdistro/build/ament_pycodestyle/build/lib/ament_pycodestyle/configuration
[3.184s] copying ament_pycodestyle/configuration/ament_pycodestyle.ini -> /home/runner/work/pixi_rosdistro/pixi_rosdistro/build/ament_pycodestyle/build/lib/ament_pycodestyle/configuration
[3.184s] running install
[3.189s] running install_lib
[3.194s] creating /home/runner/work/pixi_rosdistro/pixi_rosdistro/install/lib/python3.12/site-packages/ament_pycodestyle
[3.194s] copying /home/runner/work/pixi_rosdistro/pixi_rosdistro/build/ament_pycodestyle/build/lib/ament_pycodestyle/main.py -> /home/runner/work/pixi_rosdistro/pixi_rosdistro/install/lib/python3.12/site-packages/ament_pycodestyle
[3.194s] copying /home/runner/work/pixi_rosdistro/pixi_rosdistro/build/ament_pycodestyle/build/lib/ament_pycodestyle/__init__.py -> /home/runner/work/pixi_rosdistro/pixi_rosdistro/install/lib/python3.12/site-packages/ament_pycodestyle
[3.194s] copying /home/runner/work/pixi_rosdistro/pixi_rosdistro/build/ament_pycodestyle/build/lib/ament_pycodestyle/py.typed -> /home/runner/work/pixi_rosdistro/pixi_rosdistro/install/lib/python3.12/site-packages/ament_pycodestyle
[3.195s] creating /home/runner/work/pixi_rosdistro/pixi_rosdistro/install/lib/python3.12/site-packages/ament_pycodestyle/configuration
[3.195s] copying /home/runner/work/pixi_rosdistro/pixi_rosdistro/build/ament_pycodestyle/build/lib/ament_pycodestyle/configuration/ament_pycodestyle.ini -> /home/runner/work/pixi_rosdistro/pixi_rosdistro/install/lib/python3.12/site-packages/ament_pycodestyle/configuration
[3.195s] byte-compiling /home/runner/work/pixi_rosdistro/pixi_rosdistro/install/lib/python3.12/site-packages/ament_pycodestyle/main.py to main.cpython-312.pyc
[3.196s] byte-compiling /home/runner/work/pixi_rosdistro/pixi_rosdistro/install/lib/python3.12/site-packages/ament_pycodestyle/__init__.py to __init__.cpython-312.pyc
[3.197s] running install_data
[3.197s] copying package.xml -> /home/runner/work/pixi_rosdistro/pixi_rosdistro/install/share/ament_pycodestyle
[3.197s] copying resource/ament_pycodestyle -> /home/runner/work/pixi_rosdistro/pixi_rosdistro/install/share/ament_index/resource_index/packages
[3.197s] running install_egg_info
[3.203s] Copying ../../../../build/ament_pycodestyle/ament_pycodestyle.egg-info to /home/runner/work/pixi_rosdistro/pixi_rosdistro/install/lib/python3.12/site-packages/ament_pycodestyle-0.20.3-py3.12.egg-info
[3.204s] running install_scripts
[3.220s] Installing ament_pycodestyle script to /home/runner/work/pixi_rosdistro/pixi_rosdistro/install/bin
[3.223s] writing list of installed files to '/home/runner/work/pixi_rosdistro/pixi_rosdistro/build/ament_pycodestyle/install.log'
[3.250s] Invoked command in '/home/runner/work/pixi_rosdistro/pixi_rosdistro/src/ament/ament_lint/ament_pycodestyle' returned '0': AMENT_PREFIX_PATH=/home/runner/work/pixi_rosdistro/pixi_rosdistro/install CMAKE_PREFIX_PATH=/home/runner/work/pixi_rosdistro/pixi_rosdistro/install:${CMAKE_PREFIX_PATH} PATH=/home/runner/work/pixi_rosdistro/pixi_rosdistro/install/bin:/opt/microsoft/powershell/7:${PATH} PIXI_PROMPT=(ros2_rolling) PSModulePath=/home/runner/.local/share/powershell/Modules:${PSModulePath} PYTHONPATH=/home/runner/work/pixi_rosdistro/pixi_rosdistro/build/ament_pycodestyle/prefix_override:/home/runner/work/pixi_rosdistro/pixi_rosdistro/.pixi/envs/default/lib/python3.12/site-packages/colcon_core/task/python/colcon_distutils_commands:/home/runner/work/pixi_rosdistro/pixi_rosdistro/install/lib/python3.12/site-packages:/home/runner/work/pixi_rosdistro/pixi_rosdistro/install/lib/python3.12/site-packages ROS_DOMAIN_ID=60 /home/runner/work/pixi_rosdistro/pixi_rosdistro/.pixi/envs/default/bin/python3.12 -W ignore:setup.py install is deprecated -W ignore:easy_install command is deprecated setup.py egg_info --egg-base ../../../../build/ament_pycodestyle build --build-base /home/runner/work/pixi_rosdistro/pixi_rosdistro/build/ament_pycodestyle/build install --record /home/runner/work/pixi_rosdistro/pixi_rosdistro/build/ament_pycodestyle/install.log --single-version-externally-managed install_data
