Not searching for unused variables given on the command line.
-- The C compiler identification is MSVC 19.44.35225.0
-- The CXX compiler identification is MSVC 19.44.35225.0
-- Detecting C compiler ABI info
-- Detecting C compiler ABI info - done
-- Check for working C compiler: C:/Program Files/Microsoft Visual Studio/2022/Enterprise/VC/Tools/MSVC/14.44.35207/bin/Hostx64/x64/cl.exe - skipped
-- Detecting C compile features
-- Detecting C compile features - done
-- Detecting CXX compiler ABI info
-- Detecting CXX compiler ABI info - done
-- Check for working CXX compiler: C:/Program Files/Microsoft Visual Studio/2022/Enterprise/VC/Tools/MSVC/14.44.35207/bin/Hostx64/x64/cl.exe - skipped
-- Detecting CXX compile features
-- Detecting CXX compile features - done
-- Found ament_cmake: 2.8.6 (D:/a/pixi_rosdistro/pixi_rosdistro/install/share/ament_cmake/cmake)
-- Found rosidl_core_generators: 0.4.1 (D:/a/pixi_rosdistro/pixi_rosdistro/install/share/rosidl_core_generators/cmake)
-- Using all available rosidl_typesupport_c: rosidl_typesupport_fastrtps_c;rosidl_typesupport_introspection_c
-- Using all available rosidl_typesupport_cpp: rosidl_typesupport_fastrtps_cpp;rosidl_typesupport_introspection_cpp
-- Found rosidl_adapter: 5.1.3 (D:/a/pixi_rosdistro/pixi_rosdistro/install/share/rosidl_adapter/cmake)
-- Found Python3: D:/a/pixi_rosdistro/pixi_rosdistro/.pixi/envs/default/python.exe (found version "3.12.13") found components: Interpreter
-- Found ament_cmake_cppcheck: 0.20.3 (D:/a/pixi_rosdistro/pixi_rosdistro/install/share/ament_cmake_cppcheck/cmake)
-- Found ament_cmake_cpplint: 0.20.3 (D:/a/pixi_rosdistro/pixi_rosdistro/install/share/ament_cmake_cpplint/cmake)
-- Found ament_cmake_uncrustify: 0.20.3 (D:/a/pixi_rosdistro/pixi_rosdistro/install/share/ament_cmake_uncrustify/cmake)
-- Found ament_cmake_ros_core: 0.15.6 (D:/a/pixi_rosdistro/pixi_rosdistro/install/share/ament_cmake_ros_core/cmake)
-- Using all available rosidl_typesupport_c: rosidl_typesupport_fastrtps_c;rosidl_typesupport_introspection_c
-- Using all available rosidl_typesupport_cpp: rosidl_typesupport_fastrtps_cpp;rosidl_typesupport_introspection_cpp
-- Found Python3: D:/a/pixi_rosdistro/pixi_rosdistro/.pixi/envs/default/python.exe (found version "3.12.13") found components: Interpreter Development NumPy Development.Module Development.Embed
-- Found ament_cmake_flake8: 0.20.3 (D:/a/pixi_rosdistro/pixi_rosdistro/install/share/ament_cmake_flake8/cmake)
-- Found ament_cmake_pep257: 0.20.3 (D:/a/pixi_rosdistro/pixi_rosdistro/install/share/ament_cmake_pep257/cmake)
-- Found ament_cmake_mypy: 0.20.3 (D:/a/pixi_rosdistro/pixi_rosdistro/install/share/ament_cmake_mypy/cmake)
-- Found Python3: D:/a/pixi_rosdistro/pixi_rosdistro/.pixi/envs/default/python.exe (found version "3.12.13") found components: Interpreter
-- Found ament_lint_auto: 0.20.3 (D:/a/pixi_rosdistro/pixi_rosdistro/install/share/ament_lint_auto/cmake)
-- Added test 'copyright' to check source files copyright and LICENSE
-- Added test 'lint_cmake' to check CMake code style
-- Added test 'xmllint' to check XML markup files
-- Configuring done (11.1s)
-- Generating done (0.2s)
-- Build files have been written to: D:/a/pixi_rosdistro/pixi_rosdistro/build/type_description_interfaces
[1/97] Generating type hashes for ROS interfaces
[2/97] Generating C code for ROS interfaces
[3/97] Building C object CMakeFiles\type_description_interfaces__rosidl_generator_c.dir\rosidl_generator_c\type_description_interfaces\msg\detail\field__description.c.obj
[4/97] Building C object CMakeFiles\type_description_interfaces__rosidl_generator_c.dir\rosidl_generator_c\type_description_interfaces\msg\detail\field__functions.c.obj
[5/97] Building C object CMakeFiles\type_description_interfaces__rosidl_generator_c.dir\rosidl_generator_c\type_description_interfaces\msg\detail\field__type_support.c.obj
[6/97] Building C object CMakeFiles\type_description_interfaces__rosidl_generator_c.dir\rosidl_generator_c\type_description_interfaces\msg\detail\field_type__description.c.obj
[7/97] Building C object CMakeFiles\type_description_interfaces__rosidl_generator_c.dir\rosidl_generator_c\type_description_interfaces\msg\detail\field_type__functions.c.obj
[8/97] Building C object CMakeFiles\type_description_interfaces__rosidl_generator_c.dir\rosidl_generator_c\type_description_interfaces\msg\detail\field_type__type_support.c.obj
[9/97] Building C object CMakeFiles\type_description_interfaces__rosidl_generator_c.dir\rosidl_generator_c\type_description_interfaces\msg\detail\individual_type_description__description.c.obj
[10/97] Building C object CMakeFiles\type_description_interfaces__rosidl_generator_c.dir\rosidl_generator_c\type_description_interfaces\msg\detail\individual_type_description__functions.c.obj
[11/97] Building C object CMakeFiles\type_description_interfaces__rosidl_generator_c.dir\rosidl_generator_c\type_description_interfaces\msg\detail\individual_type_description__type_support.c.obj
[12/97] Building C object CMakeFiles\type_description_interfaces__rosidl_generator_c.dir\rosidl_generator_c\type_description_interfaces\msg\detail\key_value__description.c.obj
[13/97] Building C object CMakeFiles\type_description_interfaces__rosidl_generator_c.dir\rosidl_generator_c\type_description_interfaces\msg\detail\key_value__functions.c.obj
[14/97] Building C object CMakeFiles\type_description_interfaces__rosidl_generator_c.dir\rosidl_generator_c\type_description_interfaces\msg\detail\key_value__type_support.c.obj
[15/97] Building C object CMakeFiles\type_description_interfaces__rosidl_generator_c.dir\rosidl_generator_c\type_description_interfaces\msg\detail\type_description__description.c.obj
[16/97] Building C object CMakeFiles\type_description_interfaces__rosidl_generator_c.dir\rosidl_generator_c\type_description_interfaces\msg\detail\type_description__functions.c.obj
[17/97] Building C object CMakeFiles\type_description_interfaces__rosidl_generator_c.dir\rosidl_generator_c\type_description_interfaces\msg\detail\type_description__type_support.c.obj
[18/97] Building C object CMakeFiles\type_description_interfaces__rosidl_generator_c.dir\rosidl_generator_c\type_description_interfaces\msg\detail\type_source__description.c.obj
[19/97] Building C object CMakeFiles\type_description_interfaces__rosidl_generator_c.dir\rosidl_generator_c\type_description_interfaces\msg\detail\type_source__functions.c.obj
[20/97] Building C object CMakeFiles\type_description_interfaces__rosidl_generator_c.dir\rosidl_generator_c\type_description_interfaces\msg\detail\type_source__type_support.c.obj
[21/97] Building C object CMakeFiles\type_description_interfaces__rosidl_generator_c.dir\rosidl_generator_c\type_description_interfaces\srv\detail\get_type_description__description.c.obj
[22/97] Building C object CMakeFiles\type_description_interfaces__rosidl_generator_c.dir\rosidl_generator_c\type_description_interfaces\srv\detail\get_type_description__functions.c.obj
[23/97] Building C object CMakeFiles\type_description_interfaces__rosidl_generator_c.dir\rosidl_generator_c\type_description_interfaces\srv\detail\get_type_description__type_support.c.obj
[24/97] Generating C type support for eProsima Fast-RTPS
[25/97] Generating C introspection for ROS interfaces
[26/97] Generating C type support dispatch for ROS interfaces
[27/97] Generating C++ code for ROS interfaces
[28/97] Generating C++ type support for eProsima Fast-RTPS
[29/97] Generating C++ introspection for ROS interfaces
[30/97] Generating C++ type support dispatch for ROS interfaces
[31/97] Linking C shared library type_description_interfaces__rosidl_generator_c.dll
[32/97] Building CXX object CMakeFiles\type_description_interfaces__rosidl_typesupport_fastrtps_c.dir\rosidl_typesupport_fastrtps_c\type_description_interfaces\msg\detail\field__type_support_c.cpp.obj
[33/97] Building CXX object CMakeFiles\type_description_interfaces__rosidl_typesupport_fastrtps_c.dir\rosidl_typesupport_fastrtps_c\type_description_interfaces\msg\detail\field_type__type_support_c.cpp.obj
[34/97] Building CXX object CMakeFiles\type_description_interfaces__rosidl_typesupport_fastrtps_c.dir\c65e5f491cbae87b8b9f8f9a967f3747\msg\detail\individual_type_description__type_support_c.cpp.obj
[35/97] Building CXX object CMakeFiles\type_description_interfaces__rosidl_typesupport_fastrtps_c.dir\rosidl_typesupport_fastrtps_c\type_description_interfaces\msg\detail\key_value__type_support_c.cpp.obj
[36/97] Building CXX object CMakeFiles\type_description_interfaces__rosidl_typesupport_fastrtps_c.dir\c65e5f491cbae87b8b9f8f9a967f3747\msg\detail\type_description__type_support_c.cpp.obj
[37/97] Building CXX object CMakeFiles\type_description_interfaces__rosidl_typesupport_fastrtps_c.dir\rosidl_typesupport_fastrtps_c\type_description_interfaces\msg\detail\type_source__type_support_c.cpp.obj
[38/97] Building CXX object CMakeFiles\type_description_interfaces__rosidl_typesupport_fastrtps_c.dir\c65e5f491cbae87b8b9f8f9a967f3747\srv\detail\get_type_description__type_support_c.cpp.obj
[39/97] Building C object CMakeFiles\type_description_interfaces__rosidl_typesupport_introspection_c.dir\rosidl_typesupport_introspection_c\type_description_interfaces\msg\detail\field__type_support.c.obj
[40/97] Building C object CMakeFiles\type_description_interfaces__rosidl_typesupport_introspection_c.dir\8f3c17816905fe5098f4f85695c8413a\msg\detail\field_type__type_support.c.obj
[41/97] Building C object CMakeFiles\type_description_interfaces__rosidl_typesupport_introspection_c.dir\8f3c17816905fe5098f4f85695c8413a\msg\detail\individual_type_description__type_support.c.obj
[42/97] Building C object CMakeFiles\type_description_interfaces__rosidl_typesupport_introspection_c.dir\8f3c17816905fe5098f4f85695c8413a\msg\detail\key_value__type_support.c.obj
[43/97] Building C object CMakeFiles\type_description_interfaces__rosidl_typesupport_introspection_c.dir\8f3c17816905fe5098f4f85695c8413a\msg\detail\type_description__type_support.c.obj
[44/97] Building C object CMakeFiles\type_description_interfaces__rosidl_typesupport_introspection_c.dir\8f3c17816905fe5098f4f85695c8413a\msg\detail\type_source__type_support.c.obj
[45/97] Building C object CMakeFiles\type_description_interfaces__rosidl_typesupport_introspection_c.dir\8f3c17816905fe5098f4f85695c8413a\srv\detail\get_type_description__type_support.c.obj
[46/97] Building CXX object CMakeFiles\type_description_interfaces__rosidl_typesupport_c.dir\rosidl_typesupport_c\type_description_interfaces\msg\field__type_support.cpp.obj
[47/97] Building CXX object CMakeFiles\type_description_interfaces__rosidl_typesupport_c.dir\rosidl_typesupport_c\type_description_interfaces\msg\field_type__type_support.cpp.obj
[48/97] Building CXX object CMakeFiles\type_description_interfaces__rosidl_typesupport_c.dir\rosidl_typesupport_c\type_description_interfaces\msg\individual_type_description__type_support.cpp.obj
[49/97] Building CXX object CMakeFiles\type_description_interfaces__rosidl_typesupport_c.dir\rosidl_typesupport_c\type_description_interfaces\msg\key_value__type_support.cpp.obj
[50/97] Building CXX object CMakeFiles\type_description_interfaces__rosidl_typesupport_c.dir\rosidl_typesupport_c\type_description_interfaces\msg\type_description__type_support.cpp.obj
[51/97] Building CXX object CMakeFiles\type_description_interfaces__rosidl_typesupport_c.dir\rosidl_typesupport_c\type_description_interfaces\msg\type_source__type_support.cpp.obj
[52/97] Building CXX object CMakeFiles\type_description_interfaces__rosidl_typesupport_c.dir\rosidl_typesupport_c\type_description_interfaces\srv\get_type_description__type_support.cpp.obj
[53/97] Building CXX object CMakeFiles\type_description_interfaces__rosidl_typesupport_fastrtps_cpp.dir\3494849f8642fa37c1b095089ae4c2cc\msg\detail\dds_fastrtps\field__type_support.cpp.obj
[54/97] Building CXX object CMakeFiles\type_description_interfaces__rosidl_typesupport_fastrtps_cpp.dir\3494849f8642fa37c1b095089ae4c2cc\msg\detail\dds_fastrtps\field_type__type_support.cpp.obj
[55/97] Building CXX object CMakeFiles\type_description_interfaces__rosidl_typesupport_fastrtps_cpp.dir\3d8836b008a80a4faf5854b054ed5ad6\detail\dds_fastrtps\individual_type_description__type_support.cpp.obj
[56/97] Building CXX object CMakeFiles\type_description_interfaces__rosidl_typesupport_fastrtps_cpp.dir\3494849f8642fa37c1b095089ae4c2cc\msg\detail\dds_fastrtps\key_value__type_support.cpp.obj
[57/97] Building CXX object CMakeFiles\type_description_interfaces__rosidl_typesupport_fastrtps_cpp.dir\3494849f8642fa37c1b095089ae4c2cc\msg\detail\dds_fastrtps\type_description__type_support.cpp.obj
[58/97] Building CXX object CMakeFiles\type_description_interfaces__rosidl_typesupport_fastrtps_cpp.dir\3494849f8642fa37c1b095089ae4c2cc\msg\detail\dds_fastrtps\type_source__type_support.cpp.obj
[59/97] Building CXX object CMakeFiles\type_description_interfaces__rosidl_typesupport_fastrtps_cpp.dir\3494849f8642fa37c1b095089ae4c2cc\srv\detail\dds_fastrtps\get_type_description__type_support.cpp.obj
[60/97] Building CXX object CMakeFiles\type_description_interfaces__rosidl_typesupport_introspection_cpp.dir\ad4c671fc8190d5a88710e2795f1b14e\msg\detail\field__type_support.cpp.obj
[61/97] Building CXX object CMakeFiles\type_description_interfaces__rosidl_typesupport_introspection_cpp.dir\ad4c671fc8190d5a88710e2795f1b14e\msg\detail\field_type__type_support.cpp.obj
[62/97] Building CXX object CMakeFiles\type_description_interfaces__rosidl_typesupport_introspection_cpp.dir\ad4c671fc8190d5a88710e2795f1b14e\msg\detail\individual_type_description__type_support.cpp.obj
[63/97] Building CXX object CMakeFiles\type_description_interfaces__rosidl_typesupport_introspection_cpp.dir\ad4c671fc8190d5a88710e2795f1b14e\msg\detail\key_value__type_support.cpp.obj
[64/97] Building CXX object CMakeFiles\type_description_interfaces__rosidl_typesupport_introspection_cpp.dir\ad4c671fc8190d5a88710e2795f1b14e\msg\detail\type_description__type_support.cpp.obj
[65/97] Building CXX object CMakeFiles\type_description_interfaces__rosidl_typesupport_introspection_cpp.dir\ad4c671fc8190d5a88710e2795f1b14e\msg\detail\type_source__type_support.cpp.obj
[66/97] Building CXX object CMakeFiles\type_description_interfaces__rosidl_typesupport_introspection_cpp.dir\ad4c671fc8190d5a88710e2795f1b14e\srv\detail\get_type_description__type_support.cpp.obj
[67/97] Building CXX object CMakeFiles\type_description_interfaces__rosidl_typesupport_cpp.dir\rosidl_typesupport_cpp\type_description_interfaces\msg\field__type_support.cpp.obj
[68/97] Building CXX object CMakeFiles\type_description_interfaces__rosidl_typesupport_cpp.dir\rosidl_typesupport_cpp\type_description_interfaces\msg\field_type__type_support.cpp.obj
[69/97] Building CXX object CMakeFiles\type_description_interfaces__rosidl_typesupport_cpp.dir\rosidl_typesupport_cpp\type_description_interfaces\msg\individual_type_description__type_support.cpp.obj
[70/97] Building CXX object CMakeFiles\type_description_interfaces__rosidl_typesupport_cpp.dir\rosidl_typesupport_cpp\type_description_interfaces\msg\key_value__type_support.cpp.obj
[71/97] Building CXX object CMakeFiles\type_description_interfaces__rosidl_typesupport_cpp.dir\rosidl_typesupport_cpp\type_description_interfaces\msg\type_description__type_support.cpp.obj
[72/97] Building CXX object CMakeFiles\type_description_interfaces__rosidl_typesupport_cpp.dir\rosidl_typesupport_cpp\type_description_interfaces\msg\type_source__type_support.cpp.obj
[73/97] Building CXX object CMakeFiles\type_description_interfaces__rosidl_typesupport_cpp.dir\rosidl_typesupport_cpp\type_description_interfaces\srv\get_type_description__type_support.cpp.obj
[74/97] Linking CXX shared library type_description_interfaces__rosidl_typesupport_fastrtps_c.dll
[75/97] Linking C shared library type_description_interfaces__rosidl_typesupport_introspection_c.dll
[76/97] Linking CXX shared library type_description_interfaces__rosidl_typesupport_c.dll
[77/97] Linking CXX shared library type_description_interfaces__rosidl_typesupport_fastrtps_cpp.dll
[78/97] Linking CXX shared library type_description_interfaces__rosidl_typesupport_introspection_cpp.dll
[79/97] Linking CXX shared library type_description_interfaces__rosidl_typesupport_cpp.dll
[80/97] Generating Python code for ROS interfaces
[81/97] Generating Rust code for ROS interfaces
[82/97] Building C object CMakeFiles\type_description_interfaces__rosidl_generator_py.dir\rosidl_generator_py\type_description_interfaces\msg\_field_s.c.obj
[83/97] Building C object CMakeFiles\type_description_interfaces__rosidl_generator_py.dir\rosidl_generator_py\type_description_interfaces\msg\_field_type_s.c.obj
[84/97] Building C object CMakeFiles\type_description_interfaces__rosidl_generator_py.dir\rosidl_generator_py\type_description_interfaces\msg\_individual_type_description_s.c.obj
[85/97] Building C object CMakeFiles\type_description_interfaces__rosidl_generator_py.dir\rosidl_generator_py\type_description_interfaces\msg\_key_value_s.c.obj
[86/97] Building C object CMakeFiles\type_description_interfaces__rosidl_generator_py.dir\rosidl_generator_py\type_description_interfaces\msg\_type_description_s.c.obj
[87/97] Building C object CMakeFiles\type_description_interfaces__rosidl_generator_py.dir\rosidl_generator_py\type_description_interfaces\msg\_type_source_s.c.obj
[88/97] Building C object CMakeFiles\type_description_interfaces__rosidl_generator_py.dir\rosidl_generator_py\type_description_interfaces\srv\_get_type_description_s.c.obj
[89/97] Linking C shared library type_description_interfaces__rosidl_generator_py.dll
[90/97] Building C object CMakeFiles\type_description_interfaces_s__rosidl_typesupport_fastrtps_c.dir\fa853fd906db0c12f7536282e51ea5b2\_type_description_interfaces_s.ep.rosidl_typesupport_fastrtps_c.c.obj
[91/97] Building C object CMakeFiles\type_description_interfaces_s__rosidl_typesupport_introspection_c.dir\fa853fd906db0c12f7536282e51ea5b2\_type_description_interfaces_s.ep.rosidl_typesupport_introspection_c.c.obj
[92/97] Building C object CMakeFiles\type_description_interfaces_s__rosidl_typesupport_c.dir\rosidl_generator_py\type_description_interfaces\_type_description_interfaces_s.ep.rosidl_typesupport_c.c.obj
[93/97] C:\Windows\system32\cmd.exe /C "cd /D D:\a\pixi_rosdistro\pixi_rosdistro\build\type_description_interfaces && D:\a\pixi_rosdistro\pixi_rosdistro\.pixi\envs\default\Library\bin\cmake.exe -E copy_directory D:/a/pixi_rosdistro/pixi_rosdistro/build/type_description_interfaces/rosidl_generator_py/type_description_interfaces D:/a/pixi_rosdistro/pixi_rosdistro/build/type_description_interfaces/ament_cmake_python/type_description_interfaces/type_description_interfaces"
[94/97] Linking C shared module rosidl_generator_py\type_description_interfaces\type_description_interfaces_s__rosidl_typesupport_fastrtps_c.pyd
[95/97] Linking C shared module rosidl_generator_py\type_description_interfaces\type_description_interfaces_s__rosidl_typesupport_introspection_c.pyd
[96/97] Linking C shared module rosidl_generator_py\type_description_interfaces\type_description_interfaces_s__rosidl_typesupport_c.pyd
[97/97] C:\Windows\system32\cmd.exe /C "cd /D D:\a\pixi_rosdistro\pixi_rosdistro\build\type_description_interfaces\ament_cmake_python\type_description_interfaces && D:\a\pixi_rosdistro\pixi_rosdistro\.pixi\envs\default\python.exe setup.py egg_info"
running egg_info
creating type_description_interfaces.egg-info
writing type_description_interfaces.egg-info\PKG-INFO
writing dependency_links to type_description_interfaces.egg-info\dependency_links.txt
writing top-level names to type_description_interfaces.egg-info\top_level.txt
writing manifest file 'type_description_interfaces.egg-info\SOURCES.txt'
reading manifest file 'type_description_interfaces.egg-info\SOURCES.txt'
writing manifest file 'type_description_interfaces.egg-info\SOURCES.txt'
-- Install configuration: "Release"
-- Installing: D:/a/pixi_rosdistro/pixi_rosdistro/install/share/ament_index/resource_index/rosidl_interfaces/type_description_interfaces
-- Installing: D:/a/pixi_rosdistro/pixi_rosdistro/install/share/type_description_interfaces/msg/Field.json
-- Installing: D:/a/pixi_rosdistro/pixi_rosdistro/install/share/type_description_interfaces/msg/FieldType.json
-- Installing: D:/a/pixi_rosdistro/pixi_rosdistro/install/share/type_description_interfaces/msg/IndividualTypeDescription.json
-- Installing: D:/a/pixi_rosdistro/pixi_rosdistro/install/share/type_description_interfaces/msg/KeyValue.json
-- Installing: D:/a/pixi_rosdistro/pixi_rosdistro/install/share/type_description_interfaces/msg/TypeDescription.json
-- Installing: D:/a/pixi_rosdistro/pixi_rosdistro/install/share/type_description_interfaces/msg/TypeSource.json
-- Installing: D:/a/pixi_rosdistro/pixi_rosdistro/install/share/type_description_interfaces/srv/GetTypeDescription.json
-- Installing: D:/a/pixi_rosdistro/pixi_rosdistro/install/include/type_description_interfaces/type_description_interfaces
-- Installing: D:/a/pixi_rosdistro/pixi_rosdistro/install/include/type_description_interfaces/type_description_interfaces/msg
-- Installing: D:/a/pixi_rosdistro/pixi_rosdistro/install/include/type_description_interfaces/type_description_interfaces/msg/detail
-- Installing: D:/a/pixi_rosdistro/pixi_rosdistro/install/include/type_description_interfaces/type_description_interfaces/msg/detail/field_type__description.c
-- Installing: D:/a/pixi_rosdistro/pixi_rosdistro/install/include/type_description_interfaces/type_description_interfaces/msg/detail/field_type__functions.c
-- Installing: D:/a/pixi_rosdistro/pixi_rosdistro/install/include/type_description_interfaces/type_description_interfaces/msg/detail/field_type__functions.h
-- Installing: D:/a/pixi_rosdistro/pixi_rosdistro/install/include/type_description_interfaces/type_description_interfaces/msg/detail/field_type__struct.h
-- Installing: D:/a/pixi_rosdistro/pixi_rosdistro/install/include/type_description_interfaces/type_description_interfaces/msg/detail/field_type__type_support.c
-- Installing: D:/a/pixi_rosdistro/pixi_rosdistro/install/include/type_description_interfaces/type_description_interfaces/msg/detail/field_type__type_support.h
-- Installing: D:/a/pixi_rosdistro/pixi_rosdistro/install/include/type_description_interfaces/type_description_interfaces/msg/detail/field__description.c
-- Installing: D:/a/pixi_rosdistro/pixi_rosdistro/install/include/type_description_interfaces/type_description_interfaces/msg/detail/field__functions.c
-- Installing: D:/a/pixi_rosdistro/pixi_rosdistro/install/include/type_description_interfaces/type_description_interfaces/msg/detail/field__functions.h
-- Installing: D:/a/pixi_rosdistro/pixi_rosdistro/install/include/type_description_interfaces/type_description_interfaces/msg/detail/field__struct.h
-- Installing: D:/a/pixi_rosdistro/pixi_rosdistro/install/include/type_description_interfaces/type_description_interfaces/msg/detail/field__type_support.c
-- Installing: D:/a/pixi_rosdistro/pixi_rosdistro/install/include/type_description_interfaces/type_description_interfaces/msg/detail/field__type_support.h
-- Installing: D:/a/pixi_rosdistro/pixi_rosdistro/install/include/type_description_interfaces/type_description_interfaces/msg/detail/individual_type_description__description.c
-- Installing: D:/a/pixi_rosdistro/pixi_rosdistro/install/include/type_description_interfaces/type_description_interfaces/msg/detail/individual_type_description__functions.c
-- Installing: D:/a/pixi_rosdistro/pixi_rosdistro/install/include/type_description_interfaces/type_description_interfaces/msg/detail/individual_type_description__functions.h
-- Installing: D:/a/pixi_rosdistro/pixi_rosdistro/install/include/type_description_interfaces/type_description_interfaces/msg/detail/individual_type_description__struct.h
-- Installing: D:/a/pixi_rosdistro/pixi_rosdistro/install/include/type_description_interfaces/type_description_interfaces/msg/detail/individual_type_description__type_support.c
-- Installing: D:/a/pixi_rosdistro/pixi_rosdistro/install/include/type_description_interfaces/type_description_interfaces/msg/detail/individual_type_description__type_support.h
-- Installing: D:/a/pixi_rosdistro/pixi_rosdistro/install/include/type_description_interfaces/type_description_interfaces/msg/detail/key_value__description.c
-- Installing: D:/a/pixi_rosdistro/pixi_rosdistro/install/include/type_description_interfaces/type_description_interfaces/msg/detail/key_value__functions.c
-- Installing: D:/a/pixi_rosdistro/pixi_rosdistro/install/include/type_description_interfaces/type_description_interfaces/msg/detail/key_value__functions.h
-- Installing: D:/a/pixi_rosdistro/pixi_rosdistro/install/include/type_description_interfaces/type_description_interfaces/msg/detail/key_value__struct.h
-- Installing: D:/a/pixi_rosdistro/pixi_rosdistro/install/include/type_description_interfaces/type_description_interfaces/msg/detail/key_value__type_support.c
-- Installing: D:/a/pixi_rosdistro/pixi_rosdistro/install/include/type_description_interfaces/type_description_interfaces/msg/detail/key_value__type_support.h
-- Installing: D:/a/pixi_rosdistro/pixi_rosdistro/install/include/type_description_interfaces/type_description_interfaces/msg/detail/type_description__description.c
-- Installing: D:/a/pixi_rosdistro/pixi_rosdistro/install/include/type_description_interfaces/type_description_interfaces/msg/detail/type_description__functions.c
-- Installing: D:/a/pixi_rosdistro/pixi_rosdistro/install/include/type_description_interfaces/type_description_interfaces/msg/detail/type_description__functions.h
-- Installing: D:/a/pixi_rosdistro/pixi_rosdistro/install/include/type_description_interfaces/type_description_interfaces/msg/detail/type_description__struct.h
-- Installing: D:/a/pixi_rosdistro/pixi_rosdistro/install/include/type_description_interfaces/type_description_interfaces/msg/detail/type_description__type_support.c
-- Installing: D:/a/pixi_rosdistro/pixi_rosdistro/install/include/type_description_interfaces/type_description_interfaces/msg/detail/type_description__type_support.h
-- Installing: D:/a/pixi_rosdistro/pixi_rosdistro/install/include/type_description_interfaces/type_description_interfaces/msg/detail/type_source__description.c
-- Installing: D:/a/pixi_rosdistro/pixi_rosdistro/install/include/type_description_interfaces/type_description_interfaces/msg/detail/type_source__functions.c
-- Installing: D:/a/pixi_rosdistro/pixi_rosdistro/install/include/type_description_interfaces/type_description_interfaces/msg/detail/type_source__functions.h
-- Installing: D:/a/pixi_rosdistro/pixi_rosdistro/install/include/type_description_interfaces/type_description_interfaces/msg/detail/type_source__struct.h
-- Installing: D:/a/pixi_rosdistro/pixi_rosdistro/install/include/type_description_interfaces/type_description_interfaces/msg/detail/type_source__type_support.c
-- Installing: D:/a/pixi_rosdistro/pixi_rosdistro/install/include/type_description_interfaces/type_description_interfaces/msg/detail/type_source__type_support.h
-- Installing: D:/a/pixi_rosdistro/pixi_rosdistro/install/include/type_description_interfaces/type_description_interfaces/msg/field.h
-- Installing: D:/a/pixi_rosdistro/pixi_rosdistro/install/include/type_description_interfaces/type_description_interfaces/msg/field_type.h
-- Installing: D:/a/pixi_rosdistro/pixi_rosdistro/install/include/type_description_interfaces/type_description_interfaces/msg/individual_type_description.h
-- Installing: D:/a/pixi_rosdistro/pixi_rosdistro/install/include/type_description_interfaces/type_description_interfaces/msg/key_value.h
-- Installing: D:/a/pixi_rosdistro/pixi_rosdistro/install/include/type_description_interfaces/type_description_interfaces/msg/rosidl_generator_c__visibility_control.h
-- Installing: D:/a/pixi_rosdistro/pixi_rosdistro/install/include/type_description_interfaces/type_description_interfaces/msg/type_description.h
-- Installing: D:/a/pixi_rosdistro/pixi_rosdistro/install/include/type_description_interfaces/type_description_interfaces/msg/type_source.h
-- Installing: D:/a/pixi_rosdistro/pixi_rosdistro/install/include/type_description_interfaces/type_description_interfaces/srv
-- Installing: D:/a/pixi_rosdistro/pixi_rosdistro/install/include/type_description_interfaces/type_description_interfaces/srv/detail
-- Installing: D:/a/pixi_rosdistro/pixi_rosdistro/install/include/type_description_interfaces/type_description_interfaces/srv/detail/get_type_description__description.c
-- Installing: D:/a/pixi_rosdistro/pixi_rosdistro/install/include/type_description_interfaces/type_description_interfaces/srv/detail/get_type_description__functions.c
-- Installing: D:/a/pixi_rosdistro/pixi_rosdistro/install/include/type_description_interfaces/type_description_interfaces/srv/detail/get_type_description__functions.h
-- Installing: D:/a/pixi_rosdistro/pixi_rosdistro/install/include/type_description_interfaces/type_description_interfaces/srv/detail/get_type_description__struct.h
-- Installing: D:/a/pixi_rosdistro/pixi_rosdistro/install/include/type_description_interfaces/type_description_interfaces/srv/detail/get_type_description__type_support.c
-- Installing: D:/a/pixi_rosdistro/pixi_rosdistro/install/include/type_description_interfaces/type_description_interfaces/srv/detail/get_type_description__type_support.h
-- Installing: D:/a/pixi_rosdistro/pixi_rosdistro/install/include/type_description_interfaces/type_description_interfaces/srv/get_type_description.h
-- Installing: D:/a/pixi_rosdistro/pixi_rosdistro/install/lib/type_description_interfaces__rosidl_generator_c.lib
-- Installing: D:/a/pixi_rosdistro/pixi_rosdistro/install/bin/type_description_interfaces__rosidl_generator_c.dll
-- Up-to-date: D:/a/pixi_rosdistro/pixi_rosdistro/install/include/type_description_interfaces/type_description_interfaces
-- Up-to-date: D:/a/pixi_rosdistro/pixi_rosdistro/install/include/type_description_interfaces/type_description_interfaces/msg
-- Up-to-date: D:/a/pixi_rosdistro/pixi_rosdistro/install/include/type_description_interfaces/type_description_interfaces/msg/detail
-- Installing: D:/a/pixi_rosdistro/pixi_rosdistro/install/include/type_description_interfaces/type_description_interfaces/msg/detail/field_type__rosidl_typesupport_fastrtps_c.h
-- Installing: D:/a/pixi_rosdistro/pixi_rosdistro/install/include/type_description_interfaces/type_description_interfaces/msg/detail/field__rosidl_typesupport_fastrtps_c.h
-- Installing: D:/a/pixi_rosdistro/pixi_rosdistro/install/include/type_description_interfaces/type_description_interfaces/msg/detail/individual_type_description__rosidl_typesupport_fastrtps_c.h
-- Installing: D:/a/pixi_rosdistro/pixi_rosdistro/install/include/type_description_interfaces/type_description_interfaces/msg/detail/key_value__rosidl_typesupport_fastrtps_c.h
-- Installing: D:/a/pixi_rosdistro/pixi_rosdistro/install/include/type_description_interfaces/type_description_interfaces/msg/detail/type_description__rosidl_typesupport_fastrtps_c.h
-- Installing: D:/a/pixi_rosdistro/pixi_rosdistro/install/include/type_description_interfaces/type_description_interfaces/msg/detail/type_source__rosidl_typesupport_fastrtps_c.h
-- Installing: D:/a/pixi_rosdistro/pixi_rosdistro/install/include/type_description_interfaces/type_description_interfaces/msg/rosidl_typesupport_fastrtps_c__visibility_control.h
-- Up-to-date: D:/a/pixi_rosdistro/pixi_rosdistro/install/include/type_description_interfaces/type_description_interfaces/srv
-- Up-to-date: D:/a/pixi_rosdistro/pixi_rosdistro/install/include/type_description_interfaces/type_description_interfaces/srv/detail
-- Installing: D:/a/pixi_rosdistro/pixi_rosdistro/install/include/type_description_interfaces/type_description_interfaces/srv/detail/get_type_description__rosidl_typesupport_fastrtps_c.h
-- Installing: D:/a/pixi_rosdistro/pixi_rosdistro/install/lib/type_description_interfaces__rosidl_typesupport_fastrtps_c.lib
-- Installing: D:/a/pixi_rosdistro/pixi_rosdistro/install/bin/type_description_interfaces__rosidl_typesupport_fastrtps_c.dll
-- Up-to-date: D:/a/pixi_rosdistro/pixi_rosdistro/install/include/type_description_interfaces/type_description_interfaces
-- Up-to-date: D:/a/pixi_rosdistro/pixi_rosdistro/install/include/type_description_interfaces/type_description_interfaces/msg
-- Up-to-date: D:/a/pixi_rosdistro/pixi_rosdistro/install/include/type_description_interfaces/type_description_interfaces/msg/detail
-- Installing: D:/a/pixi_rosdistro/pixi_rosdistro/install/include/type_description_interfaces/type_description_interfaces/msg/detail/field_type__rosidl_typesupport_introspection_c.h
-- Installing: D:/a/pixi_rosdistro/pixi_rosdistro/install/include/type_description_interfaces/type_description_interfaces/msg/detail/field_type__type_support.c
-- Installing: D:/a/pixi_rosdistro/pixi_rosdistro/install/include/type_description_interfaces/type_description_interfaces/msg/detail/field__rosidl_typesupport_introspection_c.h
-- Installing: D:/a/pixi_rosdistro/pixi_rosdistro/install/include/type_description_interfaces/type_description_interfaces/msg/detail/field__type_support.c
-- Installing: D:/a/pixi_rosdistro/pixi_rosdistro/install/include/type_description_interfaces/type_description_interfaces/msg/detail/individual_type_description__rosidl_typesupport_introspection_c.h
-- Installing: D:/a/pixi_rosdistro/pixi_rosdistro/install/include/type_description_interfaces/type_description_interfaces/msg/detail/individual_type_description__type_support.c
-- Installing: D:/a/pixi_rosdistro/pixi_rosdistro/install/include/type_description_interfaces/type_description_interfaces/msg/detail/key_value__rosidl_typesupport_introspection_c.h
-- Installing: D:/a/pixi_rosdistro/pixi_rosdistro/install/include/type_description_interfaces/type_description_interfaces/msg/detail/key_value__type_support.c
-- Installing: D:/a/pixi_rosdistro/pixi_rosdistro/install/include/type_description_interfaces/type_description_interfaces/msg/detail/type_description__rosidl_typesupport_introspection_c.h
-- Installing: D:/a/pixi_rosdistro/pixi_rosdistro/install/include/type_description_interfaces/type_description_interfaces/msg/detail/type_description__type_support.c
-- Installing: D:/a/pixi_rosdistro/pixi_rosdistro/install/include/type_description_interfaces/type_description_interfaces/msg/detail/type_source__rosidl_typesupport_introspection_c.h
-- Installing: D:/a/pixi_rosdistro/pixi_rosdistro/install/include/type_description_interfaces/type_description_interfaces/msg/detail/type_source__type_support.c
-- Installing: D:/a/pixi_rosdistro/pixi_rosdistro/install/include/type_description_interfaces/type_description_interfaces/msg/rosidl_typesupport_introspection_c__visibility_control.h
-- Up-to-date: D:/a/pixi_rosdistro/pixi_rosdistro/install/include/type_description_interfaces/type_description_interfaces/srv
-- Up-to-date: D:/a/pixi_rosdistro/pixi_rosdistro/install/include/type_description_interfaces/type_description_interfaces/srv/detail
-- Installing: D:/a/pixi_rosdistro/pixi_rosdistro/install/include/type_description_interfaces/type_description_interfaces/srv/detail/get_type_description__rosidl_typesupport_introspection_c.h
-- Installing: D:/a/pixi_rosdistro/pixi_rosdistro/install/include/type_description_interfaces/type_description_interfaces/srv/detail/get_type_description__type_support.c
-- Installing: D:/a/pixi_rosdistro/pixi_rosdistro/install/lib/type_description_interfaces__rosidl_typesupport_introspection_c.lib
-- Installing: D:/a/pixi_rosdistro/pixi_rosdistro/install/bin/type_description_interfaces__rosidl_typesupport_introspection_c.dll
-- Installing: D:/a/pixi_rosdistro/pixi_rosdistro/install/lib/type_description_interfaces__rosidl_typesupport_c.lib
-- Installing: D:/a/pixi_rosdistro/pixi_rosdistro/install/bin/type_description_interfaces__rosidl_typesupport_c.dll
-- Up-to-date: D:/a/pixi_rosdistro/pixi_rosdistro/install/include/type_description_interfaces/type_description_interfaces
-- Up-to-date: D:/a/pixi_rosdistro/pixi_rosdistro/install/include/type_description_interfaces/type_description_interfaces/msg
-- Up-to-date: D:/a/pixi_rosdistro/pixi_rosdistro/install/include/type_description_interfaces/type_description_interfaces/msg/detail
-- Installing: D:/a/pixi_rosdistro/pixi_rosdistro/install/include/type_description_interfaces/type_description_interfaces/msg/detail/field_type__builder.hpp
-- Installing: D:/a/pixi_rosdistro/pixi_rosdistro/install/include/type_description_interfaces/type_description_interfaces/msg/detail/field_type__struct.hpp
-- Installing: D:/a/pixi_rosdistro/pixi_rosdistro/install/include/type_description_interfaces/type_description_interfaces/msg/detail/field_type__traits.hpp
-- Installing: D:/a/pixi_rosdistro/pixi_rosdistro/install/include/type_description_interfaces/type_description_interfaces/msg/detail/field_type__type_support.hpp
-- Installing: D:/a/pixi_rosdistro/pixi_rosdistro/install/include/type_description_interfaces/type_description_interfaces/msg/detail/field__builder.hpp
-- Installing: D:/a/pixi_rosdistro/pixi_rosdistro/install/include/type_description_interfaces/type_description_interfaces/msg/detail/field__struct.hpp
-- Installing: D:/a/pixi_rosdistro/pixi_rosdistro/install/include/type_description_interfaces/type_description_interfaces/msg/detail/field__traits.hpp
-- Installing: D:/a/pixi_rosdistro/pixi_rosdistro/install/include/type_description_interfaces/type_description_interfaces/msg/detail/field__type_support.hpp
-- Installing: D:/a/pixi_rosdistro/pixi_rosdistro/install/include/type_description_interfaces/type_description_interfaces/msg/detail/individual_type_description__builder.hpp
-- Installing: D:/a/pixi_rosdistro/pixi_rosdistro/install/include/type_description_interfaces/type_description_interfaces/msg/detail/individual_type_description__struct.hpp
-- Installing: D:/a/pixi_rosdistro/pixi_rosdistro/install/include/type_description_interfaces/type_description_interfaces/msg/detail/individual_type_description__traits.hpp
-- Installing: D:/a/pixi_rosdistro/pixi_rosdistro/install/include/type_description_interfaces/type_description_interfaces/msg/detail/individual_type_description__type_support.hpp
-- Installing: D:/a/pixi_rosdistro/pixi_rosdistro/install/include/type_description_interfaces/type_description_interfaces/msg/detail/key_value__builder.hpp
-- Installing: D:/a/pixi_rosdistro/pixi_rosdistro/install/include/type_description_interfaces/type_description_interfaces/msg/detail/key_value__struct.hpp
-- Installing: D:/a/pixi_rosdistro/pixi_rosdistro/install/include/type_description_interfaces/type_description_interfaces/msg/detail/key_value__traits.hpp
-- Installing: D:/a/pixi_rosdistro/pixi_rosdistro/install/include/type_description_interfaces/type_description_interfaces/msg/detail/key_value__type_support.hpp
-- Installing: D:/a/pixi_rosdistro/pixi_rosdistro/install/include/type_description_interfaces/type_description_interfaces/msg/detail/type_description__builder.hpp
-- Installing: D:/a/pixi_rosdistro/pixi_rosdistro/install/include/type_description_interfaces/type_description_interfaces/msg/detail/type_description__struct.hpp
-- Installing: D:/a/pixi_rosdistro/pixi_rosdistro/install/include/type_description_interfaces/type_description_interfaces/msg/detail/type_description__traits.hpp
-- Installing: D:/a/pixi_rosdistro/pixi_rosdistro/install/include/type_description_interfaces/type_description_interfaces/msg/detail/type_description__type_support.hpp
-- Installing: D:/a/pixi_rosdistro/pixi_rosdistro/install/include/type_description_interfaces/type_description_interfaces/msg/detail/type_source__builder.hpp
-- Installing: D:/a/pixi_rosdistro/pixi_rosdistro/install/include/type_description_interfaces/type_description_interfaces/msg/detail/type_source__struct.hpp
-- Installing: D:/a/pixi_rosdistro/pixi_rosdistro/install/include/type_description_interfaces/type_description_interfaces/msg/detail/type_source__traits.hpp
-- Installing: D:/a/pixi_rosdistro/pixi_rosdistro/install/include/type_description_interfaces/type_description_interfaces/msg/detail/type_source__type_support.hpp
-- Installing: D:/a/pixi_rosdistro/pixi_rosdistro/install/include/type_description_interfaces/type_description_interfaces/msg/field.hpp
-- Installing: D:/a/pixi_rosdistro/pixi_rosdistro/install/include/type_description_interfaces/type_description_interfaces/msg/field_type.hpp
-- Installing: D:/a/pixi_rosdistro/pixi_rosdistro/install/include/type_description_interfaces/type_description_interfaces/msg/individual_type_description.hpp
-- Installing: D:/a/pixi_rosdistro/pixi_rosdistro/install/include/type_description_interfaces/type_description_interfaces/msg/key_value.hpp
-- Installing: D:/a/pixi_rosdistro/pixi_rosdistro/install/include/type_description_interfaces/type_description_interfaces/msg/rosidl_generator_cpp__visibility_control.hpp
-- Installing: D:/a/pixi_rosdistro/pixi_rosdistro/install/include/type_description_interfaces/type_description_interfaces/msg/type_description.hpp
-- Installing: D:/a/pixi_rosdistro/pixi_rosdistro/install/include/type_description_interfaces/type_description_interfaces/msg/type_source.hpp
-- Up-to-date: D:/a/pixi_rosdistro/pixi_rosdistro/install/include/type_description_interfaces/type_description_interfaces/srv
-- Up-to-date: D:/a/pixi_rosdistro/pixi_rosdistro/install/include/type_description_interfaces/type_description_interfaces/srv/detail
-- Installing: D:/a/pixi_rosdistro/pixi_rosdistro/install/include/type_description_interfaces/type_description_interfaces/srv/detail/get_type_description__builder.hpp
-- Installing: D:/a/pixi_rosdistro/pixi_rosdistro/install/include/type_description_interfaces/type_description_interfaces/srv/detail/get_type_description__struct.hpp
-- Installing: D:/a/pixi_rosdistro/pixi_rosdistro/install/include/type_description_interfaces/type_description_interfaces/srv/detail/get_type_description__traits.hpp
-- Installing: D:/a/pixi_rosdistro/pixi_rosdistro/install/include/type_description_interfaces/type_description_interfaces/srv/detail/get_type_description__type_support.hpp
-- Installing: D:/a/pixi_rosdistro/pixi_rosdistro/install/include/type_description_interfaces/type_description_interfaces/srv/get_type_description.hpp
-- Up-to-date: D:/a/pixi_rosdistro/pixi_rosdistro/install/include/type_description_interfaces/type_description_interfaces
-- Up-to-date: D:/a/pixi_rosdistro/pixi_rosdistro/install/include/type_description_interfaces/type_description_interfaces/msg
-- Up-to-date: D:/a/pixi_rosdistro/pixi_rosdistro/install/include/type_description_interfaces/type_description_interfaces/msg/detail
-- Installing: D:/a/pixi_rosdistro/pixi_rosdistro/install/include/type_description_interfaces/type_description_interfaces/msg/detail/dds_fastrtps
-- Installing: D:/a/pixi_rosdistro/pixi_rosdistro/install/include/type_description_interfaces/type_description_interfaces/msg/detail/field_type__rosidl_typesupport_fastrtps_cpp.hpp
-- Installing: D:/a/pixi_rosdistro/pixi_rosdistro/install/include/type_description_interfaces/type_description_interfaces/msg/detail/field__rosidl_typesupport_fastrtps_cpp.hpp
-- Installing: D:/a/pixi_rosdistro/pixi_rosdistro/install/include/type_description_interfaces/type_description_interfaces/msg/detail/individual_type_description__rosidl_typesupport_fastrtps_cpp.hpp
-- Installing: D:/a/pixi_rosdistro/pixi_rosdistro/install/include/type_description_interfaces/type_description_interfaces/msg/detail/key_value__rosidl_typesupport_fastrtps_cpp.hpp
-- Installing: D:/a/pixi_rosdistro/pixi_rosdistro/install/include/type_description_interfaces/type_description_interfaces/msg/detail/type_description__rosidl_typesupport_fastrtps_cpp.hpp
-- Installing: D:/a/pixi_rosdistro/pixi_rosdistro/install/include/type_description_interfaces/type_description_interfaces/msg/detail/type_source__rosidl_typesupport_fastrtps_cpp.hpp
-- Installing: D:/a/pixi_rosdistro/pixi_rosdistro/install/include/type_description_interfaces/type_description_interfaces/msg/rosidl_typesupport_fastrtps_cpp__visibility_control.h
-- Up-to-date: D:/a/pixi_rosdistro/pixi_rosdistro/install/include/type_description_interfaces/type_description_interfaces/srv
-- Up-to-date: D:/a/pixi_rosdistro/pixi_rosdistro/install/include/type_description_interfaces/type_description_interfaces/srv/detail
-- Installing: D:/a/pixi_rosdistro/pixi_rosdistro/install/include/type_description_interfaces/type_description_interfaces/srv/detail/dds_fastrtps
-- Installing: D:/a/pixi_rosdistro/pixi_rosdistro/install/include/type_description_interfaces/type_description_interfaces/srv/detail/get_type_description__rosidl_typesupport_fastrtps_cpp.hpp
-- Installing: D:/a/pixi_rosdistro/pixi_rosdistro/install/lib/type_description_interfaces__rosidl_typesupport_fastrtps_cpp.lib
-- Installing: D:/a/pixi_rosdistro/pixi_rosdistro/install/bin/type_description_interfaces__rosidl_typesupport_fastrtps_cpp.dll
-- Up-to-date: D:/a/pixi_rosdistro/pixi_rosdistro/install/include/type_description_interfaces/type_description_interfaces
-- Up-to-date: D:/a/pixi_rosdistro/pixi_rosdistro/install/include/type_description_interfaces/type_description_interfaces/msg
-- Up-to-date: D:/a/pixi_rosdistro/pixi_rosdistro/install/include/type_description_interfaces/type_description_interfaces/msg/detail
-- Installing: D:/a/pixi_rosdistro/pixi_rosdistro/install/include/type_description_interfaces/type_description_interfaces/msg/detail/field_type__rosidl_typesupport_introspection_cpp.hpp
-- Installing: D:/a/pixi_rosdistro/pixi_rosdistro/install/include/type_description_interfaces/type_description_interfaces/msg/detail/field_type__type_support.cpp
-- Installing: D:/a/pixi_rosdistro/pixi_rosdistro/install/include/type_description_interfaces/type_description_interfaces/msg/detail/field__rosidl_typesupport_introspection_cpp.hpp
-- Installing: D:/a/pixi_rosdistro/pixi_rosdistro/install/include/type_description_interfaces/type_description_interfaces/msg/detail/field__type_support.cpp
-- Installing: D:/a/pixi_rosdistro/pixi_rosdistro/install/include/type_description_interfaces/type_description_interfaces/msg/detail/individual_type_description__rosidl_typesupport_introspection_cpp.hpp
-- Installing: D:/a/pixi_rosdistro/pixi_rosdistro/install/include/type_description_interfaces/type_description_interfaces/msg/detail/individual_type_description__type_support.cpp
-- Installing: D:/a/pixi_rosdistro/pixi_rosdistro/install/include/type_description_interfaces/type_description_interfaces/msg/detail/key_value__rosidl_typesupport_introspection_cpp.hpp
-- Installing: D:/a/pixi_rosdistro/pixi_rosdistro/install/include/type_description_interfaces/type_description_interfaces/msg/detail/key_value__type_support.cpp
-- Installing: D:/a/pixi_rosdistro/pixi_rosdistro/install/include/type_description_interfaces/type_description_interfaces/msg/detail/type_description__rosidl_typesupport_introspection_cpp.hpp
-- Installing: D:/a/pixi_rosdistro/pixi_rosdistro/install/include/type_description_interfaces/type_description_interfaces/msg/detail/type_description__type_support.cpp
-- Installing: D:/a/pixi_rosdistro/pixi_rosdistro/install/include/type_description_interfaces/type_description_interfaces/msg/detail/type_source__rosidl_typesupport_introspection_cpp.hpp
-- Installing: D:/a/pixi_rosdistro/pixi_rosdistro/install/include/type_description_interfaces/type_description_interfaces/msg/detail/type_source__type_support.cpp
-- Up-to-date: D:/a/pixi_rosdistro/pixi_rosdistro/install/include/type_description_interfaces/type_description_interfaces/srv
-- Up-to-date: D:/a/pixi_rosdistro/pixi_rosdistro/install/include/type_description_interfaces/type_description_interfaces/srv/detail
-- Installing: D:/a/pixi_rosdistro/pixi_rosdistro/install/include/type_description_interfaces/type_description_interfaces/srv/detail/get_type_description__rosidl_typesupport_introspection_cpp.hpp
-- Installing: D:/a/pixi_rosdistro/pixi_rosdistro/install/include/type_description_interfaces/type_description_interfaces/srv/detail/get_type_description__type_support.cpp
-- Installing: D:/a/pixi_rosdistro/pixi_rosdistro/install/lib/type_description_interfaces__rosidl_typesupport_introspection_cpp.lib
-- Installing: D:/a/pixi_rosdistro/pixi_rosdistro/install/bin/type_description_interfaces__rosidl_typesupport_introspection_cpp.dll
-- Installing: D:/a/pixi_rosdistro/pixi_rosdistro/install/lib/type_description_interfaces__rosidl_typesupport_cpp.lib
-- Installing: D:/a/pixi_rosdistro/pixi_rosdistro/install/bin/type_description_interfaces__rosidl_typesupport_cpp.dll
-- Installing: D:/a/pixi_rosdistro/pixi_rosdistro/install/share/type_description_interfaces/environment/pythonpath.bat
-- Installing: D:/a/pixi_rosdistro/pixi_rosdistro/install/share/type_description_interfaces/environment/pythonpath.dsv
-- Installing: D:/a/pixi_rosdistro/pixi_rosdistro/install/Lib/site-packages/type_description_interfaces/type_description_interfaces_s__rosidl_typesupport_fastrtps_c.pyd
-- Installing: D:/a/pixi_rosdistro/pixi_rosdistro/install/Lib/site-packages/type_description_interfaces/type_description_interfaces_s__rosidl_typesupport_introspection_c.pyd
-- Installing: D:/a/pixi_rosdistro/pixi_rosdistro/install/Lib/site-packages/type_description_interfaces/type_description_interfaces_s__rosidl_typesupport_c.pyd
-- Installing: D:/a/pixi_rosdistro/pixi_rosdistro/install/lib/type_description_interfaces__rosidl_generator_py.lib
-- Installing: D:/a/pixi_rosdistro/pixi_rosdistro/install/bin/type_description_interfaces__rosidl_generator_py.dll
-- Installing: D:/a/pixi_rosdistro/pixi_rosdistro/install/share/ament_index/resource_index/rust_packages/type_description_interfaces
-- Installing: D:/a/pixi_rosdistro/pixi_rosdistro/install/share/type_description_interfaces/rust
-- Installing: D:/a/pixi_rosdistro/pixi_rosdistro/install/share/type_description_interfaces/rust/build.rs
-- Installing: D:/a/pixi_rosdistro/pixi_rosdistro/install/share/type_description_interfaces/rust/Cargo.toml
-- Installing: D:/a/pixi_rosdistro/pixi_rosdistro/install/share/type_description_interfaces/rust/src
-- Installing: D:/a/pixi_rosdistro/pixi_rosdistro/install/share/type_description_interfaces/rust/src/lib.rs
-- Installing: D:/a/pixi_rosdistro/pixi_rosdistro/install/share/type_description_interfaces/rust/src/msg
-- Installing: D:/a/pixi_rosdistro/pixi_rosdistro/install/share/type_description_interfaces/rust/src/msg/rmw.rs
-- Installing: D:/a/pixi_rosdistro/pixi_rosdistro/install/share/type_description_interfaces/rust/src/msg.rs
-- Installing: D:/a/pixi_rosdistro/pixi_rosdistro/install/share/type_description_interfaces/rust/src/srv
-- Installing: D:/a/pixi_rosdistro/pixi_rosdistro/install/share/type_description_interfaces/rust/src/srv/rmw.rs
-- Installing: D:/a/pixi_rosdistro/pixi_rosdistro/install/share/type_description_interfaces/rust/src/srv.rs
-- Installing: D:/a/pixi_rosdistro/pixi_rosdistro/install/share/type_description_interfaces/msg/Field.idl
-- Installing: D:/a/pixi_rosdistro/pixi_rosdistro/install/share/type_description_interfaces/msg/FieldType.idl
-- Installing: D:/a/pixi_rosdistro/pixi_rosdistro/install/share/type_description_interfaces/msg/IndividualTypeDescription.idl
-- Installing: D:/a/pixi_rosdistro/pixi_rosdistro/install/share/type_description_interfaces/msg/KeyValue.idl
-- Installing: D:/a/pixi_rosdistro/pixi_rosdistro/install/share/type_description_interfaces/msg/TypeDescription.idl
-- Installing: D:/a/pixi_rosdistro/pixi_rosdistro/install/share/type_description_interfaces/msg/TypeSource.idl
-- Installing: D:/a/pixi_rosdistro/pixi_rosdistro/install/share/type_description_interfaces/srv/GetTypeDescription.idl
-- Installing: D:/a/pixi_rosdistro/pixi_rosdistro/install/share/type_description_interfaces/msg/Field.msg
-- Installing: D:/a/pixi_rosdistro/pixi_rosdistro/install/share/type_description_interfaces/msg/FieldType.msg
-- Installing: D:/a/pixi_rosdistro/pixi_rosdistro/install/share/type_description_interfaces/msg/IndividualTypeDescription.msg
-- Installing: D:/a/pixi_rosdistro/pixi_rosdistro/install/share/type_description_interfaces/msg/KeyValue.msg
-- Installing: D:/a/pixi_rosdistro/pixi_rosdistro/install/share/type_description_interfaces/msg/TypeDescription.msg
-- Installing: D:/a/pixi_rosdistro/pixi_rosdistro/install/share/type_description_interfaces/msg/TypeSource.msg
-- Installing: D:/a/pixi_rosdistro/pixi_rosdistro/install/share/type_description_interfaces/srv/GetTypeDescription.srv
-- Installing: D:/a/pixi_rosdistro/pixi_rosdistro/install/share/ament_index/resource_index/package_run_dependencies/type_description_interfaces
-- Installing: D:/a/pixi_rosdistro/pixi_rosdistro/install/share/ament_index/resource_index/parent_prefix_path/type_description_interfaces
-- Installing: D:/a/pixi_rosdistro/pixi_rosdistro/install/share/type_description_interfaces/environment/ament_prefix_path.bat
-- Installing: D:/a/pixi_rosdistro/pixi_rosdistro/install/share/type_description_interfaces/environment/ament_prefix_path.dsv
-- Installing: D:/a/pixi_rosdistro/pixi_rosdistro/install/share/type_description_interfaces/environment/path.bat
-- Installing: D:/a/pixi_rosdistro/pixi_rosdistro/install/share/type_description_interfaces/environment/path.dsv
-- Installing: D:/a/pixi_rosdistro/pixi_rosdistro/install/share/type_description_interfaces/local_setup.bat
-- Installing: D:/a/pixi_rosdistro/pixi_rosdistro/install/share/type_description_interfaces/local_setup.dsv
-- Installing: D:/a/pixi_rosdistro/pixi_rosdistro/install/share/type_description_interfaces/package.dsv
-- Installing: D:/a/pixi_rosdistro/pixi_rosdistro/install/share/ament_index/resource_index/packages/type_description_interfaces
-- Installing: D:/a/pixi_rosdistro/pixi_rosdistro/install/share/type_description_interfaces/cmake/export_type_description_interfaces__rosidl_generator_cExport.cmake
-- Installing: D:/a/pixi_rosdistro/pixi_rosdistro/install/share/type_description_interfaces/cmake/export_type_description_interfaces__rosidl_generator_cExport-release.cmake
-- Installing: D:/a/pixi_rosdistro/pixi_rosdistro/install/share/type_description_interfaces/cmake/export_type_description_interfaces__rosidl_typesupport_fastrtps_cExport.cmake
-- Installing: D:/a/pixi_rosdistro/pixi_rosdistro/install/share/type_description_interfaces/cmake/export_type_description_interfaces__rosidl_typesupport_fastrtps_cExport-release.cmake
-- Installing: D:/a/pixi_rosdistro/pixi_rosdistro/install/share/type_description_interfaces/cmake/type_description_interfaces__rosidl_typesupport_introspection_cExport.cmake
-- Installing: D:/a/pixi_rosdistro/pixi_rosdistro/install/share/type_description_interfaces/cmake/type_description_interfaces__rosidl_typesupport_introspection_cExport-release.cmake
-- Installing: D:/a/pixi_rosdistro/pixi_rosdistro/install/share/type_description_interfaces/cmake/type_description_interfaces__rosidl_typesupport_cExport.cmake
-- Installing: D:/a/pixi_rosdistro/pixi_rosdistro/install/share/type_description_interfaces/cmake/type_description_interfaces__rosidl_typesupport_cExport-release.cmake
-- Installing: D:/a/pixi_rosdistro/pixi_rosdistro/install/share/type_description_interfaces/cmake/export_type_description_interfaces__rosidl_generator_cppExport.cmake
-- Installing: D:/a/pixi_rosdistro/pixi_rosdistro/install/share/type_description_interfaces/cmake/export_type_description_interfaces__rosidl_typesupport_fastrtps_cppExport.cmake
-- Installing: D:/a/pixi_rosdistro/pixi_rosdistro/install/share/type_description_interfaces/cmake/export_type_description_interfaces__rosidl_typesupport_fastrtps_cppExport-release.cmake
-- Installing: D:/a/pixi_rosdistro/pixi_rosdistro/install/share/type_description_interfaces/cmake/type_description_interfaces__rosidl_typesupport_introspection_cppExport.cmake
-- Installing: D:/a/pixi_rosdistro/pixi_rosdistro/install/share/type_description_interfaces/cmake/type_description_interfaces__rosidl_typesupport_introspection_cppExport-release.cmake
-- Installing: D:/a/pixi_rosdistro/pixi_rosdistro/install/share/type_description_interfaces/cmake/type_description_interfaces__rosidl_typesupport_cppExport.cmake
-- Installing: D:/a/pixi_rosdistro/pixi_rosdistro/install/share/type_description_interfaces/cmake/type_description_interfaces__rosidl_typesupport_cppExport-release.cmake
-- Installing: D:/a/pixi_rosdistro/pixi_rosdistro/install/share/type_description_interfaces/cmake/export_type_description_interfaces__rosidl_generator_pyExport.cmake
-- Installing: D:/a/pixi_rosdistro/pixi_rosdistro/install/share/type_description_interfaces/cmake/export_type_description_interfaces__rosidl_generator_pyExport-release.cmake
-- Installing: D:/a/pixi_rosdistro/pixi_rosdistro/install/Lib/site-packages/type_description_interfaces-2.4.3-py3.12.egg-info
-- Installing: D:/a/pixi_rosdistro/pixi_rosdistro/install/Lib/site-packages/type_description_interfaces-2.4.3-py3.12.egg-info/dependency_links.txt
-- Installing: D:/a/pixi_rosdistro/pixi_rosdistro/install/Lib/site-packages/type_description_interfaces-2.4.3-py3.12.egg-info/PKG-INFO
-- Installing: D:/a/pixi_rosdistro/pixi_rosdistro/install/Lib/site-packages/type_description_interfaces-2.4.3-py3.12.egg-info/SOURCES.txt
-- Installing: D:/a/pixi_rosdistro/pixi_rosdistro/install/Lib/site-packages/type_description_interfaces-2.4.3-py3.12.egg-info/top_level.txt
-- Up-to-date: D:/a/pixi_rosdistro/pixi_rosdistro/install/Lib/site-packages/type_description_interfaces
-- Installing: D:/a/pixi_rosdistro/pixi_rosdistro/install/Lib/site-packages/type_description_interfaces/msg
-- Installing: D:/a/pixi_rosdistro/pixi_rosdistro/install/Lib/site-packages/type_description_interfaces/msg/_field.py
-- Installing: D:/a/pixi_rosdistro/pixi_rosdistro/install/Lib/site-packages/type_description_interfaces/msg/_field_s.c
-- Installing: D:/a/pixi_rosdistro/pixi_rosdistro/install/Lib/site-packages/type_description_interfaces/msg/_field_type.py
-- Installing: D:/a/pixi_rosdistro/pixi_rosdistro/install/Lib/site-packages/type_description_interfaces/msg/_field_type_s.c
-- Installing: D:/a/pixi_rosdistro/pixi_rosdistro/install/Lib/site-packages/type_description_interfaces/msg/_individual_type_description.py
-- Installing: D:/a/pixi_rosdistro/pixi_rosdistro/install/Lib/site-packages/type_description_interfaces/msg/_individual_type_description_s.c
-- Installing: D:/a/pixi_rosdistro/pixi_rosdistro/install/Lib/site-packages/type_description_interfaces/msg/_key_value.py
-- Installing: D:/a/pixi_rosdistro/pixi_rosdistro/install/Lib/site-packages/type_description_interfaces/msg/_key_value_s.c
-- Installing: D:/a/pixi_rosdistro/pixi_rosdistro/install/Lib/site-packages/type_description_interfaces/msg/_type_description.py
-- Installing: D:/a/pixi_rosdistro/pixi_rosdistro/install/Lib/site-packages/type_description_interfaces/msg/_type_description_s.c
-- Installing: D:/a/pixi_rosdistro/pixi_rosdistro/install/Lib/site-packages/type_description_interfaces/msg/_type_source.py
-- Installing: D:/a/pixi_rosdistro/pixi_rosdistro/install/Lib/site-packages/type_description_interfaces/msg/_type_source_s.c
-- Installing: D:/a/pixi_rosdistro/pixi_rosdistro/install/Lib/site-packages/type_description_interfaces/msg/__init__.py
-- Installing: D:/a/pixi_rosdistro/pixi_rosdistro/install/Lib/site-packages/type_description_interfaces/py.typed
-- Installing: D:/a/pixi_rosdistro/pixi_rosdistro/install/Lib/site-packages/type_description_interfaces/srv
-- Installing: D:/a/pixi_rosdistro/pixi_rosdistro/install/Lib/site-packages/type_description_interfaces/srv/_get_type_description.py
-- Installing: D:/a/pixi_rosdistro/pixi_rosdistro/install/Lib/site-packages/type_description_interfaces/srv/_get_type_description_s.c
-- Installing: D:/a/pixi_rosdistro/pixi_rosdistro/install/Lib/site-packages/type_description_interfaces/srv/__init__.py
-- Up-to-date: D:/a/pixi_rosdistro/pixi_rosdistro/install/Lib/site-packages/type_description_interfaces/type_description_interfaces_s__rosidl_typesupport_c.pyd
-- Up-to-date: D:/a/pixi_rosdistro/pixi_rosdistro/install/Lib/site-packages/type_description_interfaces/type_description_interfaces_s__rosidl_typesupport_fastrtps_c.pyd
-- Up-to-date: D:/a/pixi_rosdistro/pixi_rosdistro/install/Lib/site-packages/type_description_interfaces/type_description_interfaces_s__rosidl_typesupport_introspection_c.pyd
-- Installing: D:/a/pixi_rosdistro/pixi_rosdistro/install/Lib/site-packages/type_description_interfaces/_type_description_interfaces_s.ep.rosidl_typesupport_c.c
-- Installing: D:/a/pixi_rosdistro/pixi_rosdistro/install/Lib/site-packages/type_description_interfaces/_type_description_interfaces_s.ep.rosidl_typesupport_fastrtps_c.c
-- Installing: D:/a/pixi_rosdistro/pixi_rosdistro/install/Lib/site-packages/type_description_interfaces/_type_description_interfaces_s.ep.rosidl_typesupport_introspection_c.c
-- Installing: D:/a/pixi_rosdistro/pixi_rosdistro/install/Lib/site-packages/type_description_interfaces/__init__.py
Listing 'D:/a/pixi_rosdistro/pixi_rosdistro/install/Lib/site-packages/type_description_interfaces'...
Compiling 'D:/a/pixi_rosdistro/pixi_rosdistro/install/Lib/site-packages/type_description_interfaces\\__init__.py'...
Listing 'D:/a/pixi_rosdistro/pixi_rosdistro/install/Lib/site-packages/type_description_interfaces\\msg'...
Compiling 'D:/a/pixi_rosdistro/pixi_rosdistro/install/Lib/site-packages/type_description_interfaces\\msg\\__init__.py'...
Compiling 'D:/a/pixi_rosdistro/pixi_rosdistro/install/Lib/site-packages/type_description_interfaces\\msg\\_field.py'...
Compiling 'D:/a/pixi_rosdistro/pixi_rosdistro/install/Lib/site-packages/type_description_interfaces\\msg\\_field_type.py'...
Compiling 'D:/a/pixi_rosdistro/pixi_rosdistro/install/Lib/site-packages/type_description_interfaces\\msg\\_individual_type_description.py'...
Compiling 'D:/a/pixi_rosdistro/pixi_rosdistro/install/Lib/site-packages/type_description_interfaces\\msg\\_key_value.py'...
Compiling 'D:/a/pixi_rosdistro/pixi_rosdistro/install/Lib/site-packages/type_description_interfaces\\msg\\_type_description.py'...
Compiling 'D:/a/pixi_rosdistro/pixi_rosdistro/install/Lib/site-packages/type_description_interfaces\\msg\\_type_source.py'...
Listing 'D:/a/pixi_rosdistro/pixi_rosdistro/install/Lib/site-packages/type_description_interfaces\\srv'...
Compiling 'D:/a/pixi_rosdistro/pixi_rosdistro/install/Lib/site-packages/type_description_interfaces\\srv\\__init__.py'...
Compiling 'D:/a/pixi_rosdistro/pixi_rosdistro/install/Lib/site-packages/type_description_interfaces\\srv\\_get_type_description.py'...
-- Installing: D:/a/pixi_rosdistro/pixi_rosdistro/install/share/type_description_interfaces/cmake/rosidl_cmake-extras.cmake
-- Installing: D:/a/pixi_rosdistro/pixi_rosdistro/install/share/type_description_interfaces/cmake/ament_cmake_export_dependencies-extras.cmake
-- Installing: D:/a/pixi_rosdistro/pixi_rosdistro/install/share/type_description_interfaces/cmake/ament_cmake_export_include_directories-extras.cmake
-- Installing: D:/a/pixi_rosdistro/pixi_rosdistro/install/share/type_description_interfaces/cmake/ament_cmake_export_libraries-extras.cmake
-- Installing: D:/a/pixi_rosdistro/pixi_rosdistro/install/share/type_description_interfaces/cmake/ament_cmake_export_targets-extras.cmake
-- Installing: D:/a/pixi_rosdistro/pixi_rosdistro/install/share/type_description_interfaces/cmake/rosidl_cmake_export_typesupport_targets-extras.cmake
-- Installing: D:/a/pixi_rosdistro/pixi_rosdistro/install/share/type_description_interfaces/cmake/rosidl_cmake_export_typesupport_libraries-extras.cmake
-- Installing: D:/a/pixi_rosdistro/pixi_rosdistro/install/share/type_description_interfaces/cmake/rosidl_cmake_aggregate_target-extras.cmake
-- Installing: D:/a/pixi_rosdistro/pixi_rosdistro/install/share/type_description_interfaces/cmake/type_description_interfacesConfig.cmake
-- Installing: D:/a/pixi_rosdistro/pixi_rosdistro/install/share/type_description_interfaces/cmake/type_description_interfacesConfig-version.cmake
-- Installing: D:/a/pixi_rosdistro/pixi_rosdistro/install/share/type_description_interfaces/package.xml
