[2.313s] Invoking command in 'D:\a\pixi_rosdistro\pixi_rosdistro\src\ament\ament_lint\ament_lint_cmake': AMENT_PREFIX_PATH=D:\a\pixi_rosdistro\pixi_rosdistro\install CMAKE_PREFIX_PATH=D:\a\pixi_rosdistro\pixi_rosdistro\install;D:\a\pixi_rosdistro\pixi_rosdistro\.pixi\envs\default\Library PATH=D:\a\pixi_rosdistro\pixi_rosdistro\install\Scripts;%PATH% PIXI_PROMPT=(ros2_rolling) PROMPT=$P$G PYTHONPATH=D:\a\pixi_rosdistro\pixi_rosdistro\build\ament_lint_cmake\prefix_override;D:\a\pixi_rosdistro\pixi_rosdistro\.pixi\envs\default\Lib\site-packages\colcon_core\task\python\colcon_distutils_commands;D:\a\pixi_rosdistro\pixi_rosdistro\install\Lib\site-packages;D:\a\pixi_rosdistro\pixi_rosdistro\install\Lib\site-packages ROS_DOMAIN_ID=38 D:\a\pixi_rosdistro\pixi_rosdistro\.pixi\envs\default\python.exe -W ignore:setup.py install is deprecated -W ignore:easy_install command is deprecated setup.py egg_info --egg-base ..\..\..\..\build\ament_lint_cmake build --build-base D:\a\pixi_rosdistro\pixi_rosdistro\build\ament_lint_cmake\build install --record D:\a\pixi_rosdistro\pixi_rosdistro\build\ament_lint_cmake\install.log --single-version-externally-managed install_data
[2.860s] running egg_info
[2.891s] creating ..\..\..\..\build\ament_lint_cmake\ament_lint_cmake.egg-info
[2.891s] writing ..\..\..\..\build\ament_lint_cmake\ament_lint_cmake.egg-info\PKG-INFO
[2.891s] writing dependency_links to ..\..\..\..\build\ament_lint_cmake\ament_lint_cmake.egg-info\dependency_links.txt
[2.891s] writing entry points to ..\..\..\..\build\ament_lint_cmake\ament_lint_cmake.egg-info\entry_points.txt
[2.891s] writing requirements to ..\..\..\..\build\ament_lint_cmake\ament_lint_cmake.egg-info\requires.txt
[2.891s] writing top-level names to ..\..\..\..\build\ament_lint_cmake\ament_lint_cmake.egg-info\top_level.txt
[2.891s] writing manifest file '..\..\..\..\build\ament_lint_cmake\ament_lint_cmake.egg-info\SOURCES.txt'
[2.985s] reading manifest file '..\..\..\..\build\ament_lint_cmake\ament_lint_cmake.egg-info\SOURCES.txt'
[2.985s] writing manifest file '..\..\..\..\build\ament_lint_cmake\ament_lint_cmake.egg-info\SOURCES.txt'
[2.985s] running build
[2.985s] running build_py
[2.985s] creating D:\a\pixi_rosdistro\pixi_rosdistro\build\ament_lint_cmake\build\lib\ament_lint_cmake
[2.985s] copying ament_lint_cmake\cmakelint.py -> D:\a\pixi_rosdistro\pixi_rosdistro\build\ament_lint_cmake\build\lib\ament_lint_cmake
[2.985s] copying ament_lint_cmake\main.py -> D:\a\pixi_rosdistro\pixi_rosdistro\build\ament_lint_cmake\build\lib\ament_lint_cmake
[2.985s] copying ament_lint_cmake\__init__.py -> D:\a\pixi_rosdistro\pixi_rosdistro\build\ament_lint_cmake\build\lib\ament_lint_cmake
[2.985s] copying ament_lint_cmake\py.typed -> D:\a\pixi_rosdistro\pixi_rosdistro\build\ament_lint_cmake\build\lib\ament_lint_cmake
[2.985s] running install
[2.985s] running install_lib
[2.985s] creating D:\a\pixi_rosdistro\pixi_rosdistro\install\Lib\site-packages\ament_lint_cmake
[2.985s] copying D:\a\pixi_rosdistro\pixi_rosdistro\build\ament_lint_cmake\build\lib\ament_lint_cmake\cmakelint.py -> D:\a\pixi_rosdistro\pixi_rosdistro\install\Lib\site-packages\ament_lint_cmake
[2.985s] copying D:\a\pixi_rosdistro\pixi_rosdistro\build\ament_lint_cmake\build\lib\ament_lint_cmake\main.py -> D:\a\pixi_rosdistro\pixi_rosdistro\install\Lib\site-packages\ament_lint_cmake
[2.985s] copying D:\a\pixi_rosdistro\pixi_rosdistro\build\ament_lint_cmake\build\lib\ament_lint_cmake\py.typed -> D:\a\pixi_rosdistro\pixi_rosdistro\install\Lib\site-packages\ament_lint_cmake
[2.985s] copying D:\a\pixi_rosdistro\pixi_rosdistro\build\ament_lint_cmake\build\lib\ament_lint_cmake\__init__.py -> D:\a\pixi_rosdistro\pixi_rosdistro\install\Lib\site-packages\ament_lint_cmake
[2.985s] byte-compiling D:\a\pixi_rosdistro\pixi_rosdistro\install\Lib\site-packages\ament_lint_cmake\cmakelint.py to cmakelint.cpython-312.pyc
[2.985s] byte-compiling D:\a\pixi_rosdistro\pixi_rosdistro\install\Lib\site-packages\ament_lint_cmake\main.py to main.cpython-312.pyc
[2.985s] byte-compiling D:\a\pixi_rosdistro\pixi_rosdistro\install\Lib\site-packages\ament_lint_cmake\__init__.py to __init__.cpython-312.pyc
[2.985s] running install_data
[2.985s] copying package.xml -> D:\a\pixi_rosdistro\pixi_rosdistro\install\share\ament_lint_cmake
[2.985s] copying resource\ament_lint_cmake -> D:\a\pixi_rosdistro\pixi_rosdistro\install\share\ament_index\resource_index\packages
[2.985s] running install_egg_info
[3.000s] Copying ..\..\..\..\build\ament_lint_cmake\ament_lint_cmake.egg-info to D:\a\pixi_rosdistro\pixi_rosdistro\install\Lib\site-packages\ament_lint_cmake-0.20.3-py3.12.egg-info
[3.000s] running install_scripts
[3.047s] Installing ament_lint_cmake-script.py script to D:\a\pixi_rosdistro\pixi_rosdistro\install\Scripts
[3.047s] Installing ament_lint_cmake.exe script to D:\a\pixi_rosdistro\pixi_rosdistro\install\Scripts
[3.047s] writing list of installed files to 'D:\a\pixi_rosdistro\pixi_rosdistro\build\ament_lint_cmake\install.log'
[3.094s] Invoked command in 'D:\a\pixi_rosdistro\pixi_rosdistro\src\ament\ament_lint\ament_lint_cmake' returned '0': AMENT_PREFIX_PATH=D:\a\pixi_rosdistro\pixi_rosdistro\install CMAKE_PREFIX_PATH=D:\a\pixi_rosdistro\pixi_rosdistro\install;D:\a\pixi_rosdistro\pixi_rosdistro\.pixi\envs\default\Library PATH=D:\a\pixi_rosdistro\pixi_rosdistro\install\Scripts;%PATH% PIXI_PROMPT=(ros2_rolling) PROMPT=$P$G PYTHONPATH=D:\a\pixi_rosdistro\pixi_rosdistro\build\ament_lint_cmake\prefix_override;D:\a\pixi_rosdistro\pixi_rosdistro\.pixi\envs\default\Lib\site-packages\colcon_core\task\python\colcon_distutils_commands;D:\a\pixi_rosdistro\pixi_rosdistro\install\Lib\site-packages;D:\a\pixi_rosdistro\pixi_rosdistro\install\Lib\site-packages ROS_DOMAIN_ID=38 D:\a\pixi_rosdistro\pixi_rosdistro\.pixi\envs\default\python.exe -W ignore:setup.py install is deprecated -W ignore:easy_install command is deprecated setup.py egg_info --egg-base ..\..\..\..\build\ament_lint_cmake build --build-base D:\a\pixi_rosdistro\pixi_rosdistro\build\ament_lint_cmake\build install --record D:\a\pixi_rosdistro\pixi_rosdistro\build\ament_lint_cmake\install.log --single-version-externally-managed install_data
