[9.701s] Invoking command in '/home/runner/work/pixi_rosdistro/pixi_rosdistro/build/rosbag2_cpp': AMENT_PREFIX_PATH=/home/runner/work/pixi_rosdistro/pixi_rosdistro/install CMAKE_PREFIX_PATH=/home/runner/work/pixi_rosdistro/pixi_rosdistro/install:${CMAKE_PREFIX_PATH} LD_LIBRARY_PATH=/home/runner/work/pixi_rosdistro/pixi_rosdistro/install/lib PATH=/home/runner/work/pixi_rosdistro/pixi_rosdistro/install/bin:/opt/microsoft/powershell/7:${PATH} PIXI_PROMPT=(ros2_rolling) PKG_CONFIG_PATH=/home/runner/work/pixi_rosdistro/pixi_rosdistro/install/lib/pkgconfig PSModulePath=/home/runner/.local/share/powershell/Modules:${PSModulePath} PYTHONPATH=/home/runner/work/pixi_rosdistro/pixi_rosdistro/install/lib/python3.12/site-packages /home/runner/work/pixi_rosdistro/pixi_rosdistro/.pixi/envs/default/bin/cmake /home/runner/work/pixi_rosdistro/pixi_rosdistro/src/ros2/rosbag2/rosbag2_cpp -GNinja --no-warn-unused-cli -DCMAKE_BUILD_TYPE=Release -DCMAKE_BUILD_WITH_INSTALL_RPATH:bool=TRUE -DCMAKE_POLICY_VERSION_MINIMUM=3.5 -Wno-deprecated -DSTACK_DETAILS_AUTO_DETECT:bool=FALSE -DSTACK_DETAILS_BFD:bool=FALSE -DCMAKE_INSTALL_PREFIX=/home/runner/work/pixi_rosdistro/pixi_rosdistro/install
[9.871s] Not searching for unused variables given on the command line.
[9.871s] -- The C compiler identification is GNU 14.3.0
[10.176s] -- The CXX compiler identification is GNU 14.3.0
[10.216s] -- Detecting C compiler ABI info
[10.435s] -- Detecting C compiler ABI info - done
[10.501s] -- Check for working C compiler: /home/runner/work/pixi_rosdistro/pixi_rosdistro/.pixi/envs/default/bin/x86_64-conda-linux-gnu-cc - skipped
[10.501s] -- Detecting C compile features
[10.501s] -- Detecting C compile features - done
[10.542s] -- Detecting CXX compiler ABI info
[10.860s] -- Detecting CXX compiler ABI info - done
[10.895s] -- Check for working CXX compiler: /home/runner/work/pixi_rosdistro/pixi_rosdistro/.pixi/envs/default/bin/x86_64-conda-linux-gnu-c++ - skipped
[10.897s] -- Detecting CXX compile features
[10.898s] -- Detecting CXX compile features - done
[10.912s] -- Found ament_cmake: 2.8.6 (/home/runner/work/pixi_rosdistro/pixi_rosdistro/install/share/ament_cmake/cmake)
[11.202s] -- Found ament_index_cpp: 1.13.2 (/home/runner/work/pixi_rosdistro/pixi_rosdistro/install/share/ament_index_cpp/cmake)
[11.205s] -- Found pluginlib: 5.8.4 (/home/runner/work/pixi_rosdistro/pixi_rosdistro/install/share/pluginlib/cmake)
[11.237s] -- Found rclcpp: 31.0.1 (/home/runner/work/pixi_rosdistro/pixi_rosdistro/install/share/rclcpp/cmake)
[11.270s] -- Found rosidl_generator_c: 5.1.3 (/home/runner/work/pixi_rosdistro/pixi_rosdistro/install/share/rosidl_generator_c/cmake)
[11.279s] -- Found rosidl_generator_cpp: 5.1.3 (/home/runner/work/pixi_rosdistro/pixi_rosdistro/install/share/rosidl_generator_cpp/cmake)
[11.298s] -- Using all available rosidl_typesupport_c: rosidl_typesupport_fastrtps_c;rosidl_typesupport_introspection_c
[11.315s] -- Using all available rosidl_typesupport_cpp: rosidl_typesupport_fastrtps_cpp;rosidl_typesupport_introspection_cpp
[11.563s] -- Found rmw_implementation_cmake: 7.9.1 (/home/runner/work/pixi_rosdistro/pixi_rosdistro/install/share/rmw_implementation_cmake/cmake)
[11.569s] -- Found rmw_fastrtps_cpp: 9.4.5 (/home/runner/work/pixi_rosdistro/pixi_rosdistro/install/share/rmw_fastrtps_cpp/cmake)
[11.679s] -- Using RMW implementation 'rmw_fastrtps_cpp' as default
[11.854s] -- Found rosbag2_storage: 0.33.0 (/home/runner/work/pixi_rosdistro/pixi_rosdistro/install/share/rosbag2_storage/cmake)
[11.869s] -- Found ament_cmake_gmock: 2.8.6 (/home/runner/work/pixi_rosdistro/pixi_rosdistro/install/share/ament_cmake_gmock/cmake)
[11.872s] -- Found ament_lint_auto: 0.20.3 (/home/runner/work/pixi_rosdistro/pixi_rosdistro/install/share/ament_lint_auto/cmake)
[11.875s] -- Found test_msgs: 2.4.3 (/home/runner/work/pixi_rosdistro/pixi_rosdistro/install/share/test_msgs/cmake)
[12.038s] -- Found std_msgs: 5.9.1 (/home/runner/work/pixi_rosdistro/pixi_rosdistro/install/share/std_msgs/cmake)
[12.095s] -- Found rosbag2_test_msgdefs: 0.33.0 (/home/runner/work/pixi_rosdistro/pixi_rosdistro/install/share/rosbag2_test_msgdefs/cmake)
[12.351s] -- Found gmock sources under '/home/runner/work/pixi_rosdistro/pixi_rosdistro/install/src/gmock_vendor': C++ tests using 'Google Mock' will be built
[12.358s] -- Found ament_cmake_gtest: 2.8.6 (/home/runner/work/pixi_rosdistro/pixi_rosdistro/install/share/ament_cmake_gtest/cmake)
[12.360s] -- Found gtest sources under '/home/runner/work/pixi_rosdistro/pixi_rosdistro/install/src/gtest_vendor': C++ tests using 'Google Test' will be built
[12.413s] -- Added test 'copyright' to check source files copyright and LICENSE
[12.423s] -- Added test 'cppcheck' to perform static code analysis on C / C++ code
[12.426s] -- Configured cppcheck include dirs: $<BUILD_INTERFACE:/home/runner/work/pixi_rosdistro/pixi_rosdistro/src/ros2/rosbag2/rosbag2_cpp/include>
[12.426s] -- Configured cppcheck exclude dirs and/or files: 
[12.440s] -- Added test 'cpplint' to check C / C++ code against the Google style
[12.440s] -- Configured cpplint exclude dirs and/or files: 
[12.448s] -- Added test 'lint_cmake' to check CMake code style
[12.460s] -- Added test 'uncrustify' to check C / C++ code style
[12.460s] -- Configured uncrustify additional arguments: 
[12.466s] -- Added test 'xmllint' to check XML markup files
[12.467s] -- Configuring done (2.7s)
[12.681s] -- Generating done (0.2s)
[12.909s] -- Build files have been written to: /home/runner/work/pixi_rosdistro/pixi_rosdistro/build/rosbag2_cpp
[12.955s] Invoked command in '/home/runner/work/pixi_rosdistro/pixi_rosdistro/build/rosbag2_cpp' returned '0': AMENT_PREFIX_PATH=/home/runner/work/pixi_rosdistro/pixi_rosdistro/install CMAKE_PREFIX_PATH=/home/runner/work/pixi_rosdistro/pixi_rosdistro/install:${CMAKE_PREFIX_PATH} LD_LIBRARY_PATH=/home/runner/work/pixi_rosdistro/pixi_rosdistro/install/lib PATH=/home/runner/work/pixi_rosdistro/pixi_rosdistro/install/bin:/opt/microsoft/powershell/7:${PATH} PIXI_PROMPT=(ros2_rolling) PKG_CONFIG_PATH=/home/runner/work/pixi_rosdistro/pixi_rosdistro/install/lib/pkgconfig PSModulePath=/home/runner/.local/share/powershell/Modules:${PSModulePath} PYTHONPATH=/home/runner/work/pixi_rosdistro/pixi_rosdistro/install/lib/python3.12/site-packages /home/runner/work/pixi_rosdistro/pixi_rosdistro/.pixi/envs/default/bin/cmake /home/runner/work/pixi_rosdistro/pixi_rosdistro/src/ros2/rosbag2/rosbag2_cpp -GNinja --no-warn-unused-cli -DCMAKE_BUILD_TYPE=Release -DCMAKE_BUILD_WITH_INSTALL_RPATH:bool=TRUE -DCMAKE_POLICY_VERSION_MINIMUM=3.5 -Wno-deprecated -DSTACK_DETAILS_AUTO_DETECT:bool=FALSE -DSTACK_DETAILS_BFD:bool=FALSE -DCMAKE_INSTALL_PREFIX=/home/runner/work/pixi_rosdistro/pixi_rosdistro/install
[12.957s] Invoking command in '/home/runner/work/pixi_rosdistro/pixi_rosdistro/build/rosbag2_cpp': AMENT_PREFIX_PATH=/home/runner/work/pixi_rosdistro/pixi_rosdistro/install CMAKE_PREFIX_PATH=/home/runner/work/pixi_rosdistro/pixi_rosdistro/install:${CMAKE_PREFIX_PATH} LD_LIBRARY_PATH=/home/runner/work/pixi_rosdistro/pixi_rosdistro/install/lib PATH=/home/runner/work/pixi_rosdistro/pixi_rosdistro/install/bin:/opt/microsoft/powershell/7:${PATH} PIXI_PROMPT=(ros2_rolling) PKG_CONFIG_PATH=/home/runner/work/pixi_rosdistro/pixi_rosdistro/install/lib/pkgconfig PSModulePath=/home/runner/.local/share/powershell/Modules:${PSModulePath} PYTHONPATH=/home/runner/work/pixi_rosdistro/pixi_rosdistro/install/lib/python3.12/site-packages /home/runner/work/pixi_rosdistro/pixi_rosdistro/.pixi/envs/default/bin/cmake --build /home/runner/work/pixi_rosdistro/pixi_rosdistro/build/rosbag2_cpp -- -j4 -l4
[13.797s] [1/64] Building CXX object CMakeFiles/rosbag2_cpp.dir/src/rosbag2_cpp/cache/cache_consumer.cpp.o
[14.449s] [2/64] Building CXX object CMakeFiles/rosbag2_cpp.dir/src/rosbag2_cpp/cache/message_cache_buffer.cpp.o
[15.140s] [3/64] Building CXX object CMakeFiles/rosbag2_cpp.dir/src/rosbag2_cpp/cache/message_cache_circular_buffer.cpp.o
[15.896s] [4/64] Building CXX object CMakeFiles/rosbag2_cpp.dir/src/rosbag2_cpp/cache/message_cache.cpp.o
[16.650s] [5/64] Building CXX object CMakeFiles/rosbag2_cpp.dir/src/rosbag2_cpp/cache/circular_message_cache.cpp.o
[17.064s] [6/64] Building CXX object CMakeFiles/rosbag2_cpp.dir/src/rosbag2_cpp/cache/transient_local_messages_cache.cpp.o
[17.545s] [7/64] Building CXX object CMakeFiles/rosbag2_cpp.dir/src/rosbag2_cpp/clocks/time_controller_clock.cpp.o
[18.178s] [8/64] Building CXX object CMakeFiles/rosbag2_cpp.dir/src/rosbag2_cpp/converter.cpp.o
[18.830s] [9/64] Building CXX object CMakeFiles/rosbag2_cpp.dir/src/rosbag2_cpp/info.cpp.o
[19.374s] [10/64] Building CXX object CMakeFiles/rosbag2_cpp.dir/src/rosbag2_cpp/message_definitions/local_message_definition_source.cpp.o
[19.999s] [11/64] Building CXX object CMakeFiles/rosbag2_cpp.dir/src/rosbag2_cpp/reader.cpp.o
[20.698s] [12/64] Building CXX object CMakeFiles/rosbag2_cpp.dir/src/rosbag2_cpp/readers/sequential_reader.cpp.o
[21.191s] [13/64] Building CXX object CMakeFiles/rosbag2_cpp.dir/src/rosbag2_cpp/rmw_implemented_serialization_format_converter.cpp.o
[21.712s] [14/64] Building CXX object CMakeFiles/rosbag2_cpp.dir/src/rosbag2_cpp/serialization_format_converter_factory.cpp.o
[22.054s] [15/64] Building CXX object CMakeFiles/rosbag2_cpp.dir/src/rosbag2_cpp/types/introspection_message.cpp.o
[22.777s] [16/64] Building CXX object CMakeFiles/rosbag2_cpp.dir/src/rosbag2_cpp/writer.cpp.o
[23.518s] [17/64] Building CXX object CMakeFiles/rosbag2_cpp.dir/src/rosbag2_cpp/writers/sequential_writer.cpp.o
[24.249s] [18/64] Building CXX object CMakeFiles/rosbag2_cpp.dir/src/rosbag2_cpp/reindexer.cpp.o
[24.666s] [19/64] Building CXX object CMakeFiles/rosbag2_cpp.dir/src/rosbag2_cpp/service_utils.cpp.o
[25.218s] [20/64] Building CXX object CMakeFiles/rosbag2_cpp.dir/src/rosbag2_cpp/action_utils.cpp.o
[25.714s] [21/64] Building CXX object gmock/CMakeFiles/gmock.dir/home/runner/work/pixi_rosdistro/pixi_rosdistro/install/src/gtest_vendor/src/gtest-all.cc.o
[26.238s] [22/64] Building CXX object gmock/CMakeFiles/gmock.dir/src/gmock-all.cc.o
[26.625s] [23/64] Building CXX object gmock/CMakeFiles/gmock_main.dir/src/gmock_main.cc.o
[26.771s] [24/64] Linking CXX shared library librosbag2_cpp.so
[27.281s] [25/64] Building CXX object CMakeFiles/converter_test_plugins.dir/test/rosbag2_cpp/serializer_test_plugin.cpp.o
[27.697s] [26/64] Building CXX object CMakeFiles/converter_test_plugins.dir/test/rosbag2_cpp/converter_test_plugin.cpp.o
[28.341s] [27/64] Building CXX object CMakeFiles/test_converter_factory.dir/test/rosbag2_cpp/test_converter_factory.cpp.o
[29.184s] [28/64] Building CXX object CMakeFiles/test_info.dir/test/rosbag2_cpp/test_info.cpp.o
[30.227s] [29/64] Building CXX object CMakeFiles/test_sequential_reader.dir/test/rosbag2_cpp/test_sequential_reader.cpp.o
[30.897s] [30/64] Building CXX object CMakeFiles/test_sequential_reader.dir/test/rosbag2_cpp/fake_data.cpp.o
[31.650s] [31/64] Building CXX object CMakeFiles/test_storage_without_metadata_file.dir/test/rosbag2_cpp/test_storage_without_metadata_file.cpp.o
[32.268s] [32/64] Building CXX object CMakeFiles/test_local_message_definition_source.dir/test/rosbag2_cpp/test_local_message_definition_source.cpp.o
[32.966s] [33/64] Building CXX object CMakeFiles/test_message_cache.dir/test/rosbag2_cpp/test_message_cache.cpp.o
[33.675s] [34/64] Building CXX object CMakeFiles/test_circular_message_cache.dir/test/rosbag2_cpp/test_circular_message_cache.cpp.o
[34.271s] [35/64] Building CXX object CMakeFiles/test_transient_local_messages_cache.dir/test/rosbag2_cpp/test_transient_local_messages_cache.cpp.o
[35.027s] [36/64] Building CXX object CMakeFiles/test_ros2_message.dir/test/rosbag2_cpp/types/test_ros2_message.cpp.o
[35.374s] [37/64] Building CXX object CMakeFiles/test_ros2_message.dir/src/rosbag2_cpp/types/introspection_message.cpp.o
[36.424s] [38/64] Building CXX object CMakeFiles/test_sequential_writer.dir/test/rosbag2_cpp/test_sequential_writer.cpp.o
[37.185s] [39/64] Building CXX object CMakeFiles/test_sequential_writer.dir/test/rosbag2_cpp/fake_data.cpp.o
[38.150s] [40/64] Building CXX object CMakeFiles/test_serialization_converter.dir/test/rosbag2_cpp/test_serialization_converter.cpp.o
[38.974s] [41/64] Building CXX object CMakeFiles/test_multifile_reader.dir/test/rosbag2_cpp/test_multifile_reader.cpp.o
[39.635s] [42/64] Building CXX object CMakeFiles/test_time_controller_clock.dir/test/rosbag2_cpp/test_time_controller_clock.cpp.o
[40.295s] [43/64] Building CXX object CMakeFiles/test_service_utils.dir/test/rosbag2_cpp/test_service_utils.cpp.o
[40.990s] [44/64] Building CXX object CMakeFiles/test_action_utils.dir/test/rosbag2_cpp/test_action_utils.cpp.o
[41.910s] [45/64] Building CXX object CMakeFiles/test_reindexer.dir/test/rosbag2_cpp/test_reindexer.cpp.o
[41.935s] [46/64] Linking CXX static library gmock/libgmock.a
[41.948s] [47/64] Linking CXX static library gmock/libgmock_main.a
[42.043s] [48/64] Linking CXX shared library libconverter_test_plugins.so
[42.154s] [49/64] Linking CXX executable test_converter_factory
[42.308s] [50/64] Linking CXX executable test_info
[42.537s] [51/64] Linking CXX executable test_sequential_reader
[42.716s] [52/64] Linking CXX executable test_storage_without_metadata_file
[42.855s] [53/64] Linking CXX executable test_local_message_definition_source
[43.003s] [54/64] Linking CXX executable test_message_cache
[43.144s] [55/64] Linking CXX executable test_circular_message_cache
[43.286s] [56/64] Linking CXX executable test_transient_local_messages_cache
[43.451s] [57/64] Linking CXX executable test_ros2_message
[43.687s] [58/64] Linking CXX executable test_sequential_writer
[43.890s] [59/64] Linking CXX executable test_serialization_converter
[44.078s] [60/64] Linking CXX executable test_multifile_reader
[44.217s] [61/64] Linking CXX executable test_time_controller_clock
[44.376s] [62/64] Linking CXX executable test_service_utils
[44.513s] [63/64] Linking CXX executable test_action_utils
[44.694s] [64/64] Linking CXX executable test_reindexer
[44.698s] Invoked command in '/home/runner/work/pixi_rosdistro/pixi_rosdistro/build/rosbag2_cpp' returned '0': AMENT_PREFIX_PATH=/home/runner/work/pixi_rosdistro/pixi_rosdistro/install CMAKE_PREFIX_PATH=/home/runner/work/pixi_rosdistro/pixi_rosdistro/install:${CMAKE_PREFIX_PATH} LD_LIBRARY_PATH=/home/runner/work/pixi_rosdistro/pixi_rosdistro/install/lib PATH=/home/runner/work/pixi_rosdistro/pixi_rosdistro/install/bin:/opt/microsoft/powershell/7:${PATH} PIXI_PROMPT=(ros2_rolling) PKG_CONFIG_PATH=/home/runner/work/pixi_rosdistro/pixi_rosdistro/install/lib/pkgconfig PSModulePath=/home/runner/.local/share/powershell/Modules:${PSModulePath} PYTHONPATH=/home/runner/work/pixi_rosdistro/pixi_rosdistro/install/lib/python3.12/site-packages ROS_DOMAIN_ID=24 /home/runner/work/pixi_rosdistro/pixi_rosdistro/.pixi/envs/default/bin/cmake --build /home/runner/work/pixi_rosdistro/pixi_rosdistro/build/rosbag2_cpp -- -j4 -l4
[44.699s] Invoking command in '/home/runner/work/pixi_rosdistro/pixi_rosdistro/build/rosbag2_cpp': AMENT_PREFIX_PATH=/home/runner/work/pixi_rosdistro/pixi_rosdistro/install CMAKE_PREFIX_PATH=/home/runner/work/pixi_rosdistro/pixi_rosdistro/install:${CMAKE_PREFIX_PATH} LD_LIBRARY_PATH=/home/runner/work/pixi_rosdistro/pixi_rosdistro/install/lib PATH=/home/runner/work/pixi_rosdistro/pixi_rosdistro/install/bin:/opt/microsoft/powershell/7:${PATH} PIXI_PROMPT=(ros2_rolling) PKG_CONFIG_PATH=/home/runner/work/pixi_rosdistro/pixi_rosdistro/install/lib/pkgconfig PSModulePath=/home/runner/.local/share/powershell/Modules:${PSModulePath} PYTHONPATH=/home/runner/work/pixi_rosdistro/pixi_rosdistro/install/lib/python3.12/site-packages ROS_DOMAIN_ID=24 /home/runner/work/pixi_rosdistro/pixi_rosdistro/.pixi/envs/default/bin/cmake --install /home/runner/work/pixi_rosdistro/pixi_rosdistro/build/rosbag2_cpp
[44.707s] -- Install configuration: "Release"
[44.709s] -- Installing: /home/runner/work/pixi_rosdistro/pixi_rosdistro/install/include/rosbag2_cpp
[44.709s] -- Installing: /home/runner/work/pixi_rosdistro/pixi_rosdistro/install/include/rosbag2_cpp/rosbag2_cpp
[44.709s] -- Installing: /home/runner/work/pixi_rosdistro/pixi_rosdistro/install/include/rosbag2_cpp/rosbag2_cpp/bag_events.hpp
[44.709s] -- Installing: /home/runner/work/pixi_rosdistro/pixi_rosdistro/install/include/rosbag2_cpp/rosbag2_cpp/types
[44.709s] -- Installing: /home/runner/work/pixi_rosdistro/pixi_rosdistro/install/include/rosbag2_cpp/rosbag2_cpp/types/introspection_message.hpp
[44.709s] -- Installing: /home/runner/work/pixi_rosdistro/pixi_rosdistro/install/include/rosbag2_cpp/rosbag2_cpp/converter.hpp
[44.709s] -- Installing: /home/runner/work/pixi_rosdistro/pixi_rosdistro/install/include/rosbag2_cpp/rosbag2_cpp/rmw_implemented_serialization_format_converter.hpp
[44.709s] -- Installing: /home/runner/work/pixi_rosdistro/pixi_rosdistro/install/include/rosbag2_cpp/rosbag2_cpp/visibility_control.hpp
[44.709s] -- Installing: /home/runner/work/pixi_rosdistro/pixi_rosdistro/install/include/rosbag2_cpp/rosbag2_cpp/converter_interfaces
[44.710s] -- Installing: /home/runner/work/pixi_rosdistro/pixi_rosdistro/install/include/rosbag2_cpp/rosbag2_cpp/converter_interfaces/serialization_format_deserializer.hpp
[44.710s] -- Installing: /home/runner/work/pixi_rosdistro/pixi_rosdistro/install/include/rosbag2_cpp/rosbag2_cpp/converter_interfaces/serialization_format_converter.hpp
[44.710s] -- Installing: /home/runner/work/pixi_rosdistro/pixi_rosdistro/install/include/rosbag2_cpp/rosbag2_cpp/converter_interfaces/serialization_format_serializer.hpp
[44.711s] -- Installing: /home/runner/work/pixi_rosdistro/pixi_rosdistro/install/include/rosbag2_cpp/rosbag2_cpp/reindexer.hpp
[44.711s] -- Installing: /home/runner/work/pixi_rosdistro/pixi_rosdistro/install/include/rosbag2_cpp/rosbag2_cpp/writer.hpp
[44.711s] -- Installing: /home/runner/work/pixi_rosdistro/pixi_rosdistro/install/include/rosbag2_cpp/rosbag2_cpp/action_utils.hpp
[44.712s] -- Installing: /home/runner/work/pixi_rosdistro/pixi_rosdistro/install/include/rosbag2_cpp/rosbag2_cpp/converter_options.hpp
[44.712s] -- Installing: /home/runner/work/pixi_rosdistro/pixi_rosdistro/install/include/rosbag2_cpp/rosbag2_cpp/logging.hpp
[44.712s] -- Installing: /home/runner/work/pixi_rosdistro/pixi_rosdistro/install/include/rosbag2_cpp/rosbag2_cpp/writers
[44.713s] -- Installing: /home/runner/work/pixi_rosdistro/pixi_rosdistro/install/include/rosbag2_cpp/rosbag2_cpp/writers/sequential_writer.hpp
[44.713s] -- Installing: /home/runner/work/pixi_rosdistro/pixi_rosdistro/install/include/rosbag2_cpp/rosbag2_cpp/plugins
[44.714s] -- Installing: /home/runner/work/pixi_rosdistro/pixi_rosdistro/install/include/rosbag2_cpp/rosbag2_cpp/plugins/plugin_utils.hpp
[44.714s] -- Installing: /home/runner/work/pixi_rosdistro/pixi_rosdistro/install/include/rosbag2_cpp/rosbag2_cpp/types.hpp
[44.714s] -- Installing: /home/runner/work/pixi_rosdistro/pixi_rosdistro/install/include/rosbag2_cpp/rosbag2_cpp/readers
[44.715s] -- Installing: /home/runner/work/pixi_rosdistro/pixi_rosdistro/install/include/rosbag2_cpp/rosbag2_cpp/readers/sequential_reader.hpp
[44.716s] -- Installing: /home/runner/work/pixi_rosdistro/pixi_rosdistro/install/include/rosbag2_cpp/rosbag2_cpp/cache
[44.716s] -- Installing: /home/runner/work/pixi_rosdistro/pixi_rosdistro/install/include/rosbag2_cpp/rosbag2_cpp/cache/message_cache.hpp
[44.716s] -- Installing: /home/runner/work/pixi_rosdistro/pixi_rosdistro/install/include/rosbag2_cpp/rosbag2_cpp/cache/message_cache_buffer.hpp
[44.716s] -- Installing: /home/runner/work/pixi_rosdistro/pixi_rosdistro/install/include/rosbag2_cpp/rosbag2_cpp/cache/circular_message_cache.hpp
[44.716s] -- Installing: /home/runner/work/pixi_rosdistro/pixi_rosdistro/install/include/rosbag2_cpp/rosbag2_cpp/cache/message_cache_interface.hpp
[44.719s] -- Installing: /home/runner/work/pixi_rosdistro/pixi_rosdistro/install/include/rosbag2_cpp/rosbag2_cpp/cache/cache_consumer.hpp
[44.719s] -- Installing: /home/runner/work/pixi_rosdistro/pixi_rosdistro/install/include/rosbag2_cpp/rosbag2_cpp/cache/cache_buffer_interface.hpp
[44.719s] -- Installing: /home/runner/work/pixi_rosdistro/pixi_rosdistro/install/include/rosbag2_cpp/rosbag2_cpp/cache/message_cache_circular_buffer.hpp
[44.719s] -- Installing: /home/runner/work/pixi_rosdistro/pixi_rosdistro/install/include/rosbag2_cpp/rosbag2_cpp/cache/transient_local_messages_cache.hpp
[44.719s] -- Installing: /home/runner/work/pixi_rosdistro/pixi_rosdistro/install/include/rosbag2_cpp/rosbag2_cpp/writer_interfaces
[44.719s] -- Installing: /home/runner/work/pixi_rosdistro/pixi_rosdistro/install/include/rosbag2_cpp/rosbag2_cpp/writer_interfaces/base_writer_interface.hpp
[44.719s] -- Installing: /home/runner/work/pixi_rosdistro/pixi_rosdistro/install/include/rosbag2_cpp/rosbag2_cpp/serialization_format_converter_factory.hpp
[44.719s] -- Installing: /home/runner/work/pixi_rosdistro/pixi_rosdistro/install/include/rosbag2_cpp/rosbag2_cpp/info.hpp
[44.719s] -- Installing: /home/runner/work/pixi_rosdistro/pixi_rosdistro/install/include/rosbag2_cpp/rosbag2_cpp/message_definitions
[44.719s] -- Installing: /home/runner/work/pixi_rosdistro/pixi_rosdistro/install/include/rosbag2_cpp/rosbag2_cpp/message_definitions/local_message_definition_source.hpp
[44.719s] -- Installing: /home/runner/work/pixi_rosdistro/pixi_rosdistro/install/include/rosbag2_cpp/rosbag2_cpp/service_utils.hpp
[44.720s] -- Installing: /home/runner/work/pixi_rosdistro/pixi_rosdistro/install/include/rosbag2_cpp/rosbag2_cpp/reader.hpp
[44.720s] -- Installing: /home/runner/work/pixi_rosdistro/pixi_rosdistro/install/include/rosbag2_cpp/rosbag2_cpp/clocks
[44.720s] -- Installing: /home/runner/work/pixi_rosdistro/pixi_rosdistro/install/include/rosbag2_cpp/rosbag2_cpp/clocks/player_clock.hpp
[44.720s] -- Installing: /home/runner/work/pixi_rosdistro/pixi_rosdistro/install/include/rosbag2_cpp/rosbag2_cpp/clocks/time_controller_clock.hpp
[44.721s] -- Installing: /home/runner/work/pixi_rosdistro/pixi_rosdistro/install/include/rosbag2_cpp/rosbag2_cpp/serialization_format_converter_factory_interface.hpp
[44.721s] -- Installing: /home/runner/work/pixi_rosdistro/pixi_rosdistro/install/include/rosbag2_cpp/rosbag2_cpp/reader_interfaces
[44.721s] -- Installing: /home/runner/work/pixi_rosdistro/pixi_rosdistro/install/include/rosbag2_cpp/rosbag2_cpp/reader_interfaces/base_reader_interface.hpp
[44.722s] -- Installing: /home/runner/work/pixi_rosdistro/pixi_rosdistro/install/lib/librosbag2_cpp.so
[44.723s] -- Installing: /home/runner/work/pixi_rosdistro/pixi_rosdistro/install/share/rosbag2_cpp/environment/library_path.sh
[44.724s] -- Installing: /home/runner/work/pixi_rosdistro/pixi_rosdistro/install/share/rosbag2_cpp/environment/library_path.dsv
[44.724s] -- Installing: /home/runner/work/pixi_rosdistro/pixi_rosdistro/install/lib/libconverter_test_plugins.so
[44.725s] -- Installing: /home/runner/work/pixi_rosdistro/pixi_rosdistro/install/share/rosbag2_cpp/test/rosbag2_cpp/converter_test_plugin.xml
[44.726s] -- Installing: /home/runner/work/pixi_rosdistro/pixi_rosdistro/install/share/ament_index/resource_index/package_run_dependencies/rosbag2_cpp
[44.726s] -- Installing: /home/runner/work/pixi_rosdistro/pixi_rosdistro/install/share/ament_index/resource_index/parent_prefix_path/rosbag2_cpp
[44.727s] -- Installing: /home/runner/work/pixi_rosdistro/pixi_rosdistro/install/share/rosbag2_cpp/environment/ament_prefix_path.sh
[44.727s] -- Installing: /home/runner/work/pixi_rosdistro/pixi_rosdistro/install/share/rosbag2_cpp/environment/ament_prefix_path.dsv
[44.731s] -- Installing: /home/runner/work/pixi_rosdistro/pixi_rosdistro/install/share/rosbag2_cpp/environment/path.sh
[44.731s] -- Installing: /home/runner/work/pixi_rosdistro/pixi_rosdistro/install/share/rosbag2_cpp/environment/path.dsv
[44.731s] -- Installing: /home/runner/work/pixi_rosdistro/pixi_rosdistro/install/share/rosbag2_cpp/local_setup.bash
[44.731s] -- Installing: /home/runner/work/pixi_rosdistro/pixi_rosdistro/install/share/rosbag2_cpp/local_setup.fish
[44.731s] -- Installing: /home/runner/work/pixi_rosdistro/pixi_rosdistro/install/share/rosbag2_cpp/local_setup.sh
[44.731s] -- Installing: /home/runner/work/pixi_rosdistro/pixi_rosdistro/install/share/rosbag2_cpp/local_setup.zsh
[44.731s] -- Installing: /home/runner/work/pixi_rosdistro/pixi_rosdistro/install/share/rosbag2_cpp/local_setup.dsv
[44.731s] -- Installing: /home/runner/work/pixi_rosdistro/pixi_rosdistro/install/share/rosbag2_cpp/package.dsv
[44.731s] -- Installing: /home/runner/work/pixi_rosdistro/pixi_rosdistro/install/share/ament_index/resource_index/packages/rosbag2_cpp
[44.731s] -- Installing: /home/runner/work/pixi_rosdistro/pixi_rosdistro/install/share/ament_index/resource_index/rosbag2_cpp__pluginlib__plugin/rosbag2_cpp
[44.732s] -- Installing: /home/runner/work/pixi_rosdistro/pixi_rosdistro/install/share/rosbag2_cpp/cmake/export_rosbag2_cppExport.cmake
[44.732s] -- Installing: /home/runner/work/pixi_rosdistro/pixi_rosdistro/install/share/rosbag2_cpp/cmake/export_rosbag2_cppExport-release.cmake
[44.732s] -- Installing: /home/runner/work/pixi_rosdistro/pixi_rosdistro/install/share/rosbag2_cpp/cmake/ament_cmake_export_include_directories-extras.cmake
[44.732s] -- Installing: /home/runner/work/pixi_rosdistro/pixi_rosdistro/install/share/rosbag2_cpp/cmake/ament_cmake_export_libraries-extras.cmake
[44.732s] -- Installing: /home/runner/work/pixi_rosdistro/pixi_rosdistro/install/share/rosbag2_cpp/cmake/ament_cmake_export_targets-extras.cmake
[44.732s] -- Installing: /home/runner/work/pixi_rosdistro/pixi_rosdistro/install/share/rosbag2_cpp/cmake/ament_cmake_export_dependencies-extras.cmake
[44.733s] -- Installing: /home/runner/work/pixi_rosdistro/pixi_rosdistro/install/share/rosbag2_cpp/cmake/rosbag2_cppConfig.cmake
[44.733s] -- Installing: /home/runner/work/pixi_rosdistro/pixi_rosdistro/install/share/rosbag2_cpp/cmake/rosbag2_cppConfig-version.cmake
[44.733s] -- Installing: /home/runner/work/pixi_rosdistro/pixi_rosdistro/install/share/rosbag2_cpp/package.xml
[44.736s] Invoked command in '/home/runner/work/pixi_rosdistro/pixi_rosdistro/build/rosbag2_cpp' returned '0': AMENT_PREFIX_PATH=/home/runner/work/pixi_rosdistro/pixi_rosdistro/install CMAKE_PREFIX_PATH=/home/runner/work/pixi_rosdistro/pixi_rosdistro/install:${CMAKE_PREFIX_PATH} LD_LIBRARY_PATH=/home/runner/work/pixi_rosdistro/pixi_rosdistro/install/lib PATH=/home/runner/work/pixi_rosdistro/pixi_rosdistro/install/bin:/opt/microsoft/powershell/7:${PATH} PIXI_PROMPT=(ros2_rolling) PKG_CONFIG_PATH=/home/runner/work/pixi_rosdistro/pixi_rosdistro/install/lib/pkgconfig PSModulePath=/home/runner/.local/share/powershell/Modules:${PSModulePath} PYTHONPATH=/home/runner/work/pixi_rosdistro/pixi_rosdistro/install/lib/python3.12/site-packages ROS_DOMAIN_ID=24 /home/runner/work/pixi_rosdistro/pixi_rosdistro/.pixi/envs/default/bin/cmake --install /home/runner/work/pixi_rosdistro/pixi_rosdistro/build/rosbag2_cpp
