[39.141s] Invoking command in 'D:\a\pixi_rosdistro\pixi_rosdistro\build\rosidl_dynamic_typesupport_fastrtps': AMENT_PREFIX_PATH=D:\a\pixi_rosdistro\pixi_rosdistro\install CMAKE_PREFIX_PATH=D:\a\pixi_rosdistro\pixi_rosdistro\install;D:\a\pixi_rosdistro\pixi_rosdistro\.pixi\envs\default\Library PATH=D:\a\pixi_rosdistro\pixi_rosdistro\install\Scripts;D:\a\pixi_rosdistro\pixi_rosdistro\install\bin;D:\a\pixi_rosdistro\pixi_rosdistro\install\opt\mimick_vendor\lib;%PATH% PIXI_PROMPT=(ros2_rolling) PKG_CONFIG_PATH=D:\a\pixi_rosdistro\pixi_rosdistro\install\lib\pkgconfig PROMPT=$P$G PYTHONPATH=D:\a\pixi_rosdistro\pixi_rosdistro\install\Lib\site-packages ROS_DOMAIN_ID=16 D:\a\pixi_rosdistro\pixi_rosdistro\.pixi\envs\default\Library\bin\cmake.EXE D:\a\pixi_rosdistro\pixi_rosdistro\src\ros2\rosidl_dynamic_typesupport_fastrtps -GNinja --no-warn-unused-cli -DCMAKE_BUILD_TYPE=Release -DCMAKE_BUILD_WITH_INSTALL_RPATH:bool=TRUE -DCMAKE_POLICY_VERSION_MINIMUM=3.5 -Wno-deprecated -DSTACK_DETAILS_AUTO_DETECT:bool=FALSE -DSTACK_DETAILS_BFD:bool=FALSE -DCMAKE_MSVC_DEBUG_INFORMATION_FORMAT=Embedded -DCMAKE_INSTALL_PREFIX=D:\a\pixi_rosdistro\pixi_rosdistro\install
[39.438s] Not searching for unused variables given on the command line.
[39.438s] -- The C compiler identification is MSVC 19.44.35225.0
[39.719s] -- The CXX compiler identification is MSVC 19.44.35225.0
[39.735s] -- Detecting C compiler ABI info
[40.516s] -- Detecting C compiler ABI info - done
[40.547s] -- Check for working C compiler: C:/Program Files/Microsoft Visual Studio/2022/Enterprise/VC/Tools/MSVC/14.44.35207/bin/Hostx64/x64/cl.exe - skipped
[40.547s] -- Detecting C compile features
[40.547s] -- Detecting C compile features - done
[40.563s] -- Detecting CXX compiler ABI info
[41.250s] -- Detecting CXX compiler ABI info - done
[41.282s] -- Check for working CXX compiler: C:/Program Files/Microsoft Visual Studio/2022/Enterprise/VC/Tools/MSVC/14.44.35207/bin/Hostx64/x64/cl.exe - skipped
[41.282s] -- Detecting CXX compile features
[41.282s] -- Detecting CXX compile features - done
[41.297s] -- Found ament_cmake_ros_core: 0.15.6 (D:/a/pixi_rosdistro/pixi_rosdistro/install/share/ament_cmake_ros_core/cmake)
[42.032s] -- Found rcpputils: 2.14.3 (D:/a/pixi_rosdistro/pixi_rosdistro/install/share/rcpputils/cmake)
[42.157s] -- Found rosidl_dynamic_typesupport: 0.4.0 (D:/a/pixi_rosdistro/pixi_rosdistro/install/share/rosidl_dynamic_typesupport/cmake)
[42.469s] -- Configuring done (3.3s)
[42.547s] -- Generating done (0.1s)
[42.563s] -- Build files have been written to: D:/a/pixi_rosdistro/pixi_rosdistro/build/rosidl_dynamic_typesupport_fastrtps
[42.578s] Invoked command in 'D:\a\pixi_rosdistro\pixi_rosdistro\build\rosidl_dynamic_typesupport_fastrtps' returned '0': AMENT_PREFIX_PATH=D:\a\pixi_rosdistro\pixi_rosdistro\install CMAKE_PREFIX_PATH=D:\a\pixi_rosdistro\pixi_rosdistro\install;D:\a\pixi_rosdistro\pixi_rosdistro\.pixi\envs\default\Library PATH=D:\a\pixi_rosdistro\pixi_rosdistro\install\Scripts;D:\a\pixi_rosdistro\pixi_rosdistro\install\bin;D:\a\pixi_rosdistro\pixi_rosdistro\install\opt\mimick_vendor\lib;%PATH% PIXI_PROMPT=(ros2_rolling) PKG_CONFIG_PATH=D:\a\pixi_rosdistro\pixi_rosdistro\install\lib\pkgconfig PROMPT=$P$G PYTHONPATH=D:\a\pixi_rosdistro\pixi_rosdistro\install\Lib\site-packages ROS_DOMAIN_ID=16 D:\a\pixi_rosdistro\pixi_rosdistro\.pixi\envs\default\Library\bin\cmake.EXE D:\a\pixi_rosdistro\pixi_rosdistro\src\ros2\rosidl_dynamic_typesupport_fastrtps -GNinja --no-warn-unused-cli -DCMAKE_BUILD_TYPE=Release -DCMAKE_BUILD_WITH_INSTALL_RPATH:bool=TRUE -DCMAKE_POLICY_VERSION_MINIMUM=3.5 -Wno-deprecated -DSTACK_DETAILS_AUTO_DETECT:bool=FALSE -DSTACK_DETAILS_BFD:bool=FALSE -DCMAKE_MSVC_DEBUG_INFORMATION_FORMAT=Embedded -DCMAKE_INSTALL_PREFIX=D:\a\pixi_rosdistro\pixi_rosdistro\install
[42.578s] Invoking command in 'D:\a\pixi_rosdistro\pixi_rosdistro\build\rosidl_dynamic_typesupport_fastrtps': AMENT_PREFIX_PATH=D:\a\pixi_rosdistro\pixi_rosdistro\install CMAKE_PREFIX_PATH=D:\a\pixi_rosdistro\pixi_rosdistro\install;D:\a\pixi_rosdistro\pixi_rosdistro\.pixi\envs\default\Library PATH=D:\a\pixi_rosdistro\pixi_rosdistro\install\Scripts;D:\a\pixi_rosdistro\pixi_rosdistro\install\bin;D:\a\pixi_rosdistro\pixi_rosdistro\install\opt\mimick_vendor\lib;%PATH% PIXI_PROMPT=(ros2_rolling) PKG_CONFIG_PATH=D:\a\pixi_rosdistro\pixi_rosdistro\install\lib\pkgconfig PROMPT=$P$G PYTHONPATH=D:\a\pixi_rosdistro\pixi_rosdistro\install\Lib\site-packages ROS_DOMAIN_ID=16 D:\a\pixi_rosdistro\pixi_rosdistro\.pixi\envs\default\Library\bin\cmake.EXE --build D:\a\pixi_rosdistro\pixi_rosdistro\build\rosidl_dynamic_typesupport_fastrtps -- -j4 -l4
[43.297s] [1/7] Building CXX object CMakeFiles\rosidl_dynamic_typesupport_fastrtps.dir\src\detail\fastrtps_dynamic_type.cpp.obj
[43.610s] [2/7] Building CXX object CMakeFiles\rosidl_dynamic_typesupport_fastrtps.dir\src\detail\fastrtps_serialization_support.cpp.obj
[43.657s] [3/7] Building CXX object CMakeFiles\rosidl_dynamic_typesupport_fastrtps.dir\src\detail\fastrtps_dynamic_data.cpp.obj
[43.875s] [4/7] Building CXX object CMakeFiles\rosidl_dynamic_typesupport_fastrtps.dir\src\detail\utils.cpp.obj
[44.078s] [5/7] Building CXX object CMakeFiles\rosidl_dynamic_typesupport_fastrtps.dir\src\identifier.cpp.obj
[44.594s] [6/7] Building CXX object CMakeFiles\rosidl_dynamic_typesupport_fastrtps.dir\src\serialization_support.cpp.obj
[44.813s] [7/7] Linking CXX shared library rosidl_dynamic_typesupport_fastrtps.dll
[44.813s] Invoked command in 'D:\a\pixi_rosdistro\pixi_rosdistro\build\rosidl_dynamic_typesupport_fastrtps' returned '0': AMENT_PREFIX_PATH=D:\a\pixi_rosdistro\pixi_rosdistro\install CMAKE_PREFIX_PATH=D:\a\pixi_rosdistro\pixi_rosdistro\install;D:\a\pixi_rosdistro\pixi_rosdistro\.pixi\envs\default\Library PATH=D:\a\pixi_rosdistro\pixi_rosdistro\install\Scripts;D:\a\pixi_rosdistro\pixi_rosdistro\install\bin;D:\a\pixi_rosdistro\pixi_rosdistro\install\opt\mimick_vendor\lib;%PATH% PIXI_PROMPT=(ros2_rolling) PKG_CONFIG_PATH=D:\a\pixi_rosdistro\pixi_rosdistro\install\lib\pkgconfig PROMPT=$P$G PYTHONPATH=D:\a\pixi_rosdistro\pixi_rosdistro\install\Lib\site-packages ROS_DOMAIN_ID=16 D:\a\pixi_rosdistro\pixi_rosdistro\.pixi\envs\default\Library\bin\cmake.EXE --build D:\a\pixi_rosdistro\pixi_rosdistro\build\rosidl_dynamic_typesupport_fastrtps -- -j4 -l4
[44.813s] Invoking command in 'D:\a\pixi_rosdistro\pixi_rosdistro\build\rosidl_dynamic_typesupport_fastrtps': AMENT_PREFIX_PATH=D:\a\pixi_rosdistro\pixi_rosdistro\install CMAKE_PREFIX_PATH=D:\a\pixi_rosdistro\pixi_rosdistro\install;D:\a\pixi_rosdistro\pixi_rosdistro\.pixi\envs\default\Library PATH=D:\a\pixi_rosdistro\pixi_rosdistro\install\Scripts;D:\a\pixi_rosdistro\pixi_rosdistro\install\bin;D:\a\pixi_rosdistro\pixi_rosdistro\install\opt\mimick_vendor\lib;%PATH% PIXI_PROMPT=(ros2_rolling) PKG_CONFIG_PATH=D:\a\pixi_rosdistro\pixi_rosdistro\install\lib\pkgconfig PROMPT=$P$G PYTHONPATH=D:\a\pixi_rosdistro\pixi_rosdistro\install\Lib\site-packages ROS_DOMAIN_ID=16 D:\a\pixi_rosdistro\pixi_rosdistro\.pixi\envs\default\Library\bin\cmake.EXE --install D:\a\pixi_rosdistro\pixi_rosdistro\build\rosidl_dynamic_typesupport_fastrtps
[44.860s] -- Install configuration: "Release"
[44.860s] -- Installing: D:/a/pixi_rosdistro/pixi_rosdistro/install/lib/rosidl_dynamic_typesupport_fastrtps.lib
[44.860s] -- Installing: D:/a/pixi_rosdistro/pixi_rosdistro/install/bin/rosidl_dynamic_typesupport_fastrtps.dll
[44.860s] -- Installing: D:/a/pixi_rosdistro/pixi_rosdistro/install/include/rosidl_dynamic_typesupport_fastrtps
[44.860s] -- Installing: D:/a/pixi_rosdistro/pixi_rosdistro/install/include/rosidl_dynamic_typesupport_fastrtps/rosidl_dynamic_typesupport_fastrtps
[44.860s] -- Installing: D:/a/pixi_rosdistro/pixi_rosdistro/install/include/rosidl_dynamic_typesupport_fastrtps/rosidl_dynamic_typesupport_fastrtps/identifier.h
[44.860s] -- Installing: D:/a/pixi_rosdistro/pixi_rosdistro/install/include/rosidl_dynamic_typesupport_fastrtps/rosidl_dynamic_typesupport_fastrtps/serialization_support.h
[44.860s] -- Installing: D:/a/pixi_rosdistro/pixi_rosdistro/install/include/rosidl_dynamic_typesupport_fastrtps/rosidl_dynamic_typesupport_fastrtps/visibility_control.h
[44.860s] -- Installing: D:/a/pixi_rosdistro/pixi_rosdistro/install/share/ament_index/resource_index/package_run_dependencies/rosidl_dynamic_typesupport_fastrtps
[44.860s] -- Installing: D:/a/pixi_rosdistro/pixi_rosdistro/install/share/ament_index/resource_index/parent_prefix_path/rosidl_dynamic_typesupport_fastrtps
[44.875s] -- Installing: D:/a/pixi_rosdistro/pixi_rosdistro/install/share/rosidl_dynamic_typesupport_fastrtps/environment/ament_prefix_path.bat
[44.875s] -- Installing: D:/a/pixi_rosdistro/pixi_rosdistro/install/share/rosidl_dynamic_typesupport_fastrtps/environment/ament_prefix_path.dsv
[44.875s] -- Installing: D:/a/pixi_rosdistro/pixi_rosdistro/install/share/rosidl_dynamic_typesupport_fastrtps/environment/path.bat
[44.875s] -- Installing: D:/a/pixi_rosdistro/pixi_rosdistro/install/share/rosidl_dynamic_typesupport_fastrtps/environment/path.dsv
[44.875s] -- Installing: D:/a/pixi_rosdistro/pixi_rosdistro/install/share/rosidl_dynamic_typesupport_fastrtps/local_setup.bat
[44.875s] -- Installing: D:/a/pixi_rosdistro/pixi_rosdistro/install/share/rosidl_dynamic_typesupport_fastrtps/local_setup.dsv
[44.875s] -- Installing: D:/a/pixi_rosdistro/pixi_rosdistro/install/share/rosidl_dynamic_typesupport_fastrtps/package.dsv
[44.875s] -- Installing: D:/a/pixi_rosdistro/pixi_rosdistro/install/share/ament_index/resource_index/packages/rosidl_dynamic_typesupport_fastrtps
[44.875s] -- Installing: D:/a/pixi_rosdistro/pixi_rosdistro/install/share/rosidl_dynamic_typesupport_fastrtps/cmake/rosidl_dynamic_typesupport_fastrtps-exportExport.cmake
[44.875s] -- Installing: D:/a/pixi_rosdistro/pixi_rosdistro/install/share/rosidl_dynamic_typesupport_fastrtps/cmake/rosidl_dynamic_typesupport_fastrtps-exportExport-release.cmake
[44.875s] -- Installing: D:/a/pixi_rosdistro/pixi_rosdistro/install/share/rosidl_dynamic_typesupport_fastrtps/cmake/ament_cmake_export_targets-extras.cmake
[44.875s] -- Installing: D:/a/pixi_rosdistro/pixi_rosdistro/install/share/rosidl_dynamic_typesupport_fastrtps/cmake/ament_cmake_export_dependencies-extras.cmake
[44.875s] -- Installing: D:/a/pixi_rosdistro/pixi_rosdistro/install/share/rosidl_dynamic_typesupport_fastrtps/cmake/rosidl_dynamic_typesupport_fastrtpsConfig.cmake
[44.875s] -- Installing: D:/a/pixi_rosdistro/pixi_rosdistro/install/share/rosidl_dynamic_typesupport_fastrtps/cmake/rosidl_dynamic_typesupport_fastrtpsConfig-version.cmake
[44.875s] -- Installing: D:/a/pixi_rosdistro/pixi_rosdistro/install/share/rosidl_dynamic_typesupport_fastrtps/package.xml
[44.891s] Invoked command in 'D:\a\pixi_rosdistro\pixi_rosdistro\build\rosidl_dynamic_typesupport_fastrtps' returned '0': AMENT_PREFIX_PATH=D:\a\pixi_rosdistro\pixi_rosdistro\install CMAKE_PREFIX_PATH=D:\a\pixi_rosdistro\pixi_rosdistro\install;D:\a\pixi_rosdistro\pixi_rosdistro\.pixi\envs\default\Library PATH=D:\a\pixi_rosdistro\pixi_rosdistro\install\Scripts;D:\a\pixi_rosdistro\pixi_rosdistro\install\bin;D:\a\pixi_rosdistro\pixi_rosdistro\install\opt\mimick_vendor\lib;%PATH% PIXI_PROMPT=(ros2_rolling) PKG_CONFIG_PATH=D:\a\pixi_rosdistro\pixi_rosdistro\install\lib\pkgconfig PROMPT=$P$G PYTHONPATH=D:\a\pixi_rosdistro\pixi_rosdistro\install\Lib\site-packages ROS_DOMAIN_ID=16 D:\a\pixi_rosdistro\pixi_rosdistro\.pixi\envs\default\Library\bin\cmake.EXE --install D:\a\pixi_rosdistro\pixi_rosdistro\build\rosidl_dynamic_typesupport_fastrtps
