[1.123s] Invoking command in '/Users/runner/work/pixi_rosdistro/pixi_rosdistro/build/rmw_cyclonedds_cpp': AMENT_PREFIX_PATH=/Users/runner/work/pixi_rosdistro/pixi_rosdistro/install CMAKE_PREFIX_PATH=/Users/runner/work/pixi_rosdistro/pixi_rosdistro/install DYLD_LIBRARY_PATH=/Users/runner/work/pixi_rosdistro/pixi_rosdistro/install/lib:/Users/runner/work/pixi_rosdistro/pixi_rosdistro/install/opt/mimick_vendor/lib PATH=/Users/runner/work/pixi_rosdistro/pixi_rosdistro/install/bin:${PATH} PIXI_PROMPT=(ros2_rolling) PKG_CONFIG_PATH=/Users/runner/work/pixi_rosdistro/pixi_rosdistro/install/lib/pkgconfig PYTHONPATH=/Users/runner/work/pixi_rosdistro/pixi_rosdistro/install/lib/python3.14/site-packages ROS_PYTHON_VERSION=3 SHLVL=3 _=/usr/bin/env /Users/runner/work/pixi_rosdistro/pixi_rosdistro/.pixi/envs/default/bin/cmake /Users/runner/work/pixi_rosdistro/pixi_rosdistro/src/ros2/rmw_cyclonedds/rmw_cyclonedds_cpp -GNinja --no-warn-unused-cli -DCMAKE_BUILD_TYPE=Release -DCMAKE_BUILD_WITH_INSTALL_RPATH:bool=TRUE -DCMAKE_POLICY_VERSION_MINIMUM=3.5 -Wno-deprecated -DSTACK_DETAILS_AUTO_DETECT:bool=FALSE -DSTACK_DETAILS_BFD:bool=FALSE -DCMAKE_INSTALL_PREFIX=/Users/runner/work/pixi_rosdistro/pixi_rosdistro/install
[1.325s] Not searching for unused variables given on the command line.
[1.325s] -- The C compiler identification is AppleClang 17.0.0.17000013
[1.488s] -- The CXX compiler identification is AppleClang 17.0.0.17000013
[1.546s] -- Detecting C compiler ABI info
[1.976s] -- Detecting C compiler ABI info - done
[2.012s] -- Check for working C compiler: /usr/bin/cc - skipped
[2.013s] -- Detecting C compile features
[2.013s] -- Detecting C compile features - done
[2.019s] -- Detecting CXX compiler ABI info
[2.578s] -- Detecting CXX compiler ABI info - done
[2.617s] -- Check for working CXX compiler: /usr/bin/c++ - skipped
[2.617s] -- Detecting CXX compile features
[2.617s] -- Detecting CXX compile features - done
[2.627s] -- Found ament_cmake_ros_core: 0.15.6 (/Users/runner/work/pixi_rosdistro/pixi_rosdistro/install/share/ament_cmake_ros_core/cmake)
[2.873s] -- Found rcutils: 7.0.7 (/Users/runner/work/pixi_rosdistro/pixi_rosdistro/install/share/rcutils/cmake)
[3.092s] -- Found rcpputils: 2.14.3 (/Users/runner/work/pixi_rosdistro/pixi_rosdistro/install/share/rcpputils/cmake)
[3.102s] -- Found tracetools: 8.10.1 (/Users/runner/work/pixi_rosdistro/pixi_rosdistro/install/share/tracetools/cmake)
[3.167s] -- Found rmw: 7.9.1 (/Users/runner/work/pixi_rosdistro/pixi_rosdistro/install/share/rmw/cmake)
[3.264s] -- Found rmw_dds_common: 6.0.0 (/Users/runner/work/pixi_rosdistro/pixi_rosdistro/install/share/rmw_dds_common/cmake)
[3.386s] -- Found rosidl_generator_c: 5.1.3 (/Users/runner/work/pixi_rosdistro/pixi_rosdistro/install/share/rosidl_generator_c/cmake)
[3.414s] -- Found rosidl_generator_cpp: 5.1.3 (/Users/runner/work/pixi_rosdistro/pixi_rosdistro/install/share/rosidl_generator_cpp/cmake)
[3.426s] -- Using all available rosidl_typesupport_c: rosidl_typesupport_fastrtps_c;rosidl_typesupport_introspection_c
[3.450s] -- Using all available rosidl_typesupport_cpp: rosidl_typesupport_fastrtps_cpp;rosidl_typesupport_introspection_cpp
[3.503s] -- Found ament_lint_auto: 0.20.3 (/Users/runner/work/pixi_rosdistro/pixi_rosdistro/install/share/ament_lint_auto/cmake)
[3.686s] -- Added test 'copyright' to check source files copyright and LICENSE
[3.689s] -- Added test 'cppcheck' to perform static code analysis on C / C++ code
[3.689s] -- Configured cppcheck include dirs: 
[3.689s] -- Configured cppcheck exclude dirs and/or files: 
[3.698s] -- Added test 'cpplint' to check C / C++ code against the Google style
[3.698s] -- Configured cpplint exclude dirs and/or files: 
[3.700s] -- Added test 'lint_cmake' to check CMake code style
[3.706s] -- Added test 'uncrustify' to check C / C++ code style
[3.706s] -- Configured uncrustify additional arguments: 
[3.708s] -- Added test 'xmllint' to check XML markup files
[3.712s] -- Configuring done (2.6s)
[3.745s] -- Generating done (0.0s)
[3.789s] -- Build files have been written to: /Users/runner/work/pixi_rosdistro/pixi_rosdistro/build/rmw_cyclonedds_cpp
[3.792s] Invoked command in '/Users/runner/work/pixi_rosdistro/pixi_rosdistro/build/rmw_cyclonedds_cpp' returned '0': AMENT_PREFIX_PATH=/Users/runner/work/pixi_rosdistro/pixi_rosdistro/install CMAKE_PREFIX_PATH=/Users/runner/work/pixi_rosdistro/pixi_rosdistro/install DYLD_LIBRARY_PATH=/Users/runner/work/pixi_rosdistro/pixi_rosdistro/install/lib:/Users/runner/work/pixi_rosdistro/pixi_rosdistro/install/opt/mimick_vendor/lib PATH=/Users/runner/work/pixi_rosdistro/pixi_rosdistro/install/bin:${PATH} PIXI_PROMPT=(ros2_rolling) PKG_CONFIG_PATH=/Users/runner/work/pixi_rosdistro/pixi_rosdistro/install/lib/pkgconfig PYTHONPATH=/Users/runner/work/pixi_rosdistro/pixi_rosdistro/install/lib/python3.14/site-packages ROS_PYTHON_VERSION=3 SHLVL=3 _=/usr/bin/env /Users/runner/work/pixi_rosdistro/pixi_rosdistro/.pixi/envs/default/bin/cmake /Users/runner/work/pixi_rosdistro/pixi_rosdistro/src/ros2/rmw_cyclonedds/rmw_cyclonedds_cpp -GNinja --no-warn-unused-cli -DCMAKE_BUILD_TYPE=Release -DCMAKE_BUILD_WITH_INSTALL_RPATH:bool=TRUE -DCMAKE_POLICY_VERSION_MINIMUM=3.5 -Wno-deprecated -DSTACK_DETAILS_AUTO_DETECT:bool=FALSE -DSTACK_DETAILS_BFD:bool=FALSE -DCMAKE_INSTALL_PREFIX=/Users/runner/work/pixi_rosdistro/pixi_rosdistro/install
[3.793s] Invoking command in '/Users/runner/work/pixi_rosdistro/pixi_rosdistro/build/rmw_cyclonedds_cpp': AMENT_PREFIX_PATH=/Users/runner/work/pixi_rosdistro/pixi_rosdistro/install CMAKE_PREFIX_PATH=/Users/runner/work/pixi_rosdistro/pixi_rosdistro/install DYLD_LIBRARY_PATH=/Users/runner/work/pixi_rosdistro/pixi_rosdistro/install/lib:/Users/runner/work/pixi_rosdistro/pixi_rosdistro/install/opt/mimick_vendor/lib PATH=/Users/runner/work/pixi_rosdistro/pixi_rosdistro/install/bin:${PATH} PIXI_PROMPT=(ros2_rolling) PKG_CONFIG_PATH=/Users/runner/work/pixi_rosdistro/pixi_rosdistro/install/lib/pkgconfig PYTHONPATH=/Users/runner/work/pixi_rosdistro/pixi_rosdistro/install/lib/python3.14/site-packages ROS_PYTHON_VERSION=3 SHLVL=3 _=/usr/bin/env /Users/runner/work/pixi_rosdistro/pixi_rosdistro/.pixi/envs/default/bin/cmake --build /Users/runner/work/pixi_rosdistro/pixi_rosdistro/build/rmw_cyclonedds_cpp -- -j3 -l3
[4.099s] [1/12] Building CXX object CMakeFiles/rmw_cyclonedds_cpp.dir/src/rmw_get_network_flow_endpoints.cpp.o
[4.812s] [2/12] Building CXX object CMakeFiles/rmw_cyclonedds_cpp.dir/src/rmw_node.cpp.o
[5.396s] [3/12] Building CXX object CMakeFiles/rmw_cyclonedds_cpp.dir/src/serdata.cpp.o
[5.779s] [4/12] Building CXX object CMakeFiles/rmw_cyclonedds_cpp.dir/src/serdes.cpp.o
[6.162s] [5/12] Building CXX object CMakeFiles/rmw_cyclonedds_cpp.dir/src/u16string.cpp.o
[6.591s] [6/12] Building CXX object CMakeFiles/rmw_cyclonedds_cpp.dir/src/exception.cpp.o
[7.217s] [7/12] Building CXX object CMakeFiles/rmw_cyclonedds_cpp.dir/src/demangle.cpp.o
[7.582s] [8/12] Building CXX object CMakeFiles/rmw_cyclonedds_cpp.dir/src/deserialization_exception.cpp.o
[8.023s] [9/12] Building CXX object CMakeFiles/rmw_cyclonedds_cpp.dir/src/Serialization.cpp.o
[8.464s] [10/12] Building CXX object CMakeFiles/rmw_cyclonedds_cpp.dir/src/TypeSupport2.cpp.o
[8.860s] [11/12] Building CXX object CMakeFiles/rmw_cyclonedds_cpp.dir/src/TypeSupport.cpp.o
[8.966s] [12/12] Linking CXX shared library librmw_cyclonedds_cpp.dylib
[8.966s] ld: warning: ignoring duplicate libraries: '-lc++'
[8.988s] Invoked command in '/Users/runner/work/pixi_rosdistro/pixi_rosdistro/build/rmw_cyclonedds_cpp' returned '0': AMENT_PREFIX_PATH=/Users/runner/work/pixi_rosdistro/pixi_rosdistro/install CMAKE_PREFIX_PATH=/Users/runner/work/pixi_rosdistro/pixi_rosdistro/install DYLD_LIBRARY_PATH=/Users/runner/work/pixi_rosdistro/pixi_rosdistro/install/lib:/Users/runner/work/pixi_rosdistro/pixi_rosdistro/install/opt/mimick_vendor/lib PATH=/Users/runner/work/pixi_rosdistro/pixi_rosdistro/install/bin:${PATH} PIXI_PROMPT=(ros2_rolling) PKG_CONFIG_PATH=/Users/runner/work/pixi_rosdistro/pixi_rosdistro/install/lib/pkgconfig PYTHONPATH=/Users/runner/work/pixi_rosdistro/pixi_rosdistro/install/lib/python3.14/site-packages ROS_PYTHON_VERSION=3 SHLVL=3 _=/usr/bin/env /Users/runner/work/pixi_rosdistro/pixi_rosdistro/.pixi/envs/default/bin/cmake --build /Users/runner/work/pixi_rosdistro/pixi_rosdistro/build/rmw_cyclonedds_cpp -- -j3 -l3
[8.990s] Invoking command in '/Users/runner/work/pixi_rosdistro/pixi_rosdistro/build/rmw_cyclonedds_cpp': AMENT_PREFIX_PATH=/Users/runner/work/pixi_rosdistro/pixi_rosdistro/install CMAKE_PREFIX_PATH=/Users/runner/work/pixi_rosdistro/pixi_rosdistro/install DYLD_LIBRARY_PATH=/Users/runner/work/pixi_rosdistro/pixi_rosdistro/install/lib:/Users/runner/work/pixi_rosdistro/pixi_rosdistro/install/opt/mimick_vendor/lib PATH=/Users/runner/work/pixi_rosdistro/pixi_rosdistro/install/bin:${PATH} PIXI_PROMPT=(ros2_rolling) PKG_CONFIG_PATH=/Users/runner/work/pixi_rosdistro/pixi_rosdistro/install/lib/pkgconfig PYTHONPATH=/Users/runner/work/pixi_rosdistro/pixi_rosdistro/install/lib/python3.14/site-packages ROS_PYTHON_VERSION=3 SHLVL=3 _=/usr/bin/env /Users/runner/work/pixi_rosdistro/pixi_rosdistro/.pixi/envs/default/bin/cmake --install /Users/runner/work/pixi_rosdistro/pixi_rosdistro/build/rmw_cyclonedds_cpp
[8.994s] -- Install configuration: "Release"
[8.994s] -- Installing: /Users/runner/work/pixi_rosdistro/pixi_rosdistro/install/share/ament_index/resource_index/rmw_typesupport_c/rmw_cyclonedds_cpp
[8.994s] -- Installing: /Users/runner/work/pixi_rosdistro/pixi_rosdistro/install/share/ament_index/resource_index/rmw_typesupport_cpp/rmw_cyclonedds_cpp
[8.994s] -- Installing: /Users/runner/work/pixi_rosdistro/pixi_rosdistro/install/share/ament_index/resource_index/rmw_typesupport/rmw_cyclonedds_cpp
[8.995s] -- Installing: /Users/runner/work/pixi_rosdistro/pixi_rosdistro/install/share/ament_index/resource_index/package_run_dependencies/rmw_cyclonedds_cpp
[8.995s] -- Installing: /Users/runner/work/pixi_rosdistro/pixi_rosdistro/install/share/ament_index/resource_index/parent_prefix_path/rmw_cyclonedds_cpp
[8.995s] -- Installing: /Users/runner/work/pixi_rosdistro/pixi_rosdistro/install/share/rmw_cyclonedds_cpp/environment/ament_prefix_path.sh
[8.996s] -- Installing: /Users/runner/work/pixi_rosdistro/pixi_rosdistro/install/share/rmw_cyclonedds_cpp/environment/ament_prefix_path.dsv
[8.996s] -- Installing: /Users/runner/work/pixi_rosdistro/pixi_rosdistro/install/share/rmw_cyclonedds_cpp/environment/path.sh
[8.996s] -- Installing: /Users/runner/work/pixi_rosdistro/pixi_rosdistro/install/share/rmw_cyclonedds_cpp/environment/path.dsv
[8.996s] -- Installing: /Users/runner/work/pixi_rosdistro/pixi_rosdistro/install/share/rmw_cyclonedds_cpp/local_setup.bash
[8.996s] -- Installing: /Users/runner/work/pixi_rosdistro/pixi_rosdistro/install/share/rmw_cyclonedds_cpp/local_setup.fish
[8.997s] -- Installing: /Users/runner/work/pixi_rosdistro/pixi_rosdistro/install/share/rmw_cyclonedds_cpp/local_setup.sh
[8.998s] -- Installing: /Users/runner/work/pixi_rosdistro/pixi_rosdistro/install/share/rmw_cyclonedds_cpp/local_setup.zsh
[8.998s] -- Installing: /Users/runner/work/pixi_rosdistro/pixi_rosdistro/install/share/rmw_cyclonedds_cpp/local_setup.dsv
[8.998s] -- Installing: /Users/runner/work/pixi_rosdistro/pixi_rosdistro/install/share/rmw_cyclonedds_cpp/package.dsv
[8.999s] -- Installing: /Users/runner/work/pixi_rosdistro/pixi_rosdistro/install/share/ament_index/resource_index/packages/rmw_cyclonedds_cpp
[8.999s] -- Installing: /Users/runner/work/pixi_rosdistro/pixi_rosdistro/install/share/rmw_cyclonedds_cpp/cmake/export_rmw_cyclonedds_cppExport.cmake
[8.999s] -- Installing: /Users/runner/work/pixi_rosdistro/pixi_rosdistro/install/share/rmw_cyclonedds_cpp/cmake/export_rmw_cyclonedds_cppExport-release.cmake
[8.999s] -- Installing: /Users/runner/work/pixi_rosdistro/pixi_rosdistro/install/share/rmw_cyclonedds_cpp/cmake/ament_cmake_export_dependencies-extras.cmake
[8.999s] -- Installing: /Users/runner/work/pixi_rosdistro/pixi_rosdistro/install/share/rmw_cyclonedds_cpp/cmake/ament_cmake_export_targets-extras.cmake
[9.000s] -- Installing: /Users/runner/work/pixi_rosdistro/pixi_rosdistro/install/share/rmw_cyclonedds_cpp/cmake/rmw_cyclonedds_cppConfig.cmake
[9.000s] -- Installing: /Users/runner/work/pixi_rosdistro/pixi_rosdistro/install/share/rmw_cyclonedds_cpp/cmake/rmw_cyclonedds_cppConfig-version.cmake
[9.000s] -- Installing: /Users/runner/work/pixi_rosdistro/pixi_rosdistro/install/share/rmw_cyclonedds_cpp/package.xml
[9.000s] -- Installing: /Users/runner/work/pixi_rosdistro/pixi_rosdistro/install/lib/librmw_cyclonedds_cpp.dylib
[9.000s] -- Installing: /Users/runner/work/pixi_rosdistro/pixi_rosdistro/install/share/ament_index/resource_index/rmw_output_patterns/rmw_cyclonedds_cpp
[9.003s] Invoked command in '/Users/runner/work/pixi_rosdistro/pixi_rosdistro/build/rmw_cyclonedds_cpp' returned '0': AMENT_PREFIX_PATH=/Users/runner/work/pixi_rosdistro/pixi_rosdistro/install CMAKE_PREFIX_PATH=/Users/runner/work/pixi_rosdistro/pixi_rosdistro/install DYLD_LIBRARY_PATH=/Users/runner/work/pixi_rosdistro/pixi_rosdistro/install/lib:/Users/runner/work/pixi_rosdistro/pixi_rosdistro/install/opt/mimick_vendor/lib PATH=/Users/runner/work/pixi_rosdistro/pixi_rosdistro/install/bin:${PATH} PIXI_PROMPT=(ros2_rolling) PKG_CONFIG_PATH=/Users/runner/work/pixi_rosdistro/pixi_rosdistro/install/lib/pkgconfig PYTHONPATH=/Users/runner/work/pixi_rosdistro/pixi_rosdistro/install/lib/python3.14/site-packages ROS_PYTHON_VERSION=3 SHLVL=3 _=/usr/bin/env /Users/runner/work/pixi_rosdistro/pixi_rosdistro/.pixi/envs/default/bin/cmake --install /Users/runner/work/pixi_rosdistro/pixi_rosdistro/build/rmw_cyclonedds_cpp
