[4.055s] Invoking command in '/home/runner/work/pixi_rosdistro/pixi_rosdistro/build/service_msgs': AMENT_PREFIX_PATH=/home/runner/work/pixi_rosdistro/pixi_rosdistro/install CMAKE_PREFIX_PATH=/home/runner/work/pixi_rosdistro/pixi_rosdistro/install:${CMAKE_PREFIX_PATH} LD_LIBRARY_PATH=/home/runner/work/pixi_rosdistro/pixi_rosdistro/install/lib PATH=/home/runner/work/pixi_rosdistro/pixi_rosdistro/install/bin:/opt/microsoft/powershell/7:${PATH} PIXI_PROMPT=(ros2_rolling) PKG_CONFIG_PATH=/home/runner/work/pixi_rosdistro/pixi_rosdistro/install/lib/pkgconfig PSModulePath=/home/runner/.local/share/powershell/Modules:${PSModulePath} PYTHONPATH=/home/runner/work/pixi_rosdistro/pixi_rosdistro/install/lib/python3.12/site-packages /home/runner/work/pixi_rosdistro/pixi_rosdistro/.pixi/envs/default/bin/cmake /home/runner/work/pixi_rosdistro/pixi_rosdistro/src/ros2/rcl_interfaces/service_msgs -GNinja --no-warn-unused-cli -DCMAKE_BUILD_TYPE=Release -DCMAKE_BUILD_WITH_INSTALL_RPATH:bool=TRUE -DCMAKE_POLICY_VERSION_MINIMUM=3.5 -Wno-deprecated -DSTACK_DETAILS_AUTO_DETECT:bool=FALSE -DSTACK_DETAILS_BFD:bool=FALSE -DTRACETOOLS_DISABLED=ON -DCMAKE_INSTALL_PREFIX=/home/runner/work/pixi_rosdistro/pixi_rosdistro/install
[4.212s] Not searching for unused variables given on the command line.
[4.212s] -- The C compiler identification is GNU 14.3.0
[4.417s] -- The CXX compiler identification is GNU 14.3.0
[4.432s] -- Detecting C compiler ABI info
[4.986s] -- Detecting C compiler ABI info - done
[5.059s] -- Check for working C compiler: /home/runner/work/pixi_rosdistro/pixi_rosdistro/.pixi/envs/default/bin/x86_64-conda-linux-gnu-cc - skipped
[5.059s] -- Detecting C compile features
[5.060s] -- Detecting C compile features - done
[5.098s] -- Detecting CXX compiler ABI info
[5.395s] -- Detecting CXX compiler ABI info - done
[5.478s] -- Check for working CXX compiler: /home/runner/work/pixi_rosdistro/pixi_rosdistro/.pixi/envs/default/bin/x86_64-conda-linux-gnu-c++ - skipped
[5.478s] -- Detecting CXX compile features
[5.481s] -- Detecting CXX compile features - done
[5.511s] -- Found ament_cmake: 2.8.6 (/home/runner/work/pixi_rosdistro/pixi_rosdistro/install/share/ament_cmake/cmake)
[6.077s] -- Found builtin_interfaces: 2.4.3 (/home/runner/work/pixi_rosdistro/pixi_rosdistro/install/share/builtin_interfaces/cmake)
[6.138s] -- Found rosidl_generator_c: 5.1.3 (/home/runner/work/pixi_rosdistro/pixi_rosdistro/install/share/rosidl_generator_c/cmake)
[6.160s] -- Found rosidl_generator_cpp: 5.1.3 (/home/runner/work/pixi_rosdistro/pixi_rosdistro/install/share/rosidl_generator_cpp/cmake)
[6.192s] -- Using all available rosidl_typesupport_c: rosidl_typesupport_fastrtps_c;rosidl_typesupport_introspection_c
[6.237s] -- Using all available rosidl_typesupport_cpp: rosidl_typesupport_fastrtps_cpp;rosidl_typesupport_introspection_cpp
[6.268s] -- Found rosidl_core_generators: 0.4.1 (/home/runner/work/pixi_rosdistro/pixi_rosdistro/install/share/rosidl_core_generators/cmake)
[6.297s] -- Found rosidl_adapter: 5.1.3 (/home/runner/work/pixi_rosdistro/pixi_rosdistro/install/share/rosidl_adapter/cmake)
[6.512s] -- Found Python3: /home/runner/work/pixi_rosdistro/pixi_rosdistro/.pixi/envs/default/bin/python3 (found version "3.12.13") found components: Interpreter
[7.064s] -- Found ament_cmake_cppcheck: 0.20.3 (/home/runner/work/pixi_rosdistro/pixi_rosdistro/install/share/ament_cmake_cppcheck/cmake)
[7.067s] -- Found ament_cmake_cpplint: 0.20.3 (/home/runner/work/pixi_rosdistro/pixi_rosdistro/install/share/ament_cmake_cpplint/cmake)
[7.073s] -- Found ament_cmake_uncrustify: 0.20.3 (/home/runner/work/pixi_rosdistro/pixi_rosdistro/install/share/ament_cmake_uncrustify/cmake)
[7.074s] -- Found ament_cmake_ros_core: 0.15.6 (/home/runner/work/pixi_rosdistro/pixi_rosdistro/install/share/ament_cmake_ros_core/cmake)
[8.309s] -- Using all available rosidl_typesupport_c: rosidl_typesupport_fastrtps_c;rosidl_typesupport_introspection_c
[8.887s] -- Using all available rosidl_typesupport_cpp: rosidl_typesupport_fastrtps_cpp;rosidl_typesupport_introspection_cpp
[9.589s] -- Found Python3: /home/runner/work/pixi_rosdistro/pixi_rosdistro/.pixi/envs/default/bin/python3 (found version "3.12.13") found components: Interpreter Development NumPy Development.Module Development.Embed
[9.638s] -- Found ament_cmake_flake8: 0.20.3 (/home/runner/work/pixi_rosdistro/pixi_rosdistro/install/share/ament_cmake_flake8/cmake)
[9.641s] -- Found ament_cmake_pep257: 0.20.3 (/home/runner/work/pixi_rosdistro/pixi_rosdistro/install/share/ament_cmake_pep257/cmake)
[9.645s] -- Found ament_cmake_mypy: 0.20.3 (/home/runner/work/pixi_rosdistro/pixi_rosdistro/install/share/ament_cmake_mypy/cmake)
[9.679s] -- Found Python3: /home/runner/work/pixi_rosdistro/pixi_rosdistro/.pixi/envs/default/bin/python3 (found version "3.12.13") found components: Interpreter
[9.682s] -- Found ament_lint_auto: 0.20.3 (/home/runner/work/pixi_rosdistro/pixi_rosdistro/install/share/ament_lint_auto/cmake)
[9.702s] -- Added test 'copyright' to check source files copyright and LICENSE
[9.703s] -- Added test 'lint_cmake' to check CMake code style
[9.704s] -- Added test 'xmllint' to check XML markup files
[9.710s] -- Configuring done (5.6s)
[9.793s] -- Generating done (0.1s)
[9.836s] -- Build files have been written to: /home/runner/work/pixi_rosdistro/pixi_rosdistro/build/service_msgs
[9.837s] Invoked command in '/home/runner/work/pixi_rosdistro/pixi_rosdistro/build/service_msgs' returned '0': AMENT_PREFIX_PATH=/home/runner/work/pixi_rosdistro/pixi_rosdistro/install CMAKE_PREFIX_PATH=/home/runner/work/pixi_rosdistro/pixi_rosdistro/install:${CMAKE_PREFIX_PATH} LD_LIBRARY_PATH=/home/runner/work/pixi_rosdistro/pixi_rosdistro/install/lib PATH=/home/runner/work/pixi_rosdistro/pixi_rosdistro/install/bin:/opt/microsoft/powershell/7:${PATH} PIXI_PROMPT=(ros2_rolling) PKG_CONFIG_PATH=/home/runner/work/pixi_rosdistro/pixi_rosdistro/install/lib/pkgconfig PSModulePath=/home/runner/.local/share/powershell/Modules:${PSModulePath} PYTHONPATH=/home/runner/work/pixi_rosdistro/pixi_rosdistro/install/lib/python3.12/site-packages ROS_DOMAIN_ID=30 /home/runner/work/pixi_rosdistro/pixi_rosdistro/.pixi/envs/default/bin/cmake /home/runner/work/pixi_rosdistro/pixi_rosdistro/src/ros2/rcl_interfaces/service_msgs -GNinja --no-warn-unused-cli -DCMAKE_BUILD_TYPE=Release -DCMAKE_BUILD_WITH_INSTALL_RPATH:bool=TRUE -DCMAKE_POLICY_VERSION_MINIMUM=3.5 -Wno-deprecated -DSTACK_DETAILS_AUTO_DETECT:bool=FALSE -DSTACK_DETAILS_BFD:bool=FALSE -DTRACETOOLS_DISABLED=ON -DCMAKE_INSTALL_PREFIX=/home/runner/work/pixi_rosdistro/pixi_rosdistro/install
[9.837s] Invoking command in '/home/runner/work/pixi_rosdistro/pixi_rosdistro/build/service_msgs': AMENT_PREFIX_PATH=/home/runner/work/pixi_rosdistro/pixi_rosdistro/install CMAKE_PREFIX_PATH=/home/runner/work/pixi_rosdistro/pixi_rosdistro/install:${CMAKE_PREFIX_PATH} LD_LIBRARY_PATH=/home/runner/work/pixi_rosdistro/pixi_rosdistro/install/lib PATH=/home/runner/work/pixi_rosdistro/pixi_rosdistro/install/bin:/opt/microsoft/powershell/7:${PATH} PIXI_PROMPT=(ros2_rolling) PKG_CONFIG_PATH=/home/runner/work/pixi_rosdistro/pixi_rosdistro/install/lib/pkgconfig PSModulePath=/home/runner/.local/share/powershell/Modules:${PSModulePath} PYTHONPATH=/home/runner/work/pixi_rosdistro/pixi_rosdistro/install/lib/python3.12/site-packages ROS_DOMAIN_ID=30 /home/runner/work/pixi_rosdistro/pixi_rosdistro/.pixi/envs/default/bin/cmake --build /home/runner/work/pixi_rosdistro/pixi_rosdistro/build/service_msgs -- -j4 -l4
[10.202s] [1/37] Generating type hashes for ROS interfaces
[10.619s] [2/37] Generating C code for ROS interfaces
[10.784s] [3/37] Building C object CMakeFiles/service_msgs__rosidl_generator_c.dir/rosidl_generator_c/service_msgs/msg/detail/service_event_info__description.c.o
[10.996s] [4/37] Building C object CMakeFiles/service_msgs__rosidl_generator_c.dir/rosidl_generator_c/service_msgs/msg/detail/service_event_info__functions.c.o
[11.129s] [5/37] Building C object CMakeFiles/service_msgs__rosidl_generator_c.dir/rosidl_generator_c/service_msgs/msg/detail/service_event_info__type_support.c.o
[11.553s] [6/37] Generating C type support for eProsima Fast-RTPS
[11.985s] [7/37] Generating C++ code for ROS interfaces
[12.426s] [8/37] Generating C++ type support for eProsima Fast-RTPS
[12.842s] [9/37] Generating C introspection for ROS interfaces
[13.227s] [10/37] Generating C type support dispatch for ROS interfaces
[13.558s] [11/37] Generating C++ introspection for ROS interfaces
[13.860s] [12/37] Generating C++ type support dispatch for ROS interfaces
[13.884s] [13/37] Linking C shared library libservice_msgs__rosidl_generator_c.so
[14.183s] [14/37] Building CXX object CMakeFiles/service_msgs__rosidl_typesupport_fastrtps_c.dir/rosidl_typesupport_fastrtps_c/service_msgs/msg/detail/service_event_info__type_support_c.cpp.o
[14.305s] [15/37] Building C object CMakeFiles/service_msgs__rosidl_typesupport_introspection_c.dir/rosidl_typesupport_introspection_c/service_msgs/msg/detail/service_event_info__type_support.c.o
[14.513s] [16/37] Building CXX object CMakeFiles/service_msgs__rosidl_typesupport_c.dir/rosidl_typesupport_c/service_msgs/msg/service_event_info__type_support.cpp.o
[14.844s] [17/37] Building CXX object CMakeFiles/service_msgs__rosidl_typesupport_fastrtps_cpp.dir/rosidl_typesupport_fastrtps_cpp/service_msgs/msg/detail/dds_fastrtps/service_event_info__type_support.cpp.o
[15.138s] [18/37] Building CXX object CMakeFiles/service_msgs__rosidl_typesupport_introspection_cpp.dir/rosidl_typesupport_introspection_cpp/service_msgs/msg/detail/service_event_info__type_support.cpp.o
[15.465s] [19/37] Building CXX object CMakeFiles/service_msgs__rosidl_typesupport_cpp.dir/rosidl_typesupport_cpp/service_msgs/msg/service_event_info__type_support.cpp.o
[15.528s] [20/37] Linking CXX shared library libservice_msgs__rosidl_typesupport_fastrtps_c.so
[15.592s] [21/37] Linking CXX shared library libservice_msgs__rosidl_typesupport_fastrtps_cpp.so
[15.615s] [22/37] Linking C shared library libservice_msgs__rosidl_typesupport_introspection_c.so
[15.677s] [23/37] Linking CXX shared library libservice_msgs__rosidl_typesupport_c.so
[15.735s] [24/37] Linking CXX shared library libservice_msgs__rosidl_typesupport_introspection_cpp.so
[15.796s] [25/37] Linking CXX shared library libservice_msgs__rosidl_typesupport_cpp.so
[16.397s] [26/37] Generating Python code for ROS interfaces
[16.736s] [27/37] Generating Rust code for ROS interfaces
[16.973s] [28/37] Building C object CMakeFiles/service_msgs__rosidl_generator_py.dir/rosidl_generator_py/service_msgs/msg/_service_event_info_s.c.o
[17.003s] [29/37] Linking C shared library libservice_msgs__rosidl_generator_py.so
[17.238s] [30/37] Building C object CMakeFiles/service_msgs_s__rosidl_typesupport_fastrtps_c.dir/rosidl_generator_py/service_msgs/_service_msgs_s.ep.rosidl_typesupport_fastrtps_c.c.o
[17.498s] [31/37] Building C object CMakeFiles/service_msgs_s__rosidl_typesupport_introspection_c.dir/rosidl_generator_py/service_msgs/_service_msgs_s.ep.rosidl_typesupport_introspection_c.c.o
[17.723s] [32/37] Building C object CMakeFiles/service_msgs_s__rosidl_typesupport_c.dir/rosidl_generator_py/service_msgs/_service_msgs_s.ep.rosidl_typesupport_c.c.o
[17.731s] [33/37] cd /home/runner/work/pixi_rosdistro/pixi_rosdistro/build/service_msgs && /home/runner/work/pixi_rosdistro/pixi_rosdistro/.pixi/envs/default/bin/cmake -E copy_directory /home/runner/work/pixi_rosdistro/pixi_rosdistro/build/service_msgs/rosidl_generator_py/service_msgs /home/runner/work/pixi_rosdistro/pixi_rosdistro/build/service_msgs/ament_cmake_python/service_msgs/service_msgs
[17.759s] [34/37] Linking C shared module rosidl_generator_py/service_msgs/service_msgs_s__rosidl_typesupport_fastrtps_c.so
[17.784s] [35/37] Linking C shared module rosidl_generator_py/service_msgs/service_msgs_s__rosidl_typesupport_introspection_c.so
[17.809s] [36/37] Linking C shared module rosidl_generator_py/service_msgs/service_msgs_s__rosidl_typesupport_c.so
[18.118s] [37/37] cd /home/runner/work/pixi_rosdistro/pixi_rosdistro/build/service_msgs/ament_cmake_python/service_msgs && /home/runner/work/pixi_rosdistro/pixi_rosdistro/.pixi/envs/default/bin/python3 setup.py egg_info
[18.119s] running egg_info
[18.119s] creating service_msgs.egg-info
[18.119s] writing service_msgs.egg-info/PKG-INFO
[18.119s] writing dependency_links to service_msgs.egg-info/dependency_links.txt
[18.119s] writing top-level names to service_msgs.egg-info/top_level.txt
[18.119s] writing manifest file 'service_msgs.egg-info/SOURCES.txt'
[18.119s] reading manifest file 'service_msgs.egg-info/SOURCES.txt'
[18.119s] writing manifest file 'service_msgs.egg-info/SOURCES.txt'
[18.122s] Invoked command in '/home/runner/work/pixi_rosdistro/pixi_rosdistro/build/service_msgs' returned '0': AMENT_PREFIX_PATH=/home/runner/work/pixi_rosdistro/pixi_rosdistro/install CMAKE_PREFIX_PATH=/home/runner/work/pixi_rosdistro/pixi_rosdistro/install:${CMAKE_PREFIX_PATH} LD_LIBRARY_PATH=/home/runner/work/pixi_rosdistro/pixi_rosdistro/install/lib PATH=/home/runner/work/pixi_rosdistro/pixi_rosdistro/install/bin:/opt/microsoft/powershell/7:${PATH} PIXI_PROMPT=(ros2_rolling) PKG_CONFIG_PATH=/home/runner/work/pixi_rosdistro/pixi_rosdistro/install/lib/pkgconfig PSModulePath=/home/runner/.local/share/powershell/Modules:${PSModulePath} PYTHONPATH=/home/runner/work/pixi_rosdistro/pixi_rosdistro/install/lib/python3.12/site-packages ROS_DOMAIN_ID=30 /home/runner/work/pixi_rosdistro/pixi_rosdistro/.pixi/envs/default/bin/cmake --build /home/runner/work/pixi_rosdistro/pixi_rosdistro/build/service_msgs -- -j4 -l4
[18.125s] Invoking command in '/home/runner/work/pixi_rosdistro/pixi_rosdistro/build/service_msgs': AMENT_PREFIX_PATH=/home/runner/work/pixi_rosdistro/pixi_rosdistro/install CMAKE_PREFIX_PATH=/home/runner/work/pixi_rosdistro/pixi_rosdistro/install:${CMAKE_PREFIX_PATH} LD_LIBRARY_PATH=/home/runner/work/pixi_rosdistro/pixi_rosdistro/install/lib PATH=/home/runner/work/pixi_rosdistro/pixi_rosdistro/install/bin:/opt/microsoft/powershell/7:${PATH} PIXI_PROMPT=(ros2_rolling) PKG_CONFIG_PATH=/home/runner/work/pixi_rosdistro/pixi_rosdistro/install/lib/pkgconfig PSModulePath=/home/runner/.local/share/powershell/Modules:${PSModulePath} PYTHONPATH=/home/runner/work/pixi_rosdistro/pixi_rosdistro/install/lib/python3.12/site-packages ROS_DOMAIN_ID=30 /home/runner/work/pixi_rosdistro/pixi_rosdistro/.pixi/envs/default/bin/cmake --install /home/runner/work/pixi_rosdistro/pixi_rosdistro/build/service_msgs
[18.132s] -- Install configuration: "Release"
[18.133s] -- Installing: /home/runner/work/pixi_rosdistro/pixi_rosdistro/install/share/ament_index/resource_index/rosidl_interfaces/service_msgs
[18.133s] -- Installing: /home/runner/work/pixi_rosdistro/pixi_rosdistro/install/share/service_msgs/msg/ServiceEventInfo.json
[18.134s] -- Installing: /home/runner/work/pixi_rosdistro/pixi_rosdistro/install/include/service_msgs/service_msgs
[18.134s] -- Installing: /home/runner/work/pixi_rosdistro/pixi_rosdistro/install/include/service_msgs/service_msgs/msg
[18.135s] -- Installing: /home/runner/work/pixi_rosdistro/pixi_rosdistro/install/include/service_msgs/service_msgs/msg/rosidl_generator_c__visibility_control.h
[18.135s] -- Installing: /home/runner/work/pixi_rosdistro/pixi_rosdistro/install/include/service_msgs/service_msgs/msg/service_event_info.h
[18.135s] -- Installing: /home/runner/work/pixi_rosdistro/pixi_rosdistro/install/include/service_msgs/service_msgs/msg/detail
[18.139s] -- Installing: /home/runner/work/pixi_rosdistro/pixi_rosdistro/install/include/service_msgs/service_msgs/msg/detail/service_event_info__type_support.h
[18.139s] -- Installing: /home/runner/work/pixi_rosdistro/pixi_rosdistro/install/include/service_msgs/service_msgs/msg/detail/service_event_info__functions.c
[18.139s] -- Installing: /home/runner/work/pixi_rosdistro/pixi_rosdistro/install/include/service_msgs/service_msgs/msg/detail/service_event_info__struct.h
[18.139s] -- Installing: /home/runner/work/pixi_rosdistro/pixi_rosdistro/install/include/service_msgs/service_msgs/msg/detail/service_event_info__functions.h
[18.139s] -- Installing: /home/runner/work/pixi_rosdistro/pixi_rosdistro/install/include/service_msgs/service_msgs/msg/detail/service_event_info__description.c
[18.139s] -- Installing: /home/runner/work/pixi_rosdistro/pixi_rosdistro/install/include/service_msgs/service_msgs/msg/detail/service_event_info__type_support.c
[18.139s] -- Installing: /home/runner/work/pixi_rosdistro/pixi_rosdistro/install/share/service_msgs/environment/library_path.sh
[18.139s] -- Installing: /home/runner/work/pixi_rosdistro/pixi_rosdistro/install/share/service_msgs/environment/library_path.dsv
[18.139s] -- Installing: /home/runner/work/pixi_rosdistro/pixi_rosdistro/install/lib/libservice_msgs__rosidl_generator_c.so
[18.140s] -- Up-to-date: /home/runner/work/pixi_rosdistro/pixi_rosdistro/install/include/service_msgs/service_msgs
[18.140s] -- Up-to-date: /home/runner/work/pixi_rosdistro/pixi_rosdistro/install/include/service_msgs/service_msgs/msg
[18.140s] -- Installing: /home/runner/work/pixi_rosdistro/pixi_rosdistro/install/include/service_msgs/service_msgs/msg/rosidl_typesupport_fastrtps_c__visibility_control.h
[18.140s] -- Up-to-date: /home/runner/work/pixi_rosdistro/pixi_rosdistro/install/include/service_msgs/service_msgs/msg/detail
[18.140s] -- Installing: /home/runner/work/pixi_rosdistro/pixi_rosdistro/install/include/service_msgs/service_msgs/msg/detail/service_event_info__rosidl_typesupport_fastrtps_c.h
[18.140s] -- Installing: /home/runner/work/pixi_rosdistro/pixi_rosdistro/install/lib/libservice_msgs__rosidl_typesupport_fastrtps_c.so
[18.140s] -- Up-to-date: /home/runner/work/pixi_rosdistro/pixi_rosdistro/install/include/service_msgs/service_msgs
[18.140s] -- Up-to-date: /home/runner/work/pixi_rosdistro/pixi_rosdistro/install/include/service_msgs/service_msgs/msg
[18.140s] -- Installing: /home/runner/work/pixi_rosdistro/pixi_rosdistro/install/include/service_msgs/service_msgs/msg/rosidl_generator_cpp__visibility_control.hpp
[18.141s] -- Installing: /home/runner/work/pixi_rosdistro/pixi_rosdistro/install/include/service_msgs/service_msgs/msg/service_event_info.hpp
[18.141s] -- Up-to-date: /home/runner/work/pixi_rosdistro/pixi_rosdistro/install/include/service_msgs/service_msgs/msg/detail
[18.141s] -- Installing: /home/runner/work/pixi_rosdistro/pixi_rosdistro/install/include/service_msgs/service_msgs/msg/detail/service_event_info__type_support.hpp
[18.141s] -- Installing: /home/runner/work/pixi_rosdistro/pixi_rosdistro/install/include/service_msgs/service_msgs/msg/detail/service_event_info__traits.hpp
[18.142s] -- Installing: /home/runner/work/pixi_rosdistro/pixi_rosdistro/install/include/service_msgs/service_msgs/msg/detail/service_event_info__builder.hpp
[18.142s] -- Installing: /home/runner/work/pixi_rosdistro/pixi_rosdistro/install/include/service_msgs/service_msgs/msg/detail/service_event_info__struct.hpp
[18.143s] -- Up-to-date: /home/runner/work/pixi_rosdistro/pixi_rosdistro/install/include/service_msgs/service_msgs
[18.143s] -- Up-to-date: /home/runner/work/pixi_rosdistro/pixi_rosdistro/install/include/service_msgs/service_msgs/msg
[18.143s] -- Installing: /home/runner/work/pixi_rosdistro/pixi_rosdistro/install/include/service_msgs/service_msgs/msg/rosidl_typesupport_fastrtps_cpp__visibility_control.h
[18.144s] -- Up-to-date: /home/runner/work/pixi_rosdistro/pixi_rosdistro/install/include/service_msgs/service_msgs/msg/detail
[18.144s] -- Installing: /home/runner/work/pixi_rosdistro/pixi_rosdistro/install/include/service_msgs/service_msgs/msg/detail/service_event_info__rosidl_typesupport_fastrtps_cpp.hpp
[18.145s] -- Installing: /home/runner/work/pixi_rosdistro/pixi_rosdistro/install/include/service_msgs/service_msgs/msg/detail/dds_fastrtps
[18.145s] -- Installing: /home/runner/work/pixi_rosdistro/pixi_rosdistro/install/lib/libservice_msgs__rosidl_typesupport_fastrtps_cpp.so
[18.145s] -- Up-to-date: /home/runner/work/pixi_rosdistro/pixi_rosdistro/install/include/service_msgs/service_msgs
[18.146s] -- Up-to-date: /home/runner/work/pixi_rosdistro/pixi_rosdistro/install/include/service_msgs/service_msgs/msg
[18.146s] -- Installing: /home/runner/work/pixi_rosdistro/pixi_rosdistro/install/include/service_msgs/service_msgs/msg/rosidl_typesupport_introspection_c__visibility_control.h
[18.146s] -- Up-to-date: /home/runner/work/pixi_rosdistro/pixi_rosdistro/install/include/service_msgs/service_msgs/msg/detail
[18.147s] -- Installing: /home/runner/work/pixi_rosdistro/pixi_rosdistro/install/include/service_msgs/service_msgs/msg/detail/service_event_info__rosidl_typesupport_introspection_c.h
[18.149s] -- Installing: /home/runner/work/pixi_rosdistro/pixi_rosdistro/install/include/service_msgs/service_msgs/msg/detail/service_event_info__type_support.c
[18.149s] -- Installing: /home/runner/work/pixi_rosdistro/pixi_rosdistro/install/lib/libservice_msgs__rosidl_typesupport_introspection_c.so
[18.149s] -- Installing: /home/runner/work/pixi_rosdistro/pixi_rosdistro/install/lib/libservice_msgs__rosidl_typesupport_c.so
[18.149s] -- Up-to-date: /home/runner/work/pixi_rosdistro/pixi_rosdistro/install/include/service_msgs/service_msgs
[18.149s] -- Up-to-date: /home/runner/work/pixi_rosdistro/pixi_rosdistro/install/include/service_msgs/service_msgs/msg
[18.149s] -- Up-to-date: /home/runner/work/pixi_rosdistro/pixi_rosdistro/install/include/service_msgs/service_msgs/msg/detail
[18.149s] -- Installing: /home/runner/work/pixi_rosdistro/pixi_rosdistro/install/include/service_msgs/service_msgs/msg/detail/service_event_info__type_support.cpp
[18.149s] -- Installing: /home/runner/work/pixi_rosdistro/pixi_rosdistro/install/include/service_msgs/service_msgs/msg/detail/service_event_info__rosidl_typesupport_introspection_cpp.hpp
[18.149s] -- Installing: /home/runner/work/pixi_rosdistro/pixi_rosdistro/install/lib/libservice_msgs__rosidl_typesupport_introspection_cpp.so
[18.149s] -- Installing: /home/runner/work/pixi_rosdistro/pixi_rosdistro/install/lib/libservice_msgs__rosidl_typesupport_cpp.so
[18.150s] -- Installing: /home/runner/work/pixi_rosdistro/pixi_rosdistro/install/share/service_msgs/environment/pythonpath.sh
[18.150s] -- Installing: /home/runner/work/pixi_rosdistro/pixi_rosdistro/install/share/service_msgs/environment/pythonpath.dsv
[18.151s] -- Installing: /home/runner/work/pixi_rosdistro/pixi_rosdistro/install/lib/python3.12/site-packages/service_msgs/service_msgs_s__rosidl_typesupport_fastrtps_c.so
[18.152s] -- Installing: /home/runner/work/pixi_rosdistro/pixi_rosdistro/install/lib/python3.12/site-packages/service_msgs/service_msgs_s__rosidl_typesupport_introspection_c.so
[18.152s] -- Installing: /home/runner/work/pixi_rosdistro/pixi_rosdistro/install/lib/python3.12/site-packages/service_msgs/service_msgs_s__rosidl_typesupport_c.so
[18.153s] -- Installing: /home/runner/work/pixi_rosdistro/pixi_rosdistro/install/lib/libservice_msgs__rosidl_generator_py.so
[18.153s] -- Installing: /home/runner/work/pixi_rosdistro/pixi_rosdistro/install/share/ament_index/resource_index/rust_packages/service_msgs
[18.154s] -- Installing: /home/runner/work/pixi_rosdistro/pixi_rosdistro/install/share/service_msgs/rust
[18.157s] -- Installing: /home/runner/work/pixi_rosdistro/pixi_rosdistro/install/share/service_msgs/rust/Cargo.toml
[18.157s] -- Installing: /home/runner/work/pixi_rosdistro/pixi_rosdistro/install/share/service_msgs/rust/build.rs
[18.157s] -- Installing: /home/runner/work/pixi_rosdistro/pixi_rosdistro/install/share/service_msgs/rust/src
[18.157s] -- Installing: /home/runner/work/pixi_rosdistro/pixi_rosdistro/install/share/service_msgs/rust/src/msg.rs
[18.157s] -- Installing: /home/runner/work/pixi_rosdistro/pixi_rosdistro/install/share/service_msgs/rust/src/msg
[18.157s] -- Installing: /home/runner/work/pixi_rosdistro/pixi_rosdistro/install/share/service_msgs/rust/src/msg/rmw.rs
[18.157s] -- Installing: /home/runner/work/pixi_rosdistro/pixi_rosdistro/install/share/service_msgs/rust/src/lib.rs
[18.157s] -- Installing: /home/runner/work/pixi_rosdistro/pixi_rosdistro/install/share/service_msgs/msg/ServiceEventInfo.idl
[18.158s] -- Installing: /home/runner/work/pixi_rosdistro/pixi_rosdistro/install/share/service_msgs/msg/ServiceEventInfo.msg
[18.158s] -- Installing: /home/runner/work/pixi_rosdistro/pixi_rosdistro/install/share/ament_index/resource_index/package_run_dependencies/service_msgs
[18.158s] -- Installing: /home/runner/work/pixi_rosdistro/pixi_rosdistro/install/share/ament_index/resource_index/parent_prefix_path/service_msgs
[18.158s] -- Installing: /home/runner/work/pixi_rosdistro/pixi_rosdistro/install/share/service_msgs/environment/ament_prefix_path.sh
[18.158s] -- Installing: /home/runner/work/pixi_rosdistro/pixi_rosdistro/install/share/service_msgs/environment/ament_prefix_path.dsv
[18.158s] -- Installing: /home/runner/work/pixi_rosdistro/pixi_rosdistro/install/share/service_msgs/environment/path.sh
[18.159s] -- Installing: /home/runner/work/pixi_rosdistro/pixi_rosdistro/install/share/service_msgs/environment/path.dsv
[18.162s] -- Installing: /home/runner/work/pixi_rosdistro/pixi_rosdistro/install/share/service_msgs/local_setup.bash
[18.162s] -- Installing: /home/runner/work/pixi_rosdistro/pixi_rosdistro/install/share/service_msgs/local_setup.fish
[18.162s] -- Installing: /home/runner/work/pixi_rosdistro/pixi_rosdistro/install/share/service_msgs/local_setup.sh
[18.162s] -- Installing: /home/runner/work/pixi_rosdistro/pixi_rosdistro/install/share/service_msgs/local_setup.zsh
[18.162s] -- Installing: /home/runner/work/pixi_rosdistro/pixi_rosdistro/install/share/service_msgs/local_setup.dsv
[18.162s] -- Installing: /home/runner/work/pixi_rosdistro/pixi_rosdistro/install/share/service_msgs/package.dsv
[18.162s] -- Installing: /home/runner/work/pixi_rosdistro/pixi_rosdistro/install/share/ament_index/resource_index/packages/service_msgs
[18.163s] -- Installing: /home/runner/work/pixi_rosdistro/pixi_rosdistro/install/share/service_msgs/cmake/export_service_msgs__rosidl_generator_cExport.cmake
[18.163s] -- Installing: /home/runner/work/pixi_rosdistro/pixi_rosdistro/install/share/service_msgs/cmake/export_service_msgs__rosidl_generator_cExport-release.cmake
[18.163s] -- Installing: /home/runner/work/pixi_rosdistro/pixi_rosdistro/install/share/service_msgs/cmake/export_service_msgs__rosidl_typesupport_fastrtps_cExport.cmake
[18.163s] -- Installing: /home/runner/work/pixi_rosdistro/pixi_rosdistro/install/share/service_msgs/cmake/export_service_msgs__rosidl_typesupport_fastrtps_cExport-release.cmake
[18.163s] -- Installing: /home/runner/work/pixi_rosdistro/pixi_rosdistro/install/share/service_msgs/cmake/export_service_msgs__rosidl_generator_cppExport.cmake
[18.163s] -- Installing: /home/runner/work/pixi_rosdistro/pixi_rosdistro/install/share/service_msgs/cmake/export_service_msgs__rosidl_typesupport_fastrtps_cppExport.cmake
[18.163s] -- Installing: /home/runner/work/pixi_rosdistro/pixi_rosdistro/install/share/service_msgs/cmake/export_service_msgs__rosidl_typesupport_fastrtps_cppExport-release.cmake
[18.164s] -- Installing: /home/runner/work/pixi_rosdistro/pixi_rosdistro/install/share/service_msgs/cmake/service_msgs__rosidl_typesupport_introspection_cExport.cmake
[18.164s] -- Installing: /home/runner/work/pixi_rosdistro/pixi_rosdistro/install/share/service_msgs/cmake/service_msgs__rosidl_typesupport_introspection_cExport-release.cmake
[18.165s] -- Installing: /home/runner/work/pixi_rosdistro/pixi_rosdistro/install/share/service_msgs/cmake/service_msgs__rosidl_typesupport_cExport.cmake
[18.165s] -- Installing: /home/runner/work/pixi_rosdistro/pixi_rosdistro/install/share/service_msgs/cmake/service_msgs__rosidl_typesupport_cExport-release.cmake
[18.166s] -- Installing: /home/runner/work/pixi_rosdistro/pixi_rosdistro/install/share/service_msgs/cmake/service_msgs__rosidl_typesupport_introspection_cppExport.cmake
[18.166s] -- Installing: /home/runner/work/pixi_rosdistro/pixi_rosdistro/install/share/service_msgs/cmake/service_msgs__rosidl_typesupport_introspection_cppExport-release.cmake
[18.167s] -- Installing: /home/runner/work/pixi_rosdistro/pixi_rosdistro/install/share/service_msgs/cmake/service_msgs__rosidl_typesupport_cppExport.cmake
[18.167s] -- Installing: /home/runner/work/pixi_rosdistro/pixi_rosdistro/install/share/service_msgs/cmake/service_msgs__rosidl_typesupport_cppExport-release.cmake
[18.168s] -- Installing: /home/runner/work/pixi_rosdistro/pixi_rosdistro/install/share/service_msgs/cmake/export_service_msgs__rosidl_generator_pyExport.cmake
[18.168s] -- Installing: /home/runner/work/pixi_rosdistro/pixi_rosdistro/install/share/service_msgs/cmake/export_service_msgs__rosidl_generator_pyExport-release.cmake
[18.171s] -- Installing: /home/runner/work/pixi_rosdistro/pixi_rosdistro/install/lib/python3.12/site-packages/service_msgs-2.4.3-py3.12.egg-info
[18.171s] -- Installing: /home/runner/work/pixi_rosdistro/pixi_rosdistro/install/lib/python3.12/site-packages/service_msgs-2.4.3-py3.12.egg-info/dependency_links.txt
[18.171s] -- Installing: /home/runner/work/pixi_rosdistro/pixi_rosdistro/install/lib/python3.12/site-packages/service_msgs-2.4.3-py3.12.egg-info/top_level.txt
[18.171s] -- Installing: /home/runner/work/pixi_rosdistro/pixi_rosdistro/install/lib/python3.12/site-packages/service_msgs-2.4.3-py3.12.egg-info/PKG-INFO
[18.171s] -- Installing: /home/runner/work/pixi_rosdistro/pixi_rosdistro/install/lib/python3.12/site-packages/service_msgs-2.4.3-py3.12.egg-info/SOURCES.txt
[18.171s] -- Up-to-date: /home/runner/work/pixi_rosdistro/pixi_rosdistro/install/lib/python3.12/site-packages/service_msgs
[18.171s] -- Installing: /home/runner/work/pixi_rosdistro/pixi_rosdistro/install/lib/python3.12/site-packages/service_msgs/_service_msgs_s.ep.rosidl_typesupport_c.c
[18.171s] -- Up-to-date: /home/runner/work/pixi_rosdistro/pixi_rosdistro/install/lib/python3.12/site-packages/service_msgs/service_msgs_s__rosidl_typesupport_fastrtps_c.so
[18.171s] -- Up-to-date: /home/runner/work/pixi_rosdistro/pixi_rosdistro/install/lib/python3.12/site-packages/service_msgs/service_msgs_s__rosidl_typesupport_introspection_c.so
[18.171s] -- Installing: /home/runner/work/pixi_rosdistro/pixi_rosdistro/install/lib/python3.12/site-packages/service_msgs/__init__.py
[18.171s] -- Installing: /home/runner/work/pixi_rosdistro/pixi_rosdistro/install/lib/python3.12/site-packages/service_msgs/msg
[18.172s] -- Installing: /home/runner/work/pixi_rosdistro/pixi_rosdistro/install/lib/python3.12/site-packages/service_msgs/msg/__init__.py
[18.172s] -- Installing: /home/runner/work/pixi_rosdistro/pixi_rosdistro/install/lib/python3.12/site-packages/service_msgs/msg/_service_event_info_s.c
[18.172s] -- Installing: /home/runner/work/pixi_rosdistro/pixi_rosdistro/install/lib/python3.12/site-packages/service_msgs/msg/_service_event_info.py
[18.172s] -- Installing: /home/runner/work/pixi_rosdistro/pixi_rosdistro/install/lib/python3.12/site-packages/service_msgs/py.typed
[18.172s] -- Up-to-date: /home/runner/work/pixi_rosdistro/pixi_rosdistro/install/lib/python3.12/site-packages/service_msgs/service_msgs_s__rosidl_typesupport_c.so
[18.172s] -- Installing: /home/runner/work/pixi_rosdistro/pixi_rosdistro/install/lib/python3.12/site-packages/service_msgs/_service_msgs_s.ep.rosidl_typesupport_introspection_c.c
[18.173s] -- Installing: /home/runner/work/pixi_rosdistro/pixi_rosdistro/install/lib/python3.12/site-packages/service_msgs/_service_msgs_s.ep.rosidl_typesupport_fastrtps_c.c
[18.222s] Listing '/home/runner/work/pixi_rosdistro/pixi_rosdistro/install/lib/python3.12/site-packages/service_msgs'...
[18.222s] Compiling '/home/runner/work/pixi_rosdistro/pixi_rosdistro/install/lib/python3.12/site-packages/service_msgs/__init__.py'...
[18.223s] Listing '/home/runner/work/pixi_rosdistro/pixi_rosdistro/install/lib/python3.12/site-packages/service_msgs/msg'...
[18.223s] Compiling '/home/runner/work/pixi_rosdistro/pixi_rosdistro/install/lib/python3.12/site-packages/service_msgs/msg/__init__.py'...
[18.223s] Compiling '/home/runner/work/pixi_rosdistro/pixi_rosdistro/install/lib/python3.12/site-packages/service_msgs/msg/_service_event_info.py'...
[18.230s] -- Installing: /home/runner/work/pixi_rosdistro/pixi_rosdistro/install/share/service_msgs/cmake/rosidl_cmake-extras.cmake
[18.230s] -- Installing: /home/runner/work/pixi_rosdistro/pixi_rosdistro/install/share/service_msgs/cmake/ament_cmake_export_dependencies-extras.cmake
[18.231s] -- Installing: /home/runner/work/pixi_rosdistro/pixi_rosdistro/install/share/service_msgs/cmake/ament_cmake_export_include_directories-extras.cmake
[18.231s] -- Installing: /home/runner/work/pixi_rosdistro/pixi_rosdistro/install/share/service_msgs/cmake/ament_cmake_export_libraries-extras.cmake
[18.232s] -- Installing: /home/runner/work/pixi_rosdistro/pixi_rosdistro/install/share/service_msgs/cmake/ament_cmake_export_targets-extras.cmake
[18.232s] -- Installing: /home/runner/work/pixi_rosdistro/pixi_rosdistro/install/share/service_msgs/cmake/rosidl_cmake_export_typesupport_targets-extras.cmake
[18.234s] -- Installing: /home/runner/work/pixi_rosdistro/pixi_rosdistro/install/share/service_msgs/cmake/rosidl_cmake_export_typesupport_libraries-extras.cmake
[18.234s] -- Installing: /home/runner/work/pixi_rosdistro/pixi_rosdistro/install/share/service_msgs/cmake/rosidl_cmake_aggregate_target-extras.cmake
[18.234s] -- Installing: /home/runner/work/pixi_rosdistro/pixi_rosdistro/install/share/service_msgs/cmake/service_msgsConfig.cmake
[18.234s] -- Installing: /home/runner/work/pixi_rosdistro/pixi_rosdistro/install/share/service_msgs/cmake/service_msgsConfig-version.cmake
[18.234s] -- Installing: /home/runner/work/pixi_rosdistro/pixi_rosdistro/install/share/service_msgs/package.xml
[18.237s] Invoked command in '/home/runner/work/pixi_rosdistro/pixi_rosdistro/build/service_msgs' returned '0': AMENT_PREFIX_PATH=/home/runner/work/pixi_rosdistro/pixi_rosdistro/install CMAKE_PREFIX_PATH=/home/runner/work/pixi_rosdistro/pixi_rosdistro/install:${CMAKE_PREFIX_PATH} LD_LIBRARY_PATH=/home/runner/work/pixi_rosdistro/pixi_rosdistro/install/lib PATH=/home/runner/work/pixi_rosdistro/pixi_rosdistro/install/bin:/opt/microsoft/powershell/7:${PATH} PIXI_PROMPT=(ros2_rolling) PKG_CONFIG_PATH=/home/runner/work/pixi_rosdistro/pixi_rosdistro/install/lib/pkgconfig PSModulePath=/home/runner/.local/share/powershell/Modules:${PSModulePath} PYTHONPATH=/home/runner/work/pixi_rosdistro/pixi_rosdistro/install/lib/python3.12/site-packages ROS_DOMAIN_ID=30 /home/runner/work/pixi_rosdistro/pixi_rosdistro/.pixi/envs/default/bin/cmake --install /home/runner/work/pixi_rosdistro/pixi_rosdistro/build/service_msgs
