[4.369s] Invoking command in '/home/runner/work/pixi_rosdistro/pixi_rosdistro/build/rmw_implementation': AMENT_PREFIX_PATH=/home/runner/work/pixi_rosdistro/pixi_rosdistro/install CMAKE_PREFIX_PATH=/home/runner/work/pixi_rosdistro/pixi_rosdistro/install:${CMAKE_PREFIX_PATH} LD_LIBRARY_PATH=/home/runner/work/pixi_rosdistro/pixi_rosdistro/install/lib PATH=/home/runner/work/pixi_rosdistro/pixi_rosdistro/install/bin:/opt/microsoft/powershell/7:${PATH} PIXI_PROMPT=(ros2_rolling) PKG_CONFIG_PATH=/home/runner/work/pixi_rosdistro/pixi_rosdistro/install/lib/pkgconfig PSModulePath=/home/runner/.local/share/powershell/Modules:${PSModulePath} PYTHONPATH=/home/runner/work/pixi_rosdistro/pixi_rosdistro/install/lib/python3.12/site-packages ROS_DOMAIN_ID=20 /home/runner/work/pixi_rosdistro/pixi_rosdistro/.pixi/envs/default/bin/cmake /home/runner/work/pixi_rosdistro/pixi_rosdistro/src/ros2/rmw_implementation/rmw_implementation -GNinja --no-warn-unused-cli -DCMAKE_BUILD_TYPE=Release -DCMAKE_BUILD_WITH_INSTALL_RPATH:bool=TRUE -DCMAKE_POLICY_VERSION_MINIMUM=3.5 -Wno-deprecated -DSTACK_DETAILS_AUTO_DETECT:bool=FALSE -DSTACK_DETAILS_BFD:bool=FALSE -DTRACETOOLS_DISABLED=ON -DCMAKE_INSTALL_PREFIX=/home/runner/work/pixi_rosdistro/pixi_rosdistro/install
[4.449s] Not searching for unused variables given on the command line.
[4.449s] -- The C compiler identification is GNU 14.3.0
[4.577s] -- The CXX compiler identification is GNU 14.3.0
[4.588s] -- Detecting C compiler ABI info
[4.708s] -- Detecting C compiler ABI info - done
[4.743s] -- Check for working C compiler: /home/runner/work/pixi_rosdistro/pixi_rosdistro/.pixi/envs/default/bin/x86_64-conda-linux-gnu-cc - skipped
[4.744s] -- Detecting C compile features
[4.745s] -- Detecting C compile features - done
[4.764s] -- Detecting CXX compiler ABI info
[4.918s] -- Detecting CXX compiler ABI info - done
[4.955s] -- Check for working CXX compiler: /home/runner/work/pixi_rosdistro/pixi_rosdistro/.pixi/envs/default/bin/x86_64-conda-linux-gnu-c++ - skipped
[4.956s] -- Detecting CXX compile features
[4.959s] -- Detecting CXX compile features - done
[4.972s] -- Found ament_cmake: 2.8.6 (/home/runner/work/pixi_rosdistro/pixi_rosdistro/install/share/ament_cmake/cmake)
[5.251s] -- Found rmw: 7.10.0 (/home/runner/work/pixi_rosdistro/pixi_rosdistro/install/share/rmw/cmake)
[5.278s] -- Found rmw_implementation_cmake: 7.10.0 (/home/runner/work/pixi_rosdistro/pixi_rosdistro/install/share/rmw_implementation_cmake/cmake)
[5.281s] -- Found ament_lint_auto: 0.20.3 (/home/runner/work/pixi_rosdistro/pixi_rosdistro/install/share/ament_lint_auto/cmake)
[5.808s] -- Found rmw_fastrtps_cpp: 9.4.5 (/home/runner/work/pixi_rosdistro/pixi_rosdistro/install/share/rmw_fastrtps_cpp/cmake)
[5.839s] -- Found rosidl_generator_c: 5.1.3 (/home/runner/work/pixi_rosdistro/pixi_rosdistro/install/share/rosidl_generator_c/cmake)
[5.851s] -- Found rosidl_generator_cpp: 5.1.3 (/home/runner/work/pixi_rosdistro/pixi_rosdistro/install/share/rosidl_generator_cpp/cmake)
[5.861s] -- Using all available rosidl_typesupport_c: rosidl_typesupport_fastrtps_c;rosidl_typesupport_introspection_c
[5.878s] -- Using all available rosidl_typesupport_cpp: rosidl_typesupport_fastrtps_cpp;rosidl_typesupport_introspection_cpp
[5.923s] -- 
[5.923s] -- Default rmw implementation: 'rmw_fastrtps_cpp'
[5.923s] -- 
[5.924s] -- Runtime selection of RMW enabled
[5.924s] -- Found ament_index_cpp: 1.13.2 (/home/runner/work/pixi_rosdistro/pixi_rosdistro/install/share/ament_index_cpp/cmake)
[5.930s] -- Found gtest sources under '/home/runner/work/pixi_rosdistro/pixi_rosdistro/install/src/gtest_vendor': C++ tests using 'Google Test' will be built
[5.933s] -- Check if compiler accepts -pthread
[6.070s] -- Check if compiler accepts -pthread - yes
[6.070s] -- Found Threads: TRUE
[6.092s] -- Creating API tests for 'rmw_cyclonedds_cpp'
[6.096s] -- Performance tests are disabled by default, so Google Benchmark tests will be skipped. To enable these tests, set the CMake variable 'AMENT_RUN_PERFORMANCE_TESTS'.
[6.101s] -- Creating API tests for 'rmw_fastrtps_cpp'
[6.113s] -- Creating API tests for 'rmw_fastrtps_dynamic_cpp'
[6.114s] -- Creating API tests for 'rmw_zenoh_cpp'
[6.121s] -- Added test 'copyright' to check source files copyright and LICENSE
[6.123s] -- Added test 'cppcheck' to perform static code analysis on C / C++ code
[6.123s] -- Configured cppcheck include dirs: /home/runner/work/pixi_rosdistro/pixi_rosdistro/install/include
[6.123s] -- Configured cppcheck exclude dirs and/or files: 
[6.125s] -- Added test 'cpplint' to check C / C++ code against the Google style
[6.126s] -- Configured cpplint exclude dirs and/or files: 
[6.127s] -- Added test 'lint_cmake' to check CMake code style
[6.130s] -- Added test 'uncrustify' to check C / C++ code style
[6.130s] -- Configured uncrustify additional arguments: 
[6.131s] -- Added test 'xmllint' to check XML markup files
[6.136s] -- Configuring done (1.8s)
[6.180s] -- Generating done (0.0s)
[6.261s] -- Build files have been written to: /home/runner/work/pixi_rosdistro/pixi_rosdistro/build/rmw_implementation
[6.281s] Invoked command in '/home/runner/work/pixi_rosdistro/pixi_rosdistro/build/rmw_implementation' returned '0': AMENT_PREFIX_PATH=/home/runner/work/pixi_rosdistro/pixi_rosdistro/install CMAKE_PREFIX_PATH=/home/runner/work/pixi_rosdistro/pixi_rosdistro/install:${CMAKE_PREFIX_PATH} LD_LIBRARY_PATH=/home/runner/work/pixi_rosdistro/pixi_rosdistro/install/lib PATH=/home/runner/work/pixi_rosdistro/pixi_rosdistro/install/bin:/opt/microsoft/powershell/7:${PATH} PIXI_PROMPT=(ros2_rolling) PKG_CONFIG_PATH=/home/runner/work/pixi_rosdistro/pixi_rosdistro/install/lib/pkgconfig PSModulePath=/home/runner/.local/share/powershell/Modules:${PSModulePath} PYTHONPATH=/home/runner/work/pixi_rosdistro/pixi_rosdistro/install/lib/python3.12/site-packages ROS_DOMAIN_ID=20 /home/runner/work/pixi_rosdistro/pixi_rosdistro/.pixi/envs/default/bin/cmake /home/runner/work/pixi_rosdistro/pixi_rosdistro/src/ros2/rmw_implementation/rmw_implementation -GNinja --no-warn-unused-cli -DCMAKE_BUILD_TYPE=Release -DCMAKE_BUILD_WITH_INSTALL_RPATH:bool=TRUE -DCMAKE_POLICY_VERSION_MINIMUM=3.5 -Wno-deprecated -DSTACK_DETAILS_AUTO_DETECT:bool=FALSE -DSTACK_DETAILS_BFD:bool=FALSE -DTRACETOOLS_DISABLED=ON -DCMAKE_INSTALL_PREFIX=/home/runner/work/pixi_rosdistro/pixi_rosdistro/install
[6.283s] Invoking command in '/home/runner/work/pixi_rosdistro/pixi_rosdistro/build/rmw_implementation': AMENT_PREFIX_PATH=/home/runner/work/pixi_rosdistro/pixi_rosdistro/install CMAKE_PREFIX_PATH=/home/runner/work/pixi_rosdistro/pixi_rosdistro/install:${CMAKE_PREFIX_PATH} LD_LIBRARY_PATH=/home/runner/work/pixi_rosdistro/pixi_rosdistro/install/lib PATH=/home/runner/work/pixi_rosdistro/pixi_rosdistro/install/bin:/opt/microsoft/powershell/7:${PATH} PIXI_PROMPT=(ros2_rolling) PKG_CONFIG_PATH=/home/runner/work/pixi_rosdistro/pixi_rosdistro/install/lib/pkgconfig PSModulePath=/home/runner/.local/share/powershell/Modules:${PSModulePath} PYTHONPATH=/home/runner/work/pixi_rosdistro/pixi_rosdistro/install/lib/python3.12/site-packages ROS_DOMAIN_ID=20 /home/runner/work/pixi_rosdistro/pixi_rosdistro/.pixi/envs/default/bin/cmake --build /home/runner/work/pixi_rosdistro/pixi_rosdistro/build/rmw_implementation -- -j4 -l4
[6.630s] [1/16] Building CXX object CMakeFiles/rmw_implementation.dir/src/functions.cpp.o
[7.093s] [2/16] Building CXX object gtest/CMakeFiles/gtest.dir/src/gtest-all.cc.o
[7.401s] [3/16] Building CXX object gtest/CMakeFiles/gtest_main.dir/src/gtest_main.cc.o
[7.482s] [4/16] Linking CXX shared library librmw_implementation.so
[7.784s] [5/16] Building CXX object CMakeFiles/test_functions.dir/test/test_functions.cpp.o
[8.123s] [6/16] Building CXX object CMakeFiles/benchmark_symbols__rmw_cyclonedds_cpp.dir/test/benchmark/benchmark_symbols.cpp.o
[8.458s] [7/16] Building CXX object CMakeFiles/benchmark_symbols__rmw_fastrtps_cpp.dir/test/benchmark/benchmark_symbols.cpp.o
[8.805s] [8/16] Building CXX object CMakeFiles/benchmark_symbols__rmw_fastrtps_dynamic_cpp.dir/test/benchmark/benchmark_symbols.cpp.o
[9.128s] [9/16] Building CXX object CMakeFiles/benchmark_symbols__rmw_zenoh_cpp.dir/test/benchmark/benchmark_symbols.cpp.o
[9.159s] [10/16] Linking CXX static library gtest/libgtest.a
[9.180s] [11/16] Linking CXX static library gtest/libgtest_main.a
[9.283s] [12/16] Linking CXX executable test_functions
[9.339s] [13/16] Linking CXX executable benchmark_symbols__rmw_cyclonedds_cpp
[9.392s] [14/16] Linking CXX executable benchmark_symbols__rmw_fastrtps_cpp
[9.453s] [15/16] Linking CXX executable benchmark_symbols__rmw_fastrtps_dynamic_cpp
[9.523s] [16/16] Linking CXX executable benchmark_symbols__rmw_zenoh_cpp
[9.526s] Invoked command in '/home/runner/work/pixi_rosdistro/pixi_rosdistro/build/rmw_implementation' returned '0': AMENT_PREFIX_PATH=/home/runner/work/pixi_rosdistro/pixi_rosdistro/install CMAKE_PREFIX_PATH=/home/runner/work/pixi_rosdistro/pixi_rosdistro/install:${CMAKE_PREFIX_PATH} LD_LIBRARY_PATH=/home/runner/work/pixi_rosdistro/pixi_rosdistro/install/lib PATH=/home/runner/work/pixi_rosdistro/pixi_rosdistro/install/bin:/opt/microsoft/powershell/7:${PATH} PIXI_PROMPT=(ros2_rolling) PKG_CONFIG_PATH=/home/runner/work/pixi_rosdistro/pixi_rosdistro/install/lib/pkgconfig PSModulePath=/home/runner/.local/share/powershell/Modules:${PSModulePath} PYTHONPATH=/home/runner/work/pixi_rosdistro/pixi_rosdistro/install/lib/python3.12/site-packages ROS_DOMAIN_ID=20 /home/runner/work/pixi_rosdistro/pixi_rosdistro/.pixi/envs/default/bin/cmake --build /home/runner/work/pixi_rosdistro/pixi_rosdistro/build/rmw_implementation -- -j4 -l4
[9.529s] Invoking command in '/home/runner/work/pixi_rosdistro/pixi_rosdistro/build/rmw_implementation': AMENT_PREFIX_PATH=/home/runner/work/pixi_rosdistro/pixi_rosdistro/install CMAKE_PREFIX_PATH=/home/runner/work/pixi_rosdistro/pixi_rosdistro/install:${CMAKE_PREFIX_PATH} LD_LIBRARY_PATH=/home/runner/work/pixi_rosdistro/pixi_rosdistro/install/lib PATH=/home/runner/work/pixi_rosdistro/pixi_rosdistro/install/bin:/opt/microsoft/powershell/7:${PATH} PIXI_PROMPT=(ros2_rolling) PKG_CONFIG_PATH=/home/runner/work/pixi_rosdistro/pixi_rosdistro/install/lib/pkgconfig PSModulePath=/home/runner/.local/share/powershell/Modules:${PSModulePath} PYTHONPATH=/home/runner/work/pixi_rosdistro/pixi_rosdistro/install/lib/python3.12/site-packages ROS_DOMAIN_ID=20 /home/runner/work/pixi_rosdistro/pixi_rosdistro/.pixi/envs/default/bin/cmake --install /home/runner/work/pixi_rosdistro/pixi_rosdistro/build/rmw_implementation
[9.542s] -- Install configuration: "Release"
[9.542s] -- Installing: /home/runner/work/pixi_rosdistro/pixi_rosdistro/install/lib/librmw_implementation.so
[9.543s] -- Installing: /home/runner/work/pixi_rosdistro/pixi_rosdistro/install/share/ament_index/resource_index/rmw_typesupport_c/rmw_implementation
[9.543s] -- Installing: /home/runner/work/pixi_rosdistro/pixi_rosdistro/install/share/ament_index/resource_index/rmw_typesupport_cpp/rmw_implementation
[9.543s] -- Installing: /home/runner/work/pixi_rosdistro/pixi_rosdistro/install/share/ament_index/resource_index/rmw_typesupport/rmw_implementation
[9.543s] -- Installing: /home/runner/work/pixi_rosdistro/pixi_rosdistro/install/share/ament_index/resource_index/package_run_dependencies/rmw_implementation
[9.545s] -- Installing: /home/runner/work/pixi_rosdistro/pixi_rosdistro/install/share/ament_index/resource_index/parent_prefix_path/rmw_implementation
[9.545s] -- Installing: /home/runner/work/pixi_rosdistro/pixi_rosdistro/install/share/rmw_implementation/environment/ament_prefix_path.sh
[9.545s] -- Installing: /home/runner/work/pixi_rosdistro/pixi_rosdistro/install/share/rmw_implementation/environment/ament_prefix_path.dsv
[9.545s] -- Installing: /home/runner/work/pixi_rosdistro/pixi_rosdistro/install/share/rmw_implementation/environment/path.sh
[9.547s] -- Installing: /home/runner/work/pixi_rosdistro/pixi_rosdistro/install/share/rmw_implementation/environment/path.dsv
[9.548s] -- Installing: /home/runner/work/pixi_rosdistro/pixi_rosdistro/install/share/rmw_implementation/local_setup.bash
[9.548s] -- Installing: /home/runner/work/pixi_rosdistro/pixi_rosdistro/install/share/rmw_implementation/local_setup.fish
[9.549s] -- Installing: /home/runner/work/pixi_rosdistro/pixi_rosdistro/install/share/rmw_implementation/local_setup.sh
[9.549s] -- Installing: /home/runner/work/pixi_rosdistro/pixi_rosdistro/install/share/rmw_implementation/local_setup.zsh
[9.549s] -- Installing: /home/runner/work/pixi_rosdistro/pixi_rosdistro/install/share/rmw_implementation/local_setup.dsv
[9.549s] -- Installing: /home/runner/work/pixi_rosdistro/pixi_rosdistro/install/share/rmw_implementation/package.dsv
[9.550s] -- Installing: /home/runner/work/pixi_rosdistro/pixi_rosdistro/install/share/ament_index/resource_index/packages/rmw_implementation
[9.550s] -- Installing: /home/runner/work/pixi_rosdistro/pixi_rosdistro/install/share/rmw_implementation/cmake/export_rmw_implementationExport.cmake
[9.550s] -- Installing: /home/runner/work/pixi_rosdistro/pixi_rosdistro/install/share/rmw_implementation/cmake/export_rmw_implementationExport-release.cmake
[9.550s] -- Installing: /home/runner/work/pixi_rosdistro/pixi_rosdistro/install/share/rmw_implementation/cmake/rmw_implementation-extras.cmake
[9.550s] -- Installing: /home/runner/work/pixi_rosdistro/pixi_rosdistro/install/share/rmw_implementation/cmake/ament_cmake_export_targets-extras.cmake
[9.553s] -- Installing: /home/runner/work/pixi_rosdistro/pixi_rosdistro/install/share/rmw_implementation/cmake/ament_cmake_export_dependencies-extras.cmake
[9.553s] -- Installing: /home/runner/work/pixi_rosdistro/pixi_rosdistro/install/share/rmw_implementation/cmake/rmw_implementationConfig.cmake
[9.553s] -- Installing: /home/runner/work/pixi_rosdistro/pixi_rosdistro/install/share/rmw_implementation/cmake/rmw_implementationConfig-version.cmake
[9.553s] -- Installing: /home/runner/work/pixi_rosdistro/pixi_rosdistro/install/share/rmw_implementation/package.xml
[9.554s] Invoked command in '/home/runner/work/pixi_rosdistro/pixi_rosdistro/build/rmw_implementation' returned '0': AMENT_PREFIX_PATH=/home/runner/work/pixi_rosdistro/pixi_rosdistro/install CMAKE_PREFIX_PATH=/home/runner/work/pixi_rosdistro/pixi_rosdistro/install:${CMAKE_PREFIX_PATH} LD_LIBRARY_PATH=/home/runner/work/pixi_rosdistro/pixi_rosdistro/install/lib PATH=/home/runner/work/pixi_rosdistro/pixi_rosdistro/install/bin:/opt/microsoft/powershell/7:${PATH} PIXI_PROMPT=(ros2_rolling) PKG_CONFIG_PATH=/home/runner/work/pixi_rosdistro/pixi_rosdistro/install/lib/pkgconfig PSModulePath=/home/runner/.local/share/powershell/Modules:${PSModulePath} PYTHONPATH=/home/runner/work/pixi_rosdistro/pixi_rosdistro/install/lib/python3.12/site-packages ROS_DOMAIN_ID=20 /home/runner/work/pixi_rosdistro/pixi_rosdistro/.pixi/envs/default/bin/cmake --install /home/runner/work/pixi_rosdistro/pixi_rosdistro/build/rmw_implementation
