[0.172s] Invoking command in 'D:\a\pixi_rosdistro\pixi_rosdistro\build\ament_cmake_export_link_flags': AMENT_PREFIX_PATH=D:\a\pixi_rosdistro\pixi_rosdistro\install CMAKE_PREFIX_PATH=D:\a\pixi_rosdistro\pixi_rosdistro\install;D:\a\pixi_rosdistro\pixi_rosdistro\.pixi\envs\default\Library PIXI_PROMPT=(ros2_rolling) PROMPT=$P$G PYTHONPATH=D:\a\pixi_rosdistro\pixi_rosdistro\install\Lib\site-packages D:\a\pixi_rosdistro\pixi_rosdistro\.pixi\envs\default\Library\bin\cmake.EXE D:\a\pixi_rosdistro\pixi_rosdistro\src\ament\ament_cmake\ament_cmake_export_link_flags -GNinja --no-warn-unused-cli -DCMAKE_BUILD_TYPE=Release -DCMAKE_BUILD_WITH_INSTALL_RPATH:bool=TRUE -DCMAKE_POLICY_VERSION_MINIMUM=3.5 -Wno-deprecated -DSTACK_DETAILS_AUTO_DETECT:bool=FALSE -DSTACK_DETAILS_BFD:bool=FALSE -DCMAKE_MSVC_DEBUG_INFORMATION_FORMAT=Embedded -DCMAKE_CXX_FLAGS=/MP /FS /EHsc -DCMAKE_C_FLAGS=/MP /FS -DCMAKE_INSTALL_PREFIX=D:\a\pixi_rosdistro\pixi_rosdistro\install
[0.234s] Not searching for unused variables given on the command line.
[0.234s] -- Found ament_cmake_core: 2.8.6 (D:/a/pixi_rosdistro/pixi_rosdistro/install/share/ament_cmake_core/cmake)
[0.719s] -- Found Python3: D:/a/pixi_rosdistro/pixi_rosdistro/.pixi/envs/default/python.exe (found version "3.12.13") found components: Interpreter
[1.187s] -- Configuring done (1.0s)
[1.234s] -- Generating done (0.0s)
[1.234s] -- Build files have been written to: D:/a/pixi_rosdistro/pixi_rosdistro/build/ament_cmake_export_link_flags
[1.250s] Invoked command in 'D:\a\pixi_rosdistro\pixi_rosdistro\build\ament_cmake_export_link_flags' returned '0': AMENT_PREFIX_PATH=D:\a\pixi_rosdistro\pixi_rosdistro\install CMAKE_PREFIX_PATH=D:\a\pixi_rosdistro\pixi_rosdistro\install;D:\a\pixi_rosdistro\pixi_rosdistro\.pixi\envs\default\Library PIXI_PROMPT=(ros2_rolling) PROMPT=$P$G PYTHONPATH=D:\a\pixi_rosdistro\pixi_rosdistro\install\Lib\site-packages ROS_DOMAIN_ID=160 D:\a\pixi_rosdistro\pixi_rosdistro\.pixi\envs\default\Library\bin\cmake.EXE D:\a\pixi_rosdistro\pixi_rosdistro\src\ament\ament_cmake\ament_cmake_export_link_flags -GNinja --no-warn-unused-cli -DCMAKE_BUILD_TYPE=Release -DCMAKE_BUILD_WITH_INSTALL_RPATH:bool=TRUE -DCMAKE_POLICY_VERSION_MINIMUM=3.5 -Wno-deprecated -DSTACK_DETAILS_AUTO_DETECT:bool=FALSE -DSTACK_DETAILS_BFD:bool=FALSE -DCMAKE_MSVC_DEBUG_INFORMATION_FORMAT=Embedded -DCMAKE_CXX_FLAGS=/MP /FS /EHsc -DCMAKE_C_FLAGS=/MP /FS -DCMAKE_INSTALL_PREFIX=D:\a\pixi_rosdistro\pixi_rosdistro\install
[1.250s] Invoking command in 'D:\a\pixi_rosdistro\pixi_rosdistro\build\ament_cmake_export_link_flags': AMENT_PREFIX_PATH=D:\a\pixi_rosdistro\pixi_rosdistro\install CMAKE_PREFIX_PATH=D:\a\pixi_rosdistro\pixi_rosdistro\install;D:\a\pixi_rosdistro\pixi_rosdistro\.pixi\envs\default\Library PIXI_PROMPT=(ros2_rolling) PROMPT=$P$G PYTHONPATH=D:\a\pixi_rosdistro\pixi_rosdistro\install\Lib\site-packages ROS_DOMAIN_ID=160 D:\a\pixi_rosdistro\pixi_rosdistro\.pixi\envs\default\Library\bin\cmake.EXE --build D:\a\pixi_rosdistro\pixi_rosdistro\build\ament_cmake_export_link_flags -- -j4 -l4
[1.297s] ninja: no work to do.
[1.297s] Invoked command in 'D:\a\pixi_rosdistro\pixi_rosdistro\build\ament_cmake_export_link_flags' returned '0': AMENT_PREFIX_PATH=D:\a\pixi_rosdistro\pixi_rosdistro\install CMAKE_PREFIX_PATH=D:\a\pixi_rosdistro\pixi_rosdistro\install;D:\a\pixi_rosdistro\pixi_rosdistro\.pixi\envs\default\Library PIXI_PROMPT=(ros2_rolling) PROMPT=$P$G PYTHONPATH=D:\a\pixi_rosdistro\pixi_rosdistro\install\Lib\site-packages ROS_DOMAIN_ID=160 D:\a\pixi_rosdistro\pixi_rosdistro\.pixi\envs\default\Library\bin\cmake.EXE --build D:\a\pixi_rosdistro\pixi_rosdistro\build\ament_cmake_export_link_flags -- -j4 -l4
[1.312s] Invoking command in 'D:\a\pixi_rosdistro\pixi_rosdistro\build\ament_cmake_export_link_flags': AMENT_PREFIX_PATH=D:\a\pixi_rosdistro\pixi_rosdistro\install CMAKE_PREFIX_PATH=D:\a\pixi_rosdistro\pixi_rosdistro\install;D:\a\pixi_rosdistro\pixi_rosdistro\.pixi\envs\default\Library PIXI_PROMPT=(ros2_rolling) PROMPT=$P$G PYTHONPATH=D:\a\pixi_rosdistro\pixi_rosdistro\install\Lib\site-packages ROS_DOMAIN_ID=160 D:\a\pixi_rosdistro\pixi_rosdistro\.pixi\envs\default\Library\bin\cmake.EXE --install D:\a\pixi_rosdistro\pixi_rosdistro\build\ament_cmake_export_link_flags
[1.344s] -- Install configuration: "Release"
[1.344s] -- Installing: D:/a/pixi_rosdistro/pixi_rosdistro/install/share/ament_index/resource_index/package_run_dependencies/ament_cmake_export_link_flags
[1.344s] -- Installing: D:/a/pixi_rosdistro/pixi_rosdistro/install/share/ament_index/resource_index/parent_prefix_path/ament_cmake_export_link_flags
[1.344s] -- Installing: D:/a/pixi_rosdistro/pixi_rosdistro/install/share/ament_cmake_export_link_flags/environment/ament_prefix_path.bat
[1.344s] -- Installing: D:/a/pixi_rosdistro/pixi_rosdistro/install/share/ament_cmake_export_link_flags/environment/ament_prefix_path.dsv
[1.344s] -- Installing: D:/a/pixi_rosdistro/pixi_rosdistro/install/share/ament_cmake_export_link_flags/environment/path.bat
[1.344s] -- Installing: D:/a/pixi_rosdistro/pixi_rosdistro/install/share/ament_cmake_export_link_flags/environment/path.dsv
[1.344s] -- Installing: D:/a/pixi_rosdistro/pixi_rosdistro/install/share/ament_cmake_export_link_flags/local_setup.bat
[1.344s] -- Installing: D:/a/pixi_rosdistro/pixi_rosdistro/install/share/ament_cmake_export_link_flags/local_setup.dsv
[1.344s] -- Installing: D:/a/pixi_rosdistro/pixi_rosdistro/install/share/ament_cmake_export_link_flags/package.dsv
[1.344s] -- Installing: D:/a/pixi_rosdistro/pixi_rosdistro/install/share/ament_index/resource_index/packages/ament_cmake_export_link_flags
[1.344s] -- Installing: D:/a/pixi_rosdistro/pixi_rosdistro/install/share/ament_cmake_export_link_flags/cmake/ament_cmake_export_link_flags-extras.cmake
[1.359s] -- Installing: D:/a/pixi_rosdistro/pixi_rosdistro/install/share/ament_cmake_export_link_flags/cmake/ament_cmake_export_link_flagsConfig.cmake
[1.359s] -- Installing: D:/a/pixi_rosdistro/pixi_rosdistro/install/share/ament_cmake_export_link_flags/cmake/ament_cmake_export_link_flagsConfig-version.cmake
[1.359s] -- Installing: D:/a/pixi_rosdistro/pixi_rosdistro/install/share/ament_cmake_export_link_flags/package.xml
[1.359s] -- Up-to-date: D:/a/pixi_rosdistro/pixi_rosdistro/install/share/ament_cmake_export_link_flags/cmake
[1.359s] -- Installing: D:/a/pixi_rosdistro/pixi_rosdistro/install/share/ament_cmake_export_link_flags/cmake/ament_cmake_export_link_flags-extras.cmake.in
[1.359s] -- Installing: D:/a/pixi_rosdistro/pixi_rosdistro/install/share/ament_cmake_export_link_flags/cmake/ament_cmake_export_link_flags_package_hook.cmake
[1.359s] -- Installing: D:/a/pixi_rosdistro/pixi_rosdistro/install/share/ament_cmake_export_link_flags/cmake/ament_export_link_flags.cmake
[1.375s] Invoked command in 'D:\a\pixi_rosdistro\pixi_rosdistro\build\ament_cmake_export_link_flags' returned '0': AMENT_PREFIX_PATH=D:\a\pixi_rosdistro\pixi_rosdistro\install CMAKE_PREFIX_PATH=D:\a\pixi_rosdistro\pixi_rosdistro\install;D:\a\pixi_rosdistro\pixi_rosdistro\.pixi\envs\default\Library PIXI_PROMPT=(ros2_rolling) PROMPT=$P$G PYTHONPATH=D:\a\pixi_rosdistro\pixi_rosdistro\install\Lib\site-packages ROS_DOMAIN_ID=160 D:\a\pixi_rosdistro\pixi_rosdistro\.pixi\envs\default\Library\bin\cmake.EXE --install D:\a\pixi_rosdistro\pixi_rosdistro\build\ament_cmake_export_link_flags
