[2.439s] Invoking command in '/home/runner/work/pixi_rosdistro/pixi_rosdistro/build/yaml_cpp_vendor': AMENT_PREFIX_PATH=/home/runner/work/pixi_rosdistro/pixi_rosdistro/install CMAKE_PREFIX_PATH=/home/runner/work/pixi_rosdistro/pixi_rosdistro/install:${CMAKE_PREFIX_PATH} LD_LIBRARY_PATH=/home/runner/work/pixi_rosdistro/pixi_rosdistro/install/lib PATH=/home/runner/work/pixi_rosdistro/pixi_rosdistro/install/bin:/opt/microsoft/powershell/7:${PATH} PIXI_PROMPT=(ros2_rolling) PKG_CONFIG_PATH=/home/runner/work/pixi_rosdistro/pixi_rosdistro/install/lib/pkgconfig PSModulePath=/home/runner/.local/share/powershell/Modules:${PSModulePath} PYTHONPATH=/home/runner/work/pixi_rosdistro/pixi_rosdistro/install/lib/python3.12/site-packages ROS_DOMAIN_ID=216 /home/runner/work/pixi_rosdistro/pixi_rosdistro/.pixi/envs/default/bin/cmake /home/runner/work/pixi_rosdistro/pixi_rosdistro/src/ros2/yaml_cpp_vendor -GNinja --no-warn-unused-cli -DCMAKE_BUILD_TYPE=Release -DCMAKE_BUILD_WITH_INSTALL_RPATH:bool=TRUE -DCMAKE_POLICY_VERSION_MINIMUM=3.5 -Wno-deprecated -DSTACK_DETAILS_AUTO_DETECT:bool=FALSE -DSTACK_DETAILS_BFD:bool=FALSE -DTRACETOOLS_DISABLED=ON -DCMAKE_INSTALL_PREFIX=/home/runner/work/pixi_rosdistro/pixi_rosdistro/install
[2.610s] Not searching for unused variables given on the command line.
[2.610s] -- The CXX compiler identification is GNU 14.3.0
[2.640s] -- Detecting CXX compiler ABI info
[3.164s] -- Detecting CXX compiler ABI info - done
[3.255s] -- Check for working CXX compiler: /home/runner/work/pixi_rosdistro/pixi_rosdistro/.pixi/envs/default/bin/x86_64-conda-linux-gnu-c++ - skipped
[3.257s] -- Detecting CXX compile features
[3.264s] -- Detecting CXX compile features - done
[3.298s] -- Found ament_cmake: 2.8.6 (/home/runner/work/pixi_rosdistro/pixi_rosdistro/install/share/ament_cmake/cmake)
[3.590s] -- Found ament_cmake_vendor_package: 2.8.6 (/home/runner/work/pixi_rosdistro/pixi_rosdistro/install/share/ament_cmake_vendor_package/cmake)
[3.759s] -- Configuring done (1.3s)
[3.776s] -- Generating done (0.0s)
[3.779s] -- Build files have been written to: /home/runner/work/pixi_rosdistro/pixi_rosdistro/build/yaml_cpp_vendor
[3.787s] Invoked command in '/home/runner/work/pixi_rosdistro/pixi_rosdistro/build/yaml_cpp_vendor' returned '0': AMENT_PREFIX_PATH=/home/runner/work/pixi_rosdistro/pixi_rosdistro/install CMAKE_PREFIX_PATH=/home/runner/work/pixi_rosdistro/pixi_rosdistro/install:${CMAKE_PREFIX_PATH} LD_LIBRARY_PATH=/home/runner/work/pixi_rosdistro/pixi_rosdistro/install/lib PATH=/home/runner/work/pixi_rosdistro/pixi_rosdistro/install/bin:/opt/microsoft/powershell/7:${PATH} PIXI_PROMPT=(ros2_rolling) PKG_CONFIG_PATH=/home/runner/work/pixi_rosdistro/pixi_rosdistro/install/lib/pkgconfig PSModulePath=/home/runner/.local/share/powershell/Modules:${PSModulePath} PYTHONPATH=/home/runner/work/pixi_rosdistro/pixi_rosdistro/install/lib/python3.12/site-packages ROS_DOMAIN_ID=216 /home/runner/work/pixi_rosdistro/pixi_rosdistro/.pixi/envs/default/bin/cmake /home/runner/work/pixi_rosdistro/pixi_rosdistro/src/ros2/yaml_cpp_vendor -GNinja --no-warn-unused-cli -DCMAKE_BUILD_TYPE=Release -DCMAKE_BUILD_WITH_INSTALL_RPATH:bool=TRUE -DCMAKE_POLICY_VERSION_MINIMUM=3.5 -Wno-deprecated -DSTACK_DETAILS_AUTO_DETECT:bool=FALSE -DSTACK_DETAILS_BFD:bool=FALSE -DTRACETOOLS_DISABLED=ON -DCMAKE_INSTALL_PREFIX=/home/runner/work/pixi_rosdistro/pixi_rosdistro/install
[3.788s] Invoking command in '/home/runner/work/pixi_rosdistro/pixi_rosdistro/build/yaml_cpp_vendor': AMENT_PREFIX_PATH=/home/runner/work/pixi_rosdistro/pixi_rosdistro/install CMAKE_PREFIX_PATH=/home/runner/work/pixi_rosdistro/pixi_rosdistro/install:${CMAKE_PREFIX_PATH} LD_LIBRARY_PATH=/home/runner/work/pixi_rosdistro/pixi_rosdistro/install/lib PATH=/home/runner/work/pixi_rosdistro/pixi_rosdistro/install/bin:/opt/microsoft/powershell/7:${PATH} PIXI_PROMPT=(ros2_rolling) PKG_CONFIG_PATH=/home/runner/work/pixi_rosdistro/pixi_rosdistro/install/lib/pkgconfig PSModulePath=/home/runner/.local/share/powershell/Modules:${PSModulePath} PYTHONPATH=/home/runner/work/pixi_rosdistro/pixi_rosdistro/install/lib/python3.12/site-packages ROS_DOMAIN_ID=216 /home/runner/work/pixi_rosdistro/pixi_rosdistro/.pixi/envs/default/bin/cmake --build /home/runner/work/pixi_rosdistro/pixi_rosdistro/build/yaml_cpp_vendor -- -j4 -l4
[3.828s] ninja: no work to do.
[3.834s] Invoked command in '/home/runner/work/pixi_rosdistro/pixi_rosdistro/build/yaml_cpp_vendor' returned '0': AMENT_PREFIX_PATH=/home/runner/work/pixi_rosdistro/pixi_rosdistro/install CMAKE_PREFIX_PATH=/home/runner/work/pixi_rosdistro/pixi_rosdistro/install:${CMAKE_PREFIX_PATH} LD_LIBRARY_PATH=/home/runner/work/pixi_rosdistro/pixi_rosdistro/install/lib PATH=/home/runner/work/pixi_rosdistro/pixi_rosdistro/install/bin:/opt/microsoft/powershell/7:${PATH} PIXI_PROMPT=(ros2_rolling) PKG_CONFIG_PATH=/home/runner/work/pixi_rosdistro/pixi_rosdistro/install/lib/pkgconfig PSModulePath=/home/runner/.local/share/powershell/Modules:${PSModulePath} PYTHONPATH=/home/runner/work/pixi_rosdistro/pixi_rosdistro/install/lib/python3.12/site-packages ROS_DOMAIN_ID=216 /home/runner/work/pixi_rosdistro/pixi_rosdistro/.pixi/envs/default/bin/cmake --build /home/runner/work/pixi_rosdistro/pixi_rosdistro/build/yaml_cpp_vendor -- -j4 -l4
[3.836s] Invoking command in '/home/runner/work/pixi_rosdistro/pixi_rosdistro/build/yaml_cpp_vendor': AMENT_PREFIX_PATH=/home/runner/work/pixi_rosdistro/pixi_rosdistro/install CMAKE_PREFIX_PATH=/home/runner/work/pixi_rosdistro/pixi_rosdistro/install:${CMAKE_PREFIX_PATH} LD_LIBRARY_PATH=/home/runner/work/pixi_rosdistro/pixi_rosdistro/install/lib PATH=/home/runner/work/pixi_rosdistro/pixi_rosdistro/install/bin:/opt/microsoft/powershell/7:${PATH} PIXI_PROMPT=(ros2_rolling) PKG_CONFIG_PATH=/home/runner/work/pixi_rosdistro/pixi_rosdistro/install/lib/pkgconfig PSModulePath=/home/runner/.local/share/powershell/Modules:${PSModulePath} PYTHONPATH=/home/runner/work/pixi_rosdistro/pixi_rosdistro/install/lib/python3.12/site-packages ROS_DOMAIN_ID=216 /home/runner/work/pixi_rosdistro/pixi_rosdistro/.pixi/envs/default/bin/cmake --install /home/runner/work/pixi_rosdistro/pixi_rosdistro/build/yaml_cpp_vendor
[3.844s] -- Install configuration: "Release"
[3.844s] -- Installing: /home/runner/work/pixi_rosdistro/pixi_rosdistro/install/share/yaml_cpp_vendor/cmake
[3.845s] -- Installing: /home/runner/work/pixi_rosdistro/pixi_rosdistro/install/share/yaml_cpp_vendor/cmake/Modules
[3.845s] -- Installing: /home/runner/work/pixi_rosdistro/pixi_rosdistro/install/share/yaml_cpp_vendor/cmake/Modules/Findyaml-cpp.cmake
[3.848s] -- Installing: /home/runner/work/pixi_rosdistro/pixi_rosdistro/install/share/ament_index/resource_index/package_run_dependencies/yaml_cpp_vendor
[3.848s] -- Installing: /home/runner/work/pixi_rosdistro/pixi_rosdistro/install/share/ament_index/resource_index/parent_prefix_path/yaml_cpp_vendor
[3.851s] -- Installing: /home/runner/work/pixi_rosdistro/pixi_rosdistro/install/share/yaml_cpp_vendor/environment/ament_prefix_path.sh
[3.851s] -- Installing: /home/runner/work/pixi_rosdistro/pixi_rosdistro/install/share/yaml_cpp_vendor/environment/ament_prefix_path.dsv
[3.851s] -- Installing: /home/runner/work/pixi_rosdistro/pixi_rosdistro/install/share/yaml_cpp_vendor/environment/path.sh
[3.852s] -- Installing: /home/runner/work/pixi_rosdistro/pixi_rosdistro/install/share/yaml_cpp_vendor/environment/path.dsv
[3.852s] -- Installing: /home/runner/work/pixi_rosdistro/pixi_rosdistro/install/share/yaml_cpp_vendor/local_setup.bash
[3.852s] -- Installing: /home/runner/work/pixi_rosdistro/pixi_rosdistro/install/share/yaml_cpp_vendor/local_setup.fish
[3.852s] -- Installing: /home/runner/work/pixi_rosdistro/pixi_rosdistro/install/share/yaml_cpp_vendor/local_setup.sh
[3.852s] -- Installing: /home/runner/work/pixi_rosdistro/pixi_rosdistro/install/share/yaml_cpp_vendor/local_setup.zsh
[3.852s] -- Installing: /home/runner/work/pixi_rosdistro/pixi_rosdistro/install/share/yaml_cpp_vendor/local_setup.dsv
[3.852s] -- Installing: /home/runner/work/pixi_rosdistro/pixi_rosdistro/install/share/yaml_cpp_vendor/package.dsv
[3.852s] -- Installing: /home/runner/work/pixi_rosdistro/pixi_rosdistro/install/share/ament_index/resource_index/packages/yaml_cpp_vendor
[3.852s] -- Installing: /home/runner/work/pixi_rosdistro/pixi_rosdistro/install/share/yaml_cpp_vendor/cmake/yaml_cpp_vendor-extras.cmake
[3.852s] -- Installing: /home/runner/work/pixi_rosdistro/pixi_rosdistro/install/share/yaml_cpp_vendor/cmake/yaml_cpp_vendorConfig.cmake
[3.853s] -- Installing: /home/runner/work/pixi_rosdistro/pixi_rosdistro/install/share/yaml_cpp_vendor/cmake/yaml_cpp_vendorConfig-version.cmake
[3.853s] -- Installing: /home/runner/work/pixi_rosdistro/pixi_rosdistro/install/share/yaml_cpp_vendor/package.xml
[3.855s] Invoked command in '/home/runner/work/pixi_rosdistro/pixi_rosdistro/build/yaml_cpp_vendor' returned '0': AMENT_PREFIX_PATH=/home/runner/work/pixi_rosdistro/pixi_rosdistro/install CMAKE_PREFIX_PATH=/home/runner/work/pixi_rosdistro/pixi_rosdistro/install:${CMAKE_PREFIX_PATH} LD_LIBRARY_PATH=/home/runner/work/pixi_rosdistro/pixi_rosdistro/install/lib PATH=/home/runner/work/pixi_rosdistro/pixi_rosdistro/install/bin:/opt/microsoft/powershell/7:${PATH} PIXI_PROMPT=(ros2_rolling) PKG_CONFIG_PATH=/home/runner/work/pixi_rosdistro/pixi_rosdistro/install/lib/pkgconfig PSModulePath=/home/runner/.local/share/powershell/Modules:${PSModulePath} PYTHONPATH=/home/runner/work/pixi_rosdistro/pixi_rosdistro/install/lib/python3.12/site-packages ROS_DOMAIN_ID=216 /home/runner/work/pixi_rosdistro/pixi_rosdistro/.pixi/envs/default/bin/cmake --install /home/runner/work/pixi_rosdistro/pixi_rosdistro/build/yaml_cpp_vendor
