[13.753s] Invoking command in 'D:\a\pixi_rosdistro\pixi_rosdistro\build\rmw_dds_common': AMENT_PREFIX_PATH=D:\a\pixi_rosdistro\pixi_rosdistro\install CMAKE_PREFIX_PATH=D:\a\pixi_rosdistro\pixi_rosdistro\install;D:\a\pixi_rosdistro\pixi_rosdistro\.pixi\envs\default\Library PATH=D:\a\pixi_rosdistro\pixi_rosdistro\install\Scripts;D:\a\pixi_rosdistro\pixi_rosdistro\install\bin;D:\a\pixi_rosdistro\pixi_rosdistro\install\opt\mimick_vendor\lib;%PATH% PIXI_PROMPT=(ros2_rolling) PKG_CONFIG_PATH=D:\a\pixi_rosdistro\pixi_rosdistro\install\lib\pkgconfig PROMPT=$P$G PYTHONPATH=D:\a\pixi_rosdistro\pixi_rosdistro\install\Lib\site-packages ROS_AUTOMATIC_DISCOVERY_RANGE=SUBNET ROS_DOMAIN_ID=153 ROS_PYTHON_VERSION=3 D:\a\pixi_rosdistro\pixi_rosdistro\.pixi\envs\default\Library\bin\cmake.EXE D:\a\pixi_rosdistro\pixi_rosdistro\src\ros2\rmw_dds_common\rmw_dds_common -GNinja --no-warn-unused-cli -DCMAKE_BUILD_TYPE=Release -DCMAKE_BUILD_WITH_INSTALL_RPATH:bool=TRUE -DCMAKE_POLICY_VERSION_MINIMUM=3.5 -Wno-deprecated -DSTACK_DETAILS_AUTO_DETECT:bool=FALSE -DSTACK_DETAILS_BFD:bool=FALSE -DCMAKE_INSTALL_PREFIX=D:\a\pixi_rosdistro\pixi_rosdistro\install
[14.035s] Not searching for unused variables given on the command line.
[14.035s] -- The C compiler identification is MSVC 19.44.35225.0
[14.293s] -- The CXX compiler identification is MSVC 19.44.35225.0
[14.318s] -- Detecting C compiler ABI info
[14.861s] -- Detecting C compiler ABI info - done
[14.887s] -- Check for working C compiler: C:/Program Files/Microsoft Visual Studio/2022/Enterprise/VC/Tools/MSVC/14.44.35207/bin/Hostx64/x64/cl.exe - skipped
[14.887s] -- Detecting C compile features
[14.888s] -- Detecting C compile features - done
[14.902s] -- Detecting CXX compiler ABI info
[15.458s] -- Detecting CXX compiler ABI info - done
[15.482s] -- Check for working CXX compiler: C:/Program Files/Microsoft Visual Studio/2022/Enterprise/VC/Tools/MSVC/14.44.35207/bin/Hostx64/x64/cl.exe - skipped
[15.483s] -- Detecting CXX compile features
[15.484s] -- Detecting CXX compile features - done
[15.497s] -- Found ament_cmake: 2.8.6 (D:/a/pixi_rosdistro/pixi_rosdistro/install/share/ament_cmake/cmake)
[16.212s] -- Found rcpputils: 2.14.3 (D:/a/pixi_rosdistro/pixi_rosdistro/install/share/rcpputils/cmake)
[16.237s] -- Found rmw: 7.9.1 (D:/a/pixi_rosdistro/pixi_rosdistro/install/share/rmw/cmake)
[16.284s] -- Found rmw_security_common: 7.9.1 (D:/a/pixi_rosdistro/pixi_rosdistro/install/share/rmw_security_common/cmake)
[16.298s] -- Found rosidl_default_generators: 1.8.1 (D:/a/pixi_rosdistro/pixi_rosdistro/install/share/rosidl_default_generators/cmake)
[16.314s] -- Using all available rosidl_typesupport_c: rosidl_typesupport_fastrtps_c;rosidl_typesupport_introspection_c
[16.382s] -- Using all available rosidl_typesupport_cpp: rosidl_typesupport_fastrtps_cpp;rosidl_typesupport_introspection_cpp
[16.479s] -- Found rosidl_adapter: 5.1.3 (D:/a/pixi_rosdistro/pixi_rosdistro/install/share/rosidl_adapter/cmake)
[16.833s] -- Found Python3: D:/a/pixi_rosdistro/pixi_rosdistro/.pixi/envs/default/python.exe (found version "3.14.3") found components: Interpreter
[17.918s] -- Found ament_cmake_ros_core: 0.15.6 (D:/a/pixi_rosdistro/pixi_rosdistro/install/share/ament_cmake_ros_core/cmake)
[18.978s] -- Using all available rosidl_typesupport_c: rosidl_typesupport_fastrtps_c;rosidl_typesupport_introspection_c
[20.637s] -- Using all available rosidl_typesupport_cpp: rosidl_typesupport_fastrtps_cpp;rosidl_typesupport_introspection_cpp
[21.955s] -- Found Python3: D:/a/pixi_rosdistro/pixi_rosdistro/.pixi/envs/default/python.exe (found version "3.14.3") found components: Interpreter Development NumPy Development.Module Development.Embed
[22.105s] -- Found Python3: D:/a/pixi_rosdistro/pixi_rosdistro/.pixi/envs/default/python.exe (found version "3.14.3") found components: Interpreter
[22.112s] -- Found ament_lint_auto: 0.20.3 (D:/a/pixi_rosdistro/pixi_rosdistro/install/share/ament_lint_auto/cmake)
[22.120s] -- Found ament_cmake_gmock: 2.8.6 (D:/a/pixi_rosdistro/pixi_rosdistro/install/share/ament_cmake_gmock/cmake)
[23.029s] -- Found gmock sources under 'D:/a/pixi_rosdistro/pixi_rosdistro/install/src/gmock_vendor': C++ tests using 'Google Mock' will be built
[23.042s] -- Found ament_cmake_gtest: 2.8.6 (D:/a/pixi_rosdistro/pixi_rosdistro/install/share/ament_cmake_gtest/cmake)
[23.050s] -- Found gtest sources under 'D:/a/pixi_rosdistro/pixi_rosdistro/install/src/gtest_vendor': C++ tests using 'Google Test' will be built
[23.064s] -- Performance tests are disabled by default, so Google Benchmark tests will be skipped. To enable these tests, set the CMake variable 'AMENT_RUN_PERFORMANCE_TESTS'.
[23.088s] -- Added test 'copyright' to check source files copyright and LICENSE
[23.098s] -- Added test 'cppcheck' to perform static code analysis on C / C++ code
[23.100s] -- Configured cppcheck include dirs: D:/a/pixi_rosdistro/pixi_rosdistro/install/include;$<BUILD_INTERFACE:D:/a/pixi_rosdistro/pixi_rosdistro/src/ros2/rmw_dds_common/rmw_dds_common/include>
[23.100s] -- Configured cppcheck exclude dirs and/or files: 
[23.109s] -- Added test 'cpplint' to check C / C++ code against the Google style
[23.109s] -- Configured cpplint exclude dirs and/or files: 
[23.115s] -- Added test 'lint_cmake' to check CMake code style
[23.125s] -- Added test 'uncrustify' to check C / C++ code style
[23.125s] -- Configured uncrustify additional arguments: 
[23.130s] -- Added test 'xmllint' to check XML markup files
[23.149s] -- Configuring done (9.4s)
[23.336s] -- Generating done (0.2s)
[23.425s] -- Build files have been written to: D:/a/pixi_rosdistro/pixi_rosdistro/build/rmw_dds_common
[23.446s] Invoked command in 'D:\a\pixi_rosdistro\pixi_rosdistro\build\rmw_dds_common' returned '0': AMENT_PREFIX_PATH=D:\a\pixi_rosdistro\pixi_rosdistro\install CMAKE_PREFIX_PATH=D:\a\pixi_rosdistro\pixi_rosdistro\install;D:\a\pixi_rosdistro\pixi_rosdistro\.pixi\envs\default\Library PATH=D:\a\pixi_rosdistro\pixi_rosdistro\install\Scripts;D:\a\pixi_rosdistro\pixi_rosdistro\install\bin;D:\a\pixi_rosdistro\pixi_rosdistro\install\opt\mimick_vendor\lib;%PATH% PIXI_PROMPT=(ros2_rolling) PKG_CONFIG_PATH=D:\a\pixi_rosdistro\pixi_rosdistro\install\lib\pkgconfig PROMPT=$P$G PYTHONPATH=D:\a\pixi_rosdistro\pixi_rosdistro\install\Lib\site-packages ROS_AUTOMATIC_DISCOVERY_RANGE=SUBNET ROS_DOMAIN_ID=153 ROS_PYTHON_VERSION=3 D:\a\pixi_rosdistro\pixi_rosdistro\.pixi\envs\default\Library\bin\cmake.EXE D:\a\pixi_rosdistro\pixi_rosdistro\src\ros2\rmw_dds_common\rmw_dds_common -GNinja --no-warn-unused-cli -DCMAKE_BUILD_TYPE=Release -DCMAKE_BUILD_WITH_INSTALL_RPATH:bool=TRUE -DCMAKE_POLICY_VERSION_MINIMUM=3.5 -Wno-deprecated -DSTACK_DETAILS_AUTO_DETECT:bool=FALSE -DSTACK_DETAILS_BFD:bool=FALSE -DCMAKE_INSTALL_PREFIX=D:\a\pixi_rosdistro\pixi_rosdistro\install
[23.449s] Invoking command in 'D:\a\pixi_rosdistro\pixi_rosdistro\build\rmw_dds_common': AMENT_PREFIX_PATH=D:\a\pixi_rosdistro\pixi_rosdistro\install CMAKE_PREFIX_PATH=D:\a\pixi_rosdistro\pixi_rosdistro\install;D:\a\pixi_rosdistro\pixi_rosdistro\.pixi\envs\default\Library PATH=D:\a\pixi_rosdistro\pixi_rosdistro\install\Scripts;D:\a\pixi_rosdistro\pixi_rosdistro\install\bin;D:\a\pixi_rosdistro\pixi_rosdistro\install\opt\mimick_vendor\lib;%PATH% PIXI_PROMPT=(ros2_rolling) PKG_CONFIG_PATH=D:\a\pixi_rosdistro\pixi_rosdistro\install\lib\pkgconfig PROMPT=$P$G PYTHONPATH=D:\a\pixi_rosdistro\pixi_rosdistro\install\Lib\site-packages ROS_AUTOMATIC_DISCOVERY_RANGE=SUBNET ROS_DOMAIN_ID=153 ROS_PYTHON_VERSION=3 D:\a\pixi_rosdistro\pixi_rosdistro\.pixi\envs\default\Library\bin\cmake.EXE --build D:\a\pixi_rosdistro\pixi_rosdistro\build\rmw_dds_common -- -j4 -l4
[23.959s] [1/78] Generating type hashes for ROS interfaces
[24.632s] [2/78] Generating C code for ROS interfaces
[24.784s] [3/78] Building C object CMakeFiles\rmw_dds_common__rosidl_generator_c.dir\rosidl_generator_c\rmw_dds_common\msg\detail\gid__description.c.obj
[24.932s] [4/78] Building C object CMakeFiles\rmw_dds_common__rosidl_generator_c.dir\rosidl_generator_c\rmw_dds_common\msg\detail\gid__functions.c.obj
[25.082s] [5/78] Building C object CMakeFiles\rmw_dds_common__rosidl_generator_c.dir\rosidl_generator_c\rmw_dds_common\msg\detail\gid__type_support.c.obj
[25.240s] [6/78] Building C object CMakeFiles\rmw_dds_common__rosidl_generator_c.dir\rosidl_generator_c\rmw_dds_common\msg\detail\node_entities_info__description.c.obj
[25.393s] [7/78] Building C object CMakeFiles\rmw_dds_common__rosidl_generator_c.dir\rosidl_generator_c\rmw_dds_common\msg\detail\node_entities_info__functions.c.obj
[25.546s] [8/78] Building C object CMakeFiles\rmw_dds_common__rosidl_generator_c.dir\rosidl_generator_c\rmw_dds_common\msg\detail\node_entities_info__type_support.c.obj
[25.711s] [9/78] Building C object CMakeFiles\rmw_dds_common__rosidl_generator_c.dir\rosidl_generator_c\rmw_dds_common\msg\detail\participant_entities_info__description.c.obj
[25.863s] [10/78] Building C object CMakeFiles\rmw_dds_common__rosidl_generator_c.dir\rosidl_generator_c\rmw_dds_common\msg\detail\participant_entities_info__functions.c.obj
[26.008s] [11/78] Building C object CMakeFiles\rmw_dds_common__rosidl_generator_c.dir\rosidl_generator_c\rmw_dds_common\msg\detail\participant_entities_info__type_support.c.obj
[26.634s] [12/78] Generating C type support for eProsima Fast-RTPS
[27.200s] [13/78] Generating C introspection for ROS interfaces
[27.680s] [14/78] Generating C type support dispatch for ROS interfaces
[28.309s] [15/78] Generating C++ code for ROS interfaces
[28.897s] [16/78] Generating C++ type support for eProsima Fast-RTPS
[29.500s] [17/78] Generating C++ introspection for ROS interfaces
[30.072s] [18/78] Generating C++ type support dispatch for ROS interfaces
[30.283s] [19/78] Linking C shared library rmw_dds_common__rosidl_generator_c.dll
[30.716s] [20/78] Building CXX object CMakeFiles\rmw_dds_common__rosidl_typesupport_fastrtps_c.dir\rosidl_typesupport_fastrtps_c\rmw_dds_common\msg\detail\gid__type_support_c.cpp.obj
[31.137s] [21/78] Building CXX object CMakeFiles\rmw_dds_common__rosidl_typesupport_fastrtps_c.dir\rosidl_typesupport_fastrtps_c\rmw_dds_common\msg\detail\node_entities_info__type_support_c.cpp.obj
[31.570s] [22/78] Building CXX object CMakeFiles\rmw_dds_common__rosidl_typesupport_fastrtps_c.dir\rosidl_typesupport_fastrtps_c\rmw_dds_common\msg\detail\participant_entities_info__type_support_c.cpp.obj
[31.807s] [23/78] Building C object CMakeFiles\rmw_dds_common__rosidl_typesupport_introspection_c.dir\rosidl_typesupport_introspection_c\rmw_dds_common\msg\detail\gid__type_support.c.obj
[32.014s] [24/78] Building C object CMakeFiles\rmw_dds_common__rosidl_typesupport_introspection_c.dir\rosidl_typesupport_introspection_c\rmw_dds_common\msg\detail\node_entities_info__type_support.c.obj
[32.192s] [25/78] Building C object CMakeFiles\rmw_dds_common__rosidl_typesupport_introspection_c.dir\rosidl_typesupport_introspection_c\rmw_dds_common\msg\detail\participant_entities_info__type_support.c.obj
[32.402s] [26/78] Building CXX object CMakeFiles\rmw_dds_common__rosidl_typesupport_c.dir\rosidl_typesupport_c\rmw_dds_common\msg\gid__type_support.cpp.obj
[32.633s] [27/78] Building CXX object CMakeFiles\rmw_dds_common__rosidl_typesupport_c.dir\rosidl_typesupport_c\rmw_dds_common\msg\node_entities_info__type_support.cpp.obj
[32.849s] [28/78] Building CXX object CMakeFiles\rmw_dds_common__rosidl_typesupport_c.dir\rosidl_typesupport_c\rmw_dds_common\msg\participant_entities_info__type_support.cpp.obj
[33.349s] [29/78] Building CXX object CMakeFiles\rmw_dds_common__rosidl_typesupport_fastrtps_cpp.dir\rosidl_typesupport_fastrtps_cpp\rmw_dds_common\msg\detail\dds_fastrtps\gid__type_support.cpp.obj
[33.824s] [30/78] Building CXX object CMakeFiles\rmw_dds_common__rosidl_typesupport_fastrtps_cpp.dir\rosidl_typesupport_fastrtps_cpp\rmw_dds_common\msg\detail\dds_fastrtps\node_entities_info__type_support.cpp.obj
[34.284s] [31/78] Building CXX object CMakeFiles\rmw_dds_common__rosidl_typesupport_fastrtps_cpp.dir\rosidl_typesupport_fastrtps_cpp\rmw_dds_common\msg\detail\dds_fastrtps\participant_entities_info__type_support.cpp.obj
[34.735s] [32/78] Building CXX object CMakeFiles\rmw_dds_common__rosidl_typesupport_introspection_cpp.dir\rosidl_typesupport_introspection_cpp\rmw_dds_common\msg\detail\gid__type_support.cpp.obj
[35.177s] [33/78] Building CXX object CMakeFiles\rmw_dds_common__rosidl_typesupport_introspection_cpp.dir\rosidl_typesupport_introspection_cpp\rmw_dds_common\msg\detail\node_entities_info__type_support.cpp.obj
[35.520s] [34/78] Building CXX object CMakeFiles\rmw_dds_common__rosidl_typesupport_introspection_cpp.dir\rosidl_typesupport_introspection_cpp\rmw_dds_common\msg\detail\participant_entities_info__type_support.cpp.obj
[35.984s] [35/78] Building CXX object CMakeFiles\rmw_dds_common__rosidl_typesupport_cpp.dir\rosidl_typesupport_cpp\rmw_dds_common\msg\gid__type_support.cpp.obj
[36.432s] [36/78] Building CXX object CMakeFiles\rmw_dds_common__rosidl_typesupport_cpp.dir\rosidl_typesupport_cpp\rmw_dds_common\msg\node_entities_info__type_support.cpp.obj
[36.779s] [37/78] Building CXX object CMakeFiles\rmw_dds_common__rosidl_typesupport_cpp.dir\rosidl_typesupport_cpp\rmw_dds_common\msg\participant_entities_info__type_support.cpp.obj
[36.924s] [38/78] Linking CXX shared library rmw_dds_common__rosidl_typesupport_fastrtps_c.dll
[37.064s] [39/78] Linking C shared library rmw_dds_common__rosidl_typesupport_introspection_c.dll
[37.204s] [40/78] Linking CXX shared library rmw_dds_common__rosidl_typesupport_c.dll
[37.350s] [41/78] Linking CXX shared library rmw_dds_common__rosidl_typesupport_fastrtps_cpp.dll
[37.496s] [42/78] Linking CXX shared library rmw_dds_common__rosidl_typesupport_introspection_cpp.dll
[37.636s] [43/78] Linking CXX shared library rmw_dds_common__rosidl_typesupport_cpp.dll
[38.474s] [44/78] Generating Python code for ROS interfaces
[38.950s] [45/78] Generating Rust code for ROS interfaces
[39.424s] [46/78] Building CXX object CMakeFiles\rmw_dds_common_library.dir\src\context.cpp.obj
[39.890s] [47/78] Building CXX object CMakeFiles\rmw_dds_common_library.dir\src\gid_utils.cpp.obj
[40.403s] [48/78] Building CXX object CMakeFiles\rmw_dds_common_library.dir\src\graph_cache.cpp.obj
[40.756s] [49/78] Building CXX object CMakeFiles\rmw_dds_common_library.dir\src\qos.cpp.obj
[40.931s] [50/78] Building CXX object CMakeFiles\rmw_dds_common_library.dir\src\time_utils.cpp.obj
[41.180s] [51/78] Building C object CMakeFiles\rmw_dds_common__rosidl_generator_py.dir\rosidl_generator_py\rmw_dds_common\msg\_gid_s.c.obj
[41.455s] [52/78] Building C object CMakeFiles\rmw_dds_common__rosidl_generator_py.dir\rosidl_generator_py\rmw_dds_common\msg\_node_entities_info_s.c.obj
[41.708s] [53/78] Building C object CMakeFiles\rmw_dds_common__rosidl_generator_py.dir\rosidl_generator_py\rmw_dds_common\msg\_participant_entities_info_s.c.obj
[42.669s] [54/78] Building CXX object gmock\CMakeFiles\gmock.dir\D_\a\pixi_rosdistro\pixi_rosdistro\install\src\gtest_vendor\src\gtest-all.cc.obj
[43.209s] [55/78] Building CXX object gmock\CMakeFiles\gmock.dir\src\gmock-all.cc.obj
[43.706s] [56/78] Building CXX object gmock\CMakeFiles\gmock_main.dir\src\gmock_main.cc.obj
[43.845s] [57/78] Linking C shared library rmw_dds_common__rosidl_generator_py.dll
[44.103s] [58/78] Building C object CMakeFiles\rmw_dds_common_s__rosidl_typesupport_fastrtps_c.dir\rosidl_generator_py\rmw_dds_common\_rmw_dds_common_s.ep.rosidl_typesupport_fastrtps_c.c.obj
[44.355s] [59/78] Building C object CMakeFiles\rmw_dds_common_s__rosidl_typesupport_introspection_c.dir\rosidl_generator_py\rmw_dds_common\_rmw_dds_common_s.ep.rosidl_typesupport_introspection_c.c.obj
[44.583s] [60/78] Building C object CMakeFiles\rmw_dds_common_s__rosidl_typesupport_c.dir\rosidl_generator_py\rmw_dds_common\_rmw_dds_common_s.ep.rosidl_typesupport_c.c.obj
[44.752s] [61/78] Linking CXX shared library rmw_dds_common.dll
[45.369s] [62/78] Building CXX object CMakeFiles\test_graph_cache.dir\test\test_graph_cache.cpp.obj
[45.931s] [63/78] Building CXX object CMakeFiles\test_gid_utils.dir\test\test_gid_utils.cpp.obj
[46.475s] [64/78] Building CXX object CMakeFiles\test_qos.dir\test\test_qos.cpp.obj
[46.947s] [65/78] Building CXX object CMakeFiles\test_time_utils.dir\test\test_time_utils.cpp.obj
[47.487s] [66/78] Building CXX object CMakeFiles\benchmark_graph_cache.dir\test\benchmark\benchmark_graph_cache.cpp.obj
[47.537s] [67/78] C:\Windows\system32\cmd.exe /C "cd /D D:\a\pixi_rosdistro\pixi_rosdistro\build\rmw_dds_common && D:\a\pixi_rosdistro\pixi_rosdistro\.pixi\envs\default\Library\bin\cmake.exe -E copy_directory D:/a/pixi_rosdistro/pixi_rosdistro/build/rmw_dds_common/rosidl_generator_py/rmw_dds_common D:/a/pixi_rosdistro/pixi_rosdistro/build/rmw_dds_common/ament_cmake_python/rmw_dds_common/rmw_dds_common"
[47.604s] [68/78] Linking CXX static library gmock\gmock.lib
[47.654s] [69/78] Linking CXX static library gmock\gmock_main.lib
[47.797s] [70/78] Linking C shared module rosidl_generator_py\rmw_dds_common\rmw_dds_common_s__rosidl_typesupport_fastrtps_c.pyd
[47.931s] [71/78] Linking C shared module rosidl_generator_py\rmw_dds_common\rmw_dds_common_s__rosidl_typesupport_introspection_c.pyd
[48.066s] [72/78] Linking C shared module rosidl_generator_py\rmw_dds_common\rmw_dds_common_s__rosidl_typesupport_c.pyd
[48.295s] [73/78] Linking CXX executable test_graph_cache.exe
[48.493s] [74/78] Linking CXX executable test_gid_utils.exe
[48.694s] [75/78] Linking CXX executable test_qos.exe
[48.899s] [76/78] Linking CXX executable test_time_utils.exe
[49.050s] [77/78] Linking CXX executable benchmark_graph_cache.exe
[49.658s] [78/78] C:\Windows\system32\cmd.exe /C "cd /D D:\a\pixi_rosdistro\pixi_rosdistro\build\rmw_dds_common\ament_cmake_python\rmw_dds_common && D:\a\pixi_rosdistro\pixi_rosdistro\.pixi\envs\default\python.exe setup.py egg_info"
[49.658s] running egg_info
[49.659s] creating rmw_dds_common.egg-info
[49.659s] writing rmw_dds_common.egg-info\PKG-INFO
[49.659s] writing dependency_links to rmw_dds_common.egg-info\dependency_links.txt
[49.659s] writing top-level names to rmw_dds_common.egg-info\top_level.txt
[49.659s] writing manifest file 'rmw_dds_common.egg-info\SOURCES.txt'
[49.659s] reading manifest file 'rmw_dds_common.egg-info\SOURCES.txt'
[49.659s] writing manifest file 'rmw_dds_common.egg-info\SOURCES.txt'
[49.666s] Invoked command in 'D:\a\pixi_rosdistro\pixi_rosdistro\build\rmw_dds_common' returned '0': AMENT_PREFIX_PATH=D:\a\pixi_rosdistro\pixi_rosdistro\install CMAKE_PREFIX_PATH=D:\a\pixi_rosdistro\pixi_rosdistro\install;D:\a\pixi_rosdistro\pixi_rosdistro\.pixi\envs\default\Library PATH=D:\a\pixi_rosdistro\pixi_rosdistro\install\Scripts;D:\a\pixi_rosdistro\pixi_rosdistro\install\bin;D:\a\pixi_rosdistro\pixi_rosdistro\install\opt\mimick_vendor\lib;%PATH% PIXI_PROMPT=(ros2_rolling) PKG_CONFIG_PATH=D:\a\pixi_rosdistro\pixi_rosdistro\install\lib\pkgconfig PROMPT=$P$G PYTHONPATH=D:\a\pixi_rosdistro\pixi_rosdistro\install\Lib\site-packages ROS_AUTOMATIC_DISCOVERY_RANGE=SUBNET ROS_DOMAIN_ID=153 ROS_PYTHON_VERSION=3 D:\a\pixi_rosdistro\pixi_rosdistro\.pixi\envs\default\Library\bin\cmake.EXE --build D:\a\pixi_rosdistro\pixi_rosdistro\build\rmw_dds_common -- -j4 -l4
[49.668s] Invoking command in 'D:\a\pixi_rosdistro\pixi_rosdistro\build\rmw_dds_common': AMENT_PREFIX_PATH=D:\a\pixi_rosdistro\pixi_rosdistro\install CMAKE_PREFIX_PATH=D:\a\pixi_rosdistro\pixi_rosdistro\install;D:\a\pixi_rosdistro\pixi_rosdistro\.pixi\envs\default\Library PATH=D:\a\pixi_rosdistro\pixi_rosdistro\install\Scripts;D:\a\pixi_rosdistro\pixi_rosdistro\install\bin;D:\a\pixi_rosdistro\pixi_rosdistro\install\opt\mimick_vendor\lib;%PATH% PIXI_PROMPT=(ros2_rolling) PKG_CONFIG_PATH=D:\a\pixi_rosdistro\pixi_rosdistro\install\lib\pkgconfig PROMPT=$P$G PYTHONPATH=D:\a\pixi_rosdistro\pixi_rosdistro\install\Lib\site-packages ROS_AUTOMATIC_DISCOVERY_RANGE=SUBNET ROS_DOMAIN_ID=153 ROS_PYTHON_VERSION=3 D:\a\pixi_rosdistro\pixi_rosdistro\.pixi\envs\default\Library\bin\cmake.EXE --install D:\a\pixi_rosdistro\pixi_rosdistro\build\rmw_dds_common
[49.697s] -- Install configuration: "Release"
[49.697s] -- Installing: D:/a/pixi_rosdistro/pixi_rosdistro/install/share/ament_index/resource_index/rosidl_interfaces/rmw_dds_common
[49.699s] -- Installing: D:/a/pixi_rosdistro/pixi_rosdistro/install/share/rmw_dds_common/msg/Gid.json
[49.700s] -- Installing: D:/a/pixi_rosdistro/pixi_rosdistro/install/share/rmw_dds_common/msg/NodeEntitiesInfo.json
[49.701s] -- Installing: D:/a/pixi_rosdistro/pixi_rosdistro/install/share/rmw_dds_common/msg/ParticipantEntitiesInfo.json
[49.702s] -- Installing: D:/a/pixi_rosdistro/pixi_rosdistro/install/include/rmw_dds_common/rmw_dds_common
[49.702s] -- Installing: D:/a/pixi_rosdistro/pixi_rosdistro/install/include/rmw_dds_common/rmw_dds_common/msg
[49.703s] -- Installing: D:/a/pixi_rosdistro/pixi_rosdistro/install/include/rmw_dds_common/rmw_dds_common/msg/detail
[49.704s] -- Installing: D:/a/pixi_rosdistro/pixi_rosdistro/install/include/rmw_dds_common/rmw_dds_common/msg/detail/gid__description.c
[49.705s] -- Installing: D:/a/pixi_rosdistro/pixi_rosdistro/install/include/rmw_dds_common/rmw_dds_common/msg/detail/gid__functions.c
[49.706s] -- Installing: D:/a/pixi_rosdistro/pixi_rosdistro/install/include/rmw_dds_common/rmw_dds_common/msg/detail/gid__functions.h
[49.707s] -- Installing: D:/a/pixi_rosdistro/pixi_rosdistro/install/include/rmw_dds_common/rmw_dds_common/msg/detail/gid__struct.h
[49.707s] -- Installing: D:/a/pixi_rosdistro/pixi_rosdistro/install/include/rmw_dds_common/rmw_dds_common/msg/detail/gid__type_support.c
[49.708s] -- Installing: D:/a/pixi_rosdistro/pixi_rosdistro/install/include/rmw_dds_common/rmw_dds_common/msg/detail/gid__type_support.h
[49.709s] -- Installing: D:/a/pixi_rosdistro/pixi_rosdistro/install/include/rmw_dds_common/rmw_dds_common/msg/detail/node_entities_info__description.c
[49.710s] -- Installing: D:/a/pixi_rosdistro/pixi_rosdistro/install/include/rmw_dds_common/rmw_dds_common/msg/detail/node_entities_info__functions.c
[49.711s] -- Installing: D:/a/pixi_rosdistro/pixi_rosdistro/install/include/rmw_dds_common/rmw_dds_common/msg/detail/node_entities_info__functions.h
[49.712s] -- Installing: D:/a/pixi_rosdistro/pixi_rosdistro/install/include/rmw_dds_common/rmw_dds_common/msg/detail/node_entities_info__struct.h
[49.713s] -- Installing: D:/a/pixi_rosdistro/pixi_rosdistro/install/include/rmw_dds_common/rmw_dds_common/msg/detail/node_entities_info__type_support.c
[49.713s] -- Installing: D:/a/pixi_rosdistro/pixi_rosdistro/install/include/rmw_dds_common/rmw_dds_common/msg/detail/node_entities_info__type_support.h
[49.714s] -- Installing: D:/a/pixi_rosdistro/pixi_rosdistro/install/include/rmw_dds_common/rmw_dds_common/msg/detail/participant_entities_info__description.c
[49.715s] -- Installing: D:/a/pixi_rosdistro/pixi_rosdistro/install/include/rmw_dds_common/rmw_dds_common/msg/detail/participant_entities_info__functions.c
[49.716s] -- Installing: D:/a/pixi_rosdistro/pixi_rosdistro/install/include/rmw_dds_common/rmw_dds_common/msg/detail/participant_entities_info__functions.h
[49.717s] -- Installing: D:/a/pixi_rosdistro/pixi_rosdistro/install/include/rmw_dds_common/rmw_dds_common/msg/detail/participant_entities_info__struct.h
[49.718s] -- Installing: D:/a/pixi_rosdistro/pixi_rosdistro/install/include/rmw_dds_common/rmw_dds_common/msg/detail/participant_entities_info__type_support.c
[49.719s] -- Installing: D:/a/pixi_rosdistro/pixi_rosdistro/install/include/rmw_dds_common/rmw_dds_common/msg/detail/participant_entities_info__type_support.h
[49.719s] -- Installing: D:/a/pixi_rosdistro/pixi_rosdistro/install/include/rmw_dds_common/rmw_dds_common/msg/gid.h
[49.720s] -- Installing: D:/a/pixi_rosdistro/pixi_rosdistro/install/include/rmw_dds_common/rmw_dds_common/msg/node_entities_info.h
[49.721s] -- Installing: D:/a/pixi_rosdistro/pixi_rosdistro/install/include/rmw_dds_common/rmw_dds_common/msg/participant_entities_info.h
[49.721s] -- Installing: D:/a/pixi_rosdistro/pixi_rosdistro/install/include/rmw_dds_common/rmw_dds_common/msg/rosidl_generator_c__visibility_control.h
[49.722s] -- Installing: D:/a/pixi_rosdistro/pixi_rosdistro/install/lib/rmw_dds_common__rosidl_generator_c.lib
[49.723s] -- Installing: D:/a/pixi_rosdistro/pixi_rosdistro/install/bin/rmw_dds_common__rosidl_generator_c.dll
[49.725s] -- Up-to-date: D:/a/pixi_rosdistro/pixi_rosdistro/install/include/rmw_dds_common/rmw_dds_common
[49.725s] -- Up-to-date: D:/a/pixi_rosdistro/pixi_rosdistro/install/include/rmw_dds_common/rmw_dds_common/msg
[49.726s] -- Up-to-date: D:/a/pixi_rosdistro/pixi_rosdistro/install/include/rmw_dds_common/rmw_dds_common/msg/detail
[49.726s] -- Installing: D:/a/pixi_rosdistro/pixi_rosdistro/install/include/rmw_dds_common/rmw_dds_common/msg/detail/gid__rosidl_typesupport_fastrtps_c.h
[49.727s] -- Installing: D:/a/pixi_rosdistro/pixi_rosdistro/install/include/rmw_dds_common/rmw_dds_common/msg/detail/node_entities_info__rosidl_typesupport_fastrtps_c.h
[49.729s] -- Installing: D:/a/pixi_rosdistro/pixi_rosdistro/install/include/rmw_dds_common/rmw_dds_common/msg/detail/participant_entities_info__rosidl_typesupport_fastrtps_c.h
[49.730s] -- Installing: D:/a/pixi_rosdistro/pixi_rosdistro/install/include/rmw_dds_common/rmw_dds_common/msg/rosidl_typesupport_fastrtps_c__visibility_control.h
[49.731s] -- Installing: D:/a/pixi_rosdistro/pixi_rosdistro/install/lib/rmw_dds_common__rosidl_typesupport_fastrtps_c.lib
[49.732s] -- Installing: D:/a/pixi_rosdistro/pixi_rosdistro/install/bin/rmw_dds_common__rosidl_typesupport_fastrtps_c.dll
[49.733s] -- Up-to-date: D:/a/pixi_rosdistro/pixi_rosdistro/install/include/rmw_dds_common/rmw_dds_common
[49.734s] -- Up-to-date: D:/a/pixi_rosdistro/pixi_rosdistro/install/include/rmw_dds_common/rmw_dds_common/msg
[49.734s] -- Up-to-date: D:/a/pixi_rosdistro/pixi_rosdistro/install/include/rmw_dds_common/rmw_dds_common/msg/detail
[49.734s] -- Installing: D:/a/pixi_rosdistro/pixi_rosdistro/install/include/rmw_dds_common/rmw_dds_common/msg/detail/gid__rosidl_typesupport_introspection_c.h
[49.735s] -- Installing: D:/a/pixi_rosdistro/pixi_rosdistro/install/include/rmw_dds_common/rmw_dds_common/msg/detail/gid__type_support.c
[49.736s] -- Installing: D:/a/pixi_rosdistro/pixi_rosdistro/install/include/rmw_dds_common/rmw_dds_common/msg/detail/node_entities_info__rosidl_typesupport_introspection_c.h
[49.737s] -- Installing: D:/a/pixi_rosdistro/pixi_rosdistro/install/include/rmw_dds_common/rmw_dds_common/msg/detail/node_entities_info__type_support.c
[49.738s] -- Installing: D:/a/pixi_rosdistro/pixi_rosdistro/install/include/rmw_dds_common/rmw_dds_common/msg/detail/participant_entities_info__rosidl_typesupport_introspection_c.h
[49.738s] -- Installing: D:/a/pixi_rosdistro/pixi_rosdistro/install/include/rmw_dds_common/rmw_dds_common/msg/detail/participant_entities_info__type_support.c
[49.740s] -- Installing: D:/a/pixi_rosdistro/pixi_rosdistro/install/include/rmw_dds_common/rmw_dds_common/msg/rosidl_typesupport_introspection_c__visibility_control.h
[49.740s] -- Installing: D:/a/pixi_rosdistro/pixi_rosdistro/install/lib/rmw_dds_common__rosidl_typesupport_introspection_c.lib
[49.741s] -- Installing: D:/a/pixi_rosdistro/pixi_rosdistro/install/bin/rmw_dds_common__rosidl_typesupport_introspection_c.dll
[49.742s] -- Installing: D:/a/pixi_rosdistro/pixi_rosdistro/install/lib/rmw_dds_common__rosidl_typesupport_c.lib
[49.743s] -- Installing: D:/a/pixi_rosdistro/pixi_rosdistro/install/bin/rmw_dds_common__rosidl_typesupport_c.dll
[49.744s] -- Up-to-date: D:/a/pixi_rosdistro/pixi_rosdistro/install/include/rmw_dds_common/rmw_dds_common
[49.744s] -- Up-to-date: D:/a/pixi_rosdistro/pixi_rosdistro/install/include/rmw_dds_common/rmw_dds_common/msg
[49.744s] -- Up-to-date: D:/a/pixi_rosdistro/pixi_rosdistro/install/include/rmw_dds_common/rmw_dds_common/msg/detail
[49.745s] -- Installing: D:/a/pixi_rosdistro/pixi_rosdistro/install/include/rmw_dds_common/rmw_dds_common/msg/detail/gid__builder.hpp
[49.746s] -- Installing: D:/a/pixi_rosdistro/pixi_rosdistro/install/include/rmw_dds_common/rmw_dds_common/msg/detail/gid__struct.hpp
[49.746s] -- Installing: D:/a/pixi_rosdistro/pixi_rosdistro/install/include/rmw_dds_common/rmw_dds_common/msg/detail/gid__traits.hpp
[49.748s] -- Installing: D:/a/pixi_rosdistro/pixi_rosdistro/install/include/rmw_dds_common/rmw_dds_common/msg/detail/gid__type_support.hpp
[49.748s] -- Installing: D:/a/pixi_rosdistro/pixi_rosdistro/install/include/rmw_dds_common/rmw_dds_common/msg/detail/node_entities_info__builder.hpp
[49.749s] -- Installing: D:/a/pixi_rosdistro/pixi_rosdistro/install/include/rmw_dds_common/rmw_dds_common/msg/detail/node_entities_info__struct.hpp
[49.750s] -- Installing: D:/a/pixi_rosdistro/pixi_rosdistro/install/include/rmw_dds_common/rmw_dds_common/msg/detail/node_entities_info__traits.hpp
[49.751s] -- Installing: D:/a/pixi_rosdistro/pixi_rosdistro/install/include/rmw_dds_common/rmw_dds_common/msg/detail/node_entities_info__type_support.hpp
[49.752s] -- Installing: D:/a/pixi_rosdistro/pixi_rosdistro/install/include/rmw_dds_common/rmw_dds_common/msg/detail/participant_entities_info__builder.hpp
[49.752s] -- Installing: D:/a/pixi_rosdistro/pixi_rosdistro/install/include/rmw_dds_common/rmw_dds_common/msg/detail/participant_entities_info__struct.hpp
[49.753s] -- Installing: D:/a/pixi_rosdistro/pixi_rosdistro/install/include/rmw_dds_common/rmw_dds_common/msg/detail/participant_entities_info__traits.hpp
[49.754s] -- Installing: D:/a/pixi_rosdistro/pixi_rosdistro/install/include/rmw_dds_common/rmw_dds_common/msg/detail/participant_entities_info__type_support.hpp
[49.755s] -- Installing: D:/a/pixi_rosdistro/pixi_rosdistro/install/include/rmw_dds_common/rmw_dds_common/msg/gid.hpp
[49.756s] -- Installing: D:/a/pixi_rosdistro/pixi_rosdistro/install/include/rmw_dds_common/rmw_dds_common/msg/node_entities_info.hpp
[49.756s] -- Installing: D:/a/pixi_rosdistro/pixi_rosdistro/install/include/rmw_dds_common/rmw_dds_common/msg/participant_entities_info.hpp
[49.757s] -- Installing: D:/a/pixi_rosdistro/pixi_rosdistro/install/include/rmw_dds_common/rmw_dds_common/msg/rosidl_generator_cpp__visibility_control.hpp
[49.758s] -- Up-to-date: D:/a/pixi_rosdistro/pixi_rosdistro/install/include/rmw_dds_common/rmw_dds_common
[49.759s] -- Up-to-date: D:/a/pixi_rosdistro/pixi_rosdistro/install/include/rmw_dds_common/rmw_dds_common/msg
[49.759s] -- Up-to-date: D:/a/pixi_rosdistro/pixi_rosdistro/install/include/rmw_dds_common/rmw_dds_common/msg/detail
[49.760s] -- Installing: D:/a/pixi_rosdistro/pixi_rosdistro/install/include/rmw_dds_common/rmw_dds_common/msg/detail/dds_fastrtps
[49.762s] -- Installing: D:/a/pixi_rosdistro/pixi_rosdistro/install/include/rmw_dds_common/rmw_dds_common/msg/detail/gid__rosidl_typesupport_fastrtps_cpp.hpp
[49.763s] -- Installing: D:/a/pixi_rosdistro/pixi_rosdistro/install/include/rmw_dds_common/rmw_dds_common/msg/detail/node_entities_info__rosidl_typesupport_fastrtps_cpp.hpp
[49.764s] -- Installing: D:/a/pixi_rosdistro/pixi_rosdistro/install/include/rmw_dds_common/rmw_dds_common/msg/detail/participant_entities_info__rosidl_typesupport_fastrtps_cpp.hpp
[49.766s] -- Installing: D:/a/pixi_rosdistro/pixi_rosdistro/install/include/rmw_dds_common/rmw_dds_common/msg/rosidl_typesupport_fastrtps_cpp__visibility_control.h
[49.767s] -- Installing: D:/a/pixi_rosdistro/pixi_rosdistro/install/lib/rmw_dds_common__rosidl_typesupport_fastrtps_cpp.lib
[49.768s] -- Installing: D:/a/pixi_rosdistro/pixi_rosdistro/install/bin/rmw_dds_common__rosidl_typesupport_fastrtps_cpp.dll
[49.769s] -- Up-to-date: D:/a/pixi_rosdistro/pixi_rosdistro/install/include/rmw_dds_common/rmw_dds_common
[49.770s] -- Up-to-date: D:/a/pixi_rosdistro/pixi_rosdistro/install/include/rmw_dds_common/rmw_dds_common/msg
[49.770s] -- Up-to-date: D:/a/pixi_rosdistro/pixi_rosdistro/install/include/rmw_dds_common/rmw_dds_common/msg/detail
[49.770s] -- Installing: D:/a/pixi_rosdistro/pixi_rosdistro/install/include/rmw_dds_common/rmw_dds_common/msg/detail/gid__rosidl_typesupport_introspection_cpp.hpp
[49.771s] -- Installing: D:/a/pixi_rosdistro/pixi_rosdistro/install/include/rmw_dds_common/rmw_dds_common/msg/detail/gid__type_support.cpp
[49.772s] -- Installing: D:/a/pixi_rosdistro/pixi_rosdistro/install/include/rmw_dds_common/rmw_dds_common/msg/detail/node_entities_info__rosidl_typesupport_introspection_cpp.hpp
[49.773s] -- Installing: D:/a/pixi_rosdistro/pixi_rosdistro/install/include/rmw_dds_common/rmw_dds_common/msg/detail/node_entities_info__type_support.cpp
[49.774s] -- Installing: D:/a/pixi_rosdistro/pixi_rosdistro/install/include/rmw_dds_common/rmw_dds_common/msg/detail/participant_entities_info__rosidl_typesupport_introspection_cpp.hpp
[49.776s] -- Installing: D:/a/pixi_rosdistro/pixi_rosdistro/install/include/rmw_dds_common/rmw_dds_common/msg/detail/participant_entities_info__type_support.cpp
[49.777s] -- Installing: D:/a/pixi_rosdistro/pixi_rosdistro/install/lib/rmw_dds_common__rosidl_typesupport_introspection_cpp.lib
[49.778s] -- Installing: D:/a/pixi_rosdistro/pixi_rosdistro/install/bin/rmw_dds_common__rosidl_typesupport_introspection_cpp.dll
[49.780s] -- Installing: D:/a/pixi_rosdistro/pixi_rosdistro/install/lib/rmw_dds_common__rosidl_typesupport_cpp.lib
[49.781s] -- Installing: D:/a/pixi_rosdistro/pixi_rosdistro/install/bin/rmw_dds_common__rosidl_typesupport_cpp.dll
[49.782s] -- Installing: D:/a/pixi_rosdistro/pixi_rosdistro/install/share/rmw_dds_common/environment/pythonpath.bat
[49.783s] -- Installing: D:/a/pixi_rosdistro/pixi_rosdistro/install/share/rmw_dds_common/environment/pythonpath.dsv
[49.786s] -- Installing: D:/a/pixi_rosdistro/pixi_rosdistro/install/Lib/site-packages/rmw_dds_common/rmw_dds_common_s__rosidl_typesupport_fastrtps_c.pyd
[49.788s] -- Installing: D:/a/pixi_rosdistro/pixi_rosdistro/install/Lib/site-packages/rmw_dds_common/rmw_dds_common_s__rosidl_typesupport_introspection_c.pyd
[49.789s] -- Installing: D:/a/pixi_rosdistro/pixi_rosdistro/install/Lib/site-packages/rmw_dds_common/rmw_dds_common_s__rosidl_typesupport_c.pyd
[49.790s] -- Installing: D:/a/pixi_rosdistro/pixi_rosdistro/install/lib/rmw_dds_common__rosidl_generator_py.lib
[49.791s] -- Installing: D:/a/pixi_rosdistro/pixi_rosdistro/install/bin/rmw_dds_common__rosidl_generator_py.dll
[49.792s] -- Installing: D:/a/pixi_rosdistro/pixi_rosdistro/install/share/ament_index/resource_index/rust_packages/rmw_dds_common
[49.793s] -- Installing: D:/a/pixi_rosdistro/pixi_rosdistro/install/share/rmw_dds_common/rust
[49.794s] -- Installing: D:/a/pixi_rosdistro/pixi_rosdistro/install/share/rmw_dds_common/rust/build.rs
[49.795s] -- Installing: D:/a/pixi_rosdistro/pixi_rosdistro/install/share/rmw_dds_common/rust/Cargo.toml
[49.795s] -- Installing: D:/a/pixi_rosdistro/pixi_rosdistro/install/share/rmw_dds_common/rust/src
[49.796s] -- Installing: D:/a/pixi_rosdistro/pixi_rosdistro/install/share/rmw_dds_common/rust/src/lib.rs
[49.797s] -- Installing: D:/a/pixi_rosdistro/pixi_rosdistro/install/share/rmw_dds_common/rust/src/msg
[49.798s] -- Installing: D:/a/pixi_rosdistro/pixi_rosdistro/install/share/rmw_dds_common/rust/src/msg/rmw.rs
[49.799s] -- Installing: D:/a/pixi_rosdistro/pixi_rosdistro/install/share/rmw_dds_common/rust/src/msg.rs
[49.800s] -- Installing: D:/a/pixi_rosdistro/pixi_rosdistro/install/share/rmw_dds_common/msg/Gid.idl
[49.801s] -- Installing: D:/a/pixi_rosdistro/pixi_rosdistro/install/share/rmw_dds_common/msg/NodeEntitiesInfo.idl
[49.802s] -- Installing: D:/a/pixi_rosdistro/pixi_rosdistro/install/share/rmw_dds_common/msg/ParticipantEntitiesInfo.idl
[49.804s] -- Installing: D:/a/pixi_rosdistro/pixi_rosdistro/install/share/rmw_dds_common/msg/Gid.msg
[49.805s] -- Installing: D:/a/pixi_rosdistro/pixi_rosdistro/install/share/rmw_dds_common/msg/NodeEntitiesInfo.msg
[49.806s] -- Installing: D:/a/pixi_rosdistro/pixi_rosdistro/install/share/rmw_dds_common/msg/ParticipantEntitiesInfo.msg
[49.807s] -- Installing: D:/a/pixi_rosdistro/pixi_rosdistro/install/lib/rmw_dds_common.lib
[49.808s] -- Installing: D:/a/pixi_rosdistro/pixi_rosdistro/install/bin/rmw_dds_common.dll
[49.809s] -- Up-to-date: D:/a/pixi_rosdistro/pixi_rosdistro/install/include/rmw_dds_common
[49.809s] -- Up-to-date: D:/a/pixi_rosdistro/pixi_rosdistro/install/include/rmw_dds_common/rmw_dds_common
[49.810s] -- Installing: D:/a/pixi_rosdistro/pixi_rosdistro/install/include/rmw_dds_common/rmw_dds_common/context.hpp
[49.810s] -- Installing: D:/a/pixi_rosdistro/pixi_rosdistro/install/include/rmw_dds_common/rmw_dds_common/gid_utils.hpp
[49.811s] -- Installing: D:/a/pixi_rosdistro/pixi_rosdistro/install/include/rmw_dds_common/rmw_dds_common/graph_cache.hpp
[49.812s] -- Installing: D:/a/pixi_rosdistro/pixi_rosdistro/install/include/rmw_dds_common/rmw_dds_common/qos.hpp
[49.813s] -- Installing: D:/a/pixi_rosdistro/pixi_rosdistro/install/include/rmw_dds_common/rmw_dds_common/time_utils.hpp
[49.813s] -- Installing: D:/a/pixi_rosdistro/pixi_rosdistro/install/include/rmw_dds_common/rmw_dds_common/visibility_control.h
[49.815s] -- Installing: D:/a/pixi_rosdistro/pixi_rosdistro/install/share/ament_index/resource_index/package_run_dependencies/rmw_dds_common
[49.816s] -- Installing: D:/a/pixi_rosdistro/pixi_rosdistro/install/share/ament_index/resource_index/parent_prefix_path/rmw_dds_common
[49.817s] -- Installing: D:/a/pixi_rosdistro/pixi_rosdistro/install/share/rmw_dds_common/environment/ament_prefix_path.bat
[49.818s] -- Installing: D:/a/pixi_rosdistro/pixi_rosdistro/install/share/rmw_dds_common/environment/ament_prefix_path.dsv
[49.820s] -- Installing: D:/a/pixi_rosdistro/pixi_rosdistro/install/share/rmw_dds_common/environment/path.bat
[49.820s] -- Installing: D:/a/pixi_rosdistro/pixi_rosdistro/install/share/rmw_dds_common/environment/path.dsv
[49.821s] -- Installing: D:/a/pixi_rosdistro/pixi_rosdistro/install/share/rmw_dds_common/local_setup.bat
[49.822s] -- Installing: D:/a/pixi_rosdistro/pixi_rosdistro/install/share/rmw_dds_common/local_setup.dsv
[49.823s] -- Installing: D:/a/pixi_rosdistro/pixi_rosdistro/install/share/rmw_dds_common/package.dsv
[49.824s] -- Installing: D:/a/pixi_rosdistro/pixi_rosdistro/install/share/ament_index/resource_index/packages/rmw_dds_common
[49.826s] -- Installing: D:/a/pixi_rosdistro/pixi_rosdistro/install/share/rmw_dds_common/cmake/export_rmw_dds_common__rosidl_generator_cExport.cmake
[49.827s] -- Installing: D:/a/pixi_rosdistro/pixi_rosdistro/install/share/rmw_dds_common/cmake/export_rmw_dds_common__rosidl_generator_cExport-release.cmake
[49.828s] -- Installing: D:/a/pixi_rosdistro/pixi_rosdistro/install/share/rmw_dds_common/cmake/export_rmw_dds_common__rosidl_typesupport_fastrtps_cExport.cmake
[49.829s] -- Installing: D:/a/pixi_rosdistro/pixi_rosdistro/install/share/rmw_dds_common/cmake/export_rmw_dds_common__rosidl_typesupport_fastrtps_cExport-release.cmake
[49.830s] -- Installing: D:/a/pixi_rosdistro/pixi_rosdistro/install/share/rmw_dds_common/cmake/rmw_dds_common__rosidl_typesupport_introspection_cExport.cmake
[49.831s] -- Installing: D:/a/pixi_rosdistro/pixi_rosdistro/install/share/rmw_dds_common/cmake/rmw_dds_common__rosidl_typesupport_introspection_cExport-release.cmake
[49.832s] -- Installing: D:/a/pixi_rosdistro/pixi_rosdistro/install/share/rmw_dds_common/cmake/rmw_dds_common__rosidl_typesupport_cExport.cmake
[49.834s] -- Installing: D:/a/pixi_rosdistro/pixi_rosdistro/install/share/rmw_dds_common/cmake/rmw_dds_common__rosidl_typesupport_cExport-release.cmake
[49.836s] -- Installing: D:/a/pixi_rosdistro/pixi_rosdistro/install/share/rmw_dds_common/cmake/export_rmw_dds_common__rosidl_generator_cppExport.cmake
[49.837s] -- Installing: D:/a/pixi_rosdistro/pixi_rosdistro/install/share/rmw_dds_common/cmake/export_rmw_dds_common__rosidl_typesupport_fastrtps_cppExport.cmake
[49.839s] -- Installing: D:/a/pixi_rosdistro/pixi_rosdistro/install/share/rmw_dds_common/cmake/export_rmw_dds_common__rosidl_typesupport_fastrtps_cppExport-release.cmake
[49.843s] -- Installing: D:/a/pixi_rosdistro/pixi_rosdistro/install/share/rmw_dds_common/cmake/rmw_dds_common__rosidl_typesupport_introspection_cppExport.cmake
[49.843s] -- Installing: D:/a/pixi_rosdistro/pixi_rosdistro/install/share/rmw_dds_common/cmake/rmw_dds_common__rosidl_typesupport_introspection_cppExport-release.cmake
[49.844s] -- Installing: D:/a/pixi_rosdistro/pixi_rosdistro/install/share/rmw_dds_common/cmake/rmw_dds_common__rosidl_typesupport_cppExport.cmake
[49.845s] -- Installing: D:/a/pixi_rosdistro/pixi_rosdistro/install/share/rmw_dds_common/cmake/rmw_dds_common__rosidl_typesupport_cppExport-release.cmake
[49.846s] -- Installing: D:/a/pixi_rosdistro/pixi_rosdistro/install/share/rmw_dds_common/cmake/export_rmw_dds_common__rosidl_generator_pyExport.cmake
[49.847s] -- Installing: D:/a/pixi_rosdistro/pixi_rosdistro/install/share/rmw_dds_common/cmake/export_rmw_dds_common__rosidl_generator_pyExport-release.cmake
[49.848s] -- Installing: D:/a/pixi_rosdistro/pixi_rosdistro/install/share/rmw_dds_common/cmake/rmw_dds_common_libraryExport.cmake
[49.850s] -- Installing: D:/a/pixi_rosdistro/pixi_rosdistro/install/share/rmw_dds_common/cmake/rmw_dds_common_libraryExport-release.cmake
[49.851s] -- Installing: D:/a/pixi_rosdistro/pixi_rosdistro/install/Lib/site-packages/rmw_dds_common-6.0.0-py3.14.egg-info
[49.852s] -- Installing: D:/a/pixi_rosdistro/pixi_rosdistro/install/Lib/site-packages/rmw_dds_common-6.0.0-py3.14.egg-info/dependency_links.txt
[49.853s] -- Installing: D:/a/pixi_rosdistro/pixi_rosdistro/install/Lib/site-packages/rmw_dds_common-6.0.0-py3.14.egg-info/PKG-INFO
[49.854s] -- Installing: D:/a/pixi_rosdistro/pixi_rosdistro/install/Lib/site-packages/rmw_dds_common-6.0.0-py3.14.egg-info/SOURCES.txt
[49.854s] -- Installing: D:/a/pixi_rosdistro/pixi_rosdistro/install/Lib/site-packages/rmw_dds_common-6.0.0-py3.14.egg-info/top_level.txt
[49.855s] -- Up-to-date: D:/a/pixi_rosdistro/pixi_rosdistro/install/Lib/site-packages/rmw_dds_common
[49.856s] -- Installing: D:/a/pixi_rosdistro/pixi_rosdistro/install/Lib/site-packages/rmw_dds_common/msg
[49.857s] -- Installing: D:/a/pixi_rosdistro/pixi_rosdistro/install/Lib/site-packages/rmw_dds_common/msg/_gid.py
[49.858s] -- Installing: D:/a/pixi_rosdistro/pixi_rosdistro/install/Lib/site-packages/rmw_dds_common/msg/_gid_s.c
[49.858s] -- Installing: D:/a/pixi_rosdistro/pixi_rosdistro/install/Lib/site-packages/rmw_dds_common/msg/_node_entities_info.py
[49.859s] -- Installing: D:/a/pixi_rosdistro/pixi_rosdistro/install/Lib/site-packages/rmw_dds_common/msg/_node_entities_info_s.c
[49.860s] -- Installing: D:/a/pixi_rosdistro/pixi_rosdistro/install/Lib/site-packages/rmw_dds_common/msg/_participant_entities_info.py
[49.861s] -- Installing: D:/a/pixi_rosdistro/pixi_rosdistro/install/Lib/site-packages/rmw_dds_common/msg/_participant_entities_info_s.c
[49.862s] -- Installing: D:/a/pixi_rosdistro/pixi_rosdistro/install/Lib/site-packages/rmw_dds_common/msg/__init__.py
[49.863s] -- Installing: D:/a/pixi_rosdistro/pixi_rosdistro/install/Lib/site-packages/rmw_dds_common/py.typed
[49.864s] -- Up-to-date: D:/a/pixi_rosdistro/pixi_rosdistro/install/Lib/site-packages/rmw_dds_common/rmw_dds_common_s__rosidl_typesupport_c.pyd
[49.865s] -- Up-to-date: D:/a/pixi_rosdistro/pixi_rosdistro/install/Lib/site-packages/rmw_dds_common/rmw_dds_common_s__rosidl_typesupport_fastrtps_c.pyd
[49.865s] -- Up-to-date: D:/a/pixi_rosdistro/pixi_rosdistro/install/Lib/site-packages/rmw_dds_common/rmw_dds_common_s__rosidl_typesupport_introspection_c.pyd
[49.865s] -- Installing: D:/a/pixi_rosdistro/pixi_rosdistro/install/Lib/site-packages/rmw_dds_common/_rmw_dds_common_s.ep.rosidl_typesupport_c.c
[49.866s] -- Installing: D:/a/pixi_rosdistro/pixi_rosdistro/install/Lib/site-packages/rmw_dds_common/_rmw_dds_common_s.ep.rosidl_typesupport_fastrtps_c.c
[49.867s] -- Installing: D:/a/pixi_rosdistro/pixi_rosdistro/install/Lib/site-packages/rmw_dds_common/_rmw_dds_common_s.ep.rosidl_typesupport_introspection_c.c
[49.867s] -- Installing: D:/a/pixi_rosdistro/pixi_rosdistro/install/Lib/site-packages/rmw_dds_common/__init__.py
[49.999s] Listing 'D:/a/pixi_rosdistro/pixi_rosdistro/install/Lib/site-packages/rmw_dds_common'...
[49.999s] Compiling 'D:/a/pixi_rosdistro/pixi_rosdistro/install/Lib/site-packages/rmw_dds_common\\__init__.py'...
[49.999s] Listing 'D:/a/pixi_rosdistro/pixi_rosdistro/install/Lib/site-packages/rmw_dds_common\\msg'...
[49.999s] Compiling 'D:/a/pixi_rosdistro/pixi_rosdistro/install/Lib/site-packages/rmw_dds_common\\msg\\__init__.py'...
[49.999s] Compiling 'D:/a/pixi_rosdistro/pixi_rosdistro/install/Lib/site-packages/rmw_dds_common\\msg\\_gid.py'...
[49.999s] Compiling 'D:/a/pixi_rosdistro/pixi_rosdistro/install/Lib/site-packages/rmw_dds_common\\msg\\_node_entities_info.py'...
[50.000s] Compiling 'D:/a/pixi_rosdistro/pixi_rosdistro/install/Lib/site-packages/rmw_dds_common\\msg\\_participant_entities_info.py'...
[50.002s] -- Installing: D:/a/pixi_rosdistro/pixi_rosdistro/install/share/rmw_dds_common/cmake/ament_cmake_export_dependencies-extras.cmake
[50.003s] -- Installing: D:/a/pixi_rosdistro/pixi_rosdistro/install/share/rmw_dds_common/cmake/rosidl_cmake-extras.cmake
[50.004s] -- Installing: D:/a/pixi_rosdistro/pixi_rosdistro/install/share/rmw_dds_common/cmake/ament_cmake_export_include_directories-extras.cmake
[50.005s] -- Installing: D:/a/pixi_rosdistro/pixi_rosdistro/install/share/rmw_dds_common/cmake/ament_cmake_export_libraries-extras.cmake
[50.006s] -- Installing: D:/a/pixi_rosdistro/pixi_rosdistro/install/share/rmw_dds_common/cmake/ament_cmake_export_targets-extras.cmake
[50.007s] -- Installing: D:/a/pixi_rosdistro/pixi_rosdistro/install/share/rmw_dds_common/cmake/rosidl_cmake_export_typesupport_targets-extras.cmake
[50.008s] -- Installing: D:/a/pixi_rosdistro/pixi_rosdistro/install/share/rmw_dds_common/cmake/rosidl_cmake_export_typesupport_libraries-extras.cmake
[50.009s] -- Installing: D:/a/pixi_rosdistro/pixi_rosdistro/install/share/rmw_dds_common/cmake/rosidl_cmake_aggregate_target-extras.cmake
[50.009s] -- Installing: D:/a/pixi_rosdistro/pixi_rosdistro/install/share/rmw_dds_common/cmake/rmw_dds_commonConfig.cmake
[50.010s] -- Installing: D:/a/pixi_rosdistro/pixi_rosdistro/install/share/rmw_dds_common/cmake/rmw_dds_commonConfig-version.cmake
[50.011s] -- Installing: D:/a/pixi_rosdistro/pixi_rosdistro/install/share/rmw_dds_common/package.xml
[50.018s] Invoked command in 'D:\a\pixi_rosdistro\pixi_rosdistro\build\rmw_dds_common' returned '0': AMENT_PREFIX_PATH=D:\a\pixi_rosdistro\pixi_rosdistro\install CMAKE_PREFIX_PATH=D:\a\pixi_rosdistro\pixi_rosdistro\install;D:\a\pixi_rosdistro\pixi_rosdistro\.pixi\envs\default\Library PATH=D:\a\pixi_rosdistro\pixi_rosdistro\install\Scripts;D:\a\pixi_rosdistro\pixi_rosdistro\install\bin;D:\a\pixi_rosdistro\pixi_rosdistro\install\opt\mimick_vendor\lib;%PATH% PIXI_PROMPT=(ros2_rolling) PKG_CONFIG_PATH=D:\a\pixi_rosdistro\pixi_rosdistro\install\lib\pkgconfig PROMPT=$P$G PYTHONPATH=D:\a\pixi_rosdistro\pixi_rosdistro\install\Lib\site-packages ROS_AUTOMATIC_DISCOVERY_RANGE=SUBNET ROS_DOMAIN_ID=153 ROS_PYTHON_VERSION=3 D:\a\pixi_rosdistro\pixi_rosdistro\.pixi\envs\default\Library\bin\cmake.EXE --install D:\a\pixi_rosdistro\pixi_rosdistro\build\rmw_dds_common
