[6.586s] Invoking command in '/Users/runner/work/pixi_rosdistro/pixi_rosdistro/src/ros-visualization/rqt/rqt_gui_py': AMENT_PREFIX_PATH=/Users/runner/work/pixi_rosdistro/pixi_rosdistro/install CMAKE_PREFIX_PATH=/Users/runner/work/pixi_rosdistro/pixi_rosdistro/install DYLD_LIBRARY_PATH=/Users/runner/work/pixi_rosdistro/pixi_rosdistro/install/lib:/Users/runner/work/pixi_rosdistro/pixi_rosdistro/install/opt/mimick_vendor/lib:/Users/runner/work/pixi_rosdistro/pixi_rosdistro/install/opt/zenoh_cpp_vendor/lib PATH=/Users/runner/work/pixi_rosdistro/pixi_rosdistro/install/bin:${PATH} PIXI_PROMPT=(ros2_rolling) PKG_CONFIG_PATH=/Users/runner/work/pixi_rosdistro/pixi_rosdistro/install/lib/pkgconfig PYTHONPATH=/Users/runner/work/pixi_rosdistro/pixi_rosdistro/build/rqt_gui_py/prefix_override:/Users/runner/work/pixi_rosdistro/pixi_rosdistro/.pixi/envs/default/lib/python3.12/site-packages/colcon_core/task/python/colcon_distutils_commands:/Users/runner/work/pixi_rosdistro/pixi_rosdistro/install/lib/python3.12/site-packages:/Users/runner/work/pixi_rosdistro/pixi_rosdistro/install/lib/python3.12/site-packages ROS_DOMAIN_ID=103 ROS_PYTHON_VERSION=3 SHLVL=3 _=/usr/bin/env /Users/runner/work/pixi_rosdistro/pixi_rosdistro/.pixi/envs/default/bin/python3.12 -W ignore:setup.py install is deprecated -W ignore:easy_install command is deprecated setup.py egg_info --egg-base ../../../../build/rqt_gui_py build --build-base /Users/runner/work/pixi_rosdistro/pixi_rosdistro/build/rqt_gui_py/build install --record /Users/runner/work/pixi_rosdistro/pixi_rosdistro/build/rqt_gui_py/install.log --single-version-externally-managed install_data
[6.938s] running egg_info
[6.950s] creating ../../../../build/rqt_gui_py/rqt_gui_py.egg-info
[6.950s] writing ../../../../build/rqt_gui_py/rqt_gui_py.egg-info/PKG-INFO
[6.951s] writing dependency_links to ../../../../build/rqt_gui_py/rqt_gui_py.egg-info/dependency_links.txt
[6.952s] writing requirements to ../../../../build/rqt_gui_py/rqt_gui_py.egg-info/requires.txt
[6.952s] writing top-level names to ../../../../build/rqt_gui_py/rqt_gui_py.egg-info/top_level.txt
[6.953s] writing manifest file '../../../../build/rqt_gui_py/rqt_gui_py.egg-info/SOURCES.txt'
[6.984s] reading manifest file '../../../../build/rqt_gui_py/rqt_gui_py.egg-info/SOURCES.txt'
[6.985s] writing manifest file '../../../../build/rqt_gui_py/rqt_gui_py.egg-info/SOURCES.txt'
[6.985s] running build
[6.985s] running build_py
[6.985s] creating /Users/runner/work/pixi_rosdistro/pixi_rosdistro/build/rqt_gui_py/build/lib/rqt_gui_py
[6.987s] copying src/rqt_gui_py/rclpy_spinner.py -> /Users/runner/work/pixi_rosdistro/pixi_rosdistro/build/rqt_gui_py/build/lib/rqt_gui_py
[6.987s] copying src/rqt_gui_py/__init__.py -> /Users/runner/work/pixi_rosdistro/pixi_rosdistro/build/rqt_gui_py/build/lib/rqt_gui_py
[6.988s] copying src/rqt_gui_py/plugin.py -> /Users/runner/work/pixi_rosdistro/pixi_rosdistro/build/rqt_gui_py/build/lib/rqt_gui_py
[6.989s] copying src/rqt_gui_py/ros_py_plugin_provider.py -> /Users/runner/work/pixi_rosdistro/pixi_rosdistro/build/rqt_gui_py/build/lib/rqt_gui_py
[6.990s] running install
[7.003s] running install_lib
[7.007s] creating /Users/runner/work/pixi_rosdistro/pixi_rosdistro/install/lib/python3.12/site-packages/rqt_gui_py
[7.009s] copying /Users/runner/work/pixi_rosdistro/pixi_rosdistro/build/rqt_gui_py/build/lib/rqt_gui_py/rclpy_spinner.py -> /Users/runner/work/pixi_rosdistro/pixi_rosdistro/install/lib/python3.12/site-packages/rqt_gui_py
[7.009s] copying /Users/runner/work/pixi_rosdistro/pixi_rosdistro/build/rqt_gui_py/build/lib/rqt_gui_py/__init__.py -> /Users/runner/work/pixi_rosdistro/pixi_rosdistro/install/lib/python3.12/site-packages/rqt_gui_py
[7.010s] copying /Users/runner/work/pixi_rosdistro/pixi_rosdistro/build/rqt_gui_py/build/lib/rqt_gui_py/plugin.py -> /Users/runner/work/pixi_rosdistro/pixi_rosdistro/install/lib/python3.12/site-packages/rqt_gui_py
[7.010s] copying /Users/runner/work/pixi_rosdistro/pixi_rosdistro/build/rqt_gui_py/build/lib/rqt_gui_py/ros_py_plugin_provider.py -> /Users/runner/work/pixi_rosdistro/pixi_rosdistro/install/lib/python3.12/site-packages/rqt_gui_py
[7.014s] byte-compiling /Users/runner/work/pixi_rosdistro/pixi_rosdistro/install/lib/python3.12/site-packages/rqt_gui_py/rclpy_spinner.py to rclpy_spinner.cpython-312.pyc
[7.017s] byte-compiling /Users/runner/work/pixi_rosdistro/pixi_rosdistro/install/lib/python3.12/site-packages/rqt_gui_py/__init__.py to __init__.cpython-312.pyc
[7.017s] byte-compiling /Users/runner/work/pixi_rosdistro/pixi_rosdistro/install/lib/python3.12/site-packages/rqt_gui_py/plugin.py to plugin.cpython-312.pyc
[7.019s] byte-compiling /Users/runner/work/pixi_rosdistro/pixi_rosdistro/install/lib/python3.12/site-packages/rqt_gui_py/ros_py_plugin_provider.py to ros_py_plugin_provider.cpython-312.pyc
[7.019s] running install_data
[7.019s] copying resource/rqt_gui_py -> /Users/runner/work/pixi_rosdistro/pixi_rosdistro/install/share/ament_index/resource_index/packages
[7.019s] copying package.xml -> /Users/runner/work/pixi_rosdistro/pixi_rosdistro/install/share/rqt_gui_py
[7.022s] copying plugin.xml -> /Users/runner/work/pixi_rosdistro/pixi_rosdistro/install/share/rqt_gui_py
[7.022s] running install_egg_info
[7.037s] Copying ../../../../build/rqt_gui_py/rqt_gui_py.egg-info to /Users/runner/work/pixi_rosdistro/pixi_rosdistro/install/lib/python3.12/site-packages/rqt_gui_py-1.10.2-py3.12.egg-info
[7.037s] running install_scripts
[7.064s] writing list of installed files to '/Users/runner/work/pixi_rosdistro/pixi_rosdistro/build/rqt_gui_py/install.log'
[7.088s] Invoked command in '/Users/runner/work/pixi_rosdistro/pixi_rosdistro/src/ros-visualization/rqt/rqt_gui_py' returned '0': AMENT_PREFIX_PATH=/Users/runner/work/pixi_rosdistro/pixi_rosdistro/install CMAKE_PREFIX_PATH=/Users/runner/work/pixi_rosdistro/pixi_rosdistro/install DYLD_LIBRARY_PATH=/Users/runner/work/pixi_rosdistro/pixi_rosdistro/install/lib:/Users/runner/work/pixi_rosdistro/pixi_rosdistro/install/opt/mimick_vendor/lib:/Users/runner/work/pixi_rosdistro/pixi_rosdistro/install/opt/zenoh_cpp_vendor/lib PATH=/Users/runner/work/pixi_rosdistro/pixi_rosdistro/install/bin:${PATH} PIXI_PROMPT=(ros2_rolling) PKG_CONFIG_PATH=/Users/runner/work/pixi_rosdistro/pixi_rosdistro/install/lib/pkgconfig PYTHONPATH=/Users/runner/work/pixi_rosdistro/pixi_rosdistro/build/rqt_gui_py/prefix_override:/Users/runner/work/pixi_rosdistro/pixi_rosdistro/.pixi/envs/default/lib/python3.12/site-packages/colcon_core/task/python/colcon_distutils_commands:/Users/runner/work/pixi_rosdistro/pixi_rosdistro/install/lib/python3.12/site-packages:/Users/runner/work/pixi_rosdistro/pixi_rosdistro/install/lib/python3.12/site-packages ROS_DOMAIN_ID=103 ROS_PYTHON_VERSION=3 SHLVL=3 _=/usr/bin/env /Users/runner/work/pixi_rosdistro/pixi_rosdistro/.pixi/envs/default/bin/python3.12 -W ignore:setup.py install is deprecated -W ignore:easy_install command is deprecated setup.py egg_info --egg-base ../../../../build/rqt_gui_py build --build-base /Users/runner/work/pixi_rosdistro/pixi_rosdistro/build/rqt_gui_py/build install --record /Users/runner/work/pixi_rosdistro/pixi_rosdistro/build/rqt_gui_py/install.log --single-version-externally-managed install_data
