[18.422s] Invoking command in 'D:\a\pixi_rosdistro\pixi_rosdistro\src\ros2\rosidl\rosidl_pycommon': AMENT_PREFIX_PATH=D:\a\pixi_rosdistro\pixi_rosdistro\install CMAKE_PREFIX_PATH=D:\a\pixi_rosdistro\pixi_rosdistro\install;D:\a\pixi_rosdistro\pixi_rosdistro\.pixi\envs\default\Library PATH=D:\a\pixi_rosdistro\pixi_rosdistro\install\Scripts;D:\a\pixi_rosdistro\pixi_rosdistro\install\bin;%PATH% PIXI_PROMPT=(ros2_rolling) PKG_CONFIG_PATH=D:\a\pixi_rosdistro\pixi_rosdistro\install\lib\pkgconfig PROMPT=$P$G PYTHONPATH=D:\a\pixi_rosdistro\pixi_rosdistro\build\rosidl_pycommon\prefix_override;D:\a\pixi_rosdistro\pixi_rosdistro\.pixi\envs\default\Lib\site-packages\colcon_core\task\python\colcon_distutils_commands;D:\a\pixi_rosdistro\pixi_rosdistro\install\Lib\site-packages;D:\a\pixi_rosdistro\pixi_rosdistro\install\Lib\site-packages ROS_DOMAIN_ID=8 D:\a\pixi_rosdistro\pixi_rosdistro\.pixi\envs\default\python.exe -W ignore:setup.py install is deprecated -W ignore:easy_install command is deprecated setup.py egg_info --egg-base ..\..\..\..\build\rosidl_pycommon build --build-base D:\a\pixi_rosdistro\pixi_rosdistro\build\rosidl_pycommon\build install --record D:\a\pixi_rosdistro\pixi_rosdistro\build\rosidl_pycommon\install.log --single-version-externally-managed install_data
[19.032s] running egg_info
[19.063s] creating ..\..\..\..\build\rosidl_pycommon\rosidl_pycommon.egg-info
[19.063s] writing ..\..\..\..\build\rosidl_pycommon\rosidl_pycommon.egg-info\PKG-INFO
[19.063s] writing dependency_links to ..\..\..\..\build\rosidl_pycommon\rosidl_pycommon.egg-info\dependency_links.txt
[19.063s] writing requirements to ..\..\..\..\build\rosidl_pycommon\rosidl_pycommon.egg-info\requires.txt
[19.063s] writing top-level names to ..\..\..\..\build\rosidl_pycommon\rosidl_pycommon.egg-info\top_level.txt
[19.063s] writing manifest file '..\..\..\..\build\rosidl_pycommon\rosidl_pycommon.egg-info\SOURCES.txt'
[19.094s] reading manifest file '..\..\..\..\build\rosidl_pycommon\rosidl_pycommon.egg-info\SOURCES.txt'
[19.110s] writing manifest file '..\..\..\..\build\rosidl_pycommon\rosidl_pycommon.egg-info\SOURCES.txt'
[19.110s] running build
[19.110s] running build_py
[19.110s] creating D:\a\pixi_rosdistro\pixi_rosdistro\build\rosidl_pycommon\build\lib\rosidl_pycommon
[19.110s] copying rosidl_pycommon\interface_base_classes.py -> D:\a\pixi_rosdistro\pixi_rosdistro\build\rosidl_pycommon\build\lib\rosidl_pycommon
[19.110s] copying rosidl_pycommon\__init__.py -> D:\a\pixi_rosdistro\pixi_rosdistro\build\rosidl_pycommon\build\lib\rosidl_pycommon
[19.110s] copying rosidl_pycommon\py.typed -> D:\a\pixi_rosdistro\pixi_rosdistro\build\rosidl_pycommon\build\lib\rosidl_pycommon
[19.110s] running install
[19.110s] running install_lib
[19.141s] creating D:\a\pixi_rosdistro\pixi_rosdistro\install\Lib\site-packages\rosidl_pycommon
[19.141s] copying D:\a\pixi_rosdistro\pixi_rosdistro\build\rosidl_pycommon\build\lib\rosidl_pycommon\interface_base_classes.py -> D:\a\pixi_rosdistro\pixi_rosdistro\install\Lib\site-packages\rosidl_pycommon
[19.141s] copying D:\a\pixi_rosdistro\pixi_rosdistro\build\rosidl_pycommon\build\lib\rosidl_pycommon\py.typed -> D:\a\pixi_rosdistro\pixi_rosdistro\install\Lib\site-packages\rosidl_pycommon
[19.141s] copying D:\a\pixi_rosdistro\pixi_rosdistro\build\rosidl_pycommon\build\lib\rosidl_pycommon\__init__.py -> D:\a\pixi_rosdistro\pixi_rosdistro\install\Lib\site-packages\rosidl_pycommon
[19.141s] byte-compiling D:\a\pixi_rosdistro\pixi_rosdistro\install\Lib\site-packages\rosidl_pycommon\interface_base_classes.py to interface_base_classes.cpython-312.pyc
[19.141s] byte-compiling D:\a\pixi_rosdistro\pixi_rosdistro\install\Lib\site-packages\rosidl_pycommon\__init__.py to __init__.cpython-312.pyc
[19.141s] running install_data
[19.157s] copying resource\rosidl_pycommon -> D:\a\pixi_rosdistro\pixi_rosdistro\install\share\ament_index\resource_index\packages
[19.157s] copying package.xml -> D:\a\pixi_rosdistro\pixi_rosdistro\install\share\rosidl_pycommon
[19.157s] running install_egg_info
[19.172s] Copying ..\..\..\..\build\rosidl_pycommon\rosidl_pycommon.egg-info to D:\a\pixi_rosdistro\pixi_rosdistro\install\Lib\site-packages\rosidl_pycommon-5.1.3-py3.12.egg-info
[19.188s] running install_scripts
[19.235s] writing list of installed files to 'D:\a\pixi_rosdistro\pixi_rosdistro\build\rosidl_pycommon\install.log'
[19.282s] Invoked command in 'D:\a\pixi_rosdistro\pixi_rosdistro\src\ros2\rosidl\rosidl_pycommon' returned '0': AMENT_PREFIX_PATH=D:\a\pixi_rosdistro\pixi_rosdistro\install CMAKE_PREFIX_PATH=D:\a\pixi_rosdistro\pixi_rosdistro\install;D:\a\pixi_rosdistro\pixi_rosdistro\.pixi\envs\default\Library PATH=D:\a\pixi_rosdistro\pixi_rosdistro\install\Scripts;D:\a\pixi_rosdistro\pixi_rosdistro\install\bin;%PATH% PIXI_PROMPT=(ros2_rolling) PKG_CONFIG_PATH=D:\a\pixi_rosdistro\pixi_rosdistro\install\lib\pkgconfig PROMPT=$P$G PYTHONPATH=D:\a\pixi_rosdistro\pixi_rosdistro\build\rosidl_pycommon\prefix_override;D:\a\pixi_rosdistro\pixi_rosdistro\.pixi\envs\default\Lib\site-packages\colcon_core\task\python\colcon_distutils_commands;D:\a\pixi_rosdistro\pixi_rosdistro\install\Lib\site-packages;D:\a\pixi_rosdistro\pixi_rosdistro\install\Lib\site-packages ROS_DOMAIN_ID=8 D:\a\pixi_rosdistro\pixi_rosdistro\.pixi\envs\default\python.exe -W ignore:setup.py install is deprecated -W ignore:easy_install command is deprecated setup.py egg_info --egg-base ..\..\..\..\build\rosidl_pycommon build --build-base D:\a\pixi_rosdistro\pixi_rosdistro\build\rosidl_pycommon\build install --record D:\a\pixi_rosdistro\pixi_rosdistro\build\rosidl_pycommon\install.log --single-version-externally-managed install_data
