[3.023s] Invoking command in '/home/runner/work/pixi_rosdistro/pixi_rosdistro/build/rcutils': AMENT_PREFIX_PATH=/home/runner/work/pixi_rosdistro/pixi_rosdistro/install CMAKE_PREFIX_PATH=/home/runner/work/pixi_rosdistro/pixi_rosdistro/install:${CMAKE_PREFIX_PATH} LD_LIBRARY_PATH=/home/runner/work/pixi_rosdistro/pixi_rosdistro/install/lib PATH=/home/runner/work/pixi_rosdistro/pixi_rosdistro/install/bin:/opt/microsoft/powershell/7:${PATH} PIXI_PROMPT=(ros2_rolling) PKG_CONFIG_PATH=/home/runner/work/pixi_rosdistro/pixi_rosdistro/install/lib/pkgconfig PSModulePath=/home/runner/.local/share/powershell/Modules:${PSModulePath} PYTHONPATH=/home/runner/work/pixi_rosdistro/pixi_rosdistro/install/lib/python3.12/site-packages ROS_DOMAIN_ID=33 /home/runner/work/pixi_rosdistro/pixi_rosdistro/.pixi/envs/default/bin/cmake /home/runner/work/pixi_rosdistro/pixi_rosdistro/src/ros2/rcutils -GNinja --no-warn-unused-cli -DCMAKE_BUILD_TYPE=Release -DCMAKE_BUILD_WITH_INSTALL_RPATH:bool=TRUE -DCMAKE_POLICY_VERSION_MINIMUM=3.5 -Wno-deprecated -DSTACK_DETAILS_AUTO_DETECT:bool=FALSE -DSTACK_DETAILS_BFD:bool=FALSE -DTRACETOOLS_DISABLED=ON -DCMAKE_INSTALL_PREFIX=/home/runner/work/pixi_rosdistro/pixi_rosdistro/install
[3.108s] Not searching for unused variables given on the command line.
[3.108s] -- The C compiler identification is GNU 14.3.0
[3.243s] -- The CXX compiler identification is GNU 14.3.0
[3.263s] -- Detecting C compiler ABI info
[3.397s] -- Detecting C compiler ABI info - done
[3.422s] -- Check for working C compiler: /home/runner/work/pixi_rosdistro/pixi_rosdistro/.pixi/envs/default/bin/x86_64-conda-linux-gnu-cc - skipped
[3.423s] -- Detecting C compile features
[3.423s] -- Detecting C compile features - done
[3.445s] -- Detecting CXX compiler ABI info
[3.597s] -- Detecting CXX compiler ABI info - done
[3.632s] -- Check for working CXX compiler: /home/runner/work/pixi_rosdistro/pixi_rosdistro/.pixi/envs/default/bin/x86_64-conda-linux-gnu-c++ - skipped
[3.633s] -- Detecting CXX compile features
[3.635s] -- Detecting CXX compile features - done
[3.650s] -- Found ament_cmake: 2.8.6 (/home/runner/work/pixi_rosdistro/pixi_rosdistro/install/share/ament_cmake/cmake)
[3.940s] -- Found ament_cmake_ros_core: 0.15.6 (/home/runner/work/pixi_rosdistro/pixi_rosdistro/install/share/ament_cmake_ros_core/cmake)
[3.941s] -- Performing Test USES_GLIBC
[4.050s] -- Performing Test USES_GLIBC - Failed
[4.050s] -- Looking for __atomic_load_8 in atomic
[4.215s] -- Looking for __atomic_load_8 in atomic - found
[4.217s] -- Found performance_test_fixture: 0.4.1 (/home/runner/work/pixi_rosdistro/pixi_rosdistro/install/share/performance_test_fixture/cmake)
[4.651s] -- Found ament_cmake_gmock: 2.8.6 (/home/runner/work/pixi_rosdistro/pixi_rosdistro/install/share/ament_cmake_gmock/cmake)
[4.651s] -- Found ament_cmake_gtest: 2.8.6 (/home/runner/work/pixi_rosdistro/pixi_rosdistro/install/share/ament_cmake_gtest/cmake)
[4.654s] -- Found ament_lint_auto: 0.20.3 (/home/runner/work/pixi_rosdistro/pixi_rosdistro/install/share/ament_lint_auto/cmake)
[4.836s] -- Found gtest sources under '/home/runner/work/pixi_rosdistro/pixi_rosdistro/install/src/gtest_vendor': C++ tests using 'Google Test' will be built
[4.839s] -- Check if compiler accepts -pthread
[4.960s] -- Check if compiler accepts -pthread - yes
[4.962s] -- Found Threads: TRUE
[4.966s] -- Found gmock sources under '/home/runner/work/pixi_rosdistro/pixi_rosdistro/install/src/gmock_vendor': C++ tests using 'Google Mock' will be built
[5.023s] -- Performing Test is_no_as_needed_supported
[5.196s] -- Performing Test is_no_as_needed_supported - Success
[5.255s] -- Performance tests are disabled by default, so Google Benchmark tests will be skipped. To enable these tests, set the CMake variable 'AMENT_RUN_PERFORMANCE_TESTS'.
[5.268s] -- Added test 'copyright' to check source files copyright and LICENSE
[5.284s] -- Added test 'cpplint' to check C / C++ code against the Google style
[5.284s] -- Configured cpplint exclude dirs and/or files: 
[5.287s] -- Added test 'flake8' to check Python code syntax and style conventions
[5.287s] -- Configured 'flake8' exclude dirs and/or files: 
[5.292s] -- Added test 'lint_cmake' to check CMake code style
[5.296s] -- Added test 'pep257' to check Python code against some of the docstring style conventions in PEP 257
[5.312s] -- Added test 'uncrustify' to check C / C++ code style
[5.312s] -- Configured uncrustify additional arguments: 
[5.314s] -- Added test 'xmllint' to check XML markup files
[5.321s] -- Configuring done (2.3s)
[5.436s] -- Generating done (0.1s)
[5.503s] -- Build files have been written to: /home/runner/work/pixi_rosdistro/pixi_rosdistro/build/rcutils
[5.503s] Invoked command in '/home/runner/work/pixi_rosdistro/pixi_rosdistro/build/rcutils' returned '0': AMENT_PREFIX_PATH=/home/runner/work/pixi_rosdistro/pixi_rosdistro/install CMAKE_PREFIX_PATH=/home/runner/work/pixi_rosdistro/pixi_rosdistro/install:${CMAKE_PREFIX_PATH} LD_LIBRARY_PATH=/home/runner/work/pixi_rosdistro/pixi_rosdistro/install/lib PATH=/home/runner/work/pixi_rosdistro/pixi_rosdistro/install/bin:/opt/microsoft/powershell/7:${PATH} PIXI_PROMPT=(ros2_rolling) PKG_CONFIG_PATH=/home/runner/work/pixi_rosdistro/pixi_rosdistro/install/lib/pkgconfig PSModulePath=/home/runner/.local/share/powershell/Modules:${PSModulePath} PYTHONPATH=/home/runner/work/pixi_rosdistro/pixi_rosdistro/install/lib/python3.12/site-packages ROS_DOMAIN_ID=33 /home/runner/work/pixi_rosdistro/pixi_rosdistro/.pixi/envs/default/bin/cmake /home/runner/work/pixi_rosdistro/pixi_rosdistro/src/ros2/rcutils -GNinja --no-warn-unused-cli -DCMAKE_BUILD_TYPE=Release -DCMAKE_BUILD_WITH_INSTALL_RPATH:bool=TRUE -DCMAKE_POLICY_VERSION_MINIMUM=3.5 -Wno-deprecated -DSTACK_DETAILS_AUTO_DETECT:bool=FALSE -DSTACK_DETAILS_BFD:bool=FALSE -DTRACETOOLS_DISABLED=ON -DCMAKE_INSTALL_PREFIX=/home/runner/work/pixi_rosdistro/pixi_rosdistro/install
[5.504s] Invoking command in '/home/runner/work/pixi_rosdistro/pixi_rosdistro/build/rcutils': AMENT_PREFIX_PATH=/home/runner/work/pixi_rosdistro/pixi_rosdistro/install CMAKE_PREFIX_PATH=/home/runner/work/pixi_rosdistro/pixi_rosdistro/install:${CMAKE_PREFIX_PATH} LD_LIBRARY_PATH=/home/runner/work/pixi_rosdistro/pixi_rosdistro/install/lib PATH=/home/runner/work/pixi_rosdistro/pixi_rosdistro/install/bin:/opt/microsoft/powershell/7:${PATH} PIXI_PROMPT=(ros2_rolling) PKG_CONFIG_PATH=/home/runner/work/pixi_rosdistro/pixi_rosdistro/install/lib/pkgconfig PSModulePath=/home/runner/.local/share/powershell/Modules:${PSModulePath} PYTHONPATH=/home/runner/work/pixi_rosdistro/pixi_rosdistro/install/lib/python3.12/site-packages ROS_DOMAIN_ID=33 /home/runner/work/pixi_rosdistro/pixi_rosdistro/.pixi/envs/default/bin/cmake --build /home/runner/work/pixi_rosdistro/pixi_rosdistro/build/rcutils -- -j4 -l4
[5.647s] [1/134] Building C object CMakeFiles/rcutils.dir/src/allocator.c.o
[5.770s] [2/134] Building C object CMakeFiles/rcutils.dir/src/array_list.c.o
[5.930s] [3/134] Building C object CMakeFiles/rcutils.dir/src/base64.c.o
[6.075s] [4/134] Building C object CMakeFiles/rcutils.dir/src/char_array.c.o
[6.199s] [5/134] Building C object CMakeFiles/rcutils.dir/src/cmdline_parser.c.o
[6.348s] [6/134] Building C object CMakeFiles/rcutils.dir/src/env.c.o
[6.484s] [7/134] Building C object CMakeFiles/rcutils.dir/src/error_handling.c.o
[6.617s] [8/134] Building C object CMakeFiles/rcutils.dir/src/filesystem.c.o
[6.781s] [9/134] Building C object CMakeFiles/rcutils.dir/src/find.c.o
[6.921s] [10/134] Building C object CMakeFiles/rcutils.dir/src/format_string.c.o
[7.060s] [11/134] Building C object CMakeFiles/rcutils.dir/src/hash_map.c.o
[7.179s] [12/134] Building C object CMakeFiles/rcutils.dir/src/join.c.o
[7.325s] [13/134] Building C object CMakeFiles/rcutils.dir/src/logging.c.o
[7.479s] [14/134] Building C object CMakeFiles/rcutils.dir/src/process.c.o
[7.614s] [15/134] Building C object CMakeFiles/rcutils.dir/src/qsort.c.o
[7.742s] [16/134] Building C object CMakeFiles/rcutils.dir/src/repl_str.c.o
[7.885s] [17/134] Building C object CMakeFiles/rcutils.dir/src/sha256.c.o
[7.998s] [18/134] Building C object CMakeFiles/rcutils.dir/src/shared_library.c.o
[8.103s] [19/134] Building C object CMakeFiles/rcutils.dir/src/snprintf.c.o
[8.231s] [20/134] Building C object CMakeFiles/rcutils.dir/src/split.c.o
[8.309s] [21/134] Building C object CMakeFiles/rcutils.dir/src/strcasecmp.c.o
[8.422s] [22/134] Building C object CMakeFiles/rcutils.dir/src/strdup.c.o
[8.521s] [23/134] Building C object CMakeFiles/rcutils.dir/src/strerror.c.o
[8.679s] [24/134] Building C object CMakeFiles/rcutils.dir/src/string_array.c.o
[8.826s] [25/134] Building C object CMakeFiles/rcutils.dir/src/string_map.c.o
[8.935s] [26/134] Building C object CMakeFiles/rcutils.dir/src/strnlen.c.o
[9.084s] [27/134] Building C object CMakeFiles/rcutils.dir/src/testing/fault_injection.c.o
[9.165s] [28/134] Building C object CMakeFiles/rcutils.dir/src/time.c.o
[9.330s] [29/134] Building C object CMakeFiles/rcutils.dir/src/time_unix.c.o
[9.460s] [30/134] Building C object CMakeFiles/rcutils.dir/src/uint8_array.c.o
[9.554s] [31/134] Building C object CMakeFiles/dummy_shared_library_preloaded.dir/test/dummy_shared_library/dummy_shared_library.c.o
[9.999s] [32/134] Building CXX object gtest/CMakeFiles/gtest.dir/src/gtest-all.cc.o
[10.281s] [33/134] Building CXX object gtest/CMakeFiles/gtest_main.dir/src/gtest_main.cc.o
[10.844s] [34/134] Building CXX object gmock/CMakeFiles/gmock.dir/home/runner/work/pixi_rosdistro/pixi_rosdistro/install/src/gtest_vendor/src/gtest-all.cc.o
[11.193s] [35/134] Building CXX object gmock/CMakeFiles/gmock.dir/src/gmock-all.cc.o
[11.501s] [36/134] Building CXX object gmock/CMakeFiles/gmock_main.dir/src/gmock_main.cc.o
[11.531s] [37/134] Linking C shared library librcutils.so
[11.967s] [38/134] Building CXX object CMakeFiles/test_logging.dir/test/test_logging.cpp.o
[12.194s] [39/134] Building CXX object CMakeFiles/test_logging_long_messages.dir/test/test_logging_long_messages.cpp.o
[12.609s] [40/134] Building CXX object CMakeFiles/test_logging_macros.dir/test/test_logging_macros.cpp.o
[12.769s] [41/134] Building C object CMakeFiles/test_logging_macros_c.dir/test/test_logging_macros.c.o
[13.132s] [42/134] Building CXX object CMakeFiles/test_allocator.dir/test/test_allocator.cpp.o
[13.459s] [43/134] Building CXX object CMakeFiles/test_char_array.dir/test/test_char_array.cpp.o
[13.599s] [44/134] Building C object CMakeFiles/test_atomics_executable.dir/test/test_atomics.c.o
[14.086s] [45/134] Building CXX object CMakeFiles/test_error_handling.dir/test/test_error_handling.cpp.o
[14.640s] [46/134] Building CXX object CMakeFiles/test_error_handling_helpers.dir/test/test_error_handling_helpers.cpp.o
[14.964s] [47/134] Building CXX object CMakeFiles/test_split.dir/test/test_split.cpp.o
[15.303s] [48/134] Building CXX object CMakeFiles/test_join.dir/test/test_join.cpp.o
[15.640s] [49/134] Building CXX object CMakeFiles/test_find.dir/test/test_find.cpp.o
[16.103s] [50/134] Building CXX object CMakeFiles/test_strerror.dir/test/test_strerror.cpp.o
[16.480s] [51/134] Building CXX object CMakeFiles/test_string_array.dir/test/test_string_array.cpp.o
[16.842s] [52/134] Building CXX object CMakeFiles/test_env.dir/test/test_env.cpp.o
[17.393s] [53/134] Building CXX object CMakeFiles/test_filesystem.dir/test/test_filesystem.cpp.o
[17.734s] [54/134] Building CXX object CMakeFiles/test_strdup.dir/test/test_strdup.cpp.o
[18.029s] [55/134] Building CXX object CMakeFiles/test_format_string.dir/test/test_format_string.cpp.o
[18.433s] [56/134] Building CXX object CMakeFiles/test_string_map.dir/test/test_string_map.cpp.o
[18.798s] [57/134] Building CXX object CMakeFiles/test_isalnum_no_locale.dir/test/test_isalnum_no_locale.cpp.o
[19.081s] [58/134] Building CXX object CMakeFiles/test_repl_str.dir/test/test_repl_str.cpp.o
[19.396s] [59/134] Building CXX object CMakeFiles/test_sha256.dir/test/test_sha256.cpp.o
[19.776s] [60/134] Building CXX object CMakeFiles/test_shared_library_in_run_paths.dir/test/test_shared_library.cpp.o
[19.882s] [61/134] Building C object CMakeFiles/dummy_shared_library_in_run_paths.dir/test/dummy_shared_library/dummy_shared_library.c.o
[20.215s] [62/134] Building CXX object CMakeFiles/test_shared_library_in_load_paths.dir/test/test_shared_library.cpp.o
[20.345s] [63/134] Building C object CMakeFiles/dummy_shared_library_in_load_paths.dir/test/dummy_shared_library/dummy_shared_library.c.o
[20.624s] [64/134] Building CXX object CMakeFiles/test_shared_library_preloaded.dir/test/test_shared_library.cpp.o
[20.646s] [65/134] Linking C shared library test_libraries/libdummy_shared_library_preloaded.so
[21.182s] [66/134] Building CXX object CMakeFiles/test_time.dir/test/test_time.cpp.o
[21.491s] [67/134] Building CXX object CMakeFiles/test_snprintf.dir/test/test_snprintf.cpp.o
[21.814s] [68/134] Building CXX object CMakeFiles/test_strcasecmp.dir/test/test_strcasecmp.cpp.o
[22.120s] [69/134] Building CXX object CMakeFiles/test_uint8_array.dir/test/test_uint8_array.cpp.o
[22.416s] [70/134] Building CXX object CMakeFiles/test_array_list.dir/test/test_array_list.cpp.o
[22.806s] [71/134] Building CXX object CMakeFiles/test_hash_map.dir/test/test_hash_map.cpp.o
[23.137s] [72/134] Building CXX object CMakeFiles/test_cmdline_parser.dir/test/test_cmdline_parser.cpp.o
[23.599s] [73/134] Building CXX object CMakeFiles/test_process.dir/test/test_process.cpp.o
[24.053s] [74/134] Building CXX object CMakeFiles/test_logging_custom_env.dir/test/test_logging_custom_env.cpp.o
[24.414s] [75/134] Building CXX object CMakeFiles/test_logging_custom_env2.dir/test/test_logging_custom_env.cpp.o
[24.722s] [76/134] Building CXX object CMakeFiles/test_logging_bad_env.dir/test/test_logging_bad_env.cpp.o
[25.275s] [77/134] Building CXX object CMakeFiles/test_logging_bad_env2.dir/test/test_logging_bad_env.cpp.o
[25.556s] [78/134] Building CXX object CMakeFiles/test_logging_bad_env3.dir/test/test_logging_bad_env.cpp.o
[25.895s] [79/134] Building CXX object CMakeFiles/test_logging_enable_for.dir/test/test_logging_enable_for.cpp.o
[26.318s] [80/134] Building CXX object CMakeFiles/test_logging_console_output_handler.dir/test/test_logging_console_output_handler.cpp.o
[26.792s] [81/134] Building CXX object CMakeFiles/test_macros.dir/test/test_macros.cpp.o
[27.142s] [82/134] Building CXX object CMakeFiles/benchmark_logging.dir/test/benchmark/benchmark_logging.cpp.o
[27.388s] [83/134] Building CXX object CMakeFiles/benchmark_err_handle.dir/test/benchmark/benchmark_error_handling.cpp.o
[27.755s] [84/134] Building CXX object CMakeFiles/test_base64.dir/test/test_base64.cpp.o
[27.791s] [85/134] Linking CXX static library gtest/libgtest.a
[27.805s] [86/134] Linking CXX static library gtest/libgtest_main.a
[27.829s] [87/134] Linking CXX static library gmock/libgmock.a
[27.840s] [88/134] Linking CXX static library gmock/libgmock_main.a
[27.933s] [89/134] Linking CXX executable test_logging
[28.057s] [90/134] Linking CXX executable test_logging_long_messages
[28.224s] [91/134] Linking CXX executable test_logging_macros
[28.281s] [92/134] Linking C executable test_logging_macros_c
[28.478s] [93/134] Linking CXX executable test_allocator
[28.602s] [94/134] Linking CXX executable test_char_array
[28.645s] [95/134] Linking C executable test_atomics_executable
[28.855s] [96/134] Linking CXX executable test_error_handling
[29.027s] [97/134] Linking CXX executable test_error_handling_helpers
[29.157s] [98/134] Linking CXX executable test_split
[29.309s] [99/134] Linking CXX executable test_join
[29.459s] [100/134] Linking CXX executable test_find
[29.609s] [101/134] Linking CXX executable test_strerror
[29.753s] [102/134] Linking CXX executable test_string_array
[29.958s] [103/134] Linking CXX executable test_env
[30.124s] [104/134] Linking CXX executable test_filesystem
[30.227s] [105/134] Linking CXX executable test_strdup
[30.357s] [106/134] Linking CXX executable test_format_string
[30.584s] [107/134] Linking CXX executable test_string_map
[30.740s] [108/134] Linking CXX executable test_isalnum_no_locale
[30.865s] [109/134] Linking CXX executable test_repl_str
[31.022s] [110/134] Linking CXX executable test_sha256
[31.134s] [111/134] Linking CXX executable test_shared_library_in_run_paths
[31.161s] [112/134] Linking C shared library libdummy_shared_library_in_run_paths.so
[31.268s] [113/134] Linking CXX executable test_shared_library_in_load_paths
[31.292s] [114/134] Linking C shared library test_libraries/libdummy_shared_library_in_load_paths.so
[31.504s] [115/134] Linking CXX executable test_shared_library_preloaded
[31.646s] [116/134] Linking CXX executable test_time
[31.751s] [117/134] Linking CXX executable test_snprintf
[31.880s] [118/134] Linking CXX executable test_strcasecmp
[32.061s] [119/134] Linking CXX executable test_uint8_array
[32.185s] [120/134] Linking CXX executable test_array_list
[32.389s] [121/134] Linking CXX executable test_hash_map
[32.610s] [122/134] Linking CXX executable test_cmdline_parser
[32.786s] [123/134] Linking CXX executable test_process
[32.947s] [124/134] Linking CXX executable test_logging_custom_env
[33.107s] [125/134] Linking CXX executable test_logging_custom_env2
[33.304s] [126/134] Linking CXX executable test_logging_bad_env
[33.499s] [127/134] Linking CXX executable test_logging_bad_env2
[33.787s] [128/134] Linking CXX executable test_logging_bad_env3
[34.065s] [129/134] Linking CXX executable test_logging_enable_for
[34.239s] [130/134] Linking CXX executable test_logging_console_output_handler
[34.415s] [131/134] Linking CXX executable test_macros
[34.547s] [132/134] Linking CXX executable benchmark_logging
[34.619s] [133/134] Linking CXX executable benchmark_err_handle
[34.757s] [134/134] Linking CXX executable test_base64
[34.758s] Invoked command in '/home/runner/work/pixi_rosdistro/pixi_rosdistro/build/rcutils' returned '0': AMENT_PREFIX_PATH=/home/runner/work/pixi_rosdistro/pixi_rosdistro/install CMAKE_PREFIX_PATH=/home/runner/work/pixi_rosdistro/pixi_rosdistro/install:${CMAKE_PREFIX_PATH} LD_LIBRARY_PATH=/home/runner/work/pixi_rosdistro/pixi_rosdistro/install/lib PATH=/home/runner/work/pixi_rosdistro/pixi_rosdistro/install/bin:/opt/microsoft/powershell/7:${PATH} PIXI_PROMPT=(ros2_rolling) PKG_CONFIG_PATH=/home/runner/work/pixi_rosdistro/pixi_rosdistro/install/lib/pkgconfig PSModulePath=/home/runner/.local/share/powershell/Modules:${PSModulePath} PYTHONPATH=/home/runner/work/pixi_rosdistro/pixi_rosdistro/install/lib/python3.12/site-packages ROS_DOMAIN_ID=33 /home/runner/work/pixi_rosdistro/pixi_rosdistro/.pixi/envs/default/bin/cmake --build /home/runner/work/pixi_rosdistro/pixi_rosdistro/build/rcutils -- -j4 -l4
[34.760s] Invoking command in '/home/runner/work/pixi_rosdistro/pixi_rosdistro/build/rcutils': AMENT_PREFIX_PATH=/home/runner/work/pixi_rosdistro/pixi_rosdistro/install CMAKE_PREFIX_PATH=/home/runner/work/pixi_rosdistro/pixi_rosdistro/install:${CMAKE_PREFIX_PATH} LD_LIBRARY_PATH=/home/runner/work/pixi_rosdistro/pixi_rosdistro/install/lib PATH=/home/runner/work/pixi_rosdistro/pixi_rosdistro/install/bin:/opt/microsoft/powershell/7:${PATH} PIXI_PROMPT=(ros2_rolling) PKG_CONFIG_PATH=/home/runner/work/pixi_rosdistro/pixi_rosdistro/install/lib/pkgconfig PSModulePath=/home/runner/.local/share/powershell/Modules:${PSModulePath} PYTHONPATH=/home/runner/work/pixi_rosdistro/pixi_rosdistro/install/lib/python3.12/site-packages ROS_DOMAIN_ID=33 /home/runner/work/pixi_rosdistro/pixi_rosdistro/.pixi/envs/default/bin/cmake --install /home/runner/work/pixi_rosdistro/pixi_rosdistro/build/rcutils
[34.770s] -- Install configuration: "Release"
[34.770s] -- Installing: /home/runner/work/pixi_rosdistro/pixi_rosdistro/install/lib/librcutils.so
[34.770s] -- Installing: /home/runner/work/pixi_rosdistro/pixi_rosdistro/install/share/rcutils/environment/library_path.sh
[34.771s] -- Installing: /home/runner/work/pixi_rosdistro/pixi_rosdistro/install/share/rcutils/environment/library_path.dsv
[34.771s] -- Installing: /home/runner/work/pixi_rosdistro/pixi_rosdistro/install/share/ament_index/resource_index/package_run_dependencies/rcutils
[34.771s] -- Installing: /home/runner/work/pixi_rosdistro/pixi_rosdistro/install/share/ament_index/resource_index/parent_prefix_path/rcutils
[34.771s] -- Installing: /home/runner/work/pixi_rosdistro/pixi_rosdistro/install/share/rcutils/environment/ament_prefix_path.sh
[34.771s] -- Installing: /home/runner/work/pixi_rosdistro/pixi_rosdistro/install/share/rcutils/environment/ament_prefix_path.dsv
[34.772s] -- Installing: /home/runner/work/pixi_rosdistro/pixi_rosdistro/install/share/rcutils/environment/path.sh
[34.774s] -- Installing: /home/runner/work/pixi_rosdistro/pixi_rosdistro/install/share/rcutils/environment/path.dsv
[34.774s] -- Installing: /home/runner/work/pixi_rosdistro/pixi_rosdistro/install/share/rcutils/local_setup.bash
[34.774s] -- Installing: /home/runner/work/pixi_rosdistro/pixi_rosdistro/install/share/rcutils/local_setup.fish
[34.774s] -- Installing: /home/runner/work/pixi_rosdistro/pixi_rosdistro/install/share/rcutils/local_setup.sh
[34.774s] -- Installing: /home/runner/work/pixi_rosdistro/pixi_rosdistro/install/share/rcutils/local_setup.zsh
[34.775s] -- Installing: /home/runner/work/pixi_rosdistro/pixi_rosdistro/install/share/rcutils/local_setup.dsv
[34.775s] -- Installing: /home/runner/work/pixi_rosdistro/pixi_rosdistro/install/share/rcutils/package.dsv
[34.776s] -- Installing: /home/runner/work/pixi_rosdistro/pixi_rosdistro/install/share/ament_index/resource_index/packages/rcutils
[34.776s] -- Installing: /home/runner/work/pixi_rosdistro/pixi_rosdistro/install/share/rcutils/cmake/rcutilsExport.cmake
[34.776s] -- Installing: /home/runner/work/pixi_rosdistro/pixi_rosdistro/install/share/rcutils/cmake/rcutilsExport-release.cmake
[34.779s] -- Installing: /home/runner/work/pixi_rosdistro/pixi_rosdistro/install/share/rcutils/cmake/ament_cmake_export_link_flags-extras.cmake
[34.779s] -- Installing: /home/runner/work/pixi_rosdistro/pixi_rosdistro/install/share/rcutils/cmake/ament_cmake_export_include_directories-extras.cmake
[34.779s] -- Installing: /home/runner/work/pixi_rosdistro/pixi_rosdistro/install/share/rcutils/cmake/ament_cmake_export_libraries-extras.cmake
[34.779s] -- Installing: /home/runner/work/pixi_rosdistro/pixi_rosdistro/install/share/rcutils/cmake/ament_cmake_export_targets-extras.cmake
[34.780s] -- Installing: /home/runner/work/pixi_rosdistro/pixi_rosdistro/install/share/rcutils/cmake/ament_cmake_export_dependencies-extras.cmake
[34.780s] -- Installing: /home/runner/work/pixi_rosdistro/pixi_rosdistro/install/share/rcutils/cmake/rcutilsConfig.cmake
[34.780s] -- Installing: /home/runner/work/pixi_rosdistro/pixi_rosdistro/install/share/rcutils/cmake/rcutilsConfig-version.cmake
[34.780s] -- Installing: /home/runner/work/pixi_rosdistro/pixi_rosdistro/install/share/rcutils/package.xml
[34.780s] -- Installing: /home/runner/work/pixi_rosdistro/pixi_rosdistro/install/include/rcutils
[34.780s] -- Installing: /home/runner/work/pixi_rosdistro/pixi_rosdistro/install/include/rcutils/rcutils
[34.780s] -- Installing: /home/runner/work/pixi_rosdistro/pixi_rosdistro/install/include/rcutils/rcutils/strcasecmp.h
[34.780s] -- Installing: /home/runner/work/pixi_rosdistro/pixi_rosdistro/install/include/rcutils/rcutils/macros.h
[34.780s] -- Installing: /home/runner/work/pixi_rosdistro/pixi_rosdistro/install/include/rcutils/rcutils/visibility_control_macros.h
[34.780s] -- Installing: /home/runner/work/pixi_rosdistro/pixi_rosdistro/install/include/rcutils/rcutils/logging.h
[34.781s] -- Installing: /home/runner/work/pixi_rosdistro/pixi_rosdistro/install/include/rcutils/rcutils/types
[34.781s] -- Installing: /home/runner/work/pixi_rosdistro/pixi_rosdistro/install/include/rcutils/rcutils/types/char_array.h
[34.781s] -- Installing: /home/runner/work/pixi_rosdistro/pixi_rosdistro/install/include/rcutils/rcutils/types/string_map.h
[34.782s] -- Installing: /home/runner/work/pixi_rosdistro/pixi_rosdistro/install/include/rcutils/rcutils/types/array_list.h
[34.782s] -- Installing: /home/runner/work/pixi_rosdistro/pixi_rosdistro/install/include/rcutils/rcutils/types/rcutils_ret.h
[34.782s] -- Installing: /home/runner/work/pixi_rosdistro/pixi_rosdistro/install/include/rcutils/rcutils/types/hash_map.h
[34.783s] -- Installing: /home/runner/work/pixi_rosdistro/pixi_rosdistro/install/include/rcutils/rcutils/types/string_array.h
[34.783s] -- Installing: /home/runner/work/pixi_rosdistro/pixi_rosdistro/install/include/rcutils/rcutils/types/uint8_array.h
[34.784s] -- Installing: /home/runner/work/pixi_rosdistro/pixi_rosdistro/install/include/rcutils/rcutils/qsort.h
[34.784s] -- Installing: /home/runner/work/pixi_rosdistro/pixi_rosdistro/install/include/rcutils/rcutils/process.h
[34.785s] -- Installing: /home/runner/work/pixi_rosdistro/pixi_rosdistro/install/include/rcutils/rcutils/testing
[34.785s] -- Installing: /home/runner/work/pixi_rosdistro/pixi_rosdistro/install/include/rcutils/rcutils/testing/fault_injection.h
[34.785s] -- Installing: /home/runner/work/pixi_rosdistro/pixi_rosdistro/install/include/rcutils/rcutils/strdup.h
[34.786s] -- Installing: /home/runner/work/pixi_rosdistro/pixi_rosdistro/install/include/rcutils/rcutils/allocator.h
[34.787s] -- Installing: /home/runner/work/pixi_rosdistro/pixi_rosdistro/install/include/rcutils/rcutils/filesystem.h
[34.787s] -- Installing: /home/runner/work/pixi_rosdistro/pixi_rosdistro/install/include/rcutils/rcutils/strerror.h
[34.787s] -- Installing: /home/runner/work/pixi_rosdistro/pixi_rosdistro/install/include/rcutils/rcutils/shared_library.h
[34.787s] -- Installing: /home/runner/work/pixi_rosdistro/pixi_rosdistro/install/include/rcutils/rcutils/stdatomic_helper
[34.788s] -- Installing: /home/runner/work/pixi_rosdistro/pixi_rosdistro/install/include/rcutils/rcutils/stdatomic_helper/gcc
[34.788s] -- Installing: /home/runner/work/pixi_rosdistro/pixi_rosdistro/install/include/rcutils/rcutils/stdatomic_helper/gcc/stdatomic.h
[34.788s] -- Installing: /home/runner/work/pixi_rosdistro/pixi_rosdistro/install/include/rcutils/rcutils/stdatomic_helper/win32
[34.788s] -- Installing: /home/runner/work/pixi_rosdistro/pixi_rosdistro/install/include/rcutils/rcutils/stdatomic_helper/win32/stdatomic.h
[34.790s] -- Installing: /home/runner/work/pixi_rosdistro/pixi_rosdistro/install/include/rcutils/rcutils/base64.h
[34.790s] -- Installing: /home/runner/work/pixi_rosdistro/pixi_rosdistro/install/include/rcutils/rcutils/logging_macros.h
[34.790s] -- Installing: /home/runner/work/pixi_rosdistro/pixi_rosdistro/install/include/rcutils/rcutils/env.h
[34.790s] -- Installing: /home/runner/work/pixi_rosdistro/pixi_rosdistro/install/include/rcutils/rcutils/join.h
[34.790s] -- Installing: /home/runner/work/pixi_rosdistro/pixi_rosdistro/install/include/rcutils/rcutils/sha256.h
[34.791s] -- Installing: /home/runner/work/pixi_rosdistro/pixi_rosdistro/install/include/rcutils/rcutils/stdatomic_helper.h
[34.791s] -- Installing: /home/runner/work/pixi_rosdistro/pixi_rosdistro/install/include/rcutils/rcutils/visibility_control.h
[34.791s] -- Installing: /home/runner/work/pixi_rosdistro/pixi_rosdistro/install/include/rcutils/rcutils/error_handling.h
[34.791s] -- Installing: /home/runner/work/pixi_rosdistro/pixi_rosdistro/install/include/rcutils/rcutils/strnlen.h
[34.792s] -- Installing: /home/runner/work/pixi_rosdistro/pixi_rosdistro/install/include/rcutils/rcutils/snprintf.h
[34.792s] -- Installing: /home/runner/work/pixi_rosdistro/pixi_rosdistro/install/include/rcutils/rcutils/time.h
[34.792s] -- Installing: /home/runner/work/pixi_rosdistro/pixi_rosdistro/install/include/rcutils/rcutils/find.h
[34.793s] -- Installing: /home/runner/work/pixi_rosdistro/pixi_rosdistro/install/include/rcutils/rcutils/types.h
[34.795s] -- Installing: /home/runner/work/pixi_rosdistro/pixi_rosdistro/install/include/rcutils/rcutils/cmdline_parser.h
[34.795s] -- Installing: /home/runner/work/pixi_rosdistro/pixi_rosdistro/install/include/rcutils/rcutils/isalnum_no_locale.h
[34.795s] -- Installing: /home/runner/work/pixi_rosdistro/pixi_rosdistro/install/include/rcutils/rcutils/repl_str.h
[34.795s] -- Installing: /home/runner/work/pixi_rosdistro/pixi_rosdistro/install/include/rcutils/rcutils/format_string.h
[34.795s] -- Installing: /home/runner/work/pixi_rosdistro/pixi_rosdistro/install/include/rcutils/rcutils/split.h
[34.799s] Invoked command in '/home/runner/work/pixi_rosdistro/pixi_rosdistro/build/rcutils' returned '0': AMENT_PREFIX_PATH=/home/runner/work/pixi_rosdistro/pixi_rosdistro/install CMAKE_PREFIX_PATH=/home/runner/work/pixi_rosdistro/pixi_rosdistro/install:${CMAKE_PREFIX_PATH} LD_LIBRARY_PATH=/home/runner/work/pixi_rosdistro/pixi_rosdistro/install/lib PATH=/home/runner/work/pixi_rosdistro/pixi_rosdistro/install/bin:/opt/microsoft/powershell/7:${PATH} PIXI_PROMPT=(ros2_rolling) PKG_CONFIG_PATH=/home/runner/work/pixi_rosdistro/pixi_rosdistro/install/lib/pkgconfig PSModulePath=/home/runner/.local/share/powershell/Modules:${PSModulePath} PYTHONPATH=/home/runner/work/pixi_rosdistro/pixi_rosdistro/install/lib/python3.12/site-packages ROS_DOMAIN_ID=33 /home/runner/work/pixi_rosdistro/pixi_rosdistro/.pixi/envs/default/bin/cmake --install /home/runner/work/pixi_rosdistro/pixi_rosdistro/build/rcutils
