[4.425s] Invoking command in '/home/runner/work/pixi_rosdistro/pixi_rosdistro/build/rcl_logging_noop': AMENT_PREFIX_PATH=/home/runner/work/pixi_rosdistro/pixi_rosdistro/install CMAKE_PREFIX_PATH=/home/runner/work/pixi_rosdistro/pixi_rosdistro/install:${CMAKE_PREFIX_PATH} LD_LIBRARY_PATH=/home/runner/work/pixi_rosdistro/pixi_rosdistro/install/lib PATH=/home/runner/work/pixi_rosdistro/pixi_rosdistro/install/bin:/opt/microsoft/powershell/7:${PATH} PIXI_PROMPT=(ros2_rolling) PKG_CONFIG_PATH=/home/runner/work/pixi_rosdistro/pixi_rosdistro/install/lib/pkgconfig PSModulePath=/home/runner/.local/share/powershell/Modules:${PSModulePath} PYTHONPATH=/home/runner/work/pixi_rosdistro/pixi_rosdistro/install/lib/python3.12/site-packages ROS_DOMAIN_ID=231 /home/runner/work/pixi_rosdistro/pixi_rosdistro/.pixi/envs/default/bin/cmake /home/runner/work/pixi_rosdistro/pixi_rosdistro/src/ros2/rcl_logging/rcl_logging_noop -GNinja --no-warn-unused-cli -DCMAKE_BUILD_TYPE=Release -DCMAKE_BUILD_WITH_INSTALL_RPATH:bool=TRUE -DCMAKE_POLICY_VERSION_MINIMUM=3.5 -Wno-deprecated -DSTACK_DETAILS_AUTO_DETECT:bool=FALSE -DSTACK_DETAILS_BFD:bool=FALSE -DTRACETOOLS_DISABLED=ON -DCMAKE_INSTALL_PREFIX=/home/runner/work/pixi_rosdistro/pixi_rosdistro/install
[4.482s] Not searching for unused variables given on the command line.
[4.483s] -- The C compiler identification is GNU 14.3.0
[4.608s] -- The CXX compiler identification is GNU 14.3.0
[4.620s] -- Detecting C compiler ABI info
[4.862s] -- Detecting C compiler ABI info - done
[4.886s] -- Check for working C compiler: /home/runner/work/pixi_rosdistro/pixi_rosdistro/.pixi/envs/default/bin/x86_64-conda-linux-gnu-cc - skipped
[4.886s] -- Detecting C compile features
[4.887s] -- Detecting C compile features - done
[4.905s] -- Detecting CXX compiler ABI info
[5.096s] -- Detecting CXX compiler ABI info - done
[5.120s] -- Check for working CXX compiler: /home/runner/work/pixi_rosdistro/pixi_rosdistro/.pixi/envs/default/bin/x86_64-conda-linux-gnu-c++ - skipped
[5.120s] -- Detecting CXX compile features
[5.121s] -- Detecting CXX compile features - done
[5.130s] -- Found ament_cmake_ros: 0.15.6 (/home/runner/work/pixi_rosdistro/pixi_rosdistro/install/share/ament_cmake_ros/cmake)
[5.358s] -- Found rcl_logging_interface: 3.4.1 (/home/runner/work/pixi_rosdistro/pixi_rosdistro/install/share/rcl_logging_interface/cmake)
[5.366s] -- Found ament_lint_auto: 0.20.3 (/home/runner/work/pixi_rosdistro/pixi_rosdistro/install/share/ament_lint_auto/cmake)
[5.485s] -- Added test 'copyright' to check source files copyright and LICENSE
[5.487s] -- Added test 'cppcheck' to perform static code analysis on C / C++ code
[5.487s] -- Configured cppcheck include dirs: 
[5.487s] -- Configured cppcheck exclude dirs and/or files: 
[5.488s] -- Added test 'cpplint' to check C / C++ code against the Google style
[5.488s] -- Configured cpplint exclude dirs and/or files: 
[5.490s] -- Added test 'lint_cmake' to check CMake code style
[5.491s] -- Added test 'uncrustify' to check C / C++ code style
[5.491s] -- Configured uncrustify additional arguments: 
[5.492s] -- Added test 'xmllint' to check XML markup files
[5.496s] -- Configuring done (1.1s)
[5.507s] -- Generating done (0.0s)
[5.510s] -- Build files have been written to: /home/runner/work/pixi_rosdistro/pixi_rosdistro/build/rcl_logging_noop
[5.514s] Invoked command in '/home/runner/work/pixi_rosdistro/pixi_rosdistro/build/rcl_logging_noop' returned '0': AMENT_PREFIX_PATH=/home/runner/work/pixi_rosdistro/pixi_rosdistro/install CMAKE_PREFIX_PATH=/home/runner/work/pixi_rosdistro/pixi_rosdistro/install:${CMAKE_PREFIX_PATH} LD_LIBRARY_PATH=/home/runner/work/pixi_rosdistro/pixi_rosdistro/install/lib PATH=/home/runner/work/pixi_rosdistro/pixi_rosdistro/install/bin:/opt/microsoft/powershell/7:${PATH} PIXI_PROMPT=(ros2_rolling) PKG_CONFIG_PATH=/home/runner/work/pixi_rosdistro/pixi_rosdistro/install/lib/pkgconfig PSModulePath=/home/runner/.local/share/powershell/Modules:${PSModulePath} PYTHONPATH=/home/runner/work/pixi_rosdistro/pixi_rosdistro/install/lib/python3.12/site-packages ROS_DOMAIN_ID=231 /home/runner/work/pixi_rosdistro/pixi_rosdistro/.pixi/envs/default/bin/cmake /home/runner/work/pixi_rosdistro/pixi_rosdistro/src/ros2/rcl_logging/rcl_logging_noop -GNinja --no-warn-unused-cli -DCMAKE_BUILD_TYPE=Release -DCMAKE_BUILD_WITH_INSTALL_RPATH:bool=TRUE -DCMAKE_POLICY_VERSION_MINIMUM=3.5 -Wno-deprecated -DSTACK_DETAILS_AUTO_DETECT:bool=FALSE -DSTACK_DETAILS_BFD:bool=FALSE -DTRACETOOLS_DISABLED=ON -DCMAKE_INSTALL_PREFIX=/home/runner/work/pixi_rosdistro/pixi_rosdistro/install
[5.515s] Invoking command in '/home/runner/work/pixi_rosdistro/pixi_rosdistro/build/rcl_logging_noop': AMENT_PREFIX_PATH=/home/runner/work/pixi_rosdistro/pixi_rosdistro/install CMAKE_PREFIX_PATH=/home/runner/work/pixi_rosdistro/pixi_rosdistro/install:${CMAKE_PREFIX_PATH} LD_LIBRARY_PATH=/home/runner/work/pixi_rosdistro/pixi_rosdistro/install/lib PATH=/home/runner/work/pixi_rosdistro/pixi_rosdistro/install/bin:/opt/microsoft/powershell/7:${PATH} PIXI_PROMPT=(ros2_rolling) PKG_CONFIG_PATH=/home/runner/work/pixi_rosdistro/pixi_rosdistro/install/lib/pkgconfig PSModulePath=/home/runner/.local/share/powershell/Modules:${PSModulePath} PYTHONPATH=/home/runner/work/pixi_rosdistro/pixi_rosdistro/install/lib/python3.12/site-packages ROS_DOMAIN_ID=231 /home/runner/work/pixi_rosdistro/pixi_rosdistro/.pixi/envs/default/bin/cmake --build /home/runner/work/pixi_rosdistro/pixi_rosdistro/build/rcl_logging_noop -- -j4 -l4
[5.648s] [1/2] Building CXX object CMakeFiles/rcl_logging_noop.dir/src/rcl_logging_noop.cpp.o
[5.689s] [2/2] Linking CXX shared library librcl_logging_noop.so
[5.691s] Invoked command in '/home/runner/work/pixi_rosdistro/pixi_rosdistro/build/rcl_logging_noop' returned '0': AMENT_PREFIX_PATH=/home/runner/work/pixi_rosdistro/pixi_rosdistro/install CMAKE_PREFIX_PATH=/home/runner/work/pixi_rosdistro/pixi_rosdistro/install:${CMAKE_PREFIX_PATH} LD_LIBRARY_PATH=/home/runner/work/pixi_rosdistro/pixi_rosdistro/install/lib PATH=/home/runner/work/pixi_rosdistro/pixi_rosdistro/install/bin:/opt/microsoft/powershell/7:${PATH} PIXI_PROMPT=(ros2_rolling) PKG_CONFIG_PATH=/home/runner/work/pixi_rosdistro/pixi_rosdistro/install/lib/pkgconfig PSModulePath=/home/runner/.local/share/powershell/Modules:${PSModulePath} PYTHONPATH=/home/runner/work/pixi_rosdistro/pixi_rosdistro/install/lib/python3.12/site-packages ROS_DOMAIN_ID=231 /home/runner/work/pixi_rosdistro/pixi_rosdistro/.pixi/envs/default/bin/cmake --build /home/runner/work/pixi_rosdistro/pixi_rosdistro/build/rcl_logging_noop -- -j4 -l4
[5.692s] Invoking command in '/home/runner/work/pixi_rosdistro/pixi_rosdistro/build/rcl_logging_noop': AMENT_PREFIX_PATH=/home/runner/work/pixi_rosdistro/pixi_rosdistro/install CMAKE_PREFIX_PATH=/home/runner/work/pixi_rosdistro/pixi_rosdistro/install:${CMAKE_PREFIX_PATH} LD_LIBRARY_PATH=/home/runner/work/pixi_rosdistro/pixi_rosdistro/install/lib PATH=/home/runner/work/pixi_rosdistro/pixi_rosdistro/install/bin:/opt/microsoft/powershell/7:${PATH} PIXI_PROMPT=(ros2_rolling) PKG_CONFIG_PATH=/home/runner/work/pixi_rosdistro/pixi_rosdistro/install/lib/pkgconfig PSModulePath=/home/runner/.local/share/powershell/Modules:${PSModulePath} PYTHONPATH=/home/runner/work/pixi_rosdistro/pixi_rosdistro/install/lib/python3.12/site-packages ROS_DOMAIN_ID=231 /home/runner/work/pixi_rosdistro/pixi_rosdistro/.pixi/envs/default/bin/cmake --install /home/runner/work/pixi_rosdistro/pixi_rosdistro/build/rcl_logging_noop
[5.697s] -- Install configuration: "Release"
[5.697s] -- Installing: /home/runner/work/pixi_rosdistro/pixi_rosdistro/install/lib/librcl_logging_noop.so
[5.698s] -- Installing: /home/runner/work/pixi_rosdistro/pixi_rosdistro/install/share/rcl_logging_noop/environment/library_path.sh
[5.698s] -- Installing: /home/runner/work/pixi_rosdistro/pixi_rosdistro/install/share/rcl_logging_noop/environment/library_path.dsv
[5.698s] -- Installing: /home/runner/work/pixi_rosdistro/pixi_rosdistro/install/share/ament_index/resource_index/package_run_dependencies/rcl_logging_noop
[5.698s] -- Installing: /home/runner/work/pixi_rosdistro/pixi_rosdistro/install/share/ament_index/resource_index/parent_prefix_path/rcl_logging_noop
[5.699s] -- Installing: /home/runner/work/pixi_rosdistro/pixi_rosdistro/install/share/rcl_logging_noop/environment/ament_prefix_path.sh
[5.699s] -- Installing: /home/runner/work/pixi_rosdistro/pixi_rosdistro/install/share/rcl_logging_noop/environment/ament_prefix_path.dsv
[5.699s] -- Installing: /home/runner/work/pixi_rosdistro/pixi_rosdistro/install/share/rcl_logging_noop/environment/path.sh
[5.699s] -- Installing: /home/runner/work/pixi_rosdistro/pixi_rosdistro/install/share/rcl_logging_noop/environment/path.dsv
[5.699s] -- Installing: /home/runner/work/pixi_rosdistro/pixi_rosdistro/install/share/rcl_logging_noop/local_setup.bash
[5.700s] -- Installing: /home/runner/work/pixi_rosdistro/pixi_rosdistro/install/share/rcl_logging_noop/local_setup.fish
[5.700s] -- Installing: /home/runner/work/pixi_rosdistro/pixi_rosdistro/install/share/rcl_logging_noop/local_setup.sh
[5.700s] -- Installing: /home/runner/work/pixi_rosdistro/pixi_rosdistro/install/share/rcl_logging_noop/local_setup.zsh
[5.700s] -- Installing: /home/runner/work/pixi_rosdistro/pixi_rosdistro/install/share/rcl_logging_noop/local_setup.dsv
[5.700s] -- Installing: /home/runner/work/pixi_rosdistro/pixi_rosdistro/install/share/rcl_logging_noop/package.dsv
[5.701s] -- Installing: /home/runner/work/pixi_rosdistro/pixi_rosdistro/install/share/ament_index/resource_index/packages/rcl_logging_noop
[5.701s] -- Installing: /home/runner/work/pixi_rosdistro/pixi_rosdistro/install/share/rcl_logging_noop/cmake/rcl_logging_noopExport.cmake
[5.701s] -- Installing: /home/runner/work/pixi_rosdistro/pixi_rosdistro/install/share/rcl_logging_noop/cmake/rcl_logging_noopExport-release.cmake
[5.701s] -- Installing: /home/runner/work/pixi_rosdistro/pixi_rosdistro/install/share/rcl_logging_noop/cmake/ament_cmake_export_dependencies-extras.cmake
[5.701s] -- Installing: /home/runner/work/pixi_rosdistro/pixi_rosdistro/install/share/rcl_logging_noop/cmake/ament_cmake_export_libraries-extras.cmake
[5.702s] -- Installing: /home/runner/work/pixi_rosdistro/pixi_rosdistro/install/share/rcl_logging_noop/cmake/ament_cmake_export_targets-extras.cmake
[5.702s] -- Installing: /home/runner/work/pixi_rosdistro/pixi_rosdistro/install/share/rcl_logging_noop/cmake/rcl_logging_noopConfig.cmake
[5.702s] -- Installing: /home/runner/work/pixi_rosdistro/pixi_rosdistro/install/share/rcl_logging_noop/cmake/rcl_logging_noopConfig-version.cmake
[5.702s] -- Installing: /home/runner/work/pixi_rosdistro/pixi_rosdistro/install/share/rcl_logging_noop/package.xml
[5.703s] Invoked command in '/home/runner/work/pixi_rosdistro/pixi_rosdistro/build/rcl_logging_noop' returned '0': AMENT_PREFIX_PATH=/home/runner/work/pixi_rosdistro/pixi_rosdistro/install CMAKE_PREFIX_PATH=/home/runner/work/pixi_rosdistro/pixi_rosdistro/install:${CMAKE_PREFIX_PATH} LD_LIBRARY_PATH=/home/runner/work/pixi_rosdistro/pixi_rosdistro/install/lib PATH=/home/runner/work/pixi_rosdistro/pixi_rosdistro/install/bin:/opt/microsoft/powershell/7:${PATH} PIXI_PROMPT=(ros2_rolling) PKG_CONFIG_PATH=/home/runner/work/pixi_rosdistro/pixi_rosdistro/install/lib/pkgconfig PSModulePath=/home/runner/.local/share/powershell/Modules:${PSModulePath} PYTHONPATH=/home/runner/work/pixi_rosdistro/pixi_rosdistro/install/lib/python3.12/site-packages ROS_DOMAIN_ID=231 /home/runner/work/pixi_rosdistro/pixi_rosdistro/.pixi/envs/default/bin/cmake --install /home/runner/work/pixi_rosdistro/pixi_rosdistro/build/rcl_logging_noop
