[3.197s] Invoking command in '/home/runner/work/pixi_rosdistro/pixi_rosdistro/build/console_bridge_vendor': AMENT_PREFIX_PATH=/home/runner/work/pixi_rosdistro/pixi_rosdistro/install CMAKE_PREFIX_PATH=/home/runner/work/pixi_rosdistro/pixi_rosdistro/install:${CMAKE_PREFIX_PATH} LD_LIBRARY_PATH=/home/runner/work/pixi_rosdistro/pixi_rosdistro/install/lib PATH=/home/runner/work/pixi_rosdistro/pixi_rosdistro/install/bin:/opt/microsoft/powershell/7:${PATH} PIXI_PROMPT=(ros2_rolling) PKG_CONFIG_PATH=/home/runner/work/pixi_rosdistro/pixi_rosdistro/install/lib/pkgconfig PSModulePath=/home/runner/.local/share/powershell/Modules:${PSModulePath} PYTHONPATH=/home/runner/work/pixi_rosdistro/pixi_rosdistro/install/lib/python3.12/site-packages /home/runner/work/pixi_rosdistro/pixi_rosdistro/.pixi/envs/default/bin/cmake /home/runner/work/pixi_rosdistro/pixi_rosdistro/src/ros2/console_bridge_vendor -GNinja --no-warn-unused-cli -DCMAKE_BUILD_TYPE=Release -DCMAKE_BUILD_WITH_INSTALL_RPATH:bool=TRUE -DCMAKE_POLICY_VERSION_MINIMUM=3.5 -Wno-deprecated -DSTACK_DETAILS_AUTO_DETECT:bool=FALSE -DSTACK_DETAILS_BFD:bool=FALSE -DTRACETOOLS_DISABLED=ON -DCMAKE_INSTALL_PREFIX=/home/runner/work/pixi_rosdistro/pixi_rosdistro/install
[3.341s] Not searching for unused variables given on the command line.
[3.341s] -- The C compiler identification is GNU 14.3.0
[3.492s] -- The CXX compiler identification is GNU 14.3.0
[3.505s] -- Detecting C compiler ABI info
[3.706s] -- Detecting C compiler ABI info - done
[3.762s] -- Check for working C compiler: /home/runner/work/pixi_rosdistro/pixi_rosdistro/.pixi/envs/default/bin/x86_64-conda-linux-gnu-cc - skipped
[3.762s] -- Detecting C compile features
[3.763s] -- Detecting C compile features - done
[3.795s] -- Detecting CXX compiler ABI info
[4.029s] -- Detecting CXX compiler ABI info - done
[4.066s] -- Check for working CXX compiler: /home/runner/work/pixi_rosdistro/pixi_rosdistro/.pixi/envs/default/bin/x86_64-conda-linux-gnu-c++ - skipped
[4.067s] -- Detecting CXX compile features
[4.069s] -- Detecting CXX compile features - done
[4.084s] -- Found ament_cmake: 2.8.6 (/home/runner/work/pixi_rosdistro/pixi_rosdistro/install/share/ament_cmake/cmake)
[4.393s] -- Found ament_cmake_vendor_package: 2.8.6 (/home/runner/work/pixi_rosdistro/pixi_rosdistro/install/share/ament_cmake_vendor_package/cmake)
[4.398s] -- Skipping vendor package build for 'console_bridge_vendor', which is already satisfied
[4.399s] -- Found ament_lint_auto: 0.20.3 (/home/runner/work/pixi_rosdistro/pixi_rosdistro/install/share/ament_lint_auto/cmake)
[5.219s] -- Performance tests are disabled by default, so Google Benchmark tests will be skipped. To enable these tests, set the CMake variable 'AMENT_RUN_PERFORMANCE_TESTS'.
[5.225s] -- Added test 'copyright' to check source files copyright and LICENSE
[5.232s] -- Added test 'cppcheck' to perform static code analysis on C / C++ code
[5.234s] -- Configured cppcheck include dirs: /home/runner/work/pixi_rosdistro/pixi_rosdistro/install/include
[5.234s] -- Configured cppcheck exclude dirs and/or files: 
[5.239s] -- Added test 'cpplint' to check C / C++ code against the Google style
[5.240s] -- Configured cpplint exclude dirs and/or files: 
[5.250s] -- Added test 'lint_cmake' to check CMake code style
[5.258s] -- Added test 'uncrustify' to check C / C++ code style
[5.259s] -- Configured uncrustify additional arguments: 
[5.259s] -- Added test 'xmllint' to check XML markup files
[5.259s] -- Configuring done (2.0s)
[5.286s] -- Generating done (0.0s)
[5.295s] -- Build files have been written to: /home/runner/work/pixi_rosdistro/pixi_rosdistro/build/console_bridge_vendor
[5.305s] Invoked command in '/home/runner/work/pixi_rosdistro/pixi_rosdistro/build/console_bridge_vendor' returned '0': AMENT_PREFIX_PATH=/home/runner/work/pixi_rosdistro/pixi_rosdistro/install CMAKE_PREFIX_PATH=/home/runner/work/pixi_rosdistro/pixi_rosdistro/install:${CMAKE_PREFIX_PATH} LD_LIBRARY_PATH=/home/runner/work/pixi_rosdistro/pixi_rosdistro/install/lib PATH=/home/runner/work/pixi_rosdistro/pixi_rosdistro/install/bin:/opt/microsoft/powershell/7:${PATH} PIXI_PROMPT=(ros2_rolling) PKG_CONFIG_PATH=/home/runner/work/pixi_rosdistro/pixi_rosdistro/install/lib/pkgconfig PSModulePath=/home/runner/.local/share/powershell/Modules:${PSModulePath} PYTHONPATH=/home/runner/work/pixi_rosdistro/pixi_rosdistro/install/lib/python3.12/site-packages /home/runner/work/pixi_rosdistro/pixi_rosdistro/.pixi/envs/default/bin/cmake /home/runner/work/pixi_rosdistro/pixi_rosdistro/src/ros2/console_bridge_vendor -GNinja --no-warn-unused-cli -DCMAKE_BUILD_TYPE=Release -DCMAKE_BUILD_WITH_INSTALL_RPATH:bool=TRUE -DCMAKE_POLICY_VERSION_MINIMUM=3.5 -Wno-deprecated -DSTACK_DETAILS_AUTO_DETECT:bool=FALSE -DSTACK_DETAILS_BFD:bool=FALSE -DTRACETOOLS_DISABLED=ON -DCMAKE_INSTALL_PREFIX=/home/runner/work/pixi_rosdistro/pixi_rosdistro/install
[5.306s] Invoking command in '/home/runner/work/pixi_rosdistro/pixi_rosdistro/build/console_bridge_vendor': AMENT_PREFIX_PATH=/home/runner/work/pixi_rosdistro/pixi_rosdistro/install CMAKE_PREFIX_PATH=/home/runner/work/pixi_rosdistro/pixi_rosdistro/install:${CMAKE_PREFIX_PATH} LD_LIBRARY_PATH=/home/runner/work/pixi_rosdistro/pixi_rosdistro/install/lib PATH=/home/runner/work/pixi_rosdistro/pixi_rosdistro/install/bin:/opt/microsoft/powershell/7:${PATH} PIXI_PROMPT=(ros2_rolling) PKG_CONFIG_PATH=/home/runner/work/pixi_rosdistro/pixi_rosdistro/install/lib/pkgconfig PSModulePath=/home/runner/.local/share/powershell/Modules:${PSModulePath} PYTHONPATH=/home/runner/work/pixi_rosdistro/pixi_rosdistro/install/lib/python3.12/site-packages /home/runner/work/pixi_rosdistro/pixi_rosdistro/.pixi/envs/default/bin/cmake --build /home/runner/work/pixi_rosdistro/pixi_rosdistro/build/console_bridge_vendor -- -j4 -l4
[5.897s] [1/2] Building CXX object CMakeFiles/benchmark_log.dir/test/benchmark/benchmark_log.cpp.o
[5.985s] [2/2] Linking CXX executable benchmark_log
[5.990s] Invoked command in '/home/runner/work/pixi_rosdistro/pixi_rosdistro/build/console_bridge_vendor' returned '0': AMENT_PREFIX_PATH=/home/runner/work/pixi_rosdistro/pixi_rosdistro/install CMAKE_PREFIX_PATH=/home/runner/work/pixi_rosdistro/pixi_rosdistro/install:${CMAKE_PREFIX_PATH} LD_LIBRARY_PATH=/home/runner/work/pixi_rosdistro/pixi_rosdistro/install/lib PATH=/home/runner/work/pixi_rosdistro/pixi_rosdistro/install/bin:/opt/microsoft/powershell/7:${PATH} PIXI_PROMPT=(ros2_rolling) PKG_CONFIG_PATH=/home/runner/work/pixi_rosdistro/pixi_rosdistro/install/lib/pkgconfig PSModulePath=/home/runner/.local/share/powershell/Modules:${PSModulePath} PYTHONPATH=/home/runner/work/pixi_rosdistro/pixi_rosdistro/install/lib/python3.12/site-packages /home/runner/work/pixi_rosdistro/pixi_rosdistro/.pixi/envs/default/bin/cmake --build /home/runner/work/pixi_rosdistro/pixi_rosdistro/build/console_bridge_vendor -- -j4 -l4
[5.992s] Invoking command in '/home/runner/work/pixi_rosdistro/pixi_rosdistro/build/console_bridge_vendor': AMENT_PREFIX_PATH=/home/runner/work/pixi_rosdistro/pixi_rosdistro/install CMAKE_PREFIX_PATH=/home/runner/work/pixi_rosdistro/pixi_rosdistro/install:${CMAKE_PREFIX_PATH} LD_LIBRARY_PATH=/home/runner/work/pixi_rosdistro/pixi_rosdistro/install/lib PATH=/home/runner/work/pixi_rosdistro/pixi_rosdistro/install/bin:/opt/microsoft/powershell/7:${PATH} PIXI_PROMPT=(ros2_rolling) PKG_CONFIG_PATH=/home/runner/work/pixi_rosdistro/pixi_rosdistro/install/lib/pkgconfig PSModulePath=/home/runner/.local/share/powershell/Modules:${PSModulePath} PYTHONPATH=/home/runner/work/pixi_rosdistro/pixi_rosdistro/install/lib/python3.12/site-packages /home/runner/work/pixi_rosdistro/pixi_rosdistro/.pixi/envs/default/bin/cmake --install /home/runner/work/pixi_rosdistro/pixi_rosdistro/build/console_bridge_vendor
[6.000s] -- Install configuration: "Release"
[6.000s] -- Installing: /home/runner/work/pixi_rosdistro/pixi_rosdistro/install/share/ament_index/resource_index/package_run_dependencies/console_bridge_vendor
[6.001s] -- Installing: /home/runner/work/pixi_rosdistro/pixi_rosdistro/install/share/ament_index/resource_index/parent_prefix_path/console_bridge_vendor
[6.003s] -- Installing: /home/runner/work/pixi_rosdistro/pixi_rosdistro/install/share/console_bridge_vendor/environment/ament_prefix_path.sh
[6.004s] -- Installing: /home/runner/work/pixi_rosdistro/pixi_rosdistro/install/share/console_bridge_vendor/environment/ament_prefix_path.dsv
[6.004s] -- Installing: /home/runner/work/pixi_rosdistro/pixi_rosdistro/install/share/console_bridge_vendor/environment/path.sh
[6.004s] -- Installing: /home/runner/work/pixi_rosdistro/pixi_rosdistro/install/share/console_bridge_vendor/environment/path.dsv
[6.004s] -- Installing: /home/runner/work/pixi_rosdistro/pixi_rosdistro/install/share/console_bridge_vendor/local_setup.bash
[6.004s] -- Installing: /home/runner/work/pixi_rosdistro/pixi_rosdistro/install/share/console_bridge_vendor/local_setup.fish
[6.004s] -- Installing: /home/runner/work/pixi_rosdistro/pixi_rosdistro/install/share/console_bridge_vendor/local_setup.sh
[6.004s] -- Installing: /home/runner/work/pixi_rosdistro/pixi_rosdistro/install/share/console_bridge_vendor/local_setup.zsh
[6.005s] -- Installing: /home/runner/work/pixi_rosdistro/pixi_rosdistro/install/share/console_bridge_vendor/local_setup.dsv
[6.006s] -- Installing: /home/runner/work/pixi_rosdistro/pixi_rosdistro/install/share/console_bridge_vendor/package.dsv
[6.006s] -- Installing: /home/runner/work/pixi_rosdistro/pixi_rosdistro/install/share/ament_index/resource_index/packages/console_bridge_vendor
[6.007s] -- Installing: /home/runner/work/pixi_rosdistro/pixi_rosdistro/install/share/console_bridge_vendor/cmake/console_bridge_vendorConfig.cmake
[6.007s] -- Installing: /home/runner/work/pixi_rosdistro/pixi_rosdistro/install/share/console_bridge_vendor/cmake/console_bridge_vendorConfig-version.cmake
[6.008s] -- Installing: /home/runner/work/pixi_rosdistro/pixi_rosdistro/install/share/console_bridge_vendor/package.xml
[6.012s] Invoked command in '/home/runner/work/pixi_rosdistro/pixi_rosdistro/build/console_bridge_vendor' returned '0': AMENT_PREFIX_PATH=/home/runner/work/pixi_rosdistro/pixi_rosdistro/install CMAKE_PREFIX_PATH=/home/runner/work/pixi_rosdistro/pixi_rosdistro/install:${CMAKE_PREFIX_PATH} LD_LIBRARY_PATH=/home/runner/work/pixi_rosdistro/pixi_rosdistro/install/lib PATH=/home/runner/work/pixi_rosdistro/pixi_rosdistro/install/bin:/opt/microsoft/powershell/7:${PATH} PIXI_PROMPT=(ros2_rolling) PKG_CONFIG_PATH=/home/runner/work/pixi_rosdistro/pixi_rosdistro/install/lib/pkgconfig PSModulePath=/home/runner/.local/share/powershell/Modules:${PSModulePath} PYTHONPATH=/home/runner/work/pixi_rosdistro/pixi_rosdistro/install/lib/python3.12/site-packages /home/runner/work/pixi_rosdistro/pixi_rosdistro/.pixi/envs/default/bin/cmake --install /home/runner/work/pixi_rosdistro/pixi_rosdistro/build/console_bridge_vendor
