[1.031s] Invoking command in '/Users/runner/work/pixi_rosdistro/pixi_rosdistro/build/lifecycle_msgs': AMENT_PREFIX_PATH=/Users/runner/work/pixi_rosdistro/pixi_rosdistro/install CMAKE_PREFIX_PATH=/Users/runner/work/pixi_rosdistro/pixi_rosdistro/install DYLD_LIBRARY_PATH=/Users/runner/work/pixi_rosdistro/pixi_rosdistro/install/lib:/Users/runner/work/pixi_rosdistro/pixi_rosdistro/install/opt/mimick_vendor/lib PATH=/Users/runner/work/pixi_rosdistro/pixi_rosdistro/install/bin:${PATH} PIXI_PROMPT=(ros2_rolling) PKG_CONFIG_PATH=/Users/runner/work/pixi_rosdistro/pixi_rosdistro/install/lib/pkgconfig PYTHONPATH=/Users/runner/work/pixi_rosdistro/pixi_rosdistro/install/lib/python3.12/site-packages ROS_PYTHON_VERSION=3 SHLVL=3 _=/usr/bin/env /Users/runner/work/pixi_rosdistro/pixi_rosdistro/.pixi/envs/default/bin/cmake /Users/runner/work/pixi_rosdistro/pixi_rosdistro/src/ros2/rcl_interfaces/lifecycle_msgs -GNinja --no-warn-unused-cli -DCMAKE_BUILD_TYPE=Release -DCMAKE_BUILD_WITH_INSTALL_RPATH:bool=TRUE -DCMAKE_POLICY_VERSION_MINIMUM=3.5 -Wno-deprecated -DSTACK_DETAILS_AUTO_DETECT:bool=FALSE -DSTACK_DETAILS_BFD:bool=FALSE -DCMAKE_INSTALL_PREFIX=/Users/runner/work/pixi_rosdistro/pixi_rosdistro/install
[1.331s] Not searching for unused variables given on the command line.
[1.331s] -- The C compiler identification is AppleClang 17.0.0.17000013
[1.462s] -- The CXX compiler identification is AppleClang 17.0.0.17000013
[1.512s] -- Detecting C compiler ABI info
[1.993s] -- Detecting C compiler ABI info - done
[2.031s] -- Check for working C compiler: /usr/bin/cc - skipped
[2.031s] -- Detecting C compile features
[2.032s] -- Detecting C compile features - done
[2.039s] -- Detecting CXX compiler ABI info
[2.415s] -- Detecting CXX compiler ABI info - done
[2.453s] -- Check for working CXX compiler: /usr/bin/c++ - skipped
[2.453s] -- Detecting CXX compile features
[2.453s] -- Detecting CXX compile features - done
[2.462s] -- Found ament_cmake: 2.8.6 (/Users/runner/work/pixi_rosdistro/pixi_rosdistro/install/share/ament_cmake/cmake)
[2.880s] -- Found rosidl_default_generators: 1.8.1 (/Users/runner/work/pixi_rosdistro/pixi_rosdistro/install/share/rosidl_default_generators/cmake)
[2.904s] -- Using all available rosidl_typesupport_c: rosidl_typesupport_fastrtps_c;rosidl_typesupport_introspection_c
[3.014s] -- Using all available rosidl_typesupport_cpp: rosidl_typesupport_fastrtps_cpp;rosidl_typesupport_introspection_cpp
[3.123s] -- Found rosidl_adapter: 5.1.3 (/Users/runner/work/pixi_rosdistro/pixi_rosdistro/install/share/rosidl_adapter/cmake)
[3.134s] -- Found builtin_interfaces: 2.4.3 (/Users/runner/work/pixi_rosdistro/pixi_rosdistro/install/share/builtin_interfaces/cmake)
[3.287s] -- Found Python3: /Users/runner/work/pixi_rosdistro/pixi_rosdistro/.pixi/envs/default/bin/python3 (found version "3.12.13") found components: Interpreter
[3.866s] -- Found ament_cmake_cppcheck: 0.20.3 (/Users/runner/work/pixi_rosdistro/pixi_rosdistro/install/share/ament_cmake_cppcheck/cmake)
[3.872s] -- Found ament_cmake_cpplint: 0.20.3 (/Users/runner/work/pixi_rosdistro/pixi_rosdistro/install/share/ament_cmake_cpplint/cmake)
[3.880s] -- Found ament_cmake_uncrustify: 0.20.3 (/Users/runner/work/pixi_rosdistro/pixi_rosdistro/install/share/ament_cmake_uncrustify/cmake)
[3.890s] -- Found ament_cmake_ros_core: 0.15.6 (/Users/runner/work/pixi_rosdistro/pixi_rosdistro/install/share/ament_cmake_ros_core/cmake)
[4.491s] -- Using all available rosidl_typesupport_c: rosidl_typesupport_fastrtps_c;rosidl_typesupport_introspection_c
[5.195s] -- Using all available rosidl_typesupport_cpp: rosidl_typesupport_fastrtps_cpp;rosidl_typesupport_introspection_cpp
[5.775s] -- Found Python3: /Users/runner/work/pixi_rosdistro/pixi_rosdistro/.pixi/envs/default/bin/python3 (found version "3.12.13") found components: Interpreter Development NumPy Development.Module Development.Embed
[5.812s] -- Found ament_cmake_flake8: 0.20.3 (/Users/runner/work/pixi_rosdistro/pixi_rosdistro/install/share/ament_cmake_flake8/cmake)
[5.819s] -- Found ament_cmake_pep257: 0.20.3 (/Users/runner/work/pixi_rosdistro/pixi_rosdistro/install/share/ament_cmake_pep257/cmake)
[5.827s] -- Found ament_cmake_mypy: 0.20.3 (/Users/runner/work/pixi_rosdistro/pixi_rosdistro/install/share/ament_cmake_mypy/cmake)
[5.849s] -- Found Python3: /Users/runner/work/pixi_rosdistro/pixi_rosdistro/.pixi/envs/default/bin/python3 (found version "3.12.13") found components: Interpreter
[5.857s] -- Found ament_lint_auto: 0.20.3 (/Users/runner/work/pixi_rosdistro/pixi_rosdistro/install/share/ament_lint_auto/cmake)
[5.907s] -- Added test 'copyright' to check source files copyright and LICENSE
[5.910s] -- Added test 'lint_cmake' to check CMake code style
[5.912s] -- Added test 'xmllint' to check XML markup files
[5.919s] -- Configuring done (4.9s)
[6.010s] -- Generating done (0.1s)
[6.041s] -- Build files have been written to: /Users/runner/work/pixi_rosdistro/pixi_rosdistro/build/lifecycle_msgs
[6.045s] Invoked command in '/Users/runner/work/pixi_rosdistro/pixi_rosdistro/build/lifecycle_msgs' returned '0': AMENT_PREFIX_PATH=/Users/runner/work/pixi_rosdistro/pixi_rosdistro/install CMAKE_PREFIX_PATH=/Users/runner/work/pixi_rosdistro/pixi_rosdistro/install DYLD_LIBRARY_PATH=/Users/runner/work/pixi_rosdistro/pixi_rosdistro/install/lib:/Users/runner/work/pixi_rosdistro/pixi_rosdistro/install/opt/mimick_vendor/lib PATH=/Users/runner/work/pixi_rosdistro/pixi_rosdistro/install/bin:${PATH} PIXI_PROMPT=(ros2_rolling) PKG_CONFIG_PATH=/Users/runner/work/pixi_rosdistro/pixi_rosdistro/install/lib/pkgconfig PYTHONPATH=/Users/runner/work/pixi_rosdistro/pixi_rosdistro/install/lib/python3.12/site-packages ROS_PYTHON_VERSION=3 SHLVL=3 _=/usr/bin/env /Users/runner/work/pixi_rosdistro/pixi_rosdistro/.pixi/envs/default/bin/cmake /Users/runner/work/pixi_rosdistro/pixi_rosdistro/src/ros2/rcl_interfaces/lifecycle_msgs -GNinja --no-warn-unused-cli -DCMAKE_BUILD_TYPE=Release -DCMAKE_BUILD_WITH_INSTALL_RPATH:bool=TRUE -DCMAKE_POLICY_VERSION_MINIMUM=3.5 -Wno-deprecated -DSTACK_DETAILS_AUTO_DETECT:bool=FALSE -DSTACK_DETAILS_BFD:bool=FALSE -DCMAKE_INSTALL_PREFIX=/Users/runner/work/pixi_rosdistro/pixi_rosdistro/install
[6.048s] Invoking command in '/Users/runner/work/pixi_rosdistro/pixi_rosdistro/build/lifecycle_msgs': AMENT_PREFIX_PATH=/Users/runner/work/pixi_rosdistro/pixi_rosdistro/install CMAKE_PREFIX_PATH=/Users/runner/work/pixi_rosdistro/pixi_rosdistro/install DYLD_LIBRARY_PATH=/Users/runner/work/pixi_rosdistro/pixi_rosdistro/install/lib:/Users/runner/work/pixi_rosdistro/pixi_rosdistro/install/opt/mimick_vendor/lib PATH=/Users/runner/work/pixi_rosdistro/pixi_rosdistro/install/bin:${PATH} PIXI_PROMPT=(ros2_rolling) PKG_CONFIG_PATH=/Users/runner/work/pixi_rosdistro/pixi_rosdistro/install/lib/pkgconfig PYTHONPATH=/Users/runner/work/pixi_rosdistro/pixi_rosdistro/install/lib/python3.12/site-packages ROS_PYTHON_VERSION=3 SHLVL=3 _=/usr/bin/env /Users/runner/work/pixi_rosdistro/pixi_rosdistro/.pixi/envs/default/bin/cmake --build /Users/runner/work/pixi_rosdistro/pixi_rosdistro/build/lifecycle_msgs -- -j3 -l3
[6.973s] [1/107] Generating type hashes for ROS interfaces
[8.319s] [2/107] Generating C code for ROS interfaces
[8.589s] [3/107] Building C object CMakeFiles/lifecycle_msgs__rosidl_generator_c.dir/rosidl_generator_c/lifecycle_msgs/msg/detail/state__description.c.o
[8.877s] [4/107] Building C object CMakeFiles/lifecycle_msgs__rosidl_generator_c.dir/rosidl_generator_c/lifecycle_msgs/msg/detail/state__functions.c.o
[9.135s] [5/107] Building C object CMakeFiles/lifecycle_msgs__rosidl_generator_c.dir/rosidl_generator_c/lifecycle_msgs/msg/detail/state__type_support.c.o
[9.420s] [6/107] Building C object CMakeFiles/lifecycle_msgs__rosidl_generator_c.dir/rosidl_generator_c/lifecycle_msgs/msg/detail/transition__description.c.o
[9.716s] [7/107] Building C object CMakeFiles/lifecycle_msgs__rosidl_generator_c.dir/rosidl_generator_c/lifecycle_msgs/msg/detail/transition__functions.c.o
[9.963s] [8/107] Building C object CMakeFiles/lifecycle_msgs__rosidl_generator_c.dir/rosidl_generator_c/lifecycle_msgs/msg/detail/transition__type_support.c.o
[10.229s] [9/107] Building C object CMakeFiles/lifecycle_msgs__rosidl_generator_c.dir/rosidl_generator_c/lifecycle_msgs/msg/detail/transition_description__description.c.o
[10.470s] [10/107] Building C object CMakeFiles/lifecycle_msgs__rosidl_generator_c.dir/rosidl_generator_c/lifecycle_msgs/msg/detail/transition_description__functions.c.o
[10.718s] [11/107] Building C object CMakeFiles/lifecycle_msgs__rosidl_generator_c.dir/rosidl_generator_c/lifecycle_msgs/msg/detail/transition_description__type_support.c.o
[11.083s] [12/107] Building C object CMakeFiles/lifecycle_msgs__rosidl_generator_c.dir/rosidl_generator_c/lifecycle_msgs/msg/detail/transition_event__description.c.o
[11.417s] [13/107] Building C object CMakeFiles/lifecycle_msgs__rosidl_generator_c.dir/rosidl_generator_c/lifecycle_msgs/msg/detail/transition_event__functions.c.o
[11.705s] [14/107] Building C object CMakeFiles/lifecycle_msgs__rosidl_generator_c.dir/rosidl_generator_c/lifecycle_msgs/msg/detail/transition_event__type_support.c.o
[12.004s] [15/107] Building C object CMakeFiles/lifecycle_msgs__rosidl_generator_c.dir/rosidl_generator_c/lifecycle_msgs/srv/detail/change_state__description.c.o
[12.249s] [16/107] Building C object CMakeFiles/lifecycle_msgs__rosidl_generator_c.dir/rosidl_generator_c/lifecycle_msgs/srv/detail/change_state__functions.c.o
[12.517s] [17/107] Building C object CMakeFiles/lifecycle_msgs__rosidl_generator_c.dir/rosidl_generator_c/lifecycle_msgs/srv/detail/change_state__type_support.c.o
[12.858s] [18/107] Building C object CMakeFiles/lifecycle_msgs__rosidl_generator_c.dir/rosidl_generator_c/lifecycle_msgs/srv/detail/get_available_states__description.c.o
[13.438s] [19/107] Building C object CMakeFiles/lifecycle_msgs__rosidl_generator_c.dir/rosidl_generator_c/lifecycle_msgs/srv/detail/get_available_states__functions.c.o
[13.728s] [20/107] Building C object CMakeFiles/lifecycle_msgs__rosidl_generator_c.dir/rosidl_generator_c/lifecycle_msgs/srv/detail/get_available_states__type_support.c.o
[14.005s] [21/107] Building C object CMakeFiles/lifecycle_msgs__rosidl_generator_c.dir/rosidl_generator_c/lifecycle_msgs/srv/detail/get_available_transitions__description.c.o
[14.379s] [22/107] Building C object CMakeFiles/lifecycle_msgs__rosidl_generator_c.dir/rosidl_generator_c/lifecycle_msgs/srv/detail/get_available_transitions__functions.c.o
[14.638s] [23/107] Building C object CMakeFiles/lifecycle_msgs__rosidl_generator_c.dir/rosidl_generator_c/lifecycle_msgs/srv/detail/get_available_transitions__type_support.c.o
[14.984s] [24/107] Building C object CMakeFiles/lifecycle_msgs__rosidl_generator_c.dir/rosidl_generator_c/lifecycle_msgs/srv/detail/get_state__description.c.o
[15.275s] [25/107] Building C object CMakeFiles/lifecycle_msgs__rosidl_generator_c.dir/rosidl_generator_c/lifecycle_msgs/srv/detail/get_state__functions.c.o
[15.576s] [26/107] Building C object CMakeFiles/lifecycle_msgs__rosidl_generator_c.dir/rosidl_generator_c/lifecycle_msgs/srv/detail/get_state__type_support.c.o
[16.972s] [27/107] Generating C type support for eProsima Fast-RTPS
[18.051s] [28/107] Generating C introspection for ROS interfaces
[19.107s] [29/107] Generating C type support dispatch for ROS interfaces
[20.400s] [30/107] Generating C++ code for ROS interfaces
[22.057s] [31/107] Generating C++ type support for eProsima Fast-RTPS
[22.955s] [32/107] Generating C++ introspection for ROS interfaces
[23.811s] [33/107] Generating C++ type support dispatch for ROS interfaces
[23.879s] [34/107] Linking C shared library liblifecycle_msgs__rosidl_generator_c.dylib
[23.879s] ld: warning: -undefined error is deprecated
[24.240s] [35/107] Building CXX object CMakeFiles/lifecycle_msgs__rosidl_typesupport_fastrtps_c.dir/rosidl_typesupport_fastrtps_c/lifecycle_msgs/msg/detail/state__type_support_c.cpp.o
[24.625s] [36/107] Building CXX object CMakeFiles/lifecycle_msgs__rosidl_typesupport_fastrtps_c.dir/rosidl_typesupport_fastrtps_c/lifecycle_msgs/msg/detail/transition__type_support_c.cpp.o
[25.003s] [37/107] Building CXX object CMakeFiles/lifecycle_msgs__rosidl_typesupport_fastrtps_c.dir/rosidl_typesupport_fastrtps_c/lifecycle_msgs/msg/detail/transition_description__type_support_c.cpp.o
[25.427s] [38/107] Building CXX object CMakeFiles/lifecycle_msgs__rosidl_typesupport_fastrtps_c.dir/rosidl_typesupport_fastrtps_c/lifecycle_msgs/msg/detail/transition_event__type_support_c.cpp.o
[25.751s] [39/107] Building CXX object CMakeFiles/lifecycle_msgs__rosidl_typesupport_fastrtps_c.dir/rosidl_typesupport_fastrtps_c/lifecycle_msgs/srv/detail/change_state__type_support_c.cpp.o
[26.148s] [40/107] Building CXX object CMakeFiles/lifecycle_msgs__rosidl_typesupport_fastrtps_c.dir/rosidl_typesupport_fastrtps_c/lifecycle_msgs/srv/detail/get_available_states__type_support_c.cpp.o
[26.589s] [41/107] Building CXX object CMakeFiles/lifecycle_msgs__rosidl_typesupport_fastrtps_c.dir/rosidl_typesupport_fastrtps_c/lifecycle_msgs/srv/detail/get_available_transitions__type_support_c.cpp.o
[27.047s] [42/107] Building CXX object CMakeFiles/lifecycle_msgs__rosidl_typesupport_fastrtps_c.dir/rosidl_typesupport_fastrtps_c/lifecycle_msgs/srv/detail/get_state__type_support_c.cpp.o
[27.315s] [43/107] Building C object CMakeFiles/lifecycle_msgs__rosidl_typesupport_introspection_c.dir/rosidl_typesupport_introspection_c/lifecycle_msgs/msg/detail/state__type_support.c.o
[27.636s] [44/107] Building C object CMakeFiles/lifecycle_msgs__rosidl_typesupport_introspection_c.dir/rosidl_typesupport_introspection_c/lifecycle_msgs/msg/detail/transition__type_support.c.o
[27.907s] [45/107] Building C object CMakeFiles/lifecycle_msgs__rosidl_typesupport_introspection_c.dir/rosidl_typesupport_introspection_c/lifecycle_msgs/msg/detail/transition_description__type_support.c.o
[28.178s] [46/107] Building C object CMakeFiles/lifecycle_msgs__rosidl_typesupport_introspection_c.dir/rosidl_typesupport_introspection_c/lifecycle_msgs/msg/detail/transition_event__type_support.c.o
[28.447s] [47/107] Building C object CMakeFiles/lifecycle_msgs__rosidl_typesupport_introspection_c.dir/rosidl_typesupport_introspection_c/lifecycle_msgs/srv/detail/change_state__type_support.c.o
[28.703s] [48/107] Building C object CMakeFiles/lifecycle_msgs__rosidl_typesupport_introspection_c.dir/rosidl_typesupport_introspection_c/lifecycle_msgs/srv/detail/get_available_states__type_support.c.o
[29.015s] [49/107] Building C object CMakeFiles/lifecycle_msgs__rosidl_typesupport_introspection_c.dir/rosidl_typesupport_introspection_c/lifecycle_msgs/srv/detail/get_available_transitions__type_support.c.o
[29.309s] [50/107] Building C object CMakeFiles/lifecycle_msgs__rosidl_typesupport_introspection_c.dir/rosidl_typesupport_introspection_c/lifecycle_msgs/srv/detail/get_state__type_support.c.o
[29.583s] [51/107] Building CXX object CMakeFiles/lifecycle_msgs__rosidl_typesupport_c.dir/rosidl_typesupport_c/lifecycle_msgs/msg/state__type_support.cpp.o
[29.911s] [52/107] Building CXX object CMakeFiles/lifecycle_msgs__rosidl_typesupport_c.dir/rosidl_typesupport_c/lifecycle_msgs/msg/transition__type_support.cpp.o
[30.213s] [53/107] Building CXX object CMakeFiles/lifecycle_msgs__rosidl_typesupport_c.dir/rosidl_typesupport_c/lifecycle_msgs/msg/transition_description__type_support.cpp.o
[30.509s] [54/107] Building CXX object CMakeFiles/lifecycle_msgs__rosidl_typesupport_c.dir/rosidl_typesupport_c/lifecycle_msgs/msg/transition_event__type_support.cpp.o
[30.776s] [55/107] Building CXX object CMakeFiles/lifecycle_msgs__rosidl_typesupport_c.dir/rosidl_typesupport_c/lifecycle_msgs/srv/change_state__type_support.cpp.o
[31.086s] [56/107] Building CXX object CMakeFiles/lifecycle_msgs__rosidl_typesupport_c.dir/rosidl_typesupport_c/lifecycle_msgs/srv/get_available_states__type_support.cpp.o
[31.336s] [57/107] Building CXX object CMakeFiles/lifecycle_msgs__rosidl_typesupport_c.dir/rosidl_typesupport_c/lifecycle_msgs/srv/get_available_transitions__type_support.cpp.o
[31.583s] [58/107] Building CXX object CMakeFiles/lifecycle_msgs__rosidl_typesupport_c.dir/rosidl_typesupport_c/lifecycle_msgs/srv/get_state__type_support.cpp.o
[32.071s] [59/107] Building CXX object CMakeFiles/lifecycle_msgs__rosidl_typesupport_fastrtps_cpp.dir/rosidl_typesupport_fastrtps_cpp/lifecycle_msgs/msg/detail/dds_fastrtps/state__type_support.cpp.o
[32.495s] [60/107] Building CXX object CMakeFiles/lifecycle_msgs__rosidl_typesupport_fastrtps_cpp.dir/rosidl_typesupport_fastrtps_cpp/lifecycle_msgs/msg/detail/dds_fastrtps/transition__type_support.cpp.o
[32.888s] [61/107] Building CXX object CMakeFiles/lifecycle_msgs__rosidl_typesupport_fastrtps_cpp.dir/rosidl_typesupport_fastrtps_cpp/lifecycle_msgs/msg/detail/dds_fastrtps/transition_description__type_support.cpp.o
[33.300s] [62/107] Building CXX object CMakeFiles/lifecycle_msgs__rosidl_typesupport_fastrtps_cpp.dir/rosidl_typesupport_fastrtps_cpp/lifecycle_msgs/msg/detail/dds_fastrtps/transition_event__type_support.cpp.o
[33.812s] [63/107] Building CXX object CMakeFiles/lifecycle_msgs__rosidl_typesupport_fastrtps_cpp.dir/rosidl_typesupport_fastrtps_cpp/lifecycle_msgs/srv/detail/dds_fastrtps/change_state__type_support.cpp.o
[34.212s] [64/107] Building CXX object CMakeFiles/lifecycle_msgs__rosidl_typesupport_fastrtps_cpp.dir/rosidl_typesupport_fastrtps_cpp/lifecycle_msgs/srv/detail/dds_fastrtps/get_available_states__type_support.cpp.o
[34.818s] [65/107] Building CXX object CMakeFiles/lifecycle_msgs__rosidl_typesupport_fastrtps_cpp.dir/rosidl_typesupport_fastrtps_cpp/lifecycle_msgs/srv/detail/dds_fastrtps/get_available_transitions__type_support.cpp.o
[35.313s] [66/107] Building CXX object CMakeFiles/lifecycle_msgs__rosidl_typesupport_fastrtps_cpp.dir/rosidl_typesupport_fastrtps_cpp/lifecycle_msgs/srv/detail/dds_fastrtps/get_state__type_support.cpp.o
[35.756s] [67/107] Building CXX object CMakeFiles/lifecycle_msgs__rosidl_typesupport_introspection_cpp.dir/rosidl_typesupport_introspection_cpp/lifecycle_msgs/msg/detail/state__type_support.cpp.o
[36.209s] [68/107] Building CXX object CMakeFiles/lifecycle_msgs__rosidl_typesupport_introspection_cpp.dir/rosidl_typesupport_introspection_cpp/lifecycle_msgs/msg/detail/transition__type_support.cpp.o
[36.581s] [69/107] Building CXX object CMakeFiles/lifecycle_msgs__rosidl_typesupport_introspection_cpp.dir/rosidl_typesupport_introspection_cpp/lifecycle_msgs/msg/detail/transition_description__type_support.cpp.o
[37.066s] [70/107] Building CXX object CMakeFiles/lifecycle_msgs__rosidl_typesupport_introspection_cpp.dir/rosidl_typesupport_introspection_cpp/lifecycle_msgs/msg/detail/transition_event__type_support.cpp.o
[37.485s] [71/107] Building CXX object CMakeFiles/lifecycle_msgs__rosidl_typesupport_introspection_cpp.dir/rosidl_typesupport_introspection_cpp/lifecycle_msgs/srv/detail/change_state__type_support.cpp.o
[37.981s] [72/107] Building CXX object CMakeFiles/lifecycle_msgs__rosidl_typesupport_introspection_cpp.dir/rosidl_typesupport_introspection_cpp/lifecycle_msgs/srv/detail/get_available_states__type_support.cpp.o
[38.434s] [73/107] Building CXX object CMakeFiles/lifecycle_msgs__rosidl_typesupport_introspection_cpp.dir/rosidl_typesupport_introspection_cpp/lifecycle_msgs/srv/detail/get_available_transitions__type_support.cpp.o
[38.846s] [74/107] Building CXX object CMakeFiles/lifecycle_msgs__rosidl_typesupport_introspection_cpp.dir/rosidl_typesupport_introspection_cpp/lifecycle_msgs/srv/detail/get_state__type_support.cpp.o
[39.284s] [75/107] Building CXX object CMakeFiles/lifecycle_msgs__rosidl_typesupport_cpp.dir/rosidl_typesupport_cpp/lifecycle_msgs/msg/state__type_support.cpp.o
[39.689s] [76/107] Building CXX object CMakeFiles/lifecycle_msgs__rosidl_typesupport_cpp.dir/rosidl_typesupport_cpp/lifecycle_msgs/msg/transition__type_support.cpp.o
[40.102s] [77/107] Building CXX object CMakeFiles/lifecycle_msgs__rosidl_typesupport_cpp.dir/rosidl_typesupport_cpp/lifecycle_msgs/msg/transition_description__type_support.cpp.o
[40.570s] [78/107] Building CXX object CMakeFiles/lifecycle_msgs__rosidl_typesupport_cpp.dir/rosidl_typesupport_cpp/lifecycle_msgs/msg/transition_event__type_support.cpp.o
[40.963s] [79/107] Building CXX object CMakeFiles/lifecycle_msgs__rosidl_typesupport_cpp.dir/rosidl_typesupport_cpp/lifecycle_msgs/srv/change_state__type_support.cpp.o
[41.328s] [80/107] Building CXX object CMakeFiles/lifecycle_msgs__rosidl_typesupport_cpp.dir/rosidl_typesupport_cpp/lifecycle_msgs/srv/get_available_states__type_support.cpp.o
[41.798s] [81/107] Building CXX object CMakeFiles/lifecycle_msgs__rosidl_typesupport_cpp.dir/rosidl_typesupport_cpp/lifecycle_msgs/srv/get_available_transitions__type_support.cpp.o
[42.191s] [82/107] Building CXX object CMakeFiles/lifecycle_msgs__rosidl_typesupport_cpp.dir/rosidl_typesupport_cpp/lifecycle_msgs/srv/get_state__type_support.cpp.o
[42.321s] [83/107] Linking CXX shared library liblifecycle_msgs__rosidl_typesupport_fastrtps_c.dylib
[42.321s] ld: warning: -undefined error is deprecated
[42.459s] [84/107] Linking C shared library liblifecycle_msgs__rosidl_typesupport_introspection_c.dylib
[42.459s] ld: warning: -undefined error is deprecated
[42.556s] [85/107] Linking CXX shared library liblifecycle_msgs__rosidl_typesupport_c.dylib
[42.556s] ld: warning: -undefined error is deprecated
[42.657s] [86/107] Linking CXX shared library liblifecycle_msgs__rosidl_typesupport_fastrtps_cpp.dylib
[42.657s] ld: warning: -undefined error is deprecated
[42.732s] [87/107] Linking CXX shared library liblifecycle_msgs__rosidl_typesupport_introspection_cpp.dylib
[42.733s] ld: warning: -undefined error is deprecated
[42.839s] [88/107] Linking CXX shared library liblifecycle_msgs__rosidl_typesupport_cpp.dylib
[42.839s] ld: warning: -undefined error is deprecated
[45.629s] [89/107] Generating Python code for ROS interfaces
[46.566s] [90/107] Generating Rust code for ROS interfaces
[47.038s] [91/107] Building C object CMakeFiles/lifecycle_msgs__rosidl_generator_py.dir/rosidl_generator_py/lifecycle_msgs/msg/_state_s.c.o
[47.363s] [92/107] Building C object CMakeFiles/lifecycle_msgs__rosidl_generator_py.dir/rosidl_generator_py/lifecycle_msgs/msg/_transition_s.c.o
[47.710s] [93/107] Building C object CMakeFiles/lifecycle_msgs__rosidl_generator_py.dir/rosidl_generator_py/lifecycle_msgs/msg/_transition_description_s.c.o
[48.015s] [94/107] Building C object CMakeFiles/lifecycle_msgs__rosidl_generator_py.dir/rosidl_generator_py/lifecycle_msgs/msg/_transition_event_s.c.o
[48.322s] [95/107] Building C object CMakeFiles/lifecycle_msgs__rosidl_generator_py.dir/rosidl_generator_py/lifecycle_msgs/srv/_change_state_s.c.o
[48.611s] [96/107] Building C object CMakeFiles/lifecycle_msgs__rosidl_generator_py.dir/rosidl_generator_py/lifecycle_msgs/srv/_get_available_states_s.c.o
[48.911s] [97/107] Building C object CMakeFiles/lifecycle_msgs__rosidl_generator_py.dir/rosidl_generator_py/lifecycle_msgs/srv/_get_available_transitions_s.c.o
[49.232s] [98/107] Building C object CMakeFiles/lifecycle_msgs__rosidl_generator_py.dir/rosidl_generator_py/lifecycle_msgs/srv/_get_state_s.c.o
[49.322s] [99/107] Linking C shared library liblifecycle_msgs__rosidl_generator_py.dylib
[49.322s] ld: warning: -undefined error is deprecated
[49.606s] [100/107] Building C object CMakeFiles/lifecycle_msgs_s__rosidl_typesupport_fastrtps_c.dir/rosidl_generator_py/lifecycle_msgs/_lifecycle_msgs_s.ep.rosidl_typesupport_fastrtps_c.c.o
[49.884s] [101/107] Building C object CMakeFiles/lifecycle_msgs_s__rosidl_typesupport_introspection_c.dir/rosidl_generator_py/lifecycle_msgs/_lifecycle_msgs_s.ep.rosidl_typesupport_introspection_c.c.o
[50.199s] [102/107] Building C object CMakeFiles/lifecycle_msgs_s__rosidl_typesupport_c.dir/rosidl_generator_py/lifecycle_msgs/_lifecycle_msgs_s.ep.rosidl_typesupport_c.c.o
[50.233s] [103/107] cd /Users/runner/work/pixi_rosdistro/pixi_rosdistro/build/lifecycle_msgs && /Users/runner/work/pixi_rosdistro/pixi_rosdistro/.pixi/envs/default/bin/cmake -E copy_directory /Users/runner/work/pixi_rosdistro/pixi_rosdistro/build/lifecycle_msgs/rosidl_generator_py/lifecycle_msgs /Users/runner/work/pixi_rosdistro/pixi_rosdistro/build/lifecycle_msgs/ament_cmake_python/lifecycle_msgs/lifecycle_msgs
[50.305s] [104/107] Linking C shared module rosidl_generator_py/lifecycle_msgs/lifecycle_msgs_s__rosidl_typesupport_fastrtps_c.so
[50.376s] [105/107] Linking C shared module rosidl_generator_py/lifecycle_msgs/lifecycle_msgs_s__rosidl_typesupport_introspection_c.so
[50.443s] [106/107] Linking C shared module rosidl_generator_py/lifecycle_msgs/lifecycle_msgs_s__rosidl_typesupport_c.so
[50.834s] [107/107] cd /Users/runner/work/pixi_rosdistro/pixi_rosdistro/build/lifecycle_msgs/ament_cmake_python/lifecycle_msgs && /Users/runner/work/pixi_rosdistro/pixi_rosdistro/.pixi/envs/default/bin/python3 setup.py egg_info
[50.835s] running egg_info
[50.835s] creating lifecycle_msgs.egg-info
[50.835s] writing lifecycle_msgs.egg-info/PKG-INFO
[50.835s] writing dependency_links to lifecycle_msgs.egg-info/dependency_links.txt
[50.835s] writing top-level names to lifecycle_msgs.egg-info/top_level.txt
[50.835s] writing manifest file 'lifecycle_msgs.egg-info/SOURCES.txt'
[50.835s] reading manifest file 'lifecycle_msgs.egg-info/SOURCES.txt'
[50.835s] writing manifest file 'lifecycle_msgs.egg-info/SOURCES.txt'
[50.854s] Invoked command in '/Users/runner/work/pixi_rosdistro/pixi_rosdistro/build/lifecycle_msgs' returned '0': AMENT_PREFIX_PATH=/Users/runner/work/pixi_rosdistro/pixi_rosdistro/install CMAKE_PREFIX_PATH=/Users/runner/work/pixi_rosdistro/pixi_rosdistro/install DYLD_LIBRARY_PATH=/Users/runner/work/pixi_rosdistro/pixi_rosdistro/install/lib:/Users/runner/work/pixi_rosdistro/pixi_rosdistro/install/opt/mimick_vendor/lib PATH=/Users/runner/work/pixi_rosdistro/pixi_rosdistro/install/bin:${PATH} PIXI_PROMPT=(ros2_rolling) PKG_CONFIG_PATH=/Users/runner/work/pixi_rosdistro/pixi_rosdistro/install/lib/pkgconfig PYTHONPATH=/Users/runner/work/pixi_rosdistro/pixi_rosdistro/install/lib/python3.12/site-packages ROS_PYTHON_VERSION=3 SHLVL=3 _=/usr/bin/env /Users/runner/work/pixi_rosdistro/pixi_rosdistro/.pixi/envs/default/bin/cmake --build /Users/runner/work/pixi_rosdistro/pixi_rosdistro/build/lifecycle_msgs -- -j3 -l3
[50.871s] Invoking command in '/Users/runner/work/pixi_rosdistro/pixi_rosdistro/build/lifecycle_msgs': AMENT_PREFIX_PATH=/Users/runner/work/pixi_rosdistro/pixi_rosdistro/install CMAKE_PREFIX_PATH=/Users/runner/work/pixi_rosdistro/pixi_rosdistro/install DYLD_LIBRARY_PATH=/Users/runner/work/pixi_rosdistro/pixi_rosdistro/install/lib:/Users/runner/work/pixi_rosdistro/pixi_rosdistro/install/opt/mimick_vendor/lib PATH=/Users/runner/work/pixi_rosdistro/pixi_rosdistro/install/bin:${PATH} PIXI_PROMPT=(ros2_rolling) PKG_CONFIG_PATH=/Users/runner/work/pixi_rosdistro/pixi_rosdistro/install/lib/pkgconfig PYTHONPATH=/Users/runner/work/pixi_rosdistro/pixi_rosdistro/install/lib/python3.12/site-packages ROS_PYTHON_VERSION=3 SHLVL=3 _=/usr/bin/env /Users/runner/work/pixi_rosdistro/pixi_rosdistro/.pixi/envs/default/bin/cmake --install /Users/runner/work/pixi_rosdistro/pixi_rosdistro/build/lifecycle_msgs
[50.904s] -- Install configuration: "Release"
[50.904s] -- Installing: /Users/runner/work/pixi_rosdistro/pixi_rosdistro/install/share/ament_index/resource_index/rosidl_interfaces/lifecycle_msgs
[50.904s] -- Installing: /Users/runner/work/pixi_rosdistro/pixi_rosdistro/install/share/lifecycle_msgs/msg/State.json
[50.905s] -- Installing: /Users/runner/work/pixi_rosdistro/pixi_rosdistro/install/share/lifecycle_msgs/msg/Transition.json
[50.905s] -- Installing: /Users/runner/work/pixi_rosdistro/pixi_rosdistro/install/share/lifecycle_msgs/msg/TransitionDescription.json
[50.905s] -- Installing: /Users/runner/work/pixi_rosdistro/pixi_rosdistro/install/share/lifecycle_msgs/msg/TransitionEvent.json
[50.905s] -- Installing: /Users/runner/work/pixi_rosdistro/pixi_rosdistro/install/share/lifecycle_msgs/srv/ChangeState.json
[50.905s] -- Installing: /Users/runner/work/pixi_rosdistro/pixi_rosdistro/install/share/lifecycle_msgs/srv/GetAvailableStates.json
[50.907s] -- Installing: /Users/runner/work/pixi_rosdistro/pixi_rosdistro/install/share/lifecycle_msgs/srv/GetAvailableTransitions.json
[50.907s] -- Installing: /Users/runner/work/pixi_rosdistro/pixi_rosdistro/install/share/lifecycle_msgs/srv/GetState.json
[50.907s] -- Installing: /Users/runner/work/pixi_rosdistro/pixi_rosdistro/install/include/lifecycle_msgs/lifecycle_msgs
[50.908s] -- Installing: /Users/runner/work/pixi_rosdistro/pixi_rosdistro/install/include/lifecycle_msgs/lifecycle_msgs/msg
[50.908s] -- Installing: /Users/runner/work/pixi_rosdistro/pixi_rosdistro/install/include/lifecycle_msgs/lifecycle_msgs/msg/rosidl_generator_c__visibility_control.h
[50.908s] -- Installing: /Users/runner/work/pixi_rosdistro/pixi_rosdistro/install/include/lifecycle_msgs/lifecycle_msgs/msg/transition_event.h
[50.908s] -- Installing: /Users/runner/work/pixi_rosdistro/pixi_rosdistro/install/include/lifecycle_msgs/lifecycle_msgs/msg/transition.h
[50.908s] -- Installing: /Users/runner/work/pixi_rosdistro/pixi_rosdistro/install/include/lifecycle_msgs/lifecycle_msgs/msg/detail
[50.908s] -- Installing: /Users/runner/work/pixi_rosdistro/pixi_rosdistro/install/include/lifecycle_msgs/lifecycle_msgs/msg/detail/transition_description__description.c
[50.908s] -- Installing: /Users/runner/work/pixi_rosdistro/pixi_rosdistro/install/include/lifecycle_msgs/lifecycle_msgs/msg/detail/transition_event__functions.h
[50.908s] -- Installing: /Users/runner/work/pixi_rosdistro/pixi_rosdistro/install/include/lifecycle_msgs/lifecycle_msgs/msg/detail/state__type_support.h
[50.908s] -- Installing: /Users/runner/work/pixi_rosdistro/pixi_rosdistro/install/include/lifecycle_msgs/lifecycle_msgs/msg/detail/transition_event__type_support.c
[50.909s] -- Installing: /Users/runner/work/pixi_rosdistro/pixi_rosdistro/install/include/lifecycle_msgs/lifecycle_msgs/msg/detail/transition__struct.h
[50.909s] -- Installing: /Users/runner/work/pixi_rosdistro/pixi_rosdistro/install/include/lifecycle_msgs/lifecycle_msgs/msg/detail/transition__type_support.h
[50.909s] -- Installing: /Users/runner/work/pixi_rosdistro/pixi_rosdistro/install/include/lifecycle_msgs/lifecycle_msgs/msg/detail/transition__description.c
[50.909s] -- Installing: /Users/runner/work/pixi_rosdistro/pixi_rosdistro/install/include/lifecycle_msgs/lifecycle_msgs/msg/detail/transition__functions.c
[50.909s] -- Installing: /Users/runner/work/pixi_rosdistro/pixi_rosdistro/install/include/lifecycle_msgs/lifecycle_msgs/msg/detail/transition_description__type_support.c
[50.909s] -- Installing: /Users/runner/work/pixi_rosdistro/pixi_rosdistro/install/include/lifecycle_msgs/lifecycle_msgs/msg/detail/state__functions.c
[50.909s] -- Installing: /Users/runner/work/pixi_rosdistro/pixi_rosdistro/install/include/lifecycle_msgs/lifecycle_msgs/msg/detail/transition_description__functions.h
[50.909s] -- Installing: /Users/runner/work/pixi_rosdistro/pixi_rosdistro/install/include/lifecycle_msgs/lifecycle_msgs/msg/detail/transition_event__functions.c
[50.909s] -- Installing: /Users/runner/work/pixi_rosdistro/pixi_rosdistro/install/include/lifecycle_msgs/lifecycle_msgs/msg/detail/state__struct.h
[50.909s] -- Installing: /Users/runner/work/pixi_rosdistro/pixi_rosdistro/install/include/lifecycle_msgs/lifecycle_msgs/msg/detail/transition_event__type_support.h
[50.909s] -- Installing: /Users/runner/work/pixi_rosdistro/pixi_rosdistro/install/include/lifecycle_msgs/lifecycle_msgs/msg/detail/state__description.c
[50.909s] -- Installing: /Users/runner/work/pixi_rosdistro/pixi_rosdistro/install/include/lifecycle_msgs/lifecycle_msgs/msg/detail/state__type_support.c
[50.909s] -- Installing: /Users/runner/work/pixi_rosdistro/pixi_rosdistro/install/include/lifecycle_msgs/lifecycle_msgs/msg/detail/transition_description__struct.h
[50.909s] -- Installing: /Users/runner/work/pixi_rosdistro/pixi_rosdistro/install/include/lifecycle_msgs/lifecycle_msgs/msg/detail/transition__functions.h
[50.909s] -- Installing: /Users/runner/work/pixi_rosdistro/pixi_rosdistro/install/include/lifecycle_msgs/lifecycle_msgs/msg/detail/transition_description__type_support.h
[50.912s] -- Installing: /Users/runner/work/pixi_rosdistro/pixi_rosdistro/install/include/lifecycle_msgs/lifecycle_msgs/msg/detail/transition__type_support.c
[50.913s] -- Installing: /Users/runner/work/pixi_rosdistro/pixi_rosdistro/install/include/lifecycle_msgs/lifecycle_msgs/msg/detail/transition_event__struct.h
[50.913s] -- Installing: /Users/runner/work/pixi_rosdistro/pixi_rosdistro/install/include/lifecycle_msgs/lifecycle_msgs/msg/detail/transition_description__functions.c
[50.913s] -- Installing: /Users/runner/work/pixi_rosdistro/pixi_rosdistro/install/include/lifecycle_msgs/lifecycle_msgs/msg/detail/transition_event__description.c
[50.913s] -- Installing: /Users/runner/work/pixi_rosdistro/pixi_rosdistro/install/include/lifecycle_msgs/lifecycle_msgs/msg/detail/state__functions.h
[50.913s] -- Installing: /Users/runner/work/pixi_rosdistro/pixi_rosdistro/install/include/lifecycle_msgs/lifecycle_msgs/msg/transition_description.h
[50.913s] -- Installing: /Users/runner/work/pixi_rosdistro/pixi_rosdistro/install/include/lifecycle_msgs/lifecycle_msgs/msg/state.h
[50.913s] -- Installing: /Users/runner/work/pixi_rosdistro/pixi_rosdistro/install/include/lifecycle_msgs/lifecycle_msgs/srv
[50.913s] -- Installing: /Users/runner/work/pixi_rosdistro/pixi_rosdistro/install/include/lifecycle_msgs/lifecycle_msgs/srv/get_available_states.h
[50.913s] -- Installing: /Users/runner/work/pixi_rosdistro/pixi_rosdistro/install/include/lifecycle_msgs/lifecycle_msgs/srv/get_state.h
[50.913s] -- Installing: /Users/runner/work/pixi_rosdistro/pixi_rosdistro/install/include/lifecycle_msgs/lifecycle_msgs/srv/detail
[50.913s] -- Installing: /Users/runner/work/pixi_rosdistro/pixi_rosdistro/install/include/lifecycle_msgs/lifecycle_msgs/srv/detail/get_available_states__functions.h
[50.913s] -- Installing: /Users/runner/work/pixi_rosdistro/pixi_rosdistro/install/include/lifecycle_msgs/lifecycle_msgs/srv/detail/change_state__description.c
[50.914s] -- Installing: /Users/runner/work/pixi_rosdistro/pixi_rosdistro/install/include/lifecycle_msgs/lifecycle_msgs/srv/detail/get_state__type_support.h
[50.914s] -- Installing: /Users/runner/work/pixi_rosdistro/pixi_rosdistro/install/include/lifecycle_msgs/lifecycle_msgs/srv/detail/get_available_transitions__type_support.h
[50.914s] -- Installing: /Users/runner/work/pixi_rosdistro/pixi_rosdistro/install/include/lifecycle_msgs/lifecycle_msgs/srv/detail/change_state__type_support.c
[50.914s] -- Installing: /Users/runner/work/pixi_rosdistro/pixi_rosdistro/install/include/lifecycle_msgs/lifecycle_msgs/srv/detail/get_state__struct.h
[50.914s] -- Installing: /Users/runner/work/pixi_rosdistro/pixi_rosdistro/install/include/lifecycle_msgs/lifecycle_msgs/srv/detail/get_available_transitions__functions.h
[50.914s] -- Installing: /Users/runner/work/pixi_rosdistro/pixi_rosdistro/install/include/lifecycle_msgs/lifecycle_msgs/srv/detail/get_available_states__struct.h
[50.914s] -- Installing: /Users/runner/work/pixi_rosdistro/pixi_rosdistro/install/include/lifecycle_msgs/lifecycle_msgs/srv/detail/get_state__functions.h
[50.914s] -- Installing: /Users/runner/work/pixi_rosdistro/pixi_rosdistro/install/include/lifecycle_msgs/lifecycle_msgs/srv/detail/get_available_transitions__struct.h
[50.915s] -- Installing: /Users/runner/work/pixi_rosdistro/pixi_rosdistro/install/include/lifecycle_msgs/lifecycle_msgs/srv/detail/change_state__functions.h
[50.915s] -- Installing: /Users/runner/work/pixi_rosdistro/pixi_rosdistro/install/include/lifecycle_msgs/lifecycle_msgs/srv/detail/get_available_states__type_support.c
[50.915s] -- Installing: /Users/runner/work/pixi_rosdistro/pixi_rosdistro/install/include/lifecycle_msgs/lifecycle_msgs/srv/detail/get_state__type_support.c
[50.915s] -- Installing: /Users/runner/work/pixi_rosdistro/pixi_rosdistro/install/include/lifecycle_msgs/lifecycle_msgs/srv/detail/change_state__struct.h
[50.915s] -- Installing: /Users/runner/work/pixi_rosdistro/pixi_rosdistro/install/include/lifecycle_msgs/lifecycle_msgs/srv/detail/get_available_states__functions.c
[50.915s] -- Installing: /Users/runner/work/pixi_rosdistro/pixi_rosdistro/install/include/lifecycle_msgs/lifecycle_msgs/srv/detail/get_available_states__description.c
[50.915s] -- Installing: /Users/runner/work/pixi_rosdistro/pixi_rosdistro/install/include/lifecycle_msgs/lifecycle_msgs/srv/detail/change_state__type_support.h
[50.915s] -- Installing: /Users/runner/work/pixi_rosdistro/pixi_rosdistro/install/include/lifecycle_msgs/lifecycle_msgs/srv/detail/get_available_transitions__type_support.c
[50.915s] -- Installing: /Users/runner/work/pixi_rosdistro/pixi_rosdistro/install/include/lifecycle_msgs/lifecycle_msgs/srv/detail/get_available_transitions__description.c
[50.916s] -- Installing: /Users/runner/work/pixi_rosdistro/pixi_rosdistro/install/include/lifecycle_msgs/lifecycle_msgs/srv/detail/get_state__description.c
[50.916s] -- Installing: /Users/runner/work/pixi_rosdistro/pixi_rosdistro/install/include/lifecycle_msgs/lifecycle_msgs/srv/detail/get_state__functions.c
[50.916s] -- Installing: /Users/runner/work/pixi_rosdistro/pixi_rosdistro/install/include/lifecycle_msgs/lifecycle_msgs/srv/detail/get_available_transitions__functions.c
[50.916s] -- Installing: /Users/runner/work/pixi_rosdistro/pixi_rosdistro/install/include/lifecycle_msgs/lifecycle_msgs/srv/detail/get_available_states__type_support.h
[50.916s] -- Installing: /Users/runner/work/pixi_rosdistro/pixi_rosdistro/install/include/lifecycle_msgs/lifecycle_msgs/srv/detail/change_state__functions.c
[50.917s] -- Installing: /Users/runner/work/pixi_rosdistro/pixi_rosdistro/install/include/lifecycle_msgs/lifecycle_msgs/srv/get_available_transitions.h
[50.917s] -- Installing: /Users/runner/work/pixi_rosdistro/pixi_rosdistro/install/include/lifecycle_msgs/lifecycle_msgs/srv/change_state.h
[50.917s] -- Installing: /Users/runner/work/pixi_rosdistro/pixi_rosdistro/install/share/lifecycle_msgs/environment/library_path.sh
[50.919s] -- Installing: /Users/runner/work/pixi_rosdistro/pixi_rosdistro/install/share/lifecycle_msgs/environment/library_path.dsv
[50.920s] -- Installing: /Users/runner/work/pixi_rosdistro/pixi_rosdistro/install/lib/liblifecycle_msgs__rosidl_generator_c.dylib
[50.920s] -- Up-to-date: /Users/runner/work/pixi_rosdistro/pixi_rosdistro/install/include/lifecycle_msgs/lifecycle_msgs
[50.920s] -- Up-to-date: /Users/runner/work/pixi_rosdistro/pixi_rosdistro/install/include/lifecycle_msgs/lifecycle_msgs/msg
[50.920s] -- Up-to-date: /Users/runner/work/pixi_rosdistro/pixi_rosdistro/install/include/lifecycle_msgs/lifecycle_msgs/msg/detail
[50.920s] -- Installing: /Users/runner/work/pixi_rosdistro/pixi_rosdistro/install/include/lifecycle_msgs/lifecycle_msgs/msg/detail/state__rosidl_typesupport_fastrtps_c.h
[50.920s] -- Installing: /Users/runner/work/pixi_rosdistro/pixi_rosdistro/install/include/lifecycle_msgs/lifecycle_msgs/msg/detail/transition__rosidl_typesupport_fastrtps_c.h
[50.921s] -- Installing: /Users/runner/work/pixi_rosdistro/pixi_rosdistro/install/include/lifecycle_msgs/lifecycle_msgs/msg/detail/transition_event__rosidl_typesupport_fastrtps_c.h
[50.921s] -- Installing: /Users/runner/work/pixi_rosdistro/pixi_rosdistro/install/include/lifecycle_msgs/lifecycle_msgs/msg/detail/transition_description__rosidl_typesupport_fastrtps_c.h
[50.921s] -- Installing: /Users/runner/work/pixi_rosdistro/pixi_rosdistro/install/include/lifecycle_msgs/lifecycle_msgs/msg/rosidl_typesupport_fastrtps_c__visibility_control.h
[50.923s] -- Up-to-date: /Users/runner/work/pixi_rosdistro/pixi_rosdistro/install/include/lifecycle_msgs/lifecycle_msgs/srv
[50.923s] -- Up-to-date: /Users/runner/work/pixi_rosdistro/pixi_rosdistro/install/include/lifecycle_msgs/lifecycle_msgs/srv/detail
[50.923s] -- Installing: /Users/runner/work/pixi_rosdistro/pixi_rosdistro/install/include/lifecycle_msgs/lifecycle_msgs/srv/detail/change_state__rosidl_typesupport_fastrtps_c.h
[50.923s] -- Installing: /Users/runner/work/pixi_rosdistro/pixi_rosdistro/install/include/lifecycle_msgs/lifecycle_msgs/srv/detail/get_available_transitions__rosidl_typesupport_fastrtps_c.h
[50.923s] -- Installing: /Users/runner/work/pixi_rosdistro/pixi_rosdistro/install/include/lifecycle_msgs/lifecycle_msgs/srv/detail/get_available_states__rosidl_typesupport_fastrtps_c.h
[50.923s] -- Installing: /Users/runner/work/pixi_rosdistro/pixi_rosdistro/install/include/lifecycle_msgs/lifecycle_msgs/srv/detail/get_state__rosidl_typesupport_fastrtps_c.h
[50.923s] -- Installing: /Users/runner/work/pixi_rosdistro/pixi_rosdistro/install/lib/liblifecycle_msgs__rosidl_typesupport_fastrtps_c.dylib
[50.923s] -- Up-to-date: /Users/runner/work/pixi_rosdistro/pixi_rosdistro/install/include/lifecycle_msgs/lifecycle_msgs
[50.923s] -- Up-to-date: /Users/runner/work/pixi_rosdistro/pixi_rosdistro/install/include/lifecycle_msgs/lifecycle_msgs/msg
[50.923s] -- Up-to-date: /Users/runner/work/pixi_rosdistro/pixi_rosdistro/install/include/lifecycle_msgs/lifecycle_msgs/msg/detail
[50.923s] -- Installing: /Users/runner/work/pixi_rosdistro/pixi_rosdistro/install/include/lifecycle_msgs/lifecycle_msgs/msg/detail/transition_event__type_support.c
[50.924s] -- Installing: /Users/runner/work/pixi_rosdistro/pixi_rosdistro/install/include/lifecycle_msgs/lifecycle_msgs/msg/detail/transition__rosidl_typesupport_introspection_c.h
[50.924s] -- Installing: /Users/runner/work/pixi_rosdistro/pixi_rosdistro/install/include/lifecycle_msgs/lifecycle_msgs/msg/detail/transition_description__type_support.c
[50.924s] -- Installing: /Users/runner/work/pixi_rosdistro/pixi_rosdistro/install/include/lifecycle_msgs/lifecycle_msgs/msg/detail/transition_event__rosidl_typesupport_introspection_c.h
[50.924s] -- Installing: /Users/runner/work/pixi_rosdistro/pixi_rosdistro/install/include/lifecycle_msgs/lifecycle_msgs/msg/detail/state__type_support.c
[50.924s] -- Installing: /Users/runner/work/pixi_rosdistro/pixi_rosdistro/install/include/lifecycle_msgs/lifecycle_msgs/msg/detail/state__rosidl_typesupport_introspection_c.h
[50.924s] -- Installing: /Users/runner/work/pixi_rosdistro/pixi_rosdistro/install/include/lifecycle_msgs/lifecycle_msgs/msg/detail/transition__type_support.c
[50.924s] -- Installing: /Users/runner/work/pixi_rosdistro/pixi_rosdistro/install/include/lifecycle_msgs/lifecycle_msgs/msg/detail/transition_description__rosidl_typesupport_introspection_c.h
[50.924s] -- Installing: /Users/runner/work/pixi_rosdistro/pixi_rosdistro/install/include/lifecycle_msgs/lifecycle_msgs/msg/rosidl_typesupport_introspection_c__visibility_control.h
[50.925s] -- Up-to-date: /Users/runner/work/pixi_rosdistro/pixi_rosdistro/install/include/lifecycle_msgs/lifecycle_msgs/srv
[50.925s] -- Up-to-date: /Users/runner/work/pixi_rosdistro/pixi_rosdistro/install/include/lifecycle_msgs/lifecycle_msgs/srv/detail
[50.925s] -- Installing: /Users/runner/work/pixi_rosdistro/pixi_rosdistro/install/include/lifecycle_msgs/lifecycle_msgs/srv/detail/change_state__type_support.c
[50.928s] -- Installing: /Users/runner/work/pixi_rosdistro/pixi_rosdistro/install/include/lifecycle_msgs/lifecycle_msgs/srv/detail/change_state__rosidl_typesupport_introspection_c.h
[50.929s] -- Installing: /Users/runner/work/pixi_rosdistro/pixi_rosdistro/install/include/lifecycle_msgs/lifecycle_msgs/srv/detail/get_available_states__rosidl_typesupport_introspection_c.h
[50.929s] -- Installing: /Users/runner/work/pixi_rosdistro/pixi_rosdistro/install/include/lifecycle_msgs/lifecycle_msgs/srv/detail/get_available_states__type_support.c
[50.929s] -- Installing: /Users/runner/work/pixi_rosdistro/pixi_rosdistro/install/include/lifecycle_msgs/lifecycle_msgs/srv/detail/get_state__type_support.c
[50.932s] -- Installing: /Users/runner/work/pixi_rosdistro/pixi_rosdistro/install/include/lifecycle_msgs/lifecycle_msgs/srv/detail/get_state__rosidl_typesupport_introspection_c.h
[50.932s] -- Installing: /Users/runner/work/pixi_rosdistro/pixi_rosdistro/install/include/lifecycle_msgs/lifecycle_msgs/srv/detail/get_available_transitions__rosidl_typesupport_introspection_c.h
[50.932s] -- Installing: /Users/runner/work/pixi_rosdistro/pixi_rosdistro/install/include/lifecycle_msgs/lifecycle_msgs/srv/detail/get_available_transitions__type_support.c
[50.932s] -- Installing: /Users/runner/work/pixi_rosdistro/pixi_rosdistro/install/lib/liblifecycle_msgs__rosidl_typesupport_introspection_c.dylib
[50.932s] -- Installing: /Users/runner/work/pixi_rosdistro/pixi_rosdistro/install/lib/liblifecycle_msgs__rosidl_typesupport_c.dylib
[50.932s] -- Up-to-date: /Users/runner/work/pixi_rosdistro/pixi_rosdistro/install/include/lifecycle_msgs/lifecycle_msgs
[50.932s] -- Up-to-date: /Users/runner/work/pixi_rosdistro/pixi_rosdistro/install/include/lifecycle_msgs/lifecycle_msgs/msg
[50.933s] -- Installing: /Users/runner/work/pixi_rosdistro/pixi_rosdistro/install/include/lifecycle_msgs/lifecycle_msgs/msg/transition_event.hpp
[50.933s] -- Up-to-date: /Users/runner/work/pixi_rosdistro/pixi_rosdistro/install/include/lifecycle_msgs/lifecycle_msgs/msg/detail
[50.933s] -- Installing: /Users/runner/work/pixi_rosdistro/pixi_rosdistro/install/include/lifecycle_msgs/lifecycle_msgs/msg/detail/state__builder.hpp
[50.933s] -- Installing: /Users/runner/work/pixi_rosdistro/pixi_rosdistro/install/include/lifecycle_msgs/lifecycle_msgs/msg/detail/transition_event__struct.hpp
[50.933s] -- Installing: /Users/runner/work/pixi_rosdistro/pixi_rosdistro/install/include/lifecycle_msgs/lifecycle_msgs/msg/detail/transition__builder.hpp
[50.933s] -- Installing: /Users/runner/work/pixi_rosdistro/pixi_rosdistro/install/include/lifecycle_msgs/lifecycle_msgs/msg/detail/transition_description__type_support.hpp
[50.933s] -- Installing: /Users/runner/work/pixi_rosdistro/pixi_rosdistro/install/include/lifecycle_msgs/lifecycle_msgs/msg/detail/state__struct.hpp
[50.935s] -- Installing: /Users/runner/work/pixi_rosdistro/pixi_rosdistro/install/include/lifecycle_msgs/lifecycle_msgs/msg/detail/transition__struct.hpp
[50.935s] -- Installing: /Users/runner/work/pixi_rosdistro/pixi_rosdistro/install/include/lifecycle_msgs/lifecycle_msgs/msg/detail/state__type_support.hpp
[50.936s] -- Installing: /Users/runner/work/pixi_rosdistro/pixi_rosdistro/install/include/lifecycle_msgs/lifecycle_msgs/msg/detail/transition__type_support.hpp
[50.936s] -- Installing: /Users/runner/work/pixi_rosdistro/pixi_rosdistro/install/include/lifecycle_msgs/lifecycle_msgs/msg/detail/transition_description__struct.hpp
[50.936s] -- Installing: /Users/runner/work/pixi_rosdistro/pixi_rosdistro/install/include/lifecycle_msgs/lifecycle_msgs/msg/detail/transition_description__builder.hpp
[50.936s] -- Installing: /Users/runner/work/pixi_rosdistro/pixi_rosdistro/install/include/lifecycle_msgs/lifecycle_msgs/msg/detail/transition_event__traits.hpp
[50.936s] -- Installing: /Users/runner/work/pixi_rosdistro/pixi_rosdistro/install/include/lifecycle_msgs/lifecycle_msgs/msg/detail/transition_event__type_support.hpp
[50.937s] -- Installing: /Users/runner/work/pixi_rosdistro/pixi_rosdistro/install/include/lifecycle_msgs/lifecycle_msgs/msg/detail/transition__traits.hpp
[50.937s] -- Installing: /Users/runner/work/pixi_rosdistro/pixi_rosdistro/install/include/lifecycle_msgs/lifecycle_msgs/msg/detail/state__traits.hpp
[50.937s] -- Installing: /Users/runner/work/pixi_rosdistro/pixi_rosdistro/install/include/lifecycle_msgs/lifecycle_msgs/msg/detail/transition_event__builder.hpp
[50.937s] -- Installing: /Users/runner/work/pixi_rosdistro/pixi_rosdistro/install/include/lifecycle_msgs/lifecycle_msgs/msg/detail/transition_description__traits.hpp
[50.937s] -- Installing: /Users/runner/work/pixi_rosdistro/pixi_rosdistro/install/include/lifecycle_msgs/lifecycle_msgs/msg/rosidl_generator_cpp__visibility_control.hpp
[50.937s] -- Installing: /Users/runner/work/pixi_rosdistro/pixi_rosdistro/install/include/lifecycle_msgs/lifecycle_msgs/msg/state.hpp
[50.937s] -- Installing: /Users/runner/work/pixi_rosdistro/pixi_rosdistro/install/include/lifecycle_msgs/lifecycle_msgs/msg/transition_description.hpp
[50.937s] -- Installing: /Users/runner/work/pixi_rosdistro/pixi_rosdistro/install/include/lifecycle_msgs/lifecycle_msgs/msg/transition.hpp
[50.938s] -- Up-to-date: /Users/runner/work/pixi_rosdistro/pixi_rosdistro/install/include/lifecycle_msgs/lifecycle_msgs/srv
[50.938s] -- Installing: /Users/runner/work/pixi_rosdistro/pixi_rosdistro/install/include/lifecycle_msgs/lifecycle_msgs/srv/get_available_transitions.hpp
[50.938s] -- Installing: /Users/runner/work/pixi_rosdistro/pixi_rosdistro/install/include/lifecycle_msgs/lifecycle_msgs/srv/change_state.hpp
[50.938s] -- Installing: /Users/runner/work/pixi_rosdistro/pixi_rosdistro/install/include/lifecycle_msgs/lifecycle_msgs/srv/get_state.hpp
[50.939s] -- Up-to-date: /Users/runner/work/pixi_rosdistro/pixi_rosdistro/install/include/lifecycle_msgs/lifecycle_msgs/srv/detail
[50.939s] -- Installing: /Users/runner/work/pixi_rosdistro/pixi_rosdistro/install/include/lifecycle_msgs/lifecycle_msgs/srv/detail/get_state__struct.hpp
[50.939s] -- Installing: /Users/runner/work/pixi_rosdistro/pixi_rosdistro/install/include/lifecycle_msgs/lifecycle_msgs/srv/detail/get_available_transitions__type_support.hpp
[50.939s] -- Installing: /Users/runner/work/pixi_rosdistro/pixi_rosdistro/install/include/lifecycle_msgs/lifecycle_msgs/srv/detail/get_available_states__struct.hpp
[50.939s] -- Installing: /Users/runner/work/pixi_rosdistro/pixi_rosdistro/install/include/lifecycle_msgs/lifecycle_msgs/srv/detail/get_state__type_support.hpp
[50.939s] -- Installing: /Users/runner/work/pixi_rosdistro/pixi_rosdistro/install/include/lifecycle_msgs/lifecycle_msgs/srv/detail/get_available_transitions__traits.hpp
[50.939s] -- Installing: /Users/runner/work/pixi_rosdistro/pixi_rosdistro/install/include/lifecycle_msgs/lifecycle_msgs/srv/detail/change_state__type_support.hpp
[50.939s] -- Installing: /Users/runner/work/pixi_rosdistro/pixi_rosdistro/install/include/lifecycle_msgs/lifecycle_msgs/srv/detail/get_available_states__type_support.hpp
[50.939s] -- Installing: /Users/runner/work/pixi_rosdistro/pixi_rosdistro/install/include/lifecycle_msgs/lifecycle_msgs/srv/detail/change_state__traits.hpp
[50.939s] -- Installing: /Users/runner/work/pixi_rosdistro/pixi_rosdistro/install/include/lifecycle_msgs/lifecycle_msgs/srv/detail/change_state__builder.hpp
[50.940s] -- Installing: /Users/runner/work/pixi_rosdistro/pixi_rosdistro/install/include/lifecycle_msgs/lifecycle_msgs/srv/detail/get_state__builder.hpp
[50.941s] -- Installing: /Users/runner/work/pixi_rosdistro/pixi_rosdistro/install/include/lifecycle_msgs/lifecycle_msgs/srv/detail/get_available_transitions__struct.hpp
[50.941s] -- Installing: /Users/runner/work/pixi_rosdistro/pixi_rosdistro/install/include/lifecycle_msgs/lifecycle_msgs/srv/detail/get_available_states__traits.hpp
[50.944s] -- Installing: /Users/runner/work/pixi_rosdistro/pixi_rosdistro/install/include/lifecycle_msgs/lifecycle_msgs/srv/detail/get_state__traits.hpp
[50.944s] -- Installing: /Users/runner/work/pixi_rosdistro/pixi_rosdistro/install/include/lifecycle_msgs/lifecycle_msgs/srv/detail/get_available_transitions__builder.hpp
[50.944s] -- Installing: /Users/runner/work/pixi_rosdistro/pixi_rosdistro/install/include/lifecycle_msgs/lifecycle_msgs/srv/detail/get_available_states__builder.hpp
[50.945s] -- Installing: /Users/runner/work/pixi_rosdistro/pixi_rosdistro/install/include/lifecycle_msgs/lifecycle_msgs/srv/detail/change_state__struct.hpp
[50.945s] -- Installing: /Users/runner/work/pixi_rosdistro/pixi_rosdistro/install/include/lifecycle_msgs/lifecycle_msgs/srv/get_available_states.hpp
[50.945s] -- Up-to-date: /Users/runner/work/pixi_rosdistro/pixi_rosdistro/install/include/lifecycle_msgs/lifecycle_msgs
[50.945s] -- Up-to-date: /Users/runner/work/pixi_rosdistro/pixi_rosdistro/install/include/lifecycle_msgs/lifecycle_msgs/msg
[50.945s] -- Installing: /Users/runner/work/pixi_rosdistro/pixi_rosdistro/install/include/lifecycle_msgs/lifecycle_msgs/msg/rosidl_typesupport_fastrtps_cpp__visibility_control.h
[50.945s] -- Up-to-date: /Users/runner/work/pixi_rosdistro/pixi_rosdistro/install/include/lifecycle_msgs/lifecycle_msgs/msg/detail
[50.946s] -- Installing: /Users/runner/work/pixi_rosdistro/pixi_rosdistro/install/include/lifecycle_msgs/lifecycle_msgs/msg/detail/state__rosidl_typesupport_fastrtps_cpp.hpp
[50.946s] -- Installing: /Users/runner/work/pixi_rosdistro/pixi_rosdistro/install/include/lifecycle_msgs/lifecycle_msgs/msg/detail/transition_event__rosidl_typesupport_fastrtps_cpp.hpp
[50.946s] -- Installing: /Users/runner/work/pixi_rosdistro/pixi_rosdistro/install/include/lifecycle_msgs/lifecycle_msgs/msg/detail/transition__rosidl_typesupport_fastrtps_cpp.hpp
[50.946s] -- Installing: /Users/runner/work/pixi_rosdistro/pixi_rosdistro/install/include/lifecycle_msgs/lifecycle_msgs/msg/detail/transition_description__rosidl_typesupport_fastrtps_cpp.hpp
[50.946s] -- Installing: /Users/runner/work/pixi_rosdistro/pixi_rosdistro/install/include/lifecycle_msgs/lifecycle_msgs/msg/detail/dds_fastrtps
[50.946s] -- Up-to-date: /Users/runner/work/pixi_rosdistro/pixi_rosdistro/install/include/lifecycle_msgs/lifecycle_msgs/srv
[50.946s] -- Up-to-date: /Users/runner/work/pixi_rosdistro/pixi_rosdistro/install/include/lifecycle_msgs/lifecycle_msgs/srv/detail
[50.946s] -- Installing: /Users/runner/work/pixi_rosdistro/pixi_rosdistro/install/include/lifecycle_msgs/lifecycle_msgs/srv/detail/get_available_transitions__rosidl_typesupport_fastrtps_cpp.hpp
[50.946s] -- Installing: /Users/runner/work/pixi_rosdistro/pixi_rosdistro/install/include/lifecycle_msgs/lifecycle_msgs/srv/detail/change_state__rosidl_typesupport_fastrtps_cpp.hpp
[50.946s] -- Installing: /Users/runner/work/pixi_rosdistro/pixi_rosdistro/install/include/lifecycle_msgs/lifecycle_msgs/srv/detail/get_state__rosidl_typesupport_fastrtps_cpp.hpp
[50.946s] -- Installing: /Users/runner/work/pixi_rosdistro/pixi_rosdistro/install/include/lifecycle_msgs/lifecycle_msgs/srv/detail/dds_fastrtps
[50.946s] -- Installing: /Users/runner/work/pixi_rosdistro/pixi_rosdistro/install/include/lifecycle_msgs/lifecycle_msgs/srv/detail/get_available_states__rosidl_typesupport_fastrtps_cpp.hpp
[50.947s] -- Installing: /Users/runner/work/pixi_rosdistro/pixi_rosdistro/install/lib/liblifecycle_msgs__rosidl_typesupport_fastrtps_cpp.dylib
[50.947s] -- Up-to-date: /Users/runner/work/pixi_rosdistro/pixi_rosdistro/install/include/lifecycle_msgs/lifecycle_msgs
[50.947s] -- Up-to-date: /Users/runner/work/pixi_rosdistro/pixi_rosdistro/install/include/lifecycle_msgs/lifecycle_msgs/msg
[50.947s] -- Up-to-date: /Users/runner/work/pixi_rosdistro/pixi_rosdistro/install/include/lifecycle_msgs/lifecycle_msgs/msg/detail
[50.947s] -- Installing: /Users/runner/work/pixi_rosdistro/pixi_rosdistro/install/include/lifecycle_msgs/lifecycle_msgs/msg/detail/transition_event__type_support.cpp
[50.948s] -- Installing: /Users/runner/work/pixi_rosdistro/pixi_rosdistro/install/include/lifecycle_msgs/lifecycle_msgs/msg/detail/transition_description__rosidl_typesupport_introspection_cpp.hpp
[50.948s] -- Installing: /Users/runner/work/pixi_rosdistro/pixi_rosdistro/install/include/lifecycle_msgs/lifecycle_msgs/msg/detail/state__rosidl_typesupport_introspection_cpp.hpp
[50.948s] -- Installing: /Users/runner/work/pixi_rosdistro/pixi_rosdistro/install/include/lifecycle_msgs/lifecycle_msgs/msg/detail/transition_event__rosidl_typesupport_introspection_cpp.hpp
[50.948s] -- Installing: /Users/runner/work/pixi_rosdistro/pixi_rosdistro/install/include/lifecycle_msgs/lifecycle_msgs/msg/detail/transition__rosidl_typesupport_introspection_cpp.hpp
[50.948s] -- Installing: /Users/runner/work/pixi_rosdistro/pixi_rosdistro/install/include/lifecycle_msgs/lifecycle_msgs/msg/detail/transition_description__type_support.cpp
[50.948s] -- Installing: /Users/runner/work/pixi_rosdistro/pixi_rosdistro/install/include/lifecycle_msgs/lifecycle_msgs/msg/detail/state__type_support.cpp
[50.948s] -- Installing: /Users/runner/work/pixi_rosdistro/pixi_rosdistro/install/include/lifecycle_msgs/lifecycle_msgs/msg/detail/transition__type_support.cpp
[50.948s] -- Up-to-date: /Users/runner/work/pixi_rosdistro/pixi_rosdistro/install/include/lifecycle_msgs/lifecycle_msgs/srv
[50.948s] -- Up-to-date: /Users/runner/work/pixi_rosdistro/pixi_rosdistro/install/include/lifecycle_msgs/lifecycle_msgs/srv/detail
[50.948s] -- Installing: /Users/runner/work/pixi_rosdistro/pixi_rosdistro/install/include/lifecycle_msgs/lifecycle_msgs/srv/detail/get_available_states__rosidl_typesupport_introspection_cpp.hpp
[50.948s] -- Installing: /Users/runner/work/pixi_rosdistro/pixi_rosdistro/install/include/lifecycle_msgs/lifecycle_msgs/srv/detail/change_state__rosidl_typesupport_introspection_cpp.hpp
[50.948s] -- Installing: /Users/runner/work/pixi_rosdistro/pixi_rosdistro/install/include/lifecycle_msgs/lifecycle_msgs/srv/detail/get_available_states__type_support.cpp
[50.949s] -- Installing: /Users/runner/work/pixi_rosdistro/pixi_rosdistro/install/include/lifecycle_msgs/lifecycle_msgs/srv/detail/change_state__type_support.cpp
[50.949s] -- Installing: /Users/runner/work/pixi_rosdistro/pixi_rosdistro/install/include/lifecycle_msgs/lifecycle_msgs/srv/detail/get_state__rosidl_typesupport_introspection_cpp.hpp
[50.949s] -- Installing: /Users/runner/work/pixi_rosdistro/pixi_rosdistro/install/include/lifecycle_msgs/lifecycle_msgs/srv/detail/get_available_transitions__rosidl_typesupport_introspection_cpp.hpp
[50.950s] -- Installing: /Users/runner/work/pixi_rosdistro/pixi_rosdistro/install/include/lifecycle_msgs/lifecycle_msgs/srv/detail/get_available_transitions__type_support.cpp
[50.951s] -- Installing: /Users/runner/work/pixi_rosdistro/pixi_rosdistro/install/include/lifecycle_msgs/lifecycle_msgs/srv/detail/get_state__type_support.cpp
[50.951s] -- Installing: /Users/runner/work/pixi_rosdistro/pixi_rosdistro/install/lib/liblifecycle_msgs__rosidl_typesupport_introspection_cpp.dylib
[50.951s] -- Installing: /Users/runner/work/pixi_rosdistro/pixi_rosdistro/install/lib/liblifecycle_msgs__rosidl_typesupport_cpp.dylib
[50.954s] -- Installing: /Users/runner/work/pixi_rosdistro/pixi_rosdistro/install/share/lifecycle_msgs/environment/pythonpath.sh
[50.954s] -- Installing: /Users/runner/work/pixi_rosdistro/pixi_rosdistro/install/share/lifecycle_msgs/environment/pythonpath.dsv
[50.954s] -- Installing: /Users/runner/work/pixi_rosdistro/pixi_rosdistro/install/lib/python3.12/site-packages/lifecycle_msgs/lifecycle_msgs_s__rosidl_typesupport_fastrtps_c.so
[50.957s] -- Installing: /Users/runner/work/pixi_rosdistro/pixi_rosdistro/install/lib/python3.12/site-packages/lifecycle_msgs/lifecycle_msgs_s__rosidl_typesupport_introspection_c.so
[50.957s] -- Installing: /Users/runner/work/pixi_rosdistro/pixi_rosdistro/install/lib/python3.12/site-packages/lifecycle_msgs/lifecycle_msgs_s__rosidl_typesupport_c.so
[50.957s] -- Installing: /Users/runner/work/pixi_rosdistro/pixi_rosdistro/install/lib/liblifecycle_msgs__rosidl_generator_py.dylib
[50.957s] -- Installing: /Users/runner/work/pixi_rosdistro/pixi_rosdistro/install/share/ament_index/resource_index/rust_packages/lifecycle_msgs
[50.957s] -- Installing: /Users/runner/work/pixi_rosdistro/pixi_rosdistro/install/share/lifecycle_msgs/rust
[50.957s] -- Installing: /Users/runner/work/pixi_rosdistro/pixi_rosdistro/install/share/lifecycle_msgs/rust/Cargo.toml
[50.957s] -- Installing: /Users/runner/work/pixi_rosdistro/pixi_rosdistro/install/share/lifecycle_msgs/rust/build.rs
[50.959s] -- Installing: /Users/runner/work/pixi_rosdistro/pixi_rosdistro/install/share/lifecycle_msgs/rust/src
[50.959s] -- Installing: /Users/runner/work/pixi_rosdistro/pixi_rosdistro/install/share/lifecycle_msgs/rust/src/msg
[50.959s] -- Installing: /Users/runner/work/pixi_rosdistro/pixi_rosdistro/install/share/lifecycle_msgs/rust/src/msg/rmw.rs
[50.959s] -- Installing: /Users/runner/work/pixi_rosdistro/pixi_rosdistro/install/share/lifecycle_msgs/rust/src/lib.rs
[50.959s] -- Installing: /Users/runner/work/pixi_rosdistro/pixi_rosdistro/install/share/lifecycle_msgs/rust/src/srv.rs
[50.959s] -- Installing: /Users/runner/work/pixi_rosdistro/pixi_rosdistro/install/share/lifecycle_msgs/rust/src/msg.rs
[50.959s] -- Installing: /Users/runner/work/pixi_rosdistro/pixi_rosdistro/install/share/lifecycle_msgs/rust/src/srv
[50.959s] -- Installing: /Users/runner/work/pixi_rosdistro/pixi_rosdistro/install/share/lifecycle_msgs/rust/src/srv/rmw.rs
[50.960s] -- Installing: /Users/runner/work/pixi_rosdistro/pixi_rosdistro/install/share/lifecycle_msgs/msg/State.idl
[50.960s] -- Installing: /Users/runner/work/pixi_rosdistro/pixi_rosdistro/install/share/lifecycle_msgs/msg/Transition.idl
[50.960s] -- Installing: /Users/runner/work/pixi_rosdistro/pixi_rosdistro/install/share/lifecycle_msgs/msg/TransitionDescription.idl
[50.960s] -- Installing: /Users/runner/work/pixi_rosdistro/pixi_rosdistro/install/share/lifecycle_msgs/msg/TransitionEvent.idl
[50.960s] -- Installing: /Users/runner/work/pixi_rosdistro/pixi_rosdistro/install/share/lifecycle_msgs/srv/ChangeState.idl
[50.960s] -- Installing: /Users/runner/work/pixi_rosdistro/pixi_rosdistro/install/share/lifecycle_msgs/srv/GetAvailableStates.idl
[50.960s] -- Installing: /Users/runner/work/pixi_rosdistro/pixi_rosdistro/install/share/lifecycle_msgs/srv/GetAvailableTransitions.idl
[50.960s] -- Installing: /Users/runner/work/pixi_rosdistro/pixi_rosdistro/install/share/lifecycle_msgs/srv/GetState.idl
[50.960s] -- Installing: /Users/runner/work/pixi_rosdistro/pixi_rosdistro/install/share/lifecycle_msgs/msg/State.msg
[50.960s] -- Installing: /Users/runner/work/pixi_rosdistro/pixi_rosdistro/install/share/lifecycle_msgs/msg/Transition.msg
[50.961s] -- Installing: /Users/runner/work/pixi_rosdistro/pixi_rosdistro/install/share/lifecycle_msgs/msg/TransitionDescription.msg
[50.961s] -- Installing: /Users/runner/work/pixi_rosdistro/pixi_rosdistro/install/share/lifecycle_msgs/msg/TransitionEvent.msg
[50.961s] -- Installing: /Users/runner/work/pixi_rosdistro/pixi_rosdistro/install/share/lifecycle_msgs/srv/ChangeState.srv
[50.961s] -- Installing: /Users/runner/work/pixi_rosdistro/pixi_rosdistro/install/share/lifecycle_msgs/srv/GetAvailableStates.srv
[50.961s] -- Installing: /Users/runner/work/pixi_rosdistro/pixi_rosdistro/install/share/lifecycle_msgs/srv/GetAvailableTransitions.srv
[50.961s] -- Installing: /Users/runner/work/pixi_rosdistro/pixi_rosdistro/install/share/lifecycle_msgs/srv/GetState.srv
[50.961s] -- Installing: /Users/runner/work/pixi_rosdistro/pixi_rosdistro/install/share/ament_index/resource_index/package_run_dependencies/lifecycle_msgs
[50.961s] -- Installing: /Users/runner/work/pixi_rosdistro/pixi_rosdistro/install/share/ament_index/resource_index/parent_prefix_path/lifecycle_msgs
[50.961s] -- Installing: /Users/runner/work/pixi_rosdistro/pixi_rosdistro/install/share/lifecycle_msgs/environment/ament_prefix_path.sh
[50.961s] -- Installing: /Users/runner/work/pixi_rosdistro/pixi_rosdistro/install/share/lifecycle_msgs/environment/ament_prefix_path.dsv
[50.962s] -- Installing: /Users/runner/work/pixi_rosdistro/pixi_rosdistro/install/share/lifecycle_msgs/environment/path.sh
[50.962s] -- Installing: /Users/runner/work/pixi_rosdistro/pixi_rosdistro/install/share/lifecycle_msgs/environment/path.dsv
[50.962s] -- Installing: /Users/runner/work/pixi_rosdistro/pixi_rosdistro/install/share/lifecycle_msgs/local_setup.bash
[50.962s] -- Installing: /Users/runner/work/pixi_rosdistro/pixi_rosdistro/install/share/lifecycle_msgs/local_setup.fish
[50.962s] -- Installing: /Users/runner/work/pixi_rosdistro/pixi_rosdistro/install/share/lifecycle_msgs/local_setup.sh
[50.963s] -- Installing: /Users/runner/work/pixi_rosdistro/pixi_rosdistro/install/share/lifecycle_msgs/local_setup.zsh
[50.964s] -- Installing: /Users/runner/work/pixi_rosdistro/pixi_rosdistro/install/share/lifecycle_msgs/local_setup.dsv
[50.964s] -- Installing: /Users/runner/work/pixi_rosdistro/pixi_rosdistro/install/share/lifecycle_msgs/package.dsv
[50.964s] -- Installing: /Users/runner/work/pixi_rosdistro/pixi_rosdistro/install/share/ament_index/resource_index/packages/lifecycle_msgs
[50.965s] -- Installing: /Users/runner/work/pixi_rosdistro/pixi_rosdistro/install/share/lifecycle_msgs/cmake/export_lifecycle_msgs__rosidl_generator_cExport.cmake
[50.965s] -- Installing: /Users/runner/work/pixi_rosdistro/pixi_rosdistro/install/share/lifecycle_msgs/cmake/export_lifecycle_msgs__rosidl_generator_cExport-release.cmake
[50.965s] -- Installing: /Users/runner/work/pixi_rosdistro/pixi_rosdistro/install/share/lifecycle_msgs/cmake/export_lifecycle_msgs__rosidl_typesupport_fastrtps_cExport.cmake
[50.966s] -- Installing: /Users/runner/work/pixi_rosdistro/pixi_rosdistro/install/share/lifecycle_msgs/cmake/export_lifecycle_msgs__rosidl_typesupport_fastrtps_cExport-release.cmake
[50.968s] -- Installing: /Users/runner/work/pixi_rosdistro/pixi_rosdistro/install/share/lifecycle_msgs/cmake/lifecycle_msgs__rosidl_typesupport_introspection_cExport.cmake
[50.968s] -- Installing: /Users/runner/work/pixi_rosdistro/pixi_rosdistro/install/share/lifecycle_msgs/cmake/lifecycle_msgs__rosidl_typesupport_introspection_cExport-release.cmake
[50.968s] -- Installing: /Users/runner/work/pixi_rosdistro/pixi_rosdistro/install/share/lifecycle_msgs/cmake/lifecycle_msgs__rosidl_typesupport_cExport.cmake
[50.968s] -- Installing: /Users/runner/work/pixi_rosdistro/pixi_rosdistro/install/share/lifecycle_msgs/cmake/lifecycle_msgs__rosidl_typesupport_cExport-release.cmake
[50.968s] -- Installing: /Users/runner/work/pixi_rosdistro/pixi_rosdistro/install/share/lifecycle_msgs/cmake/export_lifecycle_msgs__rosidl_generator_cppExport.cmake
[50.968s] -- Installing: /Users/runner/work/pixi_rosdistro/pixi_rosdistro/install/share/lifecycle_msgs/cmake/export_lifecycle_msgs__rosidl_typesupport_fastrtps_cppExport.cmake
[50.968s] -- Installing: /Users/runner/work/pixi_rosdistro/pixi_rosdistro/install/share/lifecycle_msgs/cmake/export_lifecycle_msgs__rosidl_typesupport_fastrtps_cppExport-release.cmake
[50.968s] -- Installing: /Users/runner/work/pixi_rosdistro/pixi_rosdistro/install/share/lifecycle_msgs/cmake/lifecycle_msgs__rosidl_typesupport_introspection_cppExport.cmake
[50.968s] -- Installing: /Users/runner/work/pixi_rosdistro/pixi_rosdistro/install/share/lifecycle_msgs/cmake/lifecycle_msgs__rosidl_typesupport_introspection_cppExport-release.cmake
[50.968s] -- Installing: /Users/runner/work/pixi_rosdistro/pixi_rosdistro/install/share/lifecycle_msgs/cmake/lifecycle_msgs__rosidl_typesupport_cppExport.cmake
[50.968s] -- Installing: /Users/runner/work/pixi_rosdistro/pixi_rosdistro/install/share/lifecycle_msgs/cmake/lifecycle_msgs__rosidl_typesupport_cppExport-release.cmake
[50.968s] -- Installing: /Users/runner/work/pixi_rosdistro/pixi_rosdistro/install/share/lifecycle_msgs/cmake/export_lifecycle_msgs__rosidl_generator_pyExport.cmake
[50.968s] -- Installing: /Users/runner/work/pixi_rosdistro/pixi_rosdistro/install/share/lifecycle_msgs/cmake/export_lifecycle_msgs__rosidl_generator_pyExport-release.cmake
[50.968s] -- Installing: /Users/runner/work/pixi_rosdistro/pixi_rosdistro/install/lib/python3.12/site-packages/lifecycle_msgs-2.4.3-py3.12.egg-info
[50.969s] -- Installing: /Users/runner/work/pixi_rosdistro/pixi_rosdistro/install/lib/python3.12/site-packages/lifecycle_msgs-2.4.3-py3.12.egg-info/PKG-INFO
[50.969s] -- Installing: /Users/runner/work/pixi_rosdistro/pixi_rosdistro/install/lib/python3.12/site-packages/lifecycle_msgs-2.4.3-py3.12.egg-info/SOURCES.txt
[50.969s] -- Installing: /Users/runner/work/pixi_rosdistro/pixi_rosdistro/install/lib/python3.12/site-packages/lifecycle_msgs-2.4.3-py3.12.egg-info/top_level.txt
[50.969s] -- Installing: /Users/runner/work/pixi_rosdistro/pixi_rosdistro/install/lib/python3.12/site-packages/lifecycle_msgs-2.4.3-py3.12.egg-info/dependency_links.txt
[50.969s] -- Up-to-date: /Users/runner/work/pixi_rosdistro/pixi_rosdistro/install/lib/python3.12/site-packages/lifecycle_msgs
[50.969s] -- Up-to-date: /Users/runner/work/pixi_rosdistro/pixi_rosdistro/install/lib/python3.12/site-packages/lifecycle_msgs/lifecycle_msgs_s__rosidl_typesupport_fastrtps_c.so
[50.969s] -- Installing: /Users/runner/work/pixi_rosdistro/pixi_rosdistro/install/lib/python3.12/site-packages/lifecycle_msgs/_lifecycle_msgs_s.ep.rosidl_typesupport_introspection_c.c
[50.969s] -- Up-to-date: /Users/runner/work/pixi_rosdistro/pixi_rosdistro/install/lib/python3.12/site-packages/lifecycle_msgs/lifecycle_msgs_s__rosidl_typesupport_c.so
[50.969s] -- Up-to-date: /Users/runner/work/pixi_rosdistro/pixi_rosdistro/install/lib/python3.12/site-packages/lifecycle_msgs/lifecycle_msgs_s__rosidl_typesupport_introspection_c.so
[50.969s] -- Installing: /Users/runner/work/pixi_rosdistro/pixi_rosdistro/install/lib/python3.12/site-packages/lifecycle_msgs/msg
[50.969s] -- Installing: /Users/runner/work/pixi_rosdistro/pixi_rosdistro/install/lib/python3.12/site-packages/lifecycle_msgs/msg/_transition_description.py
[50.970s] -- Installing: /Users/runner/work/pixi_rosdistro/pixi_rosdistro/install/lib/python3.12/site-packages/lifecycle_msgs/msg/_transition_event_s.c
[50.970s] -- Installing: /Users/runner/work/pixi_rosdistro/pixi_rosdistro/install/lib/python3.12/site-packages/lifecycle_msgs/msg/_transition.py
[50.970s] -- Installing: /Users/runner/work/pixi_rosdistro/pixi_rosdistro/install/lib/python3.12/site-packages/lifecycle_msgs/msg/_state_s.c
[50.970s] -- Installing: /Users/runner/work/pixi_rosdistro/pixi_rosdistro/install/lib/python3.12/site-packages/lifecycle_msgs/msg/__init__.py
[50.970s] -- Installing: /Users/runner/work/pixi_rosdistro/pixi_rosdistro/install/lib/python3.12/site-packages/lifecycle_msgs/msg/_transition_event.py
[50.970s] -- Installing: /Users/runner/work/pixi_rosdistro/pixi_rosdistro/install/lib/python3.12/site-packages/lifecycle_msgs/msg/_state.py
[50.972s] -- Installing: /Users/runner/work/pixi_rosdistro/pixi_rosdistro/install/lib/python3.12/site-packages/lifecycle_msgs/msg/_transition_description_s.c
[50.973s] -- Installing: /Users/runner/work/pixi_rosdistro/pixi_rosdistro/install/lib/python3.12/site-packages/lifecycle_msgs/msg/_transition_s.c
[50.973s] -- Installing: /Users/runner/work/pixi_rosdistro/pixi_rosdistro/install/lib/python3.12/site-packages/lifecycle_msgs/_lifecycle_msgs_s.ep.rosidl_typesupport_c.c
[50.974s] -- Installing: /Users/runner/work/pixi_rosdistro/pixi_rosdistro/install/lib/python3.12/site-packages/lifecycle_msgs/__init__.py
[50.974s] -- Installing: /Users/runner/work/pixi_rosdistro/pixi_rosdistro/install/lib/python3.12/site-packages/lifecycle_msgs/_lifecycle_msgs_s.ep.rosidl_typesupport_fastrtps_c.c
[50.974s] -- Installing: /Users/runner/work/pixi_rosdistro/pixi_rosdistro/install/lib/python3.12/site-packages/lifecycle_msgs/py.typed
[50.974s] -- Installing: /Users/runner/work/pixi_rosdistro/pixi_rosdistro/install/lib/python3.12/site-packages/lifecycle_msgs/srv
[50.974s] -- Installing: /Users/runner/work/pixi_rosdistro/pixi_rosdistro/install/lib/python3.12/site-packages/lifecycle_msgs/srv/_get_available_transitions.py
[50.974s] -- Installing: /Users/runner/work/pixi_rosdistro/pixi_rosdistro/install/lib/python3.12/site-packages/lifecycle_msgs/srv/_get_state_s.c
[50.974s] -- Installing: /Users/runner/work/pixi_rosdistro/pixi_rosdistro/install/lib/python3.12/site-packages/lifecycle_msgs/srv/_change_state.py
[50.974s] -- Installing: /Users/runner/work/pixi_rosdistro/pixi_rosdistro/install/lib/python3.12/site-packages/lifecycle_msgs/srv/_get_available_states.py
[50.974s] -- Installing: /Users/runner/work/pixi_rosdistro/pixi_rosdistro/install/lib/python3.12/site-packages/lifecycle_msgs/srv/__init__.py
[50.974s] -- Installing: /Users/runner/work/pixi_rosdistro/pixi_rosdistro/install/lib/python3.12/site-packages/lifecycle_msgs/srv/_get_available_states_s.c
[50.974s] -- Installing: /Users/runner/work/pixi_rosdistro/pixi_rosdistro/install/lib/python3.12/site-packages/lifecycle_msgs/srv/_get_state.py
[50.974s] -- Installing: /Users/runner/work/pixi_rosdistro/pixi_rosdistro/install/lib/python3.12/site-packages/lifecycle_msgs/srv/_change_state_s.c
[50.974s] -- Installing: /Users/runner/work/pixi_rosdistro/pixi_rosdistro/install/lib/python3.12/site-packages/lifecycle_msgs/srv/_get_available_transitions_s.c
[51.052s] Listing '/Users/runner/work/pixi_rosdistro/pixi_rosdistro/install/lib/python3.12/site-packages/lifecycle_msgs'...
[51.052s] Compiling '/Users/runner/work/pixi_rosdistro/pixi_rosdistro/install/lib/python3.12/site-packages/lifecycle_msgs/__init__.py'...
[51.052s] Listing '/Users/runner/work/pixi_rosdistro/pixi_rosdistro/install/lib/python3.12/site-packages/lifecycle_msgs/msg'...
[51.052s] Compiling '/Users/runner/work/pixi_rosdistro/pixi_rosdistro/install/lib/python3.12/site-packages/lifecycle_msgs/msg/__init__.py'...
[51.052s] Compiling '/Users/runner/work/pixi_rosdistro/pixi_rosdistro/install/lib/python3.12/site-packages/lifecycle_msgs/msg/_state.py'...
[51.052s] Compiling '/Users/runner/work/pixi_rosdistro/pixi_rosdistro/install/lib/python3.12/site-packages/lifecycle_msgs/msg/_transition.py'...
[51.052s] Compiling '/Users/runner/work/pixi_rosdistro/pixi_rosdistro/install/lib/python3.12/site-packages/lifecycle_msgs/msg/_transition_description.py'...
[51.052s] Compiling '/Users/runner/work/pixi_rosdistro/pixi_rosdistro/install/lib/python3.12/site-packages/lifecycle_msgs/msg/_transition_event.py'...
[51.052s] Listing '/Users/runner/work/pixi_rosdistro/pixi_rosdistro/install/lib/python3.12/site-packages/lifecycle_msgs/srv'...
[51.052s] Compiling '/Users/runner/work/pixi_rosdistro/pixi_rosdistro/install/lib/python3.12/site-packages/lifecycle_msgs/srv/__init__.py'...
[51.052s] Compiling '/Users/runner/work/pixi_rosdistro/pixi_rosdistro/install/lib/python3.12/site-packages/lifecycle_msgs/srv/_change_state.py'...
[51.052s] Compiling '/Users/runner/work/pixi_rosdistro/pixi_rosdistro/install/lib/python3.12/site-packages/lifecycle_msgs/srv/_get_available_states.py'...
[51.052s] Compiling '/Users/runner/work/pixi_rosdistro/pixi_rosdistro/install/lib/python3.12/site-packages/lifecycle_msgs/srv/_get_available_transitions.py'...
[51.052s] Compiling '/Users/runner/work/pixi_rosdistro/pixi_rosdistro/install/lib/python3.12/site-packages/lifecycle_msgs/srv/_get_state.py'...
[51.055s] -- Installing: /Users/runner/work/pixi_rosdistro/pixi_rosdistro/install/share/lifecycle_msgs/cmake/rosidl_cmake-extras.cmake
[51.055s] -- Installing: /Users/runner/work/pixi_rosdistro/pixi_rosdistro/install/share/lifecycle_msgs/cmake/ament_cmake_export_dependencies-extras.cmake
[51.056s] -- Installing: /Users/runner/work/pixi_rosdistro/pixi_rosdistro/install/share/lifecycle_msgs/cmake/ament_cmake_export_include_directories-extras.cmake
[51.056s] -- Installing: /Users/runner/work/pixi_rosdistro/pixi_rosdistro/install/share/lifecycle_msgs/cmake/ament_cmake_export_libraries-extras.cmake
[51.056s] -- Installing: /Users/runner/work/pixi_rosdistro/pixi_rosdistro/install/share/lifecycle_msgs/cmake/ament_cmake_export_targets-extras.cmake
[51.056s] -- Installing: /Users/runner/work/pixi_rosdistro/pixi_rosdistro/install/share/lifecycle_msgs/cmake/rosidl_cmake_export_typesupport_targets-extras.cmake
[51.056s] -- Installing: /Users/runner/work/pixi_rosdistro/pixi_rosdistro/install/share/lifecycle_msgs/cmake/rosidl_cmake_export_typesupport_libraries-extras.cmake
[51.056s] -- Installing: /Users/runner/work/pixi_rosdistro/pixi_rosdistro/install/share/lifecycle_msgs/cmake/rosidl_cmake_aggregate_target-extras.cmake
[51.056s] -- Installing: /Users/runner/work/pixi_rosdistro/pixi_rosdistro/install/share/lifecycle_msgs/cmake/lifecycle_msgsConfig.cmake
[51.056s] -- Installing: /Users/runner/work/pixi_rosdistro/pixi_rosdistro/install/share/lifecycle_msgs/cmake/lifecycle_msgsConfig-version.cmake
[51.056s] -- Installing: /Users/runner/work/pixi_rosdistro/pixi_rosdistro/install/share/lifecycle_msgs/package.xml
[51.057s] Invoked command in '/Users/runner/work/pixi_rosdistro/pixi_rosdistro/build/lifecycle_msgs' returned '0': AMENT_PREFIX_PATH=/Users/runner/work/pixi_rosdistro/pixi_rosdistro/install CMAKE_PREFIX_PATH=/Users/runner/work/pixi_rosdistro/pixi_rosdistro/install DYLD_LIBRARY_PATH=/Users/runner/work/pixi_rosdistro/pixi_rosdistro/install/lib:/Users/runner/work/pixi_rosdistro/pixi_rosdistro/install/opt/mimick_vendor/lib PATH=/Users/runner/work/pixi_rosdistro/pixi_rosdistro/install/bin:${PATH} PIXI_PROMPT=(ros2_rolling) PKG_CONFIG_PATH=/Users/runner/work/pixi_rosdistro/pixi_rosdistro/install/lib/pkgconfig PYTHONPATH=/Users/runner/work/pixi_rosdistro/pixi_rosdistro/install/lib/python3.12/site-packages ROS_PYTHON_VERSION=3 SHLVL=3 _=/usr/bin/env /Users/runner/work/pixi_rosdistro/pixi_rosdistro/.pixi/envs/default/bin/cmake --install /Users/runner/work/pixi_rosdistro/pixi_rosdistro/build/lifecycle_msgs
