[1.827s] Invoking command in '/home/runner/work/pixi_rosdistro/pixi_rosdistro/build/cyclonedds': CMAKE_PREFIX_PATH=/home/runner/work/pixi_rosdistro/pixi_rosdistro/install:${CMAKE_PREFIX_PATH} LD_LIBRARY_PATH=/home/runner/work/pixi_rosdistro/pixi_rosdistro/install/lib PATH=/home/runner/work/pixi_rosdistro/pixi_rosdistro/install/bin:/opt/microsoft/powershell/7:${PATH} PIXI_PROMPT=(ros2_rolling) PKG_CONFIG_PATH=/home/runner/work/pixi_rosdistro/pixi_rosdistro/install/lib/pkgconfig PSModulePath=/home/runner/.local/share/powershell/Modules:${PSModulePath} PYTHONPATH=/home/runner/work/pixi_rosdistro/pixi_rosdistro/install/lib/python3.12/site-packages /home/runner/work/pixi_rosdistro/pixi_rosdistro/.pixi/envs/default/bin/cmake /home/runner/work/pixi_rosdistro/pixi_rosdistro/src/eclipse-cyclonedds/cyclonedds -GNinja --no-warn-unused-cli -DCMAKE_BUILD_TYPE=Release -DCMAKE_BUILD_WITH_INSTALL_RPATH:bool=TRUE -DCMAKE_POLICY_VERSION_MINIMUM=3.5 -Wno-deprecated -DSTACK_DETAILS_AUTO_DETECT:bool=FALSE -DSTACK_DETAILS_BFD:bool=FALSE -DBUILD_IDLC=AUTO -DCMAKE_INSTALL_PREFIX=/home/runner/work/pixi_rosdistro/pixi_rosdistro/install
[1.996s] Not searching for unused variables given on the command line.
[1.996s] -- The C compiler identification is GNU 14.3.0
[2.019s] -- Detecting C compiler ABI info
[2.176s] -- Detecting C compiler ABI info - done
[2.216s] -- Check for working C compiler: /home/runner/work/pixi_rosdistro/pixi_rosdistro/.pixi/envs/default/bin/x86_64-conda-linux-gnu-cc - skipped
[2.216s] -- Detecting C compile features
[2.217s] -- Detecting C compile features - done
[2.241s] -- Looking for getopt.h
[2.518s] -- Looking for getopt.h - found
[3.396s] -- Building with OpenSSL support
[3.420s] -- Looking for stdint.h
[3.709s] -- Looking for stdint.h - found
[3.709s] -- Looking for inttypes.h
[4.196s] -- Looking for inttypes.h - found
[4.196s] -- Looking for sys/types.h
[4.933s] -- Looking for sys/types.h - found
[4.934s] -- Looking for stdint.h
[5.152s] -- Looking for stdint.h - found
[5.154s] -- Looking for stddef.h
[5.500s] -- Looking for stddef.h - found
[5.500s] -- Check size of intmax_t
[5.718s] -- Check size of intmax_t - done
[5.718s] -- Looking for stpcpy
[6.037s] -- Looking for stpcpy - found
[6.037s] -- Looking for strlcpy
[6.291s] -- Looking for strlcpy - not found
[6.291s] -- Looking for strlcat
[6.579s] -- Looking for strlcat - not found
[6.581s] -- Performing Test COMPILER_HAS_HIDDEN_VISIBILITY
[6.955s] -- Performing Test COMPILER_HAS_HIDDEN_VISIBILITY - Success
[6.955s] -- Performing Test COMPILER_HAS_HIDDEN_INLINE_VISIBILITY
[7.242s] -- Performing Test COMPILER_HAS_HIDDEN_INLINE_VISIBILITY - Failed
[7.244s] -- Performing Test COMPILER_HAS_DEPRECATED_ATTR
[7.480s] -- Performing Test COMPILER_HAS_DEPRECATED_ATTR - Success
[7.500s] -- Looking for gethostname
[7.805s] -- Looking for gethostname - found
[7.808s] -- Looking for inet_ntop
[8.073s] -- Looking for inet_ntop - found
[8.077s] -- Looking for inet_pton
[8.449s] -- Looking for inet_pton - found
[8.449s] -- Looking for getaddrinfo
[8.729s] -- Looking for getaddrinfo - found
[8.730s] -- Looking for gethostbyname_r
[9.043s] -- Looking for gethostbyname_r - found
[9.047s] -- Check size of struct sockaddr_in6
[9.406s] -- Check size of struct sockaddr_in6 - done
[9.407s] -- Performing Test CMAKE_HAVE_LIBC_PTHREAD
[9.699s] -- Performing Test CMAKE_HAVE_LIBC_PTHREAD - Failed
[9.700s] -- Looking for pthread_create in pthreads
[9.945s] -- Looking for pthread_create in pthreads - not found
[9.946s] -- Looking for pthread_create in pthread
[10.344s] -- Looking for pthread_create in pthread - found
[10.352s] -- Found Threads: TRUE
[10.353s] -- Looking for clock_gettime in c
[10.728s] -- Looking for clock_gettime in c - found
[11.221s] -- Configuring done (9.4s)
[11.388s] -- Generating done (0.2s)
[11.427s] -- Build files have been written to: /home/runner/work/pixi_rosdistro/pixi_rosdistro/build/cyclonedds
[11.456s] Invoked command in '/home/runner/work/pixi_rosdistro/pixi_rosdistro/build/cyclonedds' returned '0': CMAKE_PREFIX_PATH=/home/runner/work/pixi_rosdistro/pixi_rosdistro/install:${CMAKE_PREFIX_PATH} LD_LIBRARY_PATH=/home/runner/work/pixi_rosdistro/pixi_rosdistro/install/lib PATH=/home/runner/work/pixi_rosdistro/pixi_rosdistro/install/bin:/opt/microsoft/powershell/7:${PATH} PIXI_PROMPT=(ros2_rolling) PKG_CONFIG_PATH=/home/runner/work/pixi_rosdistro/pixi_rosdistro/install/lib/pkgconfig PSModulePath=/home/runner/.local/share/powershell/Modules:${PSModulePath} PYTHONPATH=/home/runner/work/pixi_rosdistro/pixi_rosdistro/install/lib/python3.12/site-packages ROS_DOMAIN_ID=87 /home/runner/work/pixi_rosdistro/pixi_rosdistro/.pixi/envs/default/bin/cmake /home/runner/work/pixi_rosdistro/pixi_rosdistro/src/eclipse-cyclonedds/cyclonedds -GNinja --no-warn-unused-cli -DCMAKE_BUILD_TYPE=Release -DCMAKE_BUILD_WITH_INSTALL_RPATH:bool=TRUE -DCMAKE_POLICY_VERSION_MINIMUM=3.5 -Wno-deprecated -DSTACK_DETAILS_AUTO_DETECT:bool=FALSE -DSTACK_DETAILS_BFD:bool=FALSE -DBUILD_IDLC=AUTO -DCMAKE_INSTALL_PREFIX=/home/runner/work/pixi_rosdistro/pixi_rosdistro/install
[11.456s] Invoking command in '/home/runner/work/pixi_rosdistro/pixi_rosdistro/build/cyclonedds': CMAKE_PREFIX_PATH=/home/runner/work/pixi_rosdistro/pixi_rosdistro/install:${CMAKE_PREFIX_PATH} LD_LIBRARY_PATH=/home/runner/work/pixi_rosdistro/pixi_rosdistro/install/lib PATH=/home/runner/work/pixi_rosdistro/pixi_rosdistro/install/bin:/opt/microsoft/powershell/7:${PATH} PIXI_PROMPT=(ros2_rolling) PKG_CONFIG_PATH=/home/runner/work/pixi_rosdistro/pixi_rosdistro/install/lib/pkgconfig PSModulePath=/home/runner/.local/share/powershell/Modules:${PSModulePath} PYTHONPATH=/home/runner/work/pixi_rosdistro/pixi_rosdistro/install/lib/python3.12/site-packages ROS_DOMAIN_ID=87 /home/runner/work/pixi_rosdistro/pixi_rosdistro/.pixi/envs/default/bin/cmake --build /home/runner/work/pixi_rosdistro/pixi_rosdistro/build/cyclonedds -- -j4 -l4
[11.504s] [1/264] Generating include/idl/misc.h
[11.534s] [2/264] Generating include/idl/attributes.h
[11.549s] [3/264] Generating include/idl/endian.h
[11.560s] [4/264] Generating include/idl/md5.h
[11.577s] [5/264] Generating src/md5.c
[11.579s] [6/264] 
[11.729s] [7/264] Building C object src/idl/CMakeFiles/idl.dir/src/symbol.c.o
[11.955s] [8/264] Building C object src/idl/CMakeFiles/idl.dir/src/directive.c.o
[12.236s] [9/264] Building C object src/idl/CMakeFiles/idl.dir/src/expression.c.o
[12.485s] [10/264] Building C object src/idl/CMakeFiles/idl.dir/src/file.c.o
[12.638s] [11/264] Building C object src/idl/CMakeFiles/idl.dir/src/processor.c.o
[12.787s] [12/264] Building C object src/idl/CMakeFiles/idl.dir/src/scanner.c.o
[12.967s] [13/264] Building C object src/idl/CMakeFiles/idl.dir/src/string.c.o
[13.060s] [14/264] Building C object src/idl/CMakeFiles/idl.dir/src/annotation.c.o
[13.168s] [15/264] Building C object src/idl/CMakeFiles/idl.dir/src/scope.c.o
[13.336s] [16/264] Building C object src/idl/CMakeFiles/idl.dir/src/tree.c.o
[13.502s] [17/264] Building C object src/idl/CMakeFiles/idl.dir/src/visit.c.o
[13.645s] [18/264] Building C object src/idl/CMakeFiles/idl.dir/src/print.c.o
[13.795s] [19/264] Building C object src/idl/CMakeFiles/idl.dir/src/keylist.c.o
[13.926s] [20/264] Building C object src/idl/CMakeFiles/idl.dir/src/hashid.c.o
[14.149s] [21/264] Building C object src/idl/CMakeFiles/idl.dir/src/parser.c.o
[14.303s] [22/264] Building C object src/idl/CMakeFiles/idl.dir/src/md5.c.o
[14.443s] [23/264] Building C object src/core/CMakeFiles/ddsc.dir/ddsi/src/ddsi_eth.c.o
[14.748s] [24/264] Building C object src/core/CMakeFiles/ddsc.dir/ddsi/src/ddsi_ssl.c.o
[15.028s] [25/264] Building C object src/core/CMakeFiles/ddsc.dir/ddsi/src/ddsi_tcp.c.o
[15.293s] [26/264] Building C object src/core/CMakeFiles/ddsc.dir/ddsi/src/ddsi_tran.c.o
[15.528s] [27/264] Building C object src/core/CMakeFiles/ddsc.dir/ddsi/src/ddsi_udp.c.o
[15.700s] [28/264] Building C object src/core/CMakeFiles/ddsc.dir/ddsi/src/ddsi_raweth.c.o
[15.902s] [29/264] Building C object src/core/CMakeFiles/ddsc.dir/ddsi/src/ddsi_vnet.c.o
[16.098s] [30/264] Building C object src/core/CMakeFiles/ddsc.dir/ddsi/src/ddsi_ipaddr.c.o
[16.375s] [31/264] Building C object src/core/CMakeFiles/ddsc.dir/ddsi/src/ddsi_mcgroup.c.o
[16.592s] [32/264] Building C object src/core/CMakeFiles/ddsc.dir/ddsi/src/ddsi_security_util.c.o
[16.858s] [33/264] Building C object src/core/CMakeFiles/ddsc.dir/ddsi/src/ddsi_security_omg.c.o
[17.046s] [34/264] Building C object src/core/CMakeFiles/ddsc.dir/ddsi/src/ddsi_portmapping.c.o
[17.279s] [35/264] Building C object src/core/CMakeFiles/ddsc.dir/ddsi/src/ddsi_handshake.c.o
[17.535s] [36/264] Building C object src/core/CMakeFiles/ddsc.dir/ddsi/src/ddsi_serdata.c.o
[17.775s] [37/264] Building C object src/core/CMakeFiles/ddsc.dir/ddsi/src/ddsi_serdata_default.c.o
[17.941s] [38/264] Building C object src/core/CMakeFiles/ddsc.dir/ddsi/src/ddsi_serdata_pserop.c.o
[18.121s] [39/264] Building C object src/core/CMakeFiles/ddsc.dir/ddsi/src/ddsi_serdata_plist.c.o
[18.338s] [40/264] Building C object src/core/CMakeFiles/ddsc.dir/ddsi/src/ddsi_sertype.c.o
[18.565s] [41/264] Building C object src/core/CMakeFiles/ddsc.dir/ddsi/src/ddsi_sertype_default.c.o
[18.783s] [42/264] Building C object src/core/CMakeFiles/ddsc.dir/ddsi/src/ddsi_sertype_pserop.c.o
[19.017s] [43/264] Building C object src/core/CMakeFiles/ddsc.dir/ddsi/src/ddsi_sertype_plist.c.o
[19.166s] [44/264] Building C object src/core/CMakeFiles/ddsc.dir/ddsi/src/ddsi_sertopic.c.o
[19.302s] [45/264] Building C object src/core/CMakeFiles/ddsc.dir/ddsi/src/ddsi_statistics.c.o
[19.415s] [46/264] Building C object src/core/CMakeFiles/ddsc.dir/ddsi/src/ddsi_iid.c.o
[19.619s] [47/264] Building C object src/core/CMakeFiles/ddsc.dir/ddsi/src/ddsi_tkmap.c.o
[19.735s] [48/264] Building C object src/core/CMakeFiles/ddsc.dir/ddsi/src/ddsi_vendor.c.o
[19.931s] [49/264] Building C object src/core/CMakeFiles/ddsc.dir/ddsi/src/ddsi_threadmon.c.o
[20.054s] [50/264] Building C object src/core/CMakeFiles/ddsc.dir/ddsi/src/ddsi_rhc.c.o
[20.292s] [51/264] Building C object src/core/CMakeFiles/ddsc.dir/ddsi/src/ddsi_pmd.c.o
[20.557s] [52/264] Building C object src/core/CMakeFiles/ddsc.dir/ddsi/src/ddsi_entity_index.c.o
[20.765s] [53/264] Building C object src/core/CMakeFiles/ddsc.dir/ddsi/src/ddsi_deadline.c.o
[20.984s] [54/264] Building C object src/core/CMakeFiles/ddsc.dir/ddsi/src/ddsi_deliver_locally.c.o
[21.268s] [55/264] Building C object src/core/CMakeFiles/ddsc.dir/ddsi/src/ddsi_plist.c.o
[21.609s] [56/264] Building C object src/core/CMakeFiles/ddsc.dir/ddsi/src/ddsi_cdrstream.c.o
[21.852s] [57/264] Building C object src/core/CMakeFiles/ddsc.dir/ddsi/src/ddsi_config.c.o
[21.979s] [58/264] Building C object src/core/CMakeFiles/ddsc.dir/ddsi/src/ddsi_time.c.o
[22.169s] [59/264] Building C object src/core/CMakeFiles/ddsc.dir/ddsi/src/ddsi_ownip.c.o
[22.376s] [60/264] Building C object src/core/CMakeFiles/ddsc.dir/ddsi/src/ddsi_acknack.c.o
[22.542s] [61/264] Building C object src/core/CMakeFiles/ddsc.dir/ddsi/src/ddsi_list_genptr.c.o
[22.729s] [62/264] Building C object src/core/CMakeFiles/ddsc.dir/ddsi/src/ddsi_wraddrset.c.o
[22.944s] [63/264] Building C object src/core/CMakeFiles/ddsc.dir/ddsi/src/ddsi_typelib.c.o
[23.090s] [64/264] Building C object src/core/CMakeFiles/ddsc.dir/ddsi/src/ddsi_entity.c.o
[23.291s] [65/264] Building C object src/core/CMakeFiles/ddsc.dir/ddsi/src/ddsi_entity_match.c.o
[23.517s] [66/264] Building C object src/core/CMakeFiles/ddsc.dir/ddsi/src/ddsi_participant.c.o
[23.698s] [67/264] Building C object src/core/CMakeFiles/ddsc.dir/ddsi/src/ddsi_proxy_participant.c.o
[23.906s] [68/264] Building C object src/core/CMakeFiles/ddsc.dir/ddsi/src/ddsi_topic.c.o
[24.093s] [69/264] Building C object src/core/CMakeFiles/ddsc.dir/ddsi/src/ddsi_endpoint.c.o
[24.262s] [70/264] Building C object src/core/CMakeFiles/ddsc.dir/ddsi/src/ddsi_proxy_endpoint.c.o
[24.471s] [71/264] Building C object src/core/CMakeFiles/ddsc.dir/ddsi/src/q_addrset.c.o
[24.590s] [72/264] Building C object src/core/CMakeFiles/ddsc.dir/ddsi/src/q_bitset_inlines.c.o
[24.685s] [73/264] Building C object src/core/CMakeFiles/ddsc.dir/ddsi/src/q_bswap.c.o
[24.967s] [74/264] Building C object src/core/CMakeFiles/ddsc.dir/ddsi/src/q_ddsi_discovery.c.o
[25.153s] [75/264] Building C object src/core/CMakeFiles/ddsc.dir/ddsi/src/q_debmon.c.o
[25.295s] [76/264] Building C object src/core/CMakeFiles/ddsc.dir/ddsi/src/q_gc.c.o
[25.480s] [77/264] Building C object src/core/CMakeFiles/ddsc.dir/ddsi/src/q_init.c.o
[25.578s] [78/264] Building C object src/core/CMakeFiles/ddsc.dir/ddsi/src/q_lat_estim.c.o
[25.729s] [79/264] Building C object src/core/CMakeFiles/ddsc.dir/ddsi/src/q_lease.c.o
[25.911s] [80/264] Building C object src/core/CMakeFiles/ddsc.dir/ddsi/src/q_misc.c.o
[26.149s] [81/264] Building C object src/core/CMakeFiles/ddsc.dir/ddsi/src/q_pcap.c.o
[26.357s] [82/264] Building C object src/core/CMakeFiles/ddsc.dir/ddsi/src/q_qosmatch.c.o
[26.565s] [83/264] Building C object src/core/CMakeFiles/ddsc.dir/ddsi/src/q_radmin.c.o
[26.767s] [84/264] Building C object src/core/CMakeFiles/ddsc.dir/ddsi/src/q_receive.c.o
[26.897s] [85/264] Building C object src/core/CMakeFiles/ddsc.dir/ddsi/src/q_sockwaitset.c.o
[27.050s] [86/264] Building C object src/core/CMakeFiles/ddsc.dir/ddsi/src/q_thread.c.o
[27.234s] [87/264] Building C object src/core/CMakeFiles/ddsc.dir/ddsi/src/q_transmit.c.o
[27.362s] [88/264] Building C object src/core/CMakeFiles/ddsc.dir/ddsi/src/q_inverse_uint32_set.c.o
[27.477s] [89/264] Building C object src/core/CMakeFiles/ddsc.dir/ddsi/src/q_whc.c.o
[27.758s] [90/264] Building C object src/core/CMakeFiles/ddsc.dir/ddsi/src/q_xevent.c.o
[27.956s] [91/264] Building C object src/core/CMakeFiles/ddsc.dir/ddsi/src/q_xmsg.c.o
[28.088s] [92/264] Building C object src/core/CMakeFiles/ddsc.dir/ddsi/src/q_freelist.c.o
[28.205s] [93/264] Building C object src/core/CMakeFiles/ddsc.dir/ddsi/src/sysdeps.c.o
[28.360s] [94/264] Building C object src/core/CMakeFiles/ddsc.dir/ddsi/src/ddsi_lifespan.c.o
[28.479s] [95/264] Building C object src/core/CMakeFiles/ddsc.dir/ddsi/src/ddsi_xt_typeinfo.c.o
[28.569s] [96/264] Building C object src/core/CMakeFiles/ddsc.dir/ddsi/src/ddsi_xt_typelookup.c.o
[28.676s] [97/264] Building C object src/core/CMakeFiles/ddsc.dir/ddsi/src/ddsi_xt_typemap.c.o
[28.817s] [98/264] Building C object src/core/CMakeFiles/ddsc.dir/ddsi/src/ddsi_typelookup.c.o
[29.029s] [99/264] Building C object src/core/CMakeFiles/ddsc.dir/ddsi/src/ddsi_typewrap.c.o
[29.311s] [100/264] Building C object src/core/CMakeFiles/ddsc.dir/ddsi/src/ddsi_typebuilder.c.o
[29.513s] [101/264] Building C object src/core/CMakeFiles/ddsc.dir/ddsi/src/ddsi_security_msg.c.o
[29.741s] [102/264] Building C object src/core/CMakeFiles/ddsc.dir/ddsi/src/ddsi_security_exchange.c.o
[29.951s] [103/264] Building C object src/core/CMakeFiles/ddsc.dir/ddsi/src/ddsi_shm_transport.c.o
[30.140s] [104/264] Building C object src/core/CMakeFiles/ddsc.dir/ddsi/defconfig.c.o
[30.532s] [105/264] Building C object src/core/CMakeFiles/ddsc.dir/ddsc/src/dds_alloc.c.o
[31.192s] [106/264] Building C object src/core/CMakeFiles/ddsc.dir/ddsc/src/dds_builtin.c.o
[31.434s] [107/264] Building C object src/core/CMakeFiles/ddsc.dir/ddsc/src/dds_coherent.c.o
[31.632s] [108/264] Building C object src/core/CMakeFiles/ddsc.dir/ddsc/src/dds_participant.c.o
[31.892s] [109/264] Building C object src/core/CMakeFiles/ddsc.dir/ddsc/src/dds_reader.c.o
[32.131s] [110/264] Building C object src/core/CMakeFiles/ddsc.dir/ddsc/src/dds_writer.c.o
[32.356s] [111/264] Building C object src/core/CMakeFiles/ddsc.dir/ddsc/src/dds_init.c.o
[32.683s] [112/264] Building C object src/core/CMakeFiles/ddsc.dir/ddsc/src/dds_publisher.c.o
[34.640s] [113/264] Building C object src/core/CMakeFiles/ddsc.dir/ddsc/src/dds_rhc.c.o
[35.002s] [114/264] Building C object src/core/CMakeFiles/ddsc.dir/ddsc/src/dds_rhc_default.c.o
[35.696s] [115/264] Building C object src/core/CMakeFiles/ddsc.dir/ddsc/src/dds_domain.c.o
[36.865s] [116/264] Building C object src/core/CMakeFiles/ddsc.dir/ddsc/src/dds_instance.c.o
[38.804s] [117/264] Building C object src/core/CMakeFiles/ddsc.dir/ddsc/src/dds_qos.c.o
[39.423s] [118/264] Building C object src/core/CMakeFiles/ddsc.dir/ddsc/src/dds_handles.c.o
[40.199s] [119/264] Building C object src/core/CMakeFiles/ddsc.dir/ddsc/src/dds_entity.c.o
[40.796s] [120/264] Building C object src/core/CMakeFiles/ddsc.dir/ddsc/src/dds_matched.c.o
[41.133s] [121/264] Building C object src/core/CMakeFiles/ddsc.dir/ddsc/src/dds_querycond.c.o
[41.349s] [122/264] Building C object src/core/CMakeFiles/ddsc.dir/ddsc/src/dds_topic.c.o
[41.540s] [123/264] Building C object src/core/CMakeFiles/ddsc.dir/ddsc/src/dds_listener.c.o
[41.791s] [124/264] Building C object src/core/CMakeFiles/ddsc.dir/ddsc/src/dds_read.c.o
[42.010s] [125/264] Building C object src/core/CMakeFiles/ddsc.dir/ddsc/src/dds_waitset.c.o
[42.205s] [126/264] Building C object src/core/CMakeFiles/ddsc.dir/ddsc/src/dds_readcond.c.o
[42.424s] [127/264] Building C object src/core/CMakeFiles/ddsc.dir/ddsc/src/dds_guardcond.c.o
[42.624s] [128/264] Building C object src/core/CMakeFiles/ddsc.dir/ddsc/src/dds_statistics.c.o
[42.902s] [129/264] Building C object src/core/CMakeFiles/ddsc.dir/ddsc/src/dds_subscriber.c.o
[43.169s] [130/264] Building C object src/core/CMakeFiles/ddsc.dir/ddsc/src/dds_write.c.o
[43.499s] [131/264] Building C object src/core/CMakeFiles/ddsc.dir/ddsc/src/dds_whc.c.o
[43.740s] [132/264] Building C object src/core/CMakeFiles/ddsc.dir/ddsc/src/dds_whc_builtintopic.c.o
[43.959s] [133/264] Building C object src/core/CMakeFiles/ddsc.dir/ddsc/src/dds_serdata_builtintopic.c.o
[44.354s] [134/264] Building C object src/core/CMakeFiles/ddsc.dir/ddsc/src/dds_sertype_builtintopic.c.o
[44.584s] [135/264] Building C object src/core/CMakeFiles/ddsc.dir/ddsc/src/dds_data_allocator.c.o
[44.741s] [136/264] Building C object src/core/CMakeFiles/ddsc.dir/ddsc/src/dds_loan.c.o
[44.910s] [137/264] Building C object src/core/CMakeFiles/ddsc.dir/ddsc/src/shm_monitor.c.o
[45.080s] [138/264] Building C object src/core/CMakeFiles/ddsc.dir/__/security/core/src/dds_security_serialize.c.o
[45.334s] [139/264] Building C object src/core/CMakeFiles/ddsc.dir/__/security/core/src/dds_security_utils.c.o
[45.536s] [140/264] Building C object src/core/CMakeFiles/ddsc.dir/__/security/core/src/dds_security_plugins.c.o
[45.736s] [141/264] Building C object src/core/CMakeFiles/ddsc.dir/__/security/core/src/shared_secret.c.o
[46.038s] [142/264] Building C object src/core/CMakeFiles/ddsc.dir/__/security/core/src/dds_security_fsm.c.o
[46.161s] [143/264] Building C object src/core/CMakeFiles/ddsc.dir/__/security/core/src/dds_security_timed_cb.c.o
[46.309s] [144/264] Building C object src/core/CMakeFiles/ddsc.dir/__/ddsrt/src/atomics.c.o
[46.549s] [145/264] Building C object src/core/CMakeFiles/ddsc.dir/__/ddsrt/src/avl.c.o
[46.715s] [146/264] Building C object src/core/CMakeFiles/ddsc.dir/__/ddsrt/src/bswap.c.o
[46.879s] [147/264] Building C object src/core/CMakeFiles/ddsc.dir/__/ddsrt/src/io.c.o
[47.017s] [148/264] Building C object src/core/CMakeFiles/ddsc.dir/__/ddsrt/src/log.c.o
[47.322s] [149/264] Building C object src/core/CMakeFiles/ddsc.dir/__/ddsrt/src/retcode.c.o
[47.457s] [150/264] Building C object src/core/CMakeFiles/ddsc.dir/__/ddsrt/src/strtod.c.o
[47.613s] [151/264] Building C object src/core/CMakeFiles/ddsc.dir/__/ddsrt/src/strtol.c.o
[48.110s] [152/264] Building C object src/core/CMakeFiles/ddsc.dir/__/ddsrt/src/mh3.c.o
[48.366s] [153/264] Building C object src/core/CMakeFiles/ddsc.dir/__/ddsrt/src/environ.c.o
[48.568s] [154/264] Building C object src/core/CMakeFiles/ddsc.dir/__/ddsrt/src/expand_vars.c.o
[48.727s] [155/264] Building C object src/core/CMakeFiles/ddsc.dir/__/ddsrt/src/fibheap.c.o
[48.966s] [156/264] Building C object src/core/CMakeFiles/ddsc.dir/__/ddsrt/src/hopscotch.c.o
[49.126s] [157/264] Building C object src/core/CMakeFiles/ddsc.dir/__/ddsrt/src/circlist.c.o
[49.272s] [158/264] Building C object src/core/CMakeFiles/ddsc.dir/__/ddsrt/src/threads.c.o
[49.420s] [159/264] Building C object src/core/CMakeFiles/ddsc.dir/__/ddsrt/src/string.c.o
[49.669s] [160/264] Building C object src/core/CMakeFiles/ddsc.dir/__/ddsrt/src/sockets.c.o
[49.847s] [161/264] Building C object src/core/CMakeFiles/ddsc.dir/__/ddsrt/src/md5.c.o
[50.076s] [162/264] Building C object src/core/CMakeFiles/ddsc.dir/__/ddsrt/src/xmlparser.c.o
[50.282s] [163/264] Building C object src/core/CMakeFiles/ddsc.dir/__/ddsrt/src/ifaddrs.c.o
[50.460s] [164/264] Building C object src/core/CMakeFiles/ddsc.dir/__/ddsrt/src/cdtors.c.o
[50.615s] [165/264] Building C object src/core/CMakeFiles/ddsc.dir/__/ddsrt/src/random.c.o
[50.836s] [166/264] Building C object src/core/CMakeFiles/ddsc.dir/__/ddsrt/src/time.c.o
[51.162s] [167/264] Building C object src/core/CMakeFiles/ddsc.dir/__/ddsrt/src/ifaddrs/posix/ifaddrs.c.o
[51.503s] [168/264] Building C object src/core/CMakeFiles/ddsc.dir/__/ddsrt/src/sockets/posix/socket.c.o
[51.738s] [169/264] Building C object src/core/CMakeFiles/ddsc.dir/__/ddsrt/src/sockets/posix/gethostname.c.o
[51.942s] [170/264] Building C object src/core/CMakeFiles/ddsc.dir/__/ddsrt/src/heap/posix/heap.c.o
[52.075s] [171/264] Building C object src/core/CMakeFiles/ddsc.dir/__/ddsrt/src/dynlib/posix/dynlib.c.o
[52.253s] [172/264] Building C object src/core/CMakeFiles/ddsc.dir/__/ddsrt/src/environ/posix/environ.c.o
[52.410s] [173/264] Building C object src/core/CMakeFiles/ddsc.dir/__/ddsrt/src/filesystem/posix/filesystem.c.o
[52.575s] [174/264] Building C object src/core/CMakeFiles/ddsc.dir/__/ddsrt/src/process/posix/process.c.o
[52.714s] [175/264] Building C object src/core/CMakeFiles/ddsc.dir/__/ddsrt/src/random/posix/random.c.o
[52.830s] [176/264] Building C object src/core/CMakeFiles/ddsc.dir/__/ddsrt/src/sync/posix/sync.c.o
[53.028s] [177/264] Building C object src/core/CMakeFiles/ddsc.dir/__/ddsrt/src/threads/posix/threads.c.o
[53.120s] [178/264] Building C object src/core/CMakeFiles/ddsc.dir/__/ddsrt/src/netstat/linux/netstat.c.o
[53.280s] [179/264] Building C object src/core/CMakeFiles/ddsc.dir/__/ddsrt/src/time/posix/time.c.o
[53.473s] [180/264] Building C object src/core/CMakeFiles/ddsc.dir/__/ddsrt/src/rusage/posix/rusage.c.o
[53.599s] [181/264] Building C object src/tools/idlpp/CMakeFiles/idlpp.dir/src/directive.c.o
[53.780s] [182/264] Building C object src/tools/idlpp/CMakeFiles/idlpp.dir/src/eval.c.o
[53.939s] [183/264] Building C object src/tools/idlpp/CMakeFiles/idlpp.dir/src/expand.c.o
[54.142s] [184/264] Building C object src/tools/idlpp/CMakeFiles/idlpp.dir/src/main.c.o
[54.343s] [185/264] Building C object src/tools/idlpp/CMakeFiles/idlpp.dir/src/mbchar.c.o
[54.528s] [186/264] Building C object src/tools/idlpp/CMakeFiles/idlpp.dir/src/support.c.o
[54.697s] [187/264] Building C object src/tools/idlpp/CMakeFiles/idlpp.dir/src/system.c.o
[54.754s] [188/264] Linking C shared library lib/libcycloneddsidl.so.0.10.5
[76.344s] [189/264] Linking C shared library lib/libddsc.so.0.10.5
[76.377s] [190/264] Linking C static library lib/libidlpp.a
[76.558s] [191/264] Building C object src/tools/idlc/CMakeFiles/idlc.dir/src/idlc.c.o
[76.714s] [192/264] Building C object src/tools/idlc/CMakeFiles/idlc.dir/src/plugin.c.o
[76.933s] [193/264] Building C object src/tools/idlc/CMakeFiles/idlc.dir/src/options.c.o
[77.087s] [194/264] Building C object src/tools/idlc/CMakeFiles/idlc.dir/src/generator.c.o
[77.226s] [195/264] Building C object src/tools/idlc/CMakeFiles/idlc.dir/src/descriptor.c.o
[77.395s] [196/264] Building C object src/tools/idlc/CMakeFiles/idlc.dir/src/types.c.o
[77.621s] [197/264] Building C object src/tools/idlc/CMakeFiles/idlc.dir/src/descriptor_type_meta.c.o
[77.637s] [198/264] Creating library symlink lib/libcycloneddsidl.so.0 lib/libcycloneddsidl.so
[77.648s] [199/264] Creating library symlink lib/libddsc.so.0 lib/libddsc.so
[77.823s] [200/264] Linking C executable bin/idlc
[77.839s] [201/264] Generating ddsperf_types.c, ddsperf_types.h
[78.142s] [202/264] Building C object src/tools/ddsperf/CMakeFiles/ddsperf.dir/ddsperf.c.o
[78.311s] [203/264] Building C object src/tools/ddsperf/CMakeFiles/ddsperf.dir/cputime.c.o
[78.493s] [204/264] Building C object src/tools/ddsperf/CMakeFiles/ddsperf.dir/netload.c.o
[78.704s] [205/264] Building C object src/tools/ddsperf/CMakeFiles/ddsperf.dir/async_listener.c.o
[78.917s] [206/264] Building C object src/tools/ddsperf/CMakeFiles/ddsperf.dir/ddsperf_types.c.o
[79.044s] [207/264] Building C object src/ddsrt/CMakeFiles/ddsrt-internal.dir/src/atomics.c.o
[79.167s] [208/264] Building C object src/ddsrt/CMakeFiles/ddsrt-internal.dir/src/avl.c.o
[79.346s] [209/264] Building C object src/ddsrt/CMakeFiles/ddsrt-internal.dir/src/bswap.c.o
[79.495s] [210/264] Building C object src/ddsrt/CMakeFiles/ddsrt-internal.dir/src/io.c.o
[79.670s] [211/264] Building C object src/ddsrt/CMakeFiles/ddsrt-internal.dir/src/log.c.o
[79.822s] [212/264] Building C object src/ddsrt/CMakeFiles/ddsrt-internal.dir/src/retcode.c.o
[80.011s] [213/264] Building C object src/ddsrt/CMakeFiles/ddsrt-internal.dir/src/strtod.c.o
[80.235s] [214/264] Building C object src/ddsrt/CMakeFiles/ddsrt-internal.dir/src/strtol.c.o
[80.398s] [215/264] Building C object src/ddsrt/CMakeFiles/ddsrt-internal.dir/src/mh3.c.o
[80.507s] [216/264] Building C object src/ddsrt/CMakeFiles/ddsrt-internal.dir/src/environ.c.o
[80.693s] [217/264] Building C object src/ddsrt/CMakeFiles/ddsrt-internal.dir/src/expand_vars.c.o
[80.834s] [218/264] Building C object src/ddsrt/CMakeFiles/ddsrt-internal.dir/src/fibheap.c.o
[81.007s] [219/264] Building C object src/ddsrt/CMakeFiles/ddsrt-internal.dir/src/hopscotch.c.o
[81.269s] [220/264] Building C object src/ddsrt/CMakeFiles/ddsrt-internal.dir/src/circlist.c.o
[81.589s] [221/264] Building C object src/ddsrt/CMakeFiles/ddsrt-internal.dir/src/threads.c.o
[81.730s] [222/264] Building C object src/ddsrt/CMakeFiles/ddsrt-internal.dir/src/string.c.o
[81.924s] [223/264] Building C object src/ddsrt/CMakeFiles/ddsrt-internal.dir/src/sockets.c.o
[82.086s] [224/264] Building C object src/ddsrt/CMakeFiles/ddsrt-internal.dir/src/md5.c.o
[82.307s] [225/264] Building C object src/ddsrt/CMakeFiles/ddsrt-internal.dir/src/xmlparser.c.o
[82.557s] [226/264] Building C object src/ddsrt/CMakeFiles/ddsrt-internal.dir/src/ifaddrs.c.o
[82.635s] [227/264] Building C object src/ddsrt/CMakeFiles/ddsrt-internal.dir/src/cdtors.c.o
[82.826s] [228/264] Building C object src/ddsrt/CMakeFiles/ddsrt-internal.dir/src/random.c.o
[83.019s] [229/264] Building C object src/ddsrt/CMakeFiles/ddsrt-internal.dir/src/time.c.o
[83.199s] [230/264] Building C object src/ddsrt/CMakeFiles/ddsrt-internal.dir/src/ifaddrs/posix/ifaddrs.c.o
[83.339s] [231/264] Building C object src/ddsrt/CMakeFiles/ddsrt-internal.dir/src/sockets/posix/socket.c.o
[83.485s] [232/264] Building C object src/ddsrt/CMakeFiles/ddsrt-internal.dir/src/sockets/posix/gethostname.c.o
[83.640s] [233/264] Building C object src/ddsrt/CMakeFiles/ddsrt-internal.dir/src/heap/posix/heap.c.o
[83.821s] [234/264] Building C object src/ddsrt/CMakeFiles/ddsrt-internal.dir/src/dynlib/posix/dynlib.c.o
[83.967s] [235/264] Building C object src/ddsrt/CMakeFiles/ddsrt-internal.dir/src/environ/posix/environ.c.o
[84.135s] [236/264] Building C object src/ddsrt/CMakeFiles/ddsrt-internal.dir/src/filesystem/posix/filesystem.c.o
[84.317s] [237/264] Building C object src/ddsrt/CMakeFiles/ddsrt-internal.dir/src/process/posix/process.c.o
[84.540s] [238/264] Building C object src/ddsrt/CMakeFiles/ddsrt-internal.dir/src/random/posix/random.c.o
[84.747s] [239/264] Building C object src/ddsrt/CMakeFiles/ddsrt-internal.dir/src/sync/posix/sync.c.o
[85.000s] [240/264] Building C object src/ddsrt/CMakeFiles/ddsrt-internal.dir/src/threads/posix/threads.c.o
[85.179s] [241/264] Building C object src/ddsrt/CMakeFiles/ddsrt-internal.dir/src/netstat/linux/netstat.c.o
[85.410s] [242/264] Building C object src/ddsrt/CMakeFiles/ddsrt-internal.dir/src/time/posix/time.c.o
[85.671s] [243/264] Building C object src/ddsrt/CMakeFiles/ddsrt-internal.dir/src/rusage/posix/rusage.c.o
[86.045s] [244/264] Building C object src/security/builtin_plugins/access_control/CMakeFiles/dds_security_ac.dir/src/access_control_objects.c.o
[86.425s] [245/264] Building C object src/security/builtin_plugins/access_control/CMakeFiles/dds_security_ac.dir/src/access_control_parser.c.o
[86.704s] [246/264] Building C object src/security/builtin_plugins/access_control/CMakeFiles/dds_security_ac.dir/src/access_control_utils.c.o
[86.964s] [247/264] Building C object src/security/builtin_plugins/access_control/CMakeFiles/dds_security_ac.dir/src/access_control.c.o
[87.452s] [248/264] Building C object src/security/builtin_plugins/access_control/CMakeFiles/dds_security_ac.dir/__/__/openssl/src/openssl_support.c.o
[87.772s] [249/264] Building C object src/security/builtin_plugins/authentication/CMakeFiles/dds_security_auth.dir/src/authentication.c.o
[88.015s] [250/264] Building C object src/security/builtin_plugins/authentication/CMakeFiles/dds_security_auth.dir/src/auth_utils.c.o
[88.256s] [251/264] Building C object src/security/builtin_plugins/authentication/CMakeFiles/dds_security_auth.dir/__/__/openssl/src/openssl_support.c.o
[88.548s] [252/264] Building C object src/security/builtin_plugins/cryptographic/CMakeFiles/dds_security_crypto.dir/src/crypto_cipher.c.o
[88.857s] [253/264] Building C object src/security/builtin_plugins/cryptographic/CMakeFiles/dds_security_crypto.dir/src/crypto_key_exchange.c.o
[89.255s] [254/264] Building C object src/security/builtin_plugins/cryptographic/CMakeFiles/dds_security_crypto.dir/src/crypto_key_factory.c.o
[89.577s] [255/264] Building C object src/security/builtin_plugins/cryptographic/CMakeFiles/dds_security_crypto.dir/src/crypto_objects.c.o
[89.959s] [256/264] Building C object src/security/builtin_plugins/cryptographic/CMakeFiles/dds_security_crypto.dir/src/crypto_transform.c.o
[90.267s] [257/264] Building C object src/security/builtin_plugins/cryptographic/CMakeFiles/dds_security_crypto.dir/src/crypto_utils.c.o
[90.629s] [258/264] Building C object src/security/builtin_plugins/cryptographic/CMakeFiles/dds_security_crypto.dir/src/cryptography.c.o
[91.173s] [259/264] Building C object src/security/builtin_plugins/cryptographic/CMakeFiles/dds_security_crypto.dir/__/__/openssl/src/openssl_support.c.o
[91.666s] [260/264] Linking C executable bin/ddsperf
[91.751s] [261/264] Linking C static library lib/libddsrt-internal.a
[92.031s] [262/264] Linking C shared library lib/libdds_security_ac.so
[92.122s] [263/264] Linking C shared library lib/libdds_security_auth.so
[92.224s] [264/264] Linking C shared library lib/libdds_security_crypto.so
[92.225s] Invoked command in '/home/runner/work/pixi_rosdistro/pixi_rosdistro/build/cyclonedds' returned '0': CMAKE_PREFIX_PATH=/home/runner/work/pixi_rosdistro/pixi_rosdistro/install:${CMAKE_PREFIX_PATH} LD_LIBRARY_PATH=/home/runner/work/pixi_rosdistro/pixi_rosdistro/install/lib PATH=/home/runner/work/pixi_rosdistro/pixi_rosdistro/install/bin:/opt/microsoft/powershell/7:${PATH} PIXI_PROMPT=(ros2_rolling) PKG_CONFIG_PATH=/home/runner/work/pixi_rosdistro/pixi_rosdistro/install/lib/pkgconfig PSModulePath=/home/runner/.local/share/powershell/Modules:${PSModulePath} PYTHONPATH=/home/runner/work/pixi_rosdistro/pixi_rosdistro/install/lib/python3.12/site-packages ROS_DOMAIN_ID=87 /home/runner/work/pixi_rosdistro/pixi_rosdistro/.pixi/envs/default/bin/cmake --build /home/runner/work/pixi_rosdistro/pixi_rosdistro/build/cyclonedds -- -j4 -l4
[92.226s] Invoking command in '/home/runner/work/pixi_rosdistro/pixi_rosdistro/build/cyclonedds': CMAKE_PREFIX_PATH=/home/runner/work/pixi_rosdistro/pixi_rosdistro/install:${CMAKE_PREFIX_PATH} LD_LIBRARY_PATH=/home/runner/work/pixi_rosdistro/pixi_rosdistro/install/lib PATH=/home/runner/work/pixi_rosdistro/pixi_rosdistro/install/bin:/opt/microsoft/powershell/7:${PATH} PIXI_PROMPT=(ros2_rolling) PKG_CONFIG_PATH=/home/runner/work/pixi_rosdistro/pixi_rosdistro/install/lib/pkgconfig PSModulePath=/home/runner/.local/share/powershell/Modules:${PSModulePath} PYTHONPATH=/home/runner/work/pixi_rosdistro/pixi_rosdistro/install/lib/python3.12/site-packages ROS_DOMAIN_ID=87 /home/runner/work/pixi_rosdistro/pixi_rosdistro/.pixi/envs/default/bin/cmake --install /home/runner/work/pixi_rosdistro/pixi_rosdistro/build/cyclonedds
[92.244s] -- Install configuration: "Release"
[92.245s] -- Installing: /home/runner/work/pixi_rosdistro/pixi_rosdistro/install/lib/cmake/CycloneDDS/CycloneDDSConfig.cmake
[92.246s] -- Installing: /home/runner/work/pixi_rosdistro/pixi_rosdistro/install/lib/cmake/CycloneDDS/CycloneDDSConfigVersion.cmake
[92.246s] -- Installing: /home/runner/work/pixi_rosdistro/pixi_rosdistro/install/lib/cmake/CycloneDDS/CycloneDDSTargets.cmake
[92.246s] -- Installing: /home/runner/work/pixi_rosdistro/pixi_rosdistro/install/lib/cmake/CycloneDDS/CycloneDDSTargets-release.cmake
[92.247s] -- Installing: /home/runner/work/pixi_rosdistro/pixi_rosdistro/install/lib/pkgconfig/CycloneDDS.pc
[92.248s] -- Installing: /home/runner/work/pixi_rosdistro/pixi_rosdistro/install/include/idlc
[92.248s] -- Installing: /home/runner/work/pixi_rosdistro/pixi_rosdistro/install/include/idlc/options.h
[92.248s] -- Installing: /home/runner/work/pixi_rosdistro/pixi_rosdistro/install/include/idlc/generator.h
[92.249s] -- Installing: /home/runner/work/pixi_rosdistro/pixi_rosdistro/install/bin/idlc
[92.249s] -- Installing: /home/runner/work/pixi_rosdistro/pixi_rosdistro/install/lib/cmake/CycloneDDS/idlc/Generate.cmake
[92.250s] -- Installing: /home/runner/work/pixi_rosdistro/pixi_rosdistro/install/bin/ddsperf
[92.252s] -- Up-to-date: /home/runner/work/pixi_rosdistro/pixi_rosdistro/install/include
[92.252s] -- Installing: /home/runner/work/pixi_rosdistro/pixi_rosdistro/install/include/dds
[92.252s] -- Installing: /home/runner/work/pixi_rosdistro/pixi_rosdistro/install/include/dds/ddsrt
[92.253s] -- Installing: /home/runner/work/pixi_rosdistro/pixi_rosdistro/install/include/dds/ddsrt/misc.h
[92.253s] -- Installing: /home/runner/work/pixi_rosdistro/pixi_rosdistro/install/include/dds/ddsrt/sched.h
[92.253s] -- Installing: /home/runner/work/pixi_rosdistro/pixi_rosdistro/install/include/dds/ddsrt/circlist.h
[92.253s] -- Installing: /home/runner/work/pixi_rosdistro/pixi_rosdistro/install/include/dds/ddsrt/random.h
[92.253s] -- Installing: /home/runner/work/pixi_rosdistro/pixi_rosdistro/install/include/dds/ddsrt/strtod.h
[92.253s] -- Installing: /home/runner/work/pixi_rosdistro/pixi_rosdistro/install/include/dds/ddsrt/types
[92.253s] -- Installing: /home/runner/work/pixi_rosdistro/pixi_rosdistro/install/include/dds/ddsrt/types/vxworks.h
[92.254s] -- Installing: /home/runner/work/pixi_rosdistro/pixi_rosdistro/install/include/dds/ddsrt/types/windows.h
[92.254s] -- Installing: /home/runner/work/pixi_rosdistro/pixi_rosdistro/install/include/dds/ddsrt/types/posix.h
[92.256s] -- Installing: /home/runner/work/pixi_rosdistro/pixi_rosdistro/install/include/dds/ddsrt/countargs.h
[92.256s] -- Installing: /home/runner/work/pixi_rosdistro/pixi_rosdistro/install/include/dds/ddsrt/io.h
[92.256s] -- Installing: /home/runner/work/pixi_rosdistro/pixi_rosdistro/install/include/dds/ddsrt/process.h
[92.257s] -- Installing: /home/runner/work/pixi_rosdistro/pixi_rosdistro/install/include/dds/ddsrt/bswap.h
[92.257s] -- Installing: /home/runner/work/pixi_rosdistro/pixi_rosdistro/install/include/dds/ddsrt/netstat.h
[92.257s] -- Installing: /home/runner/work/pixi_rosdistro/pixi_rosdistro/install/include/dds/ddsrt/mh3.h
[92.257s] -- Installing: /home/runner/work/pixi_rosdistro/pixi_rosdistro/install/include/dds/ddsrt/time
[92.257s] -- Installing: /home/runner/work/pixi_rosdistro/pixi_rosdistro/install/include/dds/ddsrt/time/freertos.h
[92.257s] -- Installing: /home/runner/work/pixi_rosdistro/pixi_rosdistro/install/include/dds/ddsrt/strtol.h
[92.258s] -- Installing: /home/runner/work/pixi_rosdistro/pixi_rosdistro/install/include/dds/ddsrt/sockets
[92.258s] -- Installing: /home/runner/work/pixi_rosdistro/pixi_rosdistro/install/include/dds/ddsrt/sockets/windows.h
[92.260s] -- Installing: /home/runner/work/pixi_rosdistro/pixi_rosdistro/install/include/dds/ddsrt/sockets/posix.h
[92.260s] -- Installing: /home/runner/work/pixi_rosdistro/pixi_rosdistro/install/include/dds/ddsrt/filesystem.h
[92.260s] -- Installing: /home/runner/work/pixi_rosdistro/pixi_rosdistro/install/include/dds/ddsrt/xmlparser.h
[92.260s] -- Installing: /home/runner/work/pixi_rosdistro/pixi_rosdistro/install/include/dds/ddsrt/iovec.h
[92.260s] -- Installing: /home/runner/work/pixi_rosdistro/pixi_rosdistro/install/include/dds/ddsrt/sync
[92.260s] -- Installing: /home/runner/work/pixi_rosdistro/pixi_rosdistro/install/include/dds/ddsrt/sync/freertos.h
[92.261s] -- Installing: /home/runner/work/pixi_rosdistro/pixi_rosdistro/install/include/dds/ddsrt/sync/windows.h
[92.262s] -- Installing: /home/runner/work/pixi_rosdistro/pixi_rosdistro/install/include/dds/ddsrt/sync/posix.h
[92.262s] -- Installing: /home/runner/work/pixi_rosdistro/pixi_rosdistro/install/include/dds/ddsrt/align.h
[92.262s] -- Installing: /home/runner/work/pixi_rosdistro/pixi_rosdistro/install/include/dds/ddsrt/string.h
[92.264s] -- Installing: /home/runner/work/pixi_rosdistro/pixi_rosdistro/install/include/dds/ddsrt/sync.h
[92.265s] -- Installing: /home/runner/work/pixi_rosdistro/pixi_rosdistro/install/include/dds/ddsrt/heap.h
[92.265s] -- Installing: /home/runner/work/pixi_rosdistro/pixi_rosdistro/install/include/dds/ddsrt/atomics.h
[92.265s] -- Installing: /home/runner/work/pixi_rosdistro/pixi_rosdistro/install/include/dds/ddsrt/avl.h
[92.265s] -- Installing: /home/runner/work/pixi_rosdistro/pixi_rosdistro/install/include/dds/ddsrt/ifaddrs.h
[92.265s] -- Installing: /home/runner/work/pixi_rosdistro/pixi_rosdistro/install/include/dds/ddsrt/cdtors.h
[92.265s] -- Installing: /home/runner/work/pixi_rosdistro/pixi_rosdistro/install/include/dds/ddsrt/endian.h
[92.265s] -- Installing: /home/runner/work/pixi_rosdistro/pixi_rosdistro/install/include/dds/ddsrt/md5.h
[92.266s] -- Installing: /home/runner/work/pixi_rosdistro/pixi_rosdistro/install/include/dds/ddsrt/retcode.h
[92.269s] -- Installing: /home/runner/work/pixi_rosdistro/pixi_rosdistro/install/include/dds/ddsrt/rusage.h
[92.271s] -- Installing: /home/runner/work/pixi_rosdistro/pixi_rosdistro/install/include/dds/ddsrt/log.h
[92.271s] -- Installing: /home/runner/work/pixi_rosdistro/pixi_rosdistro/install/include/dds/ddsrt/atomics
[92.271s] -- Installing: /home/runner/work/pixi_rosdistro/pixi_rosdistro/install/include/dds/ddsrt/atomics/msvc.h
[92.272s] -- Installing: /home/runner/work/pixi_rosdistro/pixi_rosdistro/install/include/dds/ddsrt/atomics/gcc.h
[92.272s] -- Installing: /home/runner/work/pixi_rosdistro/pixi_rosdistro/install/include/dds/ddsrt/atomics/arm.h
[92.272s] -- Installing: /home/runner/work/pixi_rosdistro/pixi_rosdistro/install/include/dds/ddsrt/atomics/sun.h
[92.272s] -- Installing: /home/runner/work/pixi_rosdistro/pixi_rosdistro/install/include/dds/ddsrt/sockets.h
[92.273s] -- Installing: /home/runner/work/pixi_rosdistro/pixi_rosdistro/install/include/dds/ddsrt/hopscotch.h
[92.277s] -- Installing: /home/runner/work/pixi_rosdistro/pixi_rosdistro/install/include/dds/ddsrt/threads.h
[92.277s] -- Installing: /home/runner/work/pixi_rosdistro/pixi_rosdistro/install/include/dds/ddsrt/dynlib.h
[92.277s] -- Installing: /home/runner/work/pixi_rosdistro/pixi_rosdistro/install/include/dds/ddsrt/threads
[92.277s] -- Installing: /home/runner/work/pixi_rosdistro/pixi_rosdistro/install/include/dds/ddsrt/threads/freertos.h
[92.278s] -- Installing: /home/runner/work/pixi_rosdistro/pixi_rosdistro/install/include/dds/ddsrt/threads/windows.h
[92.278s] -- Installing: /home/runner/work/pixi_rosdistro/pixi_rosdistro/install/include/dds/ddsrt/threads/posix.h
[92.279s] -- Installing: /home/runner/work/pixi_rosdistro/pixi_rosdistro/install/include/dds/ddsrt/filesystem
[92.279s] -- Installing: /home/runner/work/pixi_rosdistro/pixi_rosdistro/install/include/dds/ddsrt/filesystem/windows.h
[92.284s] -- Installing: /home/runner/work/pixi_rosdistro/pixi_rosdistro/install/include/dds/ddsrt/filesystem/posix.h
[92.284s] -- Installing: /home/runner/work/pixi_rosdistro/pixi_rosdistro/install/include/dds/ddsrt/arch.h
[92.284s] -- Installing: /home/runner/work/pixi_rosdistro/pixi_rosdistro/install/include/dds/ddsrt/attributes.h
[92.285s] -- Installing: /home/runner/work/pixi_rosdistro/pixi_rosdistro/install/include/dds/ddsrt/fibheap.h
[92.285s] -- Installing: /home/runner/work/pixi_rosdistro/pixi_rosdistro/install/include/dds/ddsrt/time.h
[92.285s] -- Installing: /home/runner/work/pixi_rosdistro/pixi_rosdistro/install/include/dds/ddsrt/types.h
[92.285s] -- Installing: /home/runner/work/pixi_rosdistro/pixi_rosdistro/install/include/dds/ddsrt/expand_vars.h
[92.285s] -- Installing: /home/runner/work/pixi_rosdistro/pixi_rosdistro/install/include/dds/ddsrt/environ.h
[92.285s] -- Installing: /home/runner/work/pixi_rosdistro/pixi_rosdistro/install/include/dds/ddsrt/static_assert.h
[92.285s] -- Up-to-date: /home/runner/work/pixi_rosdistro/pixi_rosdistro/install/include
[92.285s] -- Up-to-date: /home/runner/work/pixi_rosdistro/pixi_rosdistro/install/include/dds
[92.286s] -- Installing: /home/runner/work/pixi_rosdistro/pixi_rosdistro/install/include/dds/config.h
[92.286s] -- Installing: /home/runner/work/pixi_rosdistro/pixi_rosdistro/install/include/dds/version.h
[92.291s] -- Installing: /home/runner/work/pixi_rosdistro/pixi_rosdistro/install/include/dds/features.h
[92.291s] -- Installing: /home/runner/work/pixi_rosdistro/pixi_rosdistro/install/include/idl
[92.292s] -- Installing: /home/runner/work/pixi_rosdistro/pixi_rosdistro/install/include/idl/tree.h
[92.292s] -- Installing: /home/runner/work/pixi_rosdistro/pixi_rosdistro/install/include/idl/string.h
[92.292s] -- Installing: /home/runner/work/pixi_rosdistro/pixi_rosdistro/install/include/idl/visit.h
[92.292s] -- Installing: /home/runner/work/pixi_rosdistro/pixi_rosdistro/install/include/idl/file.h
[92.292s] -- Installing: /home/runner/work/pixi_rosdistro/pixi_rosdistro/install/include/idl/print.h
[92.292s] -- Installing: /home/runner/work/pixi_rosdistro/pixi_rosdistro/install/include/idl/retcode.h
[92.292s] -- Installing: /home/runner/work/pixi_rosdistro/pixi_rosdistro/install/include/idl/symbol.h
[92.293s] -- Installing: /home/runner/work/pixi_rosdistro/pixi_rosdistro/install/include/idl/stream.h
[92.293s] -- Installing: /home/runner/work/pixi_rosdistro/pixi_rosdistro/install/include/idl/expression.h
[92.295s] -- Installing: /home/runner/work/pixi_rosdistro/pixi_rosdistro/install/include/idl/scope.h
[92.295s] -- Installing: /home/runner/work/pixi_rosdistro/pixi_rosdistro/install/include/idl/processor.h
[92.296s] -- Up-to-date: /home/runner/work/pixi_rosdistro/pixi_rosdistro/install/include/idl
[92.296s] -- Installing: /home/runner/work/pixi_rosdistro/pixi_rosdistro/install/include/idl/misc.h
[92.296s] -- Installing: /home/runner/work/pixi_rosdistro/pixi_rosdistro/install/include/idl/endian.h
[92.296s] -- Installing: /home/runner/work/pixi_rosdistro/pixi_rosdistro/install/include/idl/version.h
[92.296s] -- Installing: /home/runner/work/pixi_rosdistro/pixi_rosdistro/install/include/idl/md5.h
[92.296s] -- Installing: /home/runner/work/pixi_rosdistro/pixi_rosdistro/install/include/idl/export.h
[92.296s] -- Installing: /home/runner/work/pixi_rosdistro/pixi_rosdistro/install/include/idl/attributes.h
[92.296s] -- Installing: /home/runner/work/pixi_rosdistro/pixi_rosdistro/install/lib/libcycloneddsidl.so.0.10.5
[92.302s] -- Installing: /home/runner/work/pixi_rosdistro/pixi_rosdistro/install/lib/libcycloneddsidl.so.0
[92.302s] -- Installing: /home/runner/work/pixi_rosdistro/pixi_rosdistro/install/lib/libcycloneddsidl.so
[92.303s] -- Up-to-date: /home/runner/work/pixi_rosdistro/pixi_rosdistro/install/include
[92.303s] -- Up-to-date: /home/runner/work/pixi_rosdistro/pixi_rosdistro/install/include/dds
[92.303s] -- Installing: /home/runner/work/pixi_rosdistro/pixi_rosdistro/install/include/dds/security
[92.303s] -- Installing: /home/runner/work/pixi_rosdistro/pixi_rosdistro/install/include/dds/security/dds_security_api_access_control.h
[92.303s] -- Installing: /home/runner/work/pixi_rosdistro/pixi_rosdistro/install/include/dds/security/dds_security_api_cryptography.h
[92.303s] -- Installing: /home/runner/work/pixi_rosdistro/pixi_rosdistro/install/include/dds/security/dds_security_api_err.h
[92.303s] -- Installing: /home/runner/work/pixi_rosdistro/pixi_rosdistro/install/include/dds/security/dds_security_api_types.h
[92.303s] -- Installing: /home/runner/work/pixi_rosdistro/pixi_rosdistro/install/include/dds/security/dds_security_api_authentication.h
[92.303s] -- Installing: /home/runner/work/pixi_rosdistro/pixi_rosdistro/install/include/dds/security/dds_security_api.h
[92.303s] -- Installing: /home/runner/work/pixi_rosdistro/pixi_rosdistro/install/include/dds/security/dds_security_api_defs.h
[92.303s] -- Installing: /home/runner/work/pixi_rosdistro/pixi_rosdistro/install/include/dds/security/core/
[92.303s] -- Installing: /home/runner/work/pixi_rosdistro/pixi_rosdistro/install/include/dds/security/core//dds_security_utils.h
[92.303s] -- Installing: /home/runner/work/pixi_rosdistro/pixi_rosdistro/install/include/dds/security/core//dds_security_fsm.h
[92.307s] -- Installing: /home/runner/work/pixi_rosdistro/pixi_rosdistro/install/include/dds/security/core//shared_secret.h
[92.307s] -- Installing: /home/runner/work/pixi_rosdistro/pixi_rosdistro/install/include/dds/security/core//dds_security_types.h
[92.307s] -- Installing: /home/runner/work/pixi_rosdistro/pixi_rosdistro/install/include/dds/security/core//dds_security_serialize.h
[92.308s] -- Installing: /home/runner/work/pixi_rosdistro/pixi_rosdistro/install/include/dds/security/core//dds_security_timed_cb.h
[92.308s] -- Installing: /home/runner/work/pixi_rosdistro/pixi_rosdistro/install/include/dds/security/core//dds_security_plugins.h
[92.309s] -- Installing: /home/runner/work/pixi_rosdistro/pixi_rosdistro/install/lib/libdds_security_ac.so
[92.314s] -- Installing: /home/runner/work/pixi_rosdistro/pixi_rosdistro/install/lib/libdds_security_auth.so
[92.314s] -- Installing: /home/runner/work/pixi_rosdistro/pixi_rosdistro/install/lib/libdds_security_crypto.so
[92.315s] -- Up-to-date: /home/runner/work/pixi_rosdistro/pixi_rosdistro/install/include
[92.315s] -- Up-to-date: /home/runner/work/pixi_rosdistro/pixi_rosdistro/install/include/dds
[92.315s] -- Installing: /home/runner/work/pixi_rosdistro/pixi_rosdistro/install/include/dds/ddsi
[92.315s] -- Installing: /home/runner/work/pixi_rosdistro/pixi_rosdistro/install/include/dds/ddsi/ddsi_pmd.h
[92.315s] -- Installing: /home/runner/work/pixi_rosdistro/pixi_rosdistro/install/include/dds/ddsi/ddsi_list_genptr.h
[92.318s] -- Installing: /home/runner/work/pixi_rosdistro/pixi_rosdistro/install/include/dds/ddsi/ddsi_deliver_locally.h
[92.318s] -- Installing: /home/runner/work/pixi_rosdistro/pixi_rosdistro/install/include/dds/ddsi/ddsi_tcp.h
[92.318s] -- Installing: /home/runner/work/pixi_rosdistro/pixi_rosdistro/install/include/dds/ddsi/ddsi_cfgunits.h
[92.318s] -- Installing: /home/runner/work/pixi_rosdistro/pixi_rosdistro/install/include/dds/ddsi/ddsi_proxy_endpoint.h
[92.318s] -- Installing: /home/runner/work/pixi_rosdistro/pixi_rosdistro/install/include/dds/ddsi/ddsi_lifespan.h
[92.318s] -- Installing: /home/runner/work/pixi_rosdistro/pixi_rosdistro/install/include/dds/ddsi/ddsi_iid.h
[92.318s] -- Installing: /home/runner/work/pixi_rosdistro/pixi_rosdistro/install/include/dds/ddsi/ddsi_handshake.h
[92.320s] -- Installing: /home/runner/work/pixi_rosdistro/pixi_rosdistro/install/include/dds/ddsi/ddsi_list_tmpl.h
[92.321s] -- Installing: /home/runner/work/pixi_rosdistro/pixi_rosdistro/install/include/dds/ddsi/ddsi_vendor.h
[92.325s] -- Installing: /home/runner/work/pixi_rosdistro/pixi_rosdistro/install/include/dds/ddsi/ddsi_tkmap.h
[92.325s] -- Installing: /home/runner/work/pixi_rosdistro/pixi_rosdistro/install/include/dds/ddsi/ddsi_xt_typemap.h
[92.325s] -- Installing: /home/runner/work/pixi_rosdistro/pixi_rosdistro/install/include/dds/ddsi/q_inverse_uint32_set.h
[92.325s] -- Installing: /home/runner/work/pixi_rosdistro/pixi_rosdistro/install/include/dds/ddsi/q_qosmatch.h
[92.325s] -- Installing: /home/runner/work/pixi_rosdistro/pixi_rosdistro/install/include/dds/ddsi/ddsi_security_omg.h
[92.325s] -- Installing: /home/runner/work/pixi_rosdistro/pixi_rosdistro/install/include/dds/ddsi/ddsi_typebuilder.h
[92.325s] -- Installing: /home/runner/work/pixi_rosdistro/pixi_rosdistro/install/include/dds/ddsi/q_rtps.h
[92.325s] -- Installing: /home/runner/work/pixi_rosdistro/pixi_rosdistro/install/include/dds/ddsi/ddsi_xt_typelookup.idl
[92.325s] -- Installing: /home/runner/work/pixi_rosdistro/pixi_rosdistro/install/include/dds/ddsi/ddsi_config_impl.h
[92.325s] -- Installing: /home/runner/work/pixi_rosdistro/pixi_rosdistro/install/include/dds/ddsi/q_feature_check.h
[92.325s] -- Installing: /home/runner/work/pixi_rosdistro/pixi_rosdistro/install/include/dds/ddsi/ddsi_mcgroup.h
[92.332s] -- Installing: /home/runner/work/pixi_rosdistro/pixi_rosdistro/install/include/dds/ddsi/q_gc.h
[92.333s] -- Installing: /home/runner/work/pixi_rosdistro/pixi_rosdistro/install/include/dds/ddsi/q_whc.h
[92.333s] -- Installing: /home/runner/work/pixi_rosdistro/pixi_rosdistro/install/include/dds/ddsi/q_xmsg.h
[92.333s] -- Installing: /home/runner/work/pixi_rosdistro/pixi_rosdistro/install/include/dds/ddsi/ddsi_raweth.h
[92.333s] -- Installing: /home/runner/work/pixi_rosdistro/pixi_rosdistro/install/include/dds/ddsi/ddsi_typelookup.h
[92.333s] -- Installing: /home/runner/work/pixi_rosdistro/pixi_rosdistro/install/include/dds/ddsi/ddsi_typelib.h
[92.333s] -- Installing: /home/runner/work/pixi_rosdistro/pixi_rosdistro/install/include/dds/ddsi/ddsi_time.h
[92.333s] -- Installing: /home/runner/work/pixi_rosdistro/pixi_rosdistro/install/include/dds/ddsi/ddsi_xt_impl.h
[92.333s] -- Installing: /home/runner/work/pixi_rosdistro/pixi_rosdistro/install/include/dds/ddsi/q_thread.h
[92.333s] -- Installing: /home/runner/work/pixi_rosdistro/pixi_rosdistro/install/include/dds/ddsi/ddsi_entity.h
[92.333s] -- Installing: /home/runner/work/pixi_rosdistro/pixi_rosdistro/install/include/dds/ddsi/ddsi_typewrap.h
[92.333s] -- Installing: /home/runner/work/pixi_rosdistro/pixi_rosdistro/install/include/dds/ddsi/ddsi_xt_typeinfo.h
[92.333s] -- Installing: /home/runner/work/pixi_rosdistro/pixi_rosdistro/install/include/dds/ddsi/ddsi_vnet.h
[92.333s] -- Installing: /home/runner/work/pixi_rosdistro/pixi_rosdistro/install/include/dds/ddsi/ddsi_portmapping.h
[92.333s] -- Installing: /home/runner/work/pixi_rosdistro/pixi_rosdistro/install/include/dds/ddsi/ddsi_acknack.h
[92.336s] -- Installing: /home/runner/work/pixi_rosdistro/pixi_rosdistro/install/include/dds/ddsi/ddsi_udp.h
[92.337s] -- Installing: /home/runner/work/pixi_rosdistro/pixi_rosdistro/install/include/dds/ddsi/q_receive.h
[92.337s] -- Installing: /home/runner/work/pixi_rosdistro/pixi_rosdistro/install/include/dds/ddsi/q_debmon.h
[92.338s] -- Installing: /home/runner/work/pixi_rosdistro/pixi_rosdistro/install/include/dds/ddsi/q_log.h
[92.340s] -- Installing: /home/runner/work/pixi_rosdistro/pixi_rosdistro/install/include/dds/ddsi/ddsi_entity_match.h
[92.340s] -- Installing: /home/runner/work/pixi_rosdistro/pixi_rosdistro/install/include/dds/ddsi/ddsi_security_exchange.h
[92.340s] -- Installing: /home/runner/work/pixi_rosdistro/pixi_rosdistro/install/include/dds/ddsi/ddsi_security_msg.h
[92.341s] -- Installing: /home/runner/work/pixi_rosdistro/pixi_rosdistro/install/include/dds/ddsi/ddsi_plist.h
[92.341s] -- Installing: /home/runner/work/pixi_rosdistro/pixi_rosdistro/install/include/dds/ddsi/q_pcap.h
[92.341s] -- Installing: /home/runner/work/pixi_rosdistro/pixi_rosdistro/install/include/dds/ddsi/q_xevent.h
[92.342s] -- Installing: /home/runner/work/pixi_rosdistro/pixi_rosdistro/install/include/dds/ddsi/ddsi_keyhash.h
[92.342s] -- Installing: /home/runner/work/pixi_rosdistro/pixi_rosdistro/install/include/dds/ddsi/ddsi_config.h
[92.346s] -- Installing: /home/runner/work/pixi_rosdistro/pixi_rosdistro/install/include/dds/ddsi/ddsi_tran.h
[92.346s] -- Installing: /home/runner/work/pixi_rosdistro/pixi_rosdistro/install/include/dds/ddsi/q_bswap.h
[92.347s] -- Installing: /home/runner/work/pixi_rosdistro/pixi_rosdistro/install/include/dds/ddsi/q_lease.h
[92.347s] -- Installing: /home/runner/work/pixi_rosdistro/pixi_rosdistro/install/include/dds/ddsi/ddsi_cfgelems.h
[92.347s] -- Installing: /home/runner/work/pixi_rosdistro/pixi_rosdistro/install/include/dds/ddsi/ddsi_domaingv.h
[92.347s] -- Installing: /home/runner/work/pixi_rosdistro/pixi_rosdistro/install/include/dds/ddsi/ddsi_serdata_pserop.h
[92.347s] -- Installing: /home/runner/work/pixi_rosdistro/pixi_rosdistro/install/include/dds/ddsi/q_unused.h
[92.347s] -- Installing: /home/runner/work/pixi_rosdistro/pixi_rosdistro/install/include/dds/ddsi/q_protocol.h
[92.347s] -- Installing: /home/runner/work/pixi_rosdistro/pixi_rosdistro/install/include/dds/ddsi/ddsi_topic.h
[92.347s] -- Installing: /home/runner/work/pixi_rosdistro/pixi_rosdistro/install/include/dds/ddsi/ddsi_xt_typelookup.h
[92.347s] -- Installing: /home/runner/work/pixi_rosdistro/pixi_rosdistro/install/include/dds/ddsi/q_radmin.h
[92.347s] -- Installing: /home/runner/work/pixi_rosdistro/pixi_rosdistro/install/include/dds/ddsi/ddsi_xqos.h
[92.347s] -- Installing: /home/runner/work/pixi_rosdistro/pixi_rosdistro/install/include/dds/ddsi/ddsi_threadmon.h
[92.347s] -- Installing: /home/runner/work/pixi_rosdistro/pixi_rosdistro/install/include/dds/ddsi/ddsi_xt_typeinfo.idl
[92.347s] -- Installing: /home/runner/work/pixi_rosdistro/pixi_rosdistro/install/include/dds/ddsi/q_transmit.h
[92.351s] -- Installing: /home/runner/work/pixi_rosdistro/pixi_rosdistro/install/include/dds/ddsi/ddsi_endpoint.h
[92.351s] -- Installing: /home/runner/work/pixi_rosdistro/pixi_rosdistro/install/include/dds/ddsi/ddsi_xt_typemap.idl
[92.351s] -- Installing: /home/runner/work/pixi_rosdistro/pixi_rosdistro/install/include/dds/ddsi/ddsi_wraddrset.h
[92.352s] -- Installing: /home/runner/work/pixi_rosdistro/pixi_rosdistro/install/include/dds/ddsi/q_bitset.h
[92.355s] -- Installing: /home/runner/work/pixi_rosdistro/pixi_rosdistro/install/include/dds/ddsi/ddsi_ssl.h
[92.355s] -- Installing: /home/runner/work/pixi_rosdistro/pixi_rosdistro/install/include/dds/ddsi/q_lat_estim.h
[92.355s] -- Installing: /home/runner/work/pixi_rosdistro/pixi_rosdistro/install/include/dds/ddsi/ddsi_entity_index.h
[92.355s] -- Installing: /home/runner/work/pixi_rosdistro/pixi_rosdistro/install/include/dds/ddsi/ddsi_deadline.h
[92.355s] -- Installing: /home/runner/work/pixi_rosdistro/pixi_rosdistro/install/include/dds/ddsi/ddsi_builtin_topic_if.h
[92.355s] -- Installing: /home/runner/work/pixi_rosdistro/pixi_rosdistro/install/include/dds/ddsi/ddsi_shm_transport.h
[92.356s] -- Installing: /home/runner/work/pixi_rosdistro/pixi_rosdistro/install/include/dds/ddsi/ddsi_cdrstream.h
[92.356s] -- Installing: /home/runner/work/pixi_rosdistro/pixi_rosdistro/install/include/dds/ddsi/q_hbcontrol.h
[92.359s] -- Installing: /home/runner/work/pixi_rosdistro/pixi_rosdistro/install/include/dds/ddsi/ddsi_ownip.h
[92.359s] -- Installing: /home/runner/work/pixi_rosdistro/pixi_rosdistro/install/include/dds/ddsi/q_freelist.h
[92.359s] -- Installing: /home/runner/work/pixi_rosdistro/pixi_rosdistro/install/include/dds/ddsi/ddsi_statistics.h
[92.359s] -- Installing: /home/runner/work/pixi_rosdistro/pixi_rosdistro/install/include/dds/ddsi/ddsi_locator.h
[92.363s] -- Installing: /home/runner/work/pixi_rosdistro/pixi_rosdistro/install/include/dds/ddsi/q_addrset.h
[92.363s] -- Installing: /home/runner/work/pixi_rosdistro/pixi_rosdistro/install/include/dds/ddsi/ddsi_ipaddr.h
[92.364s] -- Installing: /home/runner/work/pixi_rosdistro/pixi_rosdistro/install/include/dds/ddsi/ddsi_rhc.h
[92.364s] -- Installing: /home/runner/work/pixi_rosdistro/pixi_rosdistro/install/include/dds/ddsi/ddsi_serdata_default.h
[92.364s] -- Installing: /home/runner/work/pixi_rosdistro/pixi_rosdistro/install/include/dds/ddsi/ddsi_plist_generic.h
[92.364s] -- Installing: /home/runner/work/pixi_rosdistro/pixi_rosdistro/install/include/dds/ddsi/ddsi_serdata.h
[92.364s] -- Installing: /home/runner/work/pixi_rosdistro/pixi_rosdistro/install/include/dds/ddsi/ddsi_proxy_participant.h
[92.365s] -- Installing: /home/runner/work/pixi_rosdistro/pixi_rosdistro/install/include/dds/ddsi/ddsi_sertype.h
[92.367s] -- Installing: /home/runner/work/pixi_rosdistro/pixi_rosdistro/install/include/dds/ddsi/q_init.h
[92.367s] -- Installing: /home/runner/work/pixi_rosdistro/pixi_rosdistro/install/include/dds/ddsi/q_ddsi_discovery.h
[92.368s] -- Installing: /home/runner/work/pixi_rosdistro/pixi_rosdistro/install/include/dds/ddsi/ddsi_security_util.h
[92.368s] -- Installing: /home/runner/work/pixi_rosdistro/pixi_rosdistro/install/include/dds/ddsi/ddsi_guid.h
[92.368s] -- Installing: /home/runner/work/pixi_rosdistro/pixi_rosdistro/install/include/dds/ddsi/ddsi_sertopic.h
[92.368s] -- Installing: /home/runner/work/pixi_rosdistro/pixi_rosdistro/install/include/dds/ddsi/q_sockwaitset.h
[92.368s] -- Installing: /home/runner/work/pixi_rosdistro/pixi_rosdistro/install/include/dds/ddsi/sysdeps.h
[92.368s] -- Installing: /home/runner/work/pixi_rosdistro/pixi_rosdistro/install/include/dds/ddsi/q_misc.h
[92.368s] -- Installing: /home/runner/work/pixi_rosdistro/pixi_rosdistro/install/include/dds/ddsi/ddsi_participant.h
[92.368s] -- Installing: /home/runner/work/pixi_rosdistro/pixi_rosdistro/install/include/dds/ddsi/ddsi_serdata_plist.h
[92.368s] -- Up-to-date: /home/runner/work/pixi_rosdistro/pixi_rosdistro/install/include
[92.368s] -- Installing: /home/runner/work/pixi_rosdistro/pixi_rosdistro/install/include/ddsc
[92.368s] -- Installing: /home/runner/work/pixi_rosdistro/pixi_rosdistro/install/include/ddsc/dds.h
[92.368s] -- Up-to-date: /home/runner/work/pixi_rosdistro/pixi_rosdistro/install/include/dds
[92.368s] -- Installing: /home/runner/work/pixi_rosdistro/pixi_rosdistro/install/include/dds/ddsc
[92.374s] -- Installing: /home/runner/work/pixi_rosdistro/pixi_rosdistro/install/include/dds/ddsc/dds_public_alloc.h
[92.374s] -- Installing: /home/runner/work/pixi_rosdistro/pixi_rosdistro/install/include/dds/ddsc/dds_rhc.h
[92.374s] -- Installing: /home/runner/work/pixi_rosdistro/pixi_rosdistro/install/include/dds/ddsc/dds_public_listener.h
[92.375s] -- Installing: /home/runner/work/pixi_rosdistro/pixi_rosdistro/install/include/dds/ddsc/dds_public_status.h
[92.375s] -- Installing: /home/runner/work/pixi_rosdistro/pixi_rosdistro/install/include/dds/ddsc/dds_public_qosdefs.h
[92.375s] -- Installing: /home/runner/work/pixi_rosdistro/pixi_rosdistro/install/include/dds/ddsc/dds_loan_api.h
[92.375s] -- Installing: /home/runner/work/pixi_rosdistro/pixi_rosdistro/install/include/dds/ddsc/dds_public_impl.h
[92.375s] -- Installing: /home/runner/work/pixi_rosdistro/pixi_rosdistro/install/include/dds/ddsc/dds_public_qos.h
[92.375s] -- Installing: /home/runner/work/pixi_rosdistro/pixi_rosdistro/install/include/dds/ddsc/dds_opcodes.h
[92.375s] -- Installing: /home/runner/work/pixi_rosdistro/pixi_rosdistro/install/include/dds/ddsc/dds_basic_types.h
[92.375s] -- Installing: /home/runner/work/pixi_rosdistro/pixi_rosdistro/install/include/dds/ddsc/dds_statistics.h
[92.375s] -- Installing: /home/runner/work/pixi_rosdistro/pixi_rosdistro/install/include/dds/ddsc/dds_public_error.h
[92.375s] -- Installing: /home/runner/work/pixi_rosdistro/pixi_rosdistro/install/include/dds/ddsc/dds_internal_api.h
[92.375s] -- Installing: /home/runner/work/pixi_rosdistro/pixi_rosdistro/install/include/dds/ddsc/dds_data_allocator.h
[92.375s] -- Installing: /home/runner/work/pixi_rosdistro/pixi_rosdistro/install/include/dds/dds.h
[92.378s] -- Up-to-date: /home/runner/work/pixi_rosdistro/pixi_rosdistro/install/include
[92.379s] -- Up-to-date: /home/runner/work/pixi_rosdistro/pixi_rosdistro/install/include/dds
[92.379s] -- Installing: /home/runner/work/pixi_rosdistro/pixi_rosdistro/install/include/dds/export.h
[92.379s] -- Installing: /home/runner/work/pixi_rosdistro/pixi_rosdistro/install/lib/libddsc.so.0.10.5
[92.383s] -- Installing: /home/runner/work/pixi_rosdistro/pixi_rosdistro/install/lib/libddsc.so.0
[92.384s] -- Installing: /home/runner/work/pixi_rosdistro/pixi_rosdistro/install/lib/libddsc.so
[92.384s] -- Installing: /home/runner/work/pixi_rosdistro/pixi_rosdistro/install/share/doc/CycloneDDS/CONTRIBUTING.md
[92.385s] -- Installing: /home/runner/work/pixi_rosdistro/pixi_rosdistro/install/share/doc/CycloneDDS/CYCLONEDDS_QUALITY_DECLARATION.md
[92.388s] -- Installing: /home/runner/work/pixi_rosdistro/pixi_rosdistro/install/share/doc/CycloneDDS/LICENSE
[92.388s] -- Installing: /home/runner/work/pixi_rosdistro/pixi_rosdistro/install/share/doc/CycloneDDS/NOTICE.md
[92.388s] -- Installing: /home/runner/work/pixi_rosdistro/pixi_rosdistro/install/share/doc/CycloneDDS/README.md
[92.389s] -- Installing: /home/runner/work/pixi_rosdistro/pixi_rosdistro/install/share/doc/CycloneDDS/CHANGELOG.rst
[92.393s] Invoked command in '/home/runner/work/pixi_rosdistro/pixi_rosdistro/build/cyclonedds' returned '0': CMAKE_PREFIX_PATH=/home/runner/work/pixi_rosdistro/pixi_rosdistro/install:${CMAKE_PREFIX_PATH} LD_LIBRARY_PATH=/home/runner/work/pixi_rosdistro/pixi_rosdistro/install/lib PATH=/home/runner/work/pixi_rosdistro/pixi_rosdistro/install/bin:/opt/microsoft/powershell/7:${PATH} PIXI_PROMPT=(ros2_rolling) PKG_CONFIG_PATH=/home/runner/work/pixi_rosdistro/pixi_rosdistro/install/lib/pkgconfig PSModulePath=/home/runner/.local/share/powershell/Modules:${PSModulePath} PYTHONPATH=/home/runner/work/pixi_rosdistro/pixi_rosdistro/install/lib/python3.12/site-packages ROS_DOMAIN_ID=87 /home/runner/work/pixi_rosdistro/pixi_rosdistro/.pixi/envs/default/bin/cmake --install /home/runner/work/pixi_rosdistro/pixi_rosdistro/build/cyclonedds
