running egg_info
creating ..\..\..\..\build\ament_uncrustify\ament_uncrustify.egg-info
writing ..\..\..\..\build\ament_uncrustify\ament_uncrustify.egg-info\PKG-INFO
writing dependency_links to ..\..\..\..\build\ament_uncrustify\ament_uncrustify.egg-info\dependency_links.txt
writing entry points to ..\..\..\..\build\ament_uncrustify\ament_uncrustify.egg-info\entry_points.txt
writing requirements to ..\..\..\..\build\ament_uncrustify\ament_uncrustify.egg-info\requires.txt
writing top-level names to ..\..\..\..\build\ament_uncrustify\ament_uncrustify.egg-info\top_level.txt
writing manifest file '..\..\..\..\build\ament_uncrustify\ament_uncrustify.egg-info\SOURCES.txt'
reading manifest file '..\..\..\..\build\ament_uncrustify\ament_uncrustify.egg-info\SOURCES.txt'
writing manifest file '..\..\..\..\build\ament_uncrustify\ament_uncrustify.egg-info\SOURCES.txt'
running build
running build_py
creating D:\a\pixi_rosdistro\pixi_rosdistro\build\ament_uncrustify\build\lib\ament_uncrustify
copying ament_uncrustify\main.py -> D:\a\pixi_rosdistro\pixi_rosdistro\build\ament_uncrustify\build\lib\ament_uncrustify
copying ament_uncrustify\__init__.py -> D:\a\pixi_rosdistro\pixi_rosdistro\build\ament_uncrustify\build\lib\ament_uncrustify
copying ament_uncrustify\py.typed -> D:\a\pixi_rosdistro\pixi_rosdistro\build\ament_uncrustify\build\lib\ament_uncrustify
creating D:\a\pixi_rosdistro\pixi_rosdistro\build\ament_uncrustify\build\lib\ament_uncrustify\configuration
copying ament_uncrustify\configuration\ament_code_style_0_72.cfg -> D:\a\pixi_rosdistro\pixi_rosdistro\build\ament_uncrustify\build\lib\ament_uncrustify\configuration
copying ament_uncrustify\configuration\ament_code_style_0_78.cfg -> D:\a\pixi_rosdistro\pixi_rosdistro\build\ament_uncrustify\build\lib\ament_uncrustify\configuration
running install
running install_lib
creating D:\a\pixi_rosdistro\pixi_rosdistro\install\Lib\site-packages\ament_uncrustify
creating D:\a\pixi_rosdistro\pixi_rosdistro\install\Lib\site-packages\ament_uncrustify\configuration
copying D:\a\pixi_rosdistro\pixi_rosdistro\build\ament_uncrustify\build\lib\ament_uncrustify\configuration\ament_code_style_0_72.cfg -> D:\a\pixi_rosdistro\pixi_rosdistro\install\Lib\site-packages\ament_uncrustify\configuration
copying D:\a\pixi_rosdistro\pixi_rosdistro\build\ament_uncrustify\build\lib\ament_uncrustify\configuration\ament_code_style_0_78.cfg -> D:\a\pixi_rosdistro\pixi_rosdistro\install\Lib\site-packages\ament_uncrustify\configuration
copying D:\a\pixi_rosdistro\pixi_rosdistro\build\ament_uncrustify\build\lib\ament_uncrustify\main.py -> D:\a\pixi_rosdistro\pixi_rosdistro\install\Lib\site-packages\ament_uncrustify
copying D:\a\pixi_rosdistro\pixi_rosdistro\build\ament_uncrustify\build\lib\ament_uncrustify\py.typed -> D:\a\pixi_rosdistro\pixi_rosdistro\install\Lib\site-packages\ament_uncrustify
copying D:\a\pixi_rosdistro\pixi_rosdistro\build\ament_uncrustify\build\lib\ament_uncrustify\__init__.py -> D:\a\pixi_rosdistro\pixi_rosdistro\install\Lib\site-packages\ament_uncrustify
byte-compiling D:\a\pixi_rosdistro\pixi_rosdistro\install\Lib\site-packages\ament_uncrustify\main.py to main.cpython-314.pyc
byte-compiling D:\a\pixi_rosdistro\pixi_rosdistro\install\Lib\site-packages\ament_uncrustify\__init__.py to __init__.cpython-314.pyc
running install_data
copying package.xml -> D:\a\pixi_rosdistro\pixi_rosdistro\install\share\ament_uncrustify
copying resource\ament_uncrustify -> D:\a\pixi_rosdistro\pixi_rosdistro\install\share\ament_index\resource_index\packages
running install_egg_info
Copying ..\..\..\..\build\ament_uncrustify\ament_uncrustify.egg-info to D:\a\pixi_rosdistro\pixi_rosdistro\install\Lib\site-packages\ament_uncrustify-0.20.3-py3.14.egg-info
running install_scripts
Installing ament_uncrustify-script.py script to D:\a\pixi_rosdistro\pixi_rosdistro\install\Scripts
Installing ament_uncrustify.exe script to D:\a\pixi_rosdistro\pixi_rosdistro\install\Scripts
writing list of installed files to 'D:\a\pixi_rosdistro\pixi_rosdistro\build\ament_uncrustify\install.log'
