[1.141s] Invoking command in '/Users/runner/work/pixi_rosdistro/pixi_rosdistro/build/statistics_msgs': AMENT_PREFIX_PATH=/Users/runner/work/pixi_rosdistro/pixi_rosdistro/install CMAKE_PREFIX_PATH=/Users/runner/work/pixi_rosdistro/pixi_rosdistro/install DYLD_LIBRARY_PATH=/Users/runner/work/pixi_rosdistro/pixi_rosdistro/install/lib:/Users/runner/work/pixi_rosdistro/pixi_rosdistro/install/opt/mimick_vendor/lib PATH=/Users/runner/work/pixi_rosdistro/pixi_rosdistro/install/bin:${PATH} PIXI_PROMPT=(ros2_rolling) PKG_CONFIG_PATH=/Users/runner/work/pixi_rosdistro/pixi_rosdistro/install/lib/pkgconfig PYTHONPATH=/Users/runner/work/pixi_rosdistro/pixi_rosdistro/install/lib/python3.12/site-packages ROS_PYTHON_VERSION=3 SHLVL=3 _=/usr/bin/env /Users/runner/work/pixi_rosdistro/pixi_rosdistro/.pixi/envs/default/bin/cmake /Users/runner/work/pixi_rosdistro/pixi_rosdistro/src/ros2/rcl_interfaces/statistics_msgs -GNinja --no-warn-unused-cli -DCMAKE_BUILD_TYPE=Release -DCMAKE_BUILD_WITH_INSTALL_RPATH:bool=TRUE -DCMAKE_POLICY_VERSION_MINIMUM=3.5 -Wno-deprecated -DSTACK_DETAILS_AUTO_DETECT:bool=FALSE -DSTACK_DETAILS_BFD:bool=FALSE -DCMAKE_INSTALL_PREFIX=/Users/runner/work/pixi_rosdistro/pixi_rosdistro/install
[1.477s] Not searching for unused variables given on the command line.
[1.478s] -- The C compiler identification is AppleClang 17.0.0.17000013
[1.678s] -- The CXX compiler identification is AppleClang 17.0.0.17000013
[1.713s] -- Detecting C compiler ABI info
[2.160s] -- Detecting C compiler ABI info - done
[2.224s] -- Check for working C compiler: /usr/bin/cc - skipped
[2.225s] -- Detecting C compile features
[2.225s] -- Detecting C compile features - done
[2.235s] -- Detecting CXX compiler ABI info
[2.695s] -- Detecting CXX compiler ABI info - done
[2.733s] -- Check for working CXX compiler: /usr/bin/c++ - skipped
[2.734s] -- Detecting CXX compile features
[2.734s] -- Detecting CXX compile features - done
[2.755s] -- Found ament_cmake: 2.8.6 (/Users/runner/work/pixi_rosdistro/pixi_rosdistro/install/share/ament_cmake/cmake)
[3.198s] -- Found builtin_interfaces: 2.4.3 (/Users/runner/work/pixi_rosdistro/pixi_rosdistro/install/share/builtin_interfaces/cmake)
[3.263s] -- Found rosidl_generator_c: 5.1.3 (/Users/runner/work/pixi_rosdistro/pixi_rosdistro/install/share/rosidl_generator_c/cmake)
[3.287s] -- Found rosidl_generator_cpp: 5.1.3 (/Users/runner/work/pixi_rosdistro/pixi_rosdistro/install/share/rosidl_generator_cpp/cmake)
[3.332s] -- Using all available rosidl_typesupport_c: rosidl_typesupport_fastrtps_c;rosidl_typesupport_introspection_c
[3.374s] -- Using all available rosidl_typesupport_cpp: rosidl_typesupport_fastrtps_cpp;rosidl_typesupport_introspection_cpp
[3.403s] -- Found rosidl_default_generators: 1.8.1 (/Users/runner/work/pixi_rosdistro/pixi_rosdistro/install/share/rosidl_default_generators/cmake)
[3.452s] -- Found rosidl_adapter: 5.1.3 (/Users/runner/work/pixi_rosdistro/pixi_rosdistro/install/share/rosidl_adapter/cmake)
[3.665s] -- Found Python3: /Users/runner/work/pixi_rosdistro/pixi_rosdistro/.pixi/envs/default/bin/python3 (found version "3.12.13") found components: Interpreter
[4.332s] -- Found ament_cmake_ros_core: 0.15.6 (/Users/runner/work/pixi_rosdistro/pixi_rosdistro/install/share/ament_cmake_ros_core/cmake)
[5.413s] -- Using all available rosidl_typesupport_c: rosidl_typesupport_fastrtps_c;rosidl_typesupport_introspection_c
[5.824s] -- Using all available rosidl_typesupport_cpp: rosidl_typesupport_fastrtps_cpp;rosidl_typesupport_introspection_cpp
[6.552s] -- Found Python3: /Users/runner/work/pixi_rosdistro/pixi_rosdistro/.pixi/envs/default/bin/python3 (found version "3.12.13") found components: Interpreter Development NumPy Development.Module Development.Embed
[6.668s] -- Found Python3: /Users/runner/work/pixi_rosdistro/pixi_rosdistro/.pixi/envs/default/bin/python3 (found version "3.12.13") found components: Interpreter
[6.696s] -- Configuring done (5.5s)
[6.787s] -- Generating done (0.1s)
[6.851s] -- Build files have been written to: /Users/runner/work/pixi_rosdistro/pixi_rosdistro/build/statistics_msgs
[6.879s] Invoked command in '/Users/runner/work/pixi_rosdistro/pixi_rosdistro/build/statistics_msgs' returned '0': AMENT_PREFIX_PATH=/Users/runner/work/pixi_rosdistro/pixi_rosdistro/install CMAKE_PREFIX_PATH=/Users/runner/work/pixi_rosdistro/pixi_rosdistro/install DYLD_LIBRARY_PATH=/Users/runner/work/pixi_rosdistro/pixi_rosdistro/install/lib:/Users/runner/work/pixi_rosdistro/pixi_rosdistro/install/opt/mimick_vendor/lib PATH=/Users/runner/work/pixi_rosdistro/pixi_rosdistro/install/bin:${PATH} PIXI_PROMPT=(ros2_rolling) PKG_CONFIG_PATH=/Users/runner/work/pixi_rosdistro/pixi_rosdistro/install/lib/pkgconfig PYTHONPATH=/Users/runner/work/pixi_rosdistro/pixi_rosdistro/install/lib/python3.12/site-packages ROS_DOMAIN_ID=27 ROS_PYTHON_VERSION=3 SHLVL=3 _=/usr/bin/env /Users/runner/work/pixi_rosdistro/pixi_rosdistro/.pixi/envs/default/bin/cmake /Users/runner/work/pixi_rosdistro/pixi_rosdistro/src/ros2/rcl_interfaces/statistics_msgs -GNinja --no-warn-unused-cli -DCMAKE_BUILD_TYPE=Release -DCMAKE_BUILD_WITH_INSTALL_RPATH:bool=TRUE -DCMAKE_POLICY_VERSION_MINIMUM=3.5 -Wno-deprecated -DSTACK_DETAILS_AUTO_DETECT:bool=FALSE -DSTACK_DETAILS_BFD:bool=FALSE -DCMAKE_INSTALL_PREFIX=/Users/runner/work/pixi_rosdistro/pixi_rosdistro/install
[6.882s] Invoking command in '/Users/runner/work/pixi_rosdistro/pixi_rosdistro/build/statistics_msgs': AMENT_PREFIX_PATH=/Users/runner/work/pixi_rosdistro/pixi_rosdistro/install CMAKE_PREFIX_PATH=/Users/runner/work/pixi_rosdistro/pixi_rosdistro/install DYLD_LIBRARY_PATH=/Users/runner/work/pixi_rosdistro/pixi_rosdistro/install/lib:/Users/runner/work/pixi_rosdistro/pixi_rosdistro/install/opt/mimick_vendor/lib PATH=/Users/runner/work/pixi_rosdistro/pixi_rosdistro/install/bin:${PATH} PIXI_PROMPT=(ros2_rolling) PKG_CONFIG_PATH=/Users/runner/work/pixi_rosdistro/pixi_rosdistro/install/lib/pkgconfig PYTHONPATH=/Users/runner/work/pixi_rosdistro/pixi_rosdistro/install/lib/python3.12/site-packages ROS_DOMAIN_ID=27 ROS_PYTHON_VERSION=3 SHLVL=3 _=/usr/bin/env /Users/runner/work/pixi_rosdistro/pixi_rosdistro/.pixi/envs/default/bin/cmake --build /Users/runner/work/pixi_rosdistro/pixi_rosdistro/build/statistics_msgs -- -j3 -l3
[7.479s] [1/57] Generating type hashes for ROS interfaces
[8.072s] [2/57] Generating C code for ROS interfaces
[8.284s] [3/57] Building C object CMakeFiles/statistics_msgs__rosidl_generator_c.dir/rosidl_generator_c/statistics_msgs/msg/detail/metrics_message__description.c.o
[8.524s] [4/57] Building C object CMakeFiles/statistics_msgs__rosidl_generator_c.dir/rosidl_generator_c/statistics_msgs/msg/detail/metrics_message__functions.c.o
[8.768s] [5/57] Building C object CMakeFiles/statistics_msgs__rosidl_generator_c.dir/rosidl_generator_c/statistics_msgs/msg/detail/metrics_message__type_support.c.o
[9.030s] [6/57] Building C object CMakeFiles/statistics_msgs__rosidl_generator_c.dir/rosidl_generator_c/statistics_msgs/msg/detail/statistic_data_point__description.c.o
[9.291s] [7/57] Building C object CMakeFiles/statistics_msgs__rosidl_generator_c.dir/rosidl_generator_c/statistics_msgs/msg/detail/statistic_data_point__functions.c.o
[9.561s] [8/57] Building C object CMakeFiles/statistics_msgs__rosidl_generator_c.dir/rosidl_generator_c/statistics_msgs/msg/detail/statistic_data_point__type_support.c.o
[9.818s] [9/57] Building C object CMakeFiles/statistics_msgs__rosidl_generator_c.dir/rosidl_generator_c/statistics_msgs/msg/detail/statistic_data_type__description.c.o
[10.211s] [10/57] Building C object CMakeFiles/statistics_msgs__rosidl_generator_c.dir/rosidl_generator_c/statistics_msgs/msg/detail/statistic_data_type__functions.c.o
[10.470s] [11/57] Building C object CMakeFiles/statistics_msgs__rosidl_generator_c.dir/rosidl_generator_c/statistics_msgs/msg/detail/statistic_data_type__type_support.c.o
[11.059s] [12/57] Generating C type support for eProsima Fast-RTPS
[11.578s] [13/57] Generating C++ code for ROS interfaces
[12.078s] [14/57] Generating C++ type support for eProsima Fast-RTPS
[12.555s] [15/57] Generating C introspection for ROS interfaces
[13.096s] [16/57] Generating C type support dispatch for ROS interfaces
[13.558s] [17/57] Generating C++ introspection for ROS interfaces
[14.057s] [18/57] Generating C++ type support dispatch for ROS interfaces
[14.202s] [19/57] Linking C shared library libstatistics_msgs__rosidl_generator_c.dylib
[14.202s] ld: warning: -undefined error is deprecated
[14.993s] [20/57] Building CXX object CMakeFiles/statistics_msgs__rosidl_typesupport_fastrtps_c.dir/rosidl_typesupport_fastrtps_c/statistics_msgs/msg/detail/metrics_message__type_support_c.cpp.o
[15.402s] [21/57] Building CXX object CMakeFiles/statistics_msgs__rosidl_typesupport_fastrtps_c.dir/rosidl_typesupport_fastrtps_c/statistics_msgs/msg/detail/statistic_data_point__type_support_c.cpp.o
[15.752s] [22/57] Building CXX object CMakeFiles/statistics_msgs__rosidl_typesupport_fastrtps_c.dir/rosidl_typesupport_fastrtps_c/statistics_msgs/msg/detail/statistic_data_type__type_support_c.cpp.o
[15.995s] [23/57] Building C object CMakeFiles/statistics_msgs__rosidl_typesupport_introspection_c.dir/rosidl_typesupport_introspection_c/statistics_msgs/msg/detail/metrics_message__type_support.c.o
[16.216s] [24/57] Building C object CMakeFiles/statistics_msgs__rosidl_typesupport_introspection_c.dir/rosidl_typesupport_introspection_c/statistics_msgs/msg/detail/statistic_data_point__type_support.c.o
[16.437s] [25/57] Building C object CMakeFiles/statistics_msgs__rosidl_typesupport_introspection_c.dir/rosidl_typesupport_introspection_c/statistics_msgs/msg/detail/statistic_data_type__type_support.c.o
[16.665s] [26/57] Building CXX object CMakeFiles/statistics_msgs__rosidl_typesupport_c.dir/rosidl_typesupport_c/statistics_msgs/msg/metrics_message__type_support.cpp.o
[16.862s] [27/57] Building CXX object CMakeFiles/statistics_msgs__rosidl_typesupport_c.dir/rosidl_typesupport_c/statistics_msgs/msg/statistic_data_point__type_support.cpp.o
[17.090s] [28/57] Building CXX object CMakeFiles/statistics_msgs__rosidl_typesupport_c.dir/rosidl_typesupport_c/statistics_msgs/msg/statistic_data_type__type_support.cpp.o
[17.498s] [29/57] Building CXX object CMakeFiles/statistics_msgs__rosidl_typesupport_fastrtps_cpp.dir/rosidl_typesupport_fastrtps_cpp/statistics_msgs/msg/detail/dds_fastrtps/metrics_message__type_support.cpp.o
[17.854s] [30/57] Building CXX object CMakeFiles/statistics_msgs__rosidl_typesupport_fastrtps_cpp.dir/rosidl_typesupport_fastrtps_cpp/statistics_msgs/msg/detail/dds_fastrtps/statistic_data_point__type_support.cpp.o
[18.302s] [31/57] Building CXX object CMakeFiles/statistics_msgs__rosidl_typesupport_fastrtps_cpp.dir/rosidl_typesupport_fastrtps_cpp/statistics_msgs/msg/detail/dds_fastrtps/statistic_data_type__type_support.cpp.o
[18.746s] [32/57] Building CXX object CMakeFiles/statistics_msgs__rosidl_typesupport_introspection_cpp.dir/rosidl_typesupport_introspection_cpp/statistics_msgs/msg/detail/metrics_message__type_support.cpp.o
[19.290s] [33/57] Building CXX object CMakeFiles/statistics_msgs__rosidl_typesupport_introspection_cpp.dir/rosidl_typesupport_introspection_cpp/statistics_msgs/msg/detail/statistic_data_point__type_support.cpp.o
[19.691s] [34/57] Building CXX object CMakeFiles/statistics_msgs__rosidl_typesupport_introspection_cpp.dir/rosidl_typesupport_introspection_cpp/statistics_msgs/msg/detail/statistic_data_type__type_support.cpp.o
[20.085s] [35/57] Building CXX object CMakeFiles/statistics_msgs__rosidl_typesupport_cpp.dir/rosidl_typesupport_cpp/statistics_msgs/msg/metrics_message__type_support.cpp.o
[20.463s] [36/57] Building CXX object CMakeFiles/statistics_msgs__rosidl_typesupport_cpp.dir/rosidl_typesupport_cpp/statistics_msgs/msg/statistic_data_point__type_support.cpp.o
[20.820s] [37/57] Building CXX object CMakeFiles/statistics_msgs__rosidl_typesupport_cpp.dir/rosidl_typesupport_cpp/statistics_msgs/msg/statistic_data_type__type_support.cpp.o
[20.921s] [38/57] Linking CXX shared library libstatistics_msgs__rosidl_typesupport_fastrtps_c.dylib
[20.921s] ld: warning: -undefined error is deprecated
[20.998s] [39/57] Linking CXX shared library libstatistics_msgs__rosidl_typesupport_fastrtps_cpp.dylib
[20.998s] ld: warning: -undefined error is deprecated
[21.098s] [40/57] Linking C shared library libstatistics_msgs__rosidl_typesupport_introspection_c.dylib
[21.098s] ld: warning: -undefined error is deprecated
[21.166s] [41/57] Linking CXX shared library libstatistics_msgs__rosidl_typesupport_c.dylib
[21.166s] ld: warning: -undefined error is deprecated
[21.244s] [42/57] Linking CXX shared library libstatistics_msgs__rosidl_typesupport_introspection_cpp.dylib
[21.244s] ld: warning: -undefined error is deprecated
[21.330s] [43/57] Linking CXX shared library libstatistics_msgs__rosidl_typesupport_cpp.dylib
[21.330s] ld: warning: -undefined error is deprecated
[22.211s] [44/57] Generating Python code for ROS interfaces
[22.651s] [45/57] Generating Rust code for ROS interfaces
[23.033s] [46/57] Building C object CMakeFiles/statistics_msgs__rosidl_generator_py.dir/rosidl_generator_py/statistics_msgs/msg/_metrics_message_s.c.o
[23.303s] [47/57] Building C object CMakeFiles/statistics_msgs__rosidl_generator_py.dir/rosidl_generator_py/statistics_msgs/msg/_statistic_data_point_s.c.o
[23.539s] [48/57] Building C object CMakeFiles/statistics_msgs__rosidl_generator_py.dir/rosidl_generator_py/statistics_msgs/msg/_statistic_data_type_s.c.o
[23.647s] [49/57] Linking C shared library libstatistics_msgs__rosidl_generator_py.dylib
[23.647s] ld: warning: -undefined error is deprecated
[23.911s] [50/57] Building C object CMakeFiles/statistics_msgs_s__rosidl_typesupport_fastrtps_c.dir/rosidl_generator_py/statistics_msgs/_statistics_msgs_s.ep.rosidl_typesupport_fastrtps_c.c.o
[24.163s] [51/57] Building C object CMakeFiles/statistics_msgs_s__rosidl_typesupport_introspection_c.dir/rosidl_generator_py/statistics_msgs/_statistics_msgs_s.ep.rosidl_typesupport_introspection_c.c.o
[24.375s] [52/57] Building C object CMakeFiles/statistics_msgs_s__rosidl_typesupport_c.dir/rosidl_generator_py/statistics_msgs/_statistics_msgs_s.ep.rosidl_typesupport_c.c.o
[24.430s] [53/57] cd /Users/runner/work/pixi_rosdistro/pixi_rosdistro/build/statistics_msgs && /Users/runner/work/pixi_rosdistro/pixi_rosdistro/.pixi/envs/default/bin/cmake -E copy_directory /Users/runner/work/pixi_rosdistro/pixi_rosdistro/build/statistics_msgs/rosidl_generator_py/statistics_msgs /Users/runner/work/pixi_rosdistro/pixi_rosdistro/build/statistics_msgs/ament_cmake_python/statistics_msgs/statistics_msgs
[24.533s] [54/57] Linking C shared module rosidl_generator_py/statistics_msgs/statistics_msgs_s__rosidl_typesupport_fastrtps_c.so
[24.620s] [55/57] Linking C shared module rosidl_generator_py/statistics_msgs/statistics_msgs_s__rosidl_typesupport_introspection_c.so
[24.736s] [56/57] Linking C shared module rosidl_generator_py/statistics_msgs/statistics_msgs_s__rosidl_typesupport_c.so
[25.186s] [57/57] cd /Users/runner/work/pixi_rosdistro/pixi_rosdistro/build/statistics_msgs/ament_cmake_python/statistics_msgs && /Users/runner/work/pixi_rosdistro/pixi_rosdistro/.pixi/envs/default/bin/python3 setup.py egg_info
[25.186s] running egg_info
[25.186s] creating statistics_msgs.egg-info
[25.186s] writing statistics_msgs.egg-info/PKG-INFO
[25.186s] writing dependency_links to statistics_msgs.egg-info/dependency_links.txt
[25.187s] writing top-level names to statistics_msgs.egg-info/top_level.txt
[25.187s] writing manifest file 'statistics_msgs.egg-info/SOURCES.txt'
[25.187s] reading manifest file 'statistics_msgs.egg-info/SOURCES.txt'
[25.187s] writing manifest file 'statistics_msgs.egg-info/SOURCES.txt'
[25.206s] Invoked command in '/Users/runner/work/pixi_rosdistro/pixi_rosdistro/build/statistics_msgs' returned '0': AMENT_PREFIX_PATH=/Users/runner/work/pixi_rosdistro/pixi_rosdistro/install CMAKE_PREFIX_PATH=/Users/runner/work/pixi_rosdistro/pixi_rosdistro/install DYLD_LIBRARY_PATH=/Users/runner/work/pixi_rosdistro/pixi_rosdistro/install/lib:/Users/runner/work/pixi_rosdistro/pixi_rosdistro/install/opt/mimick_vendor/lib PATH=/Users/runner/work/pixi_rosdistro/pixi_rosdistro/install/bin:${PATH} PIXI_PROMPT=(ros2_rolling) PKG_CONFIG_PATH=/Users/runner/work/pixi_rosdistro/pixi_rosdistro/install/lib/pkgconfig PYTHONPATH=/Users/runner/work/pixi_rosdistro/pixi_rosdistro/install/lib/python3.12/site-packages ROS_DOMAIN_ID=27 ROS_PYTHON_VERSION=3 SHLVL=3 _=/usr/bin/env /Users/runner/work/pixi_rosdistro/pixi_rosdistro/.pixi/envs/default/bin/cmake --build /Users/runner/work/pixi_rosdistro/pixi_rosdistro/build/statistics_msgs -- -j3 -l3
[25.231s] Invoking command in '/Users/runner/work/pixi_rosdistro/pixi_rosdistro/build/statistics_msgs': AMENT_PREFIX_PATH=/Users/runner/work/pixi_rosdistro/pixi_rosdistro/install CMAKE_PREFIX_PATH=/Users/runner/work/pixi_rosdistro/pixi_rosdistro/install DYLD_LIBRARY_PATH=/Users/runner/work/pixi_rosdistro/pixi_rosdistro/install/lib:/Users/runner/work/pixi_rosdistro/pixi_rosdistro/install/opt/mimick_vendor/lib PATH=/Users/runner/work/pixi_rosdistro/pixi_rosdistro/install/bin:${PATH} PIXI_PROMPT=(ros2_rolling) PKG_CONFIG_PATH=/Users/runner/work/pixi_rosdistro/pixi_rosdistro/install/lib/pkgconfig PYTHONPATH=/Users/runner/work/pixi_rosdistro/pixi_rosdistro/install/lib/python3.12/site-packages ROS_DOMAIN_ID=27 ROS_PYTHON_VERSION=3 SHLVL=3 _=/usr/bin/env /Users/runner/work/pixi_rosdistro/pixi_rosdistro/.pixi/envs/default/bin/cmake --install /Users/runner/work/pixi_rosdistro/pixi_rosdistro/build/statistics_msgs
[25.263s] -- Install configuration: "Release"
[25.263s] -- Installing: /Users/runner/work/pixi_rosdistro/pixi_rosdistro/install/share/ament_index/resource_index/rosidl_interfaces/statistics_msgs
[25.264s] -- Installing: /Users/runner/work/pixi_rosdistro/pixi_rosdistro/install/share/statistics_msgs/msg/MetricsMessage.json
[25.264s] -- Installing: /Users/runner/work/pixi_rosdistro/pixi_rosdistro/install/share/statistics_msgs/msg/StatisticDataPoint.json
[25.266s] -- Installing: /Users/runner/work/pixi_rosdistro/pixi_rosdistro/install/share/statistics_msgs/msg/StatisticDataType.json
[25.266s] -- Installing: /Users/runner/work/pixi_rosdistro/pixi_rosdistro/install/include/statistics_msgs/statistics_msgs
[25.266s] -- Installing: /Users/runner/work/pixi_rosdistro/pixi_rosdistro/install/include/statistics_msgs/statistics_msgs/msg
[25.266s] -- Installing: /Users/runner/work/pixi_rosdistro/pixi_rosdistro/install/include/statistics_msgs/statistics_msgs/msg/rosidl_generator_c__visibility_control.h
[25.267s] -- Installing: /Users/runner/work/pixi_rosdistro/pixi_rosdistro/install/include/statistics_msgs/statistics_msgs/msg/statistic_data_type.h
[25.267s] -- Installing: /Users/runner/work/pixi_rosdistro/pixi_rosdistro/install/include/statistics_msgs/statistics_msgs/msg/statistic_data_point.h
[25.268s] -- Installing: /Users/runner/work/pixi_rosdistro/pixi_rosdistro/install/include/statistics_msgs/statistics_msgs/msg/metrics_message.h
[25.268s] -- Installing: /Users/runner/work/pixi_rosdistro/pixi_rosdistro/install/include/statistics_msgs/statistics_msgs/msg/detail
[25.268s] -- Installing: /Users/runner/work/pixi_rosdistro/pixi_rosdistro/install/include/statistics_msgs/statistics_msgs/msg/detail/statistic_data_type__description.c
[25.268s] -- Installing: /Users/runner/work/pixi_rosdistro/pixi_rosdistro/install/include/statistics_msgs/statistics_msgs/msg/detail/metrics_message__type_support.c
[25.268s] -- Installing: /Users/runner/work/pixi_rosdistro/pixi_rosdistro/install/include/statistics_msgs/statistics_msgs/msg/detail/metrics_message__functions.c
[25.268s] -- Installing: /Users/runner/work/pixi_rosdistro/pixi_rosdistro/install/include/statistics_msgs/statistics_msgs/msg/detail/statistic_data_point__functions.h
[25.269s] -- Installing: /Users/runner/work/pixi_rosdistro/pixi_rosdistro/install/include/statistics_msgs/statistics_msgs/msg/detail/statistic_data_type__functions.c
[25.269s] -- Installing: /Users/runner/work/pixi_rosdistro/pixi_rosdistro/install/include/statistics_msgs/statistics_msgs/msg/detail/statistic_data_type__type_support.c
[25.269s] -- Installing: /Users/runner/work/pixi_rosdistro/pixi_rosdistro/install/include/statistics_msgs/statistics_msgs/msg/detail/statistic_data_point__type_support.h
[25.269s] -- Installing: /Users/runner/work/pixi_rosdistro/pixi_rosdistro/install/include/statistics_msgs/statistics_msgs/msg/detail/statistic_data_type__struct.h
[25.270s] -- Installing: /Users/runner/work/pixi_rosdistro/pixi_rosdistro/install/include/statistics_msgs/statistics_msgs/msg/detail/statistic_data_point__functions.c
[25.270s] -- Installing: /Users/runner/work/pixi_rosdistro/pixi_rosdistro/install/include/statistics_msgs/statistics_msgs/msg/detail/metrics_message__description.c
[25.270s] -- Installing: /Users/runner/work/pixi_rosdistro/pixi_rosdistro/install/include/statistics_msgs/statistics_msgs/msg/detail/metrics_message__functions.h
[25.270s] -- Installing: /Users/runner/work/pixi_rosdistro/pixi_rosdistro/install/include/statistics_msgs/statistics_msgs/msg/detail/metrics_message__type_support.h
[25.270s] -- Installing: /Users/runner/work/pixi_rosdistro/pixi_rosdistro/install/include/statistics_msgs/statistics_msgs/msg/detail/statistic_data_point__description.c
[25.271s] -- Installing: /Users/runner/work/pixi_rosdistro/pixi_rosdistro/install/include/statistics_msgs/statistics_msgs/msg/detail/statistic_data_point__struct.h
[25.271s] -- Installing: /Users/runner/work/pixi_rosdistro/pixi_rosdistro/install/include/statistics_msgs/statistics_msgs/msg/detail/metrics_message__struct.h
[25.271s] -- Installing: /Users/runner/work/pixi_rosdistro/pixi_rosdistro/install/include/statistics_msgs/statistics_msgs/msg/detail/statistic_data_type__functions.h
[25.272s] -- Installing: /Users/runner/work/pixi_rosdistro/pixi_rosdistro/install/include/statistics_msgs/statistics_msgs/msg/detail/statistic_data_point__type_support.c
[25.272s] -- Installing: /Users/runner/work/pixi_rosdistro/pixi_rosdistro/install/include/statistics_msgs/statistics_msgs/msg/detail/statistic_data_type__type_support.h
[25.272s] -- Installing: /Users/runner/work/pixi_rosdistro/pixi_rosdistro/install/share/statistics_msgs/environment/library_path.sh
[25.273s] -- Installing: /Users/runner/work/pixi_rosdistro/pixi_rosdistro/install/share/statistics_msgs/environment/library_path.dsv
[25.273s] -- Installing: /Users/runner/work/pixi_rosdistro/pixi_rosdistro/install/lib/libstatistics_msgs__rosidl_generator_c.dylib
[25.273s] -- Up-to-date: /Users/runner/work/pixi_rosdistro/pixi_rosdistro/install/include/statistics_msgs/statistics_msgs
[25.273s] -- Up-to-date: /Users/runner/work/pixi_rosdistro/pixi_rosdistro/install/include/statistics_msgs/statistics_msgs/msg
[25.274s] -- Up-to-date: /Users/runner/work/pixi_rosdistro/pixi_rosdistro/install/include/statistics_msgs/statistics_msgs/msg/detail
[25.274s] -- Installing: /Users/runner/work/pixi_rosdistro/pixi_rosdistro/install/include/statistics_msgs/statistics_msgs/msg/detail/statistic_data_point__rosidl_typesupport_fastrtps_c.h
[25.274s] -- Installing: /Users/runner/work/pixi_rosdistro/pixi_rosdistro/install/include/statistics_msgs/statistics_msgs/msg/detail/statistic_data_type__rosidl_typesupport_fastrtps_c.h
[25.274s] -- Installing: /Users/runner/work/pixi_rosdistro/pixi_rosdistro/install/include/statistics_msgs/statistics_msgs/msg/detail/metrics_message__rosidl_typesupport_fastrtps_c.h
[25.274s] -- Installing: /Users/runner/work/pixi_rosdistro/pixi_rosdistro/install/include/statistics_msgs/statistics_msgs/msg/rosidl_typesupport_fastrtps_c__visibility_control.h
[25.274s] -- Installing: /Users/runner/work/pixi_rosdistro/pixi_rosdistro/install/lib/libstatistics_msgs__rosidl_typesupport_fastrtps_c.dylib
[25.275s] -- Up-to-date: /Users/runner/work/pixi_rosdistro/pixi_rosdistro/install/include/statistics_msgs/statistics_msgs
[25.275s] -- Up-to-date: /Users/runner/work/pixi_rosdistro/pixi_rosdistro/install/include/statistics_msgs/statistics_msgs/msg
[25.275s] -- Installing: /Users/runner/work/pixi_rosdistro/pixi_rosdistro/install/include/statistics_msgs/statistics_msgs/msg/statistic_data_point.hpp
[25.275s] -- Up-to-date: /Users/runner/work/pixi_rosdistro/pixi_rosdistro/install/include/statistics_msgs/statistics_msgs/msg/detail
[25.275s] -- Installing: /Users/runner/work/pixi_rosdistro/pixi_rosdistro/install/include/statistics_msgs/statistics_msgs/msg/detail/statistic_data_type__builder.hpp
[25.275s] -- Installing: /Users/runner/work/pixi_rosdistro/pixi_rosdistro/install/include/statistics_msgs/statistics_msgs/msg/detail/statistic_data_type__traits.hpp
[25.276s] -- Installing: /Users/runner/work/pixi_rosdistro/pixi_rosdistro/install/include/statistics_msgs/statistics_msgs/msg/detail/statistic_data_point__struct.hpp
[25.276s] -- Installing: /Users/runner/work/pixi_rosdistro/pixi_rosdistro/install/include/statistics_msgs/statistics_msgs/msg/detail/statistic_data_type__type_support.hpp
[25.276s] -- Installing: /Users/runner/work/pixi_rosdistro/pixi_rosdistro/install/include/statistics_msgs/statistics_msgs/msg/detail/metrics_message__struct.hpp
[25.276s] -- Installing: /Users/runner/work/pixi_rosdistro/pixi_rosdistro/install/include/statistics_msgs/statistics_msgs/msg/detail/statistic_data_point__type_support.hpp
[25.277s] -- Installing: /Users/runner/work/pixi_rosdistro/pixi_rosdistro/install/include/statistics_msgs/statistics_msgs/msg/detail/metrics_message__type_support.hpp
[25.277s] -- Installing: /Users/runner/work/pixi_rosdistro/pixi_rosdistro/install/include/statistics_msgs/statistics_msgs/msg/detail/metrics_message__builder.hpp
[25.277s] -- Installing: /Users/runner/work/pixi_rosdistro/pixi_rosdistro/install/include/statistics_msgs/statistics_msgs/msg/detail/statistic_data_point__traits.hpp
[25.277s] -- Installing: /Users/runner/work/pixi_rosdistro/pixi_rosdistro/install/include/statistics_msgs/statistics_msgs/msg/detail/statistic_data_type__struct.hpp
[25.277s] -- Installing: /Users/runner/work/pixi_rosdistro/pixi_rosdistro/install/include/statistics_msgs/statistics_msgs/msg/detail/metrics_message__traits.hpp
[25.278s] -- Installing: /Users/runner/work/pixi_rosdistro/pixi_rosdistro/install/include/statistics_msgs/statistics_msgs/msg/detail/statistic_data_point__builder.hpp
[25.278s] -- Installing: /Users/runner/work/pixi_rosdistro/pixi_rosdistro/install/include/statistics_msgs/statistics_msgs/msg/rosidl_generator_cpp__visibility_control.hpp
[25.278s] -- Installing: /Users/runner/work/pixi_rosdistro/pixi_rosdistro/install/include/statistics_msgs/statistics_msgs/msg/statistic_data_type.hpp
[25.278s] -- Installing: /Users/runner/work/pixi_rosdistro/pixi_rosdistro/install/include/statistics_msgs/statistics_msgs/msg/metrics_message.hpp
[25.279s] -- Up-to-date: /Users/runner/work/pixi_rosdistro/pixi_rosdistro/install/include/statistics_msgs/statistics_msgs
[25.279s] -- Up-to-date: /Users/runner/work/pixi_rosdistro/pixi_rosdistro/install/include/statistics_msgs/statistics_msgs/msg
[25.279s] -- Installing: /Users/runner/work/pixi_rosdistro/pixi_rosdistro/install/include/statistics_msgs/statistics_msgs/msg/rosidl_typesupport_fastrtps_cpp__visibility_control.h
[25.279s] -- Up-to-date: /Users/runner/work/pixi_rosdistro/pixi_rosdistro/install/include/statistics_msgs/statistics_msgs/msg/detail
[25.279s] -- Installing: /Users/runner/work/pixi_rosdistro/pixi_rosdistro/install/include/statistics_msgs/statistics_msgs/msg/detail/statistic_data_point__rosidl_typesupport_fastrtps_cpp.hpp
[25.279s] -- Installing: /Users/runner/work/pixi_rosdistro/pixi_rosdistro/install/include/statistics_msgs/statistics_msgs/msg/detail/metrics_message__rosidl_typesupport_fastrtps_cpp.hpp
[25.280s] -- Installing: /Users/runner/work/pixi_rosdistro/pixi_rosdistro/install/include/statistics_msgs/statistics_msgs/msg/detail/statistic_data_type__rosidl_typesupport_fastrtps_cpp.hpp
[25.280s] -- Installing: /Users/runner/work/pixi_rosdistro/pixi_rosdistro/install/include/statistics_msgs/statistics_msgs/msg/detail/dds_fastrtps
[25.280s] -- Installing: /Users/runner/work/pixi_rosdistro/pixi_rosdistro/install/lib/libstatistics_msgs__rosidl_typesupport_fastrtps_cpp.dylib
[25.283s] -- Up-to-date: /Users/runner/work/pixi_rosdistro/pixi_rosdistro/install/include/statistics_msgs/statistics_msgs
[25.283s] -- Up-to-date: /Users/runner/work/pixi_rosdistro/pixi_rosdistro/install/include/statistics_msgs/statistics_msgs/msg
[25.283s] -- Up-to-date: /Users/runner/work/pixi_rosdistro/pixi_rosdistro/install/include/statistics_msgs/statistics_msgs/msg/detail
[25.283s] -- Installing: /Users/runner/work/pixi_rosdistro/pixi_rosdistro/install/include/statistics_msgs/statistics_msgs/msg/detail/metrics_message__type_support.c
[25.283s] -- Installing: /Users/runner/work/pixi_rosdistro/pixi_rosdistro/install/include/statistics_msgs/statistics_msgs/msg/detail/statistic_data_type__type_support.c
[25.283s] -- Installing: /Users/runner/work/pixi_rosdistro/pixi_rosdistro/install/include/statistics_msgs/statistics_msgs/msg/detail/statistic_data_type__rosidl_typesupport_introspection_c.h
[25.283s] -- Installing: /Users/runner/work/pixi_rosdistro/pixi_rosdistro/install/include/statistics_msgs/statistics_msgs/msg/detail/metrics_message__rosidl_typesupport_introspection_c.h
[25.283s] -- Installing: /Users/runner/work/pixi_rosdistro/pixi_rosdistro/install/include/statistics_msgs/statistics_msgs/msg/detail/statistic_data_point__rosidl_typesupport_introspection_c.h
[25.283s] -- Installing: /Users/runner/work/pixi_rosdistro/pixi_rosdistro/install/include/statistics_msgs/statistics_msgs/msg/detail/statistic_data_point__type_support.c
[25.284s] -- Installing: /Users/runner/work/pixi_rosdistro/pixi_rosdistro/install/include/statistics_msgs/statistics_msgs/msg/rosidl_typesupport_introspection_c__visibility_control.h
[25.284s] -- Installing: /Users/runner/work/pixi_rosdistro/pixi_rosdistro/install/lib/libstatistics_msgs__rosidl_typesupport_introspection_c.dylib
[25.284s] -- Installing: /Users/runner/work/pixi_rosdistro/pixi_rosdistro/install/lib/libstatistics_msgs__rosidl_typesupport_c.dylib
[25.284s] -- Up-to-date: /Users/runner/work/pixi_rosdistro/pixi_rosdistro/install/include/statistics_msgs/statistics_msgs
[25.284s] -- Up-to-date: /Users/runner/work/pixi_rosdistro/pixi_rosdistro/install/include/statistics_msgs/statistics_msgs/msg
[25.284s] -- Up-to-date: /Users/runner/work/pixi_rosdistro/pixi_rosdistro/install/include/statistics_msgs/statistics_msgs/msg/detail
[25.284s] -- Installing: /Users/runner/work/pixi_rosdistro/pixi_rosdistro/install/include/statistics_msgs/statistics_msgs/msg/detail/statistic_data_type__type_support.cpp
[25.284s] -- Installing: /Users/runner/work/pixi_rosdistro/pixi_rosdistro/install/include/statistics_msgs/statistics_msgs/msg/detail/statistic_data_point__type_support.cpp
[25.285s] -- Installing: /Users/runner/work/pixi_rosdistro/pixi_rosdistro/install/include/statistics_msgs/statistics_msgs/msg/detail/metrics_message__type_support.cpp
[25.285s] -- Installing: /Users/runner/work/pixi_rosdistro/pixi_rosdistro/install/include/statistics_msgs/statistics_msgs/msg/detail/statistic_data_point__rosidl_typesupport_introspection_cpp.hpp
[25.285s] -- Installing: /Users/runner/work/pixi_rosdistro/pixi_rosdistro/install/include/statistics_msgs/statistics_msgs/msg/detail/statistic_data_type__rosidl_typesupport_introspection_cpp.hpp
[25.285s] -- Installing: /Users/runner/work/pixi_rosdistro/pixi_rosdistro/install/include/statistics_msgs/statistics_msgs/msg/detail/metrics_message__rosidl_typesupport_introspection_cpp.hpp
[25.286s] -- Installing: /Users/runner/work/pixi_rosdistro/pixi_rosdistro/install/lib/libstatistics_msgs__rosidl_typesupport_introspection_cpp.dylib
[25.286s] -- Installing: /Users/runner/work/pixi_rosdistro/pixi_rosdistro/install/lib/libstatistics_msgs__rosidl_typesupport_cpp.dylib
[25.286s] -- Installing: /Users/runner/work/pixi_rosdistro/pixi_rosdistro/install/share/statistics_msgs/environment/pythonpath.sh
[25.290s] -- Installing: /Users/runner/work/pixi_rosdistro/pixi_rosdistro/install/share/statistics_msgs/environment/pythonpath.dsv
[25.291s] -- Installing: /Users/runner/work/pixi_rosdistro/pixi_rosdistro/install/lib/python3.12/site-packages/statistics_msgs/statistics_msgs_s__rosidl_typesupport_fastrtps_c.so
[25.292s] -- Installing: /Users/runner/work/pixi_rosdistro/pixi_rosdistro/install/lib/python3.12/site-packages/statistics_msgs/statistics_msgs_s__rosidl_typesupport_introspection_c.so
[25.292s] -- Installing: /Users/runner/work/pixi_rosdistro/pixi_rosdistro/install/lib/python3.12/site-packages/statistics_msgs/statistics_msgs_s__rosidl_typesupport_c.so
[25.294s] -- Installing: /Users/runner/work/pixi_rosdistro/pixi_rosdistro/install/lib/libstatistics_msgs__rosidl_generator_py.dylib
[25.295s] -- Installing: /Users/runner/work/pixi_rosdistro/pixi_rosdistro/install/share/ament_index/resource_index/rust_packages/statistics_msgs
[25.296s] -- Installing: /Users/runner/work/pixi_rosdistro/pixi_rosdistro/install/share/statistics_msgs/rust
[25.297s] -- Installing: /Users/runner/work/pixi_rosdistro/pixi_rosdistro/install/share/statistics_msgs/rust/Cargo.toml
[25.297s] -- Installing: /Users/runner/work/pixi_rosdistro/pixi_rosdistro/install/share/statistics_msgs/rust/build.rs
[25.297s] -- Installing: /Users/runner/work/pixi_rosdistro/pixi_rosdistro/install/share/statistics_msgs/rust/src
[25.297s] -- Installing: /Users/runner/work/pixi_rosdistro/pixi_rosdistro/install/share/statistics_msgs/rust/src/msg
[25.297s] -- Installing: /Users/runner/work/pixi_rosdistro/pixi_rosdistro/install/share/statistics_msgs/rust/src/msg/rmw.rs
[25.297s] -- Installing: /Users/runner/work/pixi_rosdistro/pixi_rosdistro/install/share/statistics_msgs/rust/src/lib.rs
[25.297s] -- Installing: /Users/runner/work/pixi_rosdistro/pixi_rosdistro/install/share/statistics_msgs/rust/src/msg.rs
[25.298s] -- Installing: /Users/runner/work/pixi_rosdistro/pixi_rosdistro/install/share/statistics_msgs/msg/MetricsMessage.idl
[25.298s] -- Installing: /Users/runner/work/pixi_rosdistro/pixi_rosdistro/install/share/statistics_msgs/msg/StatisticDataPoint.idl
[25.298s] -- Installing: /Users/runner/work/pixi_rosdistro/pixi_rosdistro/install/share/statistics_msgs/msg/StatisticDataType.idl
[25.298s] -- Installing: /Users/runner/work/pixi_rosdistro/pixi_rosdistro/install/share/statistics_msgs/msg/MetricsMessage.msg
[25.298s] -- Installing: /Users/runner/work/pixi_rosdistro/pixi_rosdistro/install/share/statistics_msgs/msg/StatisticDataPoint.msg
[25.298s] -- Installing: /Users/runner/work/pixi_rosdistro/pixi_rosdistro/install/share/statistics_msgs/msg/StatisticDataType.msg
[25.299s] -- Installing: /Users/runner/work/pixi_rosdistro/pixi_rosdistro/install/share/ament_index/resource_index/package_run_dependencies/statistics_msgs
[25.300s] -- Installing: /Users/runner/work/pixi_rosdistro/pixi_rosdistro/install/share/ament_index/resource_index/parent_prefix_path/statistics_msgs
[25.300s] -- Installing: /Users/runner/work/pixi_rosdistro/pixi_rosdistro/install/share/statistics_msgs/environment/ament_prefix_path.sh
[25.301s] -- Installing: /Users/runner/work/pixi_rosdistro/pixi_rosdistro/install/share/statistics_msgs/environment/ament_prefix_path.dsv
[25.302s] -- Installing: /Users/runner/work/pixi_rosdistro/pixi_rosdistro/install/share/statistics_msgs/environment/path.sh
[25.303s] -- Installing: /Users/runner/work/pixi_rosdistro/pixi_rosdistro/install/share/statistics_msgs/environment/path.dsv
[25.303s] -- Installing: /Users/runner/work/pixi_rosdistro/pixi_rosdistro/install/share/statistics_msgs/local_setup.bash
[25.304s] -- Installing: /Users/runner/work/pixi_rosdistro/pixi_rosdistro/install/share/statistics_msgs/local_setup.fish
[25.305s] -- Installing: /Users/runner/work/pixi_rosdistro/pixi_rosdistro/install/share/statistics_msgs/local_setup.sh
[25.306s] -- Installing: /Users/runner/work/pixi_rosdistro/pixi_rosdistro/install/share/statistics_msgs/local_setup.zsh
[25.307s] -- Installing: /Users/runner/work/pixi_rosdistro/pixi_rosdistro/install/share/statistics_msgs/local_setup.dsv
[25.309s] -- Installing: /Users/runner/work/pixi_rosdistro/pixi_rosdistro/install/share/statistics_msgs/package.dsv
[25.310s] -- Installing: /Users/runner/work/pixi_rosdistro/pixi_rosdistro/install/share/ament_index/resource_index/packages/statistics_msgs
[25.310s] -- Installing: /Users/runner/work/pixi_rosdistro/pixi_rosdistro/install/share/statistics_msgs/cmake/export_statistics_msgs__rosidl_generator_cExport.cmake
[25.311s] -- Installing: /Users/runner/work/pixi_rosdistro/pixi_rosdistro/install/share/statistics_msgs/cmake/export_statistics_msgs__rosidl_generator_cExport-release.cmake
[25.311s] -- Installing: /Users/runner/work/pixi_rosdistro/pixi_rosdistro/install/share/statistics_msgs/cmake/export_statistics_msgs__rosidl_typesupport_fastrtps_cExport.cmake
[25.312s] -- Installing: /Users/runner/work/pixi_rosdistro/pixi_rosdistro/install/share/statistics_msgs/cmake/export_statistics_msgs__rosidl_typesupport_fastrtps_cExport-release.cmake
[25.313s] -- Installing: /Users/runner/work/pixi_rosdistro/pixi_rosdistro/install/share/statistics_msgs/cmake/export_statistics_msgs__rosidl_generator_cppExport.cmake
[25.313s] -- Installing: /Users/runner/work/pixi_rosdistro/pixi_rosdistro/install/share/statistics_msgs/cmake/export_statistics_msgs__rosidl_typesupport_fastrtps_cppExport.cmake
[25.315s] -- Installing: /Users/runner/work/pixi_rosdistro/pixi_rosdistro/install/share/statistics_msgs/cmake/export_statistics_msgs__rosidl_typesupport_fastrtps_cppExport-release.cmake
[25.315s] -- Installing: /Users/runner/work/pixi_rosdistro/pixi_rosdistro/install/share/statistics_msgs/cmake/statistics_msgs__rosidl_typesupport_introspection_cExport.cmake
[25.316s] -- Installing: /Users/runner/work/pixi_rosdistro/pixi_rosdistro/install/share/statistics_msgs/cmake/statistics_msgs__rosidl_typesupport_introspection_cExport-release.cmake
[25.319s] -- Installing: /Users/runner/work/pixi_rosdistro/pixi_rosdistro/install/share/statistics_msgs/cmake/statistics_msgs__rosidl_typesupport_cExport.cmake
[25.319s] -- Installing: /Users/runner/work/pixi_rosdistro/pixi_rosdistro/install/share/statistics_msgs/cmake/statistics_msgs__rosidl_typesupport_cExport-release.cmake
[25.320s] -- Installing: /Users/runner/work/pixi_rosdistro/pixi_rosdistro/install/share/statistics_msgs/cmake/statistics_msgs__rosidl_typesupport_introspection_cppExport.cmake
[25.320s] -- Installing: /Users/runner/work/pixi_rosdistro/pixi_rosdistro/install/share/statistics_msgs/cmake/statistics_msgs__rosidl_typesupport_introspection_cppExport-release.cmake
[25.320s] -- Installing: /Users/runner/work/pixi_rosdistro/pixi_rosdistro/install/share/statistics_msgs/cmake/statistics_msgs__rosidl_typesupport_cppExport.cmake
[25.320s] -- Installing: /Users/runner/work/pixi_rosdistro/pixi_rosdistro/install/share/statistics_msgs/cmake/statistics_msgs__rosidl_typesupport_cppExport-release.cmake
[25.320s] -- Installing: /Users/runner/work/pixi_rosdistro/pixi_rosdistro/install/share/statistics_msgs/cmake/export_statistics_msgs__rosidl_generator_pyExport.cmake
[25.320s] -- Installing: /Users/runner/work/pixi_rosdistro/pixi_rosdistro/install/share/statistics_msgs/cmake/export_statistics_msgs__rosidl_generator_pyExport-release.cmake
[25.321s] -- Installing: /Users/runner/work/pixi_rosdistro/pixi_rosdistro/install/lib/python3.12/site-packages/statistics_msgs-2.4.3-py3.12.egg-info
[25.321s] -- Installing: /Users/runner/work/pixi_rosdistro/pixi_rosdistro/install/lib/python3.12/site-packages/statistics_msgs-2.4.3-py3.12.egg-info/PKG-INFO
[25.321s] -- Installing: /Users/runner/work/pixi_rosdistro/pixi_rosdistro/install/lib/python3.12/site-packages/statistics_msgs-2.4.3-py3.12.egg-info/SOURCES.txt
[25.321s] -- Installing: /Users/runner/work/pixi_rosdistro/pixi_rosdistro/install/lib/python3.12/site-packages/statistics_msgs-2.4.3-py3.12.egg-info/top_level.txt
[25.322s] -- Installing: /Users/runner/work/pixi_rosdistro/pixi_rosdistro/install/lib/python3.12/site-packages/statistics_msgs-2.4.3-py3.12.egg-info/dependency_links.txt
[25.322s] -- Up-to-date: /Users/runner/work/pixi_rosdistro/pixi_rosdistro/install/lib/python3.12/site-packages/statistics_msgs
[25.323s] -- Installing: /Users/runner/work/pixi_rosdistro/pixi_rosdistro/install/lib/python3.12/site-packages/statistics_msgs/msg
[25.323s] -- Installing: /Users/runner/work/pixi_rosdistro/pixi_rosdistro/install/lib/python3.12/site-packages/statistics_msgs/msg/_statistic_data_type.py
[25.323s] -- Installing: /Users/runner/work/pixi_rosdistro/pixi_rosdistro/install/lib/python3.12/site-packages/statistics_msgs/msg/_statistic_data_point.py
[25.323s] -- Installing: /Users/runner/work/pixi_rosdistro/pixi_rosdistro/install/lib/python3.12/site-packages/statistics_msgs/msg/__init__.py
[25.323s] -- Installing: /Users/runner/work/pixi_rosdistro/pixi_rosdistro/install/lib/python3.12/site-packages/statistics_msgs/msg/_statistic_data_point_s.c
[25.326s] -- Installing: /Users/runner/work/pixi_rosdistro/pixi_rosdistro/install/lib/python3.12/site-packages/statistics_msgs/msg/_metrics_message.py
[25.327s] -- Installing: /Users/runner/work/pixi_rosdistro/pixi_rosdistro/install/lib/python3.12/site-packages/statistics_msgs/msg/_statistic_data_type_s.c
[25.327s] -- Installing: /Users/runner/work/pixi_rosdistro/pixi_rosdistro/install/lib/python3.12/site-packages/statistics_msgs/msg/_metrics_message_s.c
[25.327s] -- Up-to-date: /Users/runner/work/pixi_rosdistro/pixi_rosdistro/install/lib/python3.12/site-packages/statistics_msgs/statistics_msgs_s__rosidl_typesupport_fastrtps_c.so
[25.327s] -- Installing: /Users/runner/work/pixi_rosdistro/pixi_rosdistro/install/lib/python3.12/site-packages/statistics_msgs/__init__.py
[25.327s] -- Installing: /Users/runner/work/pixi_rosdistro/pixi_rosdistro/install/lib/python3.12/site-packages/statistics_msgs/_statistics_msgs_s.ep.rosidl_typesupport_c.c
[25.327s] -- Installing: /Users/runner/work/pixi_rosdistro/pixi_rosdistro/install/lib/python3.12/site-packages/statistics_msgs/_statistics_msgs_s.ep.rosidl_typesupport_fastrtps_c.c
[25.327s] -- Installing: /Users/runner/work/pixi_rosdistro/pixi_rosdistro/install/lib/python3.12/site-packages/statistics_msgs/py.typed
[25.327s] -- Up-to-date: /Users/runner/work/pixi_rosdistro/pixi_rosdistro/install/lib/python3.12/site-packages/statistics_msgs/statistics_msgs_s__rosidl_typesupport_introspection_c.so
[25.327s] -- Up-to-date: /Users/runner/work/pixi_rosdistro/pixi_rosdistro/install/lib/python3.12/site-packages/statistics_msgs/statistics_msgs_s__rosidl_typesupport_c.so
[25.327s] -- Installing: /Users/runner/work/pixi_rosdistro/pixi_rosdistro/install/lib/python3.12/site-packages/statistics_msgs/_statistics_msgs_s.ep.rosidl_typesupport_introspection_c.c
[25.440s] Listing '/Users/runner/work/pixi_rosdistro/pixi_rosdistro/install/lib/python3.12/site-packages/statistics_msgs'...
[25.441s] Compiling '/Users/runner/work/pixi_rosdistro/pixi_rosdistro/install/lib/python3.12/site-packages/statistics_msgs/__init__.py'...
[25.441s] Listing '/Users/runner/work/pixi_rosdistro/pixi_rosdistro/install/lib/python3.12/site-packages/statistics_msgs/msg'...
[25.442s] Compiling '/Users/runner/work/pixi_rosdistro/pixi_rosdistro/install/lib/python3.12/site-packages/statistics_msgs/msg/__init__.py'...
[25.442s] Compiling '/Users/runner/work/pixi_rosdistro/pixi_rosdistro/install/lib/python3.12/site-packages/statistics_msgs/msg/_metrics_message.py'...
[25.442s] Compiling '/Users/runner/work/pixi_rosdistro/pixi_rosdistro/install/lib/python3.12/site-packages/statistics_msgs/msg/_statistic_data_point.py'...
[25.442s] Compiling '/Users/runner/work/pixi_rosdistro/pixi_rosdistro/install/lib/python3.12/site-packages/statistics_msgs/msg/_statistic_data_type.py'...
[25.454s] -- Installing: /Users/runner/work/pixi_rosdistro/pixi_rosdistro/install/share/statistics_msgs/cmake/rosidl_cmake-extras.cmake
[25.454s] -- Installing: /Users/runner/work/pixi_rosdistro/pixi_rosdistro/install/share/statistics_msgs/cmake/ament_cmake_export_dependencies-extras.cmake
[25.456s] -- Installing: /Users/runner/work/pixi_rosdistro/pixi_rosdistro/install/share/statistics_msgs/cmake/ament_cmake_export_include_directories-extras.cmake
[25.456s] -- Installing: /Users/runner/work/pixi_rosdistro/pixi_rosdistro/install/share/statistics_msgs/cmake/ament_cmake_export_libraries-extras.cmake
[25.456s] -- Installing: /Users/runner/work/pixi_rosdistro/pixi_rosdistro/install/share/statistics_msgs/cmake/ament_cmake_export_targets-extras.cmake
[25.460s] -- Installing: /Users/runner/work/pixi_rosdistro/pixi_rosdistro/install/share/statistics_msgs/cmake/rosidl_cmake_export_typesupport_targets-extras.cmake
[25.460s] -- Installing: /Users/runner/work/pixi_rosdistro/pixi_rosdistro/install/share/statistics_msgs/cmake/rosidl_cmake_export_typesupport_libraries-extras.cmake
[25.460s] -- Installing: /Users/runner/work/pixi_rosdistro/pixi_rosdistro/install/share/statistics_msgs/cmake/rosidl_cmake_aggregate_target-extras.cmake
[25.460s] -- Installing: /Users/runner/work/pixi_rosdistro/pixi_rosdistro/install/share/statistics_msgs/cmake/statistics_msgsConfig.cmake
[25.462s] -- Installing: /Users/runner/work/pixi_rosdistro/pixi_rosdistro/install/share/statistics_msgs/cmake/statistics_msgsConfig-version.cmake
[25.462s] -- Installing: /Users/runner/work/pixi_rosdistro/pixi_rosdistro/install/share/statistics_msgs/package.xml
[25.469s] Invoked command in '/Users/runner/work/pixi_rosdistro/pixi_rosdistro/build/statistics_msgs' returned '0': AMENT_PREFIX_PATH=/Users/runner/work/pixi_rosdistro/pixi_rosdistro/install CMAKE_PREFIX_PATH=/Users/runner/work/pixi_rosdistro/pixi_rosdistro/install DYLD_LIBRARY_PATH=/Users/runner/work/pixi_rosdistro/pixi_rosdistro/install/lib:/Users/runner/work/pixi_rosdistro/pixi_rosdistro/install/opt/mimick_vendor/lib PATH=/Users/runner/work/pixi_rosdistro/pixi_rosdistro/install/bin:${PATH} PIXI_PROMPT=(ros2_rolling) PKG_CONFIG_PATH=/Users/runner/work/pixi_rosdistro/pixi_rosdistro/install/lib/pkgconfig PYTHONPATH=/Users/runner/work/pixi_rosdistro/pixi_rosdistro/install/lib/python3.12/site-packages ROS_DOMAIN_ID=27 ROS_PYTHON_VERSION=3 SHLVL=3 _=/usr/bin/env /Users/runner/work/pixi_rosdistro/pixi_rosdistro/.pixi/envs/default/bin/cmake --install /Users/runner/work/pixi_rosdistro/pixi_rosdistro/build/statistics_msgs
