[4.603s] Invoking command in '/home/runner/work/pixi_rosdistro/pixi_rosdistro/build/libyaml_vendor': AMENT_PREFIX_PATH=/home/runner/work/pixi_rosdistro/pixi_rosdistro/install CMAKE_PREFIX_PATH=/home/runner/work/pixi_rosdistro/pixi_rosdistro/install:${CMAKE_PREFIX_PATH} LD_LIBRARY_PATH=/home/runner/work/pixi_rosdistro/pixi_rosdistro/install/lib PATH=/home/runner/work/pixi_rosdistro/pixi_rosdistro/install/bin:/opt/microsoft/powershell/7:${PATH} PIXI_PROMPT=(ros2_rolling) PKG_CONFIG_PATH=/home/runner/work/pixi_rosdistro/pixi_rosdistro/install/lib/pkgconfig PSModulePath=/home/runner/.local/share/powershell/Modules:${PSModulePath} PYTHONPATH=/home/runner/work/pixi_rosdistro/pixi_rosdistro/install/lib/python3.12/site-packages ROS_DOMAIN_ID=40 /home/runner/work/pixi_rosdistro/pixi_rosdistro/.pixi/envs/default/bin/cmake /home/runner/work/pixi_rosdistro/pixi_rosdistro/src/ros2/libyaml_vendor -GNinja --no-warn-unused-cli -DCMAKE_BUILD_TYPE=Release -DCMAKE_BUILD_WITH_INSTALL_RPATH:bool=TRUE -DCMAKE_POLICY_VERSION_MINIMUM=3.5 -Wno-deprecated -DSTACK_DETAILS_AUTO_DETECT:bool=FALSE -DSTACK_DETAILS_BFD:bool=FALSE -DCMAKE_INSTALL_PREFIX=/home/runner/work/pixi_rosdistro/pixi_rosdistro/install
[4.760s] Not searching for unused variables given on the command line.
[4.760s] -- The C compiler identification is GNU 14.3.0
[5.052s] -- The CXX compiler identification is GNU 14.3.0
[5.094s] -- Detecting C compiler ABI info
[5.504s] -- Detecting C compiler ABI info - done
[5.552s] -- Check for working C compiler: /home/runner/work/pixi_rosdistro/pixi_rosdistro/.pixi/envs/default/bin/x86_64-conda-linux-gnu-cc - skipped
[5.556s] -- Detecting C compile features
[5.559s] -- Detecting C compile features - done
[5.581s] -- Detecting CXX compiler ABI info
[5.807s] -- Detecting CXX compiler ABI info - done
[5.879s] -- Check for working CXX compiler: /home/runner/work/pixi_rosdistro/pixi_rosdistro/.pixi/envs/default/bin/x86_64-conda-linux-gnu-c++ - skipped
[5.879s] -- Detecting CXX compile features
[5.879s] -- Detecting CXX compile features - done
[5.913s] -- Found ament_cmake: 2.8.6 (/home/runner/work/pixi_rosdistro/pixi_rosdistro/install/share/ament_cmake/cmake)
[6.524s] -- Checking for module 'yaml-0.1'
[6.706s] --   Found yaml-0.1, version 0.2.5
[7.286s] -- Found yaml: 1
[7.289s] -- Found ament_lint_auto: 0.20.3 (/home/runner/work/pixi_rosdistro/pixi_rosdistro/install/share/ament_lint_auto/cmake)
[9.446s] -- Found gtest sources under '/home/runner/work/pixi_rosdistro/pixi_rosdistro/install/src/gtest_vendor': C++ tests using 'Google Test' will be built
[9.456s] -- Check if compiler accepts -pthread
[9.967s] -- Check if compiler accepts -pthread - yes
[9.973s] -- Found Threads: TRUE
[9.981s] -- Performance tests are disabled by default, so Google Benchmark tests will be skipped. To enable these tests, set the CMake variable 'AMENT_RUN_PERFORMANCE_TESTS'.
[9.994s] -- Added test 'copyright' to check source files copyright and LICENSE
[10.009s] -- Added test 'cppcheck' to perform static code analysis on C / C++ code
[10.012s] -- Configured cppcheck include dirs: /home/runner/work/pixi_rosdistro/pixi_rosdistro/install/include
[10.012s] -- Configured cppcheck exclude dirs and/or files: 
[10.023s] -- Added test 'cpplint' to check C / C++ code against the Google style
[10.026s] -- Configured cpplint exclude dirs and/or files: 
[10.040s] -- Added test 'uncrustify' to check C / C++ code style
[10.040s] -- Configured uncrustify additional arguments: 
[10.047s] -- Added test 'xmllint' to check XML markup files
[10.052s] -- Configuring done (5.4s)
[10.095s] -- Generating done (0.0s)
[10.103s] -- Build files have been written to: /home/runner/work/pixi_rosdistro/pixi_rosdistro/build/libyaml_vendor
[10.112s] Invoked command in '/home/runner/work/pixi_rosdistro/pixi_rosdistro/build/libyaml_vendor' returned '0': AMENT_PREFIX_PATH=/home/runner/work/pixi_rosdistro/pixi_rosdistro/install CMAKE_PREFIX_PATH=/home/runner/work/pixi_rosdistro/pixi_rosdistro/install:${CMAKE_PREFIX_PATH} LD_LIBRARY_PATH=/home/runner/work/pixi_rosdistro/pixi_rosdistro/install/lib PATH=/home/runner/work/pixi_rosdistro/pixi_rosdistro/install/bin:/opt/microsoft/powershell/7:${PATH} PIXI_PROMPT=(ros2_rolling) PKG_CONFIG_PATH=/home/runner/work/pixi_rosdistro/pixi_rosdistro/install/lib/pkgconfig PSModulePath=/home/runner/.local/share/powershell/Modules:${PSModulePath} PYTHONPATH=/home/runner/work/pixi_rosdistro/pixi_rosdistro/install/lib/python3.12/site-packages ROS_DOMAIN_ID=40 /home/runner/work/pixi_rosdistro/pixi_rosdistro/.pixi/envs/default/bin/cmake /home/runner/work/pixi_rosdistro/pixi_rosdistro/src/ros2/libyaml_vendor -GNinja --no-warn-unused-cli -DCMAKE_BUILD_TYPE=Release -DCMAKE_BUILD_WITH_INSTALL_RPATH:bool=TRUE -DCMAKE_POLICY_VERSION_MINIMUM=3.5 -Wno-deprecated -DSTACK_DETAILS_AUTO_DETECT:bool=FALSE -DSTACK_DETAILS_BFD:bool=FALSE -DCMAKE_INSTALL_PREFIX=/home/runner/work/pixi_rosdistro/pixi_rosdistro/install
[10.117s] Invoking command in '/home/runner/work/pixi_rosdistro/pixi_rosdistro/build/libyaml_vendor': AMENT_PREFIX_PATH=/home/runner/work/pixi_rosdistro/pixi_rosdistro/install CMAKE_PREFIX_PATH=/home/runner/work/pixi_rosdistro/pixi_rosdistro/install:${CMAKE_PREFIX_PATH} LD_LIBRARY_PATH=/home/runner/work/pixi_rosdistro/pixi_rosdistro/install/lib PATH=/home/runner/work/pixi_rosdistro/pixi_rosdistro/install/bin:/opt/microsoft/powershell/7:${PATH} PIXI_PROMPT=(ros2_rolling) PKG_CONFIG_PATH=/home/runner/work/pixi_rosdistro/pixi_rosdistro/install/lib/pkgconfig PSModulePath=/home/runner/.local/share/powershell/Modules:${PSModulePath} PYTHONPATH=/home/runner/work/pixi_rosdistro/pixi_rosdistro/install/lib/python3.12/site-packages ROS_DOMAIN_ID=40 /home/runner/work/pixi_rosdistro/pixi_rosdistro/.pixi/envs/default/bin/cmake --build /home/runner/work/pixi_rosdistro/pixi_rosdistro/build/libyaml_vendor -- -j4 -l4
[11.361s] [1/8] Building CXX object gtest/CMakeFiles/gtest.dir/src/gtest-all.cc.o
[11.897s] [2/8] Building CXX object gtest/CMakeFiles/gtest_main.dir/src/gtest_main.cc.o
[12.524s] [3/8] Building CXX object CMakeFiles/test_yaml_reader.dir/test/test_reader.cpp.o
[13.033s] [4/8] Building CXX object CMakeFiles/benchmark_reader.dir/test/benchmark/benchmark_reader.cpp.o
[13.094s] [5/8] Linking CXX static library gtest/libgtest.a
[13.122s] [6/8] Linking CXX static library gtest/libgtest_main.a
[13.442s] [7/8] Linking CXX executable test_yaml_reader
[13.635s] [8/8] Linking CXX executable benchmark_reader
[13.641s] Invoked command in '/home/runner/work/pixi_rosdistro/pixi_rosdistro/build/libyaml_vendor' returned '0': AMENT_PREFIX_PATH=/home/runner/work/pixi_rosdistro/pixi_rosdistro/install CMAKE_PREFIX_PATH=/home/runner/work/pixi_rosdistro/pixi_rosdistro/install:${CMAKE_PREFIX_PATH} LD_LIBRARY_PATH=/home/runner/work/pixi_rosdistro/pixi_rosdistro/install/lib PATH=/home/runner/work/pixi_rosdistro/pixi_rosdistro/install/bin:/opt/microsoft/powershell/7:${PATH} PIXI_PROMPT=(ros2_rolling) PKG_CONFIG_PATH=/home/runner/work/pixi_rosdistro/pixi_rosdistro/install/lib/pkgconfig PSModulePath=/home/runner/.local/share/powershell/Modules:${PSModulePath} PYTHONPATH=/home/runner/work/pixi_rosdistro/pixi_rosdistro/install/lib/python3.12/site-packages ROS_DOMAIN_ID=40 /home/runner/work/pixi_rosdistro/pixi_rosdistro/.pixi/envs/default/bin/cmake --build /home/runner/work/pixi_rosdistro/pixi_rosdistro/build/libyaml_vendor -- -j4 -l4
[13.643s] Invoking command in '/home/runner/work/pixi_rosdistro/pixi_rosdistro/build/libyaml_vendor': AMENT_PREFIX_PATH=/home/runner/work/pixi_rosdistro/pixi_rosdistro/install CMAKE_PREFIX_PATH=/home/runner/work/pixi_rosdistro/pixi_rosdistro/install:${CMAKE_PREFIX_PATH} LD_LIBRARY_PATH=/home/runner/work/pixi_rosdistro/pixi_rosdistro/install/lib PATH=/home/runner/work/pixi_rosdistro/pixi_rosdistro/install/bin:/opt/microsoft/powershell/7:${PATH} PIXI_PROMPT=(ros2_rolling) PKG_CONFIG_PATH=/home/runner/work/pixi_rosdistro/pixi_rosdistro/install/lib/pkgconfig PSModulePath=/home/runner/.local/share/powershell/Modules:${PSModulePath} PYTHONPATH=/home/runner/work/pixi_rosdistro/pixi_rosdistro/install/lib/python3.12/site-packages ROS_DOMAIN_ID=40 /home/runner/work/pixi_rosdistro/pixi_rosdistro/.pixi/envs/default/bin/cmake --install /home/runner/work/pixi_rosdistro/pixi_rosdistro/build/libyaml_vendor
[13.664s] -- Install configuration: "Release"
[13.665s] -- Installing: /home/runner/work/pixi_rosdistro/pixi_rosdistro/install/share/libyaml_vendor/cmake
[13.665s] -- Installing: /home/runner/work/pixi_rosdistro/pixi_rosdistro/install/share/libyaml_vendor/cmake/Modules
[13.665s] -- Installing: /home/runner/work/pixi_rosdistro/pixi_rosdistro/install/share/libyaml_vendor/cmake/Modules/Findyaml.cmake
[13.665s] -- Installing: /home/runner/work/pixi_rosdistro/pixi_rosdistro/install/share/ament_index/resource_index/package_run_dependencies/libyaml_vendor
[13.665s] -- Installing: /home/runner/work/pixi_rosdistro/pixi_rosdistro/install/share/ament_index/resource_index/parent_prefix_path/libyaml_vendor
[13.665s] -- Installing: /home/runner/work/pixi_rosdistro/pixi_rosdistro/install/share/libyaml_vendor/environment/ament_prefix_path.sh
[13.665s] -- Installing: /home/runner/work/pixi_rosdistro/pixi_rosdistro/install/share/libyaml_vendor/environment/ament_prefix_path.dsv
[13.665s] -- Installing: /home/runner/work/pixi_rosdistro/pixi_rosdistro/install/share/libyaml_vendor/environment/path.sh
[13.665s] -- Installing: /home/runner/work/pixi_rosdistro/pixi_rosdistro/install/share/libyaml_vendor/environment/path.dsv
[13.668s] -- Installing: /home/runner/work/pixi_rosdistro/pixi_rosdistro/install/share/libyaml_vendor/local_setup.bash
[13.668s] -- Installing: /home/runner/work/pixi_rosdistro/pixi_rosdistro/install/share/libyaml_vendor/local_setup.fish
[13.669s] -- Installing: /home/runner/work/pixi_rosdistro/pixi_rosdistro/install/share/libyaml_vendor/local_setup.sh
[13.669s] -- Installing: /home/runner/work/pixi_rosdistro/pixi_rosdistro/install/share/libyaml_vendor/local_setup.zsh
[13.669s] -- Installing: /home/runner/work/pixi_rosdistro/pixi_rosdistro/install/share/libyaml_vendor/local_setup.dsv
[13.669s] -- Installing: /home/runner/work/pixi_rosdistro/pixi_rosdistro/install/share/libyaml_vendor/package.dsv
[13.669s] -- Installing: /home/runner/work/pixi_rosdistro/pixi_rosdistro/install/share/ament_index/resource_index/packages/libyaml_vendor
[13.669s] -- Installing: /home/runner/work/pixi_rosdistro/pixi_rosdistro/install/share/libyaml_vendor/cmake/libyaml_vendor-extras.cmake
[13.669s] -- Installing: /home/runner/work/pixi_rosdistro/pixi_rosdistro/install/share/libyaml_vendor/cmake/libyaml_vendorConfig.cmake
[13.669s] -- Installing: /home/runner/work/pixi_rosdistro/pixi_rosdistro/install/share/libyaml_vendor/cmake/libyaml_vendorConfig-version.cmake
[13.669s] -- Installing: /home/runner/work/pixi_rosdistro/pixi_rosdistro/install/share/libyaml_vendor/package.xml
[13.704s] Invoked command in '/home/runner/work/pixi_rosdistro/pixi_rosdistro/build/libyaml_vendor' returned '0': AMENT_PREFIX_PATH=/home/runner/work/pixi_rosdistro/pixi_rosdistro/install CMAKE_PREFIX_PATH=/home/runner/work/pixi_rosdistro/pixi_rosdistro/install:${CMAKE_PREFIX_PATH} LD_LIBRARY_PATH=/home/runner/work/pixi_rosdistro/pixi_rosdistro/install/lib PATH=/home/runner/work/pixi_rosdistro/pixi_rosdistro/install/bin:/opt/microsoft/powershell/7:${PATH} PIXI_PROMPT=(ros2_rolling) PKG_CONFIG_PATH=/home/runner/work/pixi_rosdistro/pixi_rosdistro/install/lib/pkgconfig PSModulePath=/home/runner/.local/share/powershell/Modules:${PSModulePath} PYTHONPATH=/home/runner/work/pixi_rosdistro/pixi_rosdistro/install/lib/python3.12/site-packages ROS_DOMAIN_ID=40 /home/runner/work/pixi_rosdistro/pixi_rosdistro/.pixi/envs/default/bin/cmake --install /home/runner/work/pixi_rosdistro/pixi_rosdistro/build/libyaml_vendor
