[6.791s] Invoking command in '/home/runner/work/pixi_rosdistro/pixi_rosdistro/build/rviz_default_plugins': AMENT_PREFIX_PATH=/home/runner/work/pixi_rosdistro/pixi_rosdistro/install CMAKE_PREFIX_PATH=/home/runner/work/pixi_rosdistro/pixi_rosdistro/install:${CMAKE_PREFIX_PATH} LD_LIBRARY_PATH=/home/runner/work/pixi_rosdistro/pixi_rosdistro/install/lib PATH=/home/runner/work/pixi_rosdistro/pixi_rosdistro/install/bin:/opt/microsoft/powershell/7:${PATH} PIXI_PROMPT=(ros2_rolling) PKG_CONFIG_PATH=/home/runner/work/pixi_rosdistro/pixi_rosdistro/install/lib/pkgconfig PSModulePath=/home/runner/.local/share/powershell/Modules:${PSModulePath} PYTHONPATH=/home/runner/work/pixi_rosdistro/pixi_rosdistro/install/lib/python3.12/site-packages /home/runner/work/pixi_rosdistro/pixi_rosdistro/.pixi/envs/default/bin/cmake /home/runner/work/pixi_rosdistro/pixi_rosdistro/src/ros2/rviz/rviz_default_plugins -GNinja --no-warn-unused-cli -DCMAKE_BUILD_TYPE=Release -DCMAKE_BUILD_WITH_INSTALL_RPATH:bool=TRUE -DCMAKE_POLICY_VERSION_MINIMUM=3.5 -Wno-deprecated -DSTACK_DETAILS_AUTO_DETECT:bool=FALSE -DSTACK_DETAILS_BFD:bool=FALSE -DCMAKE_INSTALL_PREFIX=/home/runner/work/pixi_rosdistro/pixi_rosdistro/install
[6.864s] Not searching for unused variables given on the command line.
[6.865s] -- The C compiler identification is GNU 14.3.0
[6.990s] -- The CXX compiler identification is GNU 14.3.0
[7.002s] -- Detecting C compiler ABI info
[7.154s] -- Detecting C compiler ABI info - done
[7.182s] -- Check for working C compiler: /home/runner/work/pixi_rosdistro/pixi_rosdistro/.pixi/envs/default/bin/x86_64-conda-linux-gnu-cc - skipped
[7.183s] -- Detecting C compile features
[7.183s] -- Detecting C compile features - done
[7.202s] -- Detecting CXX compiler ABI info
[7.384s] -- Detecting CXX compiler ABI info - done
[7.416s] -- Check for working CXX compiler: /home/runner/work/pixi_rosdistro/pixi_rosdistro/.pixi/envs/default/bin/x86_64-conda-linux-gnu-c++ - skipped
[7.416s] -- Detecting CXX compile features
[7.417s] -- Detecting CXX compile features - done
[7.429s] -- Found ament_cmake_ros: 0.15.6 (/home/runner/work/pixi_rosdistro/pixi_rosdistro/install/share/ament_cmake_ros/cmake)
[7.739s] -- Found rviz_common: 15.1.19 (/home/runner/work/pixi_rosdistro/pixi_rosdistro/install/share/rviz_common/cmake)
[7.936s] -- Check if compiler accepts -pthread
[8.112s] -- Check if compiler accepts -pthread - yes
[8.131s] -- Performing Test HAVE_STDATOMIC
[8.351s] -- Performing Test HAVE_STDATOMIC - Success
[8.394s] -- Found OpenGL: /home/runner/work/pixi_rosdistro/pixi_rosdistro/.pixi/envs/default/lib/libGL.so
[8.952s] -- Found rosidl_generator_c: 5.1.3 (/home/runner/work/pixi_rosdistro/pixi_rosdistro/install/share/rosidl_generator_c/cmake)
[8.964s] -- Found rosidl_generator_cpp: 5.1.3 (/home/runner/work/pixi_rosdistro/pixi_rosdistro/install/share/rosidl_generator_cpp/cmake)
[8.980s] -- Using all available rosidl_typesupport_c: rosidl_typesupport_fastrtps_c;rosidl_typesupport_introspection_c
[9.000s] -- Using all available rosidl_typesupport_cpp: rosidl_typesupport_fastrtps_cpp;rosidl_typesupport_introspection_cpp
[9.177s] -- Found rmw_implementation_cmake: 7.9.1 (/home/runner/work/pixi_rosdistro/pixi_rosdistro/install/share/rmw_implementation_cmake/cmake)
[9.181s] -- Found rmw_fastrtps_cpp: 9.4.5 (/home/runner/work/pixi_rosdistro/pixi_rosdistro/install/share/rmw_fastrtps_cpp/cmake)
[9.231s] -- Using RMW implementation 'rmw_fastrtps_cpp' as default
[9.369s] -- Setting OGRE_DIR to: '/home/runner/work/pixi_rosdistro/pixi_rosdistro/install/share/rviz_ogre_vendor/cmake/../../../opt/rviz_ogre_vendor/lib/OGRE/cmake'
[9.371s] -- Found OGRE
[9.371s] --   static     : OFF
[9.371s] --   components : MeshLodGenerator;Overlay;Paging;Property;RTShaderSystem;Terrain;Volume
[9.371s] --   plugins    : Plugin_BSPSceneManager;Plugin_OctreeSceneManager;Plugin_PCZSceneManager;Plugin_ParticleFX;RenderSystem_GL;RenderSystem_GL3Plus;Codec_STBI;Codec_FreeImage
[9.372s] --   media      : /home/runner/work/pixi_rosdistro/pixi_rosdistro/install/opt/rviz_ogre_vendor/share/OGRE/Media
[9.372s] -- OGRE_LIBRARIES: OgreMeshLodGenerator;OgreOverlay;OgrePaging;OgreProperty;OgreRTShaderSystem;OgreTerrain;OgreVolume;OgreMain
[9.372s] -- OGRE_LIBRARY_DIRS: /home/runner/work/pixi_rosdistro/pixi_rosdistro/install/opt/rviz_ogre_vendor/lib
[9.372s] -- OGRE_PLUGINS: Plugin_BSPSceneManager;Plugin_OctreeSceneManager;Plugin_PCZSceneManager;Plugin_ParticleFX;RenderSystem_GL;RenderSystem_GL3Plus;Codec_STBI;Codec_FreeImage
[9.372s] -- OGRE_PLUGIN_DIR: /home/runner/work/pixi_rosdistro/pixi_rosdistro/install/opt/rviz_ogre_vendor/lib/OGRE
[9.374s] -- rviz_ogre_vendor::OgreOverlay for IMPORTED_LOCATION_RELEASE: /home/runner/work/pixi_rosdistro/pixi_rosdistro/install/opt/rviz_ogre_vendor/lib/libOgreOverlay.so
[9.374s] -- rviz_ogre_vendor::OgreOverlay for IMPORTED_LOCATION_DEBUG: /home/runner/work/pixi_rosdistro/pixi_rosdistro/install/opt/rviz_ogre_vendor/lib/libOgreOverlay.so
[9.374s] -- rviz_ogre_vendor::OgreMain for IMPORTED_LOCATION_RELEASE: /home/runner/work/pixi_rosdistro/pixi_rosdistro/install/opt/rviz_ogre_vendor/lib/libOgreMain.so
[9.374s] -- rviz_ogre_vendor::OgreMain for IMPORTED_LOCATION_DEBUG: /home/runner/work/pixi_rosdistro/pixi_rosdistro/install/opt/rviz_ogre_vendor/lib/libOgreMain.so
[9.410s] -- Found ZLIB: /home/runner/work/pixi_rosdistro/pixi_rosdistro/.pixi/envs/default/lib/libz.so (found version "1.3.2")
[9.507s] -- Found X11: /home/runner/work/pixi_rosdistro/pixi_rosdistro/.pixi/envs/default/include
[9.507s] -- Looking for XOpenDisplay in /home/runner/work/pixi_rosdistro/pixi_rosdistro/.pixi/envs/default/lib/libX11.so;/home/runner/work/pixi_rosdistro/pixi_rosdistro/.pixi/envs/default/lib/libXext.so
[9.676s] -- Looking for XOpenDisplay in /home/runner/work/pixi_rosdistro/pixi_rosdistro/.pixi/envs/default/lib/libX11.so;/home/runner/work/pixi_rosdistro/pixi_rosdistro/.pixi/envs/default/lib/libXext.so - found
[9.676s] -- Looking for gethostbyname
[9.855s] -- Looking for gethostbyname - found
[9.856s] -- Looking for connect
[10.018s] -- Looking for connect - found
[10.018s] -- Looking for remove
[10.187s] -- Looking for remove - found
[10.188s] -- Looking for shmat
[10.364s] -- Looking for shmat - found
[10.365s] -- Looking for IceConnectionNumber in ICE
[10.534s] -- Looking for IceConnectionNumber in ICE - found
[10.932s] -- Found gz_math_vendor: 0.4.2 (/home/runner/work/pixi_rosdistro/pixi_rosdistro/install/share/gz_math_vendor/cmake)
[10.981s] -- Looking for gz-math -- found version 9.0.0
[10.986s] -- Found image_transport: 6.4.7 (/home/runner/work/pixi_rosdistro/pixi_rosdistro/install/share/image_transport/cmake)
[10.999s] -- Found interactive_markers: 2.8.2 (/home/runner/work/pixi_rosdistro/pixi_rosdistro/install/share/interactive_markers/cmake)
[11.069s] -- Found laser_geometry: 2.11.3 (/home/runner/work/pixi_rosdistro/pixi_rosdistro/install/share/laser_geometry/cmake)
[11.080s] -- Found map_msgs: 2.6.0 (/home/runner/work/pixi_rosdistro/pixi_rosdistro/install/share/map_msgs/cmake)
[11.188s] -- Found point_cloud_transport: 5.3.4 (/home/runner/work/pixi_rosdistro/pixi_rosdistro/install/share/point_cloud_transport/cmake)
[11.195s] -- Found resource_retriever: 3.9.2 (/home/runner/work/pixi_rosdistro/pixi_rosdistro/install/share/resource_retriever/cmake)
[11.199s] -- Found rviz_resource_interfaces: 15.1.19 (/home/runner/work/pixi_rosdistro/pixi_rosdistro/install/share/rviz_resource_interfaces/cmake)
[11.218s] -- Found tf2_geometry_msgs: 0.45.6 (/home/runner/work/pixi_rosdistro/pixi_rosdistro/install/share/tf2_geometry_msgs/cmake)
[11.223s] -- Eigen3 version .. found in /home/runner/work/pixi_rosdistro/pixi_rosdistro/.pixi/envs/default/include/eigen3, but at least version 2.91.0 is required
[11.224s] CMake Warning (dev) at /home/runner/work/pixi_rosdistro/pixi_rosdistro/.pixi/envs/default/share/cmake-4.2/Modules/FindPackageHandleStandardArgs.cmake:493 (message):
[11.224s]   The package name passed to find_package_handle_standard_args() (Eigen3)
[11.224s]   does not match the name of the calling package (orocos_kdl).  This can lead
[11.224s]   to problems in calling code that expects find_package() result variables
[11.224s]   (e.g., `_FOUND`) to follow a certain pattern.
[11.224s] Call Stack (most recent call first):
[11.224s]   /home/runner/work/pixi_rosdistro/pixi_rosdistro/.pixi/envs/default/share/orocos_kdl/cmake/FindEigen3.cmake:85 (find_package_handle_standard_args)
[11.224s]   /home/runner/work/pixi_rosdistro/pixi_rosdistro/.pixi/envs/default/share/orocos_kdl/cmake/orocos_kdl-config.cmake:13 (include)
[11.224s]   /home/runner/work/pixi_rosdistro/pixi_rosdistro/install/share/tf2_geometry_msgs/cmake/ament_cmake_export_dependencies-extras.cmake:21 (find_package)
[11.224s]   /home/runner/work/pixi_rosdistro/pixi_rosdistro/install/share/tf2_geometry_msgs/cmake/tf2_geometry_msgsConfig.cmake:41 (include)
[11.225s]   CMakeLists.txt:93 (find_package)
[11.225s] This warning is for project developers.  Use -Wno-dev to suppress it.
[11.225s] 
[11.225s] -- Could NOT find Eigen3 (missing: EIGEN3_VERSION_OK) (Required is at least version "2.91.0")
[11.230s] -- Found urdf: 2.13.1 (/home/runner/work/pixi_rosdistro/pixi_rosdistro/install/share/urdf/cmake)
[11.261s] -- Found ament_lint_auto: 0.20.3 (/home/runner/work/pixi_rosdistro/pixi_rosdistro/install/share/ament_lint_auto/cmake)
[11.454s] -- Found gmock sources under '/home/runner/work/pixi_rosdistro/pixi_rosdistro/install/src/gmock_vendor': C++ tests using 'Google Mock' will be built
[11.465s] -- Found gtest sources under '/home/runner/work/pixi_rosdistro/pixi_rosdistro/install/src/gtest_vendor': C++ tests using 'Google Test' will be built
[11.491s] -- Found Threads: TRUE
[11.582s] -- Added test 'copyright' to check source files copyright and LICENSE
[11.615s] -- Added test 'cppcheck' to perform static code analysis on C / C++ code
[11.621s] -- Configured cppcheck include dirs: $<BUILD_INTERFACE:/home/runner/work/pixi_rosdistro/pixi_rosdistro/src/ros2/rviz/rviz_default_plugins/include>;/home/runner/work/pixi_rosdistro/pixi_rosdistro/src/ros2/rviz/rviz_default_plugins/include;/home/runner/work/pixi_rosdistro/pixi_rosdistro/src/ros2/rviz/rviz_default_plugins/test
[11.621s] -- Configured cppcheck exclude dirs and/or files: 
[11.655s] -- Added test 'cpplint' to check C / C++ code against the Google style
[11.656s] -- Configured cpplint exclude dirs and/or files: 
[11.670s] -- Added test 'lint_cmake' to check CMake code style
[11.710s] -- Added test 'uncrustify' to check C / C++ code style
[11.710s] -- Configured uncrustify additional arguments: 
[11.714s] -- Added test 'xmllint' to check XML markup files
[11.722s] -- Configuring done (4.9s)
[12.618s] CMake Error at CMakeLists.txt:287 (target_link_libraries):
[12.618s]   Target "rviz_default_plugins" links to:
[12.618s] 
[12.618s]     gz-math::core
[12.618s] 
[12.619s]   but the target was not found.  Possible reasons include:
[12.619s] 
[12.619s]     * There is a typo in the target name.
[12.619s]     * A find_package call is missing for an IMPORTED target.
[12.619s]     * An ALIAS target is missing.
[12.619s] 
[12.619s] 
[12.619s] 
[12.640s] -- Generating done (0.9s)
[12.640s] CMake Generate step failed.  Build files cannot be regenerated correctly.
[12.708s] Invoked command in '/home/runner/work/pixi_rosdistro/pixi_rosdistro/build/rviz_default_plugins' returned '1': AMENT_PREFIX_PATH=/home/runner/work/pixi_rosdistro/pixi_rosdistro/install CMAKE_PREFIX_PATH=/home/runner/work/pixi_rosdistro/pixi_rosdistro/install:${CMAKE_PREFIX_PATH} LD_LIBRARY_PATH=/home/runner/work/pixi_rosdistro/pixi_rosdistro/install/lib PATH=/home/runner/work/pixi_rosdistro/pixi_rosdistro/install/bin:/opt/microsoft/powershell/7:${PATH} PIXI_PROMPT=(ros2_rolling) PKG_CONFIG_PATH=/home/runner/work/pixi_rosdistro/pixi_rosdistro/install/lib/pkgconfig PSModulePath=/home/runner/.local/share/powershell/Modules:${PSModulePath} PYTHONPATH=/home/runner/work/pixi_rosdistro/pixi_rosdistro/install/lib/python3.12/site-packages /home/runner/work/pixi_rosdistro/pixi_rosdistro/.pixi/envs/default/bin/cmake /home/runner/work/pixi_rosdistro/pixi_rosdistro/src/ros2/rviz/rviz_default_plugins -GNinja --no-warn-unused-cli -DCMAKE_BUILD_TYPE=Release -DCMAKE_BUILD_WITH_INSTALL_RPATH:bool=TRUE -DCMAKE_POLICY_VERSION_MINIMUM=3.5 -Wno-deprecated -DSTACK_DETAILS_AUTO_DETECT:bool=FALSE -DSTACK_DETAILS_BFD:bool=FALSE -DCMAKE_INSTALL_PREFIX=/home/runner/work/pixi_rosdistro/pixi_rosdistro/install
