[3.788s] Invoking command in '/home/runner/work/pixi_rosdistro/pixi_rosdistro/build/composition_interfaces': AMENT_PREFIX_PATH=/home/runner/work/pixi_rosdistro/pixi_rosdistro/install CMAKE_PREFIX_PATH=/home/runner/work/pixi_rosdistro/pixi_rosdistro/install:${CMAKE_PREFIX_PATH} LD_LIBRARY_PATH=/home/runner/work/pixi_rosdistro/pixi_rosdistro/install/lib PATH=/home/runner/work/pixi_rosdistro/pixi_rosdistro/install/bin:/opt/microsoft/powershell/7:${PATH} PIXI_PROMPT=(ros2_rolling) PKG_CONFIG_PATH=/home/runner/work/pixi_rosdistro/pixi_rosdistro/install/lib/pkgconfig PSModulePath=/home/runner/.local/share/powershell/Modules:${PSModulePath} PYTHONPATH=/home/runner/work/pixi_rosdistro/pixi_rosdistro/install/lib/python3.12/site-packages /home/runner/work/pixi_rosdistro/pixi_rosdistro/.pixi/envs/default/bin/cmake /home/runner/work/pixi_rosdistro/pixi_rosdistro/src/ros2/rcl_interfaces/composition_interfaces -GNinja --no-warn-unused-cli -DCMAKE_BUILD_TYPE=Release -DCMAKE_BUILD_WITH_INSTALL_RPATH:bool=TRUE -DCMAKE_POLICY_VERSION_MINIMUM=3.5 -Wno-deprecated -DSTACK_DETAILS_AUTO_DETECT:bool=FALSE -DSTACK_DETAILS_BFD:bool=FALSE -DCMAKE_INSTALL_PREFIX=/home/runner/work/pixi_rosdistro/pixi_rosdistro/install
[3.869s] Not searching for unused variables given on the command line.
[3.869s] -- The C compiler identification is GNU 14.3.0
[3.994s] -- The CXX compiler identification is GNU 14.3.0
[4.007s] -- Detecting C compiler ABI info
[4.165s] -- Detecting C compiler ABI info - done
[4.188s] -- Check for working C compiler: /home/runner/work/pixi_rosdistro/pixi_rosdistro/.pixi/envs/default/bin/x86_64-conda-linux-gnu-cc - skipped
[4.189s] -- Detecting C compile features
[4.189s] -- Detecting C compile features - done
[4.202s] -- Detecting CXX compiler ABI info
[4.401s] -- Detecting CXX compiler ABI info - done
[4.440s] -- Check for working CXX compiler: /home/runner/work/pixi_rosdistro/pixi_rosdistro/.pixi/envs/default/bin/x86_64-conda-linux-gnu-c++ - skipped
[4.441s] -- Detecting CXX compile features
[4.443s] -- Detecting CXX compile features - done
[4.456s] -- Found ament_cmake: 2.8.6 (/home/runner/work/pixi_rosdistro/pixi_rosdistro/install/share/ament_cmake/cmake)
[4.677s] -- Found rosidl_default_generators: 1.8.1 (/home/runner/work/pixi_rosdistro/pixi_rosdistro/install/share/rosidl_default_generators/cmake)
[4.681s] -- Using all available rosidl_typesupport_c: rosidl_typesupport_fastrtps_c;rosidl_typesupport_introspection_c
[4.711s] -- Using all available rosidl_typesupport_cpp: rosidl_typesupport_fastrtps_cpp;rosidl_typesupport_introspection_cpp
[4.755s] -- Found rosidl_adapter: 5.1.3 (/home/runner/work/pixi_rosdistro/pixi_rosdistro/install/share/rosidl_adapter/cmake)
[4.760s] -- Found rcl_interfaces: 2.4.3 (/home/runner/work/pixi_rosdistro/pixi_rosdistro/install/share/rcl_interfaces/cmake)
[4.961s] -- Found Python3: /home/runner/work/pixi_rosdistro/pixi_rosdistro/.pixi/envs/default/bin/python3 (found version "3.12.13") found components: Interpreter
[5.409s] -- Found ament_cmake_cppcheck: 0.20.3 (/home/runner/work/pixi_rosdistro/pixi_rosdistro/install/share/ament_cmake_cppcheck/cmake)
[5.411s] -- Found ament_cmake_cpplint: 0.20.3 (/home/runner/work/pixi_rosdistro/pixi_rosdistro/install/share/ament_cmake_cpplint/cmake)
[5.414s] -- Found ament_cmake_uncrustify: 0.20.3 (/home/runner/work/pixi_rosdistro/pixi_rosdistro/install/share/ament_cmake_uncrustify/cmake)
[5.418s] -- Found ament_cmake_ros_core: 0.15.6 (/home/runner/work/pixi_rosdistro/pixi_rosdistro/install/share/ament_cmake_ros_core/cmake)
[5.832s] -- Using all available rosidl_typesupport_c: rosidl_typesupport_fastrtps_c;rosidl_typesupport_introspection_c
[6.377s] -- Using all available rosidl_typesupport_cpp: rosidl_typesupport_fastrtps_cpp;rosidl_typesupport_introspection_cpp
[6.915s] -- Found Python3: /home/runner/work/pixi_rosdistro/pixi_rosdistro/.pixi/envs/default/bin/python3 (found version "3.12.13") found components: Interpreter Development NumPy Development.Module Development.Embed
[6.958s] -- Found ament_cmake_flake8: 0.20.3 (/home/runner/work/pixi_rosdistro/pixi_rosdistro/install/share/ament_cmake_flake8/cmake)
[6.961s] -- Found ament_cmake_pep257: 0.20.3 (/home/runner/work/pixi_rosdistro/pixi_rosdistro/install/share/ament_cmake_pep257/cmake)
[6.965s] -- Found ament_cmake_mypy: 0.20.3 (/home/runner/work/pixi_rosdistro/pixi_rosdistro/install/share/ament_cmake_mypy/cmake)
[7.002s] -- Found Python3: /home/runner/work/pixi_rosdistro/pixi_rosdistro/.pixi/envs/default/bin/python3 (found version "3.12.13") found components: Interpreter
[7.016s] -- Configuring done (3.2s)
[7.089s] -- Generating done (0.1s)
[7.124s] -- Build files have been written to: /home/runner/work/pixi_rosdistro/pixi_rosdistro/build/composition_interfaces
[7.140s] Invoked command in '/home/runner/work/pixi_rosdistro/pixi_rosdistro/build/composition_interfaces' returned '0': AMENT_PREFIX_PATH=/home/runner/work/pixi_rosdistro/pixi_rosdistro/install CMAKE_PREFIX_PATH=/home/runner/work/pixi_rosdistro/pixi_rosdistro/install:${CMAKE_PREFIX_PATH} LD_LIBRARY_PATH=/home/runner/work/pixi_rosdistro/pixi_rosdistro/install/lib PATH=/home/runner/work/pixi_rosdistro/pixi_rosdistro/install/bin:/opt/microsoft/powershell/7:${PATH} PIXI_PROMPT=(ros2_rolling) PKG_CONFIG_PATH=/home/runner/work/pixi_rosdistro/pixi_rosdistro/install/lib/pkgconfig PSModulePath=/home/runner/.local/share/powershell/Modules:${PSModulePath} PYTHONPATH=/home/runner/work/pixi_rosdistro/pixi_rosdistro/install/lib/python3.12/site-packages /home/runner/work/pixi_rosdistro/pixi_rosdistro/.pixi/envs/default/bin/cmake /home/runner/work/pixi_rosdistro/pixi_rosdistro/src/ros2/rcl_interfaces/composition_interfaces -GNinja --no-warn-unused-cli -DCMAKE_BUILD_TYPE=Release -DCMAKE_BUILD_WITH_INSTALL_RPATH:bool=TRUE -DCMAKE_POLICY_VERSION_MINIMUM=3.5 -Wno-deprecated -DSTACK_DETAILS_AUTO_DETECT:bool=FALSE -DSTACK_DETAILS_BFD:bool=FALSE -DCMAKE_INSTALL_PREFIX=/home/runner/work/pixi_rosdistro/pixi_rosdistro/install
[7.141s] Invoking command in '/home/runner/work/pixi_rosdistro/pixi_rosdistro/build/composition_interfaces': AMENT_PREFIX_PATH=/home/runner/work/pixi_rosdistro/pixi_rosdistro/install CMAKE_PREFIX_PATH=/home/runner/work/pixi_rosdistro/pixi_rosdistro/install:${CMAKE_PREFIX_PATH} LD_LIBRARY_PATH=/home/runner/work/pixi_rosdistro/pixi_rosdistro/install/lib PATH=/home/runner/work/pixi_rosdistro/pixi_rosdistro/install/bin:/opt/microsoft/powershell/7:${PATH} PIXI_PROMPT=(ros2_rolling) PKG_CONFIG_PATH=/home/runner/work/pixi_rosdistro/pixi_rosdistro/install/lib/pkgconfig PSModulePath=/home/runner/.local/share/powershell/Modules:${PSModulePath} PYTHONPATH=/home/runner/work/pixi_rosdistro/pixi_rosdistro/install/lib/python3.12/site-packages /home/runner/work/pixi_rosdistro/pixi_rosdistro/.pixi/envs/default/bin/cmake --build /home/runner/work/pixi_rosdistro/pixi_rosdistro/build/composition_interfaces -- -j4 -l4
[7.738s] [1/57] Generating type hashes for ROS interfaces
[8.703s] [2/57] Generating C code for ROS interfaces
[8.860s] [3/57] Building C object CMakeFiles/composition_interfaces__rosidl_generator_c.dir/rosidl_generator_c/composition_interfaces/srv/detail/load_node__description.c.o
[9.028s] [4/57] Building C object CMakeFiles/composition_interfaces__rosidl_generator_c.dir/rosidl_generator_c/composition_interfaces/srv/detail/load_node__functions.c.o
[9.186s] [5/57] Building C object CMakeFiles/composition_interfaces__rosidl_generator_c.dir/rosidl_generator_c/composition_interfaces/srv/detail/load_node__type_support.c.o
[9.363s] [6/57] Building C object CMakeFiles/composition_interfaces__rosidl_generator_c.dir/rosidl_generator_c/composition_interfaces/srv/detail/list_nodes__description.c.o
[9.539s] [7/57] Building C object CMakeFiles/composition_interfaces__rosidl_generator_c.dir/rosidl_generator_c/composition_interfaces/srv/detail/list_nodes__functions.c.o
[9.693s] [8/57] Building C object CMakeFiles/composition_interfaces__rosidl_generator_c.dir/rosidl_generator_c/composition_interfaces/srv/detail/list_nodes__type_support.c.o
[9.861s] [9/57] Building C object CMakeFiles/composition_interfaces__rosidl_generator_c.dir/rosidl_generator_c/composition_interfaces/srv/detail/unload_node__description.c.o
[10.044s] [10/57] Building C object CMakeFiles/composition_interfaces__rosidl_generator_c.dir/rosidl_generator_c/composition_interfaces/srv/detail/unload_node__functions.c.o
[10.201s] [11/57] Building C object CMakeFiles/composition_interfaces__rosidl_generator_c.dir/rosidl_generator_c/composition_interfaces/srv/detail/unload_node__type_support.c.o
[10.970s] [12/57] Generating C type support for eProsima Fast-RTPS
[11.552s] [13/57] Generating C introspection for ROS interfaces
[12.139s] [14/57] Generating C type support dispatch for ROS interfaces
[12.826s] [15/57] Generating C++ code for ROS interfaces
[13.589s] [16/57] Generating C++ type support for eProsima Fast-RTPS
[14.322s] [17/57] Generating C++ introspection for ROS interfaces
[14.999s] [18/57] Generating C++ type support dispatch for ROS interfaces
[15.029s] [19/57] Linking C shared library libcomposition_interfaces__rosidl_generator_c.so
[15.455s] [20/57] Building CXX object CMakeFiles/composition_interfaces__rosidl_typesupport_fastrtps_c.dir/rosidl_typesupport_fastrtps_c/composition_interfaces/srv/detail/load_node__type_support_c.cpp.o
[15.837s] [21/57] Building CXX object CMakeFiles/composition_interfaces__rosidl_typesupport_fastrtps_c.dir/rosidl_typesupport_fastrtps_c/composition_interfaces/srv/detail/list_nodes__type_support_c.cpp.o
[16.229s] [22/57] Building CXX object CMakeFiles/composition_interfaces__rosidl_typesupport_fastrtps_c.dir/rosidl_typesupport_fastrtps_c/composition_interfaces/srv/detail/unload_node__type_support_c.cpp.o
[16.444s] [23/57] Building C object CMakeFiles/composition_interfaces__rosidl_typesupport_introspection_c.dir/rosidl_typesupport_introspection_c/composition_interfaces/srv/detail/load_node__type_support.c.o
[16.586s] [24/57] Building C object CMakeFiles/composition_interfaces__rosidl_typesupport_introspection_c.dir/rosidl_typesupport_introspection_c/composition_interfaces/srv/detail/list_nodes__type_support.c.o
[16.753s] [25/57] Building C object CMakeFiles/composition_interfaces__rosidl_typesupport_introspection_c.dir/rosidl_typesupport_introspection_c/composition_interfaces/srv/detail/unload_node__type_support.c.o
[16.935s] [26/57] Building CXX object CMakeFiles/composition_interfaces__rosidl_typesupport_c.dir/rosidl_typesupport_c/composition_interfaces/srv/load_node__type_support.cpp.o
[17.113s] [27/57] Building CXX object CMakeFiles/composition_interfaces__rosidl_typesupport_c.dir/rosidl_typesupport_c/composition_interfaces/srv/list_nodes__type_support.cpp.o
[17.288s] [28/57] Building CXX object CMakeFiles/composition_interfaces__rosidl_typesupport_c.dir/rosidl_typesupport_c/composition_interfaces/srv/unload_node__type_support.cpp.o
[17.741s] [29/57] Building CXX object CMakeFiles/composition_interfaces__rosidl_typesupport_fastrtps_cpp.dir/rosidl_typesupport_fastrtps_cpp/composition_interfaces/srv/detail/dds_fastrtps/load_node__type_support.cpp.o
[18.133s] [30/57] Building CXX object CMakeFiles/composition_interfaces__rosidl_typesupport_fastrtps_cpp.dir/rosidl_typesupport_fastrtps_cpp/composition_interfaces/srv/detail/dds_fastrtps/list_nodes__type_support.cpp.o
[18.522s] [31/57] Building CXX object CMakeFiles/composition_interfaces__rosidl_typesupport_fastrtps_cpp.dir/rosidl_typesupport_fastrtps_cpp/composition_interfaces/srv/detail/dds_fastrtps/unload_node__type_support.cpp.o
[18.884s] [32/57] Building CXX object CMakeFiles/composition_interfaces__rosidl_typesupport_introspection_cpp.dir/rosidl_typesupport_introspection_cpp/composition_interfaces/srv/detail/load_node__type_support.cpp.o
[19.217s] [33/57] Building CXX object CMakeFiles/composition_interfaces__rosidl_typesupport_introspection_cpp.dir/rosidl_typesupport_introspection_cpp/composition_interfaces/srv/detail/list_nodes__type_support.cpp.o
[19.541s] [34/57] Building CXX object CMakeFiles/composition_interfaces__rosidl_typesupport_introspection_cpp.dir/rosidl_typesupport_introspection_cpp/composition_interfaces/srv/detail/unload_node__type_support.cpp.o
[19.845s] [35/57] Building CXX object CMakeFiles/composition_interfaces__rosidl_typesupport_cpp.dir/rosidl_typesupport_cpp/composition_interfaces/srv/load_node__type_support.cpp.o
[20.117s] [36/57] Building CXX object CMakeFiles/composition_interfaces__rosidl_typesupport_cpp.dir/rosidl_typesupport_cpp/composition_interfaces/srv/list_nodes__type_support.cpp.o
[20.495s] [37/57] Building CXX object CMakeFiles/composition_interfaces__rosidl_typesupport_cpp.dir/rosidl_typesupport_cpp/composition_interfaces/srv/unload_node__type_support.cpp.o
[20.568s] [38/57] Linking CXX shared library libcomposition_interfaces__rosidl_typesupport_fastrtps_c.so
[20.599s] [39/57] Linking C shared library libcomposition_interfaces__rosidl_typesupport_introspection_c.so
[20.666s] [40/57] Linking CXX shared library libcomposition_interfaces__rosidl_typesupport_c.so
[20.748s] [41/57] Linking CXX shared library libcomposition_interfaces__rosidl_typesupport_fastrtps_cpp.so
[20.818s] [42/57] Linking CXX shared library libcomposition_interfaces__rosidl_typesupport_introspection_cpp.so
[20.897s] [43/57] Linking CXX shared library libcomposition_interfaces__rosidl_typesupport_cpp.so
[22.517s] [44/57] Generating Python code for ROS interfaces
[23.070s] [45/57] Generating Rust code for ROS interfaces
[24.050s] [46/57] Building C object CMakeFiles/composition_interfaces__rosidl_generator_py.dir/rosidl_generator_py/composition_interfaces/srv/_load_node_s.c.o
[24.310s] [47/57] Building C object CMakeFiles/composition_interfaces__rosidl_generator_py.dir/rosidl_generator_py/composition_interfaces/srv/_list_nodes_s.c.o
[25.071s] [48/57] Building C object CMakeFiles/composition_interfaces__rosidl_generator_py.dir/rosidl_generator_py/composition_interfaces/srv/_unload_node_s.c.o
[25.113s] [49/57] Linking C shared library libcomposition_interfaces__rosidl_generator_py.so
[25.874s] [50/57] Building C object CMakeFiles/composition_interfaces_s__rosidl_typesupport_fastrtps_c.dir/rosidl_generator_py/composition_interfaces/_composition_interfaces_s.ep.rosidl_typesupport_fastrtps_c.c.o
[26.696s] [51/57] Building C object CMakeFiles/composition_interfaces_s__rosidl_typesupport_introspection_c.dir/rosidl_generator_py/composition_interfaces/_composition_interfaces_s.ep.rosidl_typesupport_introspection_c.c.o
[26.964s] [52/57] Building C object CMakeFiles/composition_interfaces_s__rosidl_typesupport_c.dir/rosidl_generator_py/composition_interfaces/_composition_interfaces_s.ep.rosidl_typesupport_c.c.o
[26.974s] [53/57] cd /home/runner/work/pixi_rosdistro/pixi_rosdistro/build/composition_interfaces && /home/runner/work/pixi_rosdistro/pixi_rosdistro/.pixi/envs/default/bin/cmake -E copy_directory /home/runner/work/pixi_rosdistro/pixi_rosdistro/build/composition_interfaces/rosidl_generator_py/composition_interfaces /home/runner/work/pixi_rosdistro/pixi_rosdistro/build/composition_interfaces/ament_cmake_python/composition_interfaces/composition_interfaces
[27.007s] [54/57] Linking C shared module rosidl_generator_py/composition_interfaces/composition_interfaces_s__rosidl_typesupport_fastrtps_c.so
[27.039s] [55/57] Linking C shared module rosidl_generator_py/composition_interfaces/composition_interfaces_s__rosidl_typesupport_introspection_c.so
[27.069s] [56/57] Linking C shared module rosidl_generator_py/composition_interfaces/composition_interfaces_s__rosidl_typesupport_c.so
[27.384s] [57/57] cd /home/runner/work/pixi_rosdistro/pixi_rosdistro/build/composition_interfaces/ament_cmake_python/composition_interfaces && /home/runner/work/pixi_rosdistro/pixi_rosdistro/.pixi/envs/default/bin/python3 setup.py egg_info
[27.384s] running egg_info
[27.384s] creating composition_interfaces.egg-info
[27.384s] writing composition_interfaces.egg-info/PKG-INFO
[27.385s] writing dependency_links to composition_interfaces.egg-info/dependency_links.txt
[27.385s] writing top-level names to composition_interfaces.egg-info/top_level.txt
[27.385s] writing manifest file 'composition_interfaces.egg-info/SOURCES.txt'
[27.385s] reading manifest file 'composition_interfaces.egg-info/SOURCES.txt'
[27.385s] writing manifest file 'composition_interfaces.egg-info/SOURCES.txt'
[27.387s] Invoked command in '/home/runner/work/pixi_rosdistro/pixi_rosdistro/build/composition_interfaces' returned '0': AMENT_PREFIX_PATH=/home/runner/work/pixi_rosdistro/pixi_rosdistro/install CMAKE_PREFIX_PATH=/home/runner/work/pixi_rosdistro/pixi_rosdistro/install:${CMAKE_PREFIX_PATH} LD_LIBRARY_PATH=/home/runner/work/pixi_rosdistro/pixi_rosdistro/install/lib PATH=/home/runner/work/pixi_rosdistro/pixi_rosdistro/install/bin:/opt/microsoft/powershell/7:${PATH} PIXI_PROMPT=(ros2_rolling) PKG_CONFIG_PATH=/home/runner/work/pixi_rosdistro/pixi_rosdistro/install/lib/pkgconfig PSModulePath=/home/runner/.local/share/powershell/Modules:${PSModulePath} PYTHONPATH=/home/runner/work/pixi_rosdistro/pixi_rosdistro/install/lib/python3.12/site-packages ROS_DOMAIN_ID=85 /home/runner/work/pixi_rosdistro/pixi_rosdistro/.pixi/envs/default/bin/cmake --build /home/runner/work/pixi_rosdistro/pixi_rosdistro/build/composition_interfaces -- -j4 -l4
[27.388s] Invoking command in '/home/runner/work/pixi_rosdistro/pixi_rosdistro/build/composition_interfaces': AMENT_PREFIX_PATH=/home/runner/work/pixi_rosdistro/pixi_rosdistro/install CMAKE_PREFIX_PATH=/home/runner/work/pixi_rosdistro/pixi_rosdistro/install:${CMAKE_PREFIX_PATH} LD_LIBRARY_PATH=/home/runner/work/pixi_rosdistro/pixi_rosdistro/install/lib PATH=/home/runner/work/pixi_rosdistro/pixi_rosdistro/install/bin:/opt/microsoft/powershell/7:${PATH} PIXI_PROMPT=(ros2_rolling) PKG_CONFIG_PATH=/home/runner/work/pixi_rosdistro/pixi_rosdistro/install/lib/pkgconfig PSModulePath=/home/runner/.local/share/powershell/Modules:${PSModulePath} PYTHONPATH=/home/runner/work/pixi_rosdistro/pixi_rosdistro/install/lib/python3.12/site-packages ROS_DOMAIN_ID=85 /home/runner/work/pixi_rosdistro/pixi_rosdistro/.pixi/envs/default/bin/cmake --install /home/runner/work/pixi_rosdistro/pixi_rosdistro/build/composition_interfaces
[27.398s] -- Install configuration: "Release"
[27.398s] -- Installing: /home/runner/work/pixi_rosdistro/pixi_rosdistro/install/share/ament_index/resource_index/rosidl_interfaces/composition_interfaces
[27.399s] -- Installing: /home/runner/work/pixi_rosdistro/pixi_rosdistro/install/share/composition_interfaces/srv/LoadNode.json
[27.399s] -- Installing: /home/runner/work/pixi_rosdistro/pixi_rosdistro/install/share/composition_interfaces/srv/ListNodes.json
[27.402s] -- Installing: /home/runner/work/pixi_rosdistro/pixi_rosdistro/install/share/composition_interfaces/srv/UnloadNode.json
[27.402s] -- Installing: /home/runner/work/pixi_rosdistro/pixi_rosdistro/install/include/composition_interfaces/composition_interfaces
[27.402s] -- Installing: /home/runner/work/pixi_rosdistro/pixi_rosdistro/install/include/composition_interfaces/composition_interfaces/srv
[27.402s] -- Installing: /home/runner/work/pixi_rosdistro/pixi_rosdistro/install/include/composition_interfaces/composition_interfaces/srv/list_nodes.h
[27.403s] -- Installing: /home/runner/work/pixi_rosdistro/pixi_rosdistro/install/include/composition_interfaces/composition_interfaces/srv/unload_node.h
[27.403s] -- Installing: /home/runner/work/pixi_rosdistro/pixi_rosdistro/install/include/composition_interfaces/composition_interfaces/srv/load_node.h
[27.403s] -- Installing: /home/runner/work/pixi_rosdistro/pixi_rosdistro/install/include/composition_interfaces/composition_interfaces/srv/detail
[27.403s] -- Installing: /home/runner/work/pixi_rosdistro/pixi_rosdistro/install/include/composition_interfaces/composition_interfaces/srv/detail/unload_node__functions.h
[27.403s] -- Installing: /home/runner/work/pixi_rosdistro/pixi_rosdistro/install/include/composition_interfaces/composition_interfaces/srv/detail/list_nodes__type_support.h
[27.403s] -- Installing: /home/runner/work/pixi_rosdistro/pixi_rosdistro/install/include/composition_interfaces/composition_interfaces/srv/detail/unload_node__description.c
[27.403s] -- Installing: /home/runner/work/pixi_rosdistro/pixi_rosdistro/install/include/composition_interfaces/composition_interfaces/srv/detail/list_nodes__functions.h
[27.403s] -- Installing: /home/runner/work/pixi_rosdistro/pixi_rosdistro/install/include/composition_interfaces/composition_interfaces/srv/detail/load_node__functions.c
[27.403s] -- Installing: /home/runner/work/pixi_rosdistro/pixi_rosdistro/install/include/composition_interfaces/composition_interfaces/srv/detail/list_nodes__description.c
[27.404s] -- Installing: /home/runner/work/pixi_rosdistro/pixi_rosdistro/install/include/composition_interfaces/composition_interfaces/srv/detail/load_node__struct.h
[27.404s] -- Installing: /home/runner/work/pixi_rosdistro/pixi_rosdistro/install/include/composition_interfaces/composition_interfaces/srv/detail/load_node__functions.h
[27.405s] -- Installing: /home/runner/work/pixi_rosdistro/pixi_rosdistro/install/include/composition_interfaces/composition_interfaces/srv/detail/unload_node__functions.c
[27.405s] -- Installing: /home/runner/work/pixi_rosdistro/pixi_rosdistro/install/include/composition_interfaces/composition_interfaces/srv/detail/unload_node__type_support.c
[27.405s] -- Installing: /home/runner/work/pixi_rosdistro/pixi_rosdistro/install/include/composition_interfaces/composition_interfaces/srv/detail/load_node__description.c
[27.406s] -- Installing: /home/runner/work/pixi_rosdistro/pixi_rosdistro/install/include/composition_interfaces/composition_interfaces/srv/detail/load_node__type_support.h
[27.406s] -- Installing: /home/runner/work/pixi_rosdistro/pixi_rosdistro/install/include/composition_interfaces/composition_interfaces/srv/detail/list_nodes__functions.c
[27.407s] -- Installing: /home/runner/work/pixi_rosdistro/pixi_rosdistro/install/include/composition_interfaces/composition_interfaces/srv/detail/load_node__type_support.c
[27.407s] -- Installing: /home/runner/work/pixi_rosdistro/pixi_rosdistro/install/include/composition_interfaces/composition_interfaces/srv/detail/unload_node__struct.h
[27.410s] -- Installing: /home/runner/work/pixi_rosdistro/pixi_rosdistro/install/include/composition_interfaces/composition_interfaces/srv/detail/list_nodes__type_support.c
[27.410s] -- Installing: /home/runner/work/pixi_rosdistro/pixi_rosdistro/install/include/composition_interfaces/composition_interfaces/srv/detail/list_nodes__struct.h
[27.410s] -- Installing: /home/runner/work/pixi_rosdistro/pixi_rosdistro/install/include/composition_interfaces/composition_interfaces/srv/detail/unload_node__type_support.h
[27.410s] -- Installing: /home/runner/work/pixi_rosdistro/pixi_rosdistro/install/include/composition_interfaces/composition_interfaces/msg
[27.411s] -- Installing: /home/runner/work/pixi_rosdistro/pixi_rosdistro/install/include/composition_interfaces/composition_interfaces/msg/rosidl_generator_c__visibility_control.h
[27.411s] -- Installing: /home/runner/work/pixi_rosdistro/pixi_rosdistro/install/share/composition_interfaces/environment/library_path.sh
[27.411s] -- Installing: /home/runner/work/pixi_rosdistro/pixi_rosdistro/install/share/composition_interfaces/environment/library_path.dsv
[27.411s] -- Installing: /home/runner/work/pixi_rosdistro/pixi_rosdistro/install/lib/libcomposition_interfaces__rosidl_generator_c.so
[27.411s] -- Up-to-date: /home/runner/work/pixi_rosdistro/pixi_rosdistro/install/include/composition_interfaces/composition_interfaces
[27.411s] -- Up-to-date: /home/runner/work/pixi_rosdistro/pixi_rosdistro/install/include/composition_interfaces/composition_interfaces/srv
[27.411s] -- Up-to-date: /home/runner/work/pixi_rosdistro/pixi_rosdistro/install/include/composition_interfaces/composition_interfaces/srv/detail
[27.411s] -- Installing: /home/runner/work/pixi_rosdistro/pixi_rosdistro/install/include/composition_interfaces/composition_interfaces/srv/detail/list_nodes__rosidl_typesupport_fastrtps_c.h
[27.411s] -- Installing: /home/runner/work/pixi_rosdistro/pixi_rosdistro/install/include/composition_interfaces/composition_interfaces/srv/detail/load_node__rosidl_typesupport_fastrtps_c.h
[27.412s] -- Installing: /home/runner/work/pixi_rosdistro/pixi_rosdistro/install/include/composition_interfaces/composition_interfaces/srv/detail/unload_node__rosidl_typesupport_fastrtps_c.h
[27.412s] -- Up-to-date: /home/runner/work/pixi_rosdistro/pixi_rosdistro/install/include/composition_interfaces/composition_interfaces/msg
[27.412s] -- Installing: /home/runner/work/pixi_rosdistro/pixi_rosdistro/install/include/composition_interfaces/composition_interfaces/msg/rosidl_typesupport_fastrtps_c__visibility_control.h
[27.413s] -- Installing: /home/runner/work/pixi_rosdistro/pixi_rosdistro/install/lib/libcomposition_interfaces__rosidl_typesupport_fastrtps_c.so
[27.414s] -- Up-to-date: /home/runner/work/pixi_rosdistro/pixi_rosdistro/install/include/composition_interfaces/composition_interfaces
[27.414s] -- Up-to-date: /home/runner/work/pixi_rosdistro/pixi_rosdistro/install/include/composition_interfaces/composition_interfaces/srv
[27.414s] -- Up-to-date: /home/runner/work/pixi_rosdistro/pixi_rosdistro/install/include/composition_interfaces/composition_interfaces/srv/detail
[27.415s] -- Installing: /home/runner/work/pixi_rosdistro/pixi_rosdistro/install/include/composition_interfaces/composition_interfaces/srv/detail/list_nodes__rosidl_typesupport_introspection_c.h
[27.415s] -- Installing: /home/runner/work/pixi_rosdistro/pixi_rosdistro/install/include/composition_interfaces/composition_interfaces/srv/detail/unload_node__rosidl_typesupport_introspection_c.h
[27.415s] -- Installing: /home/runner/work/pixi_rosdistro/pixi_rosdistro/install/include/composition_interfaces/composition_interfaces/srv/detail/unload_node__type_support.c
[27.416s] -- Installing: /home/runner/work/pixi_rosdistro/pixi_rosdistro/install/include/composition_interfaces/composition_interfaces/srv/detail/load_node__rosidl_typesupport_introspection_c.h
[27.419s] -- Installing: /home/runner/work/pixi_rosdistro/pixi_rosdistro/install/include/composition_interfaces/composition_interfaces/srv/detail/load_node__type_support.c
[27.419s] -- Installing: /home/runner/work/pixi_rosdistro/pixi_rosdistro/install/include/composition_interfaces/composition_interfaces/srv/detail/list_nodes__type_support.c
[27.419s] -- Up-to-date: /home/runner/work/pixi_rosdistro/pixi_rosdistro/install/include/composition_interfaces/composition_interfaces/msg
[27.419s] -- Installing: /home/runner/work/pixi_rosdistro/pixi_rosdistro/install/include/composition_interfaces/composition_interfaces/msg/rosidl_typesupport_introspection_c__visibility_control.h
[27.420s] -- Installing: /home/runner/work/pixi_rosdistro/pixi_rosdistro/install/lib/libcomposition_interfaces__rosidl_typesupport_introspection_c.so
[27.420s] -- Installing: /home/runner/work/pixi_rosdistro/pixi_rosdistro/install/lib/libcomposition_interfaces__rosidl_typesupport_c.so
[27.420s] -- Up-to-date: /home/runner/work/pixi_rosdistro/pixi_rosdistro/install/include/composition_interfaces/composition_interfaces
[27.420s] -- Up-to-date: /home/runner/work/pixi_rosdistro/pixi_rosdistro/install/include/composition_interfaces/composition_interfaces/srv
[27.420s] -- Installing: /home/runner/work/pixi_rosdistro/pixi_rosdistro/install/include/composition_interfaces/composition_interfaces/srv/load_node.hpp
[27.420s] -- Installing: /home/runner/work/pixi_rosdistro/pixi_rosdistro/install/include/composition_interfaces/composition_interfaces/srv/unload_node.hpp
[27.420s] -- Installing: /home/runner/work/pixi_rosdistro/pixi_rosdistro/install/include/composition_interfaces/composition_interfaces/srv/list_nodes.hpp
[27.420s] -- Up-to-date: /home/runner/work/pixi_rosdistro/pixi_rosdistro/install/include/composition_interfaces/composition_interfaces/srv/detail
[27.420s] -- Installing: /home/runner/work/pixi_rosdistro/pixi_rosdistro/install/include/composition_interfaces/composition_interfaces/srv/detail/load_node__builder.hpp
[27.420s] -- Installing: /home/runner/work/pixi_rosdistro/pixi_rosdistro/install/include/composition_interfaces/composition_interfaces/srv/detail/unload_node__traits.hpp
[27.421s] -- Installing: /home/runner/work/pixi_rosdistro/pixi_rosdistro/install/include/composition_interfaces/composition_interfaces/srv/detail/load_node__struct.hpp
[27.421s] -- Installing: /home/runner/work/pixi_rosdistro/pixi_rosdistro/install/include/composition_interfaces/composition_interfaces/srv/detail/list_nodes__type_support.hpp
[27.421s] -- Installing: /home/runner/work/pixi_rosdistro/pixi_rosdistro/install/include/composition_interfaces/composition_interfaces/srv/detail/list_nodes__traits.hpp
[27.422s] -- Installing: /home/runner/work/pixi_rosdistro/pixi_rosdistro/install/include/composition_interfaces/composition_interfaces/srv/detail/unload_node__builder.hpp
[27.422s] -- Installing: /home/runner/work/pixi_rosdistro/pixi_rosdistro/install/include/composition_interfaces/composition_interfaces/srv/detail/load_node__type_support.hpp
[27.423s] -- Installing: /home/runner/work/pixi_rosdistro/pixi_rosdistro/install/include/composition_interfaces/composition_interfaces/srv/detail/load_node__traits.hpp
[27.423s] -- Installing: /home/runner/work/pixi_rosdistro/pixi_rosdistro/install/include/composition_interfaces/composition_interfaces/srv/detail/unload_node__type_support.hpp
[27.424s] -- Installing: /home/runner/work/pixi_rosdistro/pixi_rosdistro/install/include/composition_interfaces/composition_interfaces/srv/detail/unload_node__struct.hpp
[27.424s] -- Installing: /home/runner/work/pixi_rosdistro/pixi_rosdistro/install/include/composition_interfaces/composition_interfaces/srv/detail/list_nodes__builder.hpp
[27.425s] -- Installing: /home/runner/work/pixi_rosdistro/pixi_rosdistro/install/include/composition_interfaces/composition_interfaces/srv/detail/list_nodes__struct.hpp
[27.425s] -- Up-to-date: /home/runner/work/pixi_rosdistro/pixi_rosdistro/install/include/composition_interfaces/composition_interfaces/msg
[27.425s] -- Installing: /home/runner/work/pixi_rosdistro/pixi_rosdistro/install/include/composition_interfaces/composition_interfaces/msg/rosidl_generator_cpp__visibility_control.hpp
[27.426s] -- Up-to-date: /home/runner/work/pixi_rosdistro/pixi_rosdistro/install/include/composition_interfaces/composition_interfaces
[27.426s] -- Up-to-date: /home/runner/work/pixi_rosdistro/pixi_rosdistro/install/include/composition_interfaces/composition_interfaces/srv
[27.426s] -- Up-to-date: /home/runner/work/pixi_rosdistro/pixi_rosdistro/install/include/composition_interfaces/composition_interfaces/srv/detail
[27.429s] -- Installing: /home/runner/work/pixi_rosdistro/pixi_rosdistro/install/include/composition_interfaces/composition_interfaces/srv/detail/list_nodes__rosidl_typesupport_fastrtps_cpp.hpp
[27.429s] -- Installing: /home/runner/work/pixi_rosdistro/pixi_rosdistro/install/include/composition_interfaces/composition_interfaces/srv/detail/unload_node__rosidl_typesupport_fastrtps_cpp.hpp
[27.429s] -- Installing: /home/runner/work/pixi_rosdistro/pixi_rosdistro/install/include/composition_interfaces/composition_interfaces/srv/detail/load_node__rosidl_typesupport_fastrtps_cpp.hpp
[27.429s] -- Installing: /home/runner/work/pixi_rosdistro/pixi_rosdistro/install/include/composition_interfaces/composition_interfaces/srv/detail/dds_fastrtps
[27.430s] -- Up-to-date: /home/runner/work/pixi_rosdistro/pixi_rosdistro/install/include/composition_interfaces/composition_interfaces/msg
[27.430s] -- Installing: /home/runner/work/pixi_rosdistro/pixi_rosdistro/install/include/composition_interfaces/composition_interfaces/msg/rosidl_typesupport_fastrtps_cpp__visibility_control.h
[27.430s] -- Installing: /home/runner/work/pixi_rosdistro/pixi_rosdistro/install/lib/libcomposition_interfaces__rosidl_typesupport_fastrtps_cpp.so
[27.430s] -- Up-to-date: /home/runner/work/pixi_rosdistro/pixi_rosdistro/install/include/composition_interfaces/composition_interfaces
[27.430s] -- Up-to-date: /home/runner/work/pixi_rosdistro/pixi_rosdistro/install/include/composition_interfaces/composition_interfaces/srv
[27.430s] -- Up-to-date: /home/runner/work/pixi_rosdistro/pixi_rosdistro/install/include/composition_interfaces/composition_interfaces/srv/detail
[27.430s] -- Installing: /home/runner/work/pixi_rosdistro/pixi_rosdistro/install/include/composition_interfaces/composition_interfaces/srv/detail/unload_node__type_support.cpp
[27.430s] -- Installing: /home/runner/work/pixi_rosdistro/pixi_rosdistro/install/include/composition_interfaces/composition_interfaces/srv/detail/load_node__rosidl_typesupport_introspection_cpp.hpp
[27.430s] -- Installing: /home/runner/work/pixi_rosdistro/pixi_rosdistro/install/include/composition_interfaces/composition_interfaces/srv/detail/list_nodes__rosidl_typesupport_introspection_cpp.hpp
[27.430s] -- Installing: /home/runner/work/pixi_rosdistro/pixi_rosdistro/install/include/composition_interfaces/composition_interfaces/srv/detail/load_node__type_support.cpp
[27.431s] -- Installing: /home/runner/work/pixi_rosdistro/pixi_rosdistro/install/include/composition_interfaces/composition_interfaces/srv/detail/list_nodes__type_support.cpp
[27.431s] -- Installing: /home/runner/work/pixi_rosdistro/pixi_rosdistro/install/include/composition_interfaces/composition_interfaces/srv/detail/unload_node__rosidl_typesupport_introspection_cpp.hpp
[27.432s] -- Installing: /home/runner/work/pixi_rosdistro/pixi_rosdistro/install/lib/libcomposition_interfaces__rosidl_typesupport_introspection_cpp.so
[27.432s] -- Installing: /home/runner/work/pixi_rosdistro/pixi_rosdistro/install/lib/libcomposition_interfaces__rosidl_typesupport_cpp.so
[27.433s] -- Installing: /home/runner/work/pixi_rosdistro/pixi_rosdistro/install/share/composition_interfaces/environment/pythonpath.sh
[27.433s] -- Installing: /home/runner/work/pixi_rosdistro/pixi_rosdistro/install/share/composition_interfaces/environment/pythonpath.dsv
[27.434s] -- Installing: /home/runner/work/pixi_rosdistro/pixi_rosdistro/install/lib/python3.12/site-packages/composition_interfaces/composition_interfaces_s__rosidl_typesupport_fastrtps_c.so
[27.435s] -- Installing: /home/runner/work/pixi_rosdistro/pixi_rosdistro/install/lib/python3.12/site-packages/composition_interfaces/composition_interfaces_s__rosidl_typesupport_introspection_c.so
[27.435s] -- Installing: /home/runner/work/pixi_rosdistro/pixi_rosdistro/install/lib/python3.12/site-packages/composition_interfaces/composition_interfaces_s__rosidl_typesupport_c.so
[27.436s] -- Installing: /home/runner/work/pixi_rosdistro/pixi_rosdistro/install/lib/libcomposition_interfaces__rosidl_generator_py.so
[27.437s] -- Installing: /home/runner/work/pixi_rosdistro/pixi_rosdistro/install/share/ament_index/resource_index/rust_packages/composition_interfaces
[27.437s] -- Installing: /home/runner/work/pixi_rosdistro/pixi_rosdistro/install/share/composition_interfaces/rust
[27.438s] -- Installing: /home/runner/work/pixi_rosdistro/pixi_rosdistro/install/share/composition_interfaces/rust/Cargo.toml
[27.438s] -- Installing: /home/runner/work/pixi_rosdistro/pixi_rosdistro/install/share/composition_interfaces/rust/build.rs
[27.438s] -- Installing: /home/runner/work/pixi_rosdistro/pixi_rosdistro/install/share/composition_interfaces/rust/src
[27.438s] -- Installing: /home/runner/work/pixi_rosdistro/pixi_rosdistro/install/share/composition_interfaces/rust/src/srv
[27.439s] -- Installing: /home/runner/work/pixi_rosdistro/pixi_rosdistro/install/share/composition_interfaces/rust/src/srv/rmw.rs
[27.439s] -- Installing: /home/runner/work/pixi_rosdistro/pixi_rosdistro/install/share/composition_interfaces/rust/src/lib.rs
[27.442s] -- Installing: /home/runner/work/pixi_rosdistro/pixi_rosdistro/install/share/composition_interfaces/rust/src/srv.rs
[27.442s] -- Installing: /home/runner/work/pixi_rosdistro/pixi_rosdistro/install/share/composition_interfaces/srv/LoadNode.idl
[27.442s] -- Installing: /home/runner/work/pixi_rosdistro/pixi_rosdistro/install/share/composition_interfaces/srv/ListNodes.idl
[27.442s] -- Installing: /home/runner/work/pixi_rosdistro/pixi_rosdistro/install/share/composition_interfaces/srv/UnloadNode.idl
[27.443s] -- Installing: /home/runner/work/pixi_rosdistro/pixi_rosdistro/install/share/composition_interfaces/srv/LoadNode.srv
[27.443s] -- Installing: /home/runner/work/pixi_rosdistro/pixi_rosdistro/install/share/composition_interfaces/srv/ListNodes.srv
[27.443s] -- Installing: /home/runner/work/pixi_rosdistro/pixi_rosdistro/install/share/composition_interfaces/srv/UnloadNode.srv
[27.443s] -- Installing: /home/runner/work/pixi_rosdistro/pixi_rosdistro/install/share/ament_index/resource_index/package_run_dependencies/composition_interfaces
[27.443s] -- Installing: /home/runner/work/pixi_rosdistro/pixi_rosdistro/install/share/ament_index/resource_index/parent_prefix_path/composition_interfaces
[27.443s] -- Installing: /home/runner/work/pixi_rosdistro/pixi_rosdistro/install/share/composition_interfaces/environment/ament_prefix_path.sh
[27.443s] -- Installing: /home/runner/work/pixi_rosdistro/pixi_rosdistro/install/share/composition_interfaces/environment/ament_prefix_path.dsv
[27.444s] -- Installing: /home/runner/work/pixi_rosdistro/pixi_rosdistro/install/share/composition_interfaces/environment/path.sh
[27.444s] -- Installing: /home/runner/work/pixi_rosdistro/pixi_rosdistro/install/share/composition_interfaces/environment/path.dsv
[27.444s] -- Installing: /home/runner/work/pixi_rosdistro/pixi_rosdistro/install/share/composition_interfaces/local_setup.bash
[27.445s] -- Installing: /home/runner/work/pixi_rosdistro/pixi_rosdistro/install/share/composition_interfaces/local_setup.fish
[27.445s] -- Installing: /home/runner/work/pixi_rosdistro/pixi_rosdistro/install/share/composition_interfaces/local_setup.sh
[27.446s] -- Installing: /home/runner/work/pixi_rosdistro/pixi_rosdistro/install/share/composition_interfaces/local_setup.zsh
[27.446s] -- Installing: /home/runner/work/pixi_rosdistro/pixi_rosdistro/install/share/composition_interfaces/local_setup.dsv
[27.447s] -- Installing: /home/runner/work/pixi_rosdistro/pixi_rosdistro/install/share/composition_interfaces/package.dsv
[27.447s] -- Installing: /home/runner/work/pixi_rosdistro/pixi_rosdistro/install/share/ament_index/resource_index/packages/composition_interfaces
[27.448s] -- Installing: /home/runner/work/pixi_rosdistro/pixi_rosdistro/install/share/composition_interfaces/cmake/export_composition_interfaces__rosidl_generator_cExport.cmake
[27.448s] -- Installing: /home/runner/work/pixi_rosdistro/pixi_rosdistro/install/share/composition_interfaces/cmake/export_composition_interfaces__rosidl_generator_cExport-release.cmake
[27.449s] -- Installing: /home/runner/work/pixi_rosdistro/pixi_rosdistro/install/share/composition_interfaces/cmake/export_composition_interfaces__rosidl_typesupport_fastrtps_cExport.cmake
[27.449s] -- Installing: /home/runner/work/pixi_rosdistro/pixi_rosdistro/install/share/composition_interfaces/cmake/export_composition_interfaces__rosidl_typesupport_fastrtps_cExport-release.cmake
[27.450s] -- Installing: /home/runner/work/pixi_rosdistro/pixi_rosdistro/install/share/composition_interfaces/cmake/composition_interfaces__rosidl_typesupport_introspection_cExport.cmake
[27.450s] -- Installing: /home/runner/work/pixi_rosdistro/pixi_rosdistro/install/share/composition_interfaces/cmake/composition_interfaces__rosidl_typesupport_introspection_cExport-release.cmake
[27.451s] -- Installing: /home/runner/work/pixi_rosdistro/pixi_rosdistro/install/share/composition_interfaces/cmake/composition_interfaces__rosidl_typesupport_cExport.cmake
[27.451s] -- Installing: /home/runner/work/pixi_rosdistro/pixi_rosdistro/install/share/composition_interfaces/cmake/composition_interfaces__rosidl_typesupport_cExport-release.cmake
[27.451s] -- Installing: /home/runner/work/pixi_rosdistro/pixi_rosdistro/install/share/composition_interfaces/cmake/export_composition_interfaces__rosidl_generator_cppExport.cmake
[27.454s] -- Installing: /home/runner/work/pixi_rosdistro/pixi_rosdistro/install/share/composition_interfaces/cmake/export_composition_interfaces__rosidl_typesupport_fastrtps_cppExport.cmake
[27.454s] -- Installing: /home/runner/work/pixi_rosdistro/pixi_rosdistro/install/share/composition_interfaces/cmake/export_composition_interfaces__rosidl_typesupport_fastrtps_cppExport-release.cmake
[27.454s] -- Installing: /home/runner/work/pixi_rosdistro/pixi_rosdistro/install/share/composition_interfaces/cmake/composition_interfaces__rosidl_typesupport_introspection_cppExport.cmake
[27.454s] -- Installing: /home/runner/work/pixi_rosdistro/pixi_rosdistro/install/share/composition_interfaces/cmake/composition_interfaces__rosidl_typesupport_introspection_cppExport-release.cmake
[27.455s] -- Installing: /home/runner/work/pixi_rosdistro/pixi_rosdistro/install/share/composition_interfaces/cmake/composition_interfaces__rosidl_typesupport_cppExport.cmake
[27.455s] -- Installing: /home/runner/work/pixi_rosdistro/pixi_rosdistro/install/share/composition_interfaces/cmake/composition_interfaces__rosidl_typesupport_cppExport-release.cmake
[27.455s] -- Installing: /home/runner/work/pixi_rosdistro/pixi_rosdistro/install/share/composition_interfaces/cmake/export_composition_interfaces__rosidl_generator_pyExport.cmake
[27.455s] -- Installing: /home/runner/work/pixi_rosdistro/pixi_rosdistro/install/share/composition_interfaces/cmake/export_composition_interfaces__rosidl_generator_pyExport-release.cmake
[27.455s] -- Installing: /home/runner/work/pixi_rosdistro/pixi_rosdistro/install/lib/python3.12/site-packages/composition_interfaces-2.4.3-py3.12.egg-info
[27.455s] -- Installing: /home/runner/work/pixi_rosdistro/pixi_rosdistro/install/lib/python3.12/site-packages/composition_interfaces-2.4.3-py3.12.egg-info/dependency_links.txt
[27.455s] -- Installing: /home/runner/work/pixi_rosdistro/pixi_rosdistro/install/lib/python3.12/site-packages/composition_interfaces-2.4.3-py3.12.egg-info/top_level.txt
[27.456s] -- Installing: /home/runner/work/pixi_rosdistro/pixi_rosdistro/install/lib/python3.12/site-packages/composition_interfaces-2.4.3-py3.12.egg-info/PKG-INFO
[27.456s] -- Installing: /home/runner/work/pixi_rosdistro/pixi_rosdistro/install/lib/python3.12/site-packages/composition_interfaces-2.4.3-py3.12.egg-info/SOURCES.txt
[27.457s] -- Up-to-date: /home/runner/work/pixi_rosdistro/pixi_rosdistro/install/lib/python3.12/site-packages/composition_interfaces
[27.457s] -- Installing: /home/runner/work/pixi_rosdistro/pixi_rosdistro/install/lib/python3.12/site-packages/composition_interfaces/__init__.py
[27.458s] -- Installing: /home/runner/work/pixi_rosdistro/pixi_rosdistro/install/lib/python3.12/site-packages/composition_interfaces/srv
[27.458s] -- Installing: /home/runner/work/pixi_rosdistro/pixi_rosdistro/install/lib/python3.12/site-packages/composition_interfaces/srv/__init__.py
[27.458s] -- Installing: /home/runner/work/pixi_rosdistro/pixi_rosdistro/install/lib/python3.12/site-packages/composition_interfaces/srv/_load_node.py
[27.459s] -- Installing: /home/runner/work/pixi_rosdistro/pixi_rosdistro/install/lib/python3.12/site-packages/composition_interfaces/srv/_list_nodes.py
[27.459s] -- Installing: /home/runner/work/pixi_rosdistro/pixi_rosdistro/install/lib/python3.12/site-packages/composition_interfaces/srv/_load_node_s.c
[27.460s] -- Installing: /home/runner/work/pixi_rosdistro/pixi_rosdistro/install/lib/python3.12/site-packages/composition_interfaces/srv/_unload_node.py
[27.462s] -- Installing: /home/runner/work/pixi_rosdistro/pixi_rosdistro/install/lib/python3.12/site-packages/composition_interfaces/srv/_unload_node_s.c
[27.462s] -- Installing: /home/runner/work/pixi_rosdistro/pixi_rosdistro/install/lib/python3.12/site-packages/composition_interfaces/srv/_list_nodes_s.c
[27.463s] -- Up-to-date: /home/runner/work/pixi_rosdistro/pixi_rosdistro/install/lib/python3.12/site-packages/composition_interfaces/composition_interfaces_s__rosidl_typesupport_c.so
[27.463s] -- Installing: /home/runner/work/pixi_rosdistro/pixi_rosdistro/install/lib/python3.12/site-packages/composition_interfaces/_composition_interfaces_s.ep.rosidl_typesupport_fastrtps_c.c
[27.463s] -- Installing: /home/runner/work/pixi_rosdistro/pixi_rosdistro/install/lib/python3.12/site-packages/composition_interfaces/py.typed
[27.463s] -- Up-to-date: /home/runner/work/pixi_rosdistro/pixi_rosdistro/install/lib/python3.12/site-packages/composition_interfaces/composition_interfaces_s__rosidl_typesupport_introspection_c.so
[27.463s] -- Up-to-date: /home/runner/work/pixi_rosdistro/pixi_rosdistro/install/lib/python3.12/site-packages/composition_interfaces/composition_interfaces_s__rosidl_typesupport_fastrtps_c.so
[27.463s] -- Installing: /home/runner/work/pixi_rosdistro/pixi_rosdistro/install/lib/python3.12/site-packages/composition_interfaces/_composition_interfaces_s.ep.rosidl_typesupport_introspection_c.c
[27.463s] -- Installing: /home/runner/work/pixi_rosdistro/pixi_rosdistro/install/lib/python3.12/site-packages/composition_interfaces/_composition_interfaces_s.ep.rosidl_typesupport_c.c
[27.529s] Listing '/home/runner/work/pixi_rosdistro/pixi_rosdistro/install/lib/python3.12/site-packages/composition_interfaces'...
[27.529s] Compiling '/home/runner/work/pixi_rosdistro/pixi_rosdistro/install/lib/python3.12/site-packages/composition_interfaces/__init__.py'...
[27.529s] Listing '/home/runner/work/pixi_rosdistro/pixi_rosdistro/install/lib/python3.12/site-packages/composition_interfaces/srv'...
[27.529s] Compiling '/home/runner/work/pixi_rosdistro/pixi_rosdistro/install/lib/python3.12/site-packages/composition_interfaces/srv/__init__.py'...
[27.529s] Compiling '/home/runner/work/pixi_rosdistro/pixi_rosdistro/install/lib/python3.12/site-packages/composition_interfaces/srv/_list_nodes.py'...
[27.529s] Compiling '/home/runner/work/pixi_rosdistro/pixi_rosdistro/install/lib/python3.12/site-packages/composition_interfaces/srv/_load_node.py'...
[27.529s] Compiling '/home/runner/work/pixi_rosdistro/pixi_rosdistro/install/lib/python3.12/site-packages/composition_interfaces/srv/_unload_node.py'...
[27.536s] -- Installing: /home/runner/work/pixi_rosdistro/pixi_rosdistro/install/share/composition_interfaces/cmake/rosidl_cmake-extras.cmake
[27.536s] -- Installing: /home/runner/work/pixi_rosdistro/pixi_rosdistro/install/share/composition_interfaces/cmake/ament_cmake_export_dependencies-extras.cmake
[27.537s] -- Installing: /home/runner/work/pixi_rosdistro/pixi_rosdistro/install/share/composition_interfaces/cmake/ament_cmake_export_include_directories-extras.cmake
[27.537s] -- Installing: /home/runner/work/pixi_rosdistro/pixi_rosdistro/install/share/composition_interfaces/cmake/ament_cmake_export_libraries-extras.cmake
[27.538s] -- Installing: /home/runner/work/pixi_rosdistro/pixi_rosdistro/install/share/composition_interfaces/cmake/ament_cmake_export_targets-extras.cmake
[27.539s] -- Installing: /home/runner/work/pixi_rosdistro/pixi_rosdistro/install/share/composition_interfaces/cmake/rosidl_cmake_export_typesupport_targets-extras.cmake
[27.539s] -- Installing: /home/runner/work/pixi_rosdistro/pixi_rosdistro/install/share/composition_interfaces/cmake/rosidl_cmake_export_typesupport_libraries-extras.cmake
[27.539s] -- Installing: /home/runner/work/pixi_rosdistro/pixi_rosdistro/install/share/composition_interfaces/cmake/rosidl_cmake_aggregate_target-extras.cmake
[27.539s] -- Installing: /home/runner/work/pixi_rosdistro/pixi_rosdistro/install/share/composition_interfaces/cmake/composition_interfacesConfig.cmake
[27.540s] -- Installing: /home/runner/work/pixi_rosdistro/pixi_rosdistro/install/share/composition_interfaces/cmake/composition_interfacesConfig-version.cmake
[27.540s] -- Installing: /home/runner/work/pixi_rosdistro/pixi_rosdistro/install/share/composition_interfaces/package.xml
[27.545s] Invoked command in '/home/runner/work/pixi_rosdistro/pixi_rosdistro/build/composition_interfaces' returned '0': AMENT_PREFIX_PATH=/home/runner/work/pixi_rosdistro/pixi_rosdistro/install CMAKE_PREFIX_PATH=/home/runner/work/pixi_rosdistro/pixi_rosdistro/install:${CMAKE_PREFIX_PATH} LD_LIBRARY_PATH=/home/runner/work/pixi_rosdistro/pixi_rosdistro/install/lib PATH=/home/runner/work/pixi_rosdistro/pixi_rosdistro/install/bin:/opt/microsoft/powershell/7:${PATH} PIXI_PROMPT=(ros2_rolling) PKG_CONFIG_PATH=/home/runner/work/pixi_rosdistro/pixi_rosdistro/install/lib/pkgconfig PSModulePath=/home/runner/.local/share/powershell/Modules:${PSModulePath} PYTHONPATH=/home/runner/work/pixi_rosdistro/pixi_rosdistro/install/lib/python3.12/site-packages ROS_DOMAIN_ID=85 /home/runner/work/pixi_rosdistro/pixi_rosdistro/.pixi/envs/default/bin/cmake --install /home/runner/work/pixi_rosdistro/pixi_rosdistro/build/composition_interfaces
