[1.297s] Invoking command in 'D:\a\pixi_rosdistro\pixi_rosdistro\build\ament_cmake_xmllint': AMENT_PREFIX_PATH=D:\a\pixi_rosdistro\pixi_rosdistro\install CMAKE_PREFIX_PATH=D:\a\pixi_rosdistro\pixi_rosdistro\install;D:\a\pixi_rosdistro\pixi_rosdistro\.pixi\envs\default\Library PATH=D:\a\pixi_rosdistro\pixi_rosdistro\install\Scripts;%PATH% PIXI_PROMPT=(ros2_rolling) PROMPT=$P$G PYTHONPATH=D:\a\pixi_rosdistro\pixi_rosdistro\install\Lib\site-packages D:\a\pixi_rosdistro\pixi_rosdistro\.pixi\envs\default\Library\bin\cmake.EXE D:\a\pixi_rosdistro\pixi_rosdistro\src\ament\ament_lint\ament_cmake_xmllint -GNinja --no-warn-unused-cli -DCMAKE_BUILD_TYPE=Release -DCMAKE_BUILD_WITH_INSTALL_RPATH:bool=TRUE -DCMAKE_POLICY_VERSION_MINIMUM=3.5 -Wno-deprecated -DSTACK_DETAILS_AUTO_DETECT:bool=FALSE -DSTACK_DETAILS_BFD:bool=FALSE -DCMAKE_MSVC_DEBUG_INFORMATION_FORMAT=Embedded -DCMAKE_CXX_FLAGS=/MP /FS /EHsc -DCMAKE_C_FLAGS=/MP /FS -DCMAKE_INSTALL_PREFIX=D:\a\pixi_rosdistro\pixi_rosdistro\install
[1.360s] Not searching for unused variables given on the command line.
[1.360s] -- Found ament_cmake_core: 2.8.6 (D:/a/pixi_rosdistro/pixi_rosdistro/install/share/ament_cmake_core/cmake)
[1.891s] -- Found Python3: D:/a/pixi_rosdistro/pixi_rosdistro/.pixi/envs/default/python.exe (found version "3.12.13") found components: Interpreter
[2.094s] -- Found ament_cmake_test: 2.8.6 (D:/a/pixi_rosdistro/pixi_rosdistro/install/share/ament_cmake_test/cmake)
[2.328s] -- Found ament_cmake_copyright: 0.20.3 (D:/a/pixi_rosdistro/pixi_rosdistro/install/share/ament_cmake_copyright/cmake)
[2.344s] -- Found ament_cmake_lint_cmake: 0.20.3 (D:/a/pixi_rosdistro/pixi_rosdistro/install/share/ament_cmake_lint_cmake/cmake)
[2.344s] -- Configuring done (1.0s)
[2.375s] -- Generating done (0.0s)
[2.391s] -- Build files have been written to: D:/a/pixi_rosdistro/pixi_rosdistro/build/ament_cmake_xmllint
[2.391s] Invoked command in 'D:\a\pixi_rosdistro\pixi_rosdistro\build\ament_cmake_xmllint' returned '0': AMENT_PREFIX_PATH=D:\a\pixi_rosdistro\pixi_rosdistro\install CMAKE_PREFIX_PATH=D:\a\pixi_rosdistro\pixi_rosdistro\install;D:\a\pixi_rosdistro\pixi_rosdistro\.pixi\envs\default\Library PATH=D:\a\pixi_rosdistro\pixi_rosdistro\install\Scripts;%PATH% PIXI_PROMPT=(ros2_rolling) PROMPT=$P$G PYTHONPATH=D:\a\pixi_rosdistro\pixi_rosdistro\install\Lib\site-packages D:\a\pixi_rosdistro\pixi_rosdistro\.pixi\envs\default\Library\bin\cmake.EXE D:\a\pixi_rosdistro\pixi_rosdistro\src\ament\ament_lint\ament_cmake_xmllint -GNinja --no-warn-unused-cli -DCMAKE_BUILD_TYPE=Release -DCMAKE_BUILD_WITH_INSTALL_RPATH:bool=TRUE -DCMAKE_POLICY_VERSION_MINIMUM=3.5 -Wno-deprecated -DSTACK_DETAILS_AUTO_DETECT:bool=FALSE -DSTACK_DETAILS_BFD:bool=FALSE -DCMAKE_MSVC_DEBUG_INFORMATION_FORMAT=Embedded -DCMAKE_CXX_FLAGS=/MP /FS /EHsc -DCMAKE_C_FLAGS=/MP /FS -DCMAKE_INSTALL_PREFIX=D:\a\pixi_rosdistro\pixi_rosdistro\install
[2.391s] Invoking command in 'D:\a\pixi_rosdistro\pixi_rosdistro\build\ament_cmake_xmllint': AMENT_PREFIX_PATH=D:\a\pixi_rosdistro\pixi_rosdistro\install CMAKE_PREFIX_PATH=D:\a\pixi_rosdistro\pixi_rosdistro\install;D:\a\pixi_rosdistro\pixi_rosdistro\.pixi\envs\default\Library PATH=D:\a\pixi_rosdistro\pixi_rosdistro\install\Scripts;%PATH% PIXI_PROMPT=(ros2_rolling) PROMPT=$P$G PYTHONPATH=D:\a\pixi_rosdistro\pixi_rosdistro\install\Lib\site-packages D:\a\pixi_rosdistro\pixi_rosdistro\.pixi\envs\default\Library\bin\cmake.EXE --build D:\a\pixi_rosdistro\pixi_rosdistro\build\ament_cmake_xmllint -- -j4 -l4
[2.438s] ninja: no work to do.
[2.453s] Invoked command in 'D:\a\pixi_rosdistro\pixi_rosdistro\build\ament_cmake_xmllint' returned '0': AMENT_PREFIX_PATH=D:\a\pixi_rosdistro\pixi_rosdistro\install CMAKE_PREFIX_PATH=D:\a\pixi_rosdistro\pixi_rosdistro\install;D:\a\pixi_rosdistro\pixi_rosdistro\.pixi\envs\default\Library PATH=D:\a\pixi_rosdistro\pixi_rosdistro\install\Scripts;%PATH% PIXI_PROMPT=(ros2_rolling) PROMPT=$P$G PYTHONPATH=D:\a\pixi_rosdistro\pixi_rosdistro\install\Lib\site-packages D:\a\pixi_rosdistro\pixi_rosdistro\.pixi\envs\default\Library\bin\cmake.EXE --build D:\a\pixi_rosdistro\pixi_rosdistro\build\ament_cmake_xmllint -- -j4 -l4
[2.453s] Invoking command in 'D:\a\pixi_rosdistro\pixi_rosdistro\build\ament_cmake_xmllint': AMENT_PREFIX_PATH=D:\a\pixi_rosdistro\pixi_rosdistro\install CMAKE_PREFIX_PATH=D:\a\pixi_rosdistro\pixi_rosdistro\install;D:\a\pixi_rosdistro\pixi_rosdistro\.pixi\envs\default\Library PATH=D:\a\pixi_rosdistro\pixi_rosdistro\install\Scripts;%PATH% PIXI_PROMPT=(ros2_rolling) PROMPT=$P$G PYTHONPATH=D:\a\pixi_rosdistro\pixi_rosdistro\install\Lib\site-packages D:\a\pixi_rosdistro\pixi_rosdistro\.pixi\envs\default\Library\bin\cmake.EXE --install D:\a\pixi_rosdistro\pixi_rosdistro\build\ament_cmake_xmllint
[2.500s] -- Install configuration: "Release"
[2.500s] -- Installing: D:/a/pixi_rosdistro/pixi_rosdistro/install/share/ament_index/resource_index/package_run_dependencies/ament_cmake_xmllint
[2.500s] -- Installing: D:/a/pixi_rosdistro/pixi_rosdistro/install/share/ament_index/resource_index/parent_prefix_path/ament_cmake_xmllint
[2.500s] -- Installing: D:/a/pixi_rosdistro/pixi_rosdistro/install/share/ament_cmake_xmllint/environment/ament_prefix_path.bat
[2.516s] -- Installing: D:/a/pixi_rosdistro/pixi_rosdistro/install/share/ament_cmake_xmllint/environment/ament_prefix_path.dsv
[2.516s] -- Installing: D:/a/pixi_rosdistro/pixi_rosdistro/install/share/ament_cmake_xmllint/environment/path.bat
[2.516s] -- Installing: D:/a/pixi_rosdistro/pixi_rosdistro/install/share/ament_cmake_xmllint/environment/path.dsv
[2.516s] -- Installing: D:/a/pixi_rosdistro/pixi_rosdistro/install/share/ament_cmake_xmllint/local_setup.bat
[2.516s] -- Installing: D:/a/pixi_rosdistro/pixi_rosdistro/install/share/ament_cmake_xmllint/local_setup.dsv
[2.516s] -- Installing: D:/a/pixi_rosdistro/pixi_rosdistro/install/share/ament_cmake_xmllint/package.dsv
[2.516s] -- Installing: D:/a/pixi_rosdistro/pixi_rosdistro/install/share/ament_index/resource_index/packages/ament_cmake_xmllint
[2.516s] -- Installing: D:/a/pixi_rosdistro/pixi_rosdistro/install/share/ament_cmake_xmllint/cmake/ament_cmake_xmllint-extras.cmake
[2.516s] -- Installing: D:/a/pixi_rosdistro/pixi_rosdistro/install/share/ament_cmake_xmllint/cmake/ament_cmake_xmllintConfig.cmake
[2.516s] -- Installing: D:/a/pixi_rosdistro/pixi_rosdistro/install/share/ament_cmake_xmllint/cmake/ament_cmake_xmllintConfig-version.cmake
[2.516s] -- Installing: D:/a/pixi_rosdistro/pixi_rosdistro/install/share/ament_cmake_xmllint/package.xml
[2.516s] -- Up-to-date: D:/a/pixi_rosdistro/pixi_rosdistro/install/share/ament_cmake_xmllint/cmake
[2.516s] -- Installing: D:/a/pixi_rosdistro/pixi_rosdistro/install/share/ament_cmake_xmllint/cmake/ament_cmake_xmllint_lint_hook.cmake
[2.516s] -- Installing: D:/a/pixi_rosdistro/pixi_rosdistro/install/share/ament_cmake_xmllint/cmake/ament_xmllint.cmake
[2.531s] Invoked command in 'D:\a\pixi_rosdistro\pixi_rosdistro\build\ament_cmake_xmllint' returned '0': AMENT_PREFIX_PATH=D:\a\pixi_rosdistro\pixi_rosdistro\install CMAKE_PREFIX_PATH=D:\a\pixi_rosdistro\pixi_rosdistro\install;D:\a\pixi_rosdistro\pixi_rosdistro\.pixi\envs\default\Library PATH=D:\a\pixi_rosdistro\pixi_rosdistro\install\Scripts;%PATH% PIXI_PROMPT=(ros2_rolling) PROMPT=$P$G PYTHONPATH=D:\a\pixi_rosdistro\pixi_rosdistro\install\Lib\site-packages D:\a\pixi_rosdistro\pixi_rosdistro\.pixi\envs\default\Library\bin\cmake.EXE --install D:\a\pixi_rosdistro\pixi_rosdistro\build\ament_cmake_xmllint
