[5.080s] Invoking command in '/home/runner/work/pixi_rosdistro/pixi_rosdistro/build/rclcpp_lifecycle': AMENT_PREFIX_PATH=/home/runner/work/pixi_rosdistro/pixi_rosdistro/install CMAKE_PREFIX_PATH=/home/runner/work/pixi_rosdistro/pixi_rosdistro/install:${CMAKE_PREFIX_PATH} LD_LIBRARY_PATH=/home/runner/work/pixi_rosdistro/pixi_rosdistro/install/lib PATH=/home/runner/work/pixi_rosdistro/pixi_rosdistro/install/bin:/opt/microsoft/powershell/7:${PATH} PIXI_PROMPT=(ros2_rolling) PKG_CONFIG_PATH=/home/runner/work/pixi_rosdistro/pixi_rosdistro/install/lib/pkgconfig PSModulePath=/home/runner/.local/share/powershell/Modules:${PSModulePath} PYTHONPATH=/home/runner/work/pixi_rosdistro/pixi_rosdistro/install/lib/python3.12/site-packages /home/runner/work/pixi_rosdistro/pixi_rosdistro/.pixi/envs/default/bin/cmake /home/runner/work/pixi_rosdistro/pixi_rosdistro/src/ros2/rclcpp/rclcpp_lifecycle -GNinja --no-warn-unused-cli -DCMAKE_BUILD_TYPE=Release -DCMAKE_BUILD_WITH_INSTALL_RPATH:bool=TRUE -DCMAKE_POLICY_VERSION_MINIMUM=3.5 -Wno-deprecated -DSTACK_DETAILS_AUTO_DETECT:bool=FALSE -DSTACK_DETAILS_BFD:bool=FALSE -DTRACETOOLS_DISABLED=ON -DCMAKE_INSTALL_PREFIX=/home/runner/work/pixi_rosdistro/pixi_rosdistro/install
[5.167s] Not searching for unused variables given on the command line.
[5.167s] -- The C compiler identification is GNU 14.3.0
[5.293s] -- The CXX compiler identification is GNU 14.3.0
[5.306s] -- Detecting C compiler ABI info
[5.433s] -- Detecting C compiler ABI info - done
[5.461s] -- Check for working C compiler: /home/runner/work/pixi_rosdistro/pixi_rosdistro/.pixi/envs/default/bin/x86_64-conda-linux-gnu-cc - skipped
[5.461s] -- Detecting C compile features
[5.462s] -- Detecting C compile features - done
[5.479s] -- Detecting CXX compiler ABI info
[5.641s] -- Detecting CXX compiler ABI info - done
[5.677s] -- Check for working CXX compiler: /home/runner/work/pixi_rosdistro/pixi_rosdistro/.pixi/envs/default/bin/x86_64-conda-linux-gnu-c++ - skipped
[5.677s] -- Detecting CXX compile features
[5.679s] -- Detecting CXX compile features - done
[5.694s] -- Found ament_cmake_ros: 0.15.6 (/home/runner/work/pixi_rosdistro/pixi_rosdistro/install/share/ament_cmake_ros/cmake)
[5.975s] -- Found lifecycle_msgs: 2.4.3 (/home/runner/work/pixi_rosdistro/pixi_rosdistro/install/share/lifecycle_msgs/cmake)
[6.012s] -- Found rosidl_generator_c: 5.1.3 (/home/runner/work/pixi_rosdistro/pixi_rosdistro/install/share/rosidl_generator_c/cmake)
[6.024s] -- Found rosidl_generator_cpp: 5.1.3 (/home/runner/work/pixi_rosdistro/pixi_rosdistro/install/share/rosidl_generator_cpp/cmake)
[6.042s] -- Using all available rosidl_typesupport_c: rosidl_typesupport_fastrtps_c;rosidl_typesupport_introspection_c
[6.062s] -- Using all available rosidl_typesupport_cpp: rosidl_typesupport_fastrtps_cpp;rosidl_typesupport_introspection_cpp
[6.161s] -- Found rcl: 10.4.1 (/home/runner/work/pixi_rosdistro/pixi_rosdistro/install/share/rcl/cmake)
[6.225s] -- Found rmw_implementation_cmake: 7.10.0 (/home/runner/work/pixi_rosdistro/pixi_rosdistro/install/share/rmw_implementation_cmake/cmake)
[6.229s] -- Found rmw_fastrtps_cpp: 9.4.5 (/home/runner/work/pixi_rosdistro/pixi_rosdistro/install/share/rmw_fastrtps_cpp/cmake)
[6.274s] -- Using RMW implementation 'rmw_fastrtps_cpp' as default
[6.305s] -- Found rclcpp: 31.0.1 (/home/runner/work/pixi_rosdistro/pixi_rosdistro/install/share/rclcpp/cmake)
[6.378s] -- Found rcl_lifecycle: 10.4.1 (/home/runner/work/pixi_rosdistro/pixi_rosdistro/install/share/rcl_lifecycle/cmake)
[6.385s] -- Found ament_lint_auto: 0.20.3 (/home/runner/work/pixi_rosdistro/pixi_rosdistro/install/share/ament_lint_auto/cmake)
[7.056s] -- Performance tests are disabled by default, so Google Benchmark tests will be skipped. To enable these tests, set the CMake variable 'AMENT_RUN_PERFORMANCE_TESTS'.
[7.063s] -- Found gtest sources under '/home/runner/work/pixi_rosdistro/pixi_rosdistro/install/src/gtest_vendor': C++ tests using 'Google Test' will be built
[7.067s] -- Check if compiler accepts -pthread
[7.209s] -- Check if compiler accepts -pthread - yes
[7.210s] -- Found Threads: TRUE
[7.246s] -- Added test 'copyright' to check source files copyright and LICENSE
[7.250s] -- Added test 'cpplint' to check C / C++ code against the Google style
[7.250s] -- Configured cpplint exclude dirs and/or files: 
[7.252s] -- Added test 'lint_cmake' to check CMake code style
[7.258s] -- Added test 'uncrustify' to check C / C++ code style
[7.258s] -- Configured uncrustify additional arguments: 
[7.259s] -- Added test 'xmllint' to check XML markup files
[7.264s] -- Configuring done (2.2s)
[7.387s] -- Generating done (0.1s)
[7.487s] -- Build files have been written to: /home/runner/work/pixi_rosdistro/pixi_rosdistro/build/rclcpp_lifecycle
[7.503s] Invoked command in '/home/runner/work/pixi_rosdistro/pixi_rosdistro/build/rclcpp_lifecycle' returned '0': AMENT_PREFIX_PATH=/home/runner/work/pixi_rosdistro/pixi_rosdistro/install CMAKE_PREFIX_PATH=/home/runner/work/pixi_rosdistro/pixi_rosdistro/install:${CMAKE_PREFIX_PATH} LD_LIBRARY_PATH=/home/runner/work/pixi_rosdistro/pixi_rosdistro/install/lib PATH=/home/runner/work/pixi_rosdistro/pixi_rosdistro/install/bin:/opt/microsoft/powershell/7:${PATH} PIXI_PROMPT=(ros2_rolling) PKG_CONFIG_PATH=/home/runner/work/pixi_rosdistro/pixi_rosdistro/install/lib/pkgconfig PSModulePath=/home/runner/.local/share/powershell/Modules:${PSModulePath} PYTHONPATH=/home/runner/work/pixi_rosdistro/pixi_rosdistro/install/lib/python3.12/site-packages ROS_DOMAIN_ID=1 /home/runner/work/pixi_rosdistro/pixi_rosdistro/.pixi/envs/default/bin/cmake /home/runner/work/pixi_rosdistro/pixi_rosdistro/src/ros2/rclcpp/rclcpp_lifecycle -GNinja --no-warn-unused-cli -DCMAKE_BUILD_TYPE=Release -DCMAKE_BUILD_WITH_INSTALL_RPATH:bool=TRUE -DCMAKE_POLICY_VERSION_MINIMUM=3.5 -Wno-deprecated -DSTACK_DETAILS_AUTO_DETECT:bool=FALSE -DSTACK_DETAILS_BFD:bool=FALSE -DTRACETOOLS_DISABLED=ON -DCMAKE_INSTALL_PREFIX=/home/runner/work/pixi_rosdistro/pixi_rosdistro/install
[7.506s] Invoking command in '/home/runner/work/pixi_rosdistro/pixi_rosdistro/build/rclcpp_lifecycle': AMENT_PREFIX_PATH=/home/runner/work/pixi_rosdistro/pixi_rosdistro/install CMAKE_PREFIX_PATH=/home/runner/work/pixi_rosdistro/pixi_rosdistro/install:${CMAKE_PREFIX_PATH} LD_LIBRARY_PATH=/home/runner/work/pixi_rosdistro/pixi_rosdistro/install/lib PATH=/home/runner/work/pixi_rosdistro/pixi_rosdistro/install/bin:/opt/microsoft/powershell/7:${PATH} PIXI_PROMPT=(ros2_rolling) PKG_CONFIG_PATH=/home/runner/work/pixi_rosdistro/pixi_rosdistro/install/lib/pkgconfig PSModulePath=/home/runner/.local/share/powershell/Modules:${PSModulePath} PYTHONPATH=/home/runner/work/pixi_rosdistro/pixi_rosdistro/install/lib/python3.12/site-packages ROS_DOMAIN_ID=1 /home/runner/work/pixi_rosdistro/pixi_rosdistro/.pixi/envs/default/bin/cmake --build /home/runner/work/pixi_rosdistro/pixi_rosdistro/build/rclcpp_lifecycle -- -j4 -l4
[8.382s] [1/41] Building CXX object CMakeFiles/rclcpp_lifecycle.dir/src/lifecycle_node.cpp.o
[9.073s] [2/41] Building CXX object CMakeFiles/rclcpp_lifecycle.dir/src/lifecycle_node_interface_impl.cpp.o
[9.300s] [3/41] Building CXX object CMakeFiles/rclcpp_lifecycle.dir/src/managed_entity.cpp.o
[9.773s] [4/41] Building CXX object CMakeFiles/rclcpp_lifecycle.dir/src/node_interfaces/lifecycle_node_interface.cpp.o
[10.180s] [5/41] Building CXX object CMakeFiles/rclcpp_lifecycle.dir/src/state.cpp.o
[10.637s] [6/41] Building CXX object CMakeFiles/rclcpp_lifecycle.dir/src/transition.cpp.o
[11.136s] [7/41] Building CXX object gtest/CMakeFiles/gtest.dir/src/gtest-all.cc.o
[11.455s] [8/41] Building CXX object gtest/CMakeFiles/gtest_main.dir/src/gtest_main.cc.o
[11.551s] [9/41] Linking CXX shared library librclcpp_lifecycle.so
[12.406s] [10/41] Building CXX object CMakeFiles/benchmark_lifecycle_client.dir/test/benchmark/benchmark_lifecycle_client.cpp.o
[13.130s] [11/41] Building CXX object CMakeFiles/benchmark_lifecycle_node.dir/test/benchmark/benchmark_lifecycle_node.cpp.o
[13.520s] [12/41] Building CXX object CMakeFiles/benchmark_state.dir/test/benchmark/benchmark_state.cpp.o
[13.945s] [13/41] Building CXX object CMakeFiles/benchmark_transition.dir/test/benchmark/benchmark_transition.cpp.o
[15.011s] [14/41] Building CXX object CMakeFiles/test_lifecycle_node.dir/test/test_lifecycle_node.cpp.o
[15.866s] [15/41] Building CXX object CMakeFiles/test_lifecycle_node_errors.dir/test/test_lifecycle_node_errors.cpp.o
[16.747s] [16/41] Building CXX object CMakeFiles/test_lifecycle_publisher.dir/test/test_lifecycle_publisher.cpp.o
[17.738s] [17/41] Building CXX object CMakeFiles/test_lifecycle_service_client.dir/test/test_lifecycle_service_client.cpp.o
[18.686s] [18/41] Building CXX object CMakeFiles/test_client.dir/test/test_client.cpp.o
[19.599s] [19/41] Building CXX object CMakeFiles/test_service.dir/test/test_service.cpp.o
[20.506s] [20/41] Building CXX object CMakeFiles/test_state_machine_info.dir/test/test_state_machine_info.cpp.o
[21.564s] [21/41] Building CXX object CMakeFiles/test_register_custom_callbacks.dir/test/test_register_custom_callbacks.cpp.o
[22.519s] [22/41] Building CXX object CMakeFiles/test_callback_exceptions.dir/test/test_callback_exceptions.cpp.o
[23.650s] [23/41] Building CXX object CMakeFiles/test_state_wrapper.dir/test/test_state_wrapper.cpp.o
[24.561s] [24/41] Building CXX object CMakeFiles/test_transition_wrapper.dir/test/test_transition_wrapper.cpp.o
[24.578s] [25/41] Linking CXX static library gtest/libgtest.a
[24.586s] [26/41] Linking CXX static library gtest/libgtest_main.a
[24.676s] [27/41] Linking CXX executable benchmark_lifecycle_client
[24.767s] [28/41] Linking CXX executable benchmark_lifecycle_node
[24.866s] [29/41] Linking CXX executable benchmark_state
[24.947s] [30/41] Linking CXX executable benchmark_transition
[25.121s] [31/41] Linking CXX executable test_lifecycle_node
[25.252s] [32/41] Linking CXX executable test_lifecycle_node_errors
[25.413s] [33/41] Linking CXX executable test_lifecycle_publisher
[25.553s] [34/41] Linking CXX executable test_lifecycle_service_client
[25.677s] [35/41] Linking CXX executable test_client
[25.828s] [36/41] Linking CXX executable test_service
[25.955s] [37/41] Linking CXX executable test_state_machine_info
[26.116s] [38/41] Linking CXX executable test_register_custom_callbacks
[26.244s] [39/41] Linking CXX executable test_callback_exceptions
[26.396s] [40/41] Linking CXX executable test_state_wrapper
[26.594s] [41/41] Linking CXX executable test_transition_wrapper
[26.596s] Invoked command in '/home/runner/work/pixi_rosdistro/pixi_rosdistro/build/rclcpp_lifecycle' returned '0': AMENT_PREFIX_PATH=/home/runner/work/pixi_rosdistro/pixi_rosdistro/install CMAKE_PREFIX_PATH=/home/runner/work/pixi_rosdistro/pixi_rosdistro/install:${CMAKE_PREFIX_PATH} LD_LIBRARY_PATH=/home/runner/work/pixi_rosdistro/pixi_rosdistro/install/lib PATH=/home/runner/work/pixi_rosdistro/pixi_rosdistro/install/bin:/opt/microsoft/powershell/7:${PATH} PIXI_PROMPT=(ros2_rolling) PKG_CONFIG_PATH=/home/runner/work/pixi_rosdistro/pixi_rosdistro/install/lib/pkgconfig PSModulePath=/home/runner/.local/share/powershell/Modules:${PSModulePath} PYTHONPATH=/home/runner/work/pixi_rosdistro/pixi_rosdistro/install/lib/python3.12/site-packages ROS_DOMAIN_ID=1 /home/runner/work/pixi_rosdistro/pixi_rosdistro/.pixi/envs/default/bin/cmake --build /home/runner/work/pixi_rosdistro/pixi_rosdistro/build/rclcpp_lifecycle -- -j4 -l4
[26.598s] Invoking command in '/home/runner/work/pixi_rosdistro/pixi_rosdistro/build/rclcpp_lifecycle': AMENT_PREFIX_PATH=/home/runner/work/pixi_rosdistro/pixi_rosdistro/install CMAKE_PREFIX_PATH=/home/runner/work/pixi_rosdistro/pixi_rosdistro/install:${CMAKE_PREFIX_PATH} LD_LIBRARY_PATH=/home/runner/work/pixi_rosdistro/pixi_rosdistro/install/lib PATH=/home/runner/work/pixi_rosdistro/pixi_rosdistro/install/bin:/opt/microsoft/powershell/7:${PATH} PIXI_PROMPT=(ros2_rolling) PKG_CONFIG_PATH=/home/runner/work/pixi_rosdistro/pixi_rosdistro/install/lib/pkgconfig PSModulePath=/home/runner/.local/share/powershell/Modules:${PSModulePath} PYTHONPATH=/home/runner/work/pixi_rosdistro/pixi_rosdistro/install/lib/python3.12/site-packages ROS_DOMAIN_ID=1 /home/runner/work/pixi_rosdistro/pixi_rosdistro/.pixi/envs/default/bin/cmake --install /home/runner/work/pixi_rosdistro/pixi_rosdistro/build/rclcpp_lifecycle
[26.607s] -- Install configuration: "Release"
[26.607s] -- Installing: /home/runner/work/pixi_rosdistro/pixi_rosdistro/install/lib/librclcpp_lifecycle.so
[26.608s] -- Installing: /home/runner/work/pixi_rosdistro/pixi_rosdistro/install/include/rclcpp_lifecycle
[26.608s] -- Installing: /home/runner/work/pixi_rosdistro/pixi_rosdistro/install/include/rclcpp_lifecycle/rclcpp_lifecycle
[26.609s] -- Installing: /home/runner/work/pixi_rosdistro/pixi_rosdistro/install/include/rclcpp_lifecycle/rclcpp_lifecycle/transition.hpp
[26.609s] -- Installing: /home/runner/work/pixi_rosdistro/pixi_rosdistro/install/include/rclcpp_lifecycle/rclcpp_lifecycle/managed_entity.hpp
[26.609s] -- Installing: /home/runner/work/pixi_rosdistro/pixi_rosdistro/install/include/rclcpp_lifecycle/rclcpp_lifecycle/lifecycle_publisher.hpp
[26.609s] -- Installing: /home/runner/work/pixi_rosdistro/pixi_rosdistro/install/include/rclcpp_lifecycle/rclcpp_lifecycle/state.hpp
[26.610s] -- Installing: /home/runner/work/pixi_rosdistro/pixi_rosdistro/install/include/rclcpp_lifecycle/rclcpp_lifecycle/node_interfaces
[26.610s] -- Installing: /home/runner/work/pixi_rosdistro/pixi_rosdistro/install/include/rclcpp_lifecycle/rclcpp_lifecycle/node_interfaces/lifecycle_node_interface.hpp
[26.610s] -- Installing: /home/runner/work/pixi_rosdistro/pixi_rosdistro/install/include/rclcpp_lifecycle/rclcpp_lifecycle/type_traits
[26.613s] -- Installing: /home/runner/work/pixi_rosdistro/pixi_rosdistro/install/include/rclcpp_lifecycle/rclcpp_lifecycle/type_traits/is_manageable_node.hpp
[26.613s] -- Installing: /home/runner/work/pixi_rosdistro/pixi_rosdistro/install/include/rclcpp_lifecycle/rclcpp_lifecycle/lifecycle_node_impl.hpp
[26.613s] -- Installing: /home/runner/work/pixi_rosdistro/pixi_rosdistro/install/include/rclcpp_lifecycle/rclcpp_lifecycle/visibility_control.h
[26.613s] -- Installing: /home/runner/work/pixi_rosdistro/pixi_rosdistro/install/include/rclcpp_lifecycle/rclcpp_lifecycle/lifecycle_node.hpp
[26.613s] -- Installing: /home/runner/work/pixi_rosdistro/pixi_rosdistro/install/share/rclcpp_lifecycle/environment/library_path.sh
[26.614s] -- Installing: /home/runner/work/pixi_rosdistro/pixi_rosdistro/install/share/rclcpp_lifecycle/environment/library_path.dsv
[26.614s] -- Installing: /home/runner/work/pixi_rosdistro/pixi_rosdistro/install/share/ament_index/resource_index/package_run_dependencies/rclcpp_lifecycle
[26.614s] -- Installing: /home/runner/work/pixi_rosdistro/pixi_rosdistro/install/share/ament_index/resource_index/parent_prefix_path/rclcpp_lifecycle
[26.614s] -- Installing: /home/runner/work/pixi_rosdistro/pixi_rosdistro/install/share/rclcpp_lifecycle/environment/ament_prefix_path.sh
[26.614s] -- Installing: /home/runner/work/pixi_rosdistro/pixi_rosdistro/install/share/rclcpp_lifecycle/environment/ament_prefix_path.dsv
[26.614s] -- Installing: /home/runner/work/pixi_rosdistro/pixi_rosdistro/install/share/rclcpp_lifecycle/environment/path.sh
[26.615s] -- Installing: /home/runner/work/pixi_rosdistro/pixi_rosdistro/install/share/rclcpp_lifecycle/environment/path.dsv
[26.615s] -- Installing: /home/runner/work/pixi_rosdistro/pixi_rosdistro/install/share/rclcpp_lifecycle/local_setup.bash
[26.615s] -- Installing: /home/runner/work/pixi_rosdistro/pixi_rosdistro/install/share/rclcpp_lifecycle/local_setup.fish
[26.615s] -- Installing: /home/runner/work/pixi_rosdistro/pixi_rosdistro/install/share/rclcpp_lifecycle/local_setup.sh
[26.616s] -- Installing: /home/runner/work/pixi_rosdistro/pixi_rosdistro/install/share/rclcpp_lifecycle/local_setup.zsh
[26.616s] -- Installing: /home/runner/work/pixi_rosdistro/pixi_rosdistro/install/share/rclcpp_lifecycle/local_setup.dsv
[26.616s] -- Installing: /home/runner/work/pixi_rosdistro/pixi_rosdistro/install/share/rclcpp_lifecycle/package.dsv
[26.617s] -- Installing: /home/runner/work/pixi_rosdistro/pixi_rosdistro/install/share/ament_index/resource_index/packages/rclcpp_lifecycle
[26.617s] -- Installing: /home/runner/work/pixi_rosdistro/pixi_rosdistro/install/share/rclcpp_lifecycle/cmake/rclcpp_lifecycleExport.cmake
[26.617s] -- Installing: /home/runner/work/pixi_rosdistro/pixi_rosdistro/install/share/rclcpp_lifecycle/cmake/rclcpp_lifecycleExport-release.cmake
[26.617s] -- Installing: /home/runner/work/pixi_rosdistro/pixi_rosdistro/install/share/rclcpp_lifecycle/cmake/ament_cmake_export_include_directories-extras.cmake
[26.618s] -- Installing: /home/runner/work/pixi_rosdistro/pixi_rosdistro/install/share/rclcpp_lifecycle/cmake/ament_cmake_export_libraries-extras.cmake
[26.618s] -- Installing: /home/runner/work/pixi_rosdistro/pixi_rosdistro/install/share/rclcpp_lifecycle/cmake/ament_cmake_export_targets-extras.cmake
[26.618s] -- Installing: /home/runner/work/pixi_rosdistro/pixi_rosdistro/install/share/rclcpp_lifecycle/cmake/ament_cmake_export_dependencies-extras.cmake
[26.618s] -- Installing: /home/runner/work/pixi_rosdistro/pixi_rosdistro/install/share/rclcpp_lifecycle/cmake/rclcpp_lifecycleConfig.cmake
[26.618s] -- Installing: /home/runner/work/pixi_rosdistro/pixi_rosdistro/install/share/rclcpp_lifecycle/cmake/rclcpp_lifecycleConfig-version.cmake
[26.619s] -- Installing: /home/runner/work/pixi_rosdistro/pixi_rosdistro/install/share/rclcpp_lifecycle/package.xml
[26.621s] Invoked command in '/home/runner/work/pixi_rosdistro/pixi_rosdistro/build/rclcpp_lifecycle' returned '0': AMENT_PREFIX_PATH=/home/runner/work/pixi_rosdistro/pixi_rosdistro/install CMAKE_PREFIX_PATH=/home/runner/work/pixi_rosdistro/pixi_rosdistro/install:${CMAKE_PREFIX_PATH} LD_LIBRARY_PATH=/home/runner/work/pixi_rosdistro/pixi_rosdistro/install/lib PATH=/home/runner/work/pixi_rosdistro/pixi_rosdistro/install/bin:/opt/microsoft/powershell/7:${PATH} PIXI_PROMPT=(ros2_rolling) PKG_CONFIG_PATH=/home/runner/work/pixi_rosdistro/pixi_rosdistro/install/lib/pkgconfig PSModulePath=/home/runner/.local/share/powershell/Modules:${PSModulePath} PYTHONPATH=/home/runner/work/pixi_rosdistro/pixi_rosdistro/install/lib/python3.12/site-packages ROS_DOMAIN_ID=1 /home/runner/work/pixi_rosdistro/pixi_rosdistro/.pixi/envs/default/bin/cmake --install /home/runner/work/pixi_rosdistro/pixi_rosdistro/build/rclcpp_lifecycle
