[0.156s] Invoking command in '/Users/runner/work/pixi_rosdistro/pixi_rosdistro/build/fastdds': AMENT_PREFIX_PATH=/Users/runner/work/pixi_rosdistro/pixi_rosdistro/install CMAKE_PREFIX_PATH=/Users/runner/work/pixi_rosdistro/pixi_rosdistro/install DYLD_LIBRARY_PATH=/Users/runner/work/pixi_rosdistro/pixi_rosdistro/install/lib PATH=/Users/runner/work/pixi_rosdistro/pixi_rosdistro/install/bin:${PATH} PIXI_PROMPT=(ros2_rolling) PKG_CONFIG_PATH=/Users/runner/work/pixi_rosdistro/pixi_rosdistro/install/lib/pkgconfig PYTHONPATH=/Users/runner/work/pixi_rosdistro/pixi_rosdistro/install/lib/python3.12/site-packages SHLVL=3 _=/usr/bin/env /Users/runner/work/pixi_rosdistro/pixi_rosdistro/.pixi/envs/default/bin/cmake /Users/runner/work/pixi_rosdistro/pixi_rosdistro/src/eProsima/Fast-DDS -GNinja --no-warn-unused-cli -DCMAKE_BUILD_TYPE=Release -DCMAKE_BUILD_WITH_INSTALL_RPATH:bool=TRUE -DCMAKE_POLICY_VERSION_MINIMUM=3.5 -Wno-deprecated -DSTACK_DETAILS_AUTO_DETECT:bool=FALSE -DSTACK_DETAILS_BFD:bool=FALSE -DCMAKE_INSTALL_PREFIX=/Users/runner/work/pixi_rosdistro/pixi_rosdistro/install
[0.333s] Not searching for unused variables given on the command line.
[0.333s] -- The C compiler identification is AppleClang 17.0.0.17000013
[0.467s] -- The CXX compiler identification is AppleClang 17.0.0.17000013
[0.513s] -- Detecting C compiler ABI info
[0.867s] -- Detecting C compiler ABI info - done
[0.906s] -- Check for working C compiler: /usr/bin/cc - skipped
[0.906s] -- Detecting C compile features
[0.906s] -- Detecting C compile features - done
[0.910s] -- Detecting CXX compiler ABI info
[1.268s] -- Detecting CXX compiler ABI info - done
[1.328s] -- Check for working CXX compiler: /usr/bin/c++ - skipped
[1.328s] -- Detecting CXX compile features
[1.329s] -- Detecting CXX compile features - done
[1.333s] -- Version: 3.4.2.0
[1.339s] -- Performing Test SUPPORTS_NOTFOUND
[1.816s] -- Performing Test SUPPORTS_NOTFOUND - Success
[1.816s] -- Enforced cxx_std_11 CMake feature
[1.816s] -- Setting warnings as errors...
[1.842s] -- Found fastcdr
[4.120s] -- Found Asio 1.36.0: /Users/runner/work/pixi_rosdistro/pixi_rosdistro/.pixi/envs/default/include
[4.120s] -- Found Asio
[4.134s] -- Found TinyXML2: /Users/runner/work/pixi_rosdistro/pixi_rosdistro/.pixi/envs/default/lib/cmake/tinyxml2
[4.134s] -- Found TinyXML2
[4.138s] -- Found foonathan_memory: /Users/runner/work/pixi_rosdistro/pixi_rosdistro/install/lib/foonathan_memory/cmake
[4.141s] -- Looking for pthread.h
[4.626s] -- Looking for pthread.h - found
[4.626s] -- Looking for pthread_kill
[5.119s] -- Looking for pthread_kill - found
[5.120s] -- Found Threads: TRUE
[5.973s] -- Thirdparty/boost compiled OK
[7.342s] -- Found OpenSSL: /opt/homebrew/Cellar/openssl@3/3.6.1/lib/libcrypto.dylib (found version "3.6.1")
[7.343s] -- OpenSSL library 3.6.1 found...
[7.343s] -- Not using a GNU compiler on Windows.
[7.349s] -- Performing Test ATOMIC_WITHOUT_LIB
[7.765s] -- Performing Test ATOMIC_WITHOUT_LIB - Success
[8.483s] -- Forcing third party shared_mutex
[8.484s] -- Performing Test HAS_VERSION_SCRIPT_SUPPORT
[8.614s] -- Performing Test HAS_VERSION_SCRIPT_SUPPORT - Failed
[8.664s] -- Enforced cxx_std_14 CMake feature
[8.690s] -- EPROSIMA_TEST_DNS_NOT_SET_UP: '1'
[8.697s] -- Configuring done (8.5s)
[8.769s] -- Generating done (0.1s)
[8.787s] -- Build files have been written to: /Users/runner/work/pixi_rosdistro/pixi_rosdistro/build/fastdds
[8.792s] Invoked command in '/Users/runner/work/pixi_rosdistro/pixi_rosdistro/build/fastdds' returned '0': AMENT_PREFIX_PATH=/Users/runner/work/pixi_rosdistro/pixi_rosdistro/install CMAKE_PREFIX_PATH=/Users/runner/work/pixi_rosdistro/pixi_rosdistro/install DYLD_LIBRARY_PATH=/Users/runner/work/pixi_rosdistro/pixi_rosdistro/install/lib PATH=/Users/runner/work/pixi_rosdistro/pixi_rosdistro/install/bin:${PATH} PIXI_PROMPT=(ros2_rolling) PKG_CONFIG_PATH=/Users/runner/work/pixi_rosdistro/pixi_rosdistro/install/lib/pkgconfig PYTHONPATH=/Users/runner/work/pixi_rosdistro/pixi_rosdistro/install/lib/python3.12/site-packages ROS_DOMAIN_ID=73 SHLVL=3 _=/usr/bin/env /Users/runner/work/pixi_rosdistro/pixi_rosdistro/.pixi/envs/default/bin/cmake /Users/runner/work/pixi_rosdistro/pixi_rosdistro/src/eProsima/Fast-DDS -GNinja --no-warn-unused-cli -DCMAKE_BUILD_TYPE=Release -DCMAKE_BUILD_WITH_INSTALL_RPATH:bool=TRUE -DCMAKE_POLICY_VERSION_MINIMUM=3.5 -Wno-deprecated -DSTACK_DETAILS_AUTO_DETECT:bool=FALSE -DSTACK_DETAILS_BFD:bool=FALSE -DCMAKE_INSTALL_PREFIX=/Users/runner/work/pixi_rosdistro/pixi_rosdistro/install
[8.793s] Invoking command in '/Users/runner/work/pixi_rosdistro/pixi_rosdistro/build/fastdds': AMENT_PREFIX_PATH=/Users/runner/work/pixi_rosdistro/pixi_rosdistro/install CMAKE_PREFIX_PATH=/Users/runner/work/pixi_rosdistro/pixi_rosdistro/install DYLD_LIBRARY_PATH=/Users/runner/work/pixi_rosdistro/pixi_rosdistro/install/lib PATH=/Users/runner/work/pixi_rosdistro/pixi_rosdistro/install/bin:${PATH} PIXI_PROMPT=(ros2_rolling) PKG_CONFIG_PATH=/Users/runner/work/pixi_rosdistro/pixi_rosdistro/install/lib/pkgconfig PYTHONPATH=/Users/runner/work/pixi_rosdistro/pixi_rosdistro/install/lib/python3.12/site-packages ROS_DOMAIN_ID=73 SHLVL=3 _=/usr/bin/env /Users/runner/work/pixi_rosdistro/pixi_rosdistro/.pixi/envs/default/bin/cmake --build /Users/runner/work/pixi_rosdistro/pixi_rosdistro/build/fastdds -- -j3 -l3
[9.074s] [1/243] Building CXX object src/cpp/CMakeFiles/fastdds.dir/fastdds/topic/DDSSQLFilter/DDSFilterCompoundCondition.cpp.o
[9.550s] [2/243] Building CXX object src/cpp/CMakeFiles/fastdds.dir/fastdds/topic/DDSSQLFilter/DDSFilterExpression.cpp.o
[10.202s] [3/243] Building CXX object src/cpp/CMakeFiles/fastdds.dir/fastdds/topic/DDSSQLFilter/DDSFilterExpressionParser.cpp.o
[10.901s] [4/243] Building CXX object src/cpp/CMakeFiles/fastdds.dir/fastdds/topic/DDSSQLFilter/DDSFilterFactory.cpp.o
[11.367s] [5/243] Building CXX object src/cpp/CMakeFiles/fastdds.dir/fastdds/topic/DDSSQLFilter/DDSFilterField.cpp.o
[11.717s] [6/243] Building CXX object src/cpp/CMakeFiles/fastdds.dir/fastdds/topic/DDSSQLFilter/DDSFilterParameter.cpp.o
[12.128s] [7/243] Building CXX object src/cpp/CMakeFiles/fastdds.dir/fastdds/topic/DDSSQLFilter/DDSFilterPredicate.cpp.o
[12.556s] [8/243] Building CXX object src/cpp/CMakeFiles/fastdds.dir/fastdds/topic/DDSSQLFilter/DDSFilterValue.cpp.o
[12.990s] [9/243] Building CXX object src/cpp/CMakeFiles/fastdds.dir/fastdds/builtin/type_lookup_service/detail/rpc_typesPubSubTypes.cxx.o
[13.525s] [10/243] Building CXX object src/cpp/CMakeFiles/fastdds.dir/fastdds/builtin/type_lookup_service/detail/TypeLookupTypesPubSubTypes.cxx.o
[14.001s] [11/243] Building CXX object src/cpp/CMakeFiles/fastdds.dir/fastdds/builtin/type_lookup_service/TypeLookupManager.cpp.o
[14.556s] [12/243] Building CXX object src/cpp/CMakeFiles/fastdds.dir/fastdds/builtin/type_lookup_service/TypeLookupRequestListener.cpp.o
[15.181s] [13/243] Building CXX object src/cpp/CMakeFiles/fastdds.dir/fastdds/builtin/type_lookup_service/TypeLookupReplyListener.cpp.o
[15.555s] [14/243] Building CXX object src/cpp/CMakeFiles/fastdds.dir/fastdds/core/condition/Condition.cpp.o
[15.947s] [15/243] Building CXX object src/cpp/CMakeFiles/fastdds.dir/fastdds/core/condition/ConditionNotifier.cpp.o
[16.315s] [16/243] Building CXX object src/cpp/CMakeFiles/fastdds.dir/fastdds/core/condition/GuardCondition.cpp.o
[16.692s] [17/243] Building CXX object src/cpp/CMakeFiles/fastdds.dir/fastdds/core/condition/StatusCondition.cpp.o
[17.026s] [18/243] Building CXX object src/cpp/CMakeFiles/fastdds.dir/fastdds/core/condition/StatusConditionImpl.cpp.o
[17.411s] [19/243] Building CXX object src/cpp/CMakeFiles/fastdds.dir/fastdds/core/condition/WaitSet.cpp.o
[17.762s] [20/243] Building CXX object src/cpp/CMakeFiles/fastdds.dir/fastdds/core/condition/WaitSetImpl.cpp.o
[18.119s] [21/243] Building CXX object src/cpp/CMakeFiles/fastdds.dir/fastdds/core/Entity.cpp.o
[18.505s] [22/243] Building CXX object src/cpp/CMakeFiles/fastdds.dir/fastdds/core/policy/ParameterList.cpp.o
[18.915s] [23/243] Building CXX object src/cpp/CMakeFiles/fastdds.dir/fastdds/core/policy/QosPolicyUtils.cpp.o
[19.272s] [24/243] Building CXX object src/cpp/CMakeFiles/fastdds.dir/fastdds/core/Time_t.cpp.o
[19.655s] [25/243] Building CXX object src/cpp/CMakeFiles/fastdds.dir/fastdds/domain/DomainParticipant.cpp.o
[20.106s] [26/243] Building CXX object src/cpp/CMakeFiles/fastdds.dir/fastdds/domain/DomainParticipantFactory.cpp.o
[21.170s] [27/243] Building CXX object src/cpp/CMakeFiles/fastdds.dir/fastdds/domain/DomainParticipantImpl.cpp.o
[21.517s] [28/243] Building CXX object src/cpp/CMakeFiles/fastdds.dir/fastdds/domain/qos/DomainParticipantFactoryQos.cpp.o
[21.942s] [29/243] Building CXX object src/cpp/CMakeFiles/fastdds.dir/fastdds/domain/qos/DomainParticipantQos.cpp.o
[22.286s] [30/243] Building CXX object src/cpp/CMakeFiles/fastdds.dir/fastdds/log/FileConsumer.cpp.o
[22.648s] [31/243] Building CXX object src/cpp/CMakeFiles/fastdds.dir/fastdds/log/Log.cpp.o
[23.022s] [32/243] Building CXX object src/cpp/CMakeFiles/fastdds.dir/fastdds/log/OStreamConsumer.cpp.o
[23.382s] [33/243] Building CXX object src/cpp/CMakeFiles/fastdds.dir/fastdds/log/StdoutConsumer.cpp.o
[23.838s] [34/243] Building CXX object src/cpp/CMakeFiles/fastdds.dir/fastdds/log/StdoutErrConsumer.cpp.o
[24.324s] [35/243] Building CXX object src/cpp/CMakeFiles/fastdds.dir/fastdds/publisher/DataWriter.cpp.o
[24.689s] [36/243] Building CXX object src/cpp/CMakeFiles/fastdds.dir/fastdds/publisher/DataWriterHistory.cpp.o
[25.336s] [37/243] Building CXX object src/cpp/CMakeFiles/fastdds.dir/fastdds/publisher/DataWriterImpl.cpp.o
[25.803s] [38/243] Building CXX object src/cpp/CMakeFiles/fastdds.dir/fastdds/publisher/Publisher.cpp.o
[26.451s] [39/243] Building CXX object src/cpp/CMakeFiles/fastdds.dir/fastdds/publisher/PublisherImpl.cpp.o
[26.779s] [40/243] Building CXX object src/cpp/CMakeFiles/fastdds.dir/fastdds/publisher/qos/DataWriterQos.cpp.o
[27.161s] [41/243] Building CXX object src/cpp/CMakeFiles/fastdds.dir/fastdds/publisher/qos/PublisherQos.cpp.o
[27.548s] [42/243] Building CXX object src/cpp/CMakeFiles/fastdds.dir/fastdds/publisher/qos/WriterQos.cpp.o
[27.941s] [43/243] Building CXX object src/cpp/CMakeFiles/fastdds.dir/fastdds/rpc/ServiceImpl.cpp.o
[28.301s] [44/243] Building CXX object src/cpp/CMakeFiles/fastdds.dir/fastdds/rpc/ReplierImpl.cpp.o
[28.824s] [45/243] Building CXX object src/cpp/CMakeFiles/fastdds.dir/fastdds/rpc/RequesterImpl.cpp.o
[29.274s] [46/243] Building CXX object src/cpp/CMakeFiles/fastdds.dir/fastdds/rpc/RPCTypeObjectSupport.cpp.o
[29.618s] [47/243] Building CXX object src/cpp/CMakeFiles/fastdds.dir/fastdds/rpc/ServiceTypeSupport.cpp.o
[30.073s] [48/243] Building CXX object src/cpp/CMakeFiles/fastdds.dir/fastdds/subscriber/DataReader.cpp.o
[30.743s] [49/243] Building CXX object src/cpp/CMakeFiles/fastdds.dir/fastdds/subscriber/DataReaderImpl.cpp.o
[31.262s] [50/243] Building CXX object src/cpp/CMakeFiles/fastdds.dir/fastdds/subscriber/history/DataReaderHistory.cpp.o
[31.637s] [51/243] Building CXX object src/cpp/CMakeFiles/fastdds.dir/fastdds/subscriber/qos/DataReaderQos.cpp.o
[32.187s] [52/243] Building CXX object src/cpp/CMakeFiles/fastdds.dir/fastdds/subscriber/qos/ReaderQos.cpp.o
[34.055s] [53/243] Building CXX object src/cpp/CMakeFiles/fastdds.dir/fastdds/subscriber/qos/SubscriberQos.cpp.o
[34.466s] [54/243] Building CXX object src/cpp/CMakeFiles/fastdds.dir/fastdds/subscriber/ReadCondition.cpp.o
[34.890s] [55/243] Building CXX object src/cpp/CMakeFiles/fastdds.dir/fastdds/subscriber/Subscriber.cpp.o
[35.486s] [56/243] Building CXX object src/cpp/CMakeFiles/fastdds.dir/fastdds/subscriber/SubscriberImpl.cpp.o
[36.118s] [57/243] Building CXX object src/cpp/CMakeFiles/fastdds.dir/fastdds/topic/ContentFilteredTopic.cpp.o
[36.868s] [58/243] Building CXX object src/cpp/CMakeFiles/fastdds.dir/fastdds/topic/ContentFilteredTopicImpl.cpp.o
[37.266s] [59/243] Building CXX object src/cpp/CMakeFiles/fastdds.dir/fastdds/topic/qos/TopicQos.cpp.o
[37.701s] [60/243] Building CXX object src/cpp/CMakeFiles/fastdds.dir/fastdds/topic/Topic.cpp.o
[38.096s] [61/243] Building CXX object src/cpp/CMakeFiles/fastdds.dir/fastdds/topic/TopicImpl.cpp.o
[38.506s] [62/243] Building CXX object src/cpp/CMakeFiles/fastdds.dir/fastdds/topic/TopicProxyFactory.cpp.o
[38.993s] [63/243] Building CXX object src/cpp/CMakeFiles/fastdds.dir/fastdds/topic/TypeSupport.cpp.o
[39.453s] [64/243] Building CXX object src/cpp/CMakeFiles/fastdds.dir/fastdds/utils/QosConverters.cpp.o
[40.011s] [65/243] Building CXX object src/cpp/CMakeFiles/fastdds.dir/fastdds/utils/TypePropagation.cpp.o
[40.429s] [66/243] Building CXX object src/cpp/CMakeFiles/fastdds.dir/fastdds/xtypes/dynamic_types/AnnotationDescriptorImpl.cpp.o
[40.841s] [67/243] Building CXX object src/cpp/CMakeFiles/fastdds.dir/fastdds/xtypes/dynamic_types/DynamicDataFactory.cpp.o
[41.629s] [68/243] Building CXX object src/cpp/CMakeFiles/fastdds.dir/fastdds/xtypes/dynamic_types/DynamicDataImpl.cpp.o
[42.153s] [69/243] Building CXX object src/cpp/CMakeFiles/fastdds.dir/fastdds/xtypes/dynamic_types/DynamicDataFactoryImpl.cpp.o
[42.662s] [70/243] Building CXX object src/cpp/CMakeFiles/fastdds.dir/fastdds/xtypes/dynamic_types/DynamicPubSubType.cpp.o
[43.075s] [71/243] Building CXX object src/cpp/CMakeFiles/fastdds.dir/fastdds/xtypes/dynamic_types/DynamicTypeImpl.cpp.o
[43.537s] [72/243] Building CXX object src/cpp/CMakeFiles/fastdds.dir/fastdds/xtypes/dynamic_types/DynamicTypeBuilderFactory.cpp.o
[43.960s] [73/243] Building CXX object src/cpp/CMakeFiles/fastdds.dir/fastdds/xtypes/dynamic_types/DynamicTypeBuilderImpl.cpp.o
[45.440s] [74/243] Building CXX object src/cpp/CMakeFiles/fastdds.dir/fastdds/xtypes/dynamic_types/DynamicTypeBuilderFactoryImpl.cpp.o
[45.795s] [75/243] Building CXX object src/cpp/CMakeFiles/fastdds.dir/fastdds/xtypes/dynamic_types/DynamicTypeMemberImpl.cpp.o
[46.342s] [76/243] Building CXX object src/cpp/CMakeFiles/fastdds.dir/fastdds/xtypes/dynamic_types/MemberDescriptorImpl.cpp.o
[46.893s] [77/243] Building CXX object src/cpp/CMakeFiles/fastdds.dir/fastdds/xtypes/dynamic_types/TypeDescriptorImpl.cpp.o
[47.351s] [78/243] Building CXX object src/cpp/CMakeFiles/fastdds.dir/fastdds/xtypes/dynamic_types/VerbatimTextDescriptorImpl.cpp.o
[47.824s] [79/243] Building CXX object src/cpp/CMakeFiles/fastdds.dir/fastdds/xtypes/exception/Exception.cpp.o
[48.397s] [80/243] Building CXX object src/cpp/CMakeFiles/fastdds.dir/fastdds/xtypes/serializers/idl/dynamic_type_idl.cpp.o
[48.899s] [81/243] Building CXX object src/cpp/CMakeFiles/fastdds.dir/fastdds/xtypes/serializers/json/dynamic_data_json.cpp.o
[49.451s] [82/243] Building CXX object src/cpp/CMakeFiles/fastdds.dir/fastdds/xtypes/serializers/json/json_dynamic_data.cpp.o
[50.170s] [83/243] Building CXX object src/cpp/CMakeFiles/fastdds.dir/fastdds/xtypes/type_representation/dds_xtypes_typeobjectPubSubTypes.cxx.o
[50.766s] [84/243] Building CXX object src/cpp/CMakeFiles/fastdds.dir/fastdds/xtypes/type_representation/TypeObjectRegistry.cpp.o
[51.459s] [85/243] Building CXX object src/cpp/CMakeFiles/fastdds.dir/fastdds/xtypes/type_representation/TypeObjectUtils.cpp.o
[51.832s] [86/243] Building CXX object src/cpp/CMakeFiles/fastdds.dir/fastdds/xtypes/utils.cpp.o
[52.068s] [87/243] Building CXX object src/cpp/CMakeFiles/fastdds.dir/rtps/attributes/EndpointSecurityAttributes.cpp.o
[52.512s] [88/243] Building CXX object src/cpp/CMakeFiles/fastdds.dir/rtps/attributes/PropertyPolicy.cpp.o
[52.886s] [89/243] Building CXX object src/cpp/CMakeFiles/fastdds.dir/rtps/attributes/RTPSParticipantAttributes.cpp.o
[53.367s] [90/243] Building CXX object src/cpp/CMakeFiles/fastdds.dir/rtps/attributes/ServerAttributes.cpp.o
[53.622s] [91/243] Building CXX object src/cpp/CMakeFiles/fastdds.dir/rtps/attributes/ThreadSettings.cpp.o
[54.153s] [92/243] Building CXX object src/cpp/CMakeFiles/fastdds.dir/rtps/builtin/BuiltinProtocols.cpp.o
[54.518s] [93/243] Building CXX object src/cpp/CMakeFiles/fastdds.dir/rtps/builtin/data/ParticipantBuiltinTopicData.cpp.o
[55.000s] [94/243] Building CXX object src/cpp/CMakeFiles/fastdds.dir/rtps/builtin/data/ParticipantProxyData.cpp.o
[55.559s] [95/243] Building CXX object src/cpp/CMakeFiles/fastdds.dir/rtps/builtin/data/PublicationBuiltinTopicData.cpp.o
[56.085s] [96/243] Building CXX object src/cpp/CMakeFiles/fastdds.dir/rtps/builtin/data/SubscriptionBuiltinTopicData.cpp.o
[56.858s] [97/243] Building CXX object src/cpp/CMakeFiles/fastdds.dir/rtps/builtin/data/ReaderProxyData.cpp.o
[57.720s] [98/243] Building CXX object src/cpp/CMakeFiles/fastdds.dir/rtps/builtin/data/WriterProxyData.cpp.o
[58.198s] [99/243] Building CXX object src/cpp/CMakeFiles/fastdds.dir/rtps/builtin/discovery/database/backup/SharedBackupFunctions.cpp.o
[58.787s] [100/243] Building CXX object src/cpp/CMakeFiles/fastdds.dir/rtps/builtin/discovery/database/DiscoveryDataBase.cpp.o
[59.338s] [101/243] Building CXX object src/cpp/CMakeFiles/fastdds.dir/rtps/builtin/discovery/database/DiscoveryParticipantInfo.cpp.o
[59.718s] [102/243] Building CXX object src/cpp/CMakeFiles/fastdds.dir/rtps/builtin/discovery/database/DiscoveryParticipantsAckStatus.cpp.o
[60.293s] [103/243] Building CXX object src/cpp/CMakeFiles/fastdds.dir/rtps/builtin/discovery/database/DiscoverySharedInfo.cpp.o
[60.861s] [104/243] Building CXX object src/cpp/CMakeFiles/fastdds.dir/rtps/builtin/discovery/endpoint/EDP.cpp.o
[61.228s] [105/243] Building CXX object src/cpp/CMakeFiles/fastdds.dir/rtps/builtin/discovery/endpoint/EDPClient.cpp.o
[61.719s] [106/243] Building CXX object src/cpp/CMakeFiles/fastdds.dir/rtps/builtin/discovery/endpoint/EDPServer.cpp.o
[62.180s] [107/243] Building CXX object src/cpp/CMakeFiles/fastdds.dir/rtps/builtin/discovery/endpoint/EDPServerListeners.cpp.o
[62.559s] [108/243] Building CXX object src/cpp/CMakeFiles/fastdds.dir/rtps/builtin/discovery/endpoint/EDPSimple.cpp.o
[62.923s] [109/243] Building CXX object src/cpp/CMakeFiles/fastdds.dir/rtps/builtin/discovery/endpoint/EDPSimpleListeners.cpp.o
[63.318s] [110/243] Building CXX object src/cpp/CMakeFiles/fastdds.dir/rtps/builtin/discovery/endpoint/EDPStatic.cpp.o
[63.685s] [111/243] Building CXX object src/cpp/CMakeFiles/fastdds.dir/rtps/builtin/discovery/participant/DirectMessageSender.cpp.o
[64.201s] [112/243] Building CXX object src/cpp/CMakeFiles/fastdds.dir/rtps/builtin/discovery/participant/PDP.cpp.o
[64.634s] [113/243] Building CXX object src/cpp/CMakeFiles/fastdds.dir/rtps/builtin/discovery/participant/PDPClient.cpp.o
[65.011s] [114/243] Building CXX object src/cpp/CMakeFiles/fastdds.dir/rtps/builtin/discovery/participant/PDPClientListener.cpp.o
[65.357s] [115/243] Building CXX object src/cpp/CMakeFiles/fastdds.dir/rtps/builtin/discovery/participant/PDPListener.cpp.o
[65.968s] [116/243] Building CXX object src/cpp/CMakeFiles/fastdds.dir/rtps/builtin/discovery/participant/PDPServer.cpp.o
[66.329s] [117/243] Building CXX object src/cpp/CMakeFiles/fastdds.dir/rtps/builtin/discovery/participant/PDPServerListener.cpp.o
[66.729s] [118/243] Building CXX object src/cpp/CMakeFiles/fastdds.dir/rtps/builtin/discovery/participant/PDPSimple.cpp.o
[67.153s] [119/243] Building CXX object src/cpp/CMakeFiles/fastdds.dir/rtps/builtin/discovery/participant/simple/PDPStatelessWriter.cpp.o
[67.669s] [120/243] Building CXX object src/cpp/CMakeFiles/fastdds.dir/rtps/builtin/discovery/participant/timedevent/DSClientEvent.cpp.o
[68.097s] [121/243] Building CXX object src/cpp/CMakeFiles/fastdds.dir/rtps/builtin/discovery/participant/timedevent/DServerEvent.cpp.o
[68.552s] [122/243] Building CXX object src/cpp/CMakeFiles/fastdds.dir/rtps/builtin/liveliness/WLP.cpp.o
[69.072s] [123/243] Building CXX object src/cpp/CMakeFiles/fastdds.dir/rtps/builtin/liveliness/WLPListener.cpp.o
[69.470s] [124/243] Building CXX object src/cpp/CMakeFiles/fastdds.dir/rtps/common/GuidPrefix_t.cpp.o
[69.845s] [125/243] Building CXX object src/cpp/CMakeFiles/fastdds.dir/rtps/common/SerializedPayload.cpp.o
[70.202s] [126/243] Building CXX object src/cpp/CMakeFiles/fastdds.dir/rtps/common/LocatorWithMask.cpp.o
[70.541s] [127/243] Building CXX object src/cpp/CMakeFiles/fastdds.dir/rtps/common/Time_t.cpp.o
[70.864s] [128/243] Building CXX object src/cpp/CMakeFiles/fastdds.dir/rtps/common/Token.cpp.o
[71.611s] [129/243] Building CXX object src/cpp/CMakeFiles/fastdds.dir/rtps/DataSharing/DataSharingListener.cpp.o
[72.310s] [130/243] Building CXX object src/cpp/CMakeFiles/fastdds.dir/rtps/DataSharing/DataSharingNotification.cpp.o
[73.059s] [131/243] Building CXX object src/cpp/CMakeFiles/fastdds.dir/rtps/DataSharing/DataSharingPayloadPool.cpp.o
[73.530s] [132/243] Building CXX object src/cpp/CMakeFiles/fastdds.dir/rtps/exceptions/Exception.cpp.o
[73.761s] [133/243] Building CXX object src/cpp/CMakeFiles/fastdds.dir/rtps/flowcontrol/FlowControllerConsts.cpp.o
[74.217s] [134/243] Building CXX object src/cpp/CMakeFiles/fastdds.dir/rtps/flowcontrol/FlowControllerFactory.cpp.o
[74.783s] [135/243] Building CXX object src/cpp/CMakeFiles/fastdds.dir/rtps/history/CacheChangePool.cpp.o
[75.331s] [136/243] Building CXX object src/cpp/CMakeFiles/fastdds.dir/rtps/history/History.cpp.o
[75.686s] [137/243] Building CXX object src/cpp/CMakeFiles/fastdds.dir/rtps/history/ReaderHistory.cpp.o
[76.101s] [138/243] Building CXX object src/cpp/CMakeFiles/fastdds.dir/rtps/history/TopicPayloadPool.cpp.o
[76.508s] [139/243] Building CXX object src/cpp/CMakeFiles/fastdds.dir/rtps/history/TopicPayloadPoolRegistry.cpp.o
[76.919s] [140/243] Building CXX object src/cpp/CMakeFiles/fastdds.dir/rtps/history/WriterHistory.cpp.o
[77.420s] [141/243] Building CXX object src/cpp/CMakeFiles/fastdds.dir/rtps/messages/CDRMessage.cpp.o
[78.007s] [142/243] Building CXX object src/cpp/CMakeFiles/fastdds.dir/rtps/messages/MessageReceiver.cpp.o
[78.462s] [143/243] Building CXX object src/cpp/CMakeFiles/fastdds.dir/rtps/messages/RTPSGapBuilder.cpp.o
[78.862s] [144/243] Building CXX object src/cpp/CMakeFiles/fastdds.dir/rtps/messages/RTPSMessageCreator.cpp.o
[79.262s] [145/243] Building CXX object src/cpp/CMakeFiles/fastdds.dir/rtps/messages/RTPSMessageGroup.cpp.o
[79.645s] [146/243] Building CXX object src/cpp/CMakeFiles/fastdds.dir/rtps/messages/SendBuffersManager.cpp.o
[80.283s] [147/243] Building CXX object src/cpp/CMakeFiles/fastdds.dir/rtps/network/NetworkBuffer.cpp.o
[80.606s] [148/243] Building CXX object src/cpp/CMakeFiles/fastdds.dir/rtps/network/NetworkConfiguration.cpp.o
[81.206s] [149/243] Building CXX object src/cpp/CMakeFiles/fastdds.dir/rtps/network/NetworkFactory.cpp.o
[81.575s] [150/243] Building CXX object src/cpp/CMakeFiles/fastdds.dir/rtps/network/ReceiverResource.cpp.o
[81.978s] [151/243] Building CXX object src/cpp/CMakeFiles/fastdds.dir/rtps/network/utils/external_locators.cpp.o
[82.318s] [152/243] Building CXX object src/cpp/CMakeFiles/fastdds.dir/rtps/network/utils/netmask_filter.cpp.o
[82.602s] [153/243] Building CXX object src/cpp/CMakeFiles/fastdds.dir/rtps/network/utils/network.cpp.o
[82.963s] [154/243] Building CXX object src/cpp/CMakeFiles/fastdds.dir/rtps/participant/RTPSParticipant.cpp.o
[83.726s] [155/243] Building CXX object src/cpp/CMakeFiles/fastdds.dir/rtps/participant/RTPSParticipantImpl.cpp.o
[84.140s] [156/243] Building CXX object src/cpp/CMakeFiles/fastdds.dir/rtps/persistence/PersistenceFactory.cpp.o
[84.635s] [157/243] Building CXX object src/cpp/CMakeFiles/fastdds.dir/rtps/reader/BaseReader.cpp.o
[85.057s] [158/243] Building CXX object src/cpp/CMakeFiles/fastdds.dir/rtps/reader/reader_utils.cpp.o
[85.473s] [159/243] Building CXX object src/cpp/CMakeFiles/fastdds.dir/rtps/reader/RTPSReader.cpp.o
[85.842s] [160/243] Building CXX object src/cpp/CMakeFiles/fastdds.dir/rtps/reader/StatefulPersistentReader.cpp.o
[86.401s] [161/243] Building CXX object src/cpp/CMakeFiles/fastdds.dir/rtps/reader/StatefulReader.cpp.o
[86.870s] [162/243] Building CXX object src/cpp/CMakeFiles/fastdds.dir/rtps/reader/StatelessPersistentReader.cpp.o
[87.411s] [163/243] Building CXX object src/cpp/CMakeFiles/fastdds.dir/rtps/reader/StatelessReader.cpp.o
[87.819s] [164/243] Building CXX object src/cpp/CMakeFiles/fastdds.dir/rtps/reader/WriterProxy.cpp.o
[88.189s] [165/243] Building CXX object src/cpp/CMakeFiles/fastdds.dir/rtps/resources/ResourceEvent.cpp.o
[88.546s] [166/243] Building CXX object src/cpp/CMakeFiles/fastdds.dir/rtps/resources/TimedEvent.cpp.o
[89.004s] [167/243] Building CXX object src/cpp/CMakeFiles/fastdds.dir/rtps/resources/TimedEventImpl.cpp.o
[89.657s] [168/243] Building CXX object src/cpp/CMakeFiles/fastdds.dir/rtps/domain/RTPSDomain.cpp.o
[90.044s] [169/243] Building CXX object src/cpp/CMakeFiles/fastdds.dir/rtps/transport/ChainingTransport.cpp.o
[90.432s] [170/243] Building CXX object src/cpp/CMakeFiles/fastdds.dir/rtps/transport/ChannelResource.cpp.o
[90.826s] [171/243] Building CXX object src/cpp/CMakeFiles/fastdds.dir/rtps/transport/network/NetmaskFilterKind.cpp.o
[91.231s] [172/243] Building CXX object src/cpp/CMakeFiles/fastdds.dir/rtps/transport/network/NetworkInterface.cpp.o
[91.564s] [173/243] Building CXX object src/cpp/CMakeFiles/fastdds.dir/rtps/transport/network/NetworkInterfaceWithFilter.cpp.o
[91.887s] [174/243] Building CXX object src/cpp/CMakeFiles/fastdds.dir/rtps/transport/PortBasedTransportDescriptor.cpp.o
[92.210s] [175/243] Building CXX object src/cpp/CMakeFiles/fastdds.dir/rtps/transport/shared_mem/SharedMemTransportDescriptor.cpp.o
[92.722s] [176/243] Building CXX object src/cpp/CMakeFiles/fastdds.dir/rtps/transport/tcp/RTCPMessageManager.cpp.o
[93.049s] [177/243] Building CXX object src/cpp/CMakeFiles/fastdds.dir/rtps/transport/tcp/TCPControlMessage.cpp.o
[93.632s] [178/243] Building CXX object src/cpp/CMakeFiles/fastdds.dir/rtps/transport/TCPAcceptor.cpp.o
[94.206s] [179/243] Building CXX object src/cpp/CMakeFiles/fastdds.dir/rtps/transport/TCPAcceptorBasic.cpp.o
[94.809s] [180/243] Building CXX object src/cpp/CMakeFiles/fastdds.dir/rtps/transport/TCPChannelResource.cpp.o
[95.446s] [181/243] Building CXX object src/cpp/CMakeFiles/fastdds.dir/rtps/transport/TCPChannelResourceBasic.cpp.o
[96.190s] [182/243] Building CXX object src/cpp/CMakeFiles/fastdds.dir/rtps/transport/TCPTransportInterface.cpp.o
[96.664s] [183/243] Building CXX object src/cpp/CMakeFiles/fastdds.dir/rtps/transport/TCPv4Transport.cpp.o
[97.152s] [184/243] Building CXX object src/cpp/CMakeFiles/fastdds.dir/rtps/transport/TCPv6Transport.cpp.o
[97.640s] [185/243] Building CXX object src/cpp/CMakeFiles/fastdds.dir/rtps/transport/test_UDPv4Transport.cpp.o
[98.079s] [186/243] Building CXX object src/cpp/CMakeFiles/fastdds.dir/rtps/transport/TransportInterface.cpp.o
[98.537s] [187/243] Building CXX object src/cpp/CMakeFiles/fastdds.dir/rtps/transport/UDPChannelResource.cpp.o
[99.075s] [188/243] Building CXX object src/cpp/CMakeFiles/fastdds.dir/rtps/transport/UDPTransportInterface.cpp.o
[99.553s] [189/243] Building CXX object src/cpp/CMakeFiles/fastdds.dir/rtps/transport/UDPv4Transport.cpp.o
[100.193s] [190/243] Building CXX object src/cpp/CMakeFiles/fastdds.dir/rtps/transport/UDPv6Transport.cpp.o
[100.697s] [191/243] Building CXX object src/cpp/CMakeFiles/fastdds.dir/rtps/writer/BaseWriter.cpp.o
[101.088s] [192/243] Building CXX object src/cpp/CMakeFiles/fastdds.dir/rtps/writer/LivelinessManager.cpp.o
[101.424s] [193/243] Building CXX object src/cpp/CMakeFiles/fastdds.dir/rtps/writer/LocatorSelectorSender.cpp.o
[101.861s] [194/243] Building CXX object src/cpp/CMakeFiles/fastdds.dir/rtps/writer/PersistentWriter.cpp.o
[102.272s] [195/243] Building CXX object src/cpp/CMakeFiles/fastdds.dir/rtps/writer/ReaderLocator.cpp.o
[102.709s] [196/243] Building CXX object src/cpp/CMakeFiles/fastdds.dir/rtps/writer/ReaderProxy.cpp.o
[103.108s] [197/243] Building CXX object src/cpp/CMakeFiles/fastdds.dir/rtps/writer/RTPSWriter.cpp.o
[103.455s] [198/243] Building CXX object src/cpp/CMakeFiles/fastdds.dir/rtps/writer/StatefulPersistentWriter.cpp.o
[104.056s] [199/243] Building CXX object src/cpp/CMakeFiles/fastdds.dir/rtps/writer/StatefulWriter.cpp.o
[104.449s] [200/243] Building CXX object src/cpp/CMakeFiles/fastdds.dir/rtps/writer/StatelessPersistentWriter.cpp.o
[105.060s] [201/243] Building CXX object src/cpp/CMakeFiles/fastdds.dir/rtps/writer/StatelessWriter.cpp.o
[105.433s] [202/243] Building CXX object src/cpp/CMakeFiles/fastdds.dir/statistics/fastdds/domain/DomainParticipant.cpp.o
[105.785s] [203/243] Building CXX object src/cpp/CMakeFiles/fastdds.dir/statistics/fastdds/publisher/qos/DataWriterQos.cpp.o
[106.323s] [204/243] Building CXX object src/cpp/CMakeFiles/fastdds.dir/statistics/fastdds/subscriber/qos/DataReaderQos.cpp.o
[108.163s] [205/243] Building CXX object src/cpp/CMakeFiles/fastdds.dir/utils/Host.cpp.o
[108.609s] [206/243] Building CXX object src/cpp/CMakeFiles/fastdds.dir/utils/IPFinder.cpp.o
[109.452s] [207/243] Building CXX object src/cpp/CMakeFiles/fastdds.dir/utils/IPLocator.cpp.o
[109.865s] [208/243] Building CXX object src/cpp/CMakeFiles/fastdds.dir/utils/md5.cpp.o
[110.381s] [209/243] Building CXX object src/cpp/CMakeFiles/fastdds.dir/utils/StringMatching.cpp.o
[110.841s] [210/243] Building CXX object src/cpp/CMakeFiles/fastdds.dir/utils/SystemInfo.cpp.o
[111.193s] [211/243] Building CXX object src/cpp/CMakeFiles/fastdds.dir/utils/TimedConditionVariable.cpp.o
[111.569s] [212/243] Building CXX object src/cpp/CMakeFiles/fastdds.dir/utils/UnitsParser.cpp.o
[112.029s] [213/243] Building CXX object src/cpp/CMakeFiles/fastdds.dir/xmlparser/attributes/TopicAttributes.cpp.o
[112.485s] [214/243] Building CXX object src/cpp/CMakeFiles/fastdds.dir/xmlparser/XMLDynamicParser.cpp.o
[113.118s] [215/243] Building CXX object src/cpp/CMakeFiles/fastdds.dir/xmlparser/XMLElementParser.cpp.o
[113.525s] [216/243] Building CXX object src/cpp/CMakeFiles/fastdds.dir/xmlparser/XMLEndpointParser.cpp.o
[114.239s] [217/243] Building CXX object src/cpp/CMakeFiles/fastdds.dir/xmlparser/XMLParser.cpp.o
[114.721s] [218/243] Building CXX object src/cpp/CMakeFiles/fastdds.dir/xmlparser/XMLParserCommon.cpp.o
[115.269s] [219/243] Building CXX object src/cpp/CMakeFiles/fastdds.dir/xmlparser/XMLProfileManager.cpp.o
[116.039s] [220/243] Building CXX object src/cpp/CMakeFiles/fastdds.dir/statistics/fastdds/domain/DomainParticipantImpl.cpp.o
[116.448s] [221/243] Building CXX object src/cpp/CMakeFiles/fastdds.dir/statistics/fastdds/domain/DomainParticipantStatisticsListener.cpp.o
[116.883s] [222/243] Building CXX object src/cpp/CMakeFiles/fastdds.dir/statistics/rtps/monitor-service/MonitorService.cpp.o
[117.250s] [223/243] Building CXX object src/cpp/CMakeFiles/fastdds.dir/statistics/rtps/monitor-service/MonitorServiceListener.cpp.o
[117.674s] [224/243] Building CXX object src/cpp/CMakeFiles/fastdds.dir/statistics/rtps/reader/StatisticsReaderImpl.cpp.o
[118.086s] [225/243] Building CXX object src/cpp/CMakeFiles/fastdds.dir/statistics/rtps/StatisticsBase.cpp.o
[118.439s] [226/243] Building CXX object src/cpp/CMakeFiles/fastdds.dir/statistics/rtps/writer/StatisticsWriterImpl.cpp.o
[118.848s] [227/243] Building CXX object src/cpp/CMakeFiles/fastdds.dir/statistics/types/monitorservice_typesPubSubTypes.cxx.o
[119.337s] [228/243] Building CXX object src/cpp/CMakeFiles/fastdds.dir/statistics/types/monitorservice_typesTypeObjectSupport.cxx.o
[119.710s] [229/243] Building CXX object src/cpp/CMakeFiles/fastdds.dir/statistics/types/typesPubSubTypes.cxx.o
[120.216s] [230/243] Building CXX object src/cpp/CMakeFiles/fastdds.dir/statistics/types/typesTypeObjectSupport.cxx.o
[120.909s] [231/243] Building CXX object src/cpp/CMakeFiles/fastdds.dir/rtps/transport/shared_mem/test_SharedMemTransport.cpp.o
[121.752s] [232/243] Building CXX object src/cpp/CMakeFiles/fastdds.dir/rtps/transport/shared_mem/SharedMemTransport.cpp.o
[122.419s] [233/243] Building CXX object src/cpp/CMakeFiles/fastdds.dir/rtps/transport/TCPChannelResourceSecure.cpp.o
[122.941s] [234/243] Building CXX object src/cpp/CMakeFiles/fastdds.dir/rtps/transport/TCPAcceptorSecure.cpp.o
[123.306s] [235/243] Building CXX object src/cpp/CMakeFiles/fastdds.dir/rtps/persistence/SQLite3PersistenceService.cpp.o
[124.154s] [236/243] Building C object src/cpp/CMakeFiles/fastdds.dir/rtps/persistence/sqlite3.c.o
[124.547s] [237/243] Building CXX object src/cpp/CMakeFiles/fastdds.dir/rtps/domain/RTPSDomainExtras.cpp.o
[124.932s] [238/243] Building CXX object src/cpp/CMakeFiles/fastdds.dir/xmlparser/XMLParserExtras.cpp.o
[125.303s] [239/243] Linking CXX shared library src/cpp/libfastdds.3.4.2.0.dylib
[125.329s] [240/243] Creating library symlink src/cpp/libfastdds.3.4.dylib src/cpp/libfastdds.dylib
[125.743s] [241/243] Building CXX object tools/fds/CMakeFiles/fast-discovery-server.dir/CliDiscoveryEntrypoint.cpp.o
[126.315s] [242/243] Building CXX object tools/fds/CMakeFiles/fast-discovery-server.dir/CliDiscoveryManager.cpp.o
[126.418s] [243/243] Linking CXX executable tools/fds/fast-discovery-server-1.0.1
[126.429s] Invoked command in '/Users/runner/work/pixi_rosdistro/pixi_rosdistro/build/fastdds' returned '0': AMENT_PREFIX_PATH=/Users/runner/work/pixi_rosdistro/pixi_rosdistro/install CMAKE_PREFIX_PATH=/Users/runner/work/pixi_rosdistro/pixi_rosdistro/install DYLD_LIBRARY_PATH=/Users/runner/work/pixi_rosdistro/pixi_rosdistro/install/lib PATH=/Users/runner/work/pixi_rosdistro/pixi_rosdistro/install/bin:${PATH} PIXI_PROMPT=(ros2_rolling) PKG_CONFIG_PATH=/Users/runner/work/pixi_rosdistro/pixi_rosdistro/install/lib/pkgconfig PYTHONPATH=/Users/runner/work/pixi_rosdistro/pixi_rosdistro/install/lib/python3.12/site-packages ROS_DOMAIN_ID=73 SHLVL=3 _=/usr/bin/env /Users/runner/work/pixi_rosdistro/pixi_rosdistro/.pixi/envs/default/bin/cmake --build /Users/runner/work/pixi_rosdistro/pixi_rosdistro/build/fastdds -- -j3 -l3
[126.452s] Invoking command in '/Users/runner/work/pixi_rosdistro/pixi_rosdistro/build/fastdds': AMENT_PREFIX_PATH=/Users/runner/work/pixi_rosdistro/pixi_rosdistro/install CMAKE_PREFIX_PATH=/Users/runner/work/pixi_rosdistro/pixi_rosdistro/install DYLD_LIBRARY_PATH=/Users/runner/work/pixi_rosdistro/pixi_rosdistro/install/lib PATH=/Users/runner/work/pixi_rosdistro/pixi_rosdistro/install/bin:${PATH} PIXI_PROMPT=(ros2_rolling) PKG_CONFIG_PATH=/Users/runner/work/pixi_rosdistro/pixi_rosdistro/install/lib/pkgconfig PYTHONPATH=/Users/runner/work/pixi_rosdistro/pixi_rosdistro/install/lib/python3.12/site-packages ROS_DOMAIN_ID=73 SHLVL=3 _=/usr/bin/env /Users/runner/work/pixi_rosdistro/pixi_rosdistro/.pixi/envs/default/bin/cmake --install /Users/runner/work/pixi_rosdistro/pixi_rosdistro/build/fastdds
[126.481s] -- Install configuration: "Release"
[126.484s] -- Installing: /Users/runner/work/pixi_rosdistro/pixi_rosdistro/install/include/fastdds
[126.484s] -- Installing: /Users/runner/work/pixi_rosdistro/pixi_rosdistro/install/include/fastdds/statistics
[126.484s] -- Installing: /Users/runner/work/pixi_rosdistro/pixi_rosdistro/install/include/fastdds/statistics/topic_names.hpp
[126.484s] -- Installing: /Users/runner/work/pixi_rosdistro/pixi_rosdistro/install/include/fastdds/statistics/IListeners.hpp
[126.484s] -- Installing: /Users/runner/work/pixi_rosdistro/pixi_rosdistro/install/include/fastdds/statistics/rtps
[126.484s] -- Installing: /Users/runner/work/pixi_rosdistro/pixi_rosdistro/install/include/fastdds/statistics/rtps/monitor_service
[126.484s] -- Installing: /Users/runner/work/pixi_rosdistro/pixi_rosdistro/install/include/fastdds/statistics/rtps/monitor_service/connections_fwd.hpp
[126.484s] -- Installing: /Users/runner/work/pixi_rosdistro/pixi_rosdistro/install/include/fastdds/statistics/rtps/StatisticsCommon.hpp
[126.485s] -- Installing: /Users/runner/work/pixi_rosdistro/pixi_rosdistro/install/include/fastdds/statistics/dds
[126.485s] -- Installing: /Users/runner/work/pixi_rosdistro/pixi_rosdistro/install/include/fastdds/statistics/dds/publisher
[126.487s] -- Installing: /Users/runner/work/pixi_rosdistro/pixi_rosdistro/install/include/fastdds/statistics/dds/publisher/qos
[126.487s] -- Installing: /Users/runner/work/pixi_rosdistro/pixi_rosdistro/install/include/fastdds/statistics/dds/publisher/qos/DataWriterQos.hpp
[126.488s] -- Installing: /Users/runner/work/pixi_rosdistro/pixi_rosdistro/install/include/fastdds/statistics/dds/subscriber
[126.488s] -- Installing: /Users/runner/work/pixi_rosdistro/pixi_rosdistro/install/include/fastdds/statistics/dds/subscriber/qos
[126.488s] -- Installing: /Users/runner/work/pixi_rosdistro/pixi_rosdistro/install/include/fastdds/statistics/dds/subscriber/qos/DataReaderQos.hpp
[126.488s] -- Installing: /Users/runner/work/pixi_rosdistro/pixi_rosdistro/install/include/fastdds/statistics/dds/domain
[126.488s] -- Installing: /Users/runner/work/pixi_rosdistro/pixi_rosdistro/install/include/fastdds/statistics/dds/domain/DomainParticipant.hpp
[126.488s] -- Installing: /Users/runner/work/pixi_rosdistro/pixi_rosdistro/install/include/fastdds/fastdds_auto_link.hpp
[126.488s] -- Installing: /Users/runner/work/pixi_rosdistro/pixi_rosdistro/install/include/fastdds/LibrarySettings.hpp
[126.489s] -- Installing: /Users/runner/work/pixi_rosdistro/pixi_rosdistro/install/include/fastdds/fastdds_dll.hpp
[126.493s] -- Installing: /Users/runner/work/pixi_rosdistro/pixi_rosdistro/install/include/fastdds/config
[126.493s] -- Installing: /Users/runner/work/pixi_rosdistro/pixi_rosdistro/install/include/fastdds/config/doxygen_modules.hpp
[126.493s] -- Installing: /Users/runner/work/pixi_rosdistro/pixi_rosdistro/install/include/fastdds/utils
[126.496s] -- Installing: /Users/runner/work/pixi_rosdistro/pixi_rosdistro/install/include/fastdds/utils/IPFinder.hpp
[126.496s] -- Installing: /Users/runner/work/pixi_rosdistro/pixi_rosdistro/install/include/fastdds/utils/fixed_size_bitmap.hpp
[126.496s] -- Installing: /Users/runner/work/pixi_rosdistro/pixi_rosdistro/install/include/fastdds/utils/TimedMutex.hpp
[126.497s] -- Installing: /Users/runner/work/pixi_rosdistro/pixi_rosdistro/install/include/fastdds/utils/IPLocator.hpp
[126.498s] -- Installing: /Users/runner/work/pixi_rosdistro/pixi_rosdistro/install/include/fastdds/utils/md5.hpp
[126.498s] -- Installing: /Users/runner/work/pixi_rosdistro/pixi_rosdistro/install/include/fastdds/utils/TimedConditionVariable.hpp
[126.498s] -- Installing: /Users/runner/work/pixi_rosdistro/pixi_rosdistro/install/include/fastdds/utils/collections
[126.498s] -- Installing: /Users/runner/work/pixi_rosdistro/pixi_rosdistro/install/include/fastdds/utils/collections/ResourceLimitedContainerConfig.hpp
[126.498s] -- Installing: /Users/runner/work/pixi_rosdistro/pixi_rosdistro/install/include/fastdds/utils/collections/ResourceLimitedVector.hpp
[126.498s] -- Installing: /Users/runner/work/pixi_rosdistro/pixi_rosdistro/install/include/fastdds/rtps
[126.499s] -- Installing: /Users/runner/work/pixi_rosdistro/pixi_rosdistro/install/include/fastdds/rtps/reader
[126.499s] -- Installing: /Users/runner/work/pixi_rosdistro/pixi_rosdistro/install/include/fastdds/rtps/reader/ReaderListener.hpp
[126.499s] -- Installing: /Users/runner/work/pixi_rosdistro/pixi_rosdistro/install/include/fastdds/rtps/reader/RTPSReader.hpp
[126.499s] -- Installing: /Users/runner/work/pixi_rosdistro/pixi_rosdistro/install/include/fastdds/rtps/reader/ReaderDiscoveryStatus.hpp
[126.499s] -- Installing: /Users/runner/work/pixi_rosdistro/pixi_rosdistro/install/include/fastdds/rtps/flowcontrol
[126.504s] -- Installing: /Users/runner/work/pixi_rosdistro/pixi_rosdistro/install/include/fastdds/rtps/flowcontrol/FlowControllerSchedulerPolicy.hpp
[126.504s] -- Installing: /Users/runner/work/pixi_rosdistro/pixi_rosdistro/install/include/fastdds/rtps/flowcontrol/FlowControllerDescriptor.hpp
[126.504s] -- Installing: /Users/runner/work/pixi_rosdistro/pixi_rosdistro/install/include/fastdds/rtps/flowcontrol/FlowControllerConsts.hpp
[126.507s] -- Installing: /Users/runner/work/pixi_rosdistro/pixi_rosdistro/install/include/fastdds/rtps/messages
[126.507s] -- Installing: /Users/runner/work/pixi_rosdistro/pixi_rosdistro/install/include/fastdds/rtps/messages/RTPSMessageSenderInterface.hpp
[126.507s] -- Installing: /Users/runner/work/pixi_rosdistro/pixi_rosdistro/install/include/fastdds/rtps/messages/RTPS_messages.hpp
[126.507s] -- Installing: /Users/runner/work/pixi_rosdistro/pixi_rosdistro/install/include/fastdds/rtps/RTPSDomain.hpp
[126.507s] -- Installing: /Users/runner/work/pixi_rosdistro/pixi_rosdistro/install/include/fastdds/rtps/transport
[126.507s] -- Installing: /Users/runner/work/pixi_rosdistro/pixi_rosdistro/install/include/fastdds/rtps/transport/TransportInterface.hpp
[126.507s] -- Installing: /Users/runner/work/pixi_rosdistro/pixi_rosdistro/install/include/fastdds/rtps/transport/SocketTransportDescriptor.hpp
[126.510s] -- Installing: /Users/runner/work/pixi_rosdistro/pixi_rosdistro/install/include/fastdds/rtps/transport/UDPv4TransportDescriptor.hpp
[126.510s] -- Installing: /Users/runner/work/pixi_rosdistro/pixi_rosdistro/install/include/fastdds/rtps/transport/TCPv6TransportDescriptor.hpp
[126.511s] -- Installing: /Users/runner/work/pixi_rosdistro/pixi_rosdistro/install/include/fastdds/rtps/transport/network
[126.511s] -- Installing: /Users/runner/work/pixi_rosdistro/pixi_rosdistro/install/include/fastdds/rtps/transport/network/NetworkInterface.hpp
[126.511s] -- Installing: /Users/runner/work/pixi_rosdistro/pixi_rosdistro/install/include/fastdds/rtps/transport/network/AllowedNetworkInterface.hpp
[126.512s] -- Installing: /Users/runner/work/pixi_rosdistro/pixi_rosdistro/install/include/fastdds/rtps/transport/network/BlockedNetworkInterface.hpp
[126.512s] -- Installing: /Users/runner/work/pixi_rosdistro/pixi_rosdistro/install/include/fastdds/rtps/transport/network/NetmaskFilterKind.hpp
[126.512s] -- Installing: /Users/runner/work/pixi_rosdistro/pixi_rosdistro/install/include/fastdds/rtps/transport/network/NetworkInterfaceWithFilter.hpp
[126.512s] -- Installing: /Users/runner/work/pixi_rosdistro/pixi_rosdistro/install/include/fastdds/rtps/transport/UDPv6TransportDescriptor.hpp
[126.512s] -- Installing: /Users/runner/work/pixi_rosdistro/pixi_rosdistro/install/include/fastdds/rtps/transport/TCPv4TransportDescriptor.hpp
[126.512s] -- Installing: /Users/runner/work/pixi_rosdistro/pixi_rosdistro/install/include/fastdds/rtps/transport/ChainingTransportDescriptor.hpp
[126.512s] -- Installing: /Users/runner/work/pixi_rosdistro/pixi_rosdistro/install/include/fastdds/rtps/transport/ChainingTransport.hpp
[126.512s] -- Installing: /Users/runner/work/pixi_rosdistro/pixi_rosdistro/install/include/fastdds/rtps/transport/TransportDescriptorInterface.hpp
[126.512s] -- Installing: /Users/runner/work/pixi_rosdistro/pixi_rosdistro/install/include/fastdds/rtps/transport/shared_mem
[126.513s] -- Installing: /Users/runner/work/pixi_rosdistro/pixi_rosdistro/install/include/fastdds/rtps/transport/shared_mem/test_SharedMemTransportDescriptor.hpp
[126.513s] -- Installing: /Users/runner/work/pixi_rosdistro/pixi_rosdistro/install/include/fastdds/rtps/transport/shared_mem/SharedMemTransportDescriptor.hpp
[126.513s] -- Installing: /Users/runner/work/pixi_rosdistro/pixi_rosdistro/install/include/fastdds/rtps/transport/TCPTransportDescriptor.hpp
[126.518s] -- Installing: /Users/runner/work/pixi_rosdistro/pixi_rosdistro/install/include/fastdds/rtps/transport/TransportReceiverInterface.hpp
[126.518s] -- Installing: /Users/runner/work/pixi_rosdistro/pixi_rosdistro/install/include/fastdds/rtps/transport/test_UDPv4TransportDescriptor.hpp
[126.518s] -- Installing: /Users/runner/work/pixi_rosdistro/pixi_rosdistro/install/include/fastdds/rtps/transport/UDPTransportDescriptor.hpp
[126.518s] -- Installing: /Users/runner/work/pixi_rosdistro/pixi_rosdistro/install/include/fastdds/rtps/transport/SenderResource.hpp
[126.518s] -- Installing: /Users/runner/work/pixi_rosdistro/pixi_rosdistro/install/include/fastdds/rtps/transport/PortBasedTransportDescriptor.hpp
[126.518s] -- Installing: /Users/runner/work/pixi_rosdistro/pixi_rosdistro/install/include/fastdds/rtps/transport/NetworkBuffer.hpp
[126.518s] -- Installing: /Users/runner/work/pixi_rosdistro/pixi_rosdistro/install/include/fastdds/rtps/participant
[126.518s] -- Installing: /Users/runner/work/pixi_rosdistro/pixi_rosdistro/install/include/fastdds/rtps/participant/RTPSParticipant.hpp
[126.518s] -- Installing: /Users/runner/work/pixi_rosdistro/pixi_rosdistro/install/include/fastdds/rtps/participant/ParticipantDiscoveryInfo.hpp
[126.518s] -- Installing: /Users/runner/work/pixi_rosdistro/pixi_rosdistro/install/include/fastdds/rtps/participant/RTPSParticipantListener.hpp
[126.518s] -- Installing: /Users/runner/work/pixi_rosdistro/pixi_rosdistro/install/include/fastdds/rtps/attributes
[126.522s] -- Installing: /Users/runner/work/pixi_rosdistro/pixi_rosdistro/install/include/fastdds/rtps/attributes/RTPSParticipantAttributes.hpp
[126.522s] -- Installing: /Users/runner/work/pixi_rosdistro/pixi_rosdistro/install/include/fastdds/rtps/attributes/EndpointSecurityAttributes.hpp
[126.522s] -- Installing: /Users/runner/work/pixi_rosdistro/pixi_rosdistro/install/include/fastdds/rtps/attributes/RTPSParticipantAllocationAttributes.hpp
[126.522s] -- Installing: /Users/runner/work/pixi_rosdistro/pixi_rosdistro/install/include/fastdds/rtps/attributes/EndpointAttributes.hpp
[126.522s] -- Installing: /Users/runner/work/pixi_rosdistro/pixi_rosdistro/install/include/fastdds/rtps/attributes/WriterAttributes.hpp
[126.522s] -- Installing: /Users/runner/work/pixi_rosdistro/pixi_rosdistro/install/include/fastdds/rtps/attributes/ExternalLocators.hpp
[126.522s] -- Installing: /Users/runner/work/pixi_rosdistro/pixi_rosdistro/install/include/fastdds/rtps/attributes/PropertyPolicy.hpp
[126.522s] -- Installing: /Users/runner/work/pixi_rosdistro/pixi_rosdistro/install/include/fastdds/rtps/attributes/HistoryAttributes.hpp
[126.522s] -- Installing: /Users/runner/work/pixi_rosdistro/pixi_rosdistro/install/include/fastdds/rtps/attributes/BuiltinTransports.hpp
[126.522s] -- Installing: /Users/runner/work/pixi_rosdistro/pixi_rosdistro/install/include/fastdds/rtps/attributes/ReaderAttributes.hpp
[126.522s] -- Installing: /Users/runner/work/pixi_rosdistro/pixi_rosdistro/install/include/fastdds/rtps/attributes/ResourceManagement.hpp
[126.522s] -- Installing: /Users/runner/work/pixi_rosdistro/pixi_rosdistro/install/include/fastdds/rtps/attributes/ThreadSettings.hpp
[126.523s] -- Installing: /Users/runner/work/pixi_rosdistro/pixi_rosdistro/install/include/fastdds/rtps/common
[126.523s] -- Installing: /Users/runner/work/pixi_rosdistro/pixi_rosdistro/install/include/fastdds/rtps/common/Guid.hpp
[126.526s] -- Installing: /Users/runner/work/pixi_rosdistro/pixi_rosdistro/install/include/fastdds/rtps/common/LocatorList.hpp
[126.526s] -- Installing: /Users/runner/work/pixi_rosdistro/pixi_rosdistro/install/include/fastdds/rtps/common/LocatorsIterator.hpp
[126.526s] -- Installing: /Users/runner/work/pixi_rosdistro/pixi_rosdistro/install/include/fastdds/rtps/common/CacheChange.hpp
[126.526s] -- Installing: /Users/runner/work/pixi_rosdistro/pixi_rosdistro/install/include/fastdds/rtps/common/LocatorSelector.hpp
[126.526s] -- Installing: /Users/runner/work/pixi_rosdistro/pixi_rosdistro/install/include/fastdds/rtps/common/ProductVersion_t.hpp
[126.526s] -- Installing: /Users/runner/work/pixi_rosdistro/pixi_rosdistro/install/include/fastdds/rtps/common/Token.hpp
[126.527s] -- Installing: /Users/runner/work/pixi_rosdistro/pixi_rosdistro/install/include/fastdds/rtps/common/CdrSerialization.hpp
[126.527s] -- Installing: /Users/runner/work/pixi_rosdistro/pixi_rosdistro/install/include/fastdds/rtps/common/VendorId_t.hpp
[126.527s] -- Installing: /Users/runner/work/pixi_rosdistro/pixi_rosdistro/install/include/fastdds/rtps/common/FragmentNumber.hpp
[126.527s] -- Installing: /Users/runner/work/pixi_rosdistro/pixi_rosdistro/install/include/fastdds/rtps/common/Locator.hpp
[126.527s] -- Installing: /Users/runner/work/pixi_rosdistro/pixi_rosdistro/install/include/fastdds/rtps/common/ChangeKind_t.hpp
[126.527s] -- Installing: /Users/runner/work/pixi_rosdistro/pixi_rosdistro/install/include/fastdds/rtps/common/InstanceHandle.hpp
[126.527s] -- Installing: /Users/runner/work/pixi_rosdistro/pixi_rosdistro/install/include/fastdds/rtps/common/RemoteLocators.hpp
[126.527s] -- Installing: /Users/runner/work/pixi_rosdistro/pixi_rosdistro/install/include/fastdds/rtps/common/Property.hpp
[126.527s] -- Installing: /Users/runner/work/pixi_rosdistro/pixi_rosdistro/install/include/fastdds/rtps/common/PortParameters.hpp
[126.528s] -- Installing: /Users/runner/work/pixi_rosdistro/pixi_rosdistro/install/include/fastdds/rtps/common/OriginalWriterInfo.hpp
[126.528s] -- Installing: /Users/runner/work/pixi_rosdistro/pixi_rosdistro/install/include/fastdds/rtps/common/Time_t.hpp
[126.533s] -- Installing: /Users/runner/work/pixi_rosdistro/pixi_rosdistro/install/include/fastdds/rtps/common/SampleIdentity.hpp
[126.534s] -- Installing: /Users/runner/work/pixi_rosdistro/pixi_rosdistro/install/include/fastdds/rtps/common/CDRMessage_t.hpp
[126.534s] -- Installing: /Users/runner/work/pixi_rosdistro/pixi_rosdistro/install/include/fastdds/rtps/common/SequenceNumber.hpp
[126.534s] -- Installing: /Users/runner/work/pixi_rosdistro/pixi_rosdistro/install/include/fastdds/rtps/common/GuidPrefix_t.hpp
[126.534s] -- Installing: /Users/runner/work/pixi_rosdistro/pixi_rosdistro/install/include/fastdds/rtps/common/MatchingInfo.hpp
[126.535s] -- Installing: /Users/runner/work/pixi_rosdistro/pixi_rosdistro/install/include/fastdds/rtps/common/LocatorSelectorEntry.hpp
[126.535s] -- Installing: /Users/runner/work/pixi_rosdistro/pixi_rosdistro/install/include/fastdds/rtps/common/BinaryProperty.hpp
[126.535s] -- Installing: /Users/runner/work/pixi_rosdistro/pixi_rosdistro/install/include/fastdds/rtps/common/WriteParams.hpp
[126.535s] -- Installing: /Users/runner/work/pixi_rosdistro/pixi_rosdistro/install/include/fastdds/rtps/common/EntityId_t.hpp
[126.535s] -- Installing: /Users/runner/work/pixi_rosdistro/pixi_rosdistro/install/include/fastdds/rtps/common/Types.hpp
[126.535s] -- Installing: /Users/runner/work/pixi_rosdistro/pixi_rosdistro/install/include/fastdds/rtps/common/LocatorListComparisons.hpp
[126.535s] -- Installing: /Users/runner/work/pixi_rosdistro/pixi_rosdistro/install/include/fastdds/rtps/common/LocatorWithMask.hpp
[126.535s] -- Installing: /Users/runner/work/pixi_rosdistro/pixi_rosdistro/install/include/fastdds/rtps/common/SerializedPayload.hpp
[126.535s] -- Installing: /Users/runner/work/pixi_rosdistro/pixi_rosdistro/install/include/fastdds/rtps/writer
[126.535s] -- Installing: /Users/runner/work/pixi_rosdistro/pixi_rosdistro/install/include/fastdds/rtps/writer/RTPSWriter.hpp
[126.535s] -- Installing: /Users/runner/work/pixi_rosdistro/pixi_rosdistro/install/include/fastdds/rtps/writer/WriterListener.hpp
[126.535s] -- Installing: /Users/runner/work/pixi_rosdistro/pixi_rosdistro/install/include/fastdds/rtps/writer/WriterDiscoveryStatus.hpp
[126.535s] -- Installing: /Users/runner/work/pixi_rosdistro/pixi_rosdistro/install/include/fastdds/rtps/Endpoint.hpp
[126.535s] -- Installing: /Users/runner/work/pixi_rosdistro/pixi_rosdistro/install/include/fastdds/rtps/history
[126.535s] -- Installing: /Users/runner/work/pixi_rosdistro/pixi_rosdistro/install/include/fastdds/rtps/history/ReaderHistory.hpp
[126.535s] -- Installing: /Users/runner/work/pixi_rosdistro/pixi_rosdistro/install/include/fastdds/rtps/history/IChangePool.hpp
[126.535s] -- Installing: /Users/runner/work/pixi_rosdistro/pixi_rosdistro/install/include/fastdds/rtps/history/WriterHistory.hpp
[126.536s] -- Installing: /Users/runner/work/pixi_rosdistro/pixi_rosdistro/install/include/fastdds/rtps/history/History.hpp
[126.536s] -- Installing: /Users/runner/work/pixi_rosdistro/pixi_rosdistro/install/include/fastdds/rtps/history/IPayloadPool.hpp
[126.536s] -- Installing: /Users/runner/work/pixi_rosdistro/pixi_rosdistro/install/include/fastdds/rtps/builtin
[126.536s] -- Installing: /Users/runner/work/pixi_rosdistro/pixi_rosdistro/install/include/fastdds/rtps/builtin/data
[126.536s] -- Installing: /Users/runner/work/pixi_rosdistro/pixi_rosdistro/install/include/fastdds/rtps/builtin/data/ParticipantBuiltinTopicData.hpp
[126.536s] -- Installing: /Users/runner/work/pixi_rosdistro/pixi_rosdistro/install/include/fastdds/rtps/builtin/data/PublicationBuiltinTopicData.hpp
[126.536s] -- Installing: /Users/runner/work/pixi_rosdistro/pixi_rosdistro/install/include/fastdds/rtps/builtin/data/SubscriptionBuiltinTopicData.hpp
[126.536s] -- Installing: /Users/runner/work/pixi_rosdistro/pixi_rosdistro/install/include/fastdds/rtps/builtin/data/TopicDescription.hpp
[126.536s] -- Installing: /Users/runner/work/pixi_rosdistro/pixi_rosdistro/install/include/fastdds/rtps/builtin/data/BuiltinEndpoints.hpp
[126.536s] -- Installing: /Users/runner/work/pixi_rosdistro/pixi_rosdistro/install/include/fastdds/rtps/builtin/data/BuiltinTopicKey.hpp
[126.536s] -- Installing: /Users/runner/work/pixi_rosdistro/pixi_rosdistro/install/include/fastdds/rtps/builtin/data/ContentFilterProperty.hpp
[126.536s] -- Installing: /Users/runner/work/pixi_rosdistro/pixi_rosdistro/install/include/fastdds/rtps/interfaces
[126.536s] -- Installing: /Users/runner/work/pixi_rosdistro/pixi_rosdistro/install/include/fastdds/rtps/interfaces/IReaderDataFilter.hpp
[126.536s] -- Installing: /Users/runner/work/pixi_rosdistro/pixi_rosdistro/install/include/fastdds/dds
[126.537s] -- Installing: /Users/runner/work/pixi_rosdistro/pixi_rosdistro/install/include/fastdds/dds/core
[126.537s] -- Installing: /Users/runner/work/pixi_rosdistro/pixi_rosdistro/install/include/fastdds/dds/core/UserAllocatedSequence.hpp
[126.537s] -- Installing: /Users/runner/work/pixi_rosdistro/pixi_rosdistro/install/include/fastdds/dds/core/status
[126.540s] -- Installing: /Users/runner/work/pixi_rosdistro/pixi_rosdistro/install/include/fastdds/dds/core/status/IncompatibleQosStatus.hpp
[126.540s] -- Installing: /Users/runner/work/pixi_rosdistro/pixi_rosdistro/install/include/fastdds/dds/core/status/StatusMask.hpp
[126.540s] -- Installing: /Users/runner/work/pixi_rosdistro/pixi_rosdistro/install/include/fastdds/dds/core/status/DeadlineMissedStatus.hpp
[126.540s] -- Installing: /Users/runner/work/pixi_rosdistro/pixi_rosdistro/install/include/fastdds/dds/core/status/BaseStatus.hpp
[126.540s] -- Installing: /Users/runner/work/pixi_rosdistro/pixi_rosdistro/install/include/fastdds/dds/core/status/PublicationMatchedStatus.hpp
[126.543s] -- Installing: /Users/runner/work/pixi_rosdistro/pixi_rosdistro/install/include/fastdds/dds/core/status/MatchedStatus.hpp
[126.544s] -- Installing: /Users/runner/work/pixi_rosdistro/pixi_rosdistro/install/include/fastdds/dds/core/status/SubscriptionMatchedStatus.hpp
[126.544s] -- Installing: /Users/runner/work/pixi_rosdistro/pixi_rosdistro/install/include/fastdds/dds/core/status/LivelinessChangedStatus.hpp
[126.544s] -- Installing: /Users/runner/work/pixi_rosdistro/pixi_rosdistro/install/include/fastdds/dds/core/status/SampleRejectedStatus.hpp
[126.544s] -- Installing: /Users/runner/work/pixi_rosdistro/pixi_rosdistro/install/include/fastdds/dds/core/LoanableTypedCollection.hpp
[126.545s] -- Installing: /Users/runner/work/pixi_rosdistro/pixi_rosdistro/install/include/fastdds/dds/core/detail
[126.545s] -- Installing: /Users/runner/work/pixi_rosdistro/pixi_rosdistro/install/include/fastdds/dds/core/detail/DDSReturnCode.hpp
[126.545s] -- Installing: /Users/runner/work/pixi_rosdistro/pixi_rosdistro/install/include/fastdds/dds/core/detail/DDSSecurityReturnCode.hpp
[126.545s] -- Installing: /Users/runner/work/pixi_rosdistro/pixi_rosdistro/install/include/fastdds/dds/core/condition
[126.545s] -- Installing: /Users/runner/work/pixi_rosdistro/pixi_rosdistro/install/include/fastdds/dds/core/condition/GuardCondition.hpp
[126.545s] -- Installing: /Users/runner/work/pixi_rosdistro/pixi_rosdistro/install/include/fastdds/dds/core/condition/StatusCondition.hpp
[126.545s] -- Installing: /Users/runner/work/pixi_rosdistro/pixi_rosdistro/install/include/fastdds/dds/core/condition/WaitSet.hpp
[126.545s] -- Installing: /Users/runner/work/pixi_rosdistro/pixi_rosdistro/install/include/fastdds/dds/core/condition/Condition.hpp
[126.546s] -- Installing: /Users/runner/work/pixi_rosdistro/pixi_rosdistro/install/include/fastdds/dds/core/Time_t.hpp
[126.546s] -- Installing: /Users/runner/work/pixi_rosdistro/pixi_rosdistro/install/include/fastdds/dds/core/LoanableCollection.hpp
[126.546s] -- Installing: /Users/runner/work/pixi_rosdistro/pixi_rosdistro/install/include/fastdds/dds/core/LoanableSequence.hpp
[126.546s] -- Installing: /Users/runner/work/pixi_rosdistro/pixi_rosdistro/install/include/fastdds/dds/core/LoanableArray.hpp
[126.546s] -- Installing: /Users/runner/work/pixi_rosdistro/pixi_rosdistro/install/include/fastdds/dds/core/StackAllocatedSequence.hpp
[126.546s] -- Installing: /Users/runner/work/pixi_rosdistro/pixi_rosdistro/install/include/fastdds/dds/core/Types.hpp
[126.546s] -- Installing: /Users/runner/work/pixi_rosdistro/pixi_rosdistro/install/include/fastdds/dds/core/policy
[126.546s] -- Installing: /Users/runner/work/pixi_rosdistro/pixi_rosdistro/install/include/fastdds/dds/core/policy/RTPSReliableReaderQos.hpp
[126.546s] -- Installing: /Users/runner/work/pixi_rosdistro/pixi_rosdistro/install/include/fastdds/dds/core/policy/QosPolicies.hpp
[126.546s] -- Installing: /Users/runner/work/pixi_rosdistro/pixi_rosdistro/install/include/fastdds/dds/core/policy/ReaderResourceLimitsQos.hpp
[126.547s] -- Installing: /Users/runner/work/pixi_rosdistro/pixi_rosdistro/install/include/fastdds/dds/core/policy/ReaderDataLifecycleQosPolicy.hpp
[126.547s] -- Installing: /Users/runner/work/pixi_rosdistro/pixi_rosdistro/install/include/fastdds/dds/core/policy/RTPSReliableWriterQos.hpp
[126.547s] -- Installing: /Users/runner/work/pixi_rosdistro/pixi_rosdistro/install/include/fastdds/dds/core/policy/ParameterTypes.hpp
[126.547s] -- Installing: /Users/runner/work/pixi_rosdistro/pixi_rosdistro/install/include/fastdds/dds/core/policy/WriterDataLifecycleQosPolicy.hpp
[126.548s] -- Installing: /Users/runner/work/pixi_rosdistro/pixi_rosdistro/install/include/fastdds/dds/core/Entity.hpp
[126.548s] -- Installing: /Users/runner/work/pixi_rosdistro/pixi_rosdistro/install/include/fastdds/dds/core/ReturnCode.hpp
[126.548s] -- Installing: /Users/runner/work/pixi_rosdistro/pixi_rosdistro/install/include/fastdds/dds/publisher
[126.548s] -- Installing: /Users/runner/work/pixi_rosdistro/pixi_rosdistro/install/include/fastdds/dds/publisher/DataWriter.hpp
[126.548s] -- Installing: /Users/runner/work/pixi_rosdistro/pixi_rosdistro/install/include/fastdds/dds/publisher/qos
[126.548s] -- Installing: /Users/runner/work/pixi_rosdistro/pixi_rosdistro/install/include/fastdds/dds/publisher/qos/WriterQos.hpp
[126.548s] -- Installing: /Users/runner/work/pixi_rosdistro/pixi_rosdistro/install/include/fastdds/dds/publisher/qos/DataWriterQos.hpp
[126.548s] -- Installing: /Users/runner/work/pixi_rosdistro/pixi_rosdistro/install/include/fastdds/dds/publisher/qos/PublisherQos.hpp
[126.548s] -- Installing: /Users/runner/work/pixi_rosdistro/pixi_rosdistro/install/include/fastdds/dds/publisher/Publisher.hpp
[126.548s] -- Installing: /Users/runner/work/pixi_rosdistro/pixi_rosdistro/install/include/fastdds/dds/publisher/PublisherListener.hpp
[126.548s] -- Installing: /Users/runner/work/pixi_rosdistro/pixi_rosdistro/install/include/fastdds/dds/publisher/DataWriterListener.hpp
[126.549s] -- Installing: /Users/runner/work/pixi_rosdistro/pixi_rosdistro/install/include/fastdds/dds/topic
[126.549s] -- Installing: /Users/runner/work/pixi_rosdistro/pixi_rosdistro/install/include/fastdds/dds/topic/TopicDataType.hpp
[126.549s] -- Installing: /Users/runner/work/pixi_rosdistro/pixi_rosdistro/install/include/fastdds/dds/topic/ContentFilteredTopic.hpp
[126.549s] -- Installing: /Users/runner/work/pixi_rosdistro/pixi_rosdistro/install/include/fastdds/dds/topic/IContentFilter.hpp
[126.549s] -- Installing: /Users/runner/work/pixi_rosdistro/pixi_rosdistro/install/include/fastdds/dds/topic/qos
[126.549s] -- Installing: /Users/runner/work/pixi_rosdistro/pixi_rosdistro/install/include/fastdds/dds/topic/qos/TopicQos.hpp
[126.550s] -- Installing: /Users/runner/work/pixi_rosdistro/pixi_rosdistro/install/include/fastdds/dds/topic/TopicDescription.hpp
[126.550s] -- Installing: /Users/runner/work/pixi_rosdistro/pixi_rosdistro/install/include/fastdds/dds/topic/TopicListener.hpp
[126.550s] -- Installing: /Users/runner/work/pixi_rosdistro/pixi_rosdistro/install/include/fastdds/dds/topic/TypeSupport.hpp
[126.550s] -- Installing: /Users/runner/work/pixi_rosdistro/pixi_rosdistro/install/include/fastdds/dds/topic/IContentFilterFactory.hpp
[126.551s] -- Installing: /Users/runner/work/pixi_rosdistro/pixi_rosdistro/install/include/fastdds/dds/topic/Topic.hpp
[126.551s] -- Installing: /Users/runner/work/pixi_rosdistro/pixi_rosdistro/install/include/fastdds/dds/common
[126.551s] -- Installing: /Users/runner/work/pixi_rosdistro/pixi_rosdistro/install/include/fastdds/dds/common/InstanceHandle.hpp
[126.552s] -- Installing: /Users/runner/work/pixi_rosdistro/pixi_rosdistro/install/include/fastdds/dds/log
[126.552s] -- Installing: /Users/runner/work/pixi_rosdistro/pixi_rosdistro/install/include/fastdds/dds/log/Colors.hpp
[126.552s] -- Installing: /Users/runner/work/pixi_rosdistro/pixi_rosdistro/install/include/fastdds/dds/log/OStreamConsumer.hpp
[126.552s] -- Installing: /Users/runner/work/pixi_rosdistro/pixi_rosdistro/install/include/fastdds/dds/log/StdoutErrConsumer.hpp
[126.552s] -- Installing: /Users/runner/work/pixi_rosdistro/pixi_rosdistro/install/include/fastdds/dds/log/StdoutConsumer.hpp
[126.552s] -- Installing: /Users/runner/work/pixi_rosdistro/pixi_rosdistro/install/include/fastdds/dds/log/Log.hpp
[126.552s] -- Installing: /Users/runner/work/pixi_rosdistro/pixi_rosdistro/install/include/fastdds/dds/log/FileConsumer.hpp
[126.552s] -- Installing: /Users/runner/work/pixi_rosdistro/pixi_rosdistro/install/include/fastdds/dds/xtypes
[126.553s] -- Installing: /Users/runner/work/pixi_rosdistro/pixi_rosdistro/install/include/fastdds/dds/xtypes/type_representation
[126.555s] -- Installing: /Users/runner/work/pixi_rosdistro/pixi_rosdistro/install/include/fastdds/dds/xtypes/type_representation/detail
[126.555s] -- Installing: /Users/runner/work/pixi_rosdistro/pixi_rosdistro/install/include/fastdds/dds/xtypes/type_representation/detail/dds_xtypes_typeobjectPubSubTypes.hpp
[126.555s] -- Installing: /Users/runner/work/pixi_rosdistro/pixi_rosdistro/install/include/fastdds/dds/xtypes/type_representation/detail/dds_xtypes_typeobjectCdrAux.hpp
[126.555s] -- Installing: /Users/runner/work/pixi_rosdistro/pixi_rosdistro/install/include/fastdds/dds/xtypes/type_representation/detail/dds_xtypes_typeobject.hpp
[126.557s] -- Installing: /Users/runner/work/pixi_rosdistro/pixi_rosdistro/install/include/fastdds/dds/xtypes/type_representation/ITypeObjectRegistry.hpp
[126.557s] -- Installing: /Users/runner/work/pixi_rosdistro/pixi_rosdistro/install/include/fastdds/dds/xtypes/type_representation/TypeObject.hpp
[126.557s] -- Installing: /Users/runner/work/pixi_rosdistro/pixi_rosdistro/install/include/fastdds/dds/xtypes/type_representation/TypeObjectUtils.hpp
[126.558s] -- Installing: /Users/runner/work/pixi_rosdistro/pixi_rosdistro/install/include/fastdds/dds/xtypes/dynamic_types
[126.558s] -- Installing: /Users/runner/work/pixi_rosdistro/pixi_rosdistro/install/include/fastdds/dds/xtypes/dynamic_types/DynamicType.hpp
[126.558s] -- Installing: /Users/runner/work/pixi_rosdistro/pixi_rosdistro/install/include/fastdds/dds/xtypes/dynamic_types/DynamicTypeBuilder.hpp
[126.558s] -- Installing: /Users/runner/work/pixi_rosdistro/pixi_rosdistro/install/include/fastdds/dds/xtypes/dynamic_types/DynamicPubSubType.hpp
[126.558s] -- Installing: /Users/runner/work/pixi_rosdistro/pixi_rosdistro/install/include/fastdds/dds/xtypes/dynamic_types/TypeDescriptor.hpp
[126.558s] -- Installing: /Users/runner/work/pixi_rosdistro/pixi_rosdistro/install/include/fastdds/dds/xtypes/dynamic_types/type_traits.hpp
[126.558s] -- Installing: /Users/runner/work/pixi_rosdistro/pixi_rosdistro/install/include/fastdds/dds/xtypes/dynamic_types/AnnotationDescriptor.hpp
[126.558s] -- Installing: /Users/runner/work/pixi_rosdistro/pixi_rosdistro/install/include/fastdds/dds/xtypes/dynamic_types/DynamicDataFactory.hpp
[126.564s] -- Installing: /Users/runner/work/pixi_rosdistro/pixi_rosdistro/install/include/fastdds/dds/xtypes/dynamic_types/VerbatimTextDescriptor.hpp
[126.564s] -- Installing: /Users/runner/work/pixi_rosdistro/pixi_rosdistro/install/include/fastdds/dds/xtypes/dynamic_types/detail
[126.564s] -- Installing: /Users/runner/work/pixi_rosdistro/pixi_rosdistro/install/include/fastdds/dds/xtypes/dynamic_types/detail/dynamic_language_binding.hpp
[126.564s] -- Installing: /Users/runner/work/pixi_rosdistro/pixi_rosdistro/install/include/fastdds/dds/xtypes/dynamic_types/detail/type_traits.hpp
[126.564s] -- Installing: /Users/runner/work/pixi_rosdistro/pixi_rosdistro/install/include/fastdds/dds/xtypes/dynamic_types/DynamicData.hpp
[126.564s] -- Installing: /Users/runner/work/pixi_rosdistro/pixi_rosdistro/install/include/fastdds/dds/xtypes/dynamic_types/DynamicTypeBuilderFactory.hpp
[126.564s] -- Installing: /Users/runner/work/pixi_rosdistro/pixi_rosdistro/install/include/fastdds/dds/xtypes/dynamic_types/Types.hpp
[126.565s] -- Installing: /Users/runner/work/pixi_rosdistro/pixi_rosdistro/install/include/fastdds/dds/xtypes/dynamic_types/MemberDescriptor.hpp
[126.565s] -- Installing: /Users/runner/work/pixi_rosdistro/pixi_rosdistro/install/include/fastdds/dds/xtypes/dynamic_types/DynamicTypeMember.hpp
[126.565s] -- Installing: /Users/runner/work/pixi_rosdistro/pixi_rosdistro/install/include/fastdds/dds/xtypes/common.hpp
[126.565s] -- Installing: /Users/runner/work/pixi_rosdistro/pixi_rosdistro/install/include/fastdds/dds/xtypes/utils.hpp
[126.565s] -- Installing: /Users/runner/work/pixi_rosdistro/pixi_rosdistro/install/include/fastdds/dds/xtypes/exception
[126.565s] -- Installing: /Users/runner/work/pixi_rosdistro/pixi_rosdistro/install/include/fastdds/dds/xtypes/exception/Exception.hpp
[126.565s] -- Installing: /Users/runner/work/pixi_rosdistro/pixi_rosdistro/install/include/fastdds/dds/subscriber
[126.565s] -- Installing: /Users/runner/work/pixi_rosdistro/pixi_rosdistro/install/include/fastdds/dds/subscriber/SubscriberListener.hpp
[126.565s] -- Installing: /Users/runner/work/pixi_rosdistro/pixi_rosdistro/install/include/fastdds/dds/subscriber/InstanceState.hpp
[126.565s] -- Installing: /Users/runner/work/pixi_rosdistro/pixi_rosdistro/install/include/fastdds/dds/subscriber/qos
[126.565s] -- Installing: /Users/runner/work/pixi_rosdistro/pixi_rosdistro/install/include/fastdds/dds/subscriber/qos/SubscriberQos.hpp
[126.565s] -- Installing: /Users/runner/work/pixi_rosdistro/pixi_rosdistro/install/include/fastdds/dds/subscriber/qos/DataReaderQos.hpp
[126.565s] -- Installing: /Users/runner/work/pixi_rosdistro/pixi_rosdistro/install/include/fastdds/dds/subscriber/qos/ReaderQos.hpp
[126.566s] -- Installing: /Users/runner/work/pixi_rosdistro/pixi_rosdistro/install/include/fastdds/dds/subscriber/DataReader.hpp
[126.566s] -- Installing: /Users/runner/work/pixi_rosdistro/pixi_rosdistro/install/include/fastdds/dds/subscriber/ViewState.hpp
[126.566s] -- Installing: /Users/runner/work/pixi_rosdistro/pixi_rosdistro/install/include/fastdds/dds/subscriber/DataReaderListener.hpp
[126.566s] -- Installing: /Users/runner/work/pixi_rosdistro/pixi_rosdistro/install/include/fastdds/dds/subscriber/SampleInfo.hpp
[126.566s] -- Installing: /Users/runner/work/pixi_rosdistro/pixi_rosdistro/install/include/fastdds/dds/subscriber/Subscriber.hpp
[126.566s] -- Installing: /Users/runner/work/pixi_rosdistro/pixi_rosdistro/install/include/fastdds/dds/subscriber/SampleState.hpp
[126.566s] -- Installing: /Users/runner/work/pixi_rosdistro/pixi_rosdistro/install/include/fastdds/dds/subscriber/ReadCondition.hpp
[126.566s] -- Installing: /Users/runner/work/pixi_rosdistro/pixi_rosdistro/install/include/fastdds/dds/rpc
[126.566s] -- Installing: /Users/runner/work/pixi_rosdistro/pixi_rosdistro/install/include/fastdds/dds/rpc/RemoteExceptionCode_t.hpp
[126.566s] -- Installing: /Users/runner/work/pixi_rosdistro/pixi_rosdistro/install/include/fastdds/dds/rpc/Replier.hpp
[126.566s] -- Installing: /Users/runner/work/pixi_rosdistro/pixi_rosdistro/install/include/fastdds/dds/rpc/RPCTypeObjectSupport.hpp
[126.566s] -- Installing: /Users/runner/work/pixi_rosdistro/pixi_rosdistro/install/include/fastdds/dds/rpc/Service.hpp
[126.566s] -- Installing: /Users/runner/work/pixi_rosdistro/pixi_rosdistro/install/include/fastdds/dds/rpc/Requester.hpp
[126.566s] -- Installing: /Users/runner/work/pixi_rosdistro/pixi_rosdistro/install/include/fastdds/dds/rpc/exceptions
[126.592s] -- Installing: /Users/runner/work/pixi_rosdistro/pixi_rosdistro/install/include/fastdds/dds/rpc/exceptions/RpcRemoteException.hpp
[126.593s] -- Installing: /Users/runner/work/pixi_rosdistro/pixi_rosdistro/install/include/fastdds/dds/rpc/exceptions/RpcFeedCancelledException.hpp
[126.593s] -- Installing: /Users/runner/work/pixi_rosdistro/pixi_rosdistro/install/include/fastdds/dds/rpc/exceptions/RpcException.hpp
[126.594s] -- Installing: /Users/runner/work/pixi_rosdistro/pixi_rosdistro/install/include/fastdds/dds/rpc/exceptions/RemoteUnsupportedError.hpp
[126.594s] -- Installing: /Users/runner/work/pixi_rosdistro/pixi_rosdistro/install/include/fastdds/dds/rpc/exceptions/RpcBrokenPipeException.hpp
[126.594s] -- Installing: /Users/runner/work/pixi_rosdistro/pixi_rosdistro/install/include/fastdds/dds/rpc/exceptions/RemoteOutOfResourcesError.hpp
[126.596s] -- Installing: /Users/runner/work/pixi_rosdistro/pixi_rosdistro/install/include/fastdds/dds/rpc/exceptions/RemoteUnknownExceptionError.hpp
[126.596s] -- Installing: /Users/runner/work/pixi_rosdistro/pixi_rosdistro/install/include/fastdds/dds/rpc/exceptions/RemoteInvalidArgumentError.hpp
[126.596s] -- Installing: /Users/runner/work/pixi_rosdistro/pixi_rosdistro/install/include/fastdds/dds/rpc/exceptions/RpcTimeoutException.hpp
[126.596s] -- Installing: /Users/runner/work/pixi_rosdistro/pixi_rosdistro/install/include/fastdds/dds/rpc/exceptions/RpcOperationError.hpp
[126.596s] -- Installing: /Users/runner/work/pixi_rosdistro/pixi_rosdistro/install/include/fastdds/dds/rpc/exceptions/RemoteUnknownOperationError.hpp
[126.597s] -- Installing: /Users/runner/work/pixi_rosdistro/pixi_rosdistro/install/include/fastdds/dds/rpc/ServiceTypeSupport.hpp
[126.597s] -- Installing: /Users/runner/work/pixi_rosdistro/pixi_rosdistro/install/include/fastdds/dds/rpc/exceptions.hpp
[126.597s] -- Installing: /Users/runner/work/pixi_rosdistro/pixi_rosdistro/install/include/fastdds/dds/rpc/interfaces.hpp
[126.597s] -- Installing: /Users/runner/work/pixi_rosdistro/pixi_rosdistro/install/include/fastdds/dds/rpc/RPCEntity.hpp
[126.597s] -- Installing: /Users/runner/work/pixi_rosdistro/pixi_rosdistro/install/include/fastdds/dds/rpc/RequestInfo.hpp
[126.597s] -- Installing: /Users/runner/work/pixi_rosdistro/pixi_rosdistro/install/include/fastdds/dds/rpc/interfaces
[126.597s] -- Installing: /Users/runner/work/pixi_rosdistro/pixi_rosdistro/install/include/fastdds/dds/rpc/interfaces/RpcServer.hpp
[126.598s] -- Installing: /Users/runner/work/pixi_rosdistro/pixi_rosdistro/install/include/fastdds/dds/rpc/interfaces/RpcFuture.hpp
[126.598s] -- Installing: /Users/runner/work/pixi_rosdistro/pixi_rosdistro/install/include/fastdds/dds/rpc/interfaces/RpcServerSchedulingStrategy.hpp
[126.598s] -- Installing: /Users/runner/work/pixi_rosdistro/pixi_rosdistro/install/include/fastdds/dds/rpc/interfaces/RpcRequest.hpp
[126.598s] -- Installing: /Users/runner/work/pixi_rosdistro/pixi_rosdistro/install/include/fastdds/dds/rpc/interfaces/RpcStatusCode.hpp
[126.598s] -- Installing: /Users/runner/work/pixi_rosdistro/pixi_rosdistro/install/include/fastdds/dds/domain
[126.598s] -- Installing: /Users/runner/work/pixi_rosdistro/pixi_rosdistro/install/include/fastdds/dds/domain/DomainParticipantListener.hpp
[126.598s] -- Installing: /Users/runner/work/pixi_rosdistro/pixi_rosdistro/install/include/fastdds/dds/domain/qos
[126.599s] -- Installing: /Users/runner/work/pixi_rosdistro/pixi_rosdistro/install/include/fastdds/dds/domain/qos/RequesterQos.hpp
[126.599s] -- Installing: /Users/runner/work/pixi_rosdistro/pixi_rosdistro/install/include/fastdds/dds/domain/qos/ReplierQos.hpp
[126.599s] -- Installing: /Users/runner/work/pixi_rosdistro/pixi_rosdistro/install/include/fastdds/dds/domain/qos/DomainParticipantExtendedQos.hpp
[126.599s] -- Installing: /Users/runner/work/pixi_rosdistro/pixi_rosdistro/install/include/fastdds/dds/domain/qos/DomainParticipantFactoryQos.hpp
[126.600s] -- Installing: /Users/runner/work/pixi_rosdistro/pixi_rosdistro/install/include/fastdds/dds/domain/qos/DomainParticipantQos.hpp
[126.600s] -- Installing: /Users/runner/work/pixi_rosdistro/pixi_rosdistro/install/include/fastdds/dds/domain/DomainParticipantFactory.hpp
[126.601s] -- Installing: /Users/runner/work/pixi_rosdistro/pixi_rosdistro/install/include/fastdds/dds/domain/DomainParticipant.hpp
[126.601s] -- Installing: /Users/runner/work/pixi_rosdistro/pixi_rosdistro/install/include/fastdds/dds/builtin
[126.601s] -- Installing: /Users/runner/work/pixi_rosdistro/pixi_rosdistro/install/include/fastdds/dds/builtin/topic
[126.604s] -- Installing: /Users/runner/work/pixi_rosdistro/pixi_rosdistro/install/include/fastdds/dds/builtin/topic/ParticipantBuiltinTopicData.hpp
[126.605s] -- Installing: /Users/runner/work/pixi_rosdistro/pixi_rosdistro/install/include/fastdds/dds/builtin/topic/TopicBuiltinTopicData.hpp
[126.605s] -- Installing: /Users/runner/work/pixi_rosdistro/pixi_rosdistro/install/include/fastdds/dds/builtin/topic/PublicationBuiltinTopicData.hpp
[126.607s] -- Installing: /Users/runner/work/pixi_rosdistro/pixi_rosdistro/install/include/fastdds/dds/builtin/topic/SubscriptionBuiltinTopicData.hpp
[126.608s] -- Installing: /Users/runner/work/pixi_rosdistro/pixi_rosdistro/install/include/fastdds/dds/builtin/topic/BuiltinTopicKey.hpp
[126.608s] -- Installing: /Users/runner/work/pixi_rosdistro/pixi_rosdistro/install/include/fastdds/config.hpp
[126.609s] -- Up-to-date: /Users/runner/work/pixi_rosdistro/pixi_rosdistro/install/include/fastdds/statistics
[126.610s] -- Installing: /Users/runner/work/pixi_rosdistro/pixi_rosdistro/install/include/fastdds/statistics/monitorservice_types.idl
[126.610s] -- Up-to-date: /Users/runner/work/pixi_rosdistro/pixi_rosdistro/install/include/fastdds/statistics/rtps
[126.610s] -- Up-to-date: /Users/runner/work/pixi_rosdistro/pixi_rosdistro/install/include/fastdds/statistics/rtps/monitor_service
[126.610s] -- Installing: /Users/runner/work/pixi_rosdistro/pixi_rosdistro/install/include/fastdds/statistics/types.idl
[126.610s] -- Up-to-date: /Users/runner/work/pixi_rosdistro/pixi_rosdistro/install/include/fastdds/statistics/dds
[126.610s] -- Up-to-date: /Users/runner/work/pixi_rosdistro/pixi_rosdistro/install/include/fastdds/statistics/dds/publisher
[126.610s] -- Up-to-date: /Users/runner/work/pixi_rosdistro/pixi_rosdistro/install/include/fastdds/statistics/dds/publisher/qos
[126.611s] -- Up-to-date: /Users/runner/work/pixi_rosdistro/pixi_rosdistro/install/include/fastdds/statistics/dds/subscriber
[126.611s] -- Up-to-date: /Users/runner/work/pixi_rosdistro/pixi_rosdistro/install/include/fastdds/statistics/dds/subscriber/qos
[126.611s] -- Up-to-date: /Users/runner/work/pixi_rosdistro/pixi_rosdistro/install/include/fastdds/statistics/dds/domain
[126.611s] -- Installing: /Users/runner/work/pixi_rosdistro/pixi_rosdistro/install/lib/libfastdds.3.4.2.0.dylib
[126.612s] -- Installing: /Users/runner/work/pixi_rosdistro/pixi_rosdistro/install/lib/libfastdds.3.4.dylib
[126.613s] -- Installing: /Users/runner/work/pixi_rosdistro/pixi_rosdistro/install/lib/libfastdds.dylib
[126.617s] -- Installing: /Users/runner/work/pixi_rosdistro/pixi_rosdistro/install/share/fastdds/cmake/fastdds-shared-targets.cmake
[126.619s] -- Installing: /Users/runner/work/pixi_rosdistro/pixi_rosdistro/install/share/fastdds/cmake/fastdds-shared-targets-release.cmake
[126.619s] -- Installing: /Users/runner/work/pixi_rosdistro/pixi_rosdistro/install/share/fastdds/cmake/fastdds-config.cmake
[126.619s] -- Installing: /Users/runner/work/pixi_rosdistro/pixi_rosdistro/install/share/fastdds/cmake/fastdds-config-version.cmake
[126.619s] -- Installing: /Users/runner/work/pixi_rosdistro/pixi_rosdistro/install/include/fastdds/thirdparty/optionparser
[126.619s] -- Installing: /Users/runner/work/pixi_rosdistro/pixi_rosdistro/install/include/fastdds/thirdparty/optionparser/optionparser
[126.619s] -- Installing: /Users/runner/work/pixi_rosdistro/pixi_rosdistro/install/include/fastdds/thirdparty/optionparser/optionparser/optionparser.h
[126.619s] -- Installing: /Users/runner/work/pixi_rosdistro/pixi_rosdistro/install/include/fastdds/thirdparty/optionparser/optionparser.hpp
[126.620s] -- Installing: /Users/runner/work/pixi_rosdistro/pixi_rosdistro/install/share/fastdds/cmake/optionparser-targets.cmake
[126.621s] -- Installing: /Users/runner/work/pixi_rosdistro/pixi_rosdistro/install/bin/fast-discovery-server-1.0.1
[126.656s] -- Installing: /Users/runner/work/pixi_rosdistro/pixi_rosdistro/install/tools/fastdds
[126.657s] -- Installing: /Users/runner/work/pixi_rosdistro/pixi_rosdistro/install/tools/fastdds/fastdds.py
[126.657s] -- Installing: /Users/runner/work/pixi_rosdistro/pixi_rosdistro/install/tools/fastdds/shm
[126.657s] -- Installing: /Users/runner/work/pixi_rosdistro/pixi_rosdistro/install/tools/fastdds/shm/clean.py
[126.658s] -- Installing: /Users/runner/work/pixi_rosdistro/pixi_rosdistro/install/tools/fastdds/shm/parser.py
[126.658s] -- Installing: /Users/runner/work/pixi_rosdistro/pixi_rosdistro/install/tools/fastdds/discovery
[126.658s] -- Installing: /Users/runner/work/pixi_rosdistro/pixi_rosdistro/install/tools/fastdds/discovery/fastdds_daemon
[126.658s] -- Installing: /Users/runner/work/pixi_rosdistro/pixi_rosdistro/install/tools/fastdds/discovery/fastdds_daemon/process_handler
[126.658s] -- Installing: /Users/runner/work/pixi_rosdistro/pixi_rosdistro/install/tools/fastdds/discovery/fastdds_daemon/process_handler/__init__.py
[126.658s] -- Installing: /Users/runner/work/pixi_rosdistro/pixi_rosdistro/install/tools/fastdds/discovery/fastdds_daemon/process_handler/process_handler.py
[126.659s] -- Installing: /Users/runner/work/pixi_rosdistro/pixi_rosdistro/install/tools/fastdds/discovery/fastdds_daemon/xmlrpc_local
[126.660s] -- Installing: /Users/runner/work/pixi_rosdistro/pixi_rosdistro/install/tools/fastdds/discovery/fastdds_daemon/xmlrpc_local/__init__.py
[126.660s] -- Installing: /Users/runner/work/pixi_rosdistro/pixi_rosdistro/install/tools/fastdds/discovery/fastdds_daemon/xmlrpc_local/local_server.py
[126.660s] -- Installing: /Users/runner/work/pixi_rosdistro/pixi_rosdistro/install/tools/fastdds/discovery/fastdds_daemon/xmlrpc_local/local_client.py
[126.660s] -- Installing: /Users/runner/work/pixi_rosdistro/pixi_rosdistro/install/tools/fastdds/discovery/fastdds_daemon/daemon
[126.660s] -- Installing: /Users/runner/work/pixi_rosdistro/pixi_rosdistro/install/tools/fastdds/discovery/fastdds_daemon/daemon/daemonize.py
[126.660s] -- Installing: /Users/runner/work/pixi_rosdistro/pixi_rosdistro/install/tools/fastdds/discovery/fastdds_daemon/daemon/__init__.py
[126.660s] -- Installing: /Users/runner/work/pixi_rosdistro/pixi_rosdistro/install/tools/fastdds/discovery/fastdds_daemon/node
[126.660s] -- Installing: /Users/runner/work/pixi_rosdistro/pixi_rosdistro/install/tools/fastdds/discovery/fastdds_daemon/node/daemon_node.py
[126.660s] -- Installing: /Users/runner/work/pixi_rosdistro/pixi_rosdistro/install/tools/fastdds/discovery/fastdds_daemon/node/__init__.py
[126.661s] -- Installing: /Users/runner/work/pixi_rosdistro/pixi_rosdistro/install/tools/fastdds/discovery/fastdds_daemon/helpers.py
[126.661s] -- Installing: /Users/runner/work/pixi_rosdistro/pixi_rosdistro/install/tools/fastdds/discovery/parser.py
[126.661s] -- Installing: /Users/runner/work/pixi_rosdistro/pixi_rosdistro/install/tools/fastdds/xml_ci
[126.661s] -- Installing: /Users/runner/work/pixi_rosdistro/pixi_rosdistro/install/tools/fastdds/xml_ci/parser.py
[126.661s] -- Installing: /Users/runner/work/pixi_rosdistro/pixi_rosdistro/install/tools/fastdds/xml_ci/validate.py
[126.661s] -- Up-to-date: /Users/runner/work/pixi_rosdistro/pixi_rosdistro/install/bin
[126.661s] -- Installing: /Users/runner/work/pixi_rosdistro/pixi_rosdistro/install/bin/fastdds
[126.661s] -- Installing: /Users/runner/work/pixi_rosdistro/pixi_rosdistro/install/bin/ros-discovery
[126.663s] -- Installing: /Users/runner/work/pixi_rosdistro/pixi_rosdistro/install/share/fastdds/LICENSE
[126.664s] -- Installing: /Users/runner/work/pixi_rosdistro/pixi_rosdistro/install/share/fastdds/fastdds_profiles.xsd
[126.664s] -- Installing: /Users/runner/work/pixi_rosdistro/pixi_rosdistro/install/share/fastdds/fastdds_static_discovery.xsd
[126.667s] Invoked command in '/Users/runner/work/pixi_rosdistro/pixi_rosdistro/build/fastdds' returned '0': AMENT_PREFIX_PATH=/Users/runner/work/pixi_rosdistro/pixi_rosdistro/install CMAKE_PREFIX_PATH=/Users/runner/work/pixi_rosdistro/pixi_rosdistro/install DYLD_LIBRARY_PATH=/Users/runner/work/pixi_rosdistro/pixi_rosdistro/install/lib PATH=/Users/runner/work/pixi_rosdistro/pixi_rosdistro/install/bin:${PATH} PIXI_PROMPT=(ros2_rolling) PKG_CONFIG_PATH=/Users/runner/work/pixi_rosdistro/pixi_rosdistro/install/lib/pkgconfig PYTHONPATH=/Users/runner/work/pixi_rosdistro/pixi_rosdistro/install/lib/python3.12/site-packages ROS_DOMAIN_ID=73 SHLVL=3 _=/usr/bin/env /Users/runner/work/pixi_rosdistro/pixi_rosdistro/.pixi/envs/default/bin/cmake --install /Users/runner/work/pixi_rosdistro/pixi_rosdistro/build/fastdds
