[3.637s] Invoking command in '/home/runner/work/pixi_rosdistro/pixi_rosdistro/build/rosidl_runtime_cpp': AMENT_PREFIX_PATH=/home/runner/work/pixi_rosdistro/pixi_rosdistro/install CMAKE_PREFIX_PATH=/home/runner/work/pixi_rosdistro/pixi_rosdistro/install:${CMAKE_PREFIX_PATH} LD_LIBRARY_PATH=/home/runner/work/pixi_rosdistro/pixi_rosdistro/install/lib PATH=/home/runner/work/pixi_rosdistro/pixi_rosdistro/install/bin:/opt/microsoft/powershell/7:${PATH} PIXI_PROMPT=(ros2_rolling) PKG_CONFIG_PATH=/home/runner/work/pixi_rosdistro/pixi_rosdistro/install/lib/pkgconfig PSModulePath=/home/runner/.local/share/powershell/Modules:${PSModulePath} PYTHONPATH=/home/runner/work/pixi_rosdistro/pixi_rosdistro/install/lib/python3.12/site-packages /home/runner/work/pixi_rosdistro/pixi_rosdistro/.pixi/envs/default/bin/cmake /home/runner/work/pixi_rosdistro/pixi_rosdistro/src/ros2/rosidl/rosidl_runtime_cpp -GNinja --no-warn-unused-cli -DCMAKE_BUILD_TYPE=Release -DCMAKE_BUILD_WITH_INSTALL_RPATH:bool=TRUE -DCMAKE_POLICY_VERSION_MINIMUM=3.5 -Wno-deprecated -DSTACK_DETAILS_AUTO_DETECT:bool=FALSE -DSTACK_DETAILS_BFD:bool=FALSE -DCMAKE_INSTALL_PREFIX=/home/runner/work/pixi_rosdistro/pixi_rosdistro/install
[3.745s] Not searching for unused variables given on the command line.
[3.745s] -- The C compiler identification is GNU 14.3.0
[3.882s] -- The CXX compiler identification is GNU 14.3.0
[3.891s] -- Detecting C compiler ABI info
[4.033s] -- Detecting C compiler ABI info - done
[4.061s] -- Check for working C compiler: /home/runner/work/pixi_rosdistro/pixi_rosdistro/.pixi/envs/default/bin/x86_64-conda-linux-gnu-cc - skipped
[4.061s] -- Detecting C compile features
[4.063s] -- Detecting C compile features - done
[4.082s] -- Detecting CXX compiler ABI info
[4.322s] -- Detecting CXX compiler ABI info - done
[4.361s] -- Check for working CXX compiler: /home/runner/work/pixi_rosdistro/pixi_rosdistro/.pixi/envs/default/bin/x86_64-conda-linux-gnu-c++ - skipped
[4.361s] -- Detecting CXX compile features
[4.362s] -- Detecting CXX compile features - done
[4.381s] -- Found ament_cmake: 2.8.6 (/home/runner/work/pixi_rosdistro/pixi_rosdistro/install/share/ament_cmake/cmake)
[4.664s] -- Found rosidl_runtime_c: 5.1.3 (/home/runner/work/pixi_rosdistro/pixi_rosdistro/install/share/rosidl_runtime_c/cmake)
[4.674s] -- Found ament_lint_auto: 0.20.3 (/home/runner/work/pixi_rosdistro/pixi_rosdistro/install/share/ament_lint_auto/cmake)
[4.676s] -- Found performance_test_fixture: 0.4.1 (/home/runner/work/pixi_rosdistro/pixi_rosdistro/install/share/performance_test_fixture/cmake)
[5.751s] -- Found gtest sources under '/home/runner/work/pixi_rosdistro/pixi_rosdistro/install/src/gtest_vendor': C++ tests using 'Google Test' will be built
[5.756s] -- Check if compiler accepts -pthread
[5.973s] -- Check if compiler accepts -pthread - yes
[5.973s] -- Found Threads: TRUE
[5.976s] -- Performance tests are disabled by default, so Google Benchmark tests will be skipped. To enable these tests, set the CMake variable 'AMENT_RUN_PERFORMANCE_TESTS'.
[5.980s] -- Added test 'copyright' to check source files copyright and LICENSE
[5.982s] -- Added test 'cppcheck' to perform static code analysis on C / C++ code
[5.982s] -- Configured cppcheck include dirs: /home/runner/work/pixi_rosdistro/pixi_rosdistro/install/include;$<BUILD_INTERFACE:/home/runner/work/pixi_rosdistro/pixi_rosdistro/src/ros2/rosidl/rosidl_runtime_cpp/include>
[5.982s] -- Configured cppcheck exclude dirs and/or files: /home/runner/work/pixi_rosdistro/pixi_rosdistro/src/ros2/rosidl/rosidl_runtime_cpp/include/rosidl_runtime_cpp/type_description/field__struct.hpp;/home/runner/work/pixi_rosdistro/pixi_rosdistro/src/ros2/rosidl/rosidl_runtime_cpp/include/rosidl_runtime_cpp/type_description/field_type__struct.hpp;/home/runner/work/pixi_rosdistro/pixi_rosdistro/src/ros2/rosidl/rosidl_runtime_cpp/include/rosidl_runtime_cpp/type_description/individual_type_description__struct.hpp;/home/runner/work/pixi_rosdistro/pixi_rosdistro/src/ros2/rosidl/rosidl_runtime_cpp/include/rosidl_runtime_cpp/type_description/key_value__struct.hpp;/home/runner/work/pixi_rosdistro/pixi_rosdistro/src/ros2/rosidl/rosidl_runtime_cpp/include/rosidl_runtime_cpp/type_description/type_description__struct.hpp;/home/runner/work/pixi_rosdistro/pixi_rosdistro/src/ros2/rosidl/rosidl_runtime_cpp/include/rosidl_runtime_cpp/type_description/type_source__struct.hpp
[5.983s] -- Added test 'cpplint' to check C / C++ code against the Google style
[5.983s] -- Configured cpplint exclude dirs and/or files: /home/runner/work/pixi_rosdistro/pixi_rosdistro/src/ros2/rosidl/rosidl_runtime_cpp/include/rosidl_runtime_cpp/type_description/field__struct.hpp;/home/runner/work/pixi_rosdistro/pixi_rosdistro/src/ros2/rosidl/rosidl_runtime_cpp/include/rosidl_runtime_cpp/type_description/field_type__struct.hpp;/home/runner/work/pixi_rosdistro/pixi_rosdistro/src/ros2/rosidl/rosidl_runtime_cpp/include/rosidl_runtime_cpp/type_description/individual_type_description__struct.hpp;/home/runner/work/pixi_rosdistro/pixi_rosdistro/src/ros2/rosidl/rosidl_runtime_cpp/include/rosidl_runtime_cpp/type_description/key_value__struct.hpp;/home/runner/work/pixi_rosdistro/pixi_rosdistro/src/ros2/rosidl/rosidl_runtime_cpp/include/rosidl_runtime_cpp/type_description/type_description__struct.hpp;/home/runner/work/pixi_rosdistro/pixi_rosdistro/src/ros2/rosidl/rosidl_runtime_cpp/include/rosidl_runtime_cpp/type_description/type_source__struct.hpp
[5.984s] -- Added test 'lint_cmake' to check CMake code style
[5.986s] -- Added test 'uncrustify' to check C / C++ code style
[5.986s] -- Configured uncrustify additional arguments: 
[5.986s] -- Added test 'xmllint' to check XML markup files
[5.988s] -- Configuring done (2.3s)
[6.000s] -- Generating done (0.0s)
[6.004s] -- Build files have been written to: /home/runner/work/pixi_rosdistro/pixi_rosdistro/build/rosidl_runtime_cpp
[6.009s] Invoked command in '/home/runner/work/pixi_rosdistro/pixi_rosdistro/build/rosidl_runtime_cpp' returned '0': AMENT_PREFIX_PATH=/home/runner/work/pixi_rosdistro/pixi_rosdistro/install CMAKE_PREFIX_PATH=/home/runner/work/pixi_rosdistro/pixi_rosdistro/install:${CMAKE_PREFIX_PATH} LD_LIBRARY_PATH=/home/runner/work/pixi_rosdistro/pixi_rosdistro/install/lib PATH=/home/runner/work/pixi_rosdistro/pixi_rosdistro/install/bin:/opt/microsoft/powershell/7:${PATH} PIXI_PROMPT=(ros2_rolling) PKG_CONFIG_PATH=/home/runner/work/pixi_rosdistro/pixi_rosdistro/install/lib/pkgconfig PSModulePath=/home/runner/.local/share/powershell/Modules:${PSModulePath} PYTHONPATH=/home/runner/work/pixi_rosdistro/pixi_rosdistro/install/lib/python3.12/site-packages /home/runner/work/pixi_rosdistro/pixi_rosdistro/.pixi/envs/default/bin/cmake /home/runner/work/pixi_rosdistro/pixi_rosdistro/src/ros2/rosidl/rosidl_runtime_cpp -GNinja --no-warn-unused-cli -DCMAKE_BUILD_TYPE=Release -DCMAKE_BUILD_WITH_INSTALL_RPATH:bool=TRUE -DCMAKE_POLICY_VERSION_MINIMUM=3.5 -Wno-deprecated -DSTACK_DETAILS_AUTO_DETECT:bool=FALSE -DSTACK_DETAILS_BFD:bool=FALSE -DCMAKE_INSTALL_PREFIX=/home/runner/work/pixi_rosdistro/pixi_rosdistro/install
[6.010s] Invoking command in '/home/runner/work/pixi_rosdistro/pixi_rosdistro/build/rosidl_runtime_cpp': AMENT_PREFIX_PATH=/home/runner/work/pixi_rosdistro/pixi_rosdistro/install CMAKE_PREFIX_PATH=/home/runner/work/pixi_rosdistro/pixi_rosdistro/install:${CMAKE_PREFIX_PATH} LD_LIBRARY_PATH=/home/runner/work/pixi_rosdistro/pixi_rosdistro/install/lib PATH=/home/runner/work/pixi_rosdistro/pixi_rosdistro/install/bin:/opt/microsoft/powershell/7:${PATH} PIXI_PROMPT=(ros2_rolling) PKG_CONFIG_PATH=/home/runner/work/pixi_rosdistro/pixi_rosdistro/install/lib/pkgconfig PSModulePath=/home/runner/.local/share/powershell/Modules:${PSModulePath} PYTHONPATH=/home/runner/work/pixi_rosdistro/pixi_rosdistro/install/lib/python3.12/site-packages /home/runner/work/pixi_rosdistro/pixi_rosdistro/.pixi/envs/default/bin/cmake --build /home/runner/work/pixi_rosdistro/pixi_rosdistro/build/rosidl_runtime_cpp -- -j4 -l4
[6.694s] [1/8] Building CXX object gtest/CMakeFiles/gtest.dir/src/gtest-all.cc.o
[7.137s] [2/8] Building CXX object gtest/CMakeFiles/gtest_main.dir/src/gtest_main.cc.o
[7.488s] [3/8] Building CXX object CMakeFiles/test_bounded_vector.dir/test/test_bounded_vector.cpp.o
[7.786s] [4/8] Building CXX object CMakeFiles/benchmark_bounded_vector.dir/test/benchmark/benchmark_bounded_vector.cpp.o
[7.806s] [5/8] Linking CXX static library gtest/libgtest.a
[7.816s] [6/8] Linking CXX static library gtest/libgtest_main.a
[7.912s] [7/8] Linking CXX executable test_bounded_vector
[7.984s] [8/8] Linking CXX executable benchmark_bounded_vector
[7.986s] Invoked command in '/home/runner/work/pixi_rosdistro/pixi_rosdistro/build/rosidl_runtime_cpp' returned '0': AMENT_PREFIX_PATH=/home/runner/work/pixi_rosdistro/pixi_rosdistro/install CMAKE_PREFIX_PATH=/home/runner/work/pixi_rosdistro/pixi_rosdistro/install:${CMAKE_PREFIX_PATH} LD_LIBRARY_PATH=/home/runner/work/pixi_rosdistro/pixi_rosdistro/install/lib PATH=/home/runner/work/pixi_rosdistro/pixi_rosdistro/install/bin:/opt/microsoft/powershell/7:${PATH} PIXI_PROMPT=(ros2_rolling) PKG_CONFIG_PATH=/home/runner/work/pixi_rosdistro/pixi_rosdistro/install/lib/pkgconfig PSModulePath=/home/runner/.local/share/powershell/Modules:${PSModulePath} PYTHONPATH=/home/runner/work/pixi_rosdistro/pixi_rosdistro/install/lib/python3.12/site-packages /home/runner/work/pixi_rosdistro/pixi_rosdistro/.pixi/envs/default/bin/cmake --build /home/runner/work/pixi_rosdistro/pixi_rosdistro/build/rosidl_runtime_cpp -- -j4 -l4
[7.989s] Invoking command in '/home/runner/work/pixi_rosdistro/pixi_rosdistro/build/rosidl_runtime_cpp': AMENT_PREFIX_PATH=/home/runner/work/pixi_rosdistro/pixi_rosdistro/install CMAKE_PREFIX_PATH=/home/runner/work/pixi_rosdistro/pixi_rosdistro/install:${CMAKE_PREFIX_PATH} LD_LIBRARY_PATH=/home/runner/work/pixi_rosdistro/pixi_rosdistro/install/lib PATH=/home/runner/work/pixi_rosdistro/pixi_rosdistro/install/bin:/opt/microsoft/powershell/7:${PATH} PIXI_PROMPT=(ros2_rolling) PKG_CONFIG_PATH=/home/runner/work/pixi_rosdistro/pixi_rosdistro/install/lib/pkgconfig PSModulePath=/home/runner/.local/share/powershell/Modules:${PSModulePath} PYTHONPATH=/home/runner/work/pixi_rosdistro/pixi_rosdistro/install/lib/python3.12/site-packages /home/runner/work/pixi_rosdistro/pixi_rosdistro/.pixi/envs/default/bin/cmake --install /home/runner/work/pixi_rosdistro/pixi_rosdistro/build/rosidl_runtime_cpp
[7.998s] -- Install configuration: "Release"
[7.998s] -- Installing: /home/runner/work/pixi_rosdistro/pixi_rosdistro/install/share/ament_index/resource_index/rosidl_runtime_packages/rosidl_runtime_cpp
[7.998s] -- Installing: /home/runner/work/pixi_rosdistro/pixi_rosdistro/install/include/rosidl_runtime_cpp
[7.998s] -- Installing: /home/runner/work/pixi_rosdistro/pixi_rosdistro/install/include/rosidl_runtime_cpp/rosidl_runtime_cpp
[7.999s] -- Installing: /home/runner/work/pixi_rosdistro/pixi_rosdistro/install/include/rosidl_runtime_cpp/rosidl_runtime_cpp/traits.hpp
[7.999s] -- Installing: /home/runner/work/pixi_rosdistro/pixi_rosdistro/install/include/rosidl_runtime_cpp/rosidl_runtime_cpp/message_type_support_decl.hpp
[7.999s] -- Installing: /home/runner/work/pixi_rosdistro/pixi_rosdistro/install/include/rosidl_runtime_cpp/rosidl_runtime_cpp/service_type_support_decl.hpp
[7.999s] -- Installing: /home/runner/work/pixi_rosdistro/pixi_rosdistro/install/include/rosidl_runtime_cpp/rosidl_runtime_cpp/action_type_support_decl.hpp
[7.999s] -- Installing: /home/runner/work/pixi_rosdistro/pixi_rosdistro/install/include/rosidl_runtime_cpp/rosidl_runtime_cpp/message_initialization.hpp
[7.999s] -- Installing: /home/runner/work/pixi_rosdistro/pixi_rosdistro/install/include/rosidl_runtime_cpp/rosidl_runtime_cpp/bounded_vector.hpp
[7.999s] -- Installing: /home/runner/work/pixi_rosdistro/pixi_rosdistro/install/include/rosidl_runtime_cpp/rosidl_runtime_cpp/type_description
[8.001s] -- Installing: /home/runner/work/pixi_rosdistro/pixi_rosdistro/install/include/rosidl_runtime_cpp/rosidl_runtime_cpp/type_description/type_description__struct.hpp
[8.001s] -- Installing: /home/runner/work/pixi_rosdistro/pixi_rosdistro/install/include/rosidl_runtime_cpp/rosidl_runtime_cpp/type_description/field__struct.hpp
[8.001s] -- Installing: /home/runner/work/pixi_rosdistro/pixi_rosdistro/install/include/rosidl_runtime_cpp/rosidl_runtime_cpp/type_description/field_type__struct.hpp
[8.001s] -- Installing: /home/runner/work/pixi_rosdistro/pixi_rosdistro/install/include/rosidl_runtime_cpp/rosidl_runtime_cpp/type_description/key_value__struct.hpp
[8.001s] -- Installing: /home/runner/work/pixi_rosdistro/pixi_rosdistro/install/include/rosidl_runtime_cpp/rosidl_runtime_cpp/type_description/individual_type_description__struct.hpp
[8.001s] -- Installing: /home/runner/work/pixi_rosdistro/pixi_rosdistro/install/include/rosidl_runtime_cpp/rosidl_runtime_cpp/type_description/type_source__struct.hpp
[8.001s] -- Installing: /home/runner/work/pixi_rosdistro/pixi_rosdistro/install/include/rosidl_runtime_cpp/rosidl_typesupport_cpp
[8.001s] -- Installing: /home/runner/work/pixi_rosdistro/pixi_rosdistro/install/include/rosidl_runtime_cpp/rosidl_typesupport_cpp/action_type_support.hpp
[8.001s] -- Installing: /home/runner/work/pixi_rosdistro/pixi_rosdistro/install/include/rosidl_runtime_cpp/rosidl_typesupport_cpp/message_type_support.hpp
[8.001s] -- Installing: /home/runner/work/pixi_rosdistro/pixi_rosdistro/install/include/rosidl_runtime_cpp/rosidl_typesupport_cpp/service_type_support.hpp
[8.002s] -- Installing: /home/runner/work/pixi_rosdistro/pixi_rosdistro/install/share/ament_index/resource_index/package_run_dependencies/rosidl_runtime_cpp
[8.002s] -- Installing: /home/runner/work/pixi_rosdistro/pixi_rosdistro/install/share/ament_index/resource_index/parent_prefix_path/rosidl_runtime_cpp
[8.002s] -- Installing: /home/runner/work/pixi_rosdistro/pixi_rosdistro/install/share/rosidl_runtime_cpp/environment/ament_prefix_path.sh
[8.003s] -- Installing: /home/runner/work/pixi_rosdistro/pixi_rosdistro/install/share/rosidl_runtime_cpp/environment/ament_prefix_path.dsv
[8.003s] -- Installing: /home/runner/work/pixi_rosdistro/pixi_rosdistro/install/share/rosidl_runtime_cpp/environment/path.sh
[8.003s] -- Installing: /home/runner/work/pixi_rosdistro/pixi_rosdistro/install/share/rosidl_runtime_cpp/environment/path.dsv
[8.004s] -- Installing: /home/runner/work/pixi_rosdistro/pixi_rosdistro/install/share/rosidl_runtime_cpp/local_setup.bash
[8.005s] -- Installing: /home/runner/work/pixi_rosdistro/pixi_rosdistro/install/share/rosidl_runtime_cpp/local_setup.fish
[8.005s] -- Installing: /home/runner/work/pixi_rosdistro/pixi_rosdistro/install/share/rosidl_runtime_cpp/local_setup.sh
[8.005s] -- Installing: /home/runner/work/pixi_rosdistro/pixi_rosdistro/install/share/rosidl_runtime_cpp/local_setup.zsh
[8.005s] -- Installing: /home/runner/work/pixi_rosdistro/pixi_rosdistro/install/share/rosidl_runtime_cpp/local_setup.dsv
[8.005s] -- Installing: /home/runner/work/pixi_rosdistro/pixi_rosdistro/install/share/rosidl_runtime_cpp/package.dsv
[8.005s] -- Installing: /home/runner/work/pixi_rosdistro/pixi_rosdistro/install/share/ament_index/resource_index/packages/rosidl_runtime_cpp
[8.006s] -- Installing: /home/runner/work/pixi_rosdistro/pixi_rosdistro/install/share/rosidl_runtime_cpp/cmake/rosidl_runtime_cppExport.cmake
[8.006s] -- Installing: /home/runner/work/pixi_rosdistro/pixi_rosdistro/install/share/rosidl_runtime_cpp/cmake/ament_cmake_export_include_directories-extras.cmake
[8.006s] -- Installing: /home/runner/work/pixi_rosdistro/pixi_rosdistro/install/share/rosidl_runtime_cpp/cmake/ament_cmake_export_targets-extras.cmake
[8.006s] -- Installing: /home/runner/work/pixi_rosdistro/pixi_rosdistro/install/share/rosidl_runtime_cpp/cmake/ament_cmake_export_dependencies-extras.cmake
[8.007s] -- Installing: /home/runner/work/pixi_rosdistro/pixi_rosdistro/install/share/rosidl_runtime_cpp/cmake/rosidl_runtime_cppConfig.cmake
[8.007s] -- Installing: /home/runner/work/pixi_rosdistro/pixi_rosdistro/install/share/rosidl_runtime_cpp/cmake/rosidl_runtime_cppConfig-version.cmake
[8.007s] -- Installing: /home/runner/work/pixi_rosdistro/pixi_rosdistro/install/share/rosidl_runtime_cpp/package.xml
[8.009s] Invoked command in '/home/runner/work/pixi_rosdistro/pixi_rosdistro/build/rosidl_runtime_cpp' returned '0': AMENT_PREFIX_PATH=/home/runner/work/pixi_rosdistro/pixi_rosdistro/install CMAKE_PREFIX_PATH=/home/runner/work/pixi_rosdistro/pixi_rosdistro/install:${CMAKE_PREFIX_PATH} LD_LIBRARY_PATH=/home/runner/work/pixi_rosdistro/pixi_rosdistro/install/lib PATH=/home/runner/work/pixi_rosdistro/pixi_rosdistro/install/bin:/opt/microsoft/powershell/7:${PATH} PIXI_PROMPT=(ros2_rolling) PKG_CONFIG_PATH=/home/runner/work/pixi_rosdistro/pixi_rosdistro/install/lib/pkgconfig PSModulePath=/home/runner/.local/share/powershell/Modules:${PSModulePath} PYTHONPATH=/home/runner/work/pixi_rosdistro/pixi_rosdistro/install/lib/python3.12/site-packages /home/runner/work/pixi_rosdistro/pixi_rosdistro/.pixi/envs/default/bin/cmake --install /home/runner/work/pixi_rosdistro/pixi_rosdistro/build/rosidl_runtime_cpp
