[5.460s] Invoking command in '/home/runner/work/pixi_rosdistro/pixi_rosdistro/build/unique_identifier_msgs': AMENT_PREFIX_PATH=/home/runner/work/pixi_rosdistro/pixi_rosdistro/install CMAKE_PREFIX_PATH=/home/runner/work/pixi_rosdistro/pixi_rosdistro/install:${CMAKE_PREFIX_PATH} LD_LIBRARY_PATH=/home/runner/work/pixi_rosdistro/pixi_rosdistro/install/lib PATH=/home/runner/work/pixi_rosdistro/pixi_rosdistro/install/bin:/opt/microsoft/powershell/7:${PATH} PIXI_PROMPT=(ros2_rolling) PKG_CONFIG_PATH=/home/runner/work/pixi_rosdistro/pixi_rosdistro/install/lib/pkgconfig PSModulePath=/home/runner/.local/share/powershell/Modules:${PSModulePath} PYTHONPATH=/home/runner/work/pixi_rosdistro/pixi_rosdistro/install/lib/python3.12/site-packages /home/runner/work/pixi_rosdistro/pixi_rosdistro/.pixi/envs/default/bin/cmake /home/runner/work/pixi_rosdistro/pixi_rosdistro/src/ros2/unique_identifier_msgs -GNinja --no-warn-unused-cli -DCMAKE_BUILD_TYPE=Release -DCMAKE_BUILD_WITH_INSTALL_RPATH:bool=TRUE -DCMAKE_POLICY_VERSION_MINIMUM=3.5 -Wno-deprecated -DSTACK_DETAILS_AUTO_DETECT:bool=FALSE -DSTACK_DETAILS_BFD:bool=FALSE -DTRACETOOLS_DISABLED=ON -DCMAKE_INSTALL_PREFIX=/home/runner/work/pixi_rosdistro/pixi_rosdistro/install
[5.552s] Not searching for unused variables given on the command line.
[5.552s] -- The C compiler identification is GNU 14.3.0
[5.690s] -- The CXX compiler identification is GNU 14.3.0
[5.705s] -- Detecting C compiler ABI info
[5.900s] -- Detecting C compiler ABI info - done
[5.936s] -- Check for working C compiler: /home/runner/work/pixi_rosdistro/pixi_rosdistro/.pixi/envs/default/bin/x86_64-conda-linux-gnu-cc - skipped
[5.936s] -- Detecting C compile features
[5.936s] -- Detecting C compile features - done
[5.961s] -- Detecting CXX compiler ABI info
[6.296s] -- Detecting CXX compiler ABI info - done
[6.348s] -- Check for working CXX compiler: /home/runner/work/pixi_rosdistro/pixi_rosdistro/.pixi/envs/default/bin/x86_64-conda-linux-gnu-c++ - skipped
[6.349s] -- Detecting CXX compile features
[6.350s] -- Detecting CXX compile features - done
[6.366s] -- Found ament_cmake: 2.8.6 (/home/runner/work/pixi_rosdistro/pixi_rosdistro/install/share/ament_cmake/cmake)
[6.746s] -- Found rosidl_core_generators: 0.4.1 (/home/runner/work/pixi_rosdistro/pixi_rosdistro/install/share/rosidl_core_generators/cmake)
[6.750s] -- Using all available rosidl_typesupport_c: rosidl_typesupport_fastrtps_c;rosidl_typesupport_introspection_c
[6.809s] -- Using all available rosidl_typesupport_cpp: rosidl_typesupport_fastrtps_cpp;rosidl_typesupport_introspection_cpp
[6.850s] -- Found rosidl_adapter: 5.1.3 (/home/runner/work/pixi_rosdistro/pixi_rosdistro/install/share/rosidl_adapter/cmake)
[7.095s] -- Found Python3: /home/runner/work/pixi_rosdistro/pixi_rosdistro/.pixi/envs/default/bin/python3 (found version "3.12.13") found components: Interpreter
[7.854s] -- Found ament_cmake_ros_core: 0.15.6 (/home/runner/work/pixi_rosdistro/pixi_rosdistro/install/share/ament_cmake_ros_core/cmake)
[8.780s] -- Using all available rosidl_typesupport_c: rosidl_typesupport_fastrtps_c;rosidl_typesupport_introspection_c
[9.422s] -- Using all available rosidl_typesupport_cpp: rosidl_typesupport_fastrtps_cpp;rosidl_typesupport_introspection_cpp
[10.241s] -- Found Python3: /home/runner/work/pixi_rosdistro/pixi_rosdistro/.pixi/envs/default/bin/python3 (found version "3.12.13") found components: Interpreter Development NumPy Development.Module Development.Embed
[10.348s] -- Found Python3: /home/runner/work/pixi_rosdistro/pixi_rosdistro/.pixi/envs/default/bin/python3 (found version "3.12.13") found components: Interpreter
[10.353s] -- Found ament_lint_auto: 0.20.3 (/home/runner/work/pixi_rosdistro/pixi_rosdistro/install/share/ament_lint_auto/cmake)
[10.385s] -- Added test 'copyright' to check source files copyright and LICENSE
[10.399s] -- Added test 'lint_cmake' to check CMake code style
[10.406s] -- Added test 'xmllint' to check XML markup files
[10.411s] -- Configuring done (4.9s)
[10.470s] -- Generating done (0.1s)
[10.500s] -- Build files have been written to: /home/runner/work/pixi_rosdistro/pixi_rosdistro/build/unique_identifier_msgs
[10.521s] Invoked command in '/home/runner/work/pixi_rosdistro/pixi_rosdistro/build/unique_identifier_msgs' returned '0': AMENT_PREFIX_PATH=/home/runner/work/pixi_rosdistro/pixi_rosdistro/install CMAKE_PREFIX_PATH=/home/runner/work/pixi_rosdistro/pixi_rosdistro/install:${CMAKE_PREFIX_PATH} LD_LIBRARY_PATH=/home/runner/work/pixi_rosdistro/pixi_rosdistro/install/lib PATH=/home/runner/work/pixi_rosdistro/pixi_rosdistro/install/bin:/opt/microsoft/powershell/7:${PATH} PIXI_PROMPT=(ros2_rolling) PKG_CONFIG_PATH=/home/runner/work/pixi_rosdistro/pixi_rosdistro/install/lib/pkgconfig PSModulePath=/home/runner/.local/share/powershell/Modules:${PSModulePath} PYTHONPATH=/home/runner/work/pixi_rosdistro/pixi_rosdistro/install/lib/python3.12/site-packages ROS_DOMAIN_ID=10 /home/runner/work/pixi_rosdistro/pixi_rosdistro/.pixi/envs/default/bin/cmake /home/runner/work/pixi_rosdistro/pixi_rosdistro/src/ros2/unique_identifier_msgs -GNinja --no-warn-unused-cli -DCMAKE_BUILD_TYPE=Release -DCMAKE_BUILD_WITH_INSTALL_RPATH:bool=TRUE -DCMAKE_POLICY_VERSION_MINIMUM=3.5 -Wno-deprecated -DSTACK_DETAILS_AUTO_DETECT:bool=FALSE -DSTACK_DETAILS_BFD:bool=FALSE -DTRACETOOLS_DISABLED=ON -DCMAKE_INSTALL_PREFIX=/home/runner/work/pixi_rosdistro/pixi_rosdistro/install
[10.522s] Invoking command in '/home/runner/work/pixi_rosdistro/pixi_rosdistro/build/unique_identifier_msgs': AMENT_PREFIX_PATH=/home/runner/work/pixi_rosdistro/pixi_rosdistro/install CMAKE_PREFIX_PATH=/home/runner/work/pixi_rosdistro/pixi_rosdistro/install:${CMAKE_PREFIX_PATH} LD_LIBRARY_PATH=/home/runner/work/pixi_rosdistro/pixi_rosdistro/install/lib PATH=/home/runner/work/pixi_rosdistro/pixi_rosdistro/install/bin:/opt/microsoft/powershell/7:${PATH} PIXI_PROMPT=(ros2_rolling) PKG_CONFIG_PATH=/home/runner/work/pixi_rosdistro/pixi_rosdistro/install/lib/pkgconfig PSModulePath=/home/runner/.local/share/powershell/Modules:${PSModulePath} PYTHONPATH=/home/runner/work/pixi_rosdistro/pixi_rosdistro/install/lib/python3.12/site-packages ROS_DOMAIN_ID=10 /home/runner/work/pixi_rosdistro/pixi_rosdistro/.pixi/envs/default/bin/cmake --build /home/runner/work/pixi_rosdistro/pixi_rosdistro/build/unique_identifier_msgs -- -j4 -l4
[10.854s] [1/37] Generating type hashes for ROS interfaces
[11.139s] [2/37] Generating C code for ROS interfaces
[11.349s] [3/37] Building C object CMakeFiles/unique_identifier_msgs__rosidl_generator_c.dir/rosidl_generator_c/unique_identifier_msgs/msg/detail/uuid__description.c.o
[11.591s] [4/37] Building C object CMakeFiles/unique_identifier_msgs__rosidl_generator_c.dir/rosidl_generator_c/unique_identifier_msgs/msg/detail/uuid__functions.c.o
[11.768s] [5/37] Building C object CMakeFiles/unique_identifier_msgs__rosidl_generator_c.dir/rosidl_generator_c/unique_identifier_msgs/msg/detail/uuid__type_support.c.o
[12.140s] [6/37] Generating C type support for eProsima Fast-RTPS
[12.451s] [7/37] Generating C introspection for ROS interfaces
[12.764s] [8/37] Generating C type support dispatch for ROS interfaces
[13.162s] [9/37] Generating C++ code for ROS interfaces
[13.601s] [10/37] Generating C++ type support for eProsima Fast-RTPS
[13.991s] [11/37] Generating C++ introspection for ROS interfaces
[14.292s] [12/37] Generating C++ type support dispatch for ROS interfaces
[14.318s] [13/37] Linking C shared library libunique_identifier_msgs__rosidl_generator_c.so
[14.745s] [14/37] Building CXX object CMakeFiles/unique_identifier_msgs__rosidl_typesupport_fastrtps_c.dir/rosidl_typesupport_fastrtps_c/unique_identifier_msgs/msg/detail/uuid__type_support_c.cpp.o
[14.904s] [15/37] Building C object CMakeFiles/unique_identifier_msgs__rosidl_typesupport_introspection_c.dir/rosidl_typesupport_introspection_c/unique_identifier_msgs/msg/detail/uuid__type_support.c.o
[15.073s] [16/37] Building CXX object CMakeFiles/unique_identifier_msgs__rosidl_typesupport_c.dir/rosidl_typesupport_c/unique_identifier_msgs/msg/uuid__type_support.cpp.o
[15.470s] [17/37] Building CXX object CMakeFiles/unique_identifier_msgs__rosidl_typesupport_fastrtps_cpp.dir/rosidl_typesupport_fastrtps_cpp/unique_identifier_msgs/msg/detail/dds_fastrtps/uuid__type_support.cpp.o
[15.911s] [18/37] Building CXX object CMakeFiles/unique_identifier_msgs__rosidl_typesupport_introspection_cpp.dir/rosidl_typesupport_introspection_cpp/unique_identifier_msgs/msg/detail/uuid__type_support.cpp.o
[16.256s] [19/37] Building CXX object CMakeFiles/unique_identifier_msgs__rosidl_typesupport_cpp.dir/rosidl_typesupport_cpp/unique_identifier_msgs/msg/uuid__type_support.cpp.o
[16.334s] [20/37] Linking CXX shared library libunique_identifier_msgs__rosidl_typesupport_fastrtps_c.so
[16.361s] [21/37] Linking C shared library libunique_identifier_msgs__rosidl_typesupport_introspection_c.so
[16.457s] [22/37] Linking CXX shared library libunique_identifier_msgs__rosidl_typesupport_c.so
[16.537s] [23/37] Linking CXX shared library libunique_identifier_msgs__rosidl_typesupport_fastrtps_cpp.so
[16.603s] [24/37] Linking CXX shared library libunique_identifier_msgs__rosidl_typesupport_introspection_cpp.so
[16.684s] [25/37] Linking CXX shared library libunique_identifier_msgs__rosidl_typesupport_cpp.so
[17.205s] [26/37] Generating Python code for ROS interfaces
[17.551s] [27/37] Generating Rust code for ROS interfaces
[17.869s] [28/37] Building C object CMakeFiles/unique_identifier_msgs__rosidl_generator_py.dir/rosidl_generator_py/unique_identifier_msgs/msg/_uuid_s.c.o
[17.930s] [29/37] Linking C shared library libunique_identifier_msgs__rosidl_generator_py.so
[18.353s] [30/37] Building C object CMakeFiles/unique_identifier_msgs_s__rosidl_typesupport_fastrtps_c.dir/rosidl_generator_py/unique_identifier_msgs/_unique_identifier_msgs_s.ep.rosidl_typesupport_fastrtps_c.c.o
[18.682s] [31/37] Building C object CMakeFiles/unique_identifier_msgs_s__rosidl_typesupport_introspection_c.dir/rosidl_generator_py/unique_identifier_msgs/_unique_identifier_msgs_s.ep.rosidl_typesupport_introspection_c.c.o
[18.922s] [32/37] Building C object CMakeFiles/unique_identifier_msgs_s__rosidl_typesupport_c.dir/rosidl_generator_py/unique_identifier_msgs/_unique_identifier_msgs_s.ep.rosidl_typesupport_c.c.o
[18.928s] [33/37] cd /home/runner/work/pixi_rosdistro/pixi_rosdistro/build/unique_identifier_msgs && /home/runner/work/pixi_rosdistro/pixi_rosdistro/.pixi/envs/default/bin/cmake -E copy_directory /home/runner/work/pixi_rosdistro/pixi_rosdistro/build/unique_identifier_msgs/rosidl_generator_py/unique_identifier_msgs /home/runner/work/pixi_rosdistro/pixi_rosdistro/build/unique_identifier_msgs/ament_cmake_python/unique_identifier_msgs/unique_identifier_msgs
[18.962s] [34/37] Linking C shared module rosidl_generator_py/unique_identifier_msgs/unique_identifier_msgs_s__rosidl_typesupport_fastrtps_c.so
[18.988s] [35/37] Linking C shared module rosidl_generator_py/unique_identifier_msgs/unique_identifier_msgs_s__rosidl_typesupport_introspection_c.so
[19.013s] [36/37] Linking C shared module rosidl_generator_py/unique_identifier_msgs/unique_identifier_msgs_s__rosidl_typesupport_c.so
[19.317s] [37/37] cd /home/runner/work/pixi_rosdistro/pixi_rosdistro/build/unique_identifier_msgs/ament_cmake_python/unique_identifier_msgs && /home/runner/work/pixi_rosdistro/pixi_rosdistro/.pixi/envs/default/bin/python3 setup.py egg_info
[19.317s] running egg_info
[19.317s] creating unique_identifier_msgs.egg-info
[19.317s] writing unique_identifier_msgs.egg-info/PKG-INFO
[19.317s] writing dependency_links to unique_identifier_msgs.egg-info/dependency_links.txt
[19.317s] writing top-level names to unique_identifier_msgs.egg-info/top_level.txt
[19.317s] writing manifest file 'unique_identifier_msgs.egg-info/SOURCES.txt'
[19.317s] reading manifest file 'unique_identifier_msgs.egg-info/SOURCES.txt'
[19.317s] writing manifest file 'unique_identifier_msgs.egg-info/SOURCES.txt'
[19.319s] Invoked command in '/home/runner/work/pixi_rosdistro/pixi_rosdistro/build/unique_identifier_msgs' returned '0': AMENT_PREFIX_PATH=/home/runner/work/pixi_rosdistro/pixi_rosdistro/install CMAKE_PREFIX_PATH=/home/runner/work/pixi_rosdistro/pixi_rosdistro/install:${CMAKE_PREFIX_PATH} LD_LIBRARY_PATH=/home/runner/work/pixi_rosdistro/pixi_rosdistro/install/lib PATH=/home/runner/work/pixi_rosdistro/pixi_rosdistro/install/bin:/opt/microsoft/powershell/7:${PATH} PIXI_PROMPT=(ros2_rolling) PKG_CONFIG_PATH=/home/runner/work/pixi_rosdistro/pixi_rosdistro/install/lib/pkgconfig PSModulePath=/home/runner/.local/share/powershell/Modules:${PSModulePath} PYTHONPATH=/home/runner/work/pixi_rosdistro/pixi_rosdistro/install/lib/python3.12/site-packages ROS_DOMAIN_ID=10 /home/runner/work/pixi_rosdistro/pixi_rosdistro/.pixi/envs/default/bin/cmake --build /home/runner/work/pixi_rosdistro/pixi_rosdistro/build/unique_identifier_msgs -- -j4 -l4
[19.323s] Invoking command in '/home/runner/work/pixi_rosdistro/pixi_rosdistro/build/unique_identifier_msgs': AMENT_PREFIX_PATH=/home/runner/work/pixi_rosdistro/pixi_rosdistro/install CMAKE_PREFIX_PATH=/home/runner/work/pixi_rosdistro/pixi_rosdistro/install:${CMAKE_PREFIX_PATH} LD_LIBRARY_PATH=/home/runner/work/pixi_rosdistro/pixi_rosdistro/install/lib PATH=/home/runner/work/pixi_rosdistro/pixi_rosdistro/install/bin:/opt/microsoft/powershell/7:${PATH} PIXI_PROMPT=(ros2_rolling) PKG_CONFIG_PATH=/home/runner/work/pixi_rosdistro/pixi_rosdistro/install/lib/pkgconfig PSModulePath=/home/runner/.local/share/powershell/Modules:${PSModulePath} PYTHONPATH=/home/runner/work/pixi_rosdistro/pixi_rosdistro/install/lib/python3.12/site-packages ROS_DOMAIN_ID=10 /home/runner/work/pixi_rosdistro/pixi_rosdistro/.pixi/envs/default/bin/cmake --install /home/runner/work/pixi_rosdistro/pixi_rosdistro/build/unique_identifier_msgs
[19.331s] -- Install configuration: "Release"
[19.331s] -- Installing: /home/runner/work/pixi_rosdistro/pixi_rosdistro/install/share/ament_index/resource_index/rosidl_interfaces/unique_identifier_msgs
[19.331s] -- Installing: /home/runner/work/pixi_rosdistro/pixi_rosdistro/install/share/unique_identifier_msgs/msg/UUID.json
[19.331s] -- Installing: /home/runner/work/pixi_rosdistro/pixi_rosdistro/install/include/unique_identifier_msgs/unique_identifier_msgs
[19.332s] -- Installing: /home/runner/work/pixi_rosdistro/pixi_rosdistro/install/include/unique_identifier_msgs/unique_identifier_msgs/msg
[19.332s] -- Installing: /home/runner/work/pixi_rosdistro/pixi_rosdistro/install/include/unique_identifier_msgs/unique_identifier_msgs/msg/rosidl_generator_c__visibility_control.h
[19.332s] -- Installing: /home/runner/work/pixi_rosdistro/pixi_rosdistro/install/include/unique_identifier_msgs/unique_identifier_msgs/msg/uuid.h
[19.333s] -- Installing: /home/runner/work/pixi_rosdistro/pixi_rosdistro/install/include/unique_identifier_msgs/unique_identifier_msgs/msg/detail
[19.333s] -- Installing: /home/runner/work/pixi_rosdistro/pixi_rosdistro/install/include/unique_identifier_msgs/unique_identifier_msgs/msg/detail/uuid__type_support.h
[19.334s] -- Installing: /home/runner/work/pixi_rosdistro/pixi_rosdistro/install/include/unique_identifier_msgs/unique_identifier_msgs/msg/detail/uuid__functions.h
[19.334s] -- Installing: /home/runner/work/pixi_rosdistro/pixi_rosdistro/install/include/unique_identifier_msgs/unique_identifier_msgs/msg/detail/uuid__struct.h
[19.334s] -- Installing: /home/runner/work/pixi_rosdistro/pixi_rosdistro/install/include/unique_identifier_msgs/unique_identifier_msgs/msg/detail/uuid__type_support.c
[19.335s] -- Installing: /home/runner/work/pixi_rosdistro/pixi_rosdistro/install/include/unique_identifier_msgs/unique_identifier_msgs/msg/detail/uuid__functions.c
[19.337s] -- Installing: /home/runner/work/pixi_rosdistro/pixi_rosdistro/install/include/unique_identifier_msgs/unique_identifier_msgs/msg/detail/uuid__description.c
[19.337s] -- Installing: /home/runner/work/pixi_rosdistro/pixi_rosdistro/install/share/unique_identifier_msgs/environment/library_path.sh
[19.337s] -- Installing: /home/runner/work/pixi_rosdistro/pixi_rosdistro/install/share/unique_identifier_msgs/environment/library_path.dsv
[19.337s] -- Installing: /home/runner/work/pixi_rosdistro/pixi_rosdistro/install/lib/libunique_identifier_msgs__rosidl_generator_c.so
[19.337s] -- Up-to-date: /home/runner/work/pixi_rosdistro/pixi_rosdistro/install/include/unique_identifier_msgs/unique_identifier_msgs
[19.337s] -- Up-to-date: /home/runner/work/pixi_rosdistro/pixi_rosdistro/install/include/unique_identifier_msgs/unique_identifier_msgs/msg
[19.338s] -- Installing: /home/runner/work/pixi_rosdistro/pixi_rosdistro/install/include/unique_identifier_msgs/unique_identifier_msgs/msg/rosidl_typesupport_fastrtps_c__visibility_control.h
[19.338s] -- Up-to-date: /home/runner/work/pixi_rosdistro/pixi_rosdistro/install/include/unique_identifier_msgs/unique_identifier_msgs/msg/detail
[19.338s] -- Installing: /home/runner/work/pixi_rosdistro/pixi_rosdistro/install/include/unique_identifier_msgs/unique_identifier_msgs/msg/detail/uuid__rosidl_typesupport_fastrtps_c.h
[19.338s] -- Installing: /home/runner/work/pixi_rosdistro/pixi_rosdistro/install/lib/libunique_identifier_msgs__rosidl_typesupport_fastrtps_c.so
[19.338s] -- Up-to-date: /home/runner/work/pixi_rosdistro/pixi_rosdistro/install/include/unique_identifier_msgs/unique_identifier_msgs
[19.338s] -- Up-to-date: /home/runner/work/pixi_rosdistro/pixi_rosdistro/install/include/unique_identifier_msgs/unique_identifier_msgs/msg
[19.338s] -- Installing: /home/runner/work/pixi_rosdistro/pixi_rosdistro/install/include/unique_identifier_msgs/unique_identifier_msgs/msg/rosidl_typesupport_introspection_c__visibility_control.h
[19.339s] -- Up-to-date: /home/runner/work/pixi_rosdistro/pixi_rosdistro/install/include/unique_identifier_msgs/unique_identifier_msgs/msg/detail
[19.339s] -- Installing: /home/runner/work/pixi_rosdistro/pixi_rosdistro/install/include/unique_identifier_msgs/unique_identifier_msgs/msg/detail/uuid__rosidl_typesupport_introspection_c.h
[19.339s] -- Installing: /home/runner/work/pixi_rosdistro/pixi_rosdistro/install/include/unique_identifier_msgs/unique_identifier_msgs/msg/detail/uuid__type_support.c
[19.339s] -- Installing: /home/runner/work/pixi_rosdistro/pixi_rosdistro/install/lib/libunique_identifier_msgs__rosidl_typesupport_introspection_c.so
[19.339s] -- Installing: /home/runner/work/pixi_rosdistro/pixi_rosdistro/install/lib/libunique_identifier_msgs__rosidl_typesupport_c.so
[19.339s] -- Up-to-date: /home/runner/work/pixi_rosdistro/pixi_rosdistro/install/include/unique_identifier_msgs/unique_identifier_msgs
[19.339s] -- Up-to-date: /home/runner/work/pixi_rosdistro/pixi_rosdistro/install/include/unique_identifier_msgs/unique_identifier_msgs/msg
[19.340s] -- Installing: /home/runner/work/pixi_rosdistro/pixi_rosdistro/install/include/unique_identifier_msgs/unique_identifier_msgs/msg/uuid.hpp
[19.342s] -- Installing: /home/runner/work/pixi_rosdistro/pixi_rosdistro/install/include/unique_identifier_msgs/unique_identifier_msgs/msg/rosidl_generator_cpp__visibility_control.hpp
[19.342s] -- Up-to-date: /home/runner/work/pixi_rosdistro/pixi_rosdistro/install/include/unique_identifier_msgs/unique_identifier_msgs/msg/detail
[19.342s] -- Installing: /home/runner/work/pixi_rosdistro/pixi_rosdistro/install/include/unique_identifier_msgs/unique_identifier_msgs/msg/detail/uuid__traits.hpp
[19.342s] -- Installing: /home/runner/work/pixi_rosdistro/pixi_rosdistro/install/include/unique_identifier_msgs/unique_identifier_msgs/msg/detail/uuid__type_support.hpp
[19.342s] -- Installing: /home/runner/work/pixi_rosdistro/pixi_rosdistro/install/include/unique_identifier_msgs/unique_identifier_msgs/msg/detail/uuid__struct.hpp
[19.342s] -- Installing: /home/runner/work/pixi_rosdistro/pixi_rosdistro/install/include/unique_identifier_msgs/unique_identifier_msgs/msg/detail/uuid__builder.hpp
[19.343s] -- Up-to-date: /home/runner/work/pixi_rosdistro/pixi_rosdistro/install/include/unique_identifier_msgs/unique_identifier_msgs
[19.343s] -- Up-to-date: /home/runner/work/pixi_rosdistro/pixi_rosdistro/install/include/unique_identifier_msgs/unique_identifier_msgs/msg
[19.343s] -- Installing: /home/runner/work/pixi_rosdistro/pixi_rosdistro/install/include/unique_identifier_msgs/unique_identifier_msgs/msg/rosidl_typesupport_fastrtps_cpp__visibility_control.h
[19.343s] -- Up-to-date: /home/runner/work/pixi_rosdistro/pixi_rosdistro/install/include/unique_identifier_msgs/unique_identifier_msgs/msg/detail
[19.343s] -- Installing: /home/runner/work/pixi_rosdistro/pixi_rosdistro/install/include/unique_identifier_msgs/unique_identifier_msgs/msg/detail/uuid__rosidl_typesupport_fastrtps_cpp.hpp
[19.343s] -- Installing: /home/runner/work/pixi_rosdistro/pixi_rosdistro/install/include/unique_identifier_msgs/unique_identifier_msgs/msg/detail/dds_fastrtps
[19.343s] -- Installing: /home/runner/work/pixi_rosdistro/pixi_rosdistro/install/lib/libunique_identifier_msgs__rosidl_typesupport_fastrtps_cpp.so
[19.343s] -- Up-to-date: /home/runner/work/pixi_rosdistro/pixi_rosdistro/install/include/unique_identifier_msgs/unique_identifier_msgs
[19.343s] -- Up-to-date: /home/runner/work/pixi_rosdistro/pixi_rosdistro/install/include/unique_identifier_msgs/unique_identifier_msgs/msg
[19.344s] -- Up-to-date: /home/runner/work/pixi_rosdistro/pixi_rosdistro/install/include/unique_identifier_msgs/unique_identifier_msgs/msg/detail
[19.344s] -- Installing: /home/runner/work/pixi_rosdistro/pixi_rosdistro/install/include/unique_identifier_msgs/unique_identifier_msgs/msg/detail/uuid__rosidl_typesupport_introspection_cpp.hpp
[19.344s] -- Installing: /home/runner/work/pixi_rosdistro/pixi_rosdistro/install/include/unique_identifier_msgs/unique_identifier_msgs/msg/detail/uuid__type_support.cpp
[19.347s] -- Installing: /home/runner/work/pixi_rosdistro/pixi_rosdistro/install/lib/libunique_identifier_msgs__rosidl_typesupport_introspection_cpp.so
[19.347s] -- Installing: /home/runner/work/pixi_rosdistro/pixi_rosdistro/install/lib/libunique_identifier_msgs__rosidl_typesupport_cpp.so
[19.347s] -- Installing: /home/runner/work/pixi_rosdistro/pixi_rosdistro/install/share/unique_identifier_msgs/environment/pythonpath.sh
[19.347s] -- Installing: /home/runner/work/pixi_rosdistro/pixi_rosdistro/install/share/unique_identifier_msgs/environment/pythonpath.dsv
[19.347s] -- Installing: /home/runner/work/pixi_rosdistro/pixi_rosdistro/install/lib/python3.12/site-packages/unique_identifier_msgs/unique_identifier_msgs_s__rosidl_typesupport_fastrtps_c.so
[19.347s] -- Installing: /home/runner/work/pixi_rosdistro/pixi_rosdistro/install/lib/python3.12/site-packages/unique_identifier_msgs/unique_identifier_msgs_s__rosidl_typesupport_introspection_c.so
[19.348s] -- Installing: /home/runner/work/pixi_rosdistro/pixi_rosdistro/install/lib/python3.12/site-packages/unique_identifier_msgs/unique_identifier_msgs_s__rosidl_typesupport_c.so
[19.348s] -- Installing: /home/runner/work/pixi_rosdistro/pixi_rosdistro/install/lib/libunique_identifier_msgs__rosidl_generator_py.so
[19.348s] -- Installing: /home/runner/work/pixi_rosdistro/pixi_rosdistro/install/share/ament_index/resource_index/rust_packages/unique_identifier_msgs
[19.348s] -- Installing: /home/runner/work/pixi_rosdistro/pixi_rosdistro/install/share/unique_identifier_msgs/rust
[19.348s] -- Installing: /home/runner/work/pixi_rosdistro/pixi_rosdistro/install/share/unique_identifier_msgs/rust/Cargo.toml
[19.349s] -- Installing: /home/runner/work/pixi_rosdistro/pixi_rosdistro/install/share/unique_identifier_msgs/rust/build.rs
[19.349s] -- Installing: /home/runner/work/pixi_rosdistro/pixi_rosdistro/install/share/unique_identifier_msgs/rust/src
[19.349s] -- Installing: /home/runner/work/pixi_rosdistro/pixi_rosdistro/install/share/unique_identifier_msgs/rust/src/msg.rs
[19.349s] -- Installing: /home/runner/work/pixi_rosdistro/pixi_rosdistro/install/share/unique_identifier_msgs/rust/src/msg
[19.349s] -- Installing: /home/runner/work/pixi_rosdistro/pixi_rosdistro/install/share/unique_identifier_msgs/rust/src/msg/rmw.rs
[19.349s] -- Installing: /home/runner/work/pixi_rosdistro/pixi_rosdistro/install/share/unique_identifier_msgs/rust/src/lib.rs
[19.349s] -- Installing: /home/runner/work/pixi_rosdistro/pixi_rosdistro/install/share/unique_identifier_msgs/msg/UUID.idl
[19.349s] -- Installing: /home/runner/work/pixi_rosdistro/pixi_rosdistro/install/share/unique_identifier_msgs/msg/UUID.msg
[19.350s] -- Installing: /home/runner/work/pixi_rosdistro/pixi_rosdistro/install/share/ament_index/resource_index/package_run_dependencies/unique_identifier_msgs
[19.350s] -- Installing: /home/runner/work/pixi_rosdistro/pixi_rosdistro/install/share/ament_index/resource_index/parent_prefix_path/unique_identifier_msgs
[19.350s] -- Installing: /home/runner/work/pixi_rosdistro/pixi_rosdistro/install/share/unique_identifier_msgs/environment/ament_prefix_path.sh
[19.350s] -- Installing: /home/runner/work/pixi_rosdistro/pixi_rosdistro/install/share/unique_identifier_msgs/environment/ament_prefix_path.dsv
[19.350s] -- Installing: /home/runner/work/pixi_rosdistro/pixi_rosdistro/install/share/unique_identifier_msgs/environment/path.sh
[19.350s] -- Installing: /home/runner/work/pixi_rosdistro/pixi_rosdistro/install/share/unique_identifier_msgs/environment/path.dsv
[19.350s] -- Installing: /home/runner/work/pixi_rosdistro/pixi_rosdistro/install/share/unique_identifier_msgs/local_setup.bash
[19.350s] -- Installing: /home/runner/work/pixi_rosdistro/pixi_rosdistro/install/share/unique_identifier_msgs/local_setup.fish
[19.350s] -- Installing: /home/runner/work/pixi_rosdistro/pixi_rosdistro/install/share/unique_identifier_msgs/local_setup.sh
[19.350s] -- Installing: /home/runner/work/pixi_rosdistro/pixi_rosdistro/install/share/unique_identifier_msgs/local_setup.zsh
[19.351s] -- Installing: /home/runner/work/pixi_rosdistro/pixi_rosdistro/install/share/unique_identifier_msgs/local_setup.dsv
[19.351s] -- Installing: /home/runner/work/pixi_rosdistro/pixi_rosdistro/install/share/unique_identifier_msgs/package.dsv
[19.351s] -- Installing: /home/runner/work/pixi_rosdistro/pixi_rosdistro/install/share/ament_index/resource_index/packages/unique_identifier_msgs
[19.352s] -- Installing: /home/runner/work/pixi_rosdistro/pixi_rosdistro/install/share/unique_identifier_msgs/cmake/export_unique_identifier_msgs__rosidl_generator_cExport.cmake
[19.352s] -- Installing: /home/runner/work/pixi_rosdistro/pixi_rosdistro/install/share/unique_identifier_msgs/cmake/export_unique_identifier_msgs__rosidl_generator_cExport-release.cmake
[19.352s] -- Installing: /home/runner/work/pixi_rosdistro/pixi_rosdistro/install/share/unique_identifier_msgs/cmake/export_unique_identifier_msgs__rosidl_typesupport_fastrtps_cExport.cmake
[19.352s] -- Installing: /home/runner/work/pixi_rosdistro/pixi_rosdistro/install/share/unique_identifier_msgs/cmake/export_unique_identifier_msgs__rosidl_typesupport_fastrtps_cExport-release.cmake
[19.352s] -- Installing: /home/runner/work/pixi_rosdistro/pixi_rosdistro/install/share/unique_identifier_msgs/cmake/unique_identifier_msgs__rosidl_typesupport_introspection_cExport.cmake
[19.353s] -- Installing: /home/runner/work/pixi_rosdistro/pixi_rosdistro/install/share/unique_identifier_msgs/cmake/unique_identifier_msgs__rosidl_typesupport_introspection_cExport-release.cmake
[19.353s] -- Installing: /home/runner/work/pixi_rosdistro/pixi_rosdistro/install/share/unique_identifier_msgs/cmake/unique_identifier_msgs__rosidl_typesupport_cExport.cmake
[19.353s] -- Installing: /home/runner/work/pixi_rosdistro/pixi_rosdistro/install/share/unique_identifier_msgs/cmake/unique_identifier_msgs__rosidl_typesupport_cExport-release.cmake
[19.353s] -- Installing: /home/runner/work/pixi_rosdistro/pixi_rosdistro/install/share/unique_identifier_msgs/cmake/export_unique_identifier_msgs__rosidl_generator_cppExport.cmake
[19.353s] -- Installing: /home/runner/work/pixi_rosdistro/pixi_rosdistro/install/share/unique_identifier_msgs/cmake/export_unique_identifier_msgs__rosidl_typesupport_fastrtps_cppExport.cmake
[19.353s] -- Installing: /home/runner/work/pixi_rosdistro/pixi_rosdistro/install/share/unique_identifier_msgs/cmake/export_unique_identifier_msgs__rosidl_typesupport_fastrtps_cppExport-release.cmake
[19.353s] -- Installing: /home/runner/work/pixi_rosdistro/pixi_rosdistro/install/share/unique_identifier_msgs/cmake/unique_identifier_msgs__rosidl_typesupport_introspection_cppExport.cmake
[19.354s] -- Installing: /home/runner/work/pixi_rosdistro/pixi_rosdistro/install/share/unique_identifier_msgs/cmake/unique_identifier_msgs__rosidl_typesupport_introspection_cppExport-release.cmake
[19.354s] -- Installing: /home/runner/work/pixi_rosdistro/pixi_rosdistro/install/share/unique_identifier_msgs/cmake/unique_identifier_msgs__rosidl_typesupport_cppExport.cmake
[19.354s] -- Installing: /home/runner/work/pixi_rosdistro/pixi_rosdistro/install/share/unique_identifier_msgs/cmake/unique_identifier_msgs__rosidl_typesupport_cppExport-release.cmake
[19.354s] -- Installing: /home/runner/work/pixi_rosdistro/pixi_rosdistro/install/share/unique_identifier_msgs/cmake/export_unique_identifier_msgs__rosidl_generator_pyExport.cmake
[19.354s] -- Installing: /home/runner/work/pixi_rosdistro/pixi_rosdistro/install/share/unique_identifier_msgs/cmake/export_unique_identifier_msgs__rosidl_generator_pyExport-release.cmake
[19.354s] -- Installing: /home/runner/work/pixi_rosdistro/pixi_rosdistro/install/lib/python3.12/site-packages/unique_identifier_msgs-2.8.1-py3.12.egg-info
[19.354s] -- Installing: /home/runner/work/pixi_rosdistro/pixi_rosdistro/install/lib/python3.12/site-packages/unique_identifier_msgs-2.8.1-py3.12.egg-info/dependency_links.txt
[19.354s] -- Installing: /home/runner/work/pixi_rosdistro/pixi_rosdistro/install/lib/python3.12/site-packages/unique_identifier_msgs-2.8.1-py3.12.egg-info/top_level.txt
[19.354s] -- Installing: /home/runner/work/pixi_rosdistro/pixi_rosdistro/install/lib/python3.12/site-packages/unique_identifier_msgs-2.8.1-py3.12.egg-info/PKG-INFO
[19.354s] -- Installing: /home/runner/work/pixi_rosdistro/pixi_rosdistro/install/lib/python3.12/site-packages/unique_identifier_msgs-2.8.1-py3.12.egg-info/SOURCES.txt
[19.354s] -- Up-to-date: /home/runner/work/pixi_rosdistro/pixi_rosdistro/install/lib/python3.12/site-packages/unique_identifier_msgs
[19.355s] -- Installing: /home/runner/work/pixi_rosdistro/pixi_rosdistro/install/lib/python3.12/site-packages/unique_identifier_msgs/__init__.py
[19.355s] -- Installing: /home/runner/work/pixi_rosdistro/pixi_rosdistro/install/lib/python3.12/site-packages/unique_identifier_msgs/_unique_identifier_msgs_s.ep.rosidl_typesupport_introspection_c.c
[19.355s] -- Up-to-date: /home/runner/work/pixi_rosdistro/pixi_rosdistro/install/lib/python3.12/site-packages/unique_identifier_msgs/unique_identifier_msgs_s__rosidl_typesupport_c.so
[19.355s] -- Up-to-date: /home/runner/work/pixi_rosdistro/pixi_rosdistro/install/lib/python3.12/site-packages/unique_identifier_msgs/unique_identifier_msgs_s__rosidl_typesupport_introspection_c.so
[19.355s] -- Installing: /home/runner/work/pixi_rosdistro/pixi_rosdistro/install/lib/python3.12/site-packages/unique_identifier_msgs/_unique_identifier_msgs_s.ep.rosidl_typesupport_c.c
[19.355s] -- Installing: /home/runner/work/pixi_rosdistro/pixi_rosdistro/install/lib/python3.12/site-packages/unique_identifier_msgs/msg
[19.355s] -- Installing: /home/runner/work/pixi_rosdistro/pixi_rosdistro/install/lib/python3.12/site-packages/unique_identifier_msgs/msg/_uuid.py
[19.355s] -- Installing: /home/runner/work/pixi_rosdistro/pixi_rosdistro/install/lib/python3.12/site-packages/unique_identifier_msgs/msg/__init__.py
[19.355s] -- Installing: /home/runner/work/pixi_rosdistro/pixi_rosdistro/install/lib/python3.12/site-packages/unique_identifier_msgs/msg/_uuid_s.c
[19.355s] -- Installing: /home/runner/work/pixi_rosdistro/pixi_rosdistro/install/lib/python3.12/site-packages/unique_identifier_msgs/py.typed
[19.356s] -- Up-to-date: /home/runner/work/pixi_rosdistro/pixi_rosdistro/install/lib/python3.12/site-packages/unique_identifier_msgs/unique_identifier_msgs_s__rosidl_typesupport_fastrtps_c.so
[19.356s] -- Installing: /home/runner/work/pixi_rosdistro/pixi_rosdistro/install/lib/python3.12/site-packages/unique_identifier_msgs/_unique_identifier_msgs_s.ep.rosidl_typesupport_fastrtps_c.c
[19.412s] Listing '/home/runner/work/pixi_rosdistro/pixi_rosdistro/install/lib/python3.12/site-packages/unique_identifier_msgs'...
[19.412s] Compiling '/home/runner/work/pixi_rosdistro/pixi_rosdistro/install/lib/python3.12/site-packages/unique_identifier_msgs/__init__.py'...
[19.412s] Listing '/home/runner/work/pixi_rosdistro/pixi_rosdistro/install/lib/python3.12/site-packages/unique_identifier_msgs/msg'...
[19.413s] Compiling '/home/runner/work/pixi_rosdistro/pixi_rosdistro/install/lib/python3.12/site-packages/unique_identifier_msgs/msg/__init__.py'...
[19.413s] Compiling '/home/runner/work/pixi_rosdistro/pixi_rosdistro/install/lib/python3.12/site-packages/unique_identifier_msgs/msg/_uuid.py'...
[19.422s] -- Installing: /home/runner/work/pixi_rosdistro/pixi_rosdistro/install/share/unique_identifier_msgs/cmake/rosidl_cmake-extras.cmake
[19.422s] -- Installing: /home/runner/work/pixi_rosdistro/pixi_rosdistro/install/share/unique_identifier_msgs/cmake/ament_cmake_export_include_directories-extras.cmake
[19.422s] -- Installing: /home/runner/work/pixi_rosdistro/pixi_rosdistro/install/share/unique_identifier_msgs/cmake/ament_cmake_export_libraries-extras.cmake
[19.422s] -- Installing: /home/runner/work/pixi_rosdistro/pixi_rosdistro/install/share/unique_identifier_msgs/cmake/ament_cmake_export_targets-extras.cmake
[19.422s] -- Installing: /home/runner/work/pixi_rosdistro/pixi_rosdistro/install/share/unique_identifier_msgs/cmake/rosidl_cmake_export_typesupport_targets-extras.cmake
[19.422s] -- Installing: /home/runner/work/pixi_rosdistro/pixi_rosdistro/install/share/unique_identifier_msgs/cmake/ament_cmake_export_dependencies-extras.cmake
[19.423s] -- Installing: /home/runner/work/pixi_rosdistro/pixi_rosdistro/install/share/unique_identifier_msgs/cmake/rosidl_cmake_export_typesupport_libraries-extras.cmake
[19.423s] -- Installing: /home/runner/work/pixi_rosdistro/pixi_rosdistro/install/share/unique_identifier_msgs/cmake/rosidl_cmake_aggregate_target-extras.cmake
[19.423s] -- Installing: /home/runner/work/pixi_rosdistro/pixi_rosdistro/install/share/unique_identifier_msgs/cmake/unique_identifier_msgsConfig.cmake
[19.423s] -- Installing: /home/runner/work/pixi_rosdistro/pixi_rosdistro/install/share/unique_identifier_msgs/cmake/unique_identifier_msgsConfig-version.cmake
[19.423s] -- Installing: /home/runner/work/pixi_rosdistro/pixi_rosdistro/install/share/unique_identifier_msgs/package.xml
[19.423s] -- Installing: /home/runner/work/pixi_rosdistro/pixi_rosdistro/install/share/unique_identifier_msgs/mapping_rules.yaml
[19.426s] Invoked command in '/home/runner/work/pixi_rosdistro/pixi_rosdistro/build/unique_identifier_msgs' returned '0': AMENT_PREFIX_PATH=/home/runner/work/pixi_rosdistro/pixi_rosdistro/install CMAKE_PREFIX_PATH=/home/runner/work/pixi_rosdistro/pixi_rosdistro/install:${CMAKE_PREFIX_PATH} LD_LIBRARY_PATH=/home/runner/work/pixi_rosdistro/pixi_rosdistro/install/lib PATH=/home/runner/work/pixi_rosdistro/pixi_rosdistro/install/bin:/opt/microsoft/powershell/7:${PATH} PIXI_PROMPT=(ros2_rolling) PKG_CONFIG_PATH=/home/runner/work/pixi_rosdistro/pixi_rosdistro/install/lib/pkgconfig PSModulePath=/home/runner/.local/share/powershell/Modules:${PSModulePath} PYTHONPATH=/home/runner/work/pixi_rosdistro/pixi_rosdistro/install/lib/python3.12/site-packages ROS_DOMAIN_ID=10 /home/runner/work/pixi_rosdistro/pixi_rosdistro/.pixi/envs/default/bin/cmake --install /home/runner/work/pixi_rosdistro/pixi_rosdistro/build/unique_identifier_msgs
