Not searching for unused variables given on the command line.
-- The C compiler identification is AppleClang 17.0.0.17000013
-- The CXX compiler identification is AppleClang 17.0.0.17000013
-- Detecting C compiler ABI info
-- Detecting C compiler ABI info - done
-- Check for working C compiler: /usr/bin/cc - skipped
-- Detecting C compile features
-- Detecting C compile features - done
-- Detecting CXX compiler ABI info
-- Detecting CXX compiler ABI info - done
-- Check for working CXX compiler: /usr/bin/c++ - skipped
-- Detecting CXX compile features
-- Detecting CXX compile features - done
-- Found ament_cmake_ros: 0.15.6 (/Users/runner/work/pixi_rosdistro/pixi_rosdistro/install/share/ament_cmake_ros/cmake)
-- Found rcl_logging_interface: 3.4.1 (/Users/runner/work/pixi_rosdistro/pixi_rosdistro/install/share/rcl_logging_interface/cmake)
-- Found rcpputils: 2.14.3 (/Users/runner/work/pixi_rosdistro/pixi_rosdistro/install/share/rcpputils/cmake)
-- Building rcl_logging_implementation for dynamic loading
-- Default logging implementation: rcl_logging_spdlog
-- Found ament_lint_auto: 0.20.3 (/Users/runner/work/pixi_rosdistro/pixi_rosdistro/install/share/ament_lint_auto/cmake)
-- Found rcl_logging_spdlog: 3.4.1 (/Users/runner/work/pixi_rosdistro/pixi_rosdistro/install/share/rcl_logging_spdlog/cmake)
-- Found gtest sources under '/Users/runner/work/pixi_rosdistro/pixi_rosdistro/install/src/gtest_vendor': C++ tests using 'Google Test' will be built
-- Performing Test CMAKE_HAVE_LIBC_PTHREAD
-- Performing Test CMAKE_HAVE_LIBC_PTHREAD - Success
-- Found Threads: TRUE
-- Added test 'copyright' to check source files copyright and LICENSE
-- Added test 'cppcheck' to perform static code analysis on C / C++ code
-- Configured cppcheck include dirs: 
-- Configured cppcheck exclude dirs and/or files: 
-- Added test 'cpplint' to check C / C++ code against the Google style
-- Configured cpplint exclude dirs and/or files: 
-- Added test 'lint_cmake' to check CMake code style
-- Added test 'uncrustify' to check C / C++ code style
-- Configured uncrustify additional arguments: 
-- Added test 'xmllint' to check XML markup files
-- Configuring done (3.2s)
-- Generating done (0.0s)
-- Build files have been written to: /Users/runner/work/pixi_rosdistro/pixi_rosdistro/build/rcl_logging_implementation
[1/8] Building CXX object CMakeFiles/rcl_logging_implementation.dir/src/functions.cpp.o
[2/8] Building CXX object gtest/CMakeFiles/gtest.dir/src/gtest-all.cc.o
[3/8] Building CXX object gtest/CMakeFiles/gtest_main.dir/src/gtest_main.cc.o
[4/8] Linking CXX shared library librcl_logging_implementation.dylib
[5/8] Building CXX object CMakeFiles/test_logging_implementation.dir/test/test_logging_implementation.cpp.o
[6/8] Linking CXX static library gtest/libgtest.a
[7/8] Linking CXX static library gtest/libgtest_main.a
[8/8] Linking CXX executable test_logging_implementation
-- Install configuration: "Release"
-- Installing: /Users/runner/work/pixi_rosdistro/pixi_rosdistro/install/lib/librcl_logging_implementation.dylib
-- Installing: /Users/runner/work/pixi_rosdistro/pixi_rosdistro/install/share/ament_index/resource_index/package_run_dependencies/rcl_logging_implementation
-- Installing: /Users/runner/work/pixi_rosdistro/pixi_rosdistro/install/share/ament_index/resource_index/parent_prefix_path/rcl_logging_implementation
-- Installing: /Users/runner/work/pixi_rosdistro/pixi_rosdistro/install/share/rcl_logging_implementation/environment/ament_prefix_path.sh
-- Installing: /Users/runner/work/pixi_rosdistro/pixi_rosdistro/install/share/rcl_logging_implementation/environment/ament_prefix_path.dsv
-- Installing: /Users/runner/work/pixi_rosdistro/pixi_rosdistro/install/share/rcl_logging_implementation/environment/path.sh
-- Installing: /Users/runner/work/pixi_rosdistro/pixi_rosdistro/install/share/rcl_logging_implementation/environment/path.dsv
-- Installing: /Users/runner/work/pixi_rosdistro/pixi_rosdistro/install/share/rcl_logging_implementation/local_setup.bash
-- Installing: /Users/runner/work/pixi_rosdistro/pixi_rosdistro/install/share/rcl_logging_implementation/local_setup.fish
-- Installing: /Users/runner/work/pixi_rosdistro/pixi_rosdistro/install/share/rcl_logging_implementation/local_setup.sh
-- Installing: /Users/runner/work/pixi_rosdistro/pixi_rosdistro/install/share/rcl_logging_implementation/local_setup.zsh
-- Installing: /Users/runner/work/pixi_rosdistro/pixi_rosdistro/install/share/rcl_logging_implementation/local_setup.dsv
-- Installing: /Users/runner/work/pixi_rosdistro/pixi_rosdistro/install/share/rcl_logging_implementation/package.dsv
-- Installing: /Users/runner/work/pixi_rosdistro/pixi_rosdistro/install/share/ament_index/resource_index/packages/rcl_logging_implementation
-- Installing: /Users/runner/work/pixi_rosdistro/pixi_rosdistro/install/share/rcl_logging_implementation/cmake/rcl_logging_implementationExport.cmake
-- Installing: /Users/runner/work/pixi_rosdistro/pixi_rosdistro/install/share/rcl_logging_implementation/cmake/rcl_logging_implementationExport-release.cmake
-- Installing: /Users/runner/work/pixi_rosdistro/pixi_rosdistro/install/share/rcl_logging_implementation/cmake/ament_cmake_export_targets-extras.cmake
-- Installing: /Users/runner/work/pixi_rosdistro/pixi_rosdistro/install/share/rcl_logging_implementation/cmake/ament_cmake_export_dependencies-extras.cmake
-- Installing: /Users/runner/work/pixi_rosdistro/pixi_rosdistro/install/share/rcl_logging_implementation/cmake/rcl_logging_implementationConfig.cmake
-- Installing: /Users/runner/work/pixi_rosdistro/pixi_rosdistro/install/share/rcl_logging_implementation/cmake/rcl_logging_implementationConfig-version.cmake
-- Installing: /Users/runner/work/pixi_rosdistro/pixi_rosdistro/install/share/rcl_logging_implementation/package.xml
