[0.544s] Invoking command in '/Users/runner/work/pixi_rosdistro/pixi_rosdistro/src/ament/ament_lint/ament_mypy': AMENT_PREFIX_PATH=/Users/runner/work/pixi_rosdistro/pixi_rosdistro/install CMAKE_PREFIX_PATH=/Users/runner/work/pixi_rosdistro/pixi_rosdistro/install PATH=/Users/runner/work/pixi_rosdistro/pixi_rosdistro/install/bin:${PATH} PIXI_PROMPT=(ros2_rolling) PYTHONPATH=/Users/runner/work/pixi_rosdistro/pixi_rosdistro/build/ament_mypy/prefix_override:/Users/runner/work/pixi_rosdistro/pixi_rosdistro/.pixi/envs/default/lib/python3.12/site-packages/colcon_core/task/python/colcon_distutils_commands:/Users/runner/work/pixi_rosdistro/pixi_rosdistro/install/lib/python3.12/site-packages:/Users/runner/work/pixi_rosdistro/pixi_rosdistro/install/lib/python3.12/site-packages SHLVL=3 _=/usr/bin/env /Users/runner/work/pixi_rosdistro/pixi_rosdistro/.pixi/envs/default/bin/python3.12 -W ignore:setup.py install is deprecated -W ignore:easy_install command is deprecated setup.py egg_info --egg-base ../../../../build/ament_mypy build --build-base /Users/runner/work/pixi_rosdistro/pixi_rosdistro/build/ament_mypy/build install --record /Users/runner/work/pixi_rosdistro/pixi_rosdistro/build/ament_mypy/install.log --single-version-externally-managed install_data
[0.709s] running egg_info
[0.713s] creating ../../../../build/ament_mypy/ament_mypy.egg-info
[0.714s] writing ../../../../build/ament_mypy/ament_mypy.egg-info/PKG-INFO
[0.714s] writing dependency_links to ../../../../build/ament_mypy/ament_mypy.egg-info/dependency_links.txt
[0.714s] writing entry points to ../../../../build/ament_mypy/ament_mypy.egg-info/entry_points.txt
[0.715s] writing requirements to ../../../../build/ament_mypy/ament_mypy.egg-info/requires.txt
[0.715s] writing top-level names to ../../../../build/ament_mypy/ament_mypy.egg-info/top_level.txt
[0.715s] writing manifest file '../../../../build/ament_mypy/ament_mypy.egg-info/SOURCES.txt'
[0.724s] reading manifest file '../../../../build/ament_mypy/ament_mypy.egg-info/SOURCES.txt'
[0.725s] writing manifest file '../../../../build/ament_mypy/ament_mypy.egg-info/SOURCES.txt'
[0.725s] running build
[0.725s] running build_py
[0.725s] creating /Users/runner/work/pixi_rosdistro/pixi_rosdistro/build/ament_mypy/build/lib/ament_mypy
[0.726s] copying ament_mypy/__init__.py -> /Users/runner/work/pixi_rosdistro/pixi_rosdistro/build/ament_mypy/build/lib/ament_mypy
[0.726s] copying ament_mypy/pytest_marker.py -> /Users/runner/work/pixi_rosdistro/pixi_rosdistro/build/ament_mypy/build/lib/ament_mypy
[0.727s] copying ament_mypy/main.py -> /Users/runner/work/pixi_rosdistro/pixi_rosdistro/build/ament_mypy/build/lib/ament_mypy
[0.727s] copying ament_mypy/py.typed -> /Users/runner/work/pixi_rosdistro/pixi_rosdistro/build/ament_mypy/build/lib/ament_mypy
[0.727s] creating /Users/runner/work/pixi_rosdistro/pixi_rosdistro/build/ament_mypy/build/lib/ament_mypy/configuration
[0.728s] copying ament_mypy/configuration/ament_mypy.ini -> /Users/runner/work/pixi_rosdistro/pixi_rosdistro/build/ament_mypy/build/lib/ament_mypy/configuration
[0.728s] copying ament_mypy/configuration/ament_mypy_strict.toml -> /Users/runner/work/pixi_rosdistro/pixi_rosdistro/build/ament_mypy/build/lib/ament_mypy/configuration
[0.728s] running install
[0.732s] running install_lib
[0.737s] creating /Users/runner/work/pixi_rosdistro/pixi_rosdistro/install/lib/python3.12/site-packages/ament_mypy
[0.737s] creating /Users/runner/work/pixi_rosdistro/pixi_rosdistro/install/lib/python3.12/site-packages/ament_mypy/configuration
[0.737s] copying /Users/runner/work/pixi_rosdistro/pixi_rosdistro/build/ament_mypy/build/lib/ament_mypy/configuration/ament_mypy_strict.toml -> /Users/runner/work/pixi_rosdistro/pixi_rosdistro/install/lib/python3.12/site-packages/ament_mypy/configuration
[0.737s] copying /Users/runner/work/pixi_rosdistro/pixi_rosdistro/build/ament_mypy/build/lib/ament_mypy/configuration/ament_mypy.ini -> /Users/runner/work/pixi_rosdistro/pixi_rosdistro/install/lib/python3.12/site-packages/ament_mypy/configuration
[0.737s] copying /Users/runner/work/pixi_rosdistro/pixi_rosdistro/build/ament_mypy/build/lib/ament_mypy/__init__.py -> /Users/runner/work/pixi_rosdistro/pixi_rosdistro/install/lib/python3.12/site-packages/ament_mypy
[0.737s] copying /Users/runner/work/pixi_rosdistro/pixi_rosdistro/build/ament_mypy/build/lib/ament_mypy/py.typed -> /Users/runner/work/pixi_rosdistro/pixi_rosdistro/install/lib/python3.12/site-packages/ament_mypy
[0.737s] copying /Users/runner/work/pixi_rosdistro/pixi_rosdistro/build/ament_mypy/build/lib/ament_mypy/pytest_marker.py -> /Users/runner/work/pixi_rosdistro/pixi_rosdistro/install/lib/python3.12/site-packages/ament_mypy
[0.738s] copying /Users/runner/work/pixi_rosdistro/pixi_rosdistro/build/ament_mypy/build/lib/ament_mypy/main.py -> /Users/runner/work/pixi_rosdistro/pixi_rosdistro/install/lib/python3.12/site-packages/ament_mypy
[0.738s] byte-compiling /Users/runner/work/pixi_rosdistro/pixi_rosdistro/install/lib/python3.12/site-packages/ament_mypy/__init__.py to __init__.cpython-312.pyc
[0.738s] byte-compiling /Users/runner/work/pixi_rosdistro/pixi_rosdistro/install/lib/python3.12/site-packages/ament_mypy/pytest_marker.py to pytest_marker.cpython-312.pyc
[0.738s] byte-compiling /Users/runner/work/pixi_rosdistro/pixi_rosdistro/install/lib/python3.12/site-packages/ament_mypy/main.py to main.cpython-312.pyc
[0.740s] running install_data
[0.740s] copying package.xml -> /Users/runner/work/pixi_rosdistro/pixi_rosdistro/install/share/ament_mypy
[0.740s] copying resource/ament_mypy -> /Users/runner/work/pixi_rosdistro/pixi_rosdistro/install/share/ament_index/resource_index/packages
[0.740s] running install_egg_info
[0.745s] Copying ../../../../build/ament_mypy/ament_mypy.egg-info to /Users/runner/work/pixi_rosdistro/pixi_rosdistro/install/lib/python3.12/site-packages/ament_mypy-0.20.3-py3.12.egg-info
[0.746s] running install_scripts
[0.756s] Installing ament_mypy script to /Users/runner/work/pixi_rosdistro/pixi_rosdistro/install/bin
[0.757s] writing list of installed files to '/Users/runner/work/pixi_rosdistro/pixi_rosdistro/build/ament_mypy/install.log'
[0.771s] Invoked command in '/Users/runner/work/pixi_rosdistro/pixi_rosdistro/src/ament/ament_lint/ament_mypy' returned '0': AMENT_PREFIX_PATH=/Users/runner/work/pixi_rosdistro/pixi_rosdistro/install CMAKE_PREFIX_PATH=/Users/runner/work/pixi_rosdistro/pixi_rosdistro/install PATH=/Users/runner/work/pixi_rosdistro/pixi_rosdistro/install/bin:${PATH} PIXI_PROMPT=(ros2_rolling) PYTHONPATH=/Users/runner/work/pixi_rosdistro/pixi_rosdistro/build/ament_mypy/prefix_override:/Users/runner/work/pixi_rosdistro/pixi_rosdistro/.pixi/envs/default/lib/python3.12/site-packages/colcon_core/task/python/colcon_distutils_commands:/Users/runner/work/pixi_rosdistro/pixi_rosdistro/install/lib/python3.12/site-packages:/Users/runner/work/pixi_rosdistro/pixi_rosdistro/install/lib/python3.12/site-packages SHLVL=3 _=/usr/bin/env /Users/runner/work/pixi_rosdistro/pixi_rosdistro/.pixi/envs/default/bin/python3.12 -W ignore:setup.py install is deprecated -W ignore:easy_install command is deprecated setup.py egg_info --egg-base ../../../../build/ament_mypy build --build-base /Users/runner/work/pixi_rosdistro/pixi_rosdistro/build/ament_mypy/build install --record /Users/runner/work/pixi_rosdistro/pixi_rosdistro/build/ament_mypy/install.log --single-version-externally-managed install_data
