Not searching for unused variables given on the command line.
-- The CXX compiler identification is MSVC 19.44.35225.0
-- The C compiler identification is MSVC 19.44.35225.0
-- Detecting CXX compiler ABI info
-- Detecting CXX compiler ABI info - done
-- Check for working CXX compiler: C:/Program Files/Microsoft Visual Studio/2022/Enterprise/VC/Tools/MSVC/14.44.35207/bin/Hostx64/x64/cl.exe - skipped
-- Detecting CXX compile features
-- Detecting CXX compile features - done
-- Detecting C compiler ABI info
-- Detecting C compiler ABI info - done
-- Check for working C compiler: C:/Program Files/Microsoft Visual Studio/2022/Enterprise/VC/Tools/MSVC/14.44.35207/bin/Hostx64/x64/cl.exe - skipped
-- Detecting C compile features
-- Detecting C compile features - done
-- urdfdom version 5.1.0
-- Performing Test HAS_VISIBILITY
-- Performing Test HAS_VISIBILITY - Failed
-- Found TinyXML2 via Config file: D:/a/pixi_rosdistro/pixi_rosdistro/.pixi/envs/default/Library/lib/cmake/tinyxml2
-- Configuration successful. Type make to compile urdfdom
-- Configuring done (2.7s)
-- Generating done (0.1s)
-- Build files have been written to: D:/a/pixi_rosdistro/pixi_rosdistro/build/urdfdom
[1/33] Building CXX object urdf_parser\CMakeFiles\urdfdom_world.dir\src\pose.cpp.obj
[2/33] Building CXX object urdf_parser\test\CMakeFiles\gtest.dir\gtest\src\gtest-all.cc.obj
[3/33] Building CXX object urdf_parser\CMakeFiles\urdfdom_world.dir\src\model.cpp.obj
[4/33] Building CXX object urdf_parser\CMakeFiles\urdfdom_world.dir\src\link.cpp.obj
[5/33] Building CXX object urdf_parser\CMakeFiles\urdfdom_world.dir\src\joint.cpp.obj
[6/33] Building CXX object urdf_parser\CMakeFiles\urdfdom_world.dir\src\world.cpp.obj
[7/33] Building CXX object urdf_parser\CMakeFiles\urdfdom_model.dir\src\pose.cpp.obj
[8/33] Building CXX object urdf_parser\CMakeFiles\urdfdom_model.dir\src\model.cpp.obj
[9/33] Building CXX object urdf_parser\CMakeFiles\urdfdom_model.dir\src\link.cpp.obj
[10/33] Building CXX object urdf_parser\CMakeFiles\urdfdom_model.dir\src\joint.cpp.obj
[11/33] Linking CXX static library lib\gtest.lib
[12/33] Building CXX object urdf_parser\test\CMakeFiles\gtest_main.dir\gtest\src\gtest_main.cc.obj
[13/33] Linking CXX shared library bin\urdfdom_world.dll
[14/33] Linking CXX shared library bin\urdfdom_model.dll
[15/33] Building CXX object urdf_parser\CMakeFiles\urdfdom_sensor.dir\src\urdf_sensor.cpp.obj
[16/33] Building CXX object urdf_parser\CMakeFiles\check_urdf.dir\src\check_urdf.cpp.obj
[17/33] Building CXX object urdf_parser\CMakeFiles\urdf_to_graphviz.dir\src\urdf_to_graphviz.cpp.obj
[18/33] Building CXX object urdf_parser\CMakeFiles\urdf_mem_test.dir\test\memtest.cpp.obj
[19/33] Linking CXX static library lib\gtest_main.lib
[20/33] Building CXX object urdf_parser\test\CMakeFiles\urdf_double_convert.dir\urdf_double_convert.cpp.obj
[21/33] Building CXX object urdf_parser\test\CMakeFiles\urdf_schema_capsule_geometry_test.dir\urdf_schema_capsule_geometry_test.cpp.obj
[22/33] Building CXX object urdf_parser\test\CMakeFiles\urdf_schema_quaternion_test.dir\urdf_schema_quaternion_test.cpp.obj
[23/33] Building CXX object urdf_parser\test\CMakeFiles\urdf_unit_test.dir\urdf_unit_test.cpp.obj
[24/33] Building CXX object urdf_parser\test\CMakeFiles\urdf_version_test.dir\urdf_version_test.cpp.obj
[25/33] Linking CXX shared library bin\urdfdom_sensor.dll
[26/33] Linking CXX executable bin\check_urdf.exe
[27/33] Linking CXX executable bin\urdf_to_graphviz.exe
[28/33] Linking CXX executable bin\urdf_mem_test.exe
[29/33] Linking CXX executable bin\urdf_double_convert.exe
[30/33] Linking CXX executable bin\urdf_schema_capsule_geometry_test.exe
[31/33] Linking CXX executable bin\urdf_schema_quaternion_test.exe
[32/33] Linking CXX executable bin\urdf_unit_test.exe
[33/33] Linking CXX executable bin\urdf_version_test.exe
-- Install configuration: "Release"
-- Installing: D:/a/pixi_rosdistro/pixi_rosdistro/install/lib/urdfdom/cmake/urdfdom-config.cmake
-- Installing: D:/a/pixi_rosdistro/pixi_rosdistro/install/lib/urdfdom/cmake/urdfdom-configVersion.cmake
-- Installing: D:/a/pixi_rosdistro/pixi_rosdistro/install/share/urdfdom/package.xml
-- Installing: D:/a/pixi_rosdistro/pixi_rosdistro/install/lib/pkgconfig/urdfdom.pc
-- Installing: D:/a/pixi_rosdistro/pixi_rosdistro/install/bin/check_urdf.exe
-- Installing: D:/a/pixi_rosdistro/pixi_rosdistro/install/bin/urdf_to_graphviz.exe
-- Installing: D:/a/pixi_rosdistro/pixi_rosdistro/install/bin/urdf_mem_test.exe
-- Installing: D:/a/pixi_rosdistro/pixi_rosdistro/install/lib/urdfdom_model.lib
-- Installing: D:/a/pixi_rosdistro/pixi_rosdistro/install/bin/urdfdom_model.dll
-- Installing: D:/a/pixi_rosdistro/pixi_rosdistro/install/lib/urdfdom_world.lib
-- Installing: D:/a/pixi_rosdistro/pixi_rosdistro/install/bin/urdfdom_world.dll
-- Installing: D:/a/pixi_rosdistro/pixi_rosdistro/install/lib/urdfdom_sensor.lib
-- Installing: D:/a/pixi_rosdistro/pixi_rosdistro/install/bin/urdfdom_sensor.dll
-- Installing: D:/a/pixi_rosdistro/pixi_rosdistro/install/lib/urdfdom/cmake/urdfdomExport.cmake
-- Installing: D:/a/pixi_rosdistro/pixi_rosdistro/install/lib/urdfdom/cmake/urdfdomExport-release.cmake
-- Installing: D:/a/pixi_rosdistro/pixi_rosdistro/install/include/urdfdom/urdf_parser
-- Installing: D:/a/pixi_rosdistro/pixi_rosdistro/install/include/urdfdom/urdf_parser/exportdecl.h
-- Installing: D:/a/pixi_rosdistro/pixi_rosdistro/install/include/urdfdom/urdf_parser/urdf_parser.h
