[27.590s] Invoking command in 'D:\a\pixi_rosdistro\pixi_rosdistro\build\pluginlib': AMENT_PREFIX_PATH=D:\a\pixi_rosdistro\pixi_rosdistro\install CMAKE_PREFIX_PATH=D:\a\pixi_rosdistro\pixi_rosdistro\install;D:\a\pixi_rosdistro\pixi_rosdistro\.pixi\envs\default\Library PATH=D:\a\pixi_rosdistro\pixi_rosdistro\install\Scripts;D:\a\pixi_rosdistro\pixi_rosdistro\install\bin;D:\a\pixi_rosdistro\pixi_rosdistro\install\opt\mimick_vendor\lib;%PATH% PIXI_PROMPT=(ros2_rolling) PKG_CONFIG_PATH=D:\a\pixi_rosdistro\pixi_rosdistro\install\lib\pkgconfig PROMPT=$P$G PYTHONPATH=D:\a\pixi_rosdistro\pixi_rosdistro\install\Lib\site-packages ROS_DOMAIN_ID=111 D:\a\pixi_rosdistro\pixi_rosdistro\.pixi\envs\default\Library\bin\cmake.EXE D:\a\pixi_rosdistro\pixi_rosdistro\src\ros\pluginlib\pluginlib -GNinja --no-warn-unused-cli -DCMAKE_BUILD_TYPE=Release -DCMAKE_BUILD_WITH_INSTALL_RPATH:bool=TRUE -DCMAKE_POLICY_VERSION_MINIMUM=3.5 -Wno-deprecated -DSTACK_DETAILS_AUTO_DETECT:bool=FALSE -DSTACK_DETAILS_BFD:bool=FALSE -DCMAKE_INSTALL_PREFIX=D:\a\pixi_rosdistro\pixi_rosdistro\install
[27.907s] Not searching for unused variables given on the command line.
[27.908s] -- The C compiler identification is MSVC 19.44.35225.0
[28.178s] -- The CXX compiler identification is MSVC 19.44.35225.0
[28.201s] -- Detecting C compiler ABI info
[28.759s] -- Detecting C compiler ABI info - done
[28.785s] -- Check for working C compiler: C:/Program Files/Microsoft Visual Studio/2022/Enterprise/VC/Tools/MSVC/14.44.35207/bin/Hostx64/x64/cl.exe - skipped
[28.786s] -- Detecting C compile features
[28.787s] -- Detecting C compile features - done
[28.800s] -- Detecting CXX compiler ABI info
[29.374s] -- Detecting CXX compiler ABI info - done
[29.402s] -- Check for working CXX compiler: C:/Program Files/Microsoft Visual Studio/2022/Enterprise/VC/Tools/MSVC/14.44.35207/bin/Hostx64/x64/cl.exe - skipped
[29.402s] -- Detecting CXX compile features
[29.404s] -- Detecting CXX compile features - done
[29.416s] -- Found ament_cmake: 2.8.6 (D:/a/pixi_rosdistro/pixi_rosdistro/install/share/ament_cmake/cmake)
[30.289s] -- Found ament_index_cpp: 1.13.2 (D:/a/pixi_rosdistro/pixi_rosdistro/install/share/ament_index_cpp/cmake)
[30.299s] -- Found class_loader: 2.9.2 (D:/a/pixi_rosdistro/pixi_rosdistro/install/share/class_loader/cmake)
[30.361s] -- Found ament_lint_auto: 0.20.3 (D:/a/pixi_rosdistro/pixi_rosdistro/install/share/ament_lint_auto/cmake)
[30.772s] -- Found gtest sources under 'D:/a/pixi_rosdistro/pixi_rosdistro/install/src/gtest_vendor': C++ tests using 'Google Test' will be built
[30.791s] -- Added test 'copyright' to check source files copyright and LICENSE
[30.800s] -- Added test 'cppcheck' to perform static code analysis on C / C++ code
[30.801s] -- Configured cppcheck include dirs: $<BUILD_INTERFACE:D:/a/pixi_rosdistro/pixi_rosdistro/src/ros/pluginlib/pluginlib/include>;$<BUILD_INTERFACE:D:/a/pixi_rosdistro/pixi_rosdistro/src/ros/pluginlib/pluginlib/test/include>
[30.801s] -- Configured cppcheck exclude dirs and/or files: 
[30.812s] -- Added test 'cpplint' to check C / C++ code against the Google style
[30.813s] -- Configured cpplint exclude dirs and/or files: 
[30.820s] -- Added test 'lint_cmake' to check CMake code style
[30.830s] -- Added test 'uncrustify' to check C / C++ code style
[30.831s] -- Configured uncrustify additional arguments: 
[30.836s] -- Added test 'xmllint' to check XML markup files
[30.851s] -- Configuring done (3.2s)
[30.993s] -- Generating done (0.1s)
[31.019s] -- Build files have been written to: D:/a/pixi_rosdistro/pixi_rosdistro/build/pluginlib
[31.051s] Invoked command in 'D:\a\pixi_rosdistro\pixi_rosdistro\build\pluginlib' returned '0': AMENT_PREFIX_PATH=D:\a\pixi_rosdistro\pixi_rosdistro\install CMAKE_PREFIX_PATH=D:\a\pixi_rosdistro\pixi_rosdistro\install;D:\a\pixi_rosdistro\pixi_rosdistro\.pixi\envs\default\Library PATH=D:\a\pixi_rosdistro\pixi_rosdistro\install\Scripts;D:\a\pixi_rosdistro\pixi_rosdistro\install\bin;D:\a\pixi_rosdistro\pixi_rosdistro\install\opt\mimick_vendor\lib;%PATH% PIXI_PROMPT=(ros2_rolling) PKG_CONFIG_PATH=D:\a\pixi_rosdistro\pixi_rosdistro\install\lib\pkgconfig PROMPT=$P$G PYTHONPATH=D:\a\pixi_rosdistro\pixi_rosdistro\install\Lib\site-packages ROS_DOMAIN_ID=111 D:\a\pixi_rosdistro\pixi_rosdistro\.pixi\envs\default\Library\bin\cmake.EXE D:\a\pixi_rosdistro\pixi_rosdistro\src\ros\pluginlib\pluginlib -GNinja --no-warn-unused-cli -DCMAKE_BUILD_TYPE=Release -DCMAKE_BUILD_WITH_INSTALL_RPATH:bool=TRUE -DCMAKE_POLICY_VERSION_MINIMUM=3.5 -Wno-deprecated -DSTACK_DETAILS_AUTO_DETECT:bool=FALSE -DSTACK_DETAILS_BFD:bool=FALSE -DCMAKE_INSTALL_PREFIX=D:\a\pixi_rosdistro\pixi_rosdistro\install
[31.053s] Invoking command in 'D:\a\pixi_rosdistro\pixi_rosdistro\build\pluginlib': AMENT_PREFIX_PATH=D:\a\pixi_rosdistro\pixi_rosdistro\install CMAKE_PREFIX_PATH=D:\a\pixi_rosdistro\pixi_rosdistro\install;D:\a\pixi_rosdistro\pixi_rosdistro\.pixi\envs\default\Library PATH=D:\a\pixi_rosdistro\pixi_rosdistro\install\Scripts;D:\a\pixi_rosdistro\pixi_rosdistro\install\bin;D:\a\pixi_rosdistro\pixi_rosdistro\install\opt\mimick_vendor\lib;%PATH% PIXI_PROMPT=(ros2_rolling) PKG_CONFIG_PATH=D:\a\pixi_rosdistro\pixi_rosdistro\install\lib\pkgconfig PROMPT=$P$G PYTHONPATH=D:\a\pixi_rosdistro\pixi_rosdistro\install\Lib\site-packages ROS_DOMAIN_ID=111 D:\a\pixi_rosdistro\pixi_rosdistro\.pixi\envs\default\Library\bin\cmake.EXE --build D:\a\pixi_rosdistro\pixi_rosdistro\build\pluginlib -- -j4 -l4
[32.194s] [1/12] Building CXX object gtest\CMakeFiles\gtest.dir\src\gtest-all.cc.obj
[32.658s] [2/12] Building CXX object gtest\CMakeFiles\gtest_main.dir\src\gtest_main.cc.obj
[33.192s] [3/12] Building CXX object CMakeFiles\list_plugins.dir\src\list_plugins.cpp.obj
[33.640s] [4/12] Building CXX object CMakeFiles\test_plugins.dir\test\test_plugins.cpp.obj
[34.248s] [5/12] Building CXX object CMakeFiles\pluginlib_unique_ptr_test.dir\test\unique_ptr_test.cpp.obj
[34.856s] [6/12] Building CXX object CMakeFiles\pluginlib_utest.dir\test\utest.cpp.obj
[34.934s] [7/12] Linking CXX static library gtest\gtest.lib
[34.988s] [8/12] Linking CXX static library gtest\gtest_main.lib
[35.161s] [9/12] Linking CXX executable list_plugins.exe
[35.369s] [10/12] Linking CXX shared library test_plugins.dll
[35.611s] [11/12] Linking CXX executable pluginlib_unique_ptr_test.exe
[35.879s] [12/12] Linking CXX executable pluginlib_utest.exe
[35.887s] Invoked command in 'D:\a\pixi_rosdistro\pixi_rosdistro\build\pluginlib' returned '0': AMENT_PREFIX_PATH=D:\a\pixi_rosdistro\pixi_rosdistro\install CMAKE_PREFIX_PATH=D:\a\pixi_rosdistro\pixi_rosdistro\install;D:\a\pixi_rosdistro\pixi_rosdistro\.pixi\envs\default\Library PATH=D:\a\pixi_rosdistro\pixi_rosdistro\install\Scripts;D:\a\pixi_rosdistro\pixi_rosdistro\install\bin;D:\a\pixi_rosdistro\pixi_rosdistro\install\opt\mimick_vendor\lib;%PATH% PIXI_PROMPT=(ros2_rolling) PKG_CONFIG_PATH=D:\a\pixi_rosdistro\pixi_rosdistro\install\lib\pkgconfig PROMPT=$P$G PYTHONPATH=D:\a\pixi_rosdistro\pixi_rosdistro\install\Lib\site-packages ROS_DOMAIN_ID=111 D:\a\pixi_rosdistro\pixi_rosdistro\.pixi\envs\default\Library\bin\cmake.EXE --build D:\a\pixi_rosdistro\pixi_rosdistro\build\pluginlib -- -j4 -l4
[35.890s] Invoking command in 'D:\a\pixi_rosdistro\pixi_rosdistro\build\pluginlib': AMENT_PREFIX_PATH=D:\a\pixi_rosdistro\pixi_rosdistro\install CMAKE_PREFIX_PATH=D:\a\pixi_rosdistro\pixi_rosdistro\install;D:\a\pixi_rosdistro\pixi_rosdistro\.pixi\envs\default\Library PATH=D:\a\pixi_rosdistro\pixi_rosdistro\install\Scripts;D:\a\pixi_rosdistro\pixi_rosdistro\install\bin;D:\a\pixi_rosdistro\pixi_rosdistro\install\opt\mimick_vendor\lib;%PATH% PIXI_PROMPT=(ros2_rolling) PKG_CONFIG_PATH=D:\a\pixi_rosdistro\pixi_rosdistro\install\lib\pkgconfig PROMPT=$P$G PYTHONPATH=D:\a\pixi_rosdistro\pixi_rosdistro\install\Lib\site-packages ROS_DOMAIN_ID=111 D:\a\pixi_rosdistro\pixi_rosdistro\.pixi\envs\default\Library\bin\cmake.EXE --install D:\a\pixi_rosdistro\pixi_rosdistro\build\pluginlib
[35.928s] -- Install configuration: "Release"
[35.929s] -- Installing: D:/a/pixi_rosdistro/pixi_rosdistro/install/lib/pluginlib/list_plugins.exe
[35.930s] -- Installing: D:/a/pixi_rosdistro/pixi_rosdistro/install/share/pluginlib/cmake
[35.931s] -- Installing: D:/a/pixi_rosdistro/pixi_rosdistro/install/share/pluginlib/cmake/blank.in
[35.932s] -- Installing: D:/a/pixi_rosdistro/pixi_rosdistro/install/share/pluginlib/cmake/pluginlib_enable_plugin_testing.cmake
[35.933s] -- Installing: D:/a/pixi_rosdistro/pixi_rosdistro/install/share/pluginlib/cmake/pluginlib_export_plugin_description_file.cmake
[35.934s] -- Installing: D:/a/pixi_rosdistro/pixi_rosdistro/install/share/pluginlib/cmake/pluginlib_package_hook.cmake
[35.935s] -- Installing: D:/a/pixi_rosdistro/pixi_rosdistro/install/include/pluginlib
[35.935s] -- Installing: D:/a/pixi_rosdistro/pixi_rosdistro/install/include/pluginlib/pluginlib
[35.936s] -- Installing: D:/a/pixi_rosdistro/pixi_rosdistro/install/include/pluginlib/pluginlib/class_desc.hpp
[35.937s] -- Installing: D:/a/pixi_rosdistro/pixi_rosdistro/install/include/pluginlib/pluginlib/class_list_macros.hpp
[35.938s] -- Installing: D:/a/pixi_rosdistro/pixi_rosdistro/install/include/pluginlib/pluginlib/class_loader.hpp
[35.938s] -- Installing: D:/a/pixi_rosdistro/pixi_rosdistro/install/include/pluginlib/pluginlib/class_loader_base.hpp
[35.939s] -- Installing: D:/a/pixi_rosdistro/pixi_rosdistro/install/include/pluginlib/pluginlib/class_loader_imp.hpp
[35.940s] -- Installing: D:/a/pixi_rosdistro/pixi_rosdistro/install/include/pluginlib/pluginlib/exceptions.hpp
[35.942s] -- Installing: D:/a/pixi_rosdistro/pixi_rosdistro/install/share/ament_index/resource_index/package_run_dependencies/pluginlib
[35.943s] -- Installing: D:/a/pixi_rosdistro/pixi_rosdistro/install/share/ament_index/resource_index/parent_prefix_path/pluginlib
[35.944s] -- Installing: D:/a/pixi_rosdistro/pixi_rosdistro/install/share/pluginlib/environment/ament_prefix_path.bat
[35.945s] -- Installing: D:/a/pixi_rosdistro/pixi_rosdistro/install/share/pluginlib/environment/ament_prefix_path.dsv
[35.946s] -- Installing: D:/a/pixi_rosdistro/pixi_rosdistro/install/share/pluginlib/environment/path.bat
[35.947s] -- Installing: D:/a/pixi_rosdistro/pixi_rosdistro/install/share/pluginlib/environment/path.dsv
[35.948s] -- Installing: D:/a/pixi_rosdistro/pixi_rosdistro/install/share/pluginlib/local_setup.bat
[35.949s] -- Installing: D:/a/pixi_rosdistro/pixi_rosdistro/install/share/pluginlib/local_setup.dsv
[35.950s] -- Installing: D:/a/pixi_rosdistro/pixi_rosdistro/install/share/pluginlib/package.dsv
[35.951s] -- Installing: D:/a/pixi_rosdistro/pixi_rosdistro/install/share/ament_index/resource_index/packages/pluginlib
[35.952s] -- Installing: D:/a/pixi_rosdistro/pixi_rosdistro/install/share/pluginlib/cmake/export_pluginlibExport.cmake
[35.953s] -- Installing: D:/a/pixi_rosdistro/pixi_rosdistro/install/share/pluginlib/cmake/pluginlib-extras.cmake
[35.954s] -- Installing: D:/a/pixi_rosdistro/pixi_rosdistro/install/share/pluginlib/cmake/ament_cmake_export_dependencies-extras.cmake
[35.955s] -- Installing: D:/a/pixi_rosdistro/pixi_rosdistro/install/share/pluginlib/cmake/ament_cmake_export_include_directories-extras.cmake
[35.956s] -- Installing: D:/a/pixi_rosdistro/pixi_rosdistro/install/share/pluginlib/cmake/ament_cmake_export_targets-extras.cmake
[35.957s] -- Installing: D:/a/pixi_rosdistro/pixi_rosdistro/install/share/pluginlib/cmake/pluginlibConfig.cmake
[35.957s] -- Installing: D:/a/pixi_rosdistro/pixi_rosdistro/install/share/pluginlib/cmake/pluginlibConfig-version.cmake
[35.959s] -- Installing: D:/a/pixi_rosdistro/pixi_rosdistro/install/share/pluginlib/package.xml
[35.966s] Invoked command in 'D:\a\pixi_rosdistro\pixi_rosdistro\build\pluginlib' returned '0': AMENT_PREFIX_PATH=D:\a\pixi_rosdistro\pixi_rosdistro\install CMAKE_PREFIX_PATH=D:\a\pixi_rosdistro\pixi_rosdistro\install;D:\a\pixi_rosdistro\pixi_rosdistro\.pixi\envs\default\Library PATH=D:\a\pixi_rosdistro\pixi_rosdistro\install\Scripts;D:\a\pixi_rosdistro\pixi_rosdistro\install\bin;D:\a\pixi_rosdistro\pixi_rosdistro\install\opt\mimick_vendor\lib;%PATH% PIXI_PROMPT=(ros2_rolling) PKG_CONFIG_PATH=D:\a\pixi_rosdistro\pixi_rosdistro\install\lib\pkgconfig PROMPT=$P$G PYTHONPATH=D:\a\pixi_rosdistro\pixi_rosdistro\install\Lib\site-packages ROS_DOMAIN_ID=111 D:\a\pixi_rosdistro\pixi_rosdistro\.pixi\envs\default\Library\bin\cmake.EXE --install D:\a\pixi_rosdistro\pixi_rosdistro\build\pluginlib
