[0.399s] Invoking command in '/Users/runner/work/pixi_rosdistro/pixi_rosdistro/src/ament/ament_lint/ament_flake8': AMENT_PREFIX_PATH=/Users/runner/work/pixi_rosdistro/pixi_rosdistro/install CMAKE_PREFIX_PATH=/Users/runner/work/pixi_rosdistro/pixi_rosdistro/install PIXI_PROMPT=(ros2_rolling) PYTHONPATH=/Users/runner/work/pixi_rosdistro/pixi_rosdistro/build/ament_flake8/prefix_override:/Users/runner/work/pixi_rosdistro/pixi_rosdistro/.pixi/envs/default/lib/python3.12/site-packages/colcon_core/task/python/colcon_distutils_commands:/Users/runner/work/pixi_rosdistro/pixi_rosdistro/install/lib/python3.12/site-packages:/Users/runner/work/pixi_rosdistro/pixi_rosdistro/install/lib/python3.12/site-packages SHLVL=3 _=/usr/bin/env /Users/runner/work/pixi_rosdistro/pixi_rosdistro/.pixi/envs/default/bin/python3.12 -W ignore:setup.py install is deprecated -W ignore:easy_install command is deprecated setup.py egg_info --egg-base ../../../../build/ament_flake8 build --build-base /Users/runner/work/pixi_rosdistro/pixi_rosdistro/build/ament_flake8/build install --record /Users/runner/work/pixi_rosdistro/pixi_rosdistro/build/ament_flake8/install.log --single-version-externally-managed install_data
[0.564s] running egg_info
[0.569s] creating ../../../../build/ament_flake8/ament_flake8.egg-info
[0.569s] writing ../../../../build/ament_flake8/ament_flake8.egg-info/PKG-INFO
[0.570s] writing dependency_links to ../../../../build/ament_flake8/ament_flake8.egg-info/dependency_links.txt
[0.570s] writing entry points to ../../../../build/ament_flake8/ament_flake8.egg-info/entry_points.txt
[0.570s] writing requirements to ../../../../build/ament_flake8/ament_flake8.egg-info/requires.txt
[0.570s] writing top-level names to ../../../../build/ament_flake8/ament_flake8.egg-info/top_level.txt
[0.570s] writing manifest file '../../../../build/ament_flake8/ament_flake8.egg-info/SOURCES.txt'
[0.580s] reading manifest file '../../../../build/ament_flake8/ament_flake8.egg-info/SOURCES.txt'
[0.580s] writing manifest file '../../../../build/ament_flake8/ament_flake8.egg-info/SOURCES.txt'
[0.581s] running build
[0.581s] running build_py
[0.581s] creating /Users/runner/work/pixi_rosdistro/pixi_rosdistro/build/ament_flake8/build/lib/ament_flake8
[0.581s] copying ament_flake8/__init__.py -> /Users/runner/work/pixi_rosdistro/pixi_rosdistro/build/ament_flake8/build/lib/ament_flake8
[0.581s] copying ament_flake8/pytest_marker.py -> /Users/runner/work/pixi_rosdistro/pixi_rosdistro/build/ament_flake8/build/lib/ament_flake8
[0.582s] copying ament_flake8/main.py -> /Users/runner/work/pixi_rosdistro/pixi_rosdistro/build/ament_flake8/build/lib/ament_flake8
[0.593s] copying ament_flake8/py.typed -> /Users/runner/work/pixi_rosdistro/pixi_rosdistro/build/ament_flake8/build/lib/ament_flake8
[0.593s] creating /Users/runner/work/pixi_rosdistro/pixi_rosdistro/build/ament_flake8/build/lib/ament_flake8/configuration
[0.593s] copying ament_flake8/configuration/ament_flake8.ini -> /Users/runner/work/pixi_rosdistro/pixi_rosdistro/build/ament_flake8/build/lib/ament_flake8/configuration
[0.593s] running install
[0.593s] running install_lib
[0.595s] creating /Users/runner/work/pixi_rosdistro/pixi_rosdistro/install/lib/python3.12/site-packages/ament_flake8
[0.596s] creating /Users/runner/work/pixi_rosdistro/pixi_rosdistro/install/lib/python3.12/site-packages/ament_flake8/configuration
[0.596s] copying /Users/runner/work/pixi_rosdistro/pixi_rosdistro/build/ament_flake8/build/lib/ament_flake8/configuration/ament_flake8.ini -> /Users/runner/work/pixi_rosdistro/pixi_rosdistro/install/lib/python3.12/site-packages/ament_flake8/configuration
[0.596s] copying /Users/runner/work/pixi_rosdistro/pixi_rosdistro/build/ament_flake8/build/lib/ament_flake8/__init__.py -> /Users/runner/work/pixi_rosdistro/pixi_rosdistro/install/lib/python3.12/site-packages/ament_flake8
[0.596s] copying /Users/runner/work/pixi_rosdistro/pixi_rosdistro/build/ament_flake8/build/lib/ament_flake8/py.typed -> /Users/runner/work/pixi_rosdistro/pixi_rosdistro/install/lib/python3.12/site-packages/ament_flake8
[0.597s] copying /Users/runner/work/pixi_rosdistro/pixi_rosdistro/build/ament_flake8/build/lib/ament_flake8/pytest_marker.py -> /Users/runner/work/pixi_rosdistro/pixi_rosdistro/install/lib/python3.12/site-packages/ament_flake8
[0.597s] copying /Users/runner/work/pixi_rosdistro/pixi_rosdistro/build/ament_flake8/build/lib/ament_flake8/main.py -> /Users/runner/work/pixi_rosdistro/pixi_rosdistro/install/lib/python3.12/site-packages/ament_flake8
[0.597s] byte-compiling /Users/runner/work/pixi_rosdistro/pixi_rosdistro/install/lib/python3.12/site-packages/ament_flake8/__init__.py to __init__.cpython-312.pyc
[0.597s] byte-compiling /Users/runner/work/pixi_rosdistro/pixi_rosdistro/install/lib/python3.12/site-packages/ament_flake8/pytest_marker.py to pytest_marker.cpython-312.pyc
[0.597s] byte-compiling /Users/runner/work/pixi_rosdistro/pixi_rosdistro/install/lib/python3.12/site-packages/ament_flake8/main.py to main.cpython-312.pyc
[0.600s] running install_data
[0.600s] copying package.xml -> /Users/runner/work/pixi_rosdistro/pixi_rosdistro/install/share/ament_flake8
[0.601s] copying resource/ament_flake8 -> /Users/runner/work/pixi_rosdistro/pixi_rosdistro/install/share/ament_index/resource_index/packages
[0.601s] running install_egg_info
[0.606s] Copying ../../../../build/ament_flake8/ament_flake8.egg-info to /Users/runner/work/pixi_rosdistro/pixi_rosdistro/install/lib/python3.12/site-packages/ament_flake8-0.20.3-py3.12.egg-info
[0.608s] running install_scripts
[0.620s] Installing ament_flake8 script to /Users/runner/work/pixi_rosdistro/pixi_rosdistro/install/bin
[0.621s] writing list of installed files to '/Users/runner/work/pixi_rosdistro/pixi_rosdistro/build/ament_flake8/install.log'
[0.656s] Invoked command in '/Users/runner/work/pixi_rosdistro/pixi_rosdistro/src/ament/ament_lint/ament_flake8' returned '0': AMENT_PREFIX_PATH=/Users/runner/work/pixi_rosdistro/pixi_rosdistro/install CMAKE_PREFIX_PATH=/Users/runner/work/pixi_rosdistro/pixi_rosdistro/install PIXI_PROMPT=(ros2_rolling) PYTHONPATH=/Users/runner/work/pixi_rosdistro/pixi_rosdistro/build/ament_flake8/prefix_override:/Users/runner/work/pixi_rosdistro/pixi_rosdistro/.pixi/envs/default/lib/python3.12/site-packages/colcon_core/task/python/colcon_distutils_commands:/Users/runner/work/pixi_rosdistro/pixi_rosdistro/install/lib/python3.12/site-packages:/Users/runner/work/pixi_rosdistro/pixi_rosdistro/install/lib/python3.12/site-packages SHLVL=3 _=/usr/bin/env /Users/runner/work/pixi_rosdistro/pixi_rosdistro/.pixi/envs/default/bin/python3.12 -W ignore:setup.py install is deprecated -W ignore:easy_install command is deprecated setup.py egg_info --egg-base ../../../../build/ament_flake8 build --build-base /Users/runner/work/pixi_rosdistro/pixi_rosdistro/build/ament_flake8/build install --record /Users/runner/work/pixi_rosdistro/pixi_rosdistro/build/ament_flake8/install.log --single-version-externally-managed install_data
