[0.993s] Invoking command in '/Users/runner/work/pixi_rosdistro/pixi_rosdistro/build/rclcpp_components': AMENT_PREFIX_PATH=/Users/runner/work/pixi_rosdistro/pixi_rosdistro/install CMAKE_PREFIX_PATH=/Users/runner/work/pixi_rosdistro/pixi_rosdistro/install DYLD_LIBRARY_PATH=/Users/runner/work/pixi_rosdistro/pixi_rosdistro/install/lib:/Users/runner/work/pixi_rosdistro/pixi_rosdistro/install/opt/mimick_vendor/lib:/Users/runner/work/pixi_rosdistro/pixi_rosdistro/install/opt/zenoh_cpp_vendor/lib PATH=/Users/runner/work/pixi_rosdistro/pixi_rosdistro/install/bin:${PATH} PIXI_PROMPT=(ros2_rolling) PKG_CONFIG_PATH=/Users/runner/work/pixi_rosdistro/pixi_rosdistro/install/lib/pkgconfig PYTHONPATH=/Users/runner/work/pixi_rosdistro/pixi_rosdistro/install/lib/python3.12/site-packages ROS_PYTHON_VERSION=3 SHLVL=3 _=/usr/bin/env /Users/runner/work/pixi_rosdistro/pixi_rosdistro/.pixi/envs/default/bin/cmake /Users/runner/work/pixi_rosdistro/pixi_rosdistro/src/ros2/rclcpp/rclcpp_components -GNinja --no-warn-unused-cli -DCMAKE_BUILD_TYPE=Release -DCMAKE_BUILD_WITH_INSTALL_RPATH:bool=TRUE -DCMAKE_POLICY_VERSION_MINIMUM=3.5 -Wno-deprecated -DSTACK_DETAILS_AUTO_DETECT:bool=FALSE -DSTACK_DETAILS_BFD:bool=FALSE -DCMAKE_INSTALL_PREFIX=/Users/runner/work/pixi_rosdistro/pixi_rosdistro/install
[1.178s] Not searching for unused variables given on the command line.
[1.178s] -- The C compiler identification is AppleClang 17.0.0.17000013
[1.316s] -- The CXX compiler identification is AppleClang 17.0.0.17000013
[1.347s] -- Detecting C compiler ABI info
[1.635s] -- Detecting C compiler ABI info - done
[1.672s] -- Check for working C compiler: /usr/bin/cc - skipped
[1.672s] -- Detecting C compile features
[1.672s] -- Detecting C compile features - done
[1.677s] -- Detecting CXX compiler ABI info
[1.968s] -- Detecting CXX compiler ABI info - done
[2.010s] -- Check for working CXX compiler: /usr/bin/c++ - skipped
[2.010s] -- Detecting CXX compile features
[2.011s] -- Detecting CXX compile features - done
[2.019s] -- Found ament_cmake_ros: 0.15.6 (/Users/runner/work/pixi_rosdistro/pixi_rosdistro/install/share/ament_cmake_ros/cmake)
[2.374s] -- Found ament_index_cpp: 1.13.2 (/Users/runner/work/pixi_rosdistro/pixi_rosdistro/install/share/ament_index_cpp/cmake)
[2.381s] -- Found class_loader: 2.9.2 (/Users/runner/work/pixi_rosdistro/pixi_rosdistro/install/share/class_loader/cmake)
[2.421s] -- Found composition_interfaces: 2.4.3 (/Users/runner/work/pixi_rosdistro/pixi_rosdistro/install/share/composition_interfaces/cmake)
[2.487s] -- Found rosidl_generator_c: 5.1.3 (/Users/runner/work/pixi_rosdistro/pixi_rosdistro/install/share/rosidl_generator_c/cmake)
[2.517s] -- Found rosidl_generator_cpp: 5.1.3 (/Users/runner/work/pixi_rosdistro/pixi_rosdistro/install/share/rosidl_generator_cpp/cmake)
[2.546s] -- Using all available rosidl_typesupport_c: rosidl_typesupport_fastrtps_c;rosidl_typesupport_introspection_c
[2.564s] -- Using all available rosidl_typesupport_cpp: rosidl_typesupport_fastrtps_cpp;rosidl_typesupport_introspection_cpp
[2.657s] -- Found rclcpp: 31.0.1 (/Users/runner/work/pixi_rosdistro/pixi_rosdistro/install/share/rclcpp/cmake)
[2.715s] -- Found rmw_implementation_cmake: 7.9.1 (/Users/runner/work/pixi_rosdistro/pixi_rosdistro/install/share/rmw_implementation_cmake/cmake)
[2.730s] -- Found rmw_fastrtps_cpp: 9.4.5 (/Users/runner/work/pixi_rosdistro/pixi_rosdistro/install/share/rmw_fastrtps_cpp/cmake)
[2.788s] -- Using RMW implementation 'rmw_fastrtps_cpp' as default
[2.879s] -- Found ament_lint_auto: 0.20.3 (/Users/runner/work/pixi_rosdistro/pixi_rosdistro/install/share/ament_lint_auto/cmake)
[2.886s] -- Found ament_cmake_google_benchmark: 2.8.6 (/Users/runner/work/pixi_rosdistro/pixi_rosdistro/install/share/ament_cmake_google_benchmark/cmake)
[2.896s] -- Performing Test CMAKE_HAVE_LIBC_PTHREAD
[3.204s] -- Performing Test CMAKE_HAVE_LIBC_PTHREAD - Success
[3.204s] -- Found Threads: TRUE
[3.378s] -- Found gtest sources under '/Users/runner/work/pixi_rosdistro/pixi_rosdistro/install/src/gtest_vendor': C++ tests using 'Google Test' will be built
[3.383s] -- Performance tests are disabled by default, so Google Benchmark tests will be skipped. To enable these tests, set the CMake variable 'AMENT_RUN_PERFORMANCE_TESTS'.
[3.388s] -- Added test 'copyright' to check source files copyright and LICENSE
[3.390s] -- Added test 'cppcheck' to perform static code analysis on C / C++ code
[3.391s] -- Configured cppcheck include dirs: /Users/runner/work/pixi_rosdistro/pixi_rosdistro/.pixi/envs/default/include;$<BUILD_INTERFACE:/Users/runner/work/pixi_rosdistro/pixi_rosdistro/src/ros2/rclcpp/rclcpp_components/include>
[3.391s] -- Configured cppcheck exclude dirs and/or files: 
[3.393s] -- Added test 'cpplint' to check C / C++ code against the Google style
[3.393s] -- Configured cpplint exclude dirs and/or files: 
[3.394s] -- Added test 'lint_cmake' to check CMake code style
[3.397s] -- Added test 'uncrustify' to check C / C++ code style
[3.397s] -- Configured uncrustify additional arguments: 
[3.398s] -- Added test 'xmllint' to check XML markup files
[3.402s] -- Configuring done (2.4s)
[3.496s] -- Generating done (0.1s)
[3.572s] -- Build files have been written to: /Users/runner/work/pixi_rosdistro/pixi_rosdistro/build/rclcpp_components
[3.577s] Invoked command in '/Users/runner/work/pixi_rosdistro/pixi_rosdistro/build/rclcpp_components' returned '0': AMENT_PREFIX_PATH=/Users/runner/work/pixi_rosdistro/pixi_rosdistro/install CMAKE_PREFIX_PATH=/Users/runner/work/pixi_rosdistro/pixi_rosdistro/install DYLD_LIBRARY_PATH=/Users/runner/work/pixi_rosdistro/pixi_rosdistro/install/lib:/Users/runner/work/pixi_rosdistro/pixi_rosdistro/install/opt/mimick_vendor/lib:/Users/runner/work/pixi_rosdistro/pixi_rosdistro/install/opt/zenoh_cpp_vendor/lib PATH=/Users/runner/work/pixi_rosdistro/pixi_rosdistro/install/bin:${PATH} PIXI_PROMPT=(ros2_rolling) PKG_CONFIG_PATH=/Users/runner/work/pixi_rosdistro/pixi_rosdistro/install/lib/pkgconfig PYTHONPATH=/Users/runner/work/pixi_rosdistro/pixi_rosdistro/install/lib/python3.12/site-packages ROS_PYTHON_VERSION=3 SHLVL=3 _=/usr/bin/env /Users/runner/work/pixi_rosdistro/pixi_rosdistro/.pixi/envs/default/bin/cmake /Users/runner/work/pixi_rosdistro/pixi_rosdistro/src/ros2/rclcpp/rclcpp_components -GNinja --no-warn-unused-cli -DCMAKE_BUILD_TYPE=Release -DCMAKE_BUILD_WITH_INSTALL_RPATH:bool=TRUE -DCMAKE_POLICY_VERSION_MINIMUM=3.5 -Wno-deprecated -DSTACK_DETAILS_AUTO_DETECT:bool=FALSE -DSTACK_DETAILS_BFD:bool=FALSE -DCMAKE_INSTALL_PREFIX=/Users/runner/work/pixi_rosdistro/pixi_rosdistro/install
[3.583s] Invoking command in '/Users/runner/work/pixi_rosdistro/pixi_rosdistro/build/rclcpp_components': AMENT_PREFIX_PATH=/Users/runner/work/pixi_rosdistro/pixi_rosdistro/install CMAKE_PREFIX_PATH=/Users/runner/work/pixi_rosdistro/pixi_rosdistro/install DYLD_LIBRARY_PATH=/Users/runner/work/pixi_rosdistro/pixi_rosdistro/install/lib:/Users/runner/work/pixi_rosdistro/pixi_rosdistro/install/opt/mimick_vendor/lib:/Users/runner/work/pixi_rosdistro/pixi_rosdistro/install/opt/zenoh_cpp_vendor/lib PATH=/Users/runner/work/pixi_rosdistro/pixi_rosdistro/install/bin:${PATH} PIXI_PROMPT=(ros2_rolling) PKG_CONFIG_PATH=/Users/runner/work/pixi_rosdistro/pixi_rosdistro/install/lib/pkgconfig PYTHONPATH=/Users/runner/work/pixi_rosdistro/pixi_rosdistro/install/lib/python3.12/site-packages ROS_PYTHON_VERSION=3 SHLVL=3 _=/usr/bin/env /Users/runner/work/pixi_rosdistro/pixi_rosdistro/.pixi/envs/default/bin/cmake --build /Users/runner/work/pixi_rosdistro/pixi_rosdistro/build/rclcpp_components -- -j3 -l3
[4.093s] [1/22] Building CXX object CMakeFiles/component_manager.dir/src/component_manager.cpp.o
[4.583s] [2/22] Building CXX object gtest/CMakeFiles/gtest.dir/src/gtest-all.cc.o
[4.916s] [3/22] Building CXX object gtest/CMakeFiles/gtest_main.dir/src/gtest_main.cc.o
[5.016s] [4/22] Linking CXX shared library libcomponent_manager.dylib
[5.457s] [5/22] Building CXX object CMakeFiles/component_container.dir/src/component_container.cpp.o
[5.923s] [6/22] Building CXX object CMakeFiles/component_container_event.dir/src/component_container_event.cpp.o
[6.520s] [7/22] Building CXX object CMakeFiles/component_container_mt.dir/src/component_container_mt.cpp.o
[7.060s] [8/22] Building CXX object CMakeFiles/component_container_isolated.dir/src/component_container_isolated.cpp.o
[7.521s] [9/22] Building CXX object CMakeFiles/test_component.dir/test/components/test_component.cpp.o
[8.002s] [10/22] Building CXX object CMakeFiles/test_component_manager.dir/test/test_component_manager.cpp.o
[8.554s] [11/22] Building CXX object CMakeFiles/test_component_manager_api.dir/test/test_component_manager_api.cpp.o
[8.999s] [12/22] Building CXX object CMakeFiles/benchmark_components.dir/test/benchmark/benchmark_components.cpp.o
[9.142s] [13/22] Linking CXX static library gtest/libgtest.a
[9.271s] [14/22] Linking CXX static library gtest/libgtest_main.a
[9.352s] [15/22] Linking CXX executable component_container
[9.435s] [16/22] Linking CXX executable component_container_event
[9.523s] [17/22] Linking CXX executable component_container_mt
[9.619s] [18/22] Linking CXX executable component_container_isolated
[9.715s] [19/22] Linking CXX shared library libtest_component.dylib
[9.857s] [20/22] Linking CXX executable test_component_manager
[9.909s] [21/22] Linking CXX executable test_component_manager_api
[9.999s] [22/22] Linking CXX executable benchmark_components
[10.004s] Invoked command in '/Users/runner/work/pixi_rosdistro/pixi_rosdistro/build/rclcpp_components' returned '0': AMENT_PREFIX_PATH=/Users/runner/work/pixi_rosdistro/pixi_rosdistro/install CMAKE_PREFIX_PATH=/Users/runner/work/pixi_rosdistro/pixi_rosdistro/install DYLD_LIBRARY_PATH=/Users/runner/work/pixi_rosdistro/pixi_rosdistro/install/lib:/Users/runner/work/pixi_rosdistro/pixi_rosdistro/install/opt/mimick_vendor/lib:/Users/runner/work/pixi_rosdistro/pixi_rosdistro/install/opt/zenoh_cpp_vendor/lib PATH=/Users/runner/work/pixi_rosdistro/pixi_rosdistro/install/bin:${PATH} PIXI_PROMPT=(ros2_rolling) PKG_CONFIG_PATH=/Users/runner/work/pixi_rosdistro/pixi_rosdistro/install/lib/pkgconfig PYTHONPATH=/Users/runner/work/pixi_rosdistro/pixi_rosdistro/install/lib/python3.12/site-packages ROS_DOMAIN_ID=39 ROS_PYTHON_VERSION=3 SHLVL=3 _=/usr/bin/env /Users/runner/work/pixi_rosdistro/pixi_rosdistro/.pixi/envs/default/bin/cmake --build /Users/runner/work/pixi_rosdistro/pixi_rosdistro/build/rclcpp_components -- -j3 -l3
[10.004s] Invoking command in '/Users/runner/work/pixi_rosdistro/pixi_rosdistro/build/rclcpp_components': AMENT_PREFIX_PATH=/Users/runner/work/pixi_rosdistro/pixi_rosdistro/install CMAKE_PREFIX_PATH=/Users/runner/work/pixi_rosdistro/pixi_rosdistro/install DYLD_LIBRARY_PATH=/Users/runner/work/pixi_rosdistro/pixi_rosdistro/install/lib:/Users/runner/work/pixi_rosdistro/pixi_rosdistro/install/opt/mimick_vendor/lib:/Users/runner/work/pixi_rosdistro/pixi_rosdistro/install/opt/zenoh_cpp_vendor/lib PATH=/Users/runner/work/pixi_rosdistro/pixi_rosdistro/install/bin:${PATH} PIXI_PROMPT=(ros2_rolling) PKG_CONFIG_PATH=/Users/runner/work/pixi_rosdistro/pixi_rosdistro/install/lib/pkgconfig PYTHONPATH=/Users/runner/work/pixi_rosdistro/pixi_rosdistro/install/lib/python3.12/site-packages ROS_DOMAIN_ID=39 ROS_PYTHON_VERSION=3 SHLVL=3 _=/usr/bin/env /Users/runner/work/pixi_rosdistro/pixi_rosdistro/.pixi/envs/default/bin/cmake --install /Users/runner/work/pixi_rosdistro/pixi_rosdistro/build/rclcpp_components
[10.027s] -- Install configuration: "Release"
[10.027s] -- Installing: /Users/runner/work/pixi_rosdistro/pixi_rosdistro/install/share/rclcpp_components/node_main.cpp.in
[10.028s] -- Installing: /Users/runner/work/pixi_rosdistro/pixi_rosdistro/install/lib/libcomponent_manager.dylib
[10.031s] -- Installing: /Users/runner/work/pixi_rosdistro/pixi_rosdistro/install/lib/rclcpp_components/component_container
[10.031s] -- Installing: /Users/runner/work/pixi_rosdistro/pixi_rosdistro/install/lib/rclcpp_components/component_container_mt
[10.032s] -- Installing: /Users/runner/work/pixi_rosdistro/pixi_rosdistro/install/lib/rclcpp_components/component_container_isolated
[10.032s] -- Installing: /Users/runner/work/pixi_rosdistro/pixi_rosdistro/install/lib/rclcpp_components/component_container_event
[10.032s] -- Installing: /Users/runner/work/pixi_rosdistro/pixi_rosdistro/install/include/rclcpp_components
[10.032s] -- Installing: /Users/runner/work/pixi_rosdistro/pixi_rosdistro/install/include/rclcpp_components/rclcpp_components
[10.032s] -- Installing: /Users/runner/work/pixi_rosdistro/pixi_rosdistro/install/include/rclcpp_components/rclcpp_components/node_instance_wrapper.hpp
[10.032s] -- Installing: /Users/runner/work/pixi_rosdistro/pixi_rosdistro/install/include/rclcpp_components/rclcpp_components/node_factory_template.hpp
[10.036s] -- Installing: /Users/runner/work/pixi_rosdistro/pixi_rosdistro/install/include/rclcpp_components/rclcpp_components/register_node_macro.hpp
[10.036s] -- Installing: /Users/runner/work/pixi_rosdistro/pixi_rosdistro/install/include/rclcpp_components/rclcpp_components/visibility_control.hpp
[10.037s] -- Installing: /Users/runner/work/pixi_rosdistro/pixi_rosdistro/install/include/rclcpp_components/rclcpp_components/node_factory.hpp
[10.037s] -- Installing: /Users/runner/work/pixi_rosdistro/pixi_rosdistro/install/include/rclcpp_components/rclcpp_components/component_manager_isolated.hpp
[10.037s] -- Installing: /Users/runner/work/pixi_rosdistro/pixi_rosdistro/install/include/rclcpp_components/rclcpp_components/component_manager.hpp
[10.037s] -- Installing: /Users/runner/work/pixi_rosdistro/pixi_rosdistro/install/share/rclcpp_components/cmake
[10.038s] -- Installing: /Users/runner/work/pixi_rosdistro/pixi_rosdistro/install/share/rclcpp_components/cmake/rclcpp_components_register_nodes.cmake
[10.039s] -- Installing: /Users/runner/work/pixi_rosdistro/pixi_rosdistro/install/share/rclcpp_components/cmake/rclcpp_components_package_hook.cmake
[10.039s] -- Installing: /Users/runner/work/pixi_rosdistro/pixi_rosdistro/install/share/rclcpp_components/cmake/rclcpp_components_register_node.cmake
[10.040s] -- Installing: /Users/runner/work/pixi_rosdistro/pixi_rosdistro/install/share/rclcpp_components/environment/library_path.sh
[10.040s] -- Installing: /Users/runner/work/pixi_rosdistro/pixi_rosdistro/install/share/rclcpp_components/environment/library_path.dsv
[10.040s] -- Installing: /Users/runner/work/pixi_rosdistro/pixi_rosdistro/install/share/ament_index/resource_index/package_run_dependencies/rclcpp_components
[10.040s] -- Installing: /Users/runner/work/pixi_rosdistro/pixi_rosdistro/install/share/ament_index/resource_index/parent_prefix_path/rclcpp_components
[10.040s] -- Installing: /Users/runner/work/pixi_rosdistro/pixi_rosdistro/install/share/rclcpp_components/environment/ament_prefix_path.sh
[10.042s] -- Installing: /Users/runner/work/pixi_rosdistro/pixi_rosdistro/install/share/rclcpp_components/environment/ament_prefix_path.dsv
[10.042s] -- Installing: /Users/runner/work/pixi_rosdistro/pixi_rosdistro/install/share/rclcpp_components/environment/path.sh
[10.042s] -- Installing: /Users/runner/work/pixi_rosdistro/pixi_rosdistro/install/share/rclcpp_components/environment/path.dsv
[10.042s] -- Installing: /Users/runner/work/pixi_rosdistro/pixi_rosdistro/install/share/rclcpp_components/local_setup.bash
[10.042s] -- Installing: /Users/runner/work/pixi_rosdistro/pixi_rosdistro/install/share/rclcpp_components/local_setup.fish
[10.042s] -- Installing: /Users/runner/work/pixi_rosdistro/pixi_rosdistro/install/share/rclcpp_components/local_setup.sh
[10.042s] -- Installing: /Users/runner/work/pixi_rosdistro/pixi_rosdistro/install/share/rclcpp_components/local_setup.zsh
[10.042s] -- Installing: /Users/runner/work/pixi_rosdistro/pixi_rosdistro/install/share/rclcpp_components/local_setup.dsv
[10.042s] -- Installing: /Users/runner/work/pixi_rosdistro/pixi_rosdistro/install/share/rclcpp_components/package.dsv
[10.044s] -- Installing: /Users/runner/work/pixi_rosdistro/pixi_rosdistro/install/share/ament_index/resource_index/packages/rclcpp_components
[10.044s] -- Installing: /Users/runner/work/pixi_rosdistro/pixi_rosdistro/install/share/rclcpp_components/cmake/export_rclcpp_componentsExport.cmake
[10.048s] -- Installing: /Users/runner/work/pixi_rosdistro/pixi_rosdistro/install/share/rclcpp_components/cmake/export_rclcpp_componentsExport-release.cmake
[10.048s] -- Installing: /Users/runner/work/pixi_rosdistro/pixi_rosdistro/install/share/rclcpp_components/cmake/rclcpp_components-extras.cmake
[10.048s] -- Installing: /Users/runner/work/pixi_rosdistro/pixi_rosdistro/install/share/rclcpp_components/cmake/ament_cmake_export_include_directories-extras.cmake
[10.049s] -- Installing: /Users/runner/work/pixi_rosdistro/pixi_rosdistro/install/share/rclcpp_components/cmake/ament_cmake_export_libraries-extras.cmake
[10.049s] -- Installing: /Users/runner/work/pixi_rosdistro/pixi_rosdistro/install/share/rclcpp_components/cmake/ament_cmake_export_targets-extras.cmake
[10.049s] -- Installing: /Users/runner/work/pixi_rosdistro/pixi_rosdistro/install/share/rclcpp_components/cmake/ament_cmake_export_dependencies-extras.cmake
[10.049s] -- Installing: /Users/runner/work/pixi_rosdistro/pixi_rosdistro/install/share/rclcpp_components/cmake/rclcpp_componentsConfig.cmake
[10.049s] -- Installing: /Users/runner/work/pixi_rosdistro/pixi_rosdistro/install/share/rclcpp_components/cmake/rclcpp_componentsConfig-version.cmake
[10.049s] -- Installing: /Users/runner/work/pixi_rosdistro/pixi_rosdistro/install/share/rclcpp_components/package.xml
[10.050s] Invoked command in '/Users/runner/work/pixi_rosdistro/pixi_rosdistro/build/rclcpp_components' returned '0': AMENT_PREFIX_PATH=/Users/runner/work/pixi_rosdistro/pixi_rosdistro/install CMAKE_PREFIX_PATH=/Users/runner/work/pixi_rosdistro/pixi_rosdistro/install DYLD_LIBRARY_PATH=/Users/runner/work/pixi_rosdistro/pixi_rosdistro/install/lib:/Users/runner/work/pixi_rosdistro/pixi_rosdistro/install/opt/mimick_vendor/lib:/Users/runner/work/pixi_rosdistro/pixi_rosdistro/install/opt/zenoh_cpp_vendor/lib PATH=/Users/runner/work/pixi_rosdistro/pixi_rosdistro/install/bin:${PATH} PIXI_PROMPT=(ros2_rolling) PKG_CONFIG_PATH=/Users/runner/work/pixi_rosdistro/pixi_rosdistro/install/lib/pkgconfig PYTHONPATH=/Users/runner/work/pixi_rosdistro/pixi_rosdistro/install/lib/python3.12/site-packages ROS_DOMAIN_ID=39 ROS_PYTHON_VERSION=3 SHLVL=3 _=/usr/bin/env /Users/runner/work/pixi_rosdistro/pixi_rosdistro/.pixi/envs/default/bin/cmake --install /Users/runner/work/pixi_rosdistro/pixi_rosdistro/build/rclcpp_components
