[2.252s] Invoking command in '/Users/runner/work/pixi_rosdistro/pixi_rosdistro/build/tf2_msgs': AMENT_PREFIX_PATH=/Users/runner/work/pixi_rosdistro/pixi_rosdistro/install CMAKE_PREFIX_PATH=/Users/runner/work/pixi_rosdistro/pixi_rosdistro/install DYLD_LIBRARY_PATH=/Users/runner/work/pixi_rosdistro/pixi_rosdistro/install/lib:/Users/runner/work/pixi_rosdistro/pixi_rosdistro/install/opt/mimick_vendor/lib PATH=/Users/runner/work/pixi_rosdistro/pixi_rosdistro/install/bin:${PATH} PIXI_PROMPT=(ros2_rolling) PKG_CONFIG_PATH=/Users/runner/work/pixi_rosdistro/pixi_rosdistro/install/lib/pkgconfig PYTHONPATH=/Users/runner/work/pixi_rosdistro/pixi_rosdistro/install/lib/python3.12/site-packages ROS_DOMAIN_ID=82 ROS_PYTHON_VERSION=3 SHLVL=3 _=/usr/bin/env /Users/runner/work/pixi_rosdistro/pixi_rosdistro/.pixi/envs/default/bin/cmake /Users/runner/work/pixi_rosdistro/pixi_rosdistro/src/ros2/geometry2/tf2_msgs -GNinja --no-warn-unused-cli -DCMAKE_BUILD_TYPE=Release -DCMAKE_BUILD_WITH_INSTALL_RPATH:bool=TRUE -DCMAKE_POLICY_VERSION_MINIMUM=3.5 -Wno-deprecated -DSTACK_DETAILS_AUTO_DETECT:bool=FALSE -DSTACK_DETAILS_BFD:bool=FALSE -DTRACETOOLS_DISABLED=ON -DCMAKE_INSTALL_PREFIX=/Users/runner/work/pixi_rosdistro/pixi_rosdistro/install
[2.763s] Not searching for unused variables given on the command line.
[2.763s] -- The C compiler identification is AppleClang 17.0.0.17000013
[3.076s] -- The CXX compiler identification is AppleClang 17.0.0.17000013
[3.188s] -- Detecting C compiler ABI info
[3.764s] -- Detecting C compiler ABI info - done
[3.817s] -- Check for working C compiler: /usr/bin/cc - skipped
[3.817s] -- Detecting C compile features
[3.817s] -- Detecting C compile features - done
[3.832s] -- Detecting CXX compiler ABI info
[4.425s] -- Detecting CXX compiler ABI info - done
[4.476s] -- Check for working CXX compiler: /usr/bin/c++ - skipped
[4.476s] -- Detecting CXX compile features
[4.477s] -- Detecting CXX compile features - done
[4.490s] -- Found ament_cmake: 2.8.6 (/Users/runner/work/pixi_rosdistro/pixi_rosdistro/install/share/ament_cmake/cmake)
[5.028s] -- Found rosidl_default_generators: 1.8.1 (/Users/runner/work/pixi_rosdistro/pixi_rosdistro/install/share/rosidl_default_generators/cmake)
[5.125s] -- Using all available rosidl_typesupport_c: rosidl_typesupport_fastrtps_c;rosidl_typesupport_introspection_c
[5.480s] -- Using all available rosidl_typesupport_cpp: rosidl_typesupport_fastrtps_cpp;rosidl_typesupport_introspection_cpp
[5.481s] -- Found rosidl_adapter: 5.1.3 (/Users/runner/work/pixi_rosdistro/pixi_rosdistro/install/share/rosidl_adapter/cmake)
[5.481s] -- Found builtin_interfaces: 2.4.3 (/Users/runner/work/pixi_rosdistro/pixi_rosdistro/install/share/builtin_interfaces/cmake)
[5.481s] -- Found geometry_msgs: 5.9.1 (/Users/runner/work/pixi_rosdistro/pixi_rosdistro/install/share/geometry_msgs/cmake)
[5.772s] -- Found Python3: /Users/runner/work/pixi_rosdistro/pixi_rosdistro/.pixi/envs/default/bin/python3 (found version "3.12.13") found components: Interpreter
[6.718s] -- Found ament_cmake_cppcheck: 0.20.3 (/Users/runner/work/pixi_rosdistro/pixi_rosdistro/install/share/ament_cmake_cppcheck/cmake)
[6.727s] -- Found ament_cmake_cpplint: 0.20.3 (/Users/runner/work/pixi_rosdistro/pixi_rosdistro/install/share/ament_cmake_cpplint/cmake)
[6.737s] -- Found ament_cmake_uncrustify: 0.20.3 (/Users/runner/work/pixi_rosdistro/pixi_rosdistro/install/share/ament_cmake_uncrustify/cmake)
[6.758s] -- Found ament_cmake_ros_core: 0.15.6 (/Users/runner/work/pixi_rosdistro/pixi_rosdistro/install/share/ament_cmake_ros_core/cmake)
[7.604s] -- Using all available rosidl_typesupport_c: rosidl_typesupport_fastrtps_c;rosidl_typesupport_introspection_c
[8.784s] -- Using all available rosidl_typesupport_cpp: rosidl_typesupport_fastrtps_cpp;rosidl_typesupport_introspection_cpp
[9.470s] -- Found Python3: /Users/runner/work/pixi_rosdistro/pixi_rosdistro/.pixi/envs/default/bin/python3 (found version "3.12.13") found components: Interpreter Development NumPy Development.Module Development.Embed
[9.598s] -- Found ament_cmake_flake8: 0.20.3 (/Users/runner/work/pixi_rosdistro/pixi_rosdistro/install/share/ament_cmake_flake8/cmake)
[9.607s] -- Found ament_cmake_pep257: 0.20.3 (/Users/runner/work/pixi_rosdistro/pixi_rosdistro/install/share/ament_cmake_pep257/cmake)
[9.719s] -- Found ament_cmake_mypy: 0.20.3 (/Users/runner/work/pixi_rosdistro/pixi_rosdistro/install/share/ament_cmake_mypy/cmake)
[9.719s] -- Found Python3: /Users/runner/work/pixi_rosdistro/pixi_rosdistro/.pixi/envs/default/bin/python3 (found version "3.12.13") found components: Interpreter
[9.722s] -- Configuring done (7.4s)
[9.852s] -- Generating done (0.2s)
[9.985s] -- Build files have been written to: /Users/runner/work/pixi_rosdistro/pixi_rosdistro/build/tf2_msgs
[9.998s] Invoked command in '/Users/runner/work/pixi_rosdistro/pixi_rosdistro/build/tf2_msgs' returned '0': AMENT_PREFIX_PATH=/Users/runner/work/pixi_rosdistro/pixi_rosdistro/install CMAKE_PREFIX_PATH=/Users/runner/work/pixi_rosdistro/pixi_rosdistro/install DYLD_LIBRARY_PATH=/Users/runner/work/pixi_rosdistro/pixi_rosdistro/install/lib:/Users/runner/work/pixi_rosdistro/pixi_rosdistro/install/opt/mimick_vendor/lib PATH=/Users/runner/work/pixi_rosdistro/pixi_rosdistro/install/bin:${PATH} PIXI_PROMPT=(ros2_rolling) PKG_CONFIG_PATH=/Users/runner/work/pixi_rosdistro/pixi_rosdistro/install/lib/pkgconfig PYTHONPATH=/Users/runner/work/pixi_rosdistro/pixi_rosdistro/install/lib/python3.12/site-packages ROS_DOMAIN_ID=82 ROS_PYTHON_VERSION=3 SHLVL=3 _=/usr/bin/env /Users/runner/work/pixi_rosdistro/pixi_rosdistro/.pixi/envs/default/bin/cmake /Users/runner/work/pixi_rosdistro/pixi_rosdistro/src/ros2/geometry2/tf2_msgs -GNinja --no-warn-unused-cli -DCMAKE_BUILD_TYPE=Release -DCMAKE_BUILD_WITH_INSTALL_RPATH:bool=TRUE -DCMAKE_POLICY_VERSION_MINIMUM=3.5 -Wno-deprecated -DSTACK_DETAILS_AUTO_DETECT:bool=FALSE -DSTACK_DETAILS_BFD:bool=FALSE -DTRACETOOLS_DISABLED=ON -DCMAKE_INSTALL_PREFIX=/Users/runner/work/pixi_rosdistro/pixi_rosdistro/install
[10.004s] Invoking command in '/Users/runner/work/pixi_rosdistro/pixi_rosdistro/build/tf2_msgs': AMENT_PREFIX_PATH=/Users/runner/work/pixi_rosdistro/pixi_rosdistro/install CMAKE_PREFIX_PATH=/Users/runner/work/pixi_rosdistro/pixi_rosdistro/install DYLD_LIBRARY_PATH=/Users/runner/work/pixi_rosdistro/pixi_rosdistro/install/lib:/Users/runner/work/pixi_rosdistro/pixi_rosdistro/install/opt/mimick_vendor/lib PATH=/Users/runner/work/pixi_rosdistro/pixi_rosdistro/install/bin:${PATH} PIXI_PROMPT=(ros2_rolling) PKG_CONFIG_PATH=/Users/runner/work/pixi_rosdistro/pixi_rosdistro/install/lib/pkgconfig PYTHONPATH=/Users/runner/work/pixi_rosdistro/pixi_rosdistro/install/lib/python3.12/site-packages ROS_DOMAIN_ID=82 ROS_PYTHON_VERSION=3 SHLVL=3 _=/usr/bin/env /Users/runner/work/pixi_rosdistro/pixi_rosdistro/.pixi/envs/default/bin/cmake --build /Users/runner/work/pixi_rosdistro/pixi_rosdistro/build/tf2_msgs -- -j3 -l3
[10.466s] [1/67] Generating type hashes for ROS interfaces
[11.558s] [2/67] Generating C code for ROS interfaces
[11.842s] [3/67] Building C object CMakeFiles/tf2_msgs__rosidl_generator_c.dir/rosidl_generator_c/tf2_msgs/msg/detail/tf2_error__description.c.o
[12.141s] [4/67] Building C object CMakeFiles/tf2_msgs__rosidl_generator_c.dir/rosidl_generator_c/tf2_msgs/msg/detail/tf2_error__functions.c.o
[12.475s] [5/67] Building C object CMakeFiles/tf2_msgs__rosidl_generator_c.dir/rosidl_generator_c/tf2_msgs/msg/detail/tf2_error__type_support.c.o
[12.791s] [6/67] Building C object CMakeFiles/tf2_msgs__rosidl_generator_c.dir/rosidl_generator_c/tf2_msgs/msg/detail/tf_message__description.c.o
[13.061s] [7/67] Building C object CMakeFiles/tf2_msgs__rosidl_generator_c.dir/rosidl_generator_c/tf2_msgs/msg/detail/tf_message__functions.c.o
[13.531s] [8/67] Building C object CMakeFiles/tf2_msgs__rosidl_generator_c.dir/rosidl_generator_c/tf2_msgs/msg/detail/tf_message__type_support.c.o
[13.841s] [9/67] Building C object CMakeFiles/tf2_msgs__rosidl_generator_c.dir/rosidl_generator_c/tf2_msgs/srv/detail/frame_graph__description.c.o
[14.122s] [10/67] Building C object CMakeFiles/tf2_msgs__rosidl_generator_c.dir/rosidl_generator_c/tf2_msgs/srv/detail/frame_graph__functions.c.o
[14.388s] [11/67] Building C object CMakeFiles/tf2_msgs__rosidl_generator_c.dir/rosidl_generator_c/tf2_msgs/srv/detail/frame_graph__type_support.c.o
[14.671s] [12/67] Building C object CMakeFiles/tf2_msgs__rosidl_generator_c.dir/rosidl_generator_c/tf2_msgs/action/detail/lookup_transform__description.c.o
[14.970s] [13/67] Building C object CMakeFiles/tf2_msgs__rosidl_generator_c.dir/rosidl_generator_c/tf2_msgs/action/detail/lookup_transform__functions.c.o
[15.228s] [14/67] Building C object CMakeFiles/tf2_msgs__rosidl_generator_c.dir/rosidl_generator_c/tf2_msgs/action/detail/lookup_transform__type_support.c.o
[16.156s] [15/67] Generating C type support for eProsima Fast-RTPS
[16.749s] [16/67] Generating C introspection for ROS interfaces
[17.177s] [17/67] Generating C type support dispatch for ROS interfaces
[17.854s] [18/67] Generating C++ code for ROS interfaces
[18.675s] [19/67] Generating C++ type support for eProsima Fast-RTPS
[19.236s] [20/67] Generating C++ introspection for ROS interfaces
[19.673s] [21/67] Generating C++ type support dispatch for ROS interfaces
[19.811s] [22/67] Linking C shared library libtf2_msgs__rosidl_generator_c.dylib
[19.811s] ld: warning: -undefined error is deprecated
[20.285s] [23/67] Building CXX object CMakeFiles/tf2_msgs__rosidl_typesupport_fastrtps_c.dir/rosidl_typesupport_fastrtps_c/tf2_msgs/msg/detail/tf2_error__type_support_c.cpp.o
[20.722s] [24/67] Building CXX object CMakeFiles/tf2_msgs__rosidl_typesupport_fastrtps_c.dir/rosidl_typesupport_fastrtps_c/tf2_msgs/msg/detail/tf_message__type_support_c.cpp.o
[21.251s] [25/67] Building CXX object CMakeFiles/tf2_msgs__rosidl_typesupport_fastrtps_c.dir/rosidl_typesupport_fastrtps_c/tf2_msgs/srv/detail/frame_graph__type_support_c.cpp.o
[21.705s] [26/67] Building CXX object CMakeFiles/tf2_msgs__rosidl_typesupport_fastrtps_c.dir/rosidl_typesupport_fastrtps_c/tf2_msgs/action/detail/lookup_transform__type_support_c.cpp.o
[21.936s] [27/67] Building C object CMakeFiles/tf2_msgs__rosidl_typesupport_introspection_c.dir/rosidl_typesupport_introspection_c/tf2_msgs/msg/detail/tf2_error__type_support.c.o
[22.201s] [28/67] Building C object CMakeFiles/tf2_msgs__rosidl_typesupport_introspection_c.dir/rosidl_typesupport_introspection_c/tf2_msgs/msg/detail/tf_message__type_support.c.o
[22.469s] [29/67] Building C object CMakeFiles/tf2_msgs__rosidl_typesupport_introspection_c.dir/rosidl_typesupport_introspection_c/tf2_msgs/srv/detail/frame_graph__type_support.c.o
[22.713s] [30/67] Building C object CMakeFiles/tf2_msgs__rosidl_typesupport_introspection_c.dir/rosidl_typesupport_introspection_c/tf2_msgs/action/detail/lookup_transform__type_support.c.o
[22.968s] [31/67] Building CXX object CMakeFiles/tf2_msgs__rosidl_typesupport_c.dir/rosidl_typesupport_c/tf2_msgs/msg/tf2_error__type_support.cpp.o
[23.195s] [32/67] Building CXX object CMakeFiles/tf2_msgs__rosidl_typesupport_c.dir/rosidl_typesupport_c/tf2_msgs/msg/tf_message__type_support.cpp.o
[23.452s] [33/67] Building CXX object CMakeFiles/tf2_msgs__rosidl_typesupport_c.dir/rosidl_typesupport_c/tf2_msgs/srv/frame_graph__type_support.cpp.o
[23.699s] [34/67] Building CXX object CMakeFiles/tf2_msgs__rosidl_typesupport_c.dir/rosidl_typesupport_c/tf2_msgs/action/lookup_transform__type_support.cpp.o
[24.524s] [35/67] Building CXX object CMakeFiles/tf2_msgs__rosidl_typesupport_fastrtps_cpp.dir/rosidl_typesupport_fastrtps_cpp/tf2_msgs/msg/detail/dds_fastrtps/tf2_error__type_support.cpp.o
[25.118s] [36/67] Building CXX object CMakeFiles/tf2_msgs__rosidl_typesupport_fastrtps_cpp.dir/rosidl_typesupport_fastrtps_cpp/tf2_msgs/msg/detail/dds_fastrtps/tf_message__type_support.cpp.o
[25.612s] [37/67] Building CXX object CMakeFiles/tf2_msgs__rosidl_typesupport_fastrtps_cpp.dir/rosidl_typesupport_fastrtps_cpp/tf2_msgs/srv/detail/dds_fastrtps/frame_graph__type_support.cpp.o
[26.270s] [38/67] Building CXX object CMakeFiles/tf2_msgs__rosidl_typesupport_fastrtps_cpp.dir/rosidl_typesupport_fastrtps_cpp/tf2_msgs/action/detail/dds_fastrtps/lookup_transform__type_support.cpp.o
[26.705s] [39/67] Building CXX object CMakeFiles/tf2_msgs__rosidl_typesupport_introspection_cpp.dir/rosidl_typesupport_introspection_cpp/tf2_msgs/msg/detail/tf2_error__type_support.cpp.o
[27.106s] [40/67] Building CXX object CMakeFiles/tf2_msgs__rosidl_typesupport_introspection_cpp.dir/rosidl_typesupport_introspection_cpp/tf2_msgs/msg/detail/tf_message__type_support.cpp.o
[27.906s] [41/67] Building CXX object CMakeFiles/tf2_msgs__rosidl_typesupport_introspection_cpp.dir/rosidl_typesupport_introspection_cpp/tf2_msgs/srv/detail/frame_graph__type_support.cpp.o
[28.135s] [42/67] Building CXX object CMakeFiles/tf2_msgs__rosidl_typesupport_introspection_cpp.dir/rosidl_typesupport_introspection_cpp/tf2_msgs/action/detail/lookup_transform__type_support.cpp.o
[28.605s] [43/67] Building CXX object CMakeFiles/tf2_msgs__rosidl_typesupport_cpp.dir/rosidl_typesupport_cpp/tf2_msgs/msg/tf2_error__type_support.cpp.o
[29.042s] [44/67] Building CXX object CMakeFiles/tf2_msgs__rosidl_typesupport_cpp.dir/rosidl_typesupport_cpp/tf2_msgs/msg/tf_message__type_support.cpp.o
[29.530s] [45/67] Building CXX object CMakeFiles/tf2_msgs__rosidl_typesupport_cpp.dir/rosidl_typesupport_cpp/tf2_msgs/srv/frame_graph__type_support.cpp.o
[30.050s] [46/67] Building CXX object CMakeFiles/tf2_msgs__rosidl_typesupport_cpp.dir/rosidl_typesupport_cpp/tf2_msgs/action/lookup_transform__type_support.cpp.o
[30.194s] [47/67] Linking CXX shared library libtf2_msgs__rosidl_typesupport_fastrtps_c.dylib
[30.195s] ld: warning: -undefined error is deprecated
[30.328s] [48/67] Linking C shared library libtf2_msgs__rosidl_typesupport_introspection_c.dylib
[30.328s] ld: warning: -undefined error is deprecated
[30.466s] [49/67] Linking CXX shared library libtf2_msgs__rosidl_typesupport_c.dylib
[30.466s] ld: warning: -undefined error is deprecated
[30.604s] [50/67] Linking CXX shared library libtf2_msgs__rosidl_typesupport_fastrtps_cpp.dylib
[30.604s] ld: warning: -undefined error is deprecated
[30.747s] [51/67] Linking CXX shared library libtf2_msgs__rosidl_typesupport_introspection_cpp.dylib
[30.748s] ld: warning: -undefined error is deprecated
[30.874s] [52/67] Linking CXX shared library libtf2_msgs__rosidl_typesupport_cpp.dylib
[30.874s] ld: warning: -undefined error is deprecated
[32.476s] [53/67] Generating Python code for ROS interfaces
[32.953s] [54/67] Generating Rust code for ROS interfaces
[33.245s] [55/67] Building C object CMakeFiles/tf2_msgs__rosidl_generator_py.dir/rosidl_generator_py/tf2_msgs/msg/_tf2_error_s.c.o
[33.575s] [56/67] Building C object CMakeFiles/tf2_msgs__rosidl_generator_py.dir/rosidl_generator_py/tf2_msgs/msg/_tf_message_s.c.o
[33.889s] [57/67] Building C object CMakeFiles/tf2_msgs__rosidl_generator_py.dir/rosidl_generator_py/tf2_msgs/srv/_frame_graph_s.c.o
[34.177s] [58/67] Building C object CMakeFiles/tf2_msgs__rosidl_generator_py.dir/rosidl_generator_py/tf2_msgs/action/_lookup_transform_s.c.o
[34.314s] [59/67] Linking C shared library libtf2_msgs__rosidl_generator_py.dylib
[34.314s] ld: warning: -undefined error is deprecated
[34.596s] [60/67] Building C object CMakeFiles/tf2_msgs_s__rosidl_typesupport_fastrtps_c.dir/rosidl_generator_py/tf2_msgs/_tf2_msgs_s.ep.rosidl_typesupport_fastrtps_c.c.o
[34.880s] [61/67] Building C object CMakeFiles/tf2_msgs_s__rosidl_typesupport_introspection_c.dir/rosidl_generator_py/tf2_msgs/_tf2_msgs_s.ep.rosidl_typesupport_introspection_c.c.o
[36.265s] [62/67] Building C object CMakeFiles/tf2_msgs_s__rosidl_typesupport_c.dir/rosidl_generator_py/tf2_msgs/_tf2_msgs_s.ep.rosidl_typesupport_c.c.o
[36.265s] [63/67] cd /Users/runner/work/pixi_rosdistro/pixi_rosdistro/build/tf2_msgs && /Users/runner/work/pixi_rosdistro/pixi_rosdistro/.pixi/envs/default/bin/cmake -E copy_directory /Users/runner/work/pixi_rosdistro/pixi_rosdistro/build/tf2_msgs/rosidl_generator_py/tf2_msgs /Users/runner/work/pixi_rosdistro/pixi_rosdistro/build/tf2_msgs/ament_cmake_python/tf2_msgs/tf2_msgs
[36.265s] [64/67] Linking C shared module rosidl_generator_py/tf2_msgs/tf2_msgs_s__rosidl_typesupport_fastrtps_c.so
[36.266s] [65/67] Linking C shared module rosidl_generator_py/tf2_msgs/tf2_msgs_s__rosidl_typesupport_introspection_c.so
[36.266s] [66/67] Linking C shared module rosidl_generator_py/tf2_msgs/tf2_msgs_s__rosidl_typesupport_c.so
[36.962s] [67/67] cd /Users/runner/work/pixi_rosdistro/pixi_rosdistro/build/tf2_msgs/ament_cmake_python/tf2_msgs && /Users/runner/work/pixi_rosdistro/pixi_rosdistro/.pixi/envs/default/bin/python3 setup.py egg_info
[36.962s] running egg_info
[36.963s] creating tf2_msgs.egg-info
[36.963s] writing tf2_msgs.egg-info/PKG-INFO
[36.963s] writing dependency_links to tf2_msgs.egg-info/dependency_links.txt
[36.963s] writing top-level names to tf2_msgs.egg-info/top_level.txt
[36.963s] writing manifest file 'tf2_msgs.egg-info/SOURCES.txt'
[36.963s] reading manifest file 'tf2_msgs.egg-info/SOURCES.txt'
[36.963s] writing manifest file 'tf2_msgs.egg-info/SOURCES.txt'
[36.967s] Invoked command in '/Users/runner/work/pixi_rosdistro/pixi_rosdistro/build/tf2_msgs' returned '0': AMENT_PREFIX_PATH=/Users/runner/work/pixi_rosdistro/pixi_rosdistro/install CMAKE_PREFIX_PATH=/Users/runner/work/pixi_rosdistro/pixi_rosdistro/install DYLD_LIBRARY_PATH=/Users/runner/work/pixi_rosdistro/pixi_rosdistro/install/lib:/Users/runner/work/pixi_rosdistro/pixi_rosdistro/install/opt/mimick_vendor/lib PATH=/Users/runner/work/pixi_rosdistro/pixi_rosdistro/install/bin:${PATH} PIXI_PROMPT=(ros2_rolling) PKG_CONFIG_PATH=/Users/runner/work/pixi_rosdistro/pixi_rosdistro/install/lib/pkgconfig PYTHONPATH=/Users/runner/work/pixi_rosdistro/pixi_rosdistro/install/lib/python3.12/site-packages ROS_DOMAIN_ID=82 ROS_PYTHON_VERSION=3 SHLVL=3 _=/usr/bin/env /Users/runner/work/pixi_rosdistro/pixi_rosdistro/.pixi/envs/default/bin/cmake --build /Users/runner/work/pixi_rosdistro/pixi_rosdistro/build/tf2_msgs -- -j3 -l3
[36.973s] Invoking command in '/Users/runner/work/pixi_rosdistro/pixi_rosdistro/build/tf2_msgs': AMENT_PREFIX_PATH=/Users/runner/work/pixi_rosdistro/pixi_rosdistro/install CMAKE_PREFIX_PATH=/Users/runner/work/pixi_rosdistro/pixi_rosdistro/install DYLD_LIBRARY_PATH=/Users/runner/work/pixi_rosdistro/pixi_rosdistro/install/lib:/Users/runner/work/pixi_rosdistro/pixi_rosdistro/install/opt/mimick_vendor/lib PATH=/Users/runner/work/pixi_rosdistro/pixi_rosdistro/install/bin:${PATH} PIXI_PROMPT=(ros2_rolling) PKG_CONFIG_PATH=/Users/runner/work/pixi_rosdistro/pixi_rosdistro/install/lib/pkgconfig PYTHONPATH=/Users/runner/work/pixi_rosdistro/pixi_rosdistro/install/lib/python3.12/site-packages ROS_DOMAIN_ID=82 ROS_PYTHON_VERSION=3 SHLVL=3 _=/usr/bin/env /Users/runner/work/pixi_rosdistro/pixi_rosdistro/.pixi/envs/default/bin/cmake --install /Users/runner/work/pixi_rosdistro/pixi_rosdistro/build/tf2_msgs
[37.008s] -- Install configuration: "Release"
[37.010s] -- Installing: /Users/runner/work/pixi_rosdistro/pixi_rosdistro/install/share/ament_index/resource_index/rosidl_interfaces/tf2_msgs
[37.010s] -- Installing: /Users/runner/work/pixi_rosdistro/pixi_rosdistro/install/share/tf2_msgs/msg/TF2Error.json
[37.010s] -- Installing: /Users/runner/work/pixi_rosdistro/pixi_rosdistro/install/share/tf2_msgs/msg/TFMessage.json
[37.010s] -- Installing: /Users/runner/work/pixi_rosdistro/pixi_rosdistro/install/share/tf2_msgs/srv/FrameGraph.json
[37.010s] -- Installing: /Users/runner/work/pixi_rosdistro/pixi_rosdistro/install/share/tf2_msgs/action/LookupTransform.json
[37.010s] -- Installing: /Users/runner/work/pixi_rosdistro/pixi_rosdistro/install/include/tf2_msgs/tf2_msgs
[37.014s] -- Installing: /Users/runner/work/pixi_rosdistro/pixi_rosdistro/install/include/tf2_msgs/tf2_msgs/msg
[37.014s] -- Installing: /Users/runner/work/pixi_rosdistro/pixi_rosdistro/install/include/tf2_msgs/tf2_msgs/msg/rosidl_generator_c__visibility_control.h
[37.014s] -- Installing: /Users/runner/work/pixi_rosdistro/pixi_rosdistro/install/include/tf2_msgs/tf2_msgs/msg/tf2_error.h
[37.014s] -- Installing: /Users/runner/work/pixi_rosdistro/pixi_rosdistro/install/include/tf2_msgs/tf2_msgs/msg/detail
[37.014s] -- Installing: /Users/runner/work/pixi_rosdistro/pixi_rosdistro/install/include/tf2_msgs/tf2_msgs/msg/detail/tf2_error__type_support.c
[37.014s] -- Installing: /Users/runner/work/pixi_rosdistro/pixi_rosdistro/install/include/tf2_msgs/tf2_msgs/msg/detail/tf_message__description.c
[37.015s] -- Installing: /Users/runner/work/pixi_rosdistro/pixi_rosdistro/install/include/tf2_msgs/tf2_msgs/msg/detail/tf_message__struct.h
[37.016s] -- Installing: /Users/runner/work/pixi_rosdistro/pixi_rosdistro/install/include/tf2_msgs/tf2_msgs/msg/detail/tf_message__type_support.h
[37.017s] -- Installing: /Users/runner/work/pixi_rosdistro/pixi_rosdistro/install/include/tf2_msgs/tf2_msgs/msg/detail/tf_message__functions.h
[37.018s] -- Installing: /Users/runner/work/pixi_rosdistro/pixi_rosdistro/install/include/tf2_msgs/tf2_msgs/msg/detail/tf2_error__functions.h
[37.020s] -- Installing: /Users/runner/work/pixi_rosdistro/pixi_rosdistro/install/include/tf2_msgs/tf2_msgs/msg/detail/tf2_error__type_support.h
[37.021s] -- Installing: /Users/runner/work/pixi_rosdistro/pixi_rosdistro/install/include/tf2_msgs/tf2_msgs/msg/detail/tf_message__type_support.c
[37.023s] -- Installing: /Users/runner/work/pixi_rosdistro/pixi_rosdistro/install/include/tf2_msgs/tf2_msgs/msg/detail/tf2_error__struct.h
[37.023s] -- Installing: /Users/runner/work/pixi_rosdistro/pixi_rosdistro/install/include/tf2_msgs/tf2_msgs/msg/detail/tf2_error__functions.c
[37.023s] -- Installing: /Users/runner/work/pixi_rosdistro/pixi_rosdistro/install/include/tf2_msgs/tf2_msgs/msg/detail/tf2_error__description.c
[37.026s] -- Installing: /Users/runner/work/pixi_rosdistro/pixi_rosdistro/install/include/tf2_msgs/tf2_msgs/msg/detail/tf_message__functions.c
[37.026s] -- Installing: /Users/runner/work/pixi_rosdistro/pixi_rosdistro/install/include/tf2_msgs/tf2_msgs/msg/tf_message.h
[37.026s] -- Installing: /Users/runner/work/pixi_rosdistro/pixi_rosdistro/install/include/tf2_msgs/tf2_msgs/action
[37.026s] -- Installing: /Users/runner/work/pixi_rosdistro/pixi_rosdistro/install/include/tf2_msgs/tf2_msgs/action/detail
[37.027s] -- Installing: /Users/runner/work/pixi_rosdistro/pixi_rosdistro/install/include/tf2_msgs/tf2_msgs/action/detail/lookup_transform__type_support.h
[37.027s] -- Installing: /Users/runner/work/pixi_rosdistro/pixi_rosdistro/install/include/tf2_msgs/tf2_msgs/action/detail/lookup_transform__functions.h
[37.027s] -- Installing: /Users/runner/work/pixi_rosdistro/pixi_rosdistro/install/include/tf2_msgs/tf2_msgs/action/detail/lookup_transform__description.c
[37.029s] -- Installing: /Users/runner/work/pixi_rosdistro/pixi_rosdistro/install/include/tf2_msgs/tf2_msgs/action/detail/lookup_transform__type_support.c
[37.029s] -- Installing: /Users/runner/work/pixi_rosdistro/pixi_rosdistro/install/include/tf2_msgs/tf2_msgs/action/detail/lookup_transform__functions.c
[37.029s] -- Installing: /Users/runner/work/pixi_rosdistro/pixi_rosdistro/install/include/tf2_msgs/tf2_msgs/action/detail/lookup_transform__struct.h
[37.029s] -- Installing: /Users/runner/work/pixi_rosdistro/pixi_rosdistro/install/include/tf2_msgs/tf2_msgs/action/lookup_transform.h
[37.030s] -- Installing: /Users/runner/work/pixi_rosdistro/pixi_rosdistro/install/include/tf2_msgs/tf2_msgs/srv
[37.031s] -- Installing: /Users/runner/work/pixi_rosdistro/pixi_rosdistro/install/include/tf2_msgs/tf2_msgs/srv/frame_graph.h
[37.031s] -- Installing: /Users/runner/work/pixi_rosdistro/pixi_rosdistro/install/include/tf2_msgs/tf2_msgs/srv/detail
[37.031s] -- Installing: /Users/runner/work/pixi_rosdistro/pixi_rosdistro/install/include/tf2_msgs/tf2_msgs/srv/detail/frame_graph__type_support.h
[37.031s] -- Installing: /Users/runner/work/pixi_rosdistro/pixi_rosdistro/install/include/tf2_msgs/tf2_msgs/srv/detail/frame_graph__functions.c
[37.033s] -- Installing: /Users/runner/work/pixi_rosdistro/pixi_rosdistro/install/include/tf2_msgs/tf2_msgs/srv/detail/frame_graph__struct.h
[37.033s] -- Installing: /Users/runner/work/pixi_rosdistro/pixi_rosdistro/install/include/tf2_msgs/tf2_msgs/srv/detail/frame_graph__type_support.c
[37.033s] -- Installing: /Users/runner/work/pixi_rosdistro/pixi_rosdistro/install/include/tf2_msgs/tf2_msgs/srv/detail/frame_graph__functions.h
[37.033s] -- Installing: /Users/runner/work/pixi_rosdistro/pixi_rosdistro/install/include/tf2_msgs/tf2_msgs/srv/detail/frame_graph__description.c
[37.033s] -- Installing: /Users/runner/work/pixi_rosdistro/pixi_rosdistro/install/share/tf2_msgs/environment/library_path.sh
[37.033s] -- Installing: /Users/runner/work/pixi_rosdistro/pixi_rosdistro/install/share/tf2_msgs/environment/library_path.dsv
[37.040s] -- Installing: /Users/runner/work/pixi_rosdistro/pixi_rosdistro/install/lib/libtf2_msgs__rosidl_generator_c.dylib
[37.042s] -- Up-to-date: /Users/runner/work/pixi_rosdistro/pixi_rosdistro/install/include/tf2_msgs/tf2_msgs
[37.042s] -- Up-to-date: /Users/runner/work/pixi_rosdistro/pixi_rosdistro/install/include/tf2_msgs/tf2_msgs/msg
[37.042s] -- Up-to-date: /Users/runner/work/pixi_rosdistro/pixi_rosdistro/install/include/tf2_msgs/tf2_msgs/msg/detail
[37.042s] -- Installing: /Users/runner/work/pixi_rosdistro/pixi_rosdistro/install/include/tf2_msgs/tf2_msgs/msg/detail/tf_message__rosidl_typesupport_fastrtps_c.h
[37.042s] -- Installing: /Users/runner/work/pixi_rosdistro/pixi_rosdistro/install/include/tf2_msgs/tf2_msgs/msg/detail/tf2_error__rosidl_typesupport_fastrtps_c.h
[37.042s] -- Installing: /Users/runner/work/pixi_rosdistro/pixi_rosdistro/install/include/tf2_msgs/tf2_msgs/msg/rosidl_typesupport_fastrtps_c__visibility_control.h
[37.044s] -- Up-to-date: /Users/runner/work/pixi_rosdistro/pixi_rosdistro/install/include/tf2_msgs/tf2_msgs/action
[37.044s] -- Up-to-date: /Users/runner/work/pixi_rosdistro/pixi_rosdistro/install/include/tf2_msgs/tf2_msgs/action/detail
[37.044s] -- Installing: /Users/runner/work/pixi_rosdistro/pixi_rosdistro/install/include/tf2_msgs/tf2_msgs/action/detail/lookup_transform__rosidl_typesupport_fastrtps_c.h
[37.044s] -- Up-to-date: /Users/runner/work/pixi_rosdistro/pixi_rosdistro/install/include/tf2_msgs/tf2_msgs/srv
[37.044s] -- Up-to-date: /Users/runner/work/pixi_rosdistro/pixi_rosdistro/install/include/tf2_msgs/tf2_msgs/srv/detail
[37.044s] -- Installing: /Users/runner/work/pixi_rosdistro/pixi_rosdistro/install/include/tf2_msgs/tf2_msgs/srv/detail/frame_graph__rosidl_typesupport_fastrtps_c.h
[37.044s] -- Installing: /Users/runner/work/pixi_rosdistro/pixi_rosdistro/install/lib/libtf2_msgs__rosidl_typesupport_fastrtps_c.dylib
[37.044s] -- Up-to-date: /Users/runner/work/pixi_rosdistro/pixi_rosdistro/install/include/tf2_msgs/tf2_msgs
[37.044s] -- Up-to-date: /Users/runner/work/pixi_rosdistro/pixi_rosdistro/install/include/tf2_msgs/tf2_msgs/msg
[37.044s] -- Up-to-date: /Users/runner/work/pixi_rosdistro/pixi_rosdistro/install/include/tf2_msgs/tf2_msgs/msg/detail
[37.044s] -- Installing: /Users/runner/work/pixi_rosdistro/pixi_rosdistro/install/include/tf2_msgs/tf2_msgs/msg/detail/tf2_error__type_support.c
[37.044s] -- Installing: /Users/runner/work/pixi_rosdistro/pixi_rosdistro/install/include/tf2_msgs/tf2_msgs/msg/detail/tf_message__rosidl_typesupport_introspection_c.h
[37.045s] -- Installing: /Users/runner/work/pixi_rosdistro/pixi_rosdistro/install/include/tf2_msgs/tf2_msgs/msg/detail/tf_message__type_support.c
[37.045s] -- Installing: /Users/runner/work/pixi_rosdistro/pixi_rosdistro/install/include/tf2_msgs/tf2_msgs/msg/detail/tf2_error__rosidl_typesupport_introspection_c.h
[37.045s] -- Installing: /Users/runner/work/pixi_rosdistro/pixi_rosdistro/install/include/tf2_msgs/tf2_msgs/msg/rosidl_typesupport_introspection_c__visibility_control.h
[37.047s] -- Up-to-date: /Users/runner/work/pixi_rosdistro/pixi_rosdistro/install/include/tf2_msgs/tf2_msgs/action
[37.047s] -- Up-to-date: /Users/runner/work/pixi_rosdistro/pixi_rosdistro/install/include/tf2_msgs/tf2_msgs/action/detail
[37.047s] -- Installing: /Users/runner/work/pixi_rosdistro/pixi_rosdistro/install/include/tf2_msgs/tf2_msgs/action/detail/lookup_transform__rosidl_typesupport_introspection_c.h
[37.047s] -- Installing: /Users/runner/work/pixi_rosdistro/pixi_rosdistro/install/include/tf2_msgs/tf2_msgs/action/detail/lookup_transform__type_support.c
[37.047s] -- Up-to-date: /Users/runner/work/pixi_rosdistro/pixi_rosdistro/install/include/tf2_msgs/tf2_msgs/srv
[37.047s] -- Up-to-date: /Users/runner/work/pixi_rosdistro/pixi_rosdistro/install/include/tf2_msgs/tf2_msgs/srv/detail
[37.047s] -- Installing: /Users/runner/work/pixi_rosdistro/pixi_rosdistro/install/include/tf2_msgs/tf2_msgs/srv/detail/frame_graph__rosidl_typesupport_introspection_c.h
[37.047s] -- Installing: /Users/runner/work/pixi_rosdistro/pixi_rosdistro/install/include/tf2_msgs/tf2_msgs/srv/detail/frame_graph__type_support.c
[37.048s] -- Installing: /Users/runner/work/pixi_rosdistro/pixi_rosdistro/install/lib/libtf2_msgs__rosidl_typesupport_introspection_c.dylib
[37.048s] -- Installing: /Users/runner/work/pixi_rosdistro/pixi_rosdistro/install/lib/libtf2_msgs__rosidl_typesupport_c.dylib
[37.049s] -- Up-to-date: /Users/runner/work/pixi_rosdistro/pixi_rosdistro/install/include/tf2_msgs/tf2_msgs
[37.049s] -- Up-to-date: /Users/runner/work/pixi_rosdistro/pixi_rosdistro/install/include/tf2_msgs/tf2_msgs/msg
[37.049s] -- Installing: /Users/runner/work/pixi_rosdistro/pixi_rosdistro/install/include/tf2_msgs/tf2_msgs/msg/tf2_error.hpp
[37.049s] -- Up-to-date: /Users/runner/work/pixi_rosdistro/pixi_rosdistro/install/include/tf2_msgs/tf2_msgs/msg/detail
[37.049s] -- Installing: /Users/runner/work/pixi_rosdistro/pixi_rosdistro/install/include/tf2_msgs/tf2_msgs/msg/detail/tf2_error__struct.hpp
[37.049s] -- Installing: /Users/runner/work/pixi_rosdistro/pixi_rosdistro/install/include/tf2_msgs/tf2_msgs/msg/detail/tf_message__struct.hpp
[37.049s] -- Installing: /Users/runner/work/pixi_rosdistro/pixi_rosdistro/install/include/tf2_msgs/tf2_msgs/msg/detail/tf2_error__builder.hpp
[37.049s] -- Installing: /Users/runner/work/pixi_rosdistro/pixi_rosdistro/install/include/tf2_msgs/tf2_msgs/msg/detail/tf_message__builder.hpp
[37.049s] -- Installing: /Users/runner/work/pixi_rosdistro/pixi_rosdistro/install/include/tf2_msgs/tf2_msgs/msg/detail/tf2_error__traits.hpp
[37.049s] -- Installing: /Users/runner/work/pixi_rosdistro/pixi_rosdistro/install/include/tf2_msgs/tf2_msgs/msg/detail/tf2_error__type_support.hpp
[37.049s] -- Installing: /Users/runner/work/pixi_rosdistro/pixi_rosdistro/install/include/tf2_msgs/tf2_msgs/msg/detail/tf_message__type_support.hpp
[37.049s] -- Installing: /Users/runner/work/pixi_rosdistro/pixi_rosdistro/install/include/tf2_msgs/tf2_msgs/msg/detail/tf_message__traits.hpp
[37.049s] -- Installing: /Users/runner/work/pixi_rosdistro/pixi_rosdistro/install/include/tf2_msgs/tf2_msgs/msg/rosidl_generator_cpp__visibility_control.hpp
[37.049s] -- Installing: /Users/runner/work/pixi_rosdistro/pixi_rosdistro/install/include/tf2_msgs/tf2_msgs/msg/tf_message.hpp
[37.056s] -- Up-to-date: /Users/runner/work/pixi_rosdistro/pixi_rosdistro/install/include/tf2_msgs/tf2_msgs/action
[37.056s] -- Up-to-date: /Users/runner/work/pixi_rosdistro/pixi_rosdistro/install/include/tf2_msgs/tf2_msgs/action/detail
[37.056s] -- Installing: /Users/runner/work/pixi_rosdistro/pixi_rosdistro/install/include/tf2_msgs/tf2_msgs/action/detail/lookup_transform__traits.hpp
[37.056s] -- Installing: /Users/runner/work/pixi_rosdistro/pixi_rosdistro/install/include/tf2_msgs/tf2_msgs/action/detail/lookup_transform__builder.hpp
[37.056s] -- Installing: /Users/runner/work/pixi_rosdistro/pixi_rosdistro/install/include/tf2_msgs/tf2_msgs/action/detail/lookup_transform__type_support.hpp
[37.056s] -- Installing: /Users/runner/work/pixi_rosdistro/pixi_rosdistro/install/include/tf2_msgs/tf2_msgs/action/detail/lookup_transform__struct.hpp
[37.057s] -- Installing: /Users/runner/work/pixi_rosdistro/pixi_rosdistro/install/include/tf2_msgs/tf2_msgs/action/lookup_transform.hpp
[37.057s] -- Up-to-date: /Users/runner/work/pixi_rosdistro/pixi_rosdistro/install/include/tf2_msgs/tf2_msgs/srv
[37.057s] -- Installing: /Users/runner/work/pixi_rosdistro/pixi_rosdistro/install/include/tf2_msgs/tf2_msgs/srv/frame_graph.hpp
[37.057s] -- Up-to-date: /Users/runner/work/pixi_rosdistro/pixi_rosdistro/install/include/tf2_msgs/tf2_msgs/srv/detail
[37.058s] -- Installing: /Users/runner/work/pixi_rosdistro/pixi_rosdistro/install/include/tf2_msgs/tf2_msgs/srv/detail/frame_graph__builder.hpp
[37.058s] -- Installing: /Users/runner/work/pixi_rosdistro/pixi_rosdistro/install/include/tf2_msgs/tf2_msgs/srv/detail/frame_graph__struct.hpp
[37.058s] -- Installing: /Users/runner/work/pixi_rosdistro/pixi_rosdistro/install/include/tf2_msgs/tf2_msgs/srv/detail/frame_graph__traits.hpp
[37.058s] -- Installing: /Users/runner/work/pixi_rosdistro/pixi_rosdistro/install/include/tf2_msgs/tf2_msgs/srv/detail/frame_graph__type_support.hpp
[37.058s] -- Up-to-date: /Users/runner/work/pixi_rosdistro/pixi_rosdistro/install/include/tf2_msgs/tf2_msgs
[37.058s] -- Up-to-date: /Users/runner/work/pixi_rosdistro/pixi_rosdistro/install/include/tf2_msgs/tf2_msgs/msg
[37.058s] -- Installing: /Users/runner/work/pixi_rosdistro/pixi_rosdistro/install/include/tf2_msgs/tf2_msgs/msg/rosidl_typesupport_fastrtps_cpp__visibility_control.h
[37.059s] -- Up-to-date: /Users/runner/work/pixi_rosdistro/pixi_rosdistro/install/include/tf2_msgs/tf2_msgs/msg/detail
[37.059s] -- Installing: /Users/runner/work/pixi_rosdistro/pixi_rosdistro/install/include/tf2_msgs/tf2_msgs/msg/detail/tf_message__rosidl_typesupport_fastrtps_cpp.hpp
[37.059s] -- Installing: /Users/runner/work/pixi_rosdistro/pixi_rosdistro/install/include/tf2_msgs/tf2_msgs/msg/detail/tf2_error__rosidl_typesupport_fastrtps_cpp.hpp
[37.060s] -- Installing: /Users/runner/work/pixi_rosdistro/pixi_rosdistro/install/include/tf2_msgs/tf2_msgs/msg/detail/dds_fastrtps
[37.062s] -- Up-to-date: /Users/runner/work/pixi_rosdistro/pixi_rosdistro/install/include/tf2_msgs/tf2_msgs/action
[37.062s] -- Up-to-date: /Users/runner/work/pixi_rosdistro/pixi_rosdistro/install/include/tf2_msgs/tf2_msgs/action/detail
[37.062s] -- Installing: /Users/runner/work/pixi_rosdistro/pixi_rosdistro/install/include/tf2_msgs/tf2_msgs/action/detail/lookup_transform__rosidl_typesupport_fastrtps_cpp.hpp
[37.062s] -- Installing: /Users/runner/work/pixi_rosdistro/pixi_rosdistro/install/include/tf2_msgs/tf2_msgs/action/detail/dds_fastrtps
[37.062s] -- Up-to-date: /Users/runner/work/pixi_rosdistro/pixi_rosdistro/install/include/tf2_msgs/tf2_msgs/srv
[37.063s] -- Up-to-date: /Users/runner/work/pixi_rosdistro/pixi_rosdistro/install/include/tf2_msgs/tf2_msgs/srv/detail
[37.064s] -- Installing: /Users/runner/work/pixi_rosdistro/pixi_rosdistro/install/include/tf2_msgs/tf2_msgs/srv/detail/frame_graph__rosidl_typesupport_fastrtps_cpp.hpp
[37.065s] -- Installing: /Users/runner/work/pixi_rosdistro/pixi_rosdistro/install/include/tf2_msgs/tf2_msgs/srv/detail/dds_fastrtps
[37.065s] -- Installing: /Users/runner/work/pixi_rosdistro/pixi_rosdistro/install/lib/libtf2_msgs__rosidl_typesupport_fastrtps_cpp.dylib
[37.076s] -- Up-to-date: /Users/runner/work/pixi_rosdistro/pixi_rosdistro/install/include/tf2_msgs/tf2_msgs
[37.076s] -- Up-to-date: /Users/runner/work/pixi_rosdistro/pixi_rosdistro/install/include/tf2_msgs/tf2_msgs/msg
[37.076s] -- Up-to-date: /Users/runner/work/pixi_rosdistro/pixi_rosdistro/install/include/tf2_msgs/tf2_msgs/msg/detail
[37.076s] -- Installing: /Users/runner/work/pixi_rosdistro/pixi_rosdistro/install/include/tf2_msgs/tf2_msgs/msg/detail/tf_message__type_support.cpp
[37.076s] -- Installing: /Users/runner/work/pixi_rosdistro/pixi_rosdistro/install/include/tf2_msgs/tf2_msgs/msg/detail/tf_message__rosidl_typesupport_introspection_cpp.hpp
[37.076s] -- Installing: /Users/runner/work/pixi_rosdistro/pixi_rosdistro/install/include/tf2_msgs/tf2_msgs/msg/detail/tf2_error__type_support.cpp
[37.076s] -- Installing: /Users/runner/work/pixi_rosdistro/pixi_rosdistro/install/include/tf2_msgs/tf2_msgs/msg/detail/tf2_error__rosidl_typesupport_introspection_cpp.hpp
[37.076s] -- Up-to-date: /Users/runner/work/pixi_rosdistro/pixi_rosdistro/install/include/tf2_msgs/tf2_msgs/action
[37.076s] -- Up-to-date: /Users/runner/work/pixi_rosdistro/pixi_rosdistro/install/include/tf2_msgs/tf2_msgs/action/detail
[37.076s] -- Installing: /Users/runner/work/pixi_rosdistro/pixi_rosdistro/install/include/tf2_msgs/tf2_msgs/action/detail/lookup_transform__rosidl_typesupport_introspection_cpp.hpp
[37.076s] -- Installing: /Users/runner/work/pixi_rosdistro/pixi_rosdistro/install/include/tf2_msgs/tf2_msgs/action/detail/lookup_transform__type_support.cpp
[37.077s] -- Up-to-date: /Users/runner/work/pixi_rosdistro/pixi_rosdistro/install/include/tf2_msgs/tf2_msgs/srv
[37.077s] -- Up-to-date: /Users/runner/work/pixi_rosdistro/pixi_rosdistro/install/include/tf2_msgs/tf2_msgs/srv/detail
[37.077s] -- Installing: /Users/runner/work/pixi_rosdistro/pixi_rosdistro/install/include/tf2_msgs/tf2_msgs/srv/detail/frame_graph__type_support.cpp
[37.077s] -- Installing: /Users/runner/work/pixi_rosdistro/pixi_rosdistro/install/include/tf2_msgs/tf2_msgs/srv/detail/frame_graph__rosidl_typesupport_introspection_cpp.hpp
[37.077s] -- Installing: /Users/runner/work/pixi_rosdistro/pixi_rosdistro/install/lib/libtf2_msgs__rosidl_typesupport_introspection_cpp.dylib
[37.077s] -- Installing: /Users/runner/work/pixi_rosdistro/pixi_rosdistro/install/lib/libtf2_msgs__rosidl_typesupport_cpp.dylib
[37.077s] -- Installing: /Users/runner/work/pixi_rosdistro/pixi_rosdistro/install/share/tf2_msgs/environment/pythonpath.sh
[37.077s] -- Installing: /Users/runner/work/pixi_rosdistro/pixi_rosdistro/install/share/tf2_msgs/environment/pythonpath.dsv
[37.078s] -- Installing: /Users/runner/work/pixi_rosdistro/pixi_rosdistro/install/lib/python3.12/site-packages/tf2_msgs/tf2_msgs_s__rosidl_typesupport_fastrtps_c.so
[37.078s] -- Installing: /Users/runner/work/pixi_rosdistro/pixi_rosdistro/install/lib/python3.12/site-packages/tf2_msgs/tf2_msgs_s__rosidl_typesupport_introspection_c.so
[37.079s] -- Installing: /Users/runner/work/pixi_rosdistro/pixi_rosdistro/install/lib/python3.12/site-packages/tf2_msgs/tf2_msgs_s__rosidl_typesupport_c.so
[37.080s] -- Installing: /Users/runner/work/pixi_rosdistro/pixi_rosdistro/install/lib/libtf2_msgs__rosidl_generator_py.dylib
[37.081s] -- Installing: /Users/runner/work/pixi_rosdistro/pixi_rosdistro/install/share/ament_index/resource_index/rust_packages/tf2_msgs
[37.083s] -- Installing: /Users/runner/work/pixi_rosdistro/pixi_rosdistro/install/share/tf2_msgs/rust
[37.083s] -- Installing: /Users/runner/work/pixi_rosdistro/pixi_rosdistro/install/share/tf2_msgs/rust/Cargo.toml
[37.083s] -- Installing: /Users/runner/work/pixi_rosdistro/pixi_rosdistro/install/share/tf2_msgs/rust/build.rs
[37.089s] -- Installing: /Users/runner/work/pixi_rosdistro/pixi_rosdistro/install/share/tf2_msgs/rust/src
[37.089s] -- Installing: /Users/runner/work/pixi_rosdistro/pixi_rosdistro/install/share/tf2_msgs/rust/src/action.rs
[37.089s] -- Installing: /Users/runner/work/pixi_rosdistro/pixi_rosdistro/install/share/tf2_msgs/rust/src/msg
[37.089s] -- Installing: /Users/runner/work/pixi_rosdistro/pixi_rosdistro/install/share/tf2_msgs/rust/src/msg/rmw.rs
[37.089s] -- Installing: /Users/runner/work/pixi_rosdistro/pixi_rosdistro/install/share/tf2_msgs/rust/src/lib.rs
[37.089s] -- Installing: /Users/runner/work/pixi_rosdistro/pixi_rosdistro/install/share/tf2_msgs/rust/src/srv.rs
[37.089s] -- Installing: /Users/runner/work/pixi_rosdistro/pixi_rosdistro/install/share/tf2_msgs/rust/src/action
[37.089s] -- Installing: /Users/runner/work/pixi_rosdistro/pixi_rosdistro/install/share/tf2_msgs/rust/src/action/rmw.rs
[37.089s] -- Installing: /Users/runner/work/pixi_rosdistro/pixi_rosdistro/install/share/tf2_msgs/rust/src/msg.rs
[37.089s] -- Installing: /Users/runner/work/pixi_rosdistro/pixi_rosdistro/install/share/tf2_msgs/rust/src/srv
[37.089s] -- Installing: /Users/runner/work/pixi_rosdistro/pixi_rosdistro/install/share/tf2_msgs/rust/src/srv/rmw.rs
[37.089s] -- Installing: /Users/runner/work/pixi_rosdistro/pixi_rosdistro/install/share/tf2_msgs/msg/TF2Error.idl
[37.089s] -- Installing: /Users/runner/work/pixi_rosdistro/pixi_rosdistro/install/share/tf2_msgs/msg/TFMessage.idl
[37.089s] -- Installing: /Users/runner/work/pixi_rosdistro/pixi_rosdistro/install/share/tf2_msgs/srv/FrameGraph.idl
[37.089s] -- Installing: /Users/runner/work/pixi_rosdistro/pixi_rosdistro/install/share/tf2_msgs/action/LookupTransform.idl
[37.090s] -- Installing: /Users/runner/work/pixi_rosdistro/pixi_rosdistro/install/share/tf2_msgs/msg/TF2Error.msg
[37.091s] -- Installing: /Users/runner/work/pixi_rosdistro/pixi_rosdistro/install/share/tf2_msgs/msg/TFMessage.msg
[37.094s] -- Installing: /Users/runner/work/pixi_rosdistro/pixi_rosdistro/install/share/tf2_msgs/srv/FrameGraph.srv
[37.094s] -- Installing: /Users/runner/work/pixi_rosdistro/pixi_rosdistro/install/share/tf2_msgs/action/LookupTransform.action
[37.095s] -- Installing: /Users/runner/work/pixi_rosdistro/pixi_rosdistro/install/share/tf2_msgs/tfmessage_bridge_mapping_rule.yaml
[37.096s] -- Installing: /Users/runner/work/pixi_rosdistro/pixi_rosdistro/install/share/ament_index/resource_index/package_run_dependencies/tf2_msgs
[37.099s] -- Installing: /Users/runner/work/pixi_rosdistro/pixi_rosdistro/install/share/ament_index/resource_index/parent_prefix_path/tf2_msgs
[37.099s] -- Installing: /Users/runner/work/pixi_rosdistro/pixi_rosdistro/install/share/tf2_msgs/environment/ament_prefix_path.sh
[37.099s] -- Installing: /Users/runner/work/pixi_rosdistro/pixi_rosdistro/install/share/tf2_msgs/environment/ament_prefix_path.dsv
[37.099s] -- Installing: /Users/runner/work/pixi_rosdistro/pixi_rosdistro/install/share/tf2_msgs/environment/path.sh
[37.099s] -- Installing: /Users/runner/work/pixi_rosdistro/pixi_rosdistro/install/share/tf2_msgs/environment/path.dsv
[37.099s] -- Installing: /Users/runner/work/pixi_rosdistro/pixi_rosdistro/install/share/tf2_msgs/local_setup.bash
[37.099s] -- Installing: /Users/runner/work/pixi_rosdistro/pixi_rosdistro/install/share/tf2_msgs/local_setup.fish
[37.099s] -- Installing: /Users/runner/work/pixi_rosdistro/pixi_rosdistro/install/share/tf2_msgs/local_setup.sh
[37.100s] -- Installing: /Users/runner/work/pixi_rosdistro/pixi_rosdistro/install/share/tf2_msgs/local_setup.zsh
[37.100s] -- Installing: /Users/runner/work/pixi_rosdistro/pixi_rosdistro/install/share/tf2_msgs/local_setup.dsv
[37.100s] -- Installing: /Users/runner/work/pixi_rosdistro/pixi_rosdistro/install/share/tf2_msgs/package.dsv
[37.100s] -- Installing: /Users/runner/work/pixi_rosdistro/pixi_rosdistro/install/share/ament_index/resource_index/packages/tf2_msgs
[37.100s] -- Installing: /Users/runner/work/pixi_rosdistro/pixi_rosdistro/install/share/tf2_msgs/cmake/export_tf2_msgs__rosidl_generator_cExport.cmake
[37.102s] -- Installing: /Users/runner/work/pixi_rosdistro/pixi_rosdistro/install/share/tf2_msgs/cmake/export_tf2_msgs__rosidl_generator_cExport-release.cmake
[37.104s] -- Installing: /Users/runner/work/pixi_rosdistro/pixi_rosdistro/install/share/tf2_msgs/cmake/export_tf2_msgs__rosidl_typesupport_fastrtps_cExport.cmake
[37.105s] -- Installing: /Users/runner/work/pixi_rosdistro/pixi_rosdistro/install/share/tf2_msgs/cmake/export_tf2_msgs__rosidl_typesupport_fastrtps_cExport-release.cmake
[37.105s] -- Installing: /Users/runner/work/pixi_rosdistro/pixi_rosdistro/install/share/tf2_msgs/cmake/tf2_msgs__rosidl_typesupport_introspection_cExport.cmake
[37.112s] -- Installing: /Users/runner/work/pixi_rosdistro/pixi_rosdistro/install/share/tf2_msgs/cmake/tf2_msgs__rosidl_typesupport_introspection_cExport-release.cmake
[37.115s] -- Installing: /Users/runner/work/pixi_rosdistro/pixi_rosdistro/install/share/tf2_msgs/cmake/tf2_msgs__rosidl_typesupport_cExport.cmake
[37.125s] -- Installing: /Users/runner/work/pixi_rosdistro/pixi_rosdistro/install/share/tf2_msgs/cmake/tf2_msgs__rosidl_typesupport_cExport-release.cmake
[37.128s] -- Installing: /Users/runner/work/pixi_rosdistro/pixi_rosdistro/install/share/tf2_msgs/cmake/export_tf2_msgs__rosidl_generator_cppExport.cmake
[37.140s] -- Installing: /Users/runner/work/pixi_rosdistro/pixi_rosdistro/install/share/tf2_msgs/cmake/export_tf2_msgs__rosidl_typesupport_fastrtps_cppExport.cmake
[37.140s] -- Installing: /Users/runner/work/pixi_rosdistro/pixi_rosdistro/install/share/tf2_msgs/cmake/export_tf2_msgs__rosidl_typesupport_fastrtps_cppExport-release.cmake
[37.140s] -- Installing: /Users/runner/work/pixi_rosdistro/pixi_rosdistro/install/share/tf2_msgs/cmake/tf2_msgs__rosidl_typesupport_introspection_cppExport.cmake
[37.142s] -- Installing: /Users/runner/work/pixi_rosdistro/pixi_rosdistro/install/share/tf2_msgs/cmake/tf2_msgs__rosidl_typesupport_introspection_cppExport-release.cmake
[37.144s] -- Installing: /Users/runner/work/pixi_rosdistro/pixi_rosdistro/install/share/tf2_msgs/cmake/tf2_msgs__rosidl_typesupport_cppExport.cmake
[37.150s] -- Installing: /Users/runner/work/pixi_rosdistro/pixi_rosdistro/install/share/tf2_msgs/cmake/tf2_msgs__rosidl_typesupport_cppExport-release.cmake
[37.151s] -- Installing: /Users/runner/work/pixi_rosdistro/pixi_rosdistro/install/share/tf2_msgs/cmake/export_tf2_msgs__rosidl_generator_pyExport.cmake
[37.153s] -- Installing: /Users/runner/work/pixi_rosdistro/pixi_rosdistro/install/share/tf2_msgs/cmake/export_tf2_msgs__rosidl_generator_pyExport-release.cmake
[37.155s] -- Installing: /Users/runner/work/pixi_rosdistro/pixi_rosdistro/install/lib/python3.12/site-packages/tf2_msgs-0.45.6-py3.12.egg-info
[37.155s] -- Installing: /Users/runner/work/pixi_rosdistro/pixi_rosdistro/install/lib/python3.12/site-packages/tf2_msgs-0.45.6-py3.12.egg-info/PKG-INFO
[37.155s] -- Installing: /Users/runner/work/pixi_rosdistro/pixi_rosdistro/install/lib/python3.12/site-packages/tf2_msgs-0.45.6-py3.12.egg-info/SOURCES.txt
[37.156s] -- Installing: /Users/runner/work/pixi_rosdistro/pixi_rosdistro/install/lib/python3.12/site-packages/tf2_msgs-0.45.6-py3.12.egg-info/top_level.txt
[37.156s] -- Installing: /Users/runner/work/pixi_rosdistro/pixi_rosdistro/install/lib/python3.12/site-packages/tf2_msgs-0.45.6-py3.12.egg-info/dependency_links.txt
[37.156s] -- Up-to-date: /Users/runner/work/pixi_rosdistro/pixi_rosdistro/install/lib/python3.12/site-packages/tf2_msgs
[37.157s] -- Installing: /Users/runner/work/pixi_rosdistro/pixi_rosdistro/install/lib/python3.12/site-packages/tf2_msgs/_tf2_msgs_s.ep.rosidl_typesupport_introspection_c.c
[37.158s] -- Installing: /Users/runner/work/pixi_rosdistro/pixi_rosdistro/install/lib/python3.12/site-packages/tf2_msgs/msg
[37.158s] -- Installing: /Users/runner/work/pixi_rosdistro/pixi_rosdistro/install/lib/python3.12/site-packages/tf2_msgs/msg/_tf_message.py
[37.160s] -- Installing: /Users/runner/work/pixi_rosdistro/pixi_rosdistro/install/lib/python3.12/site-packages/tf2_msgs/msg/_tf2_error_s.c
[37.161s] -- Installing: /Users/runner/work/pixi_rosdistro/pixi_rosdistro/install/lib/python3.12/site-packages/tf2_msgs/msg/__init__.py
[37.161s] -- Installing: /Users/runner/work/pixi_rosdistro/pixi_rosdistro/install/lib/python3.12/site-packages/tf2_msgs/msg/_tf2_error.py
[37.162s] -- Installing: /Users/runner/work/pixi_rosdistro/pixi_rosdistro/install/lib/python3.12/site-packages/tf2_msgs/msg/_tf_message_s.c
[37.163s] -- Up-to-date: /Users/runner/work/pixi_rosdistro/pixi_rosdistro/install/lib/python3.12/site-packages/tf2_msgs/tf2_msgs_s__rosidl_typesupport_fastrtps_c.so
[37.163s] -- Installing: /Users/runner/work/pixi_rosdistro/pixi_rosdistro/install/lib/python3.12/site-packages/tf2_msgs/__init__.py
[37.164s] -- Installing: /Users/runner/work/pixi_rosdistro/pixi_rosdistro/install/lib/python3.12/site-packages/tf2_msgs/_tf2_msgs_s.ep.rosidl_typesupport_fastrtps_c.c
[37.164s] -- Installing: /Users/runner/work/pixi_rosdistro/pixi_rosdistro/install/lib/python3.12/site-packages/tf2_msgs/_tf2_msgs_s.ep.rosidl_typesupport_c.c
[37.165s] -- Up-to-date: /Users/runner/work/pixi_rosdistro/pixi_rosdistro/install/lib/python3.12/site-packages/tf2_msgs/tf2_msgs_s__rosidl_typesupport_c.so
[37.165s] -- Installing: /Users/runner/work/pixi_rosdistro/pixi_rosdistro/install/lib/python3.12/site-packages/tf2_msgs/action
[37.166s] -- Installing: /Users/runner/work/pixi_rosdistro/pixi_rosdistro/install/lib/python3.12/site-packages/tf2_msgs/action/__init__.py
[37.166s] -- Installing: /Users/runner/work/pixi_rosdistro/pixi_rosdistro/install/lib/python3.12/site-packages/tf2_msgs/action/_lookup_transform_s.c
[37.168s] -- Installing: /Users/runner/work/pixi_rosdistro/pixi_rosdistro/install/lib/python3.12/site-packages/tf2_msgs/action/_lookup_transform.py
[37.168s] -- Installing: /Users/runner/work/pixi_rosdistro/pixi_rosdistro/install/lib/python3.12/site-packages/tf2_msgs/py.typed
[37.168s] -- Up-to-date: /Users/runner/work/pixi_rosdistro/pixi_rosdistro/install/lib/python3.12/site-packages/tf2_msgs/tf2_msgs_s__rosidl_typesupport_introspection_c.so
[37.168s] -- Installing: /Users/runner/work/pixi_rosdistro/pixi_rosdistro/install/lib/python3.12/site-packages/tf2_msgs/srv
[37.168s] -- Installing: /Users/runner/work/pixi_rosdistro/pixi_rosdistro/install/lib/python3.12/site-packages/tf2_msgs/srv/_frame_graph.py
[37.168s] -- Installing: /Users/runner/work/pixi_rosdistro/pixi_rosdistro/install/lib/python3.12/site-packages/tf2_msgs/srv/__init__.py
[37.169s] -- Installing: /Users/runner/work/pixi_rosdistro/pixi_rosdistro/install/lib/python3.12/site-packages/tf2_msgs/srv/_frame_graph_s.c
[37.259s] Listing '/Users/runner/work/pixi_rosdistro/pixi_rosdistro/install/lib/python3.12/site-packages/tf2_msgs'...
[37.259s] Compiling '/Users/runner/work/pixi_rosdistro/pixi_rosdistro/install/lib/python3.12/site-packages/tf2_msgs/__init__.py'...
[37.259s] Listing '/Users/runner/work/pixi_rosdistro/pixi_rosdistro/install/lib/python3.12/site-packages/tf2_msgs/action'...
[37.259s] Compiling '/Users/runner/work/pixi_rosdistro/pixi_rosdistro/install/lib/python3.12/site-packages/tf2_msgs/action/__init__.py'...
[37.259s] Compiling '/Users/runner/work/pixi_rosdistro/pixi_rosdistro/install/lib/python3.12/site-packages/tf2_msgs/action/_lookup_transform.py'...
[37.259s] Listing '/Users/runner/work/pixi_rosdistro/pixi_rosdistro/install/lib/python3.12/site-packages/tf2_msgs/msg'...
[37.260s] Compiling '/Users/runner/work/pixi_rosdistro/pixi_rosdistro/install/lib/python3.12/site-packages/tf2_msgs/msg/__init__.py'...
[37.260s] Compiling '/Users/runner/work/pixi_rosdistro/pixi_rosdistro/install/lib/python3.12/site-packages/tf2_msgs/msg/_tf2_error.py'...
[37.260s] Compiling '/Users/runner/work/pixi_rosdistro/pixi_rosdistro/install/lib/python3.12/site-packages/tf2_msgs/msg/_tf_message.py'...
[37.260s] Listing '/Users/runner/work/pixi_rosdistro/pixi_rosdistro/install/lib/python3.12/site-packages/tf2_msgs/srv'...
[37.261s] Compiling '/Users/runner/work/pixi_rosdistro/pixi_rosdistro/install/lib/python3.12/site-packages/tf2_msgs/srv/__init__.py'...
[37.261s] Compiling '/Users/runner/work/pixi_rosdistro/pixi_rosdistro/install/lib/python3.12/site-packages/tf2_msgs/srv/_frame_graph.py'...
[37.261s] -- Installing: /Users/runner/work/pixi_rosdistro/pixi_rosdistro/install/share/tf2_msgs/cmake/rosidl_cmake-extras.cmake
[37.262s] -- Installing: /Users/runner/work/pixi_rosdistro/pixi_rosdistro/install/share/tf2_msgs/cmake/ament_cmake_export_dependencies-extras.cmake
[37.264s] -- Installing: /Users/runner/work/pixi_rosdistro/pixi_rosdistro/install/share/tf2_msgs/cmake/ament_cmake_export_include_directories-extras.cmake
[37.265s] -- Installing: /Users/runner/work/pixi_rosdistro/pixi_rosdistro/install/share/tf2_msgs/cmake/ament_cmake_export_libraries-extras.cmake
[37.267s] -- Installing: /Users/runner/work/pixi_rosdistro/pixi_rosdistro/install/share/tf2_msgs/cmake/ament_cmake_export_targets-extras.cmake
[37.267s] -- Installing: /Users/runner/work/pixi_rosdistro/pixi_rosdistro/install/share/tf2_msgs/cmake/rosidl_cmake_export_typesupport_targets-extras.cmake
[37.268s] -- Installing: /Users/runner/work/pixi_rosdistro/pixi_rosdistro/install/share/tf2_msgs/cmake/rosidl_cmake_export_typesupport_libraries-extras.cmake
[37.270s] -- Installing: /Users/runner/work/pixi_rosdistro/pixi_rosdistro/install/share/tf2_msgs/cmake/rosidl_cmake_aggregate_target-extras.cmake
[37.270s] -- Installing: /Users/runner/work/pixi_rosdistro/pixi_rosdistro/install/share/tf2_msgs/cmake/tf2_msgsConfig.cmake
[37.270s] -- Installing: /Users/runner/work/pixi_rosdistro/pixi_rosdistro/install/share/tf2_msgs/cmake/tf2_msgsConfig-version.cmake
[37.271s] -- Installing: /Users/runner/work/pixi_rosdistro/pixi_rosdistro/install/share/tf2_msgs/package.xml
[37.272s] Invoked command in '/Users/runner/work/pixi_rosdistro/pixi_rosdistro/build/tf2_msgs' returned '0': AMENT_PREFIX_PATH=/Users/runner/work/pixi_rosdistro/pixi_rosdistro/install CMAKE_PREFIX_PATH=/Users/runner/work/pixi_rosdistro/pixi_rosdistro/install DYLD_LIBRARY_PATH=/Users/runner/work/pixi_rosdistro/pixi_rosdistro/install/lib:/Users/runner/work/pixi_rosdistro/pixi_rosdistro/install/opt/mimick_vendor/lib PATH=/Users/runner/work/pixi_rosdistro/pixi_rosdistro/install/bin:${PATH} PIXI_PROMPT=(ros2_rolling) PKG_CONFIG_PATH=/Users/runner/work/pixi_rosdistro/pixi_rosdistro/install/lib/pkgconfig PYTHONPATH=/Users/runner/work/pixi_rosdistro/pixi_rosdistro/install/lib/python3.12/site-packages ROS_DOMAIN_ID=82 ROS_PYTHON_VERSION=3 SHLVL=3 _=/usr/bin/env /Users/runner/work/pixi_rosdistro/pixi_rosdistro/.pixi/envs/default/bin/cmake --install /Users/runner/work/pixi_rosdistro/pixi_rosdistro/build/tf2_msgs
