[45.078s] Invoking command in 'D:\a\pixi_rosdistro\pixi_rosdistro\build\rosidl_typesupport_fastrtps_cpp': AMENT_PREFIX_PATH=D:\a\pixi_rosdistro\pixi_rosdistro\install CMAKE_PREFIX_PATH=D:\a\pixi_rosdistro\pixi_rosdistro\install;D:\a\pixi_rosdistro\pixi_rosdistro\.pixi\envs\default\Library PATH=D:\a\pixi_rosdistro\pixi_rosdistro\install\Scripts;D:\a\pixi_rosdistro\pixi_rosdistro\install\bin;D:\a\pixi_rosdistro\pixi_rosdistro\install\opt\mimick_vendor\lib;%PATH% PIXI_PROMPT=(ros2_rolling) PKG_CONFIG_PATH=D:\a\pixi_rosdistro\pixi_rosdistro\install\lib\pkgconfig PROMPT=$P$G PYTHONPATH=D:\a\pixi_rosdistro\pixi_rosdistro\install\Lib\site-packages ROS_DOMAIN_ID=61 D:\a\pixi_rosdistro\pixi_rosdistro\.pixi\envs\default\Library\bin\cmake.EXE D:\a\pixi_rosdistro\pixi_rosdistro\src\ros2\rosidl_typesupport_fastrtps\rosidl_typesupport_fastrtps_cpp -GNinja --no-warn-unused-cli -DCMAKE_BUILD_TYPE=Release -DCMAKE_BUILD_WITH_INSTALL_RPATH:bool=TRUE -DCMAKE_POLICY_VERSION_MINIMUM=3.5 -Wno-deprecated -DSTACK_DETAILS_AUTO_DETECT:bool=FALSE -DSTACK_DETAILS_BFD:bool=FALSE -DCMAKE_MSVC_DEBUG_INFORMATION_FORMAT=Embedded -DCMAKE_CXX_FLAGS=/MP /FS /EHsc -DCMAKE_C_FLAGS=/MP /FS -DCMAKE_INSTALL_PREFIX=D:\a\pixi_rosdistro\pixi_rosdistro\install
[45.391s] Not searching for unused variables given on the command line.
[45.391s] -- The C compiler identification is MSVC 19.44.35225.0
[45.672s] -- The CXX compiler identification is MSVC 19.44.35225.0
[45.703s] -- Detecting C compiler ABI info
[46.406s] -- Detecting C compiler ABI info - done
[46.437s] -- Check for working C compiler: C:/Program Files/Microsoft Visual Studio/2022/Enterprise/VC/Tools/MSVC/14.44.35207/bin/Hostx64/x64/cl.exe - skipped
[46.437s] -- Detecting C compile features
[46.437s] -- Detecting C compile features - done
[46.453s] -- Detecting CXX compiler ABI info
[47.531s] -- Detecting CXX compiler ABI info - done
[47.562s] -- Check for working CXX compiler: C:/Program Files/Microsoft Visual Studio/2022/Enterprise/VC/Tools/MSVC/14.44.35207/bin/Hostx64/x64/cl.exe - skipped
[47.562s] -- Detecting CXX compile features
[47.562s] -- Detecting CXX compile features - done
[47.578s] -- Found ament_cmake: 2.8.6 (D:/a/pixi_rosdistro/pixi_rosdistro/install/share/ament_cmake/cmake)
[48.375s] -- Found ament_cmake_ros_core: 0.15.6 (D:/a/pixi_rosdistro/pixi_rosdistro/install/share/ament_cmake_ros_core/cmake)
[48.391s] -- Found rmw: 7.9.1 (D:/a/pixi_rosdistro/pixi_rosdistro/install/share/rmw/cmake)
[48.750s] -- Found ament_cmake_gtest: 2.8.6 (D:/a/pixi_rosdistro/pixi_rosdistro/install/share/ament_cmake_gtest/cmake)
[48.750s] -- Found ament_lint_auto: 0.20.3 (D:/a/pixi_rosdistro/pixi_rosdistro/install/share/ament_lint_auto/cmake)
[48.781s] -- Found performance_test_fixture: 0.4.1 (D:/a/pixi_rosdistro/pixi_rosdistro/install/share/performance_test_fixture/cmake)
[50.453s] -- Added test 'copyright' to check source files copyright and LICENSE
[50.469s] -- Added test 'cppcheck' to perform static code analysis on C / C++ code
[50.469s] -- Configured cppcheck language: c++
[50.469s] -- Configured cppcheck include dirs: D:/a/pixi_rosdistro/pixi_rosdistro/install/include;$<BUILD_INTERFACE:D:/a/pixi_rosdistro/pixi_rosdistro/src/ros2/rosidl_typesupport_fastrtps/rosidl_typesupport_fastrtps_cpp/include>
[50.469s] -- Configured cppcheck exclude dirs and/or files: 
[50.484s] -- Added test 'cpplint' to check C / C++ code against the Google style
[50.484s] -- Configured cpplint exclude dirs and/or files: 
[50.484s] -- Added test 'flake8' to check Python code syntax and style conventions
[50.484s] -- Configured 'flake8' exclude dirs and/or files: 
[50.500s] -- Added test 'lint_cmake' to check CMake code style
[50.500s] -- Added test 'pep257' to check Python code against some of the docstring style conventions in PEP 257
[50.516s] -- Added test 'uncrustify' to check C / C++ code style
[50.516s] -- Configured uncrustify additional arguments: 
[50.516s] -- Added test 'xmllint' to check XML markup files
[50.531s] -- Configuring done (5.4s)
[50.594s] -- Generating done (0.1s)
[50.609s] -- Build files have been written to: D:/a/pixi_rosdistro/pixi_rosdistro/build/rosidl_typesupport_fastrtps_cpp
[50.641s] Invoked command in 'D:\a\pixi_rosdistro\pixi_rosdistro\build\rosidl_typesupport_fastrtps_cpp' returned '0': AMENT_PREFIX_PATH=D:\a\pixi_rosdistro\pixi_rosdistro\install CMAKE_PREFIX_PATH=D:\a\pixi_rosdistro\pixi_rosdistro\install;D:\a\pixi_rosdistro\pixi_rosdistro\.pixi\envs\default\Library PATH=D:\a\pixi_rosdistro\pixi_rosdistro\install\Scripts;D:\a\pixi_rosdistro\pixi_rosdistro\install\bin;D:\a\pixi_rosdistro\pixi_rosdistro\install\opt\mimick_vendor\lib;%PATH% PIXI_PROMPT=(ros2_rolling) PKG_CONFIG_PATH=D:\a\pixi_rosdistro\pixi_rosdistro\install\lib\pkgconfig PROMPT=$P$G PYTHONPATH=D:\a\pixi_rosdistro\pixi_rosdistro\install\Lib\site-packages ROS_DOMAIN_ID=%ROS_DOMAIN_ID%1 D:\a\pixi_rosdistro\pixi_rosdistro\.pixi\envs\default\Library\bin\cmake.EXE D:\a\pixi_rosdistro\pixi_rosdistro\src\ros2\rosidl_typesupport_fastrtps\rosidl_typesupport_fastrtps_cpp -GNinja --no-warn-unused-cli -DCMAKE_BUILD_TYPE=Release -DCMAKE_BUILD_WITH_INSTALL_RPATH:bool=TRUE -DCMAKE_POLICY_VERSION_MINIMUM=3.5 -Wno-deprecated -DSTACK_DETAILS_AUTO_DETECT:bool=FALSE -DSTACK_DETAILS_BFD:bool=FALSE -DCMAKE_MSVC_DEBUG_INFORMATION_FORMAT=Embedded -DCMAKE_CXX_FLAGS=/MP /FS /EHsc -DCMAKE_C_FLAGS=/MP /FS -DCMAKE_INSTALL_PREFIX=D:\a\pixi_rosdistro\pixi_rosdistro\install
[50.641s] Invoking command in 'D:\a\pixi_rosdistro\pixi_rosdistro\build\rosidl_typesupport_fastrtps_cpp': AMENT_PREFIX_PATH=D:\a\pixi_rosdistro\pixi_rosdistro\install CMAKE_PREFIX_PATH=D:\a\pixi_rosdistro\pixi_rosdistro\install;D:\a\pixi_rosdistro\pixi_rosdistro\.pixi\envs\default\Library PATH=D:\a\pixi_rosdistro\pixi_rosdistro\install\Scripts;D:\a\pixi_rosdistro\pixi_rosdistro\install\bin;D:\a\pixi_rosdistro\pixi_rosdistro\install\opt\mimick_vendor\lib;%PATH% PIXI_PROMPT=(ros2_rolling) PKG_CONFIG_PATH=D:\a\pixi_rosdistro\pixi_rosdistro\install\lib\pkgconfig PROMPT=$P$G PYTHONPATH=D:\a\pixi_rosdistro\pixi_rosdistro\install\Lib\site-packages ROS_DOMAIN_ID=%ROS_DOMAIN_ID%1 D:\a\pixi_rosdistro\pixi_rosdistro\.pixi\envs\default\Library\bin\cmake.EXE --build D:\a\pixi_rosdistro\pixi_rosdistro\build\rosidl_typesupport_fastrtps_cpp -- -j4 -l4
[50.797s] [1/4] C:\Windows\system32\cmd.exe /C "cd /D D:\a\pixi_rosdistro\pixi_rosdistro\build\rosidl_typesupport_fastrtps_cpp && D:\a\pixi_rosdistro\pixi_rosdistro\.pixi\envs\default\Library\bin\cmake.exe -E copy_directory D:/a/pixi_rosdistro/pixi_rosdistro/src/ros2/rosidl_typesupport_fastrtps/rosidl_typesupport_fastrtps_cpp/rosidl_typesupport_fastrtps_cpp D:/a/pixi_rosdistro/pixi_rosdistro/build/rosidl_typesupport_fastrtps_cpp/ament_cmake_python/rosidl_typesupport_fastrtps_cpp/rosidl_typesupport_fastrtps_cpp && D:\a\pixi_rosdistro\pixi_rosdistro\.pixi\envs\default\Library\bin\cmake.exe -E copy_if_different D:/a/pixi_rosdistro/pixi_rosdistro/src/ros2/rosidl_typesupport_fastrtps/rosidl_typesupport_fastrtps_cpp/setup.cfg D:/a/pixi_rosdistro/pixi_rosdistro/build/rosidl_typesupport_fastrtps_cpp/ament_cmake_python/rosidl_typesupport_fastrtps_cpp/setup.cfg"
[50.969s] [2/4] Building CXX object CMakeFiles\rosidl_typesupport_fastrtps_cpp.dir\src\identifier.cpp.obj
[51.125s] [3/4] Linking CXX shared library rosidl_typesupport_fastrtps_cpp.dll
[51.812s] [4/4] C:\Windows\system32\cmd.exe /C "cd /D D:\a\pixi_rosdistro\pixi_rosdistro\build\rosidl_typesupport_fastrtps_cpp\ament_cmake_python\rosidl_typesupport_fastrtps_cpp && D:\a\pixi_rosdistro\pixi_rosdistro\.pixi\envs\default\python.exe setup.py egg_info"
[51.812s] running egg_info
[51.812s] creating rosidl_typesupport_fastrtps_cpp.egg-info
[51.812s] writing rosidl_typesupport_fastrtps_cpp.egg-info\PKG-INFO
[51.812s] writing dependency_links to rosidl_typesupport_fastrtps_cpp.egg-info\dependency_links.txt
[51.812s] writing entry points to rosidl_typesupport_fastrtps_cpp.egg-info\entry_points.txt
[51.812s] writing top-level names to rosidl_typesupport_fastrtps_cpp.egg-info\top_level.txt
[51.812s] writing manifest file 'rosidl_typesupport_fastrtps_cpp.egg-info\SOURCES.txt'
[51.812s] reading manifest file 'rosidl_typesupport_fastrtps_cpp.egg-info\SOURCES.txt'
[51.812s] writing manifest file 'rosidl_typesupport_fastrtps_cpp.egg-info\SOURCES.txt'
[51.828s] Invoked command in 'D:\a\pixi_rosdistro\pixi_rosdistro\build\rosidl_typesupport_fastrtps_cpp' returned '0': AMENT_PREFIX_PATH=D:\a\pixi_rosdistro\pixi_rosdistro\install CMAKE_PREFIX_PATH=D:\a\pixi_rosdistro\pixi_rosdistro\install;D:\a\pixi_rosdistro\pixi_rosdistro\.pixi\envs\default\Library PATH=D:\a\pixi_rosdistro\pixi_rosdistro\install\Scripts;D:\a\pixi_rosdistro\pixi_rosdistro\install\bin;D:\a\pixi_rosdistro\pixi_rosdistro\install\opt\mimick_vendor\lib;%PATH% PIXI_PROMPT=(ros2_rolling) PKG_CONFIG_PATH=D:\a\pixi_rosdistro\pixi_rosdistro\install\lib\pkgconfig PROMPT=$P$G PYTHONPATH=D:\a\pixi_rosdistro\pixi_rosdistro\install\Lib\site-packages ROS_DOMAIN_ID=%ROS_DOMAIN_ID%1 D:\a\pixi_rosdistro\pixi_rosdistro\.pixi\envs\default\Library\bin\cmake.EXE --build D:\a\pixi_rosdistro\pixi_rosdistro\build\rosidl_typesupport_fastrtps_cpp -- -j4 -l4
[51.828s] Invoking command in 'D:\a\pixi_rosdistro\pixi_rosdistro\build\rosidl_typesupport_fastrtps_cpp': AMENT_PREFIX_PATH=D:\a\pixi_rosdistro\pixi_rosdistro\install CMAKE_PREFIX_PATH=D:\a\pixi_rosdistro\pixi_rosdistro\install;D:\a\pixi_rosdistro\pixi_rosdistro\.pixi\envs\default\Library PATH=D:\a\pixi_rosdistro\pixi_rosdistro\install\Scripts;D:\a\pixi_rosdistro\pixi_rosdistro\install\bin;D:\a\pixi_rosdistro\pixi_rosdistro\install\opt\mimick_vendor\lib;%PATH% PIXI_PROMPT=(ros2_rolling) PKG_CONFIG_PATH=D:\a\pixi_rosdistro\pixi_rosdistro\install\lib\pkgconfig PROMPT=$P$G PYTHONPATH=D:\a\pixi_rosdistro\pixi_rosdistro\install\Lib\site-packages ROS_DOMAIN_ID=%ROS_DOMAIN_ID%1 D:\a\pixi_rosdistro\pixi_rosdistro\.pixi\envs\default\Library\bin\cmake.EXE --install D:\a\pixi_rosdistro\pixi_rosdistro\build\rosidl_typesupport_fastrtps_cpp
[51.859s] -- Install configuration: "Release"
[51.859s] -- Installing: D:/a/pixi_rosdistro/pixi_rosdistro/install/share/rosidl_typesupport_fastrtps_cpp/environment/pythonpath.bat
[51.859s] -- Installing: D:/a/pixi_rosdistro/pixi_rosdistro/install/share/rosidl_typesupport_fastrtps_cpp/environment/pythonpath.dsv
[51.875s] -- Installing: D:/a/pixi_rosdistro/pixi_rosdistro/install/share/ament_index/resource_index/rosidl_typesupport_cpp/rosidl_typesupport_fastrtps_cpp
[51.875s] -- Installing: D:/a/pixi_rosdistro/pixi_rosdistro/install/share/ament_index/resource_index/package_run_dependencies/rosidl_typesupport_fastrtps_cpp
[51.875s] -- Installing: D:/a/pixi_rosdistro/pixi_rosdistro/install/share/ament_index/resource_index/parent_prefix_path/rosidl_typesupport_fastrtps_cpp
[51.875s] -- Installing: D:/a/pixi_rosdistro/pixi_rosdistro/install/share/rosidl_typesupport_fastrtps_cpp/environment/ament_prefix_path.bat
[51.875s] -- Installing: D:/a/pixi_rosdistro/pixi_rosdistro/install/share/rosidl_typesupport_fastrtps_cpp/environment/ament_prefix_path.dsv
[51.875s] -- Installing: D:/a/pixi_rosdistro/pixi_rosdistro/install/share/rosidl_typesupport_fastrtps_cpp/environment/path.bat
[51.875s] -- Installing: D:/a/pixi_rosdistro/pixi_rosdistro/install/share/rosidl_typesupport_fastrtps_cpp/environment/path.dsv
[51.875s] -- Installing: D:/a/pixi_rosdistro/pixi_rosdistro/install/share/rosidl_typesupport_fastrtps_cpp/local_setup.bat
[51.875s] -- Installing: D:/a/pixi_rosdistro/pixi_rosdistro/install/share/rosidl_typesupport_fastrtps_cpp/local_setup.dsv
[51.875s] -- Installing: D:/a/pixi_rosdistro/pixi_rosdistro/install/share/rosidl_typesupport_fastrtps_cpp/package.dsv
[51.875s] -- Installing: D:/a/pixi_rosdistro/pixi_rosdistro/install/share/ament_index/resource_index/packages/rosidl_typesupport_fastrtps_cpp
[51.875s] -- Installing: D:/a/pixi_rosdistro/pixi_rosdistro/install/Lib/site-packages/rosidl_typesupport_fastrtps_cpp-3.9.3-py3.12.egg-info
[51.875s] -- Installing: D:/a/pixi_rosdistro/pixi_rosdistro/install/Lib/site-packages/rosidl_typesupport_fastrtps_cpp-3.9.3-py3.12.egg-info/dependency_links.txt
[51.875s] -- Installing: D:/a/pixi_rosdistro/pixi_rosdistro/install/Lib/site-packages/rosidl_typesupport_fastrtps_cpp-3.9.3-py3.12.egg-info/entry_points.txt
[51.875s] -- Installing: D:/a/pixi_rosdistro/pixi_rosdistro/install/Lib/site-packages/rosidl_typesupport_fastrtps_cpp-3.9.3-py3.12.egg-info/PKG-INFO
[51.875s] -- Installing: D:/a/pixi_rosdistro/pixi_rosdistro/install/Lib/site-packages/rosidl_typesupport_fastrtps_cpp-3.9.3-py3.12.egg-info/SOURCES.txt
[51.875s] -- Installing: D:/a/pixi_rosdistro/pixi_rosdistro/install/Lib/site-packages/rosidl_typesupport_fastrtps_cpp-3.9.3-py3.12.egg-info/top_level.txt
[51.891s] -- Installing: D:/a/pixi_rosdistro/pixi_rosdistro/install/Lib/site-packages/rosidl_typesupport_fastrtps_cpp
[51.891s] -- Installing: D:/a/pixi_rosdistro/pixi_rosdistro/install/Lib/site-packages/rosidl_typesupport_fastrtps_cpp/cli.py
[51.891s] -- Installing: D:/a/pixi_rosdistro/pixi_rosdistro/install/Lib/site-packages/rosidl_typesupport_fastrtps_cpp/__init__.py
[51.984s] Listing 'D:/a/pixi_rosdistro/pixi_rosdistro/install/Lib/site-packages/rosidl_typesupport_fastrtps_cpp'...
[51.984s] Compiling 'D:/a/pixi_rosdistro/pixi_rosdistro/install/Lib/site-packages/rosidl_typesupport_fastrtps_cpp\\__init__.py'...
[51.984s] Compiling 'D:/a/pixi_rosdistro/pixi_rosdistro/install/Lib/site-packages/rosidl_typesupport_fastrtps_cpp\\cli.py'...
[52.000s] -- Installing: D:/a/pixi_rosdistro/pixi_rosdistro/install/share/rosidl_typesupport_fastrtps_cpp/cmake/rosidl_typesupport_fastrtps_cppExport.cmake
[52.062s] -- Installing: D:/a/pixi_rosdistro/pixi_rosdistro/install/share/rosidl_typesupport_fastrtps_cpp/cmake/rosidl_typesupport_fastrtps_cppExport-release.cmake
[52.062s] -- Installing: D:/a/pixi_rosdistro/pixi_rosdistro/install/share/rosidl_typesupport_fastrtps_cpp/cmake/rosidl_typesupport_fastrtps_cpp-extras.cmake
[52.062s] -- Installing: D:/a/pixi_rosdistro/pixi_rosdistro/install/share/rosidl_typesupport_fastrtps_cpp/cmake/ament_cmake_export_dependencies-extras.cmake
[52.062s] -- Installing: D:/a/pixi_rosdistro/pixi_rosdistro/install/share/rosidl_typesupport_fastrtps_cpp/cmake/ament_cmake_export_include_directories-extras.cmake
[52.062s] -- Installing: D:/a/pixi_rosdistro/pixi_rosdistro/install/share/rosidl_typesupport_fastrtps_cpp/cmake/ament_cmake_export_libraries-extras.cmake
[52.062s] -- Installing: D:/a/pixi_rosdistro/pixi_rosdistro/install/share/rosidl_typesupport_fastrtps_cpp/cmake/ament_cmake_export_targets-extras.cmake
[52.062s] -- Installing: D:/a/pixi_rosdistro/pixi_rosdistro/install/share/rosidl_typesupport_fastrtps_cpp/cmake/rosidl_typesupport_fastrtps_cppConfig.cmake
[52.062s] -- Installing: D:/a/pixi_rosdistro/pixi_rosdistro/install/share/rosidl_typesupport_fastrtps_cpp/cmake/rosidl_typesupport_fastrtps_cppConfig-version.cmake
[52.062s] -- Installing: D:/a/pixi_rosdistro/pixi_rosdistro/install/share/rosidl_typesupport_fastrtps_cpp/package.xml
[52.062s] -- Installing: D:/a/pixi_rosdistro/pixi_rosdistro/install/lib/rosidl_typesupport_fastrtps_cpp/rosidl_typesupport_fastrtps_cpp
[52.062s] -- Up-to-date: D:/a/pixi_rosdistro/pixi_rosdistro/install/share/rosidl_typesupport_fastrtps_cpp/cmake
[52.062s] -- Installing: D:/a/pixi_rosdistro/pixi_rosdistro/install/share/rosidl_typesupport_fastrtps_cpp/cmake/rosidl_typesupport_fastrtps_cpp_generate_interfaces.cmake
[52.062s] -- Installing: D:/a/pixi_rosdistro/pixi_rosdistro/install/share/rosidl_typesupport_fastrtps_cpp/resource
[52.062s] -- Installing: D:/a/pixi_rosdistro/pixi_rosdistro/install/share/rosidl_typesupport_fastrtps_cpp/resource/idl__rosidl_typesupport_fastrtps_cpp.hpp.em
[52.078s] -- Installing: D:/a/pixi_rosdistro/pixi_rosdistro/install/share/rosidl_typesupport_fastrtps_cpp/resource/idl__type_support.cpp.em
[52.078s] -- Installing: D:/a/pixi_rosdistro/pixi_rosdistro/install/share/rosidl_typesupport_fastrtps_cpp/resource/msg__rosidl_typesupport_fastrtps_cpp.hpp.em
[52.078s] -- Installing: D:/a/pixi_rosdistro/pixi_rosdistro/install/share/rosidl_typesupport_fastrtps_cpp/resource/msg__type_support.cpp.em
[52.078s] -- Installing: D:/a/pixi_rosdistro/pixi_rosdistro/install/share/rosidl_typesupport_fastrtps_cpp/resource/rosidl_typesupport_fastrtps_cpp__visibility_control.h.in
[52.078s] -- Installing: D:/a/pixi_rosdistro/pixi_rosdistro/install/share/rosidl_typesupport_fastrtps_cpp/resource/srv__rosidl_typesupport_fastrtps_cpp.hpp.em
[52.078s] -- Installing: D:/a/pixi_rosdistro/pixi_rosdistro/install/share/rosidl_typesupport_fastrtps_cpp/resource/srv__type_support.cpp.em
[52.078s] -- Installing: D:/a/pixi_rosdistro/pixi_rosdistro/install/include/rosidl_typesupport_fastrtps_cpp
[52.078s] -- Installing: D:/a/pixi_rosdistro/pixi_rosdistro/install/include/rosidl_typesupport_fastrtps_cpp/rosidl_typesupport_fastrtps_cpp
[52.078s] -- Installing: D:/a/pixi_rosdistro/pixi_rosdistro/install/include/rosidl_typesupport_fastrtps_cpp/rosidl_typesupport_fastrtps_cpp/identifier.hpp
[52.078s] -- Installing: D:/a/pixi_rosdistro/pixi_rosdistro/install/include/rosidl_typesupport_fastrtps_cpp/rosidl_typesupport_fastrtps_cpp/message_type_support.h
[52.078s] -- Installing: D:/a/pixi_rosdistro/pixi_rosdistro/install/include/rosidl_typesupport_fastrtps_cpp/rosidl_typesupport_fastrtps_cpp/message_type_support_decl.hpp
[52.078s] -- Installing: D:/a/pixi_rosdistro/pixi_rosdistro/install/include/rosidl_typesupport_fastrtps_cpp/rosidl_typesupport_fastrtps_cpp/serialization_helpers.hpp
[52.078s] -- Installing: D:/a/pixi_rosdistro/pixi_rosdistro/install/include/rosidl_typesupport_fastrtps_cpp/rosidl_typesupport_fastrtps_cpp/service_type_support.h
[52.078s] -- Installing: D:/a/pixi_rosdistro/pixi_rosdistro/install/include/rosidl_typesupport_fastrtps_cpp/rosidl_typesupport_fastrtps_cpp/service_type_support_decl.hpp
[52.078s] -- Installing: D:/a/pixi_rosdistro/pixi_rosdistro/install/include/rosidl_typesupport_fastrtps_cpp/rosidl_typesupport_fastrtps_cpp/visibility_control.h
[52.078s] -- Installing: D:/a/pixi_rosdistro/pixi_rosdistro/install/lib/rosidl_typesupport_fastrtps_cpp.lib
[52.078s] -- Installing: D:/a/pixi_rosdistro/pixi_rosdistro/install/bin/rosidl_typesupport_fastrtps_cpp.dll
[52.094s] Invoked command in 'D:\a\pixi_rosdistro\pixi_rosdistro\build\rosidl_typesupport_fastrtps_cpp' returned '0': AMENT_PREFIX_PATH=D:\a\pixi_rosdistro\pixi_rosdistro\install CMAKE_PREFIX_PATH=D:\a\pixi_rosdistro\pixi_rosdistro\install;D:\a\pixi_rosdistro\pixi_rosdistro\.pixi\envs\default\Library PATH=D:\a\pixi_rosdistro\pixi_rosdistro\install\Scripts;D:\a\pixi_rosdistro\pixi_rosdistro\install\bin;D:\a\pixi_rosdistro\pixi_rosdistro\install\opt\mimick_vendor\lib;%PATH% PIXI_PROMPT=(ros2_rolling) PKG_CONFIG_PATH=D:\a\pixi_rosdistro\pixi_rosdistro\install\lib\pkgconfig PROMPT=$P$G PYTHONPATH=D:\a\pixi_rosdistro\pixi_rosdistro\install\Lib\site-packages ROS_DOMAIN_ID=%ROS_DOMAIN_ID%1 D:\a\pixi_rosdistro\pixi_rosdistro\.pixi\envs\default\Library\bin\cmake.EXE --install D:\a\pixi_rosdistro\pixi_rosdistro\build\rosidl_typesupport_fastrtps_cpp
