[3.403s] Invoking command in '/Users/runner/work/pixi_rosdistro/pixi_rosdistro/build/rcl_logging_implementation': AMENT_PREFIX_PATH=/Users/runner/work/pixi_rosdistro/pixi_rosdistro/install CMAKE_PREFIX_PATH=/Users/runner/work/pixi_rosdistro/pixi_rosdistro/install DYLD_LIBRARY_PATH=/Users/runner/work/pixi_rosdistro/pixi_rosdistro/install/lib:/Users/runner/work/pixi_rosdistro/pixi_rosdistro/install/opt/mimick_vendor/lib:/Users/runner/work/pixi_rosdistro/pixi_rosdistro/install/opt/zenoh_cpp_vendor/lib PATH=/Users/runner/work/pixi_rosdistro/pixi_rosdistro/install/bin:${PATH} PIXI_PROMPT=(ros2_rolling) PKG_CONFIG_PATH=/Users/runner/work/pixi_rosdistro/pixi_rosdistro/install/lib/pkgconfig PYTHONPATH=/Users/runner/work/pixi_rosdistro/pixi_rosdistro/install/lib/python3.14/site-packages ROS_PYTHON_VERSION=3 SHLVL=3 _=/usr/bin/env /Users/runner/work/pixi_rosdistro/pixi_rosdistro/.pixi/envs/default/bin/cmake /Users/runner/work/pixi_rosdistro/pixi_rosdistro/src/ros2/rcl_logging/rcl_logging_implementation -GNinja --no-warn-unused-cli -DCMAKE_BUILD_TYPE=Release -DCMAKE_BUILD_WITH_INSTALL_RPATH:bool=TRUE -DCMAKE_POLICY_VERSION_MINIMUM=3.5 -Wno-deprecated -DSTACK_DETAILS_AUTO_DETECT:bool=FALSE -DSTACK_DETAILS_BFD:bool=FALSE -DCMAKE_INSTALL_PREFIX=/Users/runner/work/pixi_rosdistro/pixi_rosdistro/install
[3.935s] Not searching for unused variables given on the command line.
[3.936s] -- The C compiler identification is AppleClang 17.0.0.17000013
[4.187s] -- The CXX compiler identification is AppleClang 17.0.0.17000013
[4.242s] -- Detecting C compiler ABI info
[4.852s] -- Detecting C compiler ABI info - done
[4.923s] -- Check for working C compiler: /usr/bin/cc - skipped
[4.926s] -- Detecting C compile features
[4.927s] -- Detecting C compile features - done
[4.936s] -- Detecting CXX compiler ABI info
[5.763s] -- Detecting CXX compiler ABI info - done
[5.765s] -- Check for working CXX compiler: /usr/bin/c++ - skipped
[5.765s] -- Detecting CXX compile features
[5.767s] -- Detecting CXX compile features - done
[5.784s] -- Found ament_cmake_ros: 0.15.6 (/Users/runner/work/pixi_rosdistro/pixi_rosdistro/install/share/ament_cmake_ros/cmake)
[6.428s] -- Found rcl_logging_interface: 3.4.1 (/Users/runner/work/pixi_rosdistro/pixi_rosdistro/install/share/rcl_logging_interface/cmake)
[6.446s] -- Found rcpputils: 2.14.3 (/Users/runner/work/pixi_rosdistro/pixi_rosdistro/install/share/rcpputils/cmake)
[6.448s] -- Building rcl_logging_implementation for dynamic loading
[6.448s] -- Default logging implementation: rcl_logging_spdlog
[6.455s] -- Found ament_lint_auto: 0.20.3 (/Users/runner/work/pixi_rosdistro/pixi_rosdistro/install/share/ament_lint_auto/cmake)
[6.843s] -- Found rcl_logging_spdlog: 3.4.1 (/Users/runner/work/pixi_rosdistro/pixi_rosdistro/install/share/rcl_logging_spdlog/cmake)
[6.862s] -- Found gtest sources under '/Users/runner/work/pixi_rosdistro/pixi_rosdistro/install/src/gtest_vendor': C++ tests using 'Google Test' will be built
[6.864s] -- Performing Test CMAKE_HAVE_LIBC_PTHREAD
[7.541s] -- Performing Test CMAKE_HAVE_LIBC_PTHREAD - Success
[7.541s] -- Found Threads: TRUE
[7.568s] -- Added test 'copyright' to check source files copyright and LICENSE
[7.572s] -- Added test 'cppcheck' to perform static code analysis on C / C++ code
[7.573s] -- Configured cppcheck include dirs: 
[7.573s] -- Configured cppcheck exclude dirs and/or files: 
[7.575s] -- Added test 'cpplint' to check C / C++ code against the Google style
[7.575s] -- Configured cpplint exclude dirs and/or files: 
[7.577s] -- Added test 'lint_cmake' to check CMake code style
[7.580s] -- Added test 'uncrustify' to check C / C++ code style
[7.580s] -- Configured uncrustify additional arguments: 
[7.581s] -- Added test 'xmllint' to check XML markup files
[7.586s] -- Configuring done (4.1s)
[7.644s] -- Generating done (0.1s)
[7.675s] -- Build files have been written to: /Users/runner/work/pixi_rosdistro/pixi_rosdistro/build/rcl_logging_implementation
