[5.178s] Invoking command in '/home/runner/work/pixi_rosdistro/pixi_rosdistro/build/rmw_fastrtps_cpp': AMENT_PREFIX_PATH=/home/runner/work/pixi_rosdistro/pixi_rosdistro/install CMAKE_PREFIX_PATH=/home/runner/work/pixi_rosdistro/pixi_rosdistro/install:${CMAKE_PREFIX_PATH} LD_LIBRARY_PATH=/home/runner/work/pixi_rosdistro/pixi_rosdistro/install/lib PATH=/home/runner/work/pixi_rosdistro/pixi_rosdistro/install/bin:/opt/microsoft/powershell/7:${PATH} PIXI_PROMPT=(ros2_rolling) PKG_CONFIG_PATH=/home/runner/work/pixi_rosdistro/pixi_rosdistro/install/lib/pkgconfig PSModulePath=/home/runner/.local/share/powershell/Modules:${PSModulePath} PYTHONPATH=/home/runner/work/pixi_rosdistro/pixi_rosdistro/install/lib/python3.12/site-packages /home/runner/work/pixi_rosdistro/pixi_rosdistro/.pixi/envs/default/bin/cmake /home/runner/work/pixi_rosdistro/pixi_rosdistro/src/ros2/rmw_fastrtps/rmw_fastrtps_cpp -GNinja --no-warn-unused-cli -DCMAKE_BUILD_TYPE=Release -DCMAKE_BUILD_WITH_INSTALL_RPATH:bool=TRUE -DCMAKE_POLICY_VERSION_MINIMUM=3.5 -Wno-deprecated -DSTACK_DETAILS_AUTO_DETECT:bool=FALSE -DSTACK_DETAILS_BFD:bool=FALSE -DCMAKE_INSTALL_PREFIX=/home/runner/work/pixi_rosdistro/pixi_rosdistro/install
[5.307s] Not searching for unused variables given on the command line.
[5.307s] -- The C compiler identification is GNU 14.3.0
[5.425s] -- The CXX compiler identification is GNU 14.3.0
[5.437s] -- Detecting C compiler ABI info
[5.600s] -- Detecting C compiler ABI info - done
[5.649s] -- Check for working C compiler: /home/runner/work/pixi_rosdistro/pixi_rosdistro/.pixi/envs/default/bin/x86_64-conda-linux-gnu-cc - skipped
[5.649s] -- Detecting C compile features
[5.649s] -- Detecting C compile features - done
[5.673s] -- Detecting CXX compiler ABI info
[5.860s] -- Detecting CXX compiler ABI info - done
[5.890s] -- Check for working CXX compiler: /home/runner/work/pixi_rosdistro/pixi_rosdistro/.pixi/envs/default/bin/x86_64-conda-linux-gnu-c++ - skipped
[5.891s] -- Detecting CXX compile features
[5.892s] -- Detecting CXX compile features - done
[5.911s] -- Found ament_cmake_ros_core: 0.15.6 (/home/runner/work/pixi_rosdistro/pixi_rosdistro/install/share/ament_cmake_ros_core/cmake)
[6.210s] -- Found rcpputils: 2.14.3 (/home/runner/work/pixi_rosdistro/pixi_rosdistro/install/share/rcpputils/cmake)
[6.240s] -- Found rmw_dds_common: 6.0.0 (/home/runner/work/pixi_rosdistro/pixi_rosdistro/install/share/rmw_dds_common/cmake)
[6.269s] -- Found rosidl_generator_c: 5.1.3 (/home/runner/work/pixi_rosdistro/pixi_rosdistro/install/share/rosidl_generator_c/cmake)
[6.279s] -- Found rosidl_generator_cpp: 5.1.3 (/home/runner/work/pixi_rosdistro/pixi_rosdistro/install/share/rosidl_generator_cpp/cmake)
[6.286s] -- Using all available rosidl_typesupport_c: rosidl_typesupport_fastrtps_c;rosidl_typesupport_introspection_c
[6.301s] -- Using all available rosidl_typesupport_cpp: rosidl_typesupport_fastrtps_cpp;rosidl_typesupport_introspection_cpp
[6.323s] -- Found rmw_fastrtps_shared_cpp: 9.4.5 (/home/runner/work/pixi_rosdistro/pixi_rosdistro/install/share/rmw_fastrtps_shared_cpp/cmake)
[6.339s] -- Found tracetools: 8.10.1 (/home/runner/work/pixi_rosdistro/pixi_rosdistro/install/share/tracetools/cmake)
[6.343s] -- Found rosidl_dynamic_typesupport_fastrtps: 0.5.1 (/home/runner/work/pixi_rosdistro/pixi_rosdistro/install/share/rosidl_dynamic_typesupport_fastrtps/cmake)
[6.351s] -- Found ament_lint_auto: 0.20.3 (/home/runner/work/pixi_rosdistro/pixi_rosdistro/install/share/ament_lint_auto/cmake)
[6.720s] -- Found gtest sources under '/home/runner/work/pixi_rosdistro/pixi_rosdistro/install/src/gtest_vendor': C++ tests using 'Google Test' will be built
[6.724s] -- Performing Test CMAKE_HAVE_LIBC_PTHREAD
[6.919s] -- Performing Test CMAKE_HAVE_LIBC_PTHREAD - Failed
[6.919s] -- Check if compiler accepts -pthread
[7.109s] -- Check if compiler accepts -pthread - yes
[7.115s] -- Found Threads: TRUE
[7.129s] -- Added test 'copyright' to check source files copyright and LICENSE
[7.132s] -- Added test 'cppcheck' to perform static code analysis on C / C++ code
[7.132s] -- Configured cppcheck include dirs: $<BUILD_INTERFACE:/home/runner/work/pixi_rosdistro/pixi_rosdistro/src/ros2/rmw_fastrtps/rmw_fastrtps_cpp/include>
[7.133s] -- Configured cppcheck exclude dirs and/or files: 
[7.140s] -- Added test 'cpplint' to check C / C++ code against the Google style
[7.140s] -- Configured cpplint exclude dirs and/or files: 
[7.142s] -- Added test 'lint_cmake' to check CMake code style
[7.152s] -- Added test 'uncrustify' to check C / C++ code style
[7.152s] -- Configured uncrustify additional arguments: 
[7.153s] -- Added test 'xmllint' to check XML markup files
[7.159s] -- Configuring done (2.0s)
[7.241s] -- Generating done (0.1s)
[7.275s] -- Build files have been written to: /home/runner/work/pixi_rosdistro/pixi_rosdistro/build/rmw_fastrtps_cpp
[7.286s] Invoked command in '/home/runner/work/pixi_rosdistro/pixi_rosdistro/build/rmw_fastrtps_cpp' returned '0': AMENT_PREFIX_PATH=/home/runner/work/pixi_rosdistro/pixi_rosdistro/install CMAKE_PREFIX_PATH=/home/runner/work/pixi_rosdistro/pixi_rosdistro/install:${CMAKE_PREFIX_PATH} LD_LIBRARY_PATH=/home/runner/work/pixi_rosdistro/pixi_rosdistro/install/lib PATH=/home/runner/work/pixi_rosdistro/pixi_rosdistro/install/bin:/opt/microsoft/powershell/7:${PATH} PIXI_PROMPT=(ros2_rolling) PKG_CONFIG_PATH=/home/runner/work/pixi_rosdistro/pixi_rosdistro/install/lib/pkgconfig PSModulePath=/home/runner/.local/share/powershell/Modules:${PSModulePath} PYTHONPATH=/home/runner/work/pixi_rosdistro/pixi_rosdistro/install/lib/python3.12/site-packages /home/runner/work/pixi_rosdistro/pixi_rosdistro/.pixi/envs/default/bin/cmake /home/runner/work/pixi_rosdistro/pixi_rosdistro/src/ros2/rmw_fastrtps/rmw_fastrtps_cpp -GNinja --no-warn-unused-cli -DCMAKE_BUILD_TYPE=Release -DCMAKE_BUILD_WITH_INSTALL_RPATH:bool=TRUE -DCMAKE_POLICY_VERSION_MINIMUM=3.5 -Wno-deprecated -DSTACK_DETAILS_AUTO_DETECT:bool=FALSE -DSTACK_DETAILS_BFD:bool=FALSE -DCMAKE_INSTALL_PREFIX=/home/runner/work/pixi_rosdistro/pixi_rosdistro/install
[7.287s] Invoking command in '/home/runner/work/pixi_rosdistro/pixi_rosdistro/build/rmw_fastrtps_cpp': AMENT_PREFIX_PATH=/home/runner/work/pixi_rosdistro/pixi_rosdistro/install CMAKE_PREFIX_PATH=/home/runner/work/pixi_rosdistro/pixi_rosdistro/install:${CMAKE_PREFIX_PATH} LD_LIBRARY_PATH=/home/runner/work/pixi_rosdistro/pixi_rosdistro/install/lib PATH=/home/runner/work/pixi_rosdistro/pixi_rosdistro/install/bin:/opt/microsoft/powershell/7:${PATH} PIXI_PROMPT=(ros2_rolling) PKG_CONFIG_PATH=/home/runner/work/pixi_rosdistro/pixi_rosdistro/install/lib/pkgconfig PSModulePath=/home/runner/.local/share/powershell/Modules:${PSModulePath} PYTHONPATH=/home/runner/work/pixi_rosdistro/pixi_rosdistro/install/lib/python3.12/site-packages /home/runner/work/pixi_rosdistro/pixi_rosdistro/.pixi/envs/default/bin/cmake --build /home/runner/work/pixi_rosdistro/pixi_rosdistro/build/rmw_fastrtps_cpp -- -j4 -l4
[7.971s] [1/54] Building CXX object CMakeFiles/rmw_fastrtps_cpp.dir/src/get_client.cpp.o
[8.721s] [2/54] Building CXX object CMakeFiles/rmw_fastrtps_cpp.dir/src/get_participant.cpp.o
[9.427s] [3/54] Building CXX object CMakeFiles/rmw_fastrtps_cpp.dir/src/get_publisher.cpp.o
[10.139s] [4/54] Building CXX object CMakeFiles/rmw_fastrtps_cpp.dir/src/get_service.cpp.o
[10.760s] [5/54] Building CXX object CMakeFiles/rmw_fastrtps_cpp.dir/src/get_subscriber.cpp.o
[10.940s] [6/54] Building CXX object CMakeFiles/rmw_fastrtps_cpp.dir/src/identifier.cpp.o
[11.718s] [7/54] Building CXX object CMakeFiles/rmw_fastrtps_cpp.dir/src/init_rmw_context_impl.cpp.o
[12.486s] [8/54] Building CXX object CMakeFiles/rmw_fastrtps_cpp.dir/src/publisher.cpp.o
[12.688s] [9/54] Building CXX object CMakeFiles/rmw_fastrtps_cpp.dir/src/rmw_logging.cpp.o
[13.493s] [10/54] Building CXX object CMakeFiles/rmw_fastrtps_cpp.dir/src/rmw_client.cpp.o
[13.687s] [11/54] Building CXX object CMakeFiles/rmw_fastrtps_cpp.dir/src/rmw_compare_gids_equal.cpp.o
[14.046s] [12/54] Building CXX object CMakeFiles/rmw_fastrtps_cpp.dir/src/rmw_count.cpp.o
[14.549s] [13/54] Building CXX object CMakeFiles/rmw_fastrtps_cpp.dir/src/rmw_dynamic_message_type_support.cpp.o
[14.794s] [14/54] Building CXX object CMakeFiles/rmw_fastrtps_cpp.dir/src/rmw_event.cpp.o
[15.079s] [15/54] Building CXX object CMakeFiles/rmw_fastrtps_cpp.dir/src/rmw_features.cpp.o
[15.412s] [16/54] Building CXX object CMakeFiles/rmw_fastrtps_cpp.dir/src/rmw_get_gid_for_client.cpp.o
[15.692s] [17/54] Building CXX object CMakeFiles/rmw_fastrtps_cpp.dir/src/rmw_get_gid_for_publisher.cpp.o
[15.918s] [18/54] Building CXX object CMakeFiles/rmw_fastrtps_cpp.dir/src/rmw_get_implementation_identifier.cpp.o
[16.197s] [19/54] Building CXX object CMakeFiles/rmw_fastrtps_cpp.dir/src/rmw_get_serialization_format.cpp.o
[16.476s] [20/54] Building CXX object CMakeFiles/rmw_fastrtps_cpp.dir/src/rmw_get_service_endpoint_info.cpp.o
[16.729s] [21/54] Building CXX object CMakeFiles/rmw_fastrtps_cpp.dir/src/rmw_get_topic_endpoint_info.cpp.o
[17.317s] [22/54] Building CXX object CMakeFiles/rmw_fastrtps_cpp.dir/src/rmw_guard_condition.cpp.o
[18.151s] [23/54] Building CXX object CMakeFiles/rmw_fastrtps_cpp.dir/src/rmw_init.cpp.o
[18.616s] [24/54] Building CXX object CMakeFiles/rmw_fastrtps_cpp.dir/src/rmw_node.cpp.o
[18.841s] [25/54] Building CXX object CMakeFiles/rmw_fastrtps_cpp.dir/src/rmw_node_info_and_types.cpp.o
[19.279s] [26/54] Building CXX object CMakeFiles/rmw_fastrtps_cpp.dir/src/rmw_node_names.cpp.o
[19.702s] [27/54] Building CXX object CMakeFiles/rmw_fastrtps_cpp.dir/src/rmw_publish.cpp.o
[20.566s] [28/54] Building CXX object CMakeFiles/rmw_fastrtps_cpp.dir/src/rmw_publisher.cpp.o
[20.781s] [29/54] Building CXX object CMakeFiles/rmw_fastrtps_cpp.dir/src/rmw_qos.cpp.o
[21.091s] [30/54] Building CXX object CMakeFiles/rmw_fastrtps_cpp.dir/src/rmw_request.cpp.o
[21.286s] [31/54] Building CXX object CMakeFiles/rmw_fastrtps_cpp.dir/src/rmw_response.cpp.o
[21.888s] [32/54] Building CXX object CMakeFiles/rmw_fastrtps_cpp.dir/src/rmw_serialize.cpp.o
[22.592s] [33/54] Building CXX object CMakeFiles/rmw_fastrtps_cpp.dir/src/rmw_service.cpp.o
[22.775s] [34/54] Building CXX object CMakeFiles/rmw_fastrtps_cpp.dir/src/rmw_service_names_and_types.cpp.o
[23.111s] [35/54] Building CXX object CMakeFiles/rmw_fastrtps_cpp.dir/src/rmw_service_server_is_available.cpp.o
[23.810s] [36/54] Building CXX object CMakeFiles/rmw_fastrtps_cpp.dir/src/rmw_subscription.cpp.o
[23.999s] [37/54] Building CXX object CMakeFiles/rmw_fastrtps_cpp.dir/src/rmw_take.cpp.o
[24.340s] [38/54] Building CXX object CMakeFiles/rmw_fastrtps_cpp.dir/src/rmw_topic_names_and_types.cpp.o
[24.530s] [39/54] Building CXX object CMakeFiles/rmw_fastrtps_cpp.dir/src/rmw_trigger_guard_condition.cpp.o
[24.722s] [40/54] Building CXX object CMakeFiles/rmw_fastrtps_cpp.dir/src/rmw_wait.cpp.o
[25.100s] [41/54] Building CXX object CMakeFiles/rmw_fastrtps_cpp.dir/src/rmw_wait_set.cpp.o
[25.358s] [42/54] Building CXX object CMakeFiles/rmw_fastrtps_cpp.dir/src/serialization_format.cpp.o
[26.086s] [43/54] Building CXX object CMakeFiles/rmw_fastrtps_cpp.dir/src/subscription.cpp.o
[26.744s] [44/54] Building CXX object CMakeFiles/rmw_fastrtps_cpp.dir/src/type_support_common.cpp.o
[26.944s] [45/54] Building CXX object CMakeFiles/rmw_fastrtps_cpp.dir/src/rmw_get_endpoint_network_flow.cpp.o
[27.603s] [46/54] Building CXX object gtest/CMakeFiles/gtest.dir/src/gtest-all.cc.o
[28.319s] [47/54] Building CXX object gtest/CMakeFiles/gtest_main.dir/src/gtest_main.cc.o
[28.521s] [48/54] Linking CXX shared library librmw_fastrtps_cpp.so
[29.524s] [49/54] Building CXX object CMakeFiles/test_get_native_entities.dir/test/test_get_native_entities.cpp.o
[30.015s] [50/54] Building CXX object CMakeFiles/test_logging.dir/test/test_logging.cpp.o
[30.059s] [51/54] Linking CXX static library gtest/libgtest.a
[30.084s] [52/54] Linking CXX static library gtest/libgtest_main.a
[30.520s] [53/54] Linking CXX executable test_get_native_entities
[30.789s] [54/54] Linking CXX executable test_logging
[30.792s] Invoked command in '/home/runner/work/pixi_rosdistro/pixi_rosdistro/build/rmw_fastrtps_cpp' returned '0': AMENT_PREFIX_PATH=/home/runner/work/pixi_rosdistro/pixi_rosdistro/install CMAKE_PREFIX_PATH=/home/runner/work/pixi_rosdistro/pixi_rosdistro/install:${CMAKE_PREFIX_PATH} LD_LIBRARY_PATH=/home/runner/work/pixi_rosdistro/pixi_rosdistro/install/lib PATH=/home/runner/work/pixi_rosdistro/pixi_rosdistro/install/bin:/opt/microsoft/powershell/7:${PATH} PIXI_PROMPT=(ros2_rolling) PKG_CONFIG_PATH=/home/runner/work/pixi_rosdistro/pixi_rosdistro/install/lib/pkgconfig PSModulePath=/home/runner/.local/share/powershell/Modules:${PSModulePath} PYTHONPATH=/home/runner/work/pixi_rosdistro/pixi_rosdistro/install/lib/python3.12/site-packages /home/runner/work/pixi_rosdistro/pixi_rosdistro/.pixi/envs/default/bin/cmake --build /home/runner/work/pixi_rosdistro/pixi_rosdistro/build/rmw_fastrtps_cpp -- -j4 -l4
[30.793s] Invoking command in '/home/runner/work/pixi_rosdistro/pixi_rosdistro/build/rmw_fastrtps_cpp': AMENT_PREFIX_PATH=/home/runner/work/pixi_rosdistro/pixi_rosdistro/install CMAKE_PREFIX_PATH=/home/runner/work/pixi_rosdistro/pixi_rosdistro/install:${CMAKE_PREFIX_PATH} LD_LIBRARY_PATH=/home/runner/work/pixi_rosdistro/pixi_rosdistro/install/lib PATH=/home/runner/work/pixi_rosdistro/pixi_rosdistro/install/bin:/opt/microsoft/powershell/7:${PATH} PIXI_PROMPT=(ros2_rolling) PKG_CONFIG_PATH=/home/runner/work/pixi_rosdistro/pixi_rosdistro/install/lib/pkgconfig PSModulePath=/home/runner/.local/share/powershell/Modules:${PSModulePath} PYTHONPATH=/home/runner/work/pixi_rosdistro/pixi_rosdistro/install/lib/python3.12/site-packages /home/runner/work/pixi_rosdistro/pixi_rosdistro/.pixi/envs/default/bin/cmake --install /home/runner/work/pixi_rosdistro/pixi_rosdistro/build/rmw_fastrtps_cpp
[30.804s] -- Install configuration: "Release"
[30.806s] -- Installing: /home/runner/work/pixi_rosdistro/pixi_rosdistro/install/share/rmw_fastrtps_cpp/environment/library_path.sh
[30.807s] -- Installing: /home/runner/work/pixi_rosdistro/pixi_rosdistro/install/share/rmw_fastrtps_cpp/environment/library_path.dsv
[30.807s] -- Installing: /home/runner/work/pixi_rosdistro/pixi_rosdistro/install/share/ament_index/resource_index/rmw_typesupport_c/rmw_fastrtps_cpp
[30.807s] -- Installing: /home/runner/work/pixi_rosdistro/pixi_rosdistro/install/share/ament_index/resource_index/rmw_typesupport_cpp/rmw_fastrtps_cpp
[30.809s] -- Installing: /home/runner/work/pixi_rosdistro/pixi_rosdistro/install/share/ament_index/resource_index/rmw_typesupport/rmw_fastrtps_cpp
[30.809s] -- Installing: /home/runner/work/pixi_rosdistro/pixi_rosdistro/install/share/ament_index/resource_index/package_run_dependencies/rmw_fastrtps_cpp
[30.809s] -- Installing: /home/runner/work/pixi_rosdistro/pixi_rosdistro/install/share/ament_index/resource_index/parent_prefix_path/rmw_fastrtps_cpp
[30.809s] -- Installing: /home/runner/work/pixi_rosdistro/pixi_rosdistro/install/share/rmw_fastrtps_cpp/environment/ament_prefix_path.sh
[30.809s] -- Installing: /home/runner/work/pixi_rosdistro/pixi_rosdistro/install/share/rmw_fastrtps_cpp/environment/ament_prefix_path.dsv
[30.809s] -- Installing: /home/runner/work/pixi_rosdistro/pixi_rosdistro/install/share/rmw_fastrtps_cpp/environment/path.sh
[30.812s] -- Installing: /home/runner/work/pixi_rosdistro/pixi_rosdistro/install/share/rmw_fastrtps_cpp/environment/path.dsv
[30.812s] -- Installing: /home/runner/work/pixi_rosdistro/pixi_rosdistro/install/share/rmw_fastrtps_cpp/local_setup.bash
[30.812s] -- Installing: /home/runner/work/pixi_rosdistro/pixi_rosdistro/install/share/rmw_fastrtps_cpp/local_setup.fish
[30.813s] -- Installing: /home/runner/work/pixi_rosdistro/pixi_rosdistro/install/share/rmw_fastrtps_cpp/local_setup.sh
[30.813s] -- Installing: /home/runner/work/pixi_rosdistro/pixi_rosdistro/install/share/rmw_fastrtps_cpp/local_setup.zsh
[30.813s] -- Installing: /home/runner/work/pixi_rosdistro/pixi_rosdistro/install/share/rmw_fastrtps_cpp/local_setup.dsv
[30.813s] -- Installing: /home/runner/work/pixi_rosdistro/pixi_rosdistro/install/share/rmw_fastrtps_cpp/package.dsv
[30.813s] -- Installing: /home/runner/work/pixi_rosdistro/pixi_rosdistro/install/share/ament_index/resource_index/packages/rmw_fastrtps_cpp
[30.813s] -- Installing: /home/runner/work/pixi_rosdistro/pixi_rosdistro/install/share/rmw_fastrtps_cpp/cmake/rmw_fastrtps_cppExport.cmake
[30.815s] -- Installing: /home/runner/work/pixi_rosdistro/pixi_rosdistro/install/share/rmw_fastrtps_cpp/cmake/rmw_fastrtps_cppExport-release.cmake
[30.815s] -- Installing: /home/runner/work/pixi_rosdistro/pixi_rosdistro/install/share/rmw_fastrtps_cpp/cmake/ament_cmake_export_include_directories-extras.cmake
[30.815s] -- Installing: /home/runner/work/pixi_rosdistro/pixi_rosdistro/install/share/rmw_fastrtps_cpp/cmake/ament_cmake_export_libraries-extras.cmake
[30.815s] -- Installing: /home/runner/work/pixi_rosdistro/pixi_rosdistro/install/share/rmw_fastrtps_cpp/cmake/ament_cmake_export_targets-extras.cmake
[30.815s] -- Installing: /home/runner/work/pixi_rosdistro/pixi_rosdistro/install/share/rmw_fastrtps_cpp/cmake/ament_cmake_export_dependencies-extras.cmake
[30.816s] -- Installing: /home/runner/work/pixi_rosdistro/pixi_rosdistro/install/share/rmw_fastrtps_cpp/cmake/rmw_fastrtps_cpp-extras.cmake
[30.819s] -- Installing: /home/runner/work/pixi_rosdistro/pixi_rosdistro/install/share/rmw_fastrtps_cpp/cmake/rmw_fastrtps_cppConfig.cmake
[30.819s] -- Installing: /home/runner/work/pixi_rosdistro/pixi_rosdistro/install/share/rmw_fastrtps_cpp/cmake/rmw_fastrtps_cppConfig-version.cmake
[30.819s] -- Installing: /home/runner/work/pixi_rosdistro/pixi_rosdistro/install/share/rmw_fastrtps_cpp/package.xml
[30.819s] -- Installing: /home/runner/work/pixi_rosdistro/pixi_rosdistro/install/include/rmw_fastrtps_cpp
[30.819s] -- Installing: /home/runner/work/pixi_rosdistro/pixi_rosdistro/install/include/rmw_fastrtps_cpp/rmw_fastrtps_cpp
[30.819s] -- Installing: /home/runner/work/pixi_rosdistro/pixi_rosdistro/install/include/rmw_fastrtps_cpp/rmw_fastrtps_cpp/get_publisher.hpp
[30.819s] -- Installing: /home/runner/work/pixi_rosdistro/pixi_rosdistro/install/include/rmw_fastrtps_cpp/rmw_fastrtps_cpp/get_participant.hpp
[30.819s] -- Installing: /home/runner/work/pixi_rosdistro/pixi_rosdistro/install/include/rmw_fastrtps_cpp/rmw_fastrtps_cpp/get_service.hpp
[30.819s] -- Installing: /home/runner/work/pixi_rosdistro/pixi_rosdistro/install/include/rmw_fastrtps_cpp/rmw_fastrtps_cpp/identifier.hpp
[30.820s] -- Installing: /home/runner/work/pixi_rosdistro/pixi_rosdistro/install/include/rmw_fastrtps_cpp/rmw_fastrtps_cpp/MessageTypeSupport.hpp
[30.820s] -- Installing: /home/runner/work/pixi_rosdistro/pixi_rosdistro/install/include/rmw_fastrtps_cpp/rmw_fastrtps_cpp/serialization_format.hpp
[30.820s] -- Installing: /home/runner/work/pixi_rosdistro/pixi_rosdistro/install/include/rmw_fastrtps_cpp/rmw_fastrtps_cpp/subscription.hpp
[30.820s] -- Installing: /home/runner/work/pixi_rosdistro/pixi_rosdistro/install/include/rmw_fastrtps_cpp/rmw_fastrtps_cpp/publisher.hpp
[30.820s] -- Installing: /home/runner/work/pixi_rosdistro/pixi_rosdistro/install/include/rmw_fastrtps_cpp/rmw_fastrtps_cpp/visibility_control.h
[30.820s] -- Installing: /home/runner/work/pixi_rosdistro/pixi_rosdistro/install/include/rmw_fastrtps_cpp/rmw_fastrtps_cpp/get_client.hpp
[30.820s] -- Installing: /home/runner/work/pixi_rosdistro/pixi_rosdistro/install/include/rmw_fastrtps_cpp/rmw_fastrtps_cpp/get_subscriber.hpp
[30.820s] -- Installing: /home/runner/work/pixi_rosdistro/pixi_rosdistro/install/include/rmw_fastrtps_cpp/rmw_fastrtps_cpp/ServiceTypeSupport.hpp
[30.820s] -- Installing: /home/runner/work/pixi_rosdistro/pixi_rosdistro/install/include/rmw_fastrtps_cpp/rmw_fastrtps_cpp/TypeSupport.hpp
[30.820s] -- Installing: /home/runner/work/pixi_rosdistro/pixi_rosdistro/install/include/rmw_fastrtps_cpp/rmw_fastrtps_cpp/init_rmw_context_impl.hpp
[30.823s] -- Installing: /home/runner/work/pixi_rosdistro/pixi_rosdistro/install/lib/librmw_fastrtps_cpp.so
[30.831s] Invoked command in '/home/runner/work/pixi_rosdistro/pixi_rosdistro/build/rmw_fastrtps_cpp' returned '0': AMENT_PREFIX_PATH=/home/runner/work/pixi_rosdistro/pixi_rosdistro/install CMAKE_PREFIX_PATH=/home/runner/work/pixi_rosdistro/pixi_rosdistro/install:${CMAKE_PREFIX_PATH} LD_LIBRARY_PATH=/home/runner/work/pixi_rosdistro/pixi_rosdistro/install/lib PATH=/home/runner/work/pixi_rosdistro/pixi_rosdistro/install/bin:/opt/microsoft/powershell/7:${PATH} PIXI_PROMPT=(ros2_rolling) PKG_CONFIG_PATH=/home/runner/work/pixi_rosdistro/pixi_rosdistro/install/lib/pkgconfig PSModulePath=/home/runner/.local/share/powershell/Modules:${PSModulePath} PYTHONPATH=/home/runner/work/pixi_rosdistro/pixi_rosdistro/install/lib/python3.12/site-packages /home/runner/work/pixi_rosdistro/pixi_rosdistro/.pixi/envs/default/bin/cmake --install /home/runner/work/pixi_rosdistro/pixi_rosdistro/build/rmw_fastrtps_cpp
