[1.783s] Invoking command in '/Users/runner/work/pixi_rosdistro/pixi_rosdistro/build/type_description_interfaces': AMENT_PREFIX_PATH=/Users/runner/work/pixi_rosdistro/pixi_rosdistro/install CMAKE_PREFIX_PATH=/Users/runner/work/pixi_rosdistro/pixi_rosdistro/install DYLD_LIBRARY_PATH=/Users/runner/work/pixi_rosdistro/pixi_rosdistro/install/lib:/Users/runner/work/pixi_rosdistro/pixi_rosdistro/install/opt/mimick_vendor/lib PATH=/Users/runner/work/pixi_rosdistro/pixi_rosdistro/install/bin:${PATH} PIXI_PROMPT=(ros2_rolling) PKG_CONFIG_PATH=/Users/runner/work/pixi_rosdistro/pixi_rosdistro/install/lib/pkgconfig PYTHONPATH=/Users/runner/work/pixi_rosdistro/pixi_rosdistro/install/lib/python3.12/site-packages ROS_PYTHON_VERSION=3 SHLVL=3 _=/usr/bin/env /Users/runner/work/pixi_rosdistro/pixi_rosdistro/.pixi/envs/default/bin/cmake /Users/runner/work/pixi_rosdistro/pixi_rosdistro/src/ros2/rcl_interfaces/type_description_interfaces -GNinja --no-warn-unused-cli -DCMAKE_BUILD_TYPE=Release -DCMAKE_BUILD_WITH_INSTALL_RPATH:bool=TRUE -DCMAKE_POLICY_VERSION_MINIMUM=3.5 -Wno-deprecated -DSTACK_DETAILS_AUTO_DETECT:bool=FALSE -DSTACK_DETAILS_BFD:bool=FALSE -DCMAKE_INSTALL_PREFIX=/Users/runner/work/pixi_rosdistro/pixi_rosdistro/install
[2.216s] Not searching for unused variables given on the command line.
[2.216s] -- The C compiler identification is AppleClang 17.0.0.17000013
[2.434s] -- The CXX compiler identification is AppleClang 17.0.0.17000013
[2.497s] -- Detecting C compiler ABI info
[3.230s] -- Detecting C compiler ABI info - done
[3.268s] -- Check for working C compiler: /usr/bin/cc - skipped
[3.270s] -- Detecting C compile features
[3.270s] -- Detecting C compile features - done
[3.279s] -- Detecting CXX compiler ABI info
[4.150s] -- Detecting CXX compiler ABI info - done
[4.179s] -- Check for working CXX compiler: /usr/bin/c++ - skipped
[4.179s] -- Detecting CXX compile features
[4.180s] -- Detecting CXX compile features - done
[4.195s] -- Found ament_cmake: 2.8.6 (/Users/runner/work/pixi_rosdistro/pixi_rosdistro/install/share/ament_cmake/cmake)
[4.695s] -- Found rosidl_core_generators: 0.4.1 (/Users/runner/work/pixi_rosdistro/pixi_rosdistro/install/share/rosidl_core_generators/cmake)
[4.709s] -- Using all available rosidl_typesupport_c: rosidl_typesupport_fastrtps_c;rosidl_typesupport_introspection_c
[4.857s] -- Using all available rosidl_typesupport_cpp: rosidl_typesupport_fastrtps_cpp;rosidl_typesupport_introspection_cpp
[4.980s] -- Found rosidl_adapter: 5.1.3 (/Users/runner/work/pixi_rosdistro/pixi_rosdistro/install/share/rosidl_adapter/cmake)
[5.136s] -- Found Python3: /Users/runner/work/pixi_rosdistro/pixi_rosdistro/.pixi/envs/default/bin/python3 (found version "3.12.13") found components: Interpreter
[5.780s] -- Found ament_cmake_cppcheck: 0.20.3 (/Users/runner/work/pixi_rosdistro/pixi_rosdistro/install/share/ament_cmake_cppcheck/cmake)
[5.788s] -- Found ament_cmake_cpplint: 0.20.3 (/Users/runner/work/pixi_rosdistro/pixi_rosdistro/install/share/ament_cmake_cpplint/cmake)
[5.797s] -- Found ament_cmake_uncrustify: 0.20.3 (/Users/runner/work/pixi_rosdistro/pixi_rosdistro/install/share/ament_cmake_uncrustify/cmake)
[5.807s] -- Found ament_cmake_ros_core: 0.15.6 (/Users/runner/work/pixi_rosdistro/pixi_rosdistro/install/share/ament_cmake_ros_core/cmake)
[6.297s] -- Using all available rosidl_typesupport_c: rosidl_typesupport_fastrtps_c;rosidl_typesupport_introspection_c
[6.932s] -- Using all available rosidl_typesupport_cpp: rosidl_typesupport_fastrtps_cpp;rosidl_typesupport_introspection_cpp
[7.816s] -- Found Python3: /Users/runner/work/pixi_rosdistro/pixi_rosdistro/.pixi/envs/default/bin/python3 (found version "3.12.13") found components: Interpreter Development NumPy Development.Module Development.Embed
[7.890s] -- Found ament_cmake_flake8: 0.20.3 (/Users/runner/work/pixi_rosdistro/pixi_rosdistro/install/share/ament_cmake_flake8/cmake)
[7.899s] -- Found ament_cmake_pep257: 0.20.3 (/Users/runner/work/pixi_rosdistro/pixi_rosdistro/install/share/ament_cmake_pep257/cmake)
[7.916s] -- Found ament_cmake_mypy: 0.20.3 (/Users/runner/work/pixi_rosdistro/pixi_rosdistro/install/share/ament_cmake_mypy/cmake)
[8.034s] -- Found Python3: /Users/runner/work/pixi_rosdistro/pixi_rosdistro/.pixi/envs/default/bin/python3 (found version "3.12.13") found components: Interpreter
[8.041s] -- Found ament_lint_auto: 0.20.3 (/Users/runner/work/pixi_rosdistro/pixi_rosdistro/install/share/ament_lint_auto/cmake)
[8.118s] -- Added test 'copyright' to check source files copyright and LICENSE
[8.118s] -- Added test 'lint_cmake' to check CMake code style
[8.122s] -- Added test 'xmllint' to check XML markup files
[8.127s] -- Configuring done (6.3s)
[8.234s] -- Generating done (0.1s)
[8.372s] -- Build files have been written to: /Users/runner/work/pixi_rosdistro/pixi_rosdistro/build/type_description_interfaces
[8.381s] Invoked command in '/Users/runner/work/pixi_rosdistro/pixi_rosdistro/build/type_description_interfaces' returned '0': AMENT_PREFIX_PATH=/Users/runner/work/pixi_rosdistro/pixi_rosdistro/install CMAKE_PREFIX_PATH=/Users/runner/work/pixi_rosdistro/pixi_rosdistro/install DYLD_LIBRARY_PATH=/Users/runner/work/pixi_rosdistro/pixi_rosdistro/install/lib:/Users/runner/work/pixi_rosdistro/pixi_rosdistro/install/opt/mimick_vendor/lib PATH=/Users/runner/work/pixi_rosdistro/pixi_rosdistro/install/bin:${PATH} PIXI_PROMPT=(ros2_rolling) PKG_CONFIG_PATH=/Users/runner/work/pixi_rosdistro/pixi_rosdistro/install/lib/pkgconfig PYTHONPATH=/Users/runner/work/pixi_rosdistro/pixi_rosdistro/install/lib/python3.12/site-packages ROS_PYTHON_VERSION=3 SHLVL=3 _=/usr/bin/env /Users/runner/work/pixi_rosdistro/pixi_rosdistro/.pixi/envs/default/bin/cmake /Users/runner/work/pixi_rosdistro/pixi_rosdistro/src/ros2/rcl_interfaces/type_description_interfaces -GNinja --no-warn-unused-cli -DCMAKE_BUILD_TYPE=Release -DCMAKE_BUILD_WITH_INSTALL_RPATH:bool=TRUE -DCMAKE_POLICY_VERSION_MINIMUM=3.5 -Wno-deprecated -DSTACK_DETAILS_AUTO_DETECT:bool=FALSE -DSTACK_DETAILS_BFD:bool=FALSE -DCMAKE_INSTALL_PREFIX=/Users/runner/work/pixi_rosdistro/pixi_rosdistro/install
[8.382s] Invoking command in '/Users/runner/work/pixi_rosdistro/pixi_rosdistro/build/type_description_interfaces': AMENT_PREFIX_PATH=/Users/runner/work/pixi_rosdistro/pixi_rosdistro/install CMAKE_PREFIX_PATH=/Users/runner/work/pixi_rosdistro/pixi_rosdistro/install DYLD_LIBRARY_PATH=/Users/runner/work/pixi_rosdistro/pixi_rosdistro/install/lib:/Users/runner/work/pixi_rosdistro/pixi_rosdistro/install/opt/mimick_vendor/lib PATH=/Users/runner/work/pixi_rosdistro/pixi_rosdistro/install/bin:${PATH} PIXI_PROMPT=(ros2_rolling) PKG_CONFIG_PATH=/Users/runner/work/pixi_rosdistro/pixi_rosdistro/install/lib/pkgconfig PYTHONPATH=/Users/runner/work/pixi_rosdistro/pixi_rosdistro/install/lib/python3.12/site-packages ROS_PYTHON_VERSION=3 SHLVL=3 _=/usr/bin/env /Users/runner/work/pixi_rosdistro/pixi_rosdistro/.pixi/envs/default/bin/cmake --build /Users/runner/work/pixi_rosdistro/pixi_rosdistro/build/type_description_interfaces -- -j3 -l3
[10.719s] [1/97] Generating type hashes for ROS interfaces
[13.074s] [2/97] Generating C code for ROS interfaces
[13.320s] [3/97] Building C object CMakeFiles/type_description_interfaces__rosidl_generator_c.dir/rosidl_generator_c/type_description_interfaces/msg/detail/field__description.c.o
[13.572s] [4/97] Building C object CMakeFiles/type_description_interfaces__rosidl_generator_c.dir/rosidl_generator_c/type_description_interfaces/msg/detail/field__functions.c.o
[13.885s] [5/97] Building C object CMakeFiles/type_description_interfaces__rosidl_generator_c.dir/rosidl_generator_c/type_description_interfaces/msg/detail/field__type_support.c.o
[14.146s] [6/97] Building C object CMakeFiles/type_description_interfaces__rosidl_generator_c.dir/rosidl_generator_c/type_description_interfaces/msg/detail/field_type__description.c.o
[14.403s] [7/97] Building C object CMakeFiles/type_description_interfaces__rosidl_generator_c.dir/rosidl_generator_c/type_description_interfaces/msg/detail/field_type__functions.c.o
[14.634s] [8/97] Building C object CMakeFiles/type_description_interfaces__rosidl_generator_c.dir/rosidl_generator_c/type_description_interfaces/msg/detail/field_type__type_support.c.o
[14.868s] [9/97] Building C object CMakeFiles/type_description_interfaces__rosidl_generator_c.dir/rosidl_generator_c/type_description_interfaces/msg/detail/individual_type_description__description.c.o
[15.080s] [10/97] Building C object CMakeFiles/type_description_interfaces__rosidl_generator_c.dir/rosidl_generator_c/type_description_interfaces/msg/detail/individual_type_description__functions.c.o
[15.269s] [11/97] Building C object CMakeFiles/type_description_interfaces__rosidl_generator_c.dir/rosidl_generator_c/type_description_interfaces/msg/detail/individual_type_description__type_support.c.o
[15.510s] [12/97] Building C object CMakeFiles/type_description_interfaces__rosidl_generator_c.dir/rosidl_generator_c/type_description_interfaces/msg/detail/key_value__description.c.o
[15.690s] [13/97] Building C object CMakeFiles/type_description_interfaces__rosidl_generator_c.dir/rosidl_generator_c/type_description_interfaces/msg/detail/key_value__functions.c.o
[15.915s] [14/97] Building C object CMakeFiles/type_description_interfaces__rosidl_generator_c.dir/rosidl_generator_c/type_description_interfaces/msg/detail/key_value__type_support.c.o
[16.155s] [15/97] Building C object CMakeFiles/type_description_interfaces__rosidl_generator_c.dir/rosidl_generator_c/type_description_interfaces/msg/detail/type_description__description.c.o
[16.384s] [16/97] Building C object CMakeFiles/type_description_interfaces__rosidl_generator_c.dir/rosidl_generator_c/type_description_interfaces/msg/detail/type_description__functions.c.o
[16.628s] [17/97] Building C object CMakeFiles/type_description_interfaces__rosidl_generator_c.dir/rosidl_generator_c/type_description_interfaces/msg/detail/type_description__type_support.c.o
[16.809s] [18/97] Building C object CMakeFiles/type_description_interfaces__rosidl_generator_c.dir/rosidl_generator_c/type_description_interfaces/msg/detail/type_source__description.c.o
[17.020s] [19/97] Building C object CMakeFiles/type_description_interfaces__rosidl_generator_c.dir/rosidl_generator_c/type_description_interfaces/msg/detail/type_source__functions.c.o
[17.286s] [20/97] Building C object CMakeFiles/type_description_interfaces__rosidl_generator_c.dir/rosidl_generator_c/type_description_interfaces/msg/detail/type_source__type_support.c.o
[17.641s] [21/97] Building C object CMakeFiles/type_description_interfaces__rosidl_generator_c.dir/rosidl_generator_c/type_description_interfaces/srv/detail/get_type_description__description.c.o
[17.921s] [22/97] Building C object CMakeFiles/type_description_interfaces__rosidl_generator_c.dir/rosidl_generator_c/type_description_interfaces/srv/detail/get_type_description__functions.c.o
[18.166s] [23/97] Building C object CMakeFiles/type_description_interfaces__rosidl_generator_c.dir/rosidl_generator_c/type_description_interfaces/srv/detail/get_type_description__type_support.c.o
[19.744s] [24/97] Generating C type support for eProsima Fast-RTPS
[21.191s] [25/97] Generating C introspection for ROS interfaces
[22.747s] [26/97] Generating C type support dispatch for ROS interfaces
[25.118s] [27/97] Generating C++ code for ROS interfaces
[27.141s] [28/97] Generating C++ type support for eProsima Fast-RTPS
[28.864s] [29/97] Generating C++ introspection for ROS interfaces
[29.970s] [30/97] Generating C++ type support dispatch for ROS interfaces
[30.035s] [31/97] Linking C shared library libtype_description_interfaces__rosidl_generator_c.dylib
[30.035s] ld: warning: -undefined error is deprecated
[30.394s] [32/97] Building CXX object CMakeFiles/type_description_interfaces__rosidl_typesupport_fastrtps_c.dir/rosidl_typesupport_fastrtps_c/type_description_interfaces/msg/detail/field__type_support_c.cpp.o
[30.770s] [33/97] Building CXX object CMakeFiles/type_description_interfaces__rosidl_typesupport_fastrtps_c.dir/rosidl_typesupport_fastrtps_c/type_description_interfaces/msg/detail/field_type__type_support_c.cpp.o
[31.198s] [34/97] Building CXX object CMakeFiles/type_description_interfaces__rosidl_typesupport_fastrtps_c.dir/rosidl_typesupport_fastrtps_c/type_description_interfaces/msg/detail/individual_type_description__type_support_c.cpp.o
[31.555s] [35/97] Building CXX object CMakeFiles/type_description_interfaces__rosidl_typesupport_fastrtps_c.dir/rosidl_typesupport_fastrtps_c/type_description_interfaces/msg/detail/key_value__type_support_c.cpp.o
[31.945s] [36/97] Building CXX object CMakeFiles/type_description_interfaces__rosidl_typesupport_fastrtps_c.dir/rosidl_typesupport_fastrtps_c/type_description_interfaces/msg/detail/type_description__type_support_c.cpp.o
[32.418s] [37/97] Building CXX object CMakeFiles/type_description_interfaces__rosidl_typesupport_fastrtps_c.dir/rosidl_typesupport_fastrtps_c/type_description_interfaces/msg/detail/type_source__type_support_c.cpp.o
[32.784s] [38/97] Building CXX object CMakeFiles/type_description_interfaces__rosidl_typesupport_fastrtps_c.dir/rosidl_typesupport_fastrtps_c/type_description_interfaces/srv/detail/get_type_description__type_support_c.cpp.o
[33.087s] [39/97] Building C object CMakeFiles/type_description_interfaces__rosidl_typesupport_introspection_c.dir/rosidl_typesupport_introspection_c/type_description_interfaces/msg/detail/field__type_support.c.o
[33.373s] [40/97] Building C object CMakeFiles/type_description_interfaces__rosidl_typesupport_introspection_c.dir/rosidl_typesupport_introspection_c/type_description_interfaces/msg/detail/field_type__type_support.c.o
[33.620s] [41/97] Building C object CMakeFiles/type_description_interfaces__rosidl_typesupport_introspection_c.dir/rosidl_typesupport_introspection_c/type_description_interfaces/msg/detail/individual_type_description__type_support.c.o
[34.095s] [42/97] Building C object CMakeFiles/type_description_interfaces__rosidl_typesupport_introspection_c.dir/rosidl_typesupport_introspection_c/type_description_interfaces/msg/detail/key_value__type_support.c.o
[34.317s] [43/97] Building C object CMakeFiles/type_description_interfaces__rosidl_typesupport_introspection_c.dir/rosidl_typesupport_introspection_c/type_description_interfaces/msg/detail/type_description__type_support.c.o
[34.535s] [44/97] Building C object CMakeFiles/type_description_interfaces__rosidl_typesupport_introspection_c.dir/rosidl_typesupport_introspection_c/type_description_interfaces/msg/detail/type_source__type_support.c.o
[34.820s] [45/97] Building C object CMakeFiles/type_description_interfaces__rosidl_typesupport_introspection_c.dir/rosidl_typesupport_introspection_c/type_description_interfaces/srv/detail/get_type_description__type_support.c.o
[35.044s] [46/97] Building CXX object CMakeFiles/type_description_interfaces__rosidl_typesupport_c.dir/rosidl_typesupport_c/type_description_interfaces/msg/field__type_support.cpp.o
[35.320s] [47/97] Building CXX object CMakeFiles/type_description_interfaces__rosidl_typesupport_c.dir/rosidl_typesupport_c/type_description_interfaces/msg/field_type__type_support.cpp.o
[35.602s] [48/97] Building CXX object CMakeFiles/type_description_interfaces__rosidl_typesupport_c.dir/rosidl_typesupport_c/type_description_interfaces/msg/individual_type_description__type_support.cpp.o
[36.165s] [49/97] Building CXX object CMakeFiles/type_description_interfaces__rosidl_typesupport_c.dir/rosidl_typesupport_c/type_description_interfaces/msg/key_value__type_support.cpp.o
[36.403s] [50/97] Building CXX object CMakeFiles/type_description_interfaces__rosidl_typesupport_c.dir/rosidl_typesupport_c/type_description_interfaces/msg/type_description__type_support.cpp.o
[36.679s] [51/97] Building CXX object CMakeFiles/type_description_interfaces__rosidl_typesupport_c.dir/rosidl_typesupport_c/type_description_interfaces/msg/type_source__type_support.cpp.o
[37.125s] [52/97] Building CXX object CMakeFiles/type_description_interfaces__rosidl_typesupport_c.dir/rosidl_typesupport_c/type_description_interfaces/srv/get_type_description__type_support.cpp.o
[37.541s] [53/97] Building CXX object CMakeFiles/type_description_interfaces__rosidl_typesupport_fastrtps_cpp.dir/rosidl_typesupport_fastrtps_cpp/type_description_interfaces/msg/detail/dds_fastrtps/field__type_support.cpp.o
[37.945s] [54/97] Building CXX object CMakeFiles/type_description_interfaces__rosidl_typesupport_fastrtps_cpp.dir/rosidl_typesupport_fastrtps_cpp/type_description_interfaces/msg/detail/dds_fastrtps/field_type__type_support.cpp.o
[38.310s] [55/97] Building CXX object CMakeFiles/type_description_interfaces__rosidl_typesupport_fastrtps_cpp.dir/rosidl_typesupport_fastrtps_cpp/type_description_interfaces/msg/detail/dds_fastrtps/individual_type_description__type_support.cpp.o
[38.703s] [56/97] Building CXX object CMakeFiles/type_description_interfaces__rosidl_typesupport_fastrtps_cpp.dir/rosidl_typesupport_fastrtps_cpp/type_description_interfaces/msg/detail/dds_fastrtps/key_value__type_support.cpp.o
[39.048s] [57/97] Building CXX object CMakeFiles/type_description_interfaces__rosidl_typesupport_fastrtps_cpp.dir/rosidl_typesupport_fastrtps_cpp/type_description_interfaces/msg/detail/dds_fastrtps/type_description__type_support.cpp.o
[39.459s] [58/97] Building CXX object CMakeFiles/type_description_interfaces__rosidl_typesupport_fastrtps_cpp.dir/rosidl_typesupport_fastrtps_cpp/type_description_interfaces/msg/detail/dds_fastrtps/type_source__type_support.cpp.o
[39.853s] [59/97] Building CXX object CMakeFiles/type_description_interfaces__rosidl_typesupport_fastrtps_cpp.dir/rosidl_typesupport_fastrtps_cpp/type_description_interfaces/srv/detail/dds_fastrtps/get_type_description__type_support.cpp.o
[40.508s] [60/97] Building CXX object CMakeFiles/type_description_interfaces__rosidl_typesupport_introspection_cpp.dir/rosidl_typesupport_introspection_cpp/type_description_interfaces/msg/detail/field__type_support.cpp.o
[40.910s] [61/97] Building CXX object CMakeFiles/type_description_interfaces__rosidl_typesupport_introspection_cpp.dir/rosidl_typesupport_introspection_cpp/type_description_interfaces/msg/detail/field_type__type_support.cpp.o
[41.287s] [62/97] Building CXX object CMakeFiles/type_description_interfaces__rosidl_typesupport_introspection_cpp.dir/rosidl_typesupport_introspection_cpp/type_description_interfaces/msg/detail/individual_type_description__type_support.cpp.o
[41.622s] [63/97] Building CXX object CMakeFiles/type_description_interfaces__rosidl_typesupport_introspection_cpp.dir/rosidl_typesupport_introspection_cpp/type_description_interfaces/msg/detail/key_value__type_support.cpp.o
[41.982s] [64/97] Building CXX object CMakeFiles/type_description_interfaces__rosidl_typesupport_introspection_cpp.dir/rosidl_typesupport_introspection_cpp/type_description_interfaces/msg/detail/type_description__type_support.cpp.o
[42.375s] [65/97] Building CXX object CMakeFiles/type_description_interfaces__rosidl_typesupport_introspection_cpp.dir/rosidl_typesupport_introspection_cpp/type_description_interfaces/msg/detail/type_source__type_support.cpp.o
[42.807s] [66/97] Building CXX object CMakeFiles/type_description_interfaces__rosidl_typesupport_introspection_cpp.dir/rosidl_typesupport_introspection_cpp/type_description_interfaces/srv/detail/get_type_description__type_support.cpp.o
[43.297s] [67/97] Building CXX object CMakeFiles/type_description_interfaces__rosidl_typesupport_cpp.dir/rosidl_typesupport_cpp/type_description_interfaces/msg/field__type_support.cpp.o
[43.660s] [68/97] Building CXX object CMakeFiles/type_description_interfaces__rosidl_typesupport_cpp.dir/rosidl_typesupport_cpp/type_description_interfaces/msg/field_type__type_support.cpp.o
[43.957s] [69/97] Building CXX object CMakeFiles/type_description_interfaces__rosidl_typesupport_cpp.dir/rosidl_typesupport_cpp/type_description_interfaces/msg/individual_type_description__type_support.cpp.o
[44.396s] [70/97] Building CXX object CMakeFiles/type_description_interfaces__rosidl_typesupport_cpp.dir/rosidl_typesupport_cpp/type_description_interfaces/msg/key_value__type_support.cpp.o
[44.760s] [71/97] Building CXX object CMakeFiles/type_description_interfaces__rosidl_typesupport_cpp.dir/rosidl_typesupport_cpp/type_description_interfaces/msg/type_description__type_support.cpp.o
[45.097s] [72/97] Building CXX object CMakeFiles/type_description_interfaces__rosidl_typesupport_cpp.dir/rosidl_typesupport_cpp/type_description_interfaces/msg/type_source__type_support.cpp.o
[45.434s] [73/97] Building CXX object CMakeFiles/type_description_interfaces__rosidl_typesupport_cpp.dir/rosidl_typesupport_cpp/type_description_interfaces/srv/get_type_description__type_support.cpp.o
[45.517s] [74/97] Linking CXX shared library libtype_description_interfaces__rosidl_typesupport_fastrtps_c.dylib
[45.517s] ld: warning: -undefined error is deprecated
[45.583s] [75/97] Linking C shared library libtype_description_interfaces__rosidl_typesupport_introspection_c.dylib
[45.583s] ld: warning: -undefined error is deprecated
[45.644s] [76/97] Linking CXX shared library libtype_description_interfaces__rosidl_typesupport_c.dylib
[45.644s] ld: warning: -undefined error is deprecated
[45.719s] [77/97] Linking CXX shared library libtype_description_interfaces__rosidl_typesupport_fastrtps_cpp.dylib
[45.719s] ld: warning: -undefined error is deprecated
[45.827s] [78/97] Linking CXX shared library libtype_description_interfaces__rosidl_typesupport_introspection_cpp.dylib
[45.827s] ld: warning: -undefined error is deprecated
[45.906s] [79/97] Linking CXX shared library libtype_description_interfaces__rosidl_typesupport_cpp.dylib
[45.906s] ld: warning: -undefined error is deprecated
[49.551s] [80/97] Generating Python code for ROS interfaces
[51.952s] [81/97] Generating Rust code for ROS interfaces
[52.294s] [82/97] Building C object CMakeFiles/type_description_interfaces__rosidl_generator_py.dir/rosidl_generator_py/type_description_interfaces/msg/_field_s.c.o
[52.514s] [83/97] Building C object CMakeFiles/type_description_interfaces__rosidl_generator_py.dir/rosidl_generator_py/type_description_interfaces/msg/_field_type_s.c.o
[52.820s] [84/97] Building C object CMakeFiles/type_description_interfaces__rosidl_generator_py.dir/rosidl_generator_py/type_description_interfaces/msg/_individual_type_description_s.c.o
[53.059s] [85/97] Building C object CMakeFiles/type_description_interfaces__rosidl_generator_py.dir/rosidl_generator_py/type_description_interfaces/msg/_key_value_s.c.o
[53.420s] [86/97] Building C object CMakeFiles/type_description_interfaces__rosidl_generator_py.dir/rosidl_generator_py/type_description_interfaces/msg/_type_description_s.c.o
[53.797s] [87/97] Building C object CMakeFiles/type_description_interfaces__rosidl_generator_py.dir/rosidl_generator_py/type_description_interfaces/msg/_type_source_s.c.o
[54.130s] [88/97] Building C object CMakeFiles/type_description_interfaces__rosidl_generator_py.dir/rosidl_generator_py/type_description_interfaces/srv/_get_type_description_s.c.o
[54.242s] [89/97] Linking C shared library libtype_description_interfaces__rosidl_generator_py.dylib
[54.242s] ld: warning: -undefined error is deprecated
[54.742s] [90/97] Building C object CMakeFiles/type_description_interfaces_s__rosidl_typesupport_fastrtps_c.dir/rosidl_generator_py/type_description_interfaces/_type_description_interfaces_s.ep.rosidl_typesupport_fastrtps_c.c.o
[55.677s] [91/97] Building C object CMakeFiles/type_description_interfaces_s__rosidl_typesupport_introspection_c.dir/rosidl_generator_py/type_description_interfaces/_type_description_interfaces_s.ep.rosidl_typesupport_introspection_c.c.o
[56.209s] [92/97] Building C object CMakeFiles/type_description_interfaces_s__rosidl_typesupport_c.dir/rosidl_generator_py/type_description_interfaces/_type_description_interfaces_s.ep.rosidl_typesupport_c.c.o
[56.237s] [93/97] cd /Users/runner/work/pixi_rosdistro/pixi_rosdistro/build/type_description_interfaces && /Users/runner/work/pixi_rosdistro/pixi_rosdistro/.pixi/envs/default/bin/cmake -E copy_directory /Users/runner/work/pixi_rosdistro/pixi_rosdistro/build/type_description_interfaces/rosidl_generator_py/type_description_interfaces /Users/runner/work/pixi_rosdistro/pixi_rosdistro/build/type_description_interfaces/ament_cmake_python/type_description_interfaces/type_description_interfaces
[56.293s] [94/97] Linking C shared module rosidl_generator_py/type_description_interfaces/type_description_interfaces_s__rosidl_typesupport_fastrtps_c.so
[56.372s] [95/97] Linking C shared module rosidl_generator_py/type_description_interfaces/type_description_interfaces_s__rosidl_typesupport_introspection_c.so
[56.492s] [96/97] Linking C shared module rosidl_generator_py/type_description_interfaces/type_description_interfaces_s__rosidl_typesupport_c.so
[56.792s] [97/97] cd /Users/runner/work/pixi_rosdistro/pixi_rosdistro/build/type_description_interfaces/ament_cmake_python/type_description_interfaces && /Users/runner/work/pixi_rosdistro/pixi_rosdistro/.pixi/envs/default/bin/python3 setup.py egg_info
[56.792s] running egg_info
[56.792s] creating type_description_interfaces.egg-info
[56.792s] writing type_description_interfaces.egg-info/PKG-INFO
[56.792s] writing dependency_links to type_description_interfaces.egg-info/dependency_links.txt
[56.792s] writing top-level names to type_description_interfaces.egg-info/top_level.txt
[56.792s] writing manifest file 'type_description_interfaces.egg-info/SOURCES.txt'
[56.792s] reading manifest file 'type_description_interfaces.egg-info/SOURCES.txt'
[56.792s] writing manifest file 'type_description_interfaces.egg-info/SOURCES.txt'
[56.809s] Invoked command in '/Users/runner/work/pixi_rosdistro/pixi_rosdistro/build/type_description_interfaces' returned '0': AMENT_PREFIX_PATH=/Users/runner/work/pixi_rosdistro/pixi_rosdistro/install CMAKE_PREFIX_PATH=/Users/runner/work/pixi_rosdistro/pixi_rosdistro/install DYLD_LIBRARY_PATH=/Users/runner/work/pixi_rosdistro/pixi_rosdistro/install/lib:/Users/runner/work/pixi_rosdistro/pixi_rosdistro/install/opt/mimick_vendor/lib PATH=/Users/runner/work/pixi_rosdistro/pixi_rosdistro/install/bin:${PATH} PIXI_PROMPT=(ros2_rolling) PKG_CONFIG_PATH=/Users/runner/work/pixi_rosdistro/pixi_rosdistro/install/lib/pkgconfig PYTHONPATH=/Users/runner/work/pixi_rosdistro/pixi_rosdistro/install/lib/python3.12/site-packages ROS_DOMAIN_ID=140 ROS_PYTHON_VERSION=3 SHLVL=3 _=/usr/bin/env /Users/runner/work/pixi_rosdistro/pixi_rosdistro/.pixi/envs/default/bin/cmake --build /Users/runner/work/pixi_rosdistro/pixi_rosdistro/build/type_description_interfaces -- -j3 -l3
[56.820s] Invoking command in '/Users/runner/work/pixi_rosdistro/pixi_rosdistro/build/type_description_interfaces': AMENT_PREFIX_PATH=/Users/runner/work/pixi_rosdistro/pixi_rosdistro/install CMAKE_PREFIX_PATH=/Users/runner/work/pixi_rosdistro/pixi_rosdistro/install DYLD_LIBRARY_PATH=/Users/runner/work/pixi_rosdistro/pixi_rosdistro/install/lib:/Users/runner/work/pixi_rosdistro/pixi_rosdistro/install/opt/mimick_vendor/lib PATH=/Users/runner/work/pixi_rosdistro/pixi_rosdistro/install/bin:${PATH} PIXI_PROMPT=(ros2_rolling) PKG_CONFIG_PATH=/Users/runner/work/pixi_rosdistro/pixi_rosdistro/install/lib/pkgconfig PYTHONPATH=/Users/runner/work/pixi_rosdistro/pixi_rosdistro/install/lib/python3.12/site-packages ROS_DOMAIN_ID=140 ROS_PYTHON_VERSION=3 SHLVL=3 _=/usr/bin/env /Users/runner/work/pixi_rosdistro/pixi_rosdistro/.pixi/envs/default/bin/cmake --install /Users/runner/work/pixi_rosdistro/pixi_rosdistro/build/type_description_interfaces
[56.843s] -- Install configuration: "Release"
[56.844s] -- Installing: /Users/runner/work/pixi_rosdistro/pixi_rosdistro/install/share/ament_index/resource_index/rosidl_interfaces/type_description_interfaces
[56.844s] -- Installing: /Users/runner/work/pixi_rosdistro/pixi_rosdistro/install/share/type_description_interfaces/msg/Field.json
[56.844s] -- Installing: /Users/runner/work/pixi_rosdistro/pixi_rosdistro/install/share/type_description_interfaces/msg/FieldType.json
[56.844s] -- Installing: /Users/runner/work/pixi_rosdistro/pixi_rosdistro/install/share/type_description_interfaces/msg/IndividualTypeDescription.json
[56.845s] -- Installing: /Users/runner/work/pixi_rosdistro/pixi_rosdistro/install/share/type_description_interfaces/msg/KeyValue.json
[56.846s] -- Installing: /Users/runner/work/pixi_rosdistro/pixi_rosdistro/install/share/type_description_interfaces/msg/TypeDescription.json
[56.846s] -- Installing: /Users/runner/work/pixi_rosdistro/pixi_rosdistro/install/share/type_description_interfaces/msg/TypeSource.json
[56.846s] -- Installing: /Users/runner/work/pixi_rosdistro/pixi_rosdistro/install/share/type_description_interfaces/srv/GetTypeDescription.json
[56.846s] -- Installing: /Users/runner/work/pixi_rosdistro/pixi_rosdistro/install/include/type_description_interfaces/type_description_interfaces
[56.846s] -- Installing: /Users/runner/work/pixi_rosdistro/pixi_rosdistro/install/include/type_description_interfaces/type_description_interfaces/msg
[56.846s] -- Installing: /Users/runner/work/pixi_rosdistro/pixi_rosdistro/install/include/type_description_interfaces/type_description_interfaces/msg/rosidl_generator_c__visibility_control.h
[56.846s] -- Installing: /Users/runner/work/pixi_rosdistro/pixi_rosdistro/install/include/type_description_interfaces/type_description_interfaces/msg/individual_type_description.h
[56.846s] -- Installing: /Users/runner/work/pixi_rosdistro/pixi_rosdistro/install/include/type_description_interfaces/type_description_interfaces/msg/field.h
[56.846s] -- Installing: /Users/runner/work/pixi_rosdistro/pixi_rosdistro/install/include/type_description_interfaces/type_description_interfaces/msg/key_value.h
[56.846s] -- Installing: /Users/runner/work/pixi_rosdistro/pixi_rosdistro/install/include/type_description_interfaces/type_description_interfaces/msg/type_description.h
[56.847s] -- Installing: /Users/runner/work/pixi_rosdistro/pixi_rosdistro/install/include/type_description_interfaces/type_description_interfaces/msg/field_type.h
[56.847s] -- Installing: /Users/runner/work/pixi_rosdistro/pixi_rosdistro/install/include/type_description_interfaces/type_description_interfaces/msg/detail
[56.847s] -- Installing: /Users/runner/work/pixi_rosdistro/pixi_rosdistro/install/include/type_description_interfaces/type_description_interfaces/msg/detail/type_source__functions.c
[56.848s] -- Installing: /Users/runner/work/pixi_rosdistro/pixi_rosdistro/install/include/type_description_interfaces/type_description_interfaces/msg/detail/field_type__functions.c
[56.848s] -- Installing: /Users/runner/work/pixi_rosdistro/pixi_rosdistro/install/include/type_description_interfaces/type_description_interfaces/msg/detail/type_source__description.c
[56.849s] -- Installing: /Users/runner/work/pixi_rosdistro/pixi_rosdistro/install/include/type_description_interfaces/type_description_interfaces/msg/detail/field__functions.c
[56.849s] -- Installing: /Users/runner/work/pixi_rosdistro/pixi_rosdistro/install/include/type_description_interfaces/type_description_interfaces/msg/detail/individual_type_description__type_support.c
[56.849s] -- Installing: /Users/runner/work/pixi_rosdistro/pixi_rosdistro/install/include/type_description_interfaces/type_description_interfaces/msg/detail/type_source__type_support.c
[56.849s] -- Installing: /Users/runner/work/pixi_rosdistro/pixi_rosdistro/install/include/type_description_interfaces/type_description_interfaces/msg/detail/field_type__struct.h
[56.849s] -- Installing: /Users/runner/work/pixi_rosdistro/pixi_rosdistro/install/include/type_description_interfaces/type_description_interfaces/msg/detail/key_value__description.c
[56.850s] -- Installing: /Users/runner/work/pixi_rosdistro/pixi_rosdistro/install/include/type_description_interfaces/type_description_interfaces/msg/detail/field__type_support.h
[56.850s] -- Installing: /Users/runner/work/pixi_rosdistro/pixi_rosdistro/install/include/type_description_interfaces/type_description_interfaces/msg/detail/type_description__struct.h
[56.850s] -- Installing: /Users/runner/work/pixi_rosdistro/pixi_rosdistro/install/include/type_description_interfaces/type_description_interfaces/msg/detail/type_description__type_support.h
[56.850s] -- Installing: /Users/runner/work/pixi_rosdistro/pixi_rosdistro/install/include/type_description_interfaces/type_description_interfaces/msg/detail/individual_type_description__functions.h
[56.850s] -- Installing: /Users/runner/work/pixi_rosdistro/pixi_rosdistro/install/include/type_description_interfaces/type_description_interfaces/msg/detail/key_value__functions.h
[56.850s] -- Installing: /Users/runner/work/pixi_rosdistro/pixi_rosdistro/install/include/type_description_interfaces/type_description_interfaces/msg/detail/field_type__type_support.h
[56.851s] -- Installing: /Users/runner/work/pixi_rosdistro/pixi_rosdistro/install/include/type_description_interfaces/type_description_interfaces/msg/detail/type_description__functions.c
[56.851s] -- Installing: /Users/runner/work/pixi_rosdistro/pixi_rosdistro/install/include/type_description_interfaces/type_description_interfaces/msg/detail/key_value__type_support.c
[56.851s] -- Installing: /Users/runner/work/pixi_rosdistro/pixi_rosdistro/install/include/type_description_interfaces/type_description_interfaces/msg/detail/individual_type_description__description.c
[56.851s] -- Installing: /Users/runner/work/pixi_rosdistro/pixi_rosdistro/install/include/type_description_interfaces/type_description_interfaces/msg/detail/field__struct.h
[56.852s] -- Installing: /Users/runner/work/pixi_rosdistro/pixi_rosdistro/install/include/type_description_interfaces/type_description_interfaces/msg/detail/field_type__functions.h
[56.852s] -- Installing: /Users/runner/work/pixi_rosdistro/pixi_rosdistro/install/include/type_description_interfaces/type_description_interfaces/msg/detail/type_source__functions.h
[56.852s] -- Installing: /Users/runner/work/pixi_rosdistro/pixi_rosdistro/install/include/type_description_interfaces/type_description_interfaces/msg/detail/field__type_support.c
[56.852s] -- Installing: /Users/runner/work/pixi_rosdistro/pixi_rosdistro/install/include/type_description_interfaces/type_description_interfaces/msg/detail/key_value__struct.h
[56.852s] -- Installing: /Users/runner/work/pixi_rosdistro/pixi_rosdistro/install/include/type_description_interfaces/type_description_interfaces/msg/detail/individual_type_description__type_support.h
[56.853s] -- Installing: /Users/runner/work/pixi_rosdistro/pixi_rosdistro/install/include/type_description_interfaces/type_description_interfaces/msg/detail/field__functions.h
[56.853s] -- Installing: /Users/runner/work/pixi_rosdistro/pixi_rosdistro/install/include/type_description_interfaces/type_description_interfaces/msg/detail/type_source__struct.h
[56.853s] -- Installing: /Users/runner/work/pixi_rosdistro/pixi_rosdistro/install/include/type_description_interfaces/type_description_interfaces/msg/detail/type_source__type_support.h
[56.858s] -- Installing: /Users/runner/work/pixi_rosdistro/pixi_rosdistro/install/include/type_description_interfaces/type_description_interfaces/msg/detail/type_description__description.c
[56.859s] -- Installing: /Users/runner/work/pixi_rosdistro/pixi_rosdistro/install/include/type_description_interfaces/type_description_interfaces/msg/detail/field_type__type_support.c
[56.859s] -- Installing: /Users/runner/work/pixi_rosdistro/pixi_rosdistro/install/include/type_description_interfaces/type_description_interfaces/msg/detail/key_value__type_support.h
[56.859s] -- Installing: /Users/runner/work/pixi_rosdistro/pixi_rosdistro/install/include/type_description_interfaces/type_description_interfaces/msg/detail/type_description__functions.h
[56.860s] -- Installing: /Users/runner/work/pixi_rosdistro/pixi_rosdistro/install/include/type_description_interfaces/type_description_interfaces/msg/detail/key_value__functions.c
[56.860s] -- Installing: /Users/runner/work/pixi_rosdistro/pixi_rosdistro/install/include/type_description_interfaces/type_description_interfaces/msg/detail/type_description__type_support.c
[56.860s] -- Installing: /Users/runner/work/pixi_rosdistro/pixi_rosdistro/install/include/type_description_interfaces/type_description_interfaces/msg/detail/individual_type_description__functions.c
[56.860s] -- Installing: /Users/runner/work/pixi_rosdistro/pixi_rosdistro/install/include/type_description_interfaces/type_description_interfaces/msg/detail/field__description.c
[56.863s] -- Installing: /Users/runner/work/pixi_rosdistro/pixi_rosdistro/install/include/type_description_interfaces/type_description_interfaces/msg/detail/individual_type_description__struct.h
[56.863s] -- Installing: /Users/runner/work/pixi_rosdistro/pixi_rosdistro/install/include/type_description_interfaces/type_description_interfaces/msg/detail/field_type__description.c
[56.863s] -- Installing: /Users/runner/work/pixi_rosdistro/pixi_rosdistro/install/include/type_description_interfaces/type_description_interfaces/msg/type_source.h
[56.863s] -- Installing: /Users/runner/work/pixi_rosdistro/pixi_rosdistro/install/include/type_description_interfaces/type_description_interfaces/srv
[56.863s] -- Installing: /Users/runner/work/pixi_rosdistro/pixi_rosdistro/install/include/type_description_interfaces/type_description_interfaces/srv/detail
[56.863s] -- Installing: /Users/runner/work/pixi_rosdistro/pixi_rosdistro/install/include/type_description_interfaces/type_description_interfaces/srv/detail/get_type_description__functions.h
[56.863s] -- Installing: /Users/runner/work/pixi_rosdistro/pixi_rosdistro/install/include/type_description_interfaces/type_description_interfaces/srv/detail/get_type_description__type_support.c
[56.863s] -- Installing: /Users/runner/work/pixi_rosdistro/pixi_rosdistro/install/include/type_description_interfaces/type_description_interfaces/srv/detail/get_type_description__description.c
[56.863s] -- Installing: /Users/runner/work/pixi_rosdistro/pixi_rosdistro/install/include/type_description_interfaces/type_description_interfaces/srv/detail/get_type_description__struct.h
[56.864s] -- Installing: /Users/runner/work/pixi_rosdistro/pixi_rosdistro/install/include/type_description_interfaces/type_description_interfaces/srv/detail/get_type_description__type_support.h
[56.864s] -- Installing: /Users/runner/work/pixi_rosdistro/pixi_rosdistro/install/include/type_description_interfaces/type_description_interfaces/srv/detail/get_type_description__functions.c
[56.864s] -- Installing: /Users/runner/work/pixi_rosdistro/pixi_rosdistro/install/include/type_description_interfaces/type_description_interfaces/srv/get_type_description.h
[56.864s] -- Installing: /Users/runner/work/pixi_rosdistro/pixi_rosdistro/install/share/type_description_interfaces/environment/library_path.sh
[56.878s] -- Installing: /Users/runner/work/pixi_rosdistro/pixi_rosdistro/install/share/type_description_interfaces/environment/library_path.dsv
[56.878s] -- Installing: /Users/runner/work/pixi_rosdistro/pixi_rosdistro/install/lib/libtype_description_interfaces__rosidl_generator_c.dylib
[56.878s] -- Up-to-date: /Users/runner/work/pixi_rosdistro/pixi_rosdistro/install/include/type_description_interfaces/type_description_interfaces
[56.878s] -- Up-to-date: /Users/runner/work/pixi_rosdistro/pixi_rosdistro/install/include/type_description_interfaces/type_description_interfaces/msg
[56.878s] -- Up-to-date: /Users/runner/work/pixi_rosdistro/pixi_rosdistro/install/include/type_description_interfaces/type_description_interfaces/msg/detail
[56.878s] -- Installing: /Users/runner/work/pixi_rosdistro/pixi_rosdistro/install/include/type_description_interfaces/type_description_interfaces/msg/detail/type_source__rosidl_typesupport_fastrtps_c.h
[56.878s] -- Installing: /Users/runner/work/pixi_rosdistro/pixi_rosdistro/install/include/type_description_interfaces/type_description_interfaces/msg/detail/type_description__rosidl_typesupport_fastrtps_c.h
[56.878s] -- Installing: /Users/runner/work/pixi_rosdistro/pixi_rosdistro/install/include/type_description_interfaces/type_description_interfaces/msg/detail/field_type__rosidl_typesupport_fastrtps_c.h
[56.878s] -- Installing: /Users/runner/work/pixi_rosdistro/pixi_rosdistro/install/include/type_description_interfaces/type_description_interfaces/msg/detail/key_value__rosidl_typesupport_fastrtps_c.h
[56.878s] -- Installing: /Users/runner/work/pixi_rosdistro/pixi_rosdistro/install/include/type_description_interfaces/type_description_interfaces/msg/detail/individual_type_description__rosidl_typesupport_fastrtps_c.h
[56.878s] -- Installing: /Users/runner/work/pixi_rosdistro/pixi_rosdistro/install/include/type_description_interfaces/type_description_interfaces/msg/detail/field__rosidl_typesupport_fastrtps_c.h
[56.878s] -- Installing: /Users/runner/work/pixi_rosdistro/pixi_rosdistro/install/include/type_description_interfaces/type_description_interfaces/msg/rosidl_typesupport_fastrtps_c__visibility_control.h
[56.878s] -- Up-to-date: /Users/runner/work/pixi_rosdistro/pixi_rosdistro/install/include/type_description_interfaces/type_description_interfaces/srv
[56.878s] -- Up-to-date: /Users/runner/work/pixi_rosdistro/pixi_rosdistro/install/include/type_description_interfaces/type_description_interfaces/srv/detail
[56.878s] -- Installing: /Users/runner/work/pixi_rosdistro/pixi_rosdistro/install/include/type_description_interfaces/type_description_interfaces/srv/detail/get_type_description__rosidl_typesupport_fastrtps_c.h
[56.878s] -- Installing: /Users/runner/work/pixi_rosdistro/pixi_rosdistro/install/lib/libtype_description_interfaces__rosidl_typesupport_fastrtps_c.dylib
[56.879s] -- Up-to-date: /Users/runner/work/pixi_rosdistro/pixi_rosdistro/install/include/type_description_interfaces/type_description_interfaces
[56.879s] -- Up-to-date: /Users/runner/work/pixi_rosdistro/pixi_rosdistro/install/include/type_description_interfaces/type_description_interfaces/msg
[56.879s] -- Up-to-date: /Users/runner/work/pixi_rosdistro/pixi_rosdistro/install/include/type_description_interfaces/type_description_interfaces/msg/detail
[56.879s] -- Installing: /Users/runner/work/pixi_rosdistro/pixi_rosdistro/install/include/type_description_interfaces/type_description_interfaces/msg/detail/individual_type_description__type_support.c
[56.879s] -- Installing: /Users/runner/work/pixi_rosdistro/pixi_rosdistro/install/include/type_description_interfaces/type_description_interfaces/msg/detail/type_source__type_support.c
[56.879s] -- Installing: /Users/runner/work/pixi_rosdistro/pixi_rosdistro/install/include/type_description_interfaces/type_description_interfaces/msg/detail/key_value__type_support.c
[56.880s] -- Installing: /Users/runner/work/pixi_rosdistro/pixi_rosdistro/install/include/type_description_interfaces/type_description_interfaces/msg/detail/field_type__rosidl_typesupport_introspection_c.h
[56.880s] -- Installing: /Users/runner/work/pixi_rosdistro/pixi_rosdistro/install/include/type_description_interfaces/type_description_interfaces/msg/detail/key_value__rosidl_typesupport_introspection_c.h
[56.881s] -- Installing: /Users/runner/work/pixi_rosdistro/pixi_rosdistro/install/include/type_description_interfaces/type_description_interfaces/msg/detail/type_source__rosidl_typesupport_introspection_c.h
[56.881s] -- Installing: /Users/runner/work/pixi_rosdistro/pixi_rosdistro/install/include/type_description_interfaces/type_description_interfaces/msg/detail/individual_type_description__rosidl_typesupport_introspection_c.h
[56.882s] -- Installing: /Users/runner/work/pixi_rosdistro/pixi_rosdistro/install/include/type_description_interfaces/type_description_interfaces/msg/detail/type_description__rosidl_typesupport_introspection_c.h
[56.883s] -- Installing: /Users/runner/work/pixi_rosdistro/pixi_rosdistro/install/include/type_description_interfaces/type_description_interfaces/msg/detail/field__type_support.c
[56.883s] -- Installing: /Users/runner/work/pixi_rosdistro/pixi_rosdistro/install/include/type_description_interfaces/type_description_interfaces/msg/detail/field_type__type_support.c
[56.884s] -- Installing: /Users/runner/work/pixi_rosdistro/pixi_rosdistro/install/include/type_description_interfaces/type_description_interfaces/msg/detail/type_description__type_support.c
[56.885s] -- Installing: /Users/runner/work/pixi_rosdistro/pixi_rosdistro/install/include/type_description_interfaces/type_description_interfaces/msg/detail/field__rosidl_typesupport_introspection_c.h
[56.886s] -- Installing: /Users/runner/work/pixi_rosdistro/pixi_rosdistro/install/include/type_description_interfaces/type_description_interfaces/msg/rosidl_typesupport_introspection_c__visibility_control.h
[56.886s] -- Up-to-date: /Users/runner/work/pixi_rosdistro/pixi_rosdistro/install/include/type_description_interfaces/type_description_interfaces/srv
[56.886s] -- Up-to-date: /Users/runner/work/pixi_rosdistro/pixi_rosdistro/install/include/type_description_interfaces/type_description_interfaces/srv/detail
[56.886s] -- Installing: /Users/runner/work/pixi_rosdistro/pixi_rosdistro/install/include/type_description_interfaces/type_description_interfaces/srv/detail/get_type_description__type_support.c
[56.887s] -- Installing: /Users/runner/work/pixi_rosdistro/pixi_rosdistro/install/include/type_description_interfaces/type_description_interfaces/srv/detail/get_type_description__rosidl_typesupport_introspection_c.h
[56.888s] -- Installing: /Users/runner/work/pixi_rosdistro/pixi_rosdistro/install/lib/libtype_description_interfaces__rosidl_typesupport_introspection_c.dylib
[56.888s] -- Installing: /Users/runner/work/pixi_rosdistro/pixi_rosdistro/install/lib/libtype_description_interfaces__rosidl_typesupport_c.dylib
[56.889s] -- Up-to-date: /Users/runner/work/pixi_rosdistro/pixi_rosdistro/install/include/type_description_interfaces/type_description_interfaces
[56.889s] -- Up-to-date: /Users/runner/work/pixi_rosdistro/pixi_rosdistro/install/include/type_description_interfaces/type_description_interfaces/msg
[56.890s] -- Installing: /Users/runner/work/pixi_rosdistro/pixi_rosdistro/install/include/type_description_interfaces/type_description_interfaces/msg/field_type.hpp
[56.890s] -- Installing: /Users/runner/work/pixi_rosdistro/pixi_rosdistro/install/include/type_description_interfaces/type_description_interfaces/msg/type_source.hpp
[56.891s] -- Installing: /Users/runner/work/pixi_rosdistro/pixi_rosdistro/install/include/type_description_interfaces/type_description_interfaces/msg/type_description.hpp
[56.891s] -- Installing: /Users/runner/work/pixi_rosdistro/pixi_rosdistro/install/include/type_description_interfaces/type_description_interfaces/msg/field.hpp
[56.891s] -- Up-to-date: /Users/runner/work/pixi_rosdistro/pixi_rosdistro/install/include/type_description_interfaces/type_description_interfaces/msg/detail
[56.892s] -- Installing: /Users/runner/work/pixi_rosdistro/pixi_rosdistro/install/include/type_description_interfaces/type_description_interfaces/msg/detail/type_description__struct.hpp
[56.892s] -- Installing: /Users/runner/work/pixi_rosdistro/pixi_rosdistro/install/include/type_description_interfaces/type_description_interfaces/msg/detail/field__type_support.hpp
[56.893s] -- Installing: /Users/runner/work/pixi_rosdistro/pixi_rosdistro/install/include/type_description_interfaces/type_description_interfaces/msg/detail/field__struct.hpp
[56.893s] -- Installing: /Users/runner/work/pixi_rosdistro/pixi_rosdistro/install/include/type_description_interfaces/type_description_interfaces/msg/detail/field_type__struct.hpp
[56.894s] -- Installing: /Users/runner/work/pixi_rosdistro/pixi_rosdistro/install/include/type_description_interfaces/type_description_interfaces/msg/detail/type_source__struct.hpp
[56.895s] -- Installing: /Users/runner/work/pixi_rosdistro/pixi_rosdistro/install/include/type_description_interfaces/type_description_interfaces/msg/detail/type_description__builder.hpp
[56.895s] -- Installing: /Users/runner/work/pixi_rosdistro/pixi_rosdistro/install/include/type_description_interfaces/type_description_interfaces/msg/detail/individual_type_description__struct.hpp
[56.896s] -- Installing: /Users/runner/work/pixi_rosdistro/pixi_rosdistro/install/include/type_description_interfaces/type_description_interfaces/msg/detail/field__builder.hpp
[56.896s] -- Installing: /Users/runner/work/pixi_rosdistro/pixi_rosdistro/install/include/type_description_interfaces/type_description_interfaces/msg/detail/key_value__type_support.hpp
[56.896s] -- Installing: /Users/runner/work/pixi_rosdistro/pixi_rosdistro/install/include/type_description_interfaces/type_description_interfaces/msg/detail/key_value__traits.hpp
[56.896s] -- Installing: /Users/runner/work/pixi_rosdistro/pixi_rosdistro/install/include/type_description_interfaces/type_description_interfaces/msg/detail/type_source__builder.hpp
[56.896s] -- Installing: /Users/runner/work/pixi_rosdistro/pixi_rosdistro/install/include/type_description_interfaces/type_description_interfaces/msg/detail/field_type__builder.hpp
[56.896s] -- Installing: /Users/runner/work/pixi_rosdistro/pixi_rosdistro/install/include/type_description_interfaces/type_description_interfaces/msg/detail/type_description__traits.hpp
[56.896s] -- Installing: /Users/runner/work/pixi_rosdistro/pixi_rosdistro/install/include/type_description_interfaces/type_description_interfaces/msg/detail/individual_type_description__type_support.hpp
[56.897s] -- Installing: /Users/runner/work/pixi_rosdistro/pixi_rosdistro/install/include/type_description_interfaces/type_description_interfaces/msg/detail/individual_type_description__traits.hpp
[56.897s] -- Installing: /Users/runner/work/pixi_rosdistro/pixi_rosdistro/install/include/type_description_interfaces/type_description_interfaces/msg/detail/field__traits.hpp
[56.900s] -- Installing: /Users/runner/work/pixi_rosdistro/pixi_rosdistro/install/include/type_description_interfaces/type_description_interfaces/msg/detail/key_value__builder.hpp
[56.901s] -- Installing: /Users/runner/work/pixi_rosdistro/pixi_rosdistro/install/include/type_description_interfaces/type_description_interfaces/msg/detail/field_type__traits.hpp
[56.901s] -- Installing: /Users/runner/work/pixi_rosdistro/pixi_rosdistro/install/include/type_description_interfaces/type_description_interfaces/msg/detail/type_source__traits.hpp
[56.902s] -- Installing: /Users/runner/work/pixi_rosdistro/pixi_rosdistro/install/include/type_description_interfaces/type_description_interfaces/msg/detail/individual_type_description__builder.hpp
[56.902s] -- Installing: /Users/runner/work/pixi_rosdistro/pixi_rosdistro/install/include/type_description_interfaces/type_description_interfaces/msg/detail/type_description__type_support.hpp
[56.902s] -- Installing: /Users/runner/work/pixi_rosdistro/pixi_rosdistro/install/include/type_description_interfaces/type_description_interfaces/msg/detail/key_value__struct.hpp
[56.902s] -- Installing: /Users/runner/work/pixi_rosdistro/pixi_rosdistro/install/include/type_description_interfaces/type_description_interfaces/msg/detail/type_source__type_support.hpp
[56.902s] -- Installing: /Users/runner/work/pixi_rosdistro/pixi_rosdistro/install/include/type_description_interfaces/type_description_interfaces/msg/detail/field_type__type_support.hpp
[56.902s] -- Installing: /Users/runner/work/pixi_rosdistro/pixi_rosdistro/install/include/type_description_interfaces/type_description_interfaces/msg/rosidl_generator_cpp__visibility_control.hpp
[56.902s] -- Installing: /Users/runner/work/pixi_rosdistro/pixi_rosdistro/install/include/type_description_interfaces/type_description_interfaces/msg/individual_type_description.hpp
[56.902s] -- Installing: /Users/runner/work/pixi_rosdistro/pixi_rosdistro/install/include/type_description_interfaces/type_description_interfaces/msg/key_value.hpp
[56.903s] -- Up-to-date: /Users/runner/work/pixi_rosdistro/pixi_rosdistro/install/include/type_description_interfaces/type_description_interfaces/srv
[56.903s] -- Installing: /Users/runner/work/pixi_rosdistro/pixi_rosdistro/install/include/type_description_interfaces/type_description_interfaces/srv/get_type_description.hpp
[56.903s] -- Up-to-date: /Users/runner/work/pixi_rosdistro/pixi_rosdistro/install/include/type_description_interfaces/type_description_interfaces/srv/detail
[56.903s] -- Installing: /Users/runner/work/pixi_rosdistro/pixi_rosdistro/install/include/type_description_interfaces/type_description_interfaces/srv/detail/get_type_description__struct.hpp
[56.903s] -- Installing: /Users/runner/work/pixi_rosdistro/pixi_rosdistro/install/include/type_description_interfaces/type_description_interfaces/srv/detail/get_type_description__type_support.hpp
[56.903s] -- Installing: /Users/runner/work/pixi_rosdistro/pixi_rosdistro/install/include/type_description_interfaces/type_description_interfaces/srv/detail/get_type_description__traits.hpp
[56.903s] -- Installing: /Users/runner/work/pixi_rosdistro/pixi_rosdistro/install/include/type_description_interfaces/type_description_interfaces/srv/detail/get_type_description__builder.hpp
[56.904s] -- Up-to-date: /Users/runner/work/pixi_rosdistro/pixi_rosdistro/install/include/type_description_interfaces/type_description_interfaces
[56.904s] -- Up-to-date: /Users/runner/work/pixi_rosdistro/pixi_rosdistro/install/include/type_description_interfaces/type_description_interfaces/msg
[56.904s] -- Installing: /Users/runner/work/pixi_rosdistro/pixi_rosdistro/install/include/type_description_interfaces/type_description_interfaces/msg/rosidl_typesupport_fastrtps_cpp__visibility_control.h
[56.904s] -- Up-to-date: /Users/runner/work/pixi_rosdistro/pixi_rosdistro/install/include/type_description_interfaces/type_description_interfaces/msg/detail
[56.904s] -- Installing: /Users/runner/work/pixi_rosdistro/pixi_rosdistro/install/include/type_description_interfaces/type_description_interfaces/msg/detail/type_description__rosidl_typesupport_fastrtps_cpp.hpp
[56.904s] -- Installing: /Users/runner/work/pixi_rosdistro/pixi_rosdistro/install/include/type_description_interfaces/type_description_interfaces/msg/detail/type_source__rosidl_typesupport_fastrtps_cpp.hpp
[56.905s] -- Installing: /Users/runner/work/pixi_rosdistro/pixi_rosdistro/install/include/type_description_interfaces/type_description_interfaces/msg/detail/field_type__rosidl_typesupport_fastrtps_cpp.hpp
[56.905s] -- Installing: /Users/runner/work/pixi_rosdistro/pixi_rosdistro/install/include/type_description_interfaces/type_description_interfaces/msg/detail/individual_type_description__rosidl_typesupport_fastrtps_cpp.hpp
[56.905s] -- Installing: /Users/runner/work/pixi_rosdistro/pixi_rosdistro/install/include/type_description_interfaces/type_description_interfaces/msg/detail/key_value__rosidl_typesupport_fastrtps_cpp.hpp
[56.905s] -- Installing: /Users/runner/work/pixi_rosdistro/pixi_rosdistro/install/include/type_description_interfaces/type_description_interfaces/msg/detail/field__rosidl_typesupport_fastrtps_cpp.hpp
[56.905s] -- Installing: /Users/runner/work/pixi_rosdistro/pixi_rosdistro/install/include/type_description_interfaces/type_description_interfaces/msg/detail/dds_fastrtps
[56.905s] -- Up-to-date: /Users/runner/work/pixi_rosdistro/pixi_rosdistro/install/include/type_description_interfaces/type_description_interfaces/srv
[56.905s] -- Up-to-date: /Users/runner/work/pixi_rosdistro/pixi_rosdistro/install/include/type_description_interfaces/type_description_interfaces/srv/detail
[56.906s] -- Installing: /Users/runner/work/pixi_rosdistro/pixi_rosdistro/install/include/type_description_interfaces/type_description_interfaces/srv/detail/dds_fastrtps
[56.906s] -- Installing: /Users/runner/work/pixi_rosdistro/pixi_rosdistro/install/include/type_description_interfaces/type_description_interfaces/srv/detail/get_type_description__rosidl_typesupport_fastrtps_cpp.hpp
[56.906s] -- Installing: /Users/runner/work/pixi_rosdistro/pixi_rosdistro/install/lib/libtype_description_interfaces__rosidl_typesupport_fastrtps_cpp.dylib
[56.906s] -- Up-to-date: /Users/runner/work/pixi_rosdistro/pixi_rosdistro/install/include/type_description_interfaces/type_description_interfaces
[56.906s] -- Up-to-date: /Users/runner/work/pixi_rosdistro/pixi_rosdistro/install/include/type_description_interfaces/type_description_interfaces/msg
[56.906s] -- Up-to-date: /Users/runner/work/pixi_rosdistro/pixi_rosdistro/install/include/type_description_interfaces/type_description_interfaces/msg/detail
[56.906s] -- Installing: /Users/runner/work/pixi_rosdistro/pixi_rosdistro/install/include/type_description_interfaces/type_description_interfaces/msg/detail/type_source__type_support.cpp
[56.906s] -- Installing: /Users/runner/work/pixi_rosdistro/pixi_rosdistro/install/include/type_description_interfaces/type_description_interfaces/msg/detail/type_source__rosidl_typesupport_introspection_cpp.hpp
[56.906s] -- Installing: /Users/runner/work/pixi_rosdistro/pixi_rosdistro/install/include/type_description_interfaces/type_description_interfaces/msg/detail/field__rosidl_typesupport_introspection_cpp.hpp
[56.907s] -- Installing: /Users/runner/work/pixi_rosdistro/pixi_rosdistro/install/include/type_description_interfaces/type_description_interfaces/msg/detail/field_type__type_support.cpp
[56.907s] -- Installing: /Users/runner/work/pixi_rosdistro/pixi_rosdistro/install/include/type_description_interfaces/type_description_interfaces/msg/detail/individual_type_description__type_support.cpp
[56.907s] -- Installing: /Users/runner/work/pixi_rosdistro/pixi_rosdistro/install/include/type_description_interfaces/type_description_interfaces/msg/detail/key_value__rosidl_typesupport_introspection_cpp.hpp
[56.911s] -- Installing: /Users/runner/work/pixi_rosdistro/pixi_rosdistro/install/include/type_description_interfaces/type_description_interfaces/msg/detail/type_description__type_support.cpp
[56.911s] -- Installing: /Users/runner/work/pixi_rosdistro/pixi_rosdistro/install/include/type_description_interfaces/type_description_interfaces/msg/detail/field_type__rosidl_typesupport_introspection_cpp.hpp
[56.911s] -- Installing: /Users/runner/work/pixi_rosdistro/pixi_rosdistro/install/include/type_description_interfaces/type_description_interfaces/msg/detail/key_value__type_support.cpp
[56.912s] -- Installing: /Users/runner/work/pixi_rosdistro/pixi_rosdistro/install/include/type_description_interfaces/type_description_interfaces/msg/detail/type_description__rosidl_typesupport_introspection_cpp.hpp
[56.912s] -- Installing: /Users/runner/work/pixi_rosdistro/pixi_rosdistro/install/include/type_description_interfaces/type_description_interfaces/msg/detail/individual_type_description__rosidl_typesupport_introspection_cpp.hpp
[56.912s] -- Installing: /Users/runner/work/pixi_rosdistro/pixi_rosdistro/install/include/type_description_interfaces/type_description_interfaces/msg/detail/field__type_support.cpp
[56.912s] -- Up-to-date: /Users/runner/work/pixi_rosdistro/pixi_rosdistro/install/include/type_description_interfaces/type_description_interfaces/srv
[56.912s] -- Up-to-date: /Users/runner/work/pixi_rosdistro/pixi_rosdistro/install/include/type_description_interfaces/type_description_interfaces/srv/detail
[56.912s] -- Installing: /Users/runner/work/pixi_rosdistro/pixi_rosdistro/install/include/type_description_interfaces/type_description_interfaces/srv/detail/get_type_description__rosidl_typesupport_introspection_cpp.hpp
[56.912s] -- Installing: /Users/runner/work/pixi_rosdistro/pixi_rosdistro/install/include/type_description_interfaces/type_description_interfaces/srv/detail/get_type_description__type_support.cpp
[56.912s] -- Installing: /Users/runner/work/pixi_rosdistro/pixi_rosdistro/install/lib/libtype_description_interfaces__rosidl_typesupport_introspection_cpp.dylib
[56.913s] -- Installing: /Users/runner/work/pixi_rosdistro/pixi_rosdistro/install/lib/libtype_description_interfaces__rosidl_typesupport_cpp.dylib
[56.913s] -- Installing: /Users/runner/work/pixi_rosdistro/pixi_rosdistro/install/share/type_description_interfaces/environment/pythonpath.sh
[56.914s] -- Installing: /Users/runner/work/pixi_rosdistro/pixi_rosdistro/install/share/type_description_interfaces/environment/pythonpath.dsv
[56.933s] -- Installing: /Users/runner/work/pixi_rosdistro/pixi_rosdistro/install/lib/python3.12/site-packages/type_description_interfaces/type_description_interfaces_s__rosidl_typesupport_fastrtps_c.so
[56.933s] -- Installing: /Users/runner/work/pixi_rosdistro/pixi_rosdistro/install/lib/python3.12/site-packages/type_description_interfaces/type_description_interfaces_s__rosidl_typesupport_introspection_c.so
[56.934s] -- Installing: /Users/runner/work/pixi_rosdistro/pixi_rosdistro/install/lib/python3.12/site-packages/type_description_interfaces/type_description_interfaces_s__rosidl_typesupport_c.so
[56.934s] -- Installing: /Users/runner/work/pixi_rosdistro/pixi_rosdistro/install/lib/libtype_description_interfaces__rosidl_generator_py.dylib
[56.949s] -- Installing: /Users/runner/work/pixi_rosdistro/pixi_rosdistro/install/share/ament_index/resource_index/rust_packages/type_description_interfaces
[56.952s] -- Installing: /Users/runner/work/pixi_rosdistro/pixi_rosdistro/install/share/type_description_interfaces/rust
[56.952s] -- Installing: /Users/runner/work/pixi_rosdistro/pixi_rosdistro/install/share/type_description_interfaces/rust/Cargo.toml
[56.952s] -- Installing: /Users/runner/work/pixi_rosdistro/pixi_rosdistro/install/share/type_description_interfaces/rust/build.rs
[56.952s] -- Installing: /Users/runner/work/pixi_rosdistro/pixi_rosdistro/install/share/type_description_interfaces/rust/src
[56.952s] -- Installing: /Users/runner/work/pixi_rosdistro/pixi_rosdistro/install/share/type_description_interfaces/rust/src/msg
[56.952s] -- Installing: /Users/runner/work/pixi_rosdistro/pixi_rosdistro/install/share/type_description_interfaces/rust/src/msg/rmw.rs
[56.952s] -- Installing: /Users/runner/work/pixi_rosdistro/pixi_rosdistro/install/share/type_description_interfaces/rust/src/lib.rs
[56.953s] -- Installing: /Users/runner/work/pixi_rosdistro/pixi_rosdistro/install/share/type_description_interfaces/rust/src/srv.rs
[56.953s] -- Installing: /Users/runner/work/pixi_rosdistro/pixi_rosdistro/install/share/type_description_interfaces/rust/src/msg.rs
[56.953s] -- Installing: /Users/runner/work/pixi_rosdistro/pixi_rosdistro/install/share/type_description_interfaces/rust/src/srv
[56.953s] -- Installing: /Users/runner/work/pixi_rosdistro/pixi_rosdistro/install/share/type_description_interfaces/rust/src/srv/rmw.rs
[56.953s] -- Installing: /Users/runner/work/pixi_rosdistro/pixi_rosdistro/install/share/type_description_interfaces/msg/Field.idl
[56.953s] -- Installing: /Users/runner/work/pixi_rosdistro/pixi_rosdistro/install/share/type_description_interfaces/msg/FieldType.idl
[56.953s] -- Installing: /Users/runner/work/pixi_rosdistro/pixi_rosdistro/install/share/type_description_interfaces/msg/IndividualTypeDescription.idl
[56.953s] -- Installing: /Users/runner/work/pixi_rosdistro/pixi_rosdistro/install/share/type_description_interfaces/msg/KeyValue.idl
[56.953s] -- Installing: /Users/runner/work/pixi_rosdistro/pixi_rosdistro/install/share/type_description_interfaces/msg/TypeDescription.idl
[56.953s] -- Installing: /Users/runner/work/pixi_rosdistro/pixi_rosdistro/install/share/type_description_interfaces/msg/TypeSource.idl
[56.953s] -- Installing: /Users/runner/work/pixi_rosdistro/pixi_rosdistro/install/share/type_description_interfaces/srv/GetTypeDescription.idl
[56.953s] -- Installing: /Users/runner/work/pixi_rosdistro/pixi_rosdistro/install/share/type_description_interfaces/msg/Field.msg
[56.954s] -- Installing: /Users/runner/work/pixi_rosdistro/pixi_rosdistro/install/share/type_description_interfaces/msg/FieldType.msg
[56.954s] -- Installing: /Users/runner/work/pixi_rosdistro/pixi_rosdistro/install/share/type_description_interfaces/msg/IndividualTypeDescription.msg
[56.954s] -- Installing: /Users/runner/work/pixi_rosdistro/pixi_rosdistro/install/share/type_description_interfaces/msg/KeyValue.msg
[56.956s] -- Installing: /Users/runner/work/pixi_rosdistro/pixi_rosdistro/install/share/type_description_interfaces/msg/TypeDescription.msg
[56.956s] -- Installing: /Users/runner/work/pixi_rosdistro/pixi_rosdistro/install/share/type_description_interfaces/msg/TypeSource.msg
[56.956s] -- Installing: /Users/runner/work/pixi_rosdistro/pixi_rosdistro/install/share/type_description_interfaces/srv/GetTypeDescription.srv
[56.956s] -- Installing: /Users/runner/work/pixi_rosdistro/pixi_rosdistro/install/share/ament_index/resource_index/package_run_dependencies/type_description_interfaces
[56.956s] -- Installing: /Users/runner/work/pixi_rosdistro/pixi_rosdistro/install/share/ament_index/resource_index/parent_prefix_path/type_description_interfaces
[56.956s] -- Installing: /Users/runner/work/pixi_rosdistro/pixi_rosdistro/install/share/type_description_interfaces/environment/ament_prefix_path.sh
[56.956s] -- Installing: /Users/runner/work/pixi_rosdistro/pixi_rosdistro/install/share/type_description_interfaces/environment/ament_prefix_path.dsv
[56.956s] -- Installing: /Users/runner/work/pixi_rosdistro/pixi_rosdistro/install/share/type_description_interfaces/environment/path.sh
[56.956s] -- Installing: /Users/runner/work/pixi_rosdistro/pixi_rosdistro/install/share/type_description_interfaces/environment/path.dsv
[56.957s] -- Installing: /Users/runner/work/pixi_rosdistro/pixi_rosdistro/install/share/type_description_interfaces/local_setup.bash
[56.957s] -- Installing: /Users/runner/work/pixi_rosdistro/pixi_rosdistro/install/share/type_description_interfaces/local_setup.fish
[56.957s] -- Installing: /Users/runner/work/pixi_rosdistro/pixi_rosdistro/install/share/type_description_interfaces/local_setup.sh
[56.957s] -- Installing: /Users/runner/work/pixi_rosdistro/pixi_rosdistro/install/share/type_description_interfaces/local_setup.zsh
[56.957s] -- Installing: /Users/runner/work/pixi_rosdistro/pixi_rosdistro/install/share/type_description_interfaces/local_setup.dsv
[56.957s] -- Installing: /Users/runner/work/pixi_rosdistro/pixi_rosdistro/install/share/type_description_interfaces/package.dsv
[56.958s] -- Installing: /Users/runner/work/pixi_rosdistro/pixi_rosdistro/install/share/ament_index/resource_index/packages/type_description_interfaces
[56.958s] -- Installing: /Users/runner/work/pixi_rosdistro/pixi_rosdistro/install/share/type_description_interfaces/cmake/export_type_description_interfaces__rosidl_generator_cExport.cmake
[56.959s] -- Installing: /Users/runner/work/pixi_rosdistro/pixi_rosdistro/install/share/type_description_interfaces/cmake/export_type_description_interfaces__rosidl_generator_cExport-release.cmake
[56.959s] -- Installing: /Users/runner/work/pixi_rosdistro/pixi_rosdistro/install/share/type_description_interfaces/cmake/export_type_description_interfaces__rosidl_typesupport_fastrtps_cExport.cmake
[56.959s] -- Installing: /Users/runner/work/pixi_rosdistro/pixi_rosdistro/install/share/type_description_interfaces/cmake/export_type_description_interfaces__rosidl_typesupport_fastrtps_cExport-release.cmake
[56.959s] -- Installing: /Users/runner/work/pixi_rosdistro/pixi_rosdistro/install/share/type_description_interfaces/cmake/type_description_interfaces__rosidl_typesupport_introspection_cExport.cmake
[56.959s] -- Installing: /Users/runner/work/pixi_rosdistro/pixi_rosdistro/install/share/type_description_interfaces/cmake/type_description_interfaces__rosidl_typesupport_introspection_cExport-release.cmake
[56.959s] -- Installing: /Users/runner/work/pixi_rosdistro/pixi_rosdistro/install/share/type_description_interfaces/cmake/type_description_interfaces__rosidl_typesupport_cExport.cmake
[56.960s] -- Installing: /Users/runner/work/pixi_rosdistro/pixi_rosdistro/install/share/type_description_interfaces/cmake/type_description_interfaces__rosidl_typesupport_cExport-release.cmake
[56.960s] -- Installing: /Users/runner/work/pixi_rosdistro/pixi_rosdistro/install/share/type_description_interfaces/cmake/export_type_description_interfaces__rosidl_generator_cppExport.cmake
[56.960s] -- Installing: /Users/runner/work/pixi_rosdistro/pixi_rosdistro/install/share/type_description_interfaces/cmake/export_type_description_interfaces__rosidl_typesupport_fastrtps_cppExport.cmake
[56.960s] -- Installing: /Users/runner/work/pixi_rosdistro/pixi_rosdistro/install/share/type_description_interfaces/cmake/export_type_description_interfaces__rosidl_typesupport_fastrtps_cppExport-release.cmake
[56.960s] -- Installing: /Users/runner/work/pixi_rosdistro/pixi_rosdistro/install/share/type_description_interfaces/cmake/type_description_interfaces__rosidl_typesupport_introspection_cppExport.cmake
[56.962s] -- Installing: /Users/runner/work/pixi_rosdistro/pixi_rosdistro/install/share/type_description_interfaces/cmake/type_description_interfaces__rosidl_typesupport_introspection_cppExport-release.cmake
[56.962s] -- Installing: /Users/runner/work/pixi_rosdistro/pixi_rosdistro/install/share/type_description_interfaces/cmake/type_description_interfaces__rosidl_typesupport_cppExport.cmake
[56.962s] -- Installing: /Users/runner/work/pixi_rosdistro/pixi_rosdistro/install/share/type_description_interfaces/cmake/type_description_interfaces__rosidl_typesupport_cppExport-release.cmake
[56.962s] -- Installing: /Users/runner/work/pixi_rosdistro/pixi_rosdistro/install/share/type_description_interfaces/cmake/export_type_description_interfaces__rosidl_generator_pyExport.cmake
[56.962s] -- Installing: /Users/runner/work/pixi_rosdistro/pixi_rosdistro/install/share/type_description_interfaces/cmake/export_type_description_interfaces__rosidl_generator_pyExport-release.cmake
[56.962s] -- Installing: /Users/runner/work/pixi_rosdistro/pixi_rosdistro/install/lib/python3.12/site-packages/type_description_interfaces-2.4.3-py3.12.egg-info
[56.962s] -- Installing: /Users/runner/work/pixi_rosdistro/pixi_rosdistro/install/lib/python3.12/site-packages/type_description_interfaces-2.4.3-py3.12.egg-info/PKG-INFO
[56.962s] -- Installing: /Users/runner/work/pixi_rosdistro/pixi_rosdistro/install/lib/python3.12/site-packages/type_description_interfaces-2.4.3-py3.12.egg-info/SOURCES.txt
[56.962s] -- Installing: /Users/runner/work/pixi_rosdistro/pixi_rosdistro/install/lib/python3.12/site-packages/type_description_interfaces-2.4.3-py3.12.egg-info/top_level.txt
[56.964s] -- Installing: /Users/runner/work/pixi_rosdistro/pixi_rosdistro/install/lib/python3.12/site-packages/type_description_interfaces-2.4.3-py3.12.egg-info/dependency_links.txt
[56.965s] -- Up-to-date: /Users/runner/work/pixi_rosdistro/pixi_rosdistro/install/lib/python3.12/site-packages/type_description_interfaces
[56.965s] -- Installing: /Users/runner/work/pixi_rosdistro/pixi_rosdistro/install/lib/python3.12/site-packages/type_description_interfaces/msg
[56.965s] -- Installing: /Users/runner/work/pixi_rosdistro/pixi_rosdistro/install/lib/python3.12/site-packages/type_description_interfaces/msg/_individual_type_description.py
[56.965s] -- Installing: /Users/runner/work/pixi_rosdistro/pixi_rosdistro/install/lib/python3.12/site-packages/type_description_interfaces/msg/_field_type_s.c
[56.965s] -- Installing: /Users/runner/work/pixi_rosdistro/pixi_rosdistro/install/lib/python3.12/site-packages/type_description_interfaces/msg/_type_source.py
[56.965s] -- Installing: /Users/runner/work/pixi_rosdistro/pixi_rosdistro/install/lib/python3.12/site-packages/type_description_interfaces/msg/_field.py
[56.965s] -- Installing: /Users/runner/work/pixi_rosdistro/pixi_rosdistro/install/lib/python3.12/site-packages/type_description_interfaces/msg/_type_description_s.c
[56.965s] -- Installing: /Users/runner/work/pixi_rosdistro/pixi_rosdistro/install/lib/python3.12/site-packages/type_description_interfaces/msg/__init__.py
[56.965s] -- Installing: /Users/runner/work/pixi_rosdistro/pixi_rosdistro/install/lib/python3.12/site-packages/type_description_interfaces/msg/_key_value.py
[56.965s] -- Installing: /Users/runner/work/pixi_rosdistro/pixi_rosdistro/install/lib/python3.12/site-packages/type_description_interfaces/msg/_type_source_s.c
[56.965s] -- Installing: /Users/runner/work/pixi_rosdistro/pixi_rosdistro/install/lib/python3.12/site-packages/type_description_interfaces/msg/_field_s.c
[56.966s] -- Installing: /Users/runner/work/pixi_rosdistro/pixi_rosdistro/install/lib/python3.12/site-packages/type_description_interfaces/msg/_individual_type_description_s.c
[56.966s] -- Installing: /Users/runner/work/pixi_rosdistro/pixi_rosdistro/install/lib/python3.12/site-packages/type_description_interfaces/msg/_field_type.py
[56.966s] -- Installing: /Users/runner/work/pixi_rosdistro/pixi_rosdistro/install/lib/python3.12/site-packages/type_description_interfaces/msg/_type_description.py
[56.966s] -- Installing: /Users/runner/work/pixi_rosdistro/pixi_rosdistro/install/lib/python3.12/site-packages/type_description_interfaces/msg/_key_value_s.c
[56.966s] -- Up-to-date: /Users/runner/work/pixi_rosdistro/pixi_rosdistro/install/lib/python3.12/site-packages/type_description_interfaces/type_description_interfaces_s__rosidl_typesupport_introspection_c.so
[56.966s] -- Up-to-date: /Users/runner/work/pixi_rosdistro/pixi_rosdistro/install/lib/python3.12/site-packages/type_description_interfaces/type_description_interfaces_s__rosidl_typesupport_fastrtps_c.so
[56.966s] -- Installing: /Users/runner/work/pixi_rosdistro/pixi_rosdistro/install/lib/python3.12/site-packages/type_description_interfaces/_type_description_interfaces_s.ep.rosidl_typesupport_introspection_c.c
[56.967s] -- Installing: /Users/runner/work/pixi_rosdistro/pixi_rosdistro/install/lib/python3.12/site-packages/type_description_interfaces/_type_description_interfaces_s.ep.rosidl_typesupport_c.c
[56.967s] -- Installing: /Users/runner/work/pixi_rosdistro/pixi_rosdistro/install/lib/python3.12/site-packages/type_description_interfaces/__init__.py
[56.967s] -- Installing: /Users/runner/work/pixi_rosdistro/pixi_rosdistro/install/lib/python3.12/site-packages/type_description_interfaces/_type_description_interfaces_s.ep.rosidl_typesupport_fastrtps_c.c
[56.968s] -- Up-to-date: /Users/runner/work/pixi_rosdistro/pixi_rosdistro/install/lib/python3.12/site-packages/type_description_interfaces/type_description_interfaces_s__rosidl_typesupport_c.so
[56.968s] -- Installing: /Users/runner/work/pixi_rosdistro/pixi_rosdistro/install/lib/python3.12/site-packages/type_description_interfaces/py.typed
[56.969s] -- Installing: /Users/runner/work/pixi_rosdistro/pixi_rosdistro/install/lib/python3.12/site-packages/type_description_interfaces/srv
[56.969s] -- Installing: /Users/runner/work/pixi_rosdistro/pixi_rosdistro/install/lib/python3.12/site-packages/type_description_interfaces/srv/__init__.py
[56.970s] -- Installing: /Users/runner/work/pixi_rosdistro/pixi_rosdistro/install/lib/python3.12/site-packages/type_description_interfaces/srv/_get_type_description_s.c
[56.973s] -- Installing: /Users/runner/work/pixi_rosdistro/pixi_rosdistro/install/lib/python3.12/site-packages/type_description_interfaces/srv/_get_type_description.py
[57.049s] Listing '/Users/runner/work/pixi_rosdistro/pixi_rosdistro/install/lib/python3.12/site-packages/type_description_interfaces'...
[57.049s] Compiling '/Users/runner/work/pixi_rosdistro/pixi_rosdistro/install/lib/python3.12/site-packages/type_description_interfaces/__init__.py'...
[57.049s] Listing '/Users/runner/work/pixi_rosdistro/pixi_rosdistro/install/lib/python3.12/site-packages/type_description_interfaces/msg'...
[57.049s] Compiling '/Users/runner/work/pixi_rosdistro/pixi_rosdistro/install/lib/python3.12/site-packages/type_description_interfaces/msg/__init__.py'...
[57.049s] Compiling '/Users/runner/work/pixi_rosdistro/pixi_rosdistro/install/lib/python3.12/site-packages/type_description_interfaces/msg/_field.py'...
[57.049s] Compiling '/Users/runner/work/pixi_rosdistro/pixi_rosdistro/install/lib/python3.12/site-packages/type_description_interfaces/msg/_field_type.py'...
[57.049s] Compiling '/Users/runner/work/pixi_rosdistro/pixi_rosdistro/install/lib/python3.12/site-packages/type_description_interfaces/msg/_individual_type_description.py'...
[57.050s] Compiling '/Users/runner/work/pixi_rosdistro/pixi_rosdistro/install/lib/python3.12/site-packages/type_description_interfaces/msg/_key_value.py'...
[57.050s] Compiling '/Users/runner/work/pixi_rosdistro/pixi_rosdistro/install/lib/python3.12/site-packages/type_description_interfaces/msg/_type_description.py'...
[57.050s] Compiling '/Users/runner/work/pixi_rosdistro/pixi_rosdistro/install/lib/python3.12/site-packages/type_description_interfaces/msg/_type_source.py'...
[57.050s] Listing '/Users/runner/work/pixi_rosdistro/pixi_rosdistro/install/lib/python3.12/site-packages/type_description_interfaces/srv'...
[57.050s] Compiling '/Users/runner/work/pixi_rosdistro/pixi_rosdistro/install/lib/python3.12/site-packages/type_description_interfaces/srv/__init__.py'...
[57.050s] Compiling '/Users/runner/work/pixi_rosdistro/pixi_rosdistro/install/lib/python3.12/site-packages/type_description_interfaces/srv/_get_type_description.py'...
[57.055s] -- Installing: /Users/runner/work/pixi_rosdistro/pixi_rosdistro/install/share/type_description_interfaces/cmake/rosidl_cmake-extras.cmake
[57.055s] -- Installing: /Users/runner/work/pixi_rosdistro/pixi_rosdistro/install/share/type_description_interfaces/cmake/ament_cmake_export_dependencies-extras.cmake
[57.057s] -- Installing: /Users/runner/work/pixi_rosdistro/pixi_rosdistro/install/share/type_description_interfaces/cmake/ament_cmake_export_include_directories-extras.cmake
[57.057s] -- Installing: /Users/runner/work/pixi_rosdistro/pixi_rosdistro/install/share/type_description_interfaces/cmake/ament_cmake_export_libraries-extras.cmake
[57.058s] -- Installing: /Users/runner/work/pixi_rosdistro/pixi_rosdistro/install/share/type_description_interfaces/cmake/ament_cmake_export_targets-extras.cmake
[57.059s] -- Installing: /Users/runner/work/pixi_rosdistro/pixi_rosdistro/install/share/type_description_interfaces/cmake/rosidl_cmake_export_typesupport_targets-extras.cmake
[57.059s] -- Installing: /Users/runner/work/pixi_rosdistro/pixi_rosdistro/install/share/type_description_interfaces/cmake/rosidl_cmake_export_typesupport_libraries-extras.cmake
[57.059s] -- Installing: /Users/runner/work/pixi_rosdistro/pixi_rosdistro/install/share/type_description_interfaces/cmake/rosidl_cmake_aggregate_target-extras.cmake
[57.060s] -- Installing: /Users/runner/work/pixi_rosdistro/pixi_rosdistro/install/share/type_description_interfaces/cmake/type_description_interfacesConfig.cmake
[57.060s] -- Installing: /Users/runner/work/pixi_rosdistro/pixi_rosdistro/install/share/type_description_interfaces/cmake/type_description_interfacesConfig-version.cmake
[57.060s] -- Installing: /Users/runner/work/pixi_rosdistro/pixi_rosdistro/install/share/type_description_interfaces/package.xml
[57.063s] Invoked command in '/Users/runner/work/pixi_rosdistro/pixi_rosdistro/build/type_description_interfaces' returned '0': AMENT_PREFIX_PATH=/Users/runner/work/pixi_rosdistro/pixi_rosdistro/install CMAKE_PREFIX_PATH=/Users/runner/work/pixi_rosdistro/pixi_rosdistro/install DYLD_LIBRARY_PATH=/Users/runner/work/pixi_rosdistro/pixi_rosdistro/install/lib:/Users/runner/work/pixi_rosdistro/pixi_rosdistro/install/opt/mimick_vendor/lib PATH=/Users/runner/work/pixi_rosdistro/pixi_rosdistro/install/bin:${PATH} PIXI_PROMPT=(ros2_rolling) PKG_CONFIG_PATH=/Users/runner/work/pixi_rosdistro/pixi_rosdistro/install/lib/pkgconfig PYTHONPATH=/Users/runner/work/pixi_rosdistro/pixi_rosdistro/install/lib/python3.12/site-packages ROS_DOMAIN_ID=140 ROS_PYTHON_VERSION=3 SHLVL=3 _=/usr/bin/env /Users/runner/work/pixi_rosdistro/pixi_rosdistro/.pixi/envs/default/bin/cmake --install /Users/runner/work/pixi_rosdistro/pixi_rosdistro/build/type_description_interfaces
