[4.091s] Invoking command in '/home/runner/work/pixi_rosdistro/pixi_rosdistro/build/libyaml_vendor': AMENT_PREFIX_PATH=/home/runner/work/pixi_rosdistro/pixi_rosdistro/install CMAKE_PREFIX_PATH=/home/runner/work/pixi_rosdistro/pixi_rosdistro/install:${CMAKE_PREFIX_PATH} LD_LIBRARY_PATH=/home/runner/work/pixi_rosdistro/pixi_rosdistro/install/lib PATH=/home/runner/work/pixi_rosdistro/pixi_rosdistro/install/bin:/opt/microsoft/powershell/7:${PATH} PIXI_PROMPT=(ros2_rolling) PKG_CONFIG_PATH=/home/runner/work/pixi_rosdistro/pixi_rosdistro/install/lib/pkgconfig PSModulePath=/home/runner/.local/share/powershell/Modules:${PSModulePath} PYTHONPATH=/home/runner/work/pixi_rosdistro/pixi_rosdistro/install/lib/python3.12/site-packages ROS_DOMAIN_ID=10 /home/runner/work/pixi_rosdistro/pixi_rosdistro/.pixi/envs/default/bin/cmake /home/runner/work/pixi_rosdistro/pixi_rosdistro/src/ros2/libyaml_vendor -GNinja --no-warn-unused-cli -DCMAKE_BUILD_TYPE=Release -DCMAKE_BUILD_WITH_INSTALL_RPATH:bool=TRUE -DCMAKE_POLICY_VERSION_MINIMUM=3.5 -Wno-deprecated -DSTACK_DETAILS_AUTO_DETECT:bool=FALSE -DSTACK_DETAILS_BFD:bool=FALSE -DTRACETOOLS_DISABLED=ON -DCMAKE_INSTALL_PREFIX=/home/runner/work/pixi_rosdistro/pixi_rosdistro/install
[4.262s] Not searching for unused variables given on the command line.
[4.262s] -- The C compiler identification is GNU 14.3.0
[4.453s] -- The CXX compiler identification is GNU 14.3.0
[4.478s] -- Detecting C compiler ABI info
[4.637s] -- Detecting C compiler ABI info - done
[4.709s] -- Check for working C compiler: /home/runner/work/pixi_rosdistro/pixi_rosdistro/.pixi/envs/default/bin/x86_64-conda-linux-gnu-cc - skipped
[4.710s] -- Detecting C compile features
[4.714s] -- Detecting C compile features - done
[4.749s] -- Detecting CXX compiler ABI info
[5.000s] -- Detecting CXX compiler ABI info - done
[5.058s] -- Check for working CXX compiler: /home/runner/work/pixi_rosdistro/pixi_rosdistro/.pixi/envs/default/bin/x86_64-conda-linux-gnu-c++ - skipped
[5.058s] -- Detecting CXX compile features
[5.063s] -- Detecting CXX compile features - done
[5.093s] -- Found ament_cmake: 2.8.6 (/home/runner/work/pixi_rosdistro/pixi_rosdistro/install/share/ament_cmake/cmake)
[5.685s] -- Checking for module 'yaml-0.1'
[5.958s] --   Found yaml-0.1, version 0.2.5
[6.549s] -- Found yaml: 1
[6.557s] -- Found ament_lint_auto: 0.20.3 (/home/runner/work/pixi_rosdistro/pixi_rosdistro/install/share/ament_lint_auto/cmake)
[7.381s] -- Found gtest sources under '/home/runner/work/pixi_rosdistro/pixi_rosdistro/install/src/gtest_vendor': C++ tests using 'Google Test' will be built
[7.389s] -- Check if compiler accepts -pthread
[7.596s] -- Check if compiler accepts -pthread - yes
[7.597s] -- Found Threads: TRUE
[7.602s] -- Performance tests are disabled by default, so Google Benchmark tests will be skipped. To enable these tests, set the CMake variable 'AMENT_RUN_PERFORMANCE_TESTS'.
[7.609s] -- Added test 'copyright' to check source files copyright and LICENSE
[7.616s] -- Added test 'cppcheck' to perform static code analysis on C / C++ code
[7.617s] -- Configured cppcheck include dirs: /home/runner/work/pixi_rosdistro/pixi_rosdistro/install/include
[7.617s] -- Configured cppcheck exclude dirs and/or files: 
[7.625s] -- Added test 'cpplint' to check C / C++ code against the Google style
[7.625s] -- Configured cpplint exclude dirs and/or files: 
[7.634s] -- Added test 'uncrustify' to check C / C++ code style
[7.634s] -- Configured uncrustify additional arguments: 
[7.636s] -- Added test 'xmllint' to check XML markup files
[7.639s] -- Configuring done (3.5s)
[7.660s] -- Generating done (0.0s)
[7.667s] -- Build files have been written to: /home/runner/work/pixi_rosdistro/pixi_rosdistro/build/libyaml_vendor
[7.676s] Invoked command in '/home/runner/work/pixi_rosdistro/pixi_rosdistro/build/libyaml_vendor' returned '0': AMENT_PREFIX_PATH=/home/runner/work/pixi_rosdistro/pixi_rosdistro/install CMAKE_PREFIX_PATH=/home/runner/work/pixi_rosdistro/pixi_rosdistro/install:${CMAKE_PREFIX_PATH} LD_LIBRARY_PATH=/home/runner/work/pixi_rosdistro/pixi_rosdistro/install/lib PATH=/home/runner/work/pixi_rosdistro/pixi_rosdistro/install/bin:/opt/microsoft/powershell/7:${PATH} PIXI_PROMPT=(ros2_rolling) PKG_CONFIG_PATH=/home/runner/work/pixi_rosdistro/pixi_rosdistro/install/lib/pkgconfig PSModulePath=/home/runner/.local/share/powershell/Modules:${PSModulePath} PYTHONPATH=/home/runner/work/pixi_rosdistro/pixi_rosdistro/install/lib/python3.12/site-packages ROS_DOMAIN_ID=10 /home/runner/work/pixi_rosdistro/pixi_rosdistro/.pixi/envs/default/bin/cmake /home/runner/work/pixi_rosdistro/pixi_rosdistro/src/ros2/libyaml_vendor -GNinja --no-warn-unused-cli -DCMAKE_BUILD_TYPE=Release -DCMAKE_BUILD_WITH_INSTALL_RPATH:bool=TRUE -DCMAKE_POLICY_VERSION_MINIMUM=3.5 -Wno-deprecated -DSTACK_DETAILS_AUTO_DETECT:bool=FALSE -DSTACK_DETAILS_BFD:bool=FALSE -DTRACETOOLS_DISABLED=ON -DCMAKE_INSTALL_PREFIX=/home/runner/work/pixi_rosdistro/pixi_rosdistro/install
[7.677s] Invoking command in '/home/runner/work/pixi_rosdistro/pixi_rosdistro/build/libyaml_vendor': AMENT_PREFIX_PATH=/home/runner/work/pixi_rosdistro/pixi_rosdistro/install CMAKE_PREFIX_PATH=/home/runner/work/pixi_rosdistro/pixi_rosdistro/install:${CMAKE_PREFIX_PATH} LD_LIBRARY_PATH=/home/runner/work/pixi_rosdistro/pixi_rosdistro/install/lib PATH=/home/runner/work/pixi_rosdistro/pixi_rosdistro/install/bin:/opt/microsoft/powershell/7:${PATH} PIXI_PROMPT=(ros2_rolling) PKG_CONFIG_PATH=/home/runner/work/pixi_rosdistro/pixi_rosdistro/install/lib/pkgconfig PSModulePath=/home/runner/.local/share/powershell/Modules:${PSModulePath} PYTHONPATH=/home/runner/work/pixi_rosdistro/pixi_rosdistro/install/lib/python3.12/site-packages ROS_DOMAIN_ID=10 /home/runner/work/pixi_rosdistro/pixi_rosdistro/.pixi/envs/default/bin/cmake --build /home/runner/work/pixi_rosdistro/pixi_rosdistro/build/libyaml_vendor -- -j4 -l4
[8.177s] [1/8] Building CXX object gtest/CMakeFiles/gtest.dir/src/gtest-all.cc.o
[8.580s] [2/8] Building CXX object gtest/CMakeFiles/gtest_main.dir/src/gtest_main.cc.o
[9.108s] [3/8] Building CXX object CMakeFiles/test_yaml_reader.dir/test/test_reader.cpp.o
[9.490s] [4/8] Building CXX object CMakeFiles/benchmark_reader.dir/test/benchmark/benchmark_reader.cpp.o
[9.528s] [5/8] Linking CXX static library gtest/libgtest.a
[9.558s] [6/8] Linking CXX static library gtest/libgtest_main.a
[9.788s] [7/8] Linking CXX executable test_yaml_reader
[9.908s] [8/8] Linking CXX executable benchmark_reader
[9.913s] Invoked command in '/home/runner/work/pixi_rosdistro/pixi_rosdistro/build/libyaml_vendor' returned '0': AMENT_PREFIX_PATH=/home/runner/work/pixi_rosdistro/pixi_rosdistro/install CMAKE_PREFIX_PATH=/home/runner/work/pixi_rosdistro/pixi_rosdistro/install:${CMAKE_PREFIX_PATH} LD_LIBRARY_PATH=/home/runner/work/pixi_rosdistro/pixi_rosdistro/install/lib PATH=/home/runner/work/pixi_rosdistro/pixi_rosdistro/install/bin:/opt/microsoft/powershell/7:${PATH} PIXI_PROMPT=(ros2_rolling) PKG_CONFIG_PATH=/home/runner/work/pixi_rosdistro/pixi_rosdistro/install/lib/pkgconfig PSModulePath=/home/runner/.local/share/powershell/Modules:${PSModulePath} PYTHONPATH=/home/runner/work/pixi_rosdistro/pixi_rosdistro/install/lib/python3.12/site-packages ROS_DOMAIN_ID=10 /home/runner/work/pixi_rosdistro/pixi_rosdistro/.pixi/envs/default/bin/cmake --build /home/runner/work/pixi_rosdistro/pixi_rosdistro/build/libyaml_vendor -- -j4 -l4
[9.917s] Invoking command in '/home/runner/work/pixi_rosdistro/pixi_rosdistro/build/libyaml_vendor': AMENT_PREFIX_PATH=/home/runner/work/pixi_rosdistro/pixi_rosdistro/install CMAKE_PREFIX_PATH=/home/runner/work/pixi_rosdistro/pixi_rosdistro/install:${CMAKE_PREFIX_PATH} LD_LIBRARY_PATH=/home/runner/work/pixi_rosdistro/pixi_rosdistro/install/lib PATH=/home/runner/work/pixi_rosdistro/pixi_rosdistro/install/bin:/opt/microsoft/powershell/7:${PATH} PIXI_PROMPT=(ros2_rolling) PKG_CONFIG_PATH=/home/runner/work/pixi_rosdistro/pixi_rosdistro/install/lib/pkgconfig PSModulePath=/home/runner/.local/share/powershell/Modules:${PSModulePath} PYTHONPATH=/home/runner/work/pixi_rosdistro/pixi_rosdistro/install/lib/python3.12/site-packages ROS_DOMAIN_ID=10 /home/runner/work/pixi_rosdistro/pixi_rosdistro/.pixi/envs/default/bin/cmake --install /home/runner/work/pixi_rosdistro/pixi_rosdistro/build/libyaml_vendor
[9.930s] -- Install configuration: "Release"
[9.931s] -- Installing: /home/runner/work/pixi_rosdistro/pixi_rosdistro/install/share/libyaml_vendor/cmake
[9.931s] -- Installing: /home/runner/work/pixi_rosdistro/pixi_rosdistro/install/share/libyaml_vendor/cmake/Modules
[9.931s] -- Installing: /home/runner/work/pixi_rosdistro/pixi_rosdistro/install/share/libyaml_vendor/cmake/Modules/Findyaml.cmake
[9.936s] -- Installing: /home/runner/work/pixi_rosdistro/pixi_rosdistro/install/share/ament_index/resource_index/package_run_dependencies/libyaml_vendor
[9.936s] -- Installing: /home/runner/work/pixi_rosdistro/pixi_rosdistro/install/share/ament_index/resource_index/parent_prefix_path/libyaml_vendor
[9.936s] -- Installing: /home/runner/work/pixi_rosdistro/pixi_rosdistro/install/share/libyaml_vendor/environment/ament_prefix_path.sh
[9.937s] -- Installing: /home/runner/work/pixi_rosdistro/pixi_rosdistro/install/share/libyaml_vendor/environment/ament_prefix_path.dsv
[9.938s] -- Installing: /home/runner/work/pixi_rosdistro/pixi_rosdistro/install/share/libyaml_vendor/environment/path.sh
[9.938s] -- Installing: /home/runner/work/pixi_rosdistro/pixi_rosdistro/install/share/libyaml_vendor/environment/path.dsv
[9.938s] -- Installing: /home/runner/work/pixi_rosdistro/pixi_rosdistro/install/share/libyaml_vendor/local_setup.bash
[9.938s] -- Installing: /home/runner/work/pixi_rosdistro/pixi_rosdistro/install/share/libyaml_vendor/local_setup.fish
[9.938s] -- Installing: /home/runner/work/pixi_rosdistro/pixi_rosdistro/install/share/libyaml_vendor/local_setup.sh
[9.938s] -- Installing: /home/runner/work/pixi_rosdistro/pixi_rosdistro/install/share/libyaml_vendor/local_setup.zsh
[9.942s] -- Installing: /home/runner/work/pixi_rosdistro/pixi_rosdistro/install/share/libyaml_vendor/local_setup.dsv
[9.942s] -- Installing: /home/runner/work/pixi_rosdistro/pixi_rosdistro/install/share/libyaml_vendor/package.dsv
[9.942s] -- Installing: /home/runner/work/pixi_rosdistro/pixi_rosdistro/install/share/ament_index/resource_index/packages/libyaml_vendor
[9.942s] -- Installing: /home/runner/work/pixi_rosdistro/pixi_rosdistro/install/share/libyaml_vendor/cmake/libyaml_vendor-extras.cmake
[9.942s] -- Installing: /home/runner/work/pixi_rosdistro/pixi_rosdistro/install/share/libyaml_vendor/cmake/libyaml_vendorConfig.cmake
[9.942s] -- Installing: /home/runner/work/pixi_rosdistro/pixi_rosdistro/install/share/libyaml_vendor/cmake/libyaml_vendorConfig-version.cmake
[9.942s] -- Installing: /home/runner/work/pixi_rosdistro/pixi_rosdistro/install/share/libyaml_vendor/package.xml
[9.953s] Invoked command in '/home/runner/work/pixi_rosdistro/pixi_rosdistro/build/libyaml_vendor' returned '0': AMENT_PREFIX_PATH=/home/runner/work/pixi_rosdistro/pixi_rosdistro/install CMAKE_PREFIX_PATH=/home/runner/work/pixi_rosdistro/pixi_rosdistro/install:${CMAKE_PREFIX_PATH} LD_LIBRARY_PATH=/home/runner/work/pixi_rosdistro/pixi_rosdistro/install/lib PATH=/home/runner/work/pixi_rosdistro/pixi_rosdistro/install/bin:/opt/microsoft/powershell/7:${PATH} PIXI_PROMPT=(ros2_rolling) PKG_CONFIG_PATH=/home/runner/work/pixi_rosdistro/pixi_rosdistro/install/lib/pkgconfig PSModulePath=/home/runner/.local/share/powershell/Modules:${PSModulePath} PYTHONPATH=/home/runner/work/pixi_rosdistro/pixi_rosdistro/install/lib/python3.12/site-packages ROS_DOMAIN_ID=10 /home/runner/work/pixi_rosdistro/pixi_rosdistro/.pixi/envs/default/bin/cmake --install /home/runner/work/pixi_rosdistro/pixi_rosdistro/build/libyaml_vendor
