[0.798s] Invoking command in '/Users/runner/work/pixi_rosdistro/pixi_rosdistro/build/libyaml_vendor': AMENT_PREFIX_PATH=/Users/runner/work/pixi_rosdistro/pixi_rosdistro/install CMAKE_PREFIX_PATH=/Users/runner/work/pixi_rosdistro/pixi_rosdistro/install DYLD_LIBRARY_PATH=/Users/runner/work/pixi_rosdistro/pixi_rosdistro/install/lib PATH=/Users/runner/work/pixi_rosdistro/pixi_rosdistro/install/bin:${PATH} PIXI_PROMPT=(ros2_rolling) PKG_CONFIG_PATH=/Users/runner/work/pixi_rosdistro/pixi_rosdistro/install/lib/pkgconfig PYTHONPATH=/Users/runner/work/pixi_rosdistro/pixi_rosdistro/install/lib/python3.12/site-packages SHLVL=3 _=/usr/bin/env /Users/runner/work/pixi_rosdistro/pixi_rosdistro/.pixi/envs/default/bin/cmake /Users/runner/work/pixi_rosdistro/pixi_rosdistro/src/ros2/libyaml_vendor -GNinja --no-warn-unused-cli -DCMAKE_BUILD_TYPE=Release -DCMAKE_BUILD_WITH_INSTALL_RPATH:bool=TRUE -DCMAKE_POLICY_VERSION_MINIMUM=3.5 -Wno-deprecated -DSTACK_DETAILS_AUTO_DETECT:bool=FALSE -DSTACK_DETAILS_BFD:bool=FALSE -DCMAKE_INSTALL_PREFIX=/Users/runner/work/pixi_rosdistro/pixi_rosdistro/install
[1.301s] Not searching for unused variables given on the command line.
[1.301s] -- The C compiler identification is AppleClang 17.0.0.17000013
[1.589s] -- The CXX compiler identification is AppleClang 17.0.0.17000013
[1.661s] -- Detecting C compiler ABI info
[2.412s] -- Detecting C compiler ABI info - done
[2.461s] -- Check for working C compiler: /usr/bin/cc - skipped
[2.462s] -- Detecting C compile features
[2.462s] -- Detecting C compile features - done
[2.470s] -- Detecting CXX compiler ABI info
[3.300s] -- Detecting CXX compiler ABI info - done
[3.436s] -- Check for working CXX compiler: /usr/bin/c++ - skipped
[3.436s] -- Detecting CXX compile features
[3.436s] -- Detecting CXX compile features - done
[3.455s] -- Found ament_cmake: 2.8.6 (/Users/runner/work/pixi_rosdistro/pixi_rosdistro/install/share/ament_cmake/cmake)
[4.282s] -- Checking for module 'yaml-0.1'
[4.351s] --   Found yaml-0.1, version 0.2.5
[4.530s] -- Found yaml: 1
[4.543s] -- Found ament_lint_auto: 0.20.3 (/Users/runner/work/pixi_rosdistro/pixi_rosdistro/install/share/ament_lint_auto/cmake)
[6.214s] -- Found gtest sources under '/Users/runner/work/pixi_rosdistro/pixi_rosdistro/install/src/gtest_vendor': C++ tests using 'Google Test' will be built
[6.224s] -- Found Threads: TRUE
[6.230s] -- Performance tests are disabled by default, so Google Benchmark tests will be skipped. To enable these tests, set the CMake variable 'AMENT_RUN_PERFORMANCE_TESTS'.
[6.237s] -- Added test 'copyright' to check source files copyright and LICENSE
[6.269s] -- Added test 'cppcheck' to perform static code analysis on C / C++ code
[6.269s] -- Configured cppcheck include dirs: /Users/runner/work/pixi_rosdistro/pixi_rosdistro/install/include
[6.269s] -- Configured cppcheck exclude dirs and/or files: 
[6.293s] -- Added test 'cpplint' to check C / C++ code against the Google style
[6.293s] -- Configured cpplint exclude dirs and/or files: 
[6.298s] -- Added test 'uncrustify' to check C / C++ code style
[6.298s] -- Configured uncrustify additional arguments: 
[6.303s] -- Added test 'xmllint' to check XML markup files
[6.319s] -- Configuring done (5.5s)
[6.382s] -- Generating done (0.1s)
[6.416s] -- Build files have been written to: /Users/runner/work/pixi_rosdistro/pixi_rosdistro/build/libyaml_vendor
[6.436s] Invoked command in '/Users/runner/work/pixi_rosdistro/pixi_rosdistro/build/libyaml_vendor' returned '0': AMENT_PREFIX_PATH=/Users/runner/work/pixi_rosdistro/pixi_rosdistro/install CMAKE_PREFIX_PATH=/Users/runner/work/pixi_rosdistro/pixi_rosdistro/install DYLD_LIBRARY_PATH=/Users/runner/work/pixi_rosdistro/pixi_rosdistro/install/lib PATH=/Users/runner/work/pixi_rosdistro/pixi_rosdistro/install/bin:${PATH} PIXI_PROMPT=(ros2_rolling) PKG_CONFIG_PATH=/Users/runner/work/pixi_rosdistro/pixi_rosdistro/install/lib/pkgconfig PYTHONPATH=/Users/runner/work/pixi_rosdistro/pixi_rosdistro/install/lib/python3.12/site-packages SHLVL=3 _=/usr/bin/env /Users/runner/work/pixi_rosdistro/pixi_rosdistro/.pixi/envs/default/bin/cmake /Users/runner/work/pixi_rosdistro/pixi_rosdistro/src/ros2/libyaml_vendor -GNinja --no-warn-unused-cli -DCMAKE_BUILD_TYPE=Release -DCMAKE_BUILD_WITH_INSTALL_RPATH:bool=TRUE -DCMAKE_POLICY_VERSION_MINIMUM=3.5 -Wno-deprecated -DSTACK_DETAILS_AUTO_DETECT:bool=FALSE -DSTACK_DETAILS_BFD:bool=FALSE -DCMAKE_INSTALL_PREFIX=/Users/runner/work/pixi_rosdistro/pixi_rosdistro/install
[6.442s] Invoking command in '/Users/runner/work/pixi_rosdistro/pixi_rosdistro/build/libyaml_vendor': AMENT_PREFIX_PATH=/Users/runner/work/pixi_rosdistro/pixi_rosdistro/install CMAKE_PREFIX_PATH=/Users/runner/work/pixi_rosdistro/pixi_rosdistro/install DYLD_LIBRARY_PATH=/Users/runner/work/pixi_rosdistro/pixi_rosdistro/install/lib PATH=/Users/runner/work/pixi_rosdistro/pixi_rosdistro/install/bin:${PATH} PIXI_PROMPT=(ros2_rolling) PKG_CONFIG_PATH=/Users/runner/work/pixi_rosdistro/pixi_rosdistro/install/lib/pkgconfig PYTHONPATH=/Users/runner/work/pixi_rosdistro/pixi_rosdistro/install/lib/python3.12/site-packages SHLVL=3 _=/usr/bin/env /Users/runner/work/pixi_rosdistro/pixi_rosdistro/.pixi/envs/default/bin/cmake --build /Users/runner/work/pixi_rosdistro/pixi_rosdistro/build/libyaml_vendor -- -j3 -l3
[8.203s] [1/8] Building CXX object gtest/CMakeFiles/gtest.dir/src/gtest-all.cc.o
[8.972s] [2/8] Building CXX object gtest/CMakeFiles/gtest_main.dir/src/gtest_main.cc.o
[9.598s] [3/8] Building CXX object CMakeFiles/test_yaml_reader.dir/test/test_reader.cpp.o
[10.323s] [4/8] Building CXX object CMakeFiles/benchmark_reader.dir/test/benchmark/benchmark_reader.cpp.o
[10.553s] [5/8] Linking CXX static library gtest/libgtest.a
[10.735s] [6/8] Linking CXX static library gtest/libgtest_main.a
[10.866s] [7/8] Linking CXX executable test_yaml_reader
[10.996s] [8/8] Linking CXX executable benchmark_reader
[11.006s] Invoked command in '/Users/runner/work/pixi_rosdistro/pixi_rosdistro/build/libyaml_vendor' returned '0': AMENT_PREFIX_PATH=/Users/runner/work/pixi_rosdistro/pixi_rosdistro/install CMAKE_PREFIX_PATH=/Users/runner/work/pixi_rosdistro/pixi_rosdistro/install DYLD_LIBRARY_PATH=/Users/runner/work/pixi_rosdistro/pixi_rosdistro/install/lib PATH=/Users/runner/work/pixi_rosdistro/pixi_rosdistro/install/bin:${PATH} PIXI_PROMPT=(ros2_rolling) PKG_CONFIG_PATH=/Users/runner/work/pixi_rosdistro/pixi_rosdistro/install/lib/pkgconfig PYTHONPATH=/Users/runner/work/pixi_rosdistro/pixi_rosdistro/install/lib/python3.12/site-packages SHLVL=3 _=/usr/bin/env /Users/runner/work/pixi_rosdistro/pixi_rosdistro/.pixi/envs/default/bin/cmake --build /Users/runner/work/pixi_rosdistro/pixi_rosdistro/build/libyaml_vendor -- -j3 -l3
[11.009s] Invoking command in '/Users/runner/work/pixi_rosdistro/pixi_rosdistro/build/libyaml_vendor': AMENT_PREFIX_PATH=/Users/runner/work/pixi_rosdistro/pixi_rosdistro/install CMAKE_PREFIX_PATH=/Users/runner/work/pixi_rosdistro/pixi_rosdistro/install DYLD_LIBRARY_PATH=/Users/runner/work/pixi_rosdistro/pixi_rosdistro/install/lib PATH=/Users/runner/work/pixi_rosdistro/pixi_rosdistro/install/bin:${PATH} PIXI_PROMPT=(ros2_rolling) PKG_CONFIG_PATH=/Users/runner/work/pixi_rosdistro/pixi_rosdistro/install/lib/pkgconfig PYTHONPATH=/Users/runner/work/pixi_rosdistro/pixi_rosdistro/install/lib/python3.12/site-packages SHLVL=3 _=/usr/bin/env /Users/runner/work/pixi_rosdistro/pixi_rosdistro/.pixi/envs/default/bin/cmake --install /Users/runner/work/pixi_rosdistro/pixi_rosdistro/build/libyaml_vendor
[11.040s] -- Install configuration: "Release"
[11.041s] -- Installing: /Users/runner/work/pixi_rosdistro/pixi_rosdistro/install/share/libyaml_vendor/cmake
[11.041s] -- Installing: /Users/runner/work/pixi_rosdistro/pixi_rosdistro/install/share/libyaml_vendor/cmake/Modules
[11.041s] -- Installing: /Users/runner/work/pixi_rosdistro/pixi_rosdistro/install/share/libyaml_vendor/cmake/Modules/Findyaml.cmake
[11.041s] -- Installing: /Users/runner/work/pixi_rosdistro/pixi_rosdistro/install/share/ament_index/resource_index/package_run_dependencies/libyaml_vendor
[11.041s] -- Installing: /Users/runner/work/pixi_rosdistro/pixi_rosdistro/install/share/ament_index/resource_index/parent_prefix_path/libyaml_vendor
[11.041s] -- Installing: /Users/runner/work/pixi_rosdistro/pixi_rosdistro/install/share/libyaml_vendor/environment/ament_prefix_path.sh
[11.042s] -- Installing: /Users/runner/work/pixi_rosdistro/pixi_rosdistro/install/share/libyaml_vendor/environment/ament_prefix_path.dsv
[11.042s] -- Installing: /Users/runner/work/pixi_rosdistro/pixi_rosdistro/install/share/libyaml_vendor/environment/path.sh
[11.042s] -- Installing: /Users/runner/work/pixi_rosdistro/pixi_rosdistro/install/share/libyaml_vendor/environment/path.dsv
[11.042s] -- Installing: /Users/runner/work/pixi_rosdistro/pixi_rosdistro/install/share/libyaml_vendor/local_setup.bash
[11.042s] -- Installing: /Users/runner/work/pixi_rosdistro/pixi_rosdistro/install/share/libyaml_vendor/local_setup.fish
[11.043s] -- Installing: /Users/runner/work/pixi_rosdistro/pixi_rosdistro/install/share/libyaml_vendor/local_setup.sh
[11.043s] -- Installing: /Users/runner/work/pixi_rosdistro/pixi_rosdistro/install/share/libyaml_vendor/local_setup.zsh
[11.043s] -- Installing: /Users/runner/work/pixi_rosdistro/pixi_rosdistro/install/share/libyaml_vendor/local_setup.dsv
[11.043s] -- Installing: /Users/runner/work/pixi_rosdistro/pixi_rosdistro/install/share/libyaml_vendor/package.dsv
[11.043s] -- Installing: /Users/runner/work/pixi_rosdistro/pixi_rosdistro/install/share/ament_index/resource_index/packages/libyaml_vendor
[11.043s] -- Installing: /Users/runner/work/pixi_rosdistro/pixi_rosdistro/install/share/libyaml_vendor/cmake/libyaml_vendor-extras.cmake
[11.043s] -- Installing: /Users/runner/work/pixi_rosdistro/pixi_rosdistro/install/share/libyaml_vendor/cmake/libyaml_vendorConfig.cmake
[11.043s] -- Installing: /Users/runner/work/pixi_rosdistro/pixi_rosdistro/install/share/libyaml_vendor/cmake/libyaml_vendorConfig-version.cmake
[11.043s] -- Installing: /Users/runner/work/pixi_rosdistro/pixi_rosdistro/install/share/libyaml_vendor/package.xml
[11.047s] Invoked command in '/Users/runner/work/pixi_rosdistro/pixi_rosdistro/build/libyaml_vendor' returned '0': AMENT_PREFIX_PATH=/Users/runner/work/pixi_rosdistro/pixi_rosdistro/install CMAKE_PREFIX_PATH=/Users/runner/work/pixi_rosdistro/pixi_rosdistro/install DYLD_LIBRARY_PATH=/Users/runner/work/pixi_rosdistro/pixi_rosdistro/install/lib PATH=/Users/runner/work/pixi_rosdistro/pixi_rosdistro/install/bin:${PATH} PIXI_PROMPT=(ros2_rolling) PKG_CONFIG_PATH=/Users/runner/work/pixi_rosdistro/pixi_rosdistro/install/lib/pkgconfig PYTHONPATH=/Users/runner/work/pixi_rosdistro/pixi_rosdistro/install/lib/python3.12/site-packages SHLVL=3 _=/usr/bin/env /Users/runner/work/pixi_rosdistro/pixi_rosdistro/.pixi/envs/default/bin/cmake --install /Users/runner/work/pixi_rosdistro/pixi_rosdistro/build/libyaml_vendor
