[1.030s] Invoking command in '/Users/runner/work/pixi_rosdistro/pixi_rosdistro/build/pluginlib': AMENT_PREFIX_PATH=/Users/runner/work/pixi_rosdistro/pixi_rosdistro/install CMAKE_PREFIX_PATH=/Users/runner/work/pixi_rosdistro/pixi_rosdistro/install DYLD_LIBRARY_PATH=/Users/runner/work/pixi_rosdistro/pixi_rosdistro/install/lib:/Users/runner/work/pixi_rosdistro/pixi_rosdistro/install/opt/mimick_vendor/lib PATH=/Users/runner/work/pixi_rosdistro/pixi_rosdistro/install/bin:${PATH} PIXI_PROMPT=(ros2_rolling) PKG_CONFIG_PATH=/Users/runner/work/pixi_rosdistro/pixi_rosdistro/install/lib/pkgconfig PYTHONPATH=/Users/runner/work/pixi_rosdistro/pixi_rosdistro/install/lib/python3.14/site-packages SHLVL=3 _=/usr/bin/env /Users/runner/work/pixi_rosdistro/pixi_rosdistro/.pixi/envs/default/bin/cmake /Users/runner/work/pixi_rosdistro/pixi_rosdistro/src/ros/pluginlib/pluginlib -GNinja --no-warn-unused-cli -DCMAKE_BUILD_TYPE=Release -DCMAKE_BUILD_WITH_INSTALL_RPATH:bool=TRUE -DCMAKE_POLICY_VERSION_MINIMUM=3.5 -Wno-deprecated -DSTACK_DETAILS_AUTO_DETECT:bool=FALSE -DSTACK_DETAILS_BFD:bool=FALSE -DCMAKE_INSTALL_PREFIX=/Users/runner/work/pixi_rosdistro/pixi_rosdistro/install
[1.384s] Not searching for unused variables given on the command line.
[1.384s] -- The C compiler identification is AppleClang 17.0.0.17000013
[1.618s] -- The CXX compiler identification is AppleClang 17.0.0.17000013
[1.758s] -- Detecting C compiler ABI info
[2.503s] -- Detecting C compiler ABI info - done
[2.553s] -- Check for working C compiler: /usr/bin/cc - skipped
[2.553s] -- Detecting C compile features
[2.553s] -- Detecting C compile features - done
[2.556s] -- Detecting CXX compiler ABI info
[2.938s] -- Detecting CXX compiler ABI info - done
[2.975s] -- Check for working CXX compiler: /usr/bin/c++ - skipped
[2.976s] -- Detecting CXX compile features
[2.976s] -- Detecting CXX compile features - done
[2.987s] -- Found ament_cmake: 2.8.6 (/Users/runner/work/pixi_rosdistro/pixi_rosdistro/install/share/ament_cmake/cmake)
[3.540s] -- Found ament_index_cpp: 1.13.2 (/Users/runner/work/pixi_rosdistro/pixi_rosdistro/install/share/ament_index_cpp/cmake)
[3.564s] -- Found class_loader: 2.9.2 (/Users/runner/work/pixi_rosdistro/pixi_rosdistro/install/share/class_loader/cmake)
[3.648s] -- Found ament_lint_auto: 0.20.3 (/Users/runner/work/pixi_rosdistro/pixi_rosdistro/install/share/ament_lint_auto/cmake)
[3.828s] -- Found gtest sources under '/Users/runner/work/pixi_rosdistro/pixi_rosdistro/install/src/gtest_vendor': C++ tests using 'Google Test' will be built
[3.831s] -- Performing Test CMAKE_HAVE_LIBC_PTHREAD
[4.256s] -- Performing Test CMAKE_HAVE_LIBC_PTHREAD - Success
[4.256s] -- Found Threads: TRUE
[4.289s] -- Added test 'copyright' to check source files copyright and LICENSE
[4.289s] -- Added test 'cppcheck' to perform static code analysis on C / C++ code
[4.289s] -- Configured cppcheck include dirs: $<BUILD_INTERFACE:/Users/runner/work/pixi_rosdistro/pixi_rosdistro/src/ros/pluginlib/pluginlib/include>;$<BUILD_INTERFACE:/Users/runner/work/pixi_rosdistro/pixi_rosdistro/src/ros/pluginlib/pluginlib/test/include>
[4.289s] -- Configured cppcheck exclude dirs and/or files: 
[4.293s] -- Added test 'cpplint' to check C / C++ code against the Google style
[4.293s] -- Configured cpplint exclude dirs and/or files: 
[4.293s] -- Added test 'lint_cmake' to check CMake code style
[4.298s] -- Added test 'uncrustify' to check C / C++ code style
[4.298s] -- Configured uncrustify additional arguments: 
[4.298s] -- Added test 'xmllint' to check XML markup files
[4.302s] -- Configuring done (3.2s)
[4.414s] -- Generating done (0.1s)
[4.433s] -- Build files have been written to: /Users/runner/work/pixi_rosdistro/pixi_rosdistro/build/pluginlib
[4.460s] Invoked command in '/Users/runner/work/pixi_rosdistro/pixi_rosdistro/build/pluginlib' returned '0': AMENT_PREFIX_PATH=/Users/runner/work/pixi_rosdistro/pixi_rosdistro/install CMAKE_PREFIX_PATH=/Users/runner/work/pixi_rosdistro/pixi_rosdistro/install DYLD_LIBRARY_PATH=/Users/runner/work/pixi_rosdistro/pixi_rosdistro/install/lib:/Users/runner/work/pixi_rosdistro/pixi_rosdistro/install/opt/mimick_vendor/lib PATH=/Users/runner/work/pixi_rosdistro/pixi_rosdistro/install/bin:${PATH} PIXI_PROMPT=(ros2_rolling) PKG_CONFIG_PATH=/Users/runner/work/pixi_rosdistro/pixi_rosdistro/install/lib/pkgconfig PYTHONPATH=/Users/runner/work/pixi_rosdistro/pixi_rosdistro/install/lib/python3.14/site-packages SHLVL=3 _=/usr/bin/env /Users/runner/work/pixi_rosdistro/pixi_rosdistro/.pixi/envs/default/bin/cmake /Users/runner/work/pixi_rosdistro/pixi_rosdistro/src/ros/pluginlib/pluginlib -GNinja --no-warn-unused-cli -DCMAKE_BUILD_TYPE=Release -DCMAKE_BUILD_WITH_INSTALL_RPATH:bool=TRUE -DCMAKE_POLICY_VERSION_MINIMUM=3.5 -Wno-deprecated -DSTACK_DETAILS_AUTO_DETECT:bool=FALSE -DSTACK_DETAILS_BFD:bool=FALSE -DCMAKE_INSTALL_PREFIX=/Users/runner/work/pixi_rosdistro/pixi_rosdistro/install
[4.461s] Invoking command in '/Users/runner/work/pixi_rosdistro/pixi_rosdistro/build/pluginlib': AMENT_PREFIX_PATH=/Users/runner/work/pixi_rosdistro/pixi_rosdistro/install CMAKE_PREFIX_PATH=/Users/runner/work/pixi_rosdistro/pixi_rosdistro/install DYLD_LIBRARY_PATH=/Users/runner/work/pixi_rosdistro/pixi_rosdistro/install/lib:/Users/runner/work/pixi_rosdistro/pixi_rosdistro/install/opt/mimick_vendor/lib PATH=/Users/runner/work/pixi_rosdistro/pixi_rosdistro/install/bin:${PATH} PIXI_PROMPT=(ros2_rolling) PKG_CONFIG_PATH=/Users/runner/work/pixi_rosdistro/pixi_rosdistro/install/lib/pkgconfig PYTHONPATH=/Users/runner/work/pixi_rosdistro/pixi_rosdistro/install/lib/python3.14/site-packages SHLVL=3 _=/usr/bin/env /Users/runner/work/pixi_rosdistro/pixi_rosdistro/.pixi/envs/default/bin/cmake --build /Users/runner/work/pixi_rosdistro/pixi_rosdistro/build/pluginlib -- -j3 -l3
[5.246s] [1/12] Building CXX object gtest/CMakeFiles/gtest.dir/src/gtest-all.cc.o
[5.711s] [2/12] Building CXX object gtest/CMakeFiles/gtest_main.dir/src/gtest_main.cc.o
[6.172s] [3/12] Building CXX object CMakeFiles/list_plugins.dir/src/list_plugins.cpp.o
[6.728s] [4/12] Building CXX object CMakeFiles/test_plugins.dir/test/test_plugins.cpp.o
[7.327s] [5/12] Building CXX object CMakeFiles/pluginlib_unique_ptr_test.dir/test/unique_ptr_test.cpp.o
[7.929s] [6/12] Building CXX object CMakeFiles/pluginlib_utest.dir/test/utest.cpp.o
[8.037s] [7/12] Linking CXX static library gtest/libgtest.a
[8.167s] [8/12] Linking CXX static library gtest/libgtest_main.a
[8.288s] [9/12] Linking CXX executable list_plugins
[8.396s] [10/12] Linking CXX shared library libtest_plugins.dylib
[8.524s] [11/12] Linking CXX executable pluginlib_unique_ptr_test
[8.623s] [12/12] Linking CXX executable pluginlib_utest
[8.627s] Invoked command in '/Users/runner/work/pixi_rosdistro/pixi_rosdistro/build/pluginlib' returned '0': AMENT_PREFIX_PATH=/Users/runner/work/pixi_rosdistro/pixi_rosdistro/install CMAKE_PREFIX_PATH=/Users/runner/work/pixi_rosdistro/pixi_rosdistro/install DYLD_LIBRARY_PATH=/Users/runner/work/pixi_rosdistro/pixi_rosdistro/install/lib:/Users/runner/work/pixi_rosdistro/pixi_rosdistro/install/opt/mimick_vendor/lib PATH=/Users/runner/work/pixi_rosdistro/pixi_rosdistro/install/bin:${PATH} PIXI_PROMPT=(ros2_rolling) PKG_CONFIG_PATH=/Users/runner/work/pixi_rosdistro/pixi_rosdistro/install/lib/pkgconfig PYTHONPATH=/Users/runner/work/pixi_rosdistro/pixi_rosdistro/install/lib/python3.14/site-packages SHLVL=3 _=/usr/bin/env /Users/runner/work/pixi_rosdistro/pixi_rosdistro/.pixi/envs/default/bin/cmake --build /Users/runner/work/pixi_rosdistro/pixi_rosdistro/build/pluginlib -- -j3 -l3
[8.634s] Invoking command in '/Users/runner/work/pixi_rosdistro/pixi_rosdistro/build/pluginlib': AMENT_PREFIX_PATH=/Users/runner/work/pixi_rosdistro/pixi_rosdistro/install CMAKE_PREFIX_PATH=/Users/runner/work/pixi_rosdistro/pixi_rosdistro/install DYLD_LIBRARY_PATH=/Users/runner/work/pixi_rosdistro/pixi_rosdistro/install/lib:/Users/runner/work/pixi_rosdistro/pixi_rosdistro/install/opt/mimick_vendor/lib PATH=/Users/runner/work/pixi_rosdistro/pixi_rosdistro/install/bin:${PATH} PIXI_PROMPT=(ros2_rolling) PKG_CONFIG_PATH=/Users/runner/work/pixi_rosdistro/pixi_rosdistro/install/lib/pkgconfig PYTHONPATH=/Users/runner/work/pixi_rosdistro/pixi_rosdistro/install/lib/python3.14/site-packages SHLVL=3 _=/usr/bin/env /Users/runner/work/pixi_rosdistro/pixi_rosdistro/.pixi/envs/default/bin/cmake --install /Users/runner/work/pixi_rosdistro/pixi_rosdistro/build/pluginlib
[8.655s] -- Install configuration: "Release"
[8.655s] -- Installing: /Users/runner/work/pixi_rosdistro/pixi_rosdistro/install/lib/pluginlib/list_plugins
[8.656s] -- Installing: /Users/runner/work/pixi_rosdistro/pixi_rosdistro/install/share/pluginlib/cmake
[8.656s] -- Installing: /Users/runner/work/pixi_rosdistro/pixi_rosdistro/install/share/pluginlib/cmake/pluginlib_enable_plugin_testing.cmake
[8.657s] -- Installing: /Users/runner/work/pixi_rosdistro/pixi_rosdistro/install/share/pluginlib/cmake/pluginlib_export_plugin_description_file.cmake
[8.657s] -- Installing: /Users/runner/work/pixi_rosdistro/pixi_rosdistro/install/share/pluginlib/cmake/pluginlib_package_hook.cmake
[8.658s] -- Installing: /Users/runner/work/pixi_rosdistro/pixi_rosdistro/install/share/pluginlib/cmake/blank.in
[8.659s] -- Installing: /Users/runner/work/pixi_rosdistro/pixi_rosdistro/install/include/pluginlib
[8.659s] -- Installing: /Users/runner/work/pixi_rosdistro/pixi_rosdistro/install/include/pluginlib/pluginlib
[8.659s] -- Installing: /Users/runner/work/pixi_rosdistro/pixi_rosdistro/install/include/pluginlib/pluginlib/class_desc.hpp
[8.660s] -- Installing: /Users/runner/work/pixi_rosdistro/pixi_rosdistro/install/include/pluginlib/pluginlib/class_loader_imp.hpp
[8.660s] -- Installing: /Users/runner/work/pixi_rosdistro/pixi_rosdistro/install/include/pluginlib/pluginlib/class_list_macros.hpp
[8.660s] -- Installing: /Users/runner/work/pixi_rosdistro/pixi_rosdistro/install/include/pluginlib/pluginlib/exceptions.hpp
[8.660s] -- Installing: /Users/runner/work/pixi_rosdistro/pixi_rosdistro/install/include/pluginlib/pluginlib/class_loader.hpp
[8.661s] -- Installing: /Users/runner/work/pixi_rosdistro/pixi_rosdistro/install/include/pluginlib/pluginlib/class_loader_base.hpp
[8.661s] -- Installing: /Users/runner/work/pixi_rosdistro/pixi_rosdistro/install/share/ament_index/resource_index/package_run_dependencies/pluginlib
[8.661s] -- Installing: /Users/runner/work/pixi_rosdistro/pixi_rosdistro/install/share/ament_index/resource_index/parent_prefix_path/pluginlib
[8.662s] -- Installing: /Users/runner/work/pixi_rosdistro/pixi_rosdistro/install/share/pluginlib/environment/ament_prefix_path.sh
[8.663s] -- Installing: /Users/runner/work/pixi_rosdistro/pixi_rosdistro/install/share/pluginlib/environment/ament_prefix_path.dsv
[8.664s] -- Installing: /Users/runner/work/pixi_rosdistro/pixi_rosdistro/install/share/pluginlib/environment/path.sh
[8.664s] -- Installing: /Users/runner/work/pixi_rosdistro/pixi_rosdistro/install/share/pluginlib/environment/path.dsv
[8.664s] -- Installing: /Users/runner/work/pixi_rosdistro/pixi_rosdistro/install/share/pluginlib/local_setup.bash
[8.664s] -- Installing: /Users/runner/work/pixi_rosdistro/pixi_rosdistro/install/share/pluginlib/local_setup.fish
[8.664s] -- Installing: /Users/runner/work/pixi_rosdistro/pixi_rosdistro/install/share/pluginlib/local_setup.sh
[8.664s] -- Installing: /Users/runner/work/pixi_rosdistro/pixi_rosdistro/install/share/pluginlib/local_setup.zsh
[8.664s] -- Installing: /Users/runner/work/pixi_rosdistro/pixi_rosdistro/install/share/pluginlib/local_setup.dsv
[8.664s] -- Installing: /Users/runner/work/pixi_rosdistro/pixi_rosdistro/install/share/pluginlib/package.dsv
[8.665s] -- Installing: /Users/runner/work/pixi_rosdistro/pixi_rosdistro/install/share/ament_index/resource_index/packages/pluginlib
[8.670s] -- Installing: /Users/runner/work/pixi_rosdistro/pixi_rosdistro/install/share/pluginlib/cmake/export_pluginlibExport.cmake
[8.670s] -- Installing: /Users/runner/work/pixi_rosdistro/pixi_rosdistro/install/share/pluginlib/cmake/pluginlib-extras.cmake
[8.670s] -- Installing: /Users/runner/work/pixi_rosdistro/pixi_rosdistro/install/share/pluginlib/cmake/ament_cmake_export_dependencies-extras.cmake
[8.671s] -- Installing: /Users/runner/work/pixi_rosdistro/pixi_rosdistro/install/share/pluginlib/cmake/ament_cmake_export_include_directories-extras.cmake
[8.671s] -- Installing: /Users/runner/work/pixi_rosdistro/pixi_rosdistro/install/share/pluginlib/cmake/ament_cmake_export_targets-extras.cmake
[8.672s] -- Installing: /Users/runner/work/pixi_rosdistro/pixi_rosdistro/install/share/pluginlib/cmake/pluginlibConfig.cmake
[8.678s] -- Installing: /Users/runner/work/pixi_rosdistro/pixi_rosdistro/install/share/pluginlib/cmake/pluginlibConfig-version.cmake
[8.678s] -- Installing: /Users/runner/work/pixi_rosdistro/pixi_rosdistro/install/share/pluginlib/package.xml
[8.680s] Invoked command in '/Users/runner/work/pixi_rosdistro/pixi_rosdistro/build/pluginlib' returned '0': AMENT_PREFIX_PATH=/Users/runner/work/pixi_rosdistro/pixi_rosdistro/install CMAKE_PREFIX_PATH=/Users/runner/work/pixi_rosdistro/pixi_rosdistro/install DYLD_LIBRARY_PATH=/Users/runner/work/pixi_rosdistro/pixi_rosdistro/install/lib:/Users/runner/work/pixi_rosdistro/pixi_rosdistro/install/opt/mimick_vendor/lib PATH=/Users/runner/work/pixi_rosdistro/pixi_rosdistro/install/bin:${PATH} PIXI_PROMPT=(ros2_rolling) PKG_CONFIG_PATH=/Users/runner/work/pixi_rosdistro/pixi_rosdistro/install/lib/pkgconfig PYTHONPATH=/Users/runner/work/pixi_rosdistro/pixi_rosdistro/install/lib/python3.14/site-packages SHLVL=3 _=/usr/bin/env /Users/runner/work/pixi_rosdistro/pixi_rosdistro/.pixi/envs/default/bin/cmake --install /Users/runner/work/pixi_rosdistro/pixi_rosdistro/build/pluginlib
