[2.090s] Invoking command in '/home/runner/work/pixi_rosdistro/pixi_rosdistro/build/rti_connext_dds_cmake_module': AMENT_PREFIX_PATH=/home/runner/work/pixi_rosdistro/pixi_rosdistro/install CMAKE_PREFIX_PATH=/home/runner/work/pixi_rosdistro/pixi_rosdistro/install:${CMAKE_PREFIX_PATH} LD_LIBRARY_PATH=/home/runner/work/pixi_rosdistro/pixi_rosdistro/install/lib PATH=/home/runner/work/pixi_rosdistro/pixi_rosdistro/install/bin:/opt/microsoft/powershell/7:${PATH} PIXI_PROMPT=(ros2_rolling) PKG_CONFIG_PATH=/home/runner/work/pixi_rosdistro/pixi_rosdistro/install/lib/pkgconfig PSModulePath=/home/runner/.local/share/powershell/Modules:${PSModulePath} PYTHONPATH=/home/runner/work/pixi_rosdistro/pixi_rosdistro/install/lib/python3.12/site-packages /home/runner/work/pixi_rosdistro/pixi_rosdistro/.pixi/envs/default/bin/cmake /home/runner/work/pixi_rosdistro/pixi_rosdistro/src/ros2/rmw_connextdds/rti_connext_dds_cmake_module -GNinja --no-warn-unused-cli -DCMAKE_BUILD_TYPE=Release -DCMAKE_BUILD_WITH_INSTALL_RPATH:bool=TRUE -DCMAKE_POLICY_VERSION_MINIMUM=3.5 -Wno-deprecated -DSTACK_DETAILS_AUTO_DETECT:bool=FALSE -DSTACK_DETAILS_BFD:bool=FALSE -DCMAKE_INSTALL_PREFIX=/home/runner/work/pixi_rosdistro/pixi_rosdistro/install
[2.145s] Not searching for unused variables given on the command line.
[2.145s] -- The C compiler identification is GNU 14.3.0
[2.246s] -- The CXX compiler identification is GNU 14.3.0
[2.255s] -- Detecting C compiler ABI info
[2.417s] -- Detecting C compiler ABI info - done
[2.451s] -- Check for working C compiler: /home/runner/work/pixi_rosdistro/pixi_rosdistro/.pixi/envs/default/bin/x86_64-conda-linux-gnu-cc - skipped
[2.451s] -- Detecting C compile features
[2.451s] -- Detecting C compile features - done
[2.469s] -- Detecting CXX compiler ABI info
[2.664s] -- Detecting CXX compiler ABI info - done
[2.698s] -- Check for working CXX compiler: /home/runner/work/pixi_rosdistro/pixi_rosdistro/.pixi/envs/default/bin/x86_64-conda-linux-gnu-c++ - skipped
[2.698s] -- Detecting CXX compile features
[2.700s] -- Detecting CXX compile features - done
[2.715s] -- Found ament_cmake: 2.8.6 (/home/runner/work/pixi_rosdistro/pixi_rosdistro/install/share/ament_cmake/cmake)
[2.958s] -- no CONNEXTDDS_DIR nor NDDSHOME specified
[2.958s] -- Invalid CONNEXTDDS_DIR = ''
[2.958s] -- RTI Connext DDS Professional: NOT FOUND
[2.958s] -- Invalid CONNEXTDDS_DIR = ''
[2.958s] -- Invalid RTIMEHOME = ''
[2.958s] -- RTIMEHOME not found
[2.959s] -- RTI Connext DDS Micro: NOT FOUND
[2.959s] -- no environment hook generated
[2.959s] -- Found ament_lint_auto: 0.20.3 (/home/runner/work/pixi_rosdistro/pixi_rosdistro/install/share/ament_lint_auto/cmake)
[3.093s] -- Added test 'copyright' to check source files copyright and LICENSE
[3.096s] -- Added test 'lint_cmake' to check CMake code style
[3.098s] -- Added test 'xmllint' to check XML markup files
[3.100s] -- Configuring done (1.0s)
[3.109s] -- Generating done (0.0s)
[3.111s] -- Build files have been written to: /home/runner/work/pixi_rosdistro/pixi_rosdistro/build/rti_connext_dds_cmake_module
[3.116s] Invoked command in '/home/runner/work/pixi_rosdistro/pixi_rosdistro/build/rti_connext_dds_cmake_module' returned '0': AMENT_PREFIX_PATH=/home/runner/work/pixi_rosdistro/pixi_rosdistro/install CMAKE_PREFIX_PATH=/home/runner/work/pixi_rosdistro/pixi_rosdistro/install:${CMAKE_PREFIX_PATH} LD_LIBRARY_PATH=/home/runner/work/pixi_rosdistro/pixi_rosdistro/install/lib PATH=/home/runner/work/pixi_rosdistro/pixi_rosdistro/install/bin:/opt/microsoft/powershell/7:${PATH} PIXI_PROMPT=(ros2_rolling) PKG_CONFIG_PATH=/home/runner/work/pixi_rosdistro/pixi_rosdistro/install/lib/pkgconfig PSModulePath=/home/runner/.local/share/powershell/Modules:${PSModulePath} PYTHONPATH=/home/runner/work/pixi_rosdistro/pixi_rosdistro/install/lib/python3.12/site-packages /home/runner/work/pixi_rosdistro/pixi_rosdistro/.pixi/envs/default/bin/cmake /home/runner/work/pixi_rosdistro/pixi_rosdistro/src/ros2/rmw_connextdds/rti_connext_dds_cmake_module -GNinja --no-warn-unused-cli -DCMAKE_BUILD_TYPE=Release -DCMAKE_BUILD_WITH_INSTALL_RPATH:bool=TRUE -DCMAKE_POLICY_VERSION_MINIMUM=3.5 -Wno-deprecated -DSTACK_DETAILS_AUTO_DETECT:bool=FALSE -DSTACK_DETAILS_BFD:bool=FALSE -DCMAKE_INSTALL_PREFIX=/home/runner/work/pixi_rosdistro/pixi_rosdistro/install
[3.117s] Invoking command in '/home/runner/work/pixi_rosdistro/pixi_rosdistro/build/rti_connext_dds_cmake_module': AMENT_PREFIX_PATH=/home/runner/work/pixi_rosdistro/pixi_rosdistro/install CMAKE_PREFIX_PATH=/home/runner/work/pixi_rosdistro/pixi_rosdistro/install:${CMAKE_PREFIX_PATH} LD_LIBRARY_PATH=/home/runner/work/pixi_rosdistro/pixi_rosdistro/install/lib PATH=/home/runner/work/pixi_rosdistro/pixi_rosdistro/install/bin:/opt/microsoft/powershell/7:${PATH} PIXI_PROMPT=(ros2_rolling) PKG_CONFIG_PATH=/home/runner/work/pixi_rosdistro/pixi_rosdistro/install/lib/pkgconfig PSModulePath=/home/runner/.local/share/powershell/Modules:${PSModulePath} PYTHONPATH=/home/runner/work/pixi_rosdistro/pixi_rosdistro/install/lib/python3.12/site-packages /home/runner/work/pixi_rosdistro/pixi_rosdistro/.pixi/envs/default/bin/cmake --build /home/runner/work/pixi_rosdistro/pixi_rosdistro/build/rti_connext_dds_cmake_module -- -j4 -l4
[3.127s] ninja: no work to do.
[3.130s] Invoked command in '/home/runner/work/pixi_rosdistro/pixi_rosdistro/build/rti_connext_dds_cmake_module' returned '0': AMENT_PREFIX_PATH=/home/runner/work/pixi_rosdistro/pixi_rosdistro/install CMAKE_PREFIX_PATH=/home/runner/work/pixi_rosdistro/pixi_rosdistro/install:${CMAKE_PREFIX_PATH} LD_LIBRARY_PATH=/home/runner/work/pixi_rosdistro/pixi_rosdistro/install/lib PATH=/home/runner/work/pixi_rosdistro/pixi_rosdistro/install/bin:/opt/microsoft/powershell/7:${PATH} PIXI_PROMPT=(ros2_rolling) PKG_CONFIG_PATH=/home/runner/work/pixi_rosdistro/pixi_rosdistro/install/lib/pkgconfig PSModulePath=/home/runner/.local/share/powershell/Modules:${PSModulePath} PYTHONPATH=/home/runner/work/pixi_rosdistro/pixi_rosdistro/install/lib/python3.12/site-packages /home/runner/work/pixi_rosdistro/pixi_rosdistro/.pixi/envs/default/bin/cmake --build /home/runner/work/pixi_rosdistro/pixi_rosdistro/build/rti_connext_dds_cmake_module -- -j4 -l4
[3.131s] Invoking command in '/home/runner/work/pixi_rosdistro/pixi_rosdistro/build/rti_connext_dds_cmake_module': AMENT_PREFIX_PATH=/home/runner/work/pixi_rosdistro/pixi_rosdistro/install CMAKE_PREFIX_PATH=/home/runner/work/pixi_rosdistro/pixi_rosdistro/install:${CMAKE_PREFIX_PATH} LD_LIBRARY_PATH=/home/runner/work/pixi_rosdistro/pixi_rosdistro/install/lib PATH=/home/runner/work/pixi_rosdistro/pixi_rosdistro/install/bin:/opt/microsoft/powershell/7:${PATH} PIXI_PROMPT=(ros2_rolling) PKG_CONFIG_PATH=/home/runner/work/pixi_rosdistro/pixi_rosdistro/install/lib/pkgconfig PSModulePath=/home/runner/.local/share/powershell/Modules:${PSModulePath} PYTHONPATH=/home/runner/work/pixi_rosdistro/pixi_rosdistro/install/lib/python3.12/site-packages /home/runner/work/pixi_rosdistro/pixi_rosdistro/.pixi/envs/default/bin/cmake --install /home/runner/work/pixi_rosdistro/pixi_rosdistro/build/rti_connext_dds_cmake_module
[3.136s] -- Install configuration: "Release"
[3.136s] -- Installing: /home/runner/work/pixi_rosdistro/pixi_rosdistro/install/share/rti_connext_dds_cmake_module/cmake/rti_build_helper.cmake
[3.137s] -- Installing: /home/runner/work/pixi_rosdistro/pixi_rosdistro/install/share/ament_index/resource_index/package_run_dependencies/rti_connext_dds_cmake_module
[3.137s] -- Installing: /home/runner/work/pixi_rosdistro/pixi_rosdistro/install/share/ament_index/resource_index/parent_prefix_path/rti_connext_dds_cmake_module
[3.137s] -- Installing: /home/runner/work/pixi_rosdistro/pixi_rosdistro/install/share/rti_connext_dds_cmake_module/environment/ament_prefix_path.sh
[3.137s] -- Installing: /home/runner/work/pixi_rosdistro/pixi_rosdistro/install/share/rti_connext_dds_cmake_module/environment/ament_prefix_path.dsv
[3.137s] -- Installing: /home/runner/work/pixi_rosdistro/pixi_rosdistro/install/share/rti_connext_dds_cmake_module/environment/path.sh
[3.138s] -- Installing: /home/runner/work/pixi_rosdistro/pixi_rosdistro/install/share/rti_connext_dds_cmake_module/environment/path.dsv
[3.138s] -- Installing: /home/runner/work/pixi_rosdistro/pixi_rosdistro/install/share/rti_connext_dds_cmake_module/local_setup.bash
[3.138s] -- Installing: /home/runner/work/pixi_rosdistro/pixi_rosdistro/install/share/rti_connext_dds_cmake_module/local_setup.fish
[3.138s] -- Installing: /home/runner/work/pixi_rosdistro/pixi_rosdistro/install/share/rti_connext_dds_cmake_module/local_setup.sh
[3.138s] -- Installing: /home/runner/work/pixi_rosdistro/pixi_rosdistro/install/share/rti_connext_dds_cmake_module/local_setup.zsh
[3.139s] -- Installing: /home/runner/work/pixi_rosdistro/pixi_rosdistro/install/share/rti_connext_dds_cmake_module/local_setup.dsv
[3.139s] -- Installing: /home/runner/work/pixi_rosdistro/pixi_rosdistro/install/share/rti_connext_dds_cmake_module/package.dsv
[3.139s] -- Installing: /home/runner/work/pixi_rosdistro/pixi_rosdistro/install/share/ament_index/resource_index/packages/rti_connext_dds_cmake_module
[3.139s] -- Installing: /home/runner/work/pixi_rosdistro/pixi_rosdistro/install/share/rti_connext_dds_cmake_module/cmake/rti_connext_dds_cmake_module-extras.cmake
[3.139s] -- Installing: /home/runner/work/pixi_rosdistro/pixi_rosdistro/install/share/rti_connext_dds_cmake_module/cmake/rti_connext_dds_cmake_moduleConfig.cmake
[3.140s] -- Installing: /home/runner/work/pixi_rosdistro/pixi_rosdistro/install/share/rti_connext_dds_cmake_module/cmake/rti_connext_dds_cmake_moduleConfig-version.cmake
[3.140s] -- Installing: /home/runner/work/pixi_rosdistro/pixi_rosdistro/install/share/rti_connext_dds_cmake_module/package.xml
[3.142s] Invoked command in '/home/runner/work/pixi_rosdistro/pixi_rosdistro/build/rti_connext_dds_cmake_module' returned '0': AMENT_PREFIX_PATH=/home/runner/work/pixi_rosdistro/pixi_rosdistro/install CMAKE_PREFIX_PATH=/home/runner/work/pixi_rosdistro/pixi_rosdistro/install:${CMAKE_PREFIX_PATH} LD_LIBRARY_PATH=/home/runner/work/pixi_rosdistro/pixi_rosdistro/install/lib PATH=/home/runner/work/pixi_rosdistro/pixi_rosdistro/install/bin:/opt/microsoft/powershell/7:${PATH} PIXI_PROMPT=(ros2_rolling) PKG_CONFIG_PATH=/home/runner/work/pixi_rosdistro/pixi_rosdistro/install/lib/pkgconfig PSModulePath=/home/runner/.local/share/powershell/Modules:${PSModulePath} PYTHONPATH=/home/runner/work/pixi_rosdistro/pixi_rosdistro/install/lib/python3.12/site-packages /home/runner/work/pixi_rosdistro/pixi_rosdistro/.pixi/envs/default/bin/cmake --install /home/runner/work/pixi_rosdistro/pixi_rosdistro/build/rti_connext_dds_cmake_module
