[0.703s] Invoking command in 'D:\a\pixi_rosdistro\pixi_rosdistro\build\cyclonedds': CMAKE_PREFIX_PATH=D:\a\pixi_rosdistro\pixi_rosdistro\install;D:\a\pixi_rosdistro\pixi_rosdistro\.pixi\envs\default\Library PATH=D:\a\pixi_rosdistro\pixi_rosdistro\install\Scripts;D:\a\pixi_rosdistro\pixi_rosdistro\install\bin;%PATH% PIXI_PROMPT=(ros2_rolling) PKG_CONFIG_PATH=D:\a\pixi_rosdistro\pixi_rosdistro\install\lib\pkgconfig PROMPT=$P$G PYTHONPATH=D:\a\pixi_rosdistro\pixi_rosdistro\install\Lib\site-packages D:\a\pixi_rosdistro\pixi_rosdistro\.pixi\envs\default\Library\bin\cmake.EXE D:\a\pixi_rosdistro\pixi_rosdistro\src\eclipse-cyclonedds\cyclonedds -GNinja --no-warn-unused-cli -DCMAKE_BUILD_TYPE=Release -DCMAKE_BUILD_WITH_INSTALL_RPATH:bool=TRUE -DCMAKE_POLICY_VERSION_MINIMUM=3.5 -Wno-deprecated -DSTACK_DETAILS_AUTO_DETECT:bool=FALSE -DSTACK_DETAILS_BFD:bool=FALSE -DCMAKE_MSVC_DEBUG_INFORMATION_FORMAT=Embedded -DCMAKE_CXX_FLAGS=/MP /FS /EHsc -DCMAKE_C_FLAGS=/MP /FS -DBUILD_IDLC=AUTO -DCMAKE_INSTALL_PREFIX=D:\a\pixi_rosdistro\pixi_rosdistro\install
[1.000s] Not searching for unused variables given on the command line.
[1.000s] -- The C compiler identification is MSVC 19.44.35225.0
[1.047s] -- Detecting C compiler ABI info
[1.625s] -- Detecting C compiler ABI info - done
[1.656s] -- Check for working C compiler: C:/Program Files/Microsoft Visual Studio/2022/Enterprise/VC/Tools/MSVC/14.44.35207/bin/Hostx64/x64/cl.exe - skipped
[1.656s] -- Detecting C compile features
[1.656s] -- Detecting C compile features - done
[1.672s] -- Looking for getopt.h
[1.812s] -- Looking for getopt.h - not found
[1.812s] -- Warning: iceoryx binding for Windows currently not supported
[1.890s] -- Building with OpenSSL support
[1.922s] -- Looking for stdint.h
[2.500s] -- Looking for stdint.h - found
[2.500s] -- Looking for inttypes.h
[3.078s] -- Looking for inttypes.h - found
[3.078s] -- Looking for sys/types.h
[3.656s] -- Looking for sys/types.h - found
[3.656s] -- Looking for stdint.h
[4.265s] -- Looking for stdint.h - found
[4.265s] -- Looking for stddef.h
[4.859s] -- Looking for stddef.h - found
[4.859s] -- Check size of intmax_t
[5.468s] -- Check size of intmax_t - done
[5.468s] -- Looking for stpcpy
[5.718s] -- Looking for stpcpy - not found
[5.718s] -- Looking for strlcpy
[5.968s] -- Looking for strlcpy - not found
[5.968s] -- Looking for strlcat
[6.203s] -- Looking for strlcat - not found
[6.203s] -- Performing Test COMPILER_HAS_DEPRECATED_ATTR
[6.437s] -- Performing Test COMPILER_HAS_DEPRECATED_ATTR - Failed
[6.437s] -- Performing Test COMPILER_HAS_DEPRECATED
[7.015s] -- Performing Test COMPILER_HAS_DEPRECATED - Success
[7.031s] -- Looking for gethostname
[8.422s] -- Looking for gethostname - found
[8.422s] -- Looking for inet_ntop
[9.797s] -- Looking for inet_ntop - found
[9.797s] -- Looking for inet_pton
[11.172s] -- Looking for inet_pton - found
[11.172s] -- Looking for getaddrinfo
[12.562s] -- Looking for getaddrinfo - found
[12.562s] -- Looking for gethostbyname_r
[13.640s] -- Looking for gethostbyname_r - not found
[13.640s] -- Check size of struct sockaddr_in6
[15.031s] -- Check size of struct sockaddr_in6 - done
[15.047s] -- Performing Test CMAKE_HAVE_LIBC_PTHREAD
[15.203s] -- Performing Test CMAKE_HAVE_LIBC_PTHREAD - Failed
[15.203s] -- Looking for pthread_create in pthreads
[15.718s] -- Looking for pthread_create in pthreads - not found
[15.718s] -- Looking for pthread_create in pthread
[16.515s] -- Looking for pthread_create in pthread - not found
[16.515s] -- Found Threads: TRUE
[17.312s] -- Configuring done (16.6s)
[17.562s] -- Generating done (0.3s)
[17.625s] -- Build files have been written to: D:/a/pixi_rosdistro/pixi_rosdistro/build/cyclonedds
[17.640s] Invoked command in 'D:\a\pixi_rosdistro\pixi_rosdistro\build\cyclonedds' returned '0': CMAKE_PREFIX_PATH=D:\a\pixi_rosdistro\pixi_rosdistro\install;D:\a\pixi_rosdistro\pixi_rosdistro\.pixi\envs\default\Library PATH=D:\a\pixi_rosdistro\pixi_rosdistro\install\Scripts;D:\a\pixi_rosdistro\pixi_rosdistro\install\bin;%PATH% PIXI_PROMPT=(ros2_rolling) PKG_CONFIG_PATH=D:\a\pixi_rosdistro\pixi_rosdistro\install\lib\pkgconfig PROMPT=$P$G PYTHONPATH=D:\a\pixi_rosdistro\pixi_rosdistro\install\Lib\site-packages ROS_DOMAIN_ID=40 D:\a\pixi_rosdistro\pixi_rosdistro\.pixi\envs\default\Library\bin\cmake.EXE D:\a\pixi_rosdistro\pixi_rosdistro\src\eclipse-cyclonedds\cyclonedds -GNinja --no-warn-unused-cli -DCMAKE_BUILD_TYPE=Release -DCMAKE_BUILD_WITH_INSTALL_RPATH:bool=TRUE -DCMAKE_POLICY_VERSION_MINIMUM=3.5 -Wno-deprecated -DSTACK_DETAILS_AUTO_DETECT:bool=FALSE -DSTACK_DETAILS_BFD:bool=FALSE -DCMAKE_MSVC_DEBUG_INFORMATION_FORMAT=Embedded -DCMAKE_CXX_FLAGS=/MP /FS /EHsc -DCMAKE_C_FLAGS=/MP /FS -DBUILD_IDLC=AUTO -DCMAKE_INSTALL_PREFIX=D:\a\pixi_rosdistro\pixi_rosdistro\install
[17.640s] Invoking command in 'D:\a\pixi_rosdistro\pixi_rosdistro\build\cyclonedds': CMAKE_PREFIX_PATH=D:\a\pixi_rosdistro\pixi_rosdistro\install;D:\a\pixi_rosdistro\pixi_rosdistro\.pixi\envs\default\Library PATH=D:\a\pixi_rosdistro\pixi_rosdistro\install\Scripts;D:\a\pixi_rosdistro\pixi_rosdistro\install\bin;%PATH% PIXI_PROMPT=(ros2_rolling) PKG_CONFIG_PATH=D:\a\pixi_rosdistro\pixi_rosdistro\install\lib\pkgconfig PROMPT=$P$G PYTHONPATH=D:\a\pixi_rosdistro\pixi_rosdistro\install\Lib\site-packages ROS_DOMAIN_ID=40 D:\a\pixi_rosdistro\pixi_rosdistro\.pixi\envs\default\Library\bin\cmake.EXE --build D:\a\pixi_rosdistro\pixi_rosdistro\build\cyclonedds -- -j4 -l4
[17.765s] [1/261] Generating include/idl/misc.h
[17.828s] [2/261] Generating include/idl/attributes.h
[17.875s] [3/261] Generating include/idl/endian.h
[17.922s] [4/261] Generating include/idl/md5.h
[17.984s] [5/261] Generating src/md5.c
[18.000s] [6/261] cmd.exe /c
[18.172s] [7/261] Building C object src\tools\idlpp\CMakeFiles\idlpp.dir\src\directive.c.obj
[18.343s] [8/261] Building C object src\tools\idlpp\CMakeFiles\idlpp.dir\src\eval.c.obj
[18.500s] [9/261] Building C object src\tools\idlpp\CMakeFiles\idlpp.dir\src\expand.c.obj
[18.672s] [10/261] Building C object src\tools\idlpp\CMakeFiles\idlpp.dir\src\main.c.obj
[18.875s] [11/261] Building C object src\tools\idlpp\CMakeFiles\idlpp.dir\src\mbchar.c.obj
[19.047s] [12/261] Building C object src\tools\idlpp\CMakeFiles\idlpp.dir\src\support.c.obj
[19.234s] [13/261] Building C object src\tools\idlpp\CMakeFiles\idlpp.dir\src\system.c.obj
[19.390s] [14/261] Building C object src\idl\CMakeFiles\idl.dir\src\symbol.c.obj
[19.609s] [15/261] Building C object src\idl\CMakeFiles\idl.dir\src\directive.c.obj
[19.609s] FAILED: [code=2] src/idl/CMakeFiles/idl.dir/src/directive.c.obj 
[19.609s] sccache C:\PROGRA~1\MICROS~2\2022\ENTERP~1\VC\Tools\MSVC\1444~1.352\bin\Hostx64\x64\cl.exe  /nologo -Didl_EXPORTS -ID:\a\pixi_rosdistro\pixi_rosdistro\src\eclipse-cyclonedds\cyclonedds\src\idl\include -ID:\a\pixi_rosdistro\pixi_rosdistro\src\eclipse-cyclonedds\cyclonedds\src\idl\src -ID:\a\pixi_rosdistro\pixi_rosdistro\build\cyclonedds\src\idl\include -ID:\a\pixi_rosdistro\pixi_rosdistro\build\cyclonedds\src\idl /MP /FS /O2 /Ob2 /DNDEBUG -MD /W3 /wd5286 /wd5287 /wd4319 /showIncludes /Fosrc\idl\CMakeFiles\idl.dir\src\directive.c.obj /Fdsrc\idl\CMakeFiles\idl.dir\ /FS -c D:\a\pixi_rosdistro\pixi_rosdistro\src\eclipse-cyclonedds\cyclonedds\src\idl\src\directive.c
[19.609s] D:\a\pixi_rosdistro\pixi_rosdistro\src\eclipse-cyclonedds\cyclonedds\src\idl\src\file.h(31): error C2061: syntax error: identifier 'idl_untaint_path'
[19.609s] D:\a\pixi_rosdistro\pixi_rosdistro\src\eclipse-cyclonedds\cyclonedds\src\idl\src\file.h(31): error C2059: syntax error: ';'
[19.609s] D:\a\pixi_rosdistro\pixi_rosdistro\src\eclipse-cyclonedds\cyclonedds\src\idl\src\file.h(31): error C2059: syntax error: '<parameter-list>'
[19.609s] D:\a\pixi_rosdistro\pixi_rosdistro\src\eclipse-cyclonedds\cyclonedds\src\idl\src\directive.c(165): warning C4013: 'idl_untaint_path' undefined; assuming extern returning int
[19.609s] ninja: build stopped: subcommand failed.
[19.625s] Invoked command in 'D:\a\pixi_rosdistro\pixi_rosdistro\build\cyclonedds' returned '2': CMAKE_PREFIX_PATH=D:\a\pixi_rosdistro\pixi_rosdistro\install;D:\a\pixi_rosdistro\pixi_rosdistro\.pixi\envs\default\Library PATH=D:\a\pixi_rosdistro\pixi_rosdistro\install\Scripts;D:\a\pixi_rosdistro\pixi_rosdistro\install\bin;%PATH% PIXI_PROMPT=(ros2_rolling) PKG_CONFIG_PATH=D:\a\pixi_rosdistro\pixi_rosdistro\install\lib\pkgconfig PROMPT=$P$G PYTHONPATH=D:\a\pixi_rosdistro\pixi_rosdistro\install\Lib\site-packages ROS_DOMAIN_ID=40 D:\a\pixi_rosdistro\pixi_rosdistro\.pixi\envs\default\Library\bin\cmake.EXE --build D:\a\pixi_rosdistro\pixi_rosdistro\build\cyclonedds -- -j4 -l4
