[2.785s] Invoking command in '/home/runner/work/pixi_rosdistro/pixi_rosdistro/src/ament/ament_lint/ament_pep257': AMENT_PREFIX_PATH=/home/runner/work/pixi_rosdistro/pixi_rosdistro/install CMAKE_PREFIX_PATH=/home/runner/work/pixi_rosdistro/pixi_rosdistro/install:${CMAKE_PREFIX_PATH} PATH=/home/runner/work/pixi_rosdistro/pixi_rosdistro/install/bin:/opt/microsoft/powershell/7:${PATH} PIXI_PROMPT=(ros2_rolling) PSModulePath=/home/runner/.local/share/powershell/Modules:${PSModulePath} PYTHONPATH=/home/runner/work/pixi_rosdistro/pixi_rosdistro/build/ament_pep257/prefix_override:/home/runner/work/pixi_rosdistro/pixi_rosdistro/.pixi/envs/default/lib/python3.12/site-packages/colcon_core/task/python/colcon_distutils_commands:/home/runner/work/pixi_rosdistro/pixi_rosdistro/install/lib/python3.12/site-packages:/home/runner/work/pixi_rosdistro/pixi_rosdistro/install/lib/python3.12/site-packages ROS_DOMAIN_ID=218 /home/runner/work/pixi_rosdistro/pixi_rosdistro/.pixi/envs/default/bin/python3.12 -W ignore:setup.py install is deprecated -W ignore:easy_install command is deprecated setup.py egg_info --egg-base ../../../../build/ament_pep257 build --build-base /home/runner/work/pixi_rosdistro/pixi_rosdistro/build/ament_pep257/build install --record /home/runner/work/pixi_rosdistro/pixi_rosdistro/build/ament_pep257/install.log --single-version-externally-managed install_data
[2.966s] running egg_info
[2.976s] creating ../../../../build/ament_pep257/ament_pep257.egg-info
[2.976s] writing ../../../../build/ament_pep257/ament_pep257.egg-info/PKG-INFO
[2.976s] writing dependency_links to ../../../../build/ament_pep257/ament_pep257.egg-info/dependency_links.txt
[2.976s] writing entry points to ../../../../build/ament_pep257/ament_pep257.egg-info/entry_points.txt
[2.976s] writing requirements to ../../../../build/ament_pep257/ament_pep257.egg-info/requires.txt
[2.976s] writing top-level names to ../../../../build/ament_pep257/ament_pep257.egg-info/top_level.txt
[2.976s] writing manifest file '../../../../build/ament_pep257/ament_pep257.egg-info/SOURCES.txt'
[2.992s] reading manifest file '../../../../build/ament_pep257/ament_pep257.egg-info/SOURCES.txt'
[2.993s] writing manifest file '../../../../build/ament_pep257/ament_pep257.egg-info/SOURCES.txt'
[2.994s] running build
[2.994s] running build_py
[2.994s] creating /home/runner/work/pixi_rosdistro/pixi_rosdistro/build/ament_pep257/build/lib/ament_pep257
[2.997s] copying ament_pep257/main.py -> /home/runner/work/pixi_rosdistro/pixi_rosdistro/build/ament_pep257/build/lib/ament_pep257
[2.997s] copying ament_pep257/__init__.py -> /home/runner/work/pixi_rosdistro/pixi_rosdistro/build/ament_pep257/build/lib/ament_pep257
[2.997s] copying ament_pep257/pytest_marker.py -> /home/runner/work/pixi_rosdistro/pixi_rosdistro/build/ament_pep257/build/lib/ament_pep257
[2.997s] copying ament_pep257/py.typed -> /home/runner/work/pixi_rosdistro/pixi_rosdistro/build/ament_pep257/build/lib/ament_pep257
[2.997s] running install
[3.005s] running install_lib
[3.013s] creating /home/runner/work/pixi_rosdistro/pixi_rosdistro/install/lib/python3.12/site-packages/ament_pep257
[3.013s] copying /home/runner/work/pixi_rosdistro/pixi_rosdistro/build/ament_pep257/build/lib/ament_pep257/main.py -> /home/runner/work/pixi_rosdistro/pixi_rosdistro/install/lib/python3.12/site-packages/ament_pep257
[3.013s] copying /home/runner/work/pixi_rosdistro/pixi_rosdistro/build/ament_pep257/build/lib/ament_pep257/__init__.py -> /home/runner/work/pixi_rosdistro/pixi_rosdistro/install/lib/python3.12/site-packages/ament_pep257
[3.014s] copying /home/runner/work/pixi_rosdistro/pixi_rosdistro/build/ament_pep257/build/lib/ament_pep257/py.typed -> /home/runner/work/pixi_rosdistro/pixi_rosdistro/install/lib/python3.12/site-packages/ament_pep257
[3.014s] copying /home/runner/work/pixi_rosdistro/pixi_rosdistro/build/ament_pep257/build/lib/ament_pep257/pytest_marker.py -> /home/runner/work/pixi_rosdistro/pixi_rosdistro/install/lib/python3.12/site-packages/ament_pep257
[3.016s] byte-compiling /home/runner/work/pixi_rosdistro/pixi_rosdistro/install/lib/python3.12/site-packages/ament_pep257/main.py to main.cpython-312.pyc
[3.017s] byte-compiling /home/runner/work/pixi_rosdistro/pixi_rosdistro/install/lib/python3.12/site-packages/ament_pep257/__init__.py to __init__.cpython-312.pyc
[3.018s] byte-compiling /home/runner/work/pixi_rosdistro/pixi_rosdistro/install/lib/python3.12/site-packages/ament_pep257/pytest_marker.py to pytest_marker.cpython-312.pyc
[3.018s] running install_data
[3.018s] copying package.xml -> /home/runner/work/pixi_rosdistro/pixi_rosdistro/install/share/ament_pep257
[3.018s] copying resource/ament_pep257 -> /home/runner/work/pixi_rosdistro/pixi_rosdistro/install/share/ament_index/resource_index/packages
[3.018s] running install_egg_info
[3.026s] Copying ../../../../build/ament_pep257/ament_pep257.egg-info to /home/runner/work/pixi_rosdistro/pixi_rosdistro/install/lib/python3.12/site-packages/ament_pep257-0.20.3-py3.12.egg-info
[3.027s] running install_scripts
[3.044s] Installing ament_pep257 script to /home/runner/work/pixi_rosdistro/pixi_rosdistro/install/bin
[3.044s] writing list of installed files to '/home/runner/work/pixi_rosdistro/pixi_rosdistro/build/ament_pep257/install.log'
[3.071s] Invoked command in '/home/runner/work/pixi_rosdistro/pixi_rosdistro/src/ament/ament_lint/ament_pep257' returned '0': AMENT_PREFIX_PATH=/home/runner/work/pixi_rosdistro/pixi_rosdistro/install CMAKE_PREFIX_PATH=/home/runner/work/pixi_rosdistro/pixi_rosdistro/install:${CMAKE_PREFIX_PATH} PATH=/home/runner/work/pixi_rosdistro/pixi_rosdistro/install/bin:/opt/microsoft/powershell/7:${PATH} PIXI_PROMPT=(ros2_rolling) PSModulePath=/home/runner/.local/share/powershell/Modules:${PSModulePath} PYTHONPATH=/home/runner/work/pixi_rosdistro/pixi_rosdistro/build/ament_pep257/prefix_override:/home/runner/work/pixi_rosdistro/pixi_rosdistro/.pixi/envs/default/lib/python3.12/site-packages/colcon_core/task/python/colcon_distutils_commands:/home/runner/work/pixi_rosdistro/pixi_rosdistro/install/lib/python3.12/site-packages:/home/runner/work/pixi_rosdistro/pixi_rosdistro/install/lib/python3.12/site-packages ROS_DOMAIN_ID=218 /home/runner/work/pixi_rosdistro/pixi_rosdistro/.pixi/envs/default/bin/python3.12 -W ignore:setup.py install is deprecated -W ignore:easy_install command is deprecated setup.py egg_info --egg-base ../../../../build/ament_pep257 build --build-base /home/runner/work/pixi_rosdistro/pixi_rosdistro/build/ament_pep257/build install --record /home/runner/work/pixi_rosdistro/pixi_rosdistro/build/ament_pep257/install.log --single-version-externally-managed install_data
