[2.096s] Invoking command in '/home/runner/work/pixi_rosdistro/pixi_rosdistro/build/fastcdr': AMENT_PREFIX_PATH=/home/runner/work/pixi_rosdistro/pixi_rosdistro/install CMAKE_PREFIX_PATH=/home/runner/work/pixi_rosdistro/pixi_rosdistro/install:${CMAKE_PREFIX_PATH} LD_LIBRARY_PATH=/home/runner/work/pixi_rosdistro/pixi_rosdistro/install/lib PATH=/home/runner/work/pixi_rosdistro/pixi_rosdistro/install/bin:/opt/microsoft/powershell/7:${PATH} PIXI_PROMPT=(ros2_rolling) PKG_CONFIG_PATH=/home/runner/work/pixi_rosdistro/pixi_rosdistro/install/lib/pkgconfig PSModulePath=/home/runner/.local/share/powershell/Modules:${PSModulePath} PYTHONPATH=/home/runner/work/pixi_rosdistro/pixi_rosdistro/install/lib/python3.14/site-packages ROS_DOMAIN_ID=28 /home/runner/work/pixi_rosdistro/pixi_rosdistro/.pixi/envs/default/bin/cmake /home/runner/work/pixi_rosdistro/pixi_rosdistro/src/eProsima/Fast-CDR -GNinja --no-warn-unused-cli -DCMAKE_BUILD_TYPE=Release -DCMAKE_BUILD_WITH_INSTALL_RPATH:bool=TRUE -DCMAKE_POLICY_VERSION_MINIMUM=3.5 -Wno-deprecated -DSTACK_DETAILS_AUTO_DETECT:bool=FALSE -DSTACK_DETAILS_BFD:bool=FALSE -DCMAKE_INSTALL_PREFIX=/home/runner/work/pixi_rosdistro/pixi_rosdistro/install
[2.109s] Not searching for unused variables given on the command line.
[2.110s] -- Tests not compiled by default
[2.268s] -- The CXX compiler identification is GNU 14.3.0
[2.286s] -- Detecting CXX compiler ABI info
[2.491s] -- Detecting CXX compiler ABI info - done
[2.533s] -- Check for working CXX compiler: /home/runner/work/pixi_rosdistro/pixi_rosdistro/.pixi/envs/default/bin/x86_64-conda-linux-gnu-c++ - skipped
[2.533s] -- Detecting CXX compile features
[2.535s] -- Detecting CXX compile features - done
[2.555s] -- Configuring Fast CDR
[2.555s] -- Version: 2.3.5
[2.556s] -- Performing Test SUPPORTS_NOTFOUND
[2.741s] -- Performing Test SUPPORTS_NOTFOUND - Success
[2.741s] -- Enforced cxx_std_11 CMake feature
[2.743s] -- Looking for C++ include sys/types.h
[2.920s] -- Looking for C++ include sys/types.h - found
[2.920s] -- Looking for C++ include stdint.h
[3.109s] -- Looking for C++ include stdint.h - found
[3.109s] -- Looking for C++ include stddef.h
[3.288s] -- Looking for C++ include stddef.h - found
[3.290s] -- Check size of long double
[3.524s] -- Check size of long double - done
[3.524s] -- Check size of __float128
[3.660s] -- Check size of __float128 - done
[3.730s] -- The C compiler identification is GNU 14.3.0
[3.745s] -- Detecting C compiler ABI info
[3.878s] -- Detecting C compiler ABI info - done
[3.907s] -- Check for working C compiler: /home/runner/work/pixi_rosdistro/pixi_rosdistro/.pixi/envs/default/bin/x86_64-conda-linux-gnu-cc - skipped
[3.908s] -- Detecting C compile features
[3.908s] -- Detecting C compile features - done
[3.921s] -- Configuring done (1.8s)
[3.957s] -- Generating done (0.0s)
[3.957s] -- Build files have been written to: /home/runner/work/pixi_rosdistro/pixi_rosdistro/build/fastcdr
[3.962s] Invoked command in '/home/runner/work/pixi_rosdistro/pixi_rosdistro/build/fastcdr' returned '0': AMENT_PREFIX_PATH=/home/runner/work/pixi_rosdistro/pixi_rosdistro/install CMAKE_PREFIX_PATH=/home/runner/work/pixi_rosdistro/pixi_rosdistro/install:${CMAKE_PREFIX_PATH} LD_LIBRARY_PATH=/home/runner/work/pixi_rosdistro/pixi_rosdistro/install/lib PATH=/home/runner/work/pixi_rosdistro/pixi_rosdistro/install/bin:/opt/microsoft/powershell/7:${PATH} PIXI_PROMPT=(ros2_rolling) PKG_CONFIG_PATH=/home/runner/work/pixi_rosdistro/pixi_rosdistro/install/lib/pkgconfig PSModulePath=/home/runner/.local/share/powershell/Modules:${PSModulePath} PYTHONPATH=/home/runner/work/pixi_rosdistro/pixi_rosdistro/install/lib/python3.14/site-packages ROS_DOMAIN_ID=28 /home/runner/work/pixi_rosdistro/pixi_rosdistro/.pixi/envs/default/bin/cmake /home/runner/work/pixi_rosdistro/pixi_rosdistro/src/eProsima/Fast-CDR -GNinja --no-warn-unused-cli -DCMAKE_BUILD_TYPE=Release -DCMAKE_BUILD_WITH_INSTALL_RPATH:bool=TRUE -DCMAKE_POLICY_VERSION_MINIMUM=3.5 -Wno-deprecated -DSTACK_DETAILS_AUTO_DETECT:bool=FALSE -DSTACK_DETAILS_BFD:bool=FALSE -DCMAKE_INSTALL_PREFIX=/home/runner/work/pixi_rosdistro/pixi_rosdistro/install
[3.963s] Invoking command in '/home/runner/work/pixi_rosdistro/pixi_rosdistro/build/fastcdr': AMENT_PREFIX_PATH=/home/runner/work/pixi_rosdistro/pixi_rosdistro/install CMAKE_PREFIX_PATH=/home/runner/work/pixi_rosdistro/pixi_rosdistro/install:${CMAKE_PREFIX_PATH} LD_LIBRARY_PATH=/home/runner/work/pixi_rosdistro/pixi_rosdistro/install/lib PATH=/home/runner/work/pixi_rosdistro/pixi_rosdistro/install/bin:/opt/microsoft/powershell/7:${PATH} PIXI_PROMPT=(ros2_rolling) PKG_CONFIG_PATH=/home/runner/work/pixi_rosdistro/pixi_rosdistro/install/lib/pkgconfig PSModulePath=/home/runner/.local/share/powershell/Modules:${PSModulePath} PYTHONPATH=/home/runner/work/pixi_rosdistro/pixi_rosdistro/install/lib/python3.14/site-packages ROS_DOMAIN_ID=28 /home/runner/work/pixi_rosdistro/pixi_rosdistro/.pixi/envs/default/bin/cmake --build /home/runner/work/pixi_rosdistro/pixi_rosdistro/build/fastcdr -- -j4 -l4
[4.204s] [1/11] Building CXX object src/cpp/CMakeFiles/fastcdr.dir/Cdr.cpp.o
[4.439s] [2/11] Building CXX object src/cpp/CMakeFiles/fastcdr.dir/CdrSizeCalculator.cpp.o
[4.619s] [3/11] Building CXX object src/cpp/CMakeFiles/fastcdr.dir/FastCdr.cpp.o
[4.784s] [4/11] Building CXX object src/cpp/CMakeFiles/fastcdr.dir/FastBuffer.cpp.o
[4.952s] [5/11] Building CXX object src/cpp/CMakeFiles/fastcdr.dir/exceptions/BadOptionalAccessException.cpp.o
[5.163s] [6/11] Building CXX object src/cpp/CMakeFiles/fastcdr.dir/exceptions/BadParamException.cpp.o
[5.289s] [7/11] Building CXX object src/cpp/CMakeFiles/fastcdr.dir/exceptions/Exception.cpp.o
[5.499s] [8/11] Building CXX object src/cpp/CMakeFiles/fastcdr.dir/exceptions/LockedExternalAccessException.cpp.o
[5.622s] [9/11] Building CXX object src/cpp/CMakeFiles/fastcdr.dir/exceptions/NotEnoughMemoryException.cpp.o
[5.687s] [10/11] Linking CXX shared library src/cpp/libfastcdr.so.2.3.5
[5.691s] [11/11] Creating library symlink src/cpp/libfastcdr.so.2 src/cpp/libfastcdr.so
[5.695s] Invoked command in '/home/runner/work/pixi_rosdistro/pixi_rosdistro/build/fastcdr' returned '0': AMENT_PREFIX_PATH=/home/runner/work/pixi_rosdistro/pixi_rosdistro/install CMAKE_PREFIX_PATH=/home/runner/work/pixi_rosdistro/pixi_rosdistro/install:${CMAKE_PREFIX_PATH} LD_LIBRARY_PATH=/home/runner/work/pixi_rosdistro/pixi_rosdistro/install/lib PATH=/home/runner/work/pixi_rosdistro/pixi_rosdistro/install/bin:/opt/microsoft/powershell/7:${PATH} PIXI_PROMPT=(ros2_rolling) PKG_CONFIG_PATH=/home/runner/work/pixi_rosdistro/pixi_rosdistro/install/lib/pkgconfig PSModulePath=/home/runner/.local/share/powershell/Modules:${PSModulePath} PYTHONPATH=/home/runner/work/pixi_rosdistro/pixi_rosdistro/install/lib/python3.14/site-packages ROS_DOMAIN_ID=28 /home/runner/work/pixi_rosdistro/pixi_rosdistro/.pixi/envs/default/bin/cmake --build /home/runner/work/pixi_rosdistro/pixi_rosdistro/build/fastcdr -- -j4 -l4
[5.696s] Invoking command in '/home/runner/work/pixi_rosdistro/pixi_rosdistro/build/fastcdr': AMENT_PREFIX_PATH=/home/runner/work/pixi_rosdistro/pixi_rosdistro/install CMAKE_PREFIX_PATH=/home/runner/work/pixi_rosdistro/pixi_rosdistro/install:${CMAKE_PREFIX_PATH} LD_LIBRARY_PATH=/home/runner/work/pixi_rosdistro/pixi_rosdistro/install/lib PATH=/home/runner/work/pixi_rosdistro/pixi_rosdistro/install/bin:/opt/microsoft/powershell/7:${PATH} PIXI_PROMPT=(ros2_rolling) PKG_CONFIG_PATH=/home/runner/work/pixi_rosdistro/pixi_rosdistro/install/lib/pkgconfig PSModulePath=/home/runner/.local/share/powershell/Modules:${PSModulePath} PYTHONPATH=/home/runner/work/pixi_rosdistro/pixi_rosdistro/install/lib/python3.14/site-packages ROS_DOMAIN_ID=28 /home/runner/work/pixi_rosdistro/pixi_rosdistro/.pixi/envs/default/bin/cmake --install /home/runner/work/pixi_rosdistro/pixi_rosdistro/build/fastcdr
[5.703s] -- Install configuration: "Release"
[5.704s] -- Installing: /home/runner/work/pixi_rosdistro/pixi_rosdistro/install/include/fastcdr
[5.704s] -- Installing: /home/runner/work/pixi_rosdistro/pixi_rosdistro/install/include/fastcdr/xcdr
[5.704s] -- Installing: /home/runner/work/pixi_rosdistro/pixi_rosdistro/install/include/fastcdr/xcdr/optional.hpp
[5.704s] -- Installing: /home/runner/work/pixi_rosdistro/pixi_rosdistro/install/include/fastcdr/xcdr/MemberId.hpp
[5.704s] -- Installing: /home/runner/work/pixi_rosdistro/pixi_rosdistro/install/include/fastcdr/xcdr/external.hpp
[5.704s] -- Installing: /home/runner/work/pixi_rosdistro/pixi_rosdistro/install/include/fastcdr/xcdr/detail
[5.704s] -- Installing: /home/runner/work/pixi_rosdistro/pixi_rosdistro/install/include/fastcdr/xcdr/detail/optional.hpp
[5.705s] -- Installing: /home/runner/work/pixi_rosdistro/pixi_rosdistro/install/include/fastcdr/cdr
[5.705s] -- Installing: /home/runner/work/pixi_rosdistro/pixi_rosdistro/install/include/fastcdr/cdr/fixed_size_string.hpp
[5.705s] -- Installing: /home/runner/work/pixi_rosdistro/pixi_rosdistro/install/include/fastcdr/eProsima_auto_link.h
[5.706s] -- Installing: /home/runner/work/pixi_rosdistro/pixi_rosdistro/install/include/fastcdr/config
[5.706s] -- Installing: /home/runner/work/pixi_rosdistro/pixi_rosdistro/install/include/fastcdr/config/doxygen_modules.h
[5.707s] -- Installing: /home/runner/work/pixi_rosdistro/pixi_rosdistro/install/include/fastcdr/Cdr.h
[5.707s] -- Installing: /home/runner/work/pixi_rosdistro/pixi_rosdistro/install/include/fastcdr/exceptions
[5.707s] -- Installing: /home/runner/work/pixi_rosdistro/pixi_rosdistro/install/include/fastcdr/exceptions/BadOptionalAccessException.hpp
[5.707s] -- Installing: /home/runner/work/pixi_rosdistro/pixi_rosdistro/install/include/fastcdr/exceptions/Exception.h
[5.707s] -- Installing: /home/runner/work/pixi_rosdistro/pixi_rosdistro/install/include/fastcdr/exceptions/BadParamException.h
[5.707s] -- Installing: /home/runner/work/pixi_rosdistro/pixi_rosdistro/install/include/fastcdr/exceptions/NotEnoughMemoryException.h
[5.708s] -- Installing: /home/runner/work/pixi_rosdistro/pixi_rosdistro/install/include/fastcdr/exceptions/LockedExternalAccessException.hpp
[5.708s] -- Installing: /home/runner/work/pixi_rosdistro/pixi_rosdistro/install/include/fastcdr/CdrSizeCalculator.hpp
[5.708s] -- Installing: /home/runner/work/pixi_rosdistro/pixi_rosdistro/install/include/fastcdr/FastCdr.h
[5.709s] -- Installing: /home/runner/work/pixi_rosdistro/pixi_rosdistro/install/include/fastcdr/FastBuffer.h
[5.714s] -- Installing: /home/runner/work/pixi_rosdistro/pixi_rosdistro/install/include/fastcdr/fastcdr_dll.h
[5.715s] -- Installing: /home/runner/work/pixi_rosdistro/pixi_rosdistro/install/include/fastcdr/detail
[5.715s] -- Installing: /home/runner/work/pixi_rosdistro/pixi_rosdistro/install/include/fastcdr/detail/container_recursive_inspector.hpp
[5.715s] -- Installing: /home/runner/work/pixi_rosdistro/pixi_rosdistro/install/include/fastcdr/CdrEncoding.hpp
[5.715s] -- Installing: /home/runner/work/pixi_rosdistro/pixi_rosdistro/install/include/fastcdr/config.h
[5.715s] -- Installing: /home/runner/work/pixi_rosdistro/pixi_rosdistro/install/lib/libfastcdr.so.2.3.5
[5.715s] -- Installing: /home/runner/work/pixi_rosdistro/pixi_rosdistro/install/lib/libfastcdr.so.2
[5.715s] -- Installing: /home/runner/work/pixi_rosdistro/pixi_rosdistro/install/lib/libfastcdr.so
[5.715s] -- Installing: /home/runner/work/pixi_rosdistro/pixi_rosdistro/install/lib/cmake/fastcdr/fastcdr-shared-targets.cmake
[5.715s] -- Installing: /home/runner/work/pixi_rosdistro/pixi_rosdistro/install/lib/cmake/fastcdr/fastcdr-shared-targets-release.cmake
[5.715s] -- Installing: /home/runner/work/pixi_rosdistro/pixi_rosdistro/install/lib/cmake/fastcdr/fastcdr-config.cmake
[5.715s] -- Installing: /home/runner/work/pixi_rosdistro/pixi_rosdistro/install/lib/cmake/fastcdr/fastcdr-config-version.cmake
[5.715s] -- Installing: /home/runner/work/pixi_rosdistro/pixi_rosdistro/install/share/fastcdr/LICENSE
[5.716s] Invoked command in '/home/runner/work/pixi_rosdistro/pixi_rosdistro/build/fastcdr' returned '0': AMENT_PREFIX_PATH=/home/runner/work/pixi_rosdistro/pixi_rosdistro/install CMAKE_PREFIX_PATH=/home/runner/work/pixi_rosdistro/pixi_rosdistro/install:${CMAKE_PREFIX_PATH} LD_LIBRARY_PATH=/home/runner/work/pixi_rosdistro/pixi_rosdistro/install/lib PATH=/home/runner/work/pixi_rosdistro/pixi_rosdistro/install/bin:/opt/microsoft/powershell/7:${PATH} PIXI_PROMPT=(ros2_rolling) PKG_CONFIG_PATH=/home/runner/work/pixi_rosdistro/pixi_rosdistro/install/lib/pkgconfig PSModulePath=/home/runner/.local/share/powershell/Modules:${PSModulePath} PYTHONPATH=/home/runner/work/pixi_rosdistro/pixi_rosdistro/install/lib/python3.14/site-packages ROS_DOMAIN_ID=28 /home/runner/work/pixi_rosdistro/pixi_rosdistro/.pixi/envs/default/bin/cmake --install /home/runner/work/pixi_rosdistro/pixi_rosdistro/build/fastcdr
