[3.758s] Invoking command in '/home/runner/work/pixi_rosdistro/pixi_rosdistro/build/rosgraph_msgs': AMENT_PREFIX_PATH=/home/runner/work/pixi_rosdistro/pixi_rosdistro/install CMAKE_PREFIX_PATH=/home/runner/work/pixi_rosdistro/pixi_rosdistro/install:${CMAKE_PREFIX_PATH} LD_LIBRARY_PATH=/home/runner/work/pixi_rosdistro/pixi_rosdistro/install/lib PATH=/home/runner/work/pixi_rosdistro/pixi_rosdistro/install/bin:/opt/microsoft/powershell/7:${PATH} PIXI_PROMPT=(ros2_rolling) PKG_CONFIG_PATH=/home/runner/work/pixi_rosdistro/pixi_rosdistro/install/lib/pkgconfig PSModulePath=/home/runner/.local/share/powershell/Modules:${PSModulePath} PYTHONPATH=/home/runner/work/pixi_rosdistro/pixi_rosdistro/install/lib/python3.12/site-packages /home/runner/work/pixi_rosdistro/pixi_rosdistro/.pixi/envs/default/bin/cmake /home/runner/work/pixi_rosdistro/pixi_rosdistro/src/ros2/rcl_interfaces/rosgraph_msgs -GNinja --no-warn-unused-cli -DCMAKE_BUILD_TYPE=Release -DCMAKE_BUILD_WITH_INSTALL_RPATH:bool=TRUE -DCMAKE_POLICY_VERSION_MINIMUM=3.5 -Wno-deprecated -DSTACK_DETAILS_AUTO_DETECT:bool=FALSE -DSTACK_DETAILS_BFD:bool=FALSE -DCMAKE_INSTALL_PREFIX=/home/runner/work/pixi_rosdistro/pixi_rosdistro/install
[3.835s] Not searching for unused variables given on the command line.
[3.835s] -- The C compiler identification is GNU 14.3.0
[3.965s] -- The CXX compiler identification is GNU 14.3.0
[3.980s] -- Detecting C compiler ABI info
[4.110s] -- Detecting C compiler ABI info - done
[4.144s] -- Check for working C compiler: /home/runner/work/pixi_rosdistro/pixi_rosdistro/.pixi/envs/default/bin/x86_64-conda-linux-gnu-cc - skipped
[4.144s] -- Detecting C compile features
[4.145s] -- Detecting C compile features - done
[4.167s] -- Detecting CXX compiler ABI info
[4.326s] -- Detecting CXX compiler ABI info - done
[4.363s] -- Check for working CXX compiler: /home/runner/work/pixi_rosdistro/pixi_rosdistro/.pixi/envs/default/bin/x86_64-conda-linux-gnu-c++ - skipped
[4.366s] -- Detecting CXX compile features
[4.366s] -- Detecting CXX compile features - done
[4.380s] -- Found ament_cmake: 2.8.6 (/home/runner/work/pixi_rosdistro/pixi_rosdistro/install/share/ament_cmake/cmake)
[4.692s] -- Found builtin_interfaces: 2.4.3 (/home/runner/work/pixi_rosdistro/pixi_rosdistro/install/share/builtin_interfaces/cmake)
[4.727s] -- Found rosidl_generator_c: 5.1.3 (/home/runner/work/pixi_rosdistro/pixi_rosdistro/install/share/rosidl_generator_c/cmake)
[4.742s] -- Found rosidl_generator_cpp: 5.1.3 (/home/runner/work/pixi_rosdistro/pixi_rosdistro/install/share/rosidl_generator_cpp/cmake)
[4.758s] -- Using all available rosidl_typesupport_c: rosidl_typesupport_fastrtps_c;rosidl_typesupport_introspection_c
[4.779s] -- Using all available rosidl_typesupport_cpp: rosidl_typesupport_fastrtps_cpp;rosidl_typesupport_introspection_cpp
[4.802s] -- Found rosidl_default_generators: 1.8.1 (/home/runner/work/pixi_rosdistro/pixi_rosdistro/install/share/rosidl_default_generators/cmake)
[4.817s] -- Found rosidl_adapter: 5.1.3 (/home/runner/work/pixi_rosdistro/pixi_rosdistro/install/share/rosidl_adapter/cmake)
[4.983s] -- Found Python3: /home/runner/work/pixi_rosdistro/pixi_rosdistro/.pixi/envs/default/bin/python3 (found version "3.12.13") found components: Interpreter
[5.536s] -- Found ament_cmake_cppcheck: 0.20.3 (/home/runner/work/pixi_rosdistro/pixi_rosdistro/install/share/ament_cmake_cppcheck/cmake)
[5.538s] -- Found ament_cmake_cpplint: 0.20.3 (/home/runner/work/pixi_rosdistro/pixi_rosdistro/install/share/ament_cmake_cpplint/cmake)
[5.543s] -- Found ament_cmake_uncrustify: 0.20.3 (/home/runner/work/pixi_rosdistro/pixi_rosdistro/install/share/ament_cmake_uncrustify/cmake)
[5.545s] -- Found ament_cmake_ros_core: 0.15.6 (/home/runner/work/pixi_rosdistro/pixi_rosdistro/install/share/ament_cmake_ros_core/cmake)
[6.381s] -- Using all available rosidl_typesupport_c: rosidl_typesupport_fastrtps_c;rosidl_typesupport_introspection_c
[6.717s] -- Using all available rosidl_typesupport_cpp: rosidl_typesupport_fastrtps_cpp;rosidl_typesupport_introspection_cpp
[7.342s] -- Found Python3: /home/runner/work/pixi_rosdistro/pixi_rosdistro/.pixi/envs/default/bin/python3 (found version "3.12.13") found components: Interpreter Development NumPy Development.Module Development.Embed
[7.377s] -- Found ament_cmake_flake8: 0.20.3 (/home/runner/work/pixi_rosdistro/pixi_rosdistro/install/share/ament_cmake_flake8/cmake)
[7.380s] -- Found ament_cmake_pep257: 0.20.3 (/home/runner/work/pixi_rosdistro/pixi_rosdistro/install/share/ament_cmake_pep257/cmake)
[7.384s] -- Found ament_cmake_mypy: 0.20.3 (/home/runner/work/pixi_rosdistro/pixi_rosdistro/install/share/ament_cmake_mypy/cmake)
[7.418s] -- Found Python3: /home/runner/work/pixi_rosdistro/pixi_rosdistro/.pixi/envs/default/bin/python3 (found version "3.12.13") found components: Interpreter
[7.431s] -- Configuring done (3.7s)
[7.487s] -- Generating done (0.1s)
[7.513s] -- Build files have been written to: /home/runner/work/pixi_rosdistro/pixi_rosdistro/build/rosgraph_msgs
[7.525s] Invoked command in '/home/runner/work/pixi_rosdistro/pixi_rosdistro/build/rosgraph_msgs' returned '0': AMENT_PREFIX_PATH=/home/runner/work/pixi_rosdistro/pixi_rosdistro/install CMAKE_PREFIX_PATH=/home/runner/work/pixi_rosdistro/pixi_rosdistro/install:${CMAKE_PREFIX_PATH} LD_LIBRARY_PATH=/home/runner/work/pixi_rosdistro/pixi_rosdistro/install/lib PATH=/home/runner/work/pixi_rosdistro/pixi_rosdistro/install/bin:/opt/microsoft/powershell/7:${PATH} PIXI_PROMPT=(ros2_rolling) PKG_CONFIG_PATH=/home/runner/work/pixi_rosdistro/pixi_rosdistro/install/lib/pkgconfig PSModulePath=/home/runner/.local/share/powershell/Modules:${PSModulePath} PYTHONPATH=/home/runner/work/pixi_rosdistro/pixi_rosdistro/install/lib/python3.12/site-packages /home/runner/work/pixi_rosdistro/pixi_rosdistro/.pixi/envs/default/bin/cmake /home/runner/work/pixi_rosdistro/pixi_rosdistro/src/ros2/rcl_interfaces/rosgraph_msgs -GNinja --no-warn-unused-cli -DCMAKE_BUILD_TYPE=Release -DCMAKE_BUILD_WITH_INSTALL_RPATH:bool=TRUE -DCMAKE_POLICY_VERSION_MINIMUM=3.5 -Wno-deprecated -DSTACK_DETAILS_AUTO_DETECT:bool=FALSE -DSTACK_DETAILS_BFD:bool=FALSE -DCMAKE_INSTALL_PREFIX=/home/runner/work/pixi_rosdistro/pixi_rosdistro/install
[7.526s] Invoking command in '/home/runner/work/pixi_rosdistro/pixi_rosdistro/build/rosgraph_msgs': AMENT_PREFIX_PATH=/home/runner/work/pixi_rosdistro/pixi_rosdistro/install CMAKE_PREFIX_PATH=/home/runner/work/pixi_rosdistro/pixi_rosdistro/install:${CMAKE_PREFIX_PATH} LD_LIBRARY_PATH=/home/runner/work/pixi_rosdistro/pixi_rosdistro/install/lib PATH=/home/runner/work/pixi_rosdistro/pixi_rosdistro/install/bin:/opt/microsoft/powershell/7:${PATH} PIXI_PROMPT=(ros2_rolling) PKG_CONFIG_PATH=/home/runner/work/pixi_rosdistro/pixi_rosdistro/install/lib/pkgconfig PSModulePath=/home/runner/.local/share/powershell/Modules:${PSModulePath} PYTHONPATH=/home/runner/work/pixi_rosdistro/pixi_rosdistro/install/lib/python3.12/site-packages /home/runner/work/pixi_rosdistro/pixi_rosdistro/.pixi/envs/default/bin/cmake --build /home/runner/work/pixi_rosdistro/pixi_rosdistro/build/rosgraph_msgs -- -j4 -l4
[7.772s] [1/37] Generating type hashes for ROS interfaces
[8.042s] [2/37] Generating C code for ROS interfaces
[8.142s] [3/37] Building C object CMakeFiles/rosgraph_msgs__rosidl_generator_c.dir/rosidl_generator_c/rosgraph_msgs/msg/detail/clock__description.c.o
[8.235s] [4/37] Building C object CMakeFiles/rosgraph_msgs__rosidl_generator_c.dir/rosidl_generator_c/rosgraph_msgs/msg/detail/clock__functions.c.o
[8.364s] [5/37] Building C object CMakeFiles/rosgraph_msgs__rosidl_generator_c.dir/rosidl_generator_c/rosgraph_msgs/msg/detail/clock__type_support.c.o
[8.627s] [6/37] Generating C type support for eProsima Fast-RTPS
[8.925s] [7/37] Generating C++ code for ROS interfaces
[9.230s] [8/37] Generating C++ type support for eProsima Fast-RTPS
[9.492s] [9/37] Generating C introspection for ROS interfaces
[9.774s] [10/37] Generating C type support dispatch for ROS interfaces
[10.078s] [11/37] Generating C++ introspection for ROS interfaces
[10.357s] [12/37] Generating C++ type support dispatch for ROS interfaces
[10.384s] [13/37] Linking C shared library librosgraph_msgs__rosidl_generator_c.so
[10.677s] [14/37] Building CXX object CMakeFiles/rosgraph_msgs__rosidl_typesupport_fastrtps_c.dir/rosidl_typesupport_fastrtps_c/rosgraph_msgs/msg/detail/clock__type_support_c.cpp.o
[10.808s] [15/37] Building C object CMakeFiles/rosgraph_msgs__rosidl_typesupport_introspection_c.dir/rosidl_typesupport_introspection_c/rosgraph_msgs/msg/detail/clock__type_support.c.o
[10.920s] [16/37] Building CXX object CMakeFiles/rosgraph_msgs__rosidl_typesupport_c.dir/rosidl_typesupport_c/rosgraph_msgs/msg/clock__type_support.cpp.o
[11.253s] [17/37] Building CXX object CMakeFiles/rosgraph_msgs__rosidl_typesupport_fastrtps_cpp.dir/rosidl_typesupport_fastrtps_cpp/rosgraph_msgs/msg/detail/dds_fastrtps/clock__type_support.cpp.o
[11.507s] [18/37] Building CXX object CMakeFiles/rosgraph_msgs__rosidl_typesupport_introspection_cpp.dir/rosidl_typesupport_introspection_cpp/rosgraph_msgs/msg/detail/clock__type_support.cpp.o
[11.765s] [19/37] Building CXX object CMakeFiles/rosgraph_msgs__rosidl_typesupport_cpp.dir/rosidl_typesupport_cpp/rosgraph_msgs/msg/clock__type_support.cpp.o
[11.828s] [20/37] Linking CXX shared library librosgraph_msgs__rosidl_typesupport_fastrtps_c.so
[11.892s] [21/37] Linking CXX shared library librosgraph_msgs__rosidl_typesupport_fastrtps_cpp.so
[11.918s] [22/37] Linking C shared library librosgraph_msgs__rosidl_typesupport_introspection_c.so
[11.985s] [23/37] Linking CXX shared library librosgraph_msgs__rosidl_typesupport_c.so
[12.048s] [24/37] Linking CXX shared library librosgraph_msgs__rosidl_typesupport_introspection_cpp.so
[12.111s] [25/37] Linking CXX shared library librosgraph_msgs__rosidl_typesupport_cpp.so
[12.494s] [26/37] Generating Python code for ROS interfaces
[12.786s] [27/37] Generating Rust code for ROS interfaces
[13.000s] [28/37] Building C object CMakeFiles/rosgraph_msgs__rosidl_generator_py.dir/rosidl_generator_py/rosgraph_msgs/msg/_clock_s.c.o
[13.036s] [29/37] Linking C shared library librosgraph_msgs__rosidl_generator_py.so
[13.230s] [30/37] Building C object CMakeFiles/rosgraph_msgs_s__rosidl_typesupport_fastrtps_c.dir/rosidl_generator_py/rosgraph_msgs/_rosgraph_msgs_s.ep.rosidl_typesupport_fastrtps_c.c.o
[13.429s] [31/37] Building C object CMakeFiles/rosgraph_msgs_s__rosidl_typesupport_introspection_c.dir/rosidl_generator_py/rosgraph_msgs/_rosgraph_msgs_s.ep.rosidl_typesupport_introspection_c.c.o
[13.667s] [32/37] Building C object CMakeFiles/rosgraph_msgs_s__rosidl_typesupport_c.dir/rosidl_generator_py/rosgraph_msgs/_rosgraph_msgs_s.ep.rosidl_typesupport_c.c.o
[13.677s] [33/37] cd /home/runner/work/pixi_rosdistro/pixi_rosdistro/build/rosgraph_msgs && /home/runner/work/pixi_rosdistro/pixi_rosdistro/.pixi/envs/default/bin/cmake -E copy_directory /home/runner/work/pixi_rosdistro/pixi_rosdistro/build/rosgraph_msgs/rosidl_generator_py/rosgraph_msgs /home/runner/work/pixi_rosdistro/pixi_rosdistro/build/rosgraph_msgs/ament_cmake_python/rosgraph_msgs/rosgraph_msgs
[13.707s] [34/37] Linking C shared module rosidl_generator_py/rosgraph_msgs/rosgraph_msgs_s__rosidl_typesupport_fastrtps_c.so
[13.735s] [35/37] Linking C shared module rosidl_generator_py/rosgraph_msgs/rosgraph_msgs_s__rosidl_typesupport_introspection_c.so
[13.764s] [36/37] Linking C shared module rosidl_generator_py/rosgraph_msgs/rosgraph_msgs_s__rosidl_typesupport_c.so
[14.078s] [37/37] cd /home/runner/work/pixi_rosdistro/pixi_rosdistro/build/rosgraph_msgs/ament_cmake_python/rosgraph_msgs && /home/runner/work/pixi_rosdistro/pixi_rosdistro/.pixi/envs/default/bin/python3 setup.py egg_info
[14.078s] running egg_info
[14.078s] creating rosgraph_msgs.egg-info
[14.078s] writing rosgraph_msgs.egg-info/PKG-INFO
[14.078s] writing dependency_links to rosgraph_msgs.egg-info/dependency_links.txt
[14.078s] writing top-level names to rosgraph_msgs.egg-info/top_level.txt
[14.079s] writing manifest file 'rosgraph_msgs.egg-info/SOURCES.txt'
[14.079s] reading manifest file 'rosgraph_msgs.egg-info/SOURCES.txt'
[14.079s] writing manifest file 'rosgraph_msgs.egg-info/SOURCES.txt'
[14.083s] Invoked command in '/home/runner/work/pixi_rosdistro/pixi_rosdistro/build/rosgraph_msgs' returned '0': AMENT_PREFIX_PATH=/home/runner/work/pixi_rosdistro/pixi_rosdistro/install CMAKE_PREFIX_PATH=/home/runner/work/pixi_rosdistro/pixi_rosdistro/install:${CMAKE_PREFIX_PATH} LD_LIBRARY_PATH=/home/runner/work/pixi_rosdistro/pixi_rosdistro/install/lib PATH=/home/runner/work/pixi_rosdistro/pixi_rosdistro/install/bin:/opt/microsoft/powershell/7:${PATH} PIXI_PROMPT=(ros2_rolling) PKG_CONFIG_PATH=/home/runner/work/pixi_rosdistro/pixi_rosdistro/install/lib/pkgconfig PSModulePath=/home/runner/.local/share/powershell/Modules:${PSModulePath} PYTHONPATH=/home/runner/work/pixi_rosdistro/pixi_rosdistro/install/lib/python3.12/site-packages ROS_DOMAIN_ID=79 /home/runner/work/pixi_rosdistro/pixi_rosdistro/.pixi/envs/default/bin/cmake --build /home/runner/work/pixi_rosdistro/pixi_rosdistro/build/rosgraph_msgs -- -j4 -l4
[14.084s] Invoking command in '/home/runner/work/pixi_rosdistro/pixi_rosdistro/build/rosgraph_msgs': AMENT_PREFIX_PATH=/home/runner/work/pixi_rosdistro/pixi_rosdistro/install CMAKE_PREFIX_PATH=/home/runner/work/pixi_rosdistro/pixi_rosdistro/install:${CMAKE_PREFIX_PATH} LD_LIBRARY_PATH=/home/runner/work/pixi_rosdistro/pixi_rosdistro/install/lib PATH=/home/runner/work/pixi_rosdistro/pixi_rosdistro/install/bin:/opt/microsoft/powershell/7:${PATH} PIXI_PROMPT=(ros2_rolling) PKG_CONFIG_PATH=/home/runner/work/pixi_rosdistro/pixi_rosdistro/install/lib/pkgconfig PSModulePath=/home/runner/.local/share/powershell/Modules:${PSModulePath} PYTHONPATH=/home/runner/work/pixi_rosdistro/pixi_rosdistro/install/lib/python3.12/site-packages ROS_DOMAIN_ID=79 /home/runner/work/pixi_rosdistro/pixi_rosdistro/.pixi/envs/default/bin/cmake --install /home/runner/work/pixi_rosdistro/pixi_rosdistro/build/rosgraph_msgs
[14.093s] -- Install configuration: "Release"
[14.093s] -- Installing: /home/runner/work/pixi_rosdistro/pixi_rosdistro/install/share/ament_index/resource_index/rosidl_interfaces/rosgraph_msgs
[14.094s] -- Installing: /home/runner/work/pixi_rosdistro/pixi_rosdistro/install/share/rosgraph_msgs/msg/Clock.json
[14.094s] -- Installing: /home/runner/work/pixi_rosdistro/pixi_rosdistro/install/include/rosgraph_msgs/rosgraph_msgs
[14.095s] -- Installing: /home/runner/work/pixi_rosdistro/pixi_rosdistro/install/include/rosgraph_msgs/rosgraph_msgs/msg
[14.096s] -- Installing: /home/runner/work/pixi_rosdistro/pixi_rosdistro/install/include/rosgraph_msgs/rosgraph_msgs/msg/rosidl_generator_c__visibility_control.h
[14.096s] -- Installing: /home/runner/work/pixi_rosdistro/pixi_rosdistro/install/include/rosgraph_msgs/rosgraph_msgs/msg/detail
[14.096s] -- Installing: /home/runner/work/pixi_rosdistro/pixi_rosdistro/install/include/rosgraph_msgs/rosgraph_msgs/msg/detail/clock__type_support.c
[14.096s] -- Installing: /home/runner/work/pixi_rosdistro/pixi_rosdistro/install/include/rosgraph_msgs/rosgraph_msgs/msg/detail/clock__description.c
[14.097s] -- Installing: /home/runner/work/pixi_rosdistro/pixi_rosdistro/install/include/rosgraph_msgs/rosgraph_msgs/msg/detail/clock__struct.h
[14.097s] -- Installing: /home/runner/work/pixi_rosdistro/pixi_rosdistro/install/include/rosgraph_msgs/rosgraph_msgs/msg/detail/clock__functions.h
[14.097s] -- Installing: /home/runner/work/pixi_rosdistro/pixi_rosdistro/install/include/rosgraph_msgs/rosgraph_msgs/msg/detail/clock__type_support.h
[14.098s] -- Installing: /home/runner/work/pixi_rosdistro/pixi_rosdistro/install/include/rosgraph_msgs/rosgraph_msgs/msg/detail/clock__functions.c
[14.098s] -- Installing: /home/runner/work/pixi_rosdistro/pixi_rosdistro/install/include/rosgraph_msgs/rosgraph_msgs/msg/clock.h
[14.099s] -- Installing: /home/runner/work/pixi_rosdistro/pixi_rosdistro/install/share/rosgraph_msgs/environment/library_path.sh
[14.099s] -- Installing: /home/runner/work/pixi_rosdistro/pixi_rosdistro/install/share/rosgraph_msgs/environment/library_path.dsv
[14.101s] -- Installing: /home/runner/work/pixi_rosdistro/pixi_rosdistro/install/lib/librosgraph_msgs__rosidl_generator_c.so
[14.101s] -- Up-to-date: /home/runner/work/pixi_rosdistro/pixi_rosdistro/install/include/rosgraph_msgs/rosgraph_msgs
[14.101s] -- Up-to-date: /home/runner/work/pixi_rosdistro/pixi_rosdistro/install/include/rosgraph_msgs/rosgraph_msgs/msg
[14.101s] -- Installing: /home/runner/work/pixi_rosdistro/pixi_rosdistro/install/include/rosgraph_msgs/rosgraph_msgs/msg/rosidl_typesupport_fastrtps_c__visibility_control.h
[14.101s] -- Up-to-date: /home/runner/work/pixi_rosdistro/pixi_rosdistro/install/include/rosgraph_msgs/rosgraph_msgs/msg/detail
[14.101s] -- Installing: /home/runner/work/pixi_rosdistro/pixi_rosdistro/install/include/rosgraph_msgs/rosgraph_msgs/msg/detail/clock__rosidl_typesupport_fastrtps_c.h
[14.101s] -- Installing: /home/runner/work/pixi_rosdistro/pixi_rosdistro/install/lib/librosgraph_msgs__rosidl_typesupport_fastrtps_c.so
[14.102s] -- Up-to-date: /home/runner/work/pixi_rosdistro/pixi_rosdistro/install/include/rosgraph_msgs/rosgraph_msgs
[14.102s] -- Up-to-date: /home/runner/work/pixi_rosdistro/pixi_rosdistro/install/include/rosgraph_msgs/rosgraph_msgs/msg
[14.102s] -- Installing: /home/runner/work/pixi_rosdistro/pixi_rosdistro/install/include/rosgraph_msgs/rosgraph_msgs/msg/clock.hpp
[14.102s] -- Installing: /home/runner/work/pixi_rosdistro/pixi_rosdistro/install/include/rosgraph_msgs/rosgraph_msgs/msg/rosidl_generator_cpp__visibility_control.hpp
[14.103s] -- Up-to-date: /home/runner/work/pixi_rosdistro/pixi_rosdistro/install/include/rosgraph_msgs/rosgraph_msgs/msg/detail
[14.103s] -- Installing: /home/runner/work/pixi_rosdistro/pixi_rosdistro/install/include/rosgraph_msgs/rosgraph_msgs/msg/detail/clock__builder.hpp
[14.103s] -- Installing: /home/runner/work/pixi_rosdistro/pixi_rosdistro/install/include/rosgraph_msgs/rosgraph_msgs/msg/detail/clock__traits.hpp
[14.103s] -- Installing: /home/runner/work/pixi_rosdistro/pixi_rosdistro/install/include/rosgraph_msgs/rosgraph_msgs/msg/detail/clock__type_support.hpp
[14.104s] -- Installing: /home/runner/work/pixi_rosdistro/pixi_rosdistro/install/include/rosgraph_msgs/rosgraph_msgs/msg/detail/clock__struct.hpp
[14.104s] -- Up-to-date: /home/runner/work/pixi_rosdistro/pixi_rosdistro/install/include/rosgraph_msgs/rosgraph_msgs
[14.105s] -- Up-to-date: /home/runner/work/pixi_rosdistro/pixi_rosdistro/install/include/rosgraph_msgs/rosgraph_msgs/msg
[14.105s] -- Installing: /home/runner/work/pixi_rosdistro/pixi_rosdistro/install/include/rosgraph_msgs/rosgraph_msgs/msg/rosidl_typesupport_fastrtps_cpp__visibility_control.h
[14.105s] -- Up-to-date: /home/runner/work/pixi_rosdistro/pixi_rosdistro/install/include/rosgraph_msgs/rosgraph_msgs/msg/detail
[14.105s] -- Installing: /home/runner/work/pixi_rosdistro/pixi_rosdistro/install/include/rosgraph_msgs/rosgraph_msgs/msg/detail/clock__rosidl_typesupport_fastrtps_cpp.hpp
[14.106s] -- Installing: /home/runner/work/pixi_rosdistro/pixi_rosdistro/install/include/rosgraph_msgs/rosgraph_msgs/msg/detail/dds_fastrtps
[14.106s] -- Installing: /home/runner/work/pixi_rosdistro/pixi_rosdistro/install/lib/librosgraph_msgs__rosidl_typesupport_fastrtps_cpp.so
[14.109s] -- Up-to-date: /home/runner/work/pixi_rosdistro/pixi_rosdistro/install/include/rosgraph_msgs/rosgraph_msgs
[14.109s] -- Up-to-date: /home/runner/work/pixi_rosdistro/pixi_rosdistro/install/include/rosgraph_msgs/rosgraph_msgs/msg
[14.109s] -- Installing: /home/runner/work/pixi_rosdistro/pixi_rosdistro/install/include/rosgraph_msgs/rosgraph_msgs/msg/rosidl_typesupport_introspection_c__visibility_control.h
[14.109s] -- Up-to-date: /home/runner/work/pixi_rosdistro/pixi_rosdistro/install/include/rosgraph_msgs/rosgraph_msgs/msg/detail
[14.109s] -- Installing: /home/runner/work/pixi_rosdistro/pixi_rosdistro/install/include/rosgraph_msgs/rosgraph_msgs/msg/detail/clock__type_support.c
[14.109s] -- Installing: /home/runner/work/pixi_rosdistro/pixi_rosdistro/install/include/rosgraph_msgs/rosgraph_msgs/msg/detail/clock__rosidl_typesupport_introspection_c.h
[14.109s] -- Installing: /home/runner/work/pixi_rosdistro/pixi_rosdistro/install/lib/librosgraph_msgs__rosidl_typesupport_introspection_c.so
[14.109s] -- Installing: /home/runner/work/pixi_rosdistro/pixi_rosdistro/install/lib/librosgraph_msgs__rosidl_typesupport_c.so
[14.110s] -- Up-to-date: /home/runner/work/pixi_rosdistro/pixi_rosdistro/install/include/rosgraph_msgs/rosgraph_msgs
[14.110s] -- Up-to-date: /home/runner/work/pixi_rosdistro/pixi_rosdistro/install/include/rosgraph_msgs/rosgraph_msgs/msg
[14.110s] -- Up-to-date: /home/runner/work/pixi_rosdistro/pixi_rosdistro/install/include/rosgraph_msgs/rosgraph_msgs/msg/detail
[14.110s] -- Installing: /home/runner/work/pixi_rosdistro/pixi_rosdistro/install/include/rosgraph_msgs/rosgraph_msgs/msg/detail/clock__rosidl_typesupport_introspection_cpp.hpp
[14.110s] -- Installing: /home/runner/work/pixi_rosdistro/pixi_rosdistro/install/include/rosgraph_msgs/rosgraph_msgs/msg/detail/clock__type_support.cpp
[14.111s] -- Installing: /home/runner/work/pixi_rosdistro/pixi_rosdistro/install/lib/librosgraph_msgs__rosidl_typesupport_introspection_cpp.so
[14.111s] -- Installing: /home/runner/work/pixi_rosdistro/pixi_rosdistro/install/lib/librosgraph_msgs__rosidl_typesupport_cpp.so
[14.111s] -- Installing: /home/runner/work/pixi_rosdistro/pixi_rosdistro/install/share/rosgraph_msgs/environment/pythonpath.sh
[14.112s] -- Installing: /home/runner/work/pixi_rosdistro/pixi_rosdistro/install/share/rosgraph_msgs/environment/pythonpath.dsv
[14.112s] -- Installing: /home/runner/work/pixi_rosdistro/pixi_rosdistro/install/lib/python3.12/site-packages/rosgraph_msgs/rosgraph_msgs_s__rosidl_typesupport_fastrtps_c.so
[14.113s] -- Installing: /home/runner/work/pixi_rosdistro/pixi_rosdistro/install/lib/python3.12/site-packages/rosgraph_msgs/rosgraph_msgs_s__rosidl_typesupport_introspection_c.so
[14.114s] -- Installing: /home/runner/work/pixi_rosdistro/pixi_rosdistro/install/lib/python3.12/site-packages/rosgraph_msgs/rosgraph_msgs_s__rosidl_typesupport_c.so
[14.114s] -- Installing: /home/runner/work/pixi_rosdistro/pixi_rosdistro/install/lib/librosgraph_msgs__rosidl_generator_py.so
[14.115s] -- Installing: /home/runner/work/pixi_rosdistro/pixi_rosdistro/install/share/ament_index/resource_index/rust_packages/rosgraph_msgs
[14.115s] -- Installing: /home/runner/work/pixi_rosdistro/pixi_rosdistro/install/share/rosgraph_msgs/rust
[14.116s] -- Installing: /home/runner/work/pixi_rosdistro/pixi_rosdistro/install/share/rosgraph_msgs/rust/Cargo.toml
[14.118s] -- Installing: /home/runner/work/pixi_rosdistro/pixi_rosdistro/install/share/rosgraph_msgs/rust/build.rs
[14.118s] -- Installing: /home/runner/work/pixi_rosdistro/pixi_rosdistro/install/share/rosgraph_msgs/rust/src
[14.118s] -- Installing: /home/runner/work/pixi_rosdistro/pixi_rosdistro/install/share/rosgraph_msgs/rust/src/msg.rs
[14.118s] -- Installing: /home/runner/work/pixi_rosdistro/pixi_rosdistro/install/share/rosgraph_msgs/rust/src/msg
[14.118s] -- Installing: /home/runner/work/pixi_rosdistro/pixi_rosdistro/install/share/rosgraph_msgs/rust/src/msg/rmw.rs
[14.118s] -- Installing: /home/runner/work/pixi_rosdistro/pixi_rosdistro/install/share/rosgraph_msgs/rust/src/lib.rs
[14.118s] -- Installing: /home/runner/work/pixi_rosdistro/pixi_rosdistro/install/share/rosgraph_msgs/msg/Clock.idl
[14.118s] -- Installing: /home/runner/work/pixi_rosdistro/pixi_rosdistro/install/share/rosgraph_msgs/msg/Clock.msg
[14.119s] -- Installing: /home/runner/work/pixi_rosdistro/pixi_rosdistro/install/share/ament_index/resource_index/package_run_dependencies/rosgraph_msgs
[14.119s] -- Installing: /home/runner/work/pixi_rosdistro/pixi_rosdistro/install/share/ament_index/resource_index/parent_prefix_path/rosgraph_msgs
[14.119s] -- Installing: /home/runner/work/pixi_rosdistro/pixi_rosdistro/install/share/rosgraph_msgs/environment/ament_prefix_path.sh
[14.120s] -- Installing: /home/runner/work/pixi_rosdistro/pixi_rosdistro/install/share/rosgraph_msgs/environment/ament_prefix_path.dsv
[14.120s] -- Installing: /home/runner/work/pixi_rosdistro/pixi_rosdistro/install/share/rosgraph_msgs/environment/path.sh
[14.121s] -- Installing: /home/runner/work/pixi_rosdistro/pixi_rosdistro/install/share/rosgraph_msgs/environment/path.dsv
[14.121s] -- Installing: /home/runner/work/pixi_rosdistro/pixi_rosdistro/install/share/rosgraph_msgs/local_setup.bash
[14.122s] -- Installing: /home/runner/work/pixi_rosdistro/pixi_rosdistro/install/share/rosgraph_msgs/local_setup.fish
[14.123s] -- Installing: /home/runner/work/pixi_rosdistro/pixi_rosdistro/install/share/rosgraph_msgs/local_setup.sh
[14.123s] -- Installing: /home/runner/work/pixi_rosdistro/pixi_rosdistro/install/share/rosgraph_msgs/local_setup.zsh
[14.126s] -- Installing: /home/runner/work/pixi_rosdistro/pixi_rosdistro/install/share/rosgraph_msgs/local_setup.dsv
[14.126s] -- Installing: /home/runner/work/pixi_rosdistro/pixi_rosdistro/install/share/rosgraph_msgs/package.dsv
[14.126s] -- Installing: /home/runner/work/pixi_rosdistro/pixi_rosdistro/install/share/ament_index/resource_index/packages/rosgraph_msgs
[14.126s] -- Installing: /home/runner/work/pixi_rosdistro/pixi_rosdistro/install/share/rosgraph_msgs/cmake/export_rosgraph_msgs__rosidl_generator_cExport.cmake
[14.126s] -- Installing: /home/runner/work/pixi_rosdistro/pixi_rosdistro/install/share/rosgraph_msgs/cmake/export_rosgraph_msgs__rosidl_generator_cExport-release.cmake
[14.126s] -- Installing: /home/runner/work/pixi_rosdistro/pixi_rosdistro/install/share/rosgraph_msgs/cmake/export_rosgraph_msgs__rosidl_typesupport_fastrtps_cExport.cmake
[14.126s] -- Installing: /home/runner/work/pixi_rosdistro/pixi_rosdistro/install/share/rosgraph_msgs/cmake/export_rosgraph_msgs__rosidl_typesupport_fastrtps_cExport-release.cmake
[14.127s] -- Installing: /home/runner/work/pixi_rosdistro/pixi_rosdistro/install/share/rosgraph_msgs/cmake/export_rosgraph_msgs__rosidl_generator_cppExport.cmake
[14.127s] -- Installing: /home/runner/work/pixi_rosdistro/pixi_rosdistro/install/share/rosgraph_msgs/cmake/export_rosgraph_msgs__rosidl_typesupport_fastrtps_cppExport.cmake
[14.127s] -- Installing: /home/runner/work/pixi_rosdistro/pixi_rosdistro/install/share/rosgraph_msgs/cmake/export_rosgraph_msgs__rosidl_typesupport_fastrtps_cppExport-release.cmake
[14.127s] -- Installing: /home/runner/work/pixi_rosdistro/pixi_rosdistro/install/share/rosgraph_msgs/cmake/rosgraph_msgs__rosidl_typesupport_introspection_cExport.cmake
[14.128s] -- Installing: /home/runner/work/pixi_rosdistro/pixi_rosdistro/install/share/rosgraph_msgs/cmake/rosgraph_msgs__rosidl_typesupport_introspection_cExport-release.cmake
[14.128s] -- Installing: /home/runner/work/pixi_rosdistro/pixi_rosdistro/install/share/rosgraph_msgs/cmake/rosgraph_msgs__rosidl_typesupport_cExport.cmake
[14.129s] -- Installing: /home/runner/work/pixi_rosdistro/pixi_rosdistro/install/share/rosgraph_msgs/cmake/rosgraph_msgs__rosidl_typesupport_cExport-release.cmake
[14.129s] -- Installing: /home/runner/work/pixi_rosdistro/pixi_rosdistro/install/share/rosgraph_msgs/cmake/rosgraph_msgs__rosidl_typesupport_introspection_cppExport.cmake
[14.130s] -- Installing: /home/runner/work/pixi_rosdistro/pixi_rosdistro/install/share/rosgraph_msgs/cmake/rosgraph_msgs__rosidl_typesupport_introspection_cppExport-release.cmake
[14.130s] -- Installing: /home/runner/work/pixi_rosdistro/pixi_rosdistro/install/share/rosgraph_msgs/cmake/rosgraph_msgs__rosidl_typesupport_cppExport.cmake
[14.131s] -- Installing: /home/runner/work/pixi_rosdistro/pixi_rosdistro/install/share/rosgraph_msgs/cmake/rosgraph_msgs__rosidl_typesupport_cppExport-release.cmake
[14.131s] -- Installing: /home/runner/work/pixi_rosdistro/pixi_rosdistro/install/share/rosgraph_msgs/cmake/export_rosgraph_msgs__rosidl_generator_pyExport.cmake
[14.132s] -- Installing: /home/runner/work/pixi_rosdistro/pixi_rosdistro/install/share/rosgraph_msgs/cmake/export_rosgraph_msgs__rosidl_generator_pyExport-release.cmake
[14.135s] -- Installing: /home/runner/work/pixi_rosdistro/pixi_rosdistro/install/lib/python3.12/site-packages/rosgraph_msgs-2.4.3-py3.12.egg-info
[14.135s] -- Installing: /home/runner/work/pixi_rosdistro/pixi_rosdistro/install/lib/python3.12/site-packages/rosgraph_msgs-2.4.3-py3.12.egg-info/dependency_links.txt
[14.135s] -- Installing: /home/runner/work/pixi_rosdistro/pixi_rosdistro/install/lib/python3.12/site-packages/rosgraph_msgs-2.4.3-py3.12.egg-info/top_level.txt
[14.135s] -- Installing: /home/runner/work/pixi_rosdistro/pixi_rosdistro/install/lib/python3.12/site-packages/rosgraph_msgs-2.4.3-py3.12.egg-info/PKG-INFO
[14.135s] -- Installing: /home/runner/work/pixi_rosdistro/pixi_rosdistro/install/lib/python3.12/site-packages/rosgraph_msgs-2.4.3-py3.12.egg-info/SOURCES.txt
[14.135s] -- Up-to-date: /home/runner/work/pixi_rosdistro/pixi_rosdistro/install/lib/python3.12/site-packages/rosgraph_msgs
[14.136s] -- Installing: /home/runner/work/pixi_rosdistro/pixi_rosdistro/install/lib/python3.12/site-packages/rosgraph_msgs/__init__.py
[14.136s] -- Up-to-date: /home/runner/work/pixi_rosdistro/pixi_rosdistro/install/lib/python3.12/site-packages/rosgraph_msgs/rosgraph_msgs_s__rosidl_typesupport_c.so
[14.136s] -- Installing: /home/runner/work/pixi_rosdistro/pixi_rosdistro/install/lib/python3.12/site-packages/rosgraph_msgs/_rosgraph_msgs_s.ep.rosidl_typesupport_introspection_c.c
[14.136s] -- Installing: /home/runner/work/pixi_rosdistro/pixi_rosdistro/install/lib/python3.12/site-packages/rosgraph_msgs/_rosgraph_msgs_s.ep.rosidl_typesupport_fastrtps_c.c
[14.136s] -- Up-to-date: /home/runner/work/pixi_rosdistro/pixi_rosdistro/install/lib/python3.12/site-packages/rosgraph_msgs/rosgraph_msgs_s__rosidl_typesupport_fastrtps_c.so
[14.136s] -- Installing: /home/runner/work/pixi_rosdistro/pixi_rosdistro/install/lib/python3.12/site-packages/rosgraph_msgs/msg
[14.136s] -- Installing: /home/runner/work/pixi_rosdistro/pixi_rosdistro/install/lib/python3.12/site-packages/rosgraph_msgs/msg/__init__.py
[14.136s] -- Installing: /home/runner/work/pixi_rosdistro/pixi_rosdistro/install/lib/python3.12/site-packages/rosgraph_msgs/msg/_clock_s.c
[14.136s] -- Installing: /home/runner/work/pixi_rosdistro/pixi_rosdistro/install/lib/python3.12/site-packages/rosgraph_msgs/msg/_clock.py
[14.136s] -- Installing: /home/runner/work/pixi_rosdistro/pixi_rosdistro/install/lib/python3.12/site-packages/rosgraph_msgs/_rosgraph_msgs_s.ep.rosidl_typesupport_c.c
[14.138s] -- Installing: /home/runner/work/pixi_rosdistro/pixi_rosdistro/install/lib/python3.12/site-packages/rosgraph_msgs/py.typed
[14.138s] -- Up-to-date: /home/runner/work/pixi_rosdistro/pixi_rosdistro/install/lib/python3.12/site-packages/rosgraph_msgs/rosgraph_msgs_s__rosidl_typesupport_introspection_c.so
[14.186s] Listing '/home/runner/work/pixi_rosdistro/pixi_rosdistro/install/lib/python3.12/site-packages/rosgraph_msgs'...
[14.186s] Compiling '/home/runner/work/pixi_rosdistro/pixi_rosdistro/install/lib/python3.12/site-packages/rosgraph_msgs/__init__.py'...
[14.186s] Listing '/home/runner/work/pixi_rosdistro/pixi_rosdistro/install/lib/python3.12/site-packages/rosgraph_msgs/msg'...
[14.187s] Compiling '/home/runner/work/pixi_rosdistro/pixi_rosdistro/install/lib/python3.12/site-packages/rosgraph_msgs/msg/__init__.py'...
[14.187s] Compiling '/home/runner/work/pixi_rosdistro/pixi_rosdistro/install/lib/python3.12/site-packages/rosgraph_msgs/msg/_clock.py'...
[14.194s] -- Installing: /home/runner/work/pixi_rosdistro/pixi_rosdistro/install/share/rosgraph_msgs/cmake/rosidl_cmake-extras.cmake
[14.194s] -- Installing: /home/runner/work/pixi_rosdistro/pixi_rosdistro/install/share/rosgraph_msgs/cmake/ament_cmake_export_dependencies-extras.cmake
[14.195s] -- Installing: /home/runner/work/pixi_rosdistro/pixi_rosdistro/install/share/rosgraph_msgs/cmake/ament_cmake_export_include_directories-extras.cmake
[14.195s] -- Installing: /home/runner/work/pixi_rosdistro/pixi_rosdistro/install/share/rosgraph_msgs/cmake/ament_cmake_export_libraries-extras.cmake
[14.196s] -- Installing: /home/runner/work/pixi_rosdistro/pixi_rosdistro/install/share/rosgraph_msgs/cmake/ament_cmake_export_targets-extras.cmake
[14.198s] -- Installing: /home/runner/work/pixi_rosdistro/pixi_rosdistro/install/share/rosgraph_msgs/cmake/rosidl_cmake_export_typesupport_targets-extras.cmake
[14.198s] -- Installing: /home/runner/work/pixi_rosdistro/pixi_rosdistro/install/share/rosgraph_msgs/cmake/rosidl_cmake_export_typesupport_libraries-extras.cmake
[14.198s] -- Installing: /home/runner/work/pixi_rosdistro/pixi_rosdistro/install/share/rosgraph_msgs/cmake/rosidl_cmake_aggregate_target-extras.cmake
[14.198s] -- Installing: /home/runner/work/pixi_rosdistro/pixi_rosdistro/install/share/rosgraph_msgs/cmake/rosgraph_msgsConfig.cmake
[14.198s] -- Installing: /home/runner/work/pixi_rosdistro/pixi_rosdistro/install/share/rosgraph_msgs/cmake/rosgraph_msgsConfig-version.cmake
[14.198s] -- Installing: /home/runner/work/pixi_rosdistro/pixi_rosdistro/install/share/rosgraph_msgs/package.xml
[14.203s] Invoked command in '/home/runner/work/pixi_rosdistro/pixi_rosdistro/build/rosgraph_msgs' returned '0': AMENT_PREFIX_PATH=/home/runner/work/pixi_rosdistro/pixi_rosdistro/install CMAKE_PREFIX_PATH=/home/runner/work/pixi_rosdistro/pixi_rosdistro/install:${CMAKE_PREFIX_PATH} LD_LIBRARY_PATH=/home/runner/work/pixi_rosdistro/pixi_rosdistro/install/lib PATH=/home/runner/work/pixi_rosdistro/pixi_rosdistro/install/bin:/opt/microsoft/powershell/7:${PATH} PIXI_PROMPT=(ros2_rolling) PKG_CONFIG_PATH=/home/runner/work/pixi_rosdistro/pixi_rosdistro/install/lib/pkgconfig PSModulePath=/home/runner/.local/share/powershell/Modules:${PSModulePath} PYTHONPATH=/home/runner/work/pixi_rosdistro/pixi_rosdistro/install/lib/python3.12/site-packages ROS_DOMAIN_ID=79 /home/runner/work/pixi_rosdistro/pixi_rosdistro/.pixi/envs/default/bin/cmake --install /home/runner/work/pixi_rosdistro/pixi_rosdistro/build/rosgraph_msgs
