[0.355s] Invoking command in '/Users/runner/work/pixi_rosdistro/pixi_rosdistro/build/ament_index_cpp': AMENT_PREFIX_PATH=/Users/runner/work/pixi_rosdistro/pixi_rosdistro/install CMAKE_PREFIX_PATH=/Users/runner/work/pixi_rosdistro/pixi_rosdistro/install PATH=/Users/runner/work/pixi_rosdistro/pixi_rosdistro/install/bin:${PATH} PIXI_PROMPT=(ros2_rolling) PKG_CONFIG_PATH=/Users/runner/work/pixi_rosdistro/pixi_rosdistro/install/lib/pkgconfig PYTHONPATH=/Users/runner/work/pixi_rosdistro/pixi_rosdistro/install/lib/python3.12/site-packages SHLVL=3 _=/usr/bin/env /Users/runner/work/pixi_rosdistro/pixi_rosdistro/.pixi/envs/default/bin/cmake /Users/runner/work/pixi_rosdistro/pixi_rosdistro/src/ament/ament_index/ament_index_cpp -GNinja --no-warn-unused-cli -DCMAKE_BUILD_TYPE=Release -DCMAKE_BUILD_WITH_INSTALL_RPATH:bool=TRUE -DCMAKE_POLICY_VERSION_MINIMUM=3.5 -Wno-deprecated -DSTACK_DETAILS_AUTO_DETECT:bool=FALSE -DSTACK_DETAILS_BFD:bool=FALSE -DCMAKE_UNITY_BUILD=ON -DCMAKE_INSTALL_PREFIX=/Users/runner/work/pixi_rosdistro/pixi_rosdistro/install
[0.648s] Not searching for unused variables given on the command line.
[0.648s] -- The C compiler identification is AppleClang 17.0.0.17000013
[0.798s] -- The CXX compiler identification is AppleClang 17.0.0.17000013
[0.842s] -- Detecting C compiler ABI info
[1.245s] -- Detecting C compiler ABI info - done
[1.279s] -- Check for working C compiler: /usr/bin/cc - skipped
[1.279s] -- Detecting C compile features
[1.279s] -- Detecting C compile features - done
[1.284s] -- Detecting CXX compiler ABI info
[1.768s] -- Detecting CXX compiler ABI info - done
[1.812s] -- Check for working CXX compiler: /usr/bin/c++ - skipped
[1.812s] -- Detecting CXX compile features
[1.812s] -- Detecting CXX compile features - done
[1.824s] -- Found ament_cmake: 2.8.6 (/Users/runner/work/pixi_rosdistro/pixi_rosdistro/install/share/ament_cmake/cmake)
[2.276s] -- Found ament_lint_auto: 0.20.3 (/Users/runner/work/pixi_rosdistro/pixi_rosdistro/install/share/ament_lint_auto/cmake)
[2.464s] -- Found gtest sources under '/Users/runner/work/pixi_rosdistro/pixi_rosdistro/install/src/gtest_vendor': C++ tests using 'Google Test' will be built
[2.467s] -- Performing Test CMAKE_HAVE_LIBC_PTHREAD
[3.054s] -- Performing Test CMAKE_HAVE_LIBC_PTHREAD - Success
[3.058s] -- Found Threads: TRUE
[3.087s] -- Added test 'copyright' to check source files copyright and LICENSE
[3.089s] -- Added test 'cppcheck' to perform static code analysis on C / C++ code
[3.089s] -- Configured cppcheck include dirs: $<BUILD_INTERFACE:/Users/runner/work/pixi_rosdistro/pixi_rosdistro/src/ament/ament_index/ament_index_cpp/include>;/Users/runner/work/pixi_rosdistro/pixi_rosdistro/src/ament/ament_index/ament_index_cpp/include
[3.089s] -- Configured cppcheck exclude dirs and/or files: 
[3.093s] -- Added test 'cpplint' to check C / C++ code against the Google style
[3.093s] -- Configured cpplint exclude dirs and/or files: 
[3.095s] -- Added test 'lint_cmake' to check CMake code style
[3.100s] -- Added test 'uncrustify' to check C / C++ code style
[3.100s] -- Configured uncrustify additional arguments: 
[3.101s] -- Added test 'xmllint' to check XML markup files
[3.104s] -- Configuring done (2.7s)
[3.127s] -- Generating done (0.0s)
[3.135s] -- Build files have been written to: /Users/runner/work/pixi_rosdistro/pixi_rosdistro/build/ament_index_cpp
[3.137s] Invoked command in '/Users/runner/work/pixi_rosdistro/pixi_rosdistro/build/ament_index_cpp' returned '0': AMENT_PREFIX_PATH=/Users/runner/work/pixi_rosdistro/pixi_rosdistro/install CMAKE_PREFIX_PATH=/Users/runner/work/pixi_rosdistro/pixi_rosdistro/install PATH=/Users/runner/work/pixi_rosdistro/pixi_rosdistro/install/bin:${PATH} PIXI_PROMPT=(ros2_rolling) PKG_CONFIG_PATH=/Users/runner/work/pixi_rosdistro/pixi_rosdistro/install/lib/pkgconfig PYTHONPATH=/Users/runner/work/pixi_rosdistro/pixi_rosdistro/install/lib/python3.12/site-packages SHLVL=3 _=/usr/bin/env /Users/runner/work/pixi_rosdistro/pixi_rosdistro/.pixi/envs/default/bin/cmake /Users/runner/work/pixi_rosdistro/pixi_rosdistro/src/ament/ament_index/ament_index_cpp -GNinja --no-warn-unused-cli -DCMAKE_BUILD_TYPE=Release -DCMAKE_BUILD_WITH_INSTALL_RPATH:bool=TRUE -DCMAKE_POLICY_VERSION_MINIMUM=3.5 -Wno-deprecated -DSTACK_DETAILS_AUTO_DETECT:bool=FALSE -DSTACK_DETAILS_BFD:bool=FALSE -DCMAKE_UNITY_BUILD=ON -DCMAKE_INSTALL_PREFIX=/Users/runner/work/pixi_rosdistro/pixi_rosdistro/install
[3.141s] Invoking command in '/Users/runner/work/pixi_rosdistro/pixi_rosdistro/build/ament_index_cpp': AMENT_PREFIX_PATH=/Users/runner/work/pixi_rosdistro/pixi_rosdistro/install CMAKE_PREFIX_PATH=/Users/runner/work/pixi_rosdistro/pixi_rosdistro/install PATH=/Users/runner/work/pixi_rosdistro/pixi_rosdistro/install/bin:${PATH} PIXI_PROMPT=(ros2_rolling) PKG_CONFIG_PATH=/Users/runner/work/pixi_rosdistro/pixi_rosdistro/install/lib/pkgconfig PYTHONPATH=/Users/runner/work/pixi_rosdistro/pixi_rosdistro/install/lib/python3.12/site-packages SHLVL=3 _=/usr/bin/env /Users/runner/work/pixi_rosdistro/pixi_rosdistro/.pixi/envs/default/bin/cmake --build /Users/runner/work/pixi_rosdistro/pixi_rosdistro/build/ament_index_cpp -- -j3 -l3
[3.182s] [1/11] Generating ament_index_cpp/version.h
[4.608s] [2/11] Building CXX object CMakeFiles/ament_index_cpp.dir/Unity/unity_0_cxx.cxx.o
[5.240s] [3/11] Building CXX object gtest/CMakeFiles/gtest.dir/Unity/unity_0_cxx.cxx.o
[5.557s] [4/11] Building CXX object gtest/CMakeFiles/gtest_main.dir/Unity/unity_0_cxx.cxx.o
[5.615s] [5/11] Linking CXX shared library libament_index_cpp.dylib
[7.779s] [6/11] Building CXX object CMakeFiles/ament_index_cpp_utest.dir/Unity/unity_0_cxx.cxx.o
[9.346s] [7/11] Building CXX object CMakeFiles/ament_index_cpp_utest_deprecated.dir/Unity/unity_0_cxx.cxx.o
[9.431s] [8/11] Linking CXX static library gtest/libgtest.a
[9.501s] [9/11] Linking CXX static library gtest/libgtest_main.a
[9.559s] [10/11] Linking CXX executable ament_index_cpp_utest
[9.633s] [11/11] Linking CXX executable ament_index_cpp_utest_deprecated
[9.636s] Invoked command in '/Users/runner/work/pixi_rosdistro/pixi_rosdistro/build/ament_index_cpp' returned '0': AMENT_PREFIX_PATH=/Users/runner/work/pixi_rosdistro/pixi_rosdistro/install CMAKE_PREFIX_PATH=/Users/runner/work/pixi_rosdistro/pixi_rosdistro/install PATH=/Users/runner/work/pixi_rosdistro/pixi_rosdistro/install/bin:${PATH} PIXI_PROMPT=(ros2_rolling) PKG_CONFIG_PATH=/Users/runner/work/pixi_rosdistro/pixi_rosdistro/install/lib/pkgconfig PYTHONPATH=/Users/runner/work/pixi_rosdistro/pixi_rosdistro/install/lib/python3.12/site-packages SHLVL=3 _=/usr/bin/env /Users/runner/work/pixi_rosdistro/pixi_rosdistro/.pixi/envs/default/bin/cmake --build /Users/runner/work/pixi_rosdistro/pixi_rosdistro/build/ament_index_cpp -- -j3 -l3
[9.643s] Invoking command in '/Users/runner/work/pixi_rosdistro/pixi_rosdistro/build/ament_index_cpp': AMENT_PREFIX_PATH=/Users/runner/work/pixi_rosdistro/pixi_rosdistro/install CMAKE_PREFIX_PATH=/Users/runner/work/pixi_rosdistro/pixi_rosdistro/install PATH=/Users/runner/work/pixi_rosdistro/pixi_rosdistro/install/bin:${PATH} PIXI_PROMPT=(ros2_rolling) PKG_CONFIG_PATH=/Users/runner/work/pixi_rosdistro/pixi_rosdistro/install/lib/pkgconfig PYTHONPATH=/Users/runner/work/pixi_rosdistro/pixi_rosdistro/install/lib/python3.12/site-packages SHLVL=3 _=/usr/bin/env /Users/runner/work/pixi_rosdistro/pixi_rosdistro/.pixi/envs/default/bin/cmake --install /Users/runner/work/pixi_rosdistro/pixi_rosdistro/build/ament_index_cpp
[9.659s] -- Install configuration: "Release"
[9.659s] -- Installing: /Users/runner/work/pixi_rosdistro/pixi_rosdistro/install/share/ament_index_cpp/environment/library_path.sh
[9.659s] -- Installing: /Users/runner/work/pixi_rosdistro/pixi_rosdistro/install/share/ament_index_cpp/environment/library_path.dsv
[9.660s] -- Installing: /Users/runner/work/pixi_rosdistro/pixi_rosdistro/install/share/ament_index/resource_index/package_run_dependencies/ament_index_cpp
[9.660s] -- Installing: /Users/runner/work/pixi_rosdistro/pixi_rosdistro/install/share/ament_index/resource_index/parent_prefix_path/ament_index_cpp
[9.660s] -- Installing: /Users/runner/work/pixi_rosdistro/pixi_rosdistro/install/share/ament_index_cpp/environment/ament_prefix_path.sh
[9.660s] -- Installing: /Users/runner/work/pixi_rosdistro/pixi_rosdistro/install/share/ament_index_cpp/environment/ament_prefix_path.dsv
[9.661s] -- Installing: /Users/runner/work/pixi_rosdistro/pixi_rosdistro/install/share/ament_index_cpp/environment/path.sh
[9.661s] -- Installing: /Users/runner/work/pixi_rosdistro/pixi_rosdistro/install/share/ament_index_cpp/environment/path.dsv
[9.661s] -- Installing: /Users/runner/work/pixi_rosdistro/pixi_rosdistro/install/share/ament_index_cpp/local_setup.bash
[9.662s] -- Installing: /Users/runner/work/pixi_rosdistro/pixi_rosdistro/install/share/ament_index_cpp/local_setup.fish
[9.662s] -- Installing: /Users/runner/work/pixi_rosdistro/pixi_rosdistro/install/share/ament_index_cpp/local_setup.sh
[9.662s] -- Installing: /Users/runner/work/pixi_rosdistro/pixi_rosdistro/install/share/ament_index_cpp/local_setup.zsh
[9.662s] -- Installing: /Users/runner/work/pixi_rosdistro/pixi_rosdistro/install/share/ament_index_cpp/local_setup.dsv
[9.663s] -- Installing: /Users/runner/work/pixi_rosdistro/pixi_rosdistro/install/share/ament_index_cpp/package.dsv
[9.663s] -- Installing: /Users/runner/work/pixi_rosdistro/pixi_rosdistro/install/share/ament_index/resource_index/packages/ament_index_cpp
[9.663s] -- Installing: /Users/runner/work/pixi_rosdistro/pixi_rosdistro/install/share/ament_index_cpp/cmake/export_ament_index_cppExport.cmake
[9.663s] -- Installing: /Users/runner/work/pixi_rosdistro/pixi_rosdistro/install/share/ament_index_cpp/cmake/export_ament_index_cppExport-release.cmake
[9.664s] -- Installing: /Users/runner/work/pixi_rosdistro/pixi_rosdistro/install/share/ament_index_cpp/cmake/ament_cmake_export_targets-extras.cmake
[9.664s] -- Installing: /Users/runner/work/pixi_rosdistro/pixi_rosdistro/install/share/ament_index_cpp/cmake/ament_index_cppConfig.cmake
[9.664s] -- Installing: /Users/runner/work/pixi_rosdistro/pixi_rosdistro/install/share/ament_index_cpp/cmake/ament_index_cppConfig-version.cmake
[9.664s] -- Installing: /Users/runner/work/pixi_rosdistro/pixi_rosdistro/install/share/ament_index_cpp/package.xml
[9.665s] -- Installing: /Users/runner/work/pixi_rosdistro/pixi_rosdistro/install/include/ament_index_cpp/ament_index_cpp/version.h
[9.665s] -- Up-to-date: /Users/runner/work/pixi_rosdistro/pixi_rosdistro/install/include/ament_index_cpp
[9.665s] -- Up-to-date: /Users/runner/work/pixi_rosdistro/pixi_rosdistro/install/include/ament_index_cpp/ament_index_cpp
[9.665s] -- Installing: /Users/runner/work/pixi_rosdistro/pixi_rosdistro/install/include/ament_index_cpp/ament_index_cpp/has_resource.hpp
[9.665s] -- Installing: /Users/runner/work/pixi_rosdistro/pixi_rosdistro/install/include/ament_index_cpp/ament_index_cpp/get_package_share_directory.hpp
[9.665s] -- Installing: /Users/runner/work/pixi_rosdistro/pixi_rosdistro/install/include/ament_index_cpp/ament_index_cpp/get_resource.hpp
[9.666s] -- Installing: /Users/runner/work/pixi_rosdistro/pixi_rosdistro/install/include/ament_index_cpp/ament_index_cpp/get_search_paths.hpp
[9.666s] -- Installing: /Users/runner/work/pixi_rosdistro/pixi_rosdistro/install/include/ament_index_cpp/ament_index_cpp/visibility_control.h
[9.666s] -- Installing: /Users/runner/work/pixi_rosdistro/pixi_rosdistro/install/include/ament_index_cpp/ament_index_cpp/get_package_prefix.hpp
[9.666s] -- Installing: /Users/runner/work/pixi_rosdistro/pixi_rosdistro/install/include/ament_index_cpp/ament_index_cpp/get_packages_with_prefixes.hpp
[9.666s] -- Installing: /Users/runner/work/pixi_rosdistro/pixi_rosdistro/install/include/ament_index_cpp/ament_index_cpp/get_resources.hpp
[9.667s] -- Installing: /Users/runner/work/pixi_rosdistro/pixi_rosdistro/install/include/ament_index_cpp/ament_index_cpp/get_package_share_path.hpp
[9.667s] -- Installing: /Users/runner/work/pixi_rosdistro/pixi_rosdistro/install/lib/libament_index_cpp.dylib
[9.669s] Invoked command in '/Users/runner/work/pixi_rosdistro/pixi_rosdistro/build/ament_index_cpp' returned '0': AMENT_PREFIX_PATH=/Users/runner/work/pixi_rosdistro/pixi_rosdistro/install CMAKE_PREFIX_PATH=/Users/runner/work/pixi_rosdistro/pixi_rosdistro/install PATH=/Users/runner/work/pixi_rosdistro/pixi_rosdistro/install/bin:${PATH} PIXI_PROMPT=(ros2_rolling) PKG_CONFIG_PATH=/Users/runner/work/pixi_rosdistro/pixi_rosdistro/install/lib/pkgconfig PYTHONPATH=/Users/runner/work/pixi_rosdistro/pixi_rosdistro/install/lib/python3.12/site-packages SHLVL=3 _=/usr/bin/env /Users/runner/work/pixi_rosdistro/pixi_rosdistro/.pixi/envs/default/bin/cmake --install /Users/runner/work/pixi_rosdistro/pixi_rosdistro/build/ament_index_cpp
