[1.534s] Invoking command in '/home/runner/work/pixi_rosdistro/pixi_rosdistro/build/ament_cmake_core': AMENT_PREFIX_PATH=/home/runner/work/pixi_rosdistro/pixi_rosdistro/install CMAKE_PREFIX_PATH=/home/runner/work/pixi_rosdistro/pixi_rosdistro/install:${CMAKE_PREFIX_PATH} PATH=/opt/microsoft/powershell/7:${PATH} PIXI_PROMPT=(ros2_rolling) PSModulePath=/home/runner/.local/share/powershell/Modules:${PSModulePath} PYTHONPATH=/home/runner/work/pixi_rosdistro/pixi_rosdistro/install/lib/python3.12/site-packages ROS_DOMAIN_ID=71 /home/runner/work/pixi_rosdistro/pixi_rosdistro/.pixi/envs/default/bin/cmake /home/runner/work/pixi_rosdistro/pixi_rosdistro/src/ament/ament_cmake/ament_cmake_core -GNinja --no-warn-unused-cli -DCMAKE_BUILD_TYPE=Release -DCMAKE_BUILD_WITH_INSTALL_RPATH:bool=TRUE -DCMAKE_POLICY_VERSION_MINIMUM=3.5 -Wno-deprecated -DSTACK_DETAILS_AUTO_DETECT:bool=FALSE -DSTACK_DETAILS_BFD:bool=FALSE -DCMAKE_INSTALL_PREFIX=/home/runner/work/pixi_rosdistro/pixi_rosdistro/install
[1.734s] Not searching for unused variables given on the command line.
[1.734s] -- Found Python3: /home/runner/work/pixi_rosdistro/pixi_rosdistro/.pixi/envs/default/bin/python3 (found version "3.12.13") found components: Interpreter
[1.879s] -- ament_cmake_core 2.8.6
[1.976s] -- Configuring done (0.4s)
[1.984s] -- Generating done (0.0s)
[1.986s] -- Build files have been written to: /home/runner/work/pixi_rosdistro/pixi_rosdistro/build/ament_cmake_core
[1.989s] Invoked command in '/home/runner/work/pixi_rosdistro/pixi_rosdistro/build/ament_cmake_core' returned '0': AMENT_PREFIX_PATH=/home/runner/work/pixi_rosdistro/pixi_rosdistro/install CMAKE_PREFIX_PATH=/home/runner/work/pixi_rosdistro/pixi_rosdistro/install:${CMAKE_PREFIX_PATH} PATH=/opt/microsoft/powershell/7:${PATH} PIXI_PROMPT=(ros2_rolling) PSModulePath=/home/runner/.local/share/powershell/Modules:${PSModulePath} PYTHONPATH=/home/runner/work/pixi_rosdistro/pixi_rosdistro/install/lib/python3.12/site-packages ROS_DOMAIN_ID=71 /home/runner/work/pixi_rosdistro/pixi_rosdistro/.pixi/envs/default/bin/cmake /home/runner/work/pixi_rosdistro/pixi_rosdistro/src/ament/ament_cmake/ament_cmake_core -GNinja --no-warn-unused-cli -DCMAKE_BUILD_TYPE=Release -DCMAKE_BUILD_WITH_INSTALL_RPATH:bool=TRUE -DCMAKE_POLICY_VERSION_MINIMUM=3.5 -Wno-deprecated -DSTACK_DETAILS_AUTO_DETECT:bool=FALSE -DSTACK_DETAILS_BFD:bool=FALSE -DCMAKE_INSTALL_PREFIX=/home/runner/work/pixi_rosdistro/pixi_rosdistro/install
[1.990s] Invoking command in '/home/runner/work/pixi_rosdistro/pixi_rosdistro/build/ament_cmake_core': AMENT_PREFIX_PATH=/home/runner/work/pixi_rosdistro/pixi_rosdistro/install CMAKE_PREFIX_PATH=/home/runner/work/pixi_rosdistro/pixi_rosdistro/install:${CMAKE_PREFIX_PATH} PATH=/opt/microsoft/powershell/7:${PATH} PIXI_PROMPT=(ros2_rolling) PSModulePath=/home/runner/.local/share/powershell/Modules:${PSModulePath} PYTHONPATH=/home/runner/work/pixi_rosdistro/pixi_rosdistro/install/lib/python3.12/site-packages ROS_DOMAIN_ID=71 /home/runner/work/pixi_rosdistro/pixi_rosdistro/.pixi/envs/default/bin/cmake --build /home/runner/work/pixi_rosdistro/pixi_rosdistro/build/ament_cmake_core -- -j4 -l4
[2.000s] ninja: no work to do.
[2.001s] Invoked command in '/home/runner/work/pixi_rosdistro/pixi_rosdistro/build/ament_cmake_core' returned '0': AMENT_PREFIX_PATH=/home/runner/work/pixi_rosdistro/pixi_rosdistro/install CMAKE_PREFIX_PATH=/home/runner/work/pixi_rosdistro/pixi_rosdistro/install:${CMAKE_PREFIX_PATH} PATH=/opt/microsoft/powershell/7:${PATH} PIXI_PROMPT=(ros2_rolling) PSModulePath=/home/runner/.local/share/powershell/Modules:${PSModulePath} PYTHONPATH=/home/runner/work/pixi_rosdistro/pixi_rosdistro/install/lib/python3.12/site-packages ROS_DOMAIN_ID=71 /home/runner/work/pixi_rosdistro/pixi_rosdistro/.pixi/envs/default/bin/cmake --build /home/runner/work/pixi_rosdistro/pixi_rosdistro/build/ament_cmake_core -- -j4 -l4
[2.003s] Invoking command in '/home/runner/work/pixi_rosdistro/pixi_rosdistro/build/ament_cmake_core': AMENT_PREFIX_PATH=/home/runner/work/pixi_rosdistro/pixi_rosdistro/install CMAKE_PREFIX_PATH=/home/runner/work/pixi_rosdistro/pixi_rosdistro/install:${CMAKE_PREFIX_PATH} PATH=/opt/microsoft/powershell/7:${PATH} PIXI_PROMPT=(ros2_rolling) PSModulePath=/home/runner/.local/share/powershell/Modules:${PSModulePath} PYTHONPATH=/home/runner/work/pixi_rosdistro/pixi_rosdistro/install/lib/python3.12/site-packages ROS_DOMAIN_ID=71 /home/runner/work/pixi_rosdistro/pixi_rosdistro/.pixi/envs/default/bin/cmake --install /home/runner/work/pixi_rosdistro/pixi_rosdistro/build/ament_cmake_core
[2.010s] -- Install configuration: "Release"
[2.010s] -- Installing: /home/runner/work/pixi_rosdistro/pixi_rosdistro/install/share/ament_index/resource_index/package_run_dependencies/ament_cmake_core
[2.011s] -- Installing: /home/runner/work/pixi_rosdistro/pixi_rosdistro/install/share/ament_index/resource_index/parent_prefix_path/ament_cmake_core
[2.012s] -- Installing: /home/runner/work/pixi_rosdistro/pixi_rosdistro/install/share/ament_cmake_core/environment/ament_prefix_path.sh
[2.012s] -- Installing: /home/runner/work/pixi_rosdistro/pixi_rosdistro/install/share/ament_cmake_core/environment/ament_prefix_path.dsv
[2.012s] -- Installing: /home/runner/work/pixi_rosdistro/pixi_rosdistro/install/share/ament_cmake_core/environment/path.sh
[2.012s] -- Installing: /home/runner/work/pixi_rosdistro/pixi_rosdistro/install/share/ament_cmake_core/environment/path.dsv
[2.012s] -- Installing: /home/runner/work/pixi_rosdistro/pixi_rosdistro/install/share/ament_cmake_core/local_setup.bash
[2.012s] -- Installing: /home/runner/work/pixi_rosdistro/pixi_rosdistro/install/share/ament_cmake_core/local_setup.fish
[2.014s] -- Installing: /home/runner/work/pixi_rosdistro/pixi_rosdistro/install/share/ament_cmake_core/local_setup.sh
[2.014s] -- Installing: /home/runner/work/pixi_rosdistro/pixi_rosdistro/install/share/ament_cmake_core/local_setup.zsh
[2.015s] -- Installing: /home/runner/work/pixi_rosdistro/pixi_rosdistro/install/share/ament_cmake_core/local_setup.dsv
[2.015s] -- Installing: /home/runner/work/pixi_rosdistro/pixi_rosdistro/install/share/ament_cmake_core/package.dsv
[2.015s] -- Installing: /home/runner/work/pixi_rosdistro/pixi_rosdistro/install/share/ament_index/resource_index/packages/ament_cmake_core
[2.015s] -- Installing: /home/runner/work/pixi_rosdistro/pixi_rosdistro/install/share/ament_cmake_core/cmake/ament_cmake_core-extras.cmake
[2.015s] -- Installing: /home/runner/work/pixi_rosdistro/pixi_rosdistro/install/share/ament_cmake_core/cmake/ament_cmake_environment-extras.cmake
[2.015s] -- Installing: /home/runner/work/pixi_rosdistro/pixi_rosdistro/install/share/ament_cmake_core/cmake/ament_cmake_environment_hooks-extras.cmake
[2.016s] -- Installing: /home/runner/work/pixi_rosdistro/pixi_rosdistro/install/share/ament_cmake_core/cmake/ament_cmake_index-extras.cmake
[2.016s] -- Installing: /home/runner/work/pixi_rosdistro/pixi_rosdistro/install/share/ament_cmake_core/cmake/ament_cmake_package_templates-extras.cmake
[2.016s] -- Installing: /home/runner/work/pixi_rosdistro/pixi_rosdistro/install/share/ament_cmake_core/cmake/ament_cmake_uninstall_target-extras.cmake
[2.017s] -- Installing: /home/runner/work/pixi_rosdistro/pixi_rosdistro/install/share/ament_cmake_core/cmake/ament_cmake_symlink_install-extras.cmake
[2.017s] -- Installing: /home/runner/work/pixi_rosdistro/pixi_rosdistro/install/share/ament_cmake_core/cmake/ament_cmake_coreConfig.cmake
[2.017s] -- Installing: /home/runner/work/pixi_rosdistro/pixi_rosdistro/install/share/ament_cmake_core/cmake/ament_cmake_coreConfig-version.cmake
[2.018s] -- Installing: /home/runner/work/pixi_rosdistro/pixi_rosdistro/install/share/ament_cmake_core/package.xml
[2.018s] -- Up-to-date: /home/runner/work/pixi_rosdistro/pixi_rosdistro/install/share/ament_cmake_core/cmake
[2.018s] -- Installing: /home/runner/work/pixi_rosdistro/pixi_rosdistro/install/share/ament_cmake_core/cmake/symlink_install
[2.018s] -- Installing: /home/runner/work/pixi_rosdistro/pixi_rosdistro/install/share/ament_cmake_core/cmake/symlink_install/ament_cmake_symlink_install_programs.cmake
[2.018s] -- Installing: /home/runner/work/pixi_rosdistro/pixi_rosdistro/install/share/ament_cmake_core/cmake/symlink_install/ament_cmake_symlink_install_directory.cmake
[2.019s] -- Installing: /home/runner/work/pixi_rosdistro/pixi_rosdistro/install/share/ament_cmake_core/cmake/symlink_install/install.cmake
[2.019s] -- Installing: /home/runner/work/pixi_rosdistro/pixi_rosdistro/install/share/ament_cmake_core/cmake/symlink_install/ament_cmake_symlink_install_files.cmake
[2.020s] -- Installing: /home/runner/work/pixi_rosdistro/pixi_rosdistro/install/share/ament_cmake_core/cmake/symlink_install/ament_cmake_symlink_install_targets.cmake
[2.020s] -- Installing: /home/runner/work/pixi_rosdistro/pixi_rosdistro/install/share/ament_cmake_core/cmake/symlink_install/ament_cmake_symlink_install_uninstall_script.cmake.in
[2.020s] -- Installing: /home/runner/work/pixi_rosdistro/pixi_rosdistro/install/share/ament_cmake_core/cmake/symlink_install/ament_cmake_symlink_install_append_install_code.cmake
[2.021s] -- Installing: /home/runner/work/pixi_rosdistro/pixi_rosdistro/install/share/ament_cmake_core/cmake/symlink_install/ament_cmake_symlink_install.cmake.in
[2.021s] -- Installing: /home/runner/work/pixi_rosdistro/pixi_rosdistro/install/share/ament_cmake_core/cmake/environment
[2.022s] -- Installing: /home/runner/work/pixi_rosdistro/pixi_rosdistro/install/share/ament_cmake_core/cmake/environment/ament_cmake_environment_package_hook.cmake
[2.022s] -- Installing: /home/runner/work/pixi_rosdistro/pixi_rosdistro/install/share/ament_cmake_core/cmake/environment/ament_generate_environment.cmake
[2.023s] -- Installing: /home/runner/work/pixi_rosdistro/pixi_rosdistro/install/share/ament_cmake_core/cmake/package_templates
[2.023s] -- Installing: /home/runner/work/pixi_rosdistro/pixi_rosdistro/install/share/ament_cmake_core/cmake/package_templates/templates_2_cmake.py
[2.023s] -- Installing: /home/runner/work/pixi_rosdistro/pixi_rosdistro/install/share/ament_cmake_core/cmake/uninstall_target
[2.023s] -- Installing: /home/runner/work/pixi_rosdistro/pixi_rosdistro/install/share/ament_cmake_core/cmake/uninstall_target/ament_cmake_uninstall_target_append_uninstall_code.cmake
[2.024s] -- Installing: /home/runner/work/pixi_rosdistro/pixi_rosdistro/install/share/ament_cmake_core/cmake/uninstall_target/ament_cmake_uninstall_target.cmake.in
[2.024s] -- Installing: /home/runner/work/pixi_rosdistro/pixi_rosdistro/install/share/ament_cmake_core/cmake/core
[2.024s] -- Installing: /home/runner/work/pixi_rosdistro/pixi_rosdistro/install/share/ament_cmake_core/cmake/core/get_executable_path.cmake
[2.025s] -- Installing: /home/runner/work/pixi_rosdistro/pixi_rosdistro/install/share/ament_cmake_core/cmake/core/package_xml_2_cmake.py
[2.025s] -- Installing: /home/runner/work/pixi_rosdistro/pixi_rosdistro/install/share/ament_cmake_core/cmake/core/ament_register_extension.cmake
[2.028s] -- Installing: /home/runner/work/pixi_rosdistro/pixi_rosdistro/install/share/ament_cmake_core/cmake/core/ament_execute_extensions.cmake
[2.028s] -- Installing: /home/runner/work/pixi_rosdistro/pixi_rosdistro/install/share/ament_cmake_core/cmake/core/assert_file_exists.cmake
[2.029s] -- Installing: /home/runner/work/pixi_rosdistro/pixi_rosdistro/install/share/ament_cmake_core/cmake/core/string_ends_with.cmake
[2.029s] -- Installing: /home/runner/work/pixi_rosdistro/pixi_rosdistro/install/share/ament_cmake_core/cmake/core/templates
[2.029s] -- Installing: /home/runner/work/pixi_rosdistro/pixi_rosdistro/install/share/ament_cmake_core/cmake/core/templates/nameConfig-version.cmake.in
[2.029s] -- Installing: /home/runner/work/pixi_rosdistro/pixi_rosdistro/install/share/ament_cmake_core/cmake/core/templates/nameConfig.cmake.in
[2.029s] -- Installing: /home/runner/work/pixi_rosdistro/pixi_rosdistro/install/share/ament_cmake_core/cmake/core/list_append_unique.cmake
[2.029s] -- Installing: /home/runner/work/pixi_rosdistro/pixi_rosdistro/install/share/ament_cmake_core/cmake/core/python.cmake
[2.029s] -- Installing: /home/runner/work/pixi_rosdistro/pixi_rosdistro/install/share/ament_cmake_core/cmake/core/ament_package_xml.cmake
[2.029s] -- Installing: /home/runner/work/pixi_rosdistro/pixi_rosdistro/install/share/ament_cmake_core/cmake/core/normalize_path.cmake
[2.029s] -- Installing: /home/runner/work/pixi_rosdistro/pixi_rosdistro/install/share/ament_cmake_core/cmake/core/all.cmake
[2.029s] -- Installing: /home/runner/work/pixi_rosdistro/pixi_rosdistro/install/share/ament_cmake_core/cmake/core/stamp.cmake
[2.030s] -- Installing: /home/runner/work/pixi_rosdistro/pixi_rosdistro/install/share/ament_cmake_core/cmake/core/ament_add_default_options.cmake
[2.030s] -- Installing: /home/runner/work/pixi_rosdistro/pixi_rosdistro/install/share/ament_cmake_core/cmake/core/ament_package.cmake
[2.030s] -- Installing: /home/runner/work/pixi_rosdistro/pixi_rosdistro/install/share/ament_cmake_core/cmake/environment_hooks
[2.030s] -- Installing: /home/runner/work/pixi_rosdistro/pixi_rosdistro/install/share/ament_cmake_core/cmake/environment_hooks/environment
[2.031s] -- Installing: /home/runner/work/pixi_rosdistro/pixi_rosdistro/install/share/ament_cmake_core/cmake/environment_hooks/environment/ament_prefix_path.bat
[2.031s] -- Installing: /home/runner/work/pixi_rosdistro/pixi_rosdistro/install/share/ament_cmake_core/cmake/environment_hooks/environment/ament_prefix_path.sh
[2.031s] -- Installing: /home/runner/work/pixi_rosdistro/pixi_rosdistro/install/share/ament_cmake_core/cmake/environment_hooks/environment/path.sh
[2.031s] -- Installing: /home/runner/work/pixi_rosdistro/pixi_rosdistro/install/share/ament_cmake_core/cmake/environment_hooks/environment/path.bat
[2.032s] -- Installing: /home/runner/work/pixi_rosdistro/pixi_rosdistro/install/share/ament_cmake_core/cmake/environment_hooks/ament_cmake_environment_hooks_package_hook.cmake
[2.032s] -- Installing: /home/runner/work/pixi_rosdistro/pixi_rosdistro/install/share/ament_cmake_core/cmake/environment_hooks/ament_environment_hooks.cmake
[2.033s] -- Installing: /home/runner/work/pixi_rosdistro/pixi_rosdistro/install/share/ament_cmake_core/cmake/environment_hooks/ament_generate_package_environment.cmake
[2.033s] -- Installing: /home/runner/work/pixi_rosdistro/pixi_rosdistro/install/share/ament_cmake_core/cmake/index
[2.034s] -- Installing: /home/runner/work/pixi_rosdistro/pixi_rosdistro/install/share/ament_cmake_core/cmake/index/ament_index_get_resource.cmake
[2.034s] -- Installing: /home/runner/work/pixi_rosdistro/pixi_rosdistro/install/share/ament_cmake_core/cmake/index/ament_cmake_index_package_hook.cmake
[2.034s] -- Installing: /home/runner/work/pixi_rosdistro/pixi_rosdistro/install/share/ament_cmake_core/cmake/index/ament_index_register_resource.cmake
[2.035s] -- Installing: /home/runner/work/pixi_rosdistro/pixi_rosdistro/install/share/ament_cmake_core/cmake/index/ament_index_get_resources.cmake
[2.035s] -- Installing: /home/runner/work/pixi_rosdistro/pixi_rosdistro/install/share/ament_cmake_core/cmake/index/ament_index_register_package.cmake
[2.036s] -- Installing: /home/runner/work/pixi_rosdistro/pixi_rosdistro/install/share/ament_cmake_core/cmake/index/ament_index_get_prefix_path.cmake
[2.036s] -- Installing: /home/runner/work/pixi_rosdistro/pixi_rosdistro/install/share/ament_cmake_core/cmake/index/ament_index_has_resource.cmake
[2.038s] Invoked command in '/home/runner/work/pixi_rosdistro/pixi_rosdistro/build/ament_cmake_core' returned '0': AMENT_PREFIX_PATH=/home/runner/work/pixi_rosdistro/pixi_rosdistro/install CMAKE_PREFIX_PATH=/home/runner/work/pixi_rosdistro/pixi_rosdistro/install:${CMAKE_PREFIX_PATH} PATH=/opt/microsoft/powershell/7:${PATH} PIXI_PROMPT=(ros2_rolling) PSModulePath=/home/runner/.local/share/powershell/Modules:${PSModulePath} PYTHONPATH=/home/runner/work/pixi_rosdistro/pixi_rosdistro/install/lib/python3.12/site-packages ROS_DOMAIN_ID=71 /home/runner/work/pixi_rosdistro/pixi_rosdistro/.pixi/envs/default/bin/cmake --install /home/runner/work/pixi_rosdistro/pixi_rosdistro/build/ament_cmake_core
