[3.780s] Invoking command in '/home/runner/work/pixi_rosdistro/pixi_rosdistro/src/ros2/rosidl/rosidl_cli': AMENT_PREFIX_PATH=/home/runner/work/pixi_rosdistro/pixi_rosdistro/install CMAKE_PREFIX_PATH=/home/runner/work/pixi_rosdistro/pixi_rosdistro/install:${CMAKE_PREFIX_PATH} LD_LIBRARY_PATH=/home/runner/work/pixi_rosdistro/pixi_rosdistro/install/lib PATH=/home/runner/work/pixi_rosdistro/pixi_rosdistro/install/bin:/opt/microsoft/powershell/7:${PATH} PIXI_PROMPT=(ros2_rolling) PSModulePath=/home/runner/.local/share/powershell/Modules:${PSModulePath} PYTHONPATH=/home/runner/work/pixi_rosdistro/pixi_rosdistro/build/rosidl_cli/prefix_override:/home/runner/work/pixi_rosdistro/pixi_rosdistro/.pixi/envs/default/lib/python3.14/site-packages/colcon_core/task/python/colcon_distutils_commands:/home/runner/work/pixi_rosdistro/pixi_rosdistro/install/lib/python3.14/site-packages:/home/runner/work/pixi_rosdistro/pixi_rosdistro/install/lib/python3.14/site-packages ROS_DOMAIN_ID=11 /home/runner/work/pixi_rosdistro/pixi_rosdistro/.pixi/envs/default/bin/python3.14 -W ignore:setup.py install is deprecated -W ignore:easy_install command is deprecated setup.py egg_info --egg-base ../../../../build/rosidl_cli build --build-base /home/runner/work/pixi_rosdistro/pixi_rosdistro/build/rosidl_cli/build install --record /home/runner/work/pixi_rosdistro/pixi_rosdistro/build/rosidl_cli/install.log --single-version-externally-managed install_data
[4.075s] running egg_info
[4.084s] creating ../../../../build/rosidl_cli/rosidl_cli.egg-info
[4.084s] writing ../../../../build/rosidl_cli/rosidl_cli.egg-info/PKG-INFO
[4.085s] writing dependency_links to ../../../../build/rosidl_cli/rosidl_cli.egg-info/dependency_links.txt
[4.086s] writing entry points to ../../../../build/rosidl_cli/rosidl_cli.egg-info/entry_points.txt
[4.086s] writing requirements to ../../../../build/rosidl_cli/rosidl_cli.egg-info/requires.txt
[4.086s] writing top-level names to ../../../../build/rosidl_cli/rosidl_cli.egg-info/top_level.txt
[4.086s] writing manifest file '../../../../build/rosidl_cli/rosidl_cli.egg-info/SOURCES.txt'
[4.111s] reading manifest file '../../../../build/rosidl_cli/rosidl_cli.egg-info/SOURCES.txt'
[4.112s] writing manifest file '../../../../build/rosidl_cli/rosidl_cli.egg-info/SOURCES.txt'
[4.115s] running build
[4.115s] running build_py
[4.116s] creating /home/runner/work/pixi_rosdistro/pixi_rosdistro/build/rosidl_cli/build/lib/rosidl_cli
[4.117s] copying rosidl_cli/__init__.py -> /home/runner/work/pixi_rosdistro/pixi_rosdistro/build/rosidl_cli/build/lib/rosidl_cli
[4.117s] copying rosidl_cli/cli.py -> /home/runner/work/pixi_rosdistro/pixi_rosdistro/build/rosidl_cli/build/lib/rosidl_cli
[4.117s] copying rosidl_cli/entry_points.py -> /home/runner/work/pixi_rosdistro/pixi_rosdistro/build/rosidl_cli/build/lib/rosidl_cli
[4.117s] copying rosidl_cli/extensions.py -> /home/runner/work/pixi_rosdistro/pixi_rosdistro/build/rosidl_cli/build/lib/rosidl_cli
[4.117s] copying rosidl_cli/common.py -> /home/runner/work/pixi_rosdistro/pixi_rosdistro/build/rosidl_cli/build/lib/rosidl_cli
[4.117s] creating /home/runner/work/pixi_rosdistro/pixi_rosdistro/build/rosidl_cli/build/lib/rosidl_cli/command
[4.117s] copying rosidl_cli/command/__init__.py -> /home/runner/work/pixi_rosdistro/pixi_rosdistro/build/rosidl_cli/build/lib/rosidl_cli/command
[4.117s] copying rosidl_cli/command/helpers.py -> /home/runner/work/pixi_rosdistro/pixi_rosdistro/build/rosidl_cli/build/lib/rosidl_cli/command
[4.117s] creating /home/runner/work/pixi_rosdistro/pixi_rosdistro/build/rosidl_cli/build/lib/rosidl_cli/command/hash
[4.118s] copying rosidl_cli/command/hash/__init__.py -> /home/runner/work/pixi_rosdistro/pixi_rosdistro/build/rosidl_cli/build/lib/rosidl_cli/command/hash
[4.118s] copying rosidl_cli/command/hash/api.py -> /home/runner/work/pixi_rosdistro/pixi_rosdistro/build/rosidl_cli/build/lib/rosidl_cli/command/hash
[4.118s] copying rosidl_cli/command/hash/extensions.py -> /home/runner/work/pixi_rosdistro/pixi_rosdistro/build/rosidl_cli/build/lib/rosidl_cli/command/hash
[4.118s] creating /home/runner/work/pixi_rosdistro/pixi_rosdistro/build/rosidl_cli/build/lib/rosidl_cli/command/generate
[4.118s] copying rosidl_cli/command/generate/__init__.py -> /home/runner/work/pixi_rosdistro/pixi_rosdistro/build/rosidl_cli/build/lib/rosidl_cli/command/generate
[4.118s] copying rosidl_cli/command/generate/api.py -> /home/runner/work/pixi_rosdistro/pixi_rosdistro/build/rosidl_cli/build/lib/rosidl_cli/command/generate
[4.118s] copying rosidl_cli/command/generate/extensions.py -> /home/runner/work/pixi_rosdistro/pixi_rosdistro/build/rosidl_cli/build/lib/rosidl_cli/command/generate
[4.118s] creating /home/runner/work/pixi_rosdistro/pixi_rosdistro/build/rosidl_cli/build/lib/rosidl_cli/command/translate
[4.118s] copying rosidl_cli/command/translate/__init__.py -> /home/runner/work/pixi_rosdistro/pixi_rosdistro/build/rosidl_cli/build/lib/rosidl_cli/command/translate
[4.118s] copying rosidl_cli/command/translate/api.py -> /home/runner/work/pixi_rosdistro/pixi_rosdistro/build/rosidl_cli/build/lib/rosidl_cli/command/translate
[4.118s] copying rosidl_cli/command/translate/extensions.py -> /home/runner/work/pixi_rosdistro/pixi_rosdistro/build/rosidl_cli/build/lib/rosidl_cli/command/translate
[4.121s] copying rosidl_cli/py.typed -> /home/runner/work/pixi_rosdistro/pixi_rosdistro/build/rosidl_cli/build/lib/rosidl_cli
[4.122s] running install
[4.129s] running install_lib
[4.140s] creating /home/runner/work/pixi_rosdistro/pixi_rosdistro/install/lib/python3.14/site-packages/rosidl_cli
[4.140s] copying /home/runner/work/pixi_rosdistro/pixi_rosdistro/build/rosidl_cli/build/lib/rosidl_cli/__init__.py -> /home/runner/work/pixi_rosdistro/pixi_rosdistro/install/lib/python3.14/site-packages/rosidl_cli
[4.141s] copying /home/runner/work/pixi_rosdistro/pixi_rosdistro/build/rosidl_cli/build/lib/rosidl_cli/cli.py -> /home/runner/work/pixi_rosdistro/pixi_rosdistro/install/lib/python3.14/site-packages/rosidl_cli
[4.141s] creating /home/runner/work/pixi_rosdistro/pixi_rosdistro/install/lib/python3.14/site-packages/rosidl_cli/command
[4.141s] copying /home/runner/work/pixi_rosdistro/pixi_rosdistro/build/rosidl_cli/build/lib/rosidl_cli/command/__init__.py -> /home/runner/work/pixi_rosdistro/pixi_rosdistro/install/lib/python3.14/site-packages/rosidl_cli/command
[4.141s] creating /home/runner/work/pixi_rosdistro/pixi_rosdistro/install/lib/python3.14/site-packages/rosidl_cli/command/hash
[4.142s] copying /home/runner/work/pixi_rosdistro/pixi_rosdistro/build/rosidl_cli/build/lib/rosidl_cli/command/hash/__init__.py -> /home/runner/work/pixi_rosdistro/pixi_rosdistro/install/lib/python3.14/site-packages/rosidl_cli/command/hash
[4.142s] copying /home/runner/work/pixi_rosdistro/pixi_rosdistro/build/rosidl_cli/build/lib/rosidl_cli/command/hash/api.py -> /home/runner/work/pixi_rosdistro/pixi_rosdistro/install/lib/python3.14/site-packages/rosidl_cli/command/hash
[4.142s] copying /home/runner/work/pixi_rosdistro/pixi_rosdistro/build/rosidl_cli/build/lib/rosidl_cli/command/hash/extensions.py -> /home/runner/work/pixi_rosdistro/pixi_rosdistro/install/lib/python3.14/site-packages/rosidl_cli/command/hash
[4.143s] creating /home/runner/work/pixi_rosdistro/pixi_rosdistro/install/lib/python3.14/site-packages/rosidl_cli/command/generate
[4.143s] copying /home/runner/work/pixi_rosdistro/pixi_rosdistro/build/rosidl_cli/build/lib/rosidl_cli/command/generate/__init__.py -> /home/runner/work/pixi_rosdistro/pixi_rosdistro/install/lib/python3.14/site-packages/rosidl_cli/command/generate
[4.143s] copying /home/runner/work/pixi_rosdistro/pixi_rosdistro/build/rosidl_cli/build/lib/rosidl_cli/command/generate/api.py -> /home/runner/work/pixi_rosdistro/pixi_rosdistro/install/lib/python3.14/site-packages/rosidl_cli/command/generate
[4.144s] copying /home/runner/work/pixi_rosdistro/pixi_rosdistro/build/rosidl_cli/build/lib/rosidl_cli/command/generate/extensions.py -> /home/runner/work/pixi_rosdistro/pixi_rosdistro/install/lib/python3.14/site-packages/rosidl_cli/command/generate
[4.144s] creating /home/runner/work/pixi_rosdistro/pixi_rosdistro/install/lib/python3.14/site-packages/rosidl_cli/command/translate
[4.144s] copying /home/runner/work/pixi_rosdistro/pixi_rosdistro/build/rosidl_cli/build/lib/rosidl_cli/command/translate/__init__.py -> /home/runner/work/pixi_rosdistro/pixi_rosdistro/install/lib/python3.14/site-packages/rosidl_cli/command/translate
[4.144s] copying /home/runner/work/pixi_rosdistro/pixi_rosdistro/build/rosidl_cli/build/lib/rosidl_cli/command/translate/api.py -> /home/runner/work/pixi_rosdistro/pixi_rosdistro/install/lib/python3.14/site-packages/rosidl_cli/command/translate
[4.145s] copying /home/runner/work/pixi_rosdistro/pixi_rosdistro/build/rosidl_cli/build/lib/rosidl_cli/command/translate/extensions.py -> /home/runner/work/pixi_rosdistro/pixi_rosdistro/install/lib/python3.14/site-packages/rosidl_cli/command/translate
[4.145s] copying /home/runner/work/pixi_rosdistro/pixi_rosdistro/build/rosidl_cli/build/lib/rosidl_cli/command/helpers.py -> /home/runner/work/pixi_rosdistro/pixi_rosdistro/install/lib/python3.14/site-packages/rosidl_cli/command
[4.145s] copying /home/runner/work/pixi_rosdistro/pixi_rosdistro/build/rosidl_cli/build/lib/rosidl_cli/py.typed -> /home/runner/work/pixi_rosdistro/pixi_rosdistro/install/lib/python3.14/site-packages/rosidl_cli
[4.146s] copying /home/runner/work/pixi_rosdistro/pixi_rosdistro/build/rosidl_cli/build/lib/rosidl_cli/entry_points.py -> /home/runner/work/pixi_rosdistro/pixi_rosdistro/install/lib/python3.14/site-packages/rosidl_cli
[4.148s] copying /home/runner/work/pixi_rosdistro/pixi_rosdistro/build/rosidl_cli/build/lib/rosidl_cli/extensions.py -> /home/runner/work/pixi_rosdistro/pixi_rosdistro/install/lib/python3.14/site-packages/rosidl_cli
[4.148s] copying /home/runner/work/pixi_rosdistro/pixi_rosdistro/build/rosidl_cli/build/lib/rosidl_cli/common.py -> /home/runner/work/pixi_rosdistro/pixi_rosdistro/install/lib/python3.14/site-packages/rosidl_cli
[4.148s] byte-compiling /home/runner/work/pixi_rosdistro/pixi_rosdistro/install/lib/python3.14/site-packages/rosidl_cli/__init__.py to __init__.cpython-314.pyc
[4.148s] byte-compiling /home/runner/work/pixi_rosdistro/pixi_rosdistro/install/lib/python3.14/site-packages/rosidl_cli/cli.py to cli.cpython-314.pyc
[4.149s] byte-compiling /home/runner/work/pixi_rosdistro/pixi_rosdistro/install/lib/python3.14/site-packages/rosidl_cli/command/__init__.py to __init__.cpython-314.pyc
[4.149s] byte-compiling /home/runner/work/pixi_rosdistro/pixi_rosdistro/install/lib/python3.14/site-packages/rosidl_cli/command/hash/__init__.py to __init__.cpython-314.pyc
[4.150s] byte-compiling /home/runner/work/pixi_rosdistro/pixi_rosdistro/install/lib/python3.14/site-packages/rosidl_cli/command/hash/api.py to api.cpython-314.pyc
[4.151s] byte-compiling /home/runner/work/pixi_rosdistro/pixi_rosdistro/install/lib/python3.14/site-packages/rosidl_cli/command/hash/extensions.py to extensions.cpython-314.pyc
[4.151s] byte-compiling /home/runner/work/pixi_rosdistro/pixi_rosdistro/install/lib/python3.14/site-packages/rosidl_cli/command/generate/__init__.py to __init__.cpython-314.pyc
[4.152s] byte-compiling /home/runner/work/pixi_rosdistro/pixi_rosdistro/install/lib/python3.14/site-packages/rosidl_cli/command/generate/api.py to api.cpython-314.pyc
[4.154s] byte-compiling /home/runner/work/pixi_rosdistro/pixi_rosdistro/install/lib/python3.14/site-packages/rosidl_cli/command/generate/extensions.py to extensions.cpython-314.pyc
[4.154s] byte-compiling /home/runner/work/pixi_rosdistro/pixi_rosdistro/install/lib/python3.14/site-packages/rosidl_cli/command/translate/__init__.py to __init__.cpython-314.pyc
[4.155s] byte-compiling /home/runner/work/pixi_rosdistro/pixi_rosdistro/install/lib/python3.14/site-packages/rosidl_cli/command/translate/api.py to api.cpython-314.pyc
[4.156s] byte-compiling /home/runner/work/pixi_rosdistro/pixi_rosdistro/install/lib/python3.14/site-packages/rosidl_cli/command/translate/extensions.py to extensions.cpython-314.pyc
[4.157s] byte-compiling /home/runner/work/pixi_rosdistro/pixi_rosdistro/install/lib/python3.14/site-packages/rosidl_cli/command/helpers.py to helpers.cpython-314.pyc
[4.160s] byte-compiling /home/runner/work/pixi_rosdistro/pixi_rosdistro/install/lib/python3.14/site-packages/rosidl_cli/entry_points.py to entry_points.cpython-314.pyc
[4.161s] byte-compiling /home/runner/work/pixi_rosdistro/pixi_rosdistro/install/lib/python3.14/site-packages/rosidl_cli/extensions.py to extensions.cpython-314.pyc
[4.162s] byte-compiling /home/runner/work/pixi_rosdistro/pixi_rosdistro/install/lib/python3.14/site-packages/rosidl_cli/common.py to common.cpython-314.pyc
[4.163s] running install_data
[4.163s] copying resource/rosidl_cli -> /home/runner/work/pixi_rosdistro/pixi_rosdistro/install/share/ament_index/resource_index/packages
[4.163s] copying package.xml -> /home/runner/work/pixi_rosdistro/pixi_rosdistro/install/share/rosidl_cli
[4.163s] copying resource/package.dsv -> /home/runner/work/pixi_rosdistro/pixi_rosdistro/install/share/rosidl_cli
[4.164s] creating /home/runner/work/pixi_rosdistro/pixi_rosdistro/install/share/rosidl_cli/environment
[4.165s] copying completion/rosidl-argcomplete.bash -> /home/runner/work/pixi_rosdistro/pixi_rosdistro/install/share/rosidl_cli/environment
[4.165s] copying completion/rosidl-argcomplete.zsh -> /home/runner/work/pixi_rosdistro/pixi_rosdistro/install/share/rosidl_cli/environment
[4.165s] running install_egg_info
[4.177s] Copying ../../../../build/rosidl_cli/rosidl_cli.egg-info to /home/runner/work/pixi_rosdistro/pixi_rosdistro/install/lib/python3.14/site-packages/rosidl_cli-5.1.3-py3.14.egg-info
[4.178s] running install_scripts
[4.240s] Installing rosidl script to /home/runner/work/pixi_rosdistro/pixi_rosdistro/install/bin
[4.240s] writing list of installed files to '/home/runner/work/pixi_rosdistro/pixi_rosdistro/build/rosidl_cli/install.log'
[4.281s] Invoked command in '/home/runner/work/pixi_rosdistro/pixi_rosdistro/src/ros2/rosidl/rosidl_cli' returned '0': AMENT_PREFIX_PATH=/home/runner/work/pixi_rosdistro/pixi_rosdistro/install CMAKE_PREFIX_PATH=/home/runner/work/pixi_rosdistro/pixi_rosdistro/install:${CMAKE_PREFIX_PATH} LD_LIBRARY_PATH=/home/runner/work/pixi_rosdistro/pixi_rosdistro/install/lib PATH=/home/runner/work/pixi_rosdistro/pixi_rosdistro/install/bin:/opt/microsoft/powershell/7:${PATH} PIXI_PROMPT=(ros2_rolling) PSModulePath=/home/runner/.local/share/powershell/Modules:${PSModulePath} PYTHONPATH=/home/runner/work/pixi_rosdistro/pixi_rosdistro/build/rosidl_cli/prefix_override:/home/runner/work/pixi_rosdistro/pixi_rosdistro/.pixi/envs/default/lib/python3.14/site-packages/colcon_core/task/python/colcon_distutils_commands:/home/runner/work/pixi_rosdistro/pixi_rosdistro/install/lib/python3.14/site-packages:/home/runner/work/pixi_rosdistro/pixi_rosdistro/install/lib/python3.14/site-packages ROS_DOMAIN_ID=11 /home/runner/work/pixi_rosdistro/pixi_rosdistro/.pixi/envs/default/bin/python3.14 -W ignore:setup.py install is deprecated -W ignore:easy_install command is deprecated setup.py egg_info --egg-base ../../../../build/rosidl_cli build --build-base /home/runner/work/pixi_rosdistro/pixi_rosdistro/build/rosidl_cli/build install --record /home/runner/work/pixi_rosdistro/pixi_rosdistro/build/rosidl_cli/install.log --single-version-externally-managed install_data
