[1.299s] Invoking command in '/home/runner/work/pixi_rosdistro/pixi_rosdistro/build/iceoryx_hoofs': PATH=/opt/microsoft/powershell/7:${PATH} PIXI_PROMPT=(ros2_rolling) PSModulePath=/home/runner/.local/share/powershell/Modules:${PSModulePath} ROS_DOMAIN_ID=75 /home/runner/work/pixi_rosdistro/pixi_rosdistro/.pixi/envs/default/bin/cmake /home/runner/work/pixi_rosdistro/pixi_rosdistro/src/eclipse-iceoryx/iceoryx/iceoryx_hoofs -GNinja --no-warn-unused-cli -DCMAKE_BUILD_TYPE=Release -DCMAKE_BUILD_WITH_INSTALL_RPATH:bool=TRUE -DCMAKE_POLICY_VERSION_MINIMUM=3.5 -Wno-deprecated -DSTACK_DETAILS_AUTO_DETECT:bool=FALSE -DSTACK_DETAILS_BFD:bool=FALSE -DTRACETOOLS_DISABLED=ON -DCMAKE_INSTALL_PREFIX=/home/runner/work/pixi_rosdistro/pixi_rosdistro/install
[1.377s] Not searching for unused variables given on the command line.
[1.377s] -- The C compiler identification is GNU 14.3.0
[1.475s] -- The CXX compiler identification is GNU 14.3.0
[1.490s] -- Detecting C compiler ABI info
[1.593s] -- Detecting C compiler ABI info - done
[1.633s] -- Check for working C compiler: /home/runner/work/pixi_rosdistro/pixi_rosdistro/.pixi/envs/default/bin/x86_64-conda-linux-gnu-cc - skipped
[1.633s] -- Detecting C compile features
[1.634s] -- Detecting C compile features - done
[1.657s] -- Detecting CXX compiler ABI info
[1.810s] -- Detecting CXX compiler ABI info - done
[1.848s] -- Check for working CXX compiler: /home/runner/work/pixi_rosdistro/pixi_rosdistro/.pixi/envs/default/bin/x86_64-conda-linux-gnu-c++ - skipped
[1.848s] -- Detecting CXX compile features
[1.853s] -- Detecting CXX compile features - done
[1.882s] -- Configuring done (0.6s)
[1.896s] -- Generating done (0.0s)
[1.898s] -- Build files have been written to: /home/runner/work/pixi_rosdistro/pixi_rosdistro/build/iceoryx_hoofs
[1.902s] Invoked command in '/home/runner/work/pixi_rosdistro/pixi_rosdistro/build/iceoryx_hoofs' returned '0': PATH=/opt/microsoft/powershell/7:${PATH} PIXI_PROMPT=(ros2_rolling) PSModulePath=/home/runner/.local/share/powershell/Modules:${PSModulePath} ROS_DOMAIN_ID=75 /home/runner/work/pixi_rosdistro/pixi_rosdistro/.pixi/envs/default/bin/cmake /home/runner/work/pixi_rosdistro/pixi_rosdistro/src/eclipse-iceoryx/iceoryx/iceoryx_hoofs -GNinja --no-warn-unused-cli -DCMAKE_BUILD_TYPE=Release -DCMAKE_BUILD_WITH_INSTALL_RPATH:bool=TRUE -DCMAKE_POLICY_VERSION_MINIMUM=3.5 -Wno-deprecated -DSTACK_DETAILS_AUTO_DETECT:bool=FALSE -DSTACK_DETAILS_BFD:bool=FALSE -DTRACETOOLS_DISABLED=ON -DCMAKE_INSTALL_PREFIX=/home/runner/work/pixi_rosdistro/pixi_rosdistro/install
[1.904s] Invoking command in '/home/runner/work/pixi_rosdistro/pixi_rosdistro/build/iceoryx_hoofs': PATH=/opt/microsoft/powershell/7:${PATH} PIXI_PROMPT=(ros2_rolling) PSModulePath=/home/runner/.local/share/powershell/Modules:${PSModulePath} ROS_DOMAIN_ID=75 /home/runner/work/pixi_rosdistro/pixi_rosdistro/.pixi/envs/default/bin/cmake --build /home/runner/work/pixi_rosdistro/pixi_rosdistro/build/iceoryx_hoofs -- -j4 -l4
[1.978s] [1/45] Building CXX object platform/CMakeFiles/iceoryx_platform.dir/linux/source/file.cpp.o
[2.054s] [2/45] Building CXX object platform/CMakeFiles/iceoryx_platform.dir/linux/source/fnctl.cpp.o
[2.108s] [3/45] Building CXX object platform/CMakeFiles/iceoryx_platform.dir/linux/source/grp.cpp.o
[2.185s] [4/45] Building CXX object platform/CMakeFiles/iceoryx_platform.dir/linux/source/mman.cpp.o
[2.253s] [5/45] Building CXX object platform/CMakeFiles/iceoryx_platform.dir/linux/source/mqueue.cpp.o
[2.343s] [6/45] Building CXX object platform/CMakeFiles/iceoryx_platform.dir/linux/source/socket.cpp.o
[2.415s] [7/45] Building CXX object platform/CMakeFiles/iceoryx_platform.dir/linux/source/unistd.cpp.o
[2.623s] [8/45] Building CXX object CMakeFiles/iceoryx_hoofs.dir/source/concurrent/active_object.cpp.o
[2.870s] [9/45] Building CXX object CMakeFiles/iceoryx_hoofs.dir/source/concurrent/loffli.cpp.o
[3.118s] [10/45] Building CXX object CMakeFiles/iceoryx_hoofs.dir/source/cxx/deadline_timer.cpp.o
[3.381s] [11/45] Building CXX object CMakeFiles/iceoryx_hoofs.dir/source/cxx/filesystem.cpp.o
[3.588s] [12/45] Building CXX object CMakeFiles/iceoryx_hoofs.dir/source/cxx/helplets.cpp.o
[3.801s] [13/45] Building CXX object CMakeFiles/iceoryx_hoofs.dir/source/cxx/requires.cpp.o
[3.986s] [14/45] Building CXX object CMakeFiles/iceoryx_hoofs.dir/source/cxx/generic_raii.cpp.o
[4.269s] [15/45] Building CXX object CMakeFiles/iceoryx_hoofs.dir/source/cxx/unique_id.cpp.o
[4.406s] [16/45] Building CXX object CMakeFiles/iceoryx_hoofs.dir/source/error_handling/error_handling.cpp.o
[4.627s] [17/45] Building CXX object CMakeFiles/iceoryx_hoofs.dir/source/file_reader/file_reader.cpp.o
[4.875s] [18/45] Building CXX object CMakeFiles/iceoryx_hoofs.dir/source/log/logcommon.cpp.o
[5.174s] [19/45] Building CXX object CMakeFiles/iceoryx_hoofs.dir/source/log/logger.cpp.o
[5.422s] [20/45] Building CXX object CMakeFiles/iceoryx_hoofs.dir/source/log/logging.cpp.o
[5.731s] [21/45] Building CXX object CMakeFiles/iceoryx_hoofs.dir/source/log/logging_internal.cpp.o
[5.996s] [22/45] Building CXX object CMakeFiles/iceoryx_hoofs.dir/source/log/logmanager.cpp.o
[6.270s] [23/45] Building CXX object CMakeFiles/iceoryx_hoofs.dir/source/log/logstream.cpp.o
[6.466s] [24/45] Building CXX object CMakeFiles/iceoryx_hoofs.dir/source/posix_wrapper/access_control.cpp.o
[6.680s] [25/45] Building CXX object CMakeFiles/iceoryx_hoofs.dir/source/posix_wrapper/mutex.cpp.o
[6.912s] [26/45] Building CXX object CMakeFiles/iceoryx_hoofs.dir/source/posix_wrapper/file_lock.cpp.o
[7.228s] [27/45] Building CXX object CMakeFiles/iceoryx_hoofs.dir/source/posix_wrapper/semaphore.cpp.o
[7.501s] [28/45] Building CXX object CMakeFiles/iceoryx_hoofs.dir/source/posix_wrapper/timer.cpp.o
[7.868s] [29/45] Building CXX object CMakeFiles/iceoryx_hoofs.dir/source/posix_wrapper/shared_memory_object.cpp.o
[8.139s] [30/45] Building CXX object CMakeFiles/iceoryx_hoofs.dir/source/posix_wrapper/signal_handler.cpp.o
[8.458s] [31/45] Building CXX object CMakeFiles/iceoryx_hoofs.dir/source/posix_wrapper/signal_watcher.cpp.o
[8.727s] [32/45] Building CXX object CMakeFiles/iceoryx_hoofs.dir/source/posix_wrapper/message_queue.cpp.o
[9.002s] [33/45] Building CXX object CMakeFiles/iceoryx_hoofs.dir/source/posix_wrapper/named_pipe.cpp.o
[9.271s] [34/45] Building CXX object CMakeFiles/iceoryx_hoofs.dir/source/posix_wrapper/unix_domain_socket.cpp.o
[9.506s] [35/45] Building CXX object CMakeFiles/iceoryx_hoofs.dir/source/posix_wrapper/shared_memory_object/allocator.cpp.o
[9.704s] [36/45] Building CXX object CMakeFiles/iceoryx_hoofs.dir/source/posix_wrapper/shared_memory_object/memory_map.cpp.o
[9.993s] [37/45] Building CXX object CMakeFiles/iceoryx_hoofs.dir/source/posix_wrapper/shared_memory_object/shared_memory.cpp.o
[10.288s] [38/45] Building CXX object CMakeFiles/iceoryx_hoofs.dir/source/posix_wrapper/system_configuration.cpp.o
[10.536s] [39/45] Building CXX object CMakeFiles/iceoryx_hoofs.dir/source/posix_wrapper/posix_access_rights.cpp.o
[10.742s] [40/45] Building CXX object CMakeFiles/iceoryx_hoofs.dir/source/posix_wrapper/thread.cpp.o
[11.010s] [41/45] Building CXX object CMakeFiles/iceoryx_hoofs.dir/source/units/duration.cpp.o
[11.234s] [42/45] Building CXX object CMakeFiles/iceoryx_hoofs.dir/source/relocatable_pointer/base_relative_pointer.cpp.o
[11.480s] [43/45] Building CXX object CMakeFiles/iceoryx_hoofs.dir/source/relocatable_pointer/relative_pointer_data.cpp.o
[11.508s] [44/45] Linking CXX shared library platform/libiceoryx_platform.so
[11.585s] [45/45] Linking CXX shared library libiceoryx_hoofs.so
[11.587s] Invoked command in '/home/runner/work/pixi_rosdistro/pixi_rosdistro/build/iceoryx_hoofs' returned '0': PATH=/opt/microsoft/powershell/7:${PATH} PIXI_PROMPT=(ros2_rolling) PSModulePath=/home/runner/.local/share/powershell/Modules:${PSModulePath} ROS_DOMAIN_ID=75 /home/runner/work/pixi_rosdistro/pixi_rosdistro/.pixi/envs/default/bin/cmake --build /home/runner/work/pixi_rosdistro/pixi_rosdistro/build/iceoryx_hoofs -- -j4 -l4
[11.588s] Invoking command in '/home/runner/work/pixi_rosdistro/pixi_rosdistro/build/iceoryx_hoofs': PATH=/opt/microsoft/powershell/7:${PATH} PIXI_PROMPT=(ros2_rolling) PSModulePath=/home/runner/.local/share/powershell/Modules:${PSModulePath} ROS_DOMAIN_ID=75 /home/runner/work/pixi_rosdistro/pixi_rosdistro/.pixi/envs/default/bin/cmake --install /home/runner/work/pixi_rosdistro/pixi_rosdistro/build/iceoryx_hoofs
[11.596s] -- Install configuration: "Release"
[11.597s] -- Installing: /home/runner/work/pixi_rosdistro/pixi_rosdistro/install/include/iceoryx/v2.0.6
[11.597s] -- Installing: /home/runner/work/pixi_rosdistro/pixi_rosdistro/install/include/iceoryx/v2.0.6/iceoryx_hoofs
[11.598s] -- Installing: /home/runner/work/pixi_rosdistro/pixi_rosdistro/install/include/iceoryx/v2.0.6/iceoryx_hoofs/platform
[11.600s] -- Installing: /home/runner/work/pixi_rosdistro/pixi_rosdistro/install/include/iceoryx/v2.0.6/iceoryx_hoofs/platform/un.hpp
[11.600s] -- Installing: /home/runner/work/pixi_rosdistro/pixi_rosdistro/install/include/iceoryx/v2.0.6/iceoryx_hoofs/platform/wait.hpp
[11.600s] -- Installing: /home/runner/work/pixi_rosdistro/pixi_rosdistro/install/include/iceoryx/v2.0.6/iceoryx_hoofs/platform/stat.hpp
[11.600s] -- Installing: /home/runner/work/pixi_rosdistro/pixi_rosdistro/install/include/iceoryx/v2.0.6/iceoryx_hoofs/platform/fcntl.hpp
[11.600s] -- Installing: /home/runner/work/pixi_rosdistro/pixi_rosdistro/install/include/iceoryx/v2.0.6/iceoryx_hoofs/platform/time.hpp
[11.600s] -- Installing: /home/runner/work/pixi_rosdistro/pixi_rosdistro/install/include/iceoryx/v2.0.6/iceoryx_hoofs/platform/socket.hpp
[11.600s] -- Installing: /home/runner/work/pixi_rosdistro/pixi_rosdistro/install/include/iceoryx/v2.0.6/iceoryx_hoofs/platform/getopt.hpp
[11.600s] -- Installing: /home/runner/work/pixi_rosdistro/pixi_rosdistro/install/include/iceoryx/v2.0.6/iceoryx_hoofs/platform/inet.hpp
[11.601s] -- Installing: /home/runner/work/pixi_rosdistro/pixi_rosdistro/install/include/iceoryx/v2.0.6/iceoryx_hoofs/platform/file.hpp
[11.601s] -- Installing: /home/runner/work/pixi_rosdistro/pixi_rosdistro/install/include/iceoryx/v2.0.6/iceoryx_hoofs/platform/resource.hpp
[11.602s] -- Installing: /home/runner/work/pixi_rosdistro/pixi_rosdistro/install/include/iceoryx/v2.0.6/iceoryx_hoofs/platform/semaphore.hpp
[11.605s] -- Installing: /home/runner/work/pixi_rosdistro/pixi_rosdistro/install/include/iceoryx/v2.0.6/iceoryx_hoofs/platform/grp.hpp
[11.605s] -- Installing: /home/runner/work/pixi_rosdistro/pixi_rosdistro/install/include/iceoryx/v2.0.6/iceoryx_hoofs/platform/types.hpp
[11.605s] -- Installing: /home/runner/work/pixi_rosdistro/pixi_rosdistro/install/include/iceoryx/v2.0.6/iceoryx_hoofs/platform/dlfcn.hpp
[11.605s] -- Installing: /home/runner/work/pixi_rosdistro/pixi_rosdistro/install/include/iceoryx/v2.0.6/iceoryx_hoofs/platform/errno.hpp
[11.605s] -- Installing: /home/runner/work/pixi_rosdistro/pixi_rosdistro/install/include/iceoryx/v2.0.6/iceoryx_hoofs/platform/acl.hpp
[11.605s] -- Installing: /home/runner/work/pixi_rosdistro/pixi_rosdistro/install/include/iceoryx/v2.0.6/iceoryx_hoofs/platform/pthread.hpp
[11.605s] -- Installing: /home/runner/work/pixi_rosdistro/pixi_rosdistro/install/include/iceoryx/v2.0.6/iceoryx_hoofs/platform/platform_settings.hpp
[11.605s] -- Installing: /home/runner/work/pixi_rosdistro/pixi_rosdistro/install/include/iceoryx/v2.0.6/iceoryx_hoofs/platform/signal.hpp
[11.605s] -- Installing: /home/runner/work/pixi_rosdistro/pixi_rosdistro/install/include/iceoryx/v2.0.6/iceoryx_hoofs/platform/platform_correction.hpp
[11.606s] -- Installing: /home/runner/work/pixi_rosdistro/pixi_rosdistro/install/include/iceoryx/v2.0.6/iceoryx_hoofs/platform/mman.hpp
[11.606s] -- Installing: /home/runner/work/pixi_rosdistro/pixi_rosdistro/install/include/iceoryx/v2.0.6/iceoryx_hoofs/platform/pwd.hpp
[11.606s] -- Installing: /home/runner/work/pixi_rosdistro/pixi_rosdistro/install/include/iceoryx/v2.0.6/iceoryx_hoofs/platform/unistd.hpp
[11.606s] -- Installing: /home/runner/work/pixi_rosdistro/pixi_rosdistro/install/include/iceoryx/v2.0.6/iceoryx_hoofs/platform/mqueue.hpp
[11.606s] -- Installing: /home/runner/work/pixi_rosdistro/pixi_rosdistro/install/lib/libiceoryx_hoofs.so
[11.607s] -- Installing: /home/runner/work/pixi_rosdistro/pixi_rosdistro/install/lib/libiceoryx_platform.so
[11.608s] -- Up-to-date: /home/runner/work/pixi_rosdistro/pixi_rosdistro/install/include/iceoryx/v2.0.6
[11.608s] -- Up-to-date: /home/runner/work/pixi_rosdistro/pixi_rosdistro/install/include/iceoryx/v2.0.6/iceoryx_hoofs
[11.608s] -- Installing: /home/runner/work/pixi_rosdistro/pixi_rosdistro/install/include/iceoryx/v2.0.6/iceoryx_hoofs/cxx
[11.609s] -- Installing: /home/runner/work/pixi_rosdistro/pixi_rosdistro/install/include/iceoryx/v2.0.6/iceoryx_hoofs/cxx/type_traits.hpp
[11.609s] -- Installing: /home/runner/work/pixi_rosdistro/pixi_rosdistro/install/include/iceoryx/v2.0.6/iceoryx_hoofs/cxx/optional.hpp
[11.610s] -- Installing: /home/runner/work/pixi_rosdistro/pixi_rosdistro/install/include/iceoryx/v2.0.6/iceoryx_hoofs/cxx/helplets.hpp
[11.613s] -- Installing: /home/runner/work/pixi_rosdistro/pixi_rosdistro/install/include/iceoryx/v2.0.6/iceoryx_hoofs/cxx/scoped_static.hpp
[11.613s] -- Installing: /home/runner/work/pixi_rosdistro/pixi_rosdistro/install/include/iceoryx/v2.0.6/iceoryx_hoofs/cxx/list.hpp
[11.613s] -- Installing: /home/runner/work/pixi_rosdistro/pixi_rosdistro/install/include/iceoryx/v2.0.6/iceoryx_hoofs/cxx/variant_queue.hpp
[11.613s] -- Installing: /home/runner/work/pixi_rosdistro/pixi_rosdistro/install/include/iceoryx/v2.0.6/iceoryx_hoofs/cxx/vector.hpp
[11.613s] -- Installing: /home/runner/work/pixi_rosdistro/pixi_rosdistro/install/include/iceoryx/v2.0.6/iceoryx_hoofs/cxx/attributes.hpp
[11.613s] -- Installing: /home/runner/work/pixi_rosdistro/pixi_rosdistro/install/include/iceoryx/v2.0.6/iceoryx_hoofs/cxx/newtype.hpp
[11.613s] -- Installing: /home/runner/work/pixi_rosdistro/pixi_rosdistro/install/include/iceoryx/v2.0.6/iceoryx_hoofs/cxx/variant.hpp
[11.613s] -- Installing: /home/runner/work/pixi_rosdistro/pixi_rosdistro/install/include/iceoryx/v2.0.6/iceoryx_hoofs/cxx/unique_ptr.hpp
[11.613s] -- Installing: /home/runner/work/pixi_rosdistro/pixi_rosdistro/install/include/iceoryx/v2.0.6/iceoryx_hoofs/cxx/generic_raii.hpp
[11.613s] -- Installing: /home/runner/work/pixi_rosdistro/pixi_rosdistro/install/include/iceoryx/v2.0.6/iceoryx_hoofs/cxx/.clang-tidy
[11.614s] -- Installing: /home/runner/work/pixi_rosdistro/pixi_rosdistro/install/include/iceoryx/v2.0.6/iceoryx_hoofs/cxx/types.hpp
[11.614s] -- Installing: /home/runner/work/pixi_rosdistro/pixi_rosdistro/install/include/iceoryx/v2.0.6/iceoryx_hoofs/cxx/algorithm.hpp
[11.614s] -- Installing: /home/runner/work/pixi_rosdistro/pixi_rosdistro/install/include/iceoryx/v2.0.6/iceoryx_hoofs/cxx/poor_mans_heap.hpp
[11.614s] -- Installing: /home/runner/work/pixi_rosdistro/pixi_rosdistro/install/include/iceoryx/v2.0.6/iceoryx_hoofs/cxx/deadline_timer.hpp
[11.615s] -- Installing: /home/runner/work/pixi_rosdistro/pixi_rosdistro/install/include/iceoryx/v2.0.6/iceoryx_hoofs/cxx/function.hpp
[11.615s] -- Installing: /home/runner/work/pixi_rosdistro/pixi_rosdistro/install/include/iceoryx/v2.0.6/iceoryx_hoofs/cxx/expected.hpp
[11.616s] -- Installing: /home/runner/work/pixi_rosdistro/pixi_rosdistro/install/include/iceoryx/v2.0.6/iceoryx_hoofs/cxx/serialization.hpp
[11.616s] -- Installing: /home/runner/work/pixi_rosdistro/pixi_rosdistro/install/include/iceoryx/v2.0.6/iceoryx_hoofs/cxx/convert.hpp
[11.617s] -- Installing: /home/runner/work/pixi_rosdistro/pixi_rosdistro/install/include/iceoryx/v2.0.6/iceoryx_hoofs/cxx/requires.hpp
[11.617s] -- Installing: /home/runner/work/pixi_rosdistro/pixi_rosdistro/install/include/iceoryx/v2.0.6/iceoryx_hoofs/cxx/stack.hpp
[11.618s] -- Installing: /home/runner/work/pixi_rosdistro/pixi_rosdistro/install/include/iceoryx/v2.0.6/iceoryx_hoofs/cxx/method_callback.hpp
[11.618s] -- Installing: /home/runner/work/pixi_rosdistro/pixi_rosdistro/install/include/iceoryx/v2.0.6/iceoryx_hoofs/cxx/forward_list.hpp
[11.622s] -- Installing: /home/runner/work/pixi_rosdistro/pixi_rosdistro/install/include/iceoryx/v2.0.6/iceoryx_hoofs/cxx/string.hpp
[11.622s] -- Installing: /home/runner/work/pixi_rosdistro/pixi_rosdistro/install/include/iceoryx/v2.0.6/iceoryx_hoofs/cxx/functional_interface.hpp
[11.622s] -- Installing: /home/runner/work/pixi_rosdistro/pixi_rosdistro/install/include/iceoryx/v2.0.6/iceoryx_hoofs/cxx/filesystem.hpp
[11.622s] -- Installing: /home/runner/work/pixi_rosdistro/pixi_rosdistro/install/include/iceoryx/v2.0.6/iceoryx_hoofs/cxx/function_ref.hpp
[11.622s] -- Installing: /home/runner/work/pixi_rosdistro/pixi_rosdistro/install/include/iceoryx/v2.0.6/iceoryx_hoofs/log
[11.622s] -- Installing: /home/runner/work/pixi_rosdistro/pixi_rosdistro/install/include/iceoryx/v2.0.6/iceoryx_hoofs/log/logstream.hpp
[11.622s] -- Installing: /home/runner/work/pixi_rosdistro/pixi_rosdistro/install/include/iceoryx/v2.0.6/iceoryx_hoofs/log/logger.hpp
[11.622s] -- Installing: /home/runner/work/pixi_rosdistro/pixi_rosdistro/install/include/iceoryx/v2.0.6/iceoryx_hoofs/log/logging.hpp
[11.622s] -- Installing: /home/runner/work/pixi_rosdistro/pixi_rosdistro/install/include/iceoryx/v2.0.6/iceoryx_hoofs/log/logcommon.hpp
[11.622s] -- Installing: /home/runner/work/pixi_rosdistro/pixi_rosdistro/install/include/iceoryx/v2.0.6/iceoryx_hoofs/log/logmanager.hpp
[11.623s] -- Installing: /home/runner/work/pixi_rosdistro/pixi_rosdistro/install/include/iceoryx/v2.0.6/iceoryx_hoofs/log/logging_free_function_building_block.hpp
[11.623s] -- Installing: /home/runner/work/pixi_rosdistro/pixi_rosdistro/install/include/iceoryx/v2.0.6/iceoryx_hoofs/design_pattern
[11.623s] -- Installing: /home/runner/work/pixi_rosdistro/pixi_rosdistro/install/include/iceoryx/v2.0.6/iceoryx_hoofs/design_pattern/creation.hpp
[11.623s] -- Installing: /home/runner/work/pixi_rosdistro/pixi_rosdistro/install/include/iceoryx/v2.0.6/iceoryx_hoofs/internal
[11.623s] -- Installing: /home/runner/work/pixi_rosdistro/pixi_rosdistro/install/include/iceoryx/v2.0.6/iceoryx_hoofs/internal/cxx
[11.623s] -- Installing: /home/runner/work/pixi_rosdistro/pixi_rosdistro/install/include/iceoryx/v2.0.6/iceoryx_hoofs/internal/cxx/list.inl
[11.624s] -- Installing: /home/runner/work/pixi_rosdistro/pixi_rosdistro/install/include/iceoryx/v2.0.6/iceoryx_hoofs/internal/cxx/function_ref.inl
[11.624s] -- Installing: /home/runner/work/pixi_rosdistro/pixi_rosdistro/install/include/iceoryx/v2.0.6/iceoryx_hoofs/internal/cxx/static_storage.hpp
[11.625s] -- Installing: /home/runner/work/pixi_rosdistro/pixi_rosdistro/install/include/iceoryx/v2.0.6/iceoryx_hoofs/internal/cxx/forward_list.inl
[11.625s] -- Installing: /home/runner/work/pixi_rosdistro/pixi_rosdistro/install/include/iceoryx/v2.0.6/iceoryx_hoofs/internal/cxx/reference_counter.inl
[11.625s] -- Installing: /home/runner/work/pixi_rosdistro/pixi_rosdistro/install/include/iceoryx/v2.0.6/iceoryx_hoofs/internal/cxx/newtype.inl
[11.626s] -- Installing: /home/runner/work/pixi_rosdistro/pixi_rosdistro/install/include/iceoryx/v2.0.6/iceoryx_hoofs/internal/cxx/method_callback.inl
[11.626s] -- Installing: /home/runner/work/pixi_rosdistro/pixi_rosdistro/install/include/iceoryx/v2.0.6/iceoryx_hoofs/internal/cxx/scoped_static.inl
[11.627s] -- Installing: /home/runner/work/pixi_rosdistro/pixi_rosdistro/install/include/iceoryx/v2.0.6/iceoryx_hoofs/internal/cxx/storable_function.hpp
[11.627s] -- Installing: /home/runner/work/pixi_rosdistro/pixi_rosdistro/install/include/iceoryx/v2.0.6/iceoryx_hoofs/internal/cxx/convert.inl
[11.628s] -- Installing: /home/runner/work/pixi_rosdistro/pixi_rosdistro/install/include/iceoryx/v2.0.6/iceoryx_hoofs/internal/cxx/newtype
[11.628s] -- Installing: /home/runner/work/pixi_rosdistro/pixi_rosdistro/install/include/iceoryx/v2.0.6/iceoryx_hoofs/internal/cxx/newtype/protected_constructor.hpp
[11.629s] -- Installing: /home/runner/work/pixi_rosdistro/pixi_rosdistro/install/include/iceoryx/v2.0.6/iceoryx_hoofs/internal/cxx/newtype/constructor.hpp
[11.629s] -- Installing: /home/runner/work/pixi_rosdistro/pixi_rosdistro/install/include/iceoryx/v2.0.6/iceoryx_hoofs/internal/cxx/newtype/internal.hpp
[11.632s] -- Installing: /home/runner/work/pixi_rosdistro/pixi_rosdistro/install/include/iceoryx/v2.0.6/iceoryx_hoofs/internal/cxx/newtype/comparable.hpp
[11.632s] -- Installing: /home/runner/work/pixi_rosdistro/pixi_rosdistro/install/include/iceoryx/v2.0.6/iceoryx_hoofs/internal/cxx/newtype/assignment.hpp
[11.632s] -- Installing: /home/runner/work/pixi_rosdistro/pixi_rosdistro/install/include/iceoryx/v2.0.6/iceoryx_hoofs/internal/cxx/newtype/sortable.hpp
[11.632s] -- Installing: /home/runner/work/pixi_rosdistro/pixi_rosdistro/install/include/iceoryx/v2.0.6/iceoryx_hoofs/internal/cxx/newtype/convertable.hpp
[11.632s] -- Installing: /home/runner/work/pixi_rosdistro/pixi_rosdistro/install/include/iceoryx/v2.0.6/iceoryx_hoofs/internal/cxx/.clang-tidy
[11.632s] -- Installing: /home/runner/work/pixi_rosdistro/pixi_rosdistro/install/include/iceoryx/v2.0.6/iceoryx_hoofs/internal/cxx/reference_counter.hpp
[11.632s] -- Installing: /home/runner/work/pixi_rosdistro/pixi_rosdistro/install/include/iceoryx/v2.0.6/iceoryx_hoofs/internal/cxx/unique_ptr.inl
[11.632s] -- Installing: /home/runner/work/pixi_rosdistro/pixi_rosdistro/install/include/iceoryx/v2.0.6/iceoryx_hoofs/internal/cxx/unique_id.hpp
[11.633s] -- Installing: /home/runner/work/pixi_rosdistro/pixi_rosdistro/install/include/iceoryx/v2.0.6/iceoryx_hoofs/internal/cxx/variant.inl
[11.633s] -- Installing: /home/runner/work/pixi_rosdistro/pixi_rosdistro/install/include/iceoryx/v2.0.6/iceoryx_hoofs/internal/cxx/functional_interface.inl
[11.633s] -- Installing: /home/runner/work/pixi_rosdistro/pixi_rosdistro/install/include/iceoryx/v2.0.6/iceoryx_hoofs/internal/cxx/optional.inl
[11.634s] -- Installing: /home/runner/work/pixi_rosdistro/pixi_rosdistro/install/include/iceoryx/v2.0.6/iceoryx_hoofs/internal/cxx/set.hpp
[11.634s] -- Installing: /home/runner/work/pixi_rosdistro/pixi_rosdistro/install/include/iceoryx/v2.0.6/iceoryx_hoofs/internal/cxx/poor_mans_heap.inl
[11.635s] -- Installing: /home/runner/work/pixi_rosdistro/pixi_rosdistro/install/include/iceoryx/v2.0.6/iceoryx_hoofs/internal/cxx/storable_function.inl
[11.635s] -- Installing: /home/runner/work/pixi_rosdistro/pixi_rosdistro/install/include/iceoryx/v2.0.6/iceoryx_hoofs/internal/cxx/static_storage.inl
[11.636s] -- Installing: /home/runner/work/pixi_rosdistro/pixi_rosdistro/install/include/iceoryx/v2.0.6/iceoryx_hoofs/internal/cxx/variant_internal.hpp
[11.636s] -- Installing: /home/runner/work/pixi_rosdistro/pixi_rosdistro/install/include/iceoryx/v2.0.6/iceoryx_hoofs/internal/cxx/string_internal.hpp
[11.637s] -- Installing: /home/runner/work/pixi_rosdistro/pixi_rosdistro/install/include/iceoryx/v2.0.6/iceoryx_hoofs/internal/cxx/helplets.inl
[11.637s] -- Installing: /home/runner/work/pixi_rosdistro/pixi_rosdistro/install/include/iceoryx/v2.0.6/iceoryx_hoofs/internal/cxx/algorithm.inl
[11.638s] -- Installing: /home/runner/work/pixi_rosdistro/pixi_rosdistro/install/include/iceoryx/v2.0.6/iceoryx_hoofs/internal/cxx/pair.hpp
[11.638s] -- Installing: /home/runner/work/pixi_rosdistro/pixi_rosdistro/install/include/iceoryx/v2.0.6/iceoryx_hoofs/internal/cxx/expected.inl
[11.641s] -- Installing: /home/runner/work/pixi_rosdistro/pixi_rosdistro/install/include/iceoryx/v2.0.6/iceoryx_hoofs/internal/cxx/string.inl
[11.641s] -- Installing: /home/runner/work/pixi_rosdistro/pixi_rosdistro/install/include/iceoryx/v2.0.6/iceoryx_hoofs/internal/cxx/stack.inl
[11.641s] -- Installing: /home/runner/work/pixi_rosdistro/pixi_rosdistro/install/include/iceoryx/v2.0.6/iceoryx_hoofs/internal/cxx/serialization.inl
[11.641s] -- Installing: /home/runner/work/pixi_rosdistro/pixi_rosdistro/install/include/iceoryx/v2.0.6/iceoryx_hoofs/internal/cxx/variant_queue.inl
[11.641s] -- Installing: /home/runner/work/pixi_rosdistro/pixi_rosdistro/install/include/iceoryx/v2.0.6/iceoryx_hoofs/internal/cxx/vector.inl
[11.641s] -- Installing: /home/runner/work/pixi_rosdistro/pixi_rosdistro/install/include/iceoryx/v2.0.6/iceoryx_hoofs/internal/design_pattern
[11.641s] -- Installing: /home/runner/work/pixi_rosdistro/pixi_rosdistro/install/include/iceoryx/v2.0.6/iceoryx_hoofs/internal/design_pattern/creation.inl
[11.641s] -- Installing: /home/runner/work/pixi_rosdistro/pixi_rosdistro/install/include/iceoryx/v2.0.6/iceoryx_hoofs/internal/concurrent
[11.642s] -- Installing: /home/runner/work/pixi_rosdistro/pixi_rosdistro/install/include/iceoryx/v2.0.6/iceoryx_hoofs/internal/concurrent/periodic_task.inl
[11.642s] -- Installing: /home/runner/work/pixi_rosdistro/pixi_rosdistro/install/include/iceoryx/v2.0.6/iceoryx_hoofs/internal/concurrent/trigger_queue.inl
[11.642s] -- Installing: /home/runner/work/pixi_rosdistro/pixi_rosdistro/install/include/iceoryx/v2.0.6/iceoryx_hoofs/internal/concurrent/smart_lock.inl
[11.643s] -- Installing: /home/runner/work/pixi_rosdistro/pixi_rosdistro/install/include/iceoryx/v2.0.6/iceoryx_hoofs/internal/concurrent/sofi.hpp
[11.643s] -- Installing: /home/runner/work/pixi_rosdistro/pixi_rosdistro/install/include/iceoryx/v2.0.6/iceoryx_hoofs/internal/concurrent/loffli.hpp
[11.643s] -- Installing: /home/runner/work/pixi_rosdistro/pixi_rosdistro/install/include/iceoryx/v2.0.6/iceoryx_hoofs/internal/concurrent/taco.hpp
[11.644s] -- Installing: /home/runner/work/pixi_rosdistro/pixi_rosdistro/install/include/iceoryx/v2.0.6/iceoryx_hoofs/internal/concurrent/lockfree_queue
[11.644s] -- Installing: /home/runner/work/pixi_rosdistro/pixi_rosdistro/install/include/iceoryx/v2.0.6/iceoryx_hoofs/internal/concurrent/lockfree_queue/lockfree_queue.inl
[11.644s] -- Installing: /home/runner/work/pixi_rosdistro/pixi_rosdistro/install/include/iceoryx/v2.0.6/iceoryx_hoofs/internal/concurrent/lockfree_queue/buffer.inl
[11.645s] -- Installing: /home/runner/work/pixi_rosdistro/pixi_rosdistro/install/include/iceoryx/v2.0.6/iceoryx_hoofs/internal/concurrent/lockfree_queue/cyclic_index.inl
[11.645s] -- Installing: /home/runner/work/pixi_rosdistro/pixi_rosdistro/install/include/iceoryx/v2.0.6/iceoryx_hoofs/internal/concurrent/lockfree_queue/index_queue.hpp
[11.646s] -- Installing: /home/runner/work/pixi_rosdistro/pixi_rosdistro/install/include/iceoryx/v2.0.6/iceoryx_hoofs/internal/concurrent/lockfree_queue/buffer.hpp
[11.646s] -- Installing: /home/runner/work/pixi_rosdistro/pixi_rosdistro/install/include/iceoryx/v2.0.6/iceoryx_hoofs/internal/concurrent/lockfree_queue/resizeable_lockfree_queue.inl
[11.647s] -- Installing: /home/runner/work/pixi_rosdistro/pixi_rosdistro/install/include/iceoryx/v2.0.6/iceoryx_hoofs/internal/concurrent/lockfree_queue/index_queue.inl
[11.647s] -- Installing: /home/runner/work/pixi_rosdistro/pixi_rosdistro/install/include/iceoryx/v2.0.6/iceoryx_hoofs/internal/concurrent/lockfree_queue/cyclic_index.hpp
[11.648s] -- Installing: /home/runner/work/pixi_rosdistro/pixi_rosdistro/install/include/iceoryx/v2.0.6/iceoryx_hoofs/internal/concurrent/trigger_queue.hpp
[11.648s] -- Installing: /home/runner/work/pixi_rosdistro/pixi_rosdistro/install/include/iceoryx/v2.0.6/iceoryx_hoofs/internal/concurrent/active_object.hpp
[11.651s] -- Installing: /home/runner/work/pixi_rosdistro/pixi_rosdistro/install/include/iceoryx/v2.0.6/iceoryx_hoofs/internal/concurrent/fifo.inl
[11.651s] -- Installing: /home/runner/work/pixi_rosdistro/pixi_rosdistro/install/include/iceoryx/v2.0.6/iceoryx_hoofs/internal/concurrent/fifo.hpp
[11.651s] -- Installing: /home/runner/work/pixi_rosdistro/pixi_rosdistro/install/include/iceoryx/v2.0.6/iceoryx_hoofs/internal/concurrent/periodic_task.hpp
[11.651s] -- Installing: /home/runner/work/pixi_rosdistro/pixi_rosdistro/install/include/iceoryx/v2.0.6/iceoryx_hoofs/internal/concurrent/loffli.inl
[11.651s] -- Installing: /home/runner/work/pixi_rosdistro/pixi_rosdistro/install/include/iceoryx/v2.0.6/iceoryx_hoofs/internal/concurrent/sofi.inl
[11.651s] -- Installing: /home/runner/work/pixi_rosdistro/pixi_rosdistro/install/include/iceoryx/v2.0.6/iceoryx_hoofs/internal/concurrent/smart_lock.hpp
[11.651s] -- Installing: /home/runner/work/pixi_rosdistro/pixi_rosdistro/install/include/iceoryx/v2.0.6/iceoryx_hoofs/internal/posix_wrapper
[11.651s] -- Installing: /home/runner/work/pixi_rosdistro/pixi_rosdistro/install/include/iceoryx/v2.0.6/iceoryx_hoofs/internal/posix_wrapper/mutex.hpp
[11.652s] -- Installing: /home/runner/work/pixi_rosdistro/pixi_rosdistro/install/include/iceoryx/v2.0.6/iceoryx_hoofs/internal/posix_wrapper/posix_call.inl
[11.652s] -- Installing: /home/runner/work/pixi_rosdistro/pixi_rosdistro/install/include/iceoryx/v2.0.6/iceoryx_hoofs/internal/posix_wrapper/shared_memory_object
[11.652s] -- Installing: /home/runner/work/pixi_rosdistro/pixi_rosdistro/install/include/iceoryx/v2.0.6/iceoryx_hoofs/internal/posix_wrapper/shared_memory_object/shared_memory.hpp
[11.652s] -- Installing: /home/runner/work/pixi_rosdistro/pixi_rosdistro/install/include/iceoryx/v2.0.6/iceoryx_hoofs/internal/posix_wrapper/shared_memory_object/memory_map.hpp
[11.653s] -- Installing: /home/runner/work/pixi_rosdistro/pixi_rosdistro/install/include/iceoryx/v2.0.6/iceoryx_hoofs/internal/posix_wrapper/shared_memory_object/allocator.hpp
[11.653s] -- Installing: /home/runner/work/pixi_rosdistro/pixi_rosdistro/install/include/iceoryx/v2.0.6/iceoryx_hoofs/internal/posix_wrapper/shared_memory_object.hpp
[11.654s] -- Installing: /home/runner/work/pixi_rosdistro/pixi_rosdistro/install/include/iceoryx/v2.0.6/iceoryx_hoofs/internal/posix_wrapper/message_queue.hpp
[11.654s] -- Installing: /home/runner/work/pixi_rosdistro/pixi_rosdistro/install/include/iceoryx/v2.0.6/iceoryx_hoofs/internal/posix_wrapper/ipc_channel.hpp
[11.655s] -- Installing: /home/runner/work/pixi_rosdistro/pixi_rosdistro/install/include/iceoryx/v2.0.6/iceoryx_hoofs/internal/posix_wrapper/system_configuration.hpp
[11.655s] -- Installing: /home/runner/work/pixi_rosdistro/pixi_rosdistro/install/include/iceoryx/v2.0.6/iceoryx_hoofs/internal/posix_wrapper/access_control.hpp
[11.656s] -- Installing: /home/runner/work/pixi_rosdistro/pixi_rosdistro/install/include/iceoryx/v2.0.6/iceoryx_hoofs/internal/posix_wrapper/unix_domain_socket.hpp
[11.656s] -- Installing: /home/runner/work/pixi_rosdistro/pixi_rosdistro/install/include/iceoryx/v2.0.6/iceoryx_hoofs/internal/graphs
[11.657s] -- Installing: /home/runner/work/pixi_rosdistro/pixi_rosdistro/install/include/iceoryx/v2.0.6/iceoryx_hoofs/internal/graphs/directed_graph.hpp
[11.657s] -- Installing: /home/runner/work/pixi_rosdistro/pixi_rosdistro/install/include/iceoryx/v2.0.6/iceoryx_hoofs/internal/graphs/directed_acyclic_graph.hpp
[11.657s] -- Installing: /home/runner/work/pixi_rosdistro/pixi_rosdistro/install/include/iceoryx/v2.0.6/iceoryx_hoofs/internal/units
[11.658s] -- Installing: /home/runner/work/pixi_rosdistro/pixi_rosdistro/install/include/iceoryx/v2.0.6/iceoryx_hoofs/internal/units/duration.hpp
[11.658s] -- Installing: /home/runner/work/pixi_rosdistro/pixi_rosdistro/install/include/iceoryx/v2.0.6/iceoryx_hoofs/internal/units/duration.inl
[11.659s] -- Installing: /home/runner/work/pixi_rosdistro/pixi_rosdistro/install/include/iceoryx/v2.0.6/iceoryx_hoofs/internal/objectpool
[11.661s] -- Installing: /home/runner/work/pixi_rosdistro/pixi_rosdistro/install/include/iceoryx/v2.0.6/iceoryx_hoofs/internal/objectpool/objectpool.hpp
[11.661s] -- Installing: /home/runner/work/pixi_rosdistro/pixi_rosdistro/install/include/iceoryx/v2.0.6/iceoryx_hoofs/internal/relocatable_pointer
[11.661s] -- Installing: /home/runner/work/pixi_rosdistro/pixi_rosdistro/install/include/iceoryx/v2.0.6/iceoryx_hoofs/internal/relocatable_pointer/relocatable_ptr.hpp
[11.661s] -- Installing: /home/runner/work/pixi_rosdistro/pixi_rosdistro/install/include/iceoryx/v2.0.6/iceoryx_hoofs/internal/relocatable_pointer/relocatable_ptr.inl
[11.661s] -- Installing: /home/runner/work/pixi_rosdistro/pixi_rosdistro/install/include/iceoryx/v2.0.6/iceoryx_hoofs/internal/relocatable_pointer/pointer_repository.hpp
[11.661s] -- Installing: /home/runner/work/pixi_rosdistro/pixi_rosdistro/install/include/iceoryx/v2.0.6/iceoryx_hoofs/internal/relocatable_pointer/relative_pointer.hpp
[11.661s] -- Installing: /home/runner/work/pixi_rosdistro/pixi_rosdistro/install/include/iceoryx/v2.0.6/iceoryx_hoofs/internal/relocatable_pointer/relative_pointer_data.hpp
[11.661s] -- Installing: /home/runner/work/pixi_rosdistro/pixi_rosdistro/install/include/iceoryx/v2.0.6/iceoryx_hoofs/internal/relocatable_pointer/relative_pointer_data.inl
[11.661s] -- Installing: /home/runner/work/pixi_rosdistro/pixi_rosdistro/install/include/iceoryx/v2.0.6/iceoryx_hoofs/internal/relocatable_pointer/pointer_repository.inl
[11.662s] -- Installing: /home/runner/work/pixi_rosdistro/pixi_rosdistro/install/include/iceoryx/v2.0.6/iceoryx_hoofs/internal/relocatable_pointer/atomic_relocatable_pointer.inl
[11.662s] -- Installing: /home/runner/work/pixi_rosdistro/pixi_rosdistro/install/include/iceoryx/v2.0.6/iceoryx_hoofs/internal/relocatable_pointer/relative_pointer.inl
[11.662s] -- Installing: /home/runner/work/pixi_rosdistro/pixi_rosdistro/install/include/iceoryx/v2.0.6/iceoryx_hoofs/internal/relocatable_pointer/atomic_relocatable_pointer.hpp
[11.663s] -- Installing: /home/runner/work/pixi_rosdistro/pixi_rosdistro/install/include/iceoryx/v2.0.6/iceoryx_hoofs/internal/relocatable_pointer/base_relative_pointer.hpp
[11.663s] -- Installing: /home/runner/work/pixi_rosdistro/pixi_rosdistro/install/include/iceoryx/v2.0.6/iceoryx_hoofs/internal/file_reader
[11.664s] -- Installing: /home/runner/work/pixi_rosdistro/pixi_rosdistro/install/include/iceoryx/v2.0.6/iceoryx_hoofs/internal/file_reader/file_reader.hpp
[11.664s] -- Installing: /home/runner/work/pixi_rosdistro/pixi_rosdistro/install/include/iceoryx/v2.0.6/iceoryx_hoofs/concurrent
[11.665s] -- Installing: /home/runner/work/pixi_rosdistro/pixi_rosdistro/install/include/iceoryx/v2.0.6/iceoryx_hoofs/concurrent/lockfree_queue.hpp
[11.665s] -- Installing: /home/runner/work/pixi_rosdistro/pixi_rosdistro/install/include/iceoryx/v2.0.6/iceoryx_hoofs/concurrent/resizeable_lockfree_queue.hpp
[11.665s] -- Installing: /home/runner/work/pixi_rosdistro/pixi_rosdistro/install/include/iceoryx/v2.0.6/iceoryx_hoofs/posix_wrapper
[11.667s] -- Installing: /home/runner/work/pixi_rosdistro/pixi_rosdistro/install/include/iceoryx/v2.0.6/iceoryx_hoofs/posix_wrapper/signal_handler.hpp
[11.667s] -- Installing: /home/runner/work/pixi_rosdistro/pixi_rosdistro/install/include/iceoryx/v2.0.6/iceoryx_hoofs/posix_wrapper/timer.hpp
[11.667s] -- Installing: /home/runner/work/pixi_rosdistro/pixi_rosdistro/install/include/iceoryx/v2.0.6/iceoryx_hoofs/posix_wrapper/thread.hpp
[11.667s] -- Installing: /home/runner/work/pixi_rosdistro/pixi_rosdistro/install/include/iceoryx/v2.0.6/iceoryx_hoofs/posix_wrapper/semaphore.hpp
[11.667s] -- Installing: /home/runner/work/pixi_rosdistro/pixi_rosdistro/install/include/iceoryx/v2.0.6/iceoryx_hoofs/posix_wrapper/file_lock.hpp
[11.668s] -- Installing: /home/runner/work/pixi_rosdistro/pixi_rosdistro/install/include/iceoryx/v2.0.6/iceoryx_hoofs/posix_wrapper/signal_watcher.hpp
[11.671s] -- Installing: /home/runner/work/pixi_rosdistro/pixi_rosdistro/install/include/iceoryx/v2.0.6/iceoryx_hoofs/posix_wrapper/posix_call.hpp
[11.671s] -- Installing: /home/runner/work/pixi_rosdistro/pixi_rosdistro/install/include/iceoryx/v2.0.6/iceoryx_hoofs/posix_wrapper/posix_access_rights.hpp
[11.671s] -- Installing: /home/runner/work/pixi_rosdistro/pixi_rosdistro/install/include/iceoryx/v2.0.6/iceoryx_hoofs/posix_wrapper/named_pipe.hpp
[11.671s] -- Installing: /home/runner/work/pixi_rosdistro/pixi_rosdistro/install/include/iceoryx/v2.0.6/iceoryx_hoofs/error_handling
[11.671s] -- Installing: /home/runner/work/pixi_rosdistro/pixi_rosdistro/install/include/iceoryx/v2.0.6/iceoryx_hoofs/error_handling/error_handling.hpp
[11.671s] -- Installing: /home/runner/work/pixi_rosdistro/pixi_rosdistro/install/lib/cmake/iceoryx_hoofs/iceoryx_hoofsConfigVersion.cmake
[11.671s] -- Installing: /home/runner/work/pixi_rosdistro/pixi_rosdistro/install/lib/cmake/iceoryx_hoofs/iceoryx_hoofsConfig.cmake
[11.671s] -- Installing: /home/runner/work/pixi_rosdistro/pixi_rosdistro/install/lib/cmake/iceoryx_hoofs/iceoryx_hoofsTargets.cmake
[11.672s] -- Installing: /home/runner/work/pixi_rosdistro/pixi_rosdistro/install/lib/cmake/iceoryx_hoofs/iceoryx_hoofsTargets-release.cmake
[11.672s] -- Installing: /home/runner/work/pixi_rosdistro/pixi_rosdistro/install/lib/cmake/iceoryx_hoofs/IceoryxPackageHelper.cmake
[11.672s] -- Installing: /home/runner/work/pixi_rosdistro/pixi_rosdistro/install/lib/cmake/iceoryx_hoofs/IceoryxPlatform.cmake
[11.672s] -- Installing: /home/runner/work/pixi_rosdistro/pixi_rosdistro/install/lib/cmake/iceoryx_hoofs/IceoryxVersion.cmake
[11.673s] -- Installing: /home/runner/work/pixi_rosdistro/pixi_rosdistro/install/share/doc/iceoryx_hoofs/LICENSE
[11.678s] Invoked command in '/home/runner/work/pixi_rosdistro/pixi_rosdistro/build/iceoryx_hoofs' returned '0': PATH=/opt/microsoft/powershell/7:${PATH} PIXI_PROMPT=(ros2_rolling) PSModulePath=/home/runner/.local/share/powershell/Modules:${PSModulePath} ROS_DOMAIN_ID=75 /home/runner/work/pixi_rosdistro/pixi_rosdistro/.pixi/envs/default/bin/cmake --install /home/runner/work/pixi_rosdistro/pixi_rosdistro/build/iceoryx_hoofs
