[0.236s] Invoking command in '/Users/runner/work/pixi_rosdistro/pixi_rosdistro/build/fastdds': AMENT_PREFIX_PATH=/Users/runner/work/pixi_rosdistro/pixi_rosdistro/install CMAKE_PREFIX_PATH=/Users/runner/work/pixi_rosdistro/pixi_rosdistro/install DYLD_LIBRARY_PATH=/Users/runner/work/pixi_rosdistro/pixi_rosdistro/install/lib PATH=/Users/runner/work/pixi_rosdistro/pixi_rosdistro/install/bin:${PATH} PIXI_PROMPT=(ros2_rolling) PKG_CONFIG_PATH=/Users/runner/work/pixi_rosdistro/pixi_rosdistro/install/lib/pkgconfig PYTHONPATH=/Users/runner/work/pixi_rosdistro/pixi_rosdistro/install/lib/python3.14/site-packages SHLVL=3 _=/usr/bin/env /Users/runner/work/pixi_rosdistro/pixi_rosdistro/.pixi/envs/default/bin/cmake /Users/runner/work/pixi_rosdistro/pixi_rosdistro/src/eProsima/Fast-DDS -GNinja --no-warn-unused-cli -DCMAKE_BUILD_TYPE=Release -DCMAKE_BUILD_WITH_INSTALL_RPATH:bool=TRUE -DCMAKE_POLICY_VERSION_MINIMUM=3.5 -Wno-deprecated -DSTACK_DETAILS_AUTO_DETECT:bool=FALSE -DSTACK_DETAILS_BFD:bool=FALSE -DCMAKE_INSTALL_PREFIX=/Users/runner/work/pixi_rosdistro/pixi_rosdistro/install
[0.416s] Not searching for unused variables given on the command line.
[0.417s] -- The C compiler identification is AppleClang 17.0.0.17000013
[0.554s] -- The CXX compiler identification is AppleClang 17.0.0.17000013
[0.584s] -- Detecting C compiler ABI info
[0.946s] -- Detecting C compiler ABI info - done
[0.986s] -- Check for working C compiler: /usr/bin/cc - skipped
[0.986s] -- Detecting C compile features
[0.986s] -- Detecting C compile features - done
[0.991s] -- Detecting CXX compiler ABI info
[1.357s] -- Detecting CXX compiler ABI info - done
[1.392s] -- Check for working CXX compiler: /usr/bin/c++ - skipped
[1.392s] -- Detecting CXX compile features
[1.393s] -- Detecting CXX compile features - done
[1.394s] -- Version: 3.4.2.0
[1.397s] -- Performing Test SUPPORTS_NOTFOUND
[1.753s] -- Performing Test SUPPORTS_NOTFOUND - Success
[1.753s] -- Enforced cxx_std_11 CMake feature
[1.753s] -- Setting warnings as errors...
[1.779s] -- Found fastcdr
[3.013s] -- Found Asio 1.36.0: /Users/runner/work/pixi_rosdistro/pixi_rosdistro/.pixi/envs/default/include
[3.013s] -- Found Asio
[3.024s] -- Found TinyXML2: /Users/runner/work/pixi_rosdistro/pixi_rosdistro/.pixi/envs/default/lib/cmake/tinyxml2
[3.024s] -- Found TinyXML2
[3.034s] -- Found foonathan_memory: /Users/runner/work/pixi_rosdistro/pixi_rosdistro/install/lib/foonathan_memory/cmake
[3.037s] -- Looking for pthread.h
[3.493s] -- Looking for pthread.h - found
[3.493s] -- Looking for pthread_kill
[4.091s] -- Looking for pthread_kill - found
[4.092s] -- Found Threads: TRUE
[5.043s] -- Thirdparty/boost compiled OK
[6.412s] -- Found OpenSSL: /opt/homebrew/Cellar/openssl@3/3.6.1/lib/libcrypto.dylib (found version "3.6.1")
[6.412s] -- OpenSSL library 3.6.1 found...
[6.414s] -- Not using a GNU compiler on Windows.
[6.419s] -- Performing Test ATOMIC_WITHOUT_LIB
[6.879s] -- Performing Test ATOMIC_WITHOUT_LIB - Success
[7.642s] -- Forcing third party shared_mutex
[7.643s] -- Performing Test HAS_VERSION_SCRIPT_SUPPORT
[7.816s] -- Performing Test HAS_VERSION_SCRIPT_SUPPORT - Failed
[7.868s] -- Enforced cxx_std_14 CMake feature
[7.893s] -- EPROSIMA_TEST_DNS_NOT_SET_UP: '1'
[7.895s] -- Configuring done (7.6s)
[7.960s] -- Generating done (0.1s)
[7.975s] -- Build files have been written to: /Users/runner/work/pixi_rosdistro/pixi_rosdistro/build/fastdds
[7.979s] Invoked command in '/Users/runner/work/pixi_rosdistro/pixi_rosdistro/build/fastdds' returned '0': AMENT_PREFIX_PATH=/Users/runner/work/pixi_rosdistro/pixi_rosdistro/install CMAKE_PREFIX_PATH=/Users/runner/work/pixi_rosdistro/pixi_rosdistro/install DYLD_LIBRARY_PATH=/Users/runner/work/pixi_rosdistro/pixi_rosdistro/install/lib PATH=/Users/runner/work/pixi_rosdistro/pixi_rosdistro/install/bin:${PATH} PIXI_PROMPT=(ros2_rolling) PKG_CONFIG_PATH=/Users/runner/work/pixi_rosdistro/pixi_rosdistro/install/lib/pkgconfig PYTHONPATH=/Users/runner/work/pixi_rosdistro/pixi_rosdistro/install/lib/python3.14/site-packages ROS_DOMAIN_ID=61 SHLVL=3 _=/usr/bin/env /Users/runner/work/pixi_rosdistro/pixi_rosdistro/.pixi/envs/default/bin/cmake /Users/runner/work/pixi_rosdistro/pixi_rosdistro/src/eProsima/Fast-DDS -GNinja --no-warn-unused-cli -DCMAKE_BUILD_TYPE=Release -DCMAKE_BUILD_WITH_INSTALL_RPATH:bool=TRUE -DCMAKE_POLICY_VERSION_MINIMUM=3.5 -Wno-deprecated -DSTACK_DETAILS_AUTO_DETECT:bool=FALSE -DSTACK_DETAILS_BFD:bool=FALSE -DCMAKE_INSTALL_PREFIX=/Users/runner/work/pixi_rosdistro/pixi_rosdistro/install
[7.982s] Invoking command in '/Users/runner/work/pixi_rosdistro/pixi_rosdistro/build/fastdds': AMENT_PREFIX_PATH=/Users/runner/work/pixi_rosdistro/pixi_rosdistro/install CMAKE_PREFIX_PATH=/Users/runner/work/pixi_rosdistro/pixi_rosdistro/install DYLD_LIBRARY_PATH=/Users/runner/work/pixi_rosdistro/pixi_rosdistro/install/lib PATH=/Users/runner/work/pixi_rosdistro/pixi_rosdistro/install/bin:${PATH} PIXI_PROMPT=(ros2_rolling) PKG_CONFIG_PATH=/Users/runner/work/pixi_rosdistro/pixi_rosdistro/install/lib/pkgconfig PYTHONPATH=/Users/runner/work/pixi_rosdistro/pixi_rosdistro/install/lib/python3.14/site-packages ROS_DOMAIN_ID=61 SHLVL=3 _=/usr/bin/env /Users/runner/work/pixi_rosdistro/pixi_rosdistro/.pixi/envs/default/bin/cmake --build /Users/runner/work/pixi_rosdistro/pixi_rosdistro/build/fastdds -- -j3 -l3
[8.272s] [1/243] Building CXX object src/cpp/CMakeFiles/fastdds.dir/fastdds/topic/DDSSQLFilter/DDSFilterCompoundCondition.cpp.o
[8.701s] [2/243] Building CXX object src/cpp/CMakeFiles/fastdds.dir/fastdds/topic/DDSSQLFilter/DDSFilterExpression.cpp.o
[9.294s] [3/243] Building CXX object src/cpp/CMakeFiles/fastdds.dir/fastdds/topic/DDSSQLFilter/DDSFilterExpressionParser.cpp.o
[10.163s] [4/243] Building CXX object src/cpp/CMakeFiles/fastdds.dir/fastdds/topic/DDSSQLFilter/DDSFilterFactory.cpp.o
[10.591s] [5/243] Building CXX object src/cpp/CMakeFiles/fastdds.dir/fastdds/topic/DDSSQLFilter/DDSFilterField.cpp.o
[10.987s] [6/243] Building CXX object src/cpp/CMakeFiles/fastdds.dir/fastdds/topic/DDSSQLFilter/DDSFilterParameter.cpp.o
[11.300s] [7/243] Building CXX object src/cpp/CMakeFiles/fastdds.dir/fastdds/topic/DDSSQLFilter/DDSFilterPredicate.cpp.o
[11.660s] [8/243] Building CXX object src/cpp/CMakeFiles/fastdds.dir/fastdds/topic/DDSSQLFilter/DDSFilterValue.cpp.o
[12.067s] [9/243] Building CXX object src/cpp/CMakeFiles/fastdds.dir/fastdds/builtin/type_lookup_service/detail/rpc_typesPubSubTypes.cxx.o
[12.600s] [10/243] Building CXX object src/cpp/CMakeFiles/fastdds.dir/fastdds/builtin/type_lookup_service/detail/TypeLookupTypesPubSubTypes.cxx.o
[13.110s] [11/243] Building CXX object src/cpp/CMakeFiles/fastdds.dir/fastdds/builtin/type_lookup_service/TypeLookupManager.cpp.o
[13.643s] [12/243] Building CXX object src/cpp/CMakeFiles/fastdds.dir/fastdds/builtin/type_lookup_service/TypeLookupRequestListener.cpp.o
[14.166s] [13/243] Building CXX object src/cpp/CMakeFiles/fastdds.dir/fastdds/builtin/type_lookup_service/TypeLookupReplyListener.cpp.o
[14.490s] [14/243] Building CXX object src/cpp/CMakeFiles/fastdds.dir/fastdds/core/condition/Condition.cpp.o
[14.880s] [15/243] Building CXX object src/cpp/CMakeFiles/fastdds.dir/fastdds/core/condition/ConditionNotifier.cpp.o
[15.314s] [16/243] Building CXX object src/cpp/CMakeFiles/fastdds.dir/fastdds/core/condition/GuardCondition.cpp.o
[15.833s] [17/243] Building CXX object src/cpp/CMakeFiles/fastdds.dir/fastdds/core/condition/StatusCondition.cpp.o
[16.180s] [18/243] Building CXX object src/cpp/CMakeFiles/fastdds.dir/fastdds/core/condition/StatusConditionImpl.cpp.o
[16.622s] [19/243] Building CXX object src/cpp/CMakeFiles/fastdds.dir/fastdds/core/condition/WaitSet.cpp.o
[17.002s] [20/243] Building CXX object src/cpp/CMakeFiles/fastdds.dir/fastdds/core/condition/WaitSetImpl.cpp.o
[17.337s] [21/243] Building CXX object src/cpp/CMakeFiles/fastdds.dir/fastdds/core/Entity.cpp.o
[17.754s] [22/243] Building CXX object src/cpp/CMakeFiles/fastdds.dir/fastdds/core/policy/ParameterList.cpp.o
[18.198s] [23/243] Building CXX object src/cpp/CMakeFiles/fastdds.dir/fastdds/core/policy/QosPolicyUtils.cpp.o
[18.562s] [24/243] Building CXX object src/cpp/CMakeFiles/fastdds.dir/fastdds/core/Time_t.cpp.o
[18.959s] [25/243] Building CXX object src/cpp/CMakeFiles/fastdds.dir/fastdds/domain/DomainParticipant.cpp.o
[19.387s] [26/243] Building CXX object src/cpp/CMakeFiles/fastdds.dir/fastdds/domain/DomainParticipantFactory.cpp.o
[20.500s] [27/243] Building CXX object src/cpp/CMakeFiles/fastdds.dir/fastdds/domain/DomainParticipantImpl.cpp.o
[20.850s] [28/243] Building CXX object src/cpp/CMakeFiles/fastdds.dir/fastdds/domain/qos/DomainParticipantFactoryQos.cpp.o
[21.280s] [29/243] Building CXX object src/cpp/CMakeFiles/fastdds.dir/fastdds/domain/qos/DomainParticipantQos.cpp.o
[21.645s] [30/243] Building CXX object src/cpp/CMakeFiles/fastdds.dir/fastdds/log/FileConsumer.cpp.o
[22.072s] [31/243] Building CXX object src/cpp/CMakeFiles/fastdds.dir/fastdds/log/Log.cpp.o
[22.386s] [32/243] Building CXX object src/cpp/CMakeFiles/fastdds.dir/fastdds/log/OStreamConsumer.cpp.o
[22.714s] [33/243] Building CXX object src/cpp/CMakeFiles/fastdds.dir/fastdds/log/StdoutConsumer.cpp.o
[23.032s] [34/243] Building CXX object src/cpp/CMakeFiles/fastdds.dir/fastdds/log/StdoutErrConsumer.cpp.o
[23.578s] [35/243] Building CXX object src/cpp/CMakeFiles/fastdds.dir/fastdds/publisher/DataWriter.cpp.o
[23.946s] [36/243] Building CXX object src/cpp/CMakeFiles/fastdds.dir/fastdds/publisher/DataWriterHistory.cpp.o
[24.643s] [37/243] Building CXX object src/cpp/CMakeFiles/fastdds.dir/fastdds/publisher/DataWriterImpl.cpp.o
[25.015s] [38/243] Building CXX object src/cpp/CMakeFiles/fastdds.dir/fastdds/publisher/Publisher.cpp.o
[25.569s] [39/243] Building CXX object src/cpp/CMakeFiles/fastdds.dir/fastdds/publisher/PublisherImpl.cpp.o
[25.936s] [40/243] Building CXX object src/cpp/CMakeFiles/fastdds.dir/fastdds/publisher/qos/DataWriterQos.cpp.o
[26.308s] [41/243] Building CXX object src/cpp/CMakeFiles/fastdds.dir/fastdds/publisher/qos/PublisherQos.cpp.o
[26.728s] [42/243] Building CXX object src/cpp/CMakeFiles/fastdds.dir/fastdds/publisher/qos/WriterQos.cpp.o
[27.137s] [43/243] Building CXX object src/cpp/CMakeFiles/fastdds.dir/fastdds/rpc/ServiceImpl.cpp.o
[27.674s] [44/243] Building CXX object src/cpp/CMakeFiles/fastdds.dir/fastdds/rpc/ReplierImpl.cpp.o
[28.157s] [45/243] Building CXX object src/cpp/CMakeFiles/fastdds.dir/fastdds/rpc/RequesterImpl.cpp.o
[28.642s] [46/243] Building CXX object src/cpp/CMakeFiles/fastdds.dir/fastdds/rpc/RPCTypeObjectSupport.cpp.o
[28.999s] [47/243] Building CXX object src/cpp/CMakeFiles/fastdds.dir/fastdds/rpc/ServiceTypeSupport.cpp.o
[29.381s] [48/243] Building CXX object src/cpp/CMakeFiles/fastdds.dir/fastdds/subscriber/DataReader.cpp.o
[30.112s] [49/243] Building CXX object src/cpp/CMakeFiles/fastdds.dir/fastdds/subscriber/DataReaderImpl.cpp.o
[30.581s] [50/243] Building CXX object src/cpp/CMakeFiles/fastdds.dir/fastdds/subscriber/history/DataReaderHistory.cpp.o
[30.960s] [51/243] Building CXX object src/cpp/CMakeFiles/fastdds.dir/fastdds/subscriber/qos/DataReaderQos.cpp.o
[31.548s] [52/243] Building CXX object src/cpp/CMakeFiles/fastdds.dir/fastdds/subscriber/qos/ReaderQos.cpp.o
[32.061s] [53/243] Building CXX object src/cpp/CMakeFiles/fastdds.dir/fastdds/subscriber/qos/SubscriberQos.cpp.o
[32.412s] [54/243] Building CXX object src/cpp/CMakeFiles/fastdds.dir/fastdds/subscriber/ReadCondition.cpp.o
[32.816s] [55/243] Building CXX object src/cpp/CMakeFiles/fastdds.dir/fastdds/subscriber/Subscriber.cpp.o
[33.327s] [56/243] Building CXX object src/cpp/CMakeFiles/fastdds.dir/fastdds/subscriber/SubscriberImpl.cpp.o
[33.741s] [57/243] Building CXX object src/cpp/CMakeFiles/fastdds.dir/fastdds/topic/ContentFilteredTopic.cpp.o
[34.096s] [58/243] Building CXX object src/cpp/CMakeFiles/fastdds.dir/fastdds/topic/ContentFilteredTopicImpl.cpp.o
[34.486s] [59/243] Building CXX object src/cpp/CMakeFiles/fastdds.dir/fastdds/topic/qos/TopicQos.cpp.o
[34.852s] [60/243] Building CXX object src/cpp/CMakeFiles/fastdds.dir/fastdds/topic/Topic.cpp.o
[35.194s] [61/243] Building CXX object src/cpp/CMakeFiles/fastdds.dir/fastdds/topic/TopicImpl.cpp.o
[35.565s] [62/243] Building CXX object src/cpp/CMakeFiles/fastdds.dir/fastdds/topic/TopicProxyFactory.cpp.o
[35.918s] [63/243] Building CXX object src/cpp/CMakeFiles/fastdds.dir/fastdds/topic/TypeSupport.cpp.o
[36.320s] [64/243] Building CXX object src/cpp/CMakeFiles/fastdds.dir/fastdds/utils/QosConverters.cpp.o
[36.704s] [65/243] Building CXX object src/cpp/CMakeFiles/fastdds.dir/fastdds/utils/TypePropagation.cpp.o
[37.046s] [66/243] Building CXX object src/cpp/CMakeFiles/fastdds.dir/fastdds/xtypes/dynamic_types/AnnotationDescriptorImpl.cpp.o
[37.396s] [67/243] Building CXX object src/cpp/CMakeFiles/fastdds.dir/fastdds/xtypes/dynamic_types/DynamicDataFactory.cpp.o
[38.040s] [68/243] Building CXX object src/cpp/CMakeFiles/fastdds.dir/fastdds/xtypes/dynamic_types/DynamicDataImpl.cpp.o
[38.445s] [69/243] Building CXX object src/cpp/CMakeFiles/fastdds.dir/fastdds/xtypes/dynamic_types/DynamicDataFactoryImpl.cpp.o
[38.805s] [70/243] Building CXX object src/cpp/CMakeFiles/fastdds.dir/fastdds/xtypes/dynamic_types/DynamicPubSubType.cpp.o
[39.128s] [71/243] Building CXX object src/cpp/CMakeFiles/fastdds.dir/fastdds/xtypes/dynamic_types/DynamicTypeImpl.cpp.o
[39.501s] [72/243] Building CXX object src/cpp/CMakeFiles/fastdds.dir/fastdds/xtypes/dynamic_types/DynamicTypeBuilderFactory.cpp.o
[39.924s] [73/243] Building CXX object src/cpp/CMakeFiles/fastdds.dir/fastdds/xtypes/dynamic_types/DynamicTypeBuilderImpl.cpp.o
[41.169s] [74/243] Building CXX object src/cpp/CMakeFiles/fastdds.dir/fastdds/xtypes/dynamic_types/DynamicTypeBuilderFactoryImpl.cpp.o
[41.556s] [75/243] Building CXX object src/cpp/CMakeFiles/fastdds.dir/fastdds/xtypes/dynamic_types/DynamicTypeMemberImpl.cpp.o
[41.911s] [76/243] Building CXX object src/cpp/CMakeFiles/fastdds.dir/fastdds/xtypes/dynamic_types/MemberDescriptorImpl.cpp.o
[42.262s] [77/243] Building CXX object src/cpp/CMakeFiles/fastdds.dir/fastdds/xtypes/dynamic_types/TypeDescriptorImpl.cpp.o
[42.618s] [78/243] Building CXX object src/cpp/CMakeFiles/fastdds.dir/fastdds/xtypes/dynamic_types/VerbatimTextDescriptorImpl.cpp.o
[42.973s] [79/243] Building CXX object src/cpp/CMakeFiles/fastdds.dir/fastdds/xtypes/exception/Exception.cpp.o
[43.407s] [80/243] Building CXX object src/cpp/CMakeFiles/fastdds.dir/fastdds/xtypes/serializers/idl/dynamic_type_idl.cpp.o
[43.790s] [81/243] Building CXX object src/cpp/CMakeFiles/fastdds.dir/fastdds/xtypes/serializers/json/dynamic_data_json.cpp.o
[44.153s] [82/243] Building CXX object src/cpp/CMakeFiles/fastdds.dir/fastdds/xtypes/serializers/json/json_dynamic_data.cpp.o
[44.858s] [83/243] Building CXX object src/cpp/CMakeFiles/fastdds.dir/fastdds/xtypes/type_representation/dds_xtypes_typeobjectPubSubTypes.cxx.o
[46.534s] [84/243] Building CXX object src/cpp/CMakeFiles/fastdds.dir/fastdds/xtypes/type_representation/TypeObjectRegistry.cpp.o
[47.177s] [85/243] Building CXX object src/cpp/CMakeFiles/fastdds.dir/fastdds/xtypes/type_representation/TypeObjectUtils.cpp.o
[47.564s] [86/243] Building CXX object src/cpp/CMakeFiles/fastdds.dir/fastdds/xtypes/utils.cpp.o
[47.829s] [87/243] Building CXX object src/cpp/CMakeFiles/fastdds.dir/rtps/attributes/EndpointSecurityAttributes.cpp.o
[48.148s] [88/243] Building CXX object src/cpp/CMakeFiles/fastdds.dir/rtps/attributes/PropertyPolicy.cpp.o
[48.536s] [89/243] Building CXX object src/cpp/CMakeFiles/fastdds.dir/rtps/attributes/RTPSParticipantAttributes.cpp.o
[48.967s] [90/243] Building CXX object src/cpp/CMakeFiles/fastdds.dir/rtps/attributes/ServerAttributes.cpp.o
[49.226s] [91/243] Building CXX object src/cpp/CMakeFiles/fastdds.dir/rtps/attributes/ThreadSettings.cpp.o
[49.688s] [92/243] Building CXX object src/cpp/CMakeFiles/fastdds.dir/rtps/builtin/BuiltinProtocols.cpp.o
[50.054s] [93/243] Building CXX object src/cpp/CMakeFiles/fastdds.dir/rtps/builtin/data/ParticipantBuiltinTopicData.cpp.o
[50.490s] [94/243] Building CXX object src/cpp/CMakeFiles/fastdds.dir/rtps/builtin/data/ParticipantProxyData.cpp.o
[50.838s] [95/243] Building CXX object src/cpp/CMakeFiles/fastdds.dir/rtps/builtin/data/PublicationBuiltinTopicData.cpp.o
[51.233s] [96/243] Building CXX object src/cpp/CMakeFiles/fastdds.dir/rtps/builtin/data/SubscriptionBuiltinTopicData.cpp.o
[51.869s] [97/243] Building CXX object src/cpp/CMakeFiles/fastdds.dir/rtps/builtin/data/ReaderProxyData.cpp.o
[52.476s] [98/243] Building CXX object src/cpp/CMakeFiles/fastdds.dir/rtps/builtin/data/WriterProxyData.cpp.o
[52.921s] [99/243] Building CXX object src/cpp/CMakeFiles/fastdds.dir/rtps/builtin/discovery/database/backup/SharedBackupFunctions.cpp.o
[53.510s] [100/243] Building CXX object src/cpp/CMakeFiles/fastdds.dir/rtps/builtin/discovery/database/DiscoveryDataBase.cpp.o
[53.896s] [101/243] Building CXX object src/cpp/CMakeFiles/fastdds.dir/rtps/builtin/discovery/database/DiscoveryParticipantInfo.cpp.o
[54.316s] [102/243] Building CXX object src/cpp/CMakeFiles/fastdds.dir/rtps/builtin/discovery/database/DiscoveryParticipantsAckStatus.cpp.o
[54.706s] [103/243] Building CXX object src/cpp/CMakeFiles/fastdds.dir/rtps/builtin/discovery/database/DiscoverySharedInfo.cpp.o
[55.096s] [104/243] Building CXX object src/cpp/CMakeFiles/fastdds.dir/rtps/builtin/discovery/endpoint/EDP.cpp.o
[55.536s] [105/243] Building CXX object src/cpp/CMakeFiles/fastdds.dir/rtps/builtin/discovery/endpoint/EDPClient.cpp.o
[56.007s] [106/243] Building CXX object src/cpp/CMakeFiles/fastdds.dir/rtps/builtin/discovery/endpoint/EDPServer.cpp.o
[56.405s] [107/243] Building CXX object src/cpp/CMakeFiles/fastdds.dir/rtps/builtin/discovery/endpoint/EDPServerListeners.cpp.o
[56.920s] [108/243] Building CXX object src/cpp/CMakeFiles/fastdds.dir/rtps/builtin/discovery/endpoint/EDPSimple.cpp.o
[57.481s] [109/243] Building CXX object src/cpp/CMakeFiles/fastdds.dir/rtps/builtin/discovery/endpoint/EDPSimpleListeners.cpp.o
[58.163s] [110/243] Building CXX object src/cpp/CMakeFiles/fastdds.dir/rtps/builtin/discovery/endpoint/EDPStatic.cpp.o
[58.592s] [111/243] Building CXX object src/cpp/CMakeFiles/fastdds.dir/rtps/builtin/discovery/participant/DirectMessageSender.cpp.o
[59.316s] [112/243] Building CXX object src/cpp/CMakeFiles/fastdds.dir/rtps/builtin/discovery/participant/PDP.cpp.o
[59.824s] [113/243] Building CXX object src/cpp/CMakeFiles/fastdds.dir/rtps/builtin/discovery/participant/PDPClient.cpp.o
[60.162s] [114/243] Building CXX object src/cpp/CMakeFiles/fastdds.dir/rtps/builtin/discovery/participant/PDPClientListener.cpp.o
[60.582s] [115/243] Building CXX object src/cpp/CMakeFiles/fastdds.dir/rtps/builtin/discovery/participant/PDPListener.cpp.o
[61.041s] [116/243] Building CXX object src/cpp/CMakeFiles/fastdds.dir/rtps/builtin/discovery/participant/PDPServer.cpp.o
[61.432s] [117/243] Building CXX object src/cpp/CMakeFiles/fastdds.dir/rtps/builtin/discovery/participant/PDPServerListener.cpp.o
[61.844s] [118/243] Building CXX object src/cpp/CMakeFiles/fastdds.dir/rtps/builtin/discovery/participant/PDPSimple.cpp.o
[62.271s] [119/243] Building CXX object src/cpp/CMakeFiles/fastdds.dir/rtps/builtin/discovery/participant/simple/PDPStatelessWriter.cpp.o
[62.673s] [120/243] Building CXX object src/cpp/CMakeFiles/fastdds.dir/rtps/builtin/discovery/participant/timedevent/DSClientEvent.cpp.o
[63.109s] [121/243] Building CXX object src/cpp/CMakeFiles/fastdds.dir/rtps/builtin/discovery/participant/timedevent/DServerEvent.cpp.o
[63.571s] [122/243] Building CXX object src/cpp/CMakeFiles/fastdds.dir/rtps/builtin/liveliness/WLP.cpp.o
[63.956s] [123/243] Building CXX object src/cpp/CMakeFiles/fastdds.dir/rtps/builtin/liveliness/WLPListener.cpp.o
[64.406s] [124/243] Building CXX object src/cpp/CMakeFiles/fastdds.dir/rtps/common/GuidPrefix_t.cpp.o
[64.763s] [125/243] Building CXX object src/cpp/CMakeFiles/fastdds.dir/rtps/common/SerializedPayload.cpp.o
[65.164s] [126/243] Building CXX object src/cpp/CMakeFiles/fastdds.dir/rtps/common/LocatorWithMask.cpp.o
[65.569s] [127/243] Building CXX object src/cpp/CMakeFiles/fastdds.dir/rtps/common/Time_t.cpp.o
[65.992s] [128/243] Building CXX object src/cpp/CMakeFiles/fastdds.dir/rtps/common/Token.cpp.o
[66.542s] [129/243] Building CXX object src/cpp/CMakeFiles/fastdds.dir/rtps/DataSharing/DataSharingListener.cpp.o
[67.087s] [130/243] Building CXX object src/cpp/CMakeFiles/fastdds.dir/rtps/DataSharing/DataSharingNotification.cpp.o
[67.724s] [131/243] Building CXX object src/cpp/CMakeFiles/fastdds.dir/rtps/DataSharing/DataSharingPayloadPool.cpp.o
[68.139s] [132/243] Building CXX object src/cpp/CMakeFiles/fastdds.dir/rtps/exceptions/Exception.cpp.o
[68.342s] [133/243] Building CXX object src/cpp/CMakeFiles/fastdds.dir/rtps/flowcontrol/FlowControllerConsts.cpp.o
[68.769s] [134/243] Building CXX object src/cpp/CMakeFiles/fastdds.dir/rtps/flowcontrol/FlowControllerFactory.cpp.o
[69.108s] [135/243] Building CXX object src/cpp/CMakeFiles/fastdds.dir/rtps/history/CacheChangePool.cpp.o
[69.447s] [136/243] Building CXX object src/cpp/CMakeFiles/fastdds.dir/rtps/history/History.cpp.o
[69.906s] [137/243] Building CXX object src/cpp/CMakeFiles/fastdds.dir/rtps/history/ReaderHistory.cpp.o
[70.248s] [138/243] Building CXX object src/cpp/CMakeFiles/fastdds.dir/rtps/history/TopicPayloadPool.cpp.o
[70.580s] [139/243] Building CXX object src/cpp/CMakeFiles/fastdds.dir/rtps/history/TopicPayloadPoolRegistry.cpp.o
[71.020s] [140/243] Building CXX object src/cpp/CMakeFiles/fastdds.dir/rtps/history/WriterHistory.cpp.o
[71.391s] [141/243] Building CXX object src/cpp/CMakeFiles/fastdds.dir/rtps/messages/CDRMessage.cpp.o
[72.036s] [142/243] Building CXX object src/cpp/CMakeFiles/fastdds.dir/rtps/messages/MessageReceiver.cpp.o
[72.457s] [143/243] Building CXX object src/cpp/CMakeFiles/fastdds.dir/rtps/messages/RTPSGapBuilder.cpp.o
[72.929s] [144/243] Building CXX object src/cpp/CMakeFiles/fastdds.dir/rtps/messages/RTPSMessageCreator.cpp.o
[73.321s] [145/243] Building CXX object src/cpp/CMakeFiles/fastdds.dir/rtps/messages/RTPSMessageGroup.cpp.o
[73.845s] [146/243] Building CXX object src/cpp/CMakeFiles/fastdds.dir/rtps/messages/SendBuffersManager.cpp.o
[74.449s] [147/243] Building CXX object src/cpp/CMakeFiles/fastdds.dir/rtps/network/NetworkBuffer.cpp.o
[74.828s] [148/243] Building CXX object src/cpp/CMakeFiles/fastdds.dir/rtps/network/NetworkConfiguration.cpp.o
[75.495s] [149/243] Building CXX object src/cpp/CMakeFiles/fastdds.dir/rtps/network/NetworkFactory.cpp.o
[75.854s] [150/243] Building CXX object src/cpp/CMakeFiles/fastdds.dir/rtps/network/ReceiverResource.cpp.o
[76.400s] [151/243] Building CXX object src/cpp/CMakeFiles/fastdds.dir/rtps/network/utils/external_locators.cpp.o
[76.851s] [152/243] Building CXX object src/cpp/CMakeFiles/fastdds.dir/rtps/network/utils/netmask_filter.cpp.o
[77.228s] [153/243] Building CXX object src/cpp/CMakeFiles/fastdds.dir/rtps/network/utils/network.cpp.o
[77.654s] [154/243] Building CXX object src/cpp/CMakeFiles/fastdds.dir/rtps/participant/RTPSParticipant.cpp.o
[78.692s] [155/243] Building CXX object src/cpp/CMakeFiles/fastdds.dir/rtps/participant/RTPSParticipantImpl.cpp.o
[79.083s] [156/243] Building CXX object src/cpp/CMakeFiles/fastdds.dir/rtps/persistence/PersistenceFactory.cpp.o
[79.624s] [157/243] Building CXX object src/cpp/CMakeFiles/fastdds.dir/rtps/reader/BaseReader.cpp.o
[79.957s] [158/243] Building CXX object src/cpp/CMakeFiles/fastdds.dir/rtps/reader/reader_utils.cpp.o
[80.346s] [159/243] Building CXX object src/cpp/CMakeFiles/fastdds.dir/rtps/reader/RTPSReader.cpp.o
[81.059s] [160/243] Building CXX object src/cpp/CMakeFiles/fastdds.dir/rtps/reader/StatefulPersistentReader.cpp.o
[81.951s] [161/243] Building CXX object src/cpp/CMakeFiles/fastdds.dir/rtps/reader/StatefulReader.cpp.o
[82.584s] [162/243] Building CXX object src/cpp/CMakeFiles/fastdds.dir/rtps/reader/StatelessPersistentReader.cpp.o
[83.109s] [163/243] Building CXX object src/cpp/CMakeFiles/fastdds.dir/rtps/reader/StatelessReader.cpp.o
[83.740s] [164/243] Building CXX object src/cpp/CMakeFiles/fastdds.dir/rtps/reader/WriterProxy.cpp.o
[84.302s] [165/243] Building CXX object src/cpp/CMakeFiles/fastdds.dir/rtps/resources/ResourceEvent.cpp.o
[84.658s] [166/243] Building CXX object src/cpp/CMakeFiles/fastdds.dir/rtps/resources/TimedEvent.cpp.o
[85.018s] [167/243] Building CXX object src/cpp/CMakeFiles/fastdds.dir/rtps/resources/TimedEventImpl.cpp.o
[85.726s] [168/243] Building CXX object src/cpp/CMakeFiles/fastdds.dir/rtps/domain/RTPSDomain.cpp.o
[86.108s] [169/243] Building CXX object src/cpp/CMakeFiles/fastdds.dir/rtps/transport/ChainingTransport.cpp.o
[86.470s] [170/243] Building CXX object src/cpp/CMakeFiles/fastdds.dir/rtps/transport/ChannelResource.cpp.o
[86.888s] [171/243] Building CXX object src/cpp/CMakeFiles/fastdds.dir/rtps/transport/network/NetmaskFilterKind.cpp.o
[87.458s] [172/243] Building CXX object src/cpp/CMakeFiles/fastdds.dir/rtps/transport/network/NetworkInterface.cpp.o
[87.873s] [173/243] Building CXX object src/cpp/CMakeFiles/fastdds.dir/rtps/transport/network/NetworkInterfaceWithFilter.cpp.o
[88.202s] [174/243] Building CXX object src/cpp/CMakeFiles/fastdds.dir/rtps/transport/PortBasedTransportDescriptor.cpp.o
[88.594s] [175/243] Building CXX object src/cpp/CMakeFiles/fastdds.dir/rtps/transport/shared_mem/SharedMemTransportDescriptor.cpp.o
[89.384s] [176/243] Building CXX object src/cpp/CMakeFiles/fastdds.dir/rtps/transport/tcp/RTCPMessageManager.cpp.o
[89.761s] [177/243] Building CXX object src/cpp/CMakeFiles/fastdds.dir/rtps/transport/tcp/TCPControlMessage.cpp.o
[90.217s] [178/243] Building CXX object src/cpp/CMakeFiles/fastdds.dir/rtps/transport/TCPAcceptor.cpp.o
[90.695s] [179/243] Building CXX object src/cpp/CMakeFiles/fastdds.dir/rtps/transport/TCPAcceptorBasic.cpp.o
[91.169s] [180/243] Building CXX object src/cpp/CMakeFiles/fastdds.dir/rtps/transport/TCPChannelResource.cpp.o
[91.801s] [181/243] Building CXX object src/cpp/CMakeFiles/fastdds.dir/rtps/transport/TCPChannelResourceBasic.cpp.o
[92.573s] [182/243] Building CXX object src/cpp/CMakeFiles/fastdds.dir/rtps/transport/TCPTransportInterface.cpp.o
[93.186s] [183/243] Building CXX object src/cpp/CMakeFiles/fastdds.dir/rtps/transport/TCPv4Transport.cpp.o
[93.850s] [184/243] Building CXX object src/cpp/CMakeFiles/fastdds.dir/rtps/transport/TCPv6Transport.cpp.o
[94.341s] [185/243] Building CXX object src/cpp/CMakeFiles/fastdds.dir/rtps/transport/test_UDPv4Transport.cpp.o
[94.815s] [186/243] Building CXX object src/cpp/CMakeFiles/fastdds.dir/rtps/transport/TransportInterface.cpp.o
[95.922s] [187/243] Building CXX object src/cpp/CMakeFiles/fastdds.dir/rtps/transport/UDPChannelResource.cpp.o
[96.614s] [188/243] Building CXX object src/cpp/CMakeFiles/fastdds.dir/rtps/transport/UDPTransportInterface.cpp.o
[97.217s] [189/243] Building CXX object src/cpp/CMakeFiles/fastdds.dir/rtps/transport/UDPv4Transport.cpp.o
[98.136s] [190/243] Building CXX object src/cpp/CMakeFiles/fastdds.dir/rtps/transport/UDPv6Transport.cpp.o
[98.648s] [191/243] Building CXX object src/cpp/CMakeFiles/fastdds.dir/rtps/writer/BaseWriter.cpp.o
[99.057s] [192/243] Building CXX object src/cpp/CMakeFiles/fastdds.dir/rtps/writer/LivelinessManager.cpp.o
[99.530s] [193/243] Building CXX object src/cpp/CMakeFiles/fastdds.dir/rtps/writer/LocatorSelectorSender.cpp.o
[100.012s] [194/243] Building CXX object src/cpp/CMakeFiles/fastdds.dir/rtps/writer/PersistentWriter.cpp.o
[101.177s] [195/243] Building CXX object src/cpp/CMakeFiles/fastdds.dir/rtps/writer/ReaderLocator.cpp.o
[101.752s] [196/243] Building CXX object src/cpp/CMakeFiles/fastdds.dir/rtps/writer/ReaderProxy.cpp.o
[102.158s] [197/243] Building CXX object src/cpp/CMakeFiles/fastdds.dir/rtps/writer/RTPSWriter.cpp.o
[102.609s] [198/243] Building CXX object src/cpp/CMakeFiles/fastdds.dir/rtps/writer/StatefulPersistentWriter.cpp.o
[103.242s] [199/243] Building CXX object src/cpp/CMakeFiles/fastdds.dir/rtps/writer/StatefulWriter.cpp.o
[103.782s] [200/243] Building CXX object src/cpp/CMakeFiles/fastdds.dir/rtps/writer/StatelessPersistentWriter.cpp.o
[104.317s] [201/243] Building CXX object src/cpp/CMakeFiles/fastdds.dir/rtps/writer/StatelessWriter.cpp.o
[104.666s] [202/243] Building CXX object src/cpp/CMakeFiles/fastdds.dir/statistics/fastdds/domain/DomainParticipant.cpp.o
[105.050s] [203/243] Building CXX object src/cpp/CMakeFiles/fastdds.dir/statistics/fastdds/publisher/qos/DataWriterQos.cpp.o
[105.576s] [204/243] Building CXX object src/cpp/CMakeFiles/fastdds.dir/statistics/fastdds/subscriber/qos/DataReaderQos.cpp.o
[106.145s] [205/243] Building CXX object src/cpp/CMakeFiles/fastdds.dir/utils/Host.cpp.o
[106.499s] [206/243] Building CXX object src/cpp/CMakeFiles/fastdds.dir/utils/IPFinder.cpp.o
[107.182s] [207/243] Building CXX object src/cpp/CMakeFiles/fastdds.dir/utils/IPLocator.cpp.o
[107.508s] [208/243] Building CXX object src/cpp/CMakeFiles/fastdds.dir/utils/md5.cpp.o
[107.822s] [209/243] Building CXX object src/cpp/CMakeFiles/fastdds.dir/utils/StringMatching.cpp.o
[108.271s] [210/243] Building CXX object src/cpp/CMakeFiles/fastdds.dir/utils/SystemInfo.cpp.o
[108.613s] [211/243] Building CXX object src/cpp/CMakeFiles/fastdds.dir/utils/TimedConditionVariable.cpp.o
[108.994s] [212/243] Building CXX object src/cpp/CMakeFiles/fastdds.dir/utils/UnitsParser.cpp.o
[109.373s] [213/243] Building CXX object src/cpp/CMakeFiles/fastdds.dir/xmlparser/attributes/TopicAttributes.cpp.o
[109.705s] [214/243] Building CXX object src/cpp/CMakeFiles/fastdds.dir/xmlparser/XMLDynamicParser.cpp.o
[110.263s] [215/243] Building CXX object src/cpp/CMakeFiles/fastdds.dir/xmlparser/XMLElementParser.cpp.o
[110.651s] [216/243] Building CXX object src/cpp/CMakeFiles/fastdds.dir/xmlparser/XMLEndpointParser.cpp.o
[111.197s] [217/243] Building CXX object src/cpp/CMakeFiles/fastdds.dir/xmlparser/XMLParser.cpp.o
[111.434s] [218/243] Building CXX object src/cpp/CMakeFiles/fastdds.dir/xmlparser/XMLParserCommon.cpp.o
[112.007s] [219/243] Building CXX object src/cpp/CMakeFiles/fastdds.dir/xmlparser/XMLProfileManager.cpp.o
[112.903s] [220/243] Building CXX object src/cpp/CMakeFiles/fastdds.dir/statistics/fastdds/domain/DomainParticipantImpl.cpp.o
[113.325s] [221/243] Building CXX object src/cpp/CMakeFiles/fastdds.dir/statistics/fastdds/domain/DomainParticipantStatisticsListener.cpp.o
[113.748s] [222/243] Building CXX object src/cpp/CMakeFiles/fastdds.dir/statistics/rtps/monitor-service/MonitorService.cpp.o
[114.115s] [223/243] Building CXX object src/cpp/CMakeFiles/fastdds.dir/statistics/rtps/monitor-service/MonitorServiceListener.cpp.o
[114.513s] [224/243] Building CXX object src/cpp/CMakeFiles/fastdds.dir/statistics/rtps/reader/StatisticsReaderImpl.cpp.o
[114.901s] [225/243] Building CXX object src/cpp/CMakeFiles/fastdds.dir/statistics/rtps/StatisticsBase.cpp.o
[115.249s] [226/243] Building CXX object src/cpp/CMakeFiles/fastdds.dir/statistics/rtps/writer/StatisticsWriterImpl.cpp.o
[115.666s] [227/243] Building CXX object src/cpp/CMakeFiles/fastdds.dir/statistics/types/monitorservice_typesPubSubTypes.cxx.o
[116.091s] [228/243] Building CXX object src/cpp/CMakeFiles/fastdds.dir/statistics/types/monitorservice_typesTypeObjectSupport.cxx.o
[116.558s] [229/243] Building CXX object src/cpp/CMakeFiles/fastdds.dir/statistics/types/typesPubSubTypes.cxx.o
[117.008s] [230/243] Building CXX object src/cpp/CMakeFiles/fastdds.dir/statistics/types/typesTypeObjectSupport.cxx.o
[117.690s] [231/243] Building CXX object src/cpp/CMakeFiles/fastdds.dir/rtps/transport/shared_mem/test_SharedMemTransport.cpp.o
[118.356s] [232/243] Building CXX object src/cpp/CMakeFiles/fastdds.dir/rtps/transport/shared_mem/SharedMemTransport.cpp.o
[119.036s] [233/243] Building CXX object src/cpp/CMakeFiles/fastdds.dir/rtps/transport/TCPChannelResourceSecure.cpp.o
[119.645s] [234/243] Building CXX object src/cpp/CMakeFiles/fastdds.dir/rtps/transport/TCPAcceptorSecure.cpp.o
[120.042s] [235/243] Building CXX object src/cpp/CMakeFiles/fastdds.dir/rtps/persistence/SQLite3PersistenceService.cpp.o
[120.835s] [236/243] Building C object src/cpp/CMakeFiles/fastdds.dir/rtps/persistence/sqlite3.c.o
[121.279s] [237/243] Building CXX object src/cpp/CMakeFiles/fastdds.dir/rtps/domain/RTPSDomainExtras.cpp.o
[121.689s] [238/243] Building CXX object src/cpp/CMakeFiles/fastdds.dir/xmlparser/XMLParserExtras.cpp.o
[121.953s] [239/243] Linking CXX shared library src/cpp/libfastdds.3.4.2.0.dylib
[121.980s] [240/243] Creating library symlink src/cpp/libfastdds.3.4.dylib src/cpp/libfastdds.dylib
[122.354s] [241/243] Building CXX object tools/fds/CMakeFiles/fast-discovery-server.dir/CliDiscoveryEntrypoint.cpp.o
[122.921s] [242/243] Building CXX object tools/fds/CMakeFiles/fast-discovery-server.dir/CliDiscoveryManager.cpp.o
[123.041s] [243/243] Linking CXX executable tools/fds/fast-discovery-server-1.0.1
[123.062s] Invoked command in '/Users/runner/work/pixi_rosdistro/pixi_rosdistro/build/fastdds' returned '0': AMENT_PREFIX_PATH=/Users/runner/work/pixi_rosdistro/pixi_rosdistro/install CMAKE_PREFIX_PATH=/Users/runner/work/pixi_rosdistro/pixi_rosdistro/install DYLD_LIBRARY_PATH=/Users/runner/work/pixi_rosdistro/pixi_rosdistro/install/lib PATH=/Users/runner/work/pixi_rosdistro/pixi_rosdistro/install/bin:${PATH} PIXI_PROMPT=(ros2_rolling) PKG_CONFIG_PATH=/Users/runner/work/pixi_rosdistro/pixi_rosdistro/install/lib/pkgconfig PYTHONPATH=/Users/runner/work/pixi_rosdistro/pixi_rosdistro/install/lib/python3.14/site-packages ROS_DOMAIN_ID=61 SHLVL=3 _=/usr/bin/env /Users/runner/work/pixi_rosdistro/pixi_rosdistro/.pixi/envs/default/bin/cmake --build /Users/runner/work/pixi_rosdistro/pixi_rosdistro/build/fastdds -- -j3 -l3
[123.072s] Invoking command in '/Users/runner/work/pixi_rosdistro/pixi_rosdistro/build/fastdds': AMENT_PREFIX_PATH=/Users/runner/work/pixi_rosdistro/pixi_rosdistro/install CMAKE_PREFIX_PATH=/Users/runner/work/pixi_rosdistro/pixi_rosdistro/install DYLD_LIBRARY_PATH=/Users/runner/work/pixi_rosdistro/pixi_rosdistro/install/lib PATH=/Users/runner/work/pixi_rosdistro/pixi_rosdistro/install/bin:${PATH} PIXI_PROMPT=(ros2_rolling) PKG_CONFIG_PATH=/Users/runner/work/pixi_rosdistro/pixi_rosdistro/install/lib/pkgconfig PYTHONPATH=/Users/runner/work/pixi_rosdistro/pixi_rosdistro/install/lib/python3.14/site-packages ROS_DOMAIN_ID=61 SHLVL=3 _=/usr/bin/env /Users/runner/work/pixi_rosdistro/pixi_rosdistro/.pixi/envs/default/bin/cmake --install /Users/runner/work/pixi_rosdistro/pixi_rosdistro/build/fastdds
[123.089s] -- Install configuration: "Release"
[123.090s] -- Installing: /Users/runner/work/pixi_rosdistro/pixi_rosdistro/install/include/fastdds
[123.090s] -- Installing: /Users/runner/work/pixi_rosdistro/pixi_rosdistro/install/include/fastdds/statistics
[123.090s] -- Installing: /Users/runner/work/pixi_rosdistro/pixi_rosdistro/install/include/fastdds/statistics/topic_names.hpp
[123.090s] -- Installing: /Users/runner/work/pixi_rosdistro/pixi_rosdistro/install/include/fastdds/statistics/IListeners.hpp
[123.090s] -- Installing: /Users/runner/work/pixi_rosdistro/pixi_rosdistro/install/include/fastdds/statistics/rtps
[123.090s] -- Installing: /Users/runner/work/pixi_rosdistro/pixi_rosdistro/install/include/fastdds/statistics/rtps/monitor_service
[123.090s] -- Installing: /Users/runner/work/pixi_rosdistro/pixi_rosdistro/install/include/fastdds/statistics/rtps/monitor_service/connections_fwd.hpp
[123.091s] -- Installing: /Users/runner/work/pixi_rosdistro/pixi_rosdistro/install/include/fastdds/statistics/rtps/StatisticsCommon.hpp
[123.091s] -- Installing: /Users/runner/work/pixi_rosdistro/pixi_rosdistro/install/include/fastdds/statistics/dds
[123.091s] -- Installing: /Users/runner/work/pixi_rosdistro/pixi_rosdistro/install/include/fastdds/statistics/dds/publisher
[123.091s] -- Installing: /Users/runner/work/pixi_rosdistro/pixi_rosdistro/install/include/fastdds/statistics/dds/publisher/qos
[123.091s] -- Installing: /Users/runner/work/pixi_rosdistro/pixi_rosdistro/install/include/fastdds/statistics/dds/publisher/qos/DataWriterQos.hpp
[123.091s] -- Installing: /Users/runner/work/pixi_rosdistro/pixi_rosdistro/install/include/fastdds/statistics/dds/subscriber
[123.091s] -- Installing: /Users/runner/work/pixi_rosdistro/pixi_rosdistro/install/include/fastdds/statistics/dds/subscriber/qos
[123.091s] -- Installing: /Users/runner/work/pixi_rosdistro/pixi_rosdistro/install/include/fastdds/statistics/dds/subscriber/qos/DataReaderQos.hpp
[123.092s] -- Installing: /Users/runner/work/pixi_rosdistro/pixi_rosdistro/install/include/fastdds/statistics/dds/domain
[123.092s] -- Installing: /Users/runner/work/pixi_rosdistro/pixi_rosdistro/install/include/fastdds/statistics/dds/domain/DomainParticipant.hpp
[123.092s] -- Installing: /Users/runner/work/pixi_rosdistro/pixi_rosdistro/install/include/fastdds/fastdds_auto_link.hpp
[123.092s] -- Installing: /Users/runner/work/pixi_rosdistro/pixi_rosdistro/install/include/fastdds/LibrarySettings.hpp
[123.092s] -- Installing: /Users/runner/work/pixi_rosdistro/pixi_rosdistro/install/include/fastdds/fastdds_dll.hpp
[123.092s] -- Installing: /Users/runner/work/pixi_rosdistro/pixi_rosdistro/install/include/fastdds/config
[123.092s] -- Installing: /Users/runner/work/pixi_rosdistro/pixi_rosdistro/install/include/fastdds/config/doxygen_modules.hpp
[123.092s] -- Installing: /Users/runner/work/pixi_rosdistro/pixi_rosdistro/install/include/fastdds/utils
[123.093s] -- Installing: /Users/runner/work/pixi_rosdistro/pixi_rosdistro/install/include/fastdds/utils/IPFinder.hpp
[123.093s] -- Installing: /Users/runner/work/pixi_rosdistro/pixi_rosdistro/install/include/fastdds/utils/fixed_size_bitmap.hpp
[123.093s] -- Installing: /Users/runner/work/pixi_rosdistro/pixi_rosdistro/install/include/fastdds/utils/TimedMutex.hpp
[123.093s] -- Installing: /Users/runner/work/pixi_rosdistro/pixi_rosdistro/install/include/fastdds/utils/IPLocator.hpp
[123.093s] -- Installing: /Users/runner/work/pixi_rosdistro/pixi_rosdistro/install/include/fastdds/utils/md5.hpp
[123.093s] -- Installing: /Users/runner/work/pixi_rosdistro/pixi_rosdistro/install/include/fastdds/utils/TimedConditionVariable.hpp
[123.093s] -- Installing: /Users/runner/work/pixi_rosdistro/pixi_rosdistro/install/include/fastdds/utils/collections
[123.093s] -- Installing: /Users/runner/work/pixi_rosdistro/pixi_rosdistro/install/include/fastdds/utils/collections/ResourceLimitedContainerConfig.hpp
[123.094s] -- Installing: /Users/runner/work/pixi_rosdistro/pixi_rosdistro/install/include/fastdds/utils/collections/ResourceLimitedVector.hpp
[123.094s] -- Installing: /Users/runner/work/pixi_rosdistro/pixi_rosdistro/install/include/fastdds/rtps
[123.094s] -- Installing: /Users/runner/work/pixi_rosdistro/pixi_rosdistro/install/include/fastdds/rtps/reader
[123.094s] -- Installing: /Users/runner/work/pixi_rosdistro/pixi_rosdistro/install/include/fastdds/rtps/reader/ReaderListener.hpp
[123.095s] -- Installing: /Users/runner/work/pixi_rosdistro/pixi_rosdistro/install/include/fastdds/rtps/reader/RTPSReader.hpp
[123.095s] -- Installing: /Users/runner/work/pixi_rosdistro/pixi_rosdistro/install/include/fastdds/rtps/reader/ReaderDiscoveryStatus.hpp
[123.095s] -- Installing: /Users/runner/work/pixi_rosdistro/pixi_rosdistro/install/include/fastdds/rtps/flowcontrol
[123.095s] -- Installing: /Users/runner/work/pixi_rosdistro/pixi_rosdistro/install/include/fastdds/rtps/flowcontrol/FlowControllerSchedulerPolicy.hpp
[123.095s] -- Installing: /Users/runner/work/pixi_rosdistro/pixi_rosdistro/install/include/fastdds/rtps/flowcontrol/FlowControllerDescriptor.hpp
[123.096s] -- Installing: /Users/runner/work/pixi_rosdistro/pixi_rosdistro/install/include/fastdds/rtps/flowcontrol/FlowControllerConsts.hpp
[123.096s] -- Installing: /Users/runner/work/pixi_rosdistro/pixi_rosdistro/install/include/fastdds/rtps/messages
[123.096s] -- Installing: /Users/runner/work/pixi_rosdistro/pixi_rosdistro/install/include/fastdds/rtps/messages/RTPSMessageSenderInterface.hpp
[123.096s] -- Installing: /Users/runner/work/pixi_rosdistro/pixi_rosdistro/install/include/fastdds/rtps/messages/RTPS_messages.hpp
[123.096s] -- Installing: /Users/runner/work/pixi_rosdistro/pixi_rosdistro/install/include/fastdds/rtps/RTPSDomain.hpp
[123.096s] -- Installing: /Users/runner/work/pixi_rosdistro/pixi_rosdistro/install/include/fastdds/rtps/transport
[123.097s] -- Installing: /Users/runner/work/pixi_rosdistro/pixi_rosdistro/install/include/fastdds/rtps/transport/TransportInterface.hpp
[123.097s] -- Installing: /Users/runner/work/pixi_rosdistro/pixi_rosdistro/install/include/fastdds/rtps/transport/SocketTransportDescriptor.hpp
[123.097s] -- Installing: /Users/runner/work/pixi_rosdistro/pixi_rosdistro/install/include/fastdds/rtps/transport/UDPv4TransportDescriptor.hpp
[123.097s] -- Installing: /Users/runner/work/pixi_rosdistro/pixi_rosdistro/install/include/fastdds/rtps/transport/TCPv6TransportDescriptor.hpp
[123.097s] -- Installing: /Users/runner/work/pixi_rosdistro/pixi_rosdistro/install/include/fastdds/rtps/transport/network
[123.097s] -- Installing: /Users/runner/work/pixi_rosdistro/pixi_rosdistro/install/include/fastdds/rtps/transport/network/NetworkInterface.hpp
[123.098s] -- Installing: /Users/runner/work/pixi_rosdistro/pixi_rosdistro/install/include/fastdds/rtps/transport/network/AllowedNetworkInterface.hpp
[123.098s] -- Installing: /Users/runner/work/pixi_rosdistro/pixi_rosdistro/install/include/fastdds/rtps/transport/network/BlockedNetworkInterface.hpp
[123.098s] -- Installing: /Users/runner/work/pixi_rosdistro/pixi_rosdistro/install/include/fastdds/rtps/transport/network/NetmaskFilterKind.hpp
[123.098s] -- Installing: /Users/runner/work/pixi_rosdistro/pixi_rosdistro/install/include/fastdds/rtps/transport/network/NetworkInterfaceWithFilter.hpp
[123.098s] -- Installing: /Users/runner/work/pixi_rosdistro/pixi_rosdistro/install/include/fastdds/rtps/transport/UDPv6TransportDescriptor.hpp
[123.098s] -- Installing: /Users/runner/work/pixi_rosdistro/pixi_rosdistro/install/include/fastdds/rtps/transport/TCPv4TransportDescriptor.hpp
[123.098s] -- Installing: /Users/runner/work/pixi_rosdistro/pixi_rosdistro/install/include/fastdds/rtps/transport/ChainingTransportDescriptor.hpp
[123.099s] -- Installing: /Users/runner/work/pixi_rosdistro/pixi_rosdistro/install/include/fastdds/rtps/transport/ChainingTransport.hpp
[123.099s] -- Installing: /Users/runner/work/pixi_rosdistro/pixi_rosdistro/install/include/fastdds/rtps/transport/TransportDescriptorInterface.hpp
[123.099s] -- Installing: /Users/runner/work/pixi_rosdistro/pixi_rosdistro/install/include/fastdds/rtps/transport/shared_mem
[123.099s] -- Installing: /Users/runner/work/pixi_rosdistro/pixi_rosdistro/install/include/fastdds/rtps/transport/shared_mem/test_SharedMemTransportDescriptor.hpp
[123.099s] -- Installing: /Users/runner/work/pixi_rosdistro/pixi_rosdistro/install/include/fastdds/rtps/transport/shared_mem/SharedMemTransportDescriptor.hpp
[123.099s] -- Installing: /Users/runner/work/pixi_rosdistro/pixi_rosdistro/install/include/fastdds/rtps/transport/TCPTransportDescriptor.hpp
[123.099s] -- Installing: /Users/runner/work/pixi_rosdistro/pixi_rosdistro/install/include/fastdds/rtps/transport/TransportReceiverInterface.hpp
[123.100s] -- Installing: /Users/runner/work/pixi_rosdistro/pixi_rosdistro/install/include/fastdds/rtps/transport/test_UDPv4TransportDescriptor.hpp
[123.100s] -- Installing: /Users/runner/work/pixi_rosdistro/pixi_rosdistro/install/include/fastdds/rtps/transport/UDPTransportDescriptor.hpp
[123.100s] -- Installing: /Users/runner/work/pixi_rosdistro/pixi_rosdistro/install/include/fastdds/rtps/transport/SenderResource.hpp
[123.100s] -- Installing: /Users/runner/work/pixi_rosdistro/pixi_rosdistro/install/include/fastdds/rtps/transport/PortBasedTransportDescriptor.hpp
[123.101s] -- Installing: /Users/runner/work/pixi_rosdistro/pixi_rosdistro/install/include/fastdds/rtps/transport/NetworkBuffer.hpp
[123.101s] -- Installing: /Users/runner/work/pixi_rosdistro/pixi_rosdistro/install/include/fastdds/rtps/participant
[123.101s] -- Installing: /Users/runner/work/pixi_rosdistro/pixi_rosdistro/install/include/fastdds/rtps/participant/RTPSParticipant.hpp
[123.101s] -- Installing: /Users/runner/work/pixi_rosdistro/pixi_rosdistro/install/include/fastdds/rtps/participant/ParticipantDiscoveryInfo.hpp
[123.101s] -- Installing: /Users/runner/work/pixi_rosdistro/pixi_rosdistro/install/include/fastdds/rtps/participant/RTPSParticipantListener.hpp
[123.101s] -- Installing: /Users/runner/work/pixi_rosdistro/pixi_rosdistro/install/include/fastdds/rtps/attributes
[123.101s] -- Installing: /Users/runner/work/pixi_rosdistro/pixi_rosdistro/install/include/fastdds/rtps/attributes/RTPSParticipantAttributes.hpp
[123.101s] -- Installing: /Users/runner/work/pixi_rosdistro/pixi_rosdistro/install/include/fastdds/rtps/attributes/EndpointSecurityAttributes.hpp
[123.102s] -- Installing: /Users/runner/work/pixi_rosdistro/pixi_rosdistro/install/include/fastdds/rtps/attributes/RTPSParticipantAllocationAttributes.hpp
[123.102s] -- Installing: /Users/runner/work/pixi_rosdistro/pixi_rosdistro/install/include/fastdds/rtps/attributes/EndpointAttributes.hpp
[123.102s] -- Installing: /Users/runner/work/pixi_rosdistro/pixi_rosdistro/install/include/fastdds/rtps/attributes/WriterAttributes.hpp
[123.104s] -- Installing: /Users/runner/work/pixi_rosdistro/pixi_rosdistro/install/include/fastdds/rtps/attributes/ExternalLocators.hpp
[123.104s] -- Installing: /Users/runner/work/pixi_rosdistro/pixi_rosdistro/install/include/fastdds/rtps/attributes/PropertyPolicy.hpp
[123.104s] -- Installing: /Users/runner/work/pixi_rosdistro/pixi_rosdistro/install/include/fastdds/rtps/attributes/HistoryAttributes.hpp
[123.104s] -- Installing: /Users/runner/work/pixi_rosdistro/pixi_rosdistro/install/include/fastdds/rtps/attributes/BuiltinTransports.hpp
[123.104s] -- Installing: /Users/runner/work/pixi_rosdistro/pixi_rosdistro/install/include/fastdds/rtps/attributes/ReaderAttributes.hpp
[123.105s] -- Installing: /Users/runner/work/pixi_rosdistro/pixi_rosdistro/install/include/fastdds/rtps/attributes/ResourceManagement.hpp
[123.105s] -- Installing: /Users/runner/work/pixi_rosdistro/pixi_rosdistro/install/include/fastdds/rtps/attributes/ThreadSettings.hpp
[123.105s] -- Installing: /Users/runner/work/pixi_rosdistro/pixi_rosdistro/install/include/fastdds/rtps/common
[123.105s] -- Installing: /Users/runner/work/pixi_rosdistro/pixi_rosdistro/install/include/fastdds/rtps/common/Guid.hpp
[123.105s] -- Installing: /Users/runner/work/pixi_rosdistro/pixi_rosdistro/install/include/fastdds/rtps/common/LocatorList.hpp
[123.105s] -- Installing: /Users/runner/work/pixi_rosdistro/pixi_rosdistro/install/include/fastdds/rtps/common/LocatorsIterator.hpp
[123.105s] -- Installing: /Users/runner/work/pixi_rosdistro/pixi_rosdistro/install/include/fastdds/rtps/common/CacheChange.hpp
[123.105s] -- Installing: /Users/runner/work/pixi_rosdistro/pixi_rosdistro/install/include/fastdds/rtps/common/LocatorSelector.hpp
[123.105s] -- Installing: /Users/runner/work/pixi_rosdistro/pixi_rosdistro/install/include/fastdds/rtps/common/ProductVersion_t.hpp
[123.106s] -- Installing: /Users/runner/work/pixi_rosdistro/pixi_rosdistro/install/include/fastdds/rtps/common/Token.hpp
[123.106s] -- Installing: /Users/runner/work/pixi_rosdistro/pixi_rosdistro/install/include/fastdds/rtps/common/CdrSerialization.hpp
[123.106s] -- Installing: /Users/runner/work/pixi_rosdistro/pixi_rosdistro/install/include/fastdds/rtps/common/VendorId_t.hpp
[123.106s] -- Installing: /Users/runner/work/pixi_rosdistro/pixi_rosdistro/install/include/fastdds/rtps/common/FragmentNumber.hpp
[123.106s] -- Installing: /Users/runner/work/pixi_rosdistro/pixi_rosdistro/install/include/fastdds/rtps/common/Locator.hpp
[123.106s] -- Installing: /Users/runner/work/pixi_rosdistro/pixi_rosdistro/install/include/fastdds/rtps/common/ChangeKind_t.hpp
[123.106s] -- Installing: /Users/runner/work/pixi_rosdistro/pixi_rosdistro/install/include/fastdds/rtps/common/InstanceHandle.hpp
[123.107s] -- Installing: /Users/runner/work/pixi_rosdistro/pixi_rosdistro/install/include/fastdds/rtps/common/RemoteLocators.hpp
[123.107s] -- Installing: /Users/runner/work/pixi_rosdistro/pixi_rosdistro/install/include/fastdds/rtps/common/Property.hpp
[123.107s] -- Installing: /Users/runner/work/pixi_rosdistro/pixi_rosdistro/install/include/fastdds/rtps/common/PortParameters.hpp
[123.107s] -- Installing: /Users/runner/work/pixi_rosdistro/pixi_rosdistro/install/include/fastdds/rtps/common/OriginalWriterInfo.hpp
[123.107s] -- Installing: /Users/runner/work/pixi_rosdistro/pixi_rosdistro/install/include/fastdds/rtps/common/Time_t.hpp
[123.107s] -- Installing: /Users/runner/work/pixi_rosdistro/pixi_rosdistro/install/include/fastdds/rtps/common/SampleIdentity.hpp
[123.107s] -- Installing: /Users/runner/work/pixi_rosdistro/pixi_rosdistro/install/include/fastdds/rtps/common/CDRMessage_t.hpp
[123.108s] -- Installing: /Users/runner/work/pixi_rosdistro/pixi_rosdistro/install/include/fastdds/rtps/common/SequenceNumber.hpp
[123.108s] -- Installing: /Users/runner/work/pixi_rosdistro/pixi_rosdistro/install/include/fastdds/rtps/common/GuidPrefix_t.hpp
[123.108s] -- Installing: /Users/runner/work/pixi_rosdistro/pixi_rosdistro/install/include/fastdds/rtps/common/MatchingInfo.hpp
[123.108s] -- Installing: /Users/runner/work/pixi_rosdistro/pixi_rosdistro/install/include/fastdds/rtps/common/LocatorSelectorEntry.hpp
[123.108s] -- Installing: /Users/runner/work/pixi_rosdistro/pixi_rosdistro/install/include/fastdds/rtps/common/BinaryProperty.hpp
[123.109s] -- Installing: /Users/runner/work/pixi_rosdistro/pixi_rosdistro/install/include/fastdds/rtps/common/WriteParams.hpp
[123.109s] -- Installing: /Users/runner/work/pixi_rosdistro/pixi_rosdistro/install/include/fastdds/rtps/common/EntityId_t.hpp
[123.109s] -- Installing: /Users/runner/work/pixi_rosdistro/pixi_rosdistro/install/include/fastdds/rtps/common/Types.hpp
[123.109s] -- Installing: /Users/runner/work/pixi_rosdistro/pixi_rosdistro/install/include/fastdds/rtps/common/LocatorListComparisons.hpp
[123.109s] -- Installing: /Users/runner/work/pixi_rosdistro/pixi_rosdistro/install/include/fastdds/rtps/common/LocatorWithMask.hpp
[123.110s] -- Installing: /Users/runner/work/pixi_rosdistro/pixi_rosdistro/install/include/fastdds/rtps/common/SerializedPayload.hpp
[123.110s] -- Installing: /Users/runner/work/pixi_rosdistro/pixi_rosdistro/install/include/fastdds/rtps/writer
[123.110s] -- Installing: /Users/runner/work/pixi_rosdistro/pixi_rosdistro/install/include/fastdds/rtps/writer/RTPSWriter.hpp
[123.110s] -- Installing: /Users/runner/work/pixi_rosdistro/pixi_rosdistro/install/include/fastdds/rtps/writer/WriterListener.hpp
[123.110s] -- Installing: /Users/runner/work/pixi_rosdistro/pixi_rosdistro/install/include/fastdds/rtps/writer/WriterDiscoveryStatus.hpp
[123.110s] -- Installing: /Users/runner/work/pixi_rosdistro/pixi_rosdistro/install/include/fastdds/rtps/Endpoint.hpp
[123.111s] -- Installing: /Users/runner/work/pixi_rosdistro/pixi_rosdistro/install/include/fastdds/rtps/history
[123.111s] -- Installing: /Users/runner/work/pixi_rosdistro/pixi_rosdistro/install/include/fastdds/rtps/history/ReaderHistory.hpp
[123.111s] -- Installing: /Users/runner/work/pixi_rosdistro/pixi_rosdistro/install/include/fastdds/rtps/history/IChangePool.hpp
[123.111s] -- Installing: /Users/runner/work/pixi_rosdistro/pixi_rosdistro/install/include/fastdds/rtps/history/WriterHistory.hpp
[123.111s] -- Installing: /Users/runner/work/pixi_rosdistro/pixi_rosdistro/install/include/fastdds/rtps/history/History.hpp
[123.111s] -- Installing: /Users/runner/work/pixi_rosdistro/pixi_rosdistro/install/include/fastdds/rtps/history/IPayloadPool.hpp
[123.112s] -- Installing: /Users/runner/work/pixi_rosdistro/pixi_rosdistro/install/include/fastdds/rtps/builtin
[123.112s] -- Installing: /Users/runner/work/pixi_rosdistro/pixi_rosdistro/install/include/fastdds/rtps/builtin/data
[123.112s] -- Installing: /Users/runner/work/pixi_rosdistro/pixi_rosdistro/install/include/fastdds/rtps/builtin/data/ParticipantBuiltinTopicData.hpp
[123.112s] -- Installing: /Users/runner/work/pixi_rosdistro/pixi_rosdistro/install/include/fastdds/rtps/builtin/data/PublicationBuiltinTopicData.hpp
[123.112s] -- Installing: /Users/runner/work/pixi_rosdistro/pixi_rosdistro/install/include/fastdds/rtps/builtin/data/SubscriptionBuiltinTopicData.hpp
[123.112s] -- Installing: /Users/runner/work/pixi_rosdistro/pixi_rosdistro/install/include/fastdds/rtps/builtin/data/TopicDescription.hpp
[123.113s] -- Installing: /Users/runner/work/pixi_rosdistro/pixi_rosdistro/install/include/fastdds/rtps/builtin/data/BuiltinEndpoints.hpp
[123.113s] -- Installing: /Users/runner/work/pixi_rosdistro/pixi_rosdistro/install/include/fastdds/rtps/builtin/data/BuiltinTopicKey.hpp
[123.113s] -- Installing: /Users/runner/work/pixi_rosdistro/pixi_rosdistro/install/include/fastdds/rtps/builtin/data/ContentFilterProperty.hpp
[123.113s] -- Installing: /Users/runner/work/pixi_rosdistro/pixi_rosdistro/install/include/fastdds/rtps/interfaces
[123.113s] -- Installing: /Users/runner/work/pixi_rosdistro/pixi_rosdistro/install/include/fastdds/rtps/interfaces/IReaderDataFilter.hpp
[123.114s] -- Installing: /Users/runner/work/pixi_rosdistro/pixi_rosdistro/install/include/fastdds/dds
[123.114s] -- Installing: /Users/runner/work/pixi_rosdistro/pixi_rosdistro/install/include/fastdds/dds/core
[123.119s] -- Installing: /Users/runner/work/pixi_rosdistro/pixi_rosdistro/install/include/fastdds/dds/core/UserAllocatedSequence.hpp
[123.119s] -- Installing: /Users/runner/work/pixi_rosdistro/pixi_rosdistro/install/include/fastdds/dds/core/status
[123.120s] -- Installing: /Users/runner/work/pixi_rosdistro/pixi_rosdistro/install/include/fastdds/dds/core/status/IncompatibleQosStatus.hpp
[123.120s] -- Installing: /Users/runner/work/pixi_rosdistro/pixi_rosdistro/install/include/fastdds/dds/core/status/StatusMask.hpp
[123.120s] -- Installing: /Users/runner/work/pixi_rosdistro/pixi_rosdistro/install/include/fastdds/dds/core/status/DeadlineMissedStatus.hpp
[123.120s] -- Installing: /Users/runner/work/pixi_rosdistro/pixi_rosdistro/install/include/fastdds/dds/core/status/BaseStatus.hpp
[123.120s] -- Installing: /Users/runner/work/pixi_rosdistro/pixi_rosdistro/install/include/fastdds/dds/core/status/PublicationMatchedStatus.hpp
[123.120s] -- Installing: /Users/runner/work/pixi_rosdistro/pixi_rosdistro/install/include/fastdds/dds/core/status/MatchedStatus.hpp
[123.120s] -- Installing: /Users/runner/work/pixi_rosdistro/pixi_rosdistro/install/include/fastdds/dds/core/status/SubscriptionMatchedStatus.hpp
[123.121s] -- Installing: /Users/runner/work/pixi_rosdistro/pixi_rosdistro/install/include/fastdds/dds/core/status/LivelinessChangedStatus.hpp
[123.121s] -- Installing: /Users/runner/work/pixi_rosdistro/pixi_rosdistro/install/include/fastdds/dds/core/status/SampleRejectedStatus.hpp
[123.121s] -- Installing: /Users/runner/work/pixi_rosdistro/pixi_rosdistro/install/include/fastdds/dds/core/LoanableTypedCollection.hpp
[123.121s] -- Installing: /Users/runner/work/pixi_rosdistro/pixi_rosdistro/install/include/fastdds/dds/core/detail
[123.121s] -- Installing: /Users/runner/work/pixi_rosdistro/pixi_rosdistro/install/include/fastdds/dds/core/detail/DDSReturnCode.hpp
[123.121s] -- Installing: /Users/runner/work/pixi_rosdistro/pixi_rosdistro/install/include/fastdds/dds/core/detail/DDSSecurityReturnCode.hpp
[123.122s] -- Installing: /Users/runner/work/pixi_rosdistro/pixi_rosdistro/install/include/fastdds/dds/core/condition
[123.122s] -- Installing: /Users/runner/work/pixi_rosdistro/pixi_rosdistro/install/include/fastdds/dds/core/condition/GuardCondition.hpp
[123.122s] -- Installing: /Users/runner/work/pixi_rosdistro/pixi_rosdistro/install/include/fastdds/dds/core/condition/StatusCondition.hpp
[123.122s] -- Installing: /Users/runner/work/pixi_rosdistro/pixi_rosdistro/install/include/fastdds/dds/core/condition/WaitSet.hpp
[123.122s] -- Installing: /Users/runner/work/pixi_rosdistro/pixi_rosdistro/install/include/fastdds/dds/core/condition/Condition.hpp
[123.122s] -- Installing: /Users/runner/work/pixi_rosdistro/pixi_rosdistro/install/include/fastdds/dds/core/Time_t.hpp
[123.122s] -- Installing: /Users/runner/work/pixi_rosdistro/pixi_rosdistro/install/include/fastdds/dds/core/LoanableCollection.hpp
[123.124s] -- Installing: /Users/runner/work/pixi_rosdistro/pixi_rosdistro/install/include/fastdds/dds/core/LoanableSequence.hpp
[123.124s] -- Installing: /Users/runner/work/pixi_rosdistro/pixi_rosdistro/install/include/fastdds/dds/core/LoanableArray.hpp
[123.124s] -- Installing: /Users/runner/work/pixi_rosdistro/pixi_rosdistro/install/include/fastdds/dds/core/StackAllocatedSequence.hpp
[123.124s] -- Installing: /Users/runner/work/pixi_rosdistro/pixi_rosdistro/install/include/fastdds/dds/core/Types.hpp
[123.125s] -- Installing: /Users/runner/work/pixi_rosdistro/pixi_rosdistro/install/include/fastdds/dds/core/policy
[123.125s] -- Installing: /Users/runner/work/pixi_rosdistro/pixi_rosdistro/install/include/fastdds/dds/core/policy/RTPSReliableReaderQos.hpp
[123.125s] -- Installing: /Users/runner/work/pixi_rosdistro/pixi_rosdistro/install/include/fastdds/dds/core/policy/QosPolicies.hpp
[123.125s] -- Installing: /Users/runner/work/pixi_rosdistro/pixi_rosdistro/install/include/fastdds/dds/core/policy/ReaderResourceLimitsQos.hpp
[123.125s] -- Installing: /Users/runner/work/pixi_rosdistro/pixi_rosdistro/install/include/fastdds/dds/core/policy/ReaderDataLifecycleQosPolicy.hpp
[123.125s] -- Installing: /Users/runner/work/pixi_rosdistro/pixi_rosdistro/install/include/fastdds/dds/core/policy/RTPSReliableWriterQos.hpp
[123.126s] -- Installing: /Users/runner/work/pixi_rosdistro/pixi_rosdistro/install/include/fastdds/dds/core/policy/ParameterTypes.hpp
[123.126s] -- Installing: /Users/runner/work/pixi_rosdistro/pixi_rosdistro/install/include/fastdds/dds/core/policy/WriterDataLifecycleQosPolicy.hpp
[123.126s] -- Installing: /Users/runner/work/pixi_rosdistro/pixi_rosdistro/install/include/fastdds/dds/core/Entity.hpp
[123.126s] -- Installing: /Users/runner/work/pixi_rosdistro/pixi_rosdistro/install/include/fastdds/dds/core/ReturnCode.hpp
[123.126s] -- Installing: /Users/runner/work/pixi_rosdistro/pixi_rosdistro/install/include/fastdds/dds/publisher
[123.126s] -- Installing: /Users/runner/work/pixi_rosdistro/pixi_rosdistro/install/include/fastdds/dds/publisher/DataWriter.hpp
[123.126s] -- Installing: /Users/runner/work/pixi_rosdistro/pixi_rosdistro/install/include/fastdds/dds/publisher/qos
[123.126s] -- Installing: /Users/runner/work/pixi_rosdistro/pixi_rosdistro/install/include/fastdds/dds/publisher/qos/WriterQos.hpp
[123.127s] -- Installing: /Users/runner/work/pixi_rosdistro/pixi_rosdistro/install/include/fastdds/dds/publisher/qos/DataWriterQos.hpp
[123.127s] -- Installing: /Users/runner/work/pixi_rosdistro/pixi_rosdistro/install/include/fastdds/dds/publisher/qos/PublisherQos.hpp
[123.127s] -- Installing: /Users/runner/work/pixi_rosdistro/pixi_rosdistro/install/include/fastdds/dds/publisher/Publisher.hpp
[123.127s] -- Installing: /Users/runner/work/pixi_rosdistro/pixi_rosdistro/install/include/fastdds/dds/publisher/PublisherListener.hpp
[123.127s] -- Installing: /Users/runner/work/pixi_rosdistro/pixi_rosdistro/install/include/fastdds/dds/publisher/DataWriterListener.hpp
[123.127s] -- Installing: /Users/runner/work/pixi_rosdistro/pixi_rosdistro/install/include/fastdds/dds/topic
[123.128s] -- Installing: /Users/runner/work/pixi_rosdistro/pixi_rosdistro/install/include/fastdds/dds/topic/TopicDataType.hpp
[123.128s] -- Installing: /Users/runner/work/pixi_rosdistro/pixi_rosdistro/install/include/fastdds/dds/topic/ContentFilteredTopic.hpp
[123.128s] -- Installing: /Users/runner/work/pixi_rosdistro/pixi_rosdistro/install/include/fastdds/dds/topic/IContentFilter.hpp
[123.128s] -- Installing: /Users/runner/work/pixi_rosdistro/pixi_rosdistro/install/include/fastdds/dds/topic/qos
[123.128s] -- Installing: /Users/runner/work/pixi_rosdistro/pixi_rosdistro/install/include/fastdds/dds/topic/qos/TopicQos.hpp
[123.128s] -- Installing: /Users/runner/work/pixi_rosdistro/pixi_rosdistro/install/include/fastdds/dds/topic/TopicDescription.hpp
[123.128s] -- Installing: /Users/runner/work/pixi_rosdistro/pixi_rosdistro/install/include/fastdds/dds/topic/TopicListener.hpp
[123.129s] -- Installing: /Users/runner/work/pixi_rosdistro/pixi_rosdistro/install/include/fastdds/dds/topic/TypeSupport.hpp
[123.129s] -- Installing: /Users/runner/work/pixi_rosdistro/pixi_rosdistro/install/include/fastdds/dds/topic/IContentFilterFactory.hpp
[123.129s] -- Installing: /Users/runner/work/pixi_rosdistro/pixi_rosdistro/install/include/fastdds/dds/topic/Topic.hpp
[123.129s] -- Installing: /Users/runner/work/pixi_rosdistro/pixi_rosdistro/install/include/fastdds/dds/common
[123.129s] -- Installing: /Users/runner/work/pixi_rosdistro/pixi_rosdistro/install/include/fastdds/dds/common/InstanceHandle.hpp
[123.129s] -- Installing: /Users/runner/work/pixi_rosdistro/pixi_rosdistro/install/include/fastdds/dds/log
[123.129s] -- Installing: /Users/runner/work/pixi_rosdistro/pixi_rosdistro/install/include/fastdds/dds/log/Colors.hpp
[123.130s] -- Installing: /Users/runner/work/pixi_rosdistro/pixi_rosdistro/install/include/fastdds/dds/log/OStreamConsumer.hpp
[123.130s] -- Installing: /Users/runner/work/pixi_rosdistro/pixi_rosdistro/install/include/fastdds/dds/log/StdoutErrConsumer.hpp
[123.130s] -- Installing: /Users/runner/work/pixi_rosdistro/pixi_rosdistro/install/include/fastdds/dds/log/StdoutConsumer.hpp
[123.130s] -- Installing: /Users/runner/work/pixi_rosdistro/pixi_rosdistro/install/include/fastdds/dds/log/Log.hpp
[123.130s] -- Installing: /Users/runner/work/pixi_rosdistro/pixi_rosdistro/install/include/fastdds/dds/log/FileConsumer.hpp
[123.130s] -- Installing: /Users/runner/work/pixi_rosdistro/pixi_rosdistro/install/include/fastdds/dds/xtypes
[123.130s] -- Installing: /Users/runner/work/pixi_rosdistro/pixi_rosdistro/install/include/fastdds/dds/xtypes/type_representation
[123.130s] -- Installing: /Users/runner/work/pixi_rosdistro/pixi_rosdistro/install/include/fastdds/dds/xtypes/type_representation/detail
[123.131s] -- Installing: /Users/runner/work/pixi_rosdistro/pixi_rosdistro/install/include/fastdds/dds/xtypes/type_representation/detail/dds_xtypes_typeobjectPubSubTypes.hpp
[123.131s] -- Installing: /Users/runner/work/pixi_rosdistro/pixi_rosdistro/install/include/fastdds/dds/xtypes/type_representation/detail/dds_xtypes_typeobjectCdrAux.hpp
[123.131s] -- Installing: /Users/runner/work/pixi_rosdistro/pixi_rosdistro/install/include/fastdds/dds/xtypes/type_representation/detail/dds_xtypes_typeobject.hpp
[123.131s] -- Installing: /Users/runner/work/pixi_rosdistro/pixi_rosdistro/install/include/fastdds/dds/xtypes/type_representation/ITypeObjectRegistry.hpp
[123.131s] -- Installing: /Users/runner/work/pixi_rosdistro/pixi_rosdistro/install/include/fastdds/dds/xtypes/type_representation/TypeObject.hpp
[123.131s] -- Installing: /Users/runner/work/pixi_rosdistro/pixi_rosdistro/install/include/fastdds/dds/xtypes/type_representation/TypeObjectUtils.hpp
[123.132s] -- Installing: /Users/runner/work/pixi_rosdistro/pixi_rosdistro/install/include/fastdds/dds/xtypes/dynamic_types
[123.132s] -- Installing: /Users/runner/work/pixi_rosdistro/pixi_rosdistro/install/include/fastdds/dds/xtypes/dynamic_types/DynamicType.hpp
[123.132s] -- Installing: /Users/runner/work/pixi_rosdistro/pixi_rosdistro/install/include/fastdds/dds/xtypes/dynamic_types/DynamicTypeBuilder.hpp
[123.132s] -- Installing: /Users/runner/work/pixi_rosdistro/pixi_rosdistro/install/include/fastdds/dds/xtypes/dynamic_types/DynamicPubSubType.hpp
[123.132s] -- Installing: /Users/runner/work/pixi_rosdistro/pixi_rosdistro/install/include/fastdds/dds/xtypes/dynamic_types/TypeDescriptor.hpp
[123.132s] -- Installing: /Users/runner/work/pixi_rosdistro/pixi_rosdistro/install/include/fastdds/dds/xtypes/dynamic_types/type_traits.hpp
[123.132s] -- Installing: /Users/runner/work/pixi_rosdistro/pixi_rosdistro/install/include/fastdds/dds/xtypes/dynamic_types/AnnotationDescriptor.hpp
[123.133s] -- Installing: /Users/runner/work/pixi_rosdistro/pixi_rosdistro/install/include/fastdds/dds/xtypes/dynamic_types/DynamicDataFactory.hpp
[123.133s] -- Installing: /Users/runner/work/pixi_rosdistro/pixi_rosdistro/install/include/fastdds/dds/xtypes/dynamic_types/VerbatimTextDescriptor.hpp
[123.133s] -- Installing: /Users/runner/work/pixi_rosdistro/pixi_rosdistro/install/include/fastdds/dds/xtypes/dynamic_types/detail
[123.133s] -- Installing: /Users/runner/work/pixi_rosdistro/pixi_rosdistro/install/include/fastdds/dds/xtypes/dynamic_types/detail/dynamic_language_binding.hpp
[123.133s] -- Installing: /Users/runner/work/pixi_rosdistro/pixi_rosdistro/install/include/fastdds/dds/xtypes/dynamic_types/detail/type_traits.hpp
[123.133s] -- Installing: /Users/runner/work/pixi_rosdistro/pixi_rosdistro/install/include/fastdds/dds/xtypes/dynamic_types/DynamicData.hpp
[123.134s] -- Installing: /Users/runner/work/pixi_rosdistro/pixi_rosdistro/install/include/fastdds/dds/xtypes/dynamic_types/DynamicTypeBuilderFactory.hpp
[123.134s] -- Installing: /Users/runner/work/pixi_rosdistro/pixi_rosdistro/install/include/fastdds/dds/xtypes/dynamic_types/Types.hpp
[123.134s] -- Installing: /Users/runner/work/pixi_rosdistro/pixi_rosdistro/install/include/fastdds/dds/xtypes/dynamic_types/MemberDescriptor.hpp
[123.134s] -- Installing: /Users/runner/work/pixi_rosdistro/pixi_rosdistro/install/include/fastdds/dds/xtypes/dynamic_types/DynamicTypeMember.hpp
[123.134s] -- Installing: /Users/runner/work/pixi_rosdistro/pixi_rosdistro/install/include/fastdds/dds/xtypes/common.hpp
[123.134s] -- Installing: /Users/runner/work/pixi_rosdistro/pixi_rosdistro/install/include/fastdds/dds/xtypes/utils.hpp
[123.135s] -- Installing: /Users/runner/work/pixi_rosdistro/pixi_rosdistro/install/include/fastdds/dds/xtypes/exception
[123.135s] -- Installing: /Users/runner/work/pixi_rosdistro/pixi_rosdistro/install/include/fastdds/dds/xtypes/exception/Exception.hpp
[123.135s] -- Installing: /Users/runner/work/pixi_rosdistro/pixi_rosdistro/install/include/fastdds/dds/subscriber
[123.135s] -- Installing: /Users/runner/work/pixi_rosdistro/pixi_rosdistro/install/include/fastdds/dds/subscriber/SubscriberListener.hpp
[123.135s] -- Installing: /Users/runner/work/pixi_rosdistro/pixi_rosdistro/install/include/fastdds/dds/subscriber/InstanceState.hpp
[123.135s] -- Installing: /Users/runner/work/pixi_rosdistro/pixi_rosdistro/install/include/fastdds/dds/subscriber/qos
[123.135s] -- Installing: /Users/runner/work/pixi_rosdistro/pixi_rosdistro/install/include/fastdds/dds/subscriber/qos/SubscriberQos.hpp
[123.135s] -- Installing: /Users/runner/work/pixi_rosdistro/pixi_rosdistro/install/include/fastdds/dds/subscriber/qos/DataReaderQos.hpp
[123.136s] -- Installing: /Users/runner/work/pixi_rosdistro/pixi_rosdistro/install/include/fastdds/dds/subscriber/qos/ReaderQos.hpp
[123.136s] -- Installing: /Users/runner/work/pixi_rosdistro/pixi_rosdistro/install/include/fastdds/dds/subscriber/DataReader.hpp
[123.136s] -- Installing: /Users/runner/work/pixi_rosdistro/pixi_rosdistro/install/include/fastdds/dds/subscriber/ViewState.hpp
[123.136s] -- Installing: /Users/runner/work/pixi_rosdistro/pixi_rosdistro/install/include/fastdds/dds/subscriber/DataReaderListener.hpp
[123.136s] -- Installing: /Users/runner/work/pixi_rosdistro/pixi_rosdistro/install/include/fastdds/dds/subscriber/SampleInfo.hpp
[123.136s] -- Installing: /Users/runner/work/pixi_rosdistro/pixi_rosdistro/install/include/fastdds/dds/subscriber/Subscriber.hpp
[123.137s] -- Installing: /Users/runner/work/pixi_rosdistro/pixi_rosdistro/install/include/fastdds/dds/subscriber/SampleState.hpp
[123.137s] -- Installing: /Users/runner/work/pixi_rosdistro/pixi_rosdistro/install/include/fastdds/dds/subscriber/ReadCondition.hpp
[123.137s] -- Installing: /Users/runner/work/pixi_rosdistro/pixi_rosdistro/install/include/fastdds/dds/rpc
[123.137s] -- Installing: /Users/runner/work/pixi_rosdistro/pixi_rosdistro/install/include/fastdds/dds/rpc/RemoteExceptionCode_t.hpp
[123.137s] -- Installing: /Users/runner/work/pixi_rosdistro/pixi_rosdistro/install/include/fastdds/dds/rpc/Replier.hpp
[123.138s] -- Installing: /Users/runner/work/pixi_rosdistro/pixi_rosdistro/install/include/fastdds/dds/rpc/RPCTypeObjectSupport.hpp
[123.138s] -- Installing: /Users/runner/work/pixi_rosdistro/pixi_rosdistro/install/include/fastdds/dds/rpc/Service.hpp
[123.139s] -- Installing: /Users/runner/work/pixi_rosdistro/pixi_rosdistro/install/include/fastdds/dds/rpc/Requester.hpp
[123.139s] -- Installing: /Users/runner/work/pixi_rosdistro/pixi_rosdistro/install/include/fastdds/dds/rpc/exceptions
[123.142s] -- Installing: /Users/runner/work/pixi_rosdistro/pixi_rosdistro/install/include/fastdds/dds/rpc/exceptions/RpcRemoteException.hpp
[123.142s] -- Installing: /Users/runner/work/pixi_rosdistro/pixi_rosdistro/install/include/fastdds/dds/rpc/exceptions/RpcFeedCancelledException.hpp
[123.142s] -- Installing: /Users/runner/work/pixi_rosdistro/pixi_rosdistro/install/include/fastdds/dds/rpc/exceptions/RpcException.hpp
[123.142s] -- Installing: /Users/runner/work/pixi_rosdistro/pixi_rosdistro/install/include/fastdds/dds/rpc/exceptions/RemoteUnsupportedError.hpp
[123.142s] -- Installing: /Users/runner/work/pixi_rosdistro/pixi_rosdistro/install/include/fastdds/dds/rpc/exceptions/RpcBrokenPipeException.hpp
[123.142s] -- Installing: /Users/runner/work/pixi_rosdistro/pixi_rosdistro/install/include/fastdds/dds/rpc/exceptions/RemoteOutOfResourcesError.hpp
[123.143s] -- Installing: /Users/runner/work/pixi_rosdistro/pixi_rosdistro/install/include/fastdds/dds/rpc/exceptions/RemoteUnknownExceptionError.hpp
[123.143s] -- Installing: /Users/runner/work/pixi_rosdistro/pixi_rosdistro/install/include/fastdds/dds/rpc/exceptions/RemoteInvalidArgumentError.hpp
[123.143s] -- Installing: /Users/runner/work/pixi_rosdistro/pixi_rosdistro/install/include/fastdds/dds/rpc/exceptions/RpcTimeoutException.hpp
[123.143s] -- Installing: /Users/runner/work/pixi_rosdistro/pixi_rosdistro/install/include/fastdds/dds/rpc/exceptions/RpcOperationError.hpp
[123.143s] -- Installing: /Users/runner/work/pixi_rosdistro/pixi_rosdistro/install/include/fastdds/dds/rpc/exceptions/RemoteUnknownOperationError.hpp
[123.143s] -- Installing: /Users/runner/work/pixi_rosdistro/pixi_rosdistro/install/include/fastdds/dds/rpc/ServiceTypeSupport.hpp
[123.144s] -- Installing: /Users/runner/work/pixi_rosdistro/pixi_rosdistro/install/include/fastdds/dds/rpc/exceptions.hpp
[123.144s] -- Installing: /Users/runner/work/pixi_rosdistro/pixi_rosdistro/install/include/fastdds/dds/rpc/interfaces.hpp
[123.144s] -- Installing: /Users/runner/work/pixi_rosdistro/pixi_rosdistro/install/include/fastdds/dds/rpc/RPCEntity.hpp
[123.144s] -- Installing: /Users/runner/work/pixi_rosdistro/pixi_rosdistro/install/include/fastdds/dds/rpc/RequestInfo.hpp
[123.144s] -- Installing: /Users/runner/work/pixi_rosdistro/pixi_rosdistro/install/include/fastdds/dds/rpc/interfaces
[123.144s] -- Installing: /Users/runner/work/pixi_rosdistro/pixi_rosdistro/install/include/fastdds/dds/rpc/interfaces/RpcServer.hpp
[123.145s] -- Installing: /Users/runner/work/pixi_rosdistro/pixi_rosdistro/install/include/fastdds/dds/rpc/interfaces/RpcFuture.hpp
[123.145s] -- Installing: /Users/runner/work/pixi_rosdistro/pixi_rosdistro/install/include/fastdds/dds/rpc/interfaces/RpcServerSchedulingStrategy.hpp
[123.145s] -- Installing: /Users/runner/work/pixi_rosdistro/pixi_rosdistro/install/include/fastdds/dds/rpc/interfaces/RpcRequest.hpp
[123.145s] -- Installing: /Users/runner/work/pixi_rosdistro/pixi_rosdistro/install/include/fastdds/dds/rpc/interfaces/RpcStatusCode.hpp
[123.145s] -- Installing: /Users/runner/work/pixi_rosdistro/pixi_rosdistro/install/include/fastdds/dds/domain
[123.145s] -- Installing: /Users/runner/work/pixi_rosdistro/pixi_rosdistro/install/include/fastdds/dds/domain/DomainParticipantListener.hpp
[123.146s] -- Installing: /Users/runner/work/pixi_rosdistro/pixi_rosdistro/install/include/fastdds/dds/domain/qos
[123.146s] -- Installing: /Users/runner/work/pixi_rosdistro/pixi_rosdistro/install/include/fastdds/dds/domain/qos/RequesterQos.hpp
[123.146s] -- Installing: /Users/runner/work/pixi_rosdistro/pixi_rosdistro/install/include/fastdds/dds/domain/qos/ReplierQos.hpp
[123.146s] -- Installing: /Users/runner/work/pixi_rosdistro/pixi_rosdistro/install/include/fastdds/dds/domain/qos/DomainParticipantExtendedQos.hpp
[123.146s] -- Installing: /Users/runner/work/pixi_rosdistro/pixi_rosdistro/install/include/fastdds/dds/domain/qos/DomainParticipantFactoryQos.hpp
[123.146s] -- Installing: /Users/runner/work/pixi_rosdistro/pixi_rosdistro/install/include/fastdds/dds/domain/qos/DomainParticipantQos.hpp
[123.146s] -- Installing: /Users/runner/work/pixi_rosdistro/pixi_rosdistro/install/include/fastdds/dds/domain/DomainParticipantFactory.hpp
[123.147s] -- Installing: /Users/runner/work/pixi_rosdistro/pixi_rosdistro/install/include/fastdds/dds/domain/DomainParticipant.hpp
[123.147s] -- Installing: /Users/runner/work/pixi_rosdistro/pixi_rosdistro/install/include/fastdds/dds/builtin
[123.147s] -- Installing: /Users/runner/work/pixi_rosdistro/pixi_rosdistro/install/include/fastdds/dds/builtin/topic
[123.147s] -- Installing: /Users/runner/work/pixi_rosdistro/pixi_rosdistro/install/include/fastdds/dds/builtin/topic/ParticipantBuiltinTopicData.hpp
[123.148s] -- Installing: /Users/runner/work/pixi_rosdistro/pixi_rosdistro/install/include/fastdds/dds/builtin/topic/TopicBuiltinTopicData.hpp
[123.148s] -- Installing: /Users/runner/work/pixi_rosdistro/pixi_rosdistro/install/include/fastdds/dds/builtin/topic/PublicationBuiltinTopicData.hpp
[123.148s] -- Installing: /Users/runner/work/pixi_rosdistro/pixi_rosdistro/install/include/fastdds/dds/builtin/topic/SubscriptionBuiltinTopicData.hpp
[123.148s] -- Installing: /Users/runner/work/pixi_rosdistro/pixi_rosdistro/install/include/fastdds/dds/builtin/topic/BuiltinTopicKey.hpp
[123.148s] -- Installing: /Users/runner/work/pixi_rosdistro/pixi_rosdistro/install/include/fastdds/config.hpp
[123.148s] -- Up-to-date: /Users/runner/work/pixi_rosdistro/pixi_rosdistro/install/include/fastdds/statistics
[123.149s] -- Installing: /Users/runner/work/pixi_rosdistro/pixi_rosdistro/install/include/fastdds/statistics/monitorservice_types.idl
[123.149s] -- Up-to-date: /Users/runner/work/pixi_rosdistro/pixi_rosdistro/install/include/fastdds/statistics/rtps
[123.149s] -- Up-to-date: /Users/runner/work/pixi_rosdistro/pixi_rosdistro/install/include/fastdds/statistics/rtps/monitor_service
[123.149s] -- Installing: /Users/runner/work/pixi_rosdistro/pixi_rosdistro/install/include/fastdds/statistics/types.idl
[123.149s] -- Up-to-date: /Users/runner/work/pixi_rosdistro/pixi_rosdistro/install/include/fastdds/statistics/dds
[123.149s] -- Up-to-date: /Users/runner/work/pixi_rosdistro/pixi_rosdistro/install/include/fastdds/statistics/dds/publisher
[123.149s] -- Up-to-date: /Users/runner/work/pixi_rosdistro/pixi_rosdistro/install/include/fastdds/statistics/dds/publisher/qos
[123.149s] -- Up-to-date: /Users/runner/work/pixi_rosdistro/pixi_rosdistro/install/include/fastdds/statistics/dds/subscriber
[123.149s] -- Up-to-date: /Users/runner/work/pixi_rosdistro/pixi_rosdistro/install/include/fastdds/statistics/dds/subscriber/qos
[123.149s] -- Up-to-date: /Users/runner/work/pixi_rosdistro/pixi_rosdistro/install/include/fastdds/statistics/dds/domain
[123.149s] -- Installing: /Users/runner/work/pixi_rosdistro/pixi_rosdistro/install/lib/libfastdds.3.4.2.0.dylib
[123.150s] -- Installing: /Users/runner/work/pixi_rosdistro/pixi_rosdistro/install/lib/libfastdds.3.4.dylib
[123.150s] -- Installing: /Users/runner/work/pixi_rosdistro/pixi_rosdistro/install/lib/libfastdds.dylib
[123.150s] -- Installing: /Users/runner/work/pixi_rosdistro/pixi_rosdistro/install/share/fastdds/cmake/fastdds-shared-targets.cmake
[123.150s] -- Installing: /Users/runner/work/pixi_rosdistro/pixi_rosdistro/install/share/fastdds/cmake/fastdds-shared-targets-release.cmake
[123.151s] -- Installing: /Users/runner/work/pixi_rosdistro/pixi_rosdistro/install/share/fastdds/cmake/fastdds-config.cmake
[123.151s] -- Installing: /Users/runner/work/pixi_rosdistro/pixi_rosdistro/install/share/fastdds/cmake/fastdds-config-version.cmake
[123.151s] -- Installing: /Users/runner/work/pixi_rosdistro/pixi_rosdistro/install/include/fastdds/thirdparty/optionparser
[123.151s] -- Installing: /Users/runner/work/pixi_rosdistro/pixi_rosdistro/install/include/fastdds/thirdparty/optionparser/optionparser
[123.152s] -- Installing: /Users/runner/work/pixi_rosdistro/pixi_rosdistro/install/include/fastdds/thirdparty/optionparser/optionparser/optionparser.h
[123.152s] -- Installing: /Users/runner/work/pixi_rosdistro/pixi_rosdistro/install/include/fastdds/thirdparty/optionparser/optionparser.hpp
[123.152s] -- Installing: /Users/runner/work/pixi_rosdistro/pixi_rosdistro/install/share/fastdds/cmake/optionparser-targets.cmake
[123.153s] -- Installing: /Users/runner/work/pixi_rosdistro/pixi_rosdistro/install/bin/fast-discovery-server-1.0.1
[123.166s] -- Installing: /Users/runner/work/pixi_rosdistro/pixi_rosdistro/install/tools/fastdds
[123.166s] -- Installing: /Users/runner/work/pixi_rosdistro/pixi_rosdistro/install/tools/fastdds/fastdds.py
[123.166s] -- Installing: /Users/runner/work/pixi_rosdistro/pixi_rosdistro/install/tools/fastdds/shm
[123.166s] -- Installing: /Users/runner/work/pixi_rosdistro/pixi_rosdistro/install/tools/fastdds/shm/clean.py
[123.166s] -- Installing: /Users/runner/work/pixi_rosdistro/pixi_rosdistro/install/tools/fastdds/shm/parser.py
[123.167s] -- Installing: /Users/runner/work/pixi_rosdistro/pixi_rosdistro/install/tools/fastdds/discovery
[123.167s] -- Installing: /Users/runner/work/pixi_rosdistro/pixi_rosdistro/install/tools/fastdds/discovery/fastdds_daemon
[123.167s] -- Installing: /Users/runner/work/pixi_rosdistro/pixi_rosdistro/install/tools/fastdds/discovery/fastdds_daemon/process_handler
[123.167s] -- Installing: /Users/runner/work/pixi_rosdistro/pixi_rosdistro/install/tools/fastdds/discovery/fastdds_daemon/process_handler/__init__.py
[123.167s] -- Installing: /Users/runner/work/pixi_rosdistro/pixi_rosdistro/install/tools/fastdds/discovery/fastdds_daemon/process_handler/process_handler.py
[123.167s] -- Installing: /Users/runner/work/pixi_rosdistro/pixi_rosdistro/install/tools/fastdds/discovery/fastdds_daemon/xmlrpc_local
[123.167s] -- Installing: /Users/runner/work/pixi_rosdistro/pixi_rosdistro/install/tools/fastdds/discovery/fastdds_daemon/xmlrpc_local/__init__.py
[123.167s] -- Installing: /Users/runner/work/pixi_rosdistro/pixi_rosdistro/install/tools/fastdds/discovery/fastdds_daemon/xmlrpc_local/local_server.py
[123.167s] -- Installing: /Users/runner/work/pixi_rosdistro/pixi_rosdistro/install/tools/fastdds/discovery/fastdds_daemon/xmlrpc_local/local_client.py
[123.168s] -- Installing: /Users/runner/work/pixi_rosdistro/pixi_rosdistro/install/tools/fastdds/discovery/fastdds_daemon/daemon
[123.168s] -- Installing: /Users/runner/work/pixi_rosdistro/pixi_rosdistro/install/tools/fastdds/discovery/fastdds_daemon/daemon/daemonize.py
[123.168s] -- Installing: /Users/runner/work/pixi_rosdistro/pixi_rosdistro/install/tools/fastdds/discovery/fastdds_daemon/daemon/__init__.py
[123.168s] -- Installing: /Users/runner/work/pixi_rosdistro/pixi_rosdistro/install/tools/fastdds/discovery/fastdds_daemon/node
[123.168s] -- Installing: /Users/runner/work/pixi_rosdistro/pixi_rosdistro/install/tools/fastdds/discovery/fastdds_daemon/node/daemon_node.py
[123.168s] -- Installing: /Users/runner/work/pixi_rosdistro/pixi_rosdistro/install/tools/fastdds/discovery/fastdds_daemon/node/__init__.py
[123.168s] -- Installing: /Users/runner/work/pixi_rosdistro/pixi_rosdistro/install/tools/fastdds/discovery/fastdds_daemon/helpers.py
[123.169s] -- Installing: /Users/runner/work/pixi_rosdistro/pixi_rosdistro/install/tools/fastdds/discovery/parser.py
[123.169s] -- Installing: /Users/runner/work/pixi_rosdistro/pixi_rosdistro/install/tools/fastdds/xml_ci
[123.169s] -- Installing: /Users/runner/work/pixi_rosdistro/pixi_rosdistro/install/tools/fastdds/xml_ci/parser.py
[123.170s] -- Installing: /Users/runner/work/pixi_rosdistro/pixi_rosdistro/install/tools/fastdds/xml_ci/validate.py
[123.170s] -- Up-to-date: /Users/runner/work/pixi_rosdistro/pixi_rosdistro/install/bin
[123.170s] -- Installing: /Users/runner/work/pixi_rosdistro/pixi_rosdistro/install/bin/fastdds
[123.171s] -- Installing: /Users/runner/work/pixi_rosdistro/pixi_rosdistro/install/bin/ros-discovery
[123.171s] -- Installing: /Users/runner/work/pixi_rosdistro/pixi_rosdistro/install/share/fastdds/LICENSE
[123.172s] -- Installing: /Users/runner/work/pixi_rosdistro/pixi_rosdistro/install/share/fastdds/fastdds_profiles.xsd
[123.172s] -- Installing: /Users/runner/work/pixi_rosdistro/pixi_rosdistro/install/share/fastdds/fastdds_static_discovery.xsd
[123.173s] Invoked command in '/Users/runner/work/pixi_rosdistro/pixi_rosdistro/build/fastdds' returned '0': AMENT_PREFIX_PATH=/Users/runner/work/pixi_rosdistro/pixi_rosdistro/install CMAKE_PREFIX_PATH=/Users/runner/work/pixi_rosdistro/pixi_rosdistro/install DYLD_LIBRARY_PATH=/Users/runner/work/pixi_rosdistro/pixi_rosdistro/install/lib PATH=/Users/runner/work/pixi_rosdistro/pixi_rosdistro/install/bin:${PATH} PIXI_PROMPT=(ros2_rolling) PKG_CONFIG_PATH=/Users/runner/work/pixi_rosdistro/pixi_rosdistro/install/lib/pkgconfig PYTHONPATH=/Users/runner/work/pixi_rosdistro/pixi_rosdistro/install/lib/python3.14/site-packages ROS_DOMAIN_ID=61 SHLVL=3 _=/usr/bin/env /Users/runner/work/pixi_rosdistro/pixi_rosdistro/.pixi/envs/default/bin/cmake --install /Users/runner/work/pixi_rosdistro/pixi_rosdistro/build/fastdds
