[0.565s] Invoking command in '/Users/runner/work/pixi_rosdistro/pixi_rosdistro/src/ament/ament_lint/ament_xmllint': AMENT_PREFIX_PATH=/Users/runner/work/pixi_rosdistro/pixi_rosdistro/install CMAKE_PREFIX_PATH=/Users/runner/work/pixi_rosdistro/pixi_rosdistro/install PATH=/Users/runner/work/pixi_rosdistro/pixi_rosdistro/install/bin:${PATH} PIXI_PROMPT=(ros2_rolling) PYTHONPATH=/Users/runner/work/pixi_rosdistro/pixi_rosdistro/build/ament_xmllint/prefix_override:/Users/runner/work/pixi_rosdistro/pixi_rosdistro/.pixi/envs/default/lib/python3.14/site-packages/colcon_core/task/python/colcon_distutils_commands:/Users/runner/work/pixi_rosdistro/pixi_rosdistro/install/lib/python3.14/site-packages:/Users/runner/work/pixi_rosdistro/pixi_rosdistro/install/lib/python3.14/site-packages ROS_DOMAIN_ID=91 SHLVL=3 _=/usr/bin/env /Users/runner/work/pixi_rosdistro/pixi_rosdistro/.pixi/envs/default/bin/python3.14 -W ignore:setup.py install is deprecated -W ignore:easy_install command is deprecated setup.py egg_info --egg-base ../../../../build/ament_xmllint build --build-base /Users/runner/work/pixi_rosdistro/pixi_rosdistro/build/ament_xmllint/build install --record /Users/runner/work/pixi_rosdistro/pixi_rosdistro/build/ament_xmllint/install.log --single-version-externally-managed install_data
[0.736s] running egg_info
[0.737s] creating ../../../../build/ament_xmllint/ament_xmllint.egg-info
[0.738s] writing ../../../../build/ament_xmllint/ament_xmllint.egg-info/PKG-INFO
[0.738s] writing dependency_links to ../../../../build/ament_xmllint/ament_xmllint.egg-info/dependency_links.txt
[0.738s] writing entry points to ../../../../build/ament_xmllint/ament_xmllint.egg-info/entry_points.txt
[0.738s] writing requirements to ../../../../build/ament_xmllint/ament_xmllint.egg-info/requires.txt
[0.738s] writing top-level names to ../../../../build/ament_xmllint/ament_xmllint.egg-info/top_level.txt
[0.738s] writing manifest file '../../../../build/ament_xmllint/ament_xmllint.egg-info/SOURCES.txt'
[0.749s] reading manifest file '../../../../build/ament_xmllint/ament_xmllint.egg-info/SOURCES.txt'
[0.750s] writing manifest file '../../../../build/ament_xmllint/ament_xmllint.egg-info/SOURCES.txt'
[0.751s] running build
[0.751s] running build_py
[0.751s] creating /Users/runner/work/pixi_rosdistro/pixi_rosdistro/build/ament_xmllint/build/lib/ament_xmllint
[0.751s] copying ament_xmllint/__init__.py -> /Users/runner/work/pixi_rosdistro/pixi_rosdistro/build/ament_xmllint/build/lib/ament_xmllint
[0.751s] copying ament_xmllint/pytest_marker.py -> /Users/runner/work/pixi_rosdistro/pixi_rosdistro/build/ament_xmllint/build/lib/ament_xmllint
[0.751s] copying ament_xmllint/main.py -> /Users/runner/work/pixi_rosdistro/pixi_rosdistro/build/ament_xmllint/build/lib/ament_xmllint
[0.752s] copying ament_xmllint/py.typed -> /Users/runner/work/pixi_rosdistro/pixi_rosdistro/build/ament_xmllint/build/lib/ament_xmllint
[0.752s] running install
[0.756s] running install_lib
[0.765s] creating /Users/runner/work/pixi_rosdistro/pixi_rosdistro/install/lib/python3.14/site-packages/ament_xmllint
[0.765s] copying /Users/runner/work/pixi_rosdistro/pixi_rosdistro/build/ament_xmllint/build/lib/ament_xmllint/__init__.py -> /Users/runner/work/pixi_rosdistro/pixi_rosdistro/install/lib/python3.14/site-packages/ament_xmllint
[0.765s] copying /Users/runner/work/pixi_rosdistro/pixi_rosdistro/build/ament_xmllint/build/lib/ament_xmllint/py.typed -> /Users/runner/work/pixi_rosdistro/pixi_rosdistro/install/lib/python3.14/site-packages/ament_xmllint
[0.765s] copying /Users/runner/work/pixi_rosdistro/pixi_rosdistro/build/ament_xmllint/build/lib/ament_xmllint/pytest_marker.py -> /Users/runner/work/pixi_rosdistro/pixi_rosdistro/install/lib/python3.14/site-packages/ament_xmllint
[0.765s] copying /Users/runner/work/pixi_rosdistro/pixi_rosdistro/build/ament_xmllint/build/lib/ament_xmllint/main.py -> /Users/runner/work/pixi_rosdistro/pixi_rosdistro/install/lib/python3.14/site-packages/ament_xmllint
[0.765s] byte-compiling /Users/runner/work/pixi_rosdistro/pixi_rosdistro/install/lib/python3.14/site-packages/ament_xmllint/__init__.py to __init__.cpython-314.pyc
[0.766s] byte-compiling /Users/runner/work/pixi_rosdistro/pixi_rosdistro/install/lib/python3.14/site-packages/ament_xmllint/pytest_marker.py to pytest_marker.cpython-314.pyc
[0.767s] byte-compiling /Users/runner/work/pixi_rosdistro/pixi_rosdistro/install/lib/python3.14/site-packages/ament_xmllint/main.py to main.cpython-314.pyc
[0.770s] running install_data
[0.771s] copying package.xml -> /Users/runner/work/pixi_rosdistro/pixi_rosdistro/install/share/ament_xmllint
[0.772s] copying resource/ament_xmllint -> /Users/runner/work/pixi_rosdistro/pixi_rosdistro/install/share/ament_index/resource_index/packages
[0.772s] running install_egg_info
[0.777s] Copying ../../../../build/ament_xmllint/ament_xmllint.egg-info to /Users/runner/work/pixi_rosdistro/pixi_rosdistro/install/lib/python3.14/site-packages/ament_xmllint-0.20.3-py3.14.egg-info
[0.780s] running install_scripts
[0.791s] Installing ament_xmllint script to /Users/runner/work/pixi_rosdistro/pixi_rosdistro/install/bin
[0.795s] writing list of installed files to '/Users/runner/work/pixi_rosdistro/pixi_rosdistro/build/ament_xmllint/install.log'
[0.830s] Invoked command in '/Users/runner/work/pixi_rosdistro/pixi_rosdistro/src/ament/ament_lint/ament_xmllint' returned '0': AMENT_PREFIX_PATH=/Users/runner/work/pixi_rosdistro/pixi_rosdistro/install CMAKE_PREFIX_PATH=/Users/runner/work/pixi_rosdistro/pixi_rosdistro/install PATH=/Users/runner/work/pixi_rosdistro/pixi_rosdistro/install/bin:${PATH} PIXI_PROMPT=(ros2_rolling) PYTHONPATH=/Users/runner/work/pixi_rosdistro/pixi_rosdistro/build/ament_xmllint/prefix_override:/Users/runner/work/pixi_rosdistro/pixi_rosdistro/.pixi/envs/default/lib/python3.14/site-packages/colcon_core/task/python/colcon_distutils_commands:/Users/runner/work/pixi_rosdistro/pixi_rosdistro/install/lib/python3.14/site-packages:/Users/runner/work/pixi_rosdistro/pixi_rosdistro/install/lib/python3.14/site-packages ROS_DOMAIN_ID=91 SHLVL=3 _=/usr/bin/env /Users/runner/work/pixi_rosdistro/pixi_rosdistro/.pixi/envs/default/bin/python3.14 -W ignore:setup.py install is deprecated -W ignore:easy_install command is deprecated setup.py egg_info --egg-base ../../../../build/ament_xmllint build --build-base /Users/runner/work/pixi_rosdistro/pixi_rosdistro/build/ament_xmllint/build install --record /Users/runner/work/pixi_rosdistro/pixi_rosdistro/build/ament_xmllint/install.log --single-version-externally-managed install_data
