[0.467s] Invoking command in '/Users/runner/work/pixi_rosdistro/pixi_rosdistro/src/ament/ament_lint/ament_cpplint': AMENT_PREFIX_PATH=/Users/runner/work/pixi_rosdistro/pixi_rosdistro/install CMAKE_PREFIX_PATH=/Users/runner/work/pixi_rosdistro/pixi_rosdistro/install PATH=/Users/runner/work/pixi_rosdistro/pixi_rosdistro/install/bin:${PATH} PIXI_PROMPT=(ros2_rolling) PYTHONPATH=/Users/runner/work/pixi_rosdistro/pixi_rosdistro/build/ament_cpplint/prefix_override:/Users/runner/work/pixi_rosdistro/pixi_rosdistro/.pixi/envs/default/lib/python3.12/site-packages/colcon_core/task/python/colcon_distutils_commands:/Users/runner/work/pixi_rosdistro/pixi_rosdistro/install/lib/python3.12/site-packages:/Users/runner/work/pixi_rosdistro/pixi_rosdistro/install/lib/python3.12/site-packages SHLVL=3 _=/usr/bin/env /Users/runner/work/pixi_rosdistro/pixi_rosdistro/.pixi/envs/default/bin/python3.12 -W ignore:setup.py install is deprecated -W ignore:easy_install command is deprecated setup.py egg_info --egg-base ../../../../build/ament_cpplint build --build-base /Users/runner/work/pixi_rosdistro/pixi_rosdistro/build/ament_cpplint/build install --record /Users/runner/work/pixi_rosdistro/pixi_rosdistro/build/ament_cpplint/install.log --single-version-externally-managed install_data
[0.623s] running egg_info
[0.628s] creating ../../../../build/ament_cpplint/ament_cpplint.egg-info
[0.628s] writing ../../../../build/ament_cpplint/ament_cpplint.egg-info/PKG-INFO
[0.629s] writing dependency_links to ../../../../build/ament_cpplint/ament_cpplint.egg-info/dependency_links.txt
[0.630s] writing entry points to ../../../../build/ament_cpplint/ament_cpplint.egg-info/entry_points.txt
[0.630s] writing requirements to ../../../../build/ament_cpplint/ament_cpplint.egg-info/requires.txt
[0.630s] writing top-level names to ../../../../build/ament_cpplint/ament_cpplint.egg-info/top_level.txt
[0.630s] writing manifest file '../../../../build/ament_cpplint/ament_cpplint.egg-info/SOURCES.txt'
[0.643s] reading manifest file '../../../../build/ament_cpplint/ament_cpplint.egg-info/SOURCES.txt'
[0.644s] writing manifest file '../../../../build/ament_cpplint/ament_cpplint.egg-info/SOURCES.txt'
[0.661s] running build
[0.661s] running build_py
[0.662s] creating /Users/runner/work/pixi_rosdistro/pixi_rosdistro/build/ament_cpplint/build/lib/ament_cpplint
[0.662s] copying ament_cpplint/__init__.py -> /Users/runner/work/pixi_rosdistro/pixi_rosdistro/build/ament_cpplint/build/lib/ament_cpplint
[0.662s] copying ament_cpplint/main.py -> /Users/runner/work/pixi_rosdistro/pixi_rosdistro/build/ament_cpplint/build/lib/ament_cpplint
[0.686s] copying ament_cpplint/cpplint.py -> /Users/runner/work/pixi_rosdistro/pixi_rosdistro/build/ament_cpplint/build/lib/ament_cpplint
[0.686s] copying ament_cpplint/py.typed -> /Users/runner/work/pixi_rosdistro/pixi_rosdistro/build/ament_cpplint/build/lib/ament_cpplint
[0.686s] running install
[0.688s] running install_lib
[0.694s] creating /Users/runner/work/pixi_rosdistro/pixi_rosdistro/install/lib/python3.12/site-packages/ament_cpplint
[0.694s] copying /Users/runner/work/pixi_rosdistro/pixi_rosdistro/build/ament_cpplint/build/lib/ament_cpplint/__init__.py -> /Users/runner/work/pixi_rosdistro/pixi_rosdistro/install/lib/python3.12/site-packages/ament_cpplint
[0.694s] copying /Users/runner/work/pixi_rosdistro/pixi_rosdistro/build/ament_cpplint/build/lib/ament_cpplint/py.typed -> /Users/runner/work/pixi_rosdistro/pixi_rosdistro/install/lib/python3.12/site-packages/ament_cpplint
[0.695s] copying /Users/runner/work/pixi_rosdistro/pixi_rosdistro/build/ament_cpplint/build/lib/ament_cpplint/main.py -> /Users/runner/work/pixi_rosdistro/pixi_rosdistro/install/lib/python3.12/site-packages/ament_cpplint
[0.695s] copying /Users/runner/work/pixi_rosdistro/pixi_rosdistro/build/ament_cpplint/build/lib/ament_cpplint/cpplint.py -> /Users/runner/work/pixi_rosdistro/pixi_rosdistro/install/lib/python3.12/site-packages/ament_cpplint
[0.696s] byte-compiling /Users/runner/work/pixi_rosdistro/pixi_rosdistro/install/lib/python3.12/site-packages/ament_cpplint/__init__.py to __init__.cpython-312.pyc
[0.696s] byte-compiling /Users/runner/work/pixi_rosdistro/pixi_rosdistro/install/lib/python3.12/site-packages/ament_cpplint/main.py to main.cpython-312.pyc
[0.699s] byte-compiling /Users/runner/work/pixi_rosdistro/pixi_rosdistro/install/lib/python3.12/site-packages/ament_cpplint/cpplint.py to cpplint.cpython-312.pyc
[0.728s] running install_data
[0.729s] copying package.xml -> /Users/runner/work/pixi_rosdistro/pixi_rosdistro/install/share/ament_cpplint
[0.729s] copying resource/ament_cpplint -> /Users/runner/work/pixi_rosdistro/pixi_rosdistro/install/share/ament_index/resource_index/packages
[0.729s] running install_egg_info
[0.739s] Copying ../../../../build/ament_cpplint/ament_cpplint.egg-info to /Users/runner/work/pixi_rosdistro/pixi_rosdistro/install/lib/python3.12/site-packages/ament_cpplint-0.20.3-py3.12.egg-info
[0.739s] running install_scripts
[0.752s] Installing ament_cpplint script to /Users/runner/work/pixi_rosdistro/pixi_rosdistro/install/bin
[0.752s] writing list of installed files to '/Users/runner/work/pixi_rosdistro/pixi_rosdistro/build/ament_cpplint/install.log'
[0.771s] Invoked command in '/Users/runner/work/pixi_rosdistro/pixi_rosdistro/src/ament/ament_lint/ament_cpplint' returned '0': AMENT_PREFIX_PATH=/Users/runner/work/pixi_rosdistro/pixi_rosdistro/install CMAKE_PREFIX_PATH=/Users/runner/work/pixi_rosdistro/pixi_rosdistro/install PATH=/Users/runner/work/pixi_rosdistro/pixi_rosdistro/install/bin:${PATH} PIXI_PROMPT=(ros2_rolling) PYTHONPATH=/Users/runner/work/pixi_rosdistro/pixi_rosdistro/build/ament_cpplint/prefix_override:/Users/runner/work/pixi_rosdistro/pixi_rosdistro/.pixi/envs/default/lib/python3.12/site-packages/colcon_core/task/python/colcon_distutils_commands:/Users/runner/work/pixi_rosdistro/pixi_rosdistro/install/lib/python3.12/site-packages:/Users/runner/work/pixi_rosdistro/pixi_rosdistro/install/lib/python3.12/site-packages SHLVL=3 _=/usr/bin/env /Users/runner/work/pixi_rosdistro/pixi_rosdistro/.pixi/envs/default/bin/python3.12 -W ignore:setup.py install is deprecated -W ignore:easy_install command is deprecated setup.py egg_info --egg-base ../../../../build/ament_cpplint build --build-base /Users/runner/work/pixi_rosdistro/pixi_rosdistro/build/ament_cpplint/build install --record /Users/runner/work/pixi_rosdistro/pixi_rosdistro/build/ament_cpplint/install.log --single-version-externally-managed install_data
