[5.061s] Invoking command in '/home/runner/work/pixi_rosdistro/pixi_rosdistro/src/ament/ament_lint/ament_uncrustify': AMENT_PREFIX_PATH=/home/runner/work/pixi_rosdistro/pixi_rosdistro/install CMAKE_PREFIX_PATH=/home/runner/work/pixi_rosdistro/pixi_rosdistro/install:${CMAKE_PREFIX_PATH} LD_LIBRARY_PATH=/home/runner/work/pixi_rosdistro/pixi_rosdistro/install/lib PATH=/home/runner/work/pixi_rosdistro/pixi_rosdistro/install/bin:/opt/microsoft/powershell/7:${PATH} PIXI_PROMPT=(ros2_rolling) PKG_CONFIG_PATH=/home/runner/work/pixi_rosdistro/pixi_rosdistro/install/lib/pkgconfig PSModulePath=/home/runner/.local/share/powershell/Modules:${PSModulePath} PYTHONPATH=/home/runner/work/pixi_rosdistro/pixi_rosdistro/build/ament_uncrustify/prefix_override:/home/runner/work/pixi_rosdistro/pixi_rosdistro/.pixi/envs/default/lib/python3.14/site-packages/colcon_core/task/python/colcon_distutils_commands:/home/runner/work/pixi_rosdistro/pixi_rosdistro/install/lib/python3.14/site-packages:/home/runner/work/pixi_rosdistro/pixi_rosdistro/install/lib/python3.14/site-packages ROS_DOMAIN_ID=71 /home/runner/work/pixi_rosdistro/pixi_rosdistro/.pixi/envs/default/bin/python3.14 -W ignore:setup.py install is deprecated -W ignore:easy_install command is deprecated setup.py egg_info --egg-base ../../../../build/ament_uncrustify build --build-base /home/runner/work/pixi_rosdistro/pixi_rosdistro/build/ament_uncrustify/build install --record /home/runner/work/pixi_rosdistro/pixi_rosdistro/build/ament_uncrustify/install.log --single-version-externally-managed install_data
[5.291s] running egg_info
[5.299s] creating ../../../../build/ament_uncrustify/ament_uncrustify.egg-info
[5.299s] writing ../../../../build/ament_uncrustify/ament_uncrustify.egg-info/PKG-INFO
[5.300s] writing dependency_links to ../../../../build/ament_uncrustify/ament_uncrustify.egg-info/dependency_links.txt
[5.300s] writing entry points to ../../../../build/ament_uncrustify/ament_uncrustify.egg-info/entry_points.txt
[5.301s] writing requirements to ../../../../build/ament_uncrustify/ament_uncrustify.egg-info/requires.txt
[5.301s] writing top-level names to ../../../../build/ament_uncrustify/ament_uncrustify.egg-info/top_level.txt
[5.304s] writing manifest file '../../../../build/ament_uncrustify/ament_uncrustify.egg-info/SOURCES.txt'
[5.322s] reading manifest file '../../../../build/ament_uncrustify/ament_uncrustify.egg-info/SOURCES.txt'
[5.322s] writing manifest file '../../../../build/ament_uncrustify/ament_uncrustify.egg-info/SOURCES.txt'
[5.322s] running build
[5.322s] running build_py
[5.322s] creating /home/runner/work/pixi_rosdistro/pixi_rosdistro/build/ament_uncrustify/build/lib/ament_uncrustify
[5.323s] copying ament_uncrustify/main.py -> /home/runner/work/pixi_rosdistro/pixi_rosdistro/build/ament_uncrustify/build/lib/ament_uncrustify
[5.323s] copying ament_uncrustify/__init__.py -> /home/runner/work/pixi_rosdistro/pixi_rosdistro/build/ament_uncrustify/build/lib/ament_uncrustify
[5.324s] copying ament_uncrustify/py.typed -> /home/runner/work/pixi_rosdistro/pixi_rosdistro/build/ament_uncrustify/build/lib/ament_uncrustify
[5.324s] creating /home/runner/work/pixi_rosdistro/pixi_rosdistro/build/ament_uncrustify/build/lib/ament_uncrustify/configuration
[5.328s] copying ament_uncrustify/configuration/ament_code_style_0_72.cfg -> /home/runner/work/pixi_rosdistro/pixi_rosdistro/build/ament_uncrustify/build/lib/ament_uncrustify/configuration
[5.328s] copying ament_uncrustify/configuration/ament_code_style_0_78.cfg -> /home/runner/work/pixi_rosdistro/pixi_rosdistro/build/ament_uncrustify/build/lib/ament_uncrustify/configuration
[5.328s] running install
[5.334s] running install_lib
[5.342s] creating /home/runner/work/pixi_rosdistro/pixi_rosdistro/install/lib/python3.14/site-packages/ament_uncrustify
[5.342s] copying /home/runner/work/pixi_rosdistro/pixi_rosdistro/build/ament_uncrustify/build/lib/ament_uncrustify/main.py -> /home/runner/work/pixi_rosdistro/pixi_rosdistro/install/lib/python3.14/site-packages/ament_uncrustify
[5.342s] copying /home/runner/work/pixi_rosdistro/pixi_rosdistro/build/ament_uncrustify/build/lib/ament_uncrustify/__init__.py -> /home/runner/work/pixi_rosdistro/pixi_rosdistro/install/lib/python3.14/site-packages/ament_uncrustify
[5.343s] copying /home/runner/work/pixi_rosdistro/pixi_rosdistro/build/ament_uncrustify/build/lib/ament_uncrustify/py.typed -> /home/runner/work/pixi_rosdistro/pixi_rosdistro/install/lib/python3.14/site-packages/ament_uncrustify
[5.343s] creating /home/runner/work/pixi_rosdistro/pixi_rosdistro/install/lib/python3.14/site-packages/ament_uncrustify/configuration
[5.343s] copying /home/runner/work/pixi_rosdistro/pixi_rosdistro/build/ament_uncrustify/build/lib/ament_uncrustify/configuration/ament_code_style_0_72.cfg -> /home/runner/work/pixi_rosdistro/pixi_rosdistro/install/lib/python3.14/site-packages/ament_uncrustify/configuration
[5.344s] copying /home/runner/work/pixi_rosdistro/pixi_rosdistro/build/ament_uncrustify/build/lib/ament_uncrustify/configuration/ament_code_style_0_78.cfg -> /home/runner/work/pixi_rosdistro/pixi_rosdistro/install/lib/python3.14/site-packages/ament_uncrustify/configuration
[5.345s] byte-compiling /home/runner/work/pixi_rosdistro/pixi_rosdistro/install/lib/python3.14/site-packages/ament_uncrustify/main.py to main.cpython-314.pyc
[5.350s] byte-compiling /home/runner/work/pixi_rosdistro/pixi_rosdistro/install/lib/python3.14/site-packages/ament_uncrustify/__init__.py to __init__.cpython-314.pyc
[5.350s] running install_data
[5.351s] copying package.xml -> /home/runner/work/pixi_rosdistro/pixi_rosdistro/install/share/ament_uncrustify
[5.351s] copying resource/ament_uncrustify -> /home/runner/work/pixi_rosdistro/pixi_rosdistro/install/share/ament_index/resource_index/packages
[5.354s] running install_egg_info
[5.359s] Copying ../../../../build/ament_uncrustify/ament_uncrustify.egg-info to /home/runner/work/pixi_rosdistro/pixi_rosdistro/install/lib/python3.14/site-packages/ament_uncrustify-0.20.3-py3.14.egg-info
[5.360s] running install_scripts
[5.404s] Installing ament_uncrustify script to /home/runner/work/pixi_rosdistro/pixi_rosdistro/install/bin
[5.405s] writing list of installed files to '/home/runner/work/pixi_rosdistro/pixi_rosdistro/build/ament_uncrustify/install.log'
[5.446s] Invoked command in '/home/runner/work/pixi_rosdistro/pixi_rosdistro/src/ament/ament_lint/ament_uncrustify' returned '0': AMENT_PREFIX_PATH=/home/runner/work/pixi_rosdistro/pixi_rosdistro/install CMAKE_PREFIX_PATH=/home/runner/work/pixi_rosdistro/pixi_rosdistro/install:${CMAKE_PREFIX_PATH} LD_LIBRARY_PATH=/home/runner/work/pixi_rosdistro/pixi_rosdistro/install/lib PATH=/home/runner/work/pixi_rosdistro/pixi_rosdistro/install/bin:/opt/microsoft/powershell/7:${PATH} PIXI_PROMPT=(ros2_rolling) PKG_CONFIG_PATH=/home/runner/work/pixi_rosdistro/pixi_rosdistro/install/lib/pkgconfig PSModulePath=/home/runner/.local/share/powershell/Modules:${PSModulePath} PYTHONPATH=/home/runner/work/pixi_rosdistro/pixi_rosdistro/build/ament_uncrustify/prefix_override:/home/runner/work/pixi_rosdistro/pixi_rosdistro/.pixi/envs/default/lib/python3.14/site-packages/colcon_core/task/python/colcon_distutils_commands:/home/runner/work/pixi_rosdistro/pixi_rosdistro/install/lib/python3.14/site-packages:/home/runner/work/pixi_rosdistro/pixi_rosdistro/install/lib/python3.14/site-packages ROS_DOMAIN_ID=71 /home/runner/work/pixi_rosdistro/pixi_rosdistro/.pixi/envs/default/bin/python3.14 -W ignore:setup.py install is deprecated -W ignore:easy_install command is deprecated setup.py egg_info --egg-base ../../../../build/ament_uncrustify build --build-base /home/runner/work/pixi_rosdistro/pixi_rosdistro/build/ament_uncrustify/build install --record /home/runner/work/pixi_rosdistro/pixi_rosdistro/build/ament_uncrustify/install.log --single-version-externally-managed install_data
