[5.179s] Invoking command in 'D:\a\pixi_rosdistro\pixi_rosdistro\build\keyboard_handler': AMENT_PREFIX_PATH=D:\a\pixi_rosdistro\pixi_rosdistro\install CMAKE_PREFIX_PATH=D:\a\pixi_rosdistro\pixi_rosdistro\install;D:\a\pixi_rosdistro\pixi_rosdistro\.pixi\envs\default\Library PATH=D:\a\pixi_rosdistro\pixi_rosdistro\install\Scripts;D:\a\pixi_rosdistro\pixi_rosdistro\install\bin;%PATH% PIXI_PROMPT=(ros2_rolling) PKG_CONFIG_PATH=D:\a\pixi_rosdistro\pixi_rosdistro\install\lib\pkgconfig PROMPT=$P$G PYTHONPATH=D:\a\pixi_rosdistro\pixi_rosdistro\install\Lib\site-packages D:\a\pixi_rosdistro\pixi_rosdistro\.pixi\envs\default\Library\bin\cmake.EXE D:\a\pixi_rosdistro\pixi_rosdistro\src\ros-tooling\keyboard_handler\keyboard_handler -GNinja --no-warn-unused-cli -DCMAKE_BUILD_TYPE=Release -DCMAKE_BUILD_WITH_INSTALL_RPATH:bool=TRUE -DCMAKE_POLICY_VERSION_MINIMUM=3.5 -Wno-deprecated -DSTACK_DETAILS_AUTO_DETECT:bool=FALSE -DSTACK_DETAILS_BFD:bool=FALSE -DCMAKE_INSTALL_PREFIX=D:\a\pixi_rosdistro\pixi_rosdistro\install
[5.497s] Not searching for unused variables given on the command line.
[5.497s] -- The C compiler identification is MSVC 19.44.35225.0
[5.774s] -- The CXX compiler identification is MSVC 19.44.35225.0
[5.798s] -- Detecting C compiler ABI info
[6.736s] -- Detecting C compiler ABI info - done
[6.849s] -- Check for working C compiler: C:/Program Files/Microsoft Visual Studio/2022/Enterprise/VC/Tools/MSVC/14.44.35207/bin/Hostx64/x64/cl.exe - skipped
[6.850s] -- Detecting C compile features
[6.851s] -- Detecting C compile features - done
[6.866s] -- Detecting CXX compiler ABI info
[8.547s] -- Detecting CXX compiler ABI info - done
[8.599s] -- Check for working CXX compiler: C:/Program Files/Microsoft Visual Studio/2022/Enterprise/VC/Tools/MSVC/14.44.35207/bin/Hostx64/x64/cl.exe - skipped
[8.600s] -- Detecting CXX compile features
[8.601s] -- Detecting CXX compile features - done
[8.613s] -- Found ament_cmake: 2.8.6 (D:/a/pixi_rosdistro/pixi_rosdistro/install/share/ament_cmake/cmake)
[9.343s] -- Found ament_lint_auto: 0.20.3 (D:/a/pixi_rosdistro/pixi_rosdistro/install/share/ament_lint_auto/cmake)
[9.350s] -- Found ament_cmake_gtest: 2.8.6 (D:/a/pixi_rosdistro/pixi_rosdistro/install/share/ament_cmake_gtest/cmake)
[9.357s] -- Found ament_cmake_gmock: 2.8.6 (D:/a/pixi_rosdistro/pixi_rosdistro/install/share/ament_cmake_gmock/cmake)
[9.641s] -- Found gmock sources under 'D:/a/pixi_rosdistro/pixi_rosdistro/install/src/gmock_vendor': C++ tests using 'Google Mock' will be built
[9.653s] -- Found gtest sources under 'D:/a/pixi_rosdistro/pixi_rosdistro/install/src/gtest_vendor': C++ tests using 'Google Test' will be built
[9.670s] -- Added test 'copyright' to check source files copyright and LICENSE
[9.679s] -- Added test 'cppcheck' to perform static code analysis on C / C++ code
[9.679s] -- Configured cppcheck include dirs: $<BUILD_INTERFACE:D:/a/pixi_rosdistro/pixi_rosdistro/src/ros-tooling/keyboard_handler/keyboard_handler/include>
[9.679s] -- Configured cppcheck exclude dirs and/or files: 
[9.687s] -- Added test 'cpplint' to check C / C++ code against the Google style
[9.688s] -- Configured cpplint exclude dirs and/or files: 
[9.694s] -- Added test 'lint_cmake' to check CMake code style
[9.703s] -- Added test 'uncrustify' to check C / C++ code style
[9.703s] -- Configured uncrustify additional arguments: 
[9.708s] -- Added test 'xmllint' to check XML markup files
[9.724s] -- Configuring done (4.5s)
[9.796s] -- Generating done (0.1s)
[9.813s] -- Build files have been written to: D:/a/pixi_rosdistro/pixi_rosdistro/build/keyboard_handler
[9.828s] Invoked command in 'D:\a\pixi_rosdistro\pixi_rosdistro\build\keyboard_handler' returned '0': AMENT_PREFIX_PATH=D:\a\pixi_rosdistro\pixi_rosdistro\install CMAKE_PREFIX_PATH=D:\a\pixi_rosdistro\pixi_rosdistro\install;D:\a\pixi_rosdistro\pixi_rosdistro\.pixi\envs\default\Library PATH=D:\a\pixi_rosdistro\pixi_rosdistro\install\Scripts;D:\a\pixi_rosdistro\pixi_rosdistro\install\bin;%PATH% PIXI_PROMPT=(ros2_rolling) PKG_CONFIG_PATH=D:\a\pixi_rosdistro\pixi_rosdistro\install\lib\pkgconfig PROMPT=$P$G PYTHONPATH=D:\a\pixi_rosdistro\pixi_rosdistro\install\Lib\site-packages D:\a\pixi_rosdistro\pixi_rosdistro\.pixi\envs\default\Library\bin\cmake.EXE D:\a\pixi_rosdistro\pixi_rosdistro\src\ros-tooling\keyboard_handler\keyboard_handler -GNinja --no-warn-unused-cli -DCMAKE_BUILD_TYPE=Release -DCMAKE_BUILD_WITH_INSTALL_RPATH:bool=TRUE -DCMAKE_POLICY_VERSION_MINIMUM=3.5 -Wno-deprecated -DSTACK_DETAILS_AUTO_DETECT:bool=FALSE -DSTACK_DETAILS_BFD:bool=FALSE -DCMAKE_INSTALL_PREFIX=D:\a\pixi_rosdistro\pixi_rosdistro\install
[9.830s] Invoking command in 'D:\a\pixi_rosdistro\pixi_rosdistro\build\keyboard_handler': AMENT_PREFIX_PATH=D:\a\pixi_rosdistro\pixi_rosdistro\install CMAKE_PREFIX_PATH=D:\a\pixi_rosdistro\pixi_rosdistro\install;D:\a\pixi_rosdistro\pixi_rosdistro\.pixi\envs\default\Library PATH=D:\a\pixi_rosdistro\pixi_rosdistro\install\Scripts;D:\a\pixi_rosdistro\pixi_rosdistro\install\bin;%PATH% PIXI_PROMPT=(ros2_rolling) PKG_CONFIG_PATH=D:\a\pixi_rosdistro\pixi_rosdistro\install\lib\pkgconfig PROMPT=$P$G PYTHONPATH=D:\a\pixi_rosdistro\pixi_rosdistro\install\Lib\site-packages D:\a\pixi_rosdistro\pixi_rosdistro\.pixi\envs\default\Library\bin\cmake.EXE --build D:\a\pixi_rosdistro\pixi_rosdistro\build\keyboard_handler -- -j4 -l4
[10.233s] [1/14] Building CXX object CMakeFiles\keyboard_handler.dir\src\keyboard_handler_base.cpp.obj
[10.340s] [2/14] Building CXX object CMakeFiles\keyboard_handler.dir\src\default_unix_key_map.cpp.obj
[10.755s] [3/14] Building CXX object CMakeFiles\keyboard_handler.dir\src\default_windows_key_map.cpp.obj
[10.964s] [4/14] Building CXX object CMakeFiles\keyboard_handler.dir\src\keyboard_handler_unix_impl.cpp.obj
[11.780s] [5/14] Building CXX object CMakeFiles\keyboard_handler.dir\src\keyboard_handler_windows_impl.cpp.obj
[12.778s] [6/14] Building CXX object gmock\CMakeFiles\gmock.dir\D_\a\pixi_rosdistro\pixi_rosdistro\install\src\gtest_vendor\src\gtest-all.cc.obj
[13.298s] [7/14] Building CXX object gmock\CMakeFiles\gmock.dir\src\gmock-all.cc.obj
[13.785s] [8/14] Building CXX object gmock\CMakeFiles\gmock_main.dir\src\gmock_main.cc.obj
[13.937s] [9/14] Linking CXX shared library keyboard_handler.dll
[14.055s] [10/14] Building CXX object CMakeFiles\test_keyboard_handler.dir\test\keyboard_handler_unix_tests.cpp.obj
[14.571s] [11/14] Building CXX object CMakeFiles\test_keyboard_handler.dir\test\keyboard_handler_windows_tests.cpp.obj
[14.638s] [12/14] Linking CXX static library gmock\gmock.lib
[14.689s] [13/14] Linking CXX static library gmock\gmock_main.lib
[14.886s] [14/14] Linking CXX executable test_keyboard_handler.exe
[14.896s] Invoked command in 'D:\a\pixi_rosdistro\pixi_rosdistro\build\keyboard_handler' returned '0': AMENT_PREFIX_PATH=D:\a\pixi_rosdistro\pixi_rosdistro\install CMAKE_PREFIX_PATH=D:\a\pixi_rosdistro\pixi_rosdistro\install;D:\a\pixi_rosdistro\pixi_rosdistro\.pixi\envs\default\Library PATH=D:\a\pixi_rosdistro\pixi_rosdistro\install\Scripts;D:\a\pixi_rosdistro\pixi_rosdistro\install\bin;%PATH% PIXI_PROMPT=(ros2_rolling) PKG_CONFIG_PATH=D:\a\pixi_rosdistro\pixi_rosdistro\install\lib\pkgconfig PROMPT=$P$G PYTHONPATH=D:\a\pixi_rosdistro\pixi_rosdistro\install\Lib\site-packages D:\a\pixi_rosdistro\pixi_rosdistro\.pixi\envs\default\Library\bin\cmake.EXE --build D:\a\pixi_rosdistro\pixi_rosdistro\build\keyboard_handler -- -j4 -l4
[14.899s] Invoking command in 'D:\a\pixi_rosdistro\pixi_rosdistro\build\keyboard_handler': AMENT_PREFIX_PATH=D:\a\pixi_rosdistro\pixi_rosdistro\install CMAKE_PREFIX_PATH=D:\a\pixi_rosdistro\pixi_rosdistro\install;D:\a\pixi_rosdistro\pixi_rosdistro\.pixi\envs\default\Library PATH=D:\a\pixi_rosdistro\pixi_rosdistro\install\Scripts;D:\a\pixi_rosdistro\pixi_rosdistro\install\bin;%PATH% PIXI_PROMPT=(ros2_rolling) PKG_CONFIG_PATH=D:\a\pixi_rosdistro\pixi_rosdistro\install\lib\pkgconfig PROMPT=$P$G PYTHONPATH=D:\a\pixi_rosdistro\pixi_rosdistro\install\Lib\site-packages D:\a\pixi_rosdistro\pixi_rosdistro\.pixi\envs\default\Library\bin\cmake.EXE --install D:\a\pixi_rosdistro\pixi_rosdistro\build\keyboard_handler
[14.928s] -- Install configuration: "Release"
[14.928s] -- Installing: D:/a/pixi_rosdistro/pixi_rosdistro/install/include/keyboard_handler
[14.929s] -- Installing: D:/a/pixi_rosdistro/pixi_rosdistro/install/include/keyboard_handler/keyboard_handler
[14.930s] -- Installing: D:/a/pixi_rosdistro/pixi_rosdistro/install/include/keyboard_handler/keyboard_handler/keyboard_handler.hpp
[14.931s] -- Installing: D:/a/pixi_rosdistro/pixi_rosdistro/install/include/keyboard_handler/keyboard_handler/keyboard_handler_base.hpp
[14.932s] -- Installing: D:/a/pixi_rosdistro/pixi_rosdistro/install/include/keyboard_handler/keyboard_handler/keyboard_handler_unix_impl.hpp
[14.932s] -- Installing: D:/a/pixi_rosdistro/pixi_rosdistro/install/include/keyboard_handler/keyboard_handler/keyboard_handler_windows_impl.hpp
[14.933s] -- Installing: D:/a/pixi_rosdistro/pixi_rosdistro/install/include/keyboard_handler/keyboard_handler/visibility_control.hpp
[14.934s] -- Installing: D:/a/pixi_rosdistro/pixi_rosdistro/install/lib/keyboard_handler.lib
[14.935s] -- Installing: D:/a/pixi_rosdistro/pixi_rosdistro/install/bin/keyboard_handler.dll
[14.936s] -- Installing: D:/a/pixi_rosdistro/pixi_rosdistro/install/share/ament_index/resource_index/package_run_dependencies/keyboard_handler
[14.937s] -- Installing: D:/a/pixi_rosdistro/pixi_rosdistro/install/share/ament_index/resource_index/parent_prefix_path/keyboard_handler
[14.938s] -- Installing: D:/a/pixi_rosdistro/pixi_rosdistro/install/share/keyboard_handler/environment/ament_prefix_path.bat
[14.939s] -- Installing: D:/a/pixi_rosdistro/pixi_rosdistro/install/share/keyboard_handler/environment/ament_prefix_path.dsv
[14.940s] -- Installing: D:/a/pixi_rosdistro/pixi_rosdistro/install/share/keyboard_handler/environment/path.bat
[14.941s] -- Installing: D:/a/pixi_rosdistro/pixi_rosdistro/install/share/keyboard_handler/environment/path.dsv
[14.941s] -- Installing: D:/a/pixi_rosdistro/pixi_rosdistro/install/share/keyboard_handler/local_setup.bat
[14.942s] -- Installing: D:/a/pixi_rosdistro/pixi_rosdistro/install/share/keyboard_handler/local_setup.dsv
[14.943s] -- Installing: D:/a/pixi_rosdistro/pixi_rosdistro/install/share/keyboard_handler/package.dsv
[14.944s] -- Installing: D:/a/pixi_rosdistro/pixi_rosdistro/install/share/ament_index/resource_index/packages/keyboard_handler
[14.945s] -- Installing: D:/a/pixi_rosdistro/pixi_rosdistro/install/share/keyboard_handler/cmake/export_keyboard_handlerExport.cmake
[14.946s] -- Installing: D:/a/pixi_rosdistro/pixi_rosdistro/install/share/keyboard_handler/cmake/export_keyboard_handlerExport-release.cmake
[14.946s] -- Installing: D:/a/pixi_rosdistro/pixi_rosdistro/install/share/keyboard_handler/cmake/ament_cmake_export_include_directories-extras.cmake
[14.947s] -- Installing: D:/a/pixi_rosdistro/pixi_rosdistro/install/share/keyboard_handler/cmake/ament_cmake_export_libraries-extras.cmake
[14.948s] -- Installing: D:/a/pixi_rosdistro/pixi_rosdistro/install/share/keyboard_handler/cmake/ament_cmake_export_targets-extras.cmake
[14.949s] -- Installing: D:/a/pixi_rosdistro/pixi_rosdistro/install/share/keyboard_handler/cmake/keyboard_handlerConfig.cmake
[14.950s] -- Installing: D:/a/pixi_rosdistro/pixi_rosdistro/install/share/keyboard_handler/cmake/keyboard_handlerConfig-version.cmake
[14.951s] -- Installing: D:/a/pixi_rosdistro/pixi_rosdistro/install/share/keyboard_handler/package.xml
[14.957s] Invoked command in 'D:\a\pixi_rosdistro\pixi_rosdistro\build\keyboard_handler' returned '0': AMENT_PREFIX_PATH=D:\a\pixi_rosdistro\pixi_rosdistro\install CMAKE_PREFIX_PATH=D:\a\pixi_rosdistro\pixi_rosdistro\install;D:\a\pixi_rosdistro\pixi_rosdistro\.pixi\envs\default\Library PATH=D:\a\pixi_rosdistro\pixi_rosdistro\install\Scripts;D:\a\pixi_rosdistro\pixi_rosdistro\install\bin;%PATH% PIXI_PROMPT=(ros2_rolling) PKG_CONFIG_PATH=D:\a\pixi_rosdistro\pixi_rosdistro\install\lib\pkgconfig PROMPT=$P$G PYTHONPATH=D:\a\pixi_rosdistro\pixi_rosdistro\install\Lib\site-packages D:\a\pixi_rosdistro\pixi_rosdistro\.pixi\envs\default\Library\bin\cmake.EXE --install D:\a\pixi_rosdistro\pixi_rosdistro\build\keyboard_handler
