[5.017s] Invoking command in '/home/runner/work/pixi_rosdistro/pixi_rosdistro/build/rmw_implementation_cmake': AMENT_PREFIX_PATH=/home/runner/work/pixi_rosdistro/pixi_rosdistro/install CMAKE_PREFIX_PATH=/home/runner/work/pixi_rosdistro/pixi_rosdistro/install:${CMAKE_PREFIX_PATH} LD_LIBRARY_PATH=/home/runner/work/pixi_rosdistro/pixi_rosdistro/install/lib PATH=/home/runner/work/pixi_rosdistro/pixi_rosdistro/install/bin:/opt/microsoft/powershell/7:${PATH} PIXI_PROMPT=(ros2_rolling) PKG_CONFIG_PATH=/home/runner/work/pixi_rosdistro/pixi_rosdistro/install/lib/pkgconfig PSModulePath=/home/runner/.local/share/powershell/Modules:${PSModulePath} PYTHONPATH=/home/runner/work/pixi_rosdistro/pixi_rosdistro/install/lib/python3.12/site-packages ROS_DOMAIN_ID=226 /home/runner/work/pixi_rosdistro/pixi_rosdistro/.pixi/envs/default/bin/cmake /home/runner/work/pixi_rosdistro/pixi_rosdistro/src/ros2/rmw/rmw_implementation_cmake -GNinja --no-warn-unused-cli -DCMAKE_BUILD_TYPE=Release -DCMAKE_BUILD_WITH_INSTALL_RPATH:bool=TRUE -DCMAKE_POLICY_VERSION_MINIMUM=3.5 -Wno-deprecated -DSTACK_DETAILS_AUTO_DETECT:bool=FALSE -DSTACK_DETAILS_BFD:bool=FALSE -DCMAKE_INSTALL_PREFIX=/home/runner/work/pixi_rosdistro/pixi_rosdistro/install
[5.083s] Not searching for unused variables given on the command line.
[5.083s] -- Found ament_cmake: 2.8.6 (/home/runner/work/pixi_rosdistro/pixi_rosdistro/install/share/ament_cmake/cmake)
[5.903s] -- Found ament_lint_auto: 0.20.3 (/home/runner/work/pixi_rosdistro/pixi_rosdistro/install/share/ament_lint_auto/cmake)
[6.273s] -- Added test 'copyright' to check source files copyright and LICENSE
[6.283s] -- Added test 'lint_cmake' to check CMake code style
[6.289s] -- Added test 'xmllint' to check XML markup files
[6.291s] -- Configuring done (1.2s)
[6.321s] -- Generating done (0.0s)
[6.321s] -- Build files have been written to: /home/runner/work/pixi_rosdistro/pixi_rosdistro/build/rmw_implementation_cmake
[6.331s] Invoked command in '/home/runner/work/pixi_rosdistro/pixi_rosdistro/build/rmw_implementation_cmake' returned '0': AMENT_PREFIX_PATH=/home/runner/work/pixi_rosdistro/pixi_rosdistro/install CMAKE_PREFIX_PATH=/home/runner/work/pixi_rosdistro/pixi_rosdistro/install:${CMAKE_PREFIX_PATH} LD_LIBRARY_PATH=/home/runner/work/pixi_rosdistro/pixi_rosdistro/install/lib PATH=/home/runner/work/pixi_rosdistro/pixi_rosdistro/install/bin:/opt/microsoft/powershell/7:${PATH} PIXI_PROMPT=(ros2_rolling) PKG_CONFIG_PATH=/home/runner/work/pixi_rosdistro/pixi_rosdistro/install/lib/pkgconfig PSModulePath=/home/runner/.local/share/powershell/Modules:${PSModulePath} PYTHONPATH=/home/runner/work/pixi_rosdistro/pixi_rosdistro/install/lib/python3.12/site-packages ROS_DOMAIN_ID=226 /home/runner/work/pixi_rosdistro/pixi_rosdistro/.pixi/envs/default/bin/cmake /home/runner/work/pixi_rosdistro/pixi_rosdistro/src/ros2/rmw/rmw_implementation_cmake -GNinja --no-warn-unused-cli -DCMAKE_BUILD_TYPE=Release -DCMAKE_BUILD_WITH_INSTALL_RPATH:bool=TRUE -DCMAKE_POLICY_VERSION_MINIMUM=3.5 -Wno-deprecated -DSTACK_DETAILS_AUTO_DETECT:bool=FALSE -DSTACK_DETAILS_BFD:bool=FALSE -DCMAKE_INSTALL_PREFIX=/home/runner/work/pixi_rosdistro/pixi_rosdistro/install
[6.332s] Invoking command in '/home/runner/work/pixi_rosdistro/pixi_rosdistro/build/rmw_implementation_cmake': AMENT_PREFIX_PATH=/home/runner/work/pixi_rosdistro/pixi_rosdistro/install CMAKE_PREFIX_PATH=/home/runner/work/pixi_rosdistro/pixi_rosdistro/install:${CMAKE_PREFIX_PATH} LD_LIBRARY_PATH=/home/runner/work/pixi_rosdistro/pixi_rosdistro/install/lib PATH=/home/runner/work/pixi_rosdistro/pixi_rosdistro/install/bin:/opt/microsoft/powershell/7:${PATH} PIXI_PROMPT=(ros2_rolling) PKG_CONFIG_PATH=/home/runner/work/pixi_rosdistro/pixi_rosdistro/install/lib/pkgconfig PSModulePath=/home/runner/.local/share/powershell/Modules:${PSModulePath} PYTHONPATH=/home/runner/work/pixi_rosdistro/pixi_rosdistro/install/lib/python3.12/site-packages ROS_DOMAIN_ID=226 /home/runner/work/pixi_rosdistro/pixi_rosdistro/.pixi/envs/default/bin/cmake --build /home/runner/work/pixi_rosdistro/pixi_rosdistro/build/rmw_implementation_cmake -- -j4 -l4
[6.358s] ninja: no work to do.
[6.359s] Invoked command in '/home/runner/work/pixi_rosdistro/pixi_rosdistro/build/rmw_implementation_cmake' returned '0': AMENT_PREFIX_PATH=/home/runner/work/pixi_rosdistro/pixi_rosdistro/install CMAKE_PREFIX_PATH=/home/runner/work/pixi_rosdistro/pixi_rosdistro/install:${CMAKE_PREFIX_PATH} LD_LIBRARY_PATH=/home/runner/work/pixi_rosdistro/pixi_rosdistro/install/lib PATH=/home/runner/work/pixi_rosdistro/pixi_rosdistro/install/bin:/opt/microsoft/powershell/7:${PATH} PIXI_PROMPT=(ros2_rolling) PKG_CONFIG_PATH=/home/runner/work/pixi_rosdistro/pixi_rosdistro/install/lib/pkgconfig PSModulePath=/home/runner/.local/share/powershell/Modules:${PSModulePath} PYTHONPATH=/home/runner/work/pixi_rosdistro/pixi_rosdistro/install/lib/python3.12/site-packages ROS_DOMAIN_ID=226 /home/runner/work/pixi_rosdistro/pixi_rosdistro/.pixi/envs/default/bin/cmake --build /home/runner/work/pixi_rosdistro/pixi_rosdistro/build/rmw_implementation_cmake -- -j4 -l4
[6.364s] Invoking command in '/home/runner/work/pixi_rosdistro/pixi_rosdistro/build/rmw_implementation_cmake': AMENT_PREFIX_PATH=/home/runner/work/pixi_rosdistro/pixi_rosdistro/install CMAKE_PREFIX_PATH=/home/runner/work/pixi_rosdistro/pixi_rosdistro/install:${CMAKE_PREFIX_PATH} LD_LIBRARY_PATH=/home/runner/work/pixi_rosdistro/pixi_rosdistro/install/lib PATH=/home/runner/work/pixi_rosdistro/pixi_rosdistro/install/bin:/opt/microsoft/powershell/7:${PATH} PIXI_PROMPT=(ros2_rolling) PKG_CONFIG_PATH=/home/runner/work/pixi_rosdistro/pixi_rosdistro/install/lib/pkgconfig PSModulePath=/home/runner/.local/share/powershell/Modules:${PSModulePath} PYTHONPATH=/home/runner/work/pixi_rosdistro/pixi_rosdistro/install/lib/python3.12/site-packages ROS_DOMAIN_ID=226 /home/runner/work/pixi_rosdistro/pixi_rosdistro/.pixi/envs/default/bin/cmake --install /home/runner/work/pixi_rosdistro/pixi_rosdistro/build/rmw_implementation_cmake
[6.377s] -- Install configuration: "Release"
[6.377s] -- Installing: /home/runner/work/pixi_rosdistro/pixi_rosdistro/install/share/ament_index/resource_index/package_run_dependencies/rmw_implementation_cmake
[6.378s] -- Installing: /home/runner/work/pixi_rosdistro/pixi_rosdistro/install/share/ament_index/resource_index/parent_prefix_path/rmw_implementation_cmake
[6.378s] -- Installing: /home/runner/work/pixi_rosdistro/pixi_rosdistro/install/share/rmw_implementation_cmake/environment/ament_prefix_path.sh
[6.378s] -- Installing: /home/runner/work/pixi_rosdistro/pixi_rosdistro/install/share/rmw_implementation_cmake/environment/ament_prefix_path.dsv
[6.379s] -- Installing: /home/runner/work/pixi_rosdistro/pixi_rosdistro/install/share/rmw_implementation_cmake/environment/path.sh
[6.382s] -- Installing: /home/runner/work/pixi_rosdistro/pixi_rosdistro/install/share/rmw_implementation_cmake/environment/path.dsv
[6.382s] -- Installing: /home/runner/work/pixi_rosdistro/pixi_rosdistro/install/share/rmw_implementation_cmake/local_setup.bash
[6.383s] -- Installing: /home/runner/work/pixi_rosdistro/pixi_rosdistro/install/share/rmw_implementation_cmake/local_setup.fish
[6.383s] -- Installing: /home/runner/work/pixi_rosdistro/pixi_rosdistro/install/share/rmw_implementation_cmake/local_setup.sh
[6.383s] -- Installing: /home/runner/work/pixi_rosdistro/pixi_rosdistro/install/share/rmw_implementation_cmake/local_setup.zsh
[6.383s] -- Installing: /home/runner/work/pixi_rosdistro/pixi_rosdistro/install/share/rmw_implementation_cmake/local_setup.dsv
[6.383s] -- Installing: /home/runner/work/pixi_rosdistro/pixi_rosdistro/install/share/rmw_implementation_cmake/package.dsv
[6.384s] -- Installing: /home/runner/work/pixi_rosdistro/pixi_rosdistro/install/share/ament_index/resource_index/packages/rmw_implementation_cmake
[6.384s] -- Installing: /home/runner/work/pixi_rosdistro/pixi_rosdistro/install/share/rmw_implementation_cmake/cmake/rmw_implementation_cmake-extras.cmake
[6.384s] -- Installing: /home/runner/work/pixi_rosdistro/pixi_rosdistro/install/share/rmw_implementation_cmake/cmake/ament_cmake_export_dependencies-extras.cmake
[6.388s] -- Installing: /home/runner/work/pixi_rosdistro/pixi_rosdistro/install/share/rmw_implementation_cmake/cmake/rmw_implementation_cmakeConfig.cmake
[6.388s] -- Installing: /home/runner/work/pixi_rosdistro/pixi_rosdistro/install/share/rmw_implementation_cmake/cmake/rmw_implementation_cmakeConfig-version.cmake
[6.388s] -- Installing: /home/runner/work/pixi_rosdistro/pixi_rosdistro/install/share/rmw_implementation_cmake/package.xml
[6.388s] -- Up-to-date: /home/runner/work/pixi_rosdistro/pixi_rosdistro/install/share/rmw_implementation_cmake/cmake
[6.388s] -- Installing: /home/runner/work/pixi_rosdistro/pixi_rosdistro/install/share/rmw_implementation_cmake/cmake/get_default_rmw_implementation.cmake
[6.390s] -- Installing: /home/runner/work/pixi_rosdistro/pixi_rosdistro/install/share/rmw_implementation_cmake/cmake/call_for_each_rmw_implementation.cmake
[6.390s] -- Installing: /home/runner/work/pixi_rosdistro/pixi_rosdistro/install/share/rmw_implementation_cmake/cmake/get_available_rmw_implementations.cmake
[6.395s] Invoked command in '/home/runner/work/pixi_rosdistro/pixi_rosdistro/build/rmw_implementation_cmake' returned '0': AMENT_PREFIX_PATH=/home/runner/work/pixi_rosdistro/pixi_rosdistro/install CMAKE_PREFIX_PATH=/home/runner/work/pixi_rosdistro/pixi_rosdistro/install:${CMAKE_PREFIX_PATH} LD_LIBRARY_PATH=/home/runner/work/pixi_rosdistro/pixi_rosdistro/install/lib PATH=/home/runner/work/pixi_rosdistro/pixi_rosdistro/install/bin:/opt/microsoft/powershell/7:${PATH} PIXI_PROMPT=(ros2_rolling) PKG_CONFIG_PATH=/home/runner/work/pixi_rosdistro/pixi_rosdistro/install/lib/pkgconfig PSModulePath=/home/runner/.local/share/powershell/Modules:${PSModulePath} PYTHONPATH=/home/runner/work/pixi_rosdistro/pixi_rosdistro/install/lib/python3.12/site-packages ROS_DOMAIN_ID=226 /home/runner/work/pixi_rosdistro/pixi_rosdistro/.pixi/envs/default/bin/cmake --install /home/runner/work/pixi_rosdistro/pixi_rosdistro/build/rmw_implementation_cmake
