[5.339s] Invoking command in '/home/runner/work/pixi_rosdistro/pixi_rosdistro/build/rosbag2_compression': AMENT_PREFIX_PATH=/home/runner/work/pixi_rosdistro/pixi_rosdistro/install CMAKE_PREFIX_PATH=/home/runner/work/pixi_rosdistro/pixi_rosdistro/install:${CMAKE_PREFIX_PATH} LD_LIBRARY_PATH=/home/runner/work/pixi_rosdistro/pixi_rosdistro/install/lib PATH=/home/runner/work/pixi_rosdistro/pixi_rosdistro/install/bin:/opt/microsoft/powershell/7:${PATH} PIXI_PROMPT=(ros2_rolling) PKG_CONFIG_PATH=/home/runner/work/pixi_rosdistro/pixi_rosdistro/install/lib/pkgconfig PSModulePath=/home/runner/.local/share/powershell/Modules:${PSModulePath} PYTHONPATH=/home/runner/work/pixi_rosdistro/pixi_rosdistro/install/lib/python3.12/site-packages /home/runner/work/pixi_rosdistro/pixi_rosdistro/.pixi/envs/default/bin/cmake /home/runner/work/pixi_rosdistro/pixi_rosdistro/src/ros2/rosbag2/rosbag2_compression -GNinja --no-warn-unused-cli -DCMAKE_BUILD_TYPE=Release -DCMAKE_BUILD_WITH_INSTALL_RPATH:bool=TRUE -DCMAKE_POLICY_VERSION_MINIMUM=3.5 -Wno-deprecated -DSTACK_DETAILS_AUTO_DETECT:bool=FALSE -DSTACK_DETAILS_BFD:bool=FALSE -DTRACETOOLS_DISABLED=ON -DCMAKE_INSTALL_PREFIX=/home/runner/work/pixi_rosdistro/pixi_rosdistro/install
[5.417s] Not searching for unused variables given on the command line.
[5.417s] -- The C compiler identification is GNU 14.3.0
[5.538s] -- The CXX compiler identification is GNU 14.3.0
[5.550s] -- Detecting C compiler ABI info
[5.685s] -- Detecting C compiler ABI info - done
[5.717s] -- Check for working C compiler: /home/runner/work/pixi_rosdistro/pixi_rosdistro/.pixi/envs/default/bin/x86_64-conda-linux-gnu-cc - skipped
[5.717s] -- Detecting C compile features
[5.718s] -- Detecting C compile features - done
[5.738s] -- Detecting CXX compiler ABI info
[5.918s] -- Detecting CXX compiler ABI info - done
[5.953s] -- Check for working CXX compiler: /home/runner/work/pixi_rosdistro/pixi_rosdistro/.pixi/envs/default/bin/x86_64-conda-linux-gnu-c++ - skipped
[5.953s] -- Detecting CXX compile features
[5.955s] -- Detecting CXX compile features - done
[5.969s] -- Found ament_cmake: 2.8.6 (/home/runner/work/pixi_rosdistro/pixi_rosdistro/install/share/ament_cmake/cmake)
[6.247s] -- Found pluginlib: 5.8.4 (/home/runner/work/pixi_rosdistro/pixi_rosdistro/install/share/pluginlib/cmake)
[6.279s] -- Found rosbag2_cpp: 0.33.0 (/home/runner/work/pixi_rosdistro/pixi_rosdistro/install/share/rosbag2_cpp/cmake)
[6.317s] -- Found rosidl_generator_c: 5.1.3 (/home/runner/work/pixi_rosdistro/pixi_rosdistro/install/share/rosidl_generator_c/cmake)
[6.329s] -- Found rosidl_generator_cpp: 5.1.3 (/home/runner/work/pixi_rosdistro/pixi_rosdistro/install/share/rosidl_generator_cpp/cmake)
[6.346s] -- Using all available rosidl_typesupport_c: rosidl_typesupport_fastrtps_c;rosidl_typesupport_introspection_c
[6.360s] -- Using all available rosidl_typesupport_cpp: rosidl_typesupport_fastrtps_cpp;rosidl_typesupport_introspection_cpp
[6.489s] -- Found rmw_implementation_cmake: 7.10.0 (/home/runner/work/pixi_rosdistro/pixi_rosdistro/install/share/rmw_implementation_cmake/cmake)
[6.491s] -- Found rmw_fastrtps_cpp: 9.4.5 (/home/runner/work/pixi_rosdistro/pixi_rosdistro/install/share/rmw_fastrtps_cpp/cmake)
[6.543s] -- Using RMW implementation 'rmw_fastrtps_cpp' as default
[6.693s] -- Found ament_cmake_gmock: 2.8.6 (/home/runner/work/pixi_rosdistro/pixi_rosdistro/install/share/ament_cmake_gmock/cmake)
[6.697s] -- Found ament_lint_auto: 0.20.3 (/home/runner/work/pixi_rosdistro/pixi_rosdistro/install/share/ament_lint_auto/cmake)
[6.699s] -- Found rosbag2_test_common: 0.33.0 (/home/runner/work/pixi_rosdistro/pixi_rosdistro/install/share/rosbag2_test_common/cmake)
[6.993s] -- Found gmock sources under '/home/runner/work/pixi_rosdistro/pixi_rosdistro/install/src/gmock_vendor': C++ tests using 'Google Mock' will be built
[6.999s] -- Found ament_cmake_gtest: 2.8.6 (/home/runner/work/pixi_rosdistro/pixi_rosdistro/install/share/ament_cmake_gtest/cmake)
[7.001s] -- Found gtest sources under '/home/runner/work/pixi_rosdistro/pixi_rosdistro/install/src/gtest_vendor': C++ tests using 'Google Test' will be built
[7.013s] -- Added test 'copyright' to check source files copyright and LICENSE
[7.015s] -- Added test 'cppcheck' to perform static code analysis on C / C++ code
[7.015s] -- Configured cppcheck include dirs: $<BUILD_INTERFACE:/home/runner/work/pixi_rosdistro/pixi_rosdistro/src/ros2/rosbag2/rosbag2_compression/include>
[7.015s] -- Configured cppcheck exclude dirs and/or files: 
[7.019s] -- Added test 'cpplint' to check C / C++ code against the Google style
[7.019s] -- Configured cpplint exclude dirs and/or files: 
[7.021s] -- Added test 'lint_cmake' to check CMake code style
[7.025s] -- Added test 'uncrustify' to check C / C++ code style
[7.026s] -- Configured uncrustify additional arguments: 
[7.027s] -- Added test 'xmllint' to check XML markup files
[7.031s] -- Configuring done (1.7s)
[7.098s] -- Generating done (0.1s)
[7.162s] -- Build files have been written to: /home/runner/work/pixi_rosdistro/pixi_rosdistro/build/rosbag2_compression
[7.176s] Invoked command in '/home/runner/work/pixi_rosdistro/pixi_rosdistro/build/rosbag2_compression' returned '0': AMENT_PREFIX_PATH=/home/runner/work/pixi_rosdistro/pixi_rosdistro/install CMAKE_PREFIX_PATH=/home/runner/work/pixi_rosdistro/pixi_rosdistro/install:${CMAKE_PREFIX_PATH} LD_LIBRARY_PATH=/home/runner/work/pixi_rosdistro/pixi_rosdistro/install/lib PATH=/home/runner/work/pixi_rosdistro/pixi_rosdistro/install/bin:/opt/microsoft/powershell/7:${PATH} PIXI_PROMPT=(ros2_rolling) PKG_CONFIG_PATH=/home/runner/work/pixi_rosdistro/pixi_rosdistro/install/lib/pkgconfig PSModulePath=/home/runner/.local/share/powershell/Modules:${PSModulePath} PYTHONPATH=/home/runner/work/pixi_rosdistro/pixi_rosdistro/install/lib/python3.12/site-packages /home/runner/work/pixi_rosdistro/pixi_rosdistro/.pixi/envs/default/bin/cmake /home/runner/work/pixi_rosdistro/pixi_rosdistro/src/ros2/rosbag2/rosbag2_compression -GNinja --no-warn-unused-cli -DCMAKE_BUILD_TYPE=Release -DCMAKE_BUILD_WITH_INSTALL_RPATH:bool=TRUE -DCMAKE_POLICY_VERSION_MINIMUM=3.5 -Wno-deprecated -DSTACK_DETAILS_AUTO_DETECT:bool=FALSE -DSTACK_DETAILS_BFD:bool=FALSE -DTRACETOOLS_DISABLED=ON -DCMAKE_INSTALL_PREFIX=/home/runner/work/pixi_rosdistro/pixi_rosdistro/install
[7.178s] Invoking command in '/home/runner/work/pixi_rosdistro/pixi_rosdistro/build/rosbag2_compression': AMENT_PREFIX_PATH=/home/runner/work/pixi_rosdistro/pixi_rosdistro/install CMAKE_PREFIX_PATH=/home/runner/work/pixi_rosdistro/pixi_rosdistro/install:${CMAKE_PREFIX_PATH} LD_LIBRARY_PATH=/home/runner/work/pixi_rosdistro/pixi_rosdistro/install/lib PATH=/home/runner/work/pixi_rosdistro/pixi_rosdistro/install/bin:/opt/microsoft/powershell/7:${PATH} PIXI_PROMPT=(ros2_rolling) PKG_CONFIG_PATH=/home/runner/work/pixi_rosdistro/pixi_rosdistro/install/lib/pkgconfig PSModulePath=/home/runner/.local/share/powershell/Modules:${PSModulePath} PYTHONPATH=/home/runner/work/pixi_rosdistro/pixi_rosdistro/install/lib/python3.12/site-packages /home/runner/work/pixi_rosdistro/pixi_rosdistro/.pixi/envs/default/bin/cmake --build /home/runner/work/pixi_rosdistro/pixi_rosdistro/build/rosbag2_compression -- -j4 -l4
[7.749s] [1/21] Building CXX object CMakeFiles/rosbag2_compression.dir/src/rosbag2_compression/compression_factory.cpp.o
[8.106s] [2/21] Building CXX object CMakeFiles/rosbag2_compression.dir/src/rosbag2_compression/compression_options.cpp.o
[8.730s] [3/21] Building CXX object CMakeFiles/rosbag2_compression.dir/src/rosbag2_compression/sequential_compression_reader.cpp.o
[9.503s] [4/21] Building CXX object CMakeFiles/rosbag2_compression.dir/src/rosbag2_compression/sequential_compression_writer.cpp.o
[9.599s] [5/21] Linking CXX shared library librosbag2_compression.so
[9.960s] [6/21] Building CXX object CMakeFiles/fake_plugin.dir/test/rosbag2_compression/fake_compressor.cpp.o
[10.376s] [7/21] Building CXX object CMakeFiles/fake_plugin.dir/test/rosbag2_compression/fake_decompressor.cpp.o
[10.944s] [8/21] Building CXX object gmock/CMakeFiles/gmock.dir/home/runner/work/pixi_rosdistro/pixi_rosdistro/install/src/gtest_vendor/src/gtest-all.cc.o
[11.382s] [9/21] Building CXX object gmock/CMakeFiles/gmock.dir/src/gmock-all.cc.o
[11.770s] [10/21] Building CXX object gmock/CMakeFiles/gmock_main.dir/src/gmock_main.cc.o
[11.877s] [11/21] Linking CXX shared library libfake_plugin.so
[12.410s] [12/21] Building CXX object CMakeFiles/test_compression_factory.dir/test/rosbag2_compression/test_compression_factory.cpp.o
[13.024s] [13/21] Building CXX object CMakeFiles/test_compression_options.dir/test/rosbag2_compression/test_compression_options.cpp.o
[13.966s] [14/21] Building CXX object CMakeFiles/test_sequential_compression_reader.dir/test/rosbag2_compression/test_sequential_compression_reader.cpp.o
[14.968s] [15/21] Building CXX object CMakeFiles/test_sequential_compression_writer.dir/test/rosbag2_compression/test_sequential_compression_writer.cpp.o
[14.999s] [16/21] Linking CXX static library gmock/libgmock.a
[15.021s] [17/21] Linking CXX static library gmock/libgmock_main.a
[15.197s] [18/21] Linking CXX executable test_compression_factory
[15.375s] [19/21] Linking CXX executable test_compression_options
[15.548s] [20/21] Linking CXX executable test_sequential_compression_reader
[15.733s] [21/21] Linking CXX executable test_sequential_compression_writer
[15.738s] Invoked command in '/home/runner/work/pixi_rosdistro/pixi_rosdistro/build/rosbag2_compression' returned '0': AMENT_PREFIX_PATH=/home/runner/work/pixi_rosdistro/pixi_rosdistro/install CMAKE_PREFIX_PATH=/home/runner/work/pixi_rosdistro/pixi_rosdistro/install:${CMAKE_PREFIX_PATH} LD_LIBRARY_PATH=/home/runner/work/pixi_rosdistro/pixi_rosdistro/install/lib PATH=/home/runner/work/pixi_rosdistro/pixi_rosdistro/install/bin:/opt/microsoft/powershell/7:${PATH} PIXI_PROMPT=(ros2_rolling) PKG_CONFIG_PATH=/home/runner/work/pixi_rosdistro/pixi_rosdistro/install/lib/pkgconfig PSModulePath=/home/runner/.local/share/powershell/Modules:${PSModulePath} PYTHONPATH=/home/runner/work/pixi_rosdistro/pixi_rosdistro/install/lib/python3.12/site-packages ROS_DOMAIN_ID=56 /home/runner/work/pixi_rosdistro/pixi_rosdistro/.pixi/envs/default/bin/cmake --build /home/runner/work/pixi_rosdistro/pixi_rosdistro/build/rosbag2_compression -- -j4 -l4
[15.739s] Invoking command in '/home/runner/work/pixi_rosdistro/pixi_rosdistro/build/rosbag2_compression': AMENT_PREFIX_PATH=/home/runner/work/pixi_rosdistro/pixi_rosdistro/install CMAKE_PREFIX_PATH=/home/runner/work/pixi_rosdistro/pixi_rosdistro/install:${CMAKE_PREFIX_PATH} LD_LIBRARY_PATH=/home/runner/work/pixi_rosdistro/pixi_rosdistro/install/lib PATH=/home/runner/work/pixi_rosdistro/pixi_rosdistro/install/bin:/opt/microsoft/powershell/7:${PATH} PIXI_PROMPT=(ros2_rolling) PKG_CONFIG_PATH=/home/runner/work/pixi_rosdistro/pixi_rosdistro/install/lib/pkgconfig PSModulePath=/home/runner/.local/share/powershell/Modules:${PSModulePath} PYTHONPATH=/home/runner/work/pixi_rosdistro/pixi_rosdistro/install/lib/python3.12/site-packages ROS_DOMAIN_ID=56 /home/runner/work/pixi_rosdistro/pixi_rosdistro/.pixi/envs/default/bin/cmake --install /home/runner/work/pixi_rosdistro/pixi_rosdistro/build/rosbag2_compression
[15.746s] -- Install configuration: "Release"
[15.747s] -- Installing: /home/runner/work/pixi_rosdistro/pixi_rosdistro/install/include/rosbag2_compression
[15.747s] -- Installing: /home/runner/work/pixi_rosdistro/pixi_rosdistro/install/include/rosbag2_compression/rosbag2_compression
[15.747s] -- Installing: /home/runner/work/pixi_rosdistro/pixi_rosdistro/install/include/rosbag2_compression/rosbag2_compression/compression_factory.hpp
[15.748s] -- Installing: /home/runner/work/pixi_rosdistro/pixi_rosdistro/install/include/rosbag2_compression/rosbag2_compression/visibility_control.hpp
[15.748s] -- Installing: /home/runner/work/pixi_rosdistro/pixi_rosdistro/install/include/rosbag2_compression/rosbag2_compression/base_compressor_interface.hpp
[15.749s] -- Installing: /home/runner/work/pixi_rosdistro/pixi_rosdistro/install/include/rosbag2_compression/rosbag2_compression/base_decompressor_interface.hpp
[15.750s] -- Installing: /home/runner/work/pixi_rosdistro/pixi_rosdistro/install/include/rosbag2_compression/rosbag2_compression/sequential_compression_writer.hpp
[15.750s] -- Installing: /home/runner/work/pixi_rosdistro/pixi_rosdistro/install/include/rosbag2_compression/rosbag2_compression/compression_options.hpp
[15.750s] -- Installing: /home/runner/work/pixi_rosdistro/pixi_rosdistro/install/include/rosbag2_compression/rosbag2_compression/sequential_compression_reader.hpp
[15.750s] -- Installing: /home/runner/work/pixi_rosdistro/pixi_rosdistro/install/lib/librosbag2_compression.so
[15.752s] -- Installing: /home/runner/work/pixi_rosdistro/pixi_rosdistro/install/share/rosbag2_compression/environment/library_path.sh
[15.752s] -- Installing: /home/runner/work/pixi_rosdistro/pixi_rosdistro/install/share/rosbag2_compression/environment/library_path.dsv
[15.752s] -- Installing: /home/runner/work/pixi_rosdistro/pixi_rosdistro/install/lib/libfake_plugin.so
[15.752s] -- Installing: /home/runner/work/pixi_rosdistro/pixi_rosdistro/install/share/rosbag2_compression/test/rosbag2_compression/fake_plugin.xml
[15.753s] -- Installing: /home/runner/work/pixi_rosdistro/pixi_rosdistro/install/share/ament_index/resource_index/package_run_dependencies/rosbag2_compression
[15.753s] -- Installing: /home/runner/work/pixi_rosdistro/pixi_rosdistro/install/share/ament_index/resource_index/parent_prefix_path/rosbag2_compression
[15.754s] -- Installing: /home/runner/work/pixi_rosdistro/pixi_rosdistro/install/share/rosbag2_compression/environment/ament_prefix_path.sh
[15.755s] -- Installing: /home/runner/work/pixi_rosdistro/pixi_rosdistro/install/share/rosbag2_compression/environment/ament_prefix_path.dsv
[15.755s] -- Installing: /home/runner/work/pixi_rosdistro/pixi_rosdistro/install/share/rosbag2_compression/environment/path.sh
[15.755s] -- Installing: /home/runner/work/pixi_rosdistro/pixi_rosdistro/install/share/rosbag2_compression/environment/path.dsv
[15.755s] -- Installing: /home/runner/work/pixi_rosdistro/pixi_rosdistro/install/share/rosbag2_compression/local_setup.bash
[15.756s] -- Installing: /home/runner/work/pixi_rosdistro/pixi_rosdistro/install/share/rosbag2_compression/local_setup.fish
[15.756s] -- Installing: /home/runner/work/pixi_rosdistro/pixi_rosdistro/install/share/rosbag2_compression/local_setup.sh
[15.756s] -- Installing: /home/runner/work/pixi_rosdistro/pixi_rosdistro/install/share/rosbag2_compression/local_setup.zsh
[15.756s] -- Installing: /home/runner/work/pixi_rosdistro/pixi_rosdistro/install/share/rosbag2_compression/local_setup.dsv
[15.757s] -- Installing: /home/runner/work/pixi_rosdistro/pixi_rosdistro/install/share/rosbag2_compression/package.dsv
[15.757s] -- Installing: /home/runner/work/pixi_rosdistro/pixi_rosdistro/install/share/ament_index/resource_index/packages/rosbag2_compression
[15.759s] -- Installing: /home/runner/work/pixi_rosdistro/pixi_rosdistro/install/share/ament_index/resource_index/rosbag2_compression__pluginlib__plugin/rosbag2_compression
[15.759s] -- Installing: /home/runner/work/pixi_rosdistro/pixi_rosdistro/install/share/rosbag2_compression/cmake/export_rosbag2_compressionExport.cmake
[15.759s] -- Installing: /home/runner/work/pixi_rosdistro/pixi_rosdistro/install/share/rosbag2_compression/cmake/export_rosbag2_compressionExport-release.cmake
[15.759s] -- Installing: /home/runner/work/pixi_rosdistro/pixi_rosdistro/install/share/rosbag2_compression/cmake/ament_cmake_export_include_directories-extras.cmake
[15.759s] -- Installing: /home/runner/work/pixi_rosdistro/pixi_rosdistro/install/share/rosbag2_compression/cmake/ament_cmake_export_libraries-extras.cmake
[15.759s] -- Installing: /home/runner/work/pixi_rosdistro/pixi_rosdistro/install/share/rosbag2_compression/cmake/ament_cmake_export_targets-extras.cmake
[15.760s] -- Installing: /home/runner/work/pixi_rosdistro/pixi_rosdistro/install/share/rosbag2_compression/cmake/ament_cmake_export_dependencies-extras.cmake
[15.760s] -- Installing: /home/runner/work/pixi_rosdistro/pixi_rosdistro/install/share/rosbag2_compression/cmake/rosbag2_compressionConfig.cmake
[15.760s] -- Installing: /home/runner/work/pixi_rosdistro/pixi_rosdistro/install/share/rosbag2_compression/cmake/rosbag2_compressionConfig-version.cmake
[15.761s] -- Installing: /home/runner/work/pixi_rosdistro/pixi_rosdistro/install/share/rosbag2_compression/package.xml
[15.763s] Invoked command in '/home/runner/work/pixi_rosdistro/pixi_rosdistro/build/rosbag2_compression' returned '0': AMENT_PREFIX_PATH=/home/runner/work/pixi_rosdistro/pixi_rosdistro/install CMAKE_PREFIX_PATH=/home/runner/work/pixi_rosdistro/pixi_rosdistro/install:${CMAKE_PREFIX_PATH} LD_LIBRARY_PATH=/home/runner/work/pixi_rosdistro/pixi_rosdistro/install/lib PATH=/home/runner/work/pixi_rosdistro/pixi_rosdistro/install/bin:/opt/microsoft/powershell/7:${PATH} PIXI_PROMPT=(ros2_rolling) PKG_CONFIG_PATH=/home/runner/work/pixi_rosdistro/pixi_rosdistro/install/lib/pkgconfig PSModulePath=/home/runner/.local/share/powershell/Modules:${PSModulePath} PYTHONPATH=/home/runner/work/pixi_rosdistro/pixi_rosdistro/install/lib/python3.12/site-packages ROS_DOMAIN_ID=56 /home/runner/work/pixi_rosdistro/pixi_rosdistro/.pixi/envs/default/bin/cmake --install /home/runner/work/pixi_rosdistro/pixi_rosdistro/build/rosbag2_compression
