[2.453s] Invoking command in 'D:\a\pixi_rosdistro\pixi_rosdistro\src\ament\ament_index\ament_index_python': AMENT_PREFIX_PATH=D:\a\pixi_rosdistro\pixi_rosdistro\install CMAKE_PREFIX_PATH=D:\a\pixi_rosdistro\pixi_rosdistro\install;D:\a\pixi_rosdistro\pixi_rosdistro\.pixi\envs\default\Library PATH=D:\a\pixi_rosdistro\pixi_rosdistro\install\Scripts;D:\a\pixi_rosdistro\pixi_rosdistro\install\bin;%PATH% PIXI_PROMPT=(ros2_rolling) PROMPT=$P$G PYTHONPATH=D:\a\pixi_rosdistro\pixi_rosdistro\build\ament_index_python\prefix_override;D:\a\pixi_rosdistro\pixi_rosdistro\.pixi\envs\default\Lib\site-packages\colcon_core\task\python\colcon_distutils_commands;D:\a\pixi_rosdistro\pixi_rosdistro\install\Lib\site-packages;D:\a\pixi_rosdistro\pixi_rosdistro\install\Lib\site-packages ROS_DOMAIN_ID=3 D:\a\pixi_rosdistro\pixi_rosdistro\.pixi\envs\default\python.exe -W ignore:setup.py install is deprecated -W ignore:easy_install command is deprecated setup.py egg_info --egg-base ..\..\..\..\build\ament_index_python build --build-base D:\a\pixi_rosdistro\pixi_rosdistro\build\ament_index_python\build install --record D:\a\pixi_rosdistro\pixi_rosdistro\build\ament_index_python\install.log --single-version-externally-managed install_data
[3.015s] running egg_info
[3.031s] creating ..\..\..\..\build\ament_index_python\ament_index_python.egg-info
[3.031s] writing ..\..\..\..\build\ament_index_python\ament_index_python.egg-info\PKG-INFO
[3.031s] writing dependency_links to ..\..\..\..\build\ament_index_python\ament_index_python.egg-info\dependency_links.txt
[3.031s] writing entry points to ..\..\..\..\build\ament_index_python\ament_index_python.egg-info\entry_points.txt
[3.031s] writing requirements to ..\..\..\..\build\ament_index_python\ament_index_python.egg-info\requires.txt
[3.031s] writing top-level names to ..\..\..\..\build\ament_index_python\ament_index_python.egg-info\top_level.txt
[3.031s] writing manifest file '..\..\..\..\build\ament_index_python\ament_index_python.egg-info\SOURCES.txt'
[3.078s] reading manifest file '..\..\..\..\build\ament_index_python\ament_index_python.egg-info\SOURCES.txt'
[3.093s] writing manifest file '..\..\..\..\build\ament_index_python\ament_index_python.egg-info\SOURCES.txt'
[3.093s] running build
[3.093s] running build_py
[3.093s] creating D:\a\pixi_rosdistro\pixi_rosdistro\build\ament_index_python\build\lib\ament_index_python
[3.093s] copying ament_index_python\cli.py -> D:\a\pixi_rosdistro\pixi_rosdistro\build\ament_index_python\build\lib\ament_index_python
[3.093s] copying ament_index_python\constants.py -> D:\a\pixi_rosdistro\pixi_rosdistro\build\ament_index_python\build\lib\ament_index_python
[3.093s] copying ament_index_python\packages.py -> D:\a\pixi_rosdistro\pixi_rosdistro\build\ament_index_python\build\lib\ament_index_python
[3.093s] copying ament_index_python\resources.py -> D:\a\pixi_rosdistro\pixi_rosdistro\build\ament_index_python\build\lib\ament_index_python
[3.093s] copying ament_index_python\search_paths.py -> D:\a\pixi_rosdistro\pixi_rosdistro\build\ament_index_python\build\lib\ament_index_python
[3.093s] copying ament_index_python\__init__.py -> D:\a\pixi_rosdistro\pixi_rosdistro\build\ament_index_python\build\lib\ament_index_python
[3.093s] copying ament_index_python\py.typed -> D:\a\pixi_rosdistro\pixi_rosdistro\build\ament_index_python\build\lib\ament_index_python
[3.093s] running install
[3.109s] running install_lib
[3.125s] creating D:\a\pixi_rosdistro\pixi_rosdistro\install\Lib\site-packages\ament_index_python
[3.125s] copying D:\a\pixi_rosdistro\pixi_rosdistro\build\ament_index_python\build\lib\ament_index_python\cli.py -> D:\a\pixi_rosdistro\pixi_rosdistro\install\Lib\site-packages\ament_index_python
[3.125s] copying D:\a\pixi_rosdistro\pixi_rosdistro\build\ament_index_python\build\lib\ament_index_python\constants.py -> D:\a\pixi_rosdistro\pixi_rosdistro\install\Lib\site-packages\ament_index_python
[3.125s] copying D:\a\pixi_rosdistro\pixi_rosdistro\build\ament_index_python\build\lib\ament_index_python\packages.py -> D:\a\pixi_rosdistro\pixi_rosdistro\install\Lib\site-packages\ament_index_python
[3.125s] copying D:\a\pixi_rosdistro\pixi_rosdistro\build\ament_index_python\build\lib\ament_index_python\py.typed -> D:\a\pixi_rosdistro\pixi_rosdistro\install\Lib\site-packages\ament_index_python
[3.125s] copying D:\a\pixi_rosdistro\pixi_rosdistro\build\ament_index_python\build\lib\ament_index_python\resources.py -> D:\a\pixi_rosdistro\pixi_rosdistro\install\Lib\site-packages\ament_index_python
[3.125s] copying D:\a\pixi_rosdistro\pixi_rosdistro\build\ament_index_python\build\lib\ament_index_python\search_paths.py -> D:\a\pixi_rosdistro\pixi_rosdistro\install\Lib\site-packages\ament_index_python
[3.125s] copying D:\a\pixi_rosdistro\pixi_rosdistro\build\ament_index_python\build\lib\ament_index_python\__init__.py -> D:\a\pixi_rosdistro\pixi_rosdistro\install\Lib\site-packages\ament_index_python
[3.125s] byte-compiling D:\a\pixi_rosdistro\pixi_rosdistro\install\Lib\site-packages\ament_index_python\cli.py to cli.cpython-312.pyc
[3.140s] byte-compiling D:\a\pixi_rosdistro\pixi_rosdistro\install\Lib\site-packages\ament_index_python\constants.py to constants.cpython-312.pyc
[3.140s] byte-compiling D:\a\pixi_rosdistro\pixi_rosdistro\install\Lib\site-packages\ament_index_python\packages.py to packages.cpython-312.pyc
[3.140s] byte-compiling D:\a\pixi_rosdistro\pixi_rosdistro\install\Lib\site-packages\ament_index_python\resources.py to resources.cpython-312.pyc
[3.140s] byte-compiling D:\a\pixi_rosdistro\pixi_rosdistro\install\Lib\site-packages\ament_index_python\search_paths.py to search_paths.cpython-312.pyc
[3.140s] byte-compiling D:\a\pixi_rosdistro\pixi_rosdistro\install\Lib\site-packages\ament_index_python\__init__.py to __init__.cpython-312.pyc
[3.140s] running install_data
[3.140s] copying package.xml -> D:\a\pixi_rosdistro\pixi_rosdistro\install\share\ament_index_python
[3.140s] creating D:\a\pixi_rosdistro\pixi_rosdistro\install\share\ament_index_python\environment
[3.140s] copying completion\ament_index-argcomplete.bash -> D:\a\pixi_rosdistro\pixi_rosdistro\install\share\ament_index_python\environment
[3.140s] copying completion\ament_index-argcomplete.zsh -> D:\a\pixi_rosdistro\pixi_rosdistro\install\share\ament_index_python\environment
[3.140s] copying resource\ament_index_python -> D:\a\pixi_rosdistro\pixi_rosdistro\install\share\ament_index\resource_index\packages
[3.140s] running install_egg_info
[3.171s] Copying ..\..\..\..\build\ament_index_python\ament_index_python.egg-info to D:\a\pixi_rosdistro\pixi_rosdistro\install\Lib\site-packages\ament_index_python-1.13.2-py3.12.egg-info
[3.171s] running install_scripts
[3.234s] Installing ament_index-script.py script to D:\a\pixi_rosdistro\pixi_rosdistro\install\Scripts
[3.234s] Installing ament_index.exe script to D:\a\pixi_rosdistro\pixi_rosdistro\install\Scripts
[3.234s] writing list of installed files to 'D:\a\pixi_rosdistro\pixi_rosdistro\build\ament_index_python\install.log'
[3.265s] Invoked command in 'D:\a\pixi_rosdistro\pixi_rosdistro\src\ament\ament_index\ament_index_python' returned '0': AMENT_PREFIX_PATH=D:\a\pixi_rosdistro\pixi_rosdistro\install CMAKE_PREFIX_PATH=D:\a\pixi_rosdistro\pixi_rosdistro\install;D:\a\pixi_rosdistro\pixi_rosdistro\.pixi\envs\default\Library PATH=D:\a\pixi_rosdistro\pixi_rosdistro\install\Scripts;D:\a\pixi_rosdistro\pixi_rosdistro\install\bin;%PATH% PIXI_PROMPT=(ros2_rolling) PROMPT=$P$G PYTHONPATH=D:\a\pixi_rosdistro\pixi_rosdistro\build\ament_index_python\prefix_override;D:\a\pixi_rosdistro\pixi_rosdistro\.pixi\envs\default\Lib\site-packages\colcon_core\task\python\colcon_distutils_commands;D:\a\pixi_rosdistro\pixi_rosdistro\install\Lib\site-packages;D:\a\pixi_rosdistro\pixi_rosdistro\install\Lib\site-packages ROS_DOMAIN_ID=3 D:\a\pixi_rosdistro\pixi_rosdistro\.pixi\envs\default\python.exe -W ignore:setup.py install is deprecated -W ignore:easy_install command is deprecated setup.py egg_info --egg-base ..\..\..\..\build\ament_index_python build --build-base D:\a\pixi_rosdistro\pixi_rosdistro\build\ament_index_python\build install --record D:\a\pixi_rosdistro\pixi_rosdistro\build\ament_index_python\install.log --single-version-externally-managed install_data
