[6.190s] Invoking command in '/home/runner/work/pixi_rosdistro/pixi_rosdistro/build/rosbag2_compression': AMENT_PREFIX_PATH=/home/runner/work/pixi_rosdistro/pixi_rosdistro/install CMAKE_PREFIX_PATH=/home/runner/work/pixi_rosdistro/pixi_rosdistro/install:${CMAKE_PREFIX_PATH} LD_LIBRARY_PATH=/home/runner/work/pixi_rosdistro/pixi_rosdistro/install/lib PATH=/home/runner/work/pixi_rosdistro/pixi_rosdistro/install/bin:/opt/microsoft/powershell/7:${PATH} PIXI_PROMPT=(ros2_rolling) PKG_CONFIG_PATH=/home/runner/work/pixi_rosdistro/pixi_rosdistro/install/lib/pkgconfig PSModulePath=/home/runner/.local/share/powershell/Modules:${PSModulePath} PYTHONPATH=/home/runner/work/pixi_rosdistro/pixi_rosdistro/install/lib/python3.12/site-packages /home/runner/work/pixi_rosdistro/pixi_rosdistro/.pixi/envs/default/bin/cmake /home/runner/work/pixi_rosdistro/pixi_rosdistro/src/ros2/rosbag2/rosbag2_compression -GNinja --no-warn-unused-cli -DCMAKE_BUILD_TYPE=Release -DCMAKE_BUILD_WITH_INSTALL_RPATH:bool=TRUE -DCMAKE_POLICY_VERSION_MINIMUM=3.5 -Wno-deprecated -DSTACK_DETAILS_AUTO_DETECT:bool=FALSE -DSTACK_DETAILS_BFD:bool=FALSE -DCMAKE_INSTALL_PREFIX=/home/runner/work/pixi_rosdistro/pixi_rosdistro/install
[6.274s] Not searching for unused variables given on the command line.
[6.274s] -- The C compiler identification is GNU 14.3.0
[6.407s] -- The CXX compiler identification is GNU 14.3.0
[6.464s] -- Detecting C compiler ABI info
[6.573s] -- Detecting C compiler ABI info - done
[6.629s] -- Check for working C compiler: /home/runner/work/pixi_rosdistro/pixi_rosdistro/.pixi/envs/default/bin/x86_64-conda-linux-gnu-cc - skipped
[6.629s] -- Detecting C compile features
[6.629s] -- Detecting C compile features - done
[6.652s] -- Detecting CXX compiler ABI info
[6.904s] -- Detecting CXX compiler ABI info - done
[6.942s] -- Check for working CXX compiler: /home/runner/work/pixi_rosdistro/pixi_rosdistro/.pixi/envs/default/bin/x86_64-conda-linux-gnu-c++ - skipped
[6.942s] -- Detecting CXX compile features
[6.947s] -- Detecting CXX compile features - done
[6.959s] -- Found ament_cmake: 2.8.6 (/home/runner/work/pixi_rosdistro/pixi_rosdistro/install/share/ament_cmake/cmake)
[7.264s] -- Found pluginlib: 5.8.4 (/home/runner/work/pixi_rosdistro/pixi_rosdistro/install/share/pluginlib/cmake)
[7.296s] -- Found rosbag2_cpp: 0.33.0 (/home/runner/work/pixi_rosdistro/pixi_rosdistro/install/share/rosbag2_cpp/cmake)
[7.334s] -- Found rosidl_generator_c: 5.1.3 (/home/runner/work/pixi_rosdistro/pixi_rosdistro/install/share/rosidl_generator_c/cmake)
[7.347s] -- Found rosidl_generator_cpp: 5.1.3 (/home/runner/work/pixi_rosdistro/pixi_rosdistro/install/share/rosidl_generator_cpp/cmake)
[7.367s] -- Using all available rosidl_typesupport_c: rosidl_typesupport_fastrtps_c;rosidl_typesupport_introspection_c
[7.382s] -- Using all available rosidl_typesupport_cpp: rosidl_typesupport_fastrtps_cpp;rosidl_typesupport_introspection_cpp
[7.508s] -- Found rmw_implementation_cmake: 7.9.1 (/home/runner/work/pixi_rosdistro/pixi_rosdistro/install/share/rmw_implementation_cmake/cmake)
[7.513s] -- Found rmw_fastrtps_cpp: 9.4.5 (/home/runner/work/pixi_rosdistro/pixi_rosdistro/install/share/rmw_fastrtps_cpp/cmake)
[7.566s] -- Using RMW implementation 'rmw_fastrtps_cpp' as default
[7.726s] -- Found ament_cmake_gmock: 2.8.6 (/home/runner/work/pixi_rosdistro/pixi_rosdistro/install/share/ament_cmake_gmock/cmake)
[7.727s] -- Found ament_lint_auto: 0.20.3 (/home/runner/work/pixi_rosdistro/pixi_rosdistro/install/share/ament_lint_auto/cmake)
[7.730s] -- Found rosbag2_test_common: 0.33.0 (/home/runner/work/pixi_rosdistro/pixi_rosdistro/install/share/rosbag2_test_common/cmake)
[8.063s] -- Found gmock sources under '/home/runner/work/pixi_rosdistro/pixi_rosdistro/install/src/gmock_vendor': C++ tests using 'Google Mock' will be built
[8.069s] -- Found ament_cmake_gtest: 2.8.6 (/home/runner/work/pixi_rosdistro/pixi_rosdistro/install/share/ament_cmake_gtest/cmake)
[8.070s] -- Found gtest sources under '/home/runner/work/pixi_rosdistro/pixi_rosdistro/install/src/gtest_vendor': C++ tests using 'Google Test' will be built
[8.084s] -- Added test 'copyright' to check source files copyright and LICENSE
[8.089s] -- Added test 'cppcheck' to perform static code analysis on C / C++ code
[8.089s] -- Configured cppcheck include dirs: $<BUILD_INTERFACE:/home/runner/work/pixi_rosdistro/pixi_rosdistro/src/ros2/rosbag2/rosbag2_compression/include>
[8.090s] -- Configured cppcheck exclude dirs and/or files: 
[8.095s] -- Added test 'cpplint' to check C / C++ code against the Google style
[8.095s] -- Configured cpplint exclude dirs and/or files: 
[8.095s] -- Added test 'lint_cmake' to check CMake code style
[8.099s] -- Added test 'uncrustify' to check C / C++ code style
[8.099s] -- Configured uncrustify additional arguments: 
[8.101s] -- Added test 'xmllint' to check XML markup files
[8.105s] -- Configuring done (1.9s)
[8.182s] -- Generating done (0.1s)
[8.261s] -- Build files have been written to: /home/runner/work/pixi_rosdistro/pixi_rosdistro/build/rosbag2_compression
[8.279s] Invoked command in '/home/runner/work/pixi_rosdistro/pixi_rosdistro/build/rosbag2_compression' returned '0': AMENT_PREFIX_PATH=/home/runner/work/pixi_rosdistro/pixi_rosdistro/install CMAKE_PREFIX_PATH=/home/runner/work/pixi_rosdistro/pixi_rosdistro/install:${CMAKE_PREFIX_PATH} LD_LIBRARY_PATH=/home/runner/work/pixi_rosdistro/pixi_rosdistro/install/lib PATH=/home/runner/work/pixi_rosdistro/pixi_rosdistro/install/bin:/opt/microsoft/powershell/7:${PATH} PIXI_PROMPT=(ros2_rolling) PKG_CONFIG_PATH=/home/runner/work/pixi_rosdistro/pixi_rosdistro/install/lib/pkgconfig PSModulePath=/home/runner/.local/share/powershell/Modules:${PSModulePath} PYTHONPATH=/home/runner/work/pixi_rosdistro/pixi_rosdistro/install/lib/python3.12/site-packages ROS_DOMAIN_ID=85 /home/runner/work/pixi_rosdistro/pixi_rosdistro/.pixi/envs/default/bin/cmake /home/runner/work/pixi_rosdistro/pixi_rosdistro/src/ros2/rosbag2/rosbag2_compression -GNinja --no-warn-unused-cli -DCMAKE_BUILD_TYPE=Release -DCMAKE_BUILD_WITH_INSTALL_RPATH:bool=TRUE -DCMAKE_POLICY_VERSION_MINIMUM=3.5 -Wno-deprecated -DSTACK_DETAILS_AUTO_DETECT:bool=FALSE -DSTACK_DETAILS_BFD:bool=FALSE -DCMAKE_INSTALL_PREFIX=/home/runner/work/pixi_rosdistro/pixi_rosdistro/install
[8.281s] Invoking command in '/home/runner/work/pixi_rosdistro/pixi_rosdistro/build/rosbag2_compression': AMENT_PREFIX_PATH=/home/runner/work/pixi_rosdistro/pixi_rosdistro/install CMAKE_PREFIX_PATH=/home/runner/work/pixi_rosdistro/pixi_rosdistro/install:${CMAKE_PREFIX_PATH} LD_LIBRARY_PATH=/home/runner/work/pixi_rosdistro/pixi_rosdistro/install/lib PATH=/home/runner/work/pixi_rosdistro/pixi_rosdistro/install/bin:/opt/microsoft/powershell/7:${PATH} PIXI_PROMPT=(ros2_rolling) PKG_CONFIG_PATH=/home/runner/work/pixi_rosdistro/pixi_rosdistro/install/lib/pkgconfig PSModulePath=/home/runner/.local/share/powershell/Modules:${PSModulePath} PYTHONPATH=/home/runner/work/pixi_rosdistro/pixi_rosdistro/install/lib/python3.12/site-packages ROS_DOMAIN_ID=85 /home/runner/work/pixi_rosdistro/pixi_rosdistro/.pixi/envs/default/bin/cmake --build /home/runner/work/pixi_rosdistro/pixi_rosdistro/build/rosbag2_compression -- -j4 -l4
[8.859s] [1/21] Building CXX object CMakeFiles/rosbag2_compression.dir/src/rosbag2_compression/compression_factory.cpp.o
[9.262s] [2/21] Building CXX object CMakeFiles/rosbag2_compression.dir/src/rosbag2_compression/compression_options.cpp.o
[10.089s] [3/21] Building CXX object CMakeFiles/rosbag2_compression.dir/src/rosbag2_compression/sequential_compression_reader.cpp.o
[10.913s] [4/21] Building CXX object CMakeFiles/rosbag2_compression.dir/src/rosbag2_compression/sequential_compression_writer.cpp.o
[11.024s] [5/21] Linking CXX shared library librosbag2_compression.so
[11.397s] [6/21] Building CXX object CMakeFiles/fake_plugin.dir/test/rosbag2_compression/fake_compressor.cpp.o
[11.887s] [7/21] Building CXX object CMakeFiles/fake_plugin.dir/test/rosbag2_compression/fake_decompressor.cpp.o
[12.373s] [8/21] Building CXX object gmock/CMakeFiles/gmock.dir/home/runner/work/pixi_rosdistro/pixi_rosdistro/install/src/gtest_vendor/src/gtest-all.cc.o
[12.784s] [9/21] Building CXX object gmock/CMakeFiles/gmock.dir/src/gmock-all.cc.o
[13.159s] [10/21] Building CXX object gmock/CMakeFiles/gmock_main.dir/src/gmock_main.cc.o
[13.265s] [11/21] Linking CXX shared library libfake_plugin.so
[13.770s] [12/21] Building CXX object CMakeFiles/test_compression_factory.dir/test/rosbag2_compression/test_compression_factory.cpp.o
[14.376s] [13/21] Building CXX object CMakeFiles/test_compression_options.dir/test/rosbag2_compression/test_compression_options.cpp.o
[15.252s] [14/21] Building CXX object CMakeFiles/test_sequential_compression_reader.dir/test/rosbag2_compression/test_sequential_compression_reader.cpp.o
[16.233s] [15/21] Building CXX object CMakeFiles/test_sequential_compression_writer.dir/test/rosbag2_compression/test_sequential_compression_writer.cpp.o
[16.257s] [16/21] Linking CXX static library gmock/libgmock.a
[16.266s] [17/21] Linking CXX static library gmock/libgmock_main.a
[16.417s] [18/21] Linking CXX executable test_compression_factory
[16.579s] [19/21] Linking CXX executable test_compression_options
[16.800s] [20/21] Linking CXX executable test_sequential_compression_reader
[17.059s] [21/21] Linking CXX executable test_sequential_compression_writer
[17.060s] Invoked command in '/home/runner/work/pixi_rosdistro/pixi_rosdistro/build/rosbag2_compression' returned '0': AMENT_PREFIX_PATH=/home/runner/work/pixi_rosdistro/pixi_rosdistro/install CMAKE_PREFIX_PATH=/home/runner/work/pixi_rosdistro/pixi_rosdistro/install:${CMAKE_PREFIX_PATH} LD_LIBRARY_PATH=/home/runner/work/pixi_rosdistro/pixi_rosdistro/install/lib PATH=/home/runner/work/pixi_rosdistro/pixi_rosdistro/install/bin:/opt/microsoft/powershell/7:${PATH} PIXI_PROMPT=(ros2_rolling) PKG_CONFIG_PATH=/home/runner/work/pixi_rosdistro/pixi_rosdistro/install/lib/pkgconfig PSModulePath=/home/runner/.local/share/powershell/Modules:${PSModulePath} PYTHONPATH=/home/runner/work/pixi_rosdistro/pixi_rosdistro/install/lib/python3.12/site-packages ROS_DOMAIN_ID=85 /home/runner/work/pixi_rosdistro/pixi_rosdistro/.pixi/envs/default/bin/cmake --build /home/runner/work/pixi_rosdistro/pixi_rosdistro/build/rosbag2_compression -- -j4 -l4
[17.060s] Invoking command in '/home/runner/work/pixi_rosdistro/pixi_rosdistro/build/rosbag2_compression': AMENT_PREFIX_PATH=/home/runner/work/pixi_rosdistro/pixi_rosdistro/install CMAKE_PREFIX_PATH=/home/runner/work/pixi_rosdistro/pixi_rosdistro/install:${CMAKE_PREFIX_PATH} LD_LIBRARY_PATH=/home/runner/work/pixi_rosdistro/pixi_rosdistro/install/lib PATH=/home/runner/work/pixi_rosdistro/pixi_rosdistro/install/bin:/opt/microsoft/powershell/7:${PATH} PIXI_PROMPT=(ros2_rolling) PKG_CONFIG_PATH=/home/runner/work/pixi_rosdistro/pixi_rosdistro/install/lib/pkgconfig PSModulePath=/home/runner/.local/share/powershell/Modules:${PSModulePath} PYTHONPATH=/home/runner/work/pixi_rosdistro/pixi_rosdistro/install/lib/python3.12/site-packages ROS_DOMAIN_ID=85 /home/runner/work/pixi_rosdistro/pixi_rosdistro/.pixi/envs/default/bin/cmake --install /home/runner/work/pixi_rosdistro/pixi_rosdistro/build/rosbag2_compression
[17.069s] -- Install configuration: "Release"
[17.069s] -- Installing: /home/runner/work/pixi_rosdistro/pixi_rosdistro/install/include/rosbag2_compression
[17.069s] -- Installing: /home/runner/work/pixi_rosdistro/pixi_rosdistro/install/include/rosbag2_compression/rosbag2_compression
[17.069s] -- Installing: /home/runner/work/pixi_rosdistro/pixi_rosdistro/install/include/rosbag2_compression/rosbag2_compression/compression_factory.hpp
[17.070s] -- Installing: /home/runner/work/pixi_rosdistro/pixi_rosdistro/install/include/rosbag2_compression/rosbag2_compression/visibility_control.hpp
[17.070s] -- Installing: /home/runner/work/pixi_rosdistro/pixi_rosdistro/install/include/rosbag2_compression/rosbag2_compression/base_compressor_interface.hpp
[17.070s] -- Installing: /home/runner/work/pixi_rosdistro/pixi_rosdistro/install/include/rosbag2_compression/rosbag2_compression/base_decompressor_interface.hpp
[17.070s] -- Installing: /home/runner/work/pixi_rosdistro/pixi_rosdistro/install/include/rosbag2_compression/rosbag2_compression/sequential_compression_writer.hpp
[17.070s] -- Installing: /home/runner/work/pixi_rosdistro/pixi_rosdistro/install/include/rosbag2_compression/rosbag2_compression/compression_options.hpp
[17.070s] -- Installing: /home/runner/work/pixi_rosdistro/pixi_rosdistro/install/include/rosbag2_compression/rosbag2_compression/sequential_compression_reader.hpp
[17.071s] -- Installing: /home/runner/work/pixi_rosdistro/pixi_rosdistro/install/lib/librosbag2_compression.so
[17.071s] -- Installing: /home/runner/work/pixi_rosdistro/pixi_rosdistro/install/share/rosbag2_compression/environment/library_path.sh
[17.071s] -- Installing: /home/runner/work/pixi_rosdistro/pixi_rosdistro/install/share/rosbag2_compression/environment/library_path.dsv
[17.072s] -- Installing: /home/runner/work/pixi_rosdistro/pixi_rosdistro/install/lib/libfake_plugin.so
[17.072s] -- Installing: /home/runner/work/pixi_rosdistro/pixi_rosdistro/install/share/rosbag2_compression/test/rosbag2_compression/fake_plugin.xml
[17.073s] -- Installing: /home/runner/work/pixi_rosdistro/pixi_rosdistro/install/share/ament_index/resource_index/package_run_dependencies/rosbag2_compression
[17.073s] -- Installing: /home/runner/work/pixi_rosdistro/pixi_rosdistro/install/share/ament_index/resource_index/parent_prefix_path/rosbag2_compression
[17.075s] -- Installing: /home/runner/work/pixi_rosdistro/pixi_rosdistro/install/share/rosbag2_compression/environment/ament_prefix_path.sh
[17.076s] -- Installing: /home/runner/work/pixi_rosdistro/pixi_rosdistro/install/share/rosbag2_compression/environment/ament_prefix_path.dsv
[17.076s] -- Installing: /home/runner/work/pixi_rosdistro/pixi_rosdistro/install/share/rosbag2_compression/environment/path.sh
[17.076s] -- Installing: /home/runner/work/pixi_rosdistro/pixi_rosdistro/install/share/rosbag2_compression/environment/path.dsv
[17.076s] -- Installing: /home/runner/work/pixi_rosdistro/pixi_rosdistro/install/share/rosbag2_compression/local_setup.bash
[17.076s] -- Installing: /home/runner/work/pixi_rosdistro/pixi_rosdistro/install/share/rosbag2_compression/local_setup.fish
[17.076s] -- Installing: /home/runner/work/pixi_rosdistro/pixi_rosdistro/install/share/rosbag2_compression/local_setup.sh
[17.076s] -- Installing: /home/runner/work/pixi_rosdistro/pixi_rosdistro/install/share/rosbag2_compression/local_setup.zsh
[17.076s] -- Installing: /home/runner/work/pixi_rosdistro/pixi_rosdistro/install/share/rosbag2_compression/local_setup.dsv
[17.076s] -- Installing: /home/runner/work/pixi_rosdistro/pixi_rosdistro/install/share/rosbag2_compression/package.dsv
[17.077s] -- Installing: /home/runner/work/pixi_rosdistro/pixi_rosdistro/install/share/ament_index/resource_index/packages/rosbag2_compression
[17.077s] -- Installing: /home/runner/work/pixi_rosdistro/pixi_rosdistro/install/share/ament_index/resource_index/rosbag2_compression__pluginlib__plugin/rosbag2_compression
[17.078s] -- Installing: /home/runner/work/pixi_rosdistro/pixi_rosdistro/install/share/rosbag2_compression/cmake/export_rosbag2_compressionExport.cmake
[17.078s] -- Installing: /home/runner/work/pixi_rosdistro/pixi_rosdistro/install/share/rosbag2_compression/cmake/export_rosbag2_compressionExport-release.cmake
[17.079s] -- Installing: /home/runner/work/pixi_rosdistro/pixi_rosdistro/install/share/rosbag2_compression/cmake/ament_cmake_export_include_directories-extras.cmake
[17.079s] -- Installing: /home/runner/work/pixi_rosdistro/pixi_rosdistro/install/share/rosbag2_compression/cmake/ament_cmake_export_libraries-extras.cmake
[17.080s] -- Installing: /home/runner/work/pixi_rosdistro/pixi_rosdistro/install/share/rosbag2_compression/cmake/ament_cmake_export_targets-extras.cmake
[17.080s] -- Installing: /home/runner/work/pixi_rosdistro/pixi_rosdistro/install/share/rosbag2_compression/cmake/ament_cmake_export_dependencies-extras.cmake
[17.080s] -- Installing: /home/runner/work/pixi_rosdistro/pixi_rosdistro/install/share/rosbag2_compression/cmake/rosbag2_compressionConfig.cmake
[17.081s] -- Installing: /home/runner/work/pixi_rosdistro/pixi_rosdistro/install/share/rosbag2_compression/cmake/rosbag2_compressionConfig-version.cmake
[17.081s] -- Installing: /home/runner/work/pixi_rosdistro/pixi_rosdistro/install/share/rosbag2_compression/package.xml
[17.086s] Invoked command in '/home/runner/work/pixi_rosdistro/pixi_rosdistro/build/rosbag2_compression' returned '0': AMENT_PREFIX_PATH=/home/runner/work/pixi_rosdistro/pixi_rosdistro/install CMAKE_PREFIX_PATH=/home/runner/work/pixi_rosdistro/pixi_rosdistro/install:${CMAKE_PREFIX_PATH} LD_LIBRARY_PATH=/home/runner/work/pixi_rosdistro/pixi_rosdistro/install/lib PATH=/home/runner/work/pixi_rosdistro/pixi_rosdistro/install/bin:/opt/microsoft/powershell/7:${PATH} PIXI_PROMPT=(ros2_rolling) PKG_CONFIG_PATH=/home/runner/work/pixi_rosdistro/pixi_rosdistro/install/lib/pkgconfig PSModulePath=/home/runner/.local/share/powershell/Modules:${PSModulePath} PYTHONPATH=/home/runner/work/pixi_rosdistro/pixi_rosdistro/install/lib/python3.12/site-packages ROS_DOMAIN_ID=85 /home/runner/work/pixi_rosdistro/pixi_rosdistro/.pixi/envs/default/bin/cmake --install /home/runner/work/pixi_rosdistro/pixi_rosdistro/build/rosbag2_compression
