[4.500s] Invoking command in 'D:\a\pixi_rosdistro\pixi_rosdistro\src\ros2\rpyutils': AMENT_PREFIX_PATH=D:\a\pixi_rosdistro\pixi_rosdistro\install CMAKE_PREFIX_PATH=D:\a\pixi_rosdistro\pixi_rosdistro\install;D:\a\pixi_rosdistro\pixi_rosdistro\.pixi\envs\default\Library PATH=D:\a\pixi_rosdistro\pixi_rosdistro\install\Scripts;D:\a\pixi_rosdistro\pixi_rosdistro\install\bin;%PATH% PIXI_PROMPT=(ros2_rolling) PROMPT=$P$G PYTHONPATH=D:\a\pixi_rosdistro\pixi_rosdistro\build\rpyutils\prefix_override;D:\a\pixi_rosdistro\pixi_rosdistro\.pixi\envs\default\Lib\site-packages\colcon_core\task\python\colcon_distutils_commands;D:\a\pixi_rosdistro\pixi_rosdistro\install\Lib\site-packages;D:\a\pixi_rosdistro\pixi_rosdistro\install\Lib\site-packages ROS_DOMAIN_ID=133 D:\a\pixi_rosdistro\pixi_rosdistro\.pixi\envs\default\python.exe -W ignore:setup.py install is deprecated -W ignore:easy_install command is deprecated setup.py egg_info --egg-base ..\..\..\build\rpyutils build --build-base D:\a\pixi_rosdistro\pixi_rosdistro\build\rpyutils\build install --record D:\a\pixi_rosdistro\pixi_rosdistro\build\rpyutils\install.log --single-version-externally-managed install_data
[5.188s] running egg_info
[5.203s] creating ..\..\..\build\rpyutils\rpyutils.egg-info
[5.203s] writing ..\..\..\build\rpyutils\rpyutils.egg-info\PKG-INFO
[5.203s] writing dependency_links to ..\..\..\build\rpyutils\rpyutils.egg-info\dependency_links.txt
[5.203s] writing requirements to ..\..\..\build\rpyutils\rpyutils.egg-info\requires.txt
[5.203s] writing top-level names to ..\..\..\build\rpyutils\rpyutils.egg-info\top_level.txt
[5.203s] writing manifest file '..\..\..\build\rpyutils\rpyutils.egg-info\SOURCES.txt'
[5.266s] reading manifest file '..\..\..\build\rpyutils\rpyutils.egg-info\SOURCES.txt'
[5.266s] adding license file 'LICENSE'
[5.266s] writing manifest file '..\..\..\build\rpyutils\rpyutils.egg-info\SOURCES.txt'
[5.266s] running build
[5.266s] running build_py
[5.266s] creating D:\a\pixi_rosdistro\pixi_rosdistro\build\rpyutils\build\lib\rpyutils
[5.266s] copying rpyutils\add_dll_directories.py -> D:\a\pixi_rosdistro\pixi_rosdistro\build\rpyutils\build\lib\rpyutils
[5.266s] copying rpyutils\import_c_library.py -> D:\a\pixi_rosdistro\pixi_rosdistro\build\rpyutils\build\lib\rpyutils
[5.266s] copying rpyutils\__init__.py -> D:\a\pixi_rosdistro\pixi_rosdistro\build\rpyutils\build\lib\rpyutils
[5.281s] copying rpyutils\py.typed -> D:\a\pixi_rosdistro\pixi_rosdistro\build\rpyutils\build\lib\rpyutils
[5.281s] running install
[5.281s] running install_lib
[5.297s] creating D:\a\pixi_rosdistro\pixi_rosdistro\install\Lib\site-packages\rpyutils
[5.313s] copying D:\a\pixi_rosdistro\pixi_rosdistro\build\rpyutils\build\lib\rpyutils\add_dll_directories.py -> D:\a\pixi_rosdistro\pixi_rosdistro\install\Lib\site-packages\rpyutils
[5.313s] copying D:\a\pixi_rosdistro\pixi_rosdistro\build\rpyutils\build\lib\rpyutils\import_c_library.py -> D:\a\pixi_rosdistro\pixi_rosdistro\install\Lib\site-packages\rpyutils
[5.313s] copying D:\a\pixi_rosdistro\pixi_rosdistro\build\rpyutils\build\lib\rpyutils\py.typed -> D:\a\pixi_rosdistro\pixi_rosdistro\install\Lib\site-packages\rpyutils
[5.313s] copying D:\a\pixi_rosdistro\pixi_rosdistro\build\rpyutils\build\lib\rpyutils\__init__.py -> D:\a\pixi_rosdistro\pixi_rosdistro\install\Lib\site-packages\rpyutils
[5.313s] byte-compiling D:\a\pixi_rosdistro\pixi_rosdistro\install\Lib\site-packages\rpyutils\add_dll_directories.py to add_dll_directories.cpython-312.pyc
[5.313s] byte-compiling D:\a\pixi_rosdistro\pixi_rosdistro\install\Lib\site-packages\rpyutils\import_c_library.py to import_c_library.cpython-312.pyc
[5.313s] byte-compiling D:\a\pixi_rosdistro\pixi_rosdistro\install\Lib\site-packages\rpyutils\__init__.py to __init__.cpython-312.pyc
[5.313s] running install_data
[5.313s] copying package.xml -> D:\a\pixi_rosdistro\pixi_rosdistro\install\share\rpyutils
[5.313s] copying resource\rpyutils -> D:\a\pixi_rosdistro\pixi_rosdistro\install\share\ament_index\resource_index\packages
[5.313s] running install_egg_info
[5.344s] Copying ..\..\..\build\rpyutils\rpyutils.egg-info to D:\a\pixi_rosdistro\pixi_rosdistro\install\Lib\site-packages\rpyutils-0.7.1-py3.12.egg-info
[5.344s] running install_scripts
[5.406s] writing list of installed files to 'D:\a\pixi_rosdistro\pixi_rosdistro\build\rpyutils\install.log'
[5.453s] Invoked command in 'D:\a\pixi_rosdistro\pixi_rosdistro\src\ros2\rpyutils' returned '0': AMENT_PREFIX_PATH=D:\a\pixi_rosdistro\pixi_rosdistro\install CMAKE_PREFIX_PATH=D:\a\pixi_rosdistro\pixi_rosdistro\install;D:\a\pixi_rosdistro\pixi_rosdistro\.pixi\envs\default\Library PATH=D:\a\pixi_rosdistro\pixi_rosdistro\install\Scripts;D:\a\pixi_rosdistro\pixi_rosdistro\install\bin;%PATH% PIXI_PROMPT=(ros2_rolling) PROMPT=$P$G PYTHONPATH=D:\a\pixi_rosdistro\pixi_rosdistro\build\rpyutils\prefix_override;D:\a\pixi_rosdistro\pixi_rosdistro\.pixi\envs\default\Lib\site-packages\colcon_core\task\python\colcon_distutils_commands;D:\a\pixi_rosdistro\pixi_rosdistro\install\Lib\site-packages;D:\a\pixi_rosdistro\pixi_rosdistro\install\Lib\site-packages ROS_DOMAIN_ID=133 D:\a\pixi_rosdistro\pixi_rosdistro\.pixi\envs\default\python.exe -W ignore:setup.py install is deprecated -W ignore:easy_install command is deprecated setup.py egg_info --egg-base ..\..\..\build\rpyutils build --build-base D:\a\pixi_rosdistro\pixi_rosdistro\build\rpyutils\build install --record D:\a\pixi_rosdistro\pixi_rosdistro\build\rpyutils\install.log --single-version-externally-managed install_data
