[4.766s] Invoking command in '/home/runner/work/pixi_rosdistro/pixi_rosdistro/build/builtin_interfaces': AMENT_PREFIX_PATH=/home/runner/work/pixi_rosdistro/pixi_rosdistro/install CMAKE_PREFIX_PATH=/home/runner/work/pixi_rosdistro/pixi_rosdistro/install:${CMAKE_PREFIX_PATH} LD_LIBRARY_PATH=/home/runner/work/pixi_rosdistro/pixi_rosdistro/install/lib PATH=/home/runner/work/pixi_rosdistro/pixi_rosdistro/install/bin:/opt/microsoft/powershell/7:${PATH} PIXI_PROMPT=(ros2_rolling) PKG_CONFIG_PATH=/home/runner/work/pixi_rosdistro/pixi_rosdistro/install/lib/pkgconfig PSModulePath=/home/runner/.local/share/powershell/Modules:${PSModulePath} PYTHONPATH=/home/runner/work/pixi_rosdistro/pixi_rosdistro/install/lib/python3.14/site-packages ROS_DOMAIN_ID=${ROS_DOMAIN_ID}6 /home/runner/work/pixi_rosdistro/pixi_rosdistro/.pixi/envs/default/bin/cmake /home/runner/work/pixi_rosdistro/pixi_rosdistro/src/ros2/rcl_interfaces/builtin_interfaces -GNinja --no-warn-unused-cli -DCMAKE_BUILD_TYPE=Release -DCMAKE_BUILD_WITH_INSTALL_RPATH:bool=TRUE -DCMAKE_POLICY_VERSION_MINIMUM=3.5 -Wno-deprecated -DSTACK_DETAILS_AUTO_DETECT:bool=FALSE -DSTACK_DETAILS_BFD:bool=FALSE -DCMAKE_INSTALL_PREFIX=/home/runner/work/pixi_rosdistro/pixi_rosdistro/install
[4.902s] Not searching for unused variables given on the command line.
[4.902s] -- The C compiler identification is GNU 14.3.0
[5.025s] -- The CXX compiler identification is GNU 14.3.0
[5.043s] -- Detecting C compiler ABI info
[5.246s] -- Detecting C compiler ABI info - done
[5.294s] -- Check for working C compiler: /home/runner/work/pixi_rosdistro/pixi_rosdistro/.pixi/envs/default/bin/x86_64-conda-linux-gnu-cc - skipped
[5.294s] -- Detecting C compile features
[5.294s] -- Detecting C compile features - done
[5.332s] -- Detecting CXX compiler ABI info
[5.596s] -- Detecting CXX compiler ABI info - done
[5.633s] -- Check for working CXX compiler: /home/runner/work/pixi_rosdistro/pixi_rosdistro/.pixi/envs/default/bin/x86_64-conda-linux-gnu-c++ - skipped
[5.633s] -- Detecting CXX compile features
[5.635s] -- Detecting CXX compile features - done
[5.652s] -- Found ament_cmake: 2.8.6 (/home/runner/work/pixi_rosdistro/pixi_rosdistro/install/share/ament_cmake/cmake)
[6.038s] -- Found rosidl_core_generators: 0.4.1 (/home/runner/work/pixi_rosdistro/pixi_rosdistro/install/share/rosidl_core_generators/cmake)
[6.041s] -- Using all available rosidl_typesupport_c: rosidl_typesupport_fastrtps_c;rosidl_typesupport_introspection_c
[6.122s] -- Using all available rosidl_typesupport_cpp: rosidl_typesupport_fastrtps_cpp;rosidl_typesupport_introspection_cpp
[6.183s] -- Found rosidl_adapter: 5.1.3 (/home/runner/work/pixi_rosdistro/pixi_rosdistro/install/share/rosidl_adapter/cmake)
[6.461s] -- Found Python3: /home/runner/work/pixi_rosdistro/pixi_rosdistro/.pixi/envs/default/bin/python3 (found version "3.14.3") found components: Interpreter
[7.190s] -- Found ament_cmake_cppcheck: 0.20.3 (/home/runner/work/pixi_rosdistro/pixi_rosdistro/install/share/ament_cmake_cppcheck/cmake)
[7.192s] -- Found ament_cmake_cpplint: 0.20.3 (/home/runner/work/pixi_rosdistro/pixi_rosdistro/install/share/ament_cmake_cpplint/cmake)
[7.195s] -- Found ament_cmake_uncrustify: 0.20.3 (/home/runner/work/pixi_rosdistro/pixi_rosdistro/install/share/ament_cmake_uncrustify/cmake)
[7.201s] -- Found ament_cmake_ros_core: 0.15.6 (/home/runner/work/pixi_rosdistro/pixi_rosdistro/install/share/ament_cmake_ros_core/cmake)
[7.869s] -- Using all available rosidl_typesupport_c: rosidl_typesupport_fastrtps_c;rosidl_typesupport_introspection_c
[8.764s] -- Using all available rosidl_typesupport_cpp: rosidl_typesupport_fastrtps_cpp;rosidl_typesupport_introspection_cpp
[9.523s] -- Found Python3: /home/runner/work/pixi_rosdistro/pixi_rosdistro/.pixi/envs/default/bin/python3 (found version "3.14.3") found components: Interpreter Development NumPy Development.Module Development.Embed
[9.571s] -- Found ament_cmake_flake8: 0.20.3 (/home/runner/work/pixi_rosdistro/pixi_rosdistro/install/share/ament_cmake_flake8/cmake)
[9.574s] -- Found ament_cmake_pep257: 0.20.3 (/home/runner/work/pixi_rosdistro/pixi_rosdistro/install/share/ament_cmake_pep257/cmake)
[9.578s] -- Found ament_cmake_mypy: 0.20.3 (/home/runner/work/pixi_rosdistro/pixi_rosdistro/install/share/ament_cmake_mypy/cmake)
[9.618s] -- Found Python3: /home/runner/work/pixi_rosdistro/pixi_rosdistro/.pixi/envs/default/bin/python3 (found version "3.14.3") found components: Interpreter
[9.635s] -- Configuring done (4.8s)
[9.725s] -- Generating done (0.1s)
[9.765s] -- Build files have been written to: /home/runner/work/pixi_rosdistro/pixi_rosdistro/build/builtin_interfaces
[9.782s] Invoked command in '/home/runner/work/pixi_rosdistro/pixi_rosdistro/build/builtin_interfaces' returned '0': AMENT_PREFIX_PATH=/home/runner/work/pixi_rosdistro/pixi_rosdistro/install CMAKE_PREFIX_PATH=/home/runner/work/pixi_rosdistro/pixi_rosdistro/install:${CMAKE_PREFIX_PATH} LD_LIBRARY_PATH=/home/runner/work/pixi_rosdistro/pixi_rosdistro/install/lib PATH=/home/runner/work/pixi_rosdistro/pixi_rosdistro/install/bin:/opt/microsoft/powershell/7:${PATH} PIXI_PROMPT=(ros2_rolling) PKG_CONFIG_PATH=/home/runner/work/pixi_rosdistro/pixi_rosdistro/install/lib/pkgconfig PSModulePath=/home/runner/.local/share/powershell/Modules:${PSModulePath} PYTHONPATH=/home/runner/work/pixi_rosdistro/pixi_rosdistro/install/lib/python3.14/site-packages ROS_DOMAIN_ID=${ROS_DOMAIN_ID}6 /home/runner/work/pixi_rosdistro/pixi_rosdistro/.pixi/envs/default/bin/cmake /home/runner/work/pixi_rosdistro/pixi_rosdistro/src/ros2/rcl_interfaces/builtin_interfaces -GNinja --no-warn-unused-cli -DCMAKE_BUILD_TYPE=Release -DCMAKE_BUILD_WITH_INSTALL_RPATH:bool=TRUE -DCMAKE_POLICY_VERSION_MINIMUM=3.5 -Wno-deprecated -DSTACK_DETAILS_AUTO_DETECT:bool=FALSE -DSTACK_DETAILS_BFD:bool=FALSE -DCMAKE_INSTALL_PREFIX=/home/runner/work/pixi_rosdistro/pixi_rosdistro/install
[9.783s] Invoking command in '/home/runner/work/pixi_rosdistro/pixi_rosdistro/build/builtin_interfaces': AMENT_PREFIX_PATH=/home/runner/work/pixi_rosdistro/pixi_rosdistro/install CMAKE_PREFIX_PATH=/home/runner/work/pixi_rosdistro/pixi_rosdistro/install:${CMAKE_PREFIX_PATH} LD_LIBRARY_PATH=/home/runner/work/pixi_rosdistro/pixi_rosdistro/install/lib PATH=/home/runner/work/pixi_rosdistro/pixi_rosdistro/install/bin:/opt/microsoft/powershell/7:${PATH} PIXI_PROMPT=(ros2_rolling) PKG_CONFIG_PATH=/home/runner/work/pixi_rosdistro/pixi_rosdistro/install/lib/pkgconfig PSModulePath=/home/runner/.local/share/powershell/Modules:${PSModulePath} PYTHONPATH=/home/runner/work/pixi_rosdistro/pixi_rosdistro/install/lib/python3.14/site-packages ROS_DOMAIN_ID=${ROS_DOMAIN_ID}6 /home/runner/work/pixi_rosdistro/pixi_rosdistro/.pixi/envs/default/bin/cmake --build /home/runner/work/pixi_rosdistro/pixi_rosdistro/build/builtin_interfaces -- -j4 -l4
[10.324s] [1/47] Generating type hashes for ROS interfaces
[11.045s] [2/47] Generating C code for ROS interfaces
[11.226s] [3/47] Building C object CMakeFiles/builtin_interfaces__rosidl_generator_c.dir/rosidl_generator_c/builtin_interfaces/msg/detail/duration__description.c.o
[11.416s] [4/47] Building C object CMakeFiles/builtin_interfaces__rosidl_generator_c.dir/rosidl_generator_c/builtin_interfaces/msg/detail/duration__functions.c.o
[11.573s] [5/47] Building C object CMakeFiles/builtin_interfaces__rosidl_generator_c.dir/rosidl_generator_c/builtin_interfaces/msg/detail/duration__type_support.c.o
[11.812s] [6/47] Building C object CMakeFiles/builtin_interfaces__rosidl_generator_c.dir/rosidl_generator_c/builtin_interfaces/msg/detail/time__description.c.o
[12.107s] [7/47] Building C object CMakeFiles/builtin_interfaces__rosidl_generator_c.dir/rosidl_generator_c/builtin_interfaces/msg/detail/time__functions.c.o
[12.261s] [8/47] Building C object CMakeFiles/builtin_interfaces__rosidl_generator_c.dir/rosidl_generator_c/builtin_interfaces/msg/detail/time__type_support.c.o
[13.009s] [9/47] Generating C type support for eProsima Fast-RTPS
[13.802s] [10/47] Generating C introspection for ROS interfaces
[14.397s] [11/47] Generating C type support dispatch for ROS interfaces
[14.950s] [12/47] Generating C++ code for ROS interfaces
[15.533s] [13/47] Generating C++ type support for eProsima Fast-RTPS
[16.170s] [14/47] Generating C++ introspection for ROS interfaces
[16.753s] [15/47] Generating C++ type support dispatch for ROS interfaces
[16.804s] [16/47] Linking C shared library libbuiltin_interfaces__rosidl_generator_c.so
[17.436s] [17/47] Building CXX object CMakeFiles/builtin_interfaces__rosidl_typesupport_fastrtps_c.dir/rosidl_typesupport_fastrtps_c/builtin_interfaces/msg/detail/duration__type_support_c.cpp.o
[17.962s] [18/47] Building CXX object CMakeFiles/builtin_interfaces__rosidl_typesupport_fastrtps_c.dir/rosidl_typesupport_fastrtps_c/builtin_interfaces/msg/detail/time__type_support_c.cpp.o
[18.202s] [19/47] Building C object CMakeFiles/builtin_interfaces__rosidl_typesupport_introspection_c.dir/rosidl_typesupport_introspection_c/builtin_interfaces/msg/detail/duration__type_support.c.o
[18.458s] [20/47] Building C object CMakeFiles/builtin_interfaces__rosidl_typesupport_introspection_c.dir/rosidl_typesupport_introspection_c/builtin_interfaces/msg/detail/time__type_support.c.o
[18.732s] [21/47] Building CXX object CMakeFiles/builtin_interfaces__rosidl_typesupport_c.dir/rosidl_typesupport_c/builtin_interfaces/msg/duration__type_support.cpp.o
[19.036s] [22/47] Building CXX object CMakeFiles/builtin_interfaces__rosidl_typesupport_c.dir/rosidl_typesupport_c/builtin_interfaces/msg/time__type_support.cpp.o
[19.740s] [23/47] Building CXX object CMakeFiles/builtin_interfaces__rosidl_typesupport_fastrtps_cpp.dir/rosidl_typesupport_fastrtps_cpp/builtin_interfaces/msg/detail/dds_fastrtps/duration__type_support.cpp.o
[20.549s] [24/47] Building CXX object CMakeFiles/builtin_interfaces__rosidl_typesupport_fastrtps_cpp.dir/rosidl_typesupport_fastrtps_cpp/builtin_interfaces/msg/detail/dds_fastrtps/time__type_support.cpp.o
[21.078s] [25/47] Building CXX object CMakeFiles/builtin_interfaces__rosidl_typesupport_introspection_cpp.dir/rosidl_typesupport_introspection_cpp/builtin_interfaces/msg/detail/duration__type_support.cpp.o
[21.777s] [26/47] Building CXX object CMakeFiles/builtin_interfaces__rosidl_typesupport_introspection_cpp.dir/rosidl_typesupport_introspection_cpp/builtin_interfaces/msg/detail/time__type_support.cpp.o
[22.530s] [27/47] Building CXX object CMakeFiles/builtin_interfaces__rosidl_typesupport_cpp.dir/rosidl_typesupport_cpp/builtin_interfaces/msg/duration__type_support.cpp.o
[23.083s] [28/47] Building CXX object CMakeFiles/builtin_interfaces__rosidl_typesupport_cpp.dir/rosidl_typesupport_cpp/builtin_interfaces/msg/time__type_support.cpp.o
[23.204s] [29/47] Linking CXX shared library libbuiltin_interfaces__rosidl_typesupport_fastrtps_c.so
[23.257s] [30/47] Linking C shared library libbuiltin_interfaces__rosidl_typesupport_introspection_c.so
[23.517s] [31/47] Linking CXX shared library libbuiltin_interfaces__rosidl_typesupport_c.so
[23.705s] [32/47] Linking CXX shared library libbuiltin_interfaces__rosidl_typesupport_fastrtps_cpp.so
[23.786s] [33/47] Linking CXX shared library libbuiltin_interfaces__rosidl_typesupport_introspection_cpp.so
[23.905s] [34/47] Linking CXX shared library libbuiltin_interfaces__rosidl_typesupport_cpp.so
[25.276s] [35/47] Generating Python code for ROS interfaces
[26.269s] [36/47] Generating Rust code for ROS interfaces
[26.699s] [37/47] Building C object CMakeFiles/builtin_interfaces__rosidl_generator_py.dir/rosidl_generator_py/builtin_interfaces/msg/_duration_s.c.o
[27.206s] [38/47] Building C object CMakeFiles/builtin_interfaces__rosidl_generator_py.dir/rosidl_generator_py/builtin_interfaces/msg/_time_s.c.o
[27.271s] [39/47] Linking C shared library libbuiltin_interfaces__rosidl_generator_py.so
[27.732s] [40/47] Building C object CMakeFiles/builtin_interfaces_s__rosidl_typesupport_fastrtps_c.dir/rosidl_generator_py/builtin_interfaces/_builtin_interfaces_s.ep.rosidl_typesupport_fastrtps_c.c.o
[28.269s] [41/47] Building C object CMakeFiles/builtin_interfaces_s__rosidl_typesupport_introspection_c.dir/rosidl_generator_py/builtin_interfaces/_builtin_interfaces_s.ep.rosidl_typesupport_introspection_c.c.o
[28.718s] [42/47] Building C object CMakeFiles/builtin_interfaces_s__rosidl_typesupport_c.dir/rosidl_generator_py/builtin_interfaces/_builtin_interfaces_s.ep.rosidl_typesupport_c.c.o
[28.741s] [43/47] cd /home/runner/work/pixi_rosdistro/pixi_rosdistro/build/builtin_interfaces && /home/runner/work/pixi_rosdistro/pixi_rosdistro/.pixi/envs/default/bin/cmake -E copy_directory /home/runner/work/pixi_rosdistro/pixi_rosdistro/build/builtin_interfaces/rosidl_generator_py/builtin_interfaces /home/runner/work/pixi_rosdistro/pixi_rosdistro/build/builtin_interfaces/ament_cmake_python/builtin_interfaces/builtin_interfaces
[28.826s] [44/47] Linking C shared module rosidl_generator_py/builtin_interfaces/builtin_interfaces_s__rosidl_typesupport_fastrtps_c.so
[28.894s] [45/47] Linking C shared module rosidl_generator_py/builtin_interfaces/builtin_interfaces_s__rosidl_typesupport_introspection_c.so
[29.016s] [46/47] Linking C shared module rosidl_generator_py/builtin_interfaces/builtin_interfaces_s__rosidl_typesupport_c.so
[30.024s] [47/47] cd /home/runner/work/pixi_rosdistro/pixi_rosdistro/build/builtin_interfaces/ament_cmake_python/builtin_interfaces && /home/runner/work/pixi_rosdistro/pixi_rosdistro/.pixi/envs/default/bin/python3 setup.py egg_info
[30.024s] running egg_info
[30.024s] creating builtin_interfaces.egg-info
[30.024s] writing builtin_interfaces.egg-info/PKG-INFO
[30.024s] writing dependency_links to builtin_interfaces.egg-info/dependency_links.txt
[30.024s] writing top-level names to builtin_interfaces.egg-info/top_level.txt
[30.024s] writing manifest file 'builtin_interfaces.egg-info/SOURCES.txt'
[30.025s] reading manifest file 'builtin_interfaces.egg-info/SOURCES.txt'
[30.025s] writing manifest file 'builtin_interfaces.egg-info/SOURCES.txt'
[30.029s] Invoked command in '/home/runner/work/pixi_rosdistro/pixi_rosdistro/build/builtin_interfaces' returned '0': AMENT_PREFIX_PATH=/home/runner/work/pixi_rosdistro/pixi_rosdistro/install CMAKE_PREFIX_PATH=/home/runner/work/pixi_rosdistro/pixi_rosdistro/install:${CMAKE_PREFIX_PATH} LD_LIBRARY_PATH=/home/runner/work/pixi_rosdistro/pixi_rosdistro/install/lib PATH=/home/runner/work/pixi_rosdistro/pixi_rosdistro/install/bin:/opt/microsoft/powershell/7:${PATH} PIXI_PROMPT=(ros2_rolling) PKG_CONFIG_PATH=/home/runner/work/pixi_rosdistro/pixi_rosdistro/install/lib/pkgconfig PSModulePath=/home/runner/.local/share/powershell/Modules:${PSModulePath} PYTHONPATH=/home/runner/work/pixi_rosdistro/pixi_rosdistro/install/lib/python3.14/site-packages ROS_DOMAIN_ID=86 /home/runner/work/pixi_rosdistro/pixi_rosdistro/.pixi/envs/default/bin/cmake --build /home/runner/work/pixi_rosdistro/pixi_rosdistro/build/builtin_interfaces -- -j4 -l4
[30.030s] Invoking command in '/home/runner/work/pixi_rosdistro/pixi_rosdistro/build/builtin_interfaces': AMENT_PREFIX_PATH=/home/runner/work/pixi_rosdistro/pixi_rosdistro/install CMAKE_PREFIX_PATH=/home/runner/work/pixi_rosdistro/pixi_rosdistro/install:${CMAKE_PREFIX_PATH} LD_LIBRARY_PATH=/home/runner/work/pixi_rosdistro/pixi_rosdistro/install/lib PATH=/home/runner/work/pixi_rosdistro/pixi_rosdistro/install/bin:/opt/microsoft/powershell/7:${PATH} PIXI_PROMPT=(ros2_rolling) PKG_CONFIG_PATH=/home/runner/work/pixi_rosdistro/pixi_rosdistro/install/lib/pkgconfig PSModulePath=/home/runner/.local/share/powershell/Modules:${PSModulePath} PYTHONPATH=/home/runner/work/pixi_rosdistro/pixi_rosdistro/install/lib/python3.14/site-packages ROS_DOMAIN_ID=86 /home/runner/work/pixi_rosdistro/pixi_rosdistro/.pixi/envs/default/bin/cmake --install /home/runner/work/pixi_rosdistro/pixi_rosdistro/build/builtin_interfaces
[30.055s] -- Install configuration: "Release"
[30.055s] -- Installing: /home/runner/work/pixi_rosdistro/pixi_rosdistro/install/share/ament_index/resource_index/rosidl_interfaces/builtin_interfaces
[30.055s] -- Installing: /home/runner/work/pixi_rosdistro/pixi_rosdistro/install/share/builtin_interfaces/msg/Duration.json
[30.056s] -- Installing: /home/runner/work/pixi_rosdistro/pixi_rosdistro/install/share/builtin_interfaces/msg/Time.json
[30.056s] -- Installing: /home/runner/work/pixi_rosdistro/pixi_rosdistro/install/include/builtin_interfaces/builtin_interfaces
[30.056s] -- Installing: /home/runner/work/pixi_rosdistro/pixi_rosdistro/install/include/builtin_interfaces/builtin_interfaces/msg
[30.056s] -- Installing: /home/runner/work/pixi_rosdistro/pixi_rosdistro/install/include/builtin_interfaces/builtin_interfaces/msg/rosidl_generator_c__visibility_control.h
[30.056s] -- Installing: /home/runner/work/pixi_rosdistro/pixi_rosdistro/install/include/builtin_interfaces/builtin_interfaces/msg/time.h
[30.056s] -- Installing: /home/runner/work/pixi_rosdistro/pixi_rosdistro/install/include/builtin_interfaces/builtin_interfaces/msg/detail
[30.056s] -- Installing: /home/runner/work/pixi_rosdistro/pixi_rosdistro/install/include/builtin_interfaces/builtin_interfaces/msg/detail/duration__type_support.c
[30.056s] -- Installing: /home/runner/work/pixi_rosdistro/pixi_rosdistro/install/include/builtin_interfaces/builtin_interfaces/msg/detail/time__struct.h
[30.056s] -- Installing: /home/runner/work/pixi_rosdistro/pixi_rosdistro/install/include/builtin_interfaces/builtin_interfaces/msg/detail/duration__description.c
[30.056s] -- Installing: /home/runner/work/pixi_rosdistro/pixi_rosdistro/install/include/builtin_interfaces/builtin_interfaces/msg/detail/time__type_support.h
[30.057s] -- Installing: /home/runner/work/pixi_rosdistro/pixi_rosdistro/install/include/builtin_interfaces/builtin_interfaces/msg/detail/duration__struct.h
[30.057s] -- Installing: /home/runner/work/pixi_rosdistro/pixi_rosdistro/install/include/builtin_interfaces/builtin_interfaces/msg/detail/duration__functions.h
[30.059s] -- Installing: /home/runner/work/pixi_rosdistro/pixi_rosdistro/install/include/builtin_interfaces/builtin_interfaces/msg/detail/duration__type_support.h
[30.060s] -- Installing: /home/runner/work/pixi_rosdistro/pixi_rosdistro/install/include/builtin_interfaces/builtin_interfaces/msg/detail/time__functions.h
[30.060s] -- Installing: /home/runner/work/pixi_rosdistro/pixi_rosdistro/install/include/builtin_interfaces/builtin_interfaces/msg/detail/time__type_support.c
[30.061s] -- Installing: /home/runner/work/pixi_rosdistro/pixi_rosdistro/install/include/builtin_interfaces/builtin_interfaces/msg/detail/time__description.c
[30.065s] -- Installing: /home/runner/work/pixi_rosdistro/pixi_rosdistro/install/include/builtin_interfaces/builtin_interfaces/msg/detail/time__functions.c
[30.065s] -- Installing: /home/runner/work/pixi_rosdistro/pixi_rosdistro/install/include/builtin_interfaces/builtin_interfaces/msg/detail/duration__functions.c
[30.065s] -- Installing: /home/runner/work/pixi_rosdistro/pixi_rosdistro/install/include/builtin_interfaces/builtin_interfaces/msg/duration.h
[30.065s] -- Installing: /home/runner/work/pixi_rosdistro/pixi_rosdistro/install/share/builtin_interfaces/environment/library_path.sh
[30.065s] -- Installing: /home/runner/work/pixi_rosdistro/pixi_rosdistro/install/share/builtin_interfaces/environment/library_path.dsv
[30.066s] -- Installing: /home/runner/work/pixi_rosdistro/pixi_rosdistro/install/lib/libbuiltin_interfaces__rosidl_generator_c.so
[30.066s] -- Up-to-date: /home/runner/work/pixi_rosdistro/pixi_rosdistro/install/include/builtin_interfaces/builtin_interfaces
[30.066s] -- Up-to-date: /home/runner/work/pixi_rosdistro/pixi_rosdistro/install/include/builtin_interfaces/builtin_interfaces/msg
[30.066s] -- Installing: /home/runner/work/pixi_rosdistro/pixi_rosdistro/install/include/builtin_interfaces/builtin_interfaces/msg/rosidl_typesupport_fastrtps_c__visibility_control.h
[30.070s] -- Up-to-date: /home/runner/work/pixi_rosdistro/pixi_rosdistro/install/include/builtin_interfaces/builtin_interfaces/msg/detail
[30.070s] -- Installing: /home/runner/work/pixi_rosdistro/pixi_rosdistro/install/include/builtin_interfaces/builtin_interfaces/msg/detail/time__rosidl_typesupport_fastrtps_c.h
[30.070s] -- Installing: /home/runner/work/pixi_rosdistro/pixi_rosdistro/install/include/builtin_interfaces/builtin_interfaces/msg/detail/duration__rosidl_typesupport_fastrtps_c.h
[30.070s] -- Installing: /home/runner/work/pixi_rosdistro/pixi_rosdistro/install/lib/libbuiltin_interfaces__rosidl_typesupport_fastrtps_c.so
[30.071s] -- Up-to-date: /home/runner/work/pixi_rosdistro/pixi_rosdistro/install/include/builtin_interfaces/builtin_interfaces
[30.071s] -- Up-to-date: /home/runner/work/pixi_rosdistro/pixi_rosdistro/install/include/builtin_interfaces/builtin_interfaces/msg
[30.071s] -- Installing: /home/runner/work/pixi_rosdistro/pixi_rosdistro/install/include/builtin_interfaces/builtin_interfaces/msg/rosidl_typesupport_introspection_c__visibility_control.h
[30.071s] -- Up-to-date: /home/runner/work/pixi_rosdistro/pixi_rosdistro/install/include/builtin_interfaces/builtin_interfaces/msg/detail
[30.071s] -- Installing: /home/runner/work/pixi_rosdistro/pixi_rosdistro/install/include/builtin_interfaces/builtin_interfaces/msg/detail/duration__type_support.c
[30.071s] -- Installing: /home/runner/work/pixi_rosdistro/pixi_rosdistro/install/include/builtin_interfaces/builtin_interfaces/msg/detail/duration__rosidl_typesupport_introspection_c.h
[30.071s] -- Installing: /home/runner/work/pixi_rosdistro/pixi_rosdistro/install/include/builtin_interfaces/builtin_interfaces/msg/detail/time__type_support.c
[30.071s] -- Installing: /home/runner/work/pixi_rosdistro/pixi_rosdistro/install/include/builtin_interfaces/builtin_interfaces/msg/detail/time__rosidl_typesupport_introspection_c.h
[30.071s] -- Installing: /home/runner/work/pixi_rosdistro/pixi_rosdistro/install/lib/libbuiltin_interfaces__rosidl_typesupport_introspection_c.so
[30.072s] -- Installing: /home/runner/work/pixi_rosdistro/pixi_rosdistro/install/lib/libbuiltin_interfaces__rosidl_typesupport_c.so
[30.072s] -- Up-to-date: /home/runner/work/pixi_rosdistro/pixi_rosdistro/install/include/builtin_interfaces/builtin_interfaces
[30.072s] -- Up-to-date: /home/runner/work/pixi_rosdistro/pixi_rosdistro/install/include/builtin_interfaces/builtin_interfaces/msg
[30.072s] -- Installing: /home/runner/work/pixi_rosdistro/pixi_rosdistro/install/include/builtin_interfaces/builtin_interfaces/msg/duration.hpp
[30.075s] -- Installing: /home/runner/work/pixi_rosdistro/pixi_rosdistro/install/include/builtin_interfaces/builtin_interfaces/msg/time.hpp
[30.076s] -- Installing: /home/runner/work/pixi_rosdistro/pixi_rosdistro/install/include/builtin_interfaces/builtin_interfaces/msg/rosidl_generator_cpp__visibility_control.hpp
[30.076s] -- Up-to-date: /home/runner/work/pixi_rosdistro/pixi_rosdistro/install/include/builtin_interfaces/builtin_interfaces/msg/detail
[30.077s] -- Installing: /home/runner/work/pixi_rosdistro/pixi_rosdistro/install/include/builtin_interfaces/builtin_interfaces/msg/detail/duration__type_support.hpp
[30.077s] -- Installing: /home/runner/work/pixi_rosdistro/pixi_rosdistro/install/include/builtin_interfaces/builtin_interfaces/msg/detail/time__struct.hpp
[30.082s] -- Installing: /home/runner/work/pixi_rosdistro/pixi_rosdistro/install/include/builtin_interfaces/builtin_interfaces/msg/detail/duration__traits.hpp
[30.082s] -- Installing: /home/runner/work/pixi_rosdistro/pixi_rosdistro/install/include/builtin_interfaces/builtin_interfaces/msg/detail/duration__struct.hpp
[30.082s] -- Installing: /home/runner/work/pixi_rosdistro/pixi_rosdistro/install/include/builtin_interfaces/builtin_interfaces/msg/detail/time__type_support.hpp
[30.082s] -- Installing: /home/runner/work/pixi_rosdistro/pixi_rosdistro/install/include/builtin_interfaces/builtin_interfaces/msg/detail/time__builder.hpp
[30.083s] -- Installing: /home/runner/work/pixi_rosdistro/pixi_rosdistro/install/include/builtin_interfaces/builtin_interfaces/msg/detail/duration__builder.hpp
[30.083s] -- Installing: /home/runner/work/pixi_rosdistro/pixi_rosdistro/install/include/builtin_interfaces/builtin_interfaces/msg/detail/time__traits.hpp
[30.083s] -- Up-to-date: /home/runner/work/pixi_rosdistro/pixi_rosdistro/install/include/builtin_interfaces/builtin_interfaces
[30.083s] -- Up-to-date: /home/runner/work/pixi_rosdistro/pixi_rosdistro/install/include/builtin_interfaces/builtin_interfaces/msg
[30.083s] -- Installing: /home/runner/work/pixi_rosdistro/pixi_rosdistro/install/include/builtin_interfaces/builtin_interfaces/msg/rosidl_typesupport_fastrtps_cpp__visibility_control.h
[30.083s] -- Up-to-date: /home/runner/work/pixi_rosdistro/pixi_rosdistro/install/include/builtin_interfaces/builtin_interfaces/msg/detail
[30.083s] -- Installing: /home/runner/work/pixi_rosdistro/pixi_rosdistro/install/include/builtin_interfaces/builtin_interfaces/msg/detail/duration__rosidl_typesupport_fastrtps_cpp.hpp
[30.089s] -- Installing: /home/runner/work/pixi_rosdistro/pixi_rosdistro/install/include/builtin_interfaces/builtin_interfaces/msg/detail/time__rosidl_typesupport_fastrtps_cpp.hpp
[30.089s] -- Installing: /home/runner/work/pixi_rosdistro/pixi_rosdistro/install/include/builtin_interfaces/builtin_interfaces/msg/detail/dds_fastrtps
[30.089s] -- Installing: /home/runner/work/pixi_rosdistro/pixi_rosdistro/install/lib/libbuiltin_interfaces__rosidl_typesupport_fastrtps_cpp.so
[30.089s] -- Up-to-date: /home/runner/work/pixi_rosdistro/pixi_rosdistro/install/include/builtin_interfaces/builtin_interfaces
[30.090s] -- Up-to-date: /home/runner/work/pixi_rosdistro/pixi_rosdistro/install/include/builtin_interfaces/builtin_interfaces/msg
[30.090s] -- Up-to-date: /home/runner/work/pixi_rosdistro/pixi_rosdistro/install/include/builtin_interfaces/builtin_interfaces/msg/detail
[30.090s] -- Installing: /home/runner/work/pixi_rosdistro/pixi_rosdistro/install/include/builtin_interfaces/builtin_interfaces/msg/detail/time__rosidl_typesupport_introspection_cpp.hpp
[30.090s] -- Installing: /home/runner/work/pixi_rosdistro/pixi_rosdistro/install/include/builtin_interfaces/builtin_interfaces/msg/detail/duration__type_support.cpp
[30.090s] -- Installing: /home/runner/work/pixi_rosdistro/pixi_rosdistro/install/include/builtin_interfaces/builtin_interfaces/msg/detail/duration__rosidl_typesupport_introspection_cpp.hpp
[30.090s] -- Installing: /home/runner/work/pixi_rosdistro/pixi_rosdistro/install/include/builtin_interfaces/builtin_interfaces/msg/detail/time__type_support.cpp
[30.090s] -- Installing: /home/runner/work/pixi_rosdistro/pixi_rosdistro/install/lib/libbuiltin_interfaces__rosidl_typesupport_introspection_cpp.so
[30.090s] -- Installing: /home/runner/work/pixi_rosdistro/pixi_rosdistro/install/lib/libbuiltin_interfaces__rosidl_typesupport_cpp.so
[30.090s] -- Installing: /home/runner/work/pixi_rosdistro/pixi_rosdistro/install/share/builtin_interfaces/environment/pythonpath.sh
[30.090s] -- Installing: /home/runner/work/pixi_rosdistro/pixi_rosdistro/install/share/builtin_interfaces/environment/pythonpath.dsv
[30.091s] -- Installing: /home/runner/work/pixi_rosdistro/pixi_rosdistro/install/lib/python3.14/site-packages/builtin_interfaces/builtin_interfaces_s__rosidl_typesupport_fastrtps_c.so
[30.092s] -- Installing: /home/runner/work/pixi_rosdistro/pixi_rosdistro/install/lib/python3.14/site-packages/builtin_interfaces/builtin_interfaces_s__rosidl_typesupport_introspection_c.so
[30.097s] -- Installing: /home/runner/work/pixi_rosdistro/pixi_rosdistro/install/lib/python3.14/site-packages/builtin_interfaces/builtin_interfaces_s__rosidl_typesupport_c.so
[30.097s] -- Installing: /home/runner/work/pixi_rosdistro/pixi_rosdistro/install/lib/libbuiltin_interfaces__rosidl_generator_py.so
[30.098s] -- Installing: /home/runner/work/pixi_rosdistro/pixi_rosdistro/install/share/ament_index/resource_index/rust_packages/builtin_interfaces
[30.098s] -- Installing: /home/runner/work/pixi_rosdistro/pixi_rosdistro/install/share/builtin_interfaces/rust
[30.098s] -- Installing: /home/runner/work/pixi_rosdistro/pixi_rosdistro/install/share/builtin_interfaces/rust/Cargo.toml
[30.098s] -- Installing: /home/runner/work/pixi_rosdistro/pixi_rosdistro/install/share/builtin_interfaces/rust/build.rs
[30.098s] -- Installing: /home/runner/work/pixi_rosdistro/pixi_rosdistro/install/share/builtin_interfaces/rust/src
[30.098s] -- Installing: /home/runner/work/pixi_rosdistro/pixi_rosdistro/install/share/builtin_interfaces/rust/src/msg.rs
[30.098s] -- Installing: /home/runner/work/pixi_rosdistro/pixi_rosdistro/install/share/builtin_interfaces/rust/src/msg
[30.099s] -- Installing: /home/runner/work/pixi_rosdistro/pixi_rosdistro/install/share/builtin_interfaces/rust/src/msg/rmw.rs
[30.099s] -- Installing: /home/runner/work/pixi_rosdistro/pixi_rosdistro/install/share/builtin_interfaces/rust/src/lib.rs
[30.099s] -- Installing: /home/runner/work/pixi_rosdistro/pixi_rosdistro/install/share/builtin_interfaces/msg/Duration.idl
[30.106s] -- Installing: /home/runner/work/pixi_rosdistro/pixi_rosdistro/install/share/builtin_interfaces/msg/Time.idl
[30.106s] -- Installing: /home/runner/work/pixi_rosdistro/pixi_rosdistro/install/share/builtin_interfaces/msg/Duration.msg
[30.106s] -- Installing: /home/runner/work/pixi_rosdistro/pixi_rosdistro/install/share/builtin_interfaces/msg/Time.msg
[30.106s] -- Installing: /home/runner/work/pixi_rosdistro/pixi_rosdistro/install/share/ament_index/resource_index/package_run_dependencies/builtin_interfaces
[30.106s] -- Installing: /home/runner/work/pixi_rosdistro/pixi_rosdistro/install/share/ament_index/resource_index/parent_prefix_path/builtin_interfaces
[30.107s] -- Installing: /home/runner/work/pixi_rosdistro/pixi_rosdistro/install/share/builtin_interfaces/environment/ament_prefix_path.sh
[30.107s] -- Installing: /home/runner/work/pixi_rosdistro/pixi_rosdistro/install/share/builtin_interfaces/environment/ament_prefix_path.dsv
[30.107s] -- Installing: /home/runner/work/pixi_rosdistro/pixi_rosdistro/install/share/builtin_interfaces/environment/path.sh
[30.107s] -- Installing: /home/runner/work/pixi_rosdistro/pixi_rosdistro/install/share/builtin_interfaces/environment/path.dsv
[30.107s] -- Installing: /home/runner/work/pixi_rosdistro/pixi_rosdistro/install/share/builtin_interfaces/local_setup.bash
[30.107s] -- Installing: /home/runner/work/pixi_rosdistro/pixi_rosdistro/install/share/builtin_interfaces/local_setup.fish
[30.107s] -- Installing: /home/runner/work/pixi_rosdistro/pixi_rosdistro/install/share/builtin_interfaces/local_setup.sh
[30.107s] -- Installing: /home/runner/work/pixi_rosdistro/pixi_rosdistro/install/share/builtin_interfaces/local_setup.zsh
[30.107s] -- Installing: /home/runner/work/pixi_rosdistro/pixi_rosdistro/install/share/builtin_interfaces/local_setup.dsv
[30.107s] -- Installing: /home/runner/work/pixi_rosdistro/pixi_rosdistro/install/share/builtin_interfaces/package.dsv
[30.107s] -- Installing: /home/runner/work/pixi_rosdistro/pixi_rosdistro/install/share/ament_index/resource_index/packages/builtin_interfaces
[30.110s] -- Installing: /home/runner/work/pixi_rosdistro/pixi_rosdistro/install/share/builtin_interfaces/cmake/export_builtin_interfaces__rosidl_generator_cExport.cmake
[30.111s] -- Installing: /home/runner/work/pixi_rosdistro/pixi_rosdistro/install/share/builtin_interfaces/cmake/export_builtin_interfaces__rosidl_generator_cExport-release.cmake
[30.111s] -- Installing: /home/runner/work/pixi_rosdistro/pixi_rosdistro/install/share/builtin_interfaces/cmake/export_builtin_interfaces__rosidl_typesupport_fastrtps_cExport.cmake
[30.112s] -- Installing: /home/runner/work/pixi_rosdistro/pixi_rosdistro/install/share/builtin_interfaces/cmake/export_builtin_interfaces__rosidl_typesupport_fastrtps_cExport-release.cmake
[30.117s] -- Installing: /home/runner/work/pixi_rosdistro/pixi_rosdistro/install/share/builtin_interfaces/cmake/builtin_interfaces__rosidl_typesupport_introspection_cExport.cmake
[30.117s] -- Installing: /home/runner/work/pixi_rosdistro/pixi_rosdistro/install/share/builtin_interfaces/cmake/builtin_interfaces__rosidl_typesupport_introspection_cExport-release.cmake
[30.117s] -- Installing: /home/runner/work/pixi_rosdistro/pixi_rosdistro/install/share/builtin_interfaces/cmake/builtin_interfaces__rosidl_typesupport_cExport.cmake
[30.117s] -- Installing: /home/runner/work/pixi_rosdistro/pixi_rosdistro/install/share/builtin_interfaces/cmake/builtin_interfaces__rosidl_typesupport_cExport-release.cmake
[30.118s] -- Installing: /home/runner/work/pixi_rosdistro/pixi_rosdistro/install/share/builtin_interfaces/cmake/export_builtin_interfaces__rosidl_generator_cppExport.cmake
[30.118s] -- Installing: /home/runner/work/pixi_rosdistro/pixi_rosdistro/install/share/builtin_interfaces/cmake/export_builtin_interfaces__rosidl_typesupport_fastrtps_cppExport.cmake
[30.118s] -- Installing: /home/runner/work/pixi_rosdistro/pixi_rosdistro/install/share/builtin_interfaces/cmake/export_builtin_interfaces__rosidl_typesupport_fastrtps_cppExport-release.cmake
[30.118s] -- Installing: /home/runner/work/pixi_rosdistro/pixi_rosdistro/install/share/builtin_interfaces/cmake/builtin_interfaces__rosidl_typesupport_introspection_cppExport.cmake
[30.124s] -- Installing: /home/runner/work/pixi_rosdistro/pixi_rosdistro/install/share/builtin_interfaces/cmake/builtin_interfaces__rosidl_typesupport_introspection_cppExport-release.cmake
[30.124s] -- Installing: /home/runner/work/pixi_rosdistro/pixi_rosdistro/install/share/builtin_interfaces/cmake/builtin_interfaces__rosidl_typesupport_cppExport.cmake
[30.124s] -- Installing: /home/runner/work/pixi_rosdistro/pixi_rosdistro/install/share/builtin_interfaces/cmake/builtin_interfaces__rosidl_typesupport_cppExport-release.cmake
[30.124s] -- Installing: /home/runner/work/pixi_rosdistro/pixi_rosdistro/install/share/builtin_interfaces/cmake/export_builtin_interfaces__rosidl_generator_pyExport.cmake
[30.124s] -- Installing: /home/runner/work/pixi_rosdistro/pixi_rosdistro/install/share/builtin_interfaces/cmake/export_builtin_interfaces__rosidl_generator_pyExport-release.cmake
[30.125s] -- Installing: /home/runner/work/pixi_rosdistro/pixi_rosdistro/install/lib/python3.14/site-packages/builtin_interfaces-2.4.3-py3.14.egg-info
[30.125s] -- Installing: /home/runner/work/pixi_rosdistro/pixi_rosdistro/install/lib/python3.14/site-packages/builtin_interfaces-2.4.3-py3.14.egg-info/dependency_links.txt
[30.125s] -- Installing: /home/runner/work/pixi_rosdistro/pixi_rosdistro/install/lib/python3.14/site-packages/builtin_interfaces-2.4.3-py3.14.egg-info/top_level.txt
[30.125s] -- Installing: /home/runner/work/pixi_rosdistro/pixi_rosdistro/install/lib/python3.14/site-packages/builtin_interfaces-2.4.3-py3.14.egg-info/PKG-INFO
[30.125s] -- Installing: /home/runner/work/pixi_rosdistro/pixi_rosdistro/install/lib/python3.14/site-packages/builtin_interfaces-2.4.3-py3.14.egg-info/SOURCES.txt
[30.125s] -- Up-to-date: /home/runner/work/pixi_rosdistro/pixi_rosdistro/install/lib/python3.14/site-packages/builtin_interfaces
[30.125s] -- Installing: /home/runner/work/pixi_rosdistro/pixi_rosdistro/install/lib/python3.14/site-packages/builtin_interfaces/_builtin_interfaces_s.ep.rosidl_typesupport_introspection_c.c
[30.125s] -- Installing: /home/runner/work/pixi_rosdistro/pixi_rosdistro/install/lib/python3.14/site-packages/builtin_interfaces/__init__.py
[30.125s] -- Installing: /home/runner/work/pixi_rosdistro/pixi_rosdistro/install/lib/python3.14/site-packages/builtin_interfaces/msg
[30.125s] -- Installing: /home/runner/work/pixi_rosdistro/pixi_rosdistro/install/lib/python3.14/site-packages/builtin_interfaces/msg/__init__.py
[30.126s] -- Installing: /home/runner/work/pixi_rosdistro/pixi_rosdistro/install/lib/python3.14/site-packages/builtin_interfaces/msg/_time_s.c
[30.126s] -- Installing: /home/runner/work/pixi_rosdistro/pixi_rosdistro/install/lib/python3.14/site-packages/builtin_interfaces/msg/_time.py
[30.127s] -- Installing: /home/runner/work/pixi_rosdistro/pixi_rosdistro/install/lib/python3.14/site-packages/builtin_interfaces/msg/_duration.py
[30.127s] -- Installing: /home/runner/work/pixi_rosdistro/pixi_rosdistro/install/lib/python3.14/site-packages/builtin_interfaces/msg/_duration_s.c
[30.133s] -- Up-to-date: /home/runner/work/pixi_rosdistro/pixi_rosdistro/install/lib/python3.14/site-packages/builtin_interfaces/builtin_interfaces_s__rosidl_typesupport_introspection_c.so
[30.133s] -- Installing: /home/runner/work/pixi_rosdistro/pixi_rosdistro/install/lib/python3.14/site-packages/builtin_interfaces/py.typed
[30.133s] -- Up-to-date: /home/runner/work/pixi_rosdistro/pixi_rosdistro/install/lib/python3.14/site-packages/builtin_interfaces/builtin_interfaces_s__rosidl_typesupport_c.so
[30.133s] -- Installing: /home/runner/work/pixi_rosdistro/pixi_rosdistro/install/lib/python3.14/site-packages/builtin_interfaces/_builtin_interfaces_s.ep.rosidl_typesupport_c.c
[30.134s] -- Installing: /home/runner/work/pixi_rosdistro/pixi_rosdistro/install/lib/python3.14/site-packages/builtin_interfaces/_builtin_interfaces_s.ep.rosidl_typesupport_fastrtps_c.c
[30.134s] -- Up-to-date: /home/runner/work/pixi_rosdistro/pixi_rosdistro/install/lib/python3.14/site-packages/builtin_interfaces/builtin_interfaces_s__rosidl_typesupport_fastrtps_c.so
[30.330s] Listing '/home/runner/work/pixi_rosdistro/pixi_rosdistro/install/lib/python3.14/site-packages/builtin_interfaces'...
[30.331s] Compiling '/home/runner/work/pixi_rosdistro/pixi_rosdistro/install/lib/python3.14/site-packages/builtin_interfaces/__init__.py'...
[30.331s] Listing '/home/runner/work/pixi_rosdistro/pixi_rosdistro/install/lib/python3.14/site-packages/builtin_interfaces/msg'...
[30.331s] Compiling '/home/runner/work/pixi_rosdistro/pixi_rosdistro/install/lib/python3.14/site-packages/builtin_interfaces/msg/__init__.py'...
[30.331s] Compiling '/home/runner/work/pixi_rosdistro/pixi_rosdistro/install/lib/python3.14/site-packages/builtin_interfaces/msg/_duration.py'...
[30.331s] Compiling '/home/runner/work/pixi_rosdistro/pixi_rosdistro/install/lib/python3.14/site-packages/builtin_interfaces/msg/_time.py'...
[30.390s] -- Installing: /home/runner/work/pixi_rosdistro/pixi_rosdistro/install/share/builtin_interfaces/cmake/rosidl_cmake-extras.cmake
[30.390s] -- Installing: /home/runner/work/pixi_rosdistro/pixi_rosdistro/install/share/builtin_interfaces/cmake/ament_cmake_export_include_directories-extras.cmake
[30.390s] -- Installing: /home/runner/work/pixi_rosdistro/pixi_rosdistro/install/share/builtin_interfaces/cmake/ament_cmake_export_libraries-extras.cmake
[30.390s] -- Installing: /home/runner/work/pixi_rosdistro/pixi_rosdistro/install/share/builtin_interfaces/cmake/ament_cmake_export_targets-extras.cmake
[30.391s] -- Installing: /home/runner/work/pixi_rosdistro/pixi_rosdistro/install/share/builtin_interfaces/cmake/rosidl_cmake_export_typesupport_targets-extras.cmake
[30.391s] -- Installing: /home/runner/work/pixi_rosdistro/pixi_rosdistro/install/share/builtin_interfaces/cmake/ament_cmake_export_dependencies-extras.cmake
[30.391s] -- Installing: /home/runner/work/pixi_rosdistro/pixi_rosdistro/install/share/builtin_interfaces/cmake/rosidl_cmake_export_typesupport_libraries-extras.cmake
[30.391s] -- Installing: /home/runner/work/pixi_rosdistro/pixi_rosdistro/install/share/builtin_interfaces/cmake/rosidl_cmake_aggregate_target-extras.cmake
[30.391s] -- Installing: /home/runner/work/pixi_rosdistro/pixi_rosdistro/install/share/builtin_interfaces/cmake/builtin_interfacesConfig.cmake
[30.391s] -- Installing: /home/runner/work/pixi_rosdistro/pixi_rosdistro/install/share/builtin_interfaces/cmake/builtin_interfacesConfig-version.cmake
[30.391s] -- Installing: /home/runner/work/pixi_rosdistro/pixi_rosdistro/install/share/builtin_interfaces/package.xml
[30.399s] Invoked command in '/home/runner/work/pixi_rosdistro/pixi_rosdistro/build/builtin_interfaces' returned '0': AMENT_PREFIX_PATH=/home/runner/work/pixi_rosdistro/pixi_rosdistro/install CMAKE_PREFIX_PATH=/home/runner/work/pixi_rosdistro/pixi_rosdistro/install:${CMAKE_PREFIX_PATH} LD_LIBRARY_PATH=/home/runner/work/pixi_rosdistro/pixi_rosdistro/install/lib PATH=/home/runner/work/pixi_rosdistro/pixi_rosdistro/install/bin:/opt/microsoft/powershell/7:${PATH} PIXI_PROMPT=(ros2_rolling) PKG_CONFIG_PATH=/home/runner/work/pixi_rosdistro/pixi_rosdistro/install/lib/pkgconfig PSModulePath=/home/runner/.local/share/powershell/Modules:${PSModulePath} PYTHONPATH=/home/runner/work/pixi_rosdistro/pixi_rosdistro/install/lib/python3.14/site-packages ROS_DOMAIN_ID=86 /home/runner/work/pixi_rosdistro/pixi_rosdistro/.pixi/envs/default/bin/cmake --install /home/runner/work/pixi_rosdistro/pixi_rosdistro/build/builtin_interfaces
